[STAGEH_TARGETEDRECOVERY_ANCHOR2_CORE5_SETTING_HEADER]
run_phase=P23_SH_C16_MSASREC_XFER_FOURSQUARE_FAD_H3_R1_C2_PASS3_MINI_S1 run_id=SH_RETAIL_ROCKET_SASREC_XFER_FOURSQUARE_FAD_H3_R1_C2_PASS3_MINI_S1 phase_id=P23 axis_id=SH model=SASRec candidate_id=XFER_foursquare_FAD_H3_R1_C2_PASS3_MINI seed=1
dataset=retail_rocket gpu=2 order=0 candidate_source=stageh_screen_variant source_stage=Final_all_datasets_variant transfer_from_dataset=foursquare
max_evals=5 tune_epochs=34 tune_patience=5
seed=230246

[COMMAND]
- /venv/FMoE/bin/python hyperopt_tune.py --config-name tune_rr --max-evals 5 --tune-epochs 34 --tune-patience 5 --seed 230246 --run-group baseline --run-axis StageH_TargetedRecovery_anchor2_core5 --run-phase P23_SH_C16_MSASREC_XFER_FOURSQUARE_FAD_H3_R1_C2_PASS3_MINI_S1 model=sasrec dataset=retail_rocket eval_mode=session_fixed feature_mode=full_v3 gpu_id=2 log_wandb=false show_progress=false ++special_logging=true ++seed=230246 ++search={learning_rate:[0.00015392400042766975,0.0005215848155291961]} ++search_space_type_overrides={learning_rate:"loguniform"} ++weight_decay=0.0002 ++search.weight_decay=[0.0002] ++search_space_type_overrides.weight_decay=choice ++search.n_layers=[1] ++search_space_type_overrides.n_layers=choice ++search.num_layers=[1] ++search_space_type_overrides.num_layers=choice ++search.n_heads=[4] ++search_space_type_overrides.n_heads=choice ++search.num_heads=[4] ++search_space_type_overrides.num_heads=choice ++search.dropout_ratio=[0.10999999999999999] ++search_space_type_overrides.dropout_ratio=choice ++search.dropout_prob=[0.10999999999999999] ++search_space_type_overrides.dropout_prob=choice ++search.hidden_dropout_prob=[0.10999999999999999] ++search_space_type_overrides.hidden_dropout_prob=choice ++search.attn_dropout_prob=[0.10999999999999999] ++search_space_type_overrides.attn_dropout_prob=choice ++search.hidden_size=[80] ++search_space_type_overrides.hidden_size=choice ++search.embedding_size=[80] ++search_space_type_overrides.embedding_size=choice ++search.inner_size=[160] ++search_space_type_overrides.inner_size=choice ++search.time_span=[512] ++search_space_type_overrides.time_span=choice ++search.num_experts=[8] ++search_space_type_overrides.num_experts=choice ++search.state_size=[32] ++search_space_type_overrides.state_size=choice ++search.conv_kernel=[8] ++search_space_type_overrides.conv_kernel=choice ++search.remaining_ratio=[0.7] ++search_space_type_overrides.remaining_ratio=choice ++search.MAX_ITEM_LIST_LENGTH=[10] ++search_space_type_overrides.MAX_ITEM_LIST_LENGTH=choice ++dropout_ratio=0.10999999999999999 ++train_batch_size=5120 ++eval_batch_size=6144 ++hidden_size=80 ++embedding_size=80 ++MAX_ITEM_LIST_LENGTH=10 ++n_layers=1 ++num_layers=1 ++n_heads=4 ++num_heads=4 ++inner_size=160
/venv/FMoE/lib/python3.10/site-packages/ray/_private/parameter.py:4: UserWarning: pkg_resources is deprecated as an API. See https://setuptools.pypa.io/en/latest/pkg_resources.html. The pkg_resources package is slated for removal as early as 2025-11-30. Refrain from using this package or pin to Setuptools<81.
  import pkg_resources
[RUN_STATUS] START pid=53681 ts=2026-04-12T04:13:39

=================================================================
  Hyperopt TPE  |  SASRec x retail_rocket
  max_evals=5  epochs=34  patience=5  wandb=off
  batch_size(train/valid/test)=5120/6144/6144
  track=baseline  axis=stageh_targetedrecovery_anchor2_core5  phase=P23_SH_C16_MSASREC_XFER_FOURSQUARE_FAD_H3_R1_C2_PASS3_MINI_S1
=================================================================
Changed knobs: learning_rate
Tuned params(len>1): 1  (~1 discrete combos)
Tuned groups: 1
  [optimization]
    learning_rate                   [0.00015392400042766975, 0.0005215848155291961]  -> loguniform
Fixed params(singleton/non-list): 18
Fixed groups: 18
  [optimization]
    hidden_dropout_prob             0.10999999999999999                     
    weight_decay                    0.0002                                  
  [model_core]
    attn_dropout_prob               0.10999999999999999                     
    dropout_prob                    0.10999999999999999                     
    dropout_ratio                   0.10999999999999999                     
    embedding_size                  80                                      
    hidden_size                     80                                      
    inner_size                      160                                     
    num_heads                       4                                       
    num_layers                      1                                       
  [other]
    MAX_ITEM_LIST_LENGTH            10                                      
    conv_kernel                     8                                       
    n_heads                         4                                       
    n_layers                        1                                       
    num_experts                     8                                       
    remaining_ratio                 0.7                                     
    state_size                      32                                      
    time_span                       512                                     

[Wandb] disabled for this hyperopt run

[1/5] learning_rate=0.0002749
  -> MRR@20=0.126000  best=0.126000  (early_stop@6, trial=38s, avg=58s/trial, total=58s, ETA=3.9min)
[TRIAL_METRICS] cur_best_mrr20=0.126000 cur_best_hr10=0.173500 cur_test_mrr20=0.127100 cur_test_hr10=0.174700 run_best_mrr20=0.126000 run_best_hr10=0.173500 run_test_mrr20=0.127100 run_test_hr10=0.174700

[2/5] learning_rate=0.0004006
  -> MRR@20=0.225900  best=0.225900  (full@34, trial=3.6min, avg=2.3min/trial, total=4.6min, ETA=6.9min)
[TRIAL_METRICS] cur_best_mrr20=0.225900 cur_best_hr10=0.377300 cur_test_mrr20=0.226600 cur_test_hr10=0.378500 run_best_mrr20=0.225900 run_best_hr10=0.377300 run_test_mrr20=0.226600 run_test_hr10=0.378500

[3/5] learning_rate=0.0002472
  -> MRR@20=0.147900  best=0.225900  (early_stop@6, trial=42s, avg=1.8min/trial, total=5.3min, ETA=3.5min)
[TRIAL_METRICS] cur_best_mrr20=0.147900 cur_best_hr10=0.192400 cur_test_mrr20=0.149700 cur_test_hr10=0.195700 run_best_mrr20=0.225900 run_best_hr10=0.377300 run_test_mrr20=0.226600 run_test_hr10=0.378500

[4/5] learning_rate=0.0003102
  -> MRR@20=0.103400  best=0.225900  (early_stop@6, trial=40s, avg=1.5min/trial, total=6.0min, ETA=1.5min)
[TRIAL_METRICS] cur_best_mrr20=0.103400 cur_best_hr10=0.149200 cur_test_mrr20=0.104300 cur_test_hr10=0.148400 run_best_mrr20=0.225900 run_best_hr10=0.377300 run_test_mrr20=0.226600 run_test_hr10=0.378500

[5/5] learning_rate=0.0004921
  -> MRR@20=0.233400  best=0.233400  (full@34, trial=3.7min, avg=1.9min/trial, total=9.7min, ETA=0s)
[TRIAL_METRICS] cur_best_mrr20=0.233400 cur_best_hr10=0.385500 cur_test_mrr20=0.233500 cur_test_hr10=0.386700 run_best_mrr20=0.233400 run_best_hr10=0.385500 run_test_mrr20=0.233500 run_test_hr10=0.386700

=================================================================
  DONE  |  SASRec x retail_rocket
  Best MRR@20 = 0.233400  |  5/5 trials OK
  Best HR@10  = 0.385500
  Test MRR@20 = 0.233500  (best-valid checkpoint)
  Test HR@10  = 0.386700  (best-valid checkpoint)
[RUN_METRICS] best_valid_mrr20=0.233400 best_valid_hr10=0.385500 test_mrr20=0.233500 test_hr10=0.386700
  Total time: 9.7 min
  Best params:
    learning_rate: 0.000492133
  Results -> /workspace/FeaturedMoE/experiments/run/artifacts/results/baseline/retail_rocket_SASRec_p23_sh_c16_msasrec_xfer_foursquare_fad_h3_r1_c2_pass3_mini_s1_20260412_041339_313208_pid53681.json
  Normal mirror -> /workspace/FeaturedMoE/experiments/run/artifacts/results/baseline/normal/stageh_targetedrecovery_anchor2_core5/P23/retail_rocket/SASRec/retail_rocket_SASRec_p23_sh_c16_msasrec_xfer_foursquare_fad_h3_r1_c2_pass3_mini_s1_20260412_041339_313208_pid53681.json
  Special result -> /workspace/FeaturedMoE/experiments/run/artifacts/results/baseline/special/stageh_targetedrecovery_anchor2_core5/P23/retail_rocket/SASRec/retail_rocket_SASRec_p23_sh_c16_msasrec_xfer_foursquare_fad_h3_r1_c2_pass3_mini_s1_20260412_041339_313208_pid53681_special_metrics.json
  Special log -> /workspace/FeaturedMoE/experiments/run/artifacts/logs/baseline/special/stageh_targetedrecovery_anchor2_core5/P23/retail_rocket/SASRec/retail_rocket_SASRec_p23_sh_c16_msasrec_xfer_foursquare_fad_h3_r1_c2_pass3_mini_s1_20260412_041339_313208_pid53681_special_metrics.json
=================================================================

[RUN_STATUS] END status=normal pid=53681 start=2026-04-12T04:13:39 end=2026-04-12T04:23:18
