[STAGEH_TARGETEDRECOVERY_ANCHOR2_CORE5_SETTING_HEADER]
run_phase=P23_SH_C17_MGRU4REC_RR_GRU_STAGEH_REC1_LRHI_S1 run_id=SH_RETAIL_ROCKET_GRU4REC_RR_GRU_STAGEH_REC1_LRHI_S1 phase_id=P23 axis_id=SH model=GRU4Rec candidate_id=RR_GRU_STAGEH_REC1_LRHI seed=1
dataset=retail_rocket gpu=2 order=0 candidate_source=stageh_screen_variant source_stage=stageh_manual_bank_variant transfer_from_dataset=retail_rocket
max_evals=6 tune_epochs=40 tune_patience=5
seed=230274

[COMMAND]
- /venv/FMoE/bin/python hyperopt_tune.py --config-name tune_rr --max-evals 6 --tune-epochs 40 --tune-patience 5 --seed 230274 --run-group baseline --run-axis StageH_TargetedRecovery_anchor2_core5 --run-phase P23_SH_C17_MGRU4REC_RR_GRU_STAGEH_REC1_LRHI_S1 model=gru4rec dataset=retail_rocket eval_mode=session_fixed feature_mode=full_v3 gpu_id=2 log_wandb=false show_progress=false ++special_logging=true ++seed=230274 ++search={learning_rate:[0.0034972389109124364,0.009829400000000002]} ++search_space_type_overrides={learning_rate:"loguniform"} ++weight_decay=2.5e-05 ++search.weight_decay=[2.5e-05] ++search_space_type_overrides.weight_decay=choice ++search.n_layers=[2] ++search_space_type_overrides.n_layers=choice ++search.num_layers=[2] ++search_space_type_overrides.num_layers=choice ++search.n_heads=[4] ++search_space_type_overrides.n_heads=choice ++search.num_heads=[4] ++search_space_type_overrides.num_heads=choice ++search.dropout_ratio=[0.03] ++search_space_type_overrides.dropout_ratio=choice ++search.dropout_prob=[0.03] ++search_space_type_overrides.dropout_prob=choice ++search.hidden_dropout_prob=[0.03] ++search_space_type_overrides.hidden_dropout_prob=choice ++search.attn_dropout_prob=[0.03] ++search_space_type_overrides.attn_dropout_prob=choice ++search.hidden_size=[192] ++search_space_type_overrides.hidden_size=choice ++search.embedding_size=[192] ++search_space_type_overrides.embedding_size=choice ++search.inner_size=[288] ++search_space_type_overrides.inner_size=choice ++search.time_span=[384] ++search_space_type_overrides.time_span=choice ++search.num_experts=[6] ++search_space_type_overrides.num_experts=choice ++search.state_size=[24] ++search_space_type_overrides.state_size=choice ++search.conv_kernel=[6] ++search_space_type_overrides.conv_kernel=choice ++search.remaining_ratio=[0.6] ++search_space_type_overrides.remaining_ratio=choice ++search.MAX_ITEM_LIST_LENGTH=[10] ++search_space_type_overrides.MAX_ITEM_LIST_LENGTH=choice ++dropout_prob=0.03 ++train_batch_size=9011 ++eval_batch_size=10813 ++hidden_size=192 ++embedding_size=192 ++MAX_ITEM_LIST_LENGTH=10 ++num_layers=2
/venv/FMoE/lib/python3.10/site-packages/ray/_private/parameter.py:4: UserWarning: pkg_resources is deprecated as an API. See https://setuptools.pypa.io/en/latest/pkg_resources.html. The pkg_resources package is slated for removal as early as 2025-11-30. Refrain from using this package or pin to Setuptools<81.
  import pkg_resources
[RUN_STATUS] START pid=50384 ts=2026-04-12T03:45:11

=================================================================
  Hyperopt TPE  |  GRU4Rec x retail_rocket
  max_evals=6  epochs=40  patience=5  wandb=off
  batch_size(train/valid/test)=9011/10813/10813
  track=baseline  axis=stageh_targetedrecovery_anchor2_core5  phase=P23_SH_C17_MGRU4REC_RR_GRU_STAGEH_REC1_LRHI_S1
=================================================================
Changed knobs: learning_rate
Tuned params(len>1): 1  (~1 discrete combos)
Tuned groups: 1
  [optimization]
    learning_rate                   [0.0034972389109124364, 0.009829400000000002]  -> loguniform
Fixed params(singleton/non-list): 18
Fixed groups: 18
  [optimization]
    hidden_dropout_prob             0.03                                    
    weight_decay                    2.5e-05                                 
  [model_core]
    attn_dropout_prob               0.03                                    
    dropout_prob                    0.03                                    
    dropout_ratio                   0.03                                    
    embedding_size                  192                                     
    hidden_size                     192                                     
    inner_size                      288                                     
    num_heads                       4                                       
    num_layers                      2                                       
  [other]
    MAX_ITEM_LIST_LENGTH            10                                      
    conv_kernel                     6                                       
    n_heads                         4                                       
    n_layers                        2                                       
    num_experts                     6                                       
    remaining_ratio                 0.6                                     
    state_size                      24                                      
    time_span                       384                                     

[Wandb] disabled for this hyperopt run

[1/6] learning_rate=0.008539
  -> MRR@20=0.222200  best=0.222200  (early_stop@13, trial=1.8min, avg=2.2min/trial, total=2.2min, ETA=10.8min)
[TRIAL_METRICS] cur_best_mrr20=0.222200 cur_best_hr10=0.361400 cur_test_mrr20=0.222200 cur_test_hr10=0.363200 run_best_mrr20=0.222200 run_best_hr10=0.361400 run_test_mrr20=0.222200 run_test_hr10=0.363200

[2/6] learning_rate=0.009152
  -> MRR@20=0.223500  best=0.223500  (early_stop@15, trial=1.9min, avg=2.0min/trial, total=4.1min, ETA=8.2min)
[TRIAL_METRICS] cur_best_mrr20=0.223500 cur_best_hr10=0.360800 cur_test_mrr20=0.222700 cur_test_hr10=0.360100 run_best_mrr20=0.223500 run_best_hr10=0.360800 run_test_mrr20=0.222700 run_test_hr10=0.360100

[3/6] learning_rate=0.004995
  -> MRR@20=0.214000  best=0.223500  (early_stop@15, trial=1.9min, avg=2.0min/trial, total=6.0min, ETA=6.0min)
[TRIAL_METRICS] cur_best_mrr20=0.214000 cur_best_hr10=0.357200 cur_test_mrr20=0.215000 cur_test_hr10=0.353900 run_best_mrr20=0.223500 run_best_hr10=0.360800 run_test_mrr20=0.222700 run_test_hr10=0.360100

[4/6] learning_rate=0.004021
  -> MRR@20=0.211000  best=0.223500  (early_stop@16, trial=2.0min, avg=2.0min/trial, total=8.1min, ETA=4.0min)
[TRIAL_METRICS] cur_best_mrr20=0.211000 cur_best_hr10=0.348300 cur_test_mrr20=0.212900 cur_test_hr10=0.350200 run_best_mrr20=0.223500 run_best_hr10=0.360800 run_test_mrr20=0.222700 run_test_hr10=0.360100

[5/6] learning_rate=0.005023
  -> MRR@20=0.214900  best=0.223500  (early_stop@15, trial=1.9min, avg=2.0min/trial, total=10.0min, ETA=2.0min)
[TRIAL_METRICS] cur_best_mrr20=0.214900 cur_best_hr10=0.358700 cur_test_mrr20=0.217700 cur_test_hr10=0.356600 run_best_mrr20=0.223500 run_best_hr10=0.360800 run_test_mrr20=0.222700 run_test_hr10=0.360100

[6/6] learning_rate=0.009785
  -> MRR@20=0.223200  best=0.223500  (early_stop@15, trial=1.9min, avg=2.0min/trial, total=11.9min, ETA=0s)
[TRIAL_METRICS] cur_best_mrr20=0.223200 cur_best_hr10=0.360800 cur_test_mrr20=0.222700 cur_test_hr10=0.357200 run_best_mrr20=0.223500 run_best_hr10=0.360800 run_test_mrr20=0.222700 run_test_hr10=0.360100

=================================================================
  DONE  |  GRU4Rec x retail_rocket
  Best MRR@20 = 0.223500  |  6/6 trials OK
  Best HR@10  = 0.360800
  Test MRR@20 = 0.222700  (best-valid checkpoint)
  Test HR@10  = 0.360100  (best-valid checkpoint)
[RUN_METRICS] best_valid_mrr20=0.223500 best_valid_hr10=0.360800 test_mrr20=0.222700 test_hr10=0.360100
  Total time: 11.9 min
  Best params:
    learning_rate: 0.00915168
  Results -> /workspace/FeaturedMoE/experiments/run/artifacts/results/baseline/retail_rocket_GRU4Rec_p23_sh_c17_mgru4rec_rr_gru_stageh_rec1_lrhi_s1_20260412_034511_370258_pid50384.json
  Normal mirror -> /workspace/FeaturedMoE/experiments/run/artifacts/results/baseline/normal/stageh_targetedrecovery_anchor2_core5/P23/retail_rocket/GRU4Rec/retail_rocket_GRU4Rec_p23_sh_c17_mgru4rec_rr_gru_stageh_rec1_lrhi_s1_20260412_034511_370258_pid50384.json
  Special result -> /workspace/FeaturedMoE/experiments/run/artifacts/results/baseline/special/stageh_targetedrecovery_anchor2_core5/P23/retail_rocket/GRU4Rec/retail_rocket_GRU4Rec_p23_sh_c17_mgru4rec_rr_gru_stageh_rec1_lrhi_s1_20260412_034511_370258_pid50384_special_metrics.json
  Special log -> /workspace/FeaturedMoE/experiments/run/artifacts/logs/baseline/special/stageh_targetedrecovery_anchor2_core5/P23/retail_rocket/GRU4Rec/retail_rocket_GRU4Rec_p23_sh_c17_mgru4rec_rr_gru_stageh_rec1_lrhi_s1_20260412_034511_370258_pid50384_special_metrics.json
=================================================================

[RUN_STATUS] END status=normal pid=50384 start=2026-04-12T03:45:11 end=2026-04-12T03:57:06
