[STAGEG_CROSS6X9_ANCHOR2_CORE5_SETTING_HEADER]
run_phase=P22_SG_D05_M03_C02_TISASREC_XFER_AMAZON_BEAUTY_FAD_H2_R1_C1_S3 run_id=SG_RETAIL_ROCKET_TISASREC_XFER_AMAZON_BEAUTY_FAD_H2_R1_C1_S3 phase_id=P22 axis_id=SG model=TiSASRec candidate_id=XFER_amazon_beauty_FAD_H2_R1_C1 seed=3
dataset=retail_rocket gpu=5 order=0 candidate_source=final_transfer source_stage=Final_all_datasets transfer_from_dataset=amazon_beauty
max_evals=6 tune_epochs=44 tune_patience=6
seed=220017

[COMMAND]
- /venv/FMoE/bin/python hyperopt_tune.py --config-name tune_rr --max-evals 6 --tune-epochs 44 --tune-patience 6 --seed 220017 --run-group baseline --run-axis StageG_Cross6x9_anchor2_core5 --run-phase P22_SG_D05_M03_C02_TISASREC_XFER_AMAZON_BEAUTY_FAD_H2_R1_C1_S3 model=tisasrec dataset=retail_rocket eval_mode=session_fixed feature_mode=full_v3 gpu_id=5 log_wandb=false show_progress=false ++special_logging=true ++seed=220017 ++search={learning_rate:[0.0003601559820924718,0.0004684529520141168]} ++search_space_type_overrides={learning_rate:"loguniform"} ++weight_decay=0.00015 ++search.weight_decay=[0.00015] ++search_space_type_overrides.weight_decay=choice ++search.n_layers=[2] ++search_space_type_overrides.n_layers=choice ++search.num_layers=[2] ++search_space_type_overrides.num_layers=choice ++search.n_heads=[4] ++search_space_type_overrides.n_heads=choice ++search.num_heads=[4] ++search_space_type_overrides.num_heads=choice ++search.dropout_ratio=[0.12] ++search_space_type_overrides.dropout_ratio=choice ++search.dropout_prob=[0.12] ++search_space_type_overrides.dropout_prob=choice ++search.hidden_dropout_prob=[0.12] ++search_space_type_overrides.hidden_dropout_prob=choice ++search.attn_dropout_prob=[0.12] ++search_space_type_overrides.attn_dropout_prob=choice ++search.hidden_size=[144] ++search_space_type_overrides.hidden_size=choice ++search.embedding_size=[144] ++search_space_type_overrides.embedding_size=choice ++search.inner_size=[288] ++search_space_type_overrides.inner_size=choice ++search.time_span=[320] ++search_space_type_overrides.time_span=choice ++search.num_experts=[6] ++search_space_type_overrides.num_experts=choice ++search.state_size=[24] ++search_space_type_overrides.state_size=choice ++search.conv_kernel=[6] ++search_space_type_overrides.conv_kernel=choice ++search.remaining_ratio=[0.6] ++search_space_type_overrides.remaining_ratio=choice ++search.MAX_ITEM_LIST_LENGTH=[5] ++search_space_type_overrides.MAX_ITEM_LIST_LENGTH=choice ++dropout_ratio=0.12 ++train_batch_size=768 ++eval_batch_size=1024 ++hidden_size=144 ++embedding_size=144 ++MAX_ITEM_LIST_LENGTH=5 ++n_layers=2 ++num_layers=2 ++n_heads=4 ++num_heads=4 ++inner_size=288 ++time_span=320
/venv/FMoE/lib/python3.10/site-packages/ray/_private/parameter.py:4: UserWarning: pkg_resources is deprecated as an API. See https://setuptools.pypa.io/en/latest/pkg_resources.html. The pkg_resources package is slated for removal as early as 2025-11-30. Refrain from using this package or pin to Setuptools<81.
  import pkg_resources
[RUN_STATUS] START pid=385626 ts=2026-04-08T10:17:35

=================================================================
  Hyperopt TPE  |  TiSASRec x retail_rocket
  max_evals=6  epochs=44  patience=6  wandb=off
  batch_size(train/valid/test)=768/1024/1024
  track=baseline  axis=stageg_cross6x9_anchor2_core5  phase=P22_SG_D05_M03_C02_TISASREC_XFER_AMAZON_BEAUTY_FAD_H2_R1_C1_S3
=================================================================
Changed knobs: learning_rate
Tuned params(len>1): 1  (~1 discrete combos)
Tuned groups: 1
  [optimization]
    learning_rate                   [0.0003601559820924718, 0.0004684529520141168]  -> loguniform
Fixed params(singleton/non-list): 18
Fixed groups: 18
  [optimization]
    hidden_dropout_prob             0.12                                    
    weight_decay                    0.00015                                 
  [model_core]
    attn_dropout_prob               0.12                                    
    dropout_prob                    0.12                                    
    dropout_ratio                   0.12                                    
    embedding_size                  144                                     
    hidden_size                     144                                     
    inner_size                      288                                     
    num_heads                       4                                       
    num_layers                      2                                       
  [other]
    MAX_ITEM_LIST_LENGTH            5                                       
    conv_kernel                     6                                       
    n_heads                         4                                       
    n_layers                        2                                       
    num_experts                     6                                       
    remaining_ratio                 0.6                                     
    state_size                      24                                      
    time_span                       320                                     

[Wandb] disabled for this hyperopt run

[1/6] learning_rate=0.0004305
  -> MRR@20=0.259500  best=0.259500  (early_stop@16, trial=4.0min, avg=4.4min/trial, total=4.4min, ETA=22.2min)
[TRIAL_METRICS] cur_best_mrr20=0.259500 cur_best_hr10=0.421100 cur_test_mrr20=0.263000 cur_test_hr10=0.423400 run_best_mrr20=0.259500 run_best_hr10=0.421100 run_test_mrr20=0.263000 run_test_hr10=0.423400

[2/6] learning_rate=0.0004015
  -> MRR@20=0.258900  best=0.259500  (early_stop@16, trial=4.2min, avg=4.3min/trial, total=8.7min, ETA=17.4min)
[TRIAL_METRICS] cur_best_mrr20=0.258900 cur_best_hr10=0.419400 cur_test_mrr20=0.262500 cur_test_hr10=0.422600 run_best_mrr20=0.259500 run_best_hr10=0.421100 run_test_mrr20=0.263000 run_test_hr10=0.423400

[3/6] learning_rate=0.0004041
  -> MRR@20=0.258900  best=0.259500  (early_stop@16, trial=4.2min, avg=4.3min/trial, total=12.9min, ETA=12.9min)
[TRIAL_METRICS] cur_best_mrr20=0.258900 cur_best_hr10=0.419800 cur_test_mrr20=0.262400 cur_test_hr10=0.422800 run_best_mrr20=0.259500 run_best_hr10=0.421100 run_test_mrr20=0.263000 run_test_hr10=0.423400

[4/6] learning_rate=0.0004453
  -> MRR@20=0.258600  best=0.259500  (early_stop@16, trial=4.1min, avg=4.3min/trial, total=17.0min, ETA=8.5min)
[TRIAL_METRICS] cur_best_mrr20=0.258600 cur_best_hr10=0.420500 cur_test_mrr20=0.262700 cur_test_hr10=0.422900 run_best_mrr20=0.259500 run_best_hr10=0.421100 run_test_mrr20=0.263000 run_test_hr10=0.423400

[5/6] learning_rate=0.0004214
  -> MRR@20=0.259300  best=0.259500  (early_stop@16, trial=4.2min, avg=4.3min/trial, total=21.3min, ETA=4.3min)
[TRIAL_METRICS] cur_best_mrr20=0.259300 cur_best_hr10=0.419900 cur_test_mrr20=0.262800 cur_test_hr10=0.423400 run_best_mrr20=0.259500 run_best_hr10=0.421100 run_test_mrr20=0.263000 run_test_hr10=0.423400

[6/6] learning_rate=0.0003734
  -> MRR@20=0.259200  best=0.259500  (early_stop@18, trial=4.7min, avg=4.3min/trial, total=26.0min, ETA=0s)
[TRIAL_METRICS] cur_best_mrr20=0.259200 cur_best_hr10=0.418400 cur_test_mrr20=0.262700 cur_test_hr10=0.422100 run_best_mrr20=0.259500 run_best_hr10=0.421100 run_test_mrr20=0.263000 run_test_hr10=0.423400

=================================================================
  DONE  |  TiSASRec x retail_rocket
  Best MRR@20 = 0.259500  |  6/6 trials OK
  Best HR@10  = 0.421100
  Test MRR@20 = 0.263000  (best-valid checkpoint)
  Test HR@10  = 0.423400  (best-valid checkpoint)
[RUN_METRICS] best_valid_mrr20=0.259500 best_valid_hr10=0.421100 test_mrr20=0.263000 test_hr10=0.423400
  Total time: 26.0 min
  Best params:
    learning_rate: 0.000430494
  Results -> /workspace/jy1559/FMoE/experiments/run/artifacts/results/baseline/retail_rocket_TiSASRec_p22_sg_d05_m03_c02_tisasrec_xfer_amazon_beauty_fad_h2_r1_c1_s3_20260408_101736_108226_pid385626.json
  Normal mirror -> /workspace/jy1559/FMoE/experiments/run/artifacts/results/baseline/normal/stageg_cross6x9_anchor2_core5/P22/retail_rocket/TiSASRec/retail_rocket_TiSASRec_p22_sg_d05_m03_c02_tisasrec_xfer_amazon_beauty_fad_h2_r1_c1_s3_20260408_101736_108226_pid385626.json
  Special result -> /workspace/jy1559/FMoE/experiments/run/artifacts/results/baseline/special/stageg_cross6x9_anchor2_core5/P22/retail_rocket/TiSASRec/retail_rocket_TiSASRec_p22_sg_d05_m03_c02_tisasrec_xfer_amazon_beauty_fad_h2_r1_c1_s3_20260408_101736_108226_pid385626_special_metrics.json
  Special log -> /workspace/jy1559/FMoE/experiments/run/artifacts/logs/baseline/special/stageg_cross6x9_anchor2_core5/P22/retail_rocket/TiSASRec/retail_rocket_TiSASRec_p22_sg_d05_m03_c02_tisasrec_xfer_amazon_beauty_fad_h2_r1_c1_s3_20260408_101736_108226_pid385626_special_metrics.json
=================================================================

[RUN_STATUS] END status=normal pid=385626 start=2026-04-08T10:17:35 end=2026-04-08T10:43:34
