[STAGEI_PROGRESSIVE_RECOVERY_ANCHOR2_CORE5_SETTING_HEADER]
run_phase=P24_S2_I1S2_D02_MGRU4REC_C08_I1S2_GRU4REC_MID_LEN_MID_LR_WIDTH_S1 run_id=I1S2_AMAZON_BEAUTY_GRU4REC_I1S2_GRU4REC_MID_LEN_MID_LR_WIDTH_S1 phase_id=P24 axis_id=SI step_name=step2 pass_name=pass1 model=GRU4Rec candidate_id=I1S2_GRU4REC_MID_LEN_MID_LR_WIDTH seed=1
dataset=amazon_beauty gpu=7 candidate_source=root_cause_hypothesis source_stage=step2_hypothesis_bank anchor_run_id=SH_AMAZON_BEAUTY_GRU4REC_AB_GRU_STAGEH_REC1_S1 hypothesis_family=mid_len_mid_lr root_cause_tag=gru_short_high_lr_bias batch_profile=step2:pass1:bs6656/8448
max_evals=10 tune_epochs=100 tune_patience=5
seed=240031

[COMMAND]
- /venv/FMoE/bin/python hyperopt_tune.py --config-name tune_ab --max-evals 10 --tune-epochs 100 --tune-patience 5 --seed 240031 --run-group baseline --run-axis StageI_ProgressiveRecovery_anchor2_core5 --run-phase P24_S2_I1S2_D02_MGRU4REC_C08_I1S2_GRU4REC_MID_LEN_MID_LR_WIDTH_S1 model=gru4rec dataset=amazon_beauty eval_mode=session_fixed feature_mode=full_v3 gpu_id=7 log_wandb=false show_progress=false ++special_logging=true ++seed=240031 ++search={learning_rate:[0.003172792913755048,0.006560110814063172]} ++search_space_type_overrides={learning_rate:"loguniform"} ++weight_decay=7e-05 ++search.weight_decay=[7e-05] ++search_space_type_overrides.weight_decay=choice ++search.n_layers=[2] ++search_space_type_overrides.n_layers=choice ++search.num_layers=[2] ++search_space_type_overrides.num_layers=choice ++search.n_heads=[4] ++search_space_type_overrides.n_heads=choice ++search.num_heads=[4] ++search_space_type_overrides.num_heads=choice ++search.dropout_ratio=[0.12] ++search_space_type_overrides.dropout_ratio=choice ++search.dropout_prob=[0.12] ++search_space_type_overrides.dropout_prob=choice ++search.hidden_dropout_prob=[0.12] ++search_space_type_overrides.hidden_dropout_prob=choice ++search.attn_dropout_prob=[0.12] ++search_space_type_overrides.attn_dropout_prob=choice ++search.hidden_size=[176] ++search_space_type_overrides.hidden_size=choice ++search.embedding_size=[176] ++search_space_type_overrides.embedding_size=choice ++search.inner_size=[368] ++search_space_type_overrides.inner_size=choice ++search.time_span=[384] ++search_space_type_overrides.time_span=choice ++search.num_experts=[6] ++search_space_type_overrides.num_experts=choice ++search.state_size=[24] ++search_space_type_overrides.state_size=choice ++search.conv_kernel=[6] ++search_space_type_overrides.conv_kernel=choice ++search.remaining_ratio=[0.6] ++search_space_type_overrides.remaining_ratio=choice ++search.MAX_ITEM_LIST_LENGTH=[14] ++search_space_type_overrides.MAX_ITEM_LIST_LENGTH=choice ++dropout_prob=0.12 ++train_batch_size=6656 ++eval_batch_size=8448 ++hidden_size=176 ++embedding_size=176 ++MAX_ITEM_LIST_LENGTH=14 ++num_layers=2
/venv/FMoE/lib/python3.10/site-packages/ray/_private/parameter.py:4: UserWarning: pkg_resources is deprecated as an API. See https://setuptools.pypa.io/en/latest/pkg_resources.html. The pkg_resources package is slated for removal as early as 2025-11-30. Refrain from using this package or pin to Setuptools<81.
  import pkg_resources
[RUN_STATUS] START pid=365115 ts=2026-04-13T03:16:15

=================================================================
  Hyperopt TPE  |  GRU4Rec x amazon_beauty
  max_evals=10  epochs=100  patience=5  wandb=off
  batch_size(train/valid/test)=6656/8448/8448
  track=baseline  axis=stagei_progressiverecovery_anchor2_core5  phase=P24_S2_I1S2_D02_MGRU4REC_C08_I1S2_GRU4REC_MID_LEN_MID_LR_WIDTH_S1
=================================================================
Changed knobs: learning_rate
Tuned params(len>1): 1  (~1 discrete combos)
Tuned groups: 1
  [optimization]
    learning_rate                   [0.003172792913755048, 0.006560110814063172]  -> loguniform
Fixed params(singleton/non-list): 18
Fixed groups: 18
  [optimization]
    hidden_dropout_prob             0.12                                    
    weight_decay                    7e-05                                   
  [model_core]
    attn_dropout_prob               0.12                                    
    dropout_prob                    0.12                                    
    dropout_ratio                   0.12                                    
    embedding_size                  176                                     
    hidden_size                     176                                     
    inner_size                      368                                     
    num_heads                       4                                       
    num_layers                      2                                       
  [other]
    MAX_ITEM_LIST_LENGTH            14                                      
    conv_kernel                     6                                       
    n_heads                         4                                       
    n_layers                        2                                       
    num_experts                     6                                       
    remaining_ratio                 0.6                                     
    state_size                      24                                      
    time_span                       384                                     

[Wandb] disabled for this hyperopt run

[1/10] learning_rate=0.005648
  -> MRR@20=0.004400  best=0.004400  (early_stop@11, trial=2s, avg=4s/trial, total=4s, ETA=33s)
[TRIAL_METRICS] cur_best_mrr20=0.004400 cur_best_hr10=0.008800 cur_test_mrr20=0.000000 cur_test_hr10=0.000000 run_best_mrr20=0.004400 run_best_hr10=0.008800 run_test_mrr20=0.000000 run_test_hr10=0.000000

[2/10] learning_rate=0.003234
  -> MRR@20=0.002900  best=0.004400  (early_stop@13, trial=1s, avg=3s/trial, total=5s, ETA=21s)
[TRIAL_METRICS] cur_best_mrr20=0.002900 cur_best_hr10=0.008800 cur_test_mrr20=0.000000 cur_test_hr10=0.000000 run_best_mrr20=0.004400 run_best_hr10=0.008800 run_test_mrr20=0.000000 run_test_hr10=0.000000

[3/10] learning_rate=0.0041
  -> MRR@20=0.002900  best=0.004400  (early_stop@16, trial=2s, avg=2s/trial, total=7s, ETA=17s)
[TRIAL_METRICS] cur_best_mrr20=0.002900 cur_best_hr10=0.008800 cur_test_mrr20=0.000000 cur_test_hr10=0.000000 run_best_mrr20=0.004400 run_best_hr10=0.008800 run_test_mrr20=0.000000 run_test_hr10=0.000000

[4/10] learning_rate=0.004736
  -> MRR@20=0.002900  best=0.004400  (early_stop@11, trial=1s, avg=2s/trial, total=9s, ETA=14s)
[TRIAL_METRICS] cur_best_mrr20=0.002900 cur_best_hr10=0.008800 cur_test_mrr20=0.000000 cur_test_hr10=0.000000 run_best_mrr20=0.004400 run_best_hr10=0.008800 run_test_mrr20=0.000000 run_test_hr10=0.000000

[5/10] learning_rate=0.00333
  -> MRR@20=0.002700  best=0.004400  (early_stop@13, trial=2s, avg=2s/trial, total=11s, ETA=11s)
[TRIAL_METRICS] cur_best_mrr20=0.002700 cur_best_hr10=0.008800 cur_test_mrr20=0.000500 cur_test_hr10=0.000000 run_best_mrr20=0.004400 run_best_hr10=0.008800 run_test_mrr20=0.000000 run_test_hr10=0.000000

[6/10] learning_rate=0.005579
  -> MRR@20=0.004400  best=0.004400  (early_stop@11, trial=1s, avg=2s/trial, total=12s, ETA=8s)
[TRIAL_METRICS] cur_best_mrr20=0.004400 cur_best_hr10=0.008800 cur_test_mrr20=0.000000 cur_test_hr10=0.000000 run_best_mrr20=0.004400 run_best_hr10=0.008800 run_test_mrr20=0.000000 run_test_hr10=0.000000

[7/10] learning_rate=0.004281
  -> MRR@20=0.004900  best=0.004900  (early_stop@12, trial=1s, avg=2s/trial, total=14s, ETA=6s)
[TRIAL_METRICS] cur_best_mrr20=0.004900 cur_best_hr10=0.008800 cur_test_mrr20=0.000500 cur_test_hr10=0.000000 run_best_mrr20=0.004900 run_best_hr10=0.008800 run_test_mrr20=0.000500 run_test_hr10=0.000000

[8/10] learning_rate=0.00435
  -> MRR@20=0.004900  best=0.004900  (early_stop@12, trial=1s, avg=2s/trial, total=16s, ETA=4s)
[TRIAL_METRICS] cur_best_mrr20=0.004900 cur_best_hr10=0.008800 cur_test_mrr20=0.000000 cur_test_hr10=0.000000 run_best_mrr20=0.004900 run_best_hr10=0.008800 run_test_mrr20=0.000000 run_test_hr10=0.000000

[9/10] learning_rate=0.005679
  -> MRR@20=0.004400  best=0.004900  (early_stop@11, trial=1s, avg=2s/trial, total=17s, ETA=2s)
[TRIAL_METRICS] cur_best_mrr20=0.004400 cur_best_hr10=0.008800 cur_test_mrr20=0.000000 cur_test_hr10=0.000000 run_best_mrr20=0.004900 run_best_hr10=0.008800 run_test_mrr20=0.000500 run_test_hr10=0.000000

[10/10] learning_rate=0.005192
  -> MRR@20=0.003500  best=0.004900  (early_stop@15, trial=2s, avg=2s/trial, total=19s, ETA=0s)
[TRIAL_METRICS] cur_best_mrr20=0.003500 cur_best_hr10=0.008800 cur_test_mrr20=0.000000 cur_test_hr10=0.000000 run_best_mrr20=0.004900 run_best_hr10=0.008800 run_test_mrr20=0.000500 run_test_hr10=0.000000

=================================================================
  DONE  |  GRU4Rec x amazon_beauty
  Best MRR@20 = 0.004900  |  10/10 trials OK
  Best HR@10  = 0.008800
  Test MRR@20 = 0.000500  (best-valid checkpoint)
  Test HR@10  = 0.000000  (best-valid checkpoint)
[RUN_METRICS] best_valid_mrr20=0.004900 best_valid_hr10=0.008800 test_mrr20=0.000500 test_hr10=0.000000
  Total time: 0.3 min
  Best params:
    learning_rate: 0.004281
  Results -> /workspace/FeaturedMoE/experiments/run/artifacts/results/baseline/amazon_beauty_GRU4Rec_p24_s2_i1s2_d02_mgru4rec_c08_i1s2_gru4rec_mid_len_mid_lr_width_s1_20260413_031615_717310_pid365115.json
  Normal mirror -> /workspace/FeaturedMoE/experiments/run/artifacts/results/baseline/normal/stagei_progressiverecovery_anchor2_core5/P24/amazon_beauty/GRU4Rec/amazon_beauty_GRU4Rec_p24_s2_i1s2_d02_mgru4rec_c08_i1s2_gru4rec_mid_len_mid_lr_width_s1_20260413_031615_717310_pid365115.json
  Special result -> /workspace/FeaturedMoE/experiments/run/artifacts/results/baseline/special/stagei_progressiverecovery_anchor2_core5/P24/amazon_beauty/GRU4Rec/amazon_beauty_GRU4Rec_p24_s2_i1s2_d02_mgru4rec_c08_i1s2_gru4rec_mid_len_mid_lr_width_s1_20260413_031615_717310_pid365115_special_metrics.json
  Special log -> /workspace/FeaturedMoE/experiments/run/artifacts/logs/baseline/special/stagei_progressiverecovery_anchor2_core5/P24/amazon_beauty/GRU4Rec/amazon_beauty_GRU4Rec_p24_s2_i1s2_d02_mgru4rec_c08_i1s2_gru4rec_mid_len_mid_lr_width_s1_20260413_031615_717310_pid365115_special_metrics.json
=================================================================

[RUN_STATUS] END status=normal pid=365115 start=2026-04-13T03:16:15 end=2026-04-13T03:16:35
