# job_id=S3_FOURSQUARE_SASREC_C1_SEED1 dataset=foursquare model=sasrec stage=stage3
# cmd=/venv/FMoE/bin/python hyperopt_tune.py --config-name tune_fs --search-algo tpe --max-evals 1 --tune-epochs 100 --tune-patience 10 --seed 810010 --run-group final_experiment --run-axis stage3_seed_confirm --run-phase S3_FOURSQUARE_SASREC_C1_SEED1 model=sasrec dataset=foursquare eval_mode=session_fixed feature_mode=full_v4 ++eval_sampling.mode=full ++eval_sampling.auto_full_threshold=999999999 ++special_logging=true ++exclude_unseen_target_from_main_eval=true ++log_unseen_target_metrics=true gpu_id=4 log_wandb=false show_progress=false ++seed=810010 --max-run-hours 2 --oom-retry-limit 5 ++search.inner_size=[256] ++search_space_type_overrides.inner_size=choice ++search.dropout_ratio=[0.15] ++search_space_type_overrides.dropout_ratio=choice ++search.MAX_ITEM_LIST_LENGTH=[30] ++search_space_type_overrides.MAX_ITEM_LIST_LENGTH=choice ++search.attn_dropout_prob=[0.2] ++search_space_type_overrides.attn_dropout_prob=choice ++search.embedding_size=[96] ++search_space_type_overrides.embedding_size=choice ++search.hidden_dropout_prob=[0.1] ++search_space_type_overrides.hidden_dropout_prob=choice ++search.hidden_size=[96] ++search_space_type_overrides.hidden_size=choice ++search.learning_rate=[0.00059161] ++search_space_type_overrides.learning_rate=choice ++search.num_heads=[4] ++search_space_type_overrides.num_heads=choice ++search.num_layers=[1] ++search_space_type_overrides.num_layers=choice ++search.weight_decay=[5e-05] ++search_space_type_overrides.weight_decay=choice

/venv/FMoE/lib/python3.10/site-packages/ray/_private/parameter.py:4: UserWarning: pkg_resources is deprecated as an API. See https://setuptools.pypa.io/en/latest/pkg_resources.html. The pkg_resources package is slated for removal as early as 2025-11-30. Refrain from using this package or pin to Setuptools<81.
  import pkg_resources
[RUN_STATUS] START pid=1695345 ts=2026-04-18T13:14:14

=================================================================
  Hyperopt  |  SASRec x foursquare
  max_evals=1  epochs=100  patience=10  wandb=off
  search_algo=tpe
  max_run_hours=2.000  (stop launching new trials after current trial)
  oom_retry_limit=5  (halve train/eval batch size on OOM)
  batch_size(train/valid/test)=4096/4096/4096
  track=final_experiment  axis=stage3_seed_confirm  phase=S3_FOURSQUARE_SASREC_C1_SEED1
=================================================================
Changed knobs: (none; single-run mode)
Tuned params(len>1): 0  (~1 discrete combos)
Tuned groups: 0
  (none)
Fixed params(singleton/non-list): 11
Fixed groups: 11
  [optimization]
    hidden_dropout_prob             0.1                                     
    learning_rate                   0.00059161                              
    weight_decay                    5e-05                                   
  [model_core]
    attn_dropout_prob               0.2                                     
    dropout_ratio                   0.15                                    
    embedding_size                  96                                      
    hidden_size                     96                                      
    inner_size                      256                                     
    num_heads                       4                                       
    num_layers                      1                                       
  [other]
    MAX_ITEM_LIST_LENGTH            30                                      

[Wandb] disabled for this hyperopt run

[1/1] (fixed-only run)
  -> MRR@20=0.192600  best=0.192600  (early_stop@58, trial=1.8min, avg=1.8min/trial, total=1.8min, ETA=0s)
[TRIAL_METRICS] cur_best_mrr20=0.192600 cur_best_hr10=0.355000 cur_test_mrr20=0.169700 cur_test_hr10=0.319700 avg_epoch_time_sec=1.8206 test_eval_time_sec=0.0771 test_eval_batches_per_sec=12.9737 test_eval_targets_per_sec=46199.3193 run_best_mrr20=0.192600 run_best_hr10=0.355000 run_test_mrr20=0.169700 run_test_hr10=0.319700

=================================================================
  DONE  |  SASRec x foursquare
  Best MRR@20 = 0.192600  |  1/1 trials OK
  Best HR@10  = 0.355000
  Test MRR@20 = 0.169700  (best-valid checkpoint)
  Test HR@10  = 0.319700  (best-valid checkpoint)
  Avg epoch time = 1.821 sec/epoch
  Final test eval = 0.077 sec | batches/s=12.974 | targets/s=46199.319
[RUN_METRICS] best_valid_mrr20=0.192600 best_valid_hr10=0.355000 test_mrr20=0.169700 test_hr10=0.319700 avg_epoch_time_sec=1.8206 test_eval_time_sec=0.0771 test_eval_batches_per_sec=12.9737 test_eval_targets_per_sec=46199.3193
  Total time: 1.9 min
  Best params:
  Results -> /workspace/FeaturedMoE/experiments/run/artifacts/results/final_experiment/foursquare_SASRec_s3_foursquare_sasrec_c1_seed1_20260418_131415_080692_pid1695345.json
  Normal mirror -> /workspace/FeaturedMoE/experiments/run/artifacts/results/final_experiment/normal/stage3_seed_confirm/S3/foursquare/SASRec/foursquare_SASRec_s3_foursquare_sasrec_c1_seed1_20260418_131415_080692_pid1695345.json
  Special result -> /workspace/FeaturedMoE/experiments/run/artifacts/results/final_experiment/special/stage3_seed_confirm/S3/foursquare/SASRec/foursquare_SASRec_s3_foursquare_sasrec_c1_seed1_20260418_131415_080692_pid1695345_special_metrics.json
  Special log -> /workspace/FeaturedMoE/experiments/run/artifacts/logs/final_experiment/special/stage3_seed_confirm/S3/foursquare/SASRec/foursquare_SASRec_s3_foursquare_sasrec_c1_seed1_20260418_131415_080692_pid1695345_special_metrics.json
=================================================================

[RUN_STATUS] END status=normal pid=1695345 start=2026-04-18T13:14:14 end=2026-04-18T13:16:06
