[FINAL_ALL_DATASETS_SETTING_HEADER]
run_phase=P14_FAD_D02_M08_DIFSR_H4_S1 run_id=FAD_AMAZON_BEAUTY_DIFSR_H4_S1 phase_id=P14 axis_id=FAD model=DIFSR hparam_id=H4 seed=1
dataset=amazon_beauty gpu=5 order=0
max_evals=10 tune_epochs=60 tune_patience=8
seed=120015

[COMMAND]
- /venv/FMoE/bin/python hyperopt_tune.py --config-name tune_ab --max-evals 10 --tune-epochs 60 --tune-patience 8 --seed 120015 --run-group baseline --run-axis Final_all_datasets --run-phase P14_FAD_D02_M08_DIFSR_H4_S1 model=difsr dataset=amazon_beauty eval_mode=session_fixed feature_mode=full_v3 gpu_id=5 log_wandb=false show_progress=false ++special_logging=true ++seed=120015 ++search={learning_rate:[0.00012510888590876884,0.0007506533154526128]} ++search_space_type_overrides={learning_rate:"loguniform"} ++weight_decay=0.0005 ++search.weight_decay=[0.0005] ++search_space_type_overrides.weight_decay=choice ++search.n_layers=[1] ++search_space_type_overrides.n_layers=choice ++search.num_layers=[1] ++search_space_type_overrides.num_layers=choice ++search.n_heads=[4] ++search_space_type_overrides.n_heads=choice ++search.num_heads=[4] ++search_space_type_overrides.num_heads=choice ++search.dropout_ratio=[0.25] ++search_space_type_overrides.dropout_ratio=choice ++search.dropout_prob=[0.25] ++search_space_type_overrides.dropout_prob=choice ++search.hidden_dropout_prob=[0.25] ++search_space_type_overrides.hidden_dropout_prob=choice ++search.attn_dropout_prob=[0.25] ++search_space_type_overrides.attn_dropout_prob=choice ++search.hidden_size=[112] ++search_space_type_overrides.hidden_size=choice ++search.embedding_size=[112] ++search_space_type_overrides.embedding_size=choice ++search.inner_size=[224] ++search_space_type_overrides.inner_size=choice ++search.time_span=[1024] ++search_space_type_overrides.time_span=choice ++search.num_experts=[2] ++search_space_type_overrides.num_experts=choice ++search.state_size=[8] ++search_space_type_overrides.state_size=choice ++search.conv_kernel=[8] ++search_space_type_overrides.conv_kernel=choice ++search.remaining_ratio=[0.9] ++search_space_type_overrides.remaining_ratio=choice ++dropout_ratio=0.25 ++fusion_type=concat ++use_attribute_predictor=false ++lambda_attr=0.0 ++train_batch_size=2048 ++eval_batch_size=3072 ++hidden_size=112 ++embedding_size=112 ++MAX_ITEM_LIST_LENGTH=50 ++num_layers=1 ++n_layers=1 ++num_heads=4 ++n_heads=4 ++inner_size=224 ++attribute_hidden_size=112
/venv/FMoE/lib/python3.10/site-packages/ray/_private/parameter.py:4: UserWarning: pkg_resources is deprecated as an API. See https://setuptools.pypa.io/en/latest/pkg_resources.html. The pkg_resources package is slated for removal as early as 2025-11-30. Refrain from using this package or pin to Setuptools<81.
  import pkg_resources
[RUN_STATUS] START pid=334033 ts=2026-03-28T08:10:51

=================================================================
  Hyperopt TPE  |  DIFSR x amazon_beauty
  max_evals=10  epochs=60  patience=8  wandb=off
  batch_size(train/valid/test)=2048/3072/3072
  track=baseline  axis=final_all_datasets  phase=P14_FAD_D02_M08_DIFSR_H4_S1
=================================================================
Changed knobs: MAX_ITEM_LIST_LENGTH, fusion_type, learning_rate
Tuned params(len>1): 3  (~8 discrete combos)
Tuned groups: 3
  [optimization]
    learning_rate                   [0.00012510888590876884, 0.0007506533154526128]  -> loguniform
  [other]
    MAX_ITEM_LIST_LENGTH            [5, 10, 30, 50]                           -> choice
    fusion_type                     ['sum', 'gate']                           -> choice
Fixed params(singleton/non-list): 17
Fixed groups: 17
  [optimization]
    hidden_dropout_prob             0.25                                    
    weight_decay                    0.0005                                  
  [model_core]
    attn_dropout_prob               0.25                                    
    dropout_prob                    0.25                                    
    dropout_ratio                   0.25                                    
    embedding_size                  112                                     
    hidden_size                     112                                     
    inner_size                      224                                     
    num_heads                       4                                       
    num_layers                      1                                       
  [other]
    conv_kernel                     8                                       
    n_heads                         4                                       
    n_layers                        1                                       
    num_experts                     2                                       
    remaining_ratio                 0.9                                     
    state_size                      8                                       
    time_span                       1024                                    

[Wandb] disabled for this hyperopt run

[1/10] MAX_ITEM_LIST_LENGTH=10, fusion_type=sum, learning_rate=0.0004318
  -> MRR@20=0.056400  best=0.056400  (early_stop@13, trial=4s, avg=6s/trial, total=6s, ETA=54s)
[TRIAL_METRICS] cur_best_mrr20=0.056400 cur_best_hr10=0.070800 cur_test_mrr20=0.124700 cur_test_hr10=0.131600 run_best_mrr20=0.056400 run_best_hr10=0.070800 run_test_mrr20=0.124700 run_test_hr10=0.131600

[2/10] MAX_ITEM_LIST_LENGTH=30, fusion_type=gate, learning_rate=0.0002207
  -> MRR@20=0.057800  best=0.057800  (early_stop@16, trial=4s, avg=5s/trial, total=10s, ETA=40s)
[TRIAL_METRICS] cur_best_mrr20=0.057800 cur_best_hr10=0.070800 cur_test_mrr20=0.126800 cur_test_hr10=0.140400 run_best_mrr20=0.057800 run_best_hr10=0.070800 run_test_mrr20=0.126800 run_test_hr10=0.140400

[3/10] MAX_ITEM_LIST_LENGTH=10, fusion_type=gate, learning_rate=0.0003227
  -> MRR@20=0.056000  best=0.057800  (early_stop@10, trial=2s, avg=4s/trial, total=13s, ETA=30s)
[TRIAL_METRICS] cur_best_mrr20=0.056000 cur_best_hr10=0.070800 cur_test_mrr20=0.122800 cur_test_hr10=0.122800 run_best_mrr20=0.057800 run_best_hr10=0.070800 run_test_mrr20=0.126800 run_test_hr10=0.140400

[4/10] MAX_ITEM_LIST_LENGTH=5, fusion_type=sum, learning_rate=0.0004471
  -> MRR@20=0.054900  best=0.057800  (early_stop@9, trial=2s, avg=4s/trial, total=15s, ETA=22s)
[TRIAL_METRICS] cur_best_mrr20=0.054900 cur_best_hr10=0.061900 cur_test_mrr20=0.127700 cur_test_hr10=0.140400 run_best_mrr20=0.057800 run_best_hr10=0.070800 run_test_mrr20=0.126800 run_test_hr10=0.140400

[5/10] MAX_ITEM_LIST_LENGTH=50, fusion_type=sum, learning_rate=0.0004195
  -> MRR@20=0.057500  best=0.057800  (early_stop@18, trial=4s, avg=4s/trial, total=20s, ETA=20s)
[TRIAL_METRICS] cur_best_mrr20=0.057500 cur_best_hr10=0.070800 cur_test_mrr20=0.124700 cur_test_hr10=0.131600 run_best_mrr20=0.057800 run_best_hr10=0.070800 run_test_mrr20=0.126800 run_test_hr10=0.140400

[6/10] MAX_ITEM_LIST_LENGTH=10, fusion_type=sum, learning_rate=0.0007089
  -> MRR@20=0.056300  best=0.057800  (early_stop@12, trial=3s, avg=4s/trial, total=23s, ETA=15s)
[TRIAL_METRICS] cur_best_mrr20=0.056300 cur_best_hr10=0.070800 cur_test_mrr20=0.124200 cur_test_hr10=0.122800 run_best_mrr20=0.057800 run_best_hr10=0.070800 run_test_mrr20=0.126800 run_test_hr10=0.140400

[7/10] MAX_ITEM_LIST_LENGTH=50, fusion_type=sum, learning_rate=0.0003102
  -> MRR@20=0.057000  best=0.057800  (early_stop@9, trial=2s, avg=4s/trial, total=25s, ETA=11s)
[TRIAL_METRICS] cur_best_mrr20=0.057000 cur_best_hr10=0.070800 cur_test_mrr20=0.125500 cur_test_hr10=0.140400 run_best_mrr20=0.057800 run_best_hr10=0.070800 run_test_mrr20=0.126800 run_test_hr10=0.140400

[8/10] MAX_ITEM_LIST_LENGTH=10, fusion_type=gate, learning_rate=0.00044
  -> MRR@20=0.056000  best=0.057800  (early_stop@12, trial=2s, avg=3s/trial, total=28s, ETA=7s)
[TRIAL_METRICS] cur_best_mrr20=0.056000 cur_best_hr10=0.070800 cur_test_mrr20=0.122800 cur_test_hr10=0.122800 run_best_mrr20=0.057800 run_best_hr10=0.070800 run_test_mrr20=0.126800 run_test_hr10=0.140400

[9/10] MAX_ITEM_LIST_LENGTH=50, fusion_type=gate, learning_rate=0.0003554
  -> MRR@20=0.056700  best=0.057800  (early_stop@16, trial=5s, avg=4s/trial, total=33s, ETA=4s)
[TRIAL_METRICS] cur_best_mrr20=0.056700 cur_best_hr10=0.070800 cur_test_mrr20=0.124000 cur_test_hr10=0.122800 run_best_mrr20=0.057800 run_best_hr10=0.070800 run_test_mrr20=0.126800 run_test_hr10=0.140400

[10/10] MAX_ITEM_LIST_LENGTH=5, fusion_type=sum, learning_rate=0.0004789
  -> MRR@20=0.054900  best=0.057800  (early_stop@9, trial=2s, avg=3s/trial, total=35s, ETA=0s)
[TRIAL_METRICS] cur_best_mrr20=0.054900 cur_best_hr10=0.061900 cur_test_mrr20=0.127300 cur_test_hr10=0.140400 run_best_mrr20=0.057800 run_best_hr10=0.070800 run_test_mrr20=0.126800 run_test_hr10=0.140400

=================================================================
  DONE  |  DIFSR x amazon_beauty
  Best MRR@20 = 0.057800  |  10/10 trials OK
  Best HR@10  = 0.070800
  Test MRR@20 = 0.126800  (best-valid checkpoint)
  Test HR@10  = 0.140400  (best-valid checkpoint)
[RUN_METRICS] best_valid_mrr20=0.057800 best_valid_hr10=0.070800 test_mrr20=0.126800 test_hr10=0.140400
  Total time: 0.6 min
  Best params:
    MAX_ITEM_LIST_LENGTH: 30
    fusion_type: gate
    learning_rate: 0.000220679
  Results -> /workspace/jy1559/FMoE/experiments/run/artifacts/results/baseline/amazon_beauty_DIFSR_p14_fad_d02_m08_difsr_h4_s1_20260328_081051_265141_pid334033.json
  Normal mirror -> /workspace/jy1559/FMoE/experiments/run/artifacts/results/baseline/normal/final_all_datasets/P14/amazon_beauty/DIFSR/amazon_beauty_DIFSR_p14_fad_d02_m08_difsr_h4_s1_20260328_081051_265141_pid334033.json
  Special result -> /workspace/jy1559/FMoE/experiments/run/artifacts/results/baseline/special/final_all_datasets/P14/amazon_beauty/DIFSR/amazon_beauty_DIFSR_p14_fad_d02_m08_difsr_h4_s1_20260328_081051_265141_pid334033_special_metrics.json
  Special log -> /workspace/jy1559/FMoE/experiments/run/artifacts/logs/baseline/special/final_all_datasets/P14/amazon_beauty/DIFSR/amazon_beauty_DIFSR_p14_fad_d02_m08_difsr_h4_s1_20260328_081051_265141_pid334033_special_metrics.json
=================================================================

[RUN_STATUS] END status=normal pid=334033 start=2026-03-28T08:10:51 end=2026-03-28T08:11:26
