# job_id=ADD_STAGE3_LASTFM0_03_FEAREC_C1_SEED1 dataset=lastfm0.03 model=fearec stage=stage3
# cmd=/venv/FMoE/bin/python /workspace/FeaturedMoE/experiments/hyperopt_tune.py --config-name tune_lfm_small --search-algo tpe --max-evals 1 --tune-epochs 100 --tune-patience 10 --seed 930042 --run-group final_experiment_addtuning --run-axis add_stage3_seed_confirm --run-phase ADD_STAGE3_LASTFM0_03_FEAREC_C1_SEED1 model=fearec dataset=lastfm0.03 eval_mode=session_fixed feature_mode=full_v4 ++eval_sampling.mode=full ++eval_sampling.auto_full_threshold=999999999 ++special_logging=true ++exclude_unseen_target_from_main_eval=true ++log_unseen_target_metrics=true gpu_id=4 log_wandb=false show_progress=false ++seed=930042 --max-run-hours 2 --oom-retry-limit 5 ++search.dropout_ratio=[0.12] ++search_space_type_overrides.dropout_ratio=choice ++search.MAX_ITEM_LIST_LENGTH=[50] ++search_space_type_overrides.MAX_ITEM_LIST_LENGTH=choice ++search.attn_dropout_prob=[0.06] ++search_space_type_overrides.attn_dropout_prob=choice ++search.embedding_size=[112] ++search_space_type_overrides.embedding_size=choice ++search.hidden_dropout_prob=[0.12] ++search_space_type_overrides.hidden_dropout_prob=choice ++search.hidden_size=[112] ++search_space_type_overrides.hidden_size=choice ++search.inner_size=[256] ++search_space_type_overrides.inner_size=choice ++search.learning_rate=[0.00026833] ++search_space_type_overrides.learning_rate=choice ++search.lmd=[0.02] ++search_space_type_overrides.lmd=choice ++search.lmd_sem=[0.0] ++search_space_type_overrides.lmd_sem=choice ++search.n_heads=[2] ++search_space_type_overrides.n_heads=choice ++search.n_layers=[3] ++search_space_type_overrides.n_layers=choice ++search.tau=[0.22] ++search_space_type_overrides.tau=choice ++search.weight_decay=[1e-06] ++search_space_type_overrides.weight_decay=choice

/venv/FMoE/lib/python3.10/site-packages/ray/_private/parameter.py:4: UserWarning: pkg_resources is deprecated as an API. See https://setuptools.pypa.io/en/latest/pkg_resources.html. The pkg_resources package is slated for removal as early as 2025-11-30. Refrain from using this package or pin to Setuptools<81.
  import pkg_resources
[RUN_STATUS] START pid=1758252 ts=2026-04-19T08:30:51

=================================================================
  Hyperopt  |  FEARec x lastfm0.03
  max_evals=1  epochs=100  patience=10  wandb=off
  search_algo=tpe
  max_run_hours=2.000  (stop launching new trials after current trial)
  oom_retry_limit=5  (halve train/eval batch size on OOM)
  batch_size(train/valid/test)=2048/4096/4096
  track=final_experiment_addtuning  axis=add_stage3_seed_confirm  phase=ADD_STAGE3_LASTFM0_03_FEAREC_C1_SEED1
=================================================================
Changed knobs: (none; single-run mode)
Tuned params(len>1): 0  (~1 discrete combos)
Tuned groups: 0
  (none)
Fixed params(singleton/non-list): 14
Fixed groups: 14
  [optimization]
    hidden_dropout_prob             0.12                                    
    learning_rate                   0.00026833                              
    weight_decay                    1e-06                                   
  [model_core]
    attn_dropout_prob               0.06                                    
    dropout_ratio                   0.12                                    
    embedding_size                  112                                     
    hidden_size                     112                                     
    inner_size                      256                                     
  [other]
    MAX_ITEM_LIST_LENGTH            50                                      
    lmd                             0.02                                    
    lmd_sem                         0.0                                     
    n_heads                         2                                       
    n_layers                        3                                       
    tau                             0.22                                    

[Wandb] disabled for this hyperopt run

[1/1] (fixed-only run)
  -> MRR@20=0.303800  best=0.303800  (early_stop@58, trial=10.5min, avg=10.7min/trial, total=10.7min, ETA=0s)
[TRIAL_METRICS] cur_best_mrr20=0.303800 cur_best_hr10=0.383200 cur_test_mrr20=0.301800 cur_test_hr10=0.386700 avg_epoch_time_sec=10.8453 test_eval_time_sec=0.2997 test_eval_batches_per_sec=3.3364 test_eval_targets_per_sec=11473.7120 run_best_mrr20=0.303800 run_best_hr10=0.383200 run_test_mrr20=0.301800 run_test_hr10=0.386700

=================================================================
  DONE  |  FEARec x lastfm0.03
  Best MRR@20 = 0.303800  |  1/1 trials OK
  Best HR@10  = 0.383200
  Test MRR@20 = 0.301800  (best-valid checkpoint)
  Test HR@10  = 0.386700  (best-valid checkpoint)
  Avg epoch time = 10.845 sec/epoch
  Final test eval = 0.300 sec | batches/s=3.336 | targets/s=11473.712
[RUN_METRICS] best_valid_mrr20=0.303800 best_valid_hr10=0.383200 test_mrr20=0.301800 test_hr10=0.386700 avg_epoch_time_sec=10.8453 test_eval_time_sec=0.2997 test_eval_batches_per_sec=3.3364 test_eval_targets_per_sec=11473.7120
  Total time: 10.7 min
  Best params:
  Results -> /workspace/FeaturedMoE/experiments/run/artifacts/results/final_experiment_addtuning/lastfm0.03_FEARec_add_stage3_lastfm0_03_fearec_c1_seed1_20260419_083051_639559_pid1758252.json
  Normal mirror -> /workspace/FeaturedMoE/experiments/run/artifacts/results/final_experiment_addtuning/normal/add_stage3_seed_confirm/ADD/lastfm0.03/FEARec/lastfm0.03_FEARec_add_stage3_lastfm0_03_fearec_c1_seed1_20260419_083051_639559_pid1758252.json
  Special result -> /workspace/FeaturedMoE/experiments/run/artifacts/results/final_experiment_addtuning/special/add_stage3_seed_confirm/ADD/lastfm0.03/FEARec/lastfm0.03_FEARec_add_stage3_lastfm0_03_fearec_c1_seed1_20260419_083051_639559_pid1758252_special_metrics.json
  Special log -> /workspace/FeaturedMoE/experiments/run/artifacts/logs/final_experiment_addtuning/special/add_stage3_seed_confirm/ADD/lastfm0.03/FEARec/lastfm0.03_FEARec_add_stage3_lastfm0_03_fearec_c1_seed1_20260419_083051_639559_pid1758252_special_metrics.json
=================================================================

[RUN_STATUS] END status=normal pid=1758252 start=2026-04-19T08:30:51 end=2026-04-19T08:41:33
