[STAGEG_CROSS6X9_ANCHOR2_CORE5_SETTING_HEADER]
run_phase=P22_SG_D05_M04_C02_DUOREC_XFER_AMAZON_BEAUTY_FAD_H2_R1_C1_S1 run_id=SG_RETAIL_ROCKET_DUOREC_XFER_AMAZON_BEAUTY_FAD_H2_R1_C1_S1 phase_id=P22 axis_id=SG model=DuoRec candidate_id=XFER_amazon_beauty_FAD_H2_R1_C1 seed=1
dataset=retail_rocket gpu=4 order=0 candidate_source=final_transfer source_stage=Final_all_datasets transfer_from_dataset=amazon_beauty
max_evals=6 tune_epochs=42 tune_patience=6
seed=220021

[COMMAND]
- /venv/FMoE/bin/python hyperopt_tune.py --config-name tune_rr --max-evals 6 --tune-epochs 42 --tune-patience 6 --seed 220021 --run-group baseline --run-axis StageG_Cross6x9_anchor2_core5 --run-phase P22_SG_D05_M04_C02_DUOREC_XFER_AMAZON_BEAUTY_FAD_H2_R1_C1_S1 model=duorec dataset=retail_rocket eval_mode=session_fixed feature_mode=full_v3 gpu_id=4 log_wandb=false show_progress=false ++special_logging=true ++seed=220021 ++search={learning_rate:[0.00040918087977219605,0.0005322193731820433]} ++search_space_type_overrides={learning_rate:"loguniform"} ++weight_decay=0.00015 ++search.weight_decay=[0.00015] ++search_space_type_overrides.weight_decay=choice ++search.n_layers=[2] ++search_space_type_overrides.n_layers=choice ++search.num_layers=[2] ++search_space_type_overrides.num_layers=choice ++search.n_heads=[2] ++search_space_type_overrides.n_heads=choice ++search.num_heads=[2] ++search_space_type_overrides.num_heads=choice ++search.dropout_ratio=[0.12] ++search_space_type_overrides.dropout_ratio=choice ++search.dropout_prob=[0.12] ++search_space_type_overrides.dropout_prob=choice ++search.hidden_dropout_prob=[0.12] ++search_space_type_overrides.hidden_dropout_prob=choice ++search.attn_dropout_prob=[0.12] ++search_space_type_overrides.attn_dropout_prob=choice ++search.hidden_size=[128] ++search_space_type_overrides.hidden_size=choice ++search.embedding_size=[128] ++search_space_type_overrides.embedding_size=choice ++search.inner_size=[256] ++search_space_type_overrides.inner_size=choice ++search.time_span=[384] ++search_space_type_overrides.time_span=choice ++search.num_experts=[6] ++search_space_type_overrides.num_experts=choice ++search.state_size=[24] ++search_space_type_overrides.state_size=choice ++search.conv_kernel=[6] ++search_space_type_overrides.conv_kernel=choice ++search.remaining_ratio=[0.6] ++search_space_type_overrides.remaining_ratio=choice ++search.MAX_ITEM_LIST_LENGTH=[30] ++search_space_type_overrides.MAX_ITEM_LIST_LENGTH=choice ++dropout_ratio=0.12 ++contrast=un ++tau=0.3 ++lmd=0.04 ++lmd_sem=0.0 ++semantic_sample_max_tries=2 ++train_batch_size=640 ++eval_batch_size=896 ++hidden_size=128 ++embedding_size=128 ++MAX_ITEM_LIST_LENGTH=30 ++n_layers=2 ++num_layers=2 ++n_heads=2 ++num_heads=2 ++inner_size=256
/venv/FMoE/lib/python3.10/site-packages/ray/_private/parameter.py:4: UserWarning: pkg_resources is deprecated as an API. See https://setuptools.pypa.io/en/latest/pkg_resources.html. The pkg_resources package is slated for removal as early as 2025-11-30. Refrain from using this package or pin to Setuptools<81.
  import pkg_resources
[RUN_STATUS] START pid=377075 ts=2026-04-08T08:01:56

=================================================================
  Hyperopt TPE  |  DuoRec x retail_rocket
  max_evals=6  epochs=42  patience=6  wandb=off
  batch_size(train/valid/test)=640/896/896
  track=baseline  axis=stageg_cross6x9_anchor2_core5  phase=P22_SG_D05_M04_C02_DUOREC_XFER_AMAZON_BEAUTY_FAD_H2_R1_C1_S1
=================================================================
Changed knobs: learning_rate
Tuned params(len>1): 1  (~1 discrete combos)
Tuned groups: 1
  [optimization]
    learning_rate                   [0.00040918087977219605, 0.0005322193731820433]  -> loguniform
Fixed params(singleton/non-list): 18
Fixed groups: 18
  [optimization]
    hidden_dropout_prob             0.12                                    
    weight_decay                    0.00015                                 
  [model_core]
    attn_dropout_prob               0.12                                    
    dropout_prob                    0.12                                    
    dropout_ratio                   0.12                                    
    embedding_size                  128                                     
    hidden_size                     128                                     
    inner_size                      256                                     
    num_heads                       2                                       
    num_layers                      2                                       
  [other]
    MAX_ITEM_LIST_LENGTH            30                                      
    conv_kernel                     6                                       
    n_heads                         2                                       
    n_layers                        2                                       
    num_experts                     6                                       
    remaining_ratio                 0.6                                     
    state_size                      24                                      
    time_span                       384                                     

[Wandb] disabled for this hyperopt run

[1/6] learning_rate=0.0004736
  -> MRR@20=0.270800  best=0.270800  (early_stop@16, trial=6.3min, avg=6.7min/trial, total=6.7min, ETA=33.5min)
[TRIAL_METRICS] cur_best_mrr20=0.270800 cur_best_hr10=0.429000 cur_test_mrr20=0.272400 cur_test_hr10=0.431400 run_best_mrr20=0.270800 run_best_hr10=0.429000 run_test_mrr20=0.272400 run_test_hr10=0.431400

[2/6] learning_rate=0.0004123
  -> MRR@20=0.272500  best=0.272500  (early_stop@16, trial=6.2min, avg=6.5min/trial, total=12.9min, ETA=25.8min)
[TRIAL_METRICS] cur_best_mrr20=0.272500 cur_best_hr10=0.428700 cur_test_mrr20=0.273400 cur_test_hr10=0.431400 run_best_mrr20=0.272500 run_best_hr10=0.428700 run_test_mrr20=0.273400 run_test_hr10=0.431400

[3/6] learning_rate=0.0004389
  -> MRR@20=0.272500  best=0.272500  (early_stop@16, trial=6.3min, avg=6.4min/trial, total=19.3min, ETA=19.3min)
[TRIAL_METRICS] cur_best_mrr20=0.272500 cur_best_hr10=0.429500 cur_test_mrr20=0.273400 cur_test_hr10=0.431900 run_best_mrr20=0.272500 run_best_hr10=0.429500 run_test_mrr20=0.273400 run_test_hr10=0.431900

[4/6] learning_rate=0.0004524
  -> MRR@20=0.272500  best=0.272500  (early_stop@16, trial=6.2min, avg=6.4min/trial, total=25.5min, ETA=12.8min)
[TRIAL_METRICS] cur_best_mrr20=0.272500 cur_best_hr10=0.430900 cur_test_mrr20=0.273600 cur_test_hr10=0.431100 run_best_mrr20=0.272500 run_best_hr10=0.430900 run_test_mrr20=0.273600 run_test_hr10=0.431100

[5/6] learning_rate=0.000431
  -> MRR@20=0.273000  best=0.273000  (early_stop@16, trial=6.2min, avg=6.3min/trial, total=31.7min, ETA=6.3min)
[TRIAL_METRICS] cur_best_mrr20=0.273000 cur_best_hr10=0.429000 cur_test_mrr20=0.272900 cur_test_hr10=0.430600 run_best_mrr20=0.273000 run_best_hr10=0.429000 run_test_mrr20=0.272900 run_test_hr10=0.430600

[6/6] learning_rate=0.0004425
  -> MRR@20=0.272100  best=0.273000  (early_stop@16, trial=6.1min, avg=6.3min/trial, total=37.9min, ETA=0s)
[TRIAL_METRICS] cur_best_mrr20=0.272100 cur_best_hr10=0.429300 cur_test_mrr20=0.273500 cur_test_hr10=0.431300 run_best_mrr20=0.273000 run_best_hr10=0.429000 run_test_mrr20=0.272900 run_test_hr10=0.430600

=================================================================
  DONE  |  DuoRec x retail_rocket
  Best MRR@20 = 0.273000  |  6/6 trials OK
  Best HR@10  = 0.429000
  Test MRR@20 = 0.272900  (best-valid checkpoint)
  Test HR@10  = 0.430600  (best-valid checkpoint)
[RUN_METRICS] best_valid_mrr20=0.273000 best_valid_hr10=0.429000 test_mrr20=0.272900 test_hr10=0.430600
  Total time: 37.9 min
  Best params:
    learning_rate: 0.000430956
  Results -> /workspace/jy1559/FMoE/experiments/run/artifacts/results/baseline/retail_rocket_DuoRec_p22_sg_d05_m04_c02_duorec_xfer_amazon_beauty_fad_h2_r1_c1_s1_20260408_080156_998082_pid377075.json
  Normal mirror -> /workspace/jy1559/FMoE/experiments/run/artifacts/results/baseline/normal/stageg_cross6x9_anchor2_core5/P22/retail_rocket/DuoRec/retail_rocket_DuoRec_p22_sg_d05_m04_c02_duorec_xfer_amazon_beauty_fad_h2_r1_c1_s1_20260408_080156_998082_pid377075.json
  Special result -> /workspace/jy1559/FMoE/experiments/run/artifacts/results/baseline/special/stageg_cross6x9_anchor2_core5/P22/retail_rocket/DuoRec/retail_rocket_DuoRec_p22_sg_d05_m04_c02_duorec_xfer_amazon_beauty_fad_h2_r1_c1_s1_20260408_080156_998082_pid377075_special_metrics.json
  Special log -> /workspace/jy1559/FMoE/experiments/run/artifacts/logs/baseline/special/stageg_cross6x9_anchor2_core5/P22/retail_rocket/DuoRec/retail_rocket_DuoRec_p22_sg_d05_m04_c02_duorec_xfer_amazon_beauty_fad_h2_r1_c1_s1_20260408_080156_998082_pid377075_special_metrics.json
=================================================================

[RUN_STATUS] END status=normal pid=377075 start=2026-04-08T08:01:56 end=2026-04-08T08:39:49
