# pair=P022 dataset=beauty model=gru4rec combo=C1 seed=1
# cmd=/venv/FMoE/bin/python hyperopt_tune.py --config-name tune_ab --max-evals 10 --tune-epochs 100 --tune-patience 10 --search-algo tpe --seed 64 --run-group baseline_2 --run-axis PAIR60_V3_LR10 --run-phase PAIR60_V3_LR10_DBEAUTY_MGRU4REC_P022_C1_S1 model=gru4rec dataset=beauty eval_mode=session_fixed feature_mode=full_v3 gpu_id=1 log_wandb=false show_progress=false ++seed=64 ++MAX_ITEM_LIST_LENGTH=50 ++eval_sampling.mode=full ++eval_sampling.auto_full_threshold=999999999 ++special_logging=true ++exclude_unseen_target_from_main_eval=true ++log_unseen_target_metrics=true ++hidden_size=192 ++embedding_size=192 ++num_layers=2 ++dropout_prob=0.2 ++hidden_dropout_prob=0.2 ++weight_decay=1e-06 ++search={learning_rate:[0.0002626261839573503,0.0015757571037441015]} ++search_space_type_overrides={learning_rate:"loguniform"} ++search.MAX_ITEM_LIST_LENGTH=[50] ++search_space_type_overrides.MAX_ITEM_LIST_LENGTH=choice ++search.weight_decay=[1e-06] ++search_space_type_overrides.weight_decay=choice ++search.hidden_size=[192] ++search_space_type_overrides.hidden_size=choice ++search.embedding_size=[192] ++search_space_type_overrides.embedding_size=choice ++search.num_layers=[2] ++search_space_type_overrides.num_layers=choice ++search.dropout_prob=[0.2] ++search_space_type_overrides.dropout_prob=choice ++search.hidden_dropout_prob=[0.2] ++search_space_type_overrides.hidden_dropout_prob=choice

/venv/FMoE/lib/python3.10/site-packages/ray/_private/parameter.py:4: UserWarning: pkg_resources is deprecated as an API. See https://setuptools.pypa.io/en/latest/pkg_resources.html. The pkg_resources package is slated for removal as early as 2025-11-30. Refrain from using this package or pin to Setuptools<81.
  import pkg_resources
[RUN_STATUS] START pid=1132542 ts=2026-04-15T02:39:38

=================================================================
  Hyperopt  |  GRU4Rec x beauty
  max_evals=10  epochs=100  patience=10  wandb=off
  search_algo=tpe
  batch_size(train/valid/test)=4096/8192/8192
  track=baseline_2  axis=pair60_v3_lr10  phase=PAIR60_V3_LR10_DBEAUTY_MGRU4REC_P022_C1_S1
=================================================================
Changed knobs: learning_rate
Tuned params(len>1): 1  (~1 discrete combos)
Tuned groups: 1
  [optimization]
    learning_rate                   [0.0002626261839573503, 0.0015757571037441015]  -> loguniform
Fixed params(singleton/non-list): 7
Fixed groups: 7
  [optimization]
    hidden_dropout_prob             0.2                                     
    weight_decay                    1e-06                                   
  [model_core]
    dropout_prob                    0.2                                     
    embedding_size                  192                                     
    hidden_size                     192                                     
    num_layers                      2                                       
  [other]
    MAX_ITEM_LIST_LENGTH            50                                      

[Wandb] disabled for this hyperopt run

[1/10] learning_rate=0.0007099
  -> MRR@20=0.014900  best=0.014900  (early_stop@16, trial=15s, avg=17s/trial, total=17s, ETA=2.6min)
[TRIAL_METRICS] cur_best_mrr20=0.014900 cur_best_hr10=0.016400 cur_test_mrr20=0.016200 cur_test_hr10=0.021100 run_best_mrr20=0.014900 run_best_hr10=0.016400 run_test_mrr20=0.016200 run_test_hr10=0.021100

[2/10] learning_rate=0.000389
  -> MRR@20=0.015300  best=0.015300  (early_stop@19, trial=17s, avg=17s/trial, total=34s, ETA=2.3min)
[TRIAL_METRICS] cur_best_mrr20=0.015300 cur_best_hr10=0.025700 cur_test_mrr20=0.015900 cur_test_hr10=0.025800 run_best_mrr20=0.015300 run_best_hr10=0.025700 run_test_mrr20=0.015900 run_test_hr10=0.025800

[3/10] learning_rate=0.001416
  -> MRR@20=0.037400  best=0.037400  (early_stop@37, trial=33s, avg=23s/trial, total=1.1min, ETA=2.6min)
[TRIAL_METRICS] cur_best_mrr20=0.037400 cur_best_hr10=0.088800 cur_test_mrr20=0.026400 cur_test_hr10=0.082000 run_best_mrr20=0.037400 run_best_hr10=0.088800 run_test_mrr20=0.026400 run_test_hr10=0.082000

[4/10] learning_rate=0.0007385
  -> MRR@20=0.014100  best=0.037400  (early_stop@16, trial=14s, avg=21s/trial, total=1.4min, ETA=2.1min)
[TRIAL_METRICS] cur_best_mrr20=0.014100 cur_best_hr10=0.016400 cur_test_mrr20=0.016200 cur_test_hr10=0.021100 run_best_mrr20=0.037400 run_best_hr10=0.088800 run_test_mrr20=0.026400 run_test_hr10=0.082000

[5/10] learning_rate=0.000983
  -> MRR@20=0.043900  best=0.043900  (early_stop@53, trial=46s, avg=26s/trial, total=2.1min, ETA=2.1min)
[TRIAL_METRICS] cur_best_mrr20=0.043900 cur_best_hr10=0.086400 cur_test_mrr20=0.026200 cur_test_hr10=0.067900 run_best_mrr20=0.043900 run_best_hr10=0.086400 run_test_mrr20=0.026200 run_test_hr10=0.067900

[6/10] learning_rate=0.001327
  -> MRR@20=0.039700  best=0.043900  (early_stop@42, trial=37s, avg=28s/trial, total=2.8min, ETA=1.8min)
[TRIAL_METRICS] cur_best_mrr20=0.039700 cur_best_hr10=0.074800 cur_test_mrr20=0.029800 cur_test_hr10=0.058500 run_best_mrr20=0.043900 run_best_hr10=0.086400 run_test_mrr20=0.026200 run_test_hr10=0.067900

[7/10] learning_rate=0.001004
  -> MRR@20=0.035000  best=0.043900  (early_stop@42, trial=37s, avg=29s/trial, total=3.4min, ETA=1.5min)
[TRIAL_METRICS] cur_best_mrr20=0.035000 cur_best_hr10=0.065400 cur_test_mrr20=0.026100 cur_test_hr10=0.058500 run_best_mrr20=0.043900 run_best_hr10=0.086400 run_test_mrr20=0.026200 run_test_hr10=0.067900

[8/10] learning_rate=0.00117
  -> MRR@20=0.038600  best=0.043900  (early_stop@42, trial=38s, avg=30s/trial, total=4.0min, ETA=1.0min)
[TRIAL_METRICS] cur_best_mrr20=0.038600 cur_best_hr10=0.077100 cur_test_mrr20=0.031500 cur_test_hr10=0.074900 run_best_mrr20=0.043900 run_best_hr10=0.086400 run_test_mrr20=0.026200 run_test_hr10=0.067900

[9/10] learning_rate=0.0004412
  -> MRR@20=0.015600  best=0.043900  (early_stop@19, trial=17s, avg=29s/trial, total=4.3min, ETA=29s)
[TRIAL_METRICS] cur_best_mrr20=0.015600 cur_best_hr10=0.025700 cur_test_mrr20=0.016400 cur_test_hr10=0.023400 run_best_mrr20=0.043900 run_best_hr10=0.086400 run_test_mrr20=0.026200 run_test_hr10=0.067900

[10/10] learning_rate=0.000417
  -> MRR@20=0.016200  best=0.043900  (early_stop@19, trial=17s, avg=28s/trial, total=4.6min, ETA=0s)
[TRIAL_METRICS] cur_best_mrr20=0.016200 cur_best_hr10=0.025700 cur_test_mrr20=0.016200 cur_test_hr10=0.023400 run_best_mrr20=0.043900 run_best_hr10=0.086400 run_test_mrr20=0.026200 run_test_hr10=0.067900

=================================================================
  DONE  |  GRU4Rec x beauty
  Best MRR@20 = 0.043900  |  10/10 trials OK
  Best HR@10  = 0.086400
  Test MRR@20 = 0.026200  (best-valid checkpoint)
  Test HR@10  = 0.067900  (best-valid checkpoint)
[RUN_METRICS] best_valid_mrr20=0.043900 best_valid_hr10=0.086400 test_mrr20=0.026200 test_hr10=0.067900
  Total time: 4.6 min
  Best params:
    learning_rate: 0.000983035
  Results -> /workspace/FeaturedMoE/experiments/run/artifacts/results/baseline_2/beauty_GRU4Rec_pair60_v3_lr10_dbeauty_mgru4rec_p022_c1_s1_20260415_023939_147840_pid1132542.json
  Normal mirror -> /workspace/FeaturedMoE/experiments/run/artifacts/results/baseline_2/normal/pair60_v3_lr10/PAIR60/beauty/GRU4Rec/beauty_GRU4Rec_pair60_v3_lr10_dbeauty_mgru4rec_p022_c1_s1_20260415_023939_147840_pid1132542.json
  Special result -> /workspace/FeaturedMoE/experiments/run/artifacts/results/baseline_2/special/pair60_v3_lr10/PAIR60/beauty/GRU4Rec/beauty_GRU4Rec_pair60_v3_lr10_dbeauty_mgru4rec_p022_c1_s1_20260415_023939_147840_pid1132542_special_metrics.json
  Special log -> /workspace/FeaturedMoE/experiments/run/artifacts/logs/baseline_2/special/pair60_v3_lr10/PAIR60/beauty/GRU4Rec/beauty_GRU4Rec_pair60_v3_lr10_dbeauty_mgru4rec_p022_c1_s1_20260415_023939_147840_pid1132542_special_metrics.json
=================================================================

[RUN_STATUS] END status=normal pid=1132542 start=2026-04-15T02:39:38 end=2026-04-15T02:44:15
