[STAGEG_CROSS6X9_ANCHOR2_CORE5_SETTING_HEADER]
run_phase=P22_SG_D03_M09_C01_FAME_GLOBAL_1_FAD_H3_R1_S2 run_id=SG_FOURSQUARE_FAME_GLOBAL_1_FAD_H3_R1_S2 phase_id=P22 axis_id=SG model=FAME candidate_id=GLOBAL_1_FAD_H3_R1 seed=2
dataset=foursquare gpu=5 order=0 candidate_source=global_fallback source_stage=Final_all_datasets transfer_from_dataset=GLOBAL
max_evals=7 tune_epochs=48 tune_patience=7
seed=220049

[COMMAND]
- /venv/FMoE/bin/python hyperopt_tune.py --config-name tune_fs --max-evals 7 --tune-epochs 48 --tune-patience 7 --seed 220049 --run-group baseline --run-axis StageG_Cross6x9_anchor2_core5 --run-phase P22_SG_D03_M09_C01_FAME_GLOBAL_1_FAD_H3_R1_S2 model=fame dataset=foursquare eval_mode=session_fixed feature_mode=full_v3 gpu_id=5 log_wandb=false show_progress=false ++special_logging=true ++seed=220049 ++search={learning_rate:[0.0001494078600570979,0.0003383226006703881]} ++search_space_type_overrides={learning_rate:"loguniform"} ++weight_decay=0.0002 ++search.weight_decay=[0.0002] ++search_space_type_overrides.weight_decay=choice ++search.n_layers=[2] ++search_space_type_overrides.n_layers=choice ++search.num_layers=[2] ++search_space_type_overrides.num_layers=choice ++search.n_heads=[4] ++search_space_type_overrides.n_heads=choice ++search.num_heads=[4] ++search_space_type_overrides.num_heads=choice ++search.dropout_ratio=[0.15] ++search_space_type_overrides.dropout_ratio=choice ++search.dropout_prob=[0.15] ++search_space_type_overrides.dropout_prob=choice ++search.hidden_dropout_prob=[0.15] ++search_space_type_overrides.hidden_dropout_prob=choice ++search.attn_dropout_prob=[0.15] ++search_space_type_overrides.attn_dropout_prob=choice ++search.hidden_size=[160] ++search_space_type_overrides.hidden_size=choice ++search.embedding_size=[160] ++search_space_type_overrides.embedding_size=choice ++search.inner_size=[320] ++search_space_type_overrides.inner_size=choice ++search.time_span=[512] ++search_space_type_overrides.time_span=choice ++search.num_experts=[4] ++search_space_type_overrides.num_experts=choice ++search.state_size=[32] ++search_space_type_overrides.state_size=choice ++search.conv_kernel=[8] ++search_space_type_overrides.conv_kernel=choice ++search.remaining_ratio=[0.7] ++search_space_type_overrides.remaining_ratio=choice ++search.MAX_ITEM_LIST_LENGTH=[24] ++search_space_type_overrides.MAX_ITEM_LIST_LENGTH=choice ++dropout_ratio=0.15 ++num_experts=4 ++train_batch_size=652 ++eval_batch_size=870 ++hidden_size=160 ++embedding_size=160 ++MAX_ITEM_LIST_LENGTH=24 ++num_layers=2 ++n_layers=2 ++num_heads=4 ++n_heads=4 ++inner_size=320 ++num_experts=4
/venv/FMoE/lib/python3.10/site-packages/ray/_private/parameter.py:4: UserWarning: pkg_resources is deprecated as an API. See https://setuptools.pypa.io/en/latest/pkg_resources.html. The pkg_resources package is slated for removal as early as 2025-11-30. Refrain from using this package or pin to Setuptools<81.
  import pkg_resources
[RUN_STATUS] START pid=335275 ts=2026-04-07T13:03:46

=================================================================
  Hyperopt TPE  |  FAME x foursquare
  max_evals=7  epochs=48  patience=7  wandb=off
  batch_size(train/valid/test)=652/870/870
  track=baseline  axis=stageg_cross6x9_anchor2_core5  phase=P22_SG_D03_M09_C01_FAME_GLOBAL_1_FAD_H3_R1_S2
=================================================================
Changed knobs: learning_rate
Tuned params(len>1): 1  (~1 discrete combos)
Tuned groups: 1
  [optimization]
    learning_rate                   [0.0001494078600570979, 0.0003383226006703881]  -> loguniform
Fixed params(singleton/non-list): 18
Fixed groups: 18
  [optimization]
    hidden_dropout_prob             0.15                                    
    weight_decay                    0.0002                                  
  [model_core]
    attn_dropout_prob               0.15                                    
    dropout_prob                    0.15                                    
    dropout_ratio                   0.15                                    
    embedding_size                  160                                     
    hidden_size                     160                                     
    inner_size                      320                                     
    num_heads                       4                                       
    num_layers                      2                                       
  [other]
    MAX_ITEM_LIST_LENGTH            24                                      
    conv_kernel                     8                                       
    n_heads                         4                                       
    n_layers                        2                                       
    num_experts                     4                                       
    remaining_ratio                 0.7                                     
    state_size                      32                                      
    time_span                       512                                     

[Wandb] disabled for this hyperopt run

[1/7] learning_rate=0.0003108
SESSION mode: Failed to load split cache (Ran out of input)
  -> MRR@20=0.097400  best=0.097400  (full@48, trial=4.3min, avg=4.4min/trial, total=4.4min, ETA=26.2min)
[TRIAL_METRICS] cur_best_mrr20=0.097400 cur_best_hr10=0.156900 cur_test_mrr20=0.092900 cur_test_hr10=0.151600 run_best_mrr20=0.097400 run_best_hr10=0.156900 run_test_mrr20=0.092900 run_test_hr10=0.151600

[2/7] learning_rate=0.0001907
  -> MRR@20=0.078000  best=0.097400  (full@48, trial=4.4min, avg=4.4min/trial, total=8.7min, ETA=21.9min)
[TRIAL_METRICS] cur_best_mrr20=0.078000 cur_best_hr10=0.120400 cur_test_mrr20=0.070700 cur_test_hr10=0.117400 run_best_mrr20=0.097400 run_best_hr10=0.156900 run_test_mrr20=0.092900 run_test_hr10=0.151600

[3/7] learning_rate=0.0003259
  -> MRR@20=0.098000  best=0.098000  (full@48, trial=4.2min, avg=4.3min/trial, total=12.9min, ETA=17.3min)
[TRIAL_METRICS] cur_best_mrr20=0.098000 cur_best_hr10=0.159500 cur_test_mrr20=0.094300 cur_test_hr10=0.158400 run_best_mrr20=0.098000 run_best_hr10=0.159500 run_test_mrr20=0.094300 run_test_hr10=0.158400

[4/7] learning_rate=0.0003179
  -> MRR@20=0.096600  best=0.098000  (full@48, trial=4.1min, avg=4.3min/trial, total=17.0min, ETA=12.8min)
[TRIAL_METRICS] cur_best_mrr20=0.096600 cur_best_hr10=0.157200 cur_test_mrr20=0.093500 cur_test_hr10=0.155800 run_best_mrr20=0.098000 run_best_hr10=0.159500 run_test_mrr20=0.094300 run_test_hr10=0.158400

[5/7] learning_rate=0.0003237
  -> MRR@20=0.097900  best=0.098000  (full@48, trial=4.0min, avg=4.2min/trial, total=21.1min, ETA=8.4min)
[TRIAL_METRICS] cur_best_mrr20=0.097900 cur_best_hr10=0.159300 cur_test_mrr20=0.094500 cur_test_hr10=0.157400 run_best_mrr20=0.098000 run_best_hr10=0.159500 run_test_mrr20=0.094300 run_test_hr10=0.158400

[6/7] learning_rate=0.0001794
  -> MRR@20=0.075600  best=0.098000  (full@48, trial=4.5min, avg=4.3min/trial, total=25.6min, ETA=4.3min)
[TRIAL_METRICS] cur_best_mrr20=0.075600 cur_best_hr10=0.116400 cur_test_mrr20=0.067100 cur_test_hr10=0.112700 run_best_mrr20=0.098000 run_best_hr10=0.159500 run_test_mrr20=0.094300 run_test_hr10=0.158400

[7/7] learning_rate=0.0003334
  -> MRR@20=0.098200  best=0.098200  (full@48, trial=4.4min, avg=4.3min/trial, total=30.0min, ETA=0s)
[TRIAL_METRICS] cur_best_mrr20=0.098200 cur_best_hr10=0.158200 cur_test_mrr20=0.093900 cur_test_hr10=0.159000 run_best_mrr20=0.098200 run_best_hr10=0.158200 run_test_mrr20=0.093900 run_test_hr10=0.159000

=================================================================
  DONE  |  FAME x foursquare
  Best MRR@20 = 0.098200  |  7/7 trials OK
  Best HR@10  = 0.158200
  Test MRR@20 = 0.093900  (best-valid checkpoint)
  Test HR@10  = 0.159000  (best-valid checkpoint)
[RUN_METRICS] best_valid_mrr20=0.098200 best_valid_hr10=0.158200 test_mrr20=0.093900 test_hr10=0.159000
  Total time: 30.0 min
  Best params:
    learning_rate: 0.000333436
  Results -> /workspace/jy1559/FMoE/experiments/run/artifacts/results/baseline/foursquare_FAME_p22_sg_d03_m09_c01_fame_global_1_fad_h3_r1_s2_20260407_130346_570485_pid335275.json
  Normal mirror -> /workspace/jy1559/FMoE/experiments/run/artifacts/results/baseline/normal/stageg_cross6x9_anchor2_core5/P22/foursquare/FAME/foursquare_FAME_p22_sg_d03_m09_c01_fame_global_1_fad_h3_r1_s2_20260407_130346_570485_pid335275.json
  Special result -> /workspace/jy1559/FMoE/experiments/run/artifacts/results/baseline/special/stageg_cross6x9_anchor2_core5/P22/foursquare/FAME/foursquare_FAME_p22_sg_d03_m09_c01_fame_global_1_fad_h3_r1_s2_20260407_130346_570485_pid335275_special_metrics.json
  Special log -> /workspace/jy1559/FMoE/experiments/run/artifacts/logs/baseline/special/stageg_cross6x9_anchor2_core5/P22/foursquare/FAME/foursquare_FAME_p22_sg_d03_m09_c01_fame_global_1_fad_h3_r1_s2_20260407_130346_570485_pid335275_special_metrics.json
=================================================================

[RUN_STATUS] END status=normal pid=335275 start=2026-04-07T13:03:46 end=2026-04-07T13:33:48
