[STAGEA_LR_ANCHOR2_CORE5_SETTING_HEADER]
run_phase=P16_SA_D00_M05_FAME_LR1_2e4_7e4_S1 run_id=SA_LASTFM0_03_FAME_LR1_2e4_7e4_S1 phase_id=P16 axis_id=SA model=FAME profile_id=LR1_2e4_7e4 seed=1
dataset=lastfm0.03 gpu=5 order=0 lr_band=LR1 lr_lo=0.000144 lr_hi=0.000504
max_evals=5 tune_epochs=32 tune_patience=4
seed=160024

[COMMAND]
- /venv/FMoE/bin/python hyperopt_tune.py --config-name tune_lfm_small --max-evals 5 --tune-epochs 32 --tune-patience 4 --seed 160024 --run-group baseline --run-axis StageA_LR_anchor2_core5 --run-phase P16_SA_D00_M05_FAME_LR1_2e4_7e4_S1 model=fame dataset=lastfm0.03 eval_mode=session_fixed feature_mode=full_v3 gpu_id=5 log_wandb=false show_progress=false ++special_logging=true ++seed=160024 ++search={learning_rate:[0.000144,0.000504]} ++search_space_type_overrides={learning_rate:"loguniform"} ++weight_decay=0.0003 ++MAX_ITEM_LIST_LENGTH=10 ++search.weight_decay=[0.0003] ++search_space_type_overrides.weight_decay=choice ++search.hidden_size=[128] ++search_space_type_overrides.hidden_size=choice ++search.embedding_size=[128] ++search_space_type_overrides.embedding_size=choice ++search.inner_size=[256] ++search_space_type_overrides.inner_size=choice ++search.n_layers=[1] ++search_space_type_overrides.n_layers=choice ++search.num_layers=[1] ++search_space_type_overrides.num_layers=choice ++search.n_heads=[4] ++search_space_type_overrides.n_heads=choice ++search.num_heads=[4] ++search_space_type_overrides.num_heads=choice ++search.dropout_ratio=[0.2] ++search_space_type_overrides.dropout_ratio=choice ++search.dropout_prob=[0.2] ++search_space_type_overrides.dropout_prob=choice ++search.hidden_dropout_prob=[0.2] ++search_space_type_overrides.hidden_dropout_prob=choice ++search.attn_dropout_prob=[0.2] ++search_space_type_overrides.attn_dropout_prob=choice ++search.num_experts=[2] ++search_space_type_overrides.num_experts=choice ++dropout_ratio=0.2 ++hidden_size=128 ++embedding_size=128 ++n_layers=1 ++num_layers=1 ++n_heads=4 ++num_heads=4 ++inner_size=256 ++num_experts=2 ++train_batch_size=1536 ++eval_batch_size=2304
/venv/FMoE/lib/python3.10/site-packages/ray/_private/parameter.py:4: UserWarning: pkg_resources is deprecated as an API. See https://setuptools.pypa.io/en/latest/pkg_resources.html. The pkg_resources package is slated for removal as early as 2025-11-30. Refrain from using this package or pin to Setuptools<81.
  import pkg_resources
[RUN_STATUS] START pid=469344 ts=2026-03-29T14:20:34

=================================================================
  Hyperopt TPE  |  FAME x lastfm0.03
  max_evals=5  epochs=32  patience=4  wandb=off
  batch_size(train/valid/test)=1536/2304/2304
  track=baseline  axis=stagea_lr_anchor2_core5  phase=P16_SA_D00_M05_FAME_LR1_2e4_7e4_S1
=================================================================
Changed knobs: learning_rate
Tuned params(len>1): 1  (~1 discrete combos)
Tuned groups: 1
  [optimization]
    learning_rate                   [0.000144, 0.000504]                      -> loguniform
Fixed params(singleton/non-list): 13
Fixed groups: 13
  [optimization]
    hidden_dropout_prob             0.2                                     
    weight_decay                    0.0003                                  
  [model_core]
    attn_dropout_prob               0.2                                     
    dropout_prob                    0.2                                     
    dropout_ratio                   0.2                                     
    embedding_size                  128                                     
    hidden_size                     128                                     
    inner_size                      256                                     
    num_heads                       4                                       
    num_layers                      1                                       
  [other]
    n_heads                         4                                       
    n_layers                        1                                       
    num_experts                     2                                       

[Wandb] disabled for this hyperopt run

[1/5] learning_rate=0.0002915
  -> MRR@20=0.030100  best=0.030100  (early_stop@17, trial=7.8min, avg=8.0min/trial, total=8.0min, ETA=32.1min)
[TRIAL_METRICS] cur_best_mrr20=0.030100 cur_best_hr10=0.038300 cur_test_mrr20=0.024300 cur_test_hr10=0.034300 run_best_mrr20=0.030100 run_best_hr10=0.038300 run_test_mrr20=0.024300 run_test_hr10=0.034300

[2/5] learning_rate=0.0001542
  -> MRR@20=0.029900  best=0.030100  (early_stop@28, trial=12.7min, avg=10.4min/trial, total=20.8min, ETA=31.2min)
[TRIAL_METRICS] cur_best_mrr20=0.029900 cur_best_hr10=0.038500 cur_test_mrr20=0.025200 cur_test_hr10=0.034000 run_best_mrr20=0.030100 run_best_hr10=0.038300 run_test_mrr20=0.024300 run_test_hr10=0.034300

[3/5] learning_rate=0.0004452
  -> MRR@20=0.029700  best=0.030100  (early_stop@12, trial=5.5min, avg=8.8min/trial, total=26.3min, ETA=17.5min)
[TRIAL_METRICS] cur_best_mrr20=0.029700 cur_best_hr10=0.036900 cur_test_mrr20=0.024300 cur_test_hr10=0.033200 run_best_mrr20=0.030100 run_best_hr10=0.038300 run_test_mrr20=0.024300 run_test_hr10=0.034300

[4/5] learning_rate=0.0002203
  -> MRR@20=0.030000  best=0.030100  (early_stop@20, trial=9.4min, avg=8.9min/trial, total=35.7min, ETA=8.9min)
[TRIAL_METRICS] cur_best_mrr20=0.030000 cur_best_hr10=0.037700 cur_test_mrr20=0.024600 cur_test_hr10=0.034300 run_best_mrr20=0.030100 run_best_hr10=0.038300 run_test_mrr20=0.024300 run_test_hr10=0.034300

[5/5] learning_rate=0.0001642
  -> MRR@20=0.029900  best=0.030100  (early_stop@28, trial=12.5min, avg=9.6min/trial, total=48.1min, ETA=0s)
[TRIAL_METRICS] cur_best_mrr20=0.029900 cur_best_hr10=0.037700 cur_test_mrr20=0.025200 cur_test_hr10=0.034800 run_best_mrr20=0.030100 run_best_hr10=0.038300 run_test_mrr20=0.024300 run_test_hr10=0.034300

=================================================================
  DONE  |  FAME x lastfm0.03
  Best MRR@20 = 0.030100  |  5/5 trials OK
  Best HR@10  = 0.038300
  Test MRR@20 = 0.024300  (best-valid checkpoint)
  Test HR@10  = 0.034300  (best-valid checkpoint)
[RUN_METRICS] best_valid_mrr20=0.030100 best_valid_hr10=0.038300 test_mrr20=0.024300 test_hr10=0.034300
  Total time: 48.1 min
  Best params:
    learning_rate: 0.000291477
  Results -> /workspace/jy1559/FMoE/experiments/run/artifacts/results/baseline/lastfm0.03_FAME_p16_sa_d00_m05_fame_lr1_2e4_7e4_s1_20260329_142034_862356_pid469344.json
  Normal mirror -> /workspace/jy1559/FMoE/experiments/run/artifacts/results/baseline/normal/stagea_lr_anchor2_core5/P16/lastfm0.03/FAME/lastfm0.03_FAME_p16_sa_d00_m05_fame_lr1_2e4_7e4_s1_20260329_142034_862356_pid469344.json
  Special result -> /workspace/jy1559/FMoE/experiments/run/artifacts/results/baseline/special/stagea_lr_anchor2_core5/P16/lastfm0.03/FAME/lastfm0.03_FAME_p16_sa_d00_m05_fame_lr1_2e4_7e4_s1_20260329_142034_862356_pid469344_special_metrics.json
  Special log -> /workspace/jy1559/FMoE/experiments/run/artifacts/logs/baseline/special/stagea_lr_anchor2_core5/P16/lastfm0.03/FAME/lastfm0.03_FAME_p16_sa_d00_m05_fame_lr1_2e4_7e4_s1_20260329_142034_862356_pid469344_special_metrics.json
=================================================================

[RUN_STATUS] END status=normal pid=469344 start=2026-03-29T14:20:34 end=2026-03-29T15:08:43
