[STAGEA_LR_ANCHOR2_CORE5_SETTING_HEADER]
run_phase=P16_SA_D00_M05_FAME_LR4_1.6e3_4.8e3_S1 run_id=SA_LASTFM0_03_FAME_LR4_1.6e3_4.8e3_S1 phase_id=P16 axis_id=SA model=FAME profile_id=LR4_1.6e3_4.8e3 seed=1
dataset=lastfm0.03 gpu=6 order=0 lr_band=LR4 lr_lo=0.001152 lr_hi=0.0034560000000000003
max_evals=5 tune_epochs=32 tune_patience=4
seed=160027

[COMMAND]
- /venv/FMoE/bin/python hyperopt_tune.py --config-name tune_lfm_small --max-evals 5 --tune-epochs 32 --tune-patience 4 --seed 160027 --run-group baseline --run-axis StageA_LR_anchor2_core5 --run-phase P16_SA_D00_M05_FAME_LR4_1.6e3_4.8e3_S1 model=fame dataset=lastfm0.03 eval_mode=session_fixed feature_mode=full_v3 gpu_id=6 log_wandb=false show_progress=false ++special_logging=true ++seed=160027 ++search={learning_rate:[0.001152,0.0034560000000000003]} ++search_space_type_overrides={learning_rate:"loguniform"} ++weight_decay=0.0003 ++MAX_ITEM_LIST_LENGTH=10 ++search.weight_decay=[0.0003] ++search_space_type_overrides.weight_decay=choice ++search.hidden_size=[128] ++search_space_type_overrides.hidden_size=choice ++search.embedding_size=[128] ++search_space_type_overrides.embedding_size=choice ++search.inner_size=[256] ++search_space_type_overrides.inner_size=choice ++search.n_layers=[1] ++search_space_type_overrides.n_layers=choice ++search.num_layers=[1] ++search_space_type_overrides.num_layers=choice ++search.n_heads=[4] ++search_space_type_overrides.n_heads=choice ++search.num_heads=[4] ++search_space_type_overrides.num_heads=choice ++search.dropout_ratio=[0.2] ++search_space_type_overrides.dropout_ratio=choice ++search.dropout_prob=[0.2] ++search_space_type_overrides.dropout_prob=choice ++search.hidden_dropout_prob=[0.2] ++search_space_type_overrides.hidden_dropout_prob=choice ++search.attn_dropout_prob=[0.2] ++search_space_type_overrides.attn_dropout_prob=choice ++search.num_experts=[2] ++search_space_type_overrides.num_experts=choice ++dropout_ratio=0.2 ++hidden_size=128 ++embedding_size=128 ++n_layers=1 ++num_layers=1 ++n_heads=4 ++num_heads=4 ++inner_size=256 ++num_experts=2 ++train_batch_size=1536 ++eval_batch_size=2304
/venv/FMoE/lib/python3.10/site-packages/ray/_private/parameter.py:4: UserWarning: pkg_resources is deprecated as an API. See https://setuptools.pypa.io/en/latest/pkg_resources.html. The pkg_resources package is slated for removal as early as 2025-11-30. Refrain from using this package or pin to Setuptools<81.
  import pkg_resources
[RUN_STATUS] START pid=472679 ts=2026-03-29T14:35:27

=================================================================
  Hyperopt TPE  |  FAME x lastfm0.03
  max_evals=5  epochs=32  patience=4  wandb=off
  batch_size(train/valid/test)=1536/2304/2304
  track=baseline  axis=stagea_lr_anchor2_core5  phase=P16_SA_D00_M05_FAME_LR4_1.6e3_4.8e3_S1
=================================================================
Changed knobs: learning_rate
Tuned params(len>1): 1  (~1 discrete combos)
Tuned groups: 1
  [optimization]
    learning_rate                   [0.001152, 0.0034560000000000003]         -> loguniform
Fixed params(singleton/non-list): 13
Fixed groups: 13
  [optimization]
    hidden_dropout_prob             0.2                                     
    weight_decay                    0.0003                                  
  [model_core]
    attn_dropout_prob               0.2                                     
    dropout_prob                    0.2                                     
    dropout_ratio                   0.2                                     
    embedding_size                  128                                     
    hidden_size                     128                                     
    inner_size                      256                                     
    num_heads                       4                                       
    num_layers                      1                                       
  [other]
    n_heads                         4                                       
    n_layers                        1                                       
    num_experts                     2                                       

[Wandb] disabled for this hyperopt run

[1/5] learning_rate=0.003013
  -> MRR@20=0.191300  best=0.191300  (early_stop@19, trial=8.6min, avg=8.8min/trial, total=8.8min, ETA=35.3min)
[TRIAL_METRICS] cur_best_mrr20=0.191300 cur_best_hr10=0.245000 cur_test_mrr20=0.193200 cur_test_hr10=0.243400 run_best_mrr20=0.191300 run_best_hr10=0.245000 run_test_mrr20=0.193200 run_test_hr10=0.243400

[2/5] learning_rate=0.001164
  -> MRR@20=0.211500  best=0.211500  (early_stop@28, trial=13.0min, avg=10.9min/trial, total=21.9min, ETA=32.8min)
[TRIAL_METRICS] cur_best_mrr20=0.211500 cur_best_hr10=0.257800 cur_test_mrr20=0.217100 cur_test_hr10=0.262800 run_best_mrr20=0.211500 run_best_hr10=0.257800 run_test_mrr20=0.217100 run_test_hr10=0.262800

[3/5] learning_rate=0.001787
  -> MRR@20=0.201800  best=0.211500  (early_stop@19, trial=8.4min, avg=10.1min/trial, total=30.3min, ETA=20.2min)
[TRIAL_METRICS] cur_best_mrr20=0.201800 cur_best_hr10=0.251700 cur_test_mrr20=0.204200 cur_test_hr10=0.256600 run_best_mrr20=0.211500 run_best_hr10=0.257800 run_test_mrr20=0.217100 run_test_hr10=0.262800

[4/5] learning_rate=0.00342
  -> MRR@20=0.188900  best=0.211500  (early_stop@19, trial=8.4min, avg=9.7min/trial, total=38.7min, ETA=9.7min)
[TRIAL_METRICS] cur_best_mrr20=0.188900 cur_best_hr10=0.239400 cur_test_mrr20=0.185300 cur_test_hr10=0.240400 run_best_mrr20=0.211500 run_best_hr10=0.257800 run_test_mrr20=0.217100 run_test_hr10=0.262800

[5/5] learning_rate=0.003346
  -> MRR@20=0.189300  best=0.211500  (early_stop@19, trial=8.4min, avg=9.4min/trial, total=47.0min, ETA=0s)
[TRIAL_METRICS] cur_best_mrr20=0.189300 cur_best_hr10=0.238100 cur_test_mrr20=0.185600 cur_test_hr10=0.242300 run_best_mrr20=0.211500 run_best_hr10=0.257800 run_test_mrr20=0.217100 run_test_hr10=0.262800

=================================================================
  DONE  |  FAME x lastfm0.03
  Best MRR@20 = 0.211500  |  5/5 trials OK
  Best HR@10  = 0.257800
  Test MRR@20 = 0.217100  (best-valid checkpoint)
  Test HR@10  = 0.262800  (best-valid checkpoint)
[RUN_METRICS] best_valid_mrr20=0.211500 best_valid_hr10=0.257800 test_mrr20=0.217100 test_hr10=0.262800
  Total time: 47.0 min
  Best params:
    learning_rate: 0.00116369
  Results -> /workspace/jy1559/FMoE/experiments/run/artifacts/results/baseline/lastfm0.03_FAME_p16_sa_d00_m05_fame_lr4_1.6e3_4.8e3_s1_20260329_143527_948780_pid472679.json
  Normal mirror -> /workspace/jy1559/FMoE/experiments/run/artifacts/results/baseline/normal/stagea_lr_anchor2_core5/P16/lastfm0.03/FAME/lastfm0.03_FAME_p16_sa_d00_m05_fame_lr4_1.6e3_4.8e3_s1_20260329_143527_948780_pid472679.json
  Special result -> /workspace/jy1559/FMoE/experiments/run/artifacts/results/baseline/special/stagea_lr_anchor2_core5/P16/lastfm0.03/FAME/lastfm0.03_FAME_p16_sa_d00_m05_fame_lr4_1.6e3_4.8e3_s1_20260329_143527_948780_pid472679_special_metrics.json
  Special log -> /workspace/jy1559/FMoE/experiments/run/artifacts/logs/baseline/special/stagea_lr_anchor2_core5/P16/lastfm0.03/FAME/lastfm0.03_FAME_p16_sa_d00_m05_fame_lr4_1.6e3_4.8e3_s1_20260329_143527_948780_pid472679_special_metrics.json
=================================================================

[RUN_STATUS] END status=normal pid=472679 start=2026-03-29T14:35:27 end=2026-03-29T15:22:30
