[STAGEI_PROGRESSIVE_RECOVERY_ANCHOR2_CORE5_SETTING_HEADER]
run_phase=P24_I2_D12_MFEAREC_C10_I2_FEAREC_FB04_S1 run_id=I2_RETAIL_ROCKET_FEAREC_I2_FEAREC_FB04_S1 phase_id=P24 axis_id=SI pass_name=pass2 model=FEARec candidate_id=I2_FEAREC_FB04 seed=1
dataset=retail_rocket gpu=6 candidate_source=history_perturb source_stage=StageH_TargetedRecovery_anchor2_core5 anchor_run_id=SH_RETAIL_ROCKET_FEAREC_RR_FEA_STAGEH_REC1_LIGHT_S1 batch_profile=pass2:bs640/768
max_evals=8 tune_epochs=50 tune_patience=5
seed=240141

[COMMAND]
- /venv/FMoE/bin/python hyperopt_tune.py --config-name tune_rr --max-evals 8 --tune-epochs 50 --tune-patience 5 --seed 240141 --run-group baseline --run-axis StageI_ProgressiveRecovery_anchor2_core5 --run-phase P24_I2_D12_MFEAREC_C10_I2_FEAREC_FB04_S1 model=fearec dataset=retail_rocket eval_mode=session_fixed feature_mode=full_v3 gpu_id=6 log_wandb=false show_progress=false ++special_logging=true ++seed=240141 ++search={learning_rate:[0.001008135470605799,0.0018488861539028012]} ++search_space_type_overrides={learning_rate:"loguniform"} ++weight_decay=4.8e-05 ++search.weight_decay=[4.8e-05] ++search_space_type_overrides.weight_decay=choice ++search.n_layers=[2] ++search_space_type_overrides.n_layers=choice ++search.num_layers=[2] ++search_space_type_overrides.num_layers=choice ++search.n_heads=[2] ++search_space_type_overrides.n_heads=choice ++search.num_heads=[2] ++search_space_type_overrides.num_heads=choice ++search.dropout_ratio=[0.08] ++search_space_type_overrides.dropout_ratio=choice ++search.dropout_prob=[0.08] ++search_space_type_overrides.dropout_prob=choice ++search.hidden_dropout_prob=[0.08] ++search_space_type_overrides.hidden_dropout_prob=choice ++search.attn_dropout_prob=[0.08] ++search_space_type_overrides.attn_dropout_prob=choice ++search.hidden_size=[112] ++search_space_type_overrides.hidden_size=choice ++search.embedding_size=[112] ++search_space_type_overrides.embedding_size=choice ++search.inner_size=[224] ++search_space_type_overrides.inner_size=choice ++search.time_span=[384] ++search_space_type_overrides.time_span=choice ++search.num_experts=[6] ++search_space_type_overrides.num_experts=choice ++search.state_size=[24] ++search_space_type_overrides.state_size=choice ++search.conv_kernel=[6] ++search_space_type_overrides.conv_kernel=choice ++search.remaining_ratio=[0.6] ++search_space_type_overrides.remaining_ratio=choice ++search.MAX_ITEM_LIST_LENGTH=[6] ++search_space_type_overrides.MAX_ITEM_LIST_LENGTH=choice ++dropout_ratio=0.08 ++contrast=un ++tau=0.2 ++lmd=0.04 ++lmd_sem=0.0 ++global_ratio=0.85 ++semantic_sample_max_tries=2 ++train_batch_size=640 ++eval_batch_size=768 ++hidden_size=112 ++embedding_size=112 ++MAX_ITEM_LIST_LENGTH=6 ++n_layers=2 ++num_layers=2 ++n_heads=2 ++num_heads=2 ++inner_size=224
/venv/FMoE/lib/python3.10/site-packages/ray/_private/parameter.py:4: UserWarning: pkg_resources is deprecated as an API. See https://setuptools.pypa.io/en/latest/pkg_resources.html. The pkg_resources package is slated for removal as early as 2025-11-30. Refrain from using this package or pin to Setuptools<81.
  import pkg_resources
[RUN_STATUS] START pid=217496 ts=2026-04-12T17:16:57

=================================================================
  Hyperopt TPE  |  FEARec x retail_rocket
  max_evals=8  epochs=50  patience=5  wandb=off
  batch_size(train/valid/test)=640/768/768
  track=baseline  axis=stagei_progressiverecovery_anchor2_core5  phase=P24_I2_D12_MFEAREC_C10_I2_FEAREC_FB04_S1
=================================================================
Changed knobs: learning_rate
Tuned params(len>1): 1  (~1 discrete combos)
Tuned groups: 1
  [optimization]
    learning_rate                   [0.001008135470605799, 0.0018488861539028012]  -> loguniform
Fixed params(singleton/non-list): 18
Fixed groups: 18
  [optimization]
    hidden_dropout_prob             0.08                                    
    weight_decay                    4.8e-05                                 
  [model_core]
    attn_dropout_prob               0.08                                    
    dropout_prob                    0.08                                    
    dropout_ratio                   0.08                                    
    embedding_size                  112                                     
    hidden_size                     112                                     
    inner_size                      224                                     
    num_heads                       2                                       
    num_layers                      2                                       
  [other]
    MAX_ITEM_LIST_LENGTH            6                                       
    conv_kernel                     6                                       
    n_heads                         2                                       
    n_layers                        2                                       
    num_experts                     6                                       
    remaining_ratio                 0.6                                     
    state_size                      24                                      
    time_span                       384                                     

[Wandb] disabled for this hyperopt run

[1/8] learning_rate=0.001039
  -> MRR@20=0.219300  best=0.219300  (early_stop@9, trial=4.5min, avg=4.9min/trial, total=4.9min, ETA=34.2min)
[TRIAL_METRICS] cur_best_mrr20=0.219300 cur_best_hr10=0.357600 cur_test_mrr20=0.220500 cur_test_hr10=0.358500 run_best_mrr20=0.219300 run_best_hr10=0.357600 run_test_mrr20=0.220500 run_test_hr10=0.358500

[2/8] learning_rate=0.001217
  -> MRR@20=0.218400  best=0.219300  (early_stop@9, trial=4.4min, avg=4.7min/trial, total=9.3min, ETA=28.0min)
[TRIAL_METRICS] cur_best_mrr20=0.218400 cur_best_hr10=0.355900 cur_test_mrr20=0.218500 cur_test_hr10=0.358100 run_best_mrr20=0.219300 run_best_hr10=0.357600 run_test_mrr20=0.220500 run_test_hr10=0.358500

[3/8] learning_rate=0.00166
  -> MRR@20=0.217600  best=0.219300  (early_stop@7, trial=3.5min, avg=4.3min/trial, total=12.8min, ETA=21.4min)
[TRIAL_METRICS] cur_best_mrr20=0.217600 cur_best_hr10=0.351000 cur_test_mrr20=0.216400 cur_test_hr10=0.354100 run_best_mrr20=0.219300 run_best_hr10=0.357600 run_test_mrr20=0.220500 run_test_hr10=0.358500

[4/8] learning_rate=0.001577
  -> MRR@20=0.216700  best=0.219300  (early_stop@7, trial=3.5min, avg=4.1min/trial, total=16.4min, ETA=16.4min)
[TRIAL_METRICS] cur_best_mrr20=0.216700 cur_best_hr10=0.350400 cur_test_mrr20=0.216700 cur_test_hr10=0.354200 run_best_mrr20=0.219300 run_best_hr10=0.357600 run_test_mrr20=0.220500 run_test_hr10=0.358500

[5/8] learning_rate=0.001009
  -> MRR@20=0.219900  best=0.219900  (early_stop@9, trial=4.6min, avg=4.2min/trial, total=20.9min, ETA=12.6min)
[TRIAL_METRICS] cur_best_mrr20=0.219900 cur_best_hr10=0.357600 cur_test_mrr20=0.220900 cur_test_hr10=0.359200 run_best_mrr20=0.219900 run_best_hr10=0.357600 run_test_mrr20=0.220900 run_test_hr10=0.359200

[6/8] learning_rate=0.0017
  -> MRR@20=0.216300  best=0.219900  (early_stop@7, trial=3.6min, avg=4.1min/trial, total=24.5min, ETA=8.2min)
[TRIAL_METRICS] cur_best_mrr20=0.216300 cur_best_hr10=0.350300 cur_test_mrr20=0.216500 cur_test_hr10=0.354000 run_best_mrr20=0.219900 run_best_hr10=0.357600 run_test_mrr20=0.220900 run_test_hr10=0.359200

[7/8] learning_rate=0.00125
  -> MRR@20=0.217600  best=0.219900  (early_stop@9, trial=4.7min, avg=4.2min/trial, total=29.2min, ETA=4.2min)
[TRIAL_METRICS] cur_best_mrr20=0.217600 cur_best_hr10=0.355300 cur_test_mrr20=0.218100 cur_test_hr10=0.359000 run_best_mrr20=0.219900 run_best_hr10=0.357600 run_test_mrr20=0.220900 run_test_hr10=0.359200

[8/8] learning_rate=0.001456
  -> MRR@20=0.217300  best=0.219900  (early_stop@7, trial=3.4min, avg=4.1min/trial, total=32.7min, ETA=0s)
[TRIAL_METRICS] cur_best_mrr20=0.217300 cur_best_hr10=0.350700 cur_test_mrr20=0.216100 cur_test_hr10=0.354700 run_best_mrr20=0.219900 run_best_hr10=0.357600 run_test_mrr20=0.220900 run_test_hr10=0.359200

=================================================================
  DONE  |  FEARec x retail_rocket
  Best MRR@20 = 0.219900  |  8/8 trials OK
  Best HR@10  = 0.357600
  Test MRR@20 = 0.220900  (best-valid checkpoint)
  Test HR@10  = 0.359200  (best-valid checkpoint)
[RUN_METRICS] best_valid_mrr20=0.219900 best_valid_hr10=0.357600 test_mrr20=0.220900 test_hr10=0.359200
  Total time: 32.7 min
  Best params:
    learning_rate: 0.00100934
  Results -> /workspace/FeaturedMoE/experiments/run/artifacts/results/baseline/retail_rocket_FEARec_p24_i2_d12_mfearec_c10_i2_fearec_fb04_s1_20260412_171657_604542_pid217496.json
  Normal mirror -> /workspace/FeaturedMoE/experiments/run/artifacts/results/baseline/normal/stagei_progressiverecovery_anchor2_core5/P24/retail_rocket/FEARec/retail_rocket_FEARec_p24_i2_d12_mfearec_c10_i2_fearec_fb04_s1_20260412_171657_604542_pid217496.json
  Special result -> /workspace/FeaturedMoE/experiments/run/artifacts/results/baseline/special/stagei_progressiverecovery_anchor2_core5/P24/retail_rocket/FEARec/retail_rocket_FEARec_p24_i2_d12_mfearec_c10_i2_fearec_fb04_s1_20260412_171657_604542_pid217496_special_metrics.json
  Special log -> /workspace/FeaturedMoE/experiments/run/artifacts/logs/baseline/special/stagei_progressiverecovery_anchor2_core5/P24/retail_rocket/FEARec/retail_rocket_FEARec_p24_i2_d12_mfearec_c10_i2_fearec_fb04_s1_20260412_171657_604542_pid217496_special_metrics.json
=================================================================

[RUN_STATUS] END status=normal pid=217496 start=2026-04-12T17:16:57 end=2026-04-12T17:49:37
