# job_id=S2_LASTFM0_03_R10 dataset=lastfm0.03 model=featured_moe_n3 stage=stage2
# cmd=/venv/FMoE-server-c/bin/python3 hyperopt_tune.py --config-name config --search-algo tpe --max-evals 10 --tune-epochs 60 --tune-patience 6 --seed 710001 --run-group final_experiment --run-axis stage2_focus_search --run-phase S2_LASTFM0_03_FEATURED_MOE_N3_R10 model=featured_moe_n3_tune dataset=lastfm0.03 eval_mode=session_fixed feature_mode=full_v4 ++eval_sampling.mode=full ++eval_sampling.auto_full_threshold=999999999 ++special_logging=true ++exclude_unseen_target_from_main_eval=true ++log_unseen_target_metrics=true gpu_id=0 log_wandb=false enable_tf32=true fmoe_debug_logging=false fmoe_diag_logging=true fmoe_special_logging=true fmoe_feature_ablation_logging=false fmoe_eval_logging_timing=final_only ++fmoe_logging_output_root="run/artifacts/logging" ++fmoe_logging_layout="axis_dataset_arch_hparam" ++fmoe_architecture_id="A12" ++fmoe_architecture_key="A12_ATTN_MICRO_BEFORE_NO_BIAS_ALL_W5" ++fmoe_phase="STAGE2" ++phase_run_type="stage2" ++phase_axis_id="stage2_focus_search" ++phase_setting_id="R10" ++phase_hparam_id="" ++phase_seed_id=1 ++phase_run_id="S2_LASTFM0_03_R10" --max-run-hours 2 --oom-retry-limit 5 ++layer_layout=["attn","macro_ffn","mid_ffn","attn","micro_ffn"] ++stage_compute_mode={macro:"moe",mid:"moe",micro:"moe"} ++stage_router_mode={macro:"learned",mid:"learned",micro:"learned"} ++stage_router_source={macro:"both",mid:"both",micro:"both"} ++stage_feature_injection={macro:"none",mid:"none",micro:"none"} ++topk_scope_mode="global_flat" ++moe_top_k=0 ++balance_loss_lambda=0.0 ++z_loss_lambda=0.0 ++gate_entropy_lambda=0.0 ++route_smoothness_lambda=0.0 ++route_consistency_lambda=0.0 ++route_sharpness_lambda=0.0 ++route_monopoly_lambda=0.0 ++route_monopoly_tau=0.25 ++route_prior_lambda=0.0 ++group_prior_align_lambda=0.0 ++factored_group_balance_lambda=0.0 ++rule_agreement_lambda=0.0 ++group_coverage_lambda=0.0 ++feature_group_bias_lambda=0.0 ++rule_bias_scale=0.0 ++primitive_balance_lambda=0.0 ++wrapper_group_feature_align_lambda=0.0 ++stage_router_primitives={macro:{a_joint:{source:"feature",temperature:1.0,top_k:0},b_group:{source:"feature",temperature:1.0,top_k:0},c_shared:{source:"feature",temperature:1.0,top_k:0},d_cond:{source:"feature",temperature:1.0,top_k:0},e_scalar:{source:"feature",temperature:1.0,top_k:0},wrapper:{alpha_d:1.0,alpha_struct:1.0,alpha_a:1.0}},mid:{a_joint:{source:"feature",temperature:1.0,top_k:0},b_group:{source:"feature",temperature:1.0,top_k:0},c_shared:{source:"feature",temperature:1.0,top_k:0},d_cond:{source:"feature",temperature:1.0,top_k:0},e_scalar:{source:"feature",temperature:1.0,top_k:0},wrapper:{alpha_d:1.0,alpha_struct:1.0,alpha_a:1.0}},micro:{a_joint:{source:"feature",temperature:1.0,top_k:0},b_group:{source:"feature",temperature:1.0,top_k:0},c_shared:{source:"feature",temperature:1.0,top_k:0},d_cond:{source:"feature",temperature:1.0,top_k:0},e_scalar:{source:"feature",temperature:1.0,top_k:0},wrapper:{alpha_d:1.0,alpha_struct:1.0,alpha_a:1.0}}} ++stage_router_wrapper={macro:"w5_exd",mid:"w5_exd",micro:"w5_exd"} ++stage_router_granularity={macro:"session",mid:"session",micro:"token"} ++macro_history_window=5 ++route_consistency_pairs=1 ++route_consistency_min_sim=0.995 ++bias_mode="none" ++search.learning_rate=[0.00026159,0.00032958,0.00041525,0.00052318,0.00065917] ++search_space_type_overrides.learning_rate=choice ++search.weight_decay=[5e-07,1e-06,2e-06] ++search_space_type_overrides.weight_decay=choice ++search.MAX_ITEM_LIST_LENGTH=[10,20,30] ++search_space_type_overrides.MAX_ITEM_LIST_LENGTH=choice ++search.expert_scale=[2,3,4] ++search_space_type_overrides.expert_scale=choice ++search.d_router_hidden=[64,96,32] ++search_space_type_overrides.d_router_hidden=choice ++search.stage_feature_dropout_prob=[0.03,0.1,0.0] ++search_space_type_overrides.stage_feature_dropout_prob=choice ++search.attn_dropout_prob=[0.1,0.12,0.05] ++search_space_type_overrides.attn_dropout_prob=choice ++search.route_consistency_lambda=[0.0005,0.0012,0.00025] ++search_space_type_overrides.route_consistency_lambda=choice ++search.z_loss_lambda=[5e-05,0.0002,0.0001] ++search_space_type_overrides.z_loss_lambda=choice ++search.d_feat_emb=[16,12,8] ++search_space_type_overrides.d_feat_emb=choice ++search.hidden_dropout_prob=[0.12,0.1,0.14] ++search_space_type_overrides.hidden_dropout_prob=choice ++search.embedding_size=[224] ++search_space_type_overrides.embedding_size=choice ++search.hidden_size=[224] ++search_space_type_overrides.hidden_size=choice ++search.d_ff=[448] ++search_space_type_overrides.d_ff=choice ++search.d_expert_hidden=[224] ++search_space_type_overrides.d_expert_hidden=choice ++search.fixed_hidden_dropout_prob=[0.12] ++search_space_type_overrides.fixed_hidden_dropout_prob=choice ++search.stage_family_dropout_prob=[{macro:0.02,mid:0.02,micro:0.02}] ++search_space_type_overrides.stage_family_dropout_prob=choice ++search.router_feature_proj_dim=[0] ++search_space_type_overrides.router_feature_proj_dim=choice ++search.router_use_hidden=[true] ++search_space_type_overrides.router_use_hidden=choice ++search.router_use_feature=[true] ++search_space_type_overrides.router_use_feature=choice ++search.router_impl=["learned"] ++search_space_type_overrides.router_impl=choice ++search.lr_scheduler_type=["warmup_cosine"] ++search_space_type_overrides.lr_scheduler_type=choice

/venv/FMoE-server-c/lib/python3.10/site-packages/ray/_private/parameter.py:4: UserWarning: pkg_resources is deprecated as an API. See https://setuptools.pypa.io/en/latest/pkg_resources.html. The pkg_resources package is slated for removal as early as 2025-11-30. Refrain from using this package or pin to Setuptools<81.
  import pkg_resources
[RUN_STATUS] START pid=234744 ts=2026-04-18T23:12:37
[UniqueChoice] enabled: dedupe/remap duplicates across 295245 finite combos

=================================================================
  Hyperopt  |  FeaturedMoE_N3 x lastfm0.03
  max_evals=10  epochs=60  patience=6  wandb=off
  search_algo=tpe
  max_run_hours=2.000  (stop launching new trials after current trial)
  oom_retry_limit=5  (halve train/eval batch size on OOM)
  batch_size(train/valid/test)=2048/2048/2048
  track=final_experiment  axis=stage2_focus_search  phase=S2_LASTFM0_03_FEATURED_MOE_N3_R10
=================================================================
Changed knobs: MAX_ITEM_LIST_LENGTH, attn_dropout_prob, d_feat_emb, d_router_hidden, expert_scale, hidden_dropout_prob, learning_rate, route_consistency_lambda, stage_feature_dropout_prob, weight_decay, z_loss_lambda
Tuned params(len>1): 11  (~295245 discrete combos)
Tuned groups: 11
  [optimization]
    hidden_dropout_prob             [0.12, 0.1, 0.14]                         -> choice
    learning_rate                   [0.00026159, 0.00032958, 0.00041525, 0.00052318, 0.00065917]  -> choice
    weight_decay                    [5e-07, 1e-06, 2e-06]                     -> choice
  [model_core]
    attn_dropout_prob               [0.1, 0.12, 0.05]                         -> choice
    d_feat_emb                      [16, 12, 8]                               -> choice
    d_router_hidden                 [64, 96, 32]                              -> choice
    expert_scale                    [2, 3, 4]                                 -> choice
    stage_feature_dropout_prob      [0.03, 0.1, 0.0]                          -> choice
  [other]
    MAX_ITEM_LIST_LENGTH            [10, 20, 30]                              -> choice
    route_consistency_lambda        [0.0005, 0.0012, 0.00025]                 -> choice
    z_loss_lambda                   [5e-05, 0.0002, 0.0001]                   -> choice
Fixed params(singleton/non-list): 11
Fixed groups: 11
  [model_core]
    d_expert_hidden                 224                                     
    d_ff                            448                                     
    embedding_size                  224                                     
    fixed_hidden_dropout_prob       0.12                                    
    hidden_size                     224                                     
    stage_family_dropout_prob       {'macro': 0.02, 'mid': 0.02, 'micro': 0.02}
  [routing_moe]
    router_feature_proj_dim         0                                       
    router_impl                     learned                                 
    router_use_feature              True                                    
    router_use_hidden               True                                    
  [other]
    lr_scheduler_type               warmup_cosine                           

[Wandb] disabled for this hyperopt run

[1/10] MAX_ITEM_LIST_LENGTH=30, attn_dropout_prob=0.05, d_feat_emb=16, d_router_hidden=64, expert_scale=3, hidden_dropout_prob=0.1, learning_rate=0.0006592, route_consistency_lambda=0.0012, stage_feature_dropout_prob=0.03, weight_decay=1e-06, z_loss_lambda=0.0001
  -> MRR@20=0.306500  best=0.306500  (early_stop@15, trial=8.6min, avg=8.8min/trial, total=8.8min, ETA=1.31h)
[TRIAL_METRICS] cur_best_mrr20=0.306500 cur_best_hr10=0.379700 cur_test_mrr20=0.307900 cur_test_hr10=0.394700 avg_epoch_time_sec=34.3790 test_eval_time_sec=0.3406 test_eval_batches_per_sec=5.8714 test_eval_targets_per_sec=10095.8980 run_best_mrr20=0.306500 run_best_hr10=0.379700 run_test_mrr20=0.307900 run_test_hr10=0.394700

[2/10] MAX_ITEM_LIST_LENGTH=20, attn_dropout_prob=0.12, d_feat_emb=12, d_router_hidden=64, expert_scale=4, hidden_dropout_prob=0.14, learning_rate=0.0004152, route_consistency_lambda=0.0012, stage_feature_dropout_prob=0, weight_decay=1e-06, z_loss_lambda=0.0002
  -> MRR@20=0.314000  best=0.314000  (early_stop@27, trial=14.6min, avg=11.7min/trial, total=23.4min, ETA=1.56h)
[TRIAL_METRICS] cur_best_mrr20=0.314000 cur_best_hr10=0.379300 cur_test_mrr20=0.307800 cur_test_hr10=0.383100 avg_epoch_time_sec=32.4884 test_eval_time_sec=0.2937 test_eval_batches_per_sec=6.8086 test_eval_targets_per_sec=11707.4222 run_best_mrr20=0.314000 run_best_hr10=0.379300 run_test_mrr20=0.307800 run_test_hr10=0.383100

[3/10] MAX_ITEM_LIST_LENGTH=10, attn_dropout_prob=0.12, d_feat_emb=16, d_router_hidden=32, expert_scale=2, hidden_dropout_prob=0.12, learning_rate=0.0005232, route_consistency_lambda=0.0012, stage_feature_dropout_prob=0.03, weight_decay=1e-06, z_loss_lambda=0.0001
  -> MRR@20=0.316100  best=0.316100  (early_stop@19, trial=8.2min, avg=10.6min/trial, total=31.7min, ETA=1.23h)
[TRIAL_METRICS] cur_best_mrr20=0.316100 cur_best_hr10=0.381000 cur_test_mrr20=0.314100 cur_test_hr10=0.395800 avg_epoch_time_sec=25.8666 test_eval_time_sec=0.2564 test_eval_batches_per_sec=7.7990 test_eval_targets_per_sec=13410.3863 run_best_mrr20=0.316100 run_best_hr10=0.381000 run_test_mrr20=0.314100 run_test_hr10=0.395800

[4/10] MAX_ITEM_LIST_LENGTH=20, attn_dropout_prob=0.05, d_feat_emb=12, d_router_hidden=32, expert_scale=4, hidden_dropout_prob=0.12, learning_rate=0.0002616, route_consistency_lambda=0.0012, stage_feature_dropout_prob=0.03, weight_decay=5e-07, z_loss_lambda=0.0002
  -> MRR@20=0.312100  best=0.316100  (early_stop@42, trial=23.0min, avg=13.7min/trial, total=54.7min, ETA=1.37h)
[TRIAL_METRICS] cur_best_mrr20=0.312100 cur_best_hr10=0.375800 cur_test_mrr20=0.310600 cur_test_hr10=0.384900 avg_epoch_time_sec=32.7682 test_eval_time_sec=0.3080 test_eval_batches_per_sec=6.4944 test_eval_targets_per_sec=11167.1372 run_best_mrr20=0.316100 run_best_hr10=0.381000 run_test_mrr20=0.314100 run_test_hr10=0.395800

[5/10] MAX_ITEM_LIST_LENGTH=20, attn_dropout_prob=0.12, d_feat_emb=8, d_router_hidden=96, expert_scale=4, hidden_dropout_prob=0.1, learning_rate=0.0003296, route_consistency_lambda=0.0012, stage_feature_dropout_prob=0.03, weight_decay=1e-06, z_loss_lambda=5e-05
  -> MRR@20=0.313700  best=0.316100  (early_stop@28, trial=15.1min, avg=14.0min/trial, total=1.16h, ETA=1.16h)
[TRIAL_METRICS] cur_best_mrr20=0.313700 cur_best_hr10=0.381600 cur_test_mrr20=0.312400 cur_test_hr10=0.389600 avg_epoch_time_sec=32.3192 test_eval_time_sec=0.2880 test_eval_batches_per_sec=6.9440 test_eval_targets_per_sec=11940.2759 run_best_mrr20=0.316100 run_best_hr10=0.381000 run_test_mrr20=0.314100 run_test_hr10=0.395800

[6/10] MAX_ITEM_LIST_LENGTH=30, attn_dropout_prob=0.05, d_feat_emb=12, d_router_hidden=64, expert_scale=3, hidden_dropout_prob=0.1, learning_rate=0.0004152, route_consistency_lambda=0.0005, stage_feature_dropout_prob=0, weight_decay=2e-06, z_loss_lambda=0.0001
  -> MRR@20=0.313500  best=0.316100  (early_stop@23, trial=13.0min, avg=13.8min/trial, total=1.38h, ETA=55.2min)
[TRIAL_METRICS] cur_best_mrr20=0.313500 cur_best_hr10=0.381600 cur_test_mrr20=0.313100 cur_test_hr10=0.386700 avg_epoch_time_sec=33.8594 test_eval_time_sec=0.3129 test_eval_batches_per_sec=6.3921 test_eval_targets_per_sec=10991.1734 run_best_mrr20=0.316100 run_best_hr10=0.381000 run_test_mrr20=0.314100 run_test_hr10=0.395800

[7/10] MAX_ITEM_LIST_LENGTH=30, attn_dropout_prob=0.12, d_feat_emb=12, d_router_hidden=96, expert_scale=2, hidden_dropout_prob=0.12, learning_rate=0.0004152, route_consistency_lambda=0.00025, stage_feature_dropout_prob=0.03, weight_decay=5e-07, z_loss_lambda=0.0001
  -> MRR@20=0.314500  best=0.316100  (early_stop@21, trial=10.9min, avg=13.4min/trial, total=1.56h, ETA=40.2min)
[TRIAL_METRICS] cur_best_mrr20=0.314500 cur_best_hr10=0.383200 cur_test_mrr20=0.313900 cur_test_hr10=0.388200 avg_epoch_time_sec=31.0007 test_eval_time_sec=0.2906 test_eval_batches_per_sec=6.8818 test_eval_targets_per_sec=11833.2988 run_best_mrr20=0.316100 run_best_hr10=0.381000 run_test_mrr20=0.314100 run_test_hr10=0.395800

[8/10] MAX_ITEM_LIST_LENGTH=10, attn_dropout_prob=0.1, d_feat_emb=8, d_router_hidden=96, expert_scale=3, hidden_dropout_prob=0.14, learning_rate=0.0002616, route_consistency_lambda=0.00025, stage_feature_dropout_prob=0, weight_decay=1e-06, z_loss_lambda=5e-05
  -> MRR@20=0.311600  best=0.316100  (early_stop@33, trial=14.9min, avg=13.6min/trial, total=1.81h, ETA=27.2min)
[TRIAL_METRICS] cur_best_mrr20=0.311600 cur_best_hr10=0.387700 cur_test_mrr20=0.308300 cur_test_hr10=0.390700 avg_epoch_time_sec=26.9955 test_eval_time_sec=0.2488 test_eval_batches_per_sec=8.0370 test_eval_targets_per_sec=13819.6435 run_best_mrr20=0.316100 run_best_hr10=0.381000 run_test_mrr20=0.314100 run_test_hr10=0.395800

[9/10] MAX_ITEM_LIST_LENGTH=30, attn_dropout_prob=0.05, d_feat_emb=16, d_router_hidden=96, expert_scale=2, hidden_dropout_prob=0.14, learning_rate=0.0004152, route_consistency_lambda=0.0005, stage_feature_dropout_prob=0.1, weight_decay=5e-07, z_loss_lambda=0.0001
  -> MRR@20=0.308300  best=0.316100  (early_stop@20, trial=10.4min, avg=13.2min/trial, total=1.98h, ETA=13.2min)
[TRIAL_METRICS] cur_best_mrr20=0.308300 cur_best_hr10=0.388000 cur_test_mrr20=0.308100 cur_test_hr10=0.397600 avg_epoch_time_sec=31.1371 test_eval_time_sec=0.2904 test_eval_batches_per_sec=6.8864 test_eval_targets_per_sec=11841.2257 run_best_mrr20=0.316100 run_best_hr10=0.381000 run_test_mrr20=0.314100 run_test_hr10=0.395800

[10/10] MAX_ITEM_LIST_LENGTH=20, attn_dropout_prob=0.12, d_feat_emb=8, d_router_hidden=32, expert_scale=2, hidden_dropout_prob=0.12, learning_rate=0.0005232, route_consistency_lambda=0.00025, stage_feature_dropout_prob=0.03, weight_decay=1e-06, z_loss_lambda=5e-05
  -> MRR@20=0.310100  best=0.316100  (early_stop@21, trial=9.9min, avg=12.9min/trial, total=2.15h, ETA=0s)
[TRIAL_METRICS] cur_best_mrr20=0.310100 cur_best_hr10=0.375500 cur_test_mrr20=0.307500 cur_test_hr10=0.382700 avg_epoch_time_sec=28.3266 test_eval_time_sec=0.2685 test_eval_batches_per_sec=7.4489 test_eval_targets_per_sec=12808.4396 run_best_mrr20=0.316100 run_best_hr10=0.381000 run_test_mrr20=0.314100 run_test_hr10=0.395800
[TIME_BUDGET] reached limit=2.000h after 10/10 trials (elapsed=2.15h). Stopping new trials and finalizing current best.
[1;35mEvaluate   [0m:   0%|                                                            | 0/2 [00:00<?, ?it/s][0m[1;35mEvaluate   [0m:   0%|                                  | 0/2 [00:01<?, ?it/s, [1;33mGPU RAM: 11.37 G/23.56 G[0m][0m[1;35mEvaluate   [0m:  50%|█████████████             | 1/2 [00:01<00:01,  1.42s/it, [1;33mGPU RAM: 11.37 G/23.56 G[0m][0m[1;35mEvaluate   [0m:  50%|█████████████             | 1/2 [00:02<00:01,  1.42s/it, [1;33mGPU RAM: 11.37 G/23.56 G[0m][0m[1;35mEvaluate   [0m: 100%|██████████████████████████| 2/2 [00:02<00:00,  1.21s/it, [1;33mGPU RAM: 11.37 G/23.56 G[0m][0m                                                                                                    [1;35mEvaluate   [0m:   0%|                                                            | 0/2 [00:00<?, ?it/s][0m[1;35mEvaluate   [0m:   0%|                                  | 0/2 [00:01<?, ?it/s, [1;33mGPU RAM: 11.37 G/23.56 G[0m][0m[1;35mEvaluate   [0m:  50%|█████████████             | 1/2 [00:01<00:01,  1.40s/it, [1;33mGPU RAM: 11.37 G/23.56 G[0m][0m[1;35mEvaluate   [0m:  50%|█████████████             | 1/2 [00:02<00:01,  1.40s/it, [1;33mGPU RAM: 11.37 G/23.56 G[0m][0m[1;35mEvaluate   [0m: 100%|██████████████████████████| 2/2 [00:02<00:00,  1.14s/it, [1;33mGPU RAM: 11.37 G/23.56 G[0m][0m                                                                                                    [1;35mEvaluate   [0m:   0%|                                                            | 0/2 [00:00<?, ?it/s][0m[1;35mEvaluate   [0m:   0%|                                  | 0/2 [00:01<?, ?it/s, [1;33mGPU RAM: 11.37 G/23.56 G[0m][0m[1;35mEvaluate   [0m:  50%|█████████████             | 1/2 [00:01<00:01,  1.41s/it, [1;33mGPU RAM: 11.37 G/23.56 G[0m][0m[1;35mEvaluate   [0m:  50%|█████████████             | 1/2 [00:02<00:01,  1.41s/it, [1;33mGPU RAM: 11.37 G/23.56 G[0m][0m[1;35mEvaluate   [0m: 100%|██████████████████████████| 2/2 [00:02<00:00,  1.21s/it, [1;33mGPU RAM: 11.37 G/23.56 G[0m][0m                                                                                                    
=================================================================
  DONE  |  FeaturedMoE_N3 x lastfm0.03
  Best MRR@20 = 0.316100  |  10/10 trials OK
  Best HR@10  = 0.381000
  Test MRR@20 = 0.314100  (best-valid checkpoint)
  Test HR@10  = 0.395800  (best-valid checkpoint)
  Stop reason = time_budget(2.000h) reached at 2.15h
  Avg epoch time = 25.867 sec/epoch
  Final test eval = 0.256 sec | batches/s=7.799 | targets/s=13410.386
[RUN_METRICS] best_valid_mrr20=0.316100 best_valid_hr10=0.381000 test_mrr20=0.314100 test_hr10=0.395800 avg_epoch_time_sec=25.8666 test_eval_time_sec=0.2564 test_eval_batches_per_sec=7.7990 test_eval_targets_per_sec=13410.3863
  Total time: 129.2 min
  Best params:
    MAX_ITEM_LIST_LENGTH: 10
    attn_dropout_prob: 0.12
    d_feat_emb: 16
    d_router_hidden: 32
    expert_scale: 2
    hidden_dropout_prob: 0.12
    learning_rate: 0.00052318
    route_consistency_lambda: 0.0012
    stage_feature_dropout_prob: 0.03
    weight_decay: 1e-06
    z_loss_lambda: 0.0001
  Results -> /workspace/FeaturedMoE/experiments/run/artifacts/results/final_experiment/lastfm0.03_FeaturedMoE_N3_s2_lastfm0_03_featured_moe_n3_r10_20260418_231238_575658_pid234744.json
  Normal mirror -> /workspace/FeaturedMoE/experiments/run/artifacts/results/final_experiment/normal/stage2_focus_search/S2/lastfm0.03/FMoEN3/lastfm0.03_FeaturedMoE_N3_s2_lastfm0_03_featured_moe_n3_r10_20260418_231238_575658_pid234744.json
  Special result -> /workspace/FeaturedMoE/experiments/run/artifacts/results/final_experiment/special/stage2_focus_search/S2/lastfm0.03/FMoEN3/lastfm0.03_FeaturedMoE_N3_s2_lastfm0_03_featured_moe_n3_r10_20260418_231238_575658_pid234744_special_metrics.json
  Special log -> /workspace/FeaturedMoE/experiments/run/artifacts/logs/final_experiment/special/stage2_focus_search/S2/lastfm0.03/FMoEN3/lastfm0.03_FeaturedMoE_N3_s2_lastfm0_03_featured_moe_n3_r10_20260418_231238_575658_pid234744_special_metrics.json
=================================================================

[RUN_STATUS] END status=normal pid=234744 start=2026-04-18T23:12:37 end=2026-04-19T01:21:49
