[STAGEI_PROGRESSIVE_RECOVERY_ANCHOR2_CORE5_SETTING_HEADER]
run_phase=P24_S2_I1S2_D01_MBSAREC_C12_I1S2_BSAREC_FREQ_MIDMIX_CTRL_S1 run_id=I1S2_AMAZON_BEAUTY_BSAREC_I1S2_BSAREC_FREQ_MIDMIX_CTRL_S1 phase_id=P24 axis_id=SI step_name=step2 pass_name=pass1 model=BSARec candidate_id=I1S2_BSAREC_FREQ_MIDMIX_CTRL seed=1
dataset=amazon_beauty gpu=5 candidate_source=root_cause_hypothesis source_stage=step2_hypothesis_bank anchor_run_id=SH_AMAZON_BEAUTY_BSAREC_FAD_H3_R1_PASS5_DIM320_XHI_S1 hypothesis_family=freq_midmix root_cause_tag=bsarec_missing_alpha batch_profile=step2:pass1:bs1664/2048
max_evals=10 tune_epochs=100 tune_patience=5
seed=240011

[COMMAND]
- /venv/FMoE/bin/python hyperopt_tune.py --config-name tune_ab --max-evals 10 --tune-epochs 100 --tune-patience 5 --seed 240011 --run-group baseline --run-axis StageI_ProgressiveRecovery_anchor2_core5 --run-phase P24_S2_I1S2_D01_MBSAREC_C12_I1S2_BSAREC_FREQ_MIDMIX_CTRL_S1 model=bsarec dataset=amazon_beauty eval_mode=session_fixed feature_mode=full_v3 gpu_id=5 log_wandb=false show_progress=false ++special_logging=true ++seed=240011 ++search={learning_rate:[0.0003996557803388021,0.0007749683952683108]} ++search_space_type_overrides={learning_rate:"loguniform"} ++weight_decay=0.00012 ++search.weight_decay=[0.00012] ++search_space_type_overrides.weight_decay=choice ++search.n_layers=[3] ++search_space_type_overrides.n_layers=choice ++search.num_layers=[3] ++search_space_type_overrides.num_layers=choice ++search.n_heads=[4] ++search_space_type_overrides.n_heads=choice ++search.num_heads=[4] ++search_space_type_overrides.num_heads=choice ++search.dropout_ratio=[0.1] ++search_space_type_overrides.dropout_ratio=choice ++search.dropout_prob=[0.1] ++search_space_type_overrides.dropout_prob=choice ++search.hidden_dropout_prob=[0.1] ++search_space_type_overrides.hidden_dropout_prob=choice ++search.attn_dropout_prob=[0.1] ++search_space_type_overrides.attn_dropout_prob=choice ++search.hidden_size=[192] ++search_space_type_overrides.hidden_size=choice ++search.embedding_size=[192] ++search_space_type_overrides.embedding_size=choice ++search.inner_size=[384] ++search_space_type_overrides.inner_size=choice ++search.time_span=[512] ++search_space_type_overrides.time_span=choice ++search.num_experts=[8] ++search_space_type_overrides.num_experts=choice ++search.state_size=[32] ++search_space_type_overrides.state_size=choice ++search.conv_kernel=[8] ++search_space_type_overrides.conv_kernel=choice ++search.remaining_ratio=[0.7] ++search_space_type_overrides.remaining_ratio=choice ++search.MAX_ITEM_LIST_LENGTH=[14] ++search_space_type_overrides.MAX_ITEM_LIST_LENGTH=choice ++dropout_ratio=0.1 ++bsarec_alpha=0.5 ++train_batch_size=1664 ++eval_batch_size=2048 ++hidden_size=192 ++embedding_size=192 ++MAX_ITEM_LIST_LENGTH=14 ++num_layers=3 ++n_layers=3 ++num_heads=4 ++n_heads=4 ++inner_size=384
/venv/FMoE/lib/python3.10/site-packages/ray/_private/parameter.py:4: UserWarning: pkg_resources is deprecated as an API. See https://setuptools.pypa.io/en/latest/pkg_resources.html. The pkg_resources package is slated for removal as early as 2025-11-30. Refrain from using this package or pin to Setuptools<81.
  import pkg_resources
[RUN_STATUS] START pid=360663 ts=2026-04-13T03:08:46

=================================================================
  Hyperopt TPE  |  BSARec x amazon_beauty
  max_evals=10  epochs=100  patience=5  wandb=off
  batch_size(train/valid/test)=1664/2048/2048
  track=baseline  axis=stagei_progressiverecovery_anchor2_core5  phase=P24_S2_I1S2_D01_MBSAREC_C12_I1S2_BSAREC_FREQ_MIDMIX_CTRL_S1
=================================================================
Changed knobs: learning_rate
Tuned params(len>1): 1  (~1 discrete combos)
Tuned groups: 1
  [optimization]
    learning_rate                   [0.0003996557803388021, 0.0007749683952683108]  -> loguniform
Fixed params(singleton/non-list): 18
Fixed groups: 18
  [optimization]
    hidden_dropout_prob             0.1                                     
    weight_decay                    0.00012                                 
  [model_core]
    attn_dropout_prob               0.1                                     
    dropout_prob                    0.1                                     
    dropout_ratio                   0.1                                     
    embedding_size                  192                                     
    hidden_size                     192                                     
    inner_size                      384                                     
    num_heads                       4                                       
    num_layers                      3                                       
  [other]
    MAX_ITEM_LIST_LENGTH            14                                      
    conv_kernel                     8                                       
    n_heads                         4                                       
    n_layers                        3                                       
    num_experts                     8                                       
    remaining_ratio                 0.7                                     
    state_size                      32                                      
    time_span                       512                                     

[Wandb] disabled for this hyperopt run

[1/10] learning_rate=0.0004489
  -> MRR@20=0.009300  best=0.009300  (early_stop@9, trial=2s, avg=4s/trial, total=4s, ETA=35s)
[TRIAL_METRICS] cur_best_mrr20=0.009300 cur_best_hr10=0.008800 cur_test_mrr20=0.000500 cur_test_hr10=0.000000 run_best_mrr20=0.009300 run_best_hr10=0.008800 run_test_mrr20=0.000500 run_test_hr10=0.000000

[2/10] learning_rate=0.0006454
  -> MRR@20=0.010500  best=0.010500  (early_stop@11, trial=2s, avg=3s/trial, total=6s, ETA=24s)
[TRIAL_METRICS] cur_best_mrr20=0.010500 cur_best_hr10=0.017700 cur_test_mrr20=0.000000 cur_test_hr10=0.000000 run_best_mrr20=0.010500 run_best_hr10=0.017700 run_test_mrr20=0.000000 run_test_hr10=0.000000

[3/10] learning_rate=0.0006441
  -> MRR@20=0.011200  best=0.011200  (early_stop@15, trial=3s, avg=3s/trial, total=9s, ETA=21s)
[TRIAL_METRICS] cur_best_mrr20=0.011200 cur_best_hr10=0.017700 cur_test_mrr20=0.000000 cur_test_hr10=0.000000 run_best_mrr20=0.011200 run_best_hr10=0.017700 run_test_mrr20=0.000000 run_test_hr10=0.000000

[4/10] learning_rate=0.000587
  -> MRR@20=0.009800  best=0.011200  (early_stop@11, trial=2s, avg=3s/trial, total=11s, ETA=17s)
[TRIAL_METRICS] cur_best_mrr20=0.009800 cur_best_hr10=0.017700 cur_test_mrr20=0.000000 cur_test_hr10=0.000000 run_best_mrr20=0.011200 run_best_hr10=0.017700 run_test_mrr20=0.000000 run_test_hr10=0.000000

[5/10] learning_rate=0.0006252
  -> MRR@20=0.011900  best=0.011900  (early_stop@17, trial=3s, avg=3s/trial, total=15s, ETA=15s)
[TRIAL_METRICS] cur_best_mrr20=0.011900 cur_best_hr10=0.026500 cur_test_mrr20=0.000000 cur_test_hr10=0.000000 run_best_mrr20=0.011900 run_best_hr10=0.026500 run_test_mrr20=0.000000 run_test_hr10=0.000000

[6/10] learning_rate=0.0004881
  -> MRR@20=0.011800  best=0.011900  (early_stop@9, trial=1s, avg=3s/trial, total=16s, ETA=11s)
[TRIAL_METRICS] cur_best_mrr20=0.011800 cur_best_hr10=0.017700 cur_test_mrr20=0.002200 cur_test_hr10=0.008800 run_best_mrr20=0.011900 run_best_hr10=0.026500 run_test_mrr20=0.000000 run_test_hr10=0.000000

[7/10] learning_rate=0.0006397
  -> MRR@20=0.011400  best=0.011900  (early_stop@15, trial=2s, avg=3s/trial, total=19s, ETA=8s)
[TRIAL_METRICS] cur_best_mrr20=0.011400 cur_best_hr10=0.026500 cur_test_mrr20=0.000000 cur_test_hr10=0.000000 run_best_mrr20=0.011900 run_best_hr10=0.026500 run_test_mrr20=0.000000 run_test_hr10=0.000000

[8/10] learning_rate=0.0007438
  -> MRR@20=0.008800  best=0.011900  (early_stop@10, trial=2s, avg=3s/trial, total=21s, ETA=5s)
[TRIAL_METRICS] cur_best_mrr20=0.008800 cur_best_hr10=0.008800 cur_test_mrr20=0.000000 cur_test_hr10=0.000000 run_best_mrr20=0.011900 run_best_hr10=0.026500 run_test_mrr20=0.000000 run_test_hr10=0.000000

[9/10] learning_rate=0.0005646
  -> MRR@20=0.009600  best=0.011900  (early_stop@8, trial=1s, avg=3s/trial, total=23s, ETA=3s)
[TRIAL_METRICS] cur_best_mrr20=0.009600 cur_best_hr10=0.008800 cur_test_mrr20=0.000000 cur_test_hr10=0.000000 run_best_mrr20=0.011900 run_best_hr10=0.026500 run_test_mrr20=0.000000 run_test_hr10=0.000000

[10/10] learning_rate=0.0005448
  -> MRR@20=0.009500  best=0.011900  (early_stop@8, trial=1s, avg=2s/trial, total=25s, ETA=0s)
[TRIAL_METRICS] cur_best_mrr20=0.009500 cur_best_hr10=0.008800 cur_test_mrr20=0.000000 cur_test_hr10=0.000000 run_best_mrr20=0.011900 run_best_hr10=0.026500 run_test_mrr20=0.000000 run_test_hr10=0.000000

=================================================================
  DONE  |  BSARec x amazon_beauty
  Best MRR@20 = 0.011900  |  10/10 trials OK
  Best HR@10  = 0.026500
  Test MRR@20 = 0.000000  (best-valid checkpoint)
  Test HR@10  = 0.000000  (best-valid checkpoint)
[RUN_METRICS] best_valid_mrr20=0.011900 best_valid_hr10=0.026500 test_mrr20=0.000000 test_hr10=0.000000
  Total time: 0.4 min
  Best params:
    learning_rate: 0.000625168
  Results -> /workspace/FeaturedMoE/experiments/run/artifacts/results/baseline/amazon_beauty_BSARec_p24_s2_i1s2_d01_mbsarec_c12_i1s2_bsarec_freq_midmix_ctrl_s1_20260413_030846_320489_pid360663.json
  Normal mirror -> /workspace/FeaturedMoE/experiments/run/artifacts/results/baseline/normal/stagei_progressiverecovery_anchor2_core5/P24/amazon_beauty/BSARec/amazon_beauty_BSARec_p24_s2_i1s2_d01_mbsarec_c12_i1s2_bsarec_freq_midmix_ctrl_s1_20260413_030846_320489_pid360663.json
  Special result -> /workspace/FeaturedMoE/experiments/run/artifacts/results/baseline/special/stagei_progressiverecovery_anchor2_core5/P24/amazon_beauty/BSARec/amazon_beauty_BSARec_p24_s2_i1s2_d01_mbsarec_c12_i1s2_bsarec_freq_midmix_ctrl_s1_20260413_030846_320489_pid360663_special_metrics.json
  Special log -> /workspace/FeaturedMoE/experiments/run/artifacts/logs/baseline/special/stagei_progressiverecovery_anchor2_core5/P24/amazon_beauty/BSARec/amazon_beauty_BSARec_p24_s2_i1s2_d01_mbsarec_c12_i1s2_bsarec_freq_midmix_ctrl_s1_20260413_030846_320489_pid360663_special_metrics.json
=================================================================

[RUN_STATUS] END status=normal pid=360663 start=2026-04-13T03:08:46 end=2026-04-13T03:09:11
