# job_id=ADD_STAGE3_MOVIELENS1M_DUOREC_C1_SEED1 dataset=movielens1m model=duorec stage=stage3
# cmd=/venv/FMoE/bin/python /workspace/FeaturedMoE/experiments/hyperopt_tune.py --config-name tune_ml --search-algo tpe --max-evals 1 --tune-epochs 100 --tune-patience 10 --seed 930049 --run-group final_experiment_addtuning --run-axis add_stage3_seed_confirm --run-phase ADD_STAGE3_MOVIELENS1M_DUOREC_C1_SEED1 model=duorec dataset=movielens1m eval_mode=session_fixed feature_mode=full_v4 ++eval_sampling.mode=full ++eval_sampling.auto_full_threshold=999999999 ++special_logging=true ++exclude_unseen_target_from_main_eval=true ++log_unseen_target_metrics=true gpu_id=7 log_wandb=false show_progress=false ++seed=930049 --max-run-hours 2 --oom-retry-limit 5 ++search.dropout_ratio=[0.12] ++search_space_type_overrides.dropout_ratio=choice ++search.MAX_ITEM_LIST_LENGTH=[30] ++search_space_type_overrides.MAX_ITEM_LIST_LENGTH=choice ++search.attn_dropout_prob=[0.12] ++search_space_type_overrides.attn_dropout_prob=choice ++search.embedding_size=[112] ++search_space_type_overrides.embedding_size=choice ++search.hidden_dropout_prob=[0.13] ++search_space_type_overrides.hidden_dropout_prob=choice ++search.hidden_size=[96] ++search_space_type_overrides.hidden_size=choice ++search.inner_size=[224] ++search_space_type_overrides.inner_size=choice ++search.learning_rate=[0.00046016] ++search_space_type_overrides.learning_rate=choice ++search.lmd=[0.05] ++search_space_type_overrides.lmd=choice ++search.lmd_sem=[0.0] ++search_space_type_overrides.lmd_sem=choice ++search.n_heads=[4] ++search_space_type_overrides.n_heads=choice ++search.n_layers=[2] ++search_space_type_overrides.n_layers=choice ++search.tau=[0.2] ++search_space_type_overrides.tau=choice ++search.weight_decay=[0.00010229593556023368] ++search_space_type_overrides.weight_decay=choice

/venv/FMoE/lib/python3.10/site-packages/ray/_private/parameter.py:4: UserWarning: pkg_resources is deprecated as an API. See https://setuptools.pypa.io/en/latest/pkg_resources.html. The pkg_resources package is slated for removal as early as 2025-11-30. Refrain from using this package or pin to Setuptools<81.
  import pkg_resources
[RUN_STATUS] START pid=1758966 ts=2026-04-19T08:37:30

=================================================================
  Hyperopt  |  DuoRec x movielens1m
  max_evals=1  epochs=100  patience=10  wandb=off
  search_algo=tpe
  max_run_hours=2.000  (stop launching new trials after current trial)
  oom_retry_limit=5  (halve train/eval batch size on OOM)
  batch_size(train/valid/test)=4096/4096/4096
  track=final_experiment_addtuning  axis=add_stage3_seed_confirm  phase=ADD_STAGE3_MOVIELENS1M_DUOREC_C1_SEED1
=================================================================
Changed knobs: (none; single-run mode)
Tuned params(len>1): 0  (~1 discrete combos)
Tuned groups: 0
  (none)
Fixed params(singleton/non-list): 14
Fixed groups: 14
  [optimization]
    hidden_dropout_prob             0.13                                    
    learning_rate                   0.00046016                              
    weight_decay                    0.00010229593556023368                  
  [model_core]
    attn_dropout_prob               0.12                                    
    dropout_ratio                   0.12                                    
    embedding_size                  112                                     
    hidden_size                     96                                      
    inner_size                      224                                     
  [other]
    MAX_ITEM_LIST_LENGTH            30                                      
    lmd                             0.05                                    
    lmd_sem                         0.0                                     
    n_heads                         4                                       
    n_layers                        2                                       
    tau                             0.2                                     

[Wandb] disabled for this hyperopt run

[1/1] (fixed-only run)
  -> MRR@20=0.083700  best=0.083700  (early_stop@62, trial=19.1min, avg=19.3min/trial, total=19.3min, ETA=0s)
[TRIAL_METRICS] cur_best_mrr20=0.083700 cur_best_hr10=0.212900 cur_test_mrr20=0.055300 cur_test_hr10=0.149600 avg_epoch_time_sec=18.4552 test_eval_time_sec=0.0475 test_eval_batches_per_sec=21.0703 test_eval_targets_per_sec=45490.8638 run_best_mrr20=0.083700 run_best_hr10=0.212900 run_test_mrr20=0.055300 run_test_hr10=0.149600

=================================================================
  DONE  |  DuoRec x movielens1m
  Best MRR@20 = 0.083700  |  1/1 trials OK
  Best HR@10  = 0.212900
  Test MRR@20 = 0.055300  (best-valid checkpoint)
  Test HR@10  = 0.149600  (best-valid checkpoint)
  Avg epoch time = 18.455 sec/epoch
  Final test eval = 0.047 sec | batches/s=21.070 | targets/s=45490.864
[RUN_METRICS] best_valid_mrr20=0.083700 best_valid_hr10=0.212900 test_mrr20=0.055300 test_hr10=0.149600 avg_epoch_time_sec=18.4552 test_eval_time_sec=0.0475 test_eval_batches_per_sec=21.0703 test_eval_targets_per_sec=45490.8638
  Total time: 19.3 min
  Best params:
  Results -> /workspace/FeaturedMoE/experiments/run/artifacts/results/final_experiment_addtuning/movielens1m_DuoRec_add_stage3_movielens1m_duorec_c1_seed1_20260419_083730_355431_pid1758966.json
  Normal mirror -> /workspace/FeaturedMoE/experiments/run/artifacts/results/final_experiment_addtuning/normal/add_stage3_seed_confirm/ADD/movielens1m/DuoRec/movielens1m_DuoRec_add_stage3_movielens1m_duorec_c1_seed1_20260419_083730_355431_pid1758966.json
  Special result -> /workspace/FeaturedMoE/experiments/run/artifacts/results/final_experiment_addtuning/special/add_stage3_seed_confirm/ADD/movielens1m/DuoRec/movielens1m_DuoRec_add_stage3_movielens1m_duorec_c1_seed1_20260419_083730_355431_pid1758966_special_metrics.json
  Special log -> /workspace/FeaturedMoE/experiments/run/artifacts/logs/final_experiment_addtuning/special/add_stage3_seed_confirm/ADD/movielens1m/DuoRec/movielens1m_DuoRec_add_stage3_movielens1m_duorec_c1_seed1_20260419_083730_355431_pid1758966_special_metrics.json
=================================================================

[RUN_STATUS] END status=normal pid=1758966 start=2026-04-19T08:37:30 end=2026-04-19T08:56:47
