# stage=A dataset=lastfm0.03 model=sasrec candidate=A028_L06
# cmd=/venv/FMoE/bin/python hyperopt_tune.py --config-name tune_lfm_small --max-evals 1 --tune-epochs 18 --tune-patience 4 --search-algo random --seed 1 --run-group baseline_2 --run-axis ABCD_v1 --run-phase ABCD_v1_A_DLASTFM0.03_MSASREC_A028_L06_S1 model=sasrec dataset=lastfm0.03 eval_mode=session_fixed feature_mode=full_v4 gpu_id=1 log_wandb=false show_progress=false ++MAX_ITEM_LIST_LENGTH=50 ++eval_sampling.mode=full ++eval_sampling.auto_full_threshold=999999999 ++special_logging=true ++exclude_unseen_target_from_main_eval=true ++log_unseen_target_metrics=true ++hidden_size=192 ++embedding_size=192 ++n_layers=2 ++num_layers=2 ++n_heads=1 ++num_heads=1 ++inner_size=384 ++dropout_ratio=0.25 ++seed=1 ++search.MAX_ITEM_LIST_LENGTH=[50] ++search.weight_decay=[0.0005] ++search.hidden_size=[192] ++search.embedding_size=[192] ++search.n_layers=[2] ++search.num_layers=[2] ++search.n_heads=[1] ++search.num_heads=[1] ++search.inner_size=[384] ++search.learning_rate=[0.003] ++search.dropout_ratio=[0.25] ++search.hidden_dropout_prob=[0.25] ++search.attn_dropout_prob=[0.25] ++search_space_type_overrides.MAX_ITEM_LIST_LENGTH=choice ++search_space_type_overrides.weight_decay=choice ++search_space_type_overrides.hidden_size=choice ++search_space_type_overrides.embedding_size=choice ++search_space_type_overrides.n_layers=choice ++search_space_type_overrides.num_layers=choice ++search_space_type_overrides.n_heads=choice ++search_space_type_overrides.num_heads=choice ++search_space_type_overrides.inner_size=choice ++search_space_type_overrides.learning_rate=choice ++search_space_type_overrides.dropout_ratio=choice ++search_space_type_overrides.hidden_dropout_prob=choice ++search_space_type_overrides.attn_dropout_prob=choice

Traceback (most recent call last):
  File "/workspace/FeaturedMoE/experiments/hyperopt_tune.py", line 86, in <module>
    import recbole_patch  # noqa: F401
  File "/workspace/FeaturedMoE/experiments/recbole_patch.py", line 62, in <module>
    from recbole.data.dataset.sequential_dataset import SequentialDataset
  File "/venv/FMoE/lib/python3.10/site-packages/recbole/data/__init__.py", line 1, in <module>
    from recbole.data.utils import *
  File "/venv/FMoE/lib/python3.10/site-packages/recbole/data/utils.py", line 22, in <module>
    from recbole.data.dataloader import *
  File "/venv/FMoE/lib/python3.10/site-packages/recbole/data/dataloader/__init__.py", line 1, in <module>
    from recbole.data.dataloader.abstract_dataloader import *
  File "/venv/FMoE/lib/python3.10/site-packages/recbole/data/dataloader/abstract_dataloader.py", line 21, in <module>
    from recbole.data.interaction import Interaction
  File "/venv/FMoE/lib/python3.10/site-packages/recbole/data/interaction.py", line 16, in <module>
    import pandas as pd
  File "/venv/FMoE/lib/python3.10/site-packages/pandas/__init__.py", line 49, in <module>
    from pandas.core.api import (
  File "/venv/FMoE/lib/python3.10/site-packages/pandas/core/api.py", line 28, in <module>
    from pandas.core.arrays import Categorical
  File "/venv/FMoE/lib/python3.10/site-packages/pandas/core/arrays/__init__.py", line 9, in <module>
    from pandas.core.arrays.datetimes import DatetimeArray
  File "/venv/FMoE/lib/python3.10/site-packages/pandas/core/arrays/datetimes.py", line 64, in <module>
    from pandas.core.arrays import datetimelike as dtl
  File "<frozen importlib._bootstrap>", line 1027, in _find_and_load
  File "<frozen importlib._bootstrap>", line 1006, in _find_and_load_unlocked
  File "<frozen importlib._bootstrap>", line 688, in _load_unlocked
  File "<frozen importlib._bootstrap_external>", line 879, in exec_module
  File "<frozen importlib._bootstrap_external>", line 1012, in get_code
  File "<frozen importlib._bootstrap_external>", line 672, in _compile_bytecode
KeyboardInterrupt
