[STAGEI_PROGRESSIVE_RECOVERY_ANCHOR2_CORE5_SETTING_HEADER]
run_phase=P24_I2_D09_MSASREC_C08_I2_SASREC_FB02_S1 run_id=I2_RETAIL_ROCKET_SASREC_I2_SASREC_FB02_S1 phase_id=P24 axis_id=SI pass_name=pass2 model=SASRec candidate_id=I2_SASREC_FB02 seed=1
dataset=retail_rocket gpu=4 candidate_source=history_perturb source_stage=StageH_TargetedRecovery_anchor2_core5 anchor_run_id=SH_RETAIL_ROCKET_SASREC_RR_SAS_STAGEH_REC1_REGLO_S1 batch_profile=pass2:bs3968/4864
max_evals=8 tune_epochs=50 tune_patience=5
seed=240103

[COMMAND]
- /venv/FMoE/bin/python hyperopt_tune.py --config-name tune_rr --max-evals 8 --tune-epochs 50 --tune-patience 5 --seed 240103 --run-group baseline --run-axis StageI_ProgressiveRecovery_anchor2_core5 --run-phase P24_I2_D09_MSASREC_C08_I2_SASREC_FB02_S1 model=sasrec dataset=retail_rocket eval_mode=session_fixed feature_mode=full_v3 gpu_id=4 log_wandb=false show_progress=false ++special_logging=true ++seed=240103 ++search={learning_rate:[0.0006953812019379349,0.0013313562258928358]} ++search_space_type_overrides={learning_rate:"loguniform"} ++weight_decay=7e-05 ++search.weight_decay=[7e-05] ++search_space_type_overrides.weight_decay=choice ++search.n_layers=[2] ++search_space_type_overrides.n_layers=choice ++search.num_layers=[2] ++search_space_type_overrides.num_layers=choice ++search.n_heads=[2] ++search_space_type_overrides.n_heads=choice ++search.num_heads=[2] ++search_space_type_overrides.num_heads=choice ++search.dropout_ratio=[0.09999999999999999] ++search_space_type_overrides.dropout_ratio=choice ++search.dropout_prob=[0.09999999999999999] ++search_space_type_overrides.dropout_prob=choice ++search.hidden_dropout_prob=[0.09999999999999999] ++search_space_type_overrides.hidden_dropout_prob=choice ++search.attn_dropout_prob=[0.09999999999999999] ++search_space_type_overrides.attn_dropout_prob=choice ++search.hidden_size=[112] ++search_space_type_overrides.hidden_size=choice ++search.embedding_size=[112] ++search_space_type_overrides.embedding_size=choice ++search.inner_size=[232] ++search_space_type_overrides.inner_size=choice ++search.time_span=[384] ++search_space_type_overrides.time_span=choice ++search.num_experts=[6] ++search_space_type_overrides.num_experts=choice ++search.state_size=[24] ++search_space_type_overrides.state_size=choice ++search.conv_kernel=[6] ++search_space_type_overrides.conv_kernel=choice ++search.remaining_ratio=[0.6] ++search_space_type_overrides.remaining_ratio=choice ++search.MAX_ITEM_LIST_LENGTH=[8] ++search_space_type_overrides.MAX_ITEM_LIST_LENGTH=choice ++dropout_ratio=0.09999999999999999 ++train_batch_size=3968 ++eval_batch_size=4864 ++hidden_size=112 ++embedding_size=112 ++MAX_ITEM_LIST_LENGTH=8 ++n_layers=2 ++num_layers=2 ++n_heads=2 ++num_heads=2 ++inner_size=232
/venv/FMoE/lib/python3.10/site-packages/ray/_private/parameter.py:4: UserWarning: pkg_resources is deprecated as an API. See https://setuptools.pypa.io/en/latest/pkg_resources.html. The pkg_resources package is slated for removal as early as 2025-11-30. Refrain from using this package or pin to Setuptools<81.
  import pkg_resources
[RUN_STATUS] START pid=246118 ts=2026-04-12T21:45:41

=================================================================
  Hyperopt TPE  |  SASRec x retail_rocket
  max_evals=8  epochs=50  patience=5  wandb=off
  batch_size(train/valid/test)=3968/4864/4864
  track=baseline  axis=stagei_progressiverecovery_anchor2_core5  phase=P24_I2_D09_MSASREC_C08_I2_SASREC_FB02_S1
=================================================================
Changed knobs: learning_rate
Tuned params(len>1): 1  (~1 discrete combos)
Tuned groups: 1
  [optimization]
    learning_rate                   [0.0006953812019379349, 0.0013313562258928358]  -> loguniform
Fixed params(singleton/non-list): 18
Fixed groups: 18
  [optimization]
    hidden_dropout_prob             0.09999999999999999                     
    weight_decay                    7e-05                                   
  [model_core]
    attn_dropout_prob               0.09999999999999999                     
    dropout_prob                    0.09999999999999999                     
    dropout_ratio                   0.09999999999999999                     
    embedding_size                  112                                     
    hidden_size                     112                                     
    inner_size                      232                                     
    num_heads                       2                                       
    num_layers                      2                                       
  [other]
    MAX_ITEM_LIST_LENGTH            8                                       
    conv_kernel                     6                                       
    n_heads                         2                                       
    n_layers                        2                                       
    num_experts                     6                                       
    remaining_ratio                 0.6                                     
    state_size                      24                                      
    time_span                       384                                     

[Wandb] disabled for this hyperopt run

[1/8] learning_rate=0.0007421
  -> MRR@20=0.273600  best=0.273600  (early_stop@21, trial=3.3min, avg=3.6min/trial, total=3.6min, ETA=25.0min)
[TRIAL_METRICS] cur_best_mrr20=0.273600 cur_best_hr10=0.431500 cur_test_mrr20=0.276100 cur_test_hr10=0.434100 run_best_mrr20=0.273600 run_best_hr10=0.431500 run_test_mrr20=0.276100 run_test_hr10=0.434100

[2/8] learning_rate=0.0009899
  -> MRR@20=0.272300  best=0.273600  (early_stop@18, trial=2.8min, avg=3.2min/trial, total=6.4min, ETA=19.1min)
[TRIAL_METRICS] cur_best_mrr20=0.272300 cur_best_hr10=0.429800 cur_test_mrr20=0.273900 cur_test_hr10=0.432000 run_best_mrr20=0.273600 run_best_hr10=0.431500 run_test_mrr20=0.276100 run_test_hr10=0.434100

[3/8] learning_rate=0.0009005
  -> MRR@20=0.272900  best=0.273600  (early_stop@21, trial=3.2min, avg=3.2min/trial, total=9.6min, ETA=16.0min)
[TRIAL_METRICS] cur_best_mrr20=0.272900 cur_best_hr10=0.430700 cur_test_mrr20=0.275600 cur_test_hr10=0.431800 run_best_mrr20=0.273600 run_best_hr10=0.431500 run_test_mrr20=0.276100 run_test_hr10=0.434100

[4/8] learning_rate=0.001125
  -> MRR@20=0.271000  best=0.273600  (early_stop@17, trial=2.6min, avg=3.1min/trial, total=12.2min, ETA=12.2min)
[TRIAL_METRICS] cur_best_mrr20=0.271000 cur_best_hr10=0.429800 cur_test_mrr20=0.272700 cur_test_hr10=0.433400 run_best_mrr20=0.273600 run_best_hr10=0.431500 run_test_mrr20=0.276100 run_test_hr10=0.434100

[5/8] learning_rate=0.0009622
  -> MRR@20=0.272500  best=0.273600  (early_stop@21, trial=3.2min, avg=3.1min/trial, total=15.4min, ETA=9.3min)
[TRIAL_METRICS] cur_best_mrr20=0.272500 cur_best_hr10=0.430800 cur_test_mrr20=0.274300 cur_test_hr10=0.430800 run_best_mrr20=0.273600 run_best_hr10=0.431500 run_test_mrr20=0.276100 run_test_hr10=0.434100

[6/8] learning_rate=0.001221
  -> MRR@20=0.270400  best=0.273600  (early_stop@15, trial=2.3min, avg=3.0min/trial, total=17.7min, ETA=5.9min)
[TRIAL_METRICS] cur_best_mrr20=0.270400 cur_best_hr10=0.429500 cur_test_mrr20=0.272600 cur_test_hr10=0.433100 run_best_mrr20=0.273600 run_best_hr10=0.431500 run_test_mrr20=0.276100 run_test_hr10=0.434100

[7/8] learning_rate=0.0009876
  -> MRR@20=0.272100  best=0.273600  (early_stop@18, trial=2.7min, avg=2.9min/trial, total=20.5min, ETA=2.9min)
[TRIAL_METRICS] cur_best_mrr20=0.272100 cur_best_hr10=0.430000 cur_test_mrr20=0.274100 cur_test_hr10=0.432100 run_best_mrr20=0.273600 run_best_hr10=0.431500 run_test_mrr20=0.276100 run_test_hr10=0.434100

[8/8] learning_rate=0.001255
  -> MRR@20=0.270700  best=0.273600  (early_stop@15, trial=2.3min, avg=2.9min/trial, total=22.8min, ETA=0s)
[TRIAL_METRICS] cur_best_mrr20=0.270700 cur_best_hr10=0.429800 cur_test_mrr20=0.272500 cur_test_hr10=0.433000 run_best_mrr20=0.273600 run_best_hr10=0.431500 run_test_mrr20=0.276100 run_test_hr10=0.434100

=================================================================
  DONE  |  SASRec x retail_rocket
  Best MRR@20 = 0.273600  |  8/8 trials OK
  Best HR@10  = 0.431500
  Test MRR@20 = 0.276100  (best-valid checkpoint)
  Test HR@10  = 0.434100  (best-valid checkpoint)
[RUN_METRICS] best_valid_mrr20=0.273600 best_valid_hr10=0.431500 test_mrr20=0.276100 test_hr10=0.434100
  Total time: 22.8 min
  Best params:
    learning_rate: 0.000742136
  Results -> /workspace/FeaturedMoE/experiments/run/artifacts/results/baseline/retail_rocket_SASRec_p24_i2_d09_msasrec_c08_i2_sasrec_fb02_s1_20260412_214541_870422_pid246118.json
  Normal mirror -> /workspace/FeaturedMoE/experiments/run/artifacts/results/baseline/normal/stagei_progressiverecovery_anchor2_core5/P24/retail_rocket/SASRec/retail_rocket_SASRec_p24_i2_d09_msasrec_c08_i2_sasrec_fb02_s1_20260412_214541_870422_pid246118.json
  Special result -> /workspace/FeaturedMoE/experiments/run/artifacts/results/baseline/special/stagei_progressiverecovery_anchor2_core5/P24/retail_rocket/SASRec/retail_rocket_SASRec_p24_i2_d09_msasrec_c08_i2_sasrec_fb02_s1_20260412_214541_870422_pid246118_special_metrics.json
  Special log -> /workspace/FeaturedMoE/experiments/run/artifacts/logs/baseline/special/stagei_progressiverecovery_anchor2_core5/P24/retail_rocket/SASRec/retail_rocket_SASRec_p24_i2_d09_msasrec_c08_i2_sasrec_fb02_s1_20260412_214541_870422_pid246118_special_metrics.json
=================================================================

[RUN_STATUS] END status=normal pid=246118 start=2026-04-12T21:45:41 end=2026-04-12T22:08:31
