[STAGEG_CROSS6X9_ANCHOR2_CORE5_SETTING_HEADER]
run_phase=P22_SG_D02_M04_C01_DUOREC_OLD_MANUAL_AB_DUO_ALT_F1_S3 run_id=SG_AMAZON_BEAUTY_DUOREC_OLD_MANUAL_AB_DUO_ALT_F1_S3 phase_id=P22 axis_id=SG model=DuoRec candidate_id=OLD_MANUAL_AB_DUO_ALT_F1 seed=3
dataset=amazon_beauty gpu=4 order=0 candidate_source=stage_summary source_stage=StageF_TailBoost_anchor2_core5 transfer_from_dataset=
max_evals=6 tune_epochs=42 tune_patience=6
seed=220014

[COMMAND]
- /venv/FMoE/bin/python hyperopt_tune.py --config-name tune_ab --max-evals 6 --tune-epochs 42 --tune-patience 6 --seed 220014 --run-group baseline --run-axis StageG_Cross6x9_anchor2_core5 --run-phase P22_SG_D02_M04_C01_DUOREC_OLD_MANUAL_AB_DUO_ALT_F1_S3 model=duorec dataset=amazon_beauty eval_mode=session_fixed feature_mode=full_v3 gpu_id=4 log_wandb=false show_progress=false ++special_logging=true ++seed=220014 ++search={learning_rate:[0.00034724910951036973,0.0008889577203465466]} ++search_space_type_overrides={learning_rate:"loguniform"} ++weight_decay=0.000165 ++search.weight_decay=[0.000165] ++search_space_type_overrides.weight_decay=choice ++search.n_layers=[1] ++search_space_type_overrides.n_layers=choice ++search.num_layers=[1] ++search_space_type_overrides.num_layers=choice ++search.n_heads=[2] ++search_space_type_overrides.n_heads=choice ++search.num_heads=[2] ++search_space_type_overrides.num_heads=choice ++search.dropout_ratio=[0.14] ++search_space_type_overrides.dropout_ratio=choice ++search.dropout_prob=[0.14] ++search_space_type_overrides.dropout_prob=choice ++search.hidden_dropout_prob=[0.14] ++search_space_type_overrides.hidden_dropout_prob=choice ++search.attn_dropout_prob=[0.14] ++search_space_type_overrides.attn_dropout_prob=choice ++search.hidden_size=[152] ++search_space_type_overrides.hidden_size=choice ++search.embedding_size=[152] ++search_space_type_overrides.embedding_size=choice ++search.inner_size=[304] ++search_space_type_overrides.inner_size=choice ++search.time_span=[384] ++search_space_type_overrides.time_span=choice ++search.num_experts=[6] ++search_space_type_overrides.num_experts=choice ++search.state_size=[24] ++search_space_type_overrides.state_size=choice ++search.conv_kernel=[6] ++search_space_type_overrides.conv_kernel=choice ++search.remaining_ratio=[0.6] ++search_space_type_overrides.remaining_ratio=choice ++search.MAX_ITEM_LIST_LENGTH=[10] ++search_space_type_overrides.MAX_ITEM_LIST_LENGTH=choice ++dropout_ratio=0.14 ++contrast=un ++tau=0.3 ++lmd=0.04 ++lmd_sem=0.0 ++semantic_sample_max_tries=2 ++train_batch_size=640 ++eval_batch_size=896 ++hidden_size=152 ++embedding_size=152 ++MAX_ITEM_LIST_LENGTH=10 ++n_layers=1 ++num_layers=1 ++n_heads=2 ++num_heads=2 ++inner_size=304
/venv/FMoE/lib/python3.10/site-packages/ray/_private/parameter.py:4: UserWarning: pkg_resources is deprecated as an API. See https://setuptools.pypa.io/en/latest/pkg_resources.html. The pkg_resources package is slated for removal as early as 2025-11-30. Refrain from using this package or pin to Setuptools<81.
  import pkg_resources
[RUN_STATUS] START pid=334523 ts=2026-04-07T12:55:36

=================================================================
  Hyperopt TPE  |  DuoRec x amazon_beauty
  max_evals=6  epochs=42  patience=6  wandb=off
  batch_size(train/valid/test)=640/896/896
  track=baseline  axis=stageg_cross6x9_anchor2_core5  phase=P22_SG_D02_M04_C01_DUOREC_OLD_MANUAL_AB_DUO_ALT_F1_S3
=================================================================
Changed knobs: learning_rate
Tuned params(len>1): 1  (~1 discrete combos)
Tuned groups: 1
  [optimization]
    learning_rate                   [0.00034724910951036973, 0.0008889577203465466]  -> loguniform
Fixed params(singleton/non-list): 18
Fixed groups: 18
  [optimization]
    hidden_dropout_prob             0.14                                    
    weight_decay                    0.000165                                
  [model_core]
    attn_dropout_prob               0.14                                    
    dropout_prob                    0.14                                    
    dropout_ratio                   0.14                                    
    embedding_size                  152                                     
    hidden_size                     152                                     
    inner_size                      304                                     
    num_heads                       2                                       
    num_layers                      1                                       
  [other]
    MAX_ITEM_LIST_LENGTH            10                                      
    conv_kernel                     6                                       
    n_heads                         2                                       
    n_layers                        1                                       
    num_experts                     6                                       
    remaining_ratio                 0.6                                     
    state_size                      24                                      
    time_span                       384                                     

[Wandb] disabled for this hyperopt run

[1/6] learning_rate=0.0006168
  -> MRR@20=0.116300  best=0.116300  (early_stop@28, trial=21s, avg=23s/trial, total=23s, ETA=1.9min)
[TRIAL_METRICS] cur_best_mrr20=0.116300 cur_best_hr10=0.150400 cur_test_mrr20=0.080000 cur_test_hr10=0.096500 run_best_mrr20=0.116300 run_best_hr10=0.150400 run_test_mrr20=0.080000 run_test_hr10=0.096500

[2/6] learning_rate=0.0004828
  -> MRR@20=0.116400  best=0.116400  (early_stop@31, trial=23s, avg=23s/trial, total=47s, ETA=1.6min)
[TRIAL_METRICS] cur_best_mrr20=0.116400 cur_best_hr10=0.150400 cur_test_mrr20=0.084400 cur_test_hr10=0.096500 run_best_mrr20=0.116400 run_best_hr10=0.150400 run_test_mrr20=0.084400 run_test_hr10=0.096500

[3/6] learning_rate=0.0005403
  -> MRR@20=0.117200  best=0.117200  (early_stop@31, trial=22s, avg=23s/trial, total=1.1min, ETA=1.1min)
[TRIAL_METRICS] cur_best_mrr20=0.117200 cur_best_hr10=0.150400 cur_test_mrr20=0.077800 cur_test_hr10=0.096500 run_best_mrr20=0.117200 run_best_hr10=0.150400 run_test_mrr20=0.077800 run_test_hr10=0.096500

[4/6] learning_rate=0.0007408
  -> MRR@20=0.116200  best=0.117200  (early_stop@24, trial=18s, avg=22s/trial, total=1.4min, ETA=43s)
[TRIAL_METRICS] cur_best_mrr20=0.116200 cur_best_hr10=0.150400 cur_test_mrr20=0.084500 cur_test_hr10=0.096500 run_best_mrr20=0.117200 run_best_hr10=0.150400 run_test_mrr20=0.077800 run_test_hr10=0.096500

[5/6] learning_rate=0.0008091
  -> MRR@20=0.115300  best=0.117200  (early_stop@22, trial=16s, avg=20s/trial, total=1.7min, ETA=20s)
[TRIAL_METRICS] cur_best_mrr20=0.115300 cur_best_hr10=0.150400 cur_test_mrr20=0.084500 cur_test_hr10=0.096500 run_best_mrr20=0.117200 run_best_hr10=0.150400 run_test_mrr20=0.077800 run_test_hr10=0.096500

[6/6] learning_rate=0.0007733
  -> MRR@20=0.113800  best=0.117200  (early_stop@22, trial=15s, avg=20s/trial, total=2.0min, ETA=0s)
[TRIAL_METRICS] cur_best_mrr20=0.113800 cur_best_hr10=0.150400 cur_test_mrr20=0.088900 cur_test_hr10=0.096500 run_best_mrr20=0.117200 run_best_hr10=0.150400 run_test_mrr20=0.077800 run_test_hr10=0.096500

=================================================================
  DONE  |  DuoRec x amazon_beauty
  Best MRR@20 = 0.117200  |  6/6 trials OK
  Best HR@10  = 0.150400
  Test MRR@20 = 0.077800  (best-valid checkpoint)
  Test HR@10  = 0.096500  (best-valid checkpoint)
[RUN_METRICS] best_valid_mrr20=0.117200 best_valid_hr10=0.150400 test_mrr20=0.077800 test_hr10=0.096500
  Total time: 2.0 min
  Best params:
    learning_rate: 0.000540264
  Results -> /workspace/jy1559/FMoE/experiments/run/artifacts/results/baseline/amazon_beauty_DuoRec_p22_sg_d02_m04_c01_duorec_old_manual_ab_duo_alt_f1_s3_20260407_125536_359173_pid334523.json
  Normal mirror -> /workspace/jy1559/FMoE/experiments/run/artifacts/results/baseline/normal/stageg_cross6x9_anchor2_core5/P22/amazon_beauty/DuoRec/amazon_beauty_DuoRec_p22_sg_d02_m04_c01_duorec_old_manual_ab_duo_alt_f1_s3_20260407_125536_359173_pid334523.json
  Special result -> /workspace/jy1559/FMoE/experiments/run/artifacts/results/baseline/special/stageg_cross6x9_anchor2_core5/P22/amazon_beauty/DuoRec/amazon_beauty_DuoRec_p22_sg_d02_m04_c01_duorec_old_manual_ab_duo_alt_f1_s3_20260407_125536_359173_pid334523_special_metrics.json
  Special log -> /workspace/jy1559/FMoE/experiments/run/artifacts/logs/baseline/special/stageg_cross6x9_anchor2_core5/P22/amazon_beauty/DuoRec/amazon_beauty_DuoRec_p22_sg_d02_m04_c01_duorec_old_manual_ab_duo_alt_f1_s3_20260407_125536_359173_pid334523_special_metrics.json
=================================================================

[RUN_STATUS] END status=normal pid=334523 start=2026-04-07T12:55:36 end=2026-04-07T12:57:34
