[STAGEG_CROSS6X9_ANCHOR2_CORE5_SETTING_HEADER]
run_phase=P22_SG_D01_M03_C01_TISASREC_FAD_H2_R1_S2 run_id=SG_LASTFM0_03_TISASREC_FAD_H2_R1_S2 phase_id=P22 axis_id=SG model=TiSASRec candidate_id=FAD_H2_R1 seed=2
dataset=lastfm0.03 gpu=5 order=0 candidate_source=final_same_dataset source_stage=Final_all_datasets transfer_from_dataset=
max_evals=6 tune_epochs=44 tune_patience=6
seed=220007

[COMMAND]
- /venv/FMoE/bin/python hyperopt_tune.py --config-name tune_lfm_small --max-evals 6 --tune-epochs 44 --tune-patience 6 --seed 220007 --run-group baseline --run-axis StageG_Cross6x9_anchor2_core5 --run-phase P22_SG_D01_M03_C01_TISASREC_FAD_H2_R1_S2 model=tisasrec dataset=lastfm0.03 eval_mode=session_fixed feature_mode=full_v3 gpu_id=5 log_wandb=false show_progress=false ++special_logging=true ++seed=220007 ++search={learning_rate:[0.00029230680648923796,0.0003802018936299237]} ++search_space_type_overrides={learning_rate:"loguniform"} ++weight_decay=0.00015 ++search.weight_decay=[0.00015] ++search_space_type_overrides.weight_decay=choice ++search.n_layers=[2] ++search_space_type_overrides.n_layers=choice ++search.num_layers=[2] ++search_space_type_overrides.num_layers=choice ++search.n_heads=[4] ++search_space_type_overrides.n_heads=choice ++search.num_heads=[4] ++search_space_type_overrides.num_heads=choice ++search.dropout_ratio=[0.12] ++search_space_type_overrides.dropout_ratio=choice ++search.dropout_prob=[0.12] ++search_space_type_overrides.dropout_prob=choice ++search.hidden_dropout_prob=[0.12] ++search_space_type_overrides.hidden_dropout_prob=choice ++search.attn_dropout_prob=[0.12] ++search_space_type_overrides.attn_dropout_prob=choice ++search.hidden_size=[144] ++search_space_type_overrides.hidden_size=choice ++search.embedding_size=[144] ++search_space_type_overrides.embedding_size=choice ++search.inner_size=[288] ++search_space_type_overrides.inner_size=choice ++search.time_span=[320] ++search_space_type_overrides.time_span=choice ++search.num_experts=[6] ++search_space_type_overrides.num_experts=choice ++search.state_size=[24] ++search_space_type_overrides.state_size=choice ++search.conv_kernel=[6] ++search_space_type_overrides.conv_kernel=choice ++search.remaining_ratio=[0.6] ++search_space_type_overrides.remaining_ratio=choice ++search.MAX_ITEM_LIST_LENGTH=[24] ++search_space_type_overrides.MAX_ITEM_LIST_LENGTH=choice ++dropout_ratio=0.12 ++train_batch_size=768 ++eval_batch_size=1024 ++hidden_size=144 ++embedding_size=144 ++MAX_ITEM_LIST_LENGTH=24 ++n_layers=2 ++num_layers=2 ++n_heads=4 ++num_heads=4 ++inner_size=288 ++time_span=320
/venv/FMoE/lib/python3.10/site-packages/ray/_private/parameter.py:4: UserWarning: pkg_resources is deprecated as an API. See https://setuptools.pypa.io/en/latest/pkg_resources.html. The pkg_resources package is slated for removal as early as 2025-11-30. Refrain from using this package or pin to Setuptools<81.
  import pkg_resources
[RUN_STATUS] START pid=332574 ts=2026-04-07T09:28:46

=================================================================
  Hyperopt TPE  |  TiSASRec x lastfm0.03
  max_evals=6  epochs=44  patience=6  wandb=off
  batch_size(train/valid/test)=768/1024/1024
  track=baseline  axis=stageg_cross6x9_anchor2_core5  phase=P22_SG_D01_M03_C01_TISASREC_FAD_H2_R1_S2
=================================================================
Changed knobs: learning_rate
Tuned params(len>1): 1  (~1 discrete combos)
Tuned groups: 1
  [optimization]
    learning_rate                   [0.00029230680648923796, 0.0003802018936299237]  -> loguniform
Fixed params(singleton/non-list): 18
Fixed groups: 18
  [optimization]
    hidden_dropout_prob             0.12                                    
    weight_decay                    0.00015                                 
  [model_core]
    attn_dropout_prob               0.12                                    
    dropout_prob                    0.12                                    
    dropout_ratio                   0.12                                    
    embedding_size                  144                                     
    hidden_size                     144                                     
    inner_size                      288                                     
    num_heads                       4                                       
    num_layers                      2                                       
  [other]
    MAX_ITEM_LIST_LENGTH            24                                      
    conv_kernel                     6                                       
    n_heads                         4                                       
    n_layers                        2                                       
    num_experts                     6                                       
    remaining_ratio                 0.6                                     
    state_size                      24                                      
    time_span                       320                                     

[Wandb] disabled for this hyperopt run

[1/6] learning_rate=0.0002967
  -> MRR@20=0.226000  best=0.226000  (early_stop@32, trial=9.1min, avg=9.3min/trial, total=9.3min, ETA=46.7min)
[TRIAL_METRICS] cur_best_mrr20=0.226000 cur_best_hr10=0.271600 cur_test_mrr20=0.224900 cur_test_hr10=0.274700 run_best_mrr20=0.226000 run_best_hr10=0.271600 run_test_mrr20=0.224900 run_test_hr10=0.274700

[2/6] learning_rate=0.0003425
  -> MRR@20=0.224300  best=0.226000  (early_stop@28, trial=8.0min, avg=8.7min/trial, total=17.3min, ETA=34.7min)
[TRIAL_METRICS] cur_best_mrr20=0.224300 cur_best_hr10=0.274000 cur_test_mrr20=0.225700 cur_test_hr10=0.275500 run_best_mrr20=0.226000 run_best_hr10=0.271600 run_test_mrr20=0.224900 run_test_hr10=0.274700

[3/6] learning_rate=0.0003793
  -> MRR@20=0.223100  best=0.226000  (early_stop@29, trial=8.3min, avg=8.5min/trial, total=25.6min, ETA=25.6min)
[TRIAL_METRICS] cur_best_mrr20=0.223100 cur_best_hr10=0.268400 cur_test_mrr20=0.224400 cur_test_hr10=0.270200 run_best_mrr20=0.226000 run_best_hr10=0.271600 run_test_mrr20=0.224900 run_test_hr10=0.274700

[4/6] learning_rate=0.0003578
  -> MRR@20=0.224100  best=0.226000  (early_stop@25, trial=7.1min, avg=8.2min/trial, total=32.7min, ETA=16.4min)
[TRIAL_METRICS] cur_best_mrr20=0.224100 cur_best_hr10=0.274800 cur_test_mrr20=0.227600 cur_test_hr10=0.279200 run_best_mrr20=0.226000 run_best_hr10=0.271600 run_test_mrr20=0.224900 run_test_hr10=0.274700

[5/6] learning_rate=0.0003022
  -> MRR@20=0.225600  best=0.226000  (early_stop@32, trial=9.1min, avg=8.4min/trial, total=41.9min, ETA=8.4min)
[TRIAL_METRICS] cur_best_mrr20=0.225600 cur_best_hr10=0.271300 cur_test_mrr20=0.225200 cur_test_hr10=0.273900 run_best_mrr20=0.226000 run_best_hr10=0.271600 run_test_mrr20=0.224900 run_test_hr10=0.274700

[6/6] learning_rate=0.0003538
  -> MRR@20=0.224300  best=0.226000  (early_stop@25, trial=7.1min, avg=8.2min/trial, total=49.0min, ETA=0s)
[TRIAL_METRICS] cur_best_mrr20=0.224300 cur_best_hr10=0.274800 cur_test_mrr20=0.227400 cur_test_hr10=0.280300 run_best_mrr20=0.226000 run_best_hr10=0.271600 run_test_mrr20=0.224900 run_test_hr10=0.274700

=================================================================
  DONE  |  TiSASRec x lastfm0.03
  Best MRR@20 = 0.226000  |  6/6 trials OK
  Best HR@10  = 0.271600
  Test MRR@20 = 0.224900  (best-valid checkpoint)
  Test HR@10  = 0.274700  (best-valid checkpoint)
[RUN_METRICS] best_valid_mrr20=0.226000 best_valid_hr10=0.271600 test_mrr20=0.224900 test_hr10=0.274700
  Total time: 49.0 min
  Best params:
    learning_rate: 0.000296676
  Results -> /workspace/jy1559/FMoE/experiments/run/artifacts/results/baseline/lastfm0.03_TiSASRec_p22_sg_d01_m03_c01_tisasrec_fad_h2_r1_s2_20260407_092846_487754_pid332574.json
  Normal mirror -> /workspace/jy1559/FMoE/experiments/run/artifacts/results/baseline/normal/stageg_cross6x9_anchor2_core5/P22/lastfm0.03/TiSASRec/lastfm0.03_TiSASRec_p22_sg_d01_m03_c01_tisasrec_fad_h2_r1_s2_20260407_092846_487754_pid332574.json
  Special result -> /workspace/jy1559/FMoE/experiments/run/artifacts/results/baseline/special/stageg_cross6x9_anchor2_core5/P22/lastfm0.03/TiSASRec/lastfm0.03_TiSASRec_p22_sg_d01_m03_c01_tisasrec_fad_h2_r1_s2_20260407_092846_487754_pid332574_special_metrics.json
  Special log -> /workspace/jy1559/FMoE/experiments/run/artifacts/logs/baseline/special/stageg_cross6x9_anchor2_core5/P22/lastfm0.03/TiSASRec/lastfm0.03_TiSASRec_p22_sg_d01_m03_c01_tisasrec_fad_h2_r1_s2_20260407_092846_487754_pid332574_special_metrics.json
=================================================================

[RUN_STATUS] END status=normal pid=332574 start=2026-04-07T09:28:46 end=2026-04-07T10:17:46
