[STAGEI_PROGRESSIVE_RECOVERY_ANCHOR2_CORE5_SETTING_HEADER]
run_phase=P24_I3_D19_MBSAREC_C04_I3_BSAREC_FB01_S1 run_id=I3_LASTFM0_03_BSAREC_I3_BSAREC_FB01_S1 phase_id=P24 axis_id=SI pass_name=pass3 model=BSARec candidate_id=I3_BSAREC_FB01 seed=1
dataset=lastfm0.03 gpu=6 candidate_source=verify_local source_stage=Final_all_datasets anchor_run_id=FAD_LASTFM0_03_BSAREC_H3_S1 batch_profile=pass3:bs1664/1536
max_evals=10 tune_epochs=100 tune_patience=10
seed=240111

[COMMAND]
- /venv/FMoE/bin/python hyperopt_tune.py --config-name tune_lfm_small --max-evals 10 --tune-epochs 100 --tune-patience 10 --seed 240111 --run-group baseline --run-axis StageI_ProgressiveRecovery_anchor2_core5 --run-phase P24_I3_D19_MBSAREC_C04_I3_BSAREC_FB01_S1 model=bsarec dataset=lastfm0.03 eval_mode=session_fixed feature_mode=full_v3 gpu_id=6 log_wandb=false show_progress=false ++special_logging=true ++seed=240111 ++search={learning_rate:[0.0004522855382862042,0.000530363181170768]} ++search_space_type_overrides={learning_rate:"loguniform"} ++weight_decay=0.0002 ++search.weight_decay=[0.0002] ++search_space_type_overrides.weight_decay=choice ++search.n_layers=[3] ++search_space_type_overrides.n_layers=choice ++search.num_layers=[3] ++search_space_type_overrides.num_layers=choice ++search.n_heads=[4] ++search_space_type_overrides.n_heads=choice ++search.num_heads=[4] ++search_space_type_overrides.num_heads=choice ++search.dropout_ratio=[0.15] ++search_space_type_overrides.dropout_ratio=choice ++search.dropout_prob=[0.15] ++search_space_type_overrides.dropout_prob=choice ++search.hidden_dropout_prob=[0.15] ++search_space_type_overrides.hidden_dropout_prob=choice ++search.attn_dropout_prob=[0.15] ++search_space_type_overrides.attn_dropout_prob=choice ++search.hidden_size=[176] ++search_space_type_overrides.hidden_size=choice ++search.embedding_size=[176] ++search_space_type_overrides.embedding_size=choice ++search.inner_size=[360] ++search_space_type_overrides.inner_size=choice ++search.time_span=[512] ++search_space_type_overrides.time_span=choice ++search.num_experts=[8] ++search_space_type_overrides.num_experts=choice ++search.state_size=[32] ++search_space_type_overrides.state_size=choice ++search.conv_kernel=[8] ++search_space_type_overrides.conv_kernel=choice ++search.remaining_ratio=[0.7] ++search_space_type_overrides.remaining_ratio=choice ++search.MAX_ITEM_LIST_LENGTH=[25] ++search_space_type_overrides.MAX_ITEM_LIST_LENGTH=choice ++dropout_ratio=0.15 ++train_batch_size=1664 ++eval_batch_size=1536 ++hidden_size=176 ++embedding_size=176 ++MAX_ITEM_LIST_LENGTH=25 ++num_layers=3 ++n_layers=3 ++num_heads=4 ++n_heads=4 ++inner_size=360
/venv/FMoE/lib/python3.10/site-packages/ray/_private/parameter.py:4: UserWarning: pkg_resources is deprecated as an API. See https://setuptools.pypa.io/en/latest/pkg_resources.html. The pkg_resources package is slated for removal as early as 2025-11-30. Refrain from using this package or pin to Setuptools<81.
  import pkg_resources
[RUN_STATUS] START pid=314227 ts=2026-04-13T02:24:03

=================================================================
  Hyperopt TPE  |  BSARec x lastfm0.03
  max_evals=10  epochs=100  patience=10  wandb=off
  batch_size(train/valid/test)=1664/1536/1536
  track=baseline  axis=stagei_progressiverecovery_anchor2_core5  phase=P24_I3_D19_MBSAREC_C04_I3_BSAREC_FB01_S1
=================================================================
Changed knobs: learning_rate
Tuned params(len>1): 1  (~1 discrete combos)
Tuned groups: 1
  [optimization]
    learning_rate                   [0.0004522855382862042, 0.000530363181170768]  -> loguniform
Fixed params(singleton/non-list): 18
Fixed groups: 18
  [optimization]
    hidden_dropout_prob             0.15                                    
    weight_decay                    0.0002                                  
  [model_core]
    attn_dropout_prob               0.15                                    
    dropout_prob                    0.15                                    
    dropout_ratio                   0.15                                    
    embedding_size                  176                                     
    hidden_size                     176                                     
    inner_size                      360                                     
    num_heads                       4                                       
    num_layers                      3                                       
  [other]
    MAX_ITEM_LIST_LENGTH            25                                      
    conv_kernel                     8                                       
    n_heads                         4                                       
    n_layers                        3                                       
    num_experts                     8                                       
    remaining_ratio                 0.7                                     
    state_size                      32                                      
    time_span                       512                                     

[Wandb] disabled for this hyperopt run

[1/10] learning_rate=0.000475
  -> MRR@20=0.218700  best=0.218700  (early_stop@47, trial=5.1min, avg=5.3min/trial, total=5.3min, ETA=47.4min)
[TRIAL_METRICS] cur_best_mrr20=0.218700 cur_best_hr10=0.254600 cur_test_mrr20=0.223400 cur_test_hr10=0.254500 run_best_mrr20=0.218700 run_best_hr10=0.254600 run_test_mrr20=0.223400 run_test_hr10=0.254500

[2/10] learning_rate=0.0005204
[RUN_STATUS] TERMINATED signal=SIGTERM(15) pid=314227 ts=2026-04-13T02:32:55
[RUN_STATUS] END status=terminated signal=SIGTERM(15) pid=314227 start=2026-04-13T02:24:03 end=2026-04-13T02:32:56
