[RUN_STATUS] START pid=316480 ts=2026-03-08T13:01:30

=================================================================
  Hyperopt TPE  |  FeaturedMoE_ProtoX x movielens1m
  max_evals=15  epochs=40  patience=15  wandb=off
  batch_size(train/valid/test)=6144/12288/12288
  track=fmoe_protox  axis=hparam  phase=P2_ml1_focus_ML1_R1_G7_C05_S05
  search.train_batch_size=[6144]
  search.eval_batch_size=[12288]
=================================================================
Changed knobs: balance_loss_lambda, hidden_dropout_prob, learning_rate, proto_entropy_lambda, proto_usage_lambda, weight_decay
Tuned params(len>1): 6  (~4500 discrete combos)
Tuned groups: 6
  [optimization]
    balance_loss_lambda             [0.01, 0.03, 0.05, 0.1, 0.2]              -> choice
    hidden_dropout_prob             [0.0, 0.05, 0.1, 0.15, 0.2, 0.25]         -> choice
    learning_rate                   [0.0002, 0.02]                            -> loguniform
    weight_decay                    [0.0, 1e-07, 1e-06, 1e-05, 0.0001]        -> choice
  [merge_hir]
    proto_entropy_lambda            [0.0, 0.0001, 0.0003, 0.001, 0.003, 0.01]  -> choice
    proto_usage_lambda              [0.0, 1e-05, 0.0001, 0.0003, 0.001]       -> choice
Fixed params(singleton/non-list): 34
Fixed groups: 34
  [optimization]
    eval_batch_size                 12288                                   
    train_batch_size                6144                                    
  [model_core]
    d_expert_hidden                 320                                     
    d_feat_emb                      16                                      
    d_router_hidden                 112                                     
    embedding_size                  160                                     
    expert_scale                    3                                       
    micro_router_feature_dropout    0.1                                     
    mid_router_feature_dropout      0.1                                     
    num_heads                       8                                       
  [routing_moe]
    macro_router_temperature        1.0                                     
    micro_router_temperature        1.3                                     
    mid_router_temperature          1.3                                     
    moe_top_k                       0                                       
    proto_router_use_feature        True                                    
    proto_router_use_hidden         True                                    
  [schedule]
    proto_temperature_start         1.0                                     
  [merge_hir]
    proto_dim                       64                                      
    proto_num                       8                                       
    proto_pooling                   query                                   
    proto_temperature_end           0.8                                     
    proto_top_k                     2                                       
    protox_global_post_layers       2                                       
    protox_global_pre_layers        0                                       
    protox_macro_pre_layers         0                                       
    protox_micro_pre_layers         1                                       
    protox_mid_pre_layers           1                                       
    protox_stage_merge_mode         serial_weighted                         
    protox_stage_token_correction   True                                    
    protox_stage_token_correction_scale  0.5                                     
    stage_delta_scale               1.5                                     
    stage_weight_floor              0.1                                     
  [other]
    MAX_ITEM_LIST_LENGTH            10                                      
    use_valid_ratio_gating          True                                    

[Wandb] disabled for this hyperopt run

[1/15] balance_loss_lambda=0.1, hidden_dropout_prob=0.2, learning_rate=0.008838, proto_entropy_lambda=0.0003, proto_usage_lambda=0.001, weight_decay=1e-05
    [Device] CUDA_VISIBLE_DEVICES=7 | torch_device=cuda:0 (NVIDIA RTX A5000)
    [DataCache] save_dataset=True save_dataloaders=False | checkpoint_dir=saved/recbole_cache/movielens1m_feature_added_session_len10 | dataloaders_save_path=saved/recbole_cache/movielens1m_feature_added_session_len10/movielens1m-for-dataloader.pth
    [DataPrep] cache_hit=disk_or_build, create_dataset=0.11s, data_preparation=0.66s, n_items=3534
  -> MRR@20=0.0797  best=0.0797  (full@40, trial=14.7min, avg=14.7min/trial, total=14.7min, ETA=3.44h)

[2/15] balance_loss_lambda=0.01, hidden_dropout_prob=0.1, learning_rate=0.001051, proto_entropy_lambda=0.01, proto_usage_lambda=0.0003, weight_decay=1e-05
    [Device] CUDA_VISIBLE_DEVICES=7 | torch_device=cuda:0 (NVIDIA RTX A5000)
    [DataCache] save_dataset=True save_dataloaders=False | checkpoint_dir=saved/recbole_cache/movielens1m_feature_added_session_len10 | dataloaders_save_path=saved/recbole_cache/movielens1m_feature_added_session_len10/movielens1m-for-dataloader.pth
    [DataPrep] cache_hit=memory, create_dataset=0.00s, data_preparation=0.00s, n_items=3534
  -> MRR@20=0.0759  best=0.0797  (early_stop@33, trial=12.1min, avg=13.4min/trial, total=26.9min, ETA=2.91h)

[3/15] balance_loss_lambda=0.05, hidden_dropout_prob=0.15, learning_rate=0.002498, proto_entropy_lambda=0.003, proto_usage_lambda=0.0003, weight_decay=1e-05
    [Device] CUDA_VISIBLE_DEVICES=7 | torch_device=cuda:0 (NVIDIA RTX A5000)
    [DataCache] save_dataset=True save_dataloaders=False | checkpoint_dir=saved/recbole_cache/movielens1m_feature_added_session_len10 | dataloaders_save_path=saved/recbole_cache/movielens1m_feature_added_session_len10/movielens1m-for-dataloader.pth
    [DataPrep] cache_hit=memory, create_dataset=0.00s, data_preparation=0.00s, n_items=3534
  -> MRR@20=0.0774  best=0.0797  (early_stop@34, trial=12.5min, avg=13.1min/trial, total=39.4min, ETA=2.62h)

[4/15] balance_loss_lambda=0.1, hidden_dropout_prob=0.1, learning_rate=0.0003505, proto_entropy_lambda=0, proto_usage_lambda=0.0003, weight_decay=0
    [Device] CUDA_VISIBLE_DEVICES=7 | torch_device=cuda:0 (NVIDIA RTX A5000)
    [DataCache] save_dataset=True save_dataloaders=False | checkpoint_dir=saved/recbole_cache/movielens1m_feature_added_session_len10 | dataloaders_save_path=saved/recbole_cache/movielens1m_feature_added_session_len10/movielens1m-for-dataloader.pth
    [DataPrep] cache_hit=memory, create_dataset=0.00s, data_preparation=0.00s, n_items=3534
  -> MRR@20=0.0783  best=0.0797  (full@40, trial=14.7min, avg=13.5min/trial, total=54.1min, ETA=2.48h)

[5/15] balance_loss_lambda=0.03, hidden_dropout_prob=0, learning_rate=0.008643, proto_entropy_lambda=0.0003, proto_usage_lambda=0.0003, weight_decay=0.0001
    [Device] CUDA_VISIBLE_DEVICES=7 | torch_device=cuda:0 (NVIDIA RTX A5000)
    [DataCache] save_dataset=True save_dataloaders=False | checkpoint_dir=saved/recbole_cache/movielens1m_feature_added_session_len10 | dataloaders_save_path=saved/recbole_cache/movielens1m_feature_added_session_len10/movielens1m-for-dataloader.pth
    [DataPrep] cache_hit=memory, create_dataset=0.00s, data_preparation=0.00s, n_items=3534
  -> MRR@20=0.0786  best=0.0797  (early_stop@35, trial=11.6min, avg=13.1min/trial, total=1.09h, ETA=2.19h)

[6/15] balance_loss_lambda=0.2, hidden_dropout_prob=0, learning_rate=0.0051, proto_entropy_lambda=0, proto_usage_lambda=0, weight_decay=0.0001
    [Device] CUDA_VISIBLE_DEVICES=7 | torch_device=cuda:0 (NVIDIA RTX A5000)
    [DataCache] save_dataset=True save_dataloaders=False | checkpoint_dir=saved/recbole_cache/movielens1m_feature_added_session_len10 | dataloaders_save_path=saved/recbole_cache/movielens1m_feature_added_session_len10/movielens1m-for-dataloader.pth
    [DataPrep] cache_hit=memory, create_dataset=0.00s, data_preparation=0.00s, n_items=3534
  -> MRR@20=0.0775  best=0.0797  (early_stop@33, trial=11.0min, avg=12.8min/trial, total=1.28h, ETA=1.92h)

[7/15] balance_loss_lambda=0.2, hidden_dropout_prob=0, learning_rate=0.01866, proto_entropy_lambda=0.0001, proto_usage_lambda=0.0001, weight_decay=1e-07
    [Device] CUDA_VISIBLE_DEVICES=7 | torch_device=cuda:0 (NVIDIA RTX A5000)
    [DataCache] save_dataset=True save_dataloaders=False | checkpoint_dir=saved/recbole_cache/movielens1m_feature_added_session_len10 | dataloaders_save_path=saved/recbole_cache/movielens1m_feature_added_session_len10/movielens1m-for-dataloader.pth
    [DataPrep] cache_hit=memory, create_dataset=0.00s, data_preparation=0.00s, n_items=3534
[RUN_STATUS] TERMINATED signal=SIGINT(2) pid=316480 ts=2026-03-08T14:22:47
[RUN_STATUS] END status=terminated signal=SIGINT(2) pid=316480 start=2026-03-08T13:01:30 end=2026-03-08T14:22:47
