[RUN_STATUS] START pid=5102 ts=2026-03-12T05:47:57

=================================================================
  Hyperopt TPE  |  FeaturedMoE_N x KuaiRecSmall0.1
  max_evals=10  epochs=100  patience=10  wandb=off
  batch_size(train/valid/test)=6144/12288/12288
  track=fmoe_n  axis=hparam  phase=P0_Q03
  search.train_batch_size=[6144]
  search.eval_batch_size=[12288]
=================================================================
Changed knobs: learning_rate
Tuned params(len>1): 1  (~1 discrete combos)
Tuned groups: 1
  [optimization]
    learning_rate                   [0.00038, 0.0012]                         -> loguniform
Fixed params(singleton/non-list): 47
Fixed groups: 47
  [optimization]
    balance_loss_lambda             0.002                                   
    eval_batch_size                 12288                                   
    hidden_dropout_prob             0.1                                     
    train_batch_size                6144                                    
    weight_decay                    5e-05                                   
  [model_core]
    d_expert_hidden                 128                                     
    d_feat_emb                      16                                      
    d_router_hidden                 64                                      
    embedding_size                  128                                     
    expert_scale                    3                                       
    micro_router_feature_dropout    0.0                                     
    mid_router_feature_dropout      0.0                                     
    num_heads                       8                                       
  [layout]
    fmoe_v2_layout_id               7                                       
  [routing_moe]
    macro_routing_scope             session                                 
    macro_session_pooling           mean                                    
    micro_router_temperature        1.2                                     
    micro_router_temperature_start  1.2                                     
    mid_router_temperature          1.2                                     
    mid_router_temperature_start    1.2                                     
    moe_top_k                       0                                       
    moe_top_k_policy                auto                                    
    moe_top_k_ratio                 0.5                                     
    moe_top_k_start                 0                                       
    moe_top_k_warmup_until          0                                       
    router_design                   simple_flat                             
    router_impl                     learned                                 
    router_impl_by_stage            {}                                      
    router_use_feature              True                                    
    router_use_hidden               True                                    
    rule_router.feature_per_expert  4                                       
    rule_router.n_bins              5                                       
    rule_router.variant             ratio_bins                              
  [schedule]
    alpha_warmup_end                1.0                                     
    alpha_warmup_start              0.0                                     
    alpha_warmup_until              0                                       
    fmoe_schedule_enable            False                                   
    temperature_warmup_until        0                                       
  [other]
    MAX_ITEM_LIST_LENGTH            10                                      
    expert_use_feature              True                                    
    expert_use_hidden               True                                    
    feature_encoder_mode            linear                                  
    feature_encoder_sinusoidal_n_freqs  4                                       
    fmoe_special_logging            True                                    
    fmoe_stage_execution_mode       serial                                  
    rule_bias_scale                 0.15                                    
    use_valid_ratio_gating          True                                    
Layout details:
  execution(fixed)=serial
  id=7 exec=serial pre=0 post=0 total_layers=4 total_moe=3 | macro(pass=1,moe=1) | mid(pass=0,moe=1) | micro(pass=0,moe=1)

[Wandb] disabled for this hyperopt run

[1/10] learning_rate=0.0009862
  -> MRR@20=0.0157  best=0.0157  (early_stop@33, trial=2.6min, avg=2.7min/trial, total=2.7min, ETA=24.0min)
[TRIAL_METRICS] cur_best_mrr20=0.0157 cur_best_hr10=0.0500 cur_test_mrr20=0.0136 cur_test_hr10=0.0439 run_best_mrr20=0.0157 run_best_hr10=0.0500 run_test_mrr20=0.0136 run_test_hr10=0.0439

[2/10] learning_rate=0.0006825
  -> MRR@20=0.0170  best=0.0170  (early_stop@31, trial=2.5min, avg=2.6min/trial, total=5.1min, ETA=20.6min)
[TRIAL_METRICS] cur_best_mrr20=0.0170 cur_best_hr10=0.0522 cur_test_mrr20=0.0151 cur_test_hr10=0.0461 run_best_mrr20=0.0170 run_best_hr10=0.0522 run_test_mrr20=0.0151 run_test_hr10=0.0461

[3/10] learning_rate=0.0003962
  -> MRR@20=0.0176  best=0.0176  (early_stop@41, trial=3.3min, avg=2.8min/trial, total=8.4min, ETA=19.7min)
[TRIAL_METRICS] cur_best_mrr20=0.0176 cur_best_hr10=0.0533 cur_test_mrr20=0.0167 cur_test_hr10=0.0487 run_best_mrr20=0.0176 run_best_hr10=0.0533 run_test_mrr20=0.0167 run_test_hr10=0.0487

[4/10] learning_rate=0.0008504
  -> MRR@20=0.0166  best=0.0176  (early_stop@31, trial=2.5min, avg=2.7min/trial, total=10.9min, ETA=16.4min)
[TRIAL_METRICS] cur_best_mrr20=0.0166 cur_best_hr10=0.0531 cur_test_mrr20=0.0152 cur_test_hr10=0.0473 run_best_mrr20=0.0176 run_best_hr10=0.0533 run_test_mrr20=0.0167 run_test_hr10=0.0487

[5/10] learning_rate=0.0004811
  -> MRR@20=0.0174  best=0.0176  (early_stop@39, trial=3.1min, avg=2.8min/trial, total=14.1min, ETA=14.1min)
[TRIAL_METRICS] cur_best_mrr20=0.0174 cur_best_hr10=0.0544 cur_test_mrr20=0.0163 cur_test_hr10=0.0489 run_best_mrr20=0.0176 run_best_hr10=0.0533 run_test_mrr20=0.0167 run_test_hr10=0.0487

[6/10] learning_rate=0.0006815
  -> MRR@20=0.0167  best=0.0176  (early_stop@33, trial=2.7min, avg=2.8min/trial, total=16.8min, ETA=11.2min)
[TRIAL_METRICS] cur_best_mrr20=0.0167 cur_best_hr10=0.0533 cur_test_mrr20=0.0156 cur_test_hr10=0.0469 run_best_mrr20=0.0176 run_best_hr10=0.0533 run_test_mrr20=0.0167 run_test_hr10=0.0487

[7/10] learning_rate=0.0009662
  -> MRR@20=0.0159  best=0.0176  (early_stop@31, trial=2.5min, avg=2.7min/trial, total=19.2min, ETA=8.2min)
[TRIAL_METRICS] cur_best_mrr20=0.0159 cur_best_hr10=0.0518 cur_test_mrr20=0.0146 cur_test_hr10=0.0472 run_best_mrr20=0.0176 run_best_hr10=0.0533 run_test_mrr20=0.0167 run_test_hr10=0.0487

[8/10] learning_rate=0.0006341
  -> MRR@20=0.0167  best=0.0176  (early_stop@39, trial=3.1min, avg=2.8min/trial, total=22.3min, ETA=5.6min)
[TRIAL_METRICS] cur_best_mrr20=0.0167 cur_best_hr10=0.0539 cur_test_mrr20=0.0151 cur_test_hr10=0.0476 run_best_mrr20=0.0176 run_best_hr10=0.0533 run_test_mrr20=0.0167 run_test_hr10=0.0487

[9/10] learning_rate=0.001064
  -> MRR@20=0.0159  best=0.0176  (early_stop@31, trial=2.5min, avg=2.8min/trial, total=24.8min, ETA=2.8min)
[TRIAL_METRICS] cur_best_mrr20=0.0159 cur_best_hr10=0.0515 cur_test_mrr20=0.0146 cur_test_hr10=0.0471 run_best_mrr20=0.0176 run_best_hr10=0.0533 run_test_mrr20=0.0167 run_test_hr10=0.0487

[10/10] learning_rate=0.0008026
  -> MRR@20=0.0161  best=0.0176  (early_stop@33, trial=2.6min, avg=2.7min/trial, total=27.5min, ETA=0s)
[TRIAL_METRICS] cur_best_mrr20=0.0161 cur_best_hr10=0.0514 cur_test_mrr20=0.0149 cur_test_hr10=0.0467 run_best_mrr20=0.0176 run_best_hr10=0.0533 run_test_mrr20=0.0167 run_test_hr10=0.0487

=================================================================
  DONE  |  FeaturedMoE_N x KuaiRecSmall0.1
  Best MRR@20 = 0.0176  |  10/10 trials OK
  Best HR@10  = 0.0533
  Test MRR@20 = 0.0167  (best-valid checkpoint)
  Test HR@10  = 0.0487  (best-valid checkpoint)
[RUN_METRICS] best_valid_mrr20=0.0176 best_valid_hr10=0.0533 test_mrr20=0.0167 test_hr10=0.0487
  Total time: 27.5 min
  Best params:
    learning_rate: 0.000396249
  Results -> /workspace/jy1559/FMoE/experiments/run/artifacts/results/fmoe_n/KuaiRecSmall0.1_FeaturedMoE_N_p0_q03_20260312_054757_594337_pid5102.json
  Normal mirror -> /workspace/jy1559/FMoE/experiments/run/artifacts/results/fmoe_n/normal/P0/KU01/FMoE/KuaiRecSmall0.1_FeaturedMoE_N_p0_q03_20260312_054757_594337_pid5102.json
  Special result -> /workspace/jy1559/FMoE/experiments/run/artifacts/results/fmoe_n/special/P0/KU01/FMoE/KuaiRecSmall0.1_FeaturedMoE_N_p0_q03_20260312_054757_594337_pid5102_special_metrics.json
  Special log -> /workspace/jy1559/FMoE/experiments/run/artifacts/logs/fmoe_n/special/P0/KU01/FMoE/KuaiRecSmall0.1_FeaturedMoE_N_p0_q03_20260312_054757_594337_pid5102_special_metrics.json
=================================================================

[RUN_STATUS] END status=normal pid=5102 start=2026-03-12T05:47:57 end=2026-03-12T06:15:25
