[RUN_STATUS] START pid=378662 ts=2026-03-08T18:05:00

=================================================================
  Hyperopt TPE  |  FeaturedMoE_HGR x movielens1m
  max_evals=15  epochs=20  patience=5  wandb=ON
  batch_size(train/valid/test)=4096/8192/8192
  track=fmoe_hgr  axis=hparam  phase=P1HGR_widewide_C61_serial_per_group
=================================================================
Changed knobs: balance_loss_lambda, hidden_dropout_prob, learning_rate, weight_decay
Tuned params(len>1): 4  (~1 discrete combos)
Tuned groups: 4
  [optimization]
    balance_loss_lambda             [0.001, 0.05]                             -> loguniform
    hidden_dropout_prob             [0.08, 0.18]                              -> uniform
    learning_rate                   [5e-05, 0.1]                              -> loguniform
    weight_decay                    [0, 1e-06, 1e-05, 0.0001, 0.001]          -> loguniform_zero
Fixed params(singleton/non-list): 36
Fixed groups: 36
  [model_core]
    d_expert_hidden                 160                                     
    d_feat_emb                      16                                      
    d_router_hidden                 64                                      
    embedding_size                  128                                     
    expert_scale                    3                                       
    hidden_size                     128                                     
    micro_router_feature_dropout    0.1                                     
    mid_router_feature_dropout      0.1                                     
    num_heads                       8                                       
    num_layers                      -1                                      
  [layout]
    arch_layout_id                  15                                      
  [routing_moe]
    group_router_mode               per_group                               
    macro_routing_scope             session                                 
    macro_session_pooling           query                                   
    micro_router_temperature        1.3                                     
    micro_router_temperature_start  1.3                                     
    mid_router_temperature          1.3                                     
    mid_router_temperature_start    1.3                                     
    moe_top_k                       0                                       
    moe_top_k_policy                auto                                    
    moe_top_k_ratio                 0.5                                     
    moe_top_k_start                 0                                       
    moe_top_k_warmup_until          0                                       
  [schedule]
    alpha_warmup_end                1.0                                     
    alpha_warmup_start              0.0                                     
    alpha_warmup_until              0.3                                     
    fmoe_schedule_enable            True                                    
    temperature_warmup_until        0                                       
  [merge_hir]
    parallel_stage_gate_temperature  1.0                                     
    parallel_stage_gate_top_k       0                                       
    stage_merge_mode                serial                                  
  [other]
    MAX_ITEM_LIST_LENGTH            10                                      
    eval_every                      1                                       
    expert_use_feature              False                                   
    group_top_k                     0                                       
    use_valid_ratio_gating          True                                    
Layout details:
  execution(fixed)=serial
  id=15 raw=[1, 0, 2, 0, 1, 0, 0, 0]

[Wandb] per-trial mode enabled project=FMoE_hgr

[1/15] balance_loss_lambda=0.02416, hidden_dropout_prob=0.15, learning_rate=0.0003745, weight_decay=0
[Wandb] trial 1 started project=FMoE_hgr name=tune_movielens1m_FeaturedMoE_HGR_hparam_P1HGR_widewide_C61_serial_per_group_T001_20260308_180502
    [Device] CUDA_VISIBLE_DEVICES=3 | torch_device=cuda:0 (NVIDIA RTX A5000)
    [DataCache] save_dataset=True save_dataloaders=False | checkpoint_dir=saved/recbole_cache/movielens1m_feature_added_session_len10 | dataloaders_save_path=saved/recbole_cache/movielens1m_feature_added_session_len10/movielens1m-for-dataloader.pth
    [DataPrep] cache_hit=disk_or_build, create_dataset=0.10s, data_preparation=0.45s, n_items=3534
[FeaturedMoE_HGR Layout] arch_layout_id=15 selected_layout=[1, 0, 2, 0, 1, 0, 0, 0] global_pre=1 stage_pass={'macro': 0, 'mid': 0, 'micro': 0} stage_moe={'macro': 2, 'mid': 1, 'micro': 0} global_post=0
  -> MRR@20=0.0887  best=0.0887  (full@20, trial=6.0min, avg=6.1min/trial, total=6.1min, ETA=1.42h)
[Wandb] trial finished name=tune_movielens1m_FeaturedMoE_HGR_hparam_P1HGR_widewide_C61_serial_per_group_T001_20260308_180502

[2/15] balance_loss_lambda=0.01843, hidden_dropout_prob=0.1212, learning_rate=0.01878, weight_decay=0.0006153
[Wandb] trial 2 started project=FMoE_hgr name=tune_movielens1m_FeaturedMoE_HGR_hparam_P1HGR_widewide_C61_serial_per_group_T002_20260308_181107
    [Device] CUDA_VISIBLE_DEVICES=3 | torch_device=cuda:0 (NVIDIA RTX A5000)
    [DataCache] save_dataset=True save_dataloaders=False | checkpoint_dir=saved/recbole_cache/movielens1m_feature_added_session_len10 | dataloaders_save_path=saved/recbole_cache/movielens1m_feature_added_session_len10/movielens1m-for-dataloader.pth
    [DataPrep] cache_hit=memory, create_dataset=0.00s, data_preparation=0.00s, n_items=3534
[FeaturedMoE_HGR Layout] arch_layout_id=15 selected_layout=[1, 0, 2, 0, 1, 0, 0, 0] global_pre=1 stage_pass={'macro': 0, 'mid': 0, 'micro': 0} stage_moe={'macro': 2, 'mid': 1, 'micro': 0} global_post=0
  -> MRR@20=0.0456  best=0.0887  (full@20, trial=6.0min, avg=6.1min/trial, total=12.2min, ETA=1.32h)
[Wandb] trial finished name=tune_movielens1m_FeaturedMoE_HGR_hparam_P1HGR_widewide_C61_serial_per_group_T002_20260308_181107

[3/15] balance_loss_lambda=0.01146, hidden_dropout_prob=0.1484, learning_rate=0.001361, weight_decay=4.824e-05
[Wandb] trial 3 started project=FMoE_hgr name=tune_movielens1m_FeaturedMoE_HGR_hparam_P1HGR_widewide_C61_serial_per_group_T003_20260308_181713
    [Device] CUDA_VISIBLE_DEVICES=3 | torch_device=cuda:0 (NVIDIA RTX A5000)
    [DataCache] save_dataset=True save_dataloaders=False | checkpoint_dir=saved/recbole_cache/movielens1m_feature_added_session_len10 | dataloaders_save_path=saved/recbole_cache/movielens1m_feature_added_session_len10/movielens1m-for-dataloader.pth
    [DataPrep] cache_hit=memory, create_dataset=0.00s, data_preparation=0.00s, n_items=3534
[FeaturedMoE_HGR Layout] arch_layout_id=15 selected_layout=[1, 0, 2, 0, 1, 0, 0, 0] global_pre=1 stage_pass={'macro': 0, 'mid': 0, 'micro': 0} stage_moe={'macro': 2, 'mid': 1, 'micro': 0} global_post=0
  -> MRR@20=0.0921  best=0.0921  (full@20, trial=6.0min, avg=6.1min/trial, total=18.3min, ETA=1.22h)
[Wandb] trial finished name=tune_movielens1m_FeaturedMoE_HGR_hparam_P1HGR_widewide_C61_serial_per_group_T003_20260308_181713

[4/15] balance_loss_lambda=0.001003, hidden_dropout_prob=0.1093, learning_rate=0.0001139, weight_decay=0
[Wandb] trial 4 started project=FMoE_hgr name=tune_movielens1m_FeaturedMoE_HGR_hparam_P1HGR_widewide_C61_serial_per_group_T004_20260308_182318
    [Device] CUDA_VISIBLE_DEVICES=3 | torch_device=cuda:0 (NVIDIA RTX A5000)
    [DataCache] save_dataset=True save_dataloaders=False | checkpoint_dir=saved/recbole_cache/movielens1m_feature_added_session_len10 | dataloaders_save_path=saved/recbole_cache/movielens1m_feature_added_session_len10/movielens1m-for-dataloader.pth
    [DataPrep] cache_hit=memory, create_dataset=0.00s, data_preparation=0.00s, n_items=3534
[FeaturedMoE_HGR Layout] arch_layout_id=15 selected_layout=[1, 0, 2, 0, 1, 0, 0, 0] global_pre=1 stage_pass={'macro': 0, 'mid': 0, 'micro': 0} stage_moe={'macro': 2, 'mid': 1, 'micro': 0} global_post=0
  -> MRR@20=0.0663  best=0.0921  (full@20, trial=6.0min, avg=6.1min/trial, total=24.3min, ETA=1.11h)
[Wandb] trial finished name=tune_movielens1m_FeaturedMoE_HGR_hparam_P1HGR_widewide_C61_serial_per_group_T004_20260308_182318

[5/15] balance_loss_lambda=0.00378, hidden_dropout_prob=0.1668, learning_rate=0.09304, weight_decay=3.921e-06
[Wandb] trial 5 started project=FMoE_hgr name=tune_movielens1m_FeaturedMoE_HGR_hparam_P1HGR_widewide_C61_serial_per_group_T005_20260308_182921
    [Device] CUDA_VISIBLE_DEVICES=3 | torch_device=cuda:0 (NVIDIA RTX A5000)
    [DataCache] save_dataset=True save_dataloaders=False | checkpoint_dir=saved/recbole_cache/movielens1m_feature_added_session_len10 | dataloaders_save_path=saved/recbole_cache/movielens1m_feature_added_session_len10/movielens1m-for-dataloader.pth
    [DataPrep] cache_hit=memory, create_dataset=0.00s, data_preparation=0.00s, n_items=3534
[FeaturedMoE_HGR Layout] arch_layout_id=15 selected_layout=[1, 0, 2, 0, 1, 0, 0, 0] global_pre=1 stage_pass={'macro': 0, 'mid': 0, 'micro': 0} stage_moe={'macro': 2, 'mid': 1, 'micro': 0} global_post=0
  -> MRR@20=0.0120  best=0.0921  (early_stop@11, trial=3.3min, avg=5.5min/trial, total=27.7min, ETA=55.4min)
[Wandb] trial finished name=tune_movielens1m_FeaturedMoE_HGR_hparam_P1HGR_widewide_C61_serial_per_group_T005_20260308_182921

[6/15] balance_loss_lambda=0.04065, hidden_dropout_prob=0.084, learning_rate=0.009117, weight_decay=0
[Wandb] trial 6 started project=FMoE_hgr name=tune_movielens1m_FeaturedMoE_HGR_hparam_P1HGR_widewide_C61_serial_per_group_T006_20260308_183244
    [Device] CUDA_VISIBLE_DEVICES=3 | torch_device=cuda:0 (NVIDIA RTX A5000)
    [DataCache] save_dataset=True save_dataloaders=False | checkpoint_dir=saved/recbole_cache/movielens1m_feature_added_session_len10 | dataloaders_save_path=saved/recbole_cache/movielens1m_feature_added_session_len10/movielens1m-for-dataloader.pth
    [DataPrep] cache_hit=memory, create_dataset=0.00s, data_preparation=0.00s, n_items=3534
[FeaturedMoE_HGR Layout] arch_layout_id=15 selected_layout=[1, 0, 2, 0, 1, 0, 0, 0] global_pre=1 stage_pass={'macro': 0, 'mid': 0, 'micro': 0} stage_moe={'macro': 2, 'mid': 1, 'micro': 0} global_post=0
  -> MRR@20=0.0530  best=0.0921  (full@20, trial=6.0min, avg=5.6min/trial, total=33.8min, ETA=50.7min)
[Wandb] trial finished name=tune_movielens1m_FeaturedMoE_HGR_hparam_P1HGR_widewide_C61_serial_per_group_T006_20260308_183244

[7/15] balance_loss_lambda=0.01975, hidden_dropout_prob=0.1347, learning_rate=0.0002848, weight_decay=0
[Wandb] trial 7 started project=FMoE_hgr name=tune_movielens1m_FeaturedMoE_HGR_hparam_P1HGR_widewide_C61_serial_per_group_T007_20260308_183848
    [Device] CUDA_VISIBLE_DEVICES=3 | torch_device=cuda:0 (NVIDIA RTX A5000)
    [DataCache] save_dataset=True save_dataloaders=False | checkpoint_dir=saved/recbole_cache/movielens1m_feature_added_session_len10 | dataloaders_save_path=saved/recbole_cache/movielens1m_feature_added_session_len10/movielens1m-for-dataloader.pth
    [DataPrep] cache_hit=memory, create_dataset=0.00s, data_preparation=0.00s, n_items=3534
[FeaturedMoE_HGR Layout] arch_layout_id=15 selected_layout=[1, 0, 2, 0, 1, 0, 0, 0] global_pre=1 stage_pass={'macro': 0, 'mid': 0, 'micro': 0} stage_moe={'macro': 2, 'mid': 1, 'micro': 0} global_post=0
  -> MRR@20=0.0848  best=0.0921  (full@20, trial=6.0min, avg=5.7min/trial, total=39.8min, ETA=45.5min)
[Wandb] trial finished name=tune_movielens1m_FeaturedMoE_HGR_hparam_P1HGR_widewide_C61_serial_per_group_T007_20260308_183848

[8/15] balance_loss_lambda=0.03851, hidden_dropout_prob=0.1379, learning_rate=0.001147, weight_decay=1.135e-05
[Wandb] trial 8 started project=FMoE_hgr name=tune_movielens1m_FeaturedMoE_HGR_hparam_P1HGR_widewide_C61_serial_per_group_T008_20260308_184450
    [Device] CUDA_VISIBLE_DEVICES=3 | torch_device=cuda:0 (NVIDIA RTX A5000)
    [DataCache] save_dataset=True save_dataloaders=False | checkpoint_dir=saved/recbole_cache/movielens1m_feature_added_session_len10 | dataloaders_save_path=saved/recbole_cache/movielens1m_feature_added_session_len10/movielens1m-for-dataloader.pth
    [DataPrep] cache_hit=memory, create_dataset=0.00s, data_preparation=0.00s, n_items=3534
[FeaturedMoE_HGR Layout] arch_layout_id=15 selected_layout=[1, 0, 2, 0, 1, 0, 0, 0] global_pre=1 stage_pass={'macro': 0, 'mid': 0, 'micro': 0} stage_moe={'macro': 2, 'mid': 1, 'micro': 0} global_post=0
  -> MRR@20=0.0941  best=0.0941  (full@20, trial=6.0min, avg=5.7min/trial, total=45.9min, ETA=40.1min)
[Wandb] trial finished name=tune_movielens1m_FeaturedMoE_HGR_hparam_P1HGR_widewide_C61_serial_per_group_T008_20260308_184450

[9/15] balance_loss_lambda=0.004757, hidden_dropout_prob=0.09397, learning_rate=0.01416, weight_decay=0
[Wandb] trial 9 started project=FMoE_hgr name=tune_movielens1m_FeaturedMoE_HGR_hparam_P1HGR_widewide_C61_serial_per_group_T009_20260308_185054
    [Device] CUDA_VISIBLE_DEVICES=3 | torch_device=cuda:0 (NVIDIA RTX A5000)
    [DataCache] save_dataset=True save_dataloaders=False | checkpoint_dir=saved/recbole_cache/movielens1m_feature_added_session_len10 | dataloaders_save_path=saved/recbole_cache/movielens1m_feature_added_session_len10/movielens1m-for-dataloader.pth
    [DataPrep] cache_hit=memory, create_dataset=0.00s, data_preparation=0.00s, n_items=3534
[FeaturedMoE_HGR Layout] arch_layout_id=15 selected_layout=[1, 0, 2, 0, 1, 0, 0, 0] global_pre=1 stage_pass={'macro': 0, 'mid': 0, 'micro': 0} stage_moe={'macro': 2, 'mid': 1, 'micro': 0} global_post=0
  -> MRR@20=0.0434  best=0.0941  (full@20, trial=6.0min, avg=5.8min/trial, total=51.9min, ETA=34.6min)
[Wandb] trial finished name=tune_movielens1m_FeaturedMoE_HGR_hparam_P1HGR_widewide_C61_serial_per_group_T009_20260308_185054

[10/15] balance_loss_lambda=0.02359, hidden_dropout_prob=0.1521, learning_rate=0.003192, weight_decay=0
[Wandb] trial 10 started project=FMoE_hgr name=tune_movielens1m_FeaturedMoE_HGR_hparam_P1HGR_widewide_C61_serial_per_group_T010_20260308_185658
    [Device] CUDA_VISIBLE_DEVICES=3 | torch_device=cuda:0 (NVIDIA RTX A5000)
    [DataCache] save_dataset=True save_dataloaders=False | checkpoint_dir=saved/recbole_cache/movielens1m_feature_added_session_len10 | dataloaders_save_path=saved/recbole_cache/movielens1m_feature_added_session_len10/movielens1m-for-dataloader.pth
    [DataPrep] cache_hit=memory, create_dataset=0.00s, data_preparation=0.00s, n_items=3534
[FeaturedMoE_HGR Layout] arch_layout_id=15 selected_layout=[1, 0, 2, 0, 1, 0, 0, 0] global_pre=1 stage_pass={'macro': 0, 'mid': 0, 'micro': 0} stage_moe={'macro': 2, 'mid': 1, 'micro': 0} global_post=0
  -> MRR@20=0.0920  best=0.0941  (full@20, trial=6.0min, avg=5.8min/trial, total=58.0min, ETA=29.0min)
[Wandb] trial finished name=tune_movielens1m_FeaturedMoE_HGR_hparam_P1HGR_widewide_C61_serial_per_group_T010_20260308_185658

[11/15] balance_loss_lambda=0.005336, hidden_dropout_prob=0.1556, learning_rate=0.01426, weight_decay=4.671e-06
[Wandb] trial 11 started project=FMoE_hgr name=tune_movielens1m_FeaturedMoE_HGR_hparam_P1HGR_widewide_C61_serial_per_group_T011_20260308_190302
    [Device] CUDA_VISIBLE_DEVICES=3 | torch_device=cuda:0 (NVIDIA RTX A5000)
    [DataCache] save_dataset=True save_dataloaders=False | checkpoint_dir=saved/recbole_cache/movielens1m_feature_added_session_len10 | dataloaders_save_path=saved/recbole_cache/movielens1m_feature_added_session_len10/movielens1m-for-dataloader.pth
    [DataPrep] cache_hit=memory, create_dataset=0.00s, data_preparation=0.00s, n_items=3534
[FeaturedMoE_HGR Layout] arch_layout_id=15 selected_layout=[1, 0, 2, 0, 1, 0, 0, 0] global_pre=1 stage_pass={'macro': 0, 'mid': 0, 'micro': 0} stage_moe={'macro': 2, 'mid': 1, 'micro': 0} global_post=0
  -> MRR@20=0.0538  best=0.0941  (full@20, trial=6.1min, avg=5.8min/trial, total=1.07h, ETA=23.3min)
[Wandb] trial finished name=tune_movielens1m_FeaturedMoE_HGR_hparam_P1HGR_widewide_C61_serial_per_group_T011_20260308_190302

[12/15] balance_loss_lambda=0.001408, hidden_dropout_prob=0.1397, learning_rate=0.0005976, weight_decay=0
[Wandb] trial 12 started project=FMoE_hgr name=tune_movielens1m_FeaturedMoE_HGR_hparam_P1HGR_widewide_C61_serial_per_group_T012_20260308_190910
    [Device] CUDA_VISIBLE_DEVICES=3 | torch_device=cuda:0 (NVIDIA RTX A5000)
    [DataCache] save_dataset=True save_dataloaders=False | checkpoint_dir=saved/recbole_cache/movielens1m_feature_added_session_len10 | dataloaders_save_path=saved/recbole_cache/movielens1m_feature_added_session_len10/movielens1m-for-dataloader.pth
    [DataPrep] cache_hit=memory, create_dataset=0.00s, data_preparation=0.00s, n_items=3534
[FeaturedMoE_HGR Layout] arch_layout_id=15 selected_layout=[1, 0, 2, 0, 1, 0, 0, 0] global_pre=1 stage_pass={'macro': 0, 'mid': 0, 'micro': 0} stage_moe={'macro': 2, 'mid': 1, 'micro': 0} global_post=0
  -> MRR@20=0.0931  best=0.0941  (full@20, trial=6.1min, avg=5.9min/trial, total=1.17h, ETA=17.6min)
[Wandb] trial finished name=tune_movielens1m_FeaturedMoE_HGR_hparam_P1HGR_widewide_C61_serial_per_group_T012_20260308_190910

[13/15] balance_loss_lambda=0.002954, hidden_dropout_prob=0.1468, learning_rate=0.04915, weight_decay=0
[Wandb] trial 13 started project=FMoE_hgr name=tune_movielens1m_FeaturedMoE_HGR_hparam_P1HGR_widewide_C61_serial_per_group_T013_20260308_191516
    [Device] CUDA_VISIBLE_DEVICES=3 | torch_device=cuda:0 (NVIDIA RTX A5000)
    [DataCache] save_dataset=True save_dataloaders=False | checkpoint_dir=saved/recbole_cache/movielens1m_feature_added_session_len10 | dataloaders_save_path=saved/recbole_cache/movielens1m_feature_added_session_len10/movielens1m-for-dataloader.pth
    [DataPrep] cache_hit=memory, create_dataset=0.00s, data_preparation=0.00s, n_items=3534
[FeaturedMoE_HGR Layout] arch_layout_id=15 selected_layout=[1, 0, 2, 0, 1, 0, 0, 0] global_pre=1 stage_pass={'macro': 0, 'mid': 0, 'micro': 0} stage_moe={'macro': 2, 'mid': 1, 'micro': 0} global_post=0
  -> MRR@20=0.0114  best=0.0941  (early_stop@13, trial=3.9min, avg=5.7min/trial, total=1.24h, ETA=11.4min)
[Wandb] trial finished name=tune_movielens1m_FeaturedMoE_HGR_hparam_P1HGR_widewide_C61_serial_per_group_T013_20260308_191516

[14/15] balance_loss_lambda=0.04636, hidden_dropout_prob=0.1553, learning_rate=0.002364, weight_decay=0
[Wandb] trial 14 started project=FMoE_hgr name=tune_movielens1m_FeaturedMoE_HGR_hparam_P1HGR_widewide_C61_serial_per_group_T014_20260308_191916
    [Device] CUDA_VISIBLE_DEVICES=3 | torch_device=cuda:0 (NVIDIA RTX A5000)
    [DataCache] save_dataset=True save_dataloaders=False | checkpoint_dir=saved/recbole_cache/movielens1m_feature_added_session_len10 | dataloaders_save_path=saved/recbole_cache/movielens1m_feature_added_session_len10/movielens1m-for-dataloader.pth
    [DataPrep] cache_hit=memory, create_dataset=0.00s, data_preparation=0.00s, n_items=3534
[FeaturedMoE_HGR Layout] arch_layout_id=15 selected_layout=[1, 0, 2, 0, 1, 0, 0, 0] global_pre=1 stage_pass={'macro': 0, 'mid': 0, 'micro': 0} stage_moe={'macro': 2, 'mid': 1, 'micro': 0} global_post=0
  -> MRR@20=0.0932  best=0.0941  (full@20, trial=6.0min, avg=5.7min/trial, total=1.34h, ETA=5.7min)
[Wandb] trial finished name=tune_movielens1m_FeaturedMoE_HGR_hparam_P1HGR_widewide_C61_serial_per_group_T014_20260308_191916

[15/15] balance_loss_lambda=0.001688, hidden_dropout_prob=0.08365, learning_rate=7.559e-05, weight_decay=0.0002166
[Wandb] trial 15 started project=FMoE_hgr name=tune_movielens1m_FeaturedMoE_HGR_hparam_P1HGR_widewide_C61_serial_per_group_T015_20260308_192521
    [Device] CUDA_VISIBLE_DEVICES=3 | torch_device=cuda:0 (NVIDIA RTX A5000)
    [DataCache] save_dataset=True save_dataloaders=False | checkpoint_dir=saved/recbole_cache/movielens1m_feature_added_session_len10 | dataloaders_save_path=saved/recbole_cache/movielens1m_feature_added_session_len10/movielens1m-for-dataloader.pth
    [DataPrep] cache_hit=memory, create_dataset=0.00s, data_preparation=0.00s, n_items=3534
[FeaturedMoE_HGR Layout] arch_layout_id=15 selected_layout=[1, 0, 2, 0, 1, 0, 0, 0] global_pre=1 stage_pass={'macro': 0, 'mid': 0, 'micro': 0} stage_moe={'macro': 2, 'mid': 1, 'micro': 0} global_post=0
  -> MRR@20=0.0543  best=0.0941  (full@20, trial=6.1min, avg=5.8min/trial, total=1.44h, ETA=0s)
[Wandb] trial finished name=tune_movielens1m_FeaturedMoE_HGR_hparam_P1HGR_widewide_C61_serial_per_group_T015_20260308_192521

=================================================================
  DONE  |  FeaturedMoE_HGR x movielens1m
  Best MRR@20 = 0.0941  |  15/15 trials OK
  Total time: 86.5 min
  Best params:
    balance_loss_lambda: 0.0385125
    hidden_dropout_prob: 0.13787
    learning_rate: 0.00114681
    weight_decay: 1.13489e-05
  Results -> /workspace/jy1559/FMoE/experiments/run/artifacts/results/fmoe_hgr/movielens1m_FeaturedMoE_HGR_p1hgr_widewide_c61_serial_per_group_20260308_180501_219010_pid378662.json
=================================================================

[RUN_STATUS] END status=normal pid=378662 start=2026-03-08T18:05:00 end=2026-03-08T19:31:31
