[RUN_STATUS] START pid=387041 ts=2026-03-08T20:51:38

=================================================================
  Hyperopt TPE  |  FeaturedMoE_HGR x movielens1m
  max_evals=15  epochs=20  patience=5  wandb=ON
  batch_size(train/valid/test)=4096/8192/8192
  track=fmoe_hgr  axis=hparam  phase=P1HGR_widewide_C23_parallel_hybrid
=================================================================
Changed knobs: balance_loss_lambda, hidden_dropout_prob, learning_rate, weight_decay
Tuned params(len>1): 4  (~1 discrete combos)
Tuned groups: 4
  [optimization]
    balance_loss_lambda             [0.001, 0.05]                             -> loguniform
    hidden_dropout_prob             [0.08, 0.18]                              -> uniform
    learning_rate                   [5e-05, 0.1]                              -> loguniform
    weight_decay                    [0, 1e-06, 1e-05, 0.0001, 0.001]          -> loguniform_zero
Fixed params(singleton/non-list): 36
Fixed groups: 36
  [model_core]
    d_expert_hidden                 160                                     
    d_feat_emb                      16                                      
    d_router_hidden                 64                                      
    embedding_size                  128                                     
    expert_scale                    3                                       
    hidden_size                     128                                     
    micro_router_feature_dropout    0.1                                     
    mid_router_feature_dropout      0.1                                     
    num_heads                       8                                       
    num_layers                      -1                                      
  [layout]
    arch_layout_id                  5                                       
  [routing_moe]
    group_router_mode               hybrid                                  
    macro_routing_scope             session                                 
    macro_session_pooling           query                                   
    micro_router_temperature        1.3                                     
    micro_router_temperature_start  1.3                                     
    mid_router_temperature          1.3                                     
    mid_router_temperature_start    1.3                                     
    moe_top_k                       0                                       
    moe_top_k_policy                auto                                    
    moe_top_k_ratio                 0.5                                     
    moe_top_k_start                 0                                       
    moe_top_k_warmup_until          0                                       
  [schedule]
    alpha_warmup_end                1.0                                     
    alpha_warmup_start              0.0                                     
    alpha_warmup_until              0                                       
    fmoe_schedule_enable            False                                   
    temperature_warmup_until        0                                       
  [merge_hir]
    parallel_stage_gate_temperature  1.0                                     
    parallel_stage_gate_top_k       0                                       
    stage_merge_mode                parallel                                
  [other]
    MAX_ITEM_LIST_LENGTH            10                                      
    eval_every                      1                                       
    expert_use_feature              False                                   
    group_top_k                     2                                       
    use_valid_ratio_gating          True                                    
Layout details:
  execution(fixed)=serial
  id=5 raw=[1, 1, 1, 0, 1, 0, 0, 0]

[Wandb] per-trial mode enabled project=FMoE_hgr

[1/15] balance_loss_lambda=0.002949, hidden_dropout_prob=0.1525, learning_rate=0.01415, weight_decay=4.481e-06
[Wandb] trial 1 started project=FMoE_hgr name=tune_movielens1m_FeaturedMoE_HGR_hparam_P1HGR_widewide_C23_parallel_hybrid_T001_20260308_205139
    [Device] CUDA_VISIBLE_DEVICES=1 | torch_device=cuda:0 (NVIDIA RTX A5000)
    [DataCache] save_dataset=True save_dataloaders=False | checkpoint_dir=saved/recbole_cache/movielens1m_feature_added_session_len10 | dataloaders_save_path=saved/recbole_cache/movielens1m_feature_added_session_len10/movielens1m-for-dataloader.pth
    [DataPrep] cache_hit=disk_or_build, create_dataset=0.10s, data_preparation=0.49s, n_items=3534
[FeaturedMoE_HGR Layout] arch_layout_id=5 selected_layout=[1, 1, 1, 0, 1, 0, 0, 0] global_pre=1 stage_pass={'macro': 1, 'mid': 0, 'micro': 0} stage_moe={'macro': 1, 'mid': 1, 'micro': 0} global_post=0
  -> MRR@20=0.0119  best=0.0119  (early_stop@13, trial=3.5min, avg=3.6min/trial, total=3.6min, ETA=50.5min)
[Wandb] trial finished name=tune_movielens1m_FeaturedMoE_HGR_hparam_P1HGR_widewide_C23_parallel_hybrid_T001_20260308_205139

[2/15] balance_loss_lambda=0.02536, hidden_dropout_prob=0.1063, learning_rate=0.0002996, weight_decay=0
[Wandb] trial 2 started project=FMoE_hgr name=tune_movielens1m_FeaturedMoE_HGR_hparam_P1HGR_widewide_C23_parallel_hybrid_T002_20260308_205515
    [Device] CUDA_VISIBLE_DEVICES=1 | torch_device=cuda:0 (NVIDIA RTX A5000)
    [DataCache] save_dataset=True save_dataloaders=False | checkpoint_dir=saved/recbole_cache/movielens1m_feature_added_session_len10 | dataloaders_save_path=saved/recbole_cache/movielens1m_feature_added_session_len10/movielens1m-for-dataloader.pth
    [DataPrep] cache_hit=memory, create_dataset=0.00s, data_preparation=0.00s, n_items=3534
[FeaturedMoE_HGR Layout] arch_layout_id=5 selected_layout=[1, 1, 1, 0, 1, 0, 0, 0] global_pre=1 stage_pass={'macro': 1, 'mid': 0, 'micro': 0} stage_moe={'macro': 1, 'mid': 1, 'micro': 0} global_post=0
  -> MRR@20=0.0809  best=0.0809  (full@20, trial=5.3min, avg=4.5min/trial, total=8.9min, ETA=58.0min)
[Wandb] trial finished name=tune_movielens1m_FeaturedMoE_HGR_hparam_P1HGR_widewide_C23_parallel_hybrid_T002_20260308_205515

[3/15] balance_loss_lambda=0.006758, hidden_dropout_prob=0.1252, learning_rate=0.0001108, weight_decay=7.922e-06
[Wandb] trial 3 started project=FMoE_hgr name=tune_movielens1m_FeaturedMoE_HGR_hparam_P1HGR_widewide_C23_parallel_hybrid_T003_20260308_210034
    [Device] CUDA_VISIBLE_DEVICES=1 | torch_device=cuda:0 (NVIDIA RTX A5000)
    [DataCache] save_dataset=True save_dataloaders=False | checkpoint_dir=saved/recbole_cache/movielens1m_feature_added_session_len10 | dataloaders_save_path=saved/recbole_cache/movielens1m_feature_added_session_len10/movielens1m-for-dataloader.pth
    [DataPrep] cache_hit=memory, create_dataset=0.00s, data_preparation=0.00s, n_items=3534
[FeaturedMoE_HGR Layout] arch_layout_id=5 selected_layout=[1, 1, 1, 0, 1, 0, 0, 0] global_pre=1 stage_pass={'macro': 1, 'mid': 0, 'micro': 0} stage_moe={'macro': 1, 'mid': 1, 'micro': 0} global_post=0
  -> MRR@20=0.0613  best=0.0809  (full@20, trial=5.3min, avg=4.8min/trial, total=14.3min, ETA=57.2min)
[Wandb] trial finished name=tune_movielens1m_FeaturedMoE_HGR_hparam_P1HGR_widewide_C23_parallel_hybrid_T003_20260308_210034

[4/15] balance_loss_lambda=0.02877, hidden_dropout_prob=0.1771, learning_rate=0.0003441, weight_decay=0
[Wandb] trial 4 started project=FMoE_hgr name=tune_movielens1m_FeaturedMoE_HGR_hparam_P1HGR_widewide_C23_parallel_hybrid_T004_20260308_210556
    [Device] CUDA_VISIBLE_DEVICES=1 | torch_device=cuda:0 (NVIDIA RTX A5000)
    [DataCache] save_dataset=True save_dataloaders=False | checkpoint_dir=saved/recbole_cache/movielens1m_feature_added_session_len10 | dataloaders_save_path=saved/recbole_cache/movielens1m_feature_added_session_len10/movielens1m-for-dataloader.pth
    [DataPrep] cache_hit=memory, create_dataset=0.00s, data_preparation=0.00s, n_items=3534
[FeaturedMoE_HGR Layout] arch_layout_id=5 selected_layout=[1, 1, 1, 0, 1, 0, 0, 0] global_pre=1 stage_pass={'macro': 1, 'mid': 0, 'micro': 0} stage_moe={'macro': 1, 'mid': 1, 'micro': 0} global_post=0
  -> MRR@20=0.0796  best=0.0809  (full@20, trial=5.5min, avg=5.0min/trial, total=19.8min, ETA=54.6min)
[Wandb] trial finished name=tune_movielens1m_FeaturedMoE_HGR_hparam_P1HGR_widewide_C23_parallel_hybrid_T004_20260308_210556

[5/15] balance_loss_lambda=0.03383, hidden_dropout_prob=0.1099, learning_rate=0.0007113, weight_decay=2.664e-06
[Wandb] trial 5 started project=FMoE_hgr name=tune_movielens1m_FeaturedMoE_HGR_hparam_P1HGR_widewide_C23_parallel_hybrid_T005_20260308_211130
    [Device] CUDA_VISIBLE_DEVICES=1 | torch_device=cuda:0 (NVIDIA RTX A5000)
    [DataCache] save_dataset=True save_dataloaders=False | checkpoint_dir=saved/recbole_cache/movielens1m_feature_added_session_len10 | dataloaders_save_path=saved/recbole_cache/movielens1m_feature_added_session_len10/movielens1m-for-dataloader.pth
    [DataPrep] cache_hit=memory, create_dataset=0.00s, data_preparation=0.00s, n_items=3534
[FeaturedMoE_HGR Layout] arch_layout_id=5 selected_layout=[1, 1, 1, 0, 1, 0, 0, 0] global_pre=1 stage_pass={'macro': 1, 'mid': 0, 'micro': 0} stage_moe={'macro': 1, 'mid': 1, 'micro': 0} global_post=0
  -> MRR@20=0.0865  best=0.0865  (full@20, trial=5.4min, avg=5.1min/trial, total=25.3min, ETA=50.6min)
[Wandb] trial finished name=tune_movielens1m_FeaturedMoE_HGR_hparam_P1HGR_widewide_C23_parallel_hybrid_T005_20260308_211130

[6/15] balance_loss_lambda=0.04446, hidden_dropout_prob=0.1522, learning_rate=0.06009, weight_decay=7.575e-06
[Wandb] trial 6 started project=FMoE_hgr name=tune_movielens1m_FeaturedMoE_HGR_hparam_P1HGR_widewide_C23_parallel_hybrid_T006_20260308_211658
    [Device] CUDA_VISIBLE_DEVICES=1 | torch_device=cuda:0 (NVIDIA RTX A5000)
    [DataCache] save_dataset=True save_dataloaders=False | checkpoint_dir=saved/recbole_cache/movielens1m_feature_added_session_len10 | dataloaders_save_path=saved/recbole_cache/movielens1m_feature_added_session_len10/movielens1m-for-dataloader.pth
    [DataPrep] cache_hit=memory, create_dataset=0.00s, data_preparation=0.00s, n_items=3534
[FeaturedMoE_HGR Layout] arch_layout_id=5 selected_layout=[1, 1, 1, 0, 1, 0, 0, 0] global_pre=1 stage_pass={'macro': 1, 'mid': 0, 'micro': 0} stage_moe={'macro': 1, 'mid': 1, 'micro': 0} global_post=0
  -> MRR@20=0.0110  best=0.0865  (early_stop@15, trial=4.0min, avg=4.9min/trial, total=29.4min, ETA=44.1min)
[Wandb] trial finished name=tune_movielens1m_FeaturedMoE_HGR_hparam_P1HGR_widewide_C23_parallel_hybrid_T006_20260308_211658

[7/15] balance_loss_lambda=0.0173, hidden_dropout_prob=0.08439, learning_rate=0.0082, weight_decay=0.0002014
[Wandb] trial 7 started project=FMoE_hgr name=tune_movielens1m_FeaturedMoE_HGR_hparam_P1HGR_widewide_C23_parallel_hybrid_T007_20260308_212103
    [Device] CUDA_VISIBLE_DEVICES=1 | torch_device=cuda:0 (NVIDIA RTX A5000)
    [DataCache] save_dataset=True save_dataloaders=False | checkpoint_dir=saved/recbole_cache/movielens1m_feature_added_session_len10 | dataloaders_save_path=saved/recbole_cache/movielens1m_feature_added_session_len10/movielens1m-for-dataloader.pth
    [DataPrep] cache_hit=memory, create_dataset=0.00s, data_preparation=0.00s, n_items=3534
[FeaturedMoE_HGR Layout] arch_layout_id=5 selected_layout=[1, 1, 1, 0, 1, 0, 0, 0] global_pre=1 stage_pass={'macro': 1, 'mid': 0, 'micro': 0} stage_moe={'macro': 1, 'mid': 1, 'micro': 0} global_post=0
  -> MRR@20=0.0800  best=0.0865  (full@20, trial=5.3min, avg=5.0min/trial, total=34.8min, ETA=39.7min)
[Wandb] trial finished name=tune_movielens1m_FeaturedMoE_HGR_hparam_P1HGR_widewide_C23_parallel_hybrid_T007_20260308_212103

[8/15] balance_loss_lambda=0.02667, hidden_dropout_prob=0.1091, learning_rate=0.0004899, weight_decay=0
[Wandb] trial 8 started project=FMoE_hgr name=tune_movielens1m_FeaturedMoE_HGR_hparam_P1HGR_widewide_C23_parallel_hybrid_T008_20260308_212625
    [Device] CUDA_VISIBLE_DEVICES=1 | torch_device=cuda:0 (NVIDIA RTX A5000)
    [DataCache] save_dataset=True save_dataloaders=False | checkpoint_dir=saved/recbole_cache/movielens1m_feature_added_session_len10 | dataloaders_save_path=saved/recbole_cache/movielens1m_feature_added_session_len10/movielens1m-for-dataloader.pth
    [DataPrep] cache_hit=memory, create_dataset=0.00s, data_preparation=0.00s, n_items=3534
[FeaturedMoE_HGR Layout] arch_layout_id=5 selected_layout=[1, 1, 1, 0, 1, 0, 0, 0] global_pre=1 stage_pass={'macro': 1, 'mid': 0, 'micro': 0} stage_moe={'macro': 1, 'mid': 1, 'micro': 0} global_post=0
  -> MRR@20=0.0849  best=0.0865  (full@20, trial=5.3min, avg=5.0min/trial, total=40.2min, ETA=35.1min)
[Wandb] trial finished name=tune_movielens1m_FeaturedMoE_HGR_hparam_P1HGR_widewide_C23_parallel_hybrid_T008_20260308_212625

[9/15] balance_loss_lambda=0.001865, hidden_dropout_prob=0.1065, learning_rate=0.01195, weight_decay=0
[Wandb] trial 9 started project=FMoE_hgr name=tune_movielens1m_FeaturedMoE_HGR_hparam_P1HGR_widewide_C23_parallel_hybrid_T009_20260308_213148
    [Device] CUDA_VISIBLE_DEVICES=1 | torch_device=cuda:0 (NVIDIA RTX A5000)
    [DataCache] save_dataset=True save_dataloaders=False | checkpoint_dir=saved/recbole_cache/movielens1m_feature_added_session_len10 | dataloaders_save_path=saved/recbole_cache/movielens1m_feature_added_session_len10/movielens1m-for-dataloader.pth
    [DataPrep] cache_hit=memory, create_dataset=0.00s, data_preparation=0.00s, n_items=3534
[FeaturedMoE_HGR Layout] arch_layout_id=5 selected_layout=[1, 1, 1, 0, 1, 0, 0, 0] global_pre=1 stage_pass={'macro': 1, 'mid': 0, 'micro': 0} stage_moe={'macro': 1, 'mid': 1, 'micro': 0} global_post=0
  -> MRR@20=0.0554  best=0.0865  (full@20, trial=5.3min, avg=5.1min/trial, total=45.5min, ETA=30.4min)
[Wandb] trial finished name=tune_movielens1m_FeaturedMoE_HGR_hparam_P1HGR_widewide_C23_parallel_hybrid_T009_20260308_213148

[10/15] balance_loss_lambda=0.003257, hidden_dropout_prob=0.1062, learning_rate=0.0004552, weight_decay=7.962e-06
[Wandb] trial 10 started project=FMoE_hgr name=tune_movielens1m_FeaturedMoE_HGR_hparam_P1HGR_widewide_C23_parallel_hybrid_T010_20260308_213711
    [Device] CUDA_VISIBLE_DEVICES=1 | torch_device=cuda:0 (NVIDIA RTX A5000)
    [DataCache] save_dataset=True save_dataloaders=False | checkpoint_dir=saved/recbole_cache/movielens1m_feature_added_session_len10 | dataloaders_save_path=saved/recbole_cache/movielens1m_feature_added_session_len10/movielens1m-for-dataloader.pth
    [DataPrep] cache_hit=memory, create_dataset=0.00s, data_preparation=0.00s, n_items=3534
[FeaturedMoE_HGR Layout] arch_layout_id=5 selected_layout=[1, 1, 1, 0, 1, 0, 0, 0] global_pre=1 stage_pass={'macro': 1, 'mid': 0, 'micro': 0} stage_moe={'macro': 1, 'mid': 1, 'micro': 0} global_post=0
  -> MRR@20=0.0842  best=0.0865  (full@20, trial=5.4min, avg=5.1min/trial, total=51.0min, ETA=25.5min)
[Wandb] trial finished name=tune_movielens1m_FeaturedMoE_HGR_hparam_P1HGR_widewide_C23_parallel_hybrid_T010_20260308_213711

[11/15] balance_loss_lambda=0.001771, hidden_dropout_prob=0.1732, learning_rate=0.008174, weight_decay=0
[Wandb] trial 11 started project=FMoE_hgr name=tune_movielens1m_FeaturedMoE_HGR_hparam_P1HGR_widewide_C23_parallel_hybrid_T011_20260308_214237
    [Device] CUDA_VISIBLE_DEVICES=1 | torch_device=cuda:0 (NVIDIA RTX A5000)
    [DataCache] save_dataset=True save_dataloaders=False | checkpoint_dir=saved/recbole_cache/movielens1m_feature_added_session_len10 | dataloaders_save_path=saved/recbole_cache/movielens1m_feature_added_session_len10/movielens1m-for-dataloader.pth
    [DataPrep] cache_hit=memory, create_dataset=0.00s, data_preparation=0.00s, n_items=3534
[FeaturedMoE_HGR Layout] arch_layout_id=5 selected_layout=[1, 1, 1, 0, 1, 0, 0, 0] global_pre=1 stage_pass={'macro': 1, 'mid': 0, 'micro': 0} stage_moe={'macro': 1, 'mid': 1, 'micro': 0} global_post=0
  -> MRR@20=0.0537  best=0.0865  (full@20, trial=5.2min, avg=5.1min/trial, total=56.2min, ETA=20.5min)
[Wandb] trial finished name=tune_movielens1m_FeaturedMoE_HGR_hparam_P1HGR_widewide_C23_parallel_hybrid_T011_20260308_214237

[12/15] balance_loss_lambda=0.02301, hidden_dropout_prob=0.1739, learning_rate=0.01269, weight_decay=0
[Wandb] trial 12 started project=FMoE_hgr name=tune_movielens1m_FeaturedMoE_HGR_hparam_P1HGR_widewide_C23_parallel_hybrid_T012_20260308_214754
    [Device] CUDA_VISIBLE_DEVICES=1 | torch_device=cuda:0 (NVIDIA RTX A5000)
    [DataCache] save_dataset=True save_dataloaders=False | checkpoint_dir=saved/recbole_cache/movielens1m_feature_added_session_len10 | dataloaders_save_path=saved/recbole_cache/movielens1m_feature_added_session_len10/movielens1m-for-dataloader.pth
    [DataPrep] cache_hit=memory, create_dataset=0.00s, data_preparation=0.00s, n_items=3534
[FeaturedMoE_HGR Layout] arch_layout_id=5 selected_layout=[1, 1, 1, 0, 1, 0, 0, 0] global_pre=1 stage_pass={'macro': 1, 'mid': 0, 'micro': 0} stage_moe={'macro': 1, 'mid': 1, 'micro': 0} global_post=0
  -> MRR@20=0.0545  best=0.0865  (full@20, trial=5.3min, avg=5.1min/trial, total=1.03h, ETA=15.4min)
[Wandb] trial finished name=tune_movielens1m_FeaturedMoE_HGR_hparam_P1HGR_widewide_C23_parallel_hybrid_T012_20260308_214754

[13/15] balance_loss_lambda=0.01117, hidden_dropout_prob=0.127, learning_rate=9.645e-05, weight_decay=2.031e-06
[Wandb] trial 13 started project=FMoE_hgr name=tune_movielens1m_FeaturedMoE_HGR_hparam_P1HGR_widewide_C23_parallel_hybrid_T013_20260308_215312
    [Device] CUDA_VISIBLE_DEVICES=1 | torch_device=cuda:0 (NVIDIA RTX A5000)
    [DataCache] save_dataset=True save_dataloaders=False | checkpoint_dir=saved/recbole_cache/movielens1m_feature_added_session_len10 | dataloaders_save_path=saved/recbole_cache/movielens1m_feature_added_session_len10/movielens1m-for-dataloader.pth
    [DataPrep] cache_hit=memory, create_dataset=0.00s, data_preparation=0.00s, n_items=3534
[FeaturedMoE_HGR Layout] arch_layout_id=5 selected_layout=[1, 1, 1, 0, 1, 0, 0, 0] global_pre=1 stage_pass={'macro': 1, 'mid': 0, 'micro': 0} stage_moe={'macro': 1, 'mid': 1, 'micro': 0} global_post=0
  -> MRR@20=0.0587  best=0.0865  (full@20, trial=5.2min, avg=5.1min/trial, total=1.11h, ETA=10.3min)
[Wandb] trial finished name=tune_movielens1m_FeaturedMoE_HGR_hparam_P1HGR_widewide_C23_parallel_hybrid_T013_20260308_215312

[14/15] balance_loss_lambda=0.001057, hidden_dropout_prob=0.09723, learning_rate=0.02485, weight_decay=0
[Wandb] trial 14 started project=FMoE_hgr name=tune_movielens1m_FeaturedMoE_HGR_hparam_P1HGR_widewide_C23_parallel_hybrid_T014_20260308_215829
    [Device] CUDA_VISIBLE_DEVICES=1 | torch_device=cuda:0 (NVIDIA RTX A5000)
    [DataCache] save_dataset=True save_dataloaders=False | checkpoint_dir=saved/recbole_cache/movielens1m_feature_added_session_len10 | dataloaders_save_path=saved/recbole_cache/movielens1m_feature_added_session_len10/movielens1m-for-dataloader.pth
    [DataPrep] cache_hit=memory, create_dataset=0.00s, data_preparation=0.00s, n_items=3534
[FeaturedMoE_HGR Layout] arch_layout_id=5 selected_layout=[1, 1, 1, 0, 1, 0, 0, 0] global_pre=1 stage_pass={'macro': 1, 'mid': 0, 'micro': 0} stage_moe={'macro': 1, 'mid': 1, 'micro': 0} global_post=0
  -> MRR@20=0.0107  best=0.0865  (early_stop@11, trial=2.9min, avg=5.0min/trial, total=1.16h, ETA=5.0min)
[Wandb] trial finished name=tune_movielens1m_FeaturedMoE_HGR_hparam_P1HGR_widewide_C23_parallel_hybrid_T014_20260308_215829

[15/15] balance_loss_lambda=0.02397, hidden_dropout_prob=0.1478, learning_rate=9.327e-05, weight_decay=0.0001538
[Wandb] trial 15 started project=FMoE_hgr name=tune_movielens1m_FeaturedMoE_HGR_hparam_P1HGR_widewide_C23_parallel_hybrid_T015_20260308_220127
    [Device] CUDA_VISIBLE_DEVICES=1 | torch_device=cuda:0 (NVIDIA RTX A5000)
    [DataCache] save_dataset=True save_dataloaders=False | checkpoint_dir=saved/recbole_cache/movielens1m_feature_added_session_len10 | dataloaders_save_path=saved/recbole_cache/movielens1m_feature_added_session_len10/movielens1m-for-dataloader.pth
    [DataPrep] cache_hit=memory, create_dataset=0.00s, data_preparation=0.00s, n_items=3534
[FeaturedMoE_HGR Layout] arch_layout_id=5 selected_layout=[1, 1, 1, 0, 1, 0, 0, 0] global_pre=1 stage_pass={'macro': 1, 'mid': 0, 'micro': 0} stage_moe={'macro': 1, 'mid': 1, 'micro': 0} global_post=0
  -> MRR@20=0.0561  best=0.0865  (full@20, trial=5.6min, avg=5.0min/trial, total=1.26h, ETA=0s)
[Wandb] trial finished name=tune_movielens1m_FeaturedMoE_HGR_hparam_P1HGR_widewide_C23_parallel_hybrid_T015_20260308_220127

=================================================================
  DONE  |  FeaturedMoE_HGR x movielens1m
  Best MRR@20 = 0.0865  |  15/15 trials OK
  Total time: 75.5 min
  Best params:
    balance_loss_lambda: 0.0338309
    hidden_dropout_prob: 0.109935
    learning_rate: 0.000711348
    weight_decay: 2.66384e-06
  Results -> /workspace/jy1559/FMoE/experiments/run/artifacts/results/fmoe_hgr/movielens1m_FeaturedMoE_HGR_p1hgr_widewide_c23_parallel_hybrid_20260308_205138_390475_pid387041.json
=================================================================

[RUN_STATUS] END status=normal pid=387041 start=2026-03-08T20:51:38 end=2026-03-08T22:07:07
