[RUN_STATUS] START pid=402174 ts=2026-03-09T01:02:43

=================================================================
  Hyperopt TPE  |  FeaturedMoE_HGR x movielens1m
  max_evals=15  epochs=20  patience=5  wandb=ON
  batch_size(train/valid/test)=3072/6144/6144
  track=fmoe_hgr  axis=hparam  phase=P1HGR_widewide_C04_serial_per_group
=================================================================
Changed knobs: balance_loss_lambda, hidden_dropout_prob, learning_rate, weight_decay
Tuned params(len>1): 4  (~1 discrete combos)
Tuned groups: 4
  [optimization]
    balance_loss_lambda             [0.001, 0.05]                             -> loguniform
    hidden_dropout_prob             [0.08, 0.18]                              -> uniform
    learning_rate                   [5e-05, 0.1]                              -> loguniform
    weight_decay                    [0, 1e-06, 1e-05, 0.0001, 0.001]          -> loguniform_zero
Fixed params(singleton/non-list): 36
Fixed groups: 36
  [model_core]
    d_expert_hidden                 224                                     
    d_feat_emb                      16                                      
    d_router_hidden                 96                                      
    embedding_size                  160                                     
    expert_scale                    3                                       
    hidden_size                     160                                     
    micro_router_feature_dropout    0.1                                     
    mid_router_feature_dropout      0.1                                     
    num_heads                       8                                       
    num_layers                      -1                                      
  [layout]
    arch_layout_id                  0                                       
  [routing_moe]
    group_router_mode               per_group                               
    macro_routing_scope             session                                 
    macro_session_pooling           query                                   
    micro_router_temperature        1.3                                     
    micro_router_temperature_start  1.3                                     
    mid_router_temperature          1.3                                     
    mid_router_temperature_start    1.3                                     
    moe_top_k                       0                                       
    moe_top_k_policy                auto                                    
    moe_top_k_ratio                 0.5                                     
    moe_top_k_start                 0                                       
    moe_top_k_warmup_until          0                                       
  [schedule]
    alpha_warmup_end                1.0                                     
    alpha_warmup_start              0.0                                     
    alpha_warmup_until              0                                       
    fmoe_schedule_enable            False                                   
    temperature_warmup_until        0                                       
  [merge_hir]
    parallel_stage_gate_temperature  1.0                                     
    parallel_stage_gate_top_k       0                                       
    stage_merge_mode                serial                                  
  [other]
    MAX_ITEM_LIST_LENGTH            10                                      
    eval_every                      1                                       
    expert_use_feature              False                                   
    group_top_k                     0                                       
    use_valid_ratio_gating          True                                    
Layout details:
  execution(fixed)=serial
  id=0 raw=[1, 0, 1, 0, 1, 0, 1, 0]

[Wandb] per-trial mode enabled project=FMoE_hgr

[1/15] balance_loss_lambda=0.03344, hidden_dropout_prob=0.08217, learning_rate=0.01665, weight_decay=4.242e-05
[Wandb] trial 1 started project=FMoE_hgr name=tune_movielens1m_FeaturedMoE_HGR_hparam_P1HGR_widewide_C04_serial_per_group_T001_20260309_010244
    [Device] CUDA_VISIBLE_DEVICES=0 | torch_device=cuda:0 (NVIDIA RTX A5000)
    [DataCache] save_dataset=True save_dataloaders=False | checkpoint_dir=saved/recbole_cache/movielens1m_feature_added_session_len10 | dataloaders_save_path=saved/recbole_cache/movielens1m_feature_added_session_len10/movielens1m-for-dataloader.pth
    [DataPrep] cache_hit=disk_or_build, create_dataset=0.09s, data_preparation=0.43s, n_items=3534
[FeaturedMoE_HGR Layout] arch_layout_id=0 selected_layout=[1, 0, 1, 0, 1, 0, 1, 0] global_pre=1 stage_pass={'macro': 0, 'mid': 0, 'micro': 0} stage_moe={'macro': 1, 'mid': 1, 'micro': 1} global_post=0
  -> MRR@20=0.0753  best=0.0753  (full@20, trial=7.4min, avg=7.4min/trial, total=7.4min, ETA=1.74h)
[Wandb] trial finished name=tune_movielens1m_FeaturedMoE_HGR_hparam_P1HGR_widewide_C04_serial_per_group_T001_20260309_010244

[2/15] balance_loss_lambda=0.002899, hidden_dropout_prob=0.1179, learning_rate=0.02436, weight_decay=2.053e-05
[Wandb] trial 2 started project=FMoE_hgr name=tune_movielens1m_FeaturedMoE_HGR_hparam_P1HGR_widewide_C04_serial_per_group_T002_20260309_011011
    [Device] CUDA_VISIBLE_DEVICES=0 | torch_device=cuda:0 (NVIDIA RTX A5000)
    [DataCache] save_dataset=True save_dataloaders=False | checkpoint_dir=saved/recbole_cache/movielens1m_feature_added_session_len10 | dataloaders_save_path=saved/recbole_cache/movielens1m_feature_added_session_len10/movielens1m-for-dataloader.pth
    [DataPrep] cache_hit=memory, create_dataset=0.00s, data_preparation=0.00s, n_items=3534
[FeaturedMoE_HGR Layout] arch_layout_id=0 selected_layout=[1, 0, 1, 0, 1, 0, 1, 0] global_pre=1 stage_pass={'macro': 0, 'mid': 0, 'micro': 0} stage_moe={'macro': 1, 'mid': 1, 'micro': 1} global_post=0
  -> MRR@20=0.0430  best=0.0753  (full@20, trial=7.3min, avg=7.4min/trial, total=14.8min, ETA=1.61h)
[Wandb] trial finished name=tune_movielens1m_FeaturedMoE_HGR_hparam_P1HGR_widewide_C04_serial_per_group_T002_20260309_011011

[3/15] balance_loss_lambda=0.007132, hidden_dropout_prob=0.1606, learning_rate=0.001567, weight_decay=0
[Wandb] trial 3 started project=FMoE_hgr name=tune_movielens1m_FeaturedMoE_HGR_hparam_P1HGR_widewide_C04_serial_per_group_T003_20260309_011733
    [Device] CUDA_VISIBLE_DEVICES=0 | torch_device=cuda:0 (NVIDIA RTX A5000)
    [DataCache] save_dataset=True save_dataloaders=False | checkpoint_dir=saved/recbole_cache/movielens1m_feature_added_session_len10 | dataloaders_save_path=saved/recbole_cache/movielens1m_feature_added_session_len10/movielens1m-for-dataloader.pth
    [DataPrep] cache_hit=memory, create_dataset=0.00s, data_preparation=0.00s, n_items=3534
[FeaturedMoE_HGR Layout] arch_layout_id=0 selected_layout=[1, 0, 1, 0, 1, 0, 1, 0] global_pre=1 stage_pass={'macro': 0, 'mid': 0, 'micro': 0} stage_moe={'macro': 1, 'mid': 1, 'micro': 1} global_post=0
  -> MRR@20=0.0943  best=0.0943  (full@20, trial=7.4min, avg=7.4min/trial, total=22.3min, ETA=1.49h)
[Wandb] trial finished name=tune_movielens1m_FeaturedMoE_HGR_hparam_P1HGR_widewide_C04_serial_per_group_T003_20260309_011733

[4/15] balance_loss_lambda=0.001701, hidden_dropout_prob=0.1539, learning_rate=0.04523, weight_decay=0
[Wandb] trial 4 started project=FMoE_hgr name=tune_movielens1m_FeaturedMoE_HGR_hparam_P1HGR_widewide_C04_serial_per_group_T004_20260309_012503
    [Device] CUDA_VISIBLE_DEVICES=0 | torch_device=cuda:0 (NVIDIA RTX A5000)
    [DataCache] save_dataset=True save_dataloaders=False | checkpoint_dir=saved/recbole_cache/movielens1m_feature_added_session_len10 | dataloaders_save_path=saved/recbole_cache/movielens1m_feature_added_session_len10/movielens1m-for-dataloader.pth
    [DataPrep] cache_hit=memory, create_dataset=0.00s, data_preparation=0.00s, n_items=3534
[FeaturedMoE_HGR Layout] arch_layout_id=0 selected_layout=[1, 0, 1, 0, 1, 0, 1, 0] global_pre=1 stage_pass={'macro': 0, 'mid': 0, 'micro': 0} stage_moe={'macro': 1, 'mid': 1, 'micro': 1} global_post=0
  -> MRR@20=0.0248  best=0.0943  (full@20, trial=7.4min, avg=7.4min/trial, total=29.7min, ETA=1.36h)
[Wandb] trial finished name=tune_movielens1m_FeaturedMoE_HGR_hparam_P1HGR_widewide_C04_serial_per_group_T004_20260309_012503

[5/15] balance_loss_lambda=0.003846, hidden_dropout_prob=0.1386, learning_rate=0.0001972, weight_decay=0.0001548
[Wandb] trial 5 started project=FMoE_hgr name=tune_movielens1m_FeaturedMoE_HGR_hparam_P1HGR_widewide_C04_serial_per_group_T005_20260309_013228
    [Device] CUDA_VISIBLE_DEVICES=0 | torch_device=cuda:0 (NVIDIA RTX A5000)
    [DataCache] save_dataset=True save_dataloaders=False | checkpoint_dir=saved/recbole_cache/movielens1m_feature_added_session_len10 | dataloaders_save_path=saved/recbole_cache/movielens1m_feature_added_session_len10/movielens1m-for-dataloader.pth
    [DataPrep] cache_hit=memory, create_dataset=0.00s, data_preparation=0.00s, n_items=3534
[FeaturedMoE_HGR Layout] arch_layout_id=0 selected_layout=[1, 0, 1, 0, 1, 0, 1, 0] global_pre=1 stage_pass={'macro': 0, 'mid': 0, 'micro': 0} stage_moe={'macro': 1, 'mid': 1, 'micro': 1} global_post=0
  -> MRR@20=0.0801  best=0.0943  (full@20, trial=7.3min, avg=7.4min/trial, total=37.1min, ETA=1.24h)
[Wandb] trial finished name=tune_movielens1m_FeaturedMoE_HGR_hparam_P1HGR_widewide_C04_serial_per_group_T005_20260309_013228

[6/15] balance_loss_lambda=0.02499, hidden_dropout_prob=0.178, learning_rate=0.0151, weight_decay=0
[Wandb] trial 6 started project=FMoE_hgr name=tune_movielens1m_FeaturedMoE_HGR_hparam_P1HGR_widewide_C04_serial_per_group_T006_20260309_013951
    [Device] CUDA_VISIBLE_DEVICES=0 | torch_device=cuda:0 (NVIDIA RTX A5000)
    [DataCache] save_dataset=True save_dataloaders=False | checkpoint_dir=saved/recbole_cache/movielens1m_feature_added_session_len10 | dataloaders_save_path=saved/recbole_cache/movielens1m_feature_added_session_len10/movielens1m-for-dataloader.pth
    [DataPrep] cache_hit=memory, create_dataset=0.00s, data_preparation=0.00s, n_items=3534
[FeaturedMoE_HGR Layout] arch_layout_id=0 selected_layout=[1, 0, 1, 0, 1, 0, 1, 0] global_pre=1 stage_pass={'macro': 0, 'mid': 0, 'micro': 0} stage_moe={'macro': 1, 'mid': 1, 'micro': 1} global_post=0
  -> MRR@20=0.0159  best=0.0943  (early_stop@20, trial=7.3min, avg=7.4min/trial, total=44.5min, ETA=1.11h)
[Wandb] trial finished name=tune_movielens1m_FeaturedMoE_HGR_hparam_P1HGR_widewide_C04_serial_per_group_T006_20260309_013951

[7/15] balance_loss_lambda=0.02437, hidden_dropout_prob=0.1027, learning_rate=0.008608, weight_decay=6.659e-05
[Wandb] trial 7 started project=FMoE_hgr name=tune_movielens1m_FeaturedMoE_HGR_hparam_P1HGR_widewide_C04_serial_per_group_T007_20260309_014711
    [Device] CUDA_VISIBLE_DEVICES=0 | torch_device=cuda:0 (NVIDIA RTX A5000)
    [DataCache] save_dataset=True save_dataloaders=False | checkpoint_dir=saved/recbole_cache/movielens1m_feature_added_session_len10 | dataloaders_save_path=saved/recbole_cache/movielens1m_feature_added_session_len10/movielens1m-for-dataloader.pth
    [DataPrep] cache_hit=memory, create_dataset=0.00s, data_preparation=0.00s, n_items=3534
[FeaturedMoE_HGR Layout] arch_layout_id=0 selected_layout=[1, 0, 1, 0, 1, 0, 1, 0] global_pre=1 stage_pass={'macro': 0, 'mid': 0, 'micro': 0} stage_moe={'macro': 1, 'mid': 1, 'micro': 1} global_post=0
  -> MRR@20=0.0852  best=0.0943  (full@20, trial=7.3min, avg=7.4min/trial, total=51.8min, ETA=59.2min)
[Wandb] trial finished name=tune_movielens1m_FeaturedMoE_HGR_hparam_P1HGR_widewide_C04_serial_per_group_T007_20260309_014711

[8/15] balance_loss_lambda=0.01537, hidden_dropout_prob=0.1102, learning_rate=5.826e-05, weight_decay=0.000273
[Wandb] trial 8 started project=FMoE_hgr name=tune_movielens1m_FeaturedMoE_HGR_hparam_P1HGR_widewide_C04_serial_per_group_T008_20260309_015435
    [Device] CUDA_VISIBLE_DEVICES=0 | torch_device=cuda:0 (NVIDIA RTX A5000)
    [DataCache] save_dataset=True save_dataloaders=False | checkpoint_dir=saved/recbole_cache/movielens1m_feature_added_session_len10 | dataloaders_save_path=saved/recbole_cache/movielens1m_feature_added_session_len10/movielens1m-for-dataloader.pth
    [DataPrep] cache_hit=memory, create_dataset=0.00s, data_preparation=0.00s, n_items=3534
[FeaturedMoE_HGR Layout] arch_layout_id=0 selected_layout=[1, 0, 1, 0, 1, 0, 1, 0] global_pre=1 stage_pass={'macro': 0, 'mid': 0, 'micro': 0} stage_moe={'macro': 1, 'mid': 1, 'micro': 1} global_post=0
  -> MRR@20=0.0562  best=0.0943  (full@20, trial=7.4min, avg=7.4min/trial, total=59.3min, ETA=51.9min)
[Wandb] trial finished name=tune_movielens1m_FeaturedMoE_HGR_hparam_P1HGR_widewide_C04_serial_per_group_T008_20260309_015435

[9/15] balance_loss_lambda=0.008779, hidden_dropout_prob=0.141, learning_rate=0.0005057, weight_decay=0
[Wandb] trial 9 started project=FMoE_hgr name=tune_movielens1m_FeaturedMoE_HGR_hparam_P1HGR_widewide_C04_serial_per_group_T009_20260309_020201
    [Device] CUDA_VISIBLE_DEVICES=0 | torch_device=cuda:0 (NVIDIA RTX A5000)
    [DataCache] save_dataset=True save_dataloaders=False | checkpoint_dir=saved/recbole_cache/movielens1m_feature_added_session_len10 | dataloaders_save_path=saved/recbole_cache/movielens1m_feature_added_session_len10/movielens1m-for-dataloader.pth
    [DataPrep] cache_hit=memory, create_dataset=0.00s, data_preparation=0.00s, n_items=3534
[FeaturedMoE_HGR Layout] arch_layout_id=0 selected_layout=[1, 0, 1, 0, 1, 0, 1, 0] global_pre=1 stage_pass={'macro': 0, 'mid': 0, 'micro': 0} stage_moe={'macro': 1, 'mid': 1, 'micro': 1} global_post=0
  -> MRR@20=0.0940  best=0.0943  (full@20, trial=7.4min, avg=7.4min/trial, total=1.11h, ETA=44.5min)
[Wandb] trial finished name=tune_movielens1m_FeaturedMoE_HGR_hparam_P1HGR_widewide_C04_serial_per_group_T009_20260309_020201

[10/15] balance_loss_lambda=0.004377, hidden_dropout_prob=0.1548, learning_rate=7.75e-05, weight_decay=0
[Wandb] trial 10 started project=FMoE_hgr name=tune_movielens1m_FeaturedMoE_HGR_hparam_P1HGR_widewide_C04_serial_per_group_T010_20260309_020930
    [Device] CUDA_VISIBLE_DEVICES=0 | torch_device=cuda:0 (NVIDIA RTX A5000)
    [DataCache] save_dataset=True save_dataloaders=False | checkpoint_dir=saved/recbole_cache/movielens1m_feature_added_session_len10 | dataloaders_save_path=saved/recbole_cache/movielens1m_feature_added_session_len10/movielens1m-for-dataloader.pth
    [DataPrep] cache_hit=memory, create_dataset=0.00s, data_preparation=0.00s, n_items=3534
[FeaturedMoE_HGR Layout] arch_layout_id=0 selected_layout=[1, 0, 1, 0, 1, 0, 1, 0] global_pre=1 stage_pass={'macro': 0, 'mid': 0, 'micro': 0} stage_moe={'macro': 1, 'mid': 1, 'micro': 1} global_post=0
  -> MRR@20=0.0654  best=0.0943  (full@20, trial=7.3min, avg=7.4min/trial, total=1.24h, ETA=37.1min)
[Wandb] trial finished name=tune_movielens1m_FeaturedMoE_HGR_hparam_P1HGR_widewide_C04_serial_per_group_T010_20260309_020930

[11/15] balance_loss_lambda=0.008891, hidden_dropout_prob=0.1492, learning_rate=8.795e-05, weight_decay=0
[Wandb] trial 11 started project=FMoE_hgr name=tune_movielens1m_FeaturedMoE_HGR_hparam_P1HGR_widewide_C04_serial_per_group_T011_20260309_021650
    [Device] CUDA_VISIBLE_DEVICES=0 | torch_device=cuda:0 (NVIDIA RTX A5000)
    [DataCache] save_dataset=True save_dataloaders=False | checkpoint_dir=saved/recbole_cache/movielens1m_feature_added_session_len10 | dataloaders_save_path=saved/recbole_cache/movielens1m_feature_added_session_len10/movielens1m-for-dataloader.pth
    [DataPrep] cache_hit=memory, create_dataset=0.00s, data_preparation=0.00s, n_items=3534
[FeaturedMoE_HGR Layout] arch_layout_id=0 selected_layout=[1, 0, 1, 0, 1, 0, 1, 0] global_pre=1 stage_pass={'macro': 0, 'mid': 0, 'micro': 0} stage_moe={'macro': 1, 'mid': 1, 'micro': 1} global_post=0
  -> MRR@20=0.0685  best=0.0943  (full@20, trial=7.3min, avg=7.4min/trial, total=1.36h, ETA=29.6min)
[Wandb] trial finished name=tune_movielens1m_FeaturedMoE_HGR_hparam_P1HGR_widewide_C04_serial_per_group_T011_20260309_021650

[12/15] balance_loss_lambda=0.003311, hidden_dropout_prob=0.08643, learning_rate=0.002812, weight_decay=1.518e-05
[Wandb] trial 12 started project=FMoE_hgr name=tune_movielens1m_FeaturedMoE_HGR_hparam_P1HGR_widewide_C04_serial_per_group_T012_20260309_022411
    [Device] CUDA_VISIBLE_DEVICES=0 | torch_device=cuda:0 (NVIDIA RTX A5000)
    [DataCache] save_dataset=True save_dataloaders=False | checkpoint_dir=saved/recbole_cache/movielens1m_feature_added_session_len10 | dataloaders_save_path=saved/recbole_cache/movielens1m_feature_added_session_len10/movielens1m-for-dataloader.pth
    [DataPrep] cache_hit=memory, create_dataset=0.00s, data_preparation=0.00s, n_items=3534
[FeaturedMoE_HGR Layout] arch_layout_id=0 selected_layout=[1, 0, 1, 0, 1, 0, 1, 0] global_pre=1 stage_pass={'macro': 0, 'mid': 0, 'micro': 0} stage_moe={'macro': 1, 'mid': 1, 'micro': 1} global_post=0
  -> MRR@20=0.0945  best=0.0945  (full@20, trial=7.3min, avg=7.4min/trial, total=1.48h, ETA=22.2min)
[Wandb] trial finished name=tune_movielens1m_FeaturedMoE_HGR_hparam_P1HGR_widewide_C04_serial_per_group_T012_20260309_022411

[13/15] balance_loss_lambda=0.04844, hidden_dropout_prob=0.1588, learning_rate=0.0002962, weight_decay=2.843e-05
[Wandb] trial 13 started project=FMoE_hgr name=tune_movielens1m_FeaturedMoE_HGR_hparam_P1HGR_widewide_C04_serial_per_group_T013_20260309_023134
    [Device] CUDA_VISIBLE_DEVICES=0 | torch_device=cuda:0 (NVIDIA RTX A5000)
    [DataCache] save_dataset=True save_dataloaders=False | checkpoint_dir=saved/recbole_cache/movielens1m_feature_added_session_len10 | dataloaders_save_path=saved/recbole_cache/movielens1m_feature_added_session_len10/movielens1m-for-dataloader.pth
    [DataPrep] cache_hit=memory, create_dataset=0.00s, data_preparation=0.00s, n_items=3534
[FeaturedMoE_HGR Layout] arch_layout_id=0 selected_layout=[1, 0, 1, 0, 1, 0, 1, 0] global_pre=1 stage_pass={'macro': 0, 'mid': 0, 'micro': 0} stage_moe={'macro': 1, 'mid': 1, 'micro': 1} global_post=0
  -> MRR@20=0.0914  best=0.0945  (full@20, trial=7.4min, avg=7.4min/trial, total=1.60h, ETA=14.8min)
[Wandb] trial finished name=tune_movielens1m_FeaturedMoE_HGR_hparam_P1HGR_widewide_C04_serial_per_group_T013_20260309_023134

[14/15] balance_loss_lambda=0.04013, hidden_dropout_prob=0.1297, learning_rate=8.092e-05, weight_decay=1.163e-06
[Wandb] trial 14 started project=FMoE_hgr name=tune_movielens1m_FeaturedMoE_HGR_hparam_P1HGR_widewide_C04_serial_per_group_T014_20260309_023901
    [Device] CUDA_VISIBLE_DEVICES=0 | torch_device=cuda:0 (NVIDIA RTX A5000)
    [DataCache] save_dataset=True save_dataloaders=False | checkpoint_dir=saved/recbole_cache/movielens1m_feature_added_session_len10 | dataloaders_save_path=saved/recbole_cache/movielens1m_feature_added_session_len10/movielens1m-for-dataloader.pth
    [DataPrep] cache_hit=memory, create_dataset=0.00s, data_preparation=0.00s, n_items=3534
[FeaturedMoE_HGR Layout] arch_layout_id=0 selected_layout=[1, 0, 1, 0, 1, 0, 1, 0] global_pre=1 stage_pass={'macro': 0, 'mid': 0, 'micro': 0} stage_moe={'macro': 1, 'mid': 1, 'micro': 1} global_post=0
  -> MRR@20=0.0679  best=0.0945  (full@20, trial=7.3min, avg=7.4min/trial, total=1.73h, ETA=7.4min)
[Wandb] trial finished name=tune_movielens1m_FeaturedMoE_HGR_hparam_P1HGR_widewide_C04_serial_per_group_T014_20260309_023901

[15/15] balance_loss_lambda=0.002158, hidden_dropout_prob=0.1447, learning_rate=0.01004, weight_decay=0
[Wandb] trial 15 started project=FMoE_hgr name=tune_movielens1m_FeaturedMoE_HGR_hparam_P1HGR_widewide_C04_serial_per_group_T015_20260309_024625
    [Device] CUDA_VISIBLE_DEVICES=0 | torch_device=cuda:0 (NVIDIA RTX A5000)
    [DataCache] save_dataset=True save_dataloaders=False | checkpoint_dir=saved/recbole_cache/movielens1m_feature_added_session_len10 | dataloaders_save_path=saved/recbole_cache/movielens1m_feature_added_session_len10/movielens1m-for-dataloader.pth
    [DataPrep] cache_hit=memory, create_dataset=0.00s, data_preparation=0.00s, n_items=3534
[FeaturedMoE_HGR Layout] arch_layout_id=0 selected_layout=[1, 0, 1, 0, 1, 0, 1, 0] global_pre=1 stage_pass={'macro': 0, 'mid': 0, 'micro': 0} stage_moe={'macro': 1, 'mid': 1, 'micro': 1} global_post=0
  -> MRR@20=0.0421  best=0.0945  (full@20, trial=7.3min, avg=7.4min/trial, total=1.85h, ETA=0s)
[Wandb] trial finished name=tune_movielens1m_FeaturedMoE_HGR_hparam_P1HGR_widewide_C04_serial_per_group_T015_20260309_024625

=================================================================
  DONE  |  FeaturedMoE_HGR x movielens1m
  Best MRR@20 = 0.0945  |  15/15 trials OK
  Total time: 111.0 min
  Best params:
    balance_loss_lambda: 0.00331139
    hidden_dropout_prob: 0.0864284
    learning_rate: 0.00281168
    weight_decay: 1.51788e-05
  Results -> /workspace/jy1559/FMoE/experiments/run/artifacts/results/fmoe_hgr/movielens1m_FeaturedMoE_HGR_p1hgr_widewide_c04_serial_per_group_20260309_010243_437144_pid402174.json
=================================================================

[RUN_STATUS] END status=normal pid=402174 start=2026-03-09T01:02:43 end=2026-03-09T02:53:45
