[RUN_STATUS] START pid=382190 ts=2026-03-08T19:12:49

=================================================================
  Hyperopt TPE  |  FeaturedMoE_HGR x movielens1m
  max_evals=15  epochs=20  patience=5  wandb=ON
  batch_size(train/valid/test)=3072/6144/6144
  track=fmoe_hgr  axis=hparam  phase=P1HGR_widewide_C42_parallel_per_group
=================================================================
Changed knobs: balance_loss_lambda, hidden_dropout_prob, learning_rate, weight_decay
Tuned params(len>1): 4  (~1 discrete combos)
Tuned groups: 4
  [optimization]
    balance_loss_lambda             [0.001, 0.05]                             -> loguniform
    hidden_dropout_prob             [0.08, 0.18]                              -> uniform
    learning_rate                   [5e-05, 0.1]                              -> loguniform
    weight_decay                    [0, 1e-06, 1e-05, 0.0001, 0.001]          -> loguniform_zero
Fixed params(singleton/non-list): 36
Fixed groups: 36
  [model_core]
    d_expert_hidden                 192                                     
    d_feat_emb                      16                                      
    d_router_hidden                 80                                      
    embedding_size                  128                                     
    expert_scale                    3                                       
    hidden_size                     128                                     
    micro_router_feature_dropout    0.1                                     
    mid_router_feature_dropout      0.1                                     
    num_heads                       8                                       
    num_layers                      -1                                      
  [layout]
    arch_layout_id                  0                                       
  [routing_moe]
    group_router_mode               per_group                               
    macro_routing_scope             session                                 
    macro_session_pooling           query                                   
    micro_router_temperature        1.3                                     
    micro_router_temperature_start  1.3                                     
    mid_router_temperature          1.3                                     
    mid_router_temperature_start    1.3                                     
    moe_top_k                       0                                       
    moe_top_k_policy                auto                                    
    moe_top_k_ratio                 0.5                                     
    moe_top_k_start                 0                                       
    moe_top_k_warmup_until          0                                       
  [schedule]
    alpha_warmup_end                1.0                                     
    alpha_warmup_start              0.0                                     
    alpha_warmup_until              0                                       
    fmoe_schedule_enable            False                                   
    temperature_warmup_until        0                                       
  [merge_hir]
    parallel_stage_gate_temperature  1.0                                     
    parallel_stage_gate_top_k       0                                       
    stage_merge_mode                parallel                                
  [other]
    MAX_ITEM_LIST_LENGTH            10                                      
    eval_every                      1                                       
    expert_use_feature              False                                   
    group_top_k                     0                                       
    use_valid_ratio_gating          True                                    
Layout details:
  execution(fixed)=serial
  id=0 raw=[1, 0, 1, 0, 1, 0, 1, 0]

[Wandb] per-trial mode enabled project=FMoE_hgr

[1/15] balance_loss_lambda=0.002536, hidden_dropout_prob=0.1154, learning_rate=0.004994, weight_decay=4.932e-05
[Wandb] trial 1 started project=FMoE_hgr name=tune_movielens1m_FeaturedMoE_HGR_hparam_P1HGR_widewide_C42_parallel_per_group_T001_20260308_191250
    [Device] CUDA_VISIBLE_DEVICES=2 | torch_device=cuda:0 (NVIDIA RTX A5000)
    [DataCache] save_dataset=True save_dataloaders=False | checkpoint_dir=saved/recbole_cache/movielens1m_feature_added_session_len10 | dataloaders_save_path=saved/recbole_cache/movielens1m_feature_added_session_len10/movielens1m-for-dataloader.pth
    [DataPrep] cache_hit=disk_or_build, create_dataset=0.11s, data_preparation=0.48s, n_items=3534
[FeaturedMoE_HGR Layout] arch_layout_id=0 selected_layout=[1, 0, 1, 0, 1, 0, 1, 0] global_pre=1 stage_pass={'macro': 0, 'mid': 0, 'micro': 0} stage_moe={'macro': 1, 'mid': 1, 'micro': 1} global_post=0
  -> MRR@20=0.0895  best=0.0895  (full@20, trial=6.5min, avg=6.6min/trial, total=6.6min, ETA=1.53h)
[Wandb] trial finished name=tune_movielens1m_FeaturedMoE_HGR_hparam_P1HGR_widewide_C42_parallel_per_group_T001_20260308_191250

[2/15] balance_loss_lambda=0.03646, hidden_dropout_prob=0.1709, learning_rate=0.005213, weight_decay=1.332e-06
[Wandb] trial 2 started project=FMoE_hgr name=tune_movielens1m_FeaturedMoE_HGR_hparam_P1HGR_widewide_C42_parallel_per_group_T002_20260308_191924
    [Device] CUDA_VISIBLE_DEVICES=2 | torch_device=cuda:0 (NVIDIA RTX A5000)
    [DataCache] save_dataset=True save_dataloaders=False | checkpoint_dir=saved/recbole_cache/movielens1m_feature_added_session_len10 | dataloaders_save_path=saved/recbole_cache/movielens1m_feature_added_session_len10/movielens1m-for-dataloader.pth
    [DataPrep] cache_hit=memory, create_dataset=0.00s, data_preparation=0.00s, n_items=3534
[FeaturedMoE_HGR Layout] arch_layout_id=0 selected_layout=[1, 0, 1, 0, 1, 0, 1, 0] global_pre=1 stage_pass={'macro': 0, 'mid': 0, 'micro': 0} stage_moe={'macro': 1, 'mid': 1, 'micro': 1} global_post=0
  -> MRR@20=0.0924  best=0.0924  (full@20, trial=6.4min, avg=6.5min/trial, total=13.1min, ETA=1.42h)
[Wandb] trial finished name=tune_movielens1m_FeaturedMoE_HGR_hparam_P1HGR_widewide_C42_parallel_per_group_T002_20260308_191924

[3/15] balance_loss_lambda=0.003705, hidden_dropout_prob=0.1713, learning_rate=0.0001736, weight_decay=0
[Wandb] trial 3 started project=FMoE_hgr name=tune_movielens1m_FeaturedMoE_HGR_hparam_P1HGR_widewide_C42_parallel_per_group_T003_20260308_192554
    [Device] CUDA_VISIBLE_DEVICES=2 | torch_device=cuda:0 (NVIDIA RTX A5000)
    [DataCache] save_dataset=True save_dataloaders=False | checkpoint_dir=saved/recbole_cache/movielens1m_feature_added_session_len10 | dataloaders_save_path=saved/recbole_cache/movielens1m_feature_added_session_len10/movielens1m-for-dataloader.pth
    [DataPrep] cache_hit=memory, create_dataset=0.00s, data_preparation=0.00s, n_items=3534
[FeaturedMoE_HGR Layout] arch_layout_id=0 selected_layout=[1, 0, 1, 0, 1, 0, 1, 0] global_pre=1 stage_pass={'macro': 0, 'mid': 0, 'micro': 0} stage_moe={'macro': 1, 'mid': 1, 'micro': 1} global_post=0
  -> MRR@20=0.0753  best=0.0924  (full@20, trial=6.5min, avg=6.5min/trial, total=19.6min, ETA=1.31h)
[Wandb] trial finished name=tune_movielens1m_FeaturedMoE_HGR_hparam_P1HGR_widewide_C42_parallel_per_group_T003_20260308_192554

[4/15] balance_loss_lambda=0.0329, hidden_dropout_prob=0.1674, learning_rate=0.0005495, weight_decay=1.962e-05
[Wandb] trial 4 started project=FMoE_hgr name=tune_movielens1m_FeaturedMoE_HGR_hparam_P1HGR_widewide_C42_parallel_per_group_T004_20260308_193225
    [Device] CUDA_VISIBLE_DEVICES=2 | torch_device=cuda:0 (NVIDIA RTX A5000)
    [DataCache] save_dataset=True save_dataloaders=False | checkpoint_dir=saved/recbole_cache/movielens1m_feature_added_session_len10 | dataloaders_save_path=saved/recbole_cache/movielens1m_feature_added_session_len10/movielens1m-for-dataloader.pth
    [DataPrep] cache_hit=memory, create_dataset=0.00s, data_preparation=0.00s, n_items=3534
[FeaturedMoE_HGR Layout] arch_layout_id=0 selected_layout=[1, 0, 1, 0, 1, 0, 1, 0] global_pre=1 stage_pass={'macro': 0, 'mid': 0, 'micro': 0} stage_moe={'macro': 1, 'mid': 1, 'micro': 1} global_post=0
  -> MRR@20=0.0888  best=0.0924  (full@20, trial=6.5min, avg=6.5min/trial, total=26.1min, ETA=1.20h)
[Wandb] trial finished name=tune_movielens1m_FeaturedMoE_HGR_hparam_P1HGR_widewide_C42_parallel_per_group_T004_20260308_193225

[5/15] balance_loss_lambda=0.01539, hidden_dropout_prob=0.1646, learning_rate=0.01147, weight_decay=0
[Wandb] trial 5 started project=FMoE_hgr name=tune_movielens1m_FeaturedMoE_HGR_hparam_P1HGR_widewide_C42_parallel_per_group_T005_20260308_193857
    [Device] CUDA_VISIBLE_DEVICES=2 | torch_device=cuda:0 (NVIDIA RTX A5000)
    [DataCache] save_dataset=True save_dataloaders=False | checkpoint_dir=saved/recbole_cache/movielens1m_feature_added_session_len10 | dataloaders_save_path=saved/recbole_cache/movielens1m_feature_added_session_len10/movielens1m-for-dataloader.pth
    [DataPrep] cache_hit=memory, create_dataset=0.00s, data_preparation=0.00s, n_items=3534
[FeaturedMoE_HGR Layout] arch_layout_id=0 selected_layout=[1, 0, 1, 0, 1, 0, 1, 0] global_pre=1 stage_pass={'macro': 0, 'mid': 0, 'micro': 0} stage_moe={'macro': 1, 'mid': 1, 'micro': 1} global_post=0
  -> MRR@20=0.0536  best=0.0924  (full@20, trial=6.5min, avg=6.5min/trial, total=32.6min, ETA=1.09h)
[Wandb] trial finished name=tune_movielens1m_FeaturedMoE_HGR_hparam_P1HGR_widewide_C42_parallel_per_group_T005_20260308_193857

[6/15] balance_loss_lambda=0.02164, hidden_dropout_prob=0.08276, learning_rate=0.08709, weight_decay=0
[Wandb] trial 6 started project=FMoE_hgr name=tune_movielens1m_FeaturedMoE_HGR_hparam_P1HGR_widewide_C42_parallel_per_group_T006_20260308_194527
    [Device] CUDA_VISIBLE_DEVICES=2 | torch_device=cuda:0 (NVIDIA RTX A5000)
    [DataCache] save_dataset=True save_dataloaders=False | checkpoint_dir=saved/recbole_cache/movielens1m_feature_added_session_len10 | dataloaders_save_path=saved/recbole_cache/movielens1m_feature_added_session_len10/movielens1m-for-dataloader.pth
    [DataPrep] cache_hit=memory, create_dataset=0.00s, data_preparation=0.00s, n_items=3534
[FeaturedMoE_HGR Layout] arch_layout_id=0 selected_layout=[1, 0, 1, 0, 1, 0, 1, 0] global_pre=1 stage_pass={'macro': 0, 'mid': 0, 'micro': 0} stage_moe={'macro': 1, 'mid': 1, 'micro': 1} global_post=0
  -> MRR@20=0.0100  best=0.0924  (early_stop@12, trial=3.9min, avg=6.1min/trial, total=36.5min, ETA=54.8min)
[Wandb] trial finished name=tune_movielens1m_FeaturedMoE_HGR_hparam_P1HGR_widewide_C42_parallel_per_group_T006_20260308_194527

[7/15] balance_loss_lambda=0.008898, hidden_dropout_prob=0.1696, learning_rate=0.005269, weight_decay=0
[Wandb] trial 7 started project=FMoE_hgr name=tune_movielens1m_FeaturedMoE_HGR_hparam_P1HGR_widewide_C42_parallel_per_group_T007_20260308_194922
    [Device] CUDA_VISIBLE_DEVICES=2 | torch_device=cuda:0 (NVIDIA RTX A5000)
    [DataCache] save_dataset=True save_dataloaders=False | checkpoint_dir=saved/recbole_cache/movielens1m_feature_added_session_len10 | dataloaders_save_path=saved/recbole_cache/movielens1m_feature_added_session_len10/movielens1m-for-dataloader.pth
    [DataPrep] cache_hit=memory, create_dataset=0.00s, data_preparation=0.00s, n_items=3534
[FeaturedMoE_HGR Layout] arch_layout_id=0 selected_layout=[1, 0, 1, 0, 1, 0, 1, 0] global_pre=1 stage_pass={'macro': 0, 'mid': 0, 'micro': 0} stage_moe={'macro': 1, 'mid': 1, 'micro': 1} global_post=0
  -> MRR@20=0.0933  best=0.0933  (full@20, trial=6.4min, avg=6.1min/trial, total=43.0min, ETA=49.1min)
[Wandb] trial finished name=tune_movielens1m_FeaturedMoE_HGR_hparam_P1HGR_widewide_C42_parallel_per_group_T007_20260308_194922

[8/15] balance_loss_lambda=0.007813, hidden_dropout_prob=0.1321, learning_rate=0.02955, weight_decay=0.0001788
[Wandb] trial 8 started project=FMoE_hgr name=tune_movielens1m_FeaturedMoE_HGR_hparam_P1HGR_widewide_C42_parallel_per_group_T008_20260308_195550
    [Device] CUDA_VISIBLE_DEVICES=2 | torch_device=cuda:0 (NVIDIA RTX A5000)
    [DataCache] save_dataset=True save_dataloaders=False | checkpoint_dir=saved/recbole_cache/movielens1m_feature_added_session_len10 | dataloaders_save_path=saved/recbole_cache/movielens1m_feature_added_session_len10/movielens1m-for-dataloader.pth
    [DataPrep] cache_hit=memory, create_dataset=0.00s, data_preparation=0.00s, n_items=3534
[FeaturedMoE_HGR Layout] arch_layout_id=0 selected_layout=[1, 0, 1, 0, 1, 0, 1, 0] global_pre=1 stage_pass={'macro': 0, 'mid': 0, 'micro': 0} stage_moe={'macro': 1, 'mid': 1, 'micro': 1} global_post=0
  -> MRR@20=0.0532  best=0.0933  (early_stop@14, trial=4.6min, avg=6.0min/trial, total=47.6min, ETA=41.7min)
[Wandb] trial finished name=tune_movielens1m_FeaturedMoE_HGR_hparam_P1HGR_widewide_C42_parallel_per_group_T008_20260308_195550

[9/15] balance_loss_lambda=0.02333, hidden_dropout_prob=0.1579, learning_rate=0.002638, weight_decay=0
[Wandb] trial 9 started project=FMoE_hgr name=tune_movielens1m_FeaturedMoE_HGR_hparam_P1HGR_widewide_C42_parallel_per_group_T009_20260308_200026
    [Device] CUDA_VISIBLE_DEVICES=2 | torch_device=cuda:0 (NVIDIA RTX A5000)
    [DataCache] save_dataset=True save_dataloaders=False | checkpoint_dir=saved/recbole_cache/movielens1m_feature_added_session_len10 | dataloaders_save_path=saved/recbole_cache/movielens1m_feature_added_session_len10/movielens1m-for-dataloader.pth
    [DataPrep] cache_hit=memory, create_dataset=0.00s, data_preparation=0.00s, n_items=3534
[FeaturedMoE_HGR Layout] arch_layout_id=0 selected_layout=[1, 0, 1, 0, 1, 0, 1, 0] global_pre=1 stage_pass={'macro': 0, 'mid': 0, 'micro': 0} stage_moe={'macro': 1, 'mid': 1, 'micro': 1} global_post=0
  -> MRR@20=0.0921  best=0.0933  (full@20, trial=6.4min, avg=6.0min/trial, total=54.1min, ETA=36.1min)
[Wandb] trial finished name=tune_movielens1m_FeaturedMoE_HGR_hparam_P1HGR_widewide_C42_parallel_per_group_T009_20260308_200026

[10/15] balance_loss_lambda=0.004277, hidden_dropout_prob=0.1426, learning_rate=6.097e-05, weight_decay=0
[Wandb] trial 10 started project=FMoE_hgr name=tune_movielens1m_FeaturedMoE_HGR_hparam_P1HGR_widewide_C42_parallel_per_group_T010_20260308_200655
    [Device] CUDA_VISIBLE_DEVICES=2 | torch_device=cuda:0 (NVIDIA RTX A5000)
    [DataCache] save_dataset=True save_dataloaders=False | checkpoint_dir=saved/recbole_cache/movielens1m_feature_added_session_len10 | dataloaders_save_path=saved/recbole_cache/movielens1m_feature_added_session_len10/movielens1m-for-dataloader.pth
    [DataPrep] cache_hit=memory, create_dataset=0.00s, data_preparation=0.00s, n_items=3534
[FeaturedMoE_HGR Layout] arch_layout_id=0 selected_layout=[1, 0, 1, 0, 1, 0, 1, 0] global_pre=1 stage_pass={'macro': 0, 'mid': 0, 'micro': 0} stage_moe={'macro': 1, 'mid': 1, 'micro': 1} global_post=0
  -> MRR@20=0.0537  best=0.0933  (full@20, trial=6.4min, avg=6.0min/trial, total=1.01h, ETA=30.2min)
[Wandb] trial finished name=tune_movielens1m_FeaturedMoE_HGR_hparam_P1HGR_widewide_C42_parallel_per_group_T010_20260308_200655

[11/15] balance_loss_lambda=0.001013, hidden_dropout_prob=0.1434, learning_rate=0.0002167, weight_decay=0
[Wandb] trial 11 started project=FMoE_hgr name=tune_movielens1m_FeaturedMoE_HGR_hparam_P1HGR_widewide_C42_parallel_per_group_T011_20260308_201320
    [Device] CUDA_VISIBLE_DEVICES=2 | torch_device=cuda:0 (NVIDIA RTX A5000)
    [DataCache] save_dataset=True save_dataloaders=False | checkpoint_dir=saved/recbole_cache/movielens1m_feature_added_session_len10 | dataloaders_save_path=saved/recbole_cache/movielens1m_feature_added_session_len10/movielens1m-for-dataloader.pth
    [DataPrep] cache_hit=memory, create_dataset=0.00s, data_preparation=0.00s, n_items=3534
[FeaturedMoE_HGR Layout] arch_layout_id=0 selected_layout=[1, 0, 1, 0, 1, 0, 1, 0] global_pre=1 stage_pass={'macro': 0, 'mid': 0, 'micro': 0} stage_moe={'macro': 1, 'mid': 1, 'micro': 1} global_post=0
  -> MRR@20=0.0820  best=0.0933  (full@20, trial=6.4min, avg=6.1min/trial, total=1.12h, ETA=24.3min)
[Wandb] trial finished name=tune_movielens1m_FeaturedMoE_HGR_hparam_P1HGR_widewide_C42_parallel_per_group_T011_20260308_201320

[12/15] balance_loss_lambda=0.03383, hidden_dropout_prob=0.1602, learning_rate=0.01079, weight_decay=0.0001622
[Wandb] trial 12 started project=FMoE_hgr name=tune_movielens1m_FeaturedMoE_HGR_hparam_P1HGR_widewide_C42_parallel_per_group_T012_20260308_201946
    [Device] CUDA_VISIBLE_DEVICES=2 | torch_device=cuda:0 (NVIDIA RTX A5000)
    [DataCache] save_dataset=True save_dataloaders=False | checkpoint_dir=saved/recbole_cache/movielens1m_feature_added_session_len10 | dataloaders_save_path=saved/recbole_cache/movielens1m_feature_added_session_len10/movielens1m-for-dataloader.pth
    [DataPrep] cache_hit=memory, create_dataset=0.00s, data_preparation=0.00s, n_items=3534
[FeaturedMoE_HGR Layout] arch_layout_id=0 selected_layout=[1, 0, 1, 0, 1, 0, 1, 0] global_pre=1 stage_pass={'macro': 0, 'mid': 0, 'micro': 0} stage_moe={'macro': 1, 'mid': 1, 'micro': 1} global_post=0
  -> MRR@20=0.0770  best=0.0933  (full@20, trial=6.4min, avg=6.1min/trial, total=1.22h, ETA=18.3min)
[Wandb] trial finished name=tune_movielens1m_FeaturedMoE_HGR_hparam_P1HGR_widewide_C42_parallel_per_group_T012_20260308_201946

[13/15] balance_loss_lambda=0.01428, hidden_dropout_prob=0.109, learning_rate=0.05337, weight_decay=0.0006756
[Wandb] trial 13 started project=FMoE_hgr name=tune_movielens1m_FeaturedMoE_HGR_hparam_P1HGR_widewide_C42_parallel_per_group_T013_20260308_202614
    [Device] CUDA_VISIBLE_DEVICES=2 | torch_device=cuda:0 (NVIDIA RTX A5000)
    [DataCache] save_dataset=True save_dataloaders=False | checkpoint_dir=saved/recbole_cache/movielens1m_feature_added_session_len10 | dataloaders_save_path=saved/recbole_cache/movielens1m_feature_added_session_len10/movielens1m-for-dataloader.pth
    [DataPrep] cache_hit=memory, create_dataset=0.00s, data_preparation=0.00s, n_items=3534
[FeaturedMoE_HGR Layout] arch_layout_id=0 selected_layout=[1, 0, 1, 0, 1, 0, 1, 0] global_pre=1 stage_pass={'macro': 0, 'mid': 0, 'micro': 0} stage_moe={'macro': 1, 'mid': 1, 'micro': 1} global_post=0
  -> MRR@20=0.0345  best=0.0933  (full@20, trial=6.4min, avg=6.1min/trial, total=1.33h, ETA=12.3min)
[Wandb] trial finished name=tune_movielens1m_FeaturedMoE_HGR_hparam_P1HGR_widewide_C42_parallel_per_group_T013_20260308_202614

[14/15] balance_loss_lambda=0.03014, hidden_dropout_prob=0.08086, learning_rate=0.02732, weight_decay=0
[Wandb] trial 14 started project=FMoE_hgr name=tune_movielens1m_FeaturedMoE_HGR_hparam_P1HGR_widewide_C42_parallel_per_group_T014_20260308_203241
    [Device] CUDA_VISIBLE_DEVICES=2 | torch_device=cuda:0 (NVIDIA RTX A5000)
    [DataCache] save_dataset=True save_dataloaders=False | checkpoint_dir=saved/recbole_cache/movielens1m_feature_added_session_len10 | dataloaders_save_path=saved/recbole_cache/movielens1m_feature_added_session_len10/movielens1m-for-dataloader.pth
    [DataPrep] cache_hit=memory, create_dataset=0.00s, data_preparation=0.00s, n_items=3534
[FeaturedMoE_HGR Layout] arch_layout_id=0 selected_layout=[1, 0, 1, 0, 1, 0, 1, 0] global_pre=1 stage_pass={'macro': 0, 'mid': 0, 'micro': 0} stage_moe={'macro': 1, 'mid': 1, 'micro': 1} global_post=0
  -> MRR@20=0.0522  best=0.0933  (full@20, trial=6.3min, avg=6.2min/trial, total=1.44h, ETA=6.2min)
[Wandb] trial finished name=tune_movielens1m_FeaturedMoE_HGR_hparam_P1HGR_widewide_C42_parallel_per_group_T014_20260308_203241

[15/15] balance_loss_lambda=0.002919, hidden_dropout_prob=0.09321, learning_rate=0.00686, weight_decay=1.13e-06
[Wandb] trial 15 started project=FMoE_hgr name=tune_movielens1m_FeaturedMoE_HGR_hparam_P1HGR_widewide_C42_parallel_per_group_T015_20260308_203904
    [Device] CUDA_VISIBLE_DEVICES=2 | torch_device=cuda:0 (NVIDIA RTX A5000)
    [DataCache] save_dataset=True save_dataloaders=False | checkpoint_dir=saved/recbole_cache/movielens1m_feature_added_session_len10 | dataloaders_save_path=saved/recbole_cache/movielens1m_feature_added_session_len10/movielens1m-for-dataloader.pth
    [DataPrep] cache_hit=memory, create_dataset=0.00s, data_preparation=0.00s, n_items=3534
[FeaturedMoE_HGR Layout] arch_layout_id=0 selected_layout=[1, 0, 1, 0, 1, 0, 1, 0] global_pre=1 stage_pass={'macro': 0, 'mid': 0, 'micro': 0} stage_moe={'macro': 1, 'mid': 1, 'micro': 1} global_post=0
  -> MRR@20=0.0832  best=0.0933  (full@20, trial=6.4min, avg=6.2min/trial, total=1.55h, ETA=0s)
[Wandb] trial finished name=tune_movielens1m_FeaturedMoE_HGR_hparam_P1HGR_widewide_C42_parallel_per_group_T015_20260308_203904

=================================================================
  DONE  |  FeaturedMoE_HGR x movielens1m
  Best MRR@20 = 0.0933  |  15/15 trials OK
  Total time: 92.7 min
  Best params:
    balance_loss_lambda: 0.00889758
    hidden_dropout_prob: 0.169645
    learning_rate: 0.00526908
    weight_decay: 0
  Results -> /workspace/jy1559/FMoE/experiments/run/artifacts/results/fmoe_hgr/movielens1m_FeaturedMoE_HGR_p1hgr_widewide_c42_parallel_per_group_20260308_191249_397698_pid382190.json
=================================================================

[RUN_STATUS] END status=normal pid=382190 start=2026-03-08T19:12:49 end=2026-03-08T20:45:34
