# job_id=ADD_STAGE1_MOVIELENS1M_DUOREC_ARCHITECTURE dataset=movielens1m model=duorec stage=stage1
# cmd=/venv/FMoE/bin/python /workspace/FeaturedMoE/experiments/hyperopt_tune.py --config-name tune_ml --search-algo tpe --max-evals 5 --tune-epochs 40 --tune-patience 5 --seed 910111 --run-group final_experiment_addtuning --run-axis add_stage1_architecture --run-phase ADD_STAGE1_MOVIELENS1M_DUOREC_ARCHITECTURE model=duorec dataset=movielens1m eval_mode=session_fixed feature_mode=full_v4 ++eval_sampling.mode=full ++eval_sampling.auto_full_threshold=999999999 ++special_logging=true ++exclude_unseen_target_from_main_eval=true ++log_unseen_target_metrics=true gpu_id=2 log_wandb=false show_progress=false ++seed=910111 --max-run-hours 2 --oom-retry-limit 5 ++search.learning_rate=[0.00049613,0.00046016,0.00065077,0.00032538,0.00023008] ++search_space_type_overrides.learning_rate=choice ++search.hidden_size=[96,112] ++search_space_type_overrides.hidden_size=choice ++search.embedding_size=[112,96] ++search_space_type_overrides.embedding_size=choice ++search.inner_size=[256,224] ++search_space_type_overrides.inner_size=choice ++search.dropout_ratio=[0.12] ++search_space_type_overrides.dropout_ratio=choice ++search.weight_decay=[0.00010229593556023368] ++search_space_type_overrides.weight_decay=choice ++search.MAX_ITEM_LIST_LENGTH=[30] ++search_space_type_overrides.MAX_ITEM_LIST_LENGTH=choice ++search.n_layers=[2] ++search_space_type_overrides.n_layers=choice ++search.n_heads=[4] ++search_space_type_overrides.n_heads=choice ++search.hidden_dropout_prob=[0.15] ++search_space_type_overrides.hidden_dropout_prob=choice ++search.attn_dropout_prob=[0.12] ++search_space_type_overrides.attn_dropout_prob=choice ++search.tau=[0.22] ++search_space_type_overrides.tau=choice ++search.lmd=[0.05] ++search_space_type_overrides.lmd=choice ++search.lmd_sem=[0.0] ++search_space_type_overrides.lmd_sem=choice ++search.num_layers=[1] ++search_space_type_overrides.num_layers=choice ++search.num_heads=[1] ++search_space_type_overrides.num_heads=choice ++search.dropout_prob=[0.1] ++search_space_type_overrides.dropout_prob=choice

/venv/FMoE/lib/python3.10/site-packages/ray/_private/parameter.py:4: UserWarning: pkg_resources is deprecated as an API. See https://setuptools.pypa.io/en/latest/pkg_resources.html. The pkg_resources package is slated for removal as early as 2025-11-30. Refrain from using this package or pin to Setuptools<81.
  import pkg_resources
[RUN_STATUS] START pid=1727684 ts=2026-04-18T18:12:32
[UniqueChoice] enabled: dedupe/remap duplicates across 40 finite combos

=================================================================
  Hyperopt  |  DuoRec x movielens1m
  max_evals=5  epochs=40  patience=5  wandb=off
  search_algo=tpe
  max_run_hours=2.000  (stop launching new trials after current trial)
  oom_retry_limit=5  (halve train/eval batch size on OOM)
  batch_size(train/valid/test)=4096/4096/4096
  track=final_experiment_addtuning  axis=add_stage1_architecture  phase=ADD_STAGE1_MOVIELENS1M_DUOREC_ARCHITECTURE
=================================================================
Changed knobs: embedding_size, hidden_size, inner_size, learning_rate
Tuned params(len>1): 4  (~40 discrete combos)
Tuned groups: 4
  [optimization]
    learning_rate                   [0.00049613, 0.00046016, 0.00065077, 0.00032538, 0.00023008]  -> choice
  [model_core]
    embedding_size                  [112, 96]                                 -> choice
    hidden_size                     [96, 112]                                 -> choice
    inner_size                      [256, 224]                                -> choice
Fixed params(singleton/non-list): 13
Fixed groups: 13
  [optimization]
    hidden_dropout_prob             0.15                                    
    weight_decay                    0.00010229593556023368                  
  [model_core]
    attn_dropout_prob               0.12                                    
    dropout_prob                    0.1                                     
    dropout_ratio                   0.12                                    
    num_heads                       1                                       
    num_layers                      1                                       
  [other]
    MAX_ITEM_LIST_LENGTH            30                                      
    lmd                             0.05                                    
    lmd_sem                         0.0                                     
    n_heads                         4                                       
    n_layers                        2                                       
    tau                             0.22                                    

[Wandb] disabled for this hyperopt run

[1/5] embedding_size=112, hidden_size=96, inner_size=256, learning_rate=0.0004602
  -> MRR@20=0.082400  best=0.082400  (full@40, trial=12.5min, avg=12.7min/trial, total=12.7min, ETA=50.9min)
[TRIAL_METRICS] cur_best_mrr20=0.082400 cur_best_hr10=0.222100 cur_test_mrr20=0.054500 cur_test_hr10=0.142200 avg_epoch_time_sec=18.7570 test_eval_time_sec=0.0469 test_eval_batches_per_sec=21.3071 test_eval_targets_per_sec=46002.0439 run_best_mrr20=0.082400 run_best_hr10=0.222100 run_test_mrr20=0.054500 run_test_hr10=0.142200

[2/5] embedding_size=96, hidden_size=96, inner_size=224, learning_rate=0.0002301
  -> MRR@20=0.070300  best=0.082400  (full@40, trial=12.3min, avg=12.5min/trial, total=25.0min, ETA=37.5min)
[TRIAL_METRICS] cur_best_mrr20=0.070300 cur_best_hr10=0.200900 cur_test_mrr20=0.052200 cur_test_hr10=0.147300 avg_epoch_time_sec=18.4550 test_eval_time_sec=0.0467 test_eval_batches_per_sec=21.3973 test_eval_targets_per_sec=46196.8286 run_best_mrr20=0.082400 run_best_hr10=0.222100 run_test_mrr20=0.054500 run_test_hr10=0.142200

[3/5] embedding_size=96, hidden_size=96, inner_size=256, learning_rate=0.0003254
  -> MRR@20=0.079700  best=0.082400  (full@40, trial=12.5min, avg=12.5min/trial, total=37.6min, ETA=25.1min)
[TRIAL_METRICS] cur_best_mrr20=0.079700 cur_best_hr10=0.206000 cur_test_mrr20=0.054400 cur_test_hr10=0.149600 avg_epoch_time_sec=18.7942 test_eval_time_sec=0.0473 test_eval_batches_per_sec=21.1576 test_eval_targets_per_sec=45679.2608 run_best_mrr20=0.082400 run_best_hr10=0.222100 run_test_mrr20=0.054500 run_test_hr10=0.142200

[4/5] embedding_size=112, hidden_size=112, inner_size=224, learning_rate=0.0006508
  -> MRR@20=0.085700  best=0.085700  (full@40, trial=12.5min, avg=12.5min/trial, total=50.1min, ETA=12.5min)
[TRIAL_METRICS] cur_best_mrr20=0.085700 cur_best_hr10=0.215200 cur_test_mrr20=0.058700 cur_test_hr10=0.151500 avg_epoch_time_sec=18.8008 test_eval_time_sec=0.0473 test_eval_batches_per_sec=21.1612 test_eval_targets_per_sec=45687.0965 run_best_mrr20=0.085700 run_best_hr10=0.215200 run_test_mrr20=0.058700 run_test_hr10=0.151500

[5/5] embedding_size=96, hidden_size=96, inner_size=224, learning_rate=0.0006508
  -> MRR@20=0.083100  best=0.085700  (full@40, trial=12.3min, avg=12.5min/trial, total=1.04h, ETA=0s)
[TRIAL_METRICS] cur_best_mrr20=0.083100 cur_best_hr10=0.208300 cur_test_mrr20=0.059400 cur_test_hr10=0.150100 avg_epoch_time_sec=18.3717 test_eval_time_sec=0.0465 test_eval_batches_per_sec=21.4851 test_eval_targets_per_sec=46386.3780 run_best_mrr20=0.085700 run_best_hr10=0.215200 run_test_mrr20=0.058700 run_test_hr10=0.151500

=================================================================
  DONE  |  DuoRec x movielens1m
  Best MRR@20 = 0.085700  |  5/5 trials OK
  Best HR@10  = 0.215200
  Test MRR@20 = 0.058700  (best-valid checkpoint)
  Test HR@10  = 0.151500  (best-valid checkpoint)
  Avg epoch time = 18.801 sec/epoch
  Final test eval = 0.047 sec | batches/s=21.161 | targets/s=45687.097
[RUN_METRICS] best_valid_mrr20=0.085700 best_valid_hr10=0.215200 test_mrr20=0.058700 test_hr10=0.151500 avg_epoch_time_sec=18.8008 test_eval_time_sec=0.0473 test_eval_batches_per_sec=21.1612 test_eval_targets_per_sec=45687.0965
  Total time: 62.4 min
  Best params:
    embedding_size: 112
    hidden_size: 112
    inner_size: 224
    learning_rate: 0.00065077
  Results -> /workspace/FeaturedMoE/experiments/run/artifacts/results/final_experiment_addtuning/movielens1m_DuoRec_add_stage1_movielens1m_duorec_architecture_20260418_181232_525391_pid1727684.json
  Normal mirror -> /workspace/FeaturedMoE/experiments/run/artifacts/results/final_experiment_addtuning/normal/add_stage1_architecture/ADD/movielens1m/DuoRec/movielens1m_DuoRec_add_stage1_movielens1m_duorec_architecture_20260418_181232_525391_pid1727684.json
  Special result -> /workspace/FeaturedMoE/experiments/run/artifacts/results/final_experiment_addtuning/special/add_stage1_architecture/ADD/movielens1m/DuoRec/movielens1m_DuoRec_add_stage1_movielens1m_duorec_architecture_20260418_181232_525391_pid1727684_special_metrics.json
  Special log -> /workspace/FeaturedMoE/experiments/run/artifacts/logs/final_experiment_addtuning/special/add_stage1_architecture/ADD/movielens1m/DuoRec/movielens1m_DuoRec_add_stage1_movielens1m_duorec_architecture_20260418_181232_525391_pid1727684_special_metrics.json
=================================================================

[RUN_STATUS] END status=normal pid=1727684 start=2026-04-18T18:12:32 end=2026-04-18T19:14:55
