[STAGEB_STRUCTURE_ANCHOR2_CORE5_SETTING_HEADER]
run_phase=P17_SB_D00_M04_FAME_B8_S1 run_id=SB_LASTFM0_03_FAME_B8_S1 phase_id=P17 axis_id=SB model=FAME profile_id=B8 seed=1
dataset=lastfm0.03 gpu=5 order=0 lr_band=LR3,LR4 lr_lo=0.00029395862068965525 lr_hi=0.0037082879999999997
max_evals=10 tune_epochs=48 tune_patience=7
seed=170031

[COMMAND]
- /venv/FMoE/bin/python hyperopt_tune.py --config-name tune_lfm_small --max-evals 10 --tune-epochs 48 --tune-patience 7 --seed 170031 --run-group baseline --run-axis StageB_Structure_anchor2_core5 --run-phase P17_SB_D00_M04_FAME_B8_S1 model=fame dataset=lastfm0.03 eval_mode=session_fixed feature_mode=full_v3 gpu_id=5 log_wandb=false show_progress=false ++special_logging=true ++seed=170031 ++search={learning_rate:[0.00029395862068965525,0.0037082879999999997]} ++search_space_type_overrides={learning_rate:"loguniform"} ++MAX_ITEM_LIST_LENGTH=10 ++weight_decay=0.0006899999999999999 ++search.weight_decay=[0.0006899999999999999] ++search_space_type_overrides.weight_decay=choice ++search.hidden_size=[88] ++search_space_type_overrides.hidden_size=choice ++search.embedding_size=[88] ++search_space_type_overrides.embedding_size=choice ++search.n_layers=[3] ++search_space_type_overrides.n_layers=choice ++search.num_layers=[3] ++search_space_type_overrides.num_layers=choice ++search.dropout_ratio=[0.29000000000000004] ++search_space_type_overrides.dropout_ratio=choice ++search.dropout_prob=[0.29000000000000004] ++search_space_type_overrides.dropout_prob=choice ++search.hidden_dropout_prob=[0.29000000000000004] ++search_space_type_overrides.hidden_dropout_prob=choice ++search.attn_dropout_prob=[0.29000000000000004] ++search_space_type_overrides.attn_dropout_prob=choice ++search.inner_size=[176] ++search_space_type_overrides.inner_size=choice ++search.n_heads=[4] ++search_space_type_overrides.n_heads=choice ++search.num_heads=[4] ++search_space_type_overrides.num_heads=choice ++search.num_experts=[2] ++search_space_type_overrides.num_experts=choice ++dropout_ratio=0.29000000000000004 ++hidden_size=88 ++embedding_size=88 ++n_layers=3 ++num_layers=3 ++n_heads=4 ++num_heads=4 ++inner_size=176 ++num_experts=2 ++train_batch_size=1536 ++eval_batch_size=2304
/venv/FMoE/lib/python3.10/site-packages/ray/_private/parameter.py:4: UserWarning: pkg_resources is deprecated as an API. See https://setuptools.pypa.io/en/latest/pkg_resources.html. The pkg_resources package is slated for removal as early as 2025-11-30. Refrain from using this package or pin to Setuptools<81.
  import pkg_resources
[RUN_STATUS] START pid=601289 ts=2026-03-30T13:53:03

=================================================================
  Hyperopt TPE  |  FAME x lastfm0.03
  max_evals=10  epochs=48  patience=7  wandb=off
  batch_size(train/valid/test)=1536/2304/2304
  track=baseline  axis=stageb_structure_anchor2_core5  phase=P17_SB_D00_M04_FAME_B8_S1
=================================================================
Changed knobs: learning_rate
Tuned params(len>1): 1  (~1 discrete combos)
Tuned groups: 1
  [optimization]
    learning_rate                   [0.00029395862068965525, 0.0037082879999999997]  -> loguniform
Fixed params(singleton/non-list): 13
Fixed groups: 13
  [optimization]
    hidden_dropout_prob             0.29000000000000004                     
    weight_decay                    0.0006899999999999999                   
  [model_core]
    attn_dropout_prob               0.29000000000000004                     
    dropout_prob                    0.29000000000000004                     
    dropout_ratio                   0.29000000000000004                     
    embedding_size                  88                                      
    hidden_size                     88                                      
    inner_size                      176                                     
    num_heads                       4                                       
    num_layers                      3                                       
  [other]
    n_heads                         4                                       
    n_layers                        3                                       
    num_experts                     2                                       

[Wandb] disabled for this hyperopt run

[1/10] learning_rate=0.003089
  -> MRR@20=0.185100  best=0.185100  (full@48, trial=26.9min, avg=27.1min/trial, total=27.1min, ETA=4.07h)
[TRIAL_METRICS] cur_best_mrr20=0.185100 cur_best_hr10=0.241000 cur_test_mrr20=0.179400 cur_test_hr10=0.233000 run_best_mrr20=0.185100 run_best_hr10=0.241000 run_test_mrr20=0.179400 run_test_hr10=0.233000

[2/10] learning_rate=0.001411
  -> MRR@20=0.199700  best=0.199700  (early_stop@46, trial=25.5min, avg=26.3min/trial, total=52.6min, ETA=3.51h)
[TRIAL_METRICS] cur_best_mrr20=0.199700 cur_best_hr10=0.251700 cur_test_mrr20=0.204800 cur_test_hr10=0.252100 run_best_mrr20=0.199700 run_best_hr10=0.251700 run_test_mrr20=0.204800 run_test_hr10=0.252100

[3/10] learning_rate=0.0008239
  -> MRR@20=0.209500  best=0.209500  (early_stop@47, trial=26.1min, avg=26.2min/trial, total=1.31h, ETA=3.06h)
[TRIAL_METRICS] cur_best_mrr20=0.209500 cur_best_hr10=0.251700 cur_test_mrr20=0.216000 cur_test_hr10=0.256600 run_best_mrr20=0.209500 run_best_hr10=0.251700 run_test_mrr20=0.216000 run_test_hr10=0.256600

[4/10] learning_rate=0.001501
  -> MRR@20=0.198900  best=0.209500  (full@48, trial=26.9min, avg=26.4min/trial, total=1.76h, ETA=2.64h)
[TRIAL_METRICS] cur_best_mrr20=0.198900 cur_best_hr10=0.242600 cur_test_mrr20=0.200500 cur_test_hr10=0.245500 run_best_mrr20=0.209500 run_best_hr10=0.251700 run_test_mrr20=0.216000 run_test_hr10=0.256600

[5/10] learning_rate=0.001701
  -> MRR@20=0.195700  best=0.209500  (early_stop@38, trial=20.4min, avg=25.2min/trial, total=2.10h, ETA=2.10h)
[TRIAL_METRICS] cur_best_mrr20=0.195700 cur_best_hr10=0.246300 cur_test_mrr20=0.192600 cur_test_hr10=0.246000 run_best_mrr20=0.209500 run_best_hr10=0.251700 run_test_mrr20=0.216000 run_test_hr10=0.256600

[6/10] learning_rate=0.0005253
  -> MRR@20=0.211200  best=0.211200  (full@48, trial=25.5min, avg=25.3min/trial, total=2.53h, ETA=1.68h)
[TRIAL_METRICS] cur_best_mrr20=0.211200 cur_best_hr10=0.251400 cur_test_mrr20=0.211600 cur_test_hr10=0.256100 run_best_mrr20=0.211200 run_best_hr10=0.251400 run_test_mrr20=0.211600 run_test_hr10=0.256100

[7/10] learning_rate=0.0006737
  -> MRR@20=0.213400  best=0.213400  (early_stop@46, trial=25.2min, avg=25.2min/trial, total=2.95h, ETA=1.26h)
[TRIAL_METRICS] cur_best_mrr20=0.213400 cur_best_hr10=0.254100 cur_test_mrr20=0.211800 cur_test_hr10=0.257400 run_best_mrr20=0.213400 run_best_hr10=0.254100 run_test_mrr20=0.211800 run_test_hr10=0.257400

[8/10] learning_rate=0.0004793
  -> MRR@20=0.211300  best=0.213400  (full@48, trial=26.8min, avg=25.4min/trial, total=3.39h, ETA=50.9min)
[TRIAL_METRICS] cur_best_mrr20=0.211300 cur_best_hr10=0.249800 cur_test_mrr20=0.211900 cur_test_hr10=0.252700 run_best_mrr20=0.213400 run_best_hr10=0.254100 run_test_mrr20=0.211800 run_test_hr10=0.257400

[9/10] learning_rate=0.0007734
  -> MRR@20=0.212100  best=0.213400  (full@48, trial=26.6min, avg=25.6min/trial, total=3.83h, ETA=25.6min)
[TRIAL_METRICS] cur_best_mrr20=0.212100 cur_best_hr10=0.250100 cur_test_mrr20=0.215600 cur_test_hr10=0.255000 run_best_mrr20=0.213400 run_best_hr10=0.254100 run_test_mrr20=0.211800 run_test_hr10=0.257400

[10/10] learning_rate=0.00195
  -> MRR@20=0.192700  best=0.213400  (early_stop@38, trial=21.0min, avg=25.1min/trial, total=4.18h, ETA=0s)
[TRIAL_METRICS] cur_best_mrr20=0.192700 cur_best_hr10=0.244800 cur_test_mrr20=0.190800 cur_test_hr10=0.242300 run_best_mrr20=0.213400 run_best_hr10=0.254100 run_test_mrr20=0.211800 run_test_hr10=0.257400

=================================================================
  DONE  |  FAME x lastfm0.03
  Best MRR@20 = 0.213400  |  10/10 trials OK
  Best HR@10  = 0.254100
  Test MRR@20 = 0.211800  (best-valid checkpoint)
  Test HR@10  = 0.257400  (best-valid checkpoint)
[RUN_METRICS] best_valid_mrr20=0.213400 best_valid_hr10=0.254100 test_mrr20=0.211800 test_hr10=0.257400
  Total time: 251.1 min
  Best params:
    learning_rate: 0.000673737
  Results -> /workspace/jy1559/FMoE/experiments/run/artifacts/results/baseline/lastfm0.03_FAME_p17_sb_d00_m04_fame_b8_s1_20260330_135303_282408_pid601289.json
  Normal mirror -> /workspace/jy1559/FMoE/experiments/run/artifacts/results/baseline/normal/stageb_structure_anchor2_core5/P17/lastfm0.03/FAME/lastfm0.03_FAME_p17_sb_d00_m04_fame_b8_s1_20260330_135303_282408_pid601289.json
  Special result -> /workspace/jy1559/FMoE/experiments/run/artifacts/results/baseline/special/stageb_structure_anchor2_core5/P17/lastfm0.03/FAME/lastfm0.03_FAME_p17_sb_d00_m04_fame_b8_s1_20260330_135303_282408_pid601289_special_metrics.json
  Special log -> /workspace/jy1559/FMoE/experiments/run/artifacts/logs/baseline/special/stageb_structure_anchor2_core5/P17/lastfm0.03/FAME/lastfm0.03_FAME_p17_sb_d00_m04_fame_b8_s1_20260330_135303_282408_pid601289_special_metrics.json
=================================================================

[RUN_STATUS] END status=normal pid=601289 start=2026-03-30T13:53:03 end=2026-03-30T18:04:07
