[STAGEH_TARGETEDRECOVERY_ANCHOR2_CORE5_SETTING_HEADER]
run_phase=P23_SH_C08_MTISASREC_FAD_H3_R2_STRUCTS_S1 run_id=SH_AMAZON_BEAUTY_TISASREC_FAD_H3_R2_STRUCTS_S1 phase_id=P23 axis_id=SH model=TiSASRec candidate_id=FAD_H3_R2_STRUCTS seed=1
dataset=amazon_beauty gpu=5 order=0 candidate_source=stageh_screen_variant source_stage=Final_all_datasets_variant transfer_from_dataset=
max_evals=4 tune_epochs=22 tune_patience=3
seed=230116

[COMMAND]
- /venv/FMoE/bin/python hyperopt_tune.py --config-name tune_ab --max-evals 4 --tune-epochs 22 --tune-patience 3 --seed 230116 --run-group baseline --run-axis StageH_TargetedRecovery_anchor2_core5 --run-phase P23_SH_C08_MTISASREC_FAD_H3_R2_STRUCTS_S1 model=tisasrec dataset=amazon_beauty eval_mode=session_fixed feature_mode=full_v3 gpu_id=5 log_wandb=false show_progress=false ++special_logging=true ++seed=230116 ++search={learning_rate:[0.000160255404622788,0.0004901119803369298]} ++search_space_type_overrides={learning_rate:"loguniform"} ++weight_decay=0.0002 ++search.weight_decay=[0.0002] ++search_space_type_overrides.weight_decay=choice ++search.n_layers=[1] ++search_space_type_overrides.n_layers=choice ++search.num_layers=[1] ++search_space_type_overrides.num_layers=choice ++search.n_heads=[2] ++search_space_type_overrides.n_heads=choice ++search.num_heads=[2] ++search_space_type_overrides.num_heads=choice ++search.dropout_ratio=[0.15] ++search_space_type_overrides.dropout_ratio=choice ++search.dropout_prob=[0.15] ++search_space_type_overrides.dropout_prob=choice ++search.hidden_dropout_prob=[0.15] ++search_space_type_overrides.hidden_dropout_prob=choice ++search.attn_dropout_prob=[0.15] ++search_space_type_overrides.attn_dropout_prob=choice ++search.hidden_size=[120] ++search_space_type_overrides.hidden_size=choice ++search.embedding_size=[120] ++search_space_type_overrides.embedding_size=choice ++search.inner_size=[240] ++search_space_type_overrides.inner_size=choice ++search.time_span=[96] ++search_space_type_overrides.time_span=choice ++search.num_experts=[8] ++search_space_type_overrides.num_experts=choice ++search.state_size=[32] ++search_space_type_overrides.state_size=choice ++search.conv_kernel=[8] ++search_space_type_overrides.conv_kernel=choice ++search.remaining_ratio=[0.7] ++search_space_type_overrides.remaining_ratio=choice ++search.MAX_ITEM_LIST_LENGTH=[10] ++search_space_type_overrides.MAX_ITEM_LIST_LENGTH=choice ++dropout_ratio=0.15 ++train_batch_size=2048 ++eval_batch_size=3072 ++hidden_size=120 ++embedding_size=120 ++MAX_ITEM_LIST_LENGTH=10 ++n_layers=1 ++num_layers=1 ++n_heads=2 ++num_heads=2 ++inner_size=240 ++time_span=96
/venv/FMoE/lib/python3.10/site-packages/ray/_private/parameter.py:4: UserWarning: pkg_resources is deprecated as an API. See https://setuptools.pypa.io/en/latest/pkg_resources.html. The pkg_resources package is slated for removal as early as 2025-11-30. Refrain from using this package or pin to Setuptools<81.
  import pkg_resources
[RUN_STATUS] START pid=493801 ts=2026-04-09T10:13:00

=================================================================
  Hyperopt TPE  |  TiSASRec x amazon_beauty
  max_evals=4  epochs=22  patience=3  wandb=off
  batch_size(train/valid/test)=2048/3072/3072
  track=baseline  axis=stageh_targetedrecovery_anchor2_core5  phase=P23_SH_C08_MTISASREC_FAD_H3_R2_STRUCTS_S1
=================================================================
Changed knobs: learning_rate
Tuned params(len>1): 1  (~1 discrete combos)
Tuned groups: 1
  [optimization]
    learning_rate                   [0.000160255404622788, 0.0004901119803369298]  -> loguniform
Fixed params(singleton/non-list): 18
Fixed groups: 18
  [optimization]
    hidden_dropout_prob             0.15                                    
    weight_decay                    0.0002                                  
  [model_core]
    attn_dropout_prob               0.15                                    
    dropout_prob                    0.15                                    
    dropout_ratio                   0.15                                    
    embedding_size                  120                                     
    hidden_size                     120                                     
    inner_size                      240                                     
    num_heads                       2                                       
    num_layers                      1                                       
  [other]
    MAX_ITEM_LIST_LENGTH            10                                      
    conv_kernel                     8                                       
    n_heads                         2                                       
    n_layers                        1                                       
    num_experts                     8                                       
    remaining_ratio                 0.7                                     
    state_size                      32                                      
    time_span                       96                                      

[Wandb] disabled for this hyperopt run

[1/4] learning_rate=0.0002275
  -> MRR@20=0.068400  best=0.068400  (early_stop@6, trial=2s, avg=5s/trial, total=5s, ETA=14s)
[TRIAL_METRICS] cur_best_mrr20=0.068400 cur_best_hr10=0.079600 cur_test_mrr20=0.037600 cur_test_hr10=0.061400 run_best_mrr20=0.068400 run_best_hr10=0.079600 run_test_mrr20=0.037600 run_test_hr10=0.061400

[2/4] learning_rate=0.0002584
  -> MRR@20=0.068300  best=0.068400  (early_stop@6, trial=2s, avg=3s/trial, total=7s, ETA=7s)
[TRIAL_METRICS] cur_best_mrr20=0.068300 cur_best_hr10=0.079600 cur_test_mrr20=0.035600 cur_test_hr10=0.061400 run_best_mrr20=0.068400 run_best_hr10=0.079600 run_test_mrr20=0.037600 run_test_hr10=0.061400

[3/4] learning_rate=0.0002063
  -> MRR@20=0.068500  best=0.068500  (early_stop@6, trial=2s, avg=3s/trial, total=9s, ETA=3s)
[TRIAL_METRICS] cur_best_mrr20=0.068500 cur_best_hr10=0.088500 cur_test_mrr20=0.038300 cur_test_hr10=0.061400 run_best_mrr20=0.068500 run_best_hr10=0.088500 run_test_mrr20=0.038300 run_test_hr10=0.061400

[4/4] learning_rate=0.0004551
  -> MRR@20=0.069000  best=0.069000  (early_stop@4, trial=1s, avg=2s/trial, total=10s, ETA=0s)
[TRIAL_METRICS] cur_best_mrr20=0.069000 cur_best_hr10=0.088500 cur_test_mrr20=0.039500 cur_test_hr10=0.061400 run_best_mrr20=0.069000 run_best_hr10=0.088500 run_test_mrr20=0.039500 run_test_hr10=0.061400

=================================================================
  DONE  |  TiSASRec x amazon_beauty
  Best MRR@20 = 0.069000  |  4/4 trials OK
  Best HR@10  = 0.088500
  Test MRR@20 = 0.039500  (best-valid checkpoint)
  Test HR@10  = 0.061400  (best-valid checkpoint)
[RUN_METRICS] best_valid_mrr20=0.069000 best_valid_hr10=0.088500 test_mrr20=0.039500 test_hr10=0.061400
  Total time: 0.2 min
  Best params:
    learning_rate: 0.000455051
  Results -> /workspace/jy1559/FMoE/experiments/run/artifacts/results/baseline/amazon_beauty_TiSASRec_p23_sh_c08_mtisasrec_fad_h3_r2_structs_s1_20260409_101300_940030_pid493801.json
  Normal mirror -> /workspace/jy1559/FMoE/experiments/run/artifacts/results/baseline/normal/stageh_targetedrecovery_anchor2_core5/P23/amazon_beauty/TiSASRec/amazon_beauty_TiSASRec_p23_sh_c08_mtisasrec_fad_h3_r2_structs_s1_20260409_101300_940030_pid493801.json
  Special result -> /workspace/jy1559/FMoE/experiments/run/artifacts/results/baseline/special/stageh_targetedrecovery_anchor2_core5/P23/amazon_beauty/TiSASRec/amazon_beauty_TiSASRec_p23_sh_c08_mtisasrec_fad_h3_r2_structs_s1_20260409_101300_940030_pid493801_special_metrics.json
  Special log -> /workspace/jy1559/FMoE/experiments/run/artifacts/logs/baseline/special/stageh_targetedrecovery_anchor2_core5/P23/amazon_beauty/TiSASRec/amazon_beauty_TiSASRec_p23_sh_c08_mtisasrec_fad_h3_r2_structs_s1_20260409_101300_940030_pid493801_special_metrics.json
=================================================================

[RUN_STATUS] END status=normal pid=493801 start=2026-04-09T10:13:00 end=2026-04-09T10:13:10
