[STAGEH_TARGETEDRECOVERY_ANCHOR2_CORE5_SETTING_HEADER]
run_phase=P23_SH_C14_MDUOREC_FAD_H2_R1_WDHI_S1 run_id=SH_FOURSQUARE_DUOREC_FAD_H2_R1_WDHI_S1 phase_id=P23 axis_id=SH model=DuoRec candidate_id=FAD_H2_R1_WDHI seed=1
dataset=foursquare gpu=7 order=0 candidate_source=stageh_screen_variant source_stage=Final_all_datasets_variant transfer_from_dataset=
max_evals=3 tune_epochs=18 tune_patience=2
seed=230191

[COMMAND]
- /venv/FMoE/bin/python hyperopt_tune.py --config-name tune_fs --max-evals 3 --tune-epochs 18 --tune-patience 2 --seed 230191 --run-group baseline --run-axis StageH_TargetedRecovery_anchor2_core5 --run-phase P23_SH_C14_MDUOREC_FAD_H2_R1_WDHI_S1 model=duorec dataset=foursquare eval_mode=session_fixed feature_mode=full_v3 gpu_id=7 log_wandb=false show_progress=false ++special_logging=true ++seed=230191 ++search={learning_rate:[0.0004603378584237635,0.0006445378173637348]} ++search_space_type_overrides={learning_rate:"loguniform"} ++weight_decay=0.000225 ++search.weight_decay=[0.000225] ++search_space_type_overrides.weight_decay=choice ++search.n_layers=[2] ++search_space_type_overrides.n_layers=choice ++search.num_layers=[2] ++search_space_type_overrides.num_layers=choice ++search.n_heads=[2] ++search_space_type_overrides.n_heads=choice ++search.num_heads=[2] ++search_space_type_overrides.num_heads=choice ++search.dropout_ratio=[0.12] ++search_space_type_overrides.dropout_ratio=choice ++search.dropout_prob=[0.12] ++search_space_type_overrides.dropout_prob=choice ++search.hidden_dropout_prob=[0.12] ++search_space_type_overrides.hidden_dropout_prob=choice ++search.attn_dropout_prob=[0.12] ++search_space_type_overrides.attn_dropout_prob=choice ++search.hidden_size=[128] ++search_space_type_overrides.hidden_size=choice ++search.embedding_size=[128] ++search_space_type_overrides.embedding_size=choice ++search.inner_size=[256] ++search_space_type_overrides.inner_size=choice ++search.time_span=[384] ++search_space_type_overrides.time_span=choice ++search.num_experts=[6] ++search_space_type_overrides.num_experts=choice ++search.state_size=[24] ++search_space_type_overrides.state_size=choice ++search.conv_kernel=[6] ++search_space_type_overrides.conv_kernel=choice ++search.remaining_ratio=[0.6] ++search_space_type_overrides.remaining_ratio=choice ++search.MAX_ITEM_LIST_LENGTH=[5] ++search_space_type_overrides.MAX_ITEM_LIST_LENGTH=choice ++dropout_ratio=0.12 ++contrast=un ++tau=0.3 ++lmd=0.04 ++lmd_sem=0.0 ++semantic_sample_max_tries=2 ++train_batch_size=3072 ++eval_batch_size=8192 ++hidden_size=128 ++embedding_size=128 ++MAX_ITEM_LIST_LENGTH=5 ++n_layers=2 ++num_layers=2 ++n_heads=2 ++num_heads=2 ++inner_size=256
/venv/FMoE/lib/python3.10/site-packages/ray/_private/parameter.py:4: UserWarning: pkg_resources is deprecated as an API. See https://setuptools.pypa.io/en/latest/pkg_resources.html. The pkg_resources package is slated for removal as early as 2025-11-30. Refrain from using this package or pin to Setuptools<81.
  import pkg_resources
[RUN_STATUS] START pid=494146 ts=2026-04-09T10:21:19

=================================================================
  Hyperopt TPE  |  DuoRec x foursquare
  max_evals=3  epochs=18  patience=2  wandb=off
  batch_size(train/valid/test)=3072/8192/8192
  track=baseline  axis=stageh_targetedrecovery_anchor2_core5  phase=P23_SH_C14_MDUOREC_FAD_H2_R1_WDHI_S1
=================================================================
Changed knobs: learning_rate
Tuned params(len>1): 1  (~1 discrete combos)
Tuned groups: 1
  [optimization]
    learning_rate                   [0.0004603378584237635, 0.0006445378173637348]  -> loguniform
Fixed params(singleton/non-list): 18
Fixed groups: 18
  [optimization]
    hidden_dropout_prob             0.12                                    
    weight_decay                    0.000225                                
  [model_core]
    attn_dropout_prob               0.12                                    
    dropout_prob                    0.12                                    
    dropout_ratio                   0.12                                    
    embedding_size                  128                                     
    hidden_size                     128                                     
    inner_size                      256                                     
    num_heads                       2                                       
    num_layers                      2                                       
  [other]
    MAX_ITEM_LIST_LENGTH            5                                       
    conv_kernel                     6                                       
    n_heads                         2                                       
    n_layers                        2                                       
    num_experts                     6                                       
    remaining_ratio                 0.6                                     
    state_size                      24                                      
    time_span                       384                                     

[Wandb] disabled for this hyperopt run

[1/3] learning_rate=0.0005941
  -> MRR@20=0.098000  best=0.098000  (full@18, trial=40s, avg=46s/trial, total=46s, ETA=1.5min)
[TRIAL_METRICS] cur_best_mrr20=0.098000 cur_best_hr10=0.194500 cur_test_mrr20=0.097300 cur_test_hr10=0.199400 run_best_mrr20=0.098000 run_best_hr10=0.194500 run_test_mrr20=0.097300 run_test_hr10=0.199400

[2/3] learning_rate=0.0005349
  -> MRR@20=0.096400  best=0.098000  (full@18, trial=39s, avg=42s/trial, total=1.4min, ETA=42s)
[TRIAL_METRICS] cur_best_mrr20=0.096400 cur_best_hr10=0.192600 cur_test_mrr20=0.098000 cur_test_hr10=0.197600 run_best_mrr20=0.098000 run_best_hr10=0.194500 run_test_mrr20=0.097300 run_test_hr10=0.199400

[3/3] learning_rate=0.0004996
  -> MRR@20=0.095900  best=0.098000  (full@18, trial=39s, avg=41s/trial, total=2.1min, ETA=0s)
[TRIAL_METRICS] cur_best_mrr20=0.095900 cur_best_hr10=0.189200 cur_test_mrr20=0.098100 cur_test_hr10=0.197100 run_best_mrr20=0.098000 run_best_hr10=0.194500 run_test_mrr20=0.097300 run_test_hr10=0.199400

=================================================================
  DONE  |  DuoRec x foursquare
  Best MRR@20 = 0.098000  |  3/3 trials OK
  Best HR@10  = 0.194500
  Test MRR@20 = 0.097300  (best-valid checkpoint)
  Test HR@10  = 0.199400  (best-valid checkpoint)
[RUN_METRICS] best_valid_mrr20=0.098000 best_valid_hr10=0.194500 test_mrr20=0.097300 test_hr10=0.199400
  Total time: 2.1 min
  Best params:
    learning_rate: 0.000594113
  Results -> /workspace/jy1559/FMoE/experiments/run/artifacts/results/baseline/foursquare_DuoRec_p23_sh_c14_mduorec_fad_h2_r1_wdhi_s1_20260409_102119_414441_pid494146.json
  Normal mirror -> /workspace/jy1559/FMoE/experiments/run/artifacts/results/baseline/normal/stageh_targetedrecovery_anchor2_core5/P23/foursquare/DuoRec/foursquare_DuoRec_p23_sh_c14_mduorec_fad_h2_r1_wdhi_s1_20260409_102119_414441_pid494146.json
  Special result -> /workspace/jy1559/FMoE/experiments/run/artifacts/results/baseline/special/stageh_targetedrecovery_anchor2_core5/P23/foursquare/DuoRec/foursquare_DuoRec_p23_sh_c14_mduorec_fad_h2_r1_wdhi_s1_20260409_102119_414441_pid494146_special_metrics.json
  Special log -> /workspace/jy1559/FMoE/experiments/run/artifacts/logs/baseline/special/stageh_targetedrecovery_anchor2_core5/P23/foursquare/DuoRec/foursquare_DuoRec_p23_sh_c14_mduorec_fad_h2_r1_wdhi_s1_20260409_102119_414441_pid494146_special_metrics.json
=================================================================

[RUN_STATUS] END status=normal pid=494146 start=2026-04-09T10:21:19 end=2026-04-09T10:23:23
