[STAGEH_TARGETEDRECOVERY_ANCHOR2_CORE5_SETTING_HEADER]
run_phase=P23_SH_C08_MTISASREC_FAD_H2_R1_REGLO_S1 run_id=SH_AMAZON_BEAUTY_TISASREC_FAD_H2_R1_REGLO_S1 phase_id=P23 axis_id=SH model=TiSASRec candidate_id=FAD_H2_R1_REGLO seed=1
dataset=amazon_beauty gpu=5 order=0 candidate_source=stageh_screen_variant source_stage=Final_all_datasets_variant transfer_from_dataset=
max_evals=4 tune_epochs=22 tune_patience=3
seed=230104

[COMMAND]
- /venv/FMoE/bin/python hyperopt_tune.py --config-name tune_ab --max-evals 4 --tune-epochs 22 --tune-patience 3 --seed 230104 --run-group baseline --run-axis StageH_TargetedRecovery_anchor2_core5 --run-phase P23_SH_C08_MTISASREC_FAD_H2_R1_REGLO_S1 model=tisasrec dataset=amazon_beauty eval_mode=session_fixed feature_mode=full_v3 gpu_id=5 log_wandb=false show_progress=false ++special_logging=true ++seed=230104 ++search={learning_rate:[0.00035655442227154713,0.0005137669686265933]} ++search_space_type_overrides={learning_rate:"loguniform"} ++weight_decay=0.00010499999999999999 ++search.weight_decay=[0.00010499999999999999] ++search_space_type_overrides.weight_decay=choice ++search.n_layers=[2] ++search_space_type_overrides.n_layers=choice ++search.num_layers=[2] ++search_space_type_overrides.num_layers=choice ++search.n_heads=[4] ++search_space_type_overrides.n_heads=choice ++search.num_heads=[4] ++search_space_type_overrides.num_heads=choice ++search.dropout_ratio=[0.09999999999999999] ++search_space_type_overrides.dropout_ratio=choice ++search.dropout_prob=[0.09999999999999999] ++search_space_type_overrides.dropout_prob=choice ++search.hidden_dropout_prob=[0.09999999999999999] ++search_space_type_overrides.hidden_dropout_prob=choice ++search.attn_dropout_prob=[0.09999999999999999] ++search_space_type_overrides.attn_dropout_prob=choice ++search.hidden_size=[144] ++search_space_type_overrides.hidden_size=choice ++search.embedding_size=[144] ++search_space_type_overrides.embedding_size=choice ++search.inner_size=[288] ++search_space_type_overrides.inner_size=choice ++search.time_span=[320] ++search_space_type_overrides.time_span=choice ++search.num_experts=[6] ++search_space_type_overrides.num_experts=choice ++search.state_size=[24] ++search_space_type_overrides.state_size=choice ++search.conv_kernel=[6] ++search_space_type_overrides.conv_kernel=choice ++search.remaining_ratio=[0.6] ++search_space_type_overrides.remaining_ratio=choice ++search.MAX_ITEM_LIST_LENGTH=[5] ++search_space_type_overrides.MAX_ITEM_LIST_LENGTH=choice ++dropout_ratio=0.09999999999999999 ++train_batch_size=2048 ++eval_batch_size=3072 ++hidden_size=144 ++embedding_size=144 ++MAX_ITEM_LIST_LENGTH=5 ++n_layers=2 ++num_layers=2 ++n_heads=4 ++num_heads=4 ++inner_size=288 ++time_span=320
/venv/FMoE/lib/python3.10/site-packages/ray/_private/parameter.py:4: UserWarning: pkg_resources is deprecated as an API. See https://setuptools.pypa.io/en/latest/pkg_resources.html. The pkg_resources package is slated for removal as early as 2025-11-30. Refrain from using this package or pin to Setuptools<81.
  import pkg_resources
[RUN_STATUS] START pid=493531 ts=2026-04-09T10:12:02

=================================================================
  Hyperopt TPE  |  TiSASRec x amazon_beauty
  max_evals=4  epochs=22  patience=3  wandb=off
  batch_size(train/valid/test)=2048/3072/3072
  track=baseline  axis=stageh_targetedrecovery_anchor2_core5  phase=P23_SH_C08_MTISASREC_FAD_H2_R1_REGLO_S1
=================================================================
Changed knobs: learning_rate
Tuned params(len>1): 1  (~1 discrete combos)
Tuned groups: 1
  [optimization]
    learning_rate                   [0.00035655442227154713, 0.0005137669686265933]  -> loguniform
Fixed params(singleton/non-list): 18
Fixed groups: 18
  [optimization]
    hidden_dropout_prob             0.09999999999999999                     
    weight_decay                    0.00010499999999999999                  
  [model_core]
    attn_dropout_prob               0.09999999999999999                     
    dropout_prob                    0.09999999999999999                     
    dropout_ratio                   0.09999999999999999                     
    embedding_size                  144                                     
    hidden_size                     144                                     
    inner_size                      288                                     
    num_heads                       4                                       
    num_layers                      2                                       
  [other]
    MAX_ITEM_LIST_LENGTH            5                                       
    conv_kernel                     6                                       
    n_heads                         4                                       
    n_layers                        2                                       
    num_experts                     6                                       
    remaining_ratio                 0.6                                     
    state_size                      24                                      
    time_span                       320                                     

[Wandb] disabled for this hyperopt run

[1/4] learning_rate=0.0004579
  -> MRR@20=0.032800  best=0.032800  (early_stop@4, trial=2s, avg=4s/trial, total=4s, ETA=13s)
[TRIAL_METRICS] cur_best_mrr20=0.032800 cur_best_hr10=0.061900 cur_test_mrr20=0.011300 cur_test_hr10=0.017500 run_best_mrr20=0.032800 run_best_hr10=0.061900 run_test_mrr20=0.011300 run_test_hr10=0.017500

[2/4] learning_rate=0.0005013
  -> MRR@20=0.032300  best=0.032800  (early_stop@4, trial=1s, avg=3s/trial, total=6s, ETA=6s)
[TRIAL_METRICS] cur_best_mrr20=0.032300 cur_best_hr10=0.061900 cur_test_mrr20=0.010600 cur_test_hr10=0.017500 run_best_mrr20=0.032800 run_best_hr10=0.061900 run_test_mrr20=0.011300 run_test_hr10=0.017500

[3/4] learning_rate=0.0005102
  -> MRR@20=0.032200  best=0.032800  (early_stop@4, trial=1s, avg=3s/trial, total=8s, ETA=3s)
[TRIAL_METRICS] cur_best_mrr20=0.032200 cur_best_hr10=0.053100 cur_test_mrr20=0.010500 cur_test_hr10=0.017500 run_best_mrr20=0.032800 run_best_hr10=0.061900 run_test_mrr20=0.011300 run_test_hr10=0.017500

[4/4] learning_rate=0.000466
  -> MRR@20=0.032800  best=0.032800  (early_stop@4, trial=1s, avg=2s/trial, total=10s, ETA=0s)
[TRIAL_METRICS] cur_best_mrr20=0.032800 cur_best_hr10=0.061900 cur_test_mrr20=0.011300 cur_test_hr10=0.017500 run_best_mrr20=0.032800 run_best_hr10=0.061900 run_test_mrr20=0.011300 run_test_hr10=0.017500

=================================================================
  DONE  |  TiSASRec x amazon_beauty
  Best MRR@20 = 0.032800  |  4/4 trials OK
  Best HR@10  = 0.061900
  Test MRR@20 = 0.011300  (best-valid checkpoint)
  Test HR@10  = 0.017500  (best-valid checkpoint)
[RUN_METRICS] best_valid_mrr20=0.032800 best_valid_hr10=0.061900 test_mrr20=0.011300 test_hr10=0.017500
  Total time: 0.2 min
  Best params:
    learning_rate: 0.000457915
  Results -> /workspace/jy1559/FMoE/experiments/run/artifacts/results/baseline/amazon_beauty_TiSASRec_p23_sh_c08_mtisasrec_fad_h2_r1_reglo_s1_20260409_101202_633111_pid493531.json
  Normal mirror -> /workspace/jy1559/FMoE/experiments/run/artifacts/results/baseline/normal/stageh_targetedrecovery_anchor2_core5/P23/amazon_beauty/TiSASRec/amazon_beauty_TiSASRec_p23_sh_c08_mtisasrec_fad_h2_r1_reglo_s1_20260409_101202_633111_pid493531.json
  Special result -> /workspace/jy1559/FMoE/experiments/run/artifacts/results/baseline/special/stageh_targetedrecovery_anchor2_core5/P23/amazon_beauty/TiSASRec/amazon_beauty_TiSASRec_p23_sh_c08_mtisasrec_fad_h2_r1_reglo_s1_20260409_101202_633111_pid493531_special_metrics.json
  Special log -> /workspace/jy1559/FMoE/experiments/run/artifacts/logs/baseline/special/stageh_targetedrecovery_anchor2_core5/P23/amazon_beauty/TiSASRec/amazon_beauty_TiSASRec_p23_sh_c08_mtisasrec_fad_h2_r1_reglo_s1_20260409_101202_633111_pid493531_special_metrics.json
=================================================================

[RUN_STATUS] END status=normal pid=493531 start=2026-04-09T10:12:02 end=2026-04-09T10:12:12
