[STAGEH_TARGETEDRECOVERY_ANCHOR2_CORE5_SETTING_HEADER]
run_phase=P23_SH_C09_MGRU4REC_XFER_AMAZON_BEAUTY_FAD_H2_R1_C1_LRHI_S1 run_id=SH_RETAIL_ROCKET_GRU4REC_XFER_AMAZON_BEAUTY_FAD_H2_R1_C1_LRHI_S1 phase_id=P23 axis_id=SH model=GRU4Rec candidate_id=XFER_amazon_beauty_FAD_H2_R1_C1_LRHI seed=1
dataset=retail_rocket gpu=7 order=0 candidate_source=stageh_screen_variant source_stage=Final_all_datasets_variant transfer_from_dataset=amazon_beauty
max_evals=4 tune_epochs=20 tune_patience=3
seed=230161

[COMMAND]
- /venv/FMoE/bin/python hyperopt_tune.py --config-name tune_rr --max-evals 4 --tune-epochs 20 --tune-patience 3 --seed 230161 --run-group baseline --run-axis StageH_TargetedRecovery_anchor2_core5 --run-phase P23_SH_C09_MGRU4REC_XFER_AMAZON_BEAUTY_FAD_H2_R1_C1_LRHI_S1 model=gru4rec dataset=retail_rocket eval_mode=session_fixed feature_mode=full_v3 gpu_id=7 log_wandb=false show_progress=false ++special_logging=true ++seed=230161 ++search={learning_rate:[0.0018896714196132093,0.002895920575341007]} ++search_space_type_overrides={learning_rate:"loguniform"} ++weight_decay=0.00015 ++search.weight_decay=[0.00015] ++search_space_type_overrides.weight_decay=choice ++search.n_layers=[2] ++search_space_type_overrides.n_layers=choice ++search.num_layers=[2] ++search_space_type_overrides.num_layers=choice ++search.n_heads=[4] ++search_space_type_overrides.n_heads=choice ++search.num_heads=[4] ++search_space_type_overrides.num_heads=choice ++search.dropout_ratio=[0.13] ++search_space_type_overrides.dropout_ratio=choice ++search.dropout_prob=[0.13] ++search_space_type_overrides.dropout_prob=choice ++search.hidden_dropout_prob=[0.13] ++search_space_type_overrides.hidden_dropout_prob=choice ++search.attn_dropout_prob=[0.13] ++search_space_type_overrides.attn_dropout_prob=choice ++search.hidden_size=[144] ++search_space_type_overrides.hidden_size=choice ++search.embedding_size=[144] ++search_space_type_overrides.embedding_size=choice ++search.inner_size=[288] ++search_space_type_overrides.inner_size=choice ++search.time_span=[384] ++search_space_type_overrides.time_span=choice ++search.num_experts=[6] ++search_space_type_overrides.num_experts=choice ++search.state_size=[24] ++search_space_type_overrides.state_size=choice ++search.conv_kernel=[6] ++search_space_type_overrides.conv_kernel=choice ++search.remaining_ratio=[0.6] ++search_space_type_overrides.remaining_ratio=choice ++search.MAX_ITEM_LIST_LENGTH=[10] ++search_space_type_overrides.MAX_ITEM_LIST_LENGTH=choice ++dropout_prob=0.13 ++train_batch_size=10240 ++eval_batch_size=12288 ++hidden_size=144 ++embedding_size=144 ++MAX_ITEM_LIST_LENGTH=10 ++num_layers=2
/venv/FMoE/lib/python3.10/site-packages/ray/_private/parameter.py:4: UserWarning: pkg_resources is deprecated as an API. See https://setuptools.pypa.io/en/latest/pkg_resources.html. The pkg_resources package is slated for removal as early as 2025-11-30. Refrain from using this package or pin to Setuptools<81.
  import pkg_resources
[RUN_STATUS] START pid=511574 ts=2026-04-09T17:09:07

=================================================================
  Hyperopt TPE  |  GRU4Rec x retail_rocket
  max_evals=4  epochs=20  patience=3  wandb=off
  batch_size(train/valid/test)=10240/12288/12288
  track=baseline  axis=stageh_targetedrecovery_anchor2_core5  phase=P23_SH_C09_MGRU4REC_XFER_AMAZON_BEAUTY_FAD_H2_R1_C1_LRHI_S1
=================================================================
Changed knobs: learning_rate
Tuned params(len>1): 1  (~1 discrete combos)
Tuned groups: 1
  [optimization]
    learning_rate                   [0.0018896714196132093, 0.002895920575341007]  -> loguniform
Fixed params(singleton/non-list): 18
Fixed groups: 18
  [optimization]
    hidden_dropout_prob             0.13                                    
    weight_decay                    0.00015                                 
  [model_core]
    attn_dropout_prob               0.13                                    
    dropout_prob                    0.13                                    
    dropout_ratio                   0.13                                    
    embedding_size                  144                                     
    hidden_size                     144                                     
    inner_size                      288                                     
    num_heads                       4                                       
    num_layers                      2                                       
  [other]
    MAX_ITEM_LIST_LENGTH            10                                      
    conv_kernel                     6                                       
    n_heads                         4                                       
    n_layers                        2                                       
    num_experts                     6                                       
    remaining_ratio                 0.6                                     
    state_size                      24                                      
    time_span                       384                                     

[Wandb] disabled for this hyperopt run

[1/4] learning_rate=0.002339
  -> MRR@20=0.159500  best=0.159500  (full@20, trial=2.7min, avg=3.0min/trial, total=3.0min, ETA=9.1min)
[TRIAL_METRICS] cur_best_mrr20=0.159500 cur_best_hr10=0.292000 cur_test_mrr20=0.162900 cur_test_hr10=0.291800 run_best_mrr20=0.159500 run_best_hr10=0.292000 run_test_mrr20=0.162900 run_test_hr10=0.291800

[2/4] learning_rate=0.002107
  -> MRR@20=0.153200  best=0.159500  (full@20, trial=2.6min, avg=2.8min/trial, total=5.7min, ETA=5.7min)
[TRIAL_METRICS] cur_best_mrr20=0.153200 cur_best_hr10=0.285200 cur_test_mrr20=0.156800 cur_test_hr10=0.286700 run_best_mrr20=0.159500 run_best_hr10=0.292000 run_test_mrr20=0.162900 run_test_hr10=0.291800

[3/4] learning_rate=0.001915
  -> MRR@20=0.147300  best=0.159500  (full@20, trial=2.6min, avg=2.8min/trial, total=8.3min, ETA=2.8min)
[TRIAL_METRICS] cur_best_mrr20=0.147300 cur_best_hr10=0.277400 cur_test_mrr20=0.148800 cur_test_hr10=0.277700 run_best_mrr20=0.159500 run_best_hr10=0.292000 run_test_mrr20=0.162900 run_test_hr10=0.291800

[4/4] learning_rate=0.00211
  -> MRR@20=0.153200  best=0.159500  (full@20, trial=2.6min, avg=2.8min/trial, total=11.0min, ETA=0s)
[TRIAL_METRICS] cur_best_mrr20=0.153200 cur_best_hr10=0.285400 cur_test_mrr20=0.157200 cur_test_hr10=0.287600 run_best_mrr20=0.159500 run_best_hr10=0.292000 run_test_mrr20=0.162900 run_test_hr10=0.291800

=================================================================
  DONE  |  GRU4Rec x retail_rocket
  Best MRR@20 = 0.159500  |  4/4 trials OK
  Best HR@10  = 0.292000
  Test MRR@20 = 0.162900  (best-valid checkpoint)
  Test HR@10  = 0.291800  (best-valid checkpoint)
[RUN_METRICS] best_valid_mrr20=0.159500 best_valid_hr10=0.292000 test_mrr20=0.162900 test_hr10=0.291800
  Total time: 11.0 min
  Best params:
    learning_rate: 0.00233862
  Results -> /workspace/jy1559/FMoE/experiments/run/artifacts/results/baseline/retail_rocket_GRU4Rec_p23_sh_c09_mgru4rec_xfer_amazon_beauty_fad_h2_r1_c1_lrhi_s1_20260409_170907_560626_pid511574.json
  Normal mirror -> /workspace/jy1559/FMoE/experiments/run/artifacts/results/baseline/normal/stageh_targetedrecovery_anchor2_core5/P23/retail_rocket/GRU4Rec/retail_rocket_GRU4Rec_p23_sh_c09_mgru4rec_xfer_amazon_beauty_fad_h2_r1_c1_lrhi_s1_20260409_170907_560626_pid511574.json
  Special result -> /workspace/jy1559/FMoE/experiments/run/artifacts/results/baseline/special/stageh_targetedrecovery_anchor2_core5/P23/retail_rocket/GRU4Rec/retail_rocket_GRU4Rec_p23_sh_c09_mgru4rec_xfer_amazon_beauty_fad_h2_r1_c1_lrhi_s1_20260409_170907_560626_pid511574_special_metrics.json
  Special log -> /workspace/jy1559/FMoE/experiments/run/artifacts/logs/baseline/special/stageh_targetedrecovery_anchor2_core5/P23/retail_rocket/GRU4Rec/retail_rocket_GRU4Rec_p23_sh_c09_mgru4rec_xfer_amazon_beauty_fad_h2_r1_c1_lrhi_s1_20260409_170907_560626_pid511574_special_metrics.json
=================================================================

[RUN_STATUS] END status=normal pid=511574 start=2026-04-09T17:09:07 end=2026-04-09T17:20:07
