[AI502_REAL_ROW] {"assigned_gpu": "1", "backend_transfer_mode": "all_stage_feature_encoder", "baseline_native_checkpoint": "/workspace/FeaturedMoE/experiments/run/AI502_transfer/artifacts/checkpoints/native/KuaiRec/shared_5/seed_4/best.pth", "baseline_native_result": "ai502_native://KuaiRec/shared_5/seed_4", "checkpoint_export": "/workspace/FeaturedMoE/experiments/run/AI502_transfer/artifacts_real/checkpoints/pair/lastfm_to_KuaiRec/shared_5/seed_4/feature_encoder_init/std/best.pth", "comparison_role": "pair", "dataset": "KuaiRecLargeStrictPosV2_0.2", "dataset_short": "KuaiRec", "hparam_id": "shared_5", "job_key": "transfer/lastfm_to_KuaiRec/shared_5/seed_4/feature_encoder_init/std", "log_path": "/workspace/FeaturedMoE/experiments/run/AI502_transfer/artifacts_real/logs/transfer/ai502_real_t_lastfm_to_kuairec_shared_5_feature_encoder_init_std_s4.log", "lr_values": [0.0005476], "pair_id": "lastfm_to_KuaiRec", "phase": "transfer", "policy": "std", "run_phase": "AI502_REAL_T_lastfm_to_kuairec_shared_5_feature_encoder_init_std_s4", "seed": 4, "source_checkpoint": "/workspace/FeaturedMoE/experiments/run/AI502_transfer/artifacts/checkpoints/native/lastfm/shared_5/seed_4/best.pth", "source_dataset": "lastfm0.03", "target_dataset": "KuaiRecLargeStrictPosV2_0.2", "transfer_mode": "feature_encoder_init", "triplet_id": ""}
[GPU] 1
[COMMAND] /venv/FMoE/bin/python /workspace/FeaturedMoE/experiments/hyperopt_tune.py --config-name config --max-evals 1 --tune-epochs 100 --tune-patience 10 --search-algo random --seed 4 --run-group ai502_transfer_real --run-axis transfer_real --run-phase AI502_REAL_T_lastfm_to_kuairec_shared_5_feature_encoder_init_std_s4 'model="featured_moe_n3_tune"' 'feature_mode="full_v4"' 'eval_mode="session_fixed"' '++fmoe_architecture_id="A12"' '++fmoe_architecture_key="A12_ATTN_MICRO_BEFORE_NO_BIAS_ALL_W5"' ++train_neg_sample_args=null '++metrics=["Recall","MRR","NDCG","Hit","Precision"]' '++topk=[10,20]' '++valid_metric="MRR@20"' '++eval_args={split:{LS:"valid_and_test"},order:"TO",group_by:"user",mode:"full"}' '++eval_sampling={mode:"full",auto_full_threshold:999999999}' ++exclude_unseen_target_from_main_eval=true ++log_unseen_target_metrics=true '++layer_layout=["attn","macro_ffn","mid_ffn","attn","micro_ffn"]' '++stage_compute_mode={macro:"moe",mid:"moe",micro:"moe"}' '++stage_router_mode={macro:"learned",mid:"learned",micro:"learned"}' '++stage_router_wrapper={macro:"w5_exd",mid:"w5_exd",micro:"w5_exd"}' '++stage_router_primitives={macro:{a_joint:{source:"feature",temperature:1.0,top_k:0},b_group:{source:"feature",temperature:1.0,top_k:0},c_shared:{source:"feature",temperature:1.0,top_k:0},d_cond:{source:"feature",temperature:1.0,top_k:0},e_scalar:{source:"feature",temperature:1.0,top_k:0},wrapper:{alpha_d:1.0,alpha_struct:1.0,alpha_a:1.0}},mid:{a_joint:{source:"feature",temperature:1.0,top_k:0},b_group:{source:"feature",temperature:1.0,top_k:0},c_shared:{source:"feature",temperature:1.0,top_k:0},d_cond:{source:"feature",temperature:1.0,top_k:0},e_scalar:{source:"feature",temperature:1.0,top_k:0},wrapper:{alpha_d:1.0,alpha_struct:1.0,alpha_a:1.0}},micro:{a_joint:{source:"feature",temperature:1.0,top_k:0},b_group:{source:"feature",temperature:1.0,top_k:0},c_shared:{source:"feature",temperature:1.0,top_k:0},d_cond:{source:"feature",temperature:1.0,top_k:0},e_scalar:{source:"feature",temperature:1.0,top_k:0},wrapper:{alpha_d:1.0,alpha_struct:1.0,alpha_a:1.0}}}' '++stage_router_source={macro:"feature",mid:"feature",micro:"feature"}' '++stage_router_granularity={macro:"session",mid:"session",micro:"token"}' '++stage_feature_injection={macro:"none",mid:"none",micro:"none"}' '++stage_feature_dropout_scope={macro:"token",mid:"token",micro:"token"}' '++topk_scope_mode="global_flat"' ++moe_top_k=0 ++balance_loss_lambda=0.0 ++gate_entropy_lambda=0.0 ++route_smoothness_lambda=0.0 ++route_sharpness_lambda=0.0 ++route_monopoly_lambda=0.0 ++route_prior_lambda=0.0 ++group_prior_align_lambda=0.0 ++factored_group_balance_lambda=0.0 ++rule_agreement_lambda=0.0 ++group_coverage_lambda=0.0 ++feature_group_bias_lambda=0.0 ++rule_bias_scale=0.0 '++bias_mode="none"' ++macro_history_window=5 ++route_consistency_pairs=1 ++route_consistency_min_sim=0.995 ++epochs=100 ++stopping_step=10 ++eval_step=1 '++search_algo="random"' ++fmoe_special_logging=true ++fmoe_diag_logging=true '++fmoe_eval_logging_timing="final_only"' '++fmoe_artifact_logging_policy="combo_best"' ++show_progress=false ++log_wandb=false ++embedding_size=224 ++hidden_size=224 ++d_ff=448 ++d_expert_hidden=224 ++d_router_hidden=64 ++d_feat_emb=20 ++MAX_ITEM_LIST_LENGTH=20 ++num_heads=4 ++hidden_dropout_prob=0.12 ++attn_dropout_prob=0.05 ++route_consistency_lambda=0.0012 ++z_loss_lambda=0.0001 'dataset="KuaiRecLargeStrictPosV2_0.2"' gpu_id=1 ++seed=4 '++data_path="/workspace/FeaturedMoE/Datasets/processed/feature_added_v4"' '++run_group="ai502_transfer_real"' '++run_axis="transfer_real"' '++run_phase="AI502_REAL_T_lastfm_to_kuairec_shared_5_feature_encoder_init_std_s4"' '++fmoe_logging_output_root="/workspace/FeaturedMoE/experiments/run/AI502_transfer/artifacts_real/logging"' '++__artifact_combo_best_export_path="/workspace/FeaturedMoE/experiments/run/AI502_transfer/artifacts_real/checkpoints/pair/lastfm_to_KuaiRec/shared_5/seed_4/feature_encoder_init/std/best.pth"' '++baseline_native_checkpoint="/workspace/FeaturedMoE/experiments/run/AI502_transfer/artifacts/checkpoints/native/KuaiRec/shared_5/seed_4/best.pth"' '++baseline_native_result="ai502_native://KuaiRec/shared_5/seed_4"' '++search_space_type_overrides={learning_rate:"choice"}' '++search={learning_rate:[0.0005476]}' '++transfer={enable:true,mode:"all_stage_feature_encoder",source_checkpoint:"/workspace/FeaturedMoE/experiments/run/AI502_transfer/artifacts/checkpoints/native/lastfm/shared_5/seed_4/best.pth",source_architecture:"A12",strict_shape:false,freeze_loaded:false,allow_empty:false,allow_router_fallback:false,loaded_lr_scale:1.0}'

[RUN_STATUS] START pid=519832 ts=2026-05-05T23:19:38

=================================================================
  Hyperopt  |  FeaturedMoE_N3 x KuaiRecLargeStrictPosV2_0.2
  max_evals=1  epochs=100  patience=10  wandb=off
  search_algo=random
  batch_size(train/valid/test)=2048/2048/2048
  track=ai502_transfer_real  axis=transfer_real  phase=AI502_REAL_T_lastfm_to_kuairec_shared_5_feature_encoder_init_std_s4
=================================================================
Changed knobs: (none; single-run mode)
Tuned params(len>1): 0  (~1 discrete combos)
Tuned groups: 0
  (none)
Fixed params(singleton/non-list): 1
Fixed groups: 1
  [optimization]
    learning_rate                   0.0005476                               

[Wandb] disabled for this hyperopt run

[1/1] (fixed-only run)
[transfer-init] mode=all_stage_feature_encoder source_architecture=A12 loaded=30/30 skipped_shape=0 skipped_missing=0 frozen=0 prefix=configured changed_at_init=27 source=/workspace/FeaturedMoE/experiments/run/AI502_transfer/artifacts/checkpoints/native/lastfm/shared_5/seed_4/best.pth
[transfer-train] loaded_checked=30 changed_after_train=24 max_abs_delta=0.328928
  -> MRR@20=0.018700  best=0.018700  (early_stop@16, trial=4.5min, avg=4.8min/trial, total=4.8min, ETA=0s)
[TRIAL_METRICS] cur_best_mrr20=0.018700 cur_best_hr10=0.039800 cur_test_mrr20=0.336800 cur_test_hr10=0.355000 avg_epoch_time_sec=16.8855 test_eval_time_sec=0.2223 test_eval_batches_per_sec=8.9987 test_eval_targets_per_sec=12175.2569 run_best_mrr20=0.018700 run_best_hr10=0.039800 run_test_mrr20=0.336800 run_test_hr10=0.355000

=================================================================
  DONE  |  FeaturedMoE_N3 x KuaiRecLargeStrictPosV2_0.2
  Best MRR@20 = 0.018700  |  1/1 trials OK
  Best HR@10  = 0.039800
  Test MRR@20 = 0.336800  (best-valid checkpoint)
  Test HR@10  = 0.355000  (best-valid checkpoint)
  Avg epoch time = 16.885 sec/epoch
  Final test eval = 0.222 sec | batches/s=8.999 | targets/s=12175.257
[RUN_METRICS] best_valid_mrr20=0.018700 best_valid_hr10=0.039800 test_mrr20=0.336800 test_hr10=0.355000 avg_epoch_time_sec=16.8855 test_eval_time_sec=0.2223 test_eval_batches_per_sec=8.9987 test_eval_targets_per_sec=12175.2569
  Total time: 4.9 min
  Best params:
  Results -> /workspace/FeaturedMoE/experiments/run/AI502_transfer/artifacts_real/hyperopt_results/ai502_transfer_real/KuaiRecLargeStrictPosV2_0.2_FeaturedMoE_N3_ai502_real_t_lastfm_to_kuairec_shared_5_feature_encoder_init_std_s4_20260505_231938_781173_pid519832.json
  Normal mirror -> /workspace/FeaturedMoE/experiments/run/AI502_transfer/artifacts_real/hyperopt_results/ai502_transfer_real/normal/transfer_real/AI502/KuaiRecLargeStrictPosV2_0.2/FMoEN3/KuaiRecLargeStrictPosV2_0.2_FeaturedMoE_N3_ai502_real_t_lastfm_to_kuairec_shared_5_feature_encoder_init_std_s4_20260505_231938_781173_pid519832.json
  Special result -> /workspace/FeaturedMoE/experiments/run/AI502_transfer/artifacts_real/hyperopt_results/ai502_transfer_real/special/transfer_real/AI502/KuaiRecLargeStrictPosV2_0.2/FMoEN3/KuaiRecLargeStrictPosV2_0.2_FeaturedMoE_N3_ai502_real_t_lastfm_to_kuairec_shared_5_feature_encoder_init_std_s4_20260505_231938_781173_pid519832_special_metrics.json
  Special log -> /workspace/FeaturedMoE/experiments/run/artifacts/logs/ai502_transfer_real/special/transfer_real/AI502/KuaiRecLargeStrictPosV2_0.2/FMoEN3/KuaiRecLargeStrictPosV2_0.2_FeaturedMoE_N3_ai502_real_t_lastfm_to_kuairec_shared_5_feature_encoder_init_std_s4_20260505_231938_781173_pid519832_special_metrics.json
=================================================================

[RUN_STATUS] END status=normal pid=519832 start=2026-05-05T23:19:38 end=2026-05-05T23:24:35

[RUN_STATUS] rc=0 job_key=transfer/lastfm_to_KuaiRec/shared_5/seed_4/feature_encoder_init/std
