# job_id=ADD_STAGE3_FOURSQUARE_DIFSR_C1_SEED1 dataset=foursquare model=difsr stage=stage3
# cmd=/venv/FMoE/bin/python /workspace/FeaturedMoE/experiments/hyperopt_tune.py --config-name tune_fs --search-algo tpe --max-evals 1 --tune-epochs 100 --tune-patience 10 --seed 930014 --run-group final_experiment_addtuning --run-axis add_stage3_seed_confirm --run-phase ADD_STAGE3_FOURSQUARE_DIFSR_C1_SEED1 model=difsr dataset=foursquare eval_mode=session_fixed feature_mode=full_v4 ++eval_sampling.mode=full ++eval_sampling.auto_full_threshold=999999999 ++special_logging=true ++exclude_unseen_target_from_main_eval=true ++log_unseen_target_metrics=true gpu_id=3 log_wandb=false show_progress=false ++seed=930014 --max-run-hours 2 --oom-retry-limit 5 ++search.dropout_ratio=[0.12] ++search_space_type_overrides.dropout_ratio=choice ++search.use_attribute_predictor=[true] ++search_space_type_overrides.use_attribute_predictor=choice ++search.selected_features=["category"] ++search_space_type_overrides.selected_features=choice ++search.MAX_ITEM_LIST_LENGTH=[10] ++search_space_type_overrides.MAX_ITEM_LIST_LENGTH=choice ++search.attn_dropout_prob=[0.1] ++search_space_type_overrides.attn_dropout_prob=choice ++search.attribute_hidden_size=[160] ++search_space_type_overrides.attribute_hidden_size=choice ++search.fusion_type=["sum"] ++search_space_type_overrides.fusion_type=choice ++search.hidden_dropout_prob=[0.12] ++search_space_type_overrides.hidden_dropout_prob=choice ++search.hidden_size=[160] ++search_space_type_overrides.hidden_size=choice ++search.inner_size=[384] ++search_space_type_overrides.inner_size=choice ++search.lambda_attr=[0.12] ++search_space_type_overrides.lambda_attr=choice ++search.learning_rate=[0.00107236] ++search_space_type_overrides.learning_rate=choice ++search.num_heads=[1] ++search_space_type_overrides.num_heads=choice ++search.num_layers=[3] ++search_space_type_overrides.num_layers=choice ++search.weight_decay=[0.0001] ++search_space_type_overrides.weight_decay=choice

/venv/FMoE/lib/python3.10/site-packages/ray/_private/parameter.py:4: UserWarning: pkg_resources is deprecated as an API. See https://setuptools.pypa.io/en/latest/pkg_resources.html. The pkg_resources package is slated for removal as early as 2025-11-30. Refrain from using this package or pin to Setuptools<81.
  import pkg_resources
[RUN_STATUS] START pid=1756445 ts=2026-04-19T08:20:09

=================================================================
  Hyperopt  |  DIFSR x foursquare
  max_evals=1  epochs=100  patience=10  wandb=off
  search_algo=tpe
  max_run_hours=2.000  (stop launching new trials after current trial)
  oom_retry_limit=5  (halve train/eval batch size on OOM)
  batch_size(train/valid/test)=4096/4096/4096
  track=final_experiment_addtuning  axis=add_stage3_seed_confirm  phase=ADD_STAGE3_FOURSQUARE_DIFSR_C1_SEED1
=================================================================
Changed knobs: (none; single-run mode)
Tuned params(len>1): 0  (~1 discrete combos)
Tuned groups: 0
  (none)
Fixed params(singleton/non-list): 15
Fixed groups: 15
  [optimization]
    hidden_dropout_prob             0.12                                    
    learning_rate                   0.00107236                              
    weight_decay                    0.0001                                  
  [model_core]
    attn_dropout_prob               0.1                                     
    dropout_ratio                   0.12                                    
    hidden_size                     160                                     
    inner_size                      384                                     
    num_heads                       1                                       
    num_layers                      3                                       
  [other]
    MAX_ITEM_LIST_LENGTH            10                                      
    attribute_hidden_size           160                                     
    fusion_type                     sum                                     
    lambda_attr                     0.12                                    
    selected_features               category                                
    use_attribute_predictor         True                                    

[Wandb] disabled for this hyperopt run

[1/1] (fixed-only run)
  -> MRR@20=0.184500  best=0.184500  (full@100, trial=1.5min, avg=1.6min/trial, total=1.6min, ETA=0s)
[TRIAL_METRICS] cur_best_mrr20=0.184500 cur_best_hr10=0.298200 cur_test_mrr20=0.146700 cur_test_hr10=0.251800 avg_epoch_time_sec=0.9029 test_eval_time_sec=0.0747 test_eval_batches_per_sec=13.3937 test_eval_targets_per_sec=47695.1166 run_best_mrr20=0.184500 run_best_hr10=0.298200 run_test_mrr20=0.146700 run_test_hr10=0.251800

=================================================================
  DONE  |  DIFSR x foursquare
  Best MRR@20 = 0.184500  |  1/1 trials OK
  Best HR@10  = 0.298200
  Test MRR@20 = 0.146700  (best-valid checkpoint)
  Test HR@10  = 0.251800  (best-valid checkpoint)
  Avg epoch time = 0.903 sec/epoch
  Final test eval = 0.075 sec | batches/s=13.394 | targets/s=47695.117
[RUN_METRICS] best_valid_mrr20=0.184500 best_valid_hr10=0.298200 test_mrr20=0.146700 test_hr10=0.251800 avg_epoch_time_sec=0.9029 test_eval_time_sec=0.0747 test_eval_batches_per_sec=13.3937 test_eval_targets_per_sec=47695.1166
  Total time: 1.6 min
  Best params:
  Results -> /workspace/FeaturedMoE/experiments/run/artifacts/results/final_experiment_addtuning/foursquare_DIFSR_add_stage3_foursquare_difsr_c1_seed1_20260419_082009_192320_pid1756445.json
  Normal mirror -> /workspace/FeaturedMoE/experiments/run/artifacts/results/final_experiment_addtuning/normal/add_stage3_seed_confirm/ADD/foursquare/DIFSR/foursquare_DIFSR_add_stage3_foursquare_difsr_c1_seed1_20260419_082009_192320_pid1756445.json
  Special result -> /workspace/FeaturedMoE/experiments/run/artifacts/results/final_experiment_addtuning/special/add_stage3_seed_confirm/ADD/foursquare/DIFSR/foursquare_DIFSR_add_stage3_foursquare_difsr_c1_seed1_20260419_082009_192320_pid1756445_special_metrics.json
  Special log -> /workspace/FeaturedMoE/experiments/run/artifacts/logs/final_experiment_addtuning/special/add_stage3_seed_confirm/ADD/foursquare/DIFSR/foursquare_DIFSR_add_stage3_foursquare_difsr_c1_seed1_20260419_082009_192320_pid1756445_special_metrics.json
=================================================================

[RUN_STATUS] END status=normal pid=1756445 start=2026-04-19T08:20:09 end=2026-04-19T08:21:44
