# pair=P014 dataset=lastfm0.03 model=duorec combo=C3 seed=1
# cmd=/venv/FMoE/bin/python hyperopt_tune.py --config-name tune_lfm_small --max-evals 10 --tune-epochs 100 --tune-patience 10 --search-algo tpe --seed 42 --run-group baseline_2 --run-axis PAIR60_V3_LR10 --run-phase PAIR60_V3_LR10_DLASTFM0_03_MDUOREC_P014_C3_S1 model=duorec dataset=lastfm0.03 eval_mode=session_fixed feature_mode=full_v3 gpu_id=2 log_wandb=false show_progress=false ++seed=42 ++MAX_ITEM_LIST_LENGTH=32 ++eval_sampling.mode=full ++eval_sampling.auto_full_threshold=999999999 ++special_logging=true ++exclude_unseen_target_from_main_eval=true ++log_unseen_target_metrics=true ++hidden_size=128 ++embedding_size=128 ++n_layers=3 ++num_layers=3 ++n_heads=2 ++num_heads=2 ++inner_size=256 ++dropout_ratio=0.1 ++hidden_dropout_prob=0.1 ++attn_dropout_prob=0.1 ++weight_decay=0.00015 ++contrast="su" ++tau=0.24 ++lmd=0.0 ++lmd_sem=0.02 ++semantic_sample_max_tries=2 ++search={learning_rate:[9.73981519331861e-05,0.0003895926077327444]} ++search_space_type_overrides={learning_rate:"loguniform"} ++search.MAX_ITEM_LIST_LENGTH=[32] ++search_space_type_overrides.MAX_ITEM_LIST_LENGTH=choice ++search.weight_decay=[0.00015] ++search_space_type_overrides.weight_decay=choice ++search.hidden_size=[128] ++search_space_type_overrides.hidden_size=choice ++search.embedding_size=[128] ++search_space_type_overrides.embedding_size=choice ++search.n_layers=[3] ++search_space_type_overrides.n_layers=choice ++search.num_layers=[3] ++search_space_type_overrides.num_layers=choice ++search.n_heads=[2] ++search_space_type_overrides.n_heads=choice ++search.num_heads=[2] ++search_space_type_overrides.num_heads=choice ++search.inner_size=[256] ++search_space_type_overrides.inner_size=choice ++search.dropout_ratio=[0.1] ++search_space_type_overrides.dropout_ratio=choice ++search.hidden_dropout_prob=[0.1] ++search_space_type_overrides.hidden_dropout_prob=choice ++search.attn_dropout_prob=[0.1] ++search_space_type_overrides.attn_dropout_prob=choice ++search.contrast=["su"] ++search_space_type_overrides.contrast=choice ++search.tau=[0.24] ++search_space_type_overrides.tau=choice ++search.lmd=[0.0] ++search_space_type_overrides.lmd=choice ++search.lmd_sem=[0.02] ++search_space_type_overrides.lmd_sem=choice ++search.semantic_sample_max_tries=[2] ++search_space_type_overrides.semantic_sample_max_tries=choice

/venv/FMoE/lib/python3.10/site-packages/ray/_private/parameter.py:4: UserWarning: pkg_resources is deprecated as an API. See https://setuptools.pypa.io/en/latest/pkg_resources.html. The pkg_resources package is slated for removal as early as 2025-11-30. Refrain from using this package or pin to Setuptools<81.
  import pkg_resources
[RUN_STATUS] START pid=1119418 ts=2026-04-14T19:12:08

=================================================================
  Hyperopt  |  DuoRec x lastfm0.03
  max_evals=10  epochs=100  patience=10  wandb=off
  search_algo=tpe
  batch_size(train/valid/test)=2048/4096/4096
  track=baseline_2  axis=pair60_v3_lr10  phase=PAIR60_V3_LR10_DLASTFM0_03_MDUOREC_P014_C3_S1
=================================================================
Changed knobs: learning_rate
Tuned params(len>1): 1  (~1 discrete combos)
Tuned groups: 1
  [optimization]
    learning_rate                   [9.73981519331861e-05, 0.0003895926077327444]  -> loguniform
Fixed params(singleton/non-list): 17
Fixed groups: 17
  [optimization]
    hidden_dropout_prob             0.1                                     
    weight_decay                    0.00015                                 
  [model_core]
    attn_dropout_prob               0.1                                     
    dropout_ratio                   0.1                                     
    embedding_size                  128                                     
    hidden_size                     128                                     
    inner_size                      256                                     
    num_heads                       2                                       
    num_layers                      3                                       
  [other]
    MAX_ITEM_LIST_LENGTH            32                                      
    contrast                        su                                      
    lmd                             0.0                                     
    lmd_sem                         0.02                                    
    n_heads                         2                                       
    n_layers                        3                                       
    semantic_sample_max_tries       2                                       
    tau                             0.24                                    

[Wandb] disabled for this hyperopt run

[1/10] learning_rate=0.0003009
  -> MRR@20=0.266400  best=0.266400  (full@100, trial=24.1min, avg=24.3min/trial, total=24.3min, ETA=3.65h)
[TRIAL_METRICS] cur_best_mrr20=0.266400 cur_best_hr10=0.334900 cur_test_mrr20=0.269000 cur_test_hr10=0.331100 run_best_mrr20=0.266400 run_best_hr10=0.334900 run_test_mrr20=0.269000 run_test_hr10=0.331100

[2/10] learning_rate=0.0001477
  -> MRR@20=0.231900  best=0.266400  (full@100, trial=24.2min, avg=24.3min/trial, total=48.5min, ETA=3.23h)
[TRIAL_METRICS] cur_best_mrr20=0.231900 cur_best_hr10=0.303700 cur_test_mrr20=0.228300 cur_test_hr10=0.298400 run_best_mrr20=0.266400 run_best_hr10=0.334900 run_test_mrr20=0.269000 run_test_hr10=0.331100

[3/10] learning_rate=0.0001194
  -> MRR@20=0.213500  best=0.266400  (full@100, trial=24.2min, avg=24.2min/trial, total=1.21h, ETA=2.83h)
[TRIAL_METRICS] cur_best_mrr20=0.213500 cur_best_hr10=0.295900 cur_test_mrr20=0.210800 cur_test_hr10=0.287600 run_best_mrr20=0.266400 run_best_hr10=0.334900 run_test_mrr20=0.269000 run_test_hr10=0.331100

[4/10] learning_rate=0.0001705
  -> MRR@20=0.239800  best=0.266400  (full@100, trial=24.2min, avg=24.2min/trial, total=1.62h, ETA=2.42h)
[TRIAL_METRICS] cur_best_mrr20=0.239800 cur_best_hr10=0.308800 cur_test_mrr20=0.240000 cur_test_hr10=0.306600 run_best_mrr20=0.266400 run_best_hr10=0.334900 run_test_mrr20=0.269000 run_test_hr10=0.331100

[5/10] learning_rate=0.0001956
  -> MRR@20=0.245000  best=0.266400  (full@100, trial=24.2min, avg=24.2min/trial, total=2.02h, ETA=2.02h)
[TRIAL_METRICS] cur_best_mrr20=0.245000 cur_best_hr10=0.318600 cur_test_mrr20=0.248800 cur_test_hr10=0.311400 run_best_mrr20=0.266400 run_best_hr10=0.334900 run_test_mrr20=0.269000 run_test_hr10=0.331100

[6/10] learning_rate=0.0002773
  -> MRR@20=0.265500  best=0.266400  (full@100, trial=24.3min, avg=24.2min/trial, total=2.42h, ETA=1.62h)
[TRIAL_METRICS] cur_best_mrr20=0.265500 cur_best_hr10=0.330500 cur_test_mrr20=0.266800 cur_test_hr10=0.328700 run_best_mrr20=0.266400 run_best_hr10=0.334900 run_test_mrr20=0.269000 run_test_hr10=0.331100

[7/10] learning_rate=0.0002567
  -> MRR@20=0.260100  best=0.266400  (full@100, trial=24.2min, avg=24.2min/trial, total=2.83h, ETA=1.21h)
[TRIAL_METRICS] cur_best_mrr20=0.260100 cur_best_hr10=0.326800 cur_test_mrr20=0.260500 cur_test_hr10=0.324600 run_best_mrr20=0.266400 run_best_hr10=0.334900 run_test_mrr20=0.269000 run_test_hr10=0.331100

[8/10] learning_rate=0.0001065
  -> MRR@20=0.200100  best=0.266400  (full@100, trial=24.2min, avg=24.2min/trial, total=3.23h, ETA=48.5min)
[TRIAL_METRICS] cur_best_mrr20=0.200100 cur_best_hr10=0.279300 cur_test_mrr20=0.197700 cur_test_hr10=0.274000 run_best_mrr20=0.266400 run_best_hr10=0.334900 run_test_mrr20=0.269000 run_test_hr10=0.331100

[9/10] learning_rate=0.0002655
  -> MRR@20=0.261200  best=0.266400  (full@100, trial=24.2min, avg=24.2min/trial, total=3.64h, ETA=24.2min)
[TRIAL_METRICS] cur_best_mrr20=0.261200 cur_best_hr10=0.327500 cur_test_mrr20=0.265800 cur_test_hr10=0.324900 run_best_mrr20=0.266400 run_best_hr10=0.334900 run_test_mrr20=0.269000 run_test_hr10=0.331100

[10/10] learning_rate=0.0001528
  -> MRR@20=0.232600  best=0.266400  (full@100, trial=24.1min, avg=24.2min/trial, total=4.04h, ETA=0s)
[TRIAL_METRICS] cur_best_mrr20=0.232600 cur_best_hr10=0.301000 cur_test_mrr20=0.230400 cur_test_hr10=0.303900 run_best_mrr20=0.266400 run_best_hr10=0.334900 run_test_mrr20=0.269000 run_test_hr10=0.331100

=================================================================
  DONE  |  DuoRec x lastfm0.03
  Best MRR@20 = 0.266400  |  10/10 trials OK
  Best HR@10  = 0.334900
  Test MRR@20 = 0.269000  (best-valid checkpoint)
  Test HR@10  = 0.331100  (best-valid checkpoint)
[RUN_METRICS] best_valid_mrr20=0.266400 best_valid_hr10=0.334900 test_mrr20=0.269000 test_hr10=0.331100
  Total time: 242.3 min
  Best params:
    learning_rate: 0.000300899
  Results -> /workspace/FeaturedMoE/experiments/run/artifacts/results/baseline_2/lastfm0.03_DuoRec_pair60_v3_lr10_dlastfm0_03_mduorec_p014_c3_s1_20260414_191208_301547_pid1119418.json
  Normal mirror -> /workspace/FeaturedMoE/experiments/run/artifacts/results/baseline_2/normal/pair60_v3_lr10/PAIR60/lastfm0.03/DuoRec/lastfm0.03_DuoRec_pair60_v3_lr10_dlastfm0_03_mduorec_p014_c3_s1_20260414_191208_301547_pid1119418.json
  Special result -> /workspace/FeaturedMoE/experiments/run/artifacts/results/baseline_2/special/pair60_v3_lr10/PAIR60/lastfm0.03/DuoRec/lastfm0.03_DuoRec_pair60_v3_lr10_dlastfm0_03_mduorec_p014_c3_s1_20260414_191208_301547_pid1119418_special_metrics.json
  Special log -> /workspace/FeaturedMoE/experiments/run/artifacts/logs/baseline_2/special/pair60_v3_lr10/PAIR60/lastfm0.03/DuoRec/lastfm0.03_DuoRec_pair60_v3_lr10_dlastfm0_03_mduorec_p014_c3_s1_20260414_191208_301547_pid1119418_special_metrics.json
=================================================================

[RUN_STATUS] END status=normal pid=1119418 start=2026-04-14T19:12:08 end=2026-04-14T23:14:26
