# stage=A dataset=retail_rocket model=gru4rec candidate=A005_L02
# cmd=/venv/FMoE/bin/python hyperopt_tune.py --config-name tune_rr --max-evals 1 --tune-epochs 18 --tune-patience 4 --search-algo random --seed 1 --run-group baseline_2 --run-axis ABCD_v1 --run-phase ABCD_v1_A_DRETAIL_ROCKET_MGRU4REC_A005_L02_S1 model=gru4rec dataset=retail_rocket eval_mode=session_fixed feature_mode=full_v4 gpu_id=6 log_wandb=false show_progress=false ++MAX_ITEM_LIST_LENGTH=50 ++eval_sampling.mode=full ++eval_sampling.auto_full_threshold=999999999 ++special_logging=true ++exclude_unseen_target_from_main_eval=true ++log_unseen_target_metrics=true ++hidden_size=128 ++embedding_size=128 ++num_layers=2 ++dropout_prob=0.2 ++seed=1 ++search.MAX_ITEM_LIST_LENGTH=[50] ++search.weight_decay=[1e-06] ++search.hidden_size=[128] ++search.embedding_size=[128] ++search.num_layers=[2] ++search.learning_rate=[0.0002] ++search.dropout_prob=[0.2] ++search.hidden_dropout_prob=[0.2] ++search_space_type_overrides.MAX_ITEM_LIST_LENGTH=choice ++search_space_type_overrides.weight_decay=choice ++search_space_type_overrides.hidden_size=choice ++search_space_type_overrides.embedding_size=choice ++search_space_type_overrides.num_layers=choice ++search_space_type_overrides.learning_rate=choice ++search_space_type_overrides.dropout_prob=choice ++search_space_type_overrides.hidden_dropout_prob=choice

/venv/FMoE/lib/python3.10/site-packages/ray/_private/parameter.py:4: UserWarning: pkg_resources is deprecated as an API. See https://setuptools.pypa.io/en/latest/pkg_resources.html. The pkg_resources package is slated for removal as early as 2025-11-30. Refrain from using this package or pin to Setuptools<81.
  import pkg_resources
[RUN_STATUS] START pid=794196 ts=2026-04-13T18:00:10

=================================================================
  Hyperopt  |  GRU4Rec x retail_rocket
  max_evals=1  epochs=18  patience=4  wandb=off
  search_algo=random
  batch_size(train/valid/test)=4096/8192/8192
  track=baseline_2  axis=abcd_v1  phase=ABCD_v1_A_DRETAIL_ROCKET_MGRU4REC_A005_L02_S1
=================================================================
Changed knobs: (none; single-run mode)
Tuned params(len>1): 0  (~1 discrete combos)
Tuned groups: 0
  (none)
Fixed params(singleton/non-list): 8
Fixed groups: 8
  [optimization]
    hidden_dropout_prob             0.2                                     
    learning_rate                   0.0002                                  
    weight_decay                    1e-06                                   
  [model_core]
    dropout_prob                    0.2                                     
    embedding_size                  128                                     
    hidden_size                     128                                     
    num_layers                      2                                       
  [other]
    MAX_ITEM_LIST_LENGTH            50                                      

[Wandb] disabled for this hyperopt run

[1/1] (fixed-only run)
  -> MRR@20=0.036800  best=0.036800  (full@18, trial=2.2min, avg=2.3min/trial, total=2.3min, ETA=0s)
[TRIAL_METRICS] cur_best_mrr20=0.036800 cur_best_hr10=0.081400 cur_test_mrr20=0.033900 cur_test_hr10=0.074300 run_best_mrr20=0.036800 run_best_hr10=0.081400 run_test_mrr20=0.033900 run_test_hr10=0.074300

=================================================================
  DONE  |  GRU4Rec x retail_rocket
  Best MRR@20 = 0.036800  |  1/1 trials OK
  Best HR@10  = 0.081400
  Test MRR@20 = 0.033900  (best-valid checkpoint)
  Test HR@10  = 0.074300  (best-valid checkpoint)
[RUN_METRICS] best_valid_mrr20=0.036800 best_valid_hr10=0.081400 test_mrr20=0.033900 test_hr10=0.074300
  Total time: 2.3 min
  Best params:
  Results -> /workspace/FeaturedMoE/experiments/run/artifacts/results/baseline_2/retail_rocket_GRU4Rec_abcd_v1_a_dretail_rocket_mgru4rec_a005_l02_s1_20260413_180010_195361_pid794196.json
  Normal mirror -> /workspace/FeaturedMoE/experiments/run/artifacts/results/baseline_2/normal/abcd_v1/ABCD/retail_rocket/GRU4Rec/retail_rocket_GRU4Rec_abcd_v1_a_dretail_rocket_mgru4rec_a005_l02_s1_20260413_180010_195361_pid794196.json
  Special result -> /workspace/FeaturedMoE/experiments/run/artifacts/results/baseline_2/special/abcd_v1/ABCD/retail_rocket/GRU4Rec/retail_rocket_GRU4Rec_abcd_v1_a_dretail_rocket_mgru4rec_a005_l02_s1_20260413_180010_195361_pid794196_special_metrics.json
  Special log -> /workspace/FeaturedMoE/experiments/run/artifacts/logs/baseline_2/special/abcd_v1/ABCD/retail_rocket/GRU4Rec/retail_rocket_GRU4Rec_abcd_v1_a_dretail_rocket_mgru4rec_a005_l02_s1_20260413_180010_195361_pid794196_special_metrics.json
=================================================================

[RUN_STATUS] END status=normal pid=794196 start=2026-04-13T18:00:10 end=2026-04-13T18:02:28
