[FMOE_FULL_HISTORY_PORTFOLIO_SETTING_HEADER]
run_phase=FH1_FH_BEAUTY_B06_FH_H3_CTX_REGULARIZED_S1 exp_brief=A12_ATTN_MICRO_BEFORE_NO_BIAS_ALL_W5 phase_id=FH1 axis_id=FH8 setting_id=B06_fh_h3_ctx_regularized hparam_id= seed=1
desc=H3 full-history retune with more context and slightly stronger regularization
dataset=beauty gpu=5 order=6
max_evals= tune_epochs= tune_patience=
seed=260505

[COMMAND]
- /venv/FMoE/bin/python hyperopt_tune.py --config-name config --search-algo tpe --max-evals 8 --tune-epochs 100 --tune-patience 10 --seed 260505 --run-group fmoe_full --run-axis FullHistory_Portfolio8 --run-phase FH1_FH_BEAUTY_B06_FH_H3_CTX_REGULARIZED_S1 model=featured_moe_n3_tune dataset=beauty eval_mode=session_fixed feature_mode=full_v4 ++history_input_mode=full_history_session_targets ++history_eval_policy=strict_train_prefix ++history_group_field=user_id ++target_group_field=session_id ++load_col.inter=["session_id","item_id","timestamp","user_id"] ++eval_sampling.mode=full ++eval_sampling.auto_full_threshold=999999999 ++special_logging=true ++exclude_unseen_target_from_main_eval=true ++log_unseen_target_metrics=true ++main_eval_target_mode="seen_target" gpu_id=5 log_wandb=false enable_tf32=true fmoe_debug_logging=false fmoe_diag_logging=true fmoe_special_logging=true fmoe_feature_ablation_logging=false fmoe_eval_logging_timing=final_only ++fmoe_logging_output_root="run/artifacts/logging" ++fmoe_logging_layout="axis_dataset_arch_hparam" ++fmoe_architecture_id="A12" ++fmoe_architecture_key="A12_ATTN_MICRO_BEFORE_NO_BIAS_ALL_W5" ++fmoe_hparam_id="H3" ++fmoe_phase="FH1" train_batch_size=1152 eval_batch_size=1536 ++phase_run_type="full_history" ++phase_axis_id="FH8" ++phase_axis_desc="full_history_portfolio8" ++phase_setting_id="B06_fh_h3_ctx_regularized" ++phase_setting_key="B06_fh_h3_ctx_regularized" ++phase_hparam_id="H3" ++phase_seed_id=1 ++phase_run_id="FH_BEAUTY_B06_FH_H3_CTX_REGULARIZED_S1" ++layer_layout=["attn","macro_ffn","mid_ffn","attn","micro_ffn"] ++stage_compute_mode={macro:"moe",mid:"moe",micro:"moe"} ++stage_router_mode={macro:"learned",mid:"learned",micro:"learned"} ++stage_router_source={macro:"both",mid:"both",micro:"both"} ++stage_feature_injection={macro:"none",mid:"none",micro:"none"} ++topk_scope_mode="global_flat" ++moe_top_k=0 ++balance_loss_lambda=0.0 ++z_loss_lambda=5e-05 ++gate_entropy_lambda=0.0 ++route_smoothness_lambda=0.0 ++route_consistency_lambda=0.00025 ++route_sharpness_lambda=0.0 ++route_monopoly_lambda=0.0 ++route_monopoly_tau=0.25 ++route_prior_lambda=0.0 ++group_prior_align_lambda=0.0 ++factored_group_balance_lambda=0.0 ++rule_agreement_lambda=0.0 ++group_coverage_lambda=0.0 ++feature_group_bias_lambda=0.0 ++rule_bias_scale=0.0 ++primitive_balance_lambda=0.0 ++wrapper_group_feature_align_lambda=0.0 ++stage_router_primitives={macro:{a_joint:{source:"feature",temperature:1.0,top_k:0},b_group:{source:"feature",temperature:1.0,top_k:0},c_shared:{source:"feature",temperature:1.0,top_k:0},d_cond:{source:"feature",temperature:1.0,top_k:0},e_scalar:{source:"feature",temperature:1.0,top_k:0},wrapper:{alpha_d:1.0,alpha_struct:1.0,alpha_a:1.0}},mid:{a_joint:{source:"feature",temperature:1.0,top_k:0},b_group:{source:"feature",temperature:1.0,top_k:0},c_shared:{source:"feature",temperature:1.0,top_k:0},d_cond:{source:"feature",temperature:1.0,top_k:0},e_scalar:{source:"feature",temperature:1.0,top_k:0},wrapper:{alpha_d:1.0,alpha_struct:1.0,alpha_a:1.0}},micro:{a_joint:{source:"feature",temperature:1.0,top_k:0},b_group:{source:"feature",temperature:1.0,top_k:0},c_shared:{source:"feature",temperature:1.0,top_k:0},d_cond:{source:"feature",temperature:1.0,top_k:0},e_scalar:{source:"feature",temperature:1.0,top_k:0},wrapper:{alpha_d:1.0,alpha_struct:1.0,alpha_a:1.0}}} ++stage_router_wrapper={macro:"w5_exd",mid:"w5_exd",micro:"w5_exd"} ++stage_router_granularity={macro:"session",mid:"session",micro:"token"} ++macro_history_window=5 ++route_consistency_pairs=1 ++route_consistency_min_sim=0.995 ++bias_mode="none" ++stage_family_dropout_prob={macro:0.04,mid:0.04,micro:0.04} ++stage_feature_dropout_prob={macro:0.0,mid:0.0,micro:0.0} ++stage_feature_dropout_scope={macro:"token",mid:"token",micro:"token"} ++embedding_size=160 ++d_ff=320 ++d_expert_hidden=160 ++d_router_hidden=80 ++MAX_ITEM_LIST_LENGTH=50 ++d_feat_emb=12 ++expert_scale=2 ++num_heads=4 ++lr_scheduler_type="warmup_cosine" ++attn_dropout_prob=0.08 ++search.learning_rate=[0.00016,0.0004] ++search_space_type_overrides.learning_rate=loguniform ++search.weight_decay=[5e-07,1e-06,2e-06] ++search_space_type_overrides.weight_decay=choice ++search.hidden_dropout_prob=[0.18,0.2,0.22] ++search_space_type_overrides.hidden_dropout_prob=choice ++search.MAX_ITEM_LIST_LENGTH=[40,50] ++search_space_type_overrides.MAX_ITEM_LIST_LENGTH=choice
/venv/FMoE/lib/python3.10/site-packages/ray/_private/parameter.py:4: UserWarning: pkg_resources is deprecated as an API. See https://setuptools.pypa.io/en/latest/pkg_resources.html. The pkg_resources package is slated for removal as early as 2025-11-30. Refrain from using this package or pin to Setuptools<81.
  import pkg_resources
[RUN_STATUS] START pid=1350100 ts=2026-04-16T11:55:02

=================================================================
  Hyperopt  |  FeaturedMoE_N3 x beauty
  max_evals=8  epochs=100  patience=10  wandb=off
  search_algo=tpe
  batch_size(train/valid/test)=1152/1536/1536
  track=fmoe_full  axis=fullhistory_portfolio8  phase=FH1_FH_BEAUTY_B06_FH_H3_CTX_REGULARIZED_S1
=================================================================
Changed knobs: MAX_ITEM_LIST_LENGTH, hidden_dropout_prob, learning_rate, weight_decay
Tuned params(len>1): 4  (~18 discrete combos)
Tuned groups: 4
  [optimization]
    hidden_dropout_prob             [0.18, 0.2, 0.22]                         -> choice
    learning_rate                   [0.00016, 0.0004]                         -> loguniform
    weight_decay                    [5e-07, 1e-06, 2e-06]                     -> choice
  [other]
    MAX_ITEM_LIST_LENGTH            [40, 50]                                  -> choice
Fixed params(singleton/non-list): 0
Fixed groups: 0
  (none)

[Wandb] disabled for this hyperopt run

[1/8] MAX_ITEM_LIST_LENGTH=40, hidden_dropout_prob=0.22, learning_rate=0.0002886, weight_decay=1e-06
  -> MRR@20=0.060000  best=0.060000  (early_stop@36, trial=1.2min, avg=1.3min/trial, total=1.3min, ETA=9.1min)
[TRIAL_METRICS] cur_best_mrr20=0.060000 cur_best_hr10=0.140600 cur_test_mrr20=0.058000 cur_test_hr10=0.131800 avg_epoch_time_sec=2.0476 test_eval_time_sec=0.0510 test_eval_batches_per_sec=19.6203 test_eval_targets_per_sec=11713.3023 run_best_mrr20=0.060000 run_best_hr10=0.140600 run_test_mrr20=0.058000 run_test_hr10=0.131800

[2/8] MAX_ITEM_LIST_LENGTH=40, hidden_dropout_prob=0.18, learning_rate=0.0001638, weight_decay=2e-06
  -> MRR@20=0.059700  best=0.060000  (early_stop@53, trial=1.8min, avg=1.5min/trial, total=3.1min, ETA=9.2min)
[TRIAL_METRICS] cur_best_mrr20=0.059700 cur_best_hr10=0.136500 cur_test_mrr20=0.055300 cur_test_hr10=0.128900 avg_epoch_time_sec=1.9862 test_eval_time_sec=0.0538 test_eval_batches_per_sec=18.5745 test_eval_targets_per_sec=11088.9663 run_best_mrr20=0.060000 run_best_hr10=0.140600 run_test_mrr20=0.058000 run_test_hr10=0.131800

[3/8] MAX_ITEM_LIST_LENGTH=50, hidden_dropout_prob=0.18, learning_rate=0.0003258, weight_decay=2e-06
  -> MRR@20=0.064600  best=0.064600  (early_stop@52, trial=1.9min, avg=1.7min/trial, total=5.0min, ETA=8.3min)
[TRIAL_METRICS] cur_best_mrr20=0.064600 cur_best_hr10=0.146600 cur_test_mrr20=0.068900 cur_test_hr10=0.140400 avg_epoch_time_sec=2.1593 test_eval_time_sec=0.0553 test_eval_batches_per_sec=18.0776 test_eval_targets_per_sec=10792.3104 run_best_mrr20=0.064600 run_best_hr10=0.146600 run_test_mrr20=0.068900 run_test_hr10=0.140400

[4/8] MAX_ITEM_LIST_LENGTH=40, hidden_dropout_prob=0.2, learning_rate=0.0001827, weight_decay=5e-07
  -> MRR@20=0.060900  best=0.064600  (early_stop@49, trial=1.6min, avg=1.7min/trial, total=6.6min, ETA=6.6min)
[TRIAL_METRICS] cur_best_mrr20=0.060900 cur_best_hr10=0.136500 cur_test_mrr20=0.054700 cur_test_hr10=0.126100 avg_epoch_time_sec=2.0006 test_eval_time_sec=0.0508 test_eval_batches_per_sec=19.6950 test_eval_targets_per_sec=11757.9086 run_best_mrr20=0.064600 run_best_hr10=0.146600 run_test_mrr20=0.068900 run_test_hr10=0.140400

[5/8] MAX_ITEM_LIST_LENGTH=50, hidden_dropout_prob=0.2, learning_rate=0.000198, weight_decay=5e-07
  -> MRR@20=0.064300  best=0.064600  (early_stop@54, trial=1.9min, avg=1.7min/trial, total=8.6min, ETA=5.1min)
[TRIAL_METRICS] cur_best_mrr20=0.064300 cur_best_hr10=0.142600 cur_test_mrr20=0.062100 cur_test_hr10=0.137500 avg_epoch_time_sec=2.1552 test_eval_time_sec=0.0529 test_eval_batches_per_sec=18.9123 test_eval_targets_per_sec=11290.6694 run_best_mrr20=0.064600 run_best_hr10=0.146600 run_test_mrr20=0.068900 run_test_hr10=0.140400

[6/8] MAX_ITEM_LIST_LENGTH=40, hidden_dropout_prob=0.18, learning_rate=0.0003548, weight_decay=1e-06
  -> MRR@20=0.061100  best=0.064600  (early_stop@39, trial=1.3min, avg=1.7min/trial, total=9.9min, ETA=3.3min)
[TRIAL_METRICS] cur_best_mrr20=0.061100 cur_best_hr10=0.144600 cur_test_mrr20=0.062400 cur_test_hr10=0.151900 avg_epoch_time_sec=2.0625 test_eval_time_sec=0.0503 test_eval_batches_per_sec=19.8795 test_eval_targets_per_sec=11868.0836 run_best_mrr20=0.064600 run_best_hr10=0.146600 run_test_mrr20=0.068900 run_test_hr10=0.140400

[7/8] MAX_ITEM_LIST_LENGTH=50, hidden_dropout_prob=0.2, learning_rate=0.0002392, weight_decay=5e-07
  -> MRR@20=0.064400  best=0.064600  (early_stop@42, trial=1.5min, avg=1.6min/trial, total=11.5min, ETA=1.6min)
[TRIAL_METRICS] cur_best_mrr20=0.064400 cur_best_hr10=0.148600 cur_test_mrr20=0.059300 cur_test_hr10=0.126100 avg_epoch_time_sec=2.1866 test_eval_time_sec=0.0536 test_eval_batches_per_sec=18.6737 test_eval_targets_per_sec=11148.2102 run_best_mrr20=0.064600 run_best_hr10=0.146600 run_test_mrr20=0.068900 run_test_hr10=0.140400

[8/8] MAX_ITEM_LIST_LENGTH=50, hidden_dropout_prob=0.2, learning_rate=0.0001767, weight_decay=2e-06
  -> MRR@20=0.064200  best=0.064600  (early_stop@72, trial=2.6min, avg=1.8min/trial, total=14.1min, ETA=0s)
[TRIAL_METRICS] cur_best_mrr20=0.064200 cur_best_hr10=0.142600 cur_test_mrr20=0.064000 cur_test_hr10=0.140400 avg_epoch_time_sec=2.1810 test_eval_time_sec=0.0510 test_eval_batches_per_sec=19.5941 test_eval_targets_per_sec=11697.6525 run_best_mrr20=0.064600 run_best_hr10=0.146600 run_test_mrr20=0.068900 run_test_hr10=0.140400
[1;35mEvaluate   [0m:   0%|                                                            | 0/1 [00:00<?, ?it/s][0m[1;35mEvaluate   [0m:   0%|                                   | 0/1 [00:00<?, ?it/s, [1;33mGPU RAM: 5.17 G/23.52 G[0m][0m[1;35mEvaluate   [0m: 100%|███████████████████████████| 1/1 [00:00<00:00,  3.55it/s, [1;33mGPU RAM: 5.17 G/23.52 G[0m][0m                                                                                                    [1;35mEvaluate   [0m:   0%|                                                            | 0/1 [00:00<?, ?it/s][0m[1;35mEvaluate   [0m:   0%|                                   | 0/1 [00:00<?, ?it/s, [1;33mGPU RAM: 5.17 G/23.52 G[0m][0m[1;35mEvaluate   [0m: 100%|███████████████████████████| 1/1 [00:00<00:00,  4.12it/s, [1;33mGPU RAM: 5.17 G/23.52 G[0m][0m                                                                                                    [1;35mEvaluate   [0m:   0%|                                                            | 0/1 [00:00<?, ?it/s][0m[1;35mEvaluate   [0m:   0%|                                   | 0/1 [00:00<?, ?it/s, [1;33mGPU RAM: 5.17 G/23.52 G[0m][0m[1;35mEvaluate   [0m: 100%|███████████████████████████| 1/1 [00:00<00:00,  3.78it/s, [1;33mGPU RAM: 5.17 G/23.52 G[0m][0m                                                                                                    
=================================================================
  DONE  |  FeaturedMoE_N3 x beauty
  Best MRR@20 = 0.064600  |  8/8 trials OK
  Best HR@10  = 0.146600
  Test MRR@20 = 0.068900  (best-valid checkpoint)
  Test HR@10  = 0.140400  (best-valid checkpoint)
  Avg epoch time = 2.159 sec/epoch
  Final test eval = 0.055 sec | batches/s=18.078 | targets/s=10792.310
[RUN_METRICS] best_valid_mrr20=0.064600 best_valid_hr10=0.146600 test_mrr20=0.068900 test_hr10=0.140400 avg_epoch_time_sec=2.1593 test_eval_time_sec=0.0553 test_eval_batches_per_sec=18.0776 test_eval_targets_per_sec=10792.3104
  Total time: 14.1 min
  Best params:
    MAX_ITEM_LIST_LENGTH: 50
    hidden_dropout_prob: 0.18
    learning_rate: 0.000325779
    weight_decay: 2e-06
  Results -> /workspace/FeaturedMoE/experiments/run/artifacts/results/fmoe_full/beauty_FeaturedMoE_N3_fh1_fh_beauty_b06_fh_h3_ctx_regularized_s1_20260416_115502_593071_pid1350100.json
  Normal mirror -> /workspace/FeaturedMoE/experiments/run/artifacts/results/fmoe_full/normal/fullhistory_portfolio8/FH1/beauty/FMoEN3/beauty_FeaturedMoE_N3_fh1_fh_beauty_b06_fh_h3_ctx_regularized_s1_20260416_115502_593071_pid1350100.json
  Special result -> /workspace/FeaturedMoE/experiments/run/artifacts/results/fmoe_full/special/fullhistory_portfolio8/FH1/beauty/FMoEN3/beauty_FeaturedMoE_N3_fh1_fh_beauty_b06_fh_h3_ctx_regularized_s1_20260416_115502_593071_pid1350100_special_metrics.json
  Special log -> /workspace/FeaturedMoE/experiments/run/artifacts/logs/fmoe_full/special/fullhistory_portfolio8/FH1/beauty/FMoEN3/beauty_FeaturedMoE_N3_fh1_fh_beauty_b06_fh_h3_ctx_regularized_s1_20260416_115502_593071_pid1350100_special_metrics.json
=================================================================

[RUN_STATUS] END status=normal pid=1350100 start=2026-04-16T11:55:02 end=2026-04-16T12:09:09
