[STAGED_MICROWIDE_ANCHOR2_CORE5_SETTING_HEADER]
run_phase=P19_SC_D01_M01_P01_GRU4REC_C8_D4_S1 run_id=SC_AMAZON_BEAUTY_GRU4REC_C8_D4_S1 phase_id=P19 axis_id=SC model=GRU4Rec profile_id=D4 parent_profile_id=C8 seed=1
dataset=amazon_beauty gpu=7 order=0 lr_band=LR4,LR5 lr_lo=0.0007398961548387098 lr_hi=0.01
max_evals=12 tune_epochs=64 tune_patience=9
seed=190003

[COMMAND]
- /venv/FMoE/bin/python hyperopt_tune.py --config-name tune_ab --max-evals 12 --tune-epochs 64 --tune-patience 9 --seed 190003 --run-group baseline --run-axis StageD_MicroWide_anchor2_core5 --run-phase P19_SC_D01_M01_P01_GRU4REC_C8_D4_S1 model=gru4rec dataset=amazon_beauty eval_mode=session_fixed feature_mode=full_v3 gpu_id=7 log_wandb=false show_progress=false ++special_logging=true ++seed=190003 ++search={learning_rate:[0.0007398961548387098,0.01]} ++search_space_type_overrides={learning_rate:"loguniform"} ++MAX_ITEM_LIST_LENGTH=20 ++weight_decay=0.00012375000000000003 ++search.weight_decay=[0.00012375000000000003] ++search_space_type_overrides.weight_decay=choice ++search.hidden_size=[264] ++search_space_type_overrides.hidden_size=choice ++search.embedding_size=[264] ++search_space_type_overrides.embedding_size=choice ++search.n_layers=[2] ++search_space_type_overrides.n_layers=choice ++search.num_layers=[2] ++search_space_type_overrides.num_layers=choice ++search.dropout_ratio=[0.19] ++search_space_type_overrides.dropout_ratio=choice ++search.dropout_prob=[0.19] ++search_space_type_overrides.dropout_prob=choice ++search.hidden_dropout_prob=[0.19] ++search_space_type_overrides.hidden_dropout_prob=choice ++search.attn_dropout_prob=[0.19] ++search_space_type_overrides.attn_dropout_prob=choice ++dropout_prob=0.19 ++num_layers=2 ++hidden_size=264 ++embedding_size=264 ++n_layers=2 ++num_layers=2 ++train_batch_size=8192 ++eval_batch_size=10240
/venv/FMoE/lib/python3.10/site-packages/ray/_private/parameter.py:4: UserWarning: pkg_resources is deprecated as an API. See https://setuptools.pypa.io/en/latest/pkg_resources.html. The pkg_resources package is slated for removal as early as 2025-11-30. Refrain from using this package or pin to Setuptools<81.
  import pkg_resources
[RUN_STATUS] START pid=87995 ts=2026-04-04T05:15:05

=================================================================
  Hyperopt TPE  |  GRU4Rec x amazon_beauty
  max_evals=12  epochs=64  patience=9  wandb=off
  batch_size(train/valid/test)=8192/10240/10240
  track=baseline  axis=staged_microwide_anchor2_core5  phase=P19_SC_D01_M01_P01_GRU4REC_C8_D4_S1
=================================================================
Changed knobs: MAX_ITEM_LIST_LENGTH, learning_rate
Tuned params(len>1): 2  (~4 discrete combos)
Tuned groups: 2
  [optimization]
    learning_rate                   [0.0007398961548387098, 0.01]             -> loguniform
  [other]
    MAX_ITEM_LIST_LENGTH            [5, 10, 30, 50]                           -> choice
Fixed params(singleton/non-list): 9
Fixed groups: 9
  [optimization]
    hidden_dropout_prob             0.19                                    
    weight_decay                    0.00012375000000000003                  
  [model_core]
    attn_dropout_prob               0.19                                    
    dropout_prob                    0.19                                    
    dropout_ratio                   0.19                                    
    embedding_size                  264                                     
    hidden_size                     264                                     
    num_layers                      2                                       
  [other]
    n_layers                        2                                       

[Wandb] disabled for this hyperopt run

[1/12] MAX_ITEM_LIST_LENGTH=5, learning_rate=0.009234
  -> MRR@20=0.002700  best=0.002700  (early_stop@12, trial=2s, avg=5s/trial, total=5s, ETA=52s)
[TRIAL_METRICS] cur_best_mrr20=0.002700 cur_best_hr10=0.008800 cur_test_mrr20=0.000000 cur_test_hr10=0.000000 run_best_mrr20=0.002700 run_best_hr10=0.008800 run_test_mrr20=0.000000 run_test_hr10=0.000000

[2/12] MAX_ITEM_LIST_LENGTH=30, learning_rate=0.003388
  -> MRR@20=0.001800  best=0.002700  (early_stop@14, trial=2s, avg=4s/trial, total=8s, ETA=38s)
[TRIAL_METRICS] cur_best_mrr20=0.001800 cur_best_hr10=0.000000 cur_test_mrr20=0.000900 cur_test_hr10=0.008800 run_best_mrr20=0.002700 run_best_hr10=0.008800 run_test_mrr20=0.000000 run_test_hr10=0.000000

[3/12] MAX_ITEM_LIST_LENGTH=5, learning_rate=0.002759
  -> MRR@20=0.002000  best=0.002700  (early_stop@16, trial=2s, avg=3s/trial, total=10s, ETA=30s)
[TRIAL_METRICS] cur_best_mrr20=0.002000 cur_best_hr10=0.000000 cur_test_mrr20=0.000800 cur_test_hr10=0.000000 run_best_mrr20=0.002700 run_best_hr10=0.008800 run_test_mrr20=0.000000 run_test_hr10=0.000000

[4/12] MAX_ITEM_LIST_LENGTH=50, learning_rate=0.001146
  -> MRR@20=0.004400  best=0.004400  (early_stop@26, trial=6s, avg=4s/trial, total=16s, ETA=33s)
[TRIAL_METRICS] cur_best_mrr20=0.004400 cur_best_hr10=0.008800 cur_test_mrr20=0.000000 cur_test_hr10=0.000000 run_best_mrr20=0.004400 run_best_hr10=0.008800 run_test_mrr20=0.000000 run_test_hr10=0.000000

[5/12] MAX_ITEM_LIST_LENGTH=5, learning_rate=0.002249
  -> MRR@20=0.002900  best=0.004400  (early_stop@19, trial=2s, avg=4s/trial, total=19s, ETA=27s)
[TRIAL_METRICS] cur_best_mrr20=0.002900 cur_best_hr10=0.008800 cur_test_mrr20=0.000600 cur_test_hr10=0.000000 run_best_mrr20=0.004400 run_best_hr10=0.008800 run_test_mrr20=0.000000 run_test_hr10=0.000000

[6/12] MAX_ITEM_LIST_LENGTH=10, learning_rate=0.0009422
  -> MRR@20=0.004400  best=0.004400  (early_stop@28, trial=3s, avg=4s/trial, total=23s, ETA=23s)
[TRIAL_METRICS] cur_best_mrr20=0.004400 cur_best_hr10=0.008800 cur_test_mrr20=0.000600 cur_test_hr10=0.000000 run_best_mrr20=0.004400 run_best_hr10=0.008800 run_test_mrr20=0.000600 run_test_hr10=0.000000

[7/12] MAX_ITEM_LIST_LENGTH=10, learning_rate=0.0082
  -> MRR@20=0.002700  best=0.004400  (early_stop@13, trial=1s, avg=3s/trial, total=24s, ETA=17s)
[TRIAL_METRICS] cur_best_mrr20=0.002700 cur_best_hr10=0.008800 cur_test_mrr20=0.000000 cur_test_hr10=0.000000 run_best_mrr20=0.004400 run_best_hr10=0.008800 run_test_mrr20=0.000000 run_test_hr10=0.000000

[8/12] MAX_ITEM_LIST_LENGTH=50, learning_rate=0.00512
  -> MRR@20=0.001500  best=0.004400  (early_stop@11, trial=2s, avg=3s/trial, total=27s, ETA=13s)
[TRIAL_METRICS] cur_best_mrr20=0.001500 cur_best_hr10=0.008800 cur_test_mrr20=0.000500 cur_test_hr10=0.000000 run_best_mrr20=0.004400 run_best_hr10=0.008800 run_test_mrr20=0.000000 run_test_hr10=0.000000

[9/12] MAX_ITEM_LIST_LENGTH=5, learning_rate=0.004923
  -> MRR@20=0.005200  best=0.005200  (early_stop@24, trial=2s, avg=3s/trial, total=29s, ETA=10s)
[TRIAL_METRICS] cur_best_mrr20=0.005200 cur_best_hr10=0.008800 cur_test_mrr20=0.000000 cur_test_hr10=0.000000 run_best_mrr20=0.005200 run_best_hr10=0.008800 run_test_mrr20=0.000000 run_test_hr10=0.000000

[10/12] MAX_ITEM_LIST_LENGTH=5, learning_rate=0.0007535
  -> MRR@20=0.002900  best=0.005200  (early_stop@34, trial=4s, avg=3s/trial, total=33s, ETA=7s)
[TRIAL_METRICS] cur_best_mrr20=0.002900 cur_best_hr10=0.008800 cur_test_mrr20=0.000000 cur_test_hr10=0.000000 run_best_mrr20=0.005200 run_best_hr10=0.008800 run_test_mrr20=0.000000 run_test_hr10=0.000000

[11/12] MAX_ITEM_LIST_LENGTH=30, learning_rate=0.003058
  -> MRR@20=0.001800  best=0.005200  (early_stop@15, trial=3s, avg=3s/trial, total=36s, ETA=3s)
[TRIAL_METRICS] cur_best_mrr20=0.001800 cur_best_hr10=0.000000 cur_test_mrr20=0.000800 cur_test_hr10=0.000000 run_best_mrr20=0.005200 run_best_hr10=0.008800 run_test_mrr20=0.000000 run_test_hr10=0.000000

[12/12] MAX_ITEM_LIST_LENGTH=10, learning_rate=0.001253
  -> MRR@20=0.004400  best=0.005200  (early_stop@24, trial=3s, avg=3s/trial, total=40s, ETA=0s)
[TRIAL_METRICS] cur_best_mrr20=0.004400 cur_best_hr10=0.008800 cur_test_mrr20=0.000700 cur_test_hr10=0.000000 run_best_mrr20=0.005200 run_best_hr10=0.008800 run_test_mrr20=0.000000 run_test_hr10=0.000000

=================================================================
  DONE  |  GRU4Rec x amazon_beauty
  Best MRR@20 = 0.005200  |  12/12 trials OK
  Best HR@10  = 0.008800
  Test MRR@20 = 0.000000  (best-valid checkpoint)
  Test HR@10  = 0.000000  (best-valid checkpoint)
[RUN_METRICS] best_valid_mrr20=0.005200 best_valid_hr10=0.008800 test_mrr20=0.000000 test_hr10=0.000000
  Total time: 0.7 min
  Best params:
    MAX_ITEM_LIST_LENGTH: 5
    learning_rate: 0.00492266
  Results -> /workspace/jy1559/FMoE/experiments/run/artifacts/results/baseline/amazon_beauty_GRU4Rec_p19_sc_d01_m01_p01_gru4rec_c8_d4_s1_20260404_051506_116688_pid87995.json
  Normal mirror -> /workspace/jy1559/FMoE/experiments/run/artifacts/results/baseline/normal/staged_microwide_anchor2_core5/P19/amazon_beauty/GRU4Rec/amazon_beauty_GRU4Rec_p19_sc_d01_m01_p01_gru4rec_c8_d4_s1_20260404_051506_116688_pid87995.json
  Special result -> /workspace/jy1559/FMoE/experiments/run/artifacts/results/baseline/special/staged_microwide_anchor2_core5/P19/amazon_beauty/GRU4Rec/amazon_beauty_GRU4Rec_p19_sc_d01_m01_p01_gru4rec_c8_d4_s1_20260404_051506_116688_pid87995_special_metrics.json
  Special log -> /workspace/jy1559/FMoE/experiments/run/artifacts/logs/baseline/special/staged_microwide_anchor2_core5/P19/amazon_beauty/GRU4Rec/amazon_beauty_GRU4Rec_p19_sc_d01_m01_p01_gru4rec_c8_d4_s1_20260404_051506_116688_pid87995_special_metrics.json
=================================================================

[RUN_STATUS] END status=normal pid=87995 start=2026-04-04T05:15:05 end=2026-04-04T05:15:45
