[FMOE_N4_CROSS_DATASET_A12_PORTFOLIO_SETTING_HEADER]
run_phase=P4XD_XD_BEAUTY_B24_HYP_REGRELIEF_H2_S1 exp_brief=A12_ATTN_MICRO_BEFORE_NO_BIAS_ALL_W5 phase_id=P4XD axis_id=N4XDA12 setting_id=B24_hyp_regrelief_h2 hparam_id= seed=1
desc=B24_hyp_regrelief_h2
dataset=beauty gpu=6 order=24
max_evals=20 tune_epochs=100 tune_patience=10
seed=264023

[COMMAND]
- /venv/FMoE/bin/python hyperopt_tune.py --config-name config --search-algo tpe --max-evals 20 --tune-epochs 100 --tune-patience 10 --seed 264023 --run-group fmoe_n4 --run-axis CrossDataset_A12_Portfolio --run-phase P4XD_XD_BEAUTY_B24_HYP_REGRELIEF_H2_S1 model=featured_moe_n3_tune dataset=beauty eval_mode=session_fixed feature_mode=full_v3 ++eval_sampling.mode=full ++eval_sampling.auto_full_threshold=999999999 ++special_logging=true ++exclude_unseen_target_from_main_eval=true ++log_unseen_target_metrics=true gpu_id=6 log_wandb=false enable_tf32=true fmoe_debug_logging=false fmoe_diag_logging=true fmoe_special_logging=true fmoe_feature_ablation_logging=false fmoe_eval_logging_timing=final_only ++fmoe_logging_output_root="run/artifacts/logging" ++fmoe_logging_layout="axis_dataset_arch_hparam" ++fmoe_architecture_id="A12" ++fmoe_architecture_key="A12_ATTN_MICRO_BEFORE_NO_BIAS_ALL_W5" ++fmoe_hparam_id="H2" ++fmoe_phase="P4XD" train_batch_size=3584 eval_batch_size=4608 ++phase_run_type="stage1" ++phase_axis_id="N4XDA12" ++phase_axis_desc="cross_dataset_a12_portfolio" ++phase_setting_id="B24_hyp_regrelief_h2" ++phase_setting_key="B24_hyp_regrelief_h2" ++phase_hparam_id="H2" ++phase_seed_id=1 ++phase_run_id="XD_BEAUTY_B24_HYP_REGRELIEF_H2_S1" ++layer_layout=["attn","macro_ffn","mid_ffn","attn","micro_ffn"] ++stage_compute_mode={macro:"moe",mid:"moe",micro:"moe"} ++stage_router_mode={macro:"learned",mid:"learned",micro:"learned"} ++stage_router_source={macro:"both",mid:"both",micro:"both"} ++stage_feature_injection={macro:"none",mid:"none",micro:"none"} ++topk_scope_mode="global_flat" ++moe_top_k=0 ++balance_loss_lambda=0.0 ++z_loss_lambda=5e-05 ++gate_entropy_lambda=0.0 ++route_smoothness_lambda=0.0 ++route_consistency_lambda=0.00025 ++route_sharpness_lambda=0.0 ++route_monopoly_lambda=0.0 ++route_monopoly_tau=0.25 ++route_prior_lambda=0.0 ++group_prior_align_lambda=0.0 ++factored_group_balance_lambda=0.0 ++rule_agreement_lambda=0.0 ++group_coverage_lambda=0.0 ++feature_group_bias_lambda=0.0 ++rule_bias_scale=0.0 ++primitive_balance_lambda=0.0 ++wrapper_group_feature_align_lambda=0.0 ++stage_router_primitives={macro:{a_joint:{source:"feature",temperature:1.0,top_k:0},b_group:{source:"feature",temperature:1.0,top_k:0},c_shared:{source:"feature",temperature:1.0,top_k:0},d_cond:{source:"feature",temperature:1.0,top_k:0},e_scalar:{source:"feature",temperature:1.0,top_k:0},wrapper:{alpha_d:1.0,alpha_struct:1.0,alpha_a:1.0}},mid:{a_joint:{source:"feature",temperature:1.0,top_k:0},b_group:{source:"feature",temperature:1.0,top_k:0},c_shared:{source:"feature",temperature:1.0,top_k:0},d_cond:{source:"feature",temperature:1.0,top_k:0},e_scalar:{source:"feature",temperature:1.0,top_k:0},wrapper:{alpha_d:1.0,alpha_struct:1.0,alpha_a:1.0}},micro:{a_joint:{source:"feature",temperature:1.0,top_k:0},b_group:{source:"feature",temperature:1.0,top_k:0},c_shared:{source:"feature",temperature:1.0,top_k:0},d_cond:{source:"feature",temperature:1.0,top_k:0},e_scalar:{source:"feature",temperature:1.0,top_k:0},wrapper:{alpha_d:1.0,alpha_struct:1.0,alpha_a:1.0}}} ++stage_router_wrapper={macro:"w5_exd",mid:"w5_exd",micro:"w5_exd"} ++stage_router_granularity={macro:"session",mid:"session",micro:"token"} ++macro_history_window=5 ++route_consistency_pairs=1 ++route_consistency_min_sim=0.995 ++bias_mode="none" ++stage_family_dropout_prob={macro:0.03,mid:0.03,micro:0.03} ++stage_feature_dropout_prob={macro:0.02,mid:0.02,micro:0.02} ++stage_feature_dropout_scope={macro:"token",mid:"token",micro:"token"} ++embedding_size=160 ++d_ff=320 ++d_expert_hidden=160 ++d_router_hidden=80 ++MAX_ITEM_LIST_LENGTH=20 ++d_feat_emb=8 ++expert_scale=2 ++lr_scheduler_type="warmup_cosine" ++num_heads=4 ++search.learning_rate=[0.00025,0.007] ++search_space_type_overrides.learning_rate=loguniform ++search.hidden_dropout_prob=[0.14] ++search_space_type_overrides.hidden_dropout_prob=choice ++search.attn_dropout_prob=[0.1] ++search_space_type_overrides.attn_dropout_prob=choice ++search.weight_decay=[6.25e-08] ++search_space_type_overrides.weight_decay=choice ++search.MAX_ITEM_LIST_LENGTH=[20,30] ++search_space_type_overrides.MAX_ITEM_LIST_LENGTH=choice ++search.d_feat_emb=[8] ++search_space_type_overrides.d_feat_emb=choice ++search.expert_scale=[2] ++search_space_type_overrides.expert_scale=choice ++search.stage_family_dropout_prob=[{macro:0.02,mid:0.02,micro:0.02}] ++search_space_type_overrides.stage_family_dropout_prob=choice
/venv/FMoE/lib/python3.10/site-packages/ray/_private/parameter.py:4: UserWarning: pkg_resources is deprecated as an API. See https://setuptools.pypa.io/en/latest/pkg_resources.html. The pkg_resources package is slated for removal as early as 2025-11-30. Refrain from using this package or pin to Setuptools<81.
  import pkg_resources
[RUN_STATUS] START pid=237829 ts=2026-04-16T02:39:04

=================================================================
  Hyperopt  |  FeaturedMoE_N3 x beauty
  max_evals=20  epochs=100  patience=10  wandb=off
  search_algo=tpe
  batch_size(train/valid/test)=3584/4608/4608
  track=fmoe_n4  axis=crossdataset_a12_portfolio  phase=P4XD_XD_BEAUTY_B24_HYP_REGRELIEF_H2_S1
=================================================================
Changed knobs: MAX_ITEM_LIST_LENGTH, learning_rate
Tuned params(len>1): 2  (~2 discrete combos)
Tuned groups: 2
  [optimization]
    learning_rate                   [0.00025, 0.007]                          -> loguniform
  [other]
    MAX_ITEM_LIST_LENGTH            [20, 30]                                  -> choice
Fixed params(singleton/non-list): 6
Fixed groups: 6
  [optimization]
    hidden_dropout_prob             0.14                                    
    weight_decay                    6.25e-08                                
  [model_core]
    attn_dropout_prob               0.1                                     
    d_feat_emb                      8                                       
    expert_scale                    2                                       
    stage_family_dropout_prob       {'macro': 0.02, 'mid': 0.02, 'micro': 0.02}

[Wandb] disabled for this hyperopt run

[1/20] MAX_ITEM_LIST_LENGTH=20, learning_rate=0.003373
  -> MRR@20=0.066000  best=0.066000  (early_stop@22, trial=33s, avg=36s/trial, total=36s, ETA=11.3min)
[TRIAL_METRICS] cur_best_mrr20=0.066000 cur_best_hr10=0.123800 cur_test_mrr20=0.066400 cur_test_hr10=0.128800 run_best_mrr20=0.066000 run_best_hr10=0.123800 run_test_mrr20=0.066400 run_test_hr10=0.128800

[2/20] MAX_ITEM_LIST_LENGTH=30, learning_rate=0.000339
  -> MRR@20=0.054900  best=0.066000  (early_stop@53, trial=1.4min, avg=1.0min/trial, total=2.0min, ETA=18.4min)
[TRIAL_METRICS] cur_best_mrr20=0.054900 cur_best_hr10=0.128500 cur_test_mrr20=0.045900 cur_test_hr10=0.117100 run_best_mrr20=0.066000 run_best_hr10=0.123800 run_test_mrr20=0.066400 run_test_hr10=0.128800

[3/20] MAX_ITEM_LIST_LENGTH=20, learning_rate=0.002221
  -> MRR@20=0.068900  best=0.068900  (early_stop@25, trial=36s, avg=53s/trial, total=2.7min, ETA=15.1min)
[TRIAL_METRICS] cur_best_mrr20=0.068900 cur_best_hr10=0.137900 cur_test_mrr20=0.066900 cur_test_hr10=0.124100 run_best_mrr20=0.068900 run_best_hr10=0.137900 run_test_mrr20=0.066900 run_test_hr10=0.124100

[4/20] MAX_ITEM_LIST_LENGTH=20, learning_rate=0.0004604
  -> MRR@20=0.060200  best=0.068900  (early_stop@38, trial=55s, avg=54s/trial, total=3.6min, ETA=14.3min)
[TRIAL_METRICS] cur_best_mrr20=0.060200 cur_best_hr10=0.130800 cur_test_mrr20=0.063700 cur_test_hr10=0.126500 run_best_mrr20=0.068900 run_best_hr10=0.137900 run_test_mrr20=0.066900 run_test_hr10=0.124100

[5/20] MAX_ITEM_LIST_LENGTH=30, learning_rate=0.0006733
  -> MRR@20=0.055400  best=0.068900  (early_stop@31, trial=50s, avg=53s/trial, total=4.4min, ETA=13.3min)
[TRIAL_METRICS] cur_best_mrr20=0.055400 cur_best_hr10=0.133200 cur_test_mrr20=0.050600 cur_test_hr10=0.142900 run_best_mrr20=0.068900 run_best_hr10=0.137900 run_test_mrr20=0.066900 run_test_hr10=0.124100

[6/20] MAX_ITEM_LIST_LENGTH=30, learning_rate=0.000873
  -> MRR@20=0.070300  best=0.070300  (early_stop@52, trial=1.3min, avg=58s/trial, total=5.8min, ETA=13.5min)
[TRIAL_METRICS] cur_best_mrr20=0.070300 cur_best_hr10=0.123800 cur_test_mrr20=0.076300 cur_test_hr10=0.126500 run_best_mrr20=0.070300 run_best_hr10=0.123800 run_test_mrr20=0.076300 run_test_hr10=0.126500

[7/20] MAX_ITEM_LIST_LENGTH=20, learning_rate=0.0003881
  -> MRR@20=0.059100  best=0.070300  (early_stop@44, trial=1.0min, avg=58s/trial, total=6.8min, ETA=12.6min)
[TRIAL_METRICS] cur_best_mrr20=0.059100 cur_best_hr10=0.121500 cur_test_mrr20=0.064100 cur_test_hr10=0.121800 run_best_mrr20=0.070300 run_best_hr10=0.123800 run_test_mrr20=0.076300 run_test_hr10=0.126500

[8/20] MAX_ITEM_LIST_LENGTH=20, learning_rate=0.0006838
  -> MRR@20=0.062100  best=0.070300  (early_stop@37, trial=50s, avg=57s/trial, total=7.6min, ETA=11.5min)
[TRIAL_METRICS] cur_best_mrr20=0.062100 cur_best_hr10=0.128500 cur_test_mrr20=0.067600 cur_test_hr10=0.124100 run_best_mrr20=0.070300 run_best_hr10=0.123800 run_test_mrr20=0.076300 run_test_hr10=0.126500

[9/20] MAX_ITEM_LIST_LENGTH=30, learning_rate=0.005397
  -> MRR@20=0.059800  best=0.070300  (early_stop@22, trial=34s, avg=55s/trial, total=8.2min, ETA=10.1min)
[TRIAL_METRICS] cur_best_mrr20=0.059800 cur_best_hr10=0.116800 cur_test_mrr20=0.068000 cur_test_hr10=0.128800 run_best_mrr20=0.070300 run_best_hr10=0.123800 run_test_mrr20=0.076300 run_test_hr10=0.126500

[10/20] MAX_ITEM_LIST_LENGTH=30, learning_rate=0.00051
  -> MRR@20=0.068600  best=0.070300  (early_stop@71, trial=1.8min, avg=1.0min/trial, total=10.1min, ETA=10.1min)
[TRIAL_METRICS] cur_best_mrr20=0.068600 cur_best_hr10=0.128500 cur_test_mrr20=0.078000 cur_test_hr10=0.133500 run_best_mrr20=0.070300 run_best_hr10=0.123800 run_test_mrr20=0.076300 run_test_hr10=0.126500

[11/20] MAX_ITEM_LIST_LENGTH=30, learning_rate=0.000513
  -> MRR@20=0.068500  best=0.070300  (early_stop@71, trial=1.8min, avg=1.1min/trial, total=11.9min, ETA=9.7min)
[TRIAL_METRICS] cur_best_mrr20=0.068500 cur_best_hr10=0.128500 cur_test_mrr20=0.079200 cur_test_hr10=0.133500 run_best_mrr20=0.070300 run_best_hr10=0.123800 run_test_mrr20=0.076300 run_test_hr10=0.126500

[12/20] MAX_ITEM_LIST_LENGTH=20, learning_rate=0.0008671
  -> MRR@20=0.070600  best=0.070600  (early_stop@51, trial=1.1min, avg=1.1min/trial, total=13.0min, ETA=8.7min)
[TRIAL_METRICS] cur_best_mrr20=0.070600 cur_best_hr10=0.126200 cur_test_mrr20=0.064700 cur_test_hr10=0.124100 run_best_mrr20=0.070600 run_best_hr10=0.126200 run_test_mrr20=0.064700 run_test_hr10=0.124100

[13/20] MAX_ITEM_LIST_LENGTH=30, learning_rate=0.001655
  -> MRR@20=0.062300  best=0.070600  (early_stop@24, trial=37s, avg=1.0min/trial, total=13.6min, ETA=7.3min)
[TRIAL_METRICS] cur_best_mrr20=0.062300 cur_best_hr10=0.151900 cur_test_mrr20=0.065600 cur_test_hr10=0.142900 run_best_mrr20=0.070600 run_best_hr10=0.126200 run_test_mrr20=0.064700 run_test_hr10=0.124100

[14/20] MAX_ITEM_LIST_LENGTH=20, learning_rate=0.0002686
  -> MRR@20=0.056100  best=0.070600  (early_stop@56, trial=1.3min, avg=1.1min/trial, total=14.9min, ETA=6.4min)
[TRIAL_METRICS] cur_best_mrr20=0.056100 cur_best_hr10=0.114500 cur_test_mrr20=0.063300 cur_test_hr10=0.119400 run_best_mrr20=0.070600 run_best_hr10=0.126200 run_test_mrr20=0.064700 run_test_hr10=0.124100

[15/20] MAX_ITEM_LIST_LENGTH=20, learning_rate=0.0006576
  -> MRR@20=0.062300  best=0.070600  (early_stop@37, trial=51s, avg=1.1min/trial, total=15.8min, ETA=5.3min)
[TRIAL_METRICS] cur_best_mrr20=0.062300 cur_best_hr10=0.128500 cur_test_mrr20=0.066800 cur_test_hr10=0.124100 run_best_mrr20=0.070600 run_best_hr10=0.126200 run_test_mrr20=0.064700 run_test_hr10=0.124100

[16/20] MAX_ITEM_LIST_LENGTH=30, learning_rate=0.005376
  -> MRR@20=0.058500  best=0.070600  (early_stop@22, trial=34s, avg=1.0min/trial, total=16.4min, ETA=4.1min)
[TRIAL_METRICS] cur_best_mrr20=0.058500 cur_best_hr10=0.116800 cur_test_mrr20=0.069800 cur_test_hr10=0.131100 run_best_mrr20=0.070600 run_best_hr10=0.126200 run_test_mrr20=0.064700 run_test_hr10=0.124100

[17/20] MAX_ITEM_LIST_LENGTH=30, learning_rate=0.001023
  -> MRR@20=0.066500  best=0.070600  (early_stop@43, trial=1.1min, avg=1.0min/trial, total=17.4min, ETA=3.1min)
[TRIAL_METRICS] cur_best_mrr20=0.066500 cur_best_hr10=0.123800 cur_test_mrr20=0.075600 cur_test_hr10=0.126500 run_best_mrr20=0.070600 run_best_hr10=0.126200 run_test_mrr20=0.064700 run_test_hr10=0.124100

[18/20] MAX_ITEM_LIST_LENGTH=30, learning_rate=0.0003045
  -> MRR@20=0.055400  best=0.070600  (early_stop@72, trial=1.8min, avg=1.1min/trial, total=19.3min, ETA=2.1min)
[TRIAL_METRICS] cur_best_mrr20=0.055400 cur_best_hr10=0.119200 cur_test_mrr20=0.049800 cur_test_hr10=0.126500 run_best_mrr20=0.070600 run_best_hr10=0.126200 run_test_mrr20=0.064700 run_test_hr10=0.124100

[19/20] MAX_ITEM_LIST_LENGTH=30, learning_rate=0.000272
  -> MRR@20=0.056000  best=0.070600  (full@100, trial=2.6min, avg=1.2min/trial, total=21.9min, ETA=1.2min)
[TRIAL_METRICS] cur_best_mrr20=0.056000 cur_best_hr10=0.130800 cur_test_mrr20=0.051700 cur_test_hr10=0.142900 run_best_mrr20=0.070600 run_best_hr10=0.126200 run_test_mrr20=0.064700 run_test_hr10=0.124100

[20/20] MAX_ITEM_LIST_LENGTH=20, learning_rate=0.00245
  -> MRR@20=0.068000  best=0.070600  (early_stop@27, trial=38s, avg=1.1min/trial, total=22.5min, ETA=0s)
[TRIAL_METRICS] cur_best_mrr20=0.068000 cur_best_hr10=0.130800 cur_test_mrr20=0.067200 cur_test_hr10=0.121800 run_best_mrr20=0.070600 run_best_hr10=0.126200 run_test_mrr20=0.064700 run_test_hr10=0.124100
[1;35mEvaluate   [0m:   0%|                                                            | 0/1 [00:00<?, ?it/s][0m[1;35mEvaluate   [0m:   0%|                                   | 0/1 [00:00<?, ?it/s, [1;33mGPU RAM: 9.87 G/23.56 G[0m][0m[1;35mEvaluate   [0m: 100%|███████████████████████████| 1/1 [00:00<00:00,  2.64it/s, [1;33mGPU RAM: 9.87 G/23.56 G[0m][0m                                                                                                    [1;35mEvaluate   [0m:   0%|                                                            | 0/1 [00:00<?, ?it/s][0m[1;35mEvaluate   [0m:   0%|                                   | 0/1 [00:00<?, ?it/s, [1;33mGPU RAM: 9.87 G/23.56 G[0m][0m[1;35mEvaluate   [0m: 100%|███████████████████████████| 1/1 [00:00<00:00,  2.76it/s, [1;33mGPU RAM: 9.87 G/23.56 G[0m][0m                                                                                                    [1;35mEvaluate   [0m:   0%|                                                            | 0/1 [00:00<?, ?it/s][0m[1;35mEvaluate   [0m:   0%|                                   | 0/1 [00:00<?, ?it/s, [1;33mGPU RAM: 9.87 G/23.56 G[0m][0m[1;35mEvaluate   [0m: 100%|███████████████████████████| 1/1 [00:00<00:00,  2.75it/s, [1;33mGPU RAM: 9.87 G/23.56 G[0m][0m                                                                                                    
=================================================================
  DONE  |  FeaturedMoE_N3 x beauty
  Best MRR@20 = 0.070600  |  20/20 trials OK
  Best HR@10  = 0.126200
  Test MRR@20 = 0.064700  (best-valid checkpoint)
  Test HR@10  = 0.124100  (best-valid checkpoint)
[RUN_METRICS] best_valid_mrr20=0.070600 best_valid_hr10=0.126200 test_mrr20=0.064700 test_hr10=0.124100
  Total time: 22.5 min
  Best params:
    MAX_ITEM_LIST_LENGTH: 20
    learning_rate: 0.000867129
  Results -> /workspace/FeaturedMoE/experiments/run/artifacts/results/fmoe_n4/beauty_FeaturedMoE_N3_p4xd_xd_beauty_b24_hyp_regrelief_h2_s1_20260416_023904_654909_pid237829.json
  Normal mirror -> /workspace/FeaturedMoE/experiments/run/artifacts/results/fmoe_n4/normal/crossdataset_a12_portfolio/P4XD/beauty/FMoEN3/beauty_FeaturedMoE_N3_p4xd_xd_beauty_b24_hyp_regrelief_h2_s1_20260416_023904_654909_pid237829.json
  Special result -> /workspace/FeaturedMoE/experiments/run/artifacts/results/fmoe_n4/special/crossdataset_a12_portfolio/P4XD/beauty/FMoEN3/beauty_FeaturedMoE_N3_p4xd_xd_beauty_b24_hyp_regrelief_h2_s1_20260416_023904_654909_pid237829_special_metrics.json
  Special log -> /workspace/FeaturedMoE/experiments/run/artifacts/logs/fmoe_n4/special/crossdataset_a12_portfolio/P4XD/beauty/FMoEN3/beauty_FeaturedMoE_N3_p4xd_xd_beauty_b24_hyp_regrelief_h2_s1_20260416_023904_654909_pid237829_special_metrics.json
=================================================================

[RUN_STATUS] END status=normal pid=237829 start=2026-04-16T02:39:04 end=2026-04-16T03:01:35
