[RUN_STATUS] START pid=654682 ts=2026-03-10T11:56:21

=================================================================
  Hyperopt TPE  |  FeaturedMoE_v3 x movielens1m
  max_evals=8  epochs=50  patience=8  wandb=off
  batch_size(train/valid/test)=3072/6144/6144
  track=fmoe_v3  axis=hparam  phase=P3ROUTER_C00_LEGACY_GCLONE
=================================================================
Changed knobs: learning_rate, weight_decay
Tuned params(len>1): 2  (~16 discrete combos)
Tuned groups: 2
  [optimization]
    learning_rate                   [0.0005, 0.0007, 0.001, 0.0013, 0.0017, 0.0022, 0.0029, 0.0038]  -> choice
    weight_decay                    [5e-05, 0.0001]                           -> choice
Fixed params(singleton/non-list): 42
Fixed groups: 42
  [optimization]
    balance_loss_lambda             0.005                                   
    hidden_dropout_prob             0.1                                     
  [model_core]
    d_expert_hidden                 512                                     
    d_feat_emb                      16                                      
    d_router_hidden                 64                                      
    embedding_size                  128                                     
    expert_scale                    3                                       
    num_heads                       8                                       
  [layout]
    fmoe_v2_layout_id               7                                       
  [routing_moe]
    micro_router_temperature_start  1.3                                     
    mid_router_temperature_start    1.3                                     
    moe_top_k                       0                                       
    moe_top_k_policy                auto                                    
    moe_top_k_ratio                 0.5                                     
    moe_top_k_start                 0                                       
    moe_top_k_warmup_until          0                                       
    router_clone_residual_scale     0.5                                     
    router_design                   flat_legacy                             
    router_distill_enable           True                                    
    router_distill_lambda_clone     0.0025                                  
    router_distill_lambda_group     0.001                                   
    router_distill_mode             group_plus_clone                        
    router_distill_temperature      1.5                                     
    router_distill_until            0.2                                     
    router_group_bias_scale         0.5                                     
    router_impl                     learned                                 
    router_impl_by_stage            {}                                      
    rule_router.feature_per_expert  4                                       
    rule_router.n_bins              5                                       
  [schedule]
    alpha_warmup_end                1.0                                     
    alpha_warmup_start              0.0                                     
    alpha_warmup_until              0                                       
    fmoe_schedule_enable            False                                   
    temperature_warmup_until        0                                       
  [merge_hir]
    fmoe_v2_parallel_stage_gate_temperature  1.0                                     
    fmoe_v2_parallel_stage_gate_top_k  0                                       
    fmoe_v2_stage_merge_aux_enable  False                                   
    fmoe_v2_stage_merge_aux_lambda_scale  1.0                                     
  [other]
    MAX_ITEM_LIST_LENGTH            10                                      
    fmoe_stage_execution_mode       serial                                  
    fmoe_v2_feature_spec_aux_enable  False                                   
    fmoe_v2_feature_spec_aux_lambda  0.0                                     
Layout details:
  execution(fixed)=serial
  id=7 exec=serial pre=0 post=0 total_layers=4 total_moe=3 | macro(pass=1,moe=1) | mid(pass=0,moe=1) | micro(pass=0,moe=1)

[Wandb] disabled for this hyperopt run

[1/8] learning_rate=0.0022, weight_decay=0.0001
    [Device] CUDA_VISIBLE_DEVICES=0 | torch_device=cuda:0 (NVIDIA RTX A5000)
    [DataCache] save_dataset=True save_dataloaders=False | checkpoint_dir=saved/recbole_cache/movielens1m_feature_added_session_len10 | dataloaders_save_path=saved/recbole_cache/movielens1m_feature_added_session_len10/movielens1m-for-dataloader.pth
    [DataPrep] cache_hit=disk_or_build, create_dataset=0.11s, data_preparation=0.53s, n_items=3534
  -> MRR@20=0.0965  best=0.0965  (full@50, trial=19.6min, avg=19.7min/trial, total=19.7min, ETA=2.29h)

[2/8] learning_rate=0.0038, weight_decay=5e-05
    [Device] CUDA_VISIBLE_DEVICES=0 | torch_device=cuda:0 (NVIDIA RTX A5000)
    [DataCache] save_dataset=True save_dataloaders=False | checkpoint_dir=saved/recbole_cache/movielens1m_feature_added_session_len10 | dataloaders_save_path=saved/recbole_cache/movielens1m_feature_added_session_len10/movielens1m-for-dataloader.pth
    [DataPrep] cache_hit=memory, create_dataset=0.00s, data_preparation=0.00s, n_items=3534
  -> MRR@20=0.0968  best=0.0968  (early_stop@49, trial=19.3min, avg=19.5min/trial, total=38.9min, ETA=1.95h)

[3/8] learning_rate=0.0017, weight_decay=0.0001
    [Device] CUDA_VISIBLE_DEVICES=0 | torch_device=cuda:0 (NVIDIA RTX A5000)
    [DataCache] save_dataset=True save_dataloaders=False | checkpoint_dir=saved/recbole_cache/movielens1m_feature_added_session_len10 | dataloaders_save_path=saved/recbole_cache/movielens1m_feature_added_session_len10/movielens1m-for-dataloader.pth
    [DataPrep] cache_hit=memory, create_dataset=0.00s, data_preparation=0.00s, n_items=3534
  -> MRR@20=0.0939  best=0.0968  (early_stop@33, trial=13.0min, avg=17.3min/trial, total=52.0min, ETA=1.44h)

[4/8] learning_rate=0.0038, weight_decay=0.0001
    [Device] CUDA_VISIBLE_DEVICES=0 | torch_device=cuda:0 (NVIDIA RTX A5000)
    [DataCache] save_dataset=True save_dataloaders=False | checkpoint_dir=saved/recbole_cache/movielens1m_feature_added_session_len10 | dataloaders_save_path=saved/recbole_cache/movielens1m_feature_added_session_len10/movielens1m-for-dataloader.pth
    [DataPrep] cache_hit=memory, create_dataset=0.00s, data_preparation=0.00s, n_items=3534
