[RUN_STATUS] START pid=17667 ts=2026-03-10T16:02:54

=================================================================
  Hyperopt TPE  |  FeaturedMoE_v3 x movielens1m
  max_evals=8  epochs=35  patience=5  wandb=off
  batch_size(train/valid/test)=3072/6144/6144
  track=fmoe_v3  axis=hparam  phase=P3ROUTER_C02_CRES_GCLONE
=================================================================
Changed knobs: learning_rate, weight_decay
Tuned params(len>1): 2  (~16 discrete combos)
Tuned groups: 2
  [optimization]
    learning_rate                   [0.0004, 0.0006, 0.0008, 0.001, 0.0013, 0.0016, 0.002, 0.0026]  -> choice
    weight_decay                    [5e-05, 0.0001]                           -> choice
Fixed params(singleton/non-list): 42
Fixed groups: 42
  [optimization]
    balance_loss_lambda             0.005                                   
    hidden_dropout_prob             0.1                                     
  [model_core]
    d_expert_hidden                 512                                     
    d_feat_emb                      16                                      
    d_router_hidden                 64                                      
    embedding_size                  128                                     
    expert_scale                    3                                       
    num_heads                       8                                       
  [layout]
    fmoe_v2_layout_id               7                                       
  [routing_moe]
    micro_router_temperature_start  1.3                                     
    mid_router_temperature_start    1.3                                     
    moe_top_k                       0                                       
    moe_top_k_policy                auto                                    
    moe_top_k_ratio                 0.5                                     
    moe_top_k_start                 0                                       
    moe_top_k_warmup_until          0                                       
    router_clone_residual_scale     0.5                                     
    router_design                   flat_clone_residual12                   
    router_distill_enable           True                                    
    router_distill_lambda_clone     0.0025                                  
    router_distill_lambda_group     0.001                                   
    router_distill_mode             group_plus_clone                        
    router_distill_temperature      1.5                                     
    router_distill_until            0.2                                     
    router_group_bias_scale         0.5                                     
    router_impl                     learned                                 
    router_impl_by_stage            {}                                      
    rule_router.feature_per_expert  4                                       
    rule_router.n_bins              5                                       
  [schedule]
    alpha_warmup_end                1.0                                     
    alpha_warmup_start              0.0                                     
    alpha_warmup_until              0                                       
    fmoe_schedule_enable            False                                   
    temperature_warmup_until        0                                       
  [merge_hir]
    fmoe_v2_parallel_stage_gate_temperature  1.0                                     
    fmoe_v2_parallel_stage_gate_top_k  0                                       
    fmoe_v2_stage_merge_aux_enable  False                                   
    fmoe_v2_stage_merge_aux_lambda_scale  1.0                                     
  [other]
    MAX_ITEM_LIST_LENGTH            10                                      
    fmoe_stage_execution_mode       serial                                  
    fmoe_v2_feature_spec_aux_enable  False                                   
    fmoe_v2_feature_spec_aux_lambda  0.0                                     
Layout details:
  execution(fixed)=serial
  id=7 exec=serial pre=0 post=0 total_layers=4 total_moe=3 | macro(pass=1,moe=1) | mid(pass=0,moe=1) | micro(pass=0,moe=1)

[Wandb] disabled for this hyperopt run

[1/8] learning_rate=0.0026, weight_decay=0.0001
    [Device] CUDA_VISIBLE_DEVICES=0 | torch_device=cuda:0 (NVIDIA RTX A5000)
    [DataCache] save_dataset=True save_dataloaders=False | checkpoint_dir=saved/recbole_cache/movielens1m_feature_added_session_len10 | dataloaders_save_path=saved/recbole_cache/movielens1m_feature_added_session_len10/movielens1m-for-dataloader.pth
    [DataPrep] cache_hit=disk_or_build, create_dataset=0.10s, data_preparation=0.48s, n_items=3534
  -> MRR@20=0.0961  best=0.0961  (full@35, trial=15.9min, avg=15.9min/trial, total=15.9min, ETA=1.86h)

[2/8] learning_rate=0.001, weight_decay=5e-05
    [Device] CUDA_VISIBLE_DEVICES=0 | torch_device=cuda:0 (NVIDIA RTX A5000)
    [DataCache] save_dataset=True save_dataloaders=False | checkpoint_dir=saved/recbole_cache/movielens1m_feature_added_session_len10 | dataloaders_save_path=saved/recbole_cache/movielens1m_feature_added_session_len10/movielens1m-for-dataloader.pth
    [DataPrep] cache_hit=memory, create_dataset=0.00s, data_preparation=0.00s, n_items=3534
  -> MRR@20=0.0939  best=0.0961  (early_stop@25, trial=11.4min, avg=13.6min/trial, total=27.3min, ETA=1.36h)

[3/8] learning_rate=0.0006, weight_decay=5e-05
    [Device] CUDA_VISIBLE_DEVICES=0 | torch_device=cuda:0 (NVIDIA RTX A5000)
    [DataCache] save_dataset=True save_dataloaders=False | checkpoint_dir=saved/recbole_cache/movielens1m_feature_added_session_len10 | dataloaders_save_path=saved/recbole_cache/movielens1m_feature_added_session_len10/movielens1m-for-dataloader.pth
    [DataPrep] cache_hit=memory, create_dataset=0.00s, data_preparation=0.00s, n_items=3534
[RUN_STATUS] TERMINATED signal=SIGINT(2) pid=17667 ts=2026-03-10T16:31:21
[RUN_STATUS] END status=terminated signal=SIGINT(2) pid=17667 start=2026-03-10T16:02:54 end=2026-03-10T16:31:22
