[STAGEH_TARGETEDRECOVERY_ANCHOR2_CORE5_SETTING_HEADER]
run_phase=P23_SH_C02_MDUOREC_RR_DUO_STAGEH_REC1_WDHI_S1 run_id=SH_RETAIL_ROCKET_DUOREC_RR_DUO_STAGEH_REC1_WDHI_S1 phase_id=P23 axis_id=SH model=DuoRec candidate_id=RR_DUO_STAGEH_REC1_WDHI seed=1
dataset=retail_rocket gpu=4 order=0 candidate_source=stageh_screen_variant source_stage=stageh_manual_bank_variant transfer_from_dataset=retail_rocket
max_evals=5 tune_epochs=36 tune_patience=5
seed=230021

[COMMAND]
- /venv/FMoE/bin/python hyperopt_tune.py --config-name tune_rr --max-evals 5 --tune-epochs 36 --tune-patience 5 --seed 230021 --run-group baseline --run-axis StageH_TargetedRecovery_anchor2_core5 --run-phase P23_SH_C02_MDUOREC_RR_DUO_STAGEH_REC1_WDHI_S1 model=duorec dataset=retail_rocket eval_mode=session_fixed feature_mode=full_v3 gpu_id=4 log_wandb=false show_progress=false ++special_logging=true ++seed=230021 ++search={learning_rate:[0.0006615000000000001,0.0015562914852944483]} ++search_space_type_overrides={learning_rate:"loguniform"} ++weight_decay=0.000135 ++search.weight_decay=[0.000135] ++search_space_type_overrides.weight_decay=choice ++search.n_layers=[2] ++search_space_type_overrides.n_layers=choice ++search.num_layers=[2] ++search_space_type_overrides.num_layers=choice ++search.n_heads=[2] ++search_space_type_overrides.n_heads=choice ++search.num_heads=[2] ++search_space_type_overrides.num_heads=choice ++search.dropout_ratio=[0.1] ++search_space_type_overrides.dropout_ratio=choice ++search.dropout_prob=[0.1] ++search_space_type_overrides.dropout_prob=choice ++search.hidden_dropout_prob=[0.1] ++search_space_type_overrides.hidden_dropout_prob=choice ++search.attn_dropout_prob=[0.1] ++search_space_type_overrides.attn_dropout_prob=choice ++search.hidden_size=[128] ++search_space_type_overrides.hidden_size=choice ++search.embedding_size=[128] ++search_space_type_overrides.embedding_size=choice ++search.inner_size=[256] ++search_space_type_overrides.inner_size=choice ++search.time_span=[384] ++search_space_type_overrides.time_span=choice ++search.num_experts=[6] ++search_space_type_overrides.num_experts=choice ++search.state_size=[24] ++search_space_type_overrides.state_size=choice ++search.conv_kernel=[6] ++search_space_type_overrides.conv_kernel=choice ++search.remaining_ratio=[0.6] ++search_space_type_overrides.remaining_ratio=choice ++search.MAX_ITEM_LIST_LENGTH=[8] ++search_space_type_overrides.MAX_ITEM_LIST_LENGTH=choice ++dropout_ratio=0.1 ++contrast=un ++tau=0.18 ++lmd=0.016 ++lmd_sem=0.0 ++semantic_sample_max_tries=2 ++train_batch_size=3584 ++eval_batch_size=9216 ++hidden_size=128 ++embedding_size=128 ++MAX_ITEM_LIST_LENGTH=8 ++n_layers=2 ++num_layers=2 ++n_heads=2 ++num_heads=2 ++inner_size=256
/venv/FMoE/lib/python3.10/site-packages/ray/_private/parameter.py:4: UserWarning: pkg_resources is deprecated as an API. See https://setuptools.pypa.io/en/latest/pkg_resources.html. The pkg_resources package is slated for removal as early as 2025-11-30. Refrain from using this package or pin to Setuptools<81.
  import pkg_resources
[RUN_STATUS] START pid=549341 ts=2026-04-10T09:34:08

=================================================================
  Hyperopt TPE  |  DuoRec x retail_rocket
  max_evals=5  epochs=36  patience=5  wandb=off
  batch_size(train/valid/test)=3584/9216/9216
  track=baseline  axis=stageh_targetedrecovery_anchor2_core5  phase=P23_SH_C02_MDUOREC_RR_DUO_STAGEH_REC1_WDHI_S1
=================================================================
Changed knobs: learning_rate
Tuned params(len>1): 1  (~1 discrete combos)
Tuned groups: 1
  [optimization]
    learning_rate                   [0.0006615000000000001, 0.0015562914852944483]  -> loguniform
Fixed params(singleton/non-list): 18
Fixed groups: 18
  [optimization]
    hidden_dropout_prob             0.1                                     
    weight_decay                    0.000135                                
  [model_core]
    attn_dropout_prob               0.1                                     
    dropout_prob                    0.1                                     
    dropout_ratio                   0.1                                     
    embedding_size                  128                                     
    hidden_size                     128                                     
    inner_size                      256                                     
    num_heads                       2                                       
    num_layers                      2                                       
  [other]
    MAX_ITEM_LIST_LENGTH            8                                       
    conv_kernel                     6                                       
    n_heads                         2                                       
    n_layers                        2                                       
    num_experts                     6                                       
    remaining_ratio                 0.6                                     
    state_size                      24                                      
    time_span                       384                                     

[Wandb] disabled for this hyperopt run

[1/5] learning_rate=0.0008939
  -> MRR@20=0.269300  best=0.269300  (early_stop@18, trial=4.4min, avg=4.8min/trial, total=4.8min, ETA=19.1min)
[TRIAL_METRICS] cur_best_mrr20=0.269300 cur_best_hr10=0.424000 cur_test_mrr20=0.270400 cur_test_hr10=0.425800 run_best_mrr20=0.269300 run_best_hr10=0.424000 run_test_mrr20=0.270400 run_test_hr10=0.425800

[2/5] learning_rate=0.0007539
  -> MRR@20=0.268900  best=0.269300  (early_stop@24, trial=5.8min, avg=5.3min/trial, total=10.6min, ETA=15.9min)
[TRIAL_METRICS] cur_best_mrr20=0.268900 cur_best_hr10=0.426700 cur_test_mrr20=0.271600 cur_test_hr10=0.429700 run_best_mrr20=0.269300 run_best_hr10=0.424000 run_test_mrr20=0.270400 run_test_hr10=0.425800

[3/5] learning_rate=0.0006959
  -> MRR@20=0.270100  best=0.270100  (early_stop@24, trial=5.8min, avg=5.5min/trial, total=16.5min, ETA=11.0min)
[TRIAL_METRICS] cur_best_mrr20=0.270100 cur_best_hr10=0.425900 cur_test_mrr20=0.272700 cur_test_hr10=0.428700 run_best_mrr20=0.270100 run_best_hr10=0.425900 run_test_mrr20=0.272700 run_test_hr10=0.428700

[4/5] learning_rate=0.001269
  -> MRR@20=0.270200  best=0.270200  (early_stop@16, trial=3.9min, avg=5.1min/trial, total=20.4min, ETA=5.1min)
[TRIAL_METRICS] cur_best_mrr20=0.270200 cur_best_hr10=0.427100 cur_test_mrr20=0.271200 cur_test_hr10=0.429400 run_best_mrr20=0.270200 run_best_hr10=0.427100 run_test_mrr20=0.271200 run_test_hr10=0.429400

[5/5] learning_rate=0.001396
  -> MRR@20=0.269500  best=0.270200  (early_stop@16, trial=3.9min, avg=4.9min/trial, total=24.3min, ETA=0s)
[TRIAL_METRICS] cur_best_mrr20=0.269500 cur_best_hr10=0.428400 cur_test_mrr20=0.270100 cur_test_hr10=0.427800 run_best_mrr20=0.270200 run_best_hr10=0.427100 run_test_mrr20=0.271200 run_test_hr10=0.429400

=================================================================
  DONE  |  DuoRec x retail_rocket
  Best MRR@20 = 0.270200  |  5/5 trials OK
  Best HR@10  = 0.427100
  Test MRR@20 = 0.271200  (best-valid checkpoint)
  Test HR@10  = 0.429400  (best-valid checkpoint)
[RUN_METRICS] best_valid_mrr20=0.270200 best_valid_hr10=0.427100 test_mrr20=0.271200 test_hr10=0.429400
  Total time: 24.3 min
  Best params:
    learning_rate: 0.00126913
  Results -> /workspace/jy1559/FMoE/experiments/run/artifacts/results/baseline/retail_rocket_DuoRec_p23_sh_c02_mduorec_rr_duo_stageh_rec1_wdhi_s1_20260410_093408_765518_pid549341.json
  Normal mirror -> /workspace/jy1559/FMoE/experiments/run/artifacts/results/baseline/normal/stageh_targetedrecovery_anchor2_core5/P23/retail_rocket/DuoRec/retail_rocket_DuoRec_p23_sh_c02_mduorec_rr_duo_stageh_rec1_wdhi_s1_20260410_093408_765518_pid549341.json
  Special result -> /workspace/jy1559/FMoE/experiments/run/artifacts/results/baseline/special/stageh_targetedrecovery_anchor2_core5/P23/retail_rocket/DuoRec/retail_rocket_DuoRec_p23_sh_c02_mduorec_rr_duo_stageh_rec1_wdhi_s1_20260410_093408_765518_pid549341_special_metrics.json
  Special log -> /workspace/jy1559/FMoE/experiments/run/artifacts/logs/baseline/special/stageh_targetedrecovery_anchor2_core5/P23/retail_rocket/DuoRec/retail_rocket_DuoRec_p23_sh_c02_mduorec_rr_duo_stageh_rec1_wdhi_s1_20260410_093408_765518_pid549341_special_metrics.json
=================================================================

[RUN_STATUS] END status=normal pid=549341 start=2026-04-10T09:34:08 end=2026-04-10T09:58:27
