[STAGEG_CROSS6X9_ANCHOR2_CORE5_SETTING_HEADER]
run_phase=P22_SG_D05_M06_C02_BSAREC_XFER_AMAZON_BEAUTY_FAD_H3_R1_C1_S3 run_id=SG_RETAIL_ROCKET_BSAREC_XFER_AMAZON_BEAUTY_FAD_H3_R1_C1_S3 phase_id=P22 axis_id=SG model=BSARec candidate_id=XFER_amazon_beauty_FAD_H3_R1_C1 seed=3
dataset=retail_rocket gpu=7 order=0 candidate_source=final_transfer source_stage=Final_all_datasets transfer_from_dataset=amazon_beauty
max_evals=6 tune_epochs=44 tune_patience=6
seed=220035

[COMMAND]
- /venv/FMoE/bin/python hyperopt_tune.py --config-name tune_rr --max-evals 6 --tune-epochs 44 --tune-patience 6 --seed 220035 --run-group baseline --run-axis StageG_Cross6x9_anchor2_core5 --run-phase P22_SG_D05_M06_C02_BSAREC_XFER_AMAZON_BEAUTY_FAD_H3_R1_C1_S3 model=bsarec dataset=retail_rocket eval_mode=session_fixed feature_mode=full_v3 gpu_id=7 log_wandb=false show_progress=false ++special_logging=true ++seed=220035 ++search={learning_rate:[0.0003699348182510773,0.0004811722316971761]} ++search_space_type_overrides={learning_rate:"loguniform"} ++weight_decay=0.0002 ++search.weight_decay=[0.0002] ++search_space_type_overrides.weight_decay=choice ++search.n_layers=[3] ++search_space_type_overrides.n_layers=choice ++search.num_layers=[3] ++search_space_type_overrides.num_layers=choice ++search.n_heads=[4] ++search_space_type_overrides.n_heads=choice ++search.num_heads=[4] ++search_space_type_overrides.num_heads=choice ++search.dropout_ratio=[0.15] ++search_space_type_overrides.dropout_ratio=choice ++search.dropout_prob=[0.15] ++search_space_type_overrides.dropout_prob=choice ++search.hidden_dropout_prob=[0.15] ++search_space_type_overrides.hidden_dropout_prob=choice ++search.attn_dropout_prob=[0.15] ++search_space_type_overrides.attn_dropout_prob=choice ++search.hidden_size=[160] ++search_space_type_overrides.hidden_size=choice ++search.embedding_size=[160] ++search_space_type_overrides.embedding_size=choice ++search.inner_size=[320] ++search_space_type_overrides.inner_size=choice ++search.time_span=[512] ++search_space_type_overrides.time_span=choice ++search.num_experts=[8] ++search_space_type_overrides.num_experts=choice ++search.state_size=[32] ++search_space_type_overrides.state_size=choice ++search.conv_kernel=[8] ++search_space_type_overrides.conv_kernel=choice ++search.remaining_ratio=[0.7] ++search_space_type_overrides.remaining_ratio=choice ++search.MAX_ITEM_LIST_LENGTH=[10] ++search_space_type_overrides.MAX_ITEM_LIST_LENGTH=choice ++dropout_ratio=0.15 ++train_batch_size=1740 ++eval_batch_size=2611 ++hidden_size=160 ++embedding_size=160 ++MAX_ITEM_LIST_LENGTH=10 ++num_layers=3 ++n_layers=3 ++num_heads=4 ++n_heads=4 ++inner_size=320
/venv/FMoE/lib/python3.10/site-packages/ray/_private/parameter.py:4: UserWarning: pkg_resources is deprecated as an API. See https://setuptools.pypa.io/en/latest/pkg_resources.html. The pkg_resources package is slated for removal as early as 2025-11-30. Refrain from using this package or pin to Setuptools<81.
  import pkg_resources
[RUN_STATUS] START pid=391698 ts=2026-04-08T11:08:12

=================================================================
  Hyperopt TPE  |  BSARec x retail_rocket
  max_evals=6  epochs=44  patience=6  wandb=off
  batch_size(train/valid/test)=1740/2611/2611
  track=baseline  axis=stageg_cross6x9_anchor2_core5  phase=P22_SG_D05_M06_C02_BSAREC_XFER_AMAZON_BEAUTY_FAD_H3_R1_C1_S3
=================================================================
Changed knobs: learning_rate
Tuned params(len>1): 1  (~1 discrete combos)
Tuned groups: 1
  [optimization]
    learning_rate                   [0.0003699348182510773, 0.0004811722316971761]  -> loguniform
Fixed params(singleton/non-list): 18
Fixed groups: 18
  [optimization]
    hidden_dropout_prob             0.15                                    
    weight_decay                    0.0002                                  
  [model_core]
    attn_dropout_prob               0.15                                    
    dropout_prob                    0.15                                    
    dropout_ratio                   0.15                                    
    embedding_size                  160                                     
    hidden_size                     160                                     
    inner_size                      320                                     
    num_heads                       4                                       
    num_layers                      3                                       
  [other]
    MAX_ITEM_LIST_LENGTH            10                                      
    conv_kernel                     8                                       
    n_heads                         4                                       
    n_layers                        3                                       
    num_experts                     8                                       
    remaining_ratio                 0.7                                     
    state_size                      32                                      
    time_span                       512                                     

[Wandb] disabled for this hyperopt run

[1/6] learning_rate=0.0003908
  -> MRR@20=0.364700  best=0.364700  (early_stop@16, trial=3.0min, avg=3.3min/trial, total=3.3min, ETA=16.6min)
[TRIAL_METRICS] cur_best_mrr20=0.364700 cur_best_hr10=0.431700 cur_test_mrr20=0.363800 cur_test_hr10=0.431800 run_best_mrr20=0.364700 run_best_hr10=0.431700 run_test_mrr20=0.363800 run_test_hr10=0.431800

[2/6] learning_rate=0.0004416
  -> MRR@20=0.364700  best=0.364700  (early_stop@14, trial=2.6min, avg=3.0min/trial, total=5.9min, ETA=11.9min)
[TRIAL_METRICS] cur_best_mrr20=0.364700 cur_best_hr10=0.431300 cur_test_mrr20=0.363900 cur_test_hr10=0.429400 run_best_mrr20=0.364700 run_best_hr10=0.431300 run_test_mrr20=0.363900 run_test_hr10=0.429400

[3/6] learning_rate=0.0004419
  -> MRR@20=0.364700  best=0.364700  (early_stop@14, trial=2.6min, avg=2.8min/trial, total=8.5min, ETA=8.5min)
[TRIAL_METRICS] cur_best_mrr20=0.364700 cur_best_hr10=0.431400 cur_test_mrr20=0.364000 cur_test_hr10=0.429400 run_best_mrr20=0.364700 run_best_hr10=0.431400 run_test_mrr20=0.364000 run_test_hr10=0.429400

[4/6] learning_rate=0.0003742
  -> MRR@20=0.365100  best=0.365100  (early_stop@16, trial=3.0min, avg=2.9min/trial, total=11.5min, ETA=5.7min)
[TRIAL_METRICS] cur_best_mrr20=0.365100 cur_best_hr10=0.431300 cur_test_mrr20=0.364000 cur_test_hr10=0.431200 run_best_mrr20=0.365100 run_best_hr10=0.431300 run_test_mrr20=0.364000 run_test_hr10=0.431200

[5/6] learning_rate=0.0004321
  -> MRR@20=0.364400  best=0.365100  (early_stop@14, trial=2.6min, avg=2.8min/trial, total=14.1min, ETA=2.8min)
[TRIAL_METRICS] cur_best_mrr20=0.364400 cur_best_hr10=0.431000 cur_test_mrr20=0.363500 cur_test_hr10=0.429100 run_best_mrr20=0.365100 run_best_hr10=0.431300 run_test_mrr20=0.364000 run_test_hr10=0.431200

[6/6] learning_rate=0.0004795
  -> MRR@20=0.364700  best=0.365100  (early_stop@14, trial=2.6min, avg=2.8min/trial, total=16.7min, ETA=0s)
[TRIAL_METRICS] cur_best_mrr20=0.364700 cur_best_hr10=0.431200 cur_test_mrr20=0.364300 cur_test_hr10=0.430300 run_best_mrr20=0.365100 run_best_hr10=0.431300 run_test_mrr20=0.364000 run_test_hr10=0.431200

=================================================================
  DONE  |  BSARec x retail_rocket
  Best MRR@20 = 0.365100  |  6/6 trials OK
  Best HR@10  = 0.431300
  Test MRR@20 = 0.364000  (best-valid checkpoint)
  Test HR@10  = 0.431200  (best-valid checkpoint)
[RUN_METRICS] best_valid_mrr20=0.365100 best_valid_hr10=0.431300 test_mrr20=0.364000 test_hr10=0.431200
  Total time: 16.7 min
  Best params:
    learning_rate: 0.000374181
  Results -> /workspace/jy1559/FMoE/experiments/run/artifacts/results/baseline/retail_rocket_BSARec_p22_sg_d05_m06_c02_bsarec_xfer_amazon_beauty_fad_h3_r1_c1_s3_20260408_110812_937004_pid391698.json
  Normal mirror -> /workspace/jy1559/FMoE/experiments/run/artifacts/results/baseline/normal/stageg_cross6x9_anchor2_core5/P22/retail_rocket/BSARec/retail_rocket_BSARec_p22_sg_d05_m06_c02_bsarec_xfer_amazon_beauty_fad_h3_r1_c1_s3_20260408_110812_937004_pid391698.json
  Special result -> /workspace/jy1559/FMoE/experiments/run/artifacts/results/baseline/special/stageg_cross6x9_anchor2_core5/P22/retail_rocket/BSARec/retail_rocket_BSARec_p22_sg_d05_m06_c02_bsarec_xfer_amazon_beauty_fad_h3_r1_c1_s3_20260408_110812_937004_pid391698_special_metrics.json
  Special log -> /workspace/jy1559/FMoE/experiments/run/artifacts/logs/baseline/special/stageg_cross6x9_anchor2_core5/P22/retail_rocket/BSARec/retail_rocket_BSARec_p22_sg_d05_m06_c02_bsarec_xfer_amazon_beauty_fad_h3_r1_c1_s3_20260408_110812_937004_pid391698_special_metrics.json
=================================================================

[RUN_STATUS] END status=normal pid=391698 start=2026-04-08T11:08:12 end=2026-04-08T11:24:55
