[FMOE_FULL_HISTORY_PORTFOLIO_SETTING_HEADER]
run_phase=FH1_FH_LASTFM0_03_L03_H11_FAST_S1 exp_brief=A12_ATTN_MICRO_BEFORE_NO_BIAS_ALL_W5 phase_id=FH1 axis_id=FH8 setting_id=L03_h11_fast hparam_id= seed=1
desc=wide-cap sparse probe that stayed near the top on valid and test
dataset=lastfm0.03 gpu=4 order=43
max_evals= tune_epochs= tune_patience=
seed=260542

[COMMAND]
- /venv/FMoE/bin/python hyperopt_tune.py --config-name config --search-algo tpe --max-evals 3 --tune-epochs 100 --tune-patience 10 --seed 260542 --run-group fmoe_full --run-axis FullHistory_Portfolio8 --run-phase FH1_FH_LASTFM0_03_L03_H11_FAST_S1 model=featured_moe_n3_tune dataset=lastfm0.03 eval_mode=session_fixed feature_mode=full_v4 ++history_input_mode=full_history_session_targets ++history_eval_policy=strict_train_prefix ++history_group_field=user_id ++target_group_field=session_id ++load_col.inter=["session_id","item_id","timestamp","user_id"] ++eval_sampling.mode=full ++eval_sampling.auto_full_threshold=999999999 ++special_logging=true ++exclude_unseen_target_from_main_eval=true ++log_unseen_target_metrics=true ++main_eval_target_mode="seen_target" gpu_id=4 log_wandb=false enable_tf32=true fmoe_debug_logging=false fmoe_diag_logging=true fmoe_special_logging=true fmoe_feature_ablation_logging=false fmoe_eval_logging_timing=final_only ++fmoe_logging_output_root="run/artifacts/logging" ++fmoe_logging_layout="axis_dataset_arch_hparam" ++fmoe_architecture_id="A12" ++fmoe_architecture_key="A12_ATTN_MICRO_BEFORE_NO_BIAS_ALL_W5" ++fmoe_hparam_id="H11" ++fmoe_phase="FH1" train_batch_size=1152 eval_batch_size=2304 ++phase_run_type="full_history" ++phase_axis_id="FH8" ++phase_axis_desc="full_history_portfolio8" ++phase_setting_id="L03_h11_fast" ++phase_setting_key="L03_h11_fast" ++phase_hparam_id="H11" ++phase_seed_id=1 ++phase_run_id="FH_LASTFM0_03_L03_H11_FAST_S1" ++layer_layout=["attn","macro_ffn","mid_ffn","attn","micro_ffn"] ++stage_compute_mode={macro:"moe",mid:"moe",micro:"moe"} ++stage_router_mode={macro:"learned",mid:"learned",micro:"learned"} ++stage_router_source={macro:"both",mid:"both",micro:"both"} ++stage_feature_injection={macro:"none",mid:"none",micro:"none"} ++topk_scope_mode="global_flat" ++moe_top_k=0 ++balance_loss_lambda=0.0 ++z_loss_lambda=0.0002 ++gate_entropy_lambda=0.0 ++route_smoothness_lambda=0.0 ++route_consistency_lambda=0.0008 ++route_sharpness_lambda=0.0 ++route_monopoly_lambda=0.0 ++route_monopoly_tau=0.25 ++route_prior_lambda=0.0 ++group_prior_align_lambda=0.0 ++factored_group_balance_lambda=0.0 ++rule_agreement_lambda=0.0 ++group_coverage_lambda=0.0 ++feature_group_bias_lambda=0.0 ++rule_bias_scale=0.0 ++primitive_balance_lambda=0.0 ++wrapper_group_feature_align_lambda=0.0 ++stage_router_primitives={macro:{a_joint:{source:"feature",temperature:1.0,top_k:0},b_group:{source:"feature",temperature:1.0,top_k:0},c_shared:{source:"feature",temperature:1.0,top_k:0},d_cond:{source:"feature",temperature:1.0,top_k:0},e_scalar:{source:"feature",temperature:1.0,top_k:0},wrapper:{alpha_d:1.0,alpha_struct:1.0,alpha_a:1.0}},mid:{a_joint:{source:"feature",temperature:1.0,top_k:0},b_group:{source:"feature",temperature:1.0,top_k:0},c_shared:{source:"feature",temperature:1.0,top_k:0},d_cond:{source:"feature",temperature:1.0,top_k:0},e_scalar:{source:"feature",temperature:1.0,top_k:0},wrapper:{alpha_d:1.0,alpha_struct:1.0,alpha_a:1.0}},micro:{a_joint:{source:"feature",temperature:1.0,top_k:0},b_group:{source:"feature",temperature:1.0,top_k:0},c_shared:{source:"feature",temperature:1.0,top_k:0},d_cond:{source:"feature",temperature:1.0,top_k:0},e_scalar:{source:"feature",temperature:1.0,top_k:0},wrapper:{alpha_d:1.0,alpha_struct:1.0,alpha_a:1.0}}} ++stage_router_wrapper={macro:"w5_exd",mid:"w5_exd",micro:"w5_exd"} ++stage_router_granularity={macro:"session",mid:"session",micro:"token"} ++macro_history_window=5 ++route_consistency_pairs=1 ++route_consistency_min_sim=0.995 ++bias_mode="none" ++stage_family_dropout_prob={macro:0.03,mid:0.03,micro:0.03} ++stage_feature_dropout_prob={macro:0.0,mid:0.0,micro:0.0} ++stage_feature_dropout_scope={macro:"token",mid:"token",micro:"token"} ++embedding_size=224 ++d_ff=448 ++d_expert_hidden=224 ++d_router_hidden=112 ++MAX_ITEM_LIST_LENGTH=20 ++d_feat_emb=16 ++expert_scale=2 ++num_heads=4 ++lr_scheduler_type="warmup_cosine" ++attn_dropout_prob=0.08 ++search.learning_rate=[0.00025,0.00085] ++search_space_type_overrides.learning_rate=loguniform ++search.weight_decay=[3e-07,6e-07,1.2e-06] ++search_space_type_overrides.weight_decay=choice ++search.hidden_dropout_prob=[0.09,0.12,0.15] ++search_space_type_overrides.hidden_dropout_prob=choice
/venv/FMoE/lib/python3.10/site-packages/ray/_private/parameter.py:4: UserWarning: pkg_resources is deprecated as an API. See https://setuptools.pypa.io/en/latest/pkg_resources.html. The pkg_resources package is slated for removal as early as 2025-11-30. Refrain from using this package or pin to Setuptools<81.
  import pkg_resources
[RUN_STATUS] START pid=1370692 ts=2026-04-16T14:55:28

=================================================================
  Hyperopt  |  FeaturedMoE_N3 x lastfm0.03
  max_evals=3  epochs=100  patience=10  wandb=off
  search_algo=tpe
  batch_size(train/valid/test)=1152/2304/2304
  track=fmoe_full  axis=fullhistory_portfolio8  phase=FH1_FH_LASTFM0_03_L03_H11_FAST_S1
=================================================================
Changed knobs: hidden_dropout_prob, learning_rate, weight_decay
Tuned params(len>1): 3  (~9 discrete combos)
Tuned groups: 3
  [optimization]
    hidden_dropout_prob             [0.09, 0.12, 0.15]                        -> choice
    learning_rate                   [0.00025, 0.00085]                        -> loguniform
    weight_decay                    [3e-07, 6e-07, 1.2e-06]                   -> choice
Fixed params(singleton/non-list): 0
Fixed groups: 0
  (none)

[Wandb] disabled for this hyperopt run

[1/3] hidden_dropout_prob=0.09, learning_rate=0.0006256, weight_decay=6e-07
  -> MRR@20=0.314500  best=0.314500  (early_stop@20, trial=10.4min, avg=10.4min/trial, total=10.4min, ETA=20.9min)
[TRIAL_METRICS] cur_best_mrr20=0.314500 cur_best_hr10=0.372600 cur_test_mrr20=0.306700 cur_test_hr10=0.379100 avg_epoch_time_sec=31.0915 test_eval_time_sec=0.2218 test_eval_batches_per_sec=9.0169 test_eval_targets_per_sec=15504.5699 run_best_mrr20=0.314500 run_best_hr10=0.372600 run_test_mrr20=0.306700 run_test_hr10=0.379100

[2/3] hidden_dropout_prob=0.15, learning_rate=0.0002602, weight_decay=6e-07
  -> MRR@20=0.317300  best=0.317300  (early_stop@32, trial=16.8min, avg=13.6min/trial, total=27.3min, ETA=13.6min)
[TRIAL_METRICS] cur_best_mrr20=0.317300 cur_best_hr10=0.382900 cur_test_mrr20=0.314000 cur_test_hr10=0.391100 avg_epoch_time_sec=31.5178 test_eval_time_sec=0.2173 test_eval_batches_per_sec=9.2036 test_eval_targets_per_sec=15825.5653 run_best_mrr20=0.317300 run_best_hr10=0.382900 run_test_mrr20=0.314000 run_test_hr10=0.391100

[3/3] hidden_dropout_prob=0.09, learning_rate=0.0006708, weight_decay=6e-07
[RUN_STATUS] TERMINATED signal=SIGINT(2) pid=1370692 ts=2026-04-16T15:25:29
[RUN_STATUS] END status=terminated signal=SIGINT(2) pid=1370692 start=2026-04-16T14:55:28 end=2026-04-16T15:25:29
