[WIDESEARCH_ANCHOR2_CORE5_SETTING_HEADER]
run_phase=P15_WS_D00_M02_GRU4REC_C3D1_S1 run_id=WS_LASTFM0_03_GRU4REC_C3D1_S1 phase_id=P15 axis_id=WS model=GRU4Rec profile_id=C3D1 seed=1
dataset=lastfm0.03 gpu=6 order=0
max_evals=10 tune_epochs=40 tune_patience=9
seed=150024

[COMMAND]
- /venv/FMoE/bin/python hyperopt_tune.py --config-name tune_lfm_small --max-evals 10 --tune-epochs 40 --tune-patience 9 --seed 150024 --run-group baseline --run-axis WideSearch_anchor2_core5 --run-phase P15_WS_D00_M02_GRU4REC_C3D1_S1 model=gru4rec dataset=lastfm0.03 eval_mode=session_fixed feature_mode=full_v3 gpu_id=6 log_wandb=false show_progress=false ++special_logging=true ++seed=150024 ++search={learning_rate:[2e-05,0.000324]} ++search_space_type_overrides={learning_rate:"loguniform"} ++weight_decay=0.000238 ++search.weight_decay=[0.000238] ++search_space_type_overrides.weight_decay=choice ++search.hidden_size=[168] ++search_space_type_overrides.hidden_size=choice ++search.embedding_size=[144] ++search_space_type_overrides.embedding_size=choice ++search.inner_size=[504] ++search_space_type_overrides.inner_size=choice ++search.n_layers=[1] ++search_space_type_overrides.n_layers=choice ++search.num_layers=[1] ++search_space_type_overrides.num_layers=choice ++search.n_heads=[1] ++search_space_type_overrides.n_heads=choice ++search.num_heads=[1] ++search_space_type_overrides.num_heads=choice ++search.dropout_ratio=[0.21000000000000002] ++search_space_type_overrides.dropout_ratio=choice ++search.dropout_prob=[0.21000000000000002] ++search_space_type_overrides.dropout_prob=choice ++search.hidden_dropout_prob=[0.21000000000000002] ++search_space_type_overrides.hidden_dropout_prob=choice ++search.attn_dropout_prob=[0.21000000000000002] ++search_space_type_overrides.attn_dropout_prob=choice ++search.num_experts=[4] ++search_space_type_overrides.num_experts=choice ++dropout_prob=0.21000000000000002 ++train_batch_size=9400 ++eval_batch_size=11750 ++hidden_size=168 ++embedding_size=144 ++MAX_ITEM_LIST_LENGTH=8 ++num_layers=1
/venv/FMoE/lib/python3.10/site-packages/ray/_private/parameter.py:4: UserWarning: pkg_resources is deprecated as an API. See https://setuptools.pypa.io/en/latest/pkg_resources.html. The pkg_resources package is slated for removal as early as 2025-11-30. Refrain from using this package or pin to Setuptools<81.
  import pkg_resources
[RUN_STATUS] START pid=374357 ts=2026-03-28T19:52:29

=================================================================
  Hyperopt TPE  |  GRU4Rec x lastfm0.03
  max_evals=10  epochs=40  patience=9  wandb=off
  batch_size(train/valid/test)=9400/11750/11750
  track=baseline  axis=widesearch_anchor2_core5  phase=P15_WS_D00_M02_GRU4REC_C3D1_S1
=================================================================
Changed knobs: learning_rate
Tuned params(len>1): 1  (~1 discrete combos)
Tuned groups: 1
  [optimization]
    learning_rate                   [2e-05, 0.000324]                         -> loguniform
Fixed params(singleton/non-list): 13
Fixed groups: 13
  [optimization]
    hidden_dropout_prob             0.21000000000000002                     
    weight_decay                    0.000238                                
  [model_core]
    attn_dropout_prob               0.21000000000000002                     
    dropout_prob                    0.21000000000000002                     
    dropout_ratio                   0.21000000000000002                     
    embedding_size                  144                                     
    hidden_size                     168                                     
    inner_size                      504                                     
    num_heads                       1                                       
    num_layers                      1                                       
  [other]
    n_heads                         1                                       
    n_layers                        1                                       
    num_experts                     4                                       

[Wandb] disabled for this hyperopt run

[1/10] learning_rate=0.0003198
  -> MRR@20=0.012900  best=0.012900  (full@40, trial=2.8min, avg=3.0min/trial, total=3.0min, ETA=27.1min)
[TRIAL_METRICS] cur_best_mrr20=0.012900 cur_best_hr10=0.026600 cur_test_mrr20=0.012300 cur_test_hr10=0.025200 run_best_mrr20=0.012900 run_best_hr10=0.026600 run_test_mrr20=0.012300 run_test_hr10=0.025200

[2/10] learning_rate=3.458e-05
  -> MRR@20=0.000700  best=0.012900  (early_stop@19, trial=1.3min, avg=2.2min/trial, total=4.3min, ETA=17.3min)
[TRIAL_METRICS] cur_best_mrr20=0.000700 cur_best_hr10=0.003500 cur_test_mrr20=0.000900 cur_test_hr10=0.004300 run_best_mrr20=0.012900 run_best_hr10=0.026600 run_test_mrr20=0.012300 run_test_hr10=0.025200

[3/10] learning_rate=0.0001429
  -> MRR@20=0.000900  best=0.012900  (early_stop@13, trial=55s, avg=1.7min/trial, total=5.2min, ETA=12.2min)
[TRIAL_METRICS] cur_best_mrr20=0.000900 cur_best_hr10=0.004000 cur_test_mrr20=0.000900 cur_test_hr10=0.004000 run_best_mrr20=0.012900 run_best_hr10=0.026600 run_test_mrr20=0.012300 run_test_hr10=0.025200

[4/10] learning_rate=0.000116
  -> MRR@20=0.000900  best=0.012900  (early_stop@14, trial=58s, avg=1.6min/trial, total=6.2min, ETA=9.3min)
[TRIAL_METRICS] cur_best_mrr20=0.000900 cur_best_hr10=0.003500 cur_test_mrr20=0.000900 cur_test_hr10=0.003200 run_best_mrr20=0.012900 run_best_hr10=0.026600 run_test_mrr20=0.012300 run_test_hr10=0.025200

[5/10] learning_rate=2.673e-05
  -> MRR@20=0.000800  best=0.012900  (early_stop@18, trial=1.2min, avg=1.5min/trial, total=7.5min, ETA=7.5min)
[TRIAL_METRICS] cur_best_mrr20=0.000800 cur_best_hr10=0.001600 cur_test_mrr20=0.001100 cur_test_hr10=0.002900 run_best_mrr20=0.012900 run_best_hr10=0.026600 run_test_mrr20=0.012300 run_test_hr10=0.025200

[6/10] learning_rate=0.0001116
  -> MRR@20=0.000900  best=0.012900  (early_stop@14, trial=58s, avg=1.4min/trial, total=8.4min, ETA=5.6min)
[TRIAL_METRICS] cur_best_mrr20=0.000900 cur_best_hr10=0.003700 cur_test_mrr20=0.000800 cur_test_hr10=0.003200 run_best_mrr20=0.012900 run_best_hr10=0.026600 run_test_mrr20=0.012300 run_test_hr10=0.025200

[7/10] learning_rate=4.986e-05
  -> MRR@20=0.000800  best=0.012900  (early_stop@14, trial=58s, avg=1.3min/trial, total=9.4min, ETA=4.0min)
[TRIAL_METRICS] cur_best_mrr20=0.000800 cur_best_hr10=0.000500 cur_test_mrr20=0.001200 cur_test_hr10=0.001600 run_best_mrr20=0.012900 run_best_hr10=0.026600 run_test_mrr20=0.012300 run_test_hr10=0.025200

[8/10] learning_rate=0.0001033
  -> MRR@20=0.000800  best=0.012900  (early_stop@13, trial=54s, avg=1.3min/trial, total=10.3min, ETA=2.6min)
[TRIAL_METRICS] cur_best_mrr20=0.000800 cur_best_hr10=0.003500 cur_test_mrr20=0.000900 cur_test_hr10=0.003700 run_best_mrr20=0.012900 run_best_hr10=0.026600 run_test_mrr20=0.012300 run_test_hr10=0.025200

[9/10] learning_rate=8.636e-05
  -> MRR@20=0.000800  best=0.012900  (early_stop@13, trial=53s, avg=1.2min/trial, total=11.2min, ETA=1.2min)
[TRIAL_METRICS] cur_best_mrr20=0.000800 cur_best_hr10=0.003500 cur_test_mrr20=0.001000 cur_test_hr10=0.004300 run_best_mrr20=0.012900 run_best_hr10=0.026600 run_test_mrr20=0.012300 run_test_hr10=0.025200

[10/10] learning_rate=3.77e-05
  -> MRR@20=0.000700  best=0.012900  (early_stop@14, trial=58s, avg=1.2min/trial, total=12.2min, ETA=0s)
[TRIAL_METRICS] cur_best_mrr20=0.000700 cur_best_hr10=0.001100 cur_test_mrr20=0.001100 cur_test_hr10=0.001900 run_best_mrr20=0.012900 run_best_hr10=0.026600 run_test_mrr20=0.012300 run_test_hr10=0.025200

=================================================================
  DONE  |  GRU4Rec x lastfm0.03
  Best MRR@20 = 0.012900  |  10/10 trials OK
  Best HR@10  = 0.026600
  Test MRR@20 = 0.012300  (best-valid checkpoint)
  Test HR@10  = 0.025200  (best-valid checkpoint)
[RUN_METRICS] best_valid_mrr20=0.012900 best_valid_hr10=0.026600 test_mrr20=0.012300 test_hr10=0.025200
  Total time: 12.2 min
  Best params:
    learning_rate: 0.000319835
  Results -> /workspace/jy1559/FMoE/experiments/run/artifacts/results/baseline/lastfm0.03_GRU4Rec_p15_ws_d00_m02_gru4rec_c3d1_s1_20260328_195229_882074_pid374357.json
  Normal mirror -> /workspace/jy1559/FMoE/experiments/run/artifacts/results/baseline/normal/widesearch_anchor2_core5/P15/lastfm0.03/GRU4Rec/lastfm0.03_GRU4Rec_p15_ws_d00_m02_gru4rec_c3d1_s1_20260328_195229_882074_pid374357.json
  Special result -> /workspace/jy1559/FMoE/experiments/run/artifacts/results/baseline/special/widesearch_anchor2_core5/P15/lastfm0.03/GRU4Rec/lastfm0.03_GRU4Rec_p15_ws_d00_m02_gru4rec_c3d1_s1_20260328_195229_882074_pid374357_special_metrics.json
  Special log -> /workspace/jy1559/FMoE/experiments/run/artifacts/logs/baseline/special/widesearch_anchor2_core5/P15/lastfm0.03/GRU4Rec/lastfm0.03_GRU4Rec_p15_ws_d00_m02_gru4rec_c3d1_s1_20260328_195229_882074_pid374357_special_metrics.json
=================================================================

[RUN_STATUS] END status=normal pid=374357 start=2026-03-28T19:52:29 end=2026-03-28T20:04:41
