# job_id=S3_LASTFM0_03_GRU4REC_C2_SEED1 dataset=lastfm0.03 model=gru4rec stage=stage3
# cmd=/venv/FMoE/bin/python hyperopt_tune.py --config-name tune_lfm_small --search-algo tpe --max-evals 1 --tune-epochs 100 --tune-patience 10 --seed 810109 --run-group final_experiment --run-axis stage3_seed_confirm --run-phase S3_LASTFM0_03_GRU4REC_C2_SEED1 model=gru4rec dataset=lastfm0.03 eval_mode=session_fixed feature_mode=full_v4 ++eval_sampling.mode=full ++eval_sampling.auto_full_threshold=999999999 ++special_logging=true ++exclude_unseen_target_from_main_eval=true ++log_unseen_target_metrics=true gpu_id=6 log_wandb=false show_progress=false ++seed=810109 --max-run-hours 2 --oom-retry-limit 2 ++search.inner_size=[384] ++search_space_type_overrides.inner_size=choice ++search.hidden_dropout_prob=[0.3] ++search_space_type_overrides.hidden_dropout_prob=choice ++search.MAX_ITEM_LIST_LENGTH=[10] ++search_space_type_overrides.MAX_ITEM_LIST_LENGTH=choice ++search.dropout_prob=[0.25] ++search_space_type_overrides.dropout_prob=choice ++search.dropout_ratio=[0.0] ++search_space_type_overrides.dropout_ratio=choice ++search.embedding_size=[192] ++search_space_type_overrides.embedding_size=choice ++search.hidden_size=[256] ++search_space_type_overrides.hidden_size=choice ++search.learning_rate=[0.0029] ++search_space_type_overrides.learning_rate=choice ++search.num_layers=[2] ++search_space_type_overrides.num_layers=choice ++search.weight_decay=[1e-05] ++search_space_type_overrides.weight_decay=choice

/venv/FMoE/lib/python3.10/site-packages/ray/_private/parameter.py:4: UserWarning: pkg_resources is deprecated as an API. See https://setuptools.pypa.io/en/latest/pkg_resources.html. The pkg_resources package is slated for removal as early as 2025-11-30. Refrain from using this package or pin to Setuptools<81.
  import pkg_resources
[RUN_STATUS] START pid=645677 ts=2026-04-18T14:05:57

=================================================================
  Hyperopt  |  GRU4Rec x lastfm0.03
  max_evals=1  epochs=100  patience=10  wandb=off
  search_algo=tpe
  max_run_hours=2.000  (stop launching new trials after current trial)
  oom_retry_limit=2  (halve train/eval batch size on OOM)
  batch_size(train/valid/test)=2048/4096/4096
  track=final_experiment  axis=stage3_seed_confirm  phase=S3_LASTFM0_03_GRU4REC_C2_SEED1
=================================================================
Changed knobs: (none; single-run mode)
Tuned params(len>1): 0  (~1 discrete combos)
Tuned groups: 0
  (none)
Fixed params(singleton/non-list): 10
Fixed groups: 10
  [optimization]
    hidden_dropout_prob             0.3                                     
    learning_rate                   0.0029                                  
    weight_decay                    1e-05                                   
  [model_core]
    dropout_prob                    0.25                                    
    dropout_ratio                   0.0                                     
    embedding_size                  192                                     
    hidden_size                     256                                     
    inner_size                      384                                     
    num_layers                      2                                       
  [other]
    MAX_ITEM_LIST_LENGTH            10                                      

[Wandb] disabled for this hyperopt run

[1/1] (fixed-only run)
  -> MRR@20=0.256400  best=0.256400  (early_stop@17, trial=1.5min, avg=1.7min/trial, total=1.7min, ETA=0s)
[TRIAL_METRICS] cur_best_mrr20=0.256400 cur_best_hr10=0.309800 cur_test_mrr20=0.241200 cur_test_hr10=0.303900 avg_epoch_time_sec=5.3852 test_eval_time_sec=0.0982 test_eval_batches_per_sec=10.1789 test_eval_targets_per_sec=35005.1241 run_best_mrr20=0.256400 run_best_hr10=0.309800 run_test_mrr20=0.241200 run_test_hr10=0.303900

=================================================================
  DONE  |  GRU4Rec x lastfm0.03
  Best MRR@20 = 0.256400  |  1/1 trials OK
  Best HR@10  = 0.309800
  Test MRR@20 = 0.241200  (best-valid checkpoint)
  Test HR@10  = 0.303900  (best-valid checkpoint)
  Avg epoch time = 5.385 sec/epoch
  Final test eval = 0.098 sec | batches/s=10.179 | targets/s=35005.124
[RUN_METRICS] best_valid_mrr20=0.256400 best_valid_hr10=0.309800 test_mrr20=0.241200 test_hr10=0.303900 avg_epoch_time_sec=5.3852 test_eval_time_sec=0.0982 test_eval_batches_per_sec=10.1789 test_eval_targets_per_sec=35005.1241
  Total time: 1.7 min
  Best params:
  Results -> /workspace/FeaturedMoE/experiments/run/artifacts/results/final_experiment/lastfm0.03_GRU4Rec_s3_lastfm0_03_gru4rec_c2_seed1_20260418_140557_961693_pid645677.json
  Normal mirror -> /workspace/FeaturedMoE/experiments/run/artifacts/results/final_experiment/normal/stage3_seed_confirm/S3/lastfm0.03/GRU4Rec/lastfm0.03_GRU4Rec_s3_lastfm0_03_gru4rec_c2_seed1_20260418_140557_961693_pid645677.json
  Special result -> /workspace/FeaturedMoE/experiments/run/artifacts/results/final_experiment/special/stage3_seed_confirm/S3/lastfm0.03/GRU4Rec/lastfm0.03_GRU4Rec_s3_lastfm0_03_gru4rec_c2_seed1_20260418_140557_961693_pid645677_special_metrics.json
  Special log -> /workspace/FeaturedMoE/experiments/run/artifacts/logs/final_experiment/special/stage3_seed_confirm/S3/lastfm0.03/GRU4Rec/lastfm0.03_GRU4Rec_s3_lastfm0_03_gru4rec_c2_seed1_20260418_140557_961693_pid645677_special_metrics.json
=================================================================

[RUN_STATUS] END status=normal pid=645677 start=2026-04-18T14:05:57 end=2026-04-18T14:07:42
