# pair=P035 dataset=foursquare model=bsarec combo=C1 seed=1
# cmd=/venv/FMoE/bin/python hyperopt_tune.py --config-name tune_fs --max-evals 10 --tune-epochs 100 --tune-patience 10 --search-algo tpe --seed 103 --run-group baseline_2 --run-axis PAIR60_V3_LR10 --run-phase PAIR60_V3_LR10_DFOURSQUARE_MBSAREC_P035_C1_S1 model=bsarec dataset=foursquare eval_mode=session_fixed feature_mode=full_v3 gpu_id=7 log_wandb=false show_progress=false ++seed=103 ++MAX_ITEM_LIST_LENGTH=50 ++eval_sampling.mode=full ++eval_sampling.auto_full_threshold=999999999 ++special_logging=true ++exclude_unseen_target_from_main_eval=true ++log_unseen_target_metrics=true ++hidden_size=112 ++embedding_size=112 ++n_layers=1 ++num_layers=1 ++n_heads=4 ++num_heads=4 ++inner_size=224 ++dropout_ratio=0.25 ++hidden_dropout_prob=0.25 ++attn_dropout_prob=0.25 ++weight_decay=0.0005 ++search={learning_rate:[0.00018585190676987957,0.0011151114406192772]} ++search_space_type_overrides={learning_rate:"loguniform"} ++search.MAX_ITEM_LIST_LENGTH=[50] ++search_space_type_overrides.MAX_ITEM_LIST_LENGTH=choice ++search.weight_decay=[0.0005] ++search_space_type_overrides.weight_decay=choice ++search.hidden_size=[112] ++search_space_type_overrides.hidden_size=choice ++search.embedding_size=[112] ++search_space_type_overrides.embedding_size=choice ++search.n_layers=[1] ++search_space_type_overrides.n_layers=choice ++search.num_layers=[1] ++search_space_type_overrides.num_layers=choice ++search.n_heads=[4] ++search_space_type_overrides.n_heads=choice ++search.num_heads=[4] ++search_space_type_overrides.num_heads=choice ++search.inner_size=[224] ++search_space_type_overrides.inner_size=choice ++search.dropout_ratio=[0.25] ++search_space_type_overrides.dropout_ratio=choice ++search.hidden_dropout_prob=[0.25] ++search_space_type_overrides.hidden_dropout_prob=choice ++search.attn_dropout_prob=[0.25] ++search_space_type_overrides.attn_dropout_prob=choice

/venv/FMoE/lib/python3.10/site-packages/ray/_private/parameter.py:4: UserWarning: pkg_resources is deprecated as an API. See https://setuptools.pypa.io/en/latest/pkg_resources.html. The pkg_resources package is slated for removal as early as 2025-11-30. Refrain from using this package or pin to Setuptools<81.
  import pkg_resources
[RUN_STATUS] START pid=1139412 ts=2026-04-15T04:20:13

=================================================================
  Hyperopt  |  BSARec x foursquare
  max_evals=10  epochs=100  patience=10  wandb=off
  search_algo=tpe
  batch_size(train/valid/test)=4096/4096/4096
  track=baseline_2  axis=pair60_v3_lr10  phase=PAIR60_V3_LR10_DFOURSQUARE_MBSAREC_P035_C1_S1
=================================================================
Changed knobs: learning_rate
Tuned params(len>1): 1  (~1 discrete combos)
Tuned groups: 1
  [optimization]
    learning_rate                   [0.00018585190676987957, 0.0011151114406192772]  -> loguniform
Fixed params(singleton/non-list): 12
Fixed groups: 12
  [optimization]
    hidden_dropout_prob             0.25                                    
    weight_decay                    0.0005                                  
  [model_core]
    attn_dropout_prob               0.25                                    
    dropout_ratio                   0.25                                    
    embedding_size                  112                                     
    hidden_size                     112                                     
    inner_size                      224                                     
    num_heads                       4                                       
    num_layers                      1                                       
  [other]
    MAX_ITEM_LIST_LENGTH            50                                      
    n_heads                         4                                       
    n_layers                        1                                       

[Wandb] disabled for this hyperopt run

[1/10] learning_rate=0.0004848
  -> MRR@20=0.066400  best=0.066400  (full@100, trial=3.1min, avg=3.2min/trial, total=3.2min, ETA=28.9min)
[TRIAL_METRICS] cur_best_mrr20=0.066400 cur_best_hr10=0.107700 cur_test_mrr20=0.061700 cur_test_hr10=0.101100 run_best_mrr20=0.066400 run_best_hr10=0.107700 run_test_mrr20=0.061700 run_test_hr10=0.101100

[2/10] learning_rate=0.000768
  -> MRR@20=0.107900  best=0.107900  (full@100, trial=3.2min, avg=3.2min/trial, total=6.4min, ETA=25.7min)
[TRIAL_METRICS] cur_best_mrr20=0.107900 cur_best_hr10=0.174200 cur_test_mrr20=0.104400 cur_test_hr10=0.175000 run_best_mrr20=0.107900 run_best_hr10=0.174200 run_test_mrr20=0.104400 run_test_hr10=0.175000

[3/10] learning_rate=0.001105
  -> MRR@20=0.141000  best=0.141000  (full@100, trial=3.1min, avg=3.2min/trial, total=9.6min, ETA=22.3min)
[TRIAL_METRICS] cur_best_mrr20=0.141000 cur_best_hr10=0.226900 cur_test_mrr20=0.137700 cur_test_hr10=0.229700 run_best_mrr20=0.141000 run_best_hr10=0.226900 run_test_mrr20=0.137700 run_test_hr10=0.229700

[4/10] learning_rate=0.0006809
  -> MRR@20=0.096900  best=0.141000  (full@100, trial=3.2min, avg=3.2min/trial, total=12.7min, ETA=19.1min)
[TRIAL_METRICS] cur_best_mrr20=0.096900 cur_best_hr10=0.157400 cur_test_mrr20=0.090500 cur_test_hr10=0.156800 run_best_mrr20=0.141000 run_best_hr10=0.226900 run_test_mrr20=0.137700 run_test_hr10=0.229700

[5/10] learning_rate=0.000291
  -> MRR@20=0.040600  best=0.141000  (full@100, trial=3.1min, avg=3.2min/trial, total=15.9min, ETA=15.9min)
[TRIAL_METRICS] cur_best_mrr20=0.040600 cur_best_hr10=0.060200 cur_test_mrr20=0.034200 cur_test_hr10=0.049100 run_best_mrr20=0.141000 run_best_hr10=0.226900 run_test_mrr20=0.137700 run_test_hr10=0.229700

[6/10] learning_rate=0.0005497
  -> MRR@20=0.075000  best=0.141000  (full@100, trial=3.2min, avg=3.2min/trial, total=19.1min, ETA=12.7min)
[TRIAL_METRICS] cur_best_mrr20=0.075000 cur_best_hr10=0.123700 cur_test_mrr20=0.070400 cur_test_hr10=0.119700 run_best_mrr20=0.141000 run_best_hr10=0.226900 run_test_mrr20=0.137700 run_test_hr10=0.229700

[7/10] learning_rate=0.0003714
  -> MRR@20=0.050300  best=0.141000  (full@100, trial=3.1min, avg=3.2min/trial, total=22.2min, ETA=9.5min)
[TRIAL_METRICS] cur_best_mrr20=0.050300 cur_best_hr10=0.073200 cur_test_mrr20=0.045000 cur_test_hr10=0.065000 run_best_mrr20=0.141000 run_best_hr10=0.226900 run_test_mrr20=0.137700 run_test_hr10=0.229700

[8/10] learning_rate=0.0002613
  -> MRR@20=0.000400  best=0.141000  (early_stop@12, trial=22s, avg=2.8min/trial, total=22.6min, ETA=5.6min)
[TRIAL_METRICS] cur_best_mrr20=0.000400 cur_best_hr10=0.000700 cur_test_mrr20=0.000200 cur_test_hr10=0.000400 run_best_mrr20=0.141000 run_best_hr10=0.226900 run_test_mrr20=0.137700 run_test_hr10=0.229700

[9/10] learning_rate=0.0002186
  -> MRR@20=0.000600  best=0.141000  (early_stop@13, trial=24s, avg=2.6min/trial, total=23.0min, ETA=2.6min)
[TRIAL_METRICS] cur_best_mrr20=0.000600 cur_best_hr10=0.000700 cur_test_mrr20=0.000200 cur_test_hr10=0.000400 run_best_mrr20=0.141000 run_best_hr10=0.226900 run_test_mrr20=0.137700 run_test_hr10=0.229700

[10/10] learning_rate=0.0006897
  -> MRR@20=0.098000  best=0.141000  (full@100, trial=3.2min, avg=2.6min/trial, total=26.2min, ETA=0s)
[TRIAL_METRICS] cur_best_mrr20=0.098000 cur_best_hr10=0.160400 cur_test_mrr20=0.091900 cur_test_hr10=0.156400 run_best_mrr20=0.141000 run_best_hr10=0.226900 run_test_mrr20=0.137700 run_test_hr10=0.229700

=================================================================
  DONE  |  BSARec x foursquare
  Best MRR@20 = 0.141000  |  10/10 trials OK
  Best HR@10  = 0.226900
  Test MRR@20 = 0.137700  (best-valid checkpoint)
  Test HR@10  = 0.229700  (best-valid checkpoint)
[RUN_METRICS] best_valid_mrr20=0.141000 best_valid_hr10=0.226900 test_mrr20=0.137700 test_hr10=0.229700
  Total time: 26.2 min
  Best params:
    learning_rate: 0.00110471
  Results -> /workspace/FeaturedMoE/experiments/run/artifacts/results/baseline_2/foursquare_BSARec_pair60_v3_lr10_dfoursquare_mbsarec_p035_c1_s1_20260415_042013_282121_pid1139412.json
  Normal mirror -> /workspace/FeaturedMoE/experiments/run/artifacts/results/baseline_2/normal/pair60_v3_lr10/PAIR60/foursquare/BSARec/foursquare_BSARec_pair60_v3_lr10_dfoursquare_mbsarec_p035_c1_s1_20260415_042013_282121_pid1139412.json
  Special result -> /workspace/FeaturedMoE/experiments/run/artifacts/results/baseline_2/special/pair60_v3_lr10/PAIR60/foursquare/BSARec/foursquare_BSARec_pair60_v3_lr10_dfoursquare_mbsarec_p035_c1_s1_20260415_042013_282121_pid1139412_special_metrics.json
  Special log -> /workspace/FeaturedMoE/experiments/run/artifacts/logs/baseline_2/special/pair60_v3_lr10/PAIR60/foursquare/BSARec/foursquare_BSARec_pair60_v3_lr10_dfoursquare_mbsarec_p035_c1_s1_20260415_042013_282121_pid1139412_special_metrics.json
=================================================================

[RUN_STATUS] END status=normal pid=1139412 start=2026-04-15T04:20:13 end=2026-04-15T04:46:23
