# pair=P045 dataset=movielens1m model=bsarec combo=C1 seed=1
# cmd=/venv/FMoE/bin/python hyperopt_tune.py --config-name tune_ml --max-evals 6 --tune-epochs 70 --tune-patience 6 --search-algo random --seed 89 --run-group baseline_2 --run-axis PAIR60_V4 --run-phase PAIR60_V4_DMOVIELENS1M_MBSAREC_P045_C1_S1 model=bsarec dataset=movielens1m eval_mode=session_fixed feature_mode=full_v4 gpu_id=7 log_wandb=false show_progress=false ++seed=89 ++MAX_ITEM_LIST_LENGTH=50 ++eval_sampling.mode=full ++eval_sampling.auto_full_threshold=999999999 ++special_logging=true ++exclude_unseen_target_from_main_eval=true ++log_unseen_target_metrics=true ++hidden_size=112 ++embedding_size=112 ++n_layers=1 ++num_layers=1 ++n_heads=4 ++num_heads=4 ++inner_size=224 ++dropout_ratio=0.25 ++hidden_dropout_prob=0.25 ++attn_dropout_prob=0.25 ++weight_decay=0.0005 ++search={learning_rate:[0.00018585190676987957,0.0011151114406192772]} ++search_space_type_overrides={learning_rate:"loguniform"} ++search.MAX_ITEM_LIST_LENGTH=[50] ++search_space_type_overrides.MAX_ITEM_LIST_LENGTH=choice ++search.weight_decay=[0.0005] ++search_space_type_overrides.weight_decay=choice ++search.hidden_size=[112] ++search_space_type_overrides.hidden_size=choice ++search.embedding_size=[112] ++search_space_type_overrides.embedding_size=choice ++search.n_layers=[1] ++search_space_type_overrides.n_layers=choice ++search.num_layers=[1] ++search_space_type_overrides.num_layers=choice ++search.n_heads=[4] ++search_space_type_overrides.n_heads=choice ++search.num_heads=[4] ++search_space_type_overrides.num_heads=choice ++search.inner_size=[224] ++search_space_type_overrides.inner_size=choice ++search.dropout_ratio=[0.25] ++search_space_type_overrides.dropout_ratio=choice ++search.hidden_dropout_prob=[0.25] ++search_space_type_overrides.hidden_dropout_prob=choice ++search.attn_dropout_prob=[0.25] ++search_space_type_overrides.attn_dropout_prob=choice

/venv/FMoE/lib/python3.10/site-packages/ray/_private/parameter.py:4: UserWarning: pkg_resources is deprecated as an API. See https://setuptools.pypa.io/en/latest/pkg_resources.html. The pkg_resources package is slated for removal as early as 2025-11-30. Refrain from using this package or pin to Setuptools<81.
  import pkg_resources
[RUN_STATUS] START pid=1167604 ts=2026-04-15T08:00:13

=================================================================
  Hyperopt  |  BSARec x movielens1m
  max_evals=6  epochs=70  patience=6  wandb=off
  search_algo=random
  batch_size(train/valid/test)=4096/4096/4096
  track=baseline_2  axis=pair60_v4  phase=PAIR60_V4_DMOVIELENS1M_MBSAREC_P045_C1_S1
=================================================================
Changed knobs: learning_rate
Tuned params(len>1): 1  (~1 discrete combos)
Tuned groups: 1
  [optimization]
    learning_rate                   [0.00018585190676987957, 0.0011151114406192772]  -> loguniform
Fixed params(singleton/non-list): 12
Fixed groups: 12
  [optimization]
    hidden_dropout_prob             0.25                                    
    weight_decay                    0.0005                                  
  [model_core]
    attn_dropout_prob               0.25                                    
    dropout_ratio                   0.25                                    
    embedding_size                  112                                     
    hidden_size                     112                                     
    inner_size                      224                                     
    num_heads                       4                                       
    num_layers                      1                                       
  [other]
    MAX_ITEM_LIST_LENGTH            50                                      
    n_heads                         4                                       
    n_layers                        1                                       

[Wandb] disabled for this hyperopt run

[1/6] learning_rate=0.0004567
  -> MRR@20=0.072600  best=0.072600  (full@70, trial=8.5min, avg=8.7min/trial, total=8.7min, ETA=43.7min)
[TRIAL_METRICS] cur_best_mrr20=0.072600 cur_best_hr10=0.166800 cur_test_mrr20=0.048000 cur_test_hr10=0.121300 run_best_mrr20=0.072600 run_best_hr10=0.166800 run_test_mrr20=0.048000 run_test_hr10=0.121300

[2/6] learning_rate=0.0005131
  -> MRR@20=0.080200  best=0.080200  (full@70, trial=8.6min, avg=8.7min/trial, total=17.3min, ETA=34.7min)
[TRIAL_METRICS] cur_best_mrr20=0.080200 cur_best_hr10=0.178800 cur_test_mrr20=0.052300 cur_test_hr10=0.132000 run_best_mrr20=0.080200 run_best_hr10=0.178800 run_test_mrr20=0.052300 run_test_hr10=0.132000

[3/6] learning_rate=0.0001992
  -> MRR@20=0.004300  best=0.080200  (early_stop@8, trial=56s, avg=6.1min/trial, total=18.3min, ETA=18.3min)
[TRIAL_METRICS] cur_best_mrr20=0.004300 cur_best_hr10=0.008300 cur_test_mrr20=0.002300 cur_test_hr10=0.005600 run_best_mrr20=0.080200 run_best_hr10=0.178800 run_test_mrr20=0.052300 run_test_hr10=0.132000

[4/6] learning_rate=0.0003983
  -> MRR@20=0.066400  best=0.080200  (full@70, trial=8.5min, avg=6.7min/trial, total=26.8min, ETA=13.4min)
[TRIAL_METRICS] cur_best_mrr20=0.066400 cur_best_hr10=0.153900 cur_test_mrr20=0.048600 cur_test_hr10=0.112500 run_best_mrr20=0.080200 run_best_hr10=0.178800 run_test_mrr20=0.052300 run_test_hr10=0.132000

[5/6] learning_rate=0.000464
  -> MRR@20=0.073300  best=0.080200  (full@70, trial=8.5min, avg=7.1min/trial, total=35.3min, ETA=7.1min)
[TRIAL_METRICS] cur_best_mrr20=0.073300 cur_best_hr10=0.171000 cur_test_mrr20=0.050300 cur_test_hr10=0.119900 run_best_mrr20=0.080200 run_best_hr10=0.178800 run_test_mrr20=0.052300 run_test_hr10=0.132000

[6/6] learning_rate=0.0003708
  -> MRR@20=0.060500  best=0.080200  (full@70, trial=8.7min, avg=7.3min/trial, total=44.0min, ETA=0s)
[TRIAL_METRICS] cur_best_mrr20=0.060500 cur_best_hr10=0.146100 cur_test_mrr20=0.048300 cur_test_hr10=0.109700 run_best_mrr20=0.080200 run_best_hr10=0.178800 run_test_mrr20=0.052300 run_test_hr10=0.132000

=================================================================
  DONE  |  BSARec x movielens1m
  Best MRR@20 = 0.080200  |  6/6 trials OK
  Best HR@10  = 0.178800
  Test MRR@20 = 0.052300  (best-valid checkpoint)
  Test HR@10  = 0.132000  (best-valid checkpoint)
[RUN_METRICS] best_valid_mrr20=0.080200 best_valid_hr10=0.178800 test_mrr20=0.052300 test_hr10=0.132000
  Total time: 44.0 min
  Best params:
    learning_rate: 0.000513088
  Results -> /workspace/FeaturedMoE/experiments/run/artifacts/results/baseline_2/movielens1m_BSARec_pair60_v4_dmovielens1m_mbsarec_p045_c1_s1_20260415_080013_860572_pid1167604.json
  Normal mirror -> /workspace/FeaturedMoE/experiments/run/artifacts/results/baseline_2/normal/pair60_v4/PAIR60/movielens1m/BSARec/movielens1m_BSARec_pair60_v4_dmovielens1m_mbsarec_p045_c1_s1_20260415_080013_860572_pid1167604.json
  Special result -> /workspace/FeaturedMoE/experiments/run/artifacts/results/baseline_2/special/pair60_v4/PAIR60/movielens1m/BSARec/movielens1m_BSARec_pair60_v4_dmovielens1m_mbsarec_p045_c1_s1_20260415_080013_860572_pid1167604_special_metrics.json
  Special log -> /workspace/FeaturedMoE/experiments/run/artifacts/logs/baseline_2/special/pair60_v4/PAIR60/movielens1m/BSARec/movielens1m_BSARec_pair60_v4_dmovielens1m_mbsarec_p045_c1_s1_20260415_080013_860572_pid1167604_special_metrics.json
=================================================================

[RUN_STATUS] END status=normal pid=1167604 start=2026-04-15T08:00:13 end=2026-04-15T08:44:11
