# CMD
/venv/FMoE/bin/python hyperopt_tune.py --config-name tune_ab --space-yaml /workspace/FeaturedMoE/experiments/run/artifacts/logs/baseline_2/PAIR60_ADDTUNING3_2/spaces/beauty_fame_K21.yaml --max-evals 10 --tune-epochs 100 --tune-patience 7 --search-algo tpe --seed 2026042121 --run-group baseline_2 --run-axis pair60_addtuning3_2 --run-phase BASELINE2_ADDTUNE3_2_BEAUTY_FAME_K21 model=fame dataset=beauty eval_mode=session_fixed feature_mode=full_v4 gpu_id=5 log_wandb=false show_progress=false ++seed=2026042121 ++eval_sampling.mode=full ++eval_sampling.auto_full_threshold=999999999 ++special_logging=true ++exclude_unseen_target_from_main_eval=true ++log_unseen_target_metrics=true

/venv/FMoE/lib/python3.10/site-packages/ray/_private/parameter.py:4: UserWarning: pkg_resources is deprecated as an API. See https://setuptools.pypa.io/en/latest/pkg_resources.html. The pkg_resources package is slated for removal as early as 2025-11-30. Refrain from using this package or pin to Setuptools<81.
  import pkg_resources
[RUN_STATUS] START pid=1321246 ts=2026-04-16T07:40:30
[SpaceYAML] loaded: /workspace/FeaturedMoE/experiments/run/artifacts/logs/baseline_2/PAIR60_ADDTUNING3_2/spaces/beauty_fame_K21.yaml (fixed=10, search=3)

=================================================================
  Hyperopt  |  FAME x beauty
  max_evals=10  epochs=100  patience=7  wandb=off
  search_algo=tpe
  batch_size(train/valid/test)=4096/8192/8192
  track=baseline_2  axis=pair60_addtuning3_2  phase=BASELINE2_ADDTUNE3_2_BEAUTY_FAME_K21
=================================================================
Changed knobs: MAX_ITEM_LIST_LENGTH, learning_rate, num_experts
Tuned params(len>1): 3  (~9 discrete combos)
Tuned groups: 3
  [optimization]
    learning_rate                   [5e-05, 0.011]                            -> loguniform
  [other]
    MAX_ITEM_LIST_LENGTH            [16, 20, 24]                              -> choice
    num_experts                     [2, 4, 6]                                 -> choice
Fixed params(singleton/non-list): 0
Fixed groups: 0
  (none)

[Wandb] disabled for this hyperopt run

[1/10] MAX_ITEM_LIST_LENGTH=16, learning_rate=0.000255, num_experts=4
  -> MRR@20=0.007200  best=0.007200  (early_stop@16, trial=7s, avg=9s/trial, total=9s, ETA=1.4min)
[TRIAL_METRICS] cur_best_mrr20=0.007200 cur_best_hr10=0.020100 cur_test_mrr20=0.007400 cur_test_hr10=0.008600 run_best_mrr20=0.007200 run_best_hr10=0.020100 run_test_mrr20=0.007400 run_test_hr10=0.008600

[2/10] MAX_ITEM_LIST_LENGTH=20, learning_rate=0.0001415, num_experts=6
  -> MRR@20=0.008900  best=0.008900  (early_stop@26, trial=35s, avg=22s/trial, total=44s, ETA=3.0min)
[TRIAL_METRICS] cur_best_mrr20=0.008900 cur_best_hr10=0.012000 cur_test_mrr20=0.006200 cur_test_hr10=0.014300 run_best_mrr20=0.008900 run_best_hr10=0.012000 run_test_mrr20=0.006200 run_test_hr10=0.014300

[3/10] MAX_ITEM_LIST_LENGTH=20, learning_rate=0.0004251, num_experts=2
  -> MRR@20=0.012300  best=0.012300  (early_stop@16, trial=14s, avg=19s/trial, total=58s, ETA=2.3min)
[TRIAL_METRICS] cur_best_mrr20=0.012300 cur_best_hr10=0.018100 cur_test_mrr20=0.004400 cur_test_hr10=0.011500 run_best_mrr20=0.012300 run_best_hr10=0.018100 run_test_mrr20=0.004400 run_test_hr10=0.011500

[4/10] MAX_ITEM_LIST_LENGTH=16, learning_rate=0.0002589, num_experts=4
  -> MRR@20=0.007300  best=0.012300  (early_stop@16, trial=17s, avg=19s/trial, total=1.3min, ETA=1.9min)
[TRIAL_METRICS] cur_best_mrr20=0.007300 cur_best_hr10=0.020100 cur_test_mrr20=0.007400 cur_test_hr10=0.008600 run_best_mrr20=0.012300 run_best_hr10=0.018100 run_test_mrr20=0.004400 run_test_hr10=0.011500

[5/10] MAX_ITEM_LIST_LENGTH=20, learning_rate=0.00871, num_experts=6
  -> MRR@20=0.016100  best=0.016100  (early_stop@19, trial=25s, avg=20s/trial, total=1.7min, ETA=1.7min)
[TRIAL_METRICS] cur_best_mrr20=0.016100 cur_best_hr10=0.020100 cur_test_mrr20=0.009500 cur_test_hr10=0.008600 run_best_mrr20=0.016100 run_best_hr10=0.020100 run_test_mrr20=0.009500 run_test_hr10=0.008600

[6/10] MAX_ITEM_LIST_LENGTH=20, learning_rate=0.0003788, num_experts=2
  -> MRR@20=0.011900  best=0.016100  (early_stop@16, trial=14s, avg=19s/trial, total=1.9min, ETA=1.3min)
[TRIAL_METRICS] cur_best_mrr20=0.011900 cur_best_hr10=0.018100 cur_test_mrr20=0.004300 cur_test_hr10=0.008600 run_best_mrr20=0.016100 run_best_hr10=0.020100 run_test_mrr20=0.009500 run_test_hr10=0.008600

[7/10] MAX_ITEM_LIST_LENGTH=20, learning_rate=0.00195, num_experts=4
  -> MRR@20=0.012200  best=0.016100  (early_stop@13, trial=14s, avg=18s/trial, total=2.2min, ETA=55s)
[TRIAL_METRICS] cur_best_mrr20=0.012200 cur_best_hr10=0.022100 cur_test_mrr20=0.005100 cur_test_hr10=0.011500 run_best_mrr20=0.016100 run_best_hr10=0.020100 run_test_mrr20=0.009500 run_test_hr10=0.008600

[8/10] MAX_ITEM_LIST_LENGTH=16, learning_rate=0.0002042, num_experts=4
  -> MRR@20=0.006100  best=0.016100  (early_stop@16, trial=16s, avg=18s/trial, total=2.4min, ETA=37s)
[TRIAL_METRICS] cur_best_mrr20=0.006100 cur_best_hr10=0.016100 cur_test_mrr20=0.005000 cur_test_hr10=0.008600 run_best_mrr20=0.016100 run_best_hr10=0.020100 run_test_mrr20=0.009500 run_test_hr10=0.008600

[9/10] MAX_ITEM_LIST_LENGTH=16, learning_rate=0.0001123, num_experts=6
  -> MRR@20=0.007100  best=0.016100  (early_stop@31, trial=38s, avg=21s/trial, total=3.1min, ETA=21s)
[TRIAL_METRICS] cur_best_mrr20=0.007100 cur_best_hr10=0.014100 cur_test_mrr20=0.002700 cur_test_hr10=0.005700 run_best_mrr20=0.016100 run_best_hr10=0.020100 run_test_mrr20=0.009500 run_test_hr10=0.008600

[10/10] MAX_ITEM_LIST_LENGTH=24, learning_rate=0.0002467, num_experts=4
  -> MRR@20=0.012900  best=0.016100  (early_stop@16, trial=19s, avg=20s/trial, total=3.4min, ETA=0s)
[TRIAL_METRICS] cur_best_mrr20=0.012900 cur_best_hr10=0.016100 cur_test_mrr20=0.004800 cur_test_hr10=0.011500 run_best_mrr20=0.016100 run_best_hr10=0.020100 run_test_mrr20=0.009500 run_test_hr10=0.008600

=================================================================
  DONE  |  FAME x beauty
  Best MRR@20 = 0.016100  |  10/10 trials OK
  Best HR@10  = 0.020100
  Test MRR@20 = 0.009500  (best-valid checkpoint)
  Test HR@10  = 0.008600  (best-valid checkpoint)
[RUN_METRICS] best_valid_mrr20=0.016100 best_valid_hr10=0.020100 test_mrr20=0.009500 test_hr10=0.008600
  Total time: 3.4 min
  Best params:
    MAX_ITEM_LIST_LENGTH: 20
    learning_rate: 0.00870973
    num_experts: 6
  Results -> /workspace/FeaturedMoE/experiments/run/artifacts/results/baseline_2/beauty_FAME_baseline2_addtune3_2_beauty_fame_k21_20260416_074031_061128_pid1321246.json
  Normal mirror -> /workspace/FeaturedMoE/experiments/run/artifacts/results/baseline_2/normal/pair60_addtuning3_2/BASELINE2/beauty/FAME/beauty_FAME_baseline2_addtune3_2_beauty_fame_k21_20260416_074031_061128_pid1321246.json
  Special result -> /workspace/FeaturedMoE/experiments/run/artifacts/results/baseline_2/special/pair60_addtuning3_2/BASELINE2/beauty/FAME/beauty_FAME_baseline2_addtune3_2_beauty_fame_k21_20260416_074031_061128_pid1321246_special_metrics.json
  Special log -> /workspace/FeaturedMoE/experiments/run/artifacts/logs/baseline_2/special/pair60_addtuning3_2/BASELINE2/beauty/FAME/beauty_FAME_baseline2_addtune3_2_beauty_fame_k21_20260416_074031_061128_pid1321246_special_metrics.json
=================================================================

[RUN_STATUS] END status=normal pid=1321246 start=2026-04-16T07:40:30 end=2026-04-16T07:43:55
