# CMD
/venv/FMoE/bin/python hyperopt_tune.py --config-name tune_ab --space-yaml /workspace/FeaturedMoE/experiments/run/artifacts/logs/baseline_2/PAIR60_ADDTUNING3_2/spaces/beauty_gru4rec_K21.yaml --max-evals 12 --tune-epochs 100 --tune-patience 7 --search-algo tpe --seed 2026042321 --run-group baseline_2 --run-axis pair60_addtuning3_2 --run-phase BASELINE2_ADDTUNE3_2_BEAUTY_GRU4REC_K21 model=gru4rec dataset=beauty eval_mode=session_fixed feature_mode=full_v4 gpu_id=1 log_wandb=false show_progress=false ++seed=2026042321 ++eval_sampling.mode=full ++eval_sampling.auto_full_threshold=999999999 ++special_logging=true ++exclude_unseen_target_from_main_eval=true ++log_unseen_target_metrics=true

/venv/FMoE/lib/python3.10/site-packages/ray/_private/parameter.py:4: UserWarning: pkg_resources is deprecated as an API. See https://setuptools.pypa.io/en/latest/pkg_resources.html. The pkg_resources package is slated for removal as early as 2025-11-30. Refrain from using this package or pin to Setuptools<81.
  import pkg_resources
[RUN_STATUS] START pid=1318479 ts=2026-04-16T07:30:27
[SpaceYAML] loaded: /workspace/FeaturedMoE/experiments/run/artifacts/logs/baseline_2/PAIR60_ADDTUNING3_2/spaces/beauty_gru4rec_K21.yaml (fixed=7, search=3)

=================================================================
  Hyperopt  |  GRU4Rec x beauty
  max_evals=12  epochs=100  patience=7  wandb=off
  search_algo=tpe
  batch_size(train/valid/test)=4096/8192/8192
  track=baseline_2  axis=pair60_addtuning3_2  phase=BASELINE2_ADDTUNE3_2_BEAUTY_GRU4REC_K21
=================================================================
Changed knobs: learning_rate, num_layers, weight_decay
Tuned params(len>1): 3  (~12 discrete combos)
Tuned groups: 3
  [optimization]
    learning_rate                   [0.0003, 0.01]                            -> loguniform
    weight_decay                    [1e-06, 1.3e-06, 2.34e-06]                -> choice
  [model_core]
    num_layers                      [1, 2, 3, 4]                              -> choice
Fixed params(singleton/non-list): 0
Fixed groups: 0
  (none)

[Wandb] disabled for this hyperopt run

[1/12] learning_rate=0.008127, num_layers=4, weight_decay=2.34e-06
  -> MRR@20=0.034500  best=0.034500  (early_stop@17, trial=5s, avg=8s/trial, total=8s, ETA=1.4min)
[TRIAL_METRICS] cur_best_mrr20=0.034500 cur_best_hr10=0.068300 cur_test_mrr20=0.014800 cur_test_hr10=0.040100 run_best_mrr20=0.034500 run_best_hr10=0.068300 run_test_mrr20=0.014800 run_test_hr10=0.040100

[2/12] learning_rate=0.0003178, num_layers=2, weight_decay=1e-06
  -> MRR@20=0.005800  best=0.034500  (early_stop@13, trial=3s, avg=5s/trial, total=11s, ETA=53s)
[TRIAL_METRICS] cur_best_mrr20=0.005800 cur_best_hr10=0.016100 cur_test_mrr20=0.005700 cur_test_hr10=0.014300 run_best_mrr20=0.034500 run_best_hr10=0.068300 run_test_mrr20=0.014800 run_test_hr10=0.040100

[3/12] learning_rate=0.007588, num_layers=2, weight_decay=1.3e-06
  -> MRR@20=0.065000  best=0.065000  (early_stop@23, trial=5s, avg=5s/trial, total=16s, ETA=47s)
[TRIAL_METRICS] cur_best_mrr20=0.065000 cur_best_hr10=0.112400 cur_test_mrr20=0.021900 cur_test_hr10=0.043000 run_best_mrr20=0.065000 run_best_hr10=0.112400 run_test_mrr20=0.021900 run_test_hr10=0.043000

[4/12] learning_rate=0.0005146, num_layers=1, weight_decay=1e-06
  -> MRR@20=0.009000  best=0.065000  (early_stop@16, trial=3s, avg=5s/trial, total=19s, ETA=38s)
[TRIAL_METRICS] cur_best_mrr20=0.009000 cur_best_hr10=0.020100 cur_test_mrr20=0.009000 cur_test_hr10=0.025800 run_best_mrr20=0.065000 run_best_hr10=0.112400 run_test_mrr20=0.021900 run_test_hr10=0.043000

[5/12] learning_rate=0.002976, num_layers=1, weight_decay=2.34e-06
  -> MRR@20=0.067400  best=0.067400  (early_stop@23, trial=4s, avg=5s/trial, total=24s, ETA=33s)
[TRIAL_METRICS] cur_best_mrr20=0.067400 cur_best_hr10=0.114500 cur_test_mrr20=0.024000 cur_test_hr10=0.051600 run_best_mrr20=0.067400 run_best_hr10=0.114500 run_test_mrr20=0.024000 run_test_hr10=0.051600

[6/12] learning_rate=0.00182, num_layers=4, weight_decay=1e-06
  -> MRR@20=0.030600  best=0.067400  (early_stop@29, trial=6s, avg=5s/trial, total=30s, ETA=30s)
[TRIAL_METRICS] cur_best_mrr20=0.030600 cur_best_hr10=0.060200 cur_test_mrr20=0.011400 cur_test_hr10=0.037200 run_best_mrr20=0.067400 run_best_hr10=0.114500 run_test_mrr20=0.024000 run_test_hr10=0.051600

[7/12] learning_rate=0.002047, num_layers=2, weight_decay=1e-06
  -> MRR@20=0.040900  best=0.067400  (early_stop@33, trial=6s, avg=5s/trial, total=36s, ETA=26s)
[TRIAL_METRICS] cur_best_mrr20=0.040900 cur_best_hr10=0.074300 cur_test_mrr20=0.023400 cur_test_hr10=0.048700 run_best_mrr20=0.067400 run_best_hr10=0.114500 run_test_mrr20=0.024000 run_test_hr10=0.051600

[8/12] learning_rate=0.001198, num_layers=3, weight_decay=1e-06
  -> MRR@20=0.019200  best=0.067400  (early_stop@18, trial=4s, avg=5s/trial, total=40s, ETA=20s)
[TRIAL_METRICS] cur_best_mrr20=0.019200 cur_best_hr10=0.036100 cur_test_mrr20=0.016900 cur_test_hr10=0.040100 run_best_mrr20=0.067400 run_best_hr10=0.114500 run_test_mrr20=0.024000 run_test_hr10=0.051600

[9/12] learning_rate=0.0004406, num_layers=3, weight_decay=1e-06
  -> MRR@20=0.012700  best=0.067400  (early_stop@17, trial=4s, avg=5s/trial, total=44s, ETA=15s)
[TRIAL_METRICS] cur_best_mrr20=0.012700 cur_best_hr10=0.024100 cur_test_mrr20=0.019500 cur_test_hr10=0.028700 run_best_mrr20=0.067400 run_best_hr10=0.114500 run_test_mrr20=0.024000 run_test_hr10=0.051600

[10/12] learning_rate=0.0003434, num_layers=3, weight_decay=1.3e-06
  -> MRR@20=0.013400  best=0.067400  (early_stop@19, trial=4s, avg=5s/trial, total=49s, ETA=10s)
[TRIAL_METRICS] cur_best_mrr20=0.013400 cur_best_hr10=0.022100 cur_test_mrr20=0.019900 cur_test_hr10=0.028700 run_best_mrr20=0.067400 run_best_hr10=0.114500 run_test_mrr20=0.024000 run_test_hr10=0.051600

[11/12] learning_rate=0.007043, num_layers=2, weight_decay=1e-06
  -> MRR@20=0.051600  best=0.067400  (early_stop@20, trial=4s, avg=5s/trial, total=53s, ETA=5s)
[TRIAL_METRICS] cur_best_mrr20=0.051600 cur_best_hr10=0.112400 cur_test_mrr20=0.023100 cur_test_hr10=0.063000 run_best_mrr20=0.067400 run_best_hr10=0.114500 run_test_mrr20=0.024000 run_test_hr10=0.051600

[12/12] learning_rate=0.0008343, num_layers=3, weight_decay=2.34e-06
  -> MRR@20=0.011900  best=0.067400  (early_stop@11, trial=2s, avg=5s/trial, total=55s, ETA=0s)
[TRIAL_METRICS] cur_best_mrr20=0.011900 cur_best_hr10=0.026100 cur_test_mrr20=0.016600 cur_test_hr10=0.025800 run_best_mrr20=0.067400 run_best_hr10=0.114500 run_test_mrr20=0.024000 run_test_hr10=0.051600

=================================================================
  DONE  |  GRU4Rec x beauty
  Best MRR@20 = 0.067400  |  12/12 trials OK
  Best HR@10  = 0.114500
  Test MRR@20 = 0.024000  (best-valid checkpoint)
  Test HR@10  = 0.051600  (best-valid checkpoint)
[RUN_METRICS] best_valid_mrr20=0.067400 best_valid_hr10=0.114500 test_mrr20=0.024000 test_hr10=0.051600
  Total time: 0.9 min
  Best params:
    learning_rate: 0.00297617
    num_layers: 1
    weight_decay: 2.34e-06
  Results -> /workspace/FeaturedMoE/experiments/run/artifacts/results/baseline_2/beauty_GRU4Rec_baseline2_addtune3_2_beauty_gru4rec_k21_20260416_073027_585764_pid1318479.json
  Normal mirror -> /workspace/FeaturedMoE/experiments/run/artifacts/results/baseline_2/normal/pair60_addtuning3_2/BASELINE2/beauty/GRU4Rec/beauty_GRU4Rec_baseline2_addtune3_2_beauty_gru4rec_k21_20260416_073027_585764_pid1318479.json
  Special result -> /workspace/FeaturedMoE/experiments/run/artifacts/results/baseline_2/special/pair60_addtuning3_2/BASELINE2/beauty/GRU4Rec/beauty_GRU4Rec_baseline2_addtune3_2_beauty_gru4rec_k21_20260416_073027_585764_pid1318479_special_metrics.json
  Special log -> /workspace/FeaturedMoE/experiments/run/artifacts/logs/baseline_2/special/pair60_addtuning3_2/BASELINE2/beauty/GRU4Rec/beauty_GRU4Rec_baseline2_addtune3_2_beauty_gru4rec_k21_20260416_073027_585764_pid1318479_special_metrics.json
=================================================================

[RUN_STATUS] END status=normal pid=1318479 start=2026-04-16T07:30:27 end=2026-04-16T07:31:22
