# CMD
/venv/FMoE/bin/python hyperopt_tune.py --config-name tune_ab --space-yaml /workspace/FeaturedMoE/experiments/run/artifacts/logs/baseline_2/PAIR60_ADDTUNING3_2/spaces/beauty_difsr_K25.yaml --max-evals 12 --tune-epochs 100 --tune-patience 7 --search-algo tpe --seed 2026042225 --run-group baseline_2 --run-axis pair60_addtuning3_2 --run-phase BASELINE2_ADDTUNE3_2_BEAUTY_DIFSR_K25 model=difsr dataset=beauty eval_mode=session_fixed feature_mode=full_v4 gpu_id=4 log_wandb=false show_progress=false ++seed=2026042225 ++eval_sampling.mode=full ++eval_sampling.auto_full_threshold=999999999 ++special_logging=true ++exclude_unseen_target_from_main_eval=true ++log_unseen_target_metrics=true

/venv/FMoE/lib/python3.10/site-packages/ray/_private/parameter.py:4: UserWarning: pkg_resources is deprecated as an API. See https://setuptools.pypa.io/en/latest/pkg_resources.html. The pkg_resources package is slated for removal as early as 2025-11-30. Refrain from using this package or pin to Setuptools<81.
  import pkg_resources
[RUN_STATUS] START pid=1312346 ts=2026-04-16T07:15:51
[SpaceYAML] loaded: /workspace/FeaturedMoE/experiments/run/artifacts/logs/baseline_2/PAIR60_ADDTUNING3_2/spaces/beauty_difsr_K25.yaml (fixed=13, search=3)

=================================================================
  Hyperopt  |  DIFSR x beauty
  max_evals=12  epochs=100  patience=7  wandb=off
  search_algo=tpe
  batch_size(train/valid/test)=4096/8192/8192
  track=baseline_2  axis=pair60_addtuning3_2  phase=BASELINE2_ADDTUNE3_2_BEAUTY_DIFSR_K25
=================================================================
Changed knobs: MAX_ITEM_LIST_LENGTH, attribute_hidden_size, learning_rate
Tuned params(len>1): 3  (~12 discrete combos)
Tuned groups: 3
  [optimization]
    learning_rate                   [0.003, 0.024]                            -> loguniform
  [other]
    MAX_ITEM_LIST_LENGTH            [10, 12, 14]                              -> choice
    attribute_hidden_size           [64, 80, 160, 224]                        -> choice
Fixed params(singleton/non-list): 0
Fixed groups: 0
  (none)

[Wandb] disabled for this hyperopt run

[1/12] MAX_ITEM_LIST_LENGTH=14, attribute_hidden_size=64, learning_rate=0.01787
  -> MRR@20=0.009900  best=0.009900  (early_stop@14, trial=3s, avg=6s/trial, total=6s, ETA=1.1min)
[TRIAL_METRICS] cur_best_mrr20=0.009900 cur_best_hr10=0.038200 cur_test_mrr20=0.003400 cur_test_hr10=0.020100 run_best_mrr20=0.009900 run_best_hr10=0.038200 run_test_mrr20=0.003400 run_test_hr10=0.020100

[2/12] MAX_ITEM_LIST_LENGTH=12, attribute_hidden_size=224, learning_rate=0.006452
  -> MRR@20=0.013900  best=0.013900  (early_stop@15, trial=3s, avg=5s/trial, total=9s, ETA=47s)
[TRIAL_METRICS] cur_best_mrr20=0.013900 cur_best_hr10=0.018100 cur_test_mrr20=0.009300 cur_test_hr10=0.011500 run_best_mrr20=0.013900 run_best_hr10=0.018100 run_test_mrr20=0.009300 run_test_hr10=0.011500

[3/12] MAX_ITEM_LIST_LENGTH=10, attribute_hidden_size=80, learning_rate=0.02315
  -> MRR@20=0.009900  best=0.013900  (early_stop@9, trial=2s, avg=4s/trial, total=12s, ETA=36s)
[TRIAL_METRICS] cur_best_mrr20=0.009900 cur_best_hr10=0.016100 cur_test_mrr20=0.009400 cur_test_hr10=0.014300 run_best_mrr20=0.013900 run_best_hr10=0.018100 run_test_mrr20=0.009300 run_test_hr10=0.011500

[4/12] MAX_ITEM_LIST_LENGTH=12, attribute_hidden_size=64, learning_rate=0.0108
  -> MRR@20=0.016400  best=0.016400  (early_stop@10, trial=2s, avg=4s/trial, total=15s, ETA=29s)
[TRIAL_METRICS] cur_best_mrr20=0.016400 cur_best_hr10=0.028100 cur_test_mrr20=0.012700 cur_test_hr10=0.020100 run_best_mrr20=0.016400 run_best_hr10=0.028100 run_test_mrr20=0.012700 run_test_hr10=0.020100

[5/12] MAX_ITEM_LIST_LENGTH=12, attribute_hidden_size=160, learning_rate=0.01401
  -> MRR@20=0.015900  best=0.016400  (early_stop@16, trial=3s, avg=4s/trial, total=18s, ETA=25s)
[TRIAL_METRICS] cur_best_mrr20=0.015900 cur_best_hr10=0.022100 cur_test_mrr20=0.009600 cur_test_hr10=0.008600 run_best_mrr20=0.016400 run_best_hr10=0.028100 run_test_mrr20=0.012700 run_test_hr10=0.020100

[6/12] MAX_ITEM_LIST_LENGTH=12, attribute_hidden_size=224, learning_rate=0.004789
  -> MRR@20=0.011500  best=0.016400  (early_stop@16, trial=4s, avg=4s/trial, total=21s, ETA=21s)
[TRIAL_METRICS] cur_best_mrr20=0.011500 cur_best_hr10=0.020100 cur_test_mrr20=0.008200 cur_test_hr10=0.011500 run_best_mrr20=0.016400 run_best_hr10=0.028100 run_test_mrr20=0.012700 run_test_hr10=0.020100

[7/12] MAX_ITEM_LIST_LENGTH=10, attribute_hidden_size=64, learning_rate=0.01343
  -> MRR@20=0.015400  best=0.016400  (early_stop@20, trial=4s, avg=4s/trial, total=26s, ETA=19s)
[TRIAL_METRICS] cur_best_mrr20=0.015400 cur_best_hr10=0.032100 cur_test_mrr20=0.010400 cur_test_hr10=0.020100 run_best_mrr20=0.016400 run_best_hr10=0.028100 run_test_mrr20=0.012700 run_test_hr10=0.020100

[8/12] MAX_ITEM_LIST_LENGTH=10, attribute_hidden_size=64, learning_rate=0.01666
  -> MRR@20=0.006400  best=0.016400  (early_stop@8, trial=2s, avg=4s/trial, total=28s, ETA=14s)
[TRIAL_METRICS] cur_best_mrr20=0.006400 cur_best_hr10=0.044200 cur_test_mrr20=0.000200 cur_test_hr10=0.000000 run_best_mrr20=0.016400 run_best_hr10=0.028100 run_test_mrr20=0.012700 run_test_hr10=0.020100

[9/12] MAX_ITEM_LIST_LENGTH=14, attribute_hidden_size=224, learning_rate=0.008542
  -> MRR@20=0.015800  best=0.016400  (early_stop@10, trial=2s, avg=3s/trial, total=31s, ETA=10s)
[TRIAL_METRICS] cur_best_mrr20=0.015800 cur_best_hr10=0.018100 cur_test_mrr20=0.013000 cur_test_hr10=0.014300 run_best_mrr20=0.016400 run_best_hr10=0.028100 run_test_mrr20=0.012700 run_test_hr10=0.020100

[10/12] MAX_ITEM_LIST_LENGTH=12, attribute_hidden_size=80, learning_rate=0.006205
  -> MRR@20=0.014600  best=0.016400  (early_stop@10, trial=2s, avg=3s/trial, total=34s, ETA=7s)
[TRIAL_METRICS] cur_best_mrr20=0.014600 cur_best_hr10=0.016100 cur_test_mrr20=0.011800 cur_test_hr10=0.014300 run_best_mrr20=0.016400 run_best_hr10=0.028100 run_test_mrr20=0.012700 run_test_hr10=0.020100

[11/12] MAX_ITEM_LIST_LENGTH=14, attribute_hidden_size=224, learning_rate=0.008924
  -> MRR@20=0.008100  best=0.016400  (early_stop@10, trial=2s, avg=3s/trial, total=36s, ETA=3s)
[TRIAL_METRICS] cur_best_mrr20=0.008100 cur_best_hr10=0.018100 cur_test_mrr20=0.006700 cur_test_hr10=0.014300 run_best_mrr20=0.016400 run_best_hr10=0.028100 run_test_mrr20=0.012700 run_test_hr10=0.020100

[12/12] MAX_ITEM_LIST_LENGTH=12, attribute_hidden_size=224, learning_rate=0.00512
  -> MRR@20=0.009200  best=0.016400  (early_stop@15, trial=3s, avg=3s/trial, total=39s, ETA=0s)
[TRIAL_METRICS] cur_best_mrr20=0.009200 cur_best_hr10=0.022100 cur_test_mrr20=0.007200 cur_test_hr10=0.020100 run_best_mrr20=0.016400 run_best_hr10=0.028100 run_test_mrr20=0.012700 run_test_hr10=0.020100

=================================================================
  DONE  |  DIFSR x beauty
  Best MRR@20 = 0.016400  |  12/12 trials OK
  Best HR@10  = 0.028100
  Test MRR@20 = 0.012700  (best-valid checkpoint)
  Test HR@10  = 0.020100  (best-valid checkpoint)
[RUN_METRICS] best_valid_mrr20=0.016400 best_valid_hr10=0.028100 test_mrr20=0.012700 test_hr10=0.020100
  Total time: 0.7 min
  Best params:
    MAX_ITEM_LIST_LENGTH: 12
    attribute_hidden_size: 64
    learning_rate: 0.0107983
  Results -> /workspace/FeaturedMoE/experiments/run/artifacts/results/baseline_2/beauty_DIFSR_baseline2_addtune3_2_beauty_difsr_k25_20260416_071552_122948_pid1312346.json
  Normal mirror -> /workspace/FeaturedMoE/experiments/run/artifacts/results/baseline_2/normal/pair60_addtuning3_2/BASELINE2/beauty/DIFSR/beauty_DIFSR_baseline2_addtune3_2_beauty_difsr_k25_20260416_071552_122948_pid1312346.json
  Special result -> /workspace/FeaturedMoE/experiments/run/artifacts/results/baseline_2/special/pair60_addtuning3_2/BASELINE2/beauty/DIFSR/beauty_DIFSR_baseline2_addtune3_2_beauty_difsr_k25_20260416_071552_122948_pid1312346_special_metrics.json
  Special log -> /workspace/FeaturedMoE/experiments/run/artifacts/logs/baseline_2/special/pair60_addtuning3_2/BASELINE2/beauty/DIFSR/beauty_DIFSR_baseline2_addtune3_2_beauty_difsr_k25_20260416_071552_122948_pid1312346_special_metrics.json
=================================================================

[RUN_STATUS] END status=normal pid=1312346 start=2026-04-16T07:15:51 end=2026-04-16T07:16:31
