# CMD
/venv/FMoE/bin/python hyperopt_tune.py --config-name tune_ab --space-yaml /workspace/FeaturedMoE/experiments/run/artifacts/logs/baseline_2/PAIR60_ADDTUNING3_2/spaces/beauty_gru4rec_K46.yaml --max-evals 12 --tune-epochs 100 --tune-patience 7 --search-algo tpe --seed 2026042346 --run-group baseline_2 --run-axis pair60_addtuning3_2 --run-phase BASELINE2_ADDTUNE3_2_BEAUTY_GRU4REC_K46 model=gru4rec dataset=beauty eval_mode=session_fixed feature_mode=full_v4 gpu_id=5 log_wandb=false show_progress=false ++seed=2026042346 ++eval_sampling.mode=full ++eval_sampling.auto_full_threshold=999999999 ++special_logging=true ++exclude_unseen_target_from_main_eval=true ++log_unseen_target_metrics=true

/venv/FMoE/lib/python3.10/site-packages/ray/_private/parameter.py:4: UserWarning: pkg_resources is deprecated as an API. See https://setuptools.pypa.io/en/latest/pkg_resources.html. The pkg_resources package is slated for removal as early as 2025-11-30. Refrain from using this package or pin to Setuptools<81.
  import pkg_resources
[RUN_STATUS] START pid=1325983 ts=2026-04-16T08:10:35
[SpaceYAML] loaded: /workspace/FeaturedMoE/experiments/run/artifacts/logs/baseline_2/PAIR60_ADDTUNING3_2/spaces/beauty_gru4rec_K46.yaml (fixed=7, search=3)

=================================================================
  Hyperopt  |  GRU4Rec x beauty
  max_evals=12  epochs=100  patience=7  wandb=off
  search_algo=tpe
  batch_size(train/valid/test)=4096/8192/8192
  track=baseline_2  axis=pair60_addtuning3_2  phase=BASELINE2_ADDTUNE3_2_BEAUTY_GRU4REC_K46
=================================================================
Changed knobs: MAX_ITEM_LIST_LENGTH, learning_rate, num_layers
Tuned params(len>1): 3  (~12 discrete combos)
Tuned groups: 3
  [optimization]
    learning_rate                   [0.0003, 0.01]                            -> loguniform
  [model_core]
    num_layers                      [1, 2, 3, 4]                              -> choice
  [other]
    MAX_ITEM_LIST_LENGTH            [14, 16, 18]                              -> choice
Fixed params(singleton/non-list): 0
Fixed groups: 0
  (none)

[Wandb] disabled for this hyperopt run

[1/12] MAX_ITEM_LIST_LENGTH=16, learning_rate=0.008717, num_layers=2
  -> MRR@20=0.076500  best=0.076500  (early_stop@15, trial=4s, avg=6s/trial, total=6s, ETA=1.1min)
[TRIAL_METRICS] cur_best_mrr20=0.076500 cur_best_hr10=0.122500 cur_test_mrr20=0.019500 cur_test_hr10=0.051600 run_best_mrr20=0.076500 run_best_hr10=0.122500 run_test_mrr20=0.019500 run_test_hr10=0.051600

[2/12] MAX_ITEM_LIST_LENGTH=18, learning_rate=0.001537, num_layers=3
  -> MRR@20=0.035800  best=0.076500  (early_stop@41, trial=9s, avg=8s/trial, total=16s, ETA=1.3min)
[TRIAL_METRICS] cur_best_mrr20=0.035800 cur_best_hr10=0.100400 cur_test_mrr20=0.014100 cur_test_hr10=0.043000 run_best_mrr20=0.076500 run_best_hr10=0.122500 run_test_mrr20=0.019500 run_test_hr10=0.051600

[3/12] MAX_ITEM_LIST_LENGTH=18, learning_rate=0.001044, num_layers=3
  -> MRR@20=0.018600  best=0.076500  (early_stop@19, trial=4s, avg=7s/trial, total=20s, ETA=1.0min)
[TRIAL_METRICS] cur_best_mrr20=0.018600 cur_best_hr10=0.044200 cur_test_mrr20=0.014200 cur_test_hr10=0.037200 run_best_mrr20=0.076500 run_best_hr10=0.122500 run_test_mrr20=0.019500 run_test_hr10=0.051600

[4/12] MAX_ITEM_LIST_LENGTH=16, learning_rate=0.008178, num_layers=2
  -> MRR@20=0.052000  best=0.076500  (early_stop@14, trial=3s, avg=6s/trial, total=24s, ETA=47s)
[TRIAL_METRICS] cur_best_mrr20=0.052000 cur_best_hr10=0.106400 cur_test_mrr20=0.016500 cur_test_hr10=0.051600 run_best_mrr20=0.076500 run_best_hr10=0.122500 run_test_mrr20=0.019500 run_test_hr10=0.051600

[5/12] MAX_ITEM_LIST_LENGTH=16, learning_rate=0.0005039, num_layers=2
  -> MRR@20=0.018400  best=0.076500  (early_stop@28, trial=5s, avg=6s/trial, total=29s, ETA=41s)
[TRIAL_METRICS] cur_best_mrr20=0.018400 cur_best_hr10=0.030100 cur_test_mrr20=0.014000 cur_test_hr10=0.028700 run_best_mrr20=0.076500 run_best_hr10=0.122500 run_test_mrr20=0.019500 run_test_hr10=0.051600

[6/12] MAX_ITEM_LIST_LENGTH=14, learning_rate=0.0003896, num_layers=3
  -> MRR@20=0.021200  best=0.076500  (early_stop@28, trial=6s, avg=6s/trial, total=36s, ETA=36s)
[TRIAL_METRICS] cur_best_mrr20=0.021200 cur_best_hr10=0.042200 cur_test_mrr20=0.014700 cur_test_hr10=0.034400 run_best_mrr20=0.076500 run_best_hr10=0.122500 run_test_mrr20=0.019500 run_test_hr10=0.051600

[7/12] MAX_ITEM_LIST_LENGTH=14, learning_rate=0.003976, num_layers=2
  -> MRR@20=0.048800  best=0.076500  (early_stop@18, trial=3s, avg=6s/trial, total=39s, ETA=28s)
[TRIAL_METRICS] cur_best_mrr20=0.048800 cur_best_hr10=0.108400 cur_test_mrr20=0.023000 cur_test_hr10=0.043000 run_best_mrr20=0.076500 run_best_hr10=0.122500 run_test_mrr20=0.019500 run_test_hr10=0.051600

[8/12] MAX_ITEM_LIST_LENGTH=14, learning_rate=0.0004502, num_layers=2
  -> MRR@20=0.019000  best=0.076500  (early_stop@38, trial=7s, avg=6s/trial, total=47s, ETA=23s)
[TRIAL_METRICS] cur_best_mrr20=0.019000 cur_best_hr10=0.040200 cur_test_mrr20=0.017000 cur_test_hr10=0.031500 run_best_mrr20=0.076500 run_best_hr10=0.122500 run_test_mrr20=0.019500 run_test_hr10=0.051600

[9/12] MAX_ITEM_LIST_LENGTH=14, learning_rate=0.00141, num_layers=2
  -> MRR@20=0.038700  best=0.076500  (early_stop@43, trial=7s, avg=6s/trial, total=54s, ETA=18s)
[TRIAL_METRICS] cur_best_mrr20=0.038700 cur_best_hr10=0.080300 cur_test_mrr20=0.018000 cur_test_hr10=0.040100 run_best_mrr20=0.076500 run_best_hr10=0.122500 run_test_mrr20=0.019500 run_test_hr10=0.051600

[10/12] MAX_ITEM_LIST_LENGTH=18, learning_rate=0.006394, num_layers=2
  -> MRR@20=0.065600  best=0.076500  (early_stop@24, trial=4s, avg=6s/trial, total=59s, ETA=12s)
[TRIAL_METRICS] cur_best_mrr20=0.065600 cur_best_hr10=0.114500 cur_test_mrr20=0.011100 cur_test_hr10=0.040100 run_best_mrr20=0.076500 run_best_hr10=0.122500 run_test_mrr20=0.019500 run_test_hr10=0.051600

[11/12] MAX_ITEM_LIST_LENGTH=14, learning_rate=0.001162, num_layers=2
  -> MRR@20=0.039900  best=0.076500  (early_stop@46, trial=8s, avg=6s/trial, total=1.1min, ETA=6s)
[TRIAL_METRICS] cur_best_mrr20=0.039900 cur_best_hr10=0.078300 cur_test_mrr20=0.015800 cur_test_hr10=0.037200 run_best_mrr20=0.076500 run_best_hr10=0.122500 run_test_mrr20=0.019500 run_test_hr10=0.051600

[12/12] MAX_ITEM_LIST_LENGTH=18, learning_rate=0.004213, num_layers=1
  -> MRR@20=0.080500  best=0.080500  (early_stop@22, trial=4s, avg=6s/trial, total=1.2min, ETA=0s)
[TRIAL_METRICS] cur_best_mrr20=0.080500 cur_best_hr10=0.124500 cur_test_mrr20=0.017500 cur_test_hr10=0.057300 run_best_mrr20=0.080500 run_best_hr10=0.124500 run_test_mrr20=0.017500 run_test_hr10=0.057300

=================================================================
  DONE  |  GRU4Rec x beauty
  Best MRR@20 = 0.080500  |  12/12 trials OK
  Best HR@10  = 0.124500
  Test MRR@20 = 0.017500  (best-valid checkpoint)
  Test HR@10  = 0.057300  (best-valid checkpoint)
[RUN_METRICS] best_valid_mrr20=0.080500 best_valid_hr10=0.124500 test_mrr20=0.017500 test_hr10=0.057300
  Total time: 1.2 min
  Best params:
    MAX_ITEM_LIST_LENGTH: 18
    learning_rate: 0.00421339
    num_layers: 1
  Results -> /workspace/FeaturedMoE/experiments/run/artifacts/results/baseline_2/beauty_GRU4Rec_baseline2_addtune3_2_beauty_gru4rec_k46_20260416_081035_422012_pid1325983.json
  Normal mirror -> /workspace/FeaturedMoE/experiments/run/artifacts/results/baseline_2/normal/pair60_addtuning3_2/BASELINE2/beauty/GRU4Rec/beauty_GRU4Rec_baseline2_addtune3_2_beauty_gru4rec_k46_20260416_081035_422012_pid1325983.json
  Special result -> /workspace/FeaturedMoE/experiments/run/artifacts/results/baseline_2/special/pair60_addtuning3_2/BASELINE2/beauty/GRU4Rec/beauty_GRU4Rec_baseline2_addtune3_2_beauty_gru4rec_k46_20260416_081035_422012_pid1325983_special_metrics.json
  Special log -> /workspace/FeaturedMoE/experiments/run/artifacts/logs/baseline_2/special/pair60_addtuning3_2/BASELINE2/beauty/GRU4Rec/beauty_GRU4Rec_baseline2_addtune3_2_beauty_gru4rec_k46_20260416_081035_422012_pid1325983_special_metrics.json
=================================================================

[RUN_STATUS] END status=normal pid=1325983 start=2026-04-16T08:10:35 end=2026-04-16T08:11:48
