# CMD
/venv/FMoE/bin/python hyperopt_tune.py --config-name tune_ab --space-yaml /workspace/FeaturedMoE/experiments/run/artifacts/logs/baseline_2/PAIR60_ADDTUNING3_2/spaces/beauty_difsr_K21.yaml --max-evals 12 --tune-epochs 100 --tune-patience 7 --search-algo tpe --seed 2026042221 --run-group baseline_2 --run-axis pair60_addtuning3_2 --run-phase BASELINE2_ADDTUNE3_2_BEAUTY_DIFSR_K21 model=difsr dataset=beauty eval_mode=session_fixed feature_mode=full_v4 gpu_id=3 log_wandb=false show_progress=false ++seed=2026042221 ++eval_sampling.mode=full ++eval_sampling.auto_full_threshold=999999999 ++special_logging=true ++exclude_unseen_target_from_main_eval=true ++log_unseen_target_metrics=true

/venv/FMoE/lib/python3.10/site-packages/ray/_private/parameter.py:4: UserWarning: pkg_resources is deprecated as an API. See https://setuptools.pypa.io/en/latest/pkg_resources.html. The pkg_resources package is slated for removal as early as 2025-11-30. Refrain from using this package or pin to Setuptools<81.
  import pkg_resources
[RUN_STATUS] START pid=1312177 ts=2026-04-16T07:15:12
[SpaceYAML] loaded: /workspace/FeaturedMoE/experiments/run/artifacts/logs/baseline_2/PAIR60_ADDTUNING3_2/spaces/beauty_difsr_K21.yaml (fixed=13, search=3)

=================================================================
  Hyperopt  |  DIFSR x beauty
  max_evals=12  epochs=100  patience=7  wandb=off
  search_algo=tpe
  batch_size(train/valid/test)=4096/8192/8192
  track=baseline_2  axis=pair60_addtuning3_2  phase=BASELINE2_ADDTUNE3_2_BEAUTY_DIFSR_K21
=================================================================
Changed knobs: MAX_ITEM_LIST_LENGTH, fusion_type, learning_rate
Tuned params(len>1): 3  (~8 discrete combos)
Tuned groups: 3
  [optimization]
    learning_rate                   [0.006, 0.018]                            -> loguniform
  [other]
    MAX_ITEM_LIST_LENGTH            [24, 32, 40, 50]                          -> choice
    fusion_type                     ['gate', 'concat']                        -> choice
Fixed params(singleton/non-list): 0
Fixed groups: 0
  (none)

[Wandb] disabled for this hyperopt run

[1/12] MAX_ITEM_LIST_LENGTH=24, fusion_type=gate, learning_rate=0.01591
  -> MRR@20=0.011500  best=0.011500  (early_stop@17, trial=6s, avg=9s/trial, total=9s, ETA=1.6min)
[TRIAL_METRICS] cur_best_mrr20=0.011500 cur_best_hr10=0.038200 cur_test_mrr20=0.005500 cur_test_hr10=0.022900 run_best_mrr20=0.011500 run_best_hr10=0.038200 run_test_mrr20=0.005500 run_test_hr10=0.022900

[2/12] MAX_ITEM_LIST_LENGTH=50, fusion_type=gate, learning_rate=0.0147
  -> MRR@20=0.007700  best=0.011500  (early_stop@13, trial=9s, avg=9s/trial, total=19s, ETA=1.6min)
[TRIAL_METRICS] cur_best_mrr20=0.007700 cur_best_hr10=0.016100 cur_test_mrr20=0.004200 cur_test_hr10=0.011500 run_best_mrr20=0.011500 run_best_hr10=0.038200 run_test_mrr20=0.005500 run_test_hr10=0.022900

[3/12] MAX_ITEM_LIST_LENGTH=40, fusion_type=gate, learning_rate=0.01123
  -> MRR@20=0.012800  best=0.012800  (early_stop@25, trial=13s, avg=11s/trial, total=32s, ETA=1.6min)
[TRIAL_METRICS] cur_best_mrr20=0.012800 cur_best_hr10=0.032100 cur_test_mrr20=0.005900 cur_test_hr10=0.022900 run_best_mrr20=0.012800 run_best_hr10=0.032100 run_test_mrr20=0.005900 run_test_hr10=0.022900

[4/12] MAX_ITEM_LIST_LENGTH=24, fusion_type=concat, learning_rate=0.006455
  -> MRR@20=0.027900  best=0.027900  (early_stop@46, trial=13s, avg=11s/trial, total=46s, ETA=1.5min)
[TRIAL_METRICS] cur_best_mrr20=0.027900 cur_best_hr10=0.056200 cur_test_mrr20=0.020100 cur_test_hr10=0.040100 run_best_mrr20=0.027900 run_best_hr10=0.056200 run_test_mrr20=0.020100 run_test_hr10=0.040100

[5/12] MAX_ITEM_LIST_LENGTH=32, fusion_type=gate, learning_rate=0.01116
  -> MRR@20=0.009200  best=0.027900  (early_stop@21, trial=8s, avg=11s/trial, total=55s, ETA=1.3min)
[TRIAL_METRICS] cur_best_mrr20=0.009200 cur_best_hr10=0.018100 cur_test_mrr20=0.003300 cur_test_hr10=0.008600 run_best_mrr20=0.027900 run_best_hr10=0.056200 run_test_mrr20=0.020100 run_test_hr10=0.040100

[6/12] MAX_ITEM_LIST_LENGTH=24, fusion_type=gate, learning_rate=0.01195
  -> MRR@20=0.013700  best=0.027900  (early_stop@23, trial=7s, avg=11s/trial, total=1.1min, ETA=1.1min)
[TRIAL_METRICS] cur_best_mrr20=0.013700 cur_best_hr10=0.038200 cur_test_mrr20=0.008000 cur_test_hr10=0.020100 run_best_mrr20=0.027900 run_best_hr10=0.056200 run_test_mrr20=0.020100 run_test_hr10=0.040100

[7/12] MAX_ITEM_LIST_LENGTH=32, fusion_type=concat, learning_rate=0.007036
  -> MRR@20=0.016900  best=0.027900  (early_stop@26, trial=10s, avg=11s/trial, total=1.2min, ETA=53s)
[TRIAL_METRICS] cur_best_mrr20=0.016900 cur_best_hr10=0.034100 cur_test_mrr20=0.014000 cur_test_hr10=0.034400 run_best_mrr20=0.027900 run_best_hr10=0.056200 run_test_mrr20=0.020100 run_test_hr10=0.040100

[8/12] MAX_ITEM_LIST_LENGTH=50, fusion_type=concat, learning_rate=0.01038
  -> MRR@20=0.008400  best=0.027900  (early_stop@16, trial=10s, avg=11s/trial, total=1.4min, ETA=43s)
[TRIAL_METRICS] cur_best_mrr20=0.008400 cur_best_hr10=0.026100 cur_test_mrr20=0.004100 cur_test_hr10=0.014300 run_best_mrr20=0.027900 run_best_hr10=0.056200 run_test_mrr20=0.020100 run_test_hr10=0.040100

[9/12] MAX_ITEM_LIST_LENGTH=50, fusion_type=gate, learning_rate=0.007475
  -> MRR@20=0.010100  best=0.027900  (early_stop@15, trial=11s, avg=11s/trial, total=1.6min, ETA=32s)
[TRIAL_METRICS] cur_best_mrr20=0.010100 cur_best_hr10=0.014100 cur_test_mrr20=0.006400 cur_test_hr10=0.008600 run_best_mrr20=0.027900 run_best_hr10=0.056200 run_test_mrr20=0.020100 run_test_hr10=0.040100

[10/12] MAX_ITEM_LIST_LENGTH=32, fusion_type=concat, learning_rate=0.01577
  -> MRR@20=0.019500  best=0.027900  (early_stop@17, trial=7s, avg=11s/trial, total=1.8min, ETA=21s)
[TRIAL_METRICS] cur_best_mrr20=0.019500 cur_best_hr10=0.036100 cur_test_mrr20=0.013500 cur_test_hr10=0.020100 run_best_mrr20=0.027900 run_best_hr10=0.056200 run_test_mrr20=0.020100 run_test_hr10=0.040100

[11/12] MAX_ITEM_LIST_LENGTH=40, fusion_type=concat, learning_rate=0.006266
  -> MRR@20=0.014700  best=0.027900  (early_stop@14, trial=7s, avg=10s/trial, total=1.9min, ETA=10s)
[TRIAL_METRICS] cur_best_mrr20=0.014700 cur_best_hr10=0.022100 cur_test_mrr20=0.009100 cur_test_hr10=0.011500 run_best_mrr20=0.027900 run_best_hr10=0.056200 run_test_mrr20=0.020100 run_test_hr10=0.040100

[12/12] MAX_ITEM_LIST_LENGTH=40, fusion_type=concat, learning_rate=0.01426
  -> MRR@20=0.011900  best=0.027900  (early_stop@16, trial=8s, avg=10s/trial, total=2.0min, ETA=0s)
[TRIAL_METRICS] cur_best_mrr20=0.011900 cur_best_hr10=0.032100 cur_test_mrr20=0.006300 cur_test_hr10=0.020100 run_best_mrr20=0.027900 run_best_hr10=0.056200 run_test_mrr20=0.020100 run_test_hr10=0.040100

=================================================================
  DONE  |  DIFSR x beauty
  Best MRR@20 = 0.027900  |  12/12 trials OK
  Best HR@10  = 0.056200
  Test MRR@20 = 0.020100  (best-valid checkpoint)
  Test HR@10  = 0.040100  (best-valid checkpoint)
[RUN_METRICS] best_valid_mrr20=0.027900 best_valid_hr10=0.056200 test_mrr20=0.020100 test_hr10=0.040100
  Total time: 2.0 min
  Best params:
    MAX_ITEM_LIST_LENGTH: 24
    fusion_type: concat
    learning_rate: 0.00645489
  Results -> /workspace/FeaturedMoE/experiments/run/artifacts/results/baseline_2/beauty_DIFSR_baseline2_addtune3_2_beauty_difsr_k21_20260416_071512_867703_pid1312177.json
  Normal mirror -> /workspace/FeaturedMoE/experiments/run/artifacts/results/baseline_2/normal/pair60_addtuning3_2/BASELINE2/beauty/DIFSR/beauty_DIFSR_baseline2_addtune3_2_beauty_difsr_k21_20260416_071512_867703_pid1312177.json
  Special result -> /workspace/FeaturedMoE/experiments/run/artifacts/results/baseline_2/special/pair60_addtuning3_2/BASELINE2/beauty/DIFSR/beauty_DIFSR_baseline2_addtune3_2_beauty_difsr_k21_20260416_071512_867703_pid1312177_special_metrics.json
  Special log -> /workspace/FeaturedMoE/experiments/run/artifacts/logs/baseline_2/special/pair60_addtuning3_2/BASELINE2/beauty/DIFSR/beauty_DIFSR_baseline2_addtune3_2_beauty_difsr_k21_20260416_071512_867703_pid1312177_special_metrics.json
=================================================================

[RUN_STATUS] END status=normal pid=1312177 start=2026-04-16T07:15:12 end=2026-04-16T07:17:14
