# CMD
/venv/FMoE/bin/python hyperopt_tune.py --config-name tune_ab --space-yaml /workspace/FeaturedMoE/experiments/run/artifacts/logs/baseline_2/PAIR60_ADDTUNING3_2/spaces/beauty_bsarec_K19.yaml --max-evals 11 --tune-epochs 100 --tune-patience 7 --search-algo tpe --seed 2026042019 --run-group baseline_2 --run-axis pair60_addtuning3_2 --run-phase BASELINE2_ADDTUNE3_2_BEAUTY_BSAREC_K19 model=bsarec dataset=beauty eval_mode=session_fixed feature_mode=full_v4 gpu_id=6 log_wandb=false show_progress=false ++seed=2026042019 ++eval_sampling.mode=full ++eval_sampling.auto_full_threshold=999999999 ++special_logging=true ++exclude_unseen_target_from_main_eval=true ++log_unseen_target_metrics=true

/venv/FMoE/lib/python3.10/site-packages/ray/_private/parameter.py:4: UserWarning: pkg_resources is deprecated as an API. See https://setuptools.pypa.io/en/latest/pkg_resources.html. The pkg_resources package is slated for removal as early as 2025-11-30. Refrain from using this package or pin to Setuptools<81.
  import pkg_resources
[RUN_STATUS] START pid=1314725 ts=2026-04-16T07:21:34
[SpaceYAML] loaded: /workspace/FeaturedMoE/experiments/run/artifacts/logs/baseline_2/PAIR60_ADDTUNING3_2/spaces/beauty_bsarec_K19.yaml (fixed=11, search=3)

=================================================================
  Hyperopt  |  BSARec x beauty
  max_evals=11  epochs=100  patience=7  wandb=off
  search_algo=tpe
  batch_size(train/valid/test)=4096/8192/8192
  track=baseline_2  axis=pair60_addtuning3_2  phase=BASELINE2_ADDTUNE3_2_BEAUTY_BSAREC_K19
=================================================================
Changed knobs: bsarec_alpha, learning_rate, weight_decay
Tuned params(len>1): 3  (~12 discrete combos)
Tuned groups: 3
  [optimization]
    learning_rate                   [0.00015, 0.0045]                         -> loguniform
    weight_decay                    [6.9e-05, 0.000115, 0.000207]             -> choice
  [other]
    bsarec_alpha                    [0.2, 0.35, 0.65, 0.9]                    -> choice
Fixed params(singleton/non-list): 0
Fixed groups: 0
  (none)

[Wandb] disabled for this hyperopt run

[1/11] bsarec_alpha=0.65, learning_rate=0.0007799, weight_decay=0.000115
  -> MRR@20=0.014700  best=0.014700  (early_stop@73, trial=13s, avg=15s/trial, total=15s, ETA=2.5min)
[TRIAL_METRICS] cur_best_mrr20=0.014700 cur_best_hr10=0.022100 cur_test_mrr20=0.020200 cur_test_hr10=0.028700 run_best_mrr20=0.014700 run_best_hr10=0.022100 run_test_mrr20=0.020200 run_test_hr10=0.028700

[2/11] bsarec_alpha=0.65, learning_rate=0.001437, weight_decay=0.000115
  -> MRR@20=0.015700  best=0.015700  (early_stop@51, trial=9s, avg=12s/trial, total=24s, ETA=1.8min)
[TRIAL_METRICS] cur_best_mrr20=0.015700 cur_best_hr10=0.028100 cur_test_mrr20=0.018700 cur_test_hr10=0.031500 run_best_mrr20=0.015700 run_best_hr10=0.028100 run_test_mrr20=0.018700 run_test_hr10=0.031500

[3/11] bsarec_alpha=0.2, learning_rate=0.001418, weight_decay=0.000115
  -> MRR@20=0.003400  best=0.015700  (early_stop@11, trial=2s, avg=9s/trial, total=27s, ETA=1.2min)
[TRIAL_METRICS] cur_best_mrr20=0.003400 cur_best_hr10=0.006000 cur_test_mrr20=0.001200 cur_test_hr10=0.002900 run_best_mrr20=0.015700 run_best_hr10=0.028100 run_test_mrr20=0.018700 run_test_hr10=0.031500

[4/11] bsarec_alpha=0.65, learning_rate=0.0002126, weight_decay=0.000207
  -> MRR@20=0.002500  best=0.015700  (early_stop@8, trial=1s, avg=7s/trial, total=28s, ETA=50s)
[TRIAL_METRICS] cur_best_mrr20=0.002500 cur_best_hr10=0.008000 cur_test_mrr20=0.001600 cur_test_hr10=0.002900 run_best_mrr20=0.015700 run_best_hr10=0.028100 run_test_mrr20=0.018700 run_test_hr10=0.031500

[5/11] bsarec_alpha=0.9, learning_rate=0.002163, weight_decay=0.000115
  -> MRR@20=0.018100  best=0.018100  (early_stop@43, trial=9s, avg=7s/trial, total=37s, ETA=45s)
[TRIAL_METRICS] cur_best_mrr20=0.018100 cur_best_hr10=0.036100 cur_test_mrr20=0.022500 cur_test_hr10=0.031500 run_best_mrr20=0.018100 run_best_hr10=0.036100 run_test_mrr20=0.022500 run_test_hr10=0.031500

[6/11] bsarec_alpha=0.9, learning_rate=0.0003642, weight_decay=0.000207
  -> MRR@20=0.002600  best=0.018100  (early_stop@8, trial=1s, avg=6s/trial, total=39s, ETA=32s)
[TRIAL_METRICS] cur_best_mrr20=0.002600 cur_best_hr10=0.006000 cur_test_mrr20=0.001700 cur_test_hr10=0.005700 run_best_mrr20=0.018100 run_best_hr10=0.036100 run_test_mrr20=0.022500 run_test_hr10=0.031500

[7/11] bsarec_alpha=0.2, learning_rate=0.0003993, weight_decay=0.000115
  -> MRR@20=0.002500  best=0.018100  (early_stop@8, trial=1s, avg=6s/trial, total=41s, ETA=23s)
[TRIAL_METRICS] cur_best_mrr20=0.002500 cur_best_hr10=0.004000 cur_test_mrr20=0.001400 cur_test_hr10=0.002900 run_best_mrr20=0.018100 run_best_hr10=0.036100 run_test_mrr20=0.022500 run_test_hr10=0.031500

[8/11] bsarec_alpha=0.9, learning_rate=0.000883, weight_decay=6.9e-05
  -> MRR@20=0.009800  best=0.018100  (early_stop@38, trial=7s, avg=6s/trial, total=47s, ETA=18s)
[TRIAL_METRICS] cur_best_mrr20=0.009800 cur_best_hr10=0.022100 cur_test_mrr20=0.006900 cur_test_hr10=0.008600 run_best_mrr20=0.018100 run_best_hr10=0.036100 run_test_mrr20=0.022500 run_test_hr10=0.031500

[9/11] bsarec_alpha=0.2, learning_rate=0.0009395, weight_decay=6.9e-05
  -> MRR@20=0.013700  best=0.018100  (early_stop@47, trial=8s, avg=6s/trial, total=55s, ETA=12s)
[TRIAL_METRICS] cur_best_mrr20=0.013700 cur_best_hr10=0.020100 cur_test_mrr20=0.011500 cur_test_hr10=0.017200 run_best_mrr20=0.018100 run_best_hr10=0.036100 run_test_mrr20=0.022500 run_test_hr10=0.031500

[10/11] bsarec_alpha=0.65, learning_rate=0.003158, weight_decay=0.000207
  -> MRR@20=0.015000  best=0.018100  (early_stop@32, trial=6s, avg=6s/trial, total=1.0min, ETA=6s)
[TRIAL_METRICS] cur_best_mrr20=0.015000 cur_best_hr10=0.024100 cur_test_mrr20=0.014700 cur_test_hr10=0.025800 run_best_mrr20=0.018100 run_best_hr10=0.036100 run_test_mrr20=0.022500 run_test_hr10=0.031500

[11/11] bsarec_alpha=0.65, learning_rate=0.0001566, weight_decay=0.000115
  -> MRR@20=0.002500  best=0.018100  (early_stop@9, trial=2s, avg=6s/trial, total=1.1min, ETA=0s)
[TRIAL_METRICS] cur_best_mrr20=0.002500 cur_best_hr10=0.006000 cur_test_mrr20=0.001600 cur_test_hr10=0.002900 run_best_mrr20=0.018100 run_best_hr10=0.036100 run_test_mrr20=0.022500 run_test_hr10=0.031500

=================================================================
  DONE  |  BSARec x beauty
  Best MRR@20 = 0.018100  |  11/11 trials OK
  Best HR@10  = 0.036100
  Test MRR@20 = 0.022500  (best-valid checkpoint)
  Test HR@10  = 0.031500  (best-valid checkpoint)
[RUN_METRICS] best_valid_mrr20=0.018100 best_valid_hr10=0.036100 test_mrr20=0.022500 test_hr10=0.031500
  Total time: 1.1 min
  Best params:
    bsarec_alpha: 0.9
    learning_rate: 0.00216258
    weight_decay: 0.000115
  Results -> /workspace/FeaturedMoE/experiments/run/artifacts/results/baseline_2/beauty_BSARec_baseline2_addtune3_2_beauty_bsarec_k19_20260416_072134_630491_pid1314725.json
  Normal mirror -> /workspace/FeaturedMoE/experiments/run/artifacts/results/baseline_2/normal/pair60_addtuning3_2/BASELINE2/beauty/BSARec/beauty_BSARec_baseline2_addtune3_2_beauty_bsarec_k19_20260416_072134_630491_pid1314725.json
  Special result -> /workspace/FeaturedMoE/experiments/run/artifacts/results/baseline_2/special/pair60_addtuning3_2/BASELINE2/beauty/BSARec/beauty_BSARec_baseline2_addtune3_2_beauty_bsarec_k19_20260416_072134_630491_pid1314725_special_metrics.json
  Special log -> /workspace/FeaturedMoE/experiments/run/artifacts/logs/baseline_2/special/pair60_addtuning3_2/BASELINE2/beauty/BSARec/beauty_BSARec_baseline2_addtune3_2_beauty_bsarec_k19_20260416_072134_630491_pid1314725_special_metrics.json
=================================================================

[RUN_STATUS] END status=normal pid=1314725 start=2026-04-16T07:21:34 end=2026-04-16T07:22:38
