# CMD
/venv/FMoE/bin/python hyperopt_tune.py --config-name tune_ab --space-yaml /workspace/FeaturedMoE/experiments/run/artifacts/logs/baseline_2/PAIR60_ADDTUNING3_2/spaces/beauty_gru4rec_K50.yaml --max-evals 12 --tune-epochs 100 --tune-patience 7 --search-algo tpe --seed 2026042350 --run-group baseline_2 --run-axis pair60_addtuning3_2 --run-phase BASELINE2_ADDTUNE3_2_BEAUTY_GRU4REC_K50 model=gru4rec dataset=beauty eval_mode=session_fixed feature_mode=full_v4 gpu_id=6 log_wandb=false show_progress=false ++seed=2026042350 ++eval_sampling.mode=full ++eval_sampling.auto_full_threshold=999999999 ++special_logging=true ++exclude_unseen_target_from_main_eval=true ++log_unseen_target_metrics=true

/venv/FMoE/lib/python3.10/site-packages/ray/_private/parameter.py:4: UserWarning: pkg_resources is deprecated as an API. See https://setuptools.pypa.io/en/latest/pkg_resources.html. The pkg_resources package is slated for removal as early as 2025-11-30. Refrain from using this package or pin to Setuptools<81.
  import pkg_resources
[RUN_STATUS] START pid=1326143 ts=2026-04-16T08:11:08
[SpaceYAML] loaded: /workspace/FeaturedMoE/experiments/run/artifacts/logs/baseline_2/PAIR60_ADDTUNING3_2/spaces/beauty_gru4rec_K50.yaml (fixed=7, search=3)

=================================================================
  Hyperopt  |  GRU4Rec x beauty
  max_evals=12  epochs=100  patience=7  wandb=off
  search_algo=tpe
  batch_size(train/valid/test)=4096/8192/8192
  track=baseline_2  axis=pair60_addtuning3_2  phase=BASELINE2_ADDTUNE3_2_BEAUTY_GRU4REC_K50
=================================================================
Changed knobs: learning_rate, num_layers, weight_decay
Tuned params(len>1): 3  (~12 discrete combos)
Tuned groups: 3
  [optimization]
    learning_rate                   [2e-05, 0.02]                             -> loguniform
    weight_decay                    [1e-06, 1.17e-06, 2.11e-06]               -> choice
  [model_core]
    num_layers                      [1, 2, 3, 4]                              -> choice
Fixed params(singleton/non-list): 0
Fixed groups: 0
  (none)

[Wandb] disabled for this hyperopt run

[1/12] learning_rate=0.01691, num_layers=4, weight_decay=1.17e-06
  -> MRR@20=0.015700  best=0.015700  (early_stop@18, trial=6s, avg=9s/trial, total=9s, ETA=1.6min)
[TRIAL_METRICS] cur_best_mrr20=0.015700 cur_best_hr10=0.034100 cur_test_mrr20=0.007500 cur_test_hr10=0.022900 run_best_mrr20=0.015700 run_best_hr10=0.034100 run_test_mrr20=0.007500 run_test_hr10=0.022900

[2/12] learning_rate=0.004183, num_layers=4, weight_decay=1.17e-06
  -> MRR@20=0.034400  best=0.034400  (early_stop@20, trial=6s, avg=8s/trial, total=15s, ETA=1.3min)
[TRIAL_METRICS] cur_best_mrr20=0.034400 cur_best_hr10=0.084300 cur_test_mrr20=0.024900 cur_test_hr10=0.051600 run_best_mrr20=0.034400 run_best_hr10=0.084300 run_test_mrr20=0.024900 run_test_hr10=0.051600

[3/12] learning_rate=0.0012, num_layers=3, weight_decay=1e-06
  -> MRR@20=0.035200  best=0.035200  (early_stop@32, trial=10s, avg=8s/trial, total=25s, ETA=1.3min)
[TRIAL_METRICS] cur_best_mrr20=0.035200 cur_best_hr10=0.072300 cur_test_mrr20=0.015100 cur_test_hr10=0.040100 run_best_mrr20=0.035200 run_best_hr10=0.072300 run_test_mrr20=0.015100 run_test_hr10=0.040100

[4/12] learning_rate=0.006043, num_layers=4, weight_decay=2.11e-06
  -> MRR@20=0.037900  best=0.037900  (early_stop@20, trial=7s, avg=8s/trial, total=33s, ETA=1.1min)
[TRIAL_METRICS] cur_best_mrr20=0.037900 cur_best_hr10=0.104400 cur_test_mrr20=0.021300 cur_test_hr10=0.051600 run_best_mrr20=0.037900 run_best_hr10=0.104400 run_test_mrr20=0.021300 run_test_hr10=0.051600

[5/12] learning_rate=0.0003257, num_layers=1, weight_decay=2.11e-06
  -> MRR@20=0.006200  best=0.037900  (early_stop@17, trial=4s, avg=7s/trial, total=36s, ETA=51s)
[TRIAL_METRICS] cur_best_mrr20=0.006200 cur_best_hr10=0.014100 cur_test_mrr20=0.015000 cur_test_hr10=0.025800 run_best_mrr20=0.037900 run_best_hr10=0.104400 run_test_mrr20=0.021300 run_test_hr10=0.051600

[6/12] learning_rate=0.007857, num_layers=1, weight_decay=1e-06
  -> MRR@20=0.081700  best=0.081700  (early_stop@16, trial=3s, avg=7s/trial, total=40s, ETA=40s)
[TRIAL_METRICS] cur_best_mrr20=0.081700 cur_best_hr10=0.140600 cur_test_mrr20=0.032300 cur_test_hr10=0.080200 run_best_mrr20=0.081700 run_best_hr10=0.140600 run_test_mrr20=0.032300 run_test_hr10=0.080200

[7/12] learning_rate=0.0001646, num_layers=1, weight_decay=1.17e-06
  -> MRR@20=0.005900  best=0.081700  (early_stop@22, trial=4s, avg=6s/trial, total=44s, ETA=31s)
[TRIAL_METRICS] cur_best_mrr20=0.005900 cur_best_hr10=0.012000 cur_test_mrr20=0.012000 cur_test_hr10=0.028700 run_best_mrr20=0.081700 run_best_hr10=0.140600 run_test_mrr20=0.032300 run_test_hr10=0.080200

[8/12] learning_rate=0.0009341, num_layers=3, weight_decay=1.17e-06
  -> MRR@20=0.038700  best=0.081700  (early_stop@38, trial=10s, avg=7s/trial, total=55s, ETA=27s)
[TRIAL_METRICS] cur_best_mrr20=0.038700 cur_best_hr10=0.074300 cur_test_mrr20=0.019300 cur_test_hr10=0.043000 run_best_mrr20=0.081700 run_best_hr10=0.140600 run_test_mrr20=0.032300 run_test_hr10=0.080200

[9/12] learning_rate=0.001062, num_layers=4, weight_decay=1e-06
  -> MRR@20=0.022400  best=0.081700  (early_stop@16, trial=5s, avg=7s/trial, total=1.0min, ETA=20s)
[TRIAL_METRICS] cur_best_mrr20=0.022400 cur_best_hr10=0.040200 cur_test_mrr20=0.015700 cur_test_hr10=0.034400 run_best_mrr20=0.081700 run_best_hr10=0.140600 run_test_mrr20=0.032300 run_test_hr10=0.080200

[10/12] learning_rate=0.00282, num_layers=3, weight_decay=1.17e-06
  -> MRR@20=0.044900  best=0.081700  (early_stop@21, trial=6s, avg=7s/trial, total=1.1min, ETA=13s)
[TRIAL_METRICS] cur_best_mrr20=0.044900 cur_best_hr10=0.082300 cur_test_mrr20=0.016500 cur_test_hr10=0.045800 run_best_mrr20=0.081700 run_best_hr10=0.140600 run_test_mrr20=0.032300 run_test_hr10=0.080200

[11/12] learning_rate=0.001587, num_layers=2, weight_decay=1e-06
  -> MRR@20=0.042200  best=0.081700  (early_stop@30, trial=8s, avg=7s/trial, total=1.2min, ETA=7s)
[TRIAL_METRICS] cur_best_mrr20=0.042200 cur_best_hr10=0.088400 cur_test_mrr20=0.019200 cur_test_hr10=0.065900 run_best_mrr20=0.081700 run_best_hr10=0.140600 run_test_mrr20=0.032300 run_test_hr10=0.080200

[12/12] learning_rate=0.005596, num_layers=4, weight_decay=1e-06
  -> MRR@20=0.038500  best=0.081700  (early_stop@20, trial=6s, avg=7s/trial, total=1.4min, ETA=0s)
[TRIAL_METRICS] cur_best_mrr20=0.038500 cur_best_hr10=0.078300 cur_test_mrr20=0.013900 cur_test_hr10=0.037200 run_best_mrr20=0.081700 run_best_hr10=0.140600 run_test_mrr20=0.032300 run_test_hr10=0.080200

=================================================================
  DONE  |  GRU4Rec x beauty
  Best MRR@20 = 0.081700  |  12/12 trials OK
  Best HR@10  = 0.140600
  Test MRR@20 = 0.032300  (best-valid checkpoint)
  Test HR@10  = 0.080200  (best-valid checkpoint)
[RUN_METRICS] best_valid_mrr20=0.081700 best_valid_hr10=0.140600 test_mrr20=0.032300 test_hr10=0.080200
  Total time: 1.4 min
  Best params:
    learning_rate: 0.00785672
    num_layers: 1
    weight_decay: 1e-06
  Results -> /workspace/FeaturedMoE/experiments/run/artifacts/results/baseline_2/beauty_GRU4Rec_baseline2_addtune3_2_beauty_gru4rec_k50_20260416_081108_949583_pid1326143.json
  Normal mirror -> /workspace/FeaturedMoE/experiments/run/artifacts/results/baseline_2/normal/pair60_addtuning3_2/BASELINE2/beauty/GRU4Rec/beauty_GRU4Rec_baseline2_addtune3_2_beauty_gru4rec_k50_20260416_081108_949583_pid1326143.json
  Special result -> /workspace/FeaturedMoE/experiments/run/artifacts/results/baseline_2/special/pair60_addtuning3_2/BASELINE2/beauty/GRU4Rec/beauty_GRU4Rec_baseline2_addtune3_2_beauty_gru4rec_k50_20260416_081108_949583_pid1326143_special_metrics.json
  Special log -> /workspace/FeaturedMoE/experiments/run/artifacts/logs/baseline_2/special/pair60_addtuning3_2/BASELINE2/beauty/GRU4Rec/beauty_GRU4Rec_baseline2_addtune3_2_beauty_gru4rec_k50_20260416_081108_949583_pid1326143_special_metrics.json
=================================================================

[RUN_STATUS] END status=normal pid=1326143 start=2026-04-16T08:11:08 end=2026-04-16T08:12:30
