# CMD
/venv/FMoE/bin/python hyperopt_tune.py --config-name tune_ab --space-yaml /workspace/FeaturedMoE/experiments/run/artifacts/logs/baseline_2/PAIR60_ADDTUNING3_2/spaces/beauty_fame_K49.yaml --max-evals 10 --tune-epochs 100 --tune-patience 7 --search-algo tpe --seed 2026042149 --run-group baseline_2 --run-axis pair60_addtuning3_2 --run-phase BASELINE2_ADDTUNE3_2_BEAUTY_FAME_K49 model=fame dataset=beauty eval_mode=session_fixed feature_mode=full_v4 gpu_id=4 log_wandb=false show_progress=false ++seed=2026042149 ++eval_sampling.mode=full ++eval_sampling.auto_full_threshold=999999999 ++special_logging=true ++exclude_unseen_target_from_main_eval=true ++log_unseen_target_metrics=true

/venv/FMoE/lib/python3.10/site-packages/ray/_private/parameter.py:4: UserWarning: pkg_resources is deprecated as an API. See https://setuptools.pypa.io/en/latest/pkg_resources.html. The pkg_resources package is slated for removal as early as 2025-11-30. Refrain from using this package or pin to Setuptools<81.
  import pkg_resources
[RUN_STATUS] START pid=1326930 ts=2026-04-16T08:15:05
[SpaceYAML] loaded: /workspace/FeaturedMoE/experiments/run/artifacts/logs/baseline_2/PAIR60_ADDTUNING3_2/spaces/beauty_fame_K49.yaml (fixed=10, search=3)

=================================================================
  Hyperopt  |  FAME x beauty
  max_evals=10  epochs=100  patience=7  wandb=off
  search_algo=tpe
  batch_size(train/valid/test)=4096/8192/8192
  track=baseline_2  axis=pair60_addtuning3_2  phase=BASELINE2_ADDTUNE3_2_BEAUTY_FAME_K49
=================================================================
Changed knobs: MAX_ITEM_LIST_LENGTH, learning_rate, num_experts
Tuned params(len>1): 3  (~9 discrete combos)
Tuned groups: 3
  [optimization]
    learning_rate                   [0.0003, 0.008]                           -> loguniform
  [other]
    MAX_ITEM_LIST_LENGTH            [14, 16, 18]                              -> choice
    num_experts                     [2, 4, 6]                                 -> choice
Fixed params(singleton/non-list): 0
Fixed groups: 0
  (none)

[Wandb] disabled for this hyperopt run

[1/10] MAX_ITEM_LIST_LENGTH=16, learning_rate=0.0004749, num_experts=4
  -> MRR@20=0.004000  best=0.004000  (early_stop@15, trial=5s, avg=7s/trial, total=7s, ETA=1.1min)
[TRIAL_METRICS] cur_best_mrr20=0.004000 cur_best_hr10=0.010000 cur_test_mrr20=0.001000 cur_test_hr10=0.002900 run_best_mrr20=0.004000 run_best_hr10=0.010000 run_test_mrr20=0.001000 run_test_hr10=0.002900

[2/10] MAX_ITEM_LIST_LENGTH=18, learning_rate=0.001559, num_experts=4
  -> MRR@20=0.014700  best=0.014700  (early_stop@34, trial=10s, avg=9s/trial, total=18s, ETA=1.2min)
[TRIAL_METRICS] cur_best_mrr20=0.014700 cur_best_hr10=0.028100 cur_test_mrr20=0.015900 cur_test_hr10=0.028700 run_best_mrr20=0.014700 run_best_hr10=0.028100 run_test_mrr20=0.015900 run_test_hr10=0.028700

[3/10] MAX_ITEM_LIST_LENGTH=16, learning_rate=0.003298, num_experts=4
  -> MRR@20=0.020000  best=0.020000  (early_stop@27, trial=7s, avg=9s/trial, total=26s, ETA=1.0min)
[TRIAL_METRICS] cur_best_mrr20=0.020000 cur_best_hr10=0.036100 cur_test_mrr20=0.014400 cur_test_hr10=0.034400 run_best_mrr20=0.020000 run_best_hr10=0.036100 run_test_mrr20=0.014400 run_test_hr10=0.034400

[4/10] MAX_ITEM_LIST_LENGTH=16, learning_rate=0.0004489, num_experts=4
  -> MRR@20=0.003900  best=0.020000  (early_stop@19, trial=4s, avg=8s/trial, total=31s, ETA=46s)
[TRIAL_METRICS] cur_best_mrr20=0.003900 cur_best_hr10=0.010000 cur_test_mrr20=0.004100 cur_test_hr10=0.008600 run_best_mrr20=0.020000 run_best_hr10=0.036100 run_test_mrr20=0.014400 run_test_hr10=0.034400

[5/10] MAX_ITEM_LIST_LENGTH=16, learning_rate=0.0003234, num_experts=6
  -> MRR@20=0.004900  best=0.020000  (early_stop@34, trial=10s, avg=8s/trial, total=41s, ETA=41s)
[TRIAL_METRICS] cur_best_mrr20=0.004900 cur_best_hr10=0.010000 cur_test_mrr20=0.003300 cur_test_hr10=0.014300 run_best_mrr20=0.020000 run_best_hr10=0.036100 run_test_mrr20=0.014400 run_test_hr10=0.034400

[6/10] MAX_ITEM_LIST_LENGTH=18, learning_rate=0.001503, num_experts=2
  -> MRR@20=0.019900  best=0.020000  (early_stop@39, trial=11s, avg=9s/trial, total=52s, ETA=35s)
[TRIAL_METRICS] cur_best_mrr20=0.019900 cur_best_hr10=0.038200 cur_test_mrr20=0.009500 cur_test_hr10=0.022900 run_best_mrr20=0.020000 run_best_hr10=0.036100 run_test_mrr20=0.014400 run_test_hr10=0.034400

[7/10] MAX_ITEM_LIST_LENGTH=16, learning_rate=0.003534, num_experts=2
  -> MRR@20=0.020200  best=0.020200  (early_stop@23, trial=6s, avg=8s/trial, total=59s, ETA=25s)
[TRIAL_METRICS] cur_best_mrr20=0.020200 cur_best_hr10=0.036100 cur_test_mrr20=0.011200 cur_test_hr10=0.031500 run_best_mrr20=0.020200 run_best_hr10=0.036100 run_test_mrr20=0.011200 run_test_hr10=0.031500

[8/10] MAX_ITEM_LIST_LENGTH=18, learning_rate=0.0003498, num_experts=4
  -> MRR@20=0.003800  best=0.020200  (early_stop@21, trial=7s, avg=8s/trial, total=1.1min, ETA=16s)
[TRIAL_METRICS] cur_best_mrr20=0.003800 cur_best_hr10=0.008000 cur_test_mrr20=0.001600 cur_test_hr10=0.005700 run_best_mrr20=0.020200 run_best_hr10=0.036100 run_test_mrr20=0.011200 run_test_hr10=0.031500

[9/10] MAX_ITEM_LIST_LENGTH=18, learning_rate=0.0003746, num_experts=6
  -> MRR@20=0.012400  best=0.020200  (early_stop@69, trial=21s, avg=10s/trial, total=1.5min, ETA=10s)
[TRIAL_METRICS] cur_best_mrr20=0.012400 cur_best_hr10=0.020100 cur_test_mrr20=0.008800 cur_test_hr10=0.017200 run_best_mrr20=0.020200 run_best_hr10=0.036100 run_test_mrr20=0.011200 run_test_hr10=0.031500

[10/10] MAX_ITEM_LIST_LENGTH=18, learning_rate=0.006534, num_experts=2
  -> MRR@20=0.017100  best=0.020200  (early_stop@20, trial=4s, avg=9s/trial, total=1.5min, ETA=0s)
[TRIAL_METRICS] cur_best_mrr20=0.017100 cur_best_hr10=0.034100 cur_test_mrr20=0.013400 cur_test_hr10=0.037200 run_best_mrr20=0.020200 run_best_hr10=0.036100 run_test_mrr20=0.011200 run_test_hr10=0.031500

=================================================================
  DONE  |  FAME x beauty
  Best MRR@20 = 0.020200  |  10/10 trials OK
  Best HR@10  = 0.036100
  Test MRR@20 = 0.011200  (best-valid checkpoint)
  Test HR@10  = 0.031500  (best-valid checkpoint)
[RUN_METRICS] best_valid_mrr20=0.020200 best_valid_hr10=0.036100 test_mrr20=0.011200 test_hr10=0.031500
  Total time: 1.5 min
  Best params:
    MAX_ITEM_LIST_LENGTH: 16
    learning_rate: 0.003534
    num_experts: 2
  Results -> /workspace/FeaturedMoE/experiments/run/artifacts/results/baseline_2/beauty_FAME_baseline2_addtune3_2_beauty_fame_k49_20260416_081506_029021_pid1326930.json
  Normal mirror -> /workspace/FeaturedMoE/experiments/run/artifacts/results/baseline_2/normal/pair60_addtuning3_2/BASELINE2/beauty/FAME/beauty_FAME_baseline2_addtune3_2_beauty_fame_k49_20260416_081506_029021_pid1326930.json
  Special result -> /workspace/FeaturedMoE/experiments/run/artifacts/results/baseline_2/special/pair60_addtuning3_2/BASELINE2/beauty/FAME/beauty_FAME_baseline2_addtune3_2_beauty_fame_k49_20260416_081506_029021_pid1326930_special_metrics.json
  Special log -> /workspace/FeaturedMoE/experiments/run/artifacts/logs/baseline_2/special/pair60_addtuning3_2/BASELINE2/beauty/FAME/beauty_FAME_baseline2_addtune3_2_beauty_fame_k49_20260416_081506_029021_pid1326930_special_metrics.json
=================================================================

[RUN_STATUS] END status=normal pid=1326930 start=2026-04-16T08:15:05 end=2026-04-16T08:16:37
