# CMD
/venv/FMoE/bin/python hyperopt_tune.py --config-name tune_ab --space-yaml /workspace/FeaturedMoE/experiments/run/artifacts/logs/baseline_2/PAIR60_ADDTUNING3_2/spaces/beauty_fame_K41.yaml --max-evals 10 --tune-epochs 100 --tune-patience 7 --search-algo tpe --seed 2026042141 --run-group baseline_2 --run-axis pair60_addtuning3_2 --run-phase BASELINE2_ADDTUNE3_2_BEAUTY_FAME_K41 model=fame dataset=beauty eval_mode=session_fixed feature_mode=full_v4 gpu_id=6 log_wandb=false show_progress=false ++seed=2026042141 ++eval_sampling.mode=full ++eval_sampling.auto_full_threshold=999999999 ++special_logging=true ++exclude_unseen_target_from_main_eval=true ++log_unseen_target_metrics=true

/venv/FMoE/lib/python3.10/site-packages/ray/_private/parameter.py:4: UserWarning: pkg_resources is deprecated as an API. See https://setuptools.pypa.io/en/latest/pkg_resources.html. The pkg_resources package is slated for removal as early as 2025-11-30. Refrain from using this package or pin to Setuptools<81.
  import pkg_resources
[RUN_STATUS] START pid=1326524 ts=2026-04-16T08:12:36
[SpaceYAML] loaded: /workspace/FeaturedMoE/experiments/run/artifacts/logs/baseline_2/PAIR60_ADDTUNING3_2/spaces/beauty_fame_K41.yaml (fixed=10, search=3)

=================================================================
  Hyperopt  |  FAME x beauty
  max_evals=10  epochs=100  patience=7  wandb=off
  search_algo=tpe
  batch_size(train/valid/test)=4096/8192/8192
  track=baseline_2  axis=pair60_addtuning3_2  phase=BASELINE2_ADDTUNE3_2_BEAUTY_FAME_K41
=================================================================
Changed knobs: MAX_ITEM_LIST_LENGTH, learning_rate, num_experts
Tuned params(len>1): 3  (~9 discrete combos)
Tuned groups: 3
  [optimization]
    learning_rate                   [0.0003, 0.008]                           -> loguniform
  [other]
    MAX_ITEM_LIST_LENGTH            [16, 20, 24]                              -> choice
    num_experts                     [2, 4, 6]                                 -> choice
Fixed params(singleton/non-list): 0
Fixed groups: 0
  (none)

[Wandb] disabled for this hyperopt run

[1/10] MAX_ITEM_LIST_LENGTH=20, learning_rate=0.0003656, num_experts=2
  -> MRR@20=0.001800  best=0.001800  (early_stop@10, trial=37s, avg=39s/trial, total=39s, ETA=5.9min)
[TRIAL_METRICS] cur_best_mrr20=0.001800 cur_best_hr10=0.004000 cur_test_mrr20=0.005200 cur_test_hr10=0.011500 run_best_mrr20=0.001800 run_best_hr10=0.004000 run_test_mrr20=0.005200 run_test_hr10=0.011500

[2/10] MAX_ITEM_LIST_LENGTH=16, learning_rate=0.002412, num_experts=6
  -> MRR@20=0.024200  best=0.024200  (early_stop@36, trial=40s, avg=40s/trial, total=1.3min, ETA=5.4min)
[TRIAL_METRICS] cur_best_mrr20=0.024200 cur_best_hr10=0.060200 cur_test_mrr20=0.031300 cur_test_hr10=0.045800 run_best_mrr20=0.024200 run_best_hr10=0.060200 run_test_mrr20=0.031300 run_test_hr10=0.045800

[3/10] MAX_ITEM_LIST_LENGTH=16, learning_rate=0.0008883, num_experts=4
  -> MRR@20=0.002200  best=0.024200  (early_stop@8, trial=7s, avg=29s/trial, total=1.5min, ETA=3.4min)
[TRIAL_METRICS] cur_best_mrr20=0.002200 cur_best_hr10=0.006000 cur_test_mrr20=0.000200 cur_test_hr10=0.000000 run_best_mrr20=0.024200 run_best_hr10=0.060200 run_test_mrr20=0.031300 run_test_hr10=0.045800

[4/10] MAX_ITEM_LIST_LENGTH=20, learning_rate=0.005088, num_experts=4
  -> MRR@20=0.019800  best=0.024200  (early_stop@28, trial=27s, avg=29s/trial, total=1.9min, ETA=2.9min)
[TRIAL_METRICS] cur_best_mrr20=0.019800 cur_best_hr10=0.030100 cur_test_mrr20=0.020800 cur_test_hr10=0.051600 run_best_mrr20=0.024200 run_best_hr10=0.060200 run_test_mrr20=0.031300 run_test_hr10=0.045800

[5/10] MAX_ITEM_LIST_LENGTH=16, learning_rate=0.0004642, num_experts=2
  -> MRR@20=0.005800  best=0.024200  (early_stop@9, trial=6s, avg=24s/trial, total=2.0min, ETA=2.0min)
[TRIAL_METRICS] cur_best_mrr20=0.005800 cur_best_hr10=0.010000 cur_test_mrr20=0.000300 cur_test_hr10=0.002900 run_best_mrr20=0.024200 run_best_hr10=0.060200 run_test_mrr20=0.031300 run_test_hr10=0.045800

[6/10] MAX_ITEM_LIST_LENGTH=16, learning_rate=0.001255, num_experts=2
  -> MRR@20=0.003900  best=0.024200  (early_stop@8, trial=5s, avg=21s/trial, total=2.1min, ETA=1.4min)
[TRIAL_METRICS] cur_best_mrr20=0.003900 cur_best_hr10=0.008000 cur_test_mrr20=0.000400 cur_test_hr10=0.000000 run_best_mrr20=0.024200 run_best_hr10=0.060200 run_test_mrr20=0.031300 run_test_hr10=0.045800

[7/10] MAX_ITEM_LIST_LENGTH=20, learning_rate=0.001634, num_experts=4
  -> MRR@20=0.015700  best=0.024200  (early_stop@26, trial=26s, avg=22s/trial, total=2.6min, ETA=1.1min)
[TRIAL_METRICS] cur_best_mrr20=0.015700 cur_best_hr10=0.032100 cur_test_mrr20=0.017300 cur_test_hr10=0.037200 run_best_mrr20=0.024200 run_best_hr10=0.060200 run_test_mrr20=0.031300 run_test_hr10=0.045800

[8/10] MAX_ITEM_LIST_LENGTH=24, learning_rate=0.0008317, num_experts=6
  -> MRR@20=0.003000  best=0.024200  (early_stop@10, trial=12s, avg=21s/trial, total=2.8min, ETA=42s)
[TRIAL_METRICS] cur_best_mrr20=0.003000 cur_best_hr10=0.006000 cur_test_mrr20=0.000200 cur_test_hr10=0.000000 run_best_mrr20=0.024200 run_best_hr10=0.060200 run_test_mrr20=0.031300 run_test_hr10=0.045800

[9/10] MAX_ITEM_LIST_LENGTH=16, learning_rate=0.001036, num_experts=6
  -> MRR@20=0.011700  best=0.024200  (early_stop@23, trial=26s, avg=22s/trial, total=3.2min, ETA=22s)
[TRIAL_METRICS] cur_best_mrr20=0.011700 cur_best_hr10=0.010000 cur_test_mrr20=0.016600 cur_test_hr10=0.025800 run_best_mrr20=0.024200 run_best_hr10=0.060200 run_test_mrr20=0.031300 run_test_hr10=0.045800

[10/10] MAX_ITEM_LIST_LENGTH=24, learning_rate=0.001903, num_experts=2
  -> MRR@20=0.016000  best=0.024200  (early_stop@26, trial=20s, avg=21s/trial, total=3.6min, ETA=0s)
[TRIAL_METRICS] cur_best_mrr20=0.016000 cur_best_hr10=0.028100 cur_test_mrr20=0.022000 cur_test_hr10=0.037200 run_best_mrr20=0.024200 run_best_hr10=0.060200 run_test_mrr20=0.031300 run_test_hr10=0.045800

=================================================================
  DONE  |  FAME x beauty
  Best MRR@20 = 0.024200  |  10/10 trials OK
  Best HR@10  = 0.060200
  Test MRR@20 = 0.031300  (best-valid checkpoint)
  Test HR@10  = 0.045800  (best-valid checkpoint)
[RUN_METRICS] best_valid_mrr20=0.024200 best_valid_hr10=0.060200 test_mrr20=0.031300 test_hr10=0.045800
  Total time: 3.6 min
  Best params:
    MAX_ITEM_LIST_LENGTH: 16
    learning_rate: 0.00241224
    num_experts: 6
  Results -> /workspace/FeaturedMoE/experiments/run/artifacts/results/baseline_2/beauty_FAME_baseline2_addtune3_2_beauty_fame_k41_20260416_081236_385661_pid1326524.json
  Normal mirror -> /workspace/FeaturedMoE/experiments/run/artifacts/results/baseline_2/normal/pair60_addtuning3_2/BASELINE2/beauty/FAME/beauty_FAME_baseline2_addtune3_2_beauty_fame_k41_20260416_081236_385661_pid1326524.json
  Special result -> /workspace/FeaturedMoE/experiments/run/artifacts/results/baseline_2/special/pair60_addtuning3_2/BASELINE2/beauty/FAME/beauty_FAME_baseline2_addtune3_2_beauty_fame_k41_20260416_081236_385661_pid1326524_special_metrics.json
  Special log -> /workspace/FeaturedMoE/experiments/run/artifacts/logs/baseline_2/special/pair60_addtuning3_2/BASELINE2/beauty/FAME/beauty_FAME_baseline2_addtune3_2_beauty_fame_k41_20260416_081236_385661_pid1326524_special_metrics.json
=================================================================

[RUN_STATUS] END status=normal pid=1326524 start=2026-04-16T08:12:36 end=2026-04-16T08:16:11
