# CMD
/venv/FMoE/bin/python hyperopt_tune.py --config-name tune_ab --space-yaml /workspace/FeaturedMoE/experiments/run/artifacts/logs/baseline_2/PAIR60_ADDTUNING3_2/spaces/beauty_gru4rec_K3.yaml --max-evals 12 --tune-epochs 100 --tune-patience 7 --search-algo tpe --seed 2026042303 --run-group baseline_2 --run-axis pair60_addtuning3_2 --run-phase BASELINE2_ADDTUNE3_2_BEAUTY_GRU4REC_K3 model=gru4rec dataset=beauty eval_mode=session_fixed feature_mode=full_v4 gpu_id=1 log_wandb=false show_progress=false ++seed=2026042303 ++eval_sampling.mode=full ++eval_sampling.auto_full_threshold=999999999 ++special_logging=true ++exclude_unseen_target_from_main_eval=true ++log_unseen_target_metrics=true

/venv/FMoE/lib/python3.10/site-packages/ray/_private/parameter.py:4: UserWarning: pkg_resources is deprecated as an API. See https://setuptools.pypa.io/en/latest/pkg_resources.html. The pkg_resources package is slated for removal as early as 2025-11-30. Refrain from using this package or pin to Setuptools<81.
  import pkg_resources
[RUN_STATUS] START pid=1319087 ts=2026-04-16T07:32:12
[SpaceYAML] loaded: /workspace/FeaturedMoE/experiments/run/artifacts/logs/baseline_2/PAIR60_ADDTUNING3_2/spaces/beauty_gru4rec_K3.yaml (fixed=7, search=3)

=================================================================
  Hyperopt  |  GRU4Rec x beauty
  max_evals=12  epochs=100  patience=7  wandb=off
  search_algo=tpe
  batch_size(train/valid/test)=4096/8192/8192
  track=baseline_2  axis=pair60_addtuning3_2  phase=BASELINE2_ADDTUNE3_2_BEAUTY_GRU4REC_K3
=================================================================
Changed knobs: MAX_ITEM_LIST_LENGTH, learning_rate, num_layers
Tuned params(len>1): 3  (~12 discrete combos)
Tuned groups: 3
  [optimization]
    learning_rate                   [8e-05, 0.003]                            -> loguniform
  [model_core]
    num_layers                      [1, 2, 3, 4]                              -> choice
  [other]
    MAX_ITEM_LIST_LENGTH            [10, 12, 14]                              -> choice
Fixed params(singleton/non-list): 0
Fixed groups: 0
  (none)

[Wandb] disabled for this hyperopt run

[1/12] MAX_ITEM_LIST_LENGTH=12, learning_rate=0.0001178, num_layers=4
  -> MRR@20=0.003200  best=0.003200  (early_stop@21, trial=5s, avg=7s/trial, total=7s, ETA=1.3min)
[TRIAL_METRICS] cur_best_mrr20=0.003200 cur_best_hr10=0.012000 cur_test_mrr20=0.002700 cur_test_hr10=0.011500 run_best_mrr20=0.003200 run_best_hr10=0.012000 run_test_mrr20=0.002700 run_test_hr10=0.011500

[2/12] MAX_ITEM_LIST_LENGTH=12, learning_rate=0.001179, num_layers=1
  -> MRR@20=0.005700  best=0.005700  (early_stop@14, trial=2s, avg=4s/trial, total=9s, ETA=44s)
[TRIAL_METRICS] cur_best_mrr20=0.005700 cur_best_hr10=0.012000 cur_test_mrr20=0.002700 cur_test_hr10=0.005700 run_best_mrr20=0.005700 run_best_hr10=0.012000 run_test_mrr20=0.002700 run_test_hr10=0.005700

[3/12] MAX_ITEM_LIST_LENGTH=10, learning_rate=0.0001549, num_layers=2
  -> MRR@20=0.000600  best=0.005700  (early_stop@8, trial=1s, avg=4s/trial, total=11s, ETA=32s)
[TRIAL_METRICS] cur_best_mrr20=0.000600 cur_best_hr10=0.004000 cur_test_mrr20=0.000500 cur_test_hr10=0.000000 run_best_mrr20=0.005700 run_best_hr10=0.012000 run_test_mrr20=0.002700 run_test_hr10=0.005700

[4/12] MAX_ITEM_LIST_LENGTH=12, learning_rate=0.0002809, num_layers=1
  -> MRR@20=0.001300  best=0.005700  (early_stop@8, trial=1s, avg=3s/trial, total=12s, ETA=25s)
[TRIAL_METRICS] cur_best_mrr20=0.001300 cur_best_hr10=0.004000 cur_test_mrr20=0.000700 cur_test_hr10=0.002900 run_best_mrr20=0.005700 run_best_hr10=0.012000 run_test_mrr20=0.002700 run_test_hr10=0.005700

[5/12] MAX_ITEM_LIST_LENGTH=14, learning_rate=0.001282, num_layers=3
  -> MRR@20=0.016500  best=0.016500  (early_stop@24, trial=4s, avg=3s/trial, total=17s, ETA=23s)
[TRIAL_METRICS] cur_best_mrr20=0.016500 cur_best_hr10=0.034100 cur_test_mrr20=0.014500 cur_test_hr10=0.031500 run_best_mrr20=0.016500 run_best_hr10=0.034100 run_test_mrr20=0.014500 run_test_hr10=0.031500

[6/12] MAX_ITEM_LIST_LENGTH=10, learning_rate=9.055e-05, num_layers=4
  -> MRR@20=0.016300  best=0.016500  (early_stop@55, trial=9s, avg=4s/trial, total=26s, ETA=26s)
[TRIAL_METRICS] cur_best_mrr20=0.016300 cur_best_hr10=0.022100 cur_test_mrr20=0.009900 cur_test_hr10=0.011500 run_best_mrr20=0.016500 run_best_hr10=0.034100 run_test_mrr20=0.014500 run_test_hr10=0.031500

[7/12] MAX_ITEM_LIST_LENGTH=10, learning_rate=0.002064, num_layers=1
  -> MRR@20=0.005300  best=0.016500  (early_stop@12, trial=2s, avg=4s/trial, total=28s, ETA=20s)
[TRIAL_METRICS] cur_best_mrr20=0.005300 cur_best_hr10=0.008000 cur_test_mrr20=0.001300 cur_test_hr10=0.005700 run_best_mrr20=0.016500 run_best_hr10=0.034100 run_test_mrr20=0.014500 run_test_hr10=0.031500

[8/12] MAX_ITEM_LIST_LENGTH=10, learning_rate=0.001442, num_layers=2
  -> MRR@20=0.004200  best=0.016500  (early_stop@11, trial=1s, avg=4s/trial, total=30s, ETA=15s)
[TRIAL_METRICS] cur_best_mrr20=0.004200 cur_best_hr10=0.016100 cur_test_mrr20=0.003500 cur_test_hr10=0.014300 run_best_mrr20=0.016500 run_best_hr10=0.034100 run_test_mrr20=0.014500 run_test_hr10=0.031500

[9/12] MAX_ITEM_LIST_LENGTH=12, learning_rate=0.002859, num_layers=4
  -> MRR@20=0.035900  best=0.035900  (early_stop@47, trial=9s, avg=4s/trial, total=39s, ETA=13s)
[TRIAL_METRICS] cur_best_mrr20=0.035900 cur_best_hr10=0.072300 cur_test_mrr20=0.017600 cur_test_hr10=0.045800 run_best_mrr20=0.035900 run_best_hr10=0.072300 run_test_mrr20=0.017600 run_test_hr10=0.045800

[10/12] MAX_ITEM_LIST_LENGTH=12, learning_rate=0.0001002, num_layers=3
  -> MRR@20=0.001400  best=0.035900  (early_stop@10, trial=2s, avg=4s/trial, total=41s, ETA=8s)
[TRIAL_METRICS] cur_best_mrr20=0.001400 cur_best_hr10=0.006000 cur_test_mrr20=0.000000 cur_test_hr10=0.000000 run_best_mrr20=0.035900 run_best_hr10=0.072300 run_test_mrr20=0.017600 run_test_hr10=0.045800

[11/12] MAX_ITEM_LIST_LENGTH=10, learning_rate=0.001166, num_layers=2
  -> MRR@20=0.004700  best=0.035900  (early_stop@13, trial=2s, avg=4s/trial, total=44s, ETA=4s)
[TRIAL_METRICS] cur_best_mrr20=0.004700 cur_best_hr10=0.018100 cur_test_mrr20=0.003300 cur_test_hr10=0.014300 run_best_mrr20=0.035900 run_best_hr10=0.072300 run_test_mrr20=0.017600 run_test_hr10=0.045800

[12/12] MAX_ITEM_LIST_LENGTH=14, learning_rate=0.0004302, num_layers=4
  -> MRR@20=0.016600  best=0.035900  (early_stop@20, trial=4s, avg=4s/trial, total=49s, ETA=0s)
[TRIAL_METRICS] cur_best_mrr20=0.016600 cur_best_hr10=0.026100 cur_test_mrr20=0.011800 cur_test_hr10=0.011500 run_best_mrr20=0.035900 run_best_hr10=0.072300 run_test_mrr20=0.017600 run_test_hr10=0.045800

=================================================================
  DONE  |  GRU4Rec x beauty
  Best MRR@20 = 0.035900  |  12/12 trials OK
  Best HR@10  = 0.072300
  Test MRR@20 = 0.017600  (best-valid checkpoint)
  Test HR@10  = 0.045800  (best-valid checkpoint)
[RUN_METRICS] best_valid_mrr20=0.035900 best_valid_hr10=0.072300 test_mrr20=0.017600 test_hr10=0.045800
  Total time: 0.8 min
  Best params:
    MAX_ITEM_LIST_LENGTH: 12
    learning_rate: 0.00285877
    num_layers: 4
  Results -> /workspace/FeaturedMoE/experiments/run/artifacts/results/baseline_2/beauty_GRU4Rec_baseline2_addtune3_2_beauty_gru4rec_k3_20260416_073212_303482_pid1319087.json
  Normal mirror -> /workspace/FeaturedMoE/experiments/run/artifacts/results/baseline_2/normal/pair60_addtuning3_2/BASELINE2/beauty/GRU4Rec/beauty_GRU4Rec_baseline2_addtune3_2_beauty_gru4rec_k3_20260416_073212_303482_pid1319087.json
  Special result -> /workspace/FeaturedMoE/experiments/run/artifacts/results/baseline_2/special/pair60_addtuning3_2/BASELINE2/beauty/GRU4Rec/beauty_GRU4Rec_baseline2_addtune3_2_beauty_gru4rec_k3_20260416_073212_303482_pid1319087_special_metrics.json
  Special log -> /workspace/FeaturedMoE/experiments/run/artifacts/logs/baseline_2/special/pair60_addtuning3_2/BASELINE2/beauty/GRU4Rec/beauty_GRU4Rec_baseline2_addtune3_2_beauty_gru4rec_k3_20260416_073212_303482_pid1319087_special_metrics.json
=================================================================

[RUN_STATUS] END status=normal pid=1319087 start=2026-04-16T07:32:12 end=2026-04-16T07:33:01
