# CMD
/venv/FMoE/bin/python hyperopt_tune.py --config-name tune_ab --space-yaml /workspace/FeaturedMoE/experiments/run/artifacts/logs/baseline_2/PAIR60_ADDTUNING3_2/spaces/beauty_bsarec_K35.yaml --max-evals 11 --tune-epochs 100 --tune-patience 7 --search-algo tpe --seed 2026042035 --run-group baseline_2 --run-axis pair60_addtuning3_2 --run-phase BASELINE2_ADDTUNE3_2_BEAUTY_BSAREC_K35 model=bsarec dataset=beauty eval_mode=session_fixed feature_mode=full_v4 gpu_id=4 log_wandb=false show_progress=false ++seed=2026042035 ++eval_sampling.mode=full ++eval_sampling.auto_full_threshold=999999999 ++special_logging=true ++exclude_unseen_target_from_main_eval=true ++log_unseen_target_metrics=true

/venv/FMoE/lib/python3.10/site-packages/ray/_private/parameter.py:4: UserWarning: pkg_resources is deprecated as an API. See https://setuptools.pypa.io/en/latest/pkg_resources.html. The pkg_resources package is slated for removal as early as 2025-11-30. Refrain from using this package or pin to Setuptools<81.
  import pkg_resources
[RUN_STATUS] START pid=1316228 ts=2026-04-16T07:24:44
[SpaceYAML] loaded: /workspace/FeaturedMoE/experiments/run/artifacts/logs/baseline_2/PAIR60_ADDTUNING3_2/spaces/beauty_bsarec_K35.yaml (fixed=11, search=3)

=================================================================
  Hyperopt  |  BSARec x beauty
  max_evals=11  epochs=100  patience=7  wandb=off
  search_algo=tpe
  batch_size(train/valid/test)=4096/8192/8192
  track=baseline_2  axis=pair60_addtuning3_2  phase=BASELINE2_ADDTUNE3_2_BEAUTY_BSAREC_K35
=================================================================
Changed knobs: MAX_ITEM_LIST_LENGTH, bsarec_c, learning_rate
Tuned params(len>1): 3  (~12 discrete combos)
Tuned groups: 3
  [optimization]
    learning_rate                   [0.00015, 0.0045]                         -> loguniform
  [other]
    MAX_ITEM_LIST_LENGTH            [12, 14, 16]                              -> choice
    bsarec_c                        [1, 2, 5, 8]                              -> choice
Fixed params(singleton/non-list): 0
Fixed groups: 0
  (none)

[Wandb] disabled for this hyperopt run

[1/11] MAX_ITEM_LIST_LENGTH=14, bsarec_c=1, learning_rate=0.000391
  -> MRR@20=0.003400  best=0.003400  (early_stop@14, trial=3s, avg=5s/trial, total=5s, ETA=53s)
[TRIAL_METRICS] cur_best_mrr20=0.003400 cur_best_hr10=0.008000 cur_test_mrr20=0.001300 cur_test_hr10=0.005700 run_best_mrr20=0.003400 run_best_hr10=0.008000 run_test_mrr20=0.001300 run_test_hr10=0.005700

[2/11] MAX_ITEM_LIST_LENGTH=16, bsarec_c=8, learning_rate=0.002814
  -> MRR@20=0.007800  best=0.007800  (early_stop@15, trial=3s, avg=5s/trial, total=9s, ETA=42s)
[TRIAL_METRICS] cur_best_mrr20=0.007800 cur_best_hr10=0.012000 cur_test_mrr20=0.006800 cur_test_hr10=0.011500 run_best_mrr20=0.007800 run_best_hr10=0.012000 run_test_mrr20=0.006800 run_test_hr10=0.011500

[3/11] MAX_ITEM_LIST_LENGTH=12, bsarec_c=1, learning_rate=0.0001949
  -> MRR@20=0.001200  best=0.007800  (early_stop@9, trial=2s, avg=4s/trial, total=12s, ETA=31s)
[TRIAL_METRICS] cur_best_mrr20=0.001200 cur_best_hr10=0.004000 cur_test_mrr20=0.000700 cur_test_hr10=0.002900 run_best_mrr20=0.007800 run_best_hr10=0.012000 run_test_mrr20=0.006800 run_test_hr10=0.011500

[4/11] MAX_ITEM_LIST_LENGTH=14, bsarec_c=8, learning_rate=0.0009286
  -> MRR@20=0.006000  best=0.007800  (early_stop@23, trial=4s, avg=4s/trial, total=16s, ETA=29s)
[TRIAL_METRICS] cur_best_mrr20=0.006000 cur_best_hr10=0.008000 cur_test_mrr20=0.000700 cur_test_hr10=0.000000 run_best_mrr20=0.007800 run_best_hr10=0.012000 run_test_mrr20=0.006800 run_test_hr10=0.011500

[5/11] MAX_ITEM_LIST_LENGTH=12, bsarec_c=1, learning_rate=0.0008303
  -> MRR@20=0.006400  best=0.007800  (early_stop@28, trial=5s, avg=4s/trial, total=21s, ETA=26s)
[TRIAL_METRICS] cur_best_mrr20=0.006400 cur_best_hr10=0.014100 cur_test_mrr20=0.005600 cur_test_hr10=0.011500 run_best_mrr20=0.007800 run_best_hr10=0.012000 run_test_mrr20=0.006800 run_test_hr10=0.011500

[6/11] MAX_ITEM_LIST_LENGTH=12, bsarec_c=1, learning_rate=0.001169
  -> MRR@20=0.025800  best=0.025800  (early_stop@89, trial=15s, avg=6s/trial, total=37s, ETA=31s)
[TRIAL_METRICS] cur_best_mrr20=0.025800 cur_best_hr10=0.038200 cur_test_mrr20=0.009800 cur_test_hr10=0.020100 run_best_mrr20=0.025800 run_best_hr10=0.038200 run_test_mrr20=0.009800 run_test_hr10=0.020100

[7/11] MAX_ITEM_LIST_LENGTH=12, bsarec_c=5, learning_rate=0.0001953
  -> MRR@20=0.001000  best=0.025800  (early_stop@9, trial=1s, avg=5s/trial, total=38s, ETA=22s)
[TRIAL_METRICS] cur_best_mrr20=0.001000 cur_best_hr10=0.004000 cur_test_mrr20=0.000000 cur_test_hr10=0.000000 run_best_mrr20=0.025800 run_best_hr10=0.038200 run_test_mrr20=0.009800 run_test_hr10=0.020100

[8/11] MAX_ITEM_LIST_LENGTH=12, bsarec_c=8, learning_rate=0.001005
  -> MRR@20=0.015900  best=0.025800  (early_stop@74, trial=13s, avg=6s/trial, total=52s, ETA=19s)
[TRIAL_METRICS] cur_best_mrr20=0.015900 cur_best_hr10=0.028100 cur_test_mrr20=0.010300 cur_test_hr10=0.034400 run_best_mrr20=0.025800 run_best_hr10=0.038200 run_test_mrr20=0.009800 run_test_hr10=0.020100

[9/11] MAX_ITEM_LIST_LENGTH=14, bsarec_c=8, learning_rate=0.001504
  -> MRR@20=0.013600  best=0.025800  (early_stop@47, trial=9s, avg=7s/trial, total=1.0min, ETA=14s)
[TRIAL_METRICS] cur_best_mrr20=0.013600 cur_best_hr10=0.026100 cur_test_mrr20=0.010000 cur_test_hr10=0.028700 run_best_mrr20=0.025800 run_best_hr10=0.038200 run_test_mrr20=0.009800 run_test_hr10=0.020100

[10/11] MAX_ITEM_LIST_LENGTH=16, bsarec_c=8, learning_rate=0.002438
  -> MRR@20=0.015800  best=0.025800  (early_stop@38, trial=7s, avg=7s/trial, total=1.2min, ETA=7s)
[TRIAL_METRICS] cur_best_mrr20=0.015800 cur_best_hr10=0.030100 cur_test_mrr20=0.012500 cur_test_hr10=0.034400 run_best_mrr20=0.025800 run_best_hr10=0.038200 run_test_mrr20=0.009800 run_test_hr10=0.020100

[11/11] MAX_ITEM_LIST_LENGTH=12, bsarec_c=2, learning_rate=0.003561
  -> MRR@20=0.023800  best=0.025800  (early_stop@35, trial=6s, avg=7s/trial, total=1.3min, ETA=0s)
[TRIAL_METRICS] cur_best_mrr20=0.023800 cur_best_hr10=0.034100 cur_test_mrr20=0.009300 cur_test_hr10=0.025800 run_best_mrr20=0.025800 run_best_hr10=0.038200 run_test_mrr20=0.009800 run_test_hr10=0.020100

=================================================================
  DONE  |  BSARec x beauty
  Best MRR@20 = 0.025800  |  11/11 trials OK
  Best HR@10  = 0.038200
  Test MRR@20 = 0.009800  (best-valid checkpoint)
  Test HR@10  = 0.020100  (best-valid checkpoint)
[RUN_METRICS] best_valid_mrr20=0.025800 best_valid_hr10=0.038200 test_mrr20=0.009800 test_hr10=0.020100
  Total time: 1.3 min
  Best params:
    MAX_ITEM_LIST_LENGTH: 12
    bsarec_c: 1
    learning_rate: 0.00116897
  Results -> /workspace/FeaturedMoE/experiments/run/artifacts/results/baseline_2/beauty_BSARec_baseline2_addtune3_2_beauty_bsarec_k35_20260416_072445_119881_pid1316228.json
  Normal mirror -> /workspace/FeaturedMoE/experiments/run/artifacts/results/baseline_2/normal/pair60_addtuning3_2/BASELINE2/beauty/BSARec/beauty_BSARec_baseline2_addtune3_2_beauty_bsarec_k35_20260416_072445_119881_pid1316228.json
  Special result -> /workspace/FeaturedMoE/experiments/run/artifacts/results/baseline_2/special/pair60_addtuning3_2/BASELINE2/beauty/BSARec/beauty_BSARec_baseline2_addtune3_2_beauty_bsarec_k35_20260416_072445_119881_pid1316228_special_metrics.json
  Special log -> /workspace/FeaturedMoE/experiments/run/artifacts/logs/baseline_2/special/pair60_addtuning3_2/BASELINE2/beauty/BSARec/beauty_BSARec_baseline2_addtune3_2_beauty_bsarec_k35_20260416_072445_119881_pid1316228_special_metrics.json
=================================================================

[RUN_STATUS] END status=normal pid=1316228 start=2026-04-16T07:24:44 end=2026-04-16T07:26:01
