# CMD
/venv/FMoE/bin/python hyperopt_tune.py --config-name tune_ab --space-yaml /workspace/FeaturedMoE/experiments/run/artifacts/logs/baseline_2/PAIR60_ADDTUNING3_2/spaces/beauty_fame_K25.yaml --max-evals 10 --tune-epochs 100 --tune-patience 7 --search-algo tpe --seed 2026042125 --run-group baseline_2 --run-axis pair60_addtuning3_2 --run-phase BASELINE2_ADDTUNE3_2_BEAUTY_FAME_K25 model=fame dataset=beauty eval_mode=session_fixed feature_mode=full_v4 gpu_id=6 log_wandb=false show_progress=false ++seed=2026042125 ++eval_sampling.mode=full ++eval_sampling.auto_full_threshold=999999999 ++special_logging=true ++exclude_unseen_target_from_main_eval=true ++log_unseen_target_metrics=true

/venv/FMoE/lib/python3.10/site-packages/ray/_private/parameter.py:4: UserWarning: pkg_resources is deprecated as an API. See https://setuptools.pypa.io/en/latest/pkg_resources.html. The pkg_resources package is slated for removal as early as 2025-11-30. Refrain from using this package or pin to Setuptools<81.
  import pkg_resources
[RUN_STATUS] START pid=1321471 ts=2026-04-16T07:41:57
[SpaceYAML] loaded: /workspace/FeaturedMoE/experiments/run/artifacts/logs/baseline_2/PAIR60_ADDTUNING3_2/spaces/beauty_fame_K25.yaml (fixed=10, search=3)

=================================================================
  Hyperopt  |  FAME x beauty
  max_evals=10  epochs=100  patience=7  wandb=off
  search_algo=tpe
  batch_size(train/valid/test)=4096/8192/8192
  track=baseline_2  axis=pair60_addtuning3_2  phase=BASELINE2_ADDTUNE3_2_BEAUTY_FAME_K25
=================================================================
Changed knobs: MAX_ITEM_LIST_LENGTH, learning_rate, num_layers
Tuned params(len>1): 3  (~6 discrete combos)
Tuned groups: 3
  [optimization]
    learning_rate                   [0.00012, 0.0035]                         -> loguniform
  [model_core]
    num_layers                      [1, 2, 3]                                 -> choice
  [other]
    MAX_ITEM_LIST_LENGTH            [8, 10]                                   -> choice
Fixed params(singleton/non-list): 0
Fixed groups: 0
  (none)

[Wandb] disabled for this hyperopt run

[1/10] MAX_ITEM_LIST_LENGTH=8, learning_rate=0.001051, num_layers=3
  -> MRR@20=0.000600  best=0.000600  (early_stop@8, trial=2s, avg=4s/trial, total=4s, ETA=38s)
[TRIAL_METRICS] cur_best_mrr20=0.000600 cur_best_hr10=0.002000 cur_test_mrr20=0.001900 cur_test_hr10=0.008600 run_best_mrr20=0.000600 run_best_hr10=0.002000 run_test_mrr20=0.001900 run_test_hr10=0.008600

[2/10] MAX_ITEM_LIST_LENGTH=10, learning_rate=0.0002288, num_layers=3
  -> MRR@20=0.002400  best=0.002400  (early_stop@8, trial=2s, avg=3s/trial, total=7s, ETA=27s)
[TRIAL_METRICS] cur_best_mrr20=0.002400 cur_best_hr10=0.002000 cur_test_mrr20=0.000800 cur_test_hr10=0.002900 run_best_mrr20=0.002400 run_best_hr10=0.002000 run_test_mrr20=0.000800 run_test_hr10=0.002900

[3/10] MAX_ITEM_LIST_LENGTH=8, learning_rate=0.0004672, num_layers=1
  -> MRR@20=0.000500  best=0.002400  (early_stop@8, trial=1s, avg=3s/trial, total=8s, ETA=19s)
[TRIAL_METRICS] cur_best_mrr20=0.000500 cur_best_hr10=0.000000 cur_test_mrr20=0.000300 cur_test_hr10=0.000000 run_best_mrr20=0.002400 run_best_hr10=0.002000 run_test_mrr20=0.000800 run_test_hr10=0.002900

[4/10] MAX_ITEM_LIST_LENGTH=8, learning_rate=0.001282, num_layers=2
  -> MRR@20=0.007600  best=0.007600  (early_stop@49, trial=10s, avg=5s/trial, total=18s, ETA=28s)
[TRIAL_METRICS] cur_best_mrr20=0.007600 cur_best_hr10=0.016100 cur_test_mrr20=0.004400 cur_test_hr10=0.008600 run_best_mrr20=0.007600 run_best_hr10=0.016100 run_test_mrr20=0.004400 run_test_hr10=0.008600

[5/10] MAX_ITEM_LIST_LENGTH=8, learning_rate=0.002101, num_layers=1
  -> MRR@20=0.005500  best=0.007600  (early_stop@35, trial=8s, avg=5s/trial, total=26s, ETA=26s)
[TRIAL_METRICS] cur_best_mrr20=0.005500 cur_best_hr10=0.012000 cur_test_mrr20=0.001300 cur_test_hr10=0.002900 run_best_mrr20=0.007600 run_best_hr10=0.016100 run_test_mrr20=0.004400 run_test_hr10=0.008600

[6/10] MAX_ITEM_LIST_LENGTH=8, learning_rate=0.002847, num_layers=1
  -> MRR@20=0.006200  best=0.007600  (early_stop@25, trial=5s, avg=5s/trial, total=31s, ETA=21s)
[TRIAL_METRICS] cur_best_mrr20=0.006200 cur_best_hr10=0.010000 cur_test_mrr20=0.000600 cur_test_hr10=0.002900 run_best_mrr20=0.007600 run_best_hr10=0.016100 run_test_mrr20=0.004400 run_test_hr10=0.008600

[7/10] MAX_ITEM_LIST_LENGTH=8, learning_rate=0.002154, num_layers=1
  -> MRR@20=0.006300  best=0.007600  (early_stop@33, trial=6s, avg=5s/trial, total=38s, ETA=16s)
[TRIAL_METRICS] cur_best_mrr20=0.006300 cur_best_hr10=0.010000 cur_test_mrr20=0.000700 cur_test_hr10=0.002900 run_best_mrr20=0.007600 run_best_hr10=0.016100 run_test_mrr20=0.004400 run_test_hr10=0.008600

[8/10] MAX_ITEM_LIST_LENGTH=10, learning_rate=0.001207, num_layers=2
  -> MRR@20=0.003800  best=0.007600  (early_stop@9, trial=2s, avg=5s/trial, total=40s, ETA=10s)
[TRIAL_METRICS] cur_best_mrr20=0.003800 cur_best_hr10=0.008000 cur_test_mrr20=0.000600 cur_test_hr10=0.002900 run_best_mrr20=0.007600 run_best_hr10=0.016100 run_test_mrr20=0.004400 run_test_hr10=0.008600

[9/10] MAX_ITEM_LIST_LENGTH=10, learning_rate=0.0001864, num_layers=2
  -> MRR@20=0.002600  best=0.007600  (early_stop@18, trial=4s, avg=5s/trial, total=44s, ETA=5s)
[TRIAL_METRICS] cur_best_mrr20=0.002600 cur_best_hr10=0.006000 cur_test_mrr20=0.000600 cur_test_hr10=0.002900 run_best_mrr20=0.007600 run_best_hr10=0.016100 run_test_mrr20=0.004400 run_test_hr10=0.008600

[10/10] MAX_ITEM_LIST_LENGTH=8, learning_rate=0.0004395, num_layers=3
  -> MRR@20=0.000600  best=0.007600  (early_stop@9, trial=2s, avg=5s/trial, total=46s, ETA=0s)
[TRIAL_METRICS] cur_best_mrr20=0.000600 cur_best_hr10=0.002000 cur_test_mrr20=0.001800 cur_test_hr10=0.008600 run_best_mrr20=0.007600 run_best_hr10=0.016100 run_test_mrr20=0.004400 run_test_hr10=0.008600

=================================================================
  DONE  |  FAME x beauty
  Best MRR@20 = 0.007600  |  10/10 trials OK
  Best HR@10  = 0.016100
  Test MRR@20 = 0.004400  (best-valid checkpoint)
  Test HR@10  = 0.008600  (best-valid checkpoint)
[RUN_METRICS] best_valid_mrr20=0.007600 best_valid_hr10=0.016100 test_mrr20=0.004400 test_hr10=0.008600
  Total time: 0.8 min
  Best params:
    MAX_ITEM_LIST_LENGTH: 8
    learning_rate: 0.00128186
    num_layers: 2
  Results -> /workspace/FeaturedMoE/experiments/run/artifacts/results/baseline_2/beauty_FAME_baseline2_addtune3_2_beauty_fame_k25_20260416_074157_495556_pid1321471.json
  Normal mirror -> /workspace/FeaturedMoE/experiments/run/artifacts/results/baseline_2/normal/pair60_addtuning3_2/BASELINE2/beauty/FAME/beauty_FAME_baseline2_addtune3_2_beauty_fame_k25_20260416_074157_495556_pid1321471.json
  Special result -> /workspace/FeaturedMoE/experiments/run/artifacts/results/baseline_2/special/pair60_addtuning3_2/BASELINE2/beauty/FAME/beauty_FAME_baseline2_addtune3_2_beauty_fame_k25_20260416_074157_495556_pid1321471_special_metrics.json
  Special log -> /workspace/FeaturedMoE/experiments/run/artifacts/logs/baseline_2/special/pair60_addtuning3_2/BASELINE2/beauty/FAME/beauty_FAME_baseline2_addtune3_2_beauty_fame_k25_20260416_074157_495556_pid1321471_special_metrics.json
=================================================================

[RUN_STATUS] END status=normal pid=1321471 start=2026-04-16T07:41:57 end=2026-04-16T07:42:43
