# CMD
/venv/FMoE/bin/python hyperopt_tune.py --config-name tune_ab --space-yaml /workspace/FeaturedMoE/experiments/run/artifacts/logs/baseline_2/PAIR60_ADDTUNING3_2/spaces/beauty_fame_K50.yaml --max-evals 10 --tune-epochs 100 --tune-patience 7 --search-algo tpe --seed 2026042150 --run-group baseline_2 --run-axis pair60_addtuning3_2 --run-phase BASELINE2_ADDTUNE3_2_BEAUTY_FAME_K50 model=fame dataset=beauty eval_mode=session_fixed feature_mode=full_v4 gpu_id=7 log_wandb=false show_progress=false ++seed=2026042150 ++eval_sampling.mode=full ++eval_sampling.auto_full_threshold=999999999 ++special_logging=true ++exclude_unseen_target_from_main_eval=true ++log_unseen_target_metrics=true

/venv/FMoE/lib/python3.10/site-packages/ray/_private/parameter.py:4: UserWarning: pkg_resources is deprecated as an API. See https://setuptools.pypa.io/en/latest/pkg_resources.html. The pkg_resources package is slated for removal as early as 2025-11-30. Refrain from using this package or pin to Setuptools<81.
  import pkg_resources
[RUN_STATUS] START pid=1326997 ts=2026-04-16T08:15:35
[SpaceYAML] loaded: /workspace/FeaturedMoE/experiments/run/artifacts/logs/baseline_2/PAIR60_ADDTUNING3_2/spaces/beauty_fame_K50.yaml (fixed=10, search=3)

=================================================================
  Hyperopt  |  FAME x beauty
  max_evals=10  epochs=100  patience=7  wandb=off
  search_algo=tpe
  batch_size(train/valid/test)=4096/8192/8192
  track=baseline_2  axis=pair60_addtuning3_2  phase=BASELINE2_ADDTUNE3_2_BEAUTY_FAME_K50
=================================================================
Changed knobs: MAX_ITEM_LIST_LENGTH, learning_rate, num_experts
Tuned params(len>1): 3  (~9 discrete combos)
Tuned groups: 3
  [optimization]
    learning_rate                   [5e-05, 0.011]                            -> loguniform
  [other]
    MAX_ITEM_LIST_LENGTH            [16, 20, 24]                              -> choice
    num_experts                     [2, 4, 6]                                 -> choice
Fixed params(singleton/non-list): 0
Fixed groups: 0
  (none)

[Wandb] disabled for this hyperopt run

[1/10] MAX_ITEM_LIST_LENGTH=20, learning_rate=0.009379, num_experts=4
  -> MRR@20=0.015500  best=0.015500  (early_stop@24, trial=23s, avg=26s/trial, total=26s, ETA=3.8min)
[TRIAL_METRICS] cur_best_mrr20=0.015500 cur_best_hr10=0.022100 cur_test_mrr20=0.008800 cur_test_hr10=0.008600 run_best_mrr20=0.015500 run_best_hr10=0.022100 run_test_mrr20=0.008800 run_test_hr10=0.008600

[2/10] MAX_ITEM_LIST_LENGTH=24, learning_rate=0.003464, num_experts=4
  -> MRR@20=0.019300  best=0.019300  (early_stop@22, trial=23s, avg=25s/trial, total=50s, ETA=3.3min)
[TRIAL_METRICS] cur_best_mrr20=0.019300 cur_best_hr10=0.032100 cur_test_mrr20=0.014500 cur_test_hr10=0.020100 run_best_mrr20=0.019300 run_best_hr10=0.032100 run_test_mrr20=0.014500 run_test_hr10=0.020100

[3/10] MAX_ITEM_LIST_LENGTH=20, learning_rate=0.001119, num_experts=4
  -> MRR@20=0.013500  best=0.019300  (early_stop@32, trial=32s, avg=27s/trial, total=1.4min, ETA=3.2min)
[TRIAL_METRICS] cur_best_mrr20=0.013500 cur_best_hr10=0.018100 cur_test_mrr20=0.008700 cur_test_hr10=0.020100 run_best_mrr20=0.019300 run_best_hr10=0.032100 run_test_mrr20=0.014500 run_test_hr10=0.020100

[4/10] MAX_ITEM_LIST_LENGTH=20, learning_rate=0.0001974, num_experts=2
  -> MRR@20=0.004600  best=0.019300  (early_stop@26, trial=20s, avg=25s/trial, total=1.7min, ETA=2.5min)
[TRIAL_METRICS] cur_best_mrr20=0.004600 cur_best_hr10=0.012000 cur_test_mrr20=0.000500 cur_test_hr10=0.002900 run_best_mrr20=0.019300 run_best_hr10=0.032100 run_test_mrr20=0.014500 run_test_hr10=0.020100

[5/10] MAX_ITEM_LIST_LENGTH=24, learning_rate=0.0001435, num_experts=4
  -> MRR@20=0.003900  best=0.019300  (early_stop@8, trial=8s, avg=22s/trial, total=1.8min, ETA=1.8min)
[TRIAL_METRICS] cur_best_mrr20=0.003900 cur_best_hr10=0.006000 cur_test_mrr20=0.000400 cur_test_hr10=0.002900 run_best_mrr20=0.019300 run_best_hr10=0.032100 run_test_mrr20=0.014500 run_test_hr10=0.020100

[6/10] MAX_ITEM_LIST_LENGTH=24, learning_rate=0.002449, num_experts=2
  -> MRR@20=0.020400  best=0.020400  (early_stop@32, trial=29s, avg=23s/trial, total=2.3min, ETA=1.6min)
[TRIAL_METRICS] cur_best_mrr20=0.020400 cur_best_hr10=0.030100 cur_test_mrr20=0.013700 cur_test_hr10=0.031500 run_best_mrr20=0.020400 run_best_hr10=0.030100 run_test_mrr20=0.013700 run_test_hr10=0.031500

[7/10] MAX_ITEM_LIST_LENGTH=24, learning_rate=0.001284, num_experts=6
  -> MRR@20=0.017900  best=0.020400  (early_stop@40, trial=51s, avg=27s/trial, total=3.2min, ETA=1.4min)
[TRIAL_METRICS] cur_best_mrr20=0.017900 cur_best_hr10=0.026100 cur_test_mrr20=0.017100 cur_test_hr10=0.025800 run_best_mrr20=0.020400 run_best_hr10=0.030100 run_test_mrr20=0.013700 run_test_hr10=0.031500

[8/10] MAX_ITEM_LIST_LENGTH=24, learning_rate=7.329e-05, num_experts=6
  -> MRR@20=0.003100  best=0.020400  (early_stop@23, trial=28s, avg=27s/trial, total=3.7min, ETA=55s)
[TRIAL_METRICS] cur_best_mrr20=0.003100 cur_best_hr10=0.006000 cur_test_mrr20=0.000700 cur_test_hr10=0.002900 run_best_mrr20=0.020400 run_best_hr10=0.030100 run_test_mrr20=0.013700 run_test_hr10=0.031500

[9/10] MAX_ITEM_LIST_LENGTH=16, learning_rate=0.0001406, num_experts=2
  -> MRR@20=0.006300  best=0.020400  (early_stop@45, trial=33s, avg=28s/trial, total=4.2min, ETA=28s)
[TRIAL_METRICS] cur_best_mrr20=0.006300 cur_best_hr10=0.006000 cur_test_mrr20=0.000800 cur_test_hr10=0.005700 run_best_mrr20=0.020400 run_best_hr10=0.030100 run_test_mrr20=0.013700 run_test_hr10=0.031500

[10/10] MAX_ITEM_LIST_LENGTH=16, learning_rate=0.001881, num_experts=6
  -> MRR@20=0.022000  best=0.022000  (early_stop@43, trial=50s, avg=30s/trial, total=5.1min, ETA=0s)
[TRIAL_METRICS] cur_best_mrr20=0.022000 cur_best_hr10=0.038200 cur_test_mrr20=0.023200 cur_test_hr10=0.048700 run_best_mrr20=0.022000 run_best_hr10=0.038200 run_test_mrr20=0.023200 run_test_hr10=0.048700

=================================================================
  DONE  |  FAME x beauty
  Best MRR@20 = 0.022000  |  10/10 trials OK
  Best HR@10  = 0.038200
  Test MRR@20 = 0.023200  (best-valid checkpoint)
  Test HR@10  = 0.048700  (best-valid checkpoint)
[RUN_METRICS] best_valid_mrr20=0.022000 best_valid_hr10=0.038200 test_mrr20=0.023200 test_hr10=0.048700
  Total time: 5.1 min
  Best params:
    MAX_ITEM_LIST_LENGTH: 16
    learning_rate: 0.00188103
    num_experts: 6
  Results -> /workspace/FeaturedMoE/experiments/run/artifacts/results/baseline_2/beauty_FAME_baseline2_addtune3_2_beauty_fame_k50_20260416_081535_636839_pid1326997.json
  Normal mirror -> /workspace/FeaturedMoE/experiments/run/artifacts/results/baseline_2/normal/pair60_addtuning3_2/BASELINE2/beauty/FAME/beauty_FAME_baseline2_addtune3_2_beauty_fame_k50_20260416_081535_636839_pid1326997.json
  Special result -> /workspace/FeaturedMoE/experiments/run/artifacts/results/baseline_2/special/pair60_addtuning3_2/BASELINE2/beauty/FAME/beauty_FAME_baseline2_addtune3_2_beauty_fame_k50_20260416_081535_636839_pid1326997_special_metrics.json
  Special log -> /workspace/FeaturedMoE/experiments/run/artifacts/logs/baseline_2/special/pair60_addtuning3_2/BASELINE2/beauty/FAME/beauty_FAME_baseline2_addtune3_2_beauty_fame_k50_20260416_081535_636839_pid1326997_special_metrics.json
=================================================================

[RUN_STATUS] END status=normal pid=1326997 start=2026-04-16T08:15:35 end=2026-04-16T08:20:39
