# CMD
/venv/FMoE/bin/python hyperopt_tune.py --config-name tune_ab --space-yaml /workspace/FeaturedMoE/experiments/run/artifacts/logs/baseline_2/PAIR60_ADDTUNING3_2/spaces/beauty_difsr_K8.yaml --max-evals 12 --tune-epochs 100 --tune-patience 7 --search-algo tpe --seed 2026042208 --run-group baseline_2 --run-axis pair60_addtuning3_2 --run-phase BASELINE2_ADDTUNE3_2_BEAUTY_DIFSR_K8 model=difsr dataset=beauty eval_mode=session_fixed feature_mode=full_v4 gpu_id=7 log_wandb=false show_progress=false ++seed=2026042208 ++eval_sampling.mode=full ++eval_sampling.auto_full_threshold=999999999 ++special_logging=true ++exclude_unseen_target_from_main_eval=true ++log_unseen_target_metrics=true

/venv/FMoE/lib/python3.10/site-packages/ray/_private/parameter.py:4: UserWarning: pkg_resources is deprecated as an API. See https://setuptools.pypa.io/en/latest/pkg_resources.html. The pkg_resources package is slated for removal as early as 2025-11-30. Refrain from using this package or pin to Setuptools<81.
  import pkg_resources
[RUN_STATUS] START pid=1313731 ts=2026-04-16T07:19:22
[SpaceYAML] loaded: /workspace/FeaturedMoE/experiments/run/artifacts/logs/baseline_2/PAIR60_ADDTUNING3_2/spaces/beauty_difsr_K8.yaml (fixed=13, search=3)

=================================================================
  Hyperopt  |  DIFSR x beauty
  max_evals=12  epochs=100  patience=7  wandb=off
  search_algo=tpe
  batch_size(train/valid/test)=4096/8192/8192
  track=baseline_2  axis=pair60_addtuning3_2  phase=BASELINE2_ADDTUNE3_2_BEAUTY_DIFSR_K8
=================================================================
Changed knobs: MAX_ITEM_LIST_LENGTH, attribute_hidden_size, learning_rate
Tuned params(len>1): 3  (~12 discrete combos)
Tuned groups: 3
  [optimization]
    learning_rate                   [0.003, 0.024]                            -> loguniform
  [other]
    MAX_ITEM_LIST_LENGTH            [20, 24, 28]                              -> choice
    attribute_hidden_size           [96, 128, 160, 224]                       -> choice
Fixed params(singleton/non-list): 0
Fixed groups: 0
  (none)

[Wandb] disabled for this hyperopt run

[1/12] MAX_ITEM_LIST_LENGTH=20, attribute_hidden_size=96, learning_rate=0.01634
  -> MRR@20=0.015000  best=0.015000  (early_stop@23, trial=7s, avg=9s/trial, total=9s, ETA=1.7min)
[TRIAL_METRICS] cur_best_mrr20=0.015000 cur_best_hr10=0.018100 cur_test_mrr20=0.009500 cur_test_hr10=0.008600 run_best_mrr20=0.015000 run_best_hr10=0.018100 run_test_mrr20=0.009500 run_test_hr10=0.008600

[2/12] MAX_ITEM_LIST_LENGTH=28, attribute_hidden_size=224, learning_rate=0.01004
  -> MRR@20=0.014600  best=0.015000  (early_stop@16, trial=6s, avg=8s/trial, total=16s, ETA=1.3min)
[TRIAL_METRICS] cur_best_mrr20=0.014600 cur_best_hr10=0.022100 cur_test_mrr20=0.009600 cur_test_hr10=0.008600 run_best_mrr20=0.015000 run_best_hr10=0.018100 run_test_mrr20=0.009500 run_test_hr10=0.008600

[3/12] MAX_ITEM_LIST_LENGTH=20, attribute_hidden_size=160, learning_rate=0.02188
  -> MRR@20=0.016200  best=0.016200  (early_stop@31, trial=8s, avg=8s/trial, total=25s, ETA=1.3min)
[TRIAL_METRICS] cur_best_mrr20=0.016200 cur_best_hr10=0.032100 cur_test_mrr20=0.010100 cur_test_hr10=0.020100 run_best_mrr20=0.016200 run_best_hr10=0.032100 run_test_mrr20=0.010100 run_test_hr10=0.020100

[4/12] MAX_ITEM_LIST_LENGTH=20, attribute_hidden_size=224, learning_rate=0.01487
  -> MRR@20=0.008700  best=0.016200  (early_stop@9, trial=2s, avg=7s/trial, total=28s, ETA=56s)
[TRIAL_METRICS] cur_best_mrr20=0.008700 cur_best_hr10=0.014100 cur_test_mrr20=0.005000 cur_test_hr10=0.011500 run_best_mrr20=0.016200 run_best_hr10=0.032100 run_test_mrr20=0.010100 run_test_hr10=0.020100

[5/12] MAX_ITEM_LIST_LENGTH=24, attribute_hidden_size=160, learning_rate=0.02045
  -> MRR@20=0.007300  best=0.016200  (early_stop@10, trial=3s, avg=6s/trial, total=32s, ETA=44s)
[TRIAL_METRICS] cur_best_mrr20=0.007300 cur_best_hr10=0.020100 cur_test_mrr20=0.004700 cur_test_hr10=0.017200 run_best_mrr20=0.016200 run_best_hr10=0.032100 run_test_mrr20=0.010100 run_test_hr10=0.020100

[6/12] MAX_ITEM_LIST_LENGTH=24, attribute_hidden_size=160, learning_rate=0.006205
  -> MRR@20=0.018000  best=0.018000  (early_stop@14, trial=4s, avg=6s/trial, total=36s, ETA=36s)
[TRIAL_METRICS] cur_best_mrr20=0.018000 cur_best_hr10=0.032100 cur_test_mrr20=0.012900 cur_test_hr10=0.020100 run_best_mrr20=0.018000 run_best_hr10=0.032100 run_test_mrr20=0.012900 run_test_hr10=0.020100

[7/12] MAX_ITEM_LIST_LENGTH=28, attribute_hidden_size=160, learning_rate=0.007316
  -> MRR@20=0.014200  best=0.018000  (early_stop@20, trial=7s, avg=6s/trial, total=44s, ETA=32s)
[TRIAL_METRICS] cur_best_mrr20=0.014200 cur_best_hr10=0.018100 cur_test_mrr20=0.008800 cur_test_hr10=0.008600 run_best_mrr20=0.018000 run_best_hr10=0.032100 run_test_mrr20=0.012900 run_test_hr10=0.020100

[8/12] MAX_ITEM_LIST_LENGTH=20, attribute_hidden_size=96, learning_rate=0.006476
  -> MRR@20=0.015000  best=0.018000  (early_stop@16, trial=4s, avg=6s/trial, total=49s, ETA=25s)
[TRIAL_METRICS] cur_best_mrr20=0.015000 cur_best_hr10=0.022100 cur_test_mrr20=0.008600 cur_test_hr10=0.008600 run_best_mrr20=0.018000 run_best_hr10=0.032100 run_test_mrr20=0.012900 run_test_hr10=0.020100

[9/12] MAX_ITEM_LIST_LENGTH=20, attribute_hidden_size=96, learning_rate=0.006757
  -> MRR@20=0.015100  best=0.018000  (early_stop@10, trial=3s, avg=6s/trial, total=52s, ETA=17s)
[TRIAL_METRICS] cur_best_mrr20=0.015100 cur_best_hr10=0.020100 cur_test_mrr20=0.009000 cur_test_hr10=0.011500 run_best_mrr20=0.018000 run_best_hr10=0.032100 run_test_mrr20=0.012900 run_test_hr10=0.020100

[10/12] MAX_ITEM_LIST_LENGTH=20, attribute_hidden_size=224, learning_rate=0.02374
  -> MRR@20=0.014500  best=0.018000  (early_stop@10, trial=3s, avg=6s/trial, total=56s, ETA=11s)
[TRIAL_METRICS] cur_best_mrr20=0.014500 cur_best_hr10=0.016100 cur_test_mrr20=0.012500 cur_test_hr10=0.014300 run_best_mrr20=0.018000 run_best_hr10=0.032100 run_test_mrr20=0.012900 run_test_hr10=0.020100

[11/12] MAX_ITEM_LIST_LENGTH=28, attribute_hidden_size=224, learning_rate=0.007447
  -> MRR@20=0.013600  best=0.018000  (early_stop@14, trial=5s, avg=6s/trial, total=1.0min, ETA=6s)
[TRIAL_METRICS] cur_best_mrr20=0.013600 cur_best_hr10=0.020100 cur_test_mrr20=0.008800 cur_test_hr10=0.008600 run_best_mrr20=0.018000 run_best_hr10=0.032100 run_test_mrr20=0.012900 run_test_hr10=0.020100

[12/12] MAX_ITEM_LIST_LENGTH=28, attribute_hidden_size=128, learning_rate=0.007117
  -> MRR@20=0.016000  best=0.018000  (early_stop@22, trial=8s, avg=6s/trial, total=1.2min, ETA=0s)
[TRIAL_METRICS] cur_best_mrr20=0.016000 cur_best_hr10=0.032100 cur_test_mrr20=0.010400 cur_test_hr10=0.020100 run_best_mrr20=0.018000 run_best_hr10=0.032100 run_test_mrr20=0.012900 run_test_hr10=0.020100

=================================================================
  DONE  |  DIFSR x beauty
  Best MRR@20 = 0.018000  |  12/12 trials OK
  Best HR@10  = 0.032100
  Test MRR@20 = 0.012900  (best-valid checkpoint)
  Test HR@10  = 0.020100  (best-valid checkpoint)
[RUN_METRICS] best_valid_mrr20=0.018000 best_valid_hr10=0.032100 test_mrr20=0.012900 test_hr10=0.020100
  Total time: 1.2 min
  Best params:
    MAX_ITEM_LIST_LENGTH: 24
    attribute_hidden_size: 160
    learning_rate: 0.00620509
  Results -> /workspace/FeaturedMoE/experiments/run/artifacts/results/baseline_2/beauty_DIFSR_baseline2_addtune3_2_beauty_difsr_k8_20260416_071922_390806_pid1313731.json
  Normal mirror -> /workspace/FeaturedMoE/experiments/run/artifacts/results/baseline_2/normal/pair60_addtuning3_2/BASELINE2/beauty/DIFSR/beauty_DIFSR_baseline2_addtune3_2_beauty_difsr_k8_20260416_071922_390806_pid1313731.json
  Special result -> /workspace/FeaturedMoE/experiments/run/artifacts/results/baseline_2/special/pair60_addtuning3_2/BASELINE2/beauty/DIFSR/beauty_DIFSR_baseline2_addtune3_2_beauty_difsr_k8_20260416_071922_390806_pid1313731_special_metrics.json
  Special log -> /workspace/FeaturedMoE/experiments/run/artifacts/logs/baseline_2/special/pair60_addtuning3_2/BASELINE2/beauty/DIFSR/beauty_DIFSR_baseline2_addtune3_2_beauty_difsr_k8_20260416_071922_390806_pid1313731_special_metrics.json
=================================================================

[RUN_STATUS] END status=normal pid=1313731 start=2026-04-16T07:19:22 end=2026-04-16T07:20:31
