# CMD
/venv/FMoE/bin/python hyperopt_tune.py --config-name tune_ab --space-yaml /workspace/FeaturedMoE/experiments/run/artifacts/logs/baseline_2/PAIR60_ADDTUNING3_2/spaces/beauty_bsarec_K41.yaml --max-evals 11 --tune-epochs 100 --tune-patience 7 --search-algo tpe --seed 2026042041 --run-group baseline_2 --run-axis pair60_addtuning3_2 --run-phase BASELINE2_ADDTUNE3_2_BEAUTY_BSAREC_K41 model=bsarec dataset=beauty eval_mode=session_fixed feature_mode=full_v4 gpu_id=7 log_wandb=false show_progress=false ++seed=2026042041 ++eval_sampling.mode=full ++eval_sampling.auto_full_threshold=999999999 ++special_logging=true ++exclude_unseen_target_from_main_eval=true ++log_unseen_target_metrics=true

/venv/FMoE/lib/python3.10/site-packages/ray/_private/parameter.py:4: UserWarning: pkg_resources is deprecated as an API. See https://setuptools.pypa.io/en/latest/pkg_resources.html. The pkg_resources package is slated for removal as early as 2025-11-30. Refrain from using this package or pin to Setuptools<81.
  import pkg_resources
[RUN_STATUS] START pid=1324804 ts=2026-04-16T08:06:07
[SpaceYAML] loaded: /workspace/FeaturedMoE/experiments/run/artifacts/logs/baseline_2/PAIR60_ADDTUNING3_2/spaces/beauty_bsarec_K41.yaml (fixed=11, search=3)

=================================================================
  Hyperopt  |  BSARec x beauty
  max_evals=11  epochs=100  patience=7  wandb=off
  search_algo=tpe
  batch_size(train/valid/test)=4096/8192/8192
  track=baseline_2  axis=pair60_addtuning3_2  phase=BASELINE2_ADDTUNE3_2_BEAUTY_BSAREC_K41
=================================================================
Changed knobs: MAX_ITEM_LIST_LENGTH, bsarec_alpha, learning_rate
Tuned params(len>1): 3  (~12 discrete combos)
Tuned groups: 3
  [optimization]
    learning_rate                   [0.00015, 0.0045]                         -> loguniform
  [other]
    MAX_ITEM_LIST_LENGTH            [10, 12, 14]                              -> choice
    bsarec_alpha                    [0.2, 0.65, 0.78, 0.9]                    -> choice
Fixed params(singleton/non-list): 0
Fixed groups: 0
  (none)

[Wandb] disabled for this hyperopt run

[1/11] MAX_ITEM_LIST_LENGTH=12, bsarec_alpha=0.9, learning_rate=0.0004579
  -> MRR@20=0.003300  best=0.003300  (early_stop@41, trial=8s, avg=10s/trial, total=10s, ETA=1.7min)
[TRIAL_METRICS] cur_best_mrr20=0.003300 cur_best_hr10=0.010000 cur_test_mrr20=0.006700 cur_test_hr10=0.011500 run_best_mrr20=0.003300 run_best_hr10=0.010000 run_test_mrr20=0.006700 run_test_hr10=0.011500

[2/11] MAX_ITEM_LIST_LENGTH=14, bsarec_alpha=0.78, learning_rate=0.0004043
  -> MRR@20=0.001400  best=0.003300  (early_stop@11, trial=2s, avg=6s/trial, total=13s, ETA=58s)
[TRIAL_METRICS] cur_best_mrr20=0.001400 cur_best_hr10=0.008000 cur_test_mrr20=0.000600 cur_test_hr10=0.000000 run_best_mrr20=0.003300 run_best_hr10=0.010000 run_test_mrr20=0.006700 run_test_hr10=0.011500

[3/11] MAX_ITEM_LIST_LENGTH=14, bsarec_alpha=0.9, learning_rate=0.001038
  -> MRR@20=0.001700  best=0.003300  (early_stop@9, trial=1s, avg=5s/trial, total=15s, ETA=39s)
[TRIAL_METRICS] cur_best_mrr20=0.001700 cur_best_hr10=0.008000 cur_test_mrr20=0.000800 cur_test_hr10=0.002900 run_best_mrr20=0.003300 run_best_hr10=0.010000 run_test_mrr20=0.006700 run_test_hr10=0.011500

[4/11] MAX_ITEM_LIST_LENGTH=10, bsarec_alpha=0.65, learning_rate=0.002539
  -> MRR@20=0.002600  best=0.003300  (early_stop@8, trial=1s, avg=4s/trial, total=16s, ETA=29s)
[TRIAL_METRICS] cur_best_mrr20=0.002600 cur_best_hr10=0.006000 cur_test_mrr20=0.000000 cur_test_hr10=0.000000 run_best_mrr20=0.003300 run_best_hr10=0.010000 run_test_mrr20=0.006700 run_test_hr10=0.011500

[5/11] MAX_ITEM_LIST_LENGTH=14, bsarec_alpha=0.65, learning_rate=0.001281
  -> MRR@20=0.002900  best=0.003300  (early_stop@8, trial=1s, avg=4s/trial, total=18s, ETA=21s)
[TRIAL_METRICS] cur_best_mrr20=0.002900 cur_best_hr10=0.008000 cur_test_mrr20=0.000800 cur_test_hr10=0.002900 run_best_mrr20=0.003300 run_best_hr10=0.010000 run_test_mrr20=0.006700 run_test_hr10=0.011500

[6/11] MAX_ITEM_LIST_LENGTH=10, bsarec_alpha=0.65, learning_rate=0.0003692
  -> MRR@20=0.004400  best=0.004400  (early_stop@21, trial=3s, avg=4s/trial, total=21s, ETA=18s)
[TRIAL_METRICS] cur_best_mrr20=0.004400 cur_best_hr10=0.010000 cur_test_mrr20=0.000000 cur_test_hr10=0.000000 run_best_mrr20=0.004400 run_best_hr10=0.010000 run_test_mrr20=0.000000 run_test_hr10=0.000000

[7/11] MAX_ITEM_LIST_LENGTH=12, bsarec_alpha=0.65, learning_rate=0.003378
  -> MRR@20=0.022900  best=0.022900  (early_stop@60, trial=9s, avg=4s/trial, total=31s, ETA=18s)
[TRIAL_METRICS] cur_best_mrr20=0.022900 cur_best_hr10=0.044200 cur_test_mrr20=0.016600 cur_test_hr10=0.045800 run_best_mrr20=0.022900 run_best_hr10=0.044200 run_test_mrr20=0.016600 run_test_hr10=0.045800

[8/11] MAX_ITEM_LIST_LENGTH=12, bsarec_alpha=0.9, learning_rate=0.0007666
  -> MRR@20=0.003100  best=0.022900  (early_stop@28, trial=4s, avg=4s/trial, total=35s, ETA=13s)
[TRIAL_METRICS] cur_best_mrr20=0.003100 cur_best_hr10=0.006000 cur_test_mrr20=0.007600 cur_test_hr10=0.014300 run_best_mrr20=0.022900 run_best_hr10=0.044200 run_test_mrr20=0.016600 run_test_hr10=0.045800

[9/11] MAX_ITEM_LIST_LENGTH=10, bsarec_alpha=0.78, learning_rate=0.0003072
  -> MRR@20=0.001600  best=0.022900  (early_stop@8, trial=1s, avg=4s/trial, total=37s, ETA=8s)
[TRIAL_METRICS] cur_best_mrr20=0.001600 cur_best_hr10=0.006000 cur_test_mrr20=0.000900 cur_test_hr10=0.002900 run_best_mrr20=0.022900 run_best_hr10=0.044200 run_test_mrr20=0.016600 run_test_hr10=0.045800

[10/11] MAX_ITEM_LIST_LENGTH=12, bsarec_alpha=0.78, learning_rate=0.0001506
  -> MRR@20=0.000300  best=0.022900  (early_stop@8, trial=1s, avg=4s/trial, total=38s, ETA=4s)
[TRIAL_METRICS] cur_best_mrr20=0.000300 cur_best_hr10=0.000000 cur_test_mrr20=0.002800 cur_test_hr10=0.014300 run_best_mrr20=0.022900 run_best_hr10=0.044200 run_test_mrr20=0.016600 run_test_hr10=0.045800

[11/11] MAX_ITEM_LIST_LENGTH=10, bsarec_alpha=0.65, learning_rate=0.0001889
  -> MRR@20=0.001600  best=0.022900  (early_stop@9, trial=1s, avg=4s/trial, total=40s, ETA=0s)
[TRIAL_METRICS] cur_best_mrr20=0.001600 cur_best_hr10=0.004000 cur_test_mrr20=0.000700 cur_test_hr10=0.002900 run_best_mrr20=0.022900 run_best_hr10=0.044200 run_test_mrr20=0.016600 run_test_hr10=0.045800

=================================================================
  DONE  |  BSARec x beauty
  Best MRR@20 = 0.022900  |  11/11 trials OK
  Best HR@10  = 0.044200
  Test MRR@20 = 0.016600  (best-valid checkpoint)
  Test HR@10  = 0.045800  (best-valid checkpoint)
[RUN_METRICS] best_valid_mrr20=0.022900 best_valid_hr10=0.044200 test_mrr20=0.016600 test_hr10=0.045800
  Total time: 0.7 min
  Best params:
    MAX_ITEM_LIST_LENGTH: 12
    bsarec_alpha: 0.65
    learning_rate: 0.00337796
  Results -> /workspace/FeaturedMoE/experiments/run/artifacts/results/baseline_2/beauty_BSARec_baseline2_addtune3_2_beauty_bsarec_k41_20260416_080607_430453_pid1324804.json
  Normal mirror -> /workspace/FeaturedMoE/experiments/run/artifacts/results/baseline_2/normal/pair60_addtuning3_2/BASELINE2/beauty/BSARec/beauty_BSARec_baseline2_addtune3_2_beauty_bsarec_k41_20260416_080607_430453_pid1324804.json
  Special result -> /workspace/FeaturedMoE/experiments/run/artifacts/results/baseline_2/special/pair60_addtuning3_2/BASELINE2/beauty/BSARec/beauty_BSARec_baseline2_addtune3_2_beauty_bsarec_k41_20260416_080607_430453_pid1324804_special_metrics.json
  Special log -> /workspace/FeaturedMoE/experiments/run/artifacts/logs/baseline_2/special/pair60_addtuning3_2/BASELINE2/beauty/BSARec/beauty_BSARec_baseline2_addtune3_2_beauty_bsarec_k41_20260416_080607_430453_pid1324804_special_metrics.json
=================================================================

[RUN_STATUS] END status=normal pid=1324804 start=2026-04-16T08:06:07 end=2026-04-16T08:06:47
