# CMD
/venv/FMoE/bin/python hyperopt_tune.py --config-name tune_ab --space-yaml /workspace/FeaturedMoE/experiments/run/artifacts/logs/baseline_2/PAIR60_ADDTUNING3_2/spaces/beauty_fame_K44.yaml --max-evals 10 --tune-epochs 100 --tune-patience 7 --search-algo tpe --seed 2026042144 --run-group baseline_2 --run-axis pair60_addtuning3_2 --run-phase BASELINE2_ADDTUNE3_2_BEAUTY_FAME_K44 model=fame dataset=beauty eval_mode=session_fixed feature_mode=full_v4 gpu_id=4 log_wandb=false show_progress=false ++seed=2026042144 ++eval_sampling.mode=full ++eval_sampling.auto_full_threshold=999999999 ++special_logging=true ++exclude_unseen_target_from_main_eval=true ++log_unseen_target_metrics=true

/venv/FMoE/lib/python3.10/site-packages/ray/_private/parameter.py:4: UserWarning: pkg_resources is deprecated as an API. See https://setuptools.pypa.io/en/latest/pkg_resources.html. The pkg_resources package is slated for removal as early as 2025-11-30. Refrain from using this package or pin to Setuptools<81.
  import pkg_resources
[RUN_STATUS] START pid=1326668 ts=2026-04-16T08:13:19
[SpaceYAML] loaded: /workspace/FeaturedMoE/experiments/run/artifacts/logs/baseline_2/PAIR60_ADDTUNING3_2/spaces/beauty_fame_K44.yaml (fixed=10, search=3)

=================================================================
  Hyperopt  |  FAME x beauty
  max_evals=10  epochs=100  patience=7  wandb=off
  search_algo=tpe
  batch_size(train/valid/test)=4096/8192/8192
  track=baseline_2  axis=pair60_addtuning3_2  phase=BASELINE2_ADDTUNE3_2_BEAUTY_FAME_K44
=================================================================
Changed knobs: MAX_ITEM_LIST_LENGTH, learning_rate, num_experts
Tuned params(len>1): 3  (~12 discrete combos)
Tuned groups: 3
  [optimization]
    learning_rate                   [0.00012, 0.0035]                         -> loguniform
  [other]
    MAX_ITEM_LIST_LENGTH            [8, 10, 12]                               -> choice
    num_experts                     [2, 3, 4, 6]                              -> choice
Fixed params(singleton/non-list): 0
Fixed groups: 0
  (none)

[Wandb] disabled for this hyperopt run

[1/10] MAX_ITEM_LIST_LENGTH=12, learning_rate=0.0001266, num_experts=3
  -> MRR@20=0.001100  best=0.001100  (early_stop@19, trial=9s, avg=11s/trial, total=11s, ETA=1.6min)
[TRIAL_METRICS] cur_best_mrr20=0.001100 cur_best_hr10=0.004000 cur_test_mrr20=0.001800 cur_test_hr10=0.005700 run_best_mrr20=0.001100 run_best_hr10=0.004000 run_test_mrr20=0.001800 run_test_hr10=0.005700

[2/10] MAX_ITEM_LIST_LENGTH=12, learning_rate=0.00142, num_experts=3
  -> MRR@20=0.003400  best=0.003400  (early_stop@9, trial=3s, avg=7s/trial, total=14s, ETA=58s)
[TRIAL_METRICS] cur_best_mrr20=0.003400 cur_best_hr10=0.008000 cur_test_mrr20=0.003800 cur_test_hr10=0.005700 run_best_mrr20=0.003400 run_best_hr10=0.008000 run_test_mrr20=0.003800 run_test_hr10=0.005700

[3/10] MAX_ITEM_LIST_LENGTH=10, learning_rate=0.003165, num_experts=3
  -> MRR@20=0.008400  best=0.008400  (early_stop@14, trial=6s, avg=7s/trial, total=22s, ETA=50s)
[TRIAL_METRICS] cur_best_mrr20=0.008400 cur_best_hr10=0.016100 cur_test_mrr20=0.001600 cur_test_hr10=0.002900 run_best_mrr20=0.008400 run_best_hr10=0.016100 run_test_mrr20=0.001600 run_test_hr10=0.002900

[4/10] MAX_ITEM_LIST_LENGTH=8, learning_rate=0.0001625, num_experts=2
  -> MRR@20=0.003600  best=0.008400  (early_stop@25, trial=10s, avg=8s/trial, total=32s, ETA=48s)
[TRIAL_METRICS] cur_best_mrr20=0.003600 cur_best_hr10=0.006000 cur_test_mrr20=0.003200 cur_test_hr10=0.005700 run_best_mrr20=0.008400 run_best_hr10=0.016100 run_test_mrr20=0.001600 run_test_hr10=0.002900

[5/10] MAX_ITEM_LIST_LENGTH=12, learning_rate=0.0001237, num_experts=6
  -> MRR@20=0.000500  best=0.008400  (early_stop@14, trial=8s, avg=8s/trial, total=41s, ETA=41s)
[TRIAL_METRICS] cur_best_mrr20=0.000500 cur_best_hr10=0.002000 cur_test_mrr20=0.000000 cur_test_hr10=0.000000 run_best_mrr20=0.008400 run_best_hr10=0.016100 run_test_mrr20=0.001600 run_test_hr10=0.002900

[6/10] MAX_ITEM_LIST_LENGTH=10, learning_rate=0.0003134, num_experts=6
  -> MRR@20=0.002600  best=0.008400  (early_stop@48, trial=28s, avg=12s/trial, total=1.2min, ETA=46s)
[TRIAL_METRICS] cur_best_mrr20=0.002600 cur_best_hr10=0.010000 cur_test_mrr20=0.000600 cur_test_hr10=0.002900 run_best_mrr20=0.008400 run_best_hr10=0.016100 run_test_mrr20=0.001600 run_test_hr10=0.002900

[7/10] MAX_ITEM_LIST_LENGTH=8, learning_rate=0.001081, num_experts=2
  -> MRR@20=0.005700  best=0.008400  (early_stop@13, trial=5s, avg=11s/trial, total=1.2min, ETA=32s)
[TRIAL_METRICS] cur_best_mrr20=0.005700 cur_best_hr10=0.010000 cur_test_mrr20=0.003400 cur_test_hr10=0.002900 run_best_mrr20=0.008400 run_best_hr10=0.016100 run_test_mrr20=0.001600 run_test_hr10=0.002900

[8/10] MAX_ITEM_LIST_LENGTH=12, learning_rate=0.0001294, num_experts=4
  -> MRR@20=0.000300  best=0.008400  (early_stop@12, trial=6s, avg=10s/trial, total=1.4min, ETA=20s)
[TRIAL_METRICS] cur_best_mrr20=0.000300 cur_best_hr10=0.000000 cur_test_mrr20=0.000800 cur_test_hr10=0.005700 run_best_mrr20=0.008400 run_best_hr10=0.016100 run_test_mrr20=0.001600 run_test_hr10=0.002900

[9/10] MAX_ITEM_LIST_LENGTH=12, learning_rate=0.0001508, num_experts=6
  -> MRR@20=0.000400  best=0.008400  (early_stop@10, trial=6s, avg=10s/trial, total=1.5min, ETA=10s)
[TRIAL_METRICS] cur_best_mrr20=0.000400 cur_best_hr10=0.000000 cur_test_mrr20=0.000100 cur_test_hr10=0.000000 run_best_mrr20=0.008400 run_best_hr10=0.016100 run_test_mrr20=0.001600 run_test_hr10=0.002900

[10/10] MAX_ITEM_LIST_LENGTH=8, learning_rate=0.000142, num_experts=2
  -> MRR@20=0.003500  best=0.008400  (early_stop@28, trial=11s, avg=10s/trial, total=1.7min, ETA=0s)
[TRIAL_METRICS] cur_best_mrr20=0.003500 cur_best_hr10=0.006000 cur_test_mrr20=0.003100 cur_test_hr10=0.005700 run_best_mrr20=0.008400 run_best_hr10=0.016100 run_test_mrr20=0.001600 run_test_hr10=0.002900

=================================================================
  DONE  |  FAME x beauty
  Best MRR@20 = 0.008400  |  10/10 trials OK
  Best HR@10  = 0.016100
  Test MRR@20 = 0.001600  (best-valid checkpoint)
  Test HR@10  = 0.002900  (best-valid checkpoint)
[RUN_METRICS] best_valid_mrr20=0.008400 best_valid_hr10=0.016100 test_mrr20=0.001600 test_hr10=0.002900
  Total time: 1.7 min
  Best params:
    MAX_ITEM_LIST_LENGTH: 10
    learning_rate: 0.00316543
    num_experts: 3
  Results -> /workspace/FeaturedMoE/experiments/run/artifacts/results/baseline_2/beauty_FAME_baseline2_addtune3_2_beauty_fame_k44_20260416_081319_925897_pid1326668.json
  Normal mirror -> /workspace/FeaturedMoE/experiments/run/artifacts/results/baseline_2/normal/pair60_addtuning3_2/BASELINE2/beauty/FAME/beauty_FAME_baseline2_addtune3_2_beauty_fame_k44_20260416_081319_925897_pid1326668.json
  Special result -> /workspace/FeaturedMoE/experiments/run/artifacts/results/baseline_2/special/pair60_addtuning3_2/BASELINE2/beauty/FAME/beauty_FAME_baseline2_addtune3_2_beauty_fame_k44_20260416_081319_925897_pid1326668_special_metrics.json
  Special log -> /workspace/FeaturedMoE/experiments/run/artifacts/logs/baseline_2/special/pair60_addtuning3_2/BASELINE2/beauty/FAME/beauty_FAME_baseline2_addtune3_2_beauty_fame_k44_20260416_081319_925897_pid1326668_special_metrics.json
=================================================================

[RUN_STATUS] END status=normal pid=1326668 start=2026-04-16T08:13:19 end=2026-04-16T08:14:59
