# CMD
/venv/FMoE/bin/python hyperopt_tune.py --config-name tune_ab --space-yaml /workspace/FeaturedMoE/experiments/run/artifacts/logs/baseline_2/PAIR60_ADDTUNING3_2/spaces/beauty_bsarec_K31.yaml --max-evals 11 --tune-epochs 100 --tune-patience 7 --search-algo tpe --seed 2026042031 --run-group baseline_2 --run-axis pair60_addtuning3_2 --run-phase BASELINE2_ADDTUNE3_2_BEAUTY_BSAREC_K31 model=bsarec dataset=beauty eval_mode=session_fixed feature_mode=full_v4 gpu_id=6 log_wandb=false show_progress=false ++seed=2026042031 ++eval_sampling.mode=full ++eval_sampling.auto_full_threshold=999999999 ++special_logging=true ++exclude_unseen_target_from_main_eval=true ++log_unseen_target_metrics=true

/venv/FMoE/lib/python3.10/site-packages/ray/_private/parameter.py:4: UserWarning: pkg_resources is deprecated as an API. See https://setuptools.pypa.io/en/latest/pkg_resources.html. The pkg_resources package is slated for removal as early as 2025-11-30. Refrain from using this package or pin to Setuptools<81.
  import pkg_resources
[RUN_STATUS] START pid=1316001 ts=2026-04-16T07:24:21
[SpaceYAML] loaded: /workspace/FeaturedMoE/experiments/run/artifacts/logs/baseline_2/PAIR60_ADDTUNING3_2/spaces/beauty_bsarec_K31.yaml (fixed=11, search=3)

=================================================================
  Hyperopt  |  BSARec x beauty
  max_evals=11  epochs=100  patience=7  wandb=off
  search_algo=tpe
  batch_size(train/valid/test)=4096/8192/8192
  track=baseline_2  axis=pair60_addtuning3_2  phase=BASELINE2_ADDTUNE3_2_BEAUTY_BSAREC_K31
=================================================================
Changed knobs: MAX_ITEM_LIST_LENGTH, bsarec_c, learning_rate
Tuned params(len>1): 3  (~12 discrete combos)
Tuned groups: 3
  [optimization]
    learning_rate                   [0.00015, 0.0045]                         -> loguniform
  [other]
    MAX_ITEM_LIST_LENGTH            [8, 10, 12]                               -> choice
    bsarec_c                        [1, 2, 5, 8]                              -> choice
Fixed params(singleton/non-list): 0
Fixed groups: 0
  (none)

[Wandb] disabled for this hyperopt run

[1/11] MAX_ITEM_LIST_LENGTH=10, bsarec_c=8, learning_rate=0.0001539
  -> MRR@20=0.000800  best=0.000800  (early_stop@29, trial=5s, avg=7s/trial, total=7s, ETA=1.2min)
[TRIAL_METRICS] cur_best_mrr20=0.000800 cur_best_hr10=0.002000 cur_test_mrr20=0.001000 cur_test_hr10=0.002900 run_best_mrr20=0.000800 run_best_hr10=0.002000 run_test_mrr20=0.001000 run_test_hr10=0.002900

[2/11] MAX_ITEM_LIST_LENGTH=10, bsarec_c=8, learning_rate=0.001033
  -> MRR@20=0.005100  best=0.005100  (early_stop@15, trial=2s, avg=5s/trial, total=10s, ETA=43s)
[TRIAL_METRICS] cur_best_mrr20=0.005100 cur_best_hr10=0.006000 cur_test_mrr20=0.004100 cur_test_hr10=0.008600 run_best_mrr20=0.005100 run_best_hr10=0.006000 run_test_mrr20=0.004100 run_test_hr10=0.008600

[3/11] MAX_ITEM_LIST_LENGTH=12, bsarec_c=1, learning_rate=0.001223
  -> MRR@20=0.002600  best=0.005100  (early_stop@9, trial=1s, avg=4s/trial, total=12s, ETA=31s)
[TRIAL_METRICS] cur_best_mrr20=0.002600 cur_best_hr10=0.006000 cur_test_mrr20=0.000000 cur_test_hr10=0.000000 run_best_mrr20=0.005100 run_best_hr10=0.006000 run_test_mrr20=0.004100 run_test_hr10=0.008600

[4/11] MAX_ITEM_LIST_LENGTH=12, bsarec_c=1, learning_rate=0.0001587
  -> MRR@20=0.002900  best=0.005100  (early_stop@21, trial=3s, avg=4s/trial, total=15s, ETA=26s)
[TRIAL_METRICS] cur_best_mrr20=0.002900 cur_best_hr10=0.004000 cur_test_mrr20=0.000000 cur_test_hr10=0.000000 run_best_mrr20=0.005100 run_best_hr10=0.006000 run_test_mrr20=0.004100 run_test_hr10=0.008600

[5/11] MAX_ITEM_LIST_LENGTH=8, bsarec_c=2, learning_rate=0.004199
  -> MRR@20=0.027800  best=0.027800  (early_stop@50, trial=8s, avg=5s/trial, total=23s, ETA=28s)
[TRIAL_METRICS] cur_best_mrr20=0.027800 cur_best_hr10=0.060200 cur_test_mrr20=0.026100 cur_test_hr10=0.040100 run_best_mrr20=0.027800 run_best_hr10=0.060200 run_test_mrr20=0.026100 run_test_hr10=0.040100

[6/11] MAX_ITEM_LIST_LENGTH=12, bsarec_c=8, learning_rate=0.00341
  -> MRR@20=0.024200  best=0.027800  (early_stop@30, trial=6s, avg=5s/trial, total=30s, ETA=25s)
[TRIAL_METRICS] cur_best_mrr20=0.024200 cur_best_hr10=0.040200 cur_test_mrr20=0.020600 cur_test_hr10=0.034400 run_best_mrr20=0.027800 run_best_hr10=0.060200 run_test_mrr20=0.026100 run_test_hr10=0.040100

[7/11] MAX_ITEM_LIST_LENGTH=10, bsarec_c=1, learning_rate=0.0002839
  -> MRR@20=0.011200  best=0.027800  (full@100, trial=16s, avg=7s/trial, total=46s, ETA=26s)
[TRIAL_METRICS] cur_best_mrr20=0.011200 cur_best_hr10=0.020100 cur_test_mrr20=0.008600 cur_test_hr10=0.017200 run_best_mrr20=0.027800 run_best_hr10=0.060200 run_test_mrr20=0.026100 run_test_hr10=0.040100

[8/11] MAX_ITEM_LIST_LENGTH=10, bsarec_c=8, learning_rate=0.001684
  -> MRR@20=0.008100  best=0.027800  (early_stop@23, trial=3s, avg=6s/trial, total=50s, ETA=19s)
[TRIAL_METRICS] cur_best_mrr20=0.008100 cur_best_hr10=0.010000 cur_test_mrr20=0.007000 cur_test_hr10=0.011500 run_best_mrr20=0.027800 run_best_hr10=0.060200 run_test_mrr20=0.026100 run_test_hr10=0.040100

[9/11] MAX_ITEM_LIST_LENGTH=8, bsarec_c=1, learning_rate=0.00241
  -> MRR@20=0.022500  best=0.027800  (early_stop@40, trial=7s, avg=6s/trial, total=57s, ETA=13s)
[TRIAL_METRICS] cur_best_mrr20=0.022500 cur_best_hr10=0.040200 cur_test_mrr20=0.015100 cur_test_hr10=0.025800 run_best_mrr20=0.027800 run_best_hr10=0.060200 run_test_mrr20=0.026100 run_test_hr10=0.040100

[10/11] MAX_ITEM_LIST_LENGTH=12, bsarec_c=8, learning_rate=0.0006526
  -> MRR@20=0.010900  best=0.027800  (early_stop@34, trial=5s, avg=6s/trial, total=1.1min, ETA=6s)
[TRIAL_METRICS] cur_best_mrr20=0.010900 cur_best_hr10=0.014100 cur_test_mrr20=0.003100 cur_test_hr10=0.002900 run_best_mrr20=0.027800 run_best_hr10=0.060200 run_test_mrr20=0.026100 run_test_hr10=0.040100

[11/11] MAX_ITEM_LIST_LENGTH=10, bsarec_c=1, learning_rate=0.002934
  -> MRR@20=0.020200  best=0.027800  (early_stop@37, trial=5s, avg=6s/trial, total=1.2min, ETA=0s)
[TRIAL_METRICS] cur_best_mrr20=0.020200 cur_best_hr10=0.032100 cur_test_mrr20=0.016200 cur_test_hr10=0.034400 run_best_mrr20=0.027800 run_best_hr10=0.060200 run_test_mrr20=0.026100 run_test_hr10=0.040100

=================================================================
  DONE  |  BSARec x beauty
  Best MRR@20 = 0.027800  |  11/11 trials OK
  Best HR@10  = 0.060200
  Test MRR@20 = 0.026100  (best-valid checkpoint)
  Test HR@10  = 0.040100  (best-valid checkpoint)
[RUN_METRICS] best_valid_mrr20=0.027800 best_valid_hr10=0.060200 test_mrr20=0.026100 test_hr10=0.040100
  Total time: 1.2 min
  Best params:
    MAX_ITEM_LIST_LENGTH: 8
    bsarec_c: 2
    learning_rate: 0.0041994
  Results -> /workspace/FeaturedMoE/experiments/run/artifacts/results/baseline_2/beauty_BSARec_baseline2_addtune3_2_beauty_bsarec_k31_20260416_072421_938895_pid1316001.json
  Normal mirror -> /workspace/FeaturedMoE/experiments/run/artifacts/results/baseline_2/normal/pair60_addtuning3_2/BASELINE2/beauty/BSARec/beauty_BSARec_baseline2_addtune3_2_beauty_bsarec_k31_20260416_072421_938895_pid1316001.json
  Special result -> /workspace/FeaturedMoE/experiments/run/artifacts/results/baseline_2/special/pair60_addtuning3_2/BASELINE2/beauty/BSARec/beauty_BSARec_baseline2_addtune3_2_beauty_bsarec_k31_20260416_072421_938895_pid1316001_special_metrics.json
  Special log -> /workspace/FeaturedMoE/experiments/run/artifacts/logs/baseline_2/special/pair60_addtuning3_2/BASELINE2/beauty/BSARec/beauty_BSARec_baseline2_addtune3_2_beauty_bsarec_k31_20260416_072421_938895_pid1316001_special_metrics.json
=================================================================

[RUN_STATUS] END status=normal pid=1316001 start=2026-04-16T07:24:21 end=2026-04-16T07:25:31
