# CMD
/venv/FMoE/bin/python hyperopt_tune.py --config-name tune_ab --space-yaml /workspace/FeaturedMoE/experiments/run/artifacts/logs/baseline_2/PAIR60_ADDTUNING3_2/spaces/beauty_bsarec_K7.yaml --max-evals 11 --tune-epochs 100 --tune-patience 7 --search-algo tpe --seed 2026042007 --run-group baseline_2 --run-axis pair60_addtuning3_2 --run-phase BASELINE2_ADDTUNE3_2_BEAUTY_BSAREC_K7 model=bsarec dataset=beauty eval_mode=session_fixed feature_mode=full_v4 gpu_id=1 log_wandb=false show_progress=false ++seed=2026042007 ++eval_sampling.mode=full ++eval_sampling.auto_full_threshold=999999999 ++special_logging=true ++exclude_unseen_target_from_main_eval=true ++log_unseen_target_metrics=true

/venv/FMoE/lib/python3.10/site-packages/ray/_private/parameter.py:4: UserWarning: pkg_resources is deprecated as an API. See https://setuptools.pypa.io/en/latest/pkg_resources.html. The pkg_resources package is slated for removal as early as 2025-11-30. Refrain from using this package or pin to Setuptools<81.
  import pkg_resources
[RUN_STATUS] START pid=1317060 ts=2026-04-16T07:26:58
[SpaceYAML] loaded: /workspace/FeaturedMoE/experiments/run/artifacts/logs/baseline_2/PAIR60_ADDTUNING3_2/spaces/beauty_bsarec_K7.yaml (fixed=11, search=3)

=================================================================
  Hyperopt  |  BSARec x beauty
  max_evals=11  epochs=100  patience=7  wandb=off
  search_algo=tpe
  batch_size(train/valid/test)=4096/8192/8192
  track=baseline_2  axis=pair60_addtuning3_2  phase=BASELINE2_ADDTUNE3_2_BEAUTY_BSAREC_K7
=================================================================
Changed knobs: MAX_ITEM_LIST_LENGTH, bsarec_c, learning_rate
Tuned params(len>1): 3  (~12 discrete combos)
Tuned groups: 3
  [optimization]
    learning_rate                   [0.0004, 0.009]                           -> loguniform
  [other]
    MAX_ITEM_LIST_LENGTH            [16, 20, 24]                              -> choice
    bsarec_c                        [1, 2, 5, 8]                              -> choice
Fixed params(singleton/non-list): 0
Fixed groups: 0
  (none)

[Wandb] disabled for this hyperopt run

[1/11] MAX_ITEM_LIST_LENGTH=24, bsarec_c=5, learning_rate=0.0008688
  -> MRR@20=0.006000  best=0.006000  (early_stop@29, trial=8s, avg=11s/trial, total=11s, ETA=1.8min)
[TRIAL_METRICS] cur_best_mrr20=0.006000 cur_best_hr10=0.012000 cur_test_mrr20=0.010800 cur_test_hr10=0.020100 run_best_mrr20=0.006000 run_best_hr10=0.012000 run_test_mrr20=0.010800 run_test_hr10=0.020100

[2/11] MAX_ITEM_LIST_LENGTH=24, bsarec_c=8, learning_rate=0.001087
  -> MRR@20=0.006300  best=0.006300  (early_stop@29, trial=7s, avg=9s/trial, total=18s, ETA=1.4min)
[TRIAL_METRICS] cur_best_mrr20=0.006300 cur_best_hr10=0.012000 cur_test_mrr20=0.013200 cur_test_hr10=0.022900 run_best_mrr20=0.006300 run_best_hr10=0.012000 run_test_mrr20=0.013200 run_test_hr10=0.022900

[3/11] MAX_ITEM_LIST_LENGTH=24, bsarec_c=2, learning_rate=0.0006175
  -> MRR@20=0.004500  best=0.006300  (early_stop@15, trial=4s, avg=8s/trial, total=23s, ETA=1.0min)
[TRIAL_METRICS] cur_best_mrr20=0.004500 cur_best_hr10=0.010000 cur_test_mrr20=0.004700 cur_test_hr10=0.005700 run_best_mrr20=0.006300 run_best_hr10=0.012000 run_test_mrr20=0.013200 run_test_hr10=0.022900

[4/11] MAX_ITEM_LIST_LENGTH=16, bsarec_c=8, learning_rate=0.0004079
  -> MRR@20=0.002400  best=0.006300  (early_stop@11, trial=3s, avg=7s/trial, total=26s, ETA=46s)
[TRIAL_METRICS] cur_best_mrr20=0.002400 cur_best_hr10=0.004000 cur_test_mrr20=0.000200 cur_test_hr10=0.000000 run_best_mrr20=0.006300 run_best_hr10=0.012000 run_test_mrr20=0.013200 run_test_hr10=0.022900

[5/11] MAX_ITEM_LIST_LENGTH=24, bsarec_c=5, learning_rate=0.0008103
  -> MRR@20=0.004500  best=0.006300  (early_stop@17, trial=5s, avg=6s/trial, total=31s, ETA=38s)
[TRIAL_METRICS] cur_best_mrr20=0.004500 cur_best_hr10=0.008000 cur_test_mrr20=0.007100 cur_test_hr10=0.011500 run_best_mrr20=0.006300 run_best_hr10=0.012000 run_test_mrr20=0.013200 run_test_hr10=0.022900

[6/11] MAX_ITEM_LIST_LENGTH=24, bsarec_c=1, learning_rate=0.001559
  -> MRR@20=0.016300  best=0.016300  (early_stop@59, trial=16s, avg=8s/trial, total=47s, ETA=39s)
[TRIAL_METRICS] cur_best_mrr20=0.016300 cur_best_hr10=0.032100 cur_test_mrr20=0.023400 cur_test_hr10=0.040100 run_best_mrr20=0.016300 run_best_hr10=0.032100 run_test_mrr20=0.023400 run_test_hr10=0.040100

[7/11] MAX_ITEM_LIST_LENGTH=24, bsarec_c=2, learning_rate=0.00221
  -> MRR@20=0.005800  best=0.016300  (early_stop@13, trial=3s, avg=7s/trial, total=51s, ETA=29s)
[TRIAL_METRICS] cur_best_mrr20=0.005800 cur_best_hr10=0.012000 cur_test_mrr20=0.006700 cur_test_hr10=0.011500 run_best_mrr20=0.016300 run_best_hr10=0.032100 run_test_mrr20=0.023400 run_test_hr10=0.040100

[8/11] MAX_ITEM_LIST_LENGTH=16, bsarec_c=5, learning_rate=0.001066
  -> MRR@20=0.002800  best=0.016300  (early_stop@10, trial=2s, avg=7s/trial, total=53s, ETA=20s)
[TRIAL_METRICS] cur_best_mrr20=0.002800 cur_best_hr10=0.004000 cur_test_mrr20=0.000000 cur_test_hr10=0.000000 run_best_mrr20=0.016300 run_best_hr10=0.032100 run_test_mrr20=0.023400 run_test_hr10=0.040100

[9/11] MAX_ITEM_LIST_LENGTH=20, bsarec_c=1, learning_rate=0.0008234
  -> MRR@20=0.006000  best=0.016300  (early_stop@32, trial=14s, avg=8s/trial, total=1.1min, ETA=15s)
[TRIAL_METRICS] cur_best_mrr20=0.006000 cur_best_hr10=0.014100 cur_test_mrr20=0.007400 cur_test_hr10=0.014300 run_best_mrr20=0.016300 run_best_hr10=0.032100 run_test_mrr20=0.023400 run_test_hr10=0.040100

[10/11] MAX_ITEM_LIST_LENGTH=24, bsarec_c=5, learning_rate=0.0008009
  -> MRR@20=0.018400  best=0.018400  (early_stop@73, trial=35s, avg=10s/trial, total=1.7min, ETA=10s)
[TRIAL_METRICS] cur_best_mrr20=0.018400 cur_best_hr10=0.030100 cur_test_mrr20=0.013900 cur_test_hr10=0.031500 run_best_mrr20=0.018400 run_best_hr10=0.030100 run_test_mrr20=0.013900 run_test_hr10=0.031500

[11/11] MAX_ITEM_LIST_LENGTH=16, bsarec_c=2, learning_rate=0.0007541
  -> MRR@20=0.003300  best=0.018400  (early_stop@12, trial=5s, avg=10s/trial, total=1.8min, ETA=0s)
[TRIAL_METRICS] cur_best_mrr20=0.003300 cur_best_hr10=0.010000 cur_test_mrr20=0.000000 cur_test_hr10=0.000000 run_best_mrr20=0.018400 run_best_hr10=0.030100 run_test_mrr20=0.013900 run_test_hr10=0.031500

=================================================================
  DONE  |  BSARec x beauty
  Best MRR@20 = 0.018400  |  11/11 trials OK
  Best HR@10  = 0.030100
  Test MRR@20 = 0.013900  (best-valid checkpoint)
  Test HR@10  = 0.031500  (best-valid checkpoint)
[RUN_METRICS] best_valid_mrr20=0.018400 best_valid_hr10=0.030100 test_mrr20=0.013900 test_hr10=0.031500
  Total time: 1.8 min
  Best params:
    MAX_ITEM_LIST_LENGTH: 24
    bsarec_c: 5
    learning_rate: 0.000800915
  Results -> /workspace/FeaturedMoE/experiments/run/artifacts/results/baseline_2/beauty_BSARec_baseline2_addtune3_2_beauty_bsarec_k7_20260416_072658_560664_pid1317060.json
  Normal mirror -> /workspace/FeaturedMoE/experiments/run/artifacts/results/baseline_2/normal/pair60_addtuning3_2/BASELINE2/beauty/BSARec/beauty_BSARec_baseline2_addtune3_2_beauty_bsarec_k7_20260416_072658_560664_pid1317060.json
  Special result -> /workspace/FeaturedMoE/experiments/run/artifacts/results/baseline_2/special/pair60_addtuning3_2/BASELINE2/beauty/BSARec/beauty_BSARec_baseline2_addtune3_2_beauty_bsarec_k7_20260416_072658_560664_pid1317060_special_metrics.json
  Special log -> /workspace/FeaturedMoE/experiments/run/artifacts/logs/baseline_2/special/pair60_addtuning3_2/BASELINE2/beauty/BSARec/beauty_BSARec_baseline2_addtune3_2_beauty_bsarec_k7_20260416_072658_560664_pid1317060_special_metrics.json
=================================================================

[RUN_STATUS] END status=normal pid=1317060 start=2026-04-16T07:26:58 end=2026-04-16T07:28:49
