# CMD
/venv/FMoE/bin/python hyperopt_tune.py --config-name tune_ab --space-yaml /workspace/FeaturedMoE/experiments/run/artifacts/logs/baseline_2/PAIR60_ADDTUNING3_2/spaces/beauty_fame_K22.yaml --max-evals 10 --tune-epochs 100 --tune-patience 7 --search-algo tpe --seed 2026042122 --run-group baseline_2 --run-axis pair60_addtuning3_2 --run-phase BASELINE2_ADDTUNE3_2_BEAUTY_FAME_K22 model=fame dataset=beauty eval_mode=session_fixed feature_mode=full_v4 gpu_id=2 log_wandb=false show_progress=false ++seed=2026042122 ++eval_sampling.mode=full ++eval_sampling.auto_full_threshold=999999999 ++special_logging=true ++exclude_unseen_target_from_main_eval=true ++log_unseen_target_metrics=true

/venv/FMoE/lib/python3.10/site-packages/ray/_private/parameter.py:4: UserWarning: pkg_resources is deprecated as an API. See https://setuptools.pypa.io/en/latest/pkg_resources.html. The pkg_resources package is slated for removal as early as 2025-11-30. Refrain from using this package or pin to Setuptools<81.
  import pkg_resources
[RUN_STATUS] START pid=1321282 ts=2026-04-16T07:40:37
[SpaceYAML] loaded: /workspace/FeaturedMoE/experiments/run/artifacts/logs/baseline_2/PAIR60_ADDTUNING3_2/spaces/beauty_fame_K22.yaml (fixed=10, search=3)

=================================================================
  Hyperopt  |  FAME x beauty
  max_evals=10  epochs=100  patience=7  wandb=off
  search_algo=tpe
  batch_size(train/valid/test)=4096/8192/8192
  track=baseline_2  axis=pair60_addtuning3_2  phase=BASELINE2_ADDTUNE3_2_BEAUTY_FAME_K22
=================================================================
Changed knobs: learning_rate, num_experts, weight_decay
Tuned params(len>1): 3  (~9 discrete combos)
Tuned groups: 3
  [optimization]
    learning_rate                   [0.00012, 0.0035]                         -> loguniform
    weight_decay                    [5.4e-05, 9e-05, 0.000162]                -> choice
  [other]
    num_experts                     [2, 4, 6]                                 -> choice
Fixed params(singleton/non-list): 0
Fixed groups: 0
  (none)

[Wandb] disabled for this hyperopt run

[1/10] learning_rate=0.0004227, num_experts=2, weight_decay=0.000162
  -> MRR@20=0.007900  best=0.007900  (early_stop@31, trial=8s, avg=11s/trial, total=11s, ETA=1.6min)
[TRIAL_METRICS] cur_best_mrr20=0.007900 cur_best_hr10=0.014100 cur_test_mrr20=0.002200 cur_test_hr10=0.005700 run_best_mrr20=0.007900 run_best_hr10=0.014100 run_test_mrr20=0.002200 run_test_hr10=0.005700

[2/10] learning_rate=0.001123, num_experts=6, weight_decay=9e-05
  -> MRR@20=0.008600  best=0.008600  (early_stop@31, trial=10s, avg=10s/trial, total=21s, ETA=1.4min)
[TRIAL_METRICS] cur_best_mrr20=0.008600 cur_best_hr10=0.014100 cur_test_mrr20=0.004800 cur_test_hr10=0.008600 run_best_mrr20=0.008600 run_best_hr10=0.014100 run_test_mrr20=0.004800 run_test_hr10=0.008600

[3/10] learning_rate=0.0003344, num_experts=6, weight_decay=0.000162
  -> MRR@20=0.002100  best=0.008600  (early_stop@8, trial=2s, avg=8s/trial, total=23s, ETA=54s)
[TRIAL_METRICS] cur_best_mrr20=0.002100 cur_best_hr10=0.002000 cur_test_mrr20=0.000000 cur_test_hr10=0.000000 run_best_mrr20=0.008600 run_best_hr10=0.014100 run_test_mrr20=0.004800 run_test_hr10=0.008600

[4/10] learning_rate=0.0002924, num_experts=6, weight_decay=0.000162
  -> MRR@20=0.002100  best=0.008600  (early_stop@8, trial=2s, avg=7s/trial, total=26s, ETA=39s)
[TRIAL_METRICS] cur_best_mrr20=0.002100 cur_best_hr10=0.002000 cur_test_mrr20=0.000000 cur_test_hr10=0.000000 run_best_mrr20=0.008600 run_best_hr10=0.014100 run_test_mrr20=0.004800 run_test_hr10=0.008600

[5/10] learning_rate=0.002165, num_experts=6, weight_decay=5.4e-05
  -> MRR@20=0.015100  best=0.015100  (early_stop@44, trial=14s, avg=8s/trial, total=40s, ETA=40s)
[TRIAL_METRICS] cur_best_mrr20=0.015100 cur_best_hr10=0.034100 cur_test_mrr20=0.011100 cur_test_hr10=0.022900 run_best_mrr20=0.015100 run_best_hr10=0.034100 run_test_mrr20=0.011100 run_test_hr10=0.022900

[6/10] learning_rate=0.002686, num_experts=4, weight_decay=9e-05
  -> MRR@20=0.019000  best=0.019000  (early_stop@34, trial=9s, avg=8s/trial, total=49s, ETA=33s)
[TRIAL_METRICS] cur_best_mrr20=0.019000 cur_best_hr10=0.030100 cur_test_mrr20=0.013500 cur_test_hr10=0.031500 run_best_mrr20=0.019000 run_best_hr10=0.030100 run_test_mrr20=0.013500 run_test_hr10=0.031500

[7/10] learning_rate=0.000304, num_experts=4, weight_decay=0.000162
  -> MRR@20=0.000200  best=0.019000  (early_stop@8, trial=2s, avg=7s/trial, total=52s, ETA=22s)
[TRIAL_METRICS] cur_best_mrr20=0.000200 cur_best_hr10=0.000000 cur_test_mrr20=0.000400 cur_test_hr10=0.000000 run_best_mrr20=0.019000 run_best_hr10=0.030100 run_test_mrr20=0.013500 run_test_hr10=0.031500

[8/10] learning_rate=0.001271, num_experts=4, weight_decay=0.000162
  -> MRR@20=0.012300  best=0.019000  (early_stop@32, trial=10s, avg=8s/trial, total=1.0min, ETA=15s)
[TRIAL_METRICS] cur_best_mrr20=0.012300 cur_best_hr10=0.022100 cur_test_mrr20=0.007300 cur_test_hr10=0.017200 run_best_mrr20=0.019000 run_best_hr10=0.030100 run_test_mrr20=0.013500 run_test_hr10=0.031500

[9/10] learning_rate=0.002061, num_experts=6, weight_decay=0.000162
  -> MRR@20=0.017000  best=0.019000  (early_stop@52, trial=16s, avg=9s/trial, total=1.3min, ETA=9s)
[TRIAL_METRICS] cur_best_mrr20=0.017000 cur_best_hr10=0.034100 cur_test_mrr20=0.006400 cur_test_hr10=0.020100 run_best_mrr20=0.019000 run_best_hr10=0.030100 run_test_mrr20=0.013500 run_test_hr10=0.031500

[10/10] learning_rate=0.0008814, num_experts=2, weight_decay=0.000162
  -> MRR@20=0.013700  best=0.019000  (early_stop@44, trial=10s, avg=9s/trial, total=1.5min, ETA=0s)
[TRIAL_METRICS] cur_best_mrr20=0.013700 cur_best_hr10=0.022100 cur_test_mrr20=0.007200 cur_test_hr10=0.008600 run_best_mrr20=0.019000 run_best_hr10=0.030100 run_test_mrr20=0.013500 run_test_hr10=0.031500

=================================================================
  DONE  |  FAME x beauty
  Best MRR@20 = 0.019000  |  10/10 trials OK
  Best HR@10  = 0.030100
  Test MRR@20 = 0.013500  (best-valid checkpoint)
  Test HR@10  = 0.031500  (best-valid checkpoint)
[RUN_METRICS] best_valid_mrr20=0.019000 best_valid_hr10=0.030100 test_mrr20=0.013500 test_hr10=0.031500
  Total time: 1.5 min
  Best params:
    learning_rate: 0.00268598
    num_experts: 4
    weight_decay: 9e-05
  Results -> /workspace/FeaturedMoE/experiments/run/artifacts/results/baseline_2/beauty_FAME_baseline2_addtune3_2_beauty_fame_k22_20260416_074037_542692_pid1321282.json
  Normal mirror -> /workspace/FeaturedMoE/experiments/run/artifacts/results/baseline_2/normal/pair60_addtuning3_2/BASELINE2/beauty/FAME/beauty_FAME_baseline2_addtune3_2_beauty_fame_k22_20260416_074037_542692_pid1321282.json
  Special result -> /workspace/FeaturedMoE/experiments/run/artifacts/results/baseline_2/special/pair60_addtuning3_2/BASELINE2/beauty/FAME/beauty_FAME_baseline2_addtune3_2_beauty_fame_k22_20260416_074037_542692_pid1321282_special_metrics.json
  Special log -> /workspace/FeaturedMoE/experiments/run/artifacts/logs/baseline_2/special/pair60_addtuning3_2/BASELINE2/beauty/FAME/beauty_FAME_baseline2_addtune3_2_beauty_fame_k22_20260416_074037_542692_pid1321282_special_metrics.json
=================================================================

[RUN_STATUS] END status=normal pid=1321282 start=2026-04-16T07:40:37 end=2026-04-16T07:42:05
