# CMD
/venv/FMoE/bin/python hyperopt_tune.py --config-name tune_ab --space-yaml /workspace/FeaturedMoE/experiments/run/artifacts/logs/baseline_2/PAIR60_ADDTUNING3_2/spaces/beauty_bsarec_K36.yaml --max-evals 11 --tune-epochs 100 --tune-patience 7 --search-algo tpe --seed 2026042036 --run-group baseline_2 --run-axis pair60_addtuning3_2 --run-phase BASELINE2_ADDTUNE3_2_BEAUTY_BSAREC_K36 model=bsarec dataset=beauty eval_mode=session_fixed feature_mode=full_v4 gpu_id=7 log_wandb=false show_progress=false ++seed=2026042036 ++eval_sampling.mode=full ++eval_sampling.auto_full_threshold=999999999 ++special_logging=true ++exclude_unseen_target_from_main_eval=true ++log_unseen_target_metrics=true

/venv/FMoE/lib/python3.10/site-packages/ray/_private/parameter.py:4: UserWarning: pkg_resources is deprecated as an API. See https://setuptools.pypa.io/en/latest/pkg_resources.html. The pkg_resources package is slated for removal as early as 2025-11-30. Refrain from using this package or pin to Setuptools<81.
  import pkg_resources
[RUN_STATUS] START pid=1316446 ts=2026-04-16T07:25:22
[SpaceYAML] loaded: /workspace/FeaturedMoE/experiments/run/artifacts/logs/baseline_2/PAIR60_ADDTUNING3_2/spaces/beauty_bsarec_K36.yaml (fixed=11, search=3)

=================================================================
  Hyperopt  |  BSARec x beauty
  max_evals=11  epochs=100  patience=7  wandb=off
  search_algo=tpe
  batch_size(train/valid/test)=4096/8192/8192
  track=baseline_2  axis=pair60_addtuning3_2  phase=BASELINE2_ADDTUNE3_2_BEAUTY_BSAREC_K36
=================================================================
Changed knobs: MAX_ITEM_LIST_LENGTH, bsarec_c, learning_rate
Tuned params(len>1): 3  (~12 discrete combos)
Tuned groups: 3
  [optimization]
    learning_rate                   [0.0004, 0.009]                           -> loguniform
  [other]
    MAX_ITEM_LIST_LENGTH            [20, 24, 28]                              -> choice
    bsarec_c                        [1, 2, 5, 8]                              -> choice
Fixed params(singleton/non-list): 0
Fixed groups: 0
  (none)

[Wandb] disabled for this hyperopt run

[1/11] MAX_ITEM_LIST_LENGTH=24, bsarec_c=5, learning_rate=0.002829
  -> MRR@20=0.020900  best=0.020900  (early_stop@27, trial=14s, avg=17s/trial, total=17s, ETA=2.8min)
[TRIAL_METRICS] cur_best_mrr20=0.020900 cur_best_hr10=0.046200 cur_test_mrr20=0.016700 cur_test_hr10=0.040100 run_best_mrr20=0.020900 run_best_hr10=0.046200 run_test_mrr20=0.016700 run_test_hr10=0.040100

[2/11] MAX_ITEM_LIST_LENGTH=28, bsarec_c=1, learning_rate=0.002703
  -> MRR@20=0.044300  best=0.044300  (early_stop@26, trial=14s, avg=16s/trial, total=32s, ETA=2.4min)
[TRIAL_METRICS] cur_best_mrr20=0.044300 cur_best_hr10=0.068300 cur_test_mrr20=0.020400 cur_test_hr10=0.043000 run_best_mrr20=0.044300 run_best_hr10=0.068300 run_test_mrr20=0.020400 run_test_hr10=0.043000

[3/11] MAX_ITEM_LIST_LENGTH=20, bsarec_c=5, learning_rate=0.0005572
  -> MRR@20=0.005100  best=0.044300  (early_stop@15, trial=11s, avg=15s/trial, total=44s, ETA=1.9min)
[TRIAL_METRICS] cur_best_mrr20=0.005100 cur_best_hr10=0.010000 cur_test_mrr20=0.003100 cur_test_hr10=0.002900 run_best_mrr20=0.044300 run_best_hr10=0.068300 run_test_mrr20=0.020400 run_test_hr10=0.043000

[4/11] MAX_ITEM_LIST_LENGTH=28, bsarec_c=2, learning_rate=0.001325
  -> MRR@20=0.006500  best=0.044300  (early_stop@14, trial=13s, avg=14s/trial, total=57s, ETA=1.7min)
[TRIAL_METRICS] cur_best_mrr20=0.006500 cur_best_hr10=0.010000 cur_test_mrr20=0.006200 cur_test_hr10=0.011500 run_best_mrr20=0.044300 run_best_hr10=0.068300 run_test_mrr20=0.020400 run_test_hr10=0.043000

[5/11] MAX_ITEM_LIST_LENGTH=20, bsarec_c=8, learning_rate=0.003853
  -> MRR@20=0.020000  best=0.044300  (early_stop@34, trial=24s, avg=16s/trial, total=1.4min, ETA=1.6min)
[TRIAL_METRICS] cur_best_mrr20=0.020000 cur_best_hr10=0.042200 cur_test_mrr20=0.018100 cur_test_hr10=0.043000 run_best_mrr20=0.044300 run_best_hr10=0.068300 run_test_mrr20=0.020400 run_test_hr10=0.043000

[6/11] MAX_ITEM_LIST_LENGTH=20, bsarec_c=5, learning_rate=0.004966
  -> MRR@20=0.016300  best=0.044300  (early_stop@19, trial=13s, avg=16s/trial, total=1.6min, ETA=1.3min)
[TRIAL_METRICS] cur_best_mrr20=0.016300 cur_best_hr10=0.034100 cur_test_mrr20=0.015500 cur_test_hr10=0.040100 run_best_mrr20=0.044300 run_best_hr10=0.068300 run_test_mrr20=0.020400 run_test_hr10=0.043000

[7/11] MAX_ITEM_LIST_LENGTH=28, bsarec_c=1, learning_rate=0.002361
  -> MRR@20=0.032200  best=0.044300  (early_stop@29, trial=26s, avg=17s/trial, total=2.0min, ETA=1.2min)
[TRIAL_METRICS] cur_best_mrr20=0.032200 cur_best_hr10=0.068300 cur_test_mrr20=0.018600 cur_test_hr10=0.048700 run_best_mrr20=0.044300 run_best_hr10=0.068300 run_test_mrr20=0.020400 run_test_hr10=0.043000

[8/11] MAX_ITEM_LIST_LENGTH=20, bsarec_c=8, learning_rate=0.0008657
  -> MRR@20=0.004900  best=0.044300  (early_stop@11, trial=8s, avg=16s/trial, total=2.2min, ETA=49s)
[TRIAL_METRICS] cur_best_mrr20=0.004900 cur_best_hr10=0.010000 cur_test_mrr20=0.001600 cur_test_hr10=0.008600 run_best_mrr20=0.044300 run_best_hr10=0.068300 run_test_mrr20=0.020400 run_test_hr10=0.043000

[9/11] MAX_ITEM_LIST_LENGTH=24, bsarec_c=8, learning_rate=0.007543
  -> MRR@20=0.014900  best=0.044300  (early_stop@21, trial=17s, avg=17s/trial, total=2.5min, ETA=33s)
[TRIAL_METRICS] cur_best_mrr20=0.014900 cur_best_hr10=0.026100 cur_test_mrr20=0.014100 cur_test_hr10=0.022900 run_best_mrr20=0.044300 run_best_hr10=0.068300 run_test_mrr20=0.020400 run_test_hr10=0.043000

[10/11] MAX_ITEM_LIST_LENGTH=24, bsarec_c=8, learning_rate=0.001817
  -> MRR@20=0.018100  best=0.044300  (early_stop@32, trial=26s, avg=17s/trial, total=2.9min, ETA=17s)
[TRIAL_METRICS] cur_best_mrr20=0.018100 cur_best_hr10=0.038200 cur_test_mrr20=0.017900 cur_test_hr10=0.045800 run_best_mrr20=0.044300 run_best_hr10=0.068300 run_test_mrr20=0.020400 run_test_hr10=0.043000

[11/11] MAX_ITEM_LIST_LENGTH=20, bsarec_c=8, learning_rate=0.008393
  -> MRR@20=0.013400  best=0.044300  (early_stop@19, trial=14s, avg=17s/trial, total=3.2min, ETA=0s)
[TRIAL_METRICS] cur_best_mrr20=0.013400 cur_best_hr10=0.026100 cur_test_mrr20=0.008700 cur_test_hr10=0.025800 run_best_mrr20=0.044300 run_best_hr10=0.068300 run_test_mrr20=0.020400 run_test_hr10=0.043000

=================================================================
  DONE  |  BSARec x beauty
  Best MRR@20 = 0.044300  |  11/11 trials OK
  Best HR@10  = 0.068300
  Test MRR@20 = 0.020400  (best-valid checkpoint)
  Test HR@10  = 0.043000  (best-valid checkpoint)
[RUN_METRICS] best_valid_mrr20=0.044300 best_valid_hr10=0.068300 test_mrr20=0.020400 test_hr10=0.043000
  Total time: 3.2 min
  Best params:
    MAX_ITEM_LIST_LENGTH: 28
    bsarec_c: 1
    learning_rate: 0.00270292
  Results -> /workspace/FeaturedMoE/experiments/run/artifacts/results/baseline_2/beauty_BSARec_baseline2_addtune3_2_beauty_bsarec_k36_20260416_072522_938948_pid1316446.json
  Normal mirror -> /workspace/FeaturedMoE/experiments/run/artifacts/results/baseline_2/normal/pair60_addtuning3_2/BASELINE2/beauty/BSARec/beauty_BSARec_baseline2_addtune3_2_beauty_bsarec_k36_20260416_072522_938948_pid1316446.json
  Special result -> /workspace/FeaturedMoE/experiments/run/artifacts/results/baseline_2/special/pair60_addtuning3_2/BASELINE2/beauty/BSARec/beauty_BSARec_baseline2_addtune3_2_beauty_bsarec_k36_20260416_072522_938948_pid1316446_special_metrics.json
  Special log -> /workspace/FeaturedMoE/experiments/run/artifacts/logs/baseline_2/special/pair60_addtuning3_2/BASELINE2/beauty/BSARec/beauty_BSARec_baseline2_addtune3_2_beauty_bsarec_k36_20260416_072522_938948_pid1316446_special_metrics.json
=================================================================

[RUN_STATUS] END status=normal pid=1316446 start=2026-04-16T07:25:22 end=2026-04-16T07:28:32
