# CMD
/venv/FMoE/bin/python hyperopt_tune.py --config-name tune_ab --space-yaml /workspace/FeaturedMoE/experiments/run/artifacts/logs/baseline_2/PAIR60_ADDTUNING3_2/spaces/beauty_bsarec_K25.yaml --max-evals 11 --tune-epochs 100 --tune-patience 7 --search-algo tpe --seed 2026042025 --run-group baseline_2 --run-axis pair60_addtuning3_2 --run-phase BASELINE2_ADDTUNE3_2_BEAUTY_BSAREC_K25 model=bsarec dataset=beauty eval_mode=session_fixed feature_mode=full_v4 gpu_id=1 log_wandb=false show_progress=false ++seed=2026042025 ++eval_sampling.mode=full ++eval_sampling.auto_full_threshold=999999999 ++special_logging=true ++exclude_unseen_target_from_main_eval=true ++log_unseen_target_metrics=true

/venv/FMoE/lib/python3.10/site-packages/ray/_private/parameter.py:4: UserWarning: pkg_resources is deprecated as an API. See https://setuptools.pypa.io/en/latest/pkg_resources.html. The pkg_resources package is slated for removal as early as 2025-11-30. Refrain from using this package or pin to Setuptools<81.
  import pkg_resources
[RUN_STATUS] START pid=1315321 ts=2026-04-16T07:23:01
[SpaceYAML] loaded: /workspace/FeaturedMoE/experiments/run/artifacts/logs/baseline_2/PAIR60_ADDTUNING3_2/spaces/beauty_bsarec_K25.yaml (fixed=11, search=3)

=================================================================
  Hyperopt  |  BSARec x beauty
  max_evals=11  epochs=100  patience=7  wandb=off
  search_algo=tpe
  batch_size(train/valid/test)=4096/8192/8192
  track=baseline_2  axis=pair60_addtuning3_2  phase=BASELINE2_ADDTUNE3_2_BEAUTY_BSAREC_K25
=================================================================
Changed knobs: MAX_ITEM_LIST_LENGTH, bsarec_alpha, learning_rate
Tuned params(len>1): 3  (~16 discrete combos)
Tuned groups: 3
  [optimization]
    learning_rate                   [0.00015, 0.0045]                         -> loguniform
  [other]
    MAX_ITEM_LIST_LENGTH            [24, 32, 40, 50]                          -> choice
    bsarec_alpha                    [0.2, 0.65, 0.78, 0.9]                    -> choice
Fixed params(singleton/non-list): 0
Fixed groups: 0
  (none)

[Wandb] disabled for this hyperopt run

[1/11] MAX_ITEM_LIST_LENGTH=50, bsarec_alpha=0.78, learning_rate=0.0008753
  -> MRR@20=0.011200  best=0.011200  (early_stop@30, trial=25s, avg=28s/trial, total=28s, ETA=4.6min)
[TRIAL_METRICS] cur_best_mrr20=0.011200 cur_best_hr10=0.016100 cur_test_mrr20=0.008200 cur_test_hr10=0.020100 run_best_mrr20=0.011200 run_best_hr10=0.016100 run_test_mrr20=0.008200 run_test_hr10=0.020100

[2/11] MAX_ITEM_LIST_LENGTH=24, bsarec_alpha=0.78, learning_rate=0.001199
  -> MRR@20=0.005900  best=0.011200  (early_stop@14, trial=7s, avg=18s/trial, total=36s, ETA=2.7min)
[TRIAL_METRICS] cur_best_mrr20=0.005900 cur_best_hr10=0.010000 cur_test_mrr20=0.006500 cur_test_hr10=0.014300 run_best_mrr20=0.011200 run_best_hr10=0.016100 run_test_mrr20=0.008200 run_test_hr10=0.020100

[3/11] MAX_ITEM_LIST_LENGTH=24, bsarec_alpha=0.9, learning_rate=0.001627
  -> MRR@20=0.014700  best=0.014700  (early_stop@38, trial=19s, avg=18s/trial, total=55s, ETA=2.4min)
[TRIAL_METRICS] cur_best_mrr20=0.014700 cur_best_hr10=0.022100 cur_test_mrr20=0.015800 cur_test_hr10=0.031500 run_best_mrr20=0.014700 run_best_hr10=0.022100 run_test_mrr20=0.015800 run_test_hr10=0.031500

[4/11] MAX_ITEM_LIST_LENGTH=24, bsarec_alpha=0.65, learning_rate=0.0001771
  -> MRR@20=0.003100  best=0.014700  (early_stop@23, trial=12s, avg=17s/trial, total=1.1min, ETA=2.0min)
[TRIAL_METRICS] cur_best_mrr20=0.003100 cur_best_hr10=0.006000 cur_test_mrr20=0.001100 cur_test_hr10=0.005700 run_best_mrr20=0.014700 run_best_hr10=0.022100 run_test_mrr20=0.015800 run_test_hr10=0.031500

[5/11] MAX_ITEM_LIST_LENGTH=40, bsarec_alpha=0.78, learning_rate=0.00112
  -> MRR@20=0.009600  best=0.014700  (early_stop@17, trial=12s, avg=16s/trial, total=1.3min, ETA=1.6min)
[TRIAL_METRICS] cur_best_mrr20=0.009600 cur_best_hr10=0.012000 cur_test_mrr20=0.002100 cur_test_hr10=0.005700 run_best_mrr20=0.014700 run_best_hr10=0.022100 run_test_mrr20=0.015800 run_test_hr10=0.031500

[6/11] MAX_ITEM_LIST_LENGTH=24, bsarec_alpha=0.65, learning_rate=0.0007316
  -> MRR@20=0.006900  best=0.014700  (early_stop@14, trial=7s, avg=15s/trial, total=1.5min, ETA=1.2min)
[TRIAL_METRICS] cur_best_mrr20=0.006900 cur_best_hr10=0.012000 cur_test_mrr20=0.007700 cur_test_hr10=0.011500 run_best_mrr20=0.014700 run_best_hr10=0.022100 run_test_mrr20=0.015800 run_test_hr10=0.031500

[7/11] MAX_ITEM_LIST_LENGTH=32, bsarec_alpha=0.78, learning_rate=0.0002881
  -> MRR@20=0.005300  best=0.014700  (early_stop@20, trial=12s, avg=14s/trial, total=1.7min, ETA=57s)
[TRIAL_METRICS] cur_best_mrr20=0.005300 cur_best_hr10=0.008000 cur_test_mrr20=0.000700 cur_test_hr10=0.002900 run_best_mrr20=0.014700 run_best_hr10=0.022100 run_test_mrr20=0.015800 run_test_hr10=0.031500

[8/11] MAX_ITEM_LIST_LENGTH=50, bsarec_alpha=0.2, learning_rate=0.003701
  -> MRR@20=0.018000  best=0.018000  (early_stop@24, trial=19s, avg=15s/trial, total=2.0min, ETA=45s)
[TRIAL_METRICS] cur_best_mrr20=0.018000 cur_best_hr10=0.028100 cur_test_mrr20=0.017800 cur_test_hr10=0.034400 run_best_mrr20=0.018000 run_best_hr10=0.028100 run_test_mrr20=0.017800 run_test_hr10=0.034400

[9/11] MAX_ITEM_LIST_LENGTH=24, bsarec_alpha=0.78, learning_rate=0.001863
  -> MRR@20=0.009300  best=0.018000  (early_stop@14, trial=7s, avg=14s/trial, total=2.1min, ETA=28s)
[TRIAL_METRICS] cur_best_mrr20=0.009300 cur_best_hr10=0.012000 cur_test_mrr20=0.007500 cur_test_hr10=0.011500 run_best_mrr20=0.018000 run_best_hr10=0.028100 run_test_mrr20=0.017800 run_test_hr10=0.034400

[10/11] MAX_ITEM_LIST_LENGTH=50, bsarec_alpha=0.9, learning_rate=0.0005576
  -> MRR@20=0.010000  best=0.018000  (early_stop@22, trial=18s, avg=15s/trial, total=2.4min, ETA=15s)
[TRIAL_METRICS] cur_best_mrr20=0.010000 cur_best_hr10=0.014100 cur_test_mrr20=0.003600 cur_test_hr10=0.005700 run_best_mrr20=0.018000 run_best_hr10=0.028100 run_test_mrr20=0.017800 run_test_hr10=0.034400

[11/11] MAX_ITEM_LIST_LENGTH=50, bsarec_alpha=0.2, learning_rate=0.004048
  -> MRR@20=0.016600  best=0.018000  (early_stop@21, trial=17s, avg=15s/trial, total=2.7min, ETA=0s)
[TRIAL_METRICS] cur_best_mrr20=0.016600 cur_best_hr10=0.030100 cur_test_mrr20=0.019700 cur_test_hr10=0.034400 run_best_mrr20=0.018000 run_best_hr10=0.028100 run_test_mrr20=0.017800 run_test_hr10=0.034400

=================================================================
  DONE  |  BSARec x beauty
  Best MRR@20 = 0.018000  |  11/11 trials OK
  Best HR@10  = 0.028100
  Test MRR@20 = 0.017800  (best-valid checkpoint)
  Test HR@10  = 0.034400  (best-valid checkpoint)
[RUN_METRICS] best_valid_mrr20=0.018000 best_valid_hr10=0.028100 test_mrr20=0.017800 test_hr10=0.034400
  Total time: 2.7 min
  Best params:
    MAX_ITEM_LIST_LENGTH: 50
    bsarec_alpha: 0.2
    learning_rate: 0.0037008
  Results -> /workspace/FeaturedMoE/experiments/run/artifacts/results/baseline_2/beauty_BSARec_baseline2_addtune3_2_beauty_bsarec_k25_20260416_072301_794529_pid1315321.json
  Normal mirror -> /workspace/FeaturedMoE/experiments/run/artifacts/results/baseline_2/normal/pair60_addtuning3_2/BASELINE2/beauty/BSARec/beauty_BSARec_baseline2_addtune3_2_beauty_bsarec_k25_20260416_072301_794529_pid1315321.json
  Special result -> /workspace/FeaturedMoE/experiments/run/artifacts/results/baseline_2/special/pair60_addtuning3_2/BASELINE2/beauty/BSARec/beauty_BSARec_baseline2_addtune3_2_beauty_bsarec_k25_20260416_072301_794529_pid1315321_special_metrics.json
  Special log -> /workspace/FeaturedMoE/experiments/run/artifacts/logs/baseline_2/special/pair60_addtuning3_2/BASELINE2/beauty/BSARec/beauty_BSARec_baseline2_addtune3_2_beauty_bsarec_k25_20260416_072301_794529_pid1315321_special_metrics.json
=================================================================

[RUN_STATUS] END status=normal pid=1315321 start=2026-04-16T07:23:01 end=2026-04-16T07:25:45
