# CMD
/venv/FMoE/bin/python hyperopt_tune.py --config-name tune_ab --space-yaml /workspace/FeaturedMoE/experiments/run/artifacts/logs/baseline_2/PAIR60_ADDTUNING3_2/spaces/beauty_gru4rec_K17.yaml --max-evals 12 --tune-epochs 100 --tune-patience 7 --search-algo tpe --seed 2026042317 --run-group baseline_2 --run-axis pair60_addtuning3_2 --run-phase BASELINE2_ADDTUNE3_2_BEAUTY_GRU4REC_K17 model=gru4rec dataset=beauty eval_mode=session_fixed feature_mode=full_v4 gpu_id=6 log_wandb=false show_progress=false ++seed=2026042317 ++eval_sampling.mode=full ++eval_sampling.auto_full_threshold=999999999 ++special_logging=true ++exclude_unseen_target_from_main_eval=true ++log_unseen_target_metrics=true

/venv/FMoE/lib/python3.10/site-packages/ray/_private/parameter.py:4: UserWarning: pkg_resources is deprecated as an API. See https://setuptools.pypa.io/en/latest/pkg_resources.html. The pkg_resources package is slated for removal as early as 2025-11-30. Refrain from using this package or pin to Setuptools<81.
  import pkg_resources
[RUN_STATUS] START pid=1318051 ts=2026-04-16T07:29:21
[SpaceYAML] loaded: /workspace/FeaturedMoE/experiments/run/artifacts/logs/baseline_2/PAIR60_ADDTUNING3_2/spaces/beauty_gru4rec_K17.yaml (fixed=7, search=3)

=================================================================
  Hyperopt  |  GRU4Rec x beauty
  max_evals=12  epochs=100  patience=7  wandb=off
  search_algo=tpe
  batch_size(train/valid/test)=4096/8192/8192
  track=baseline_2  axis=pair60_addtuning3_2  phase=BASELINE2_ADDTUNE3_2_BEAUTY_GRU4REC_K17
=================================================================
Changed knobs: dropout, learning_rate, num_layers
Tuned params(len>1): 3  (~12 discrete combos)
Tuned groups: 3
  [optimization]
    learning_rate                   [0.0003, 0.01]                            -> loguniform
  [model_core]
    dropout                         [0.12, 0.16, 0.21]                        -> choice
    num_layers                      [1, 2, 3, 4]                              -> choice
Fixed params(singleton/non-list): 0
Fixed groups: 0
  (none)

[Wandb] disabled for this hyperopt run

[1/12] dropout=0.21, learning_rate=0.0003369, num_layers=4
  -> MRR@20=0.014800  best=0.014800  (early_stop@19, trial=5s, avg=7s/trial, total=7s, ETA=1.4min)
[TRIAL_METRICS] cur_best_mrr20=0.014800 cur_best_hr10=0.020100 cur_test_mrr20=0.009600 cur_test_hr10=0.008600 run_best_mrr20=0.014800 run_best_hr10=0.020100 run_test_mrr20=0.009600 run_test_hr10=0.008600

[2/12] dropout=0.12, learning_rate=0.000615, num_layers=1
  -> MRR@20=0.007800  best=0.014800  (early_stop@17, trial=2s, avg=5s/trial, total=10s, ETA=51s)
[TRIAL_METRICS] cur_best_mrr20=0.007800 cur_best_hr10=0.016100 cur_test_mrr20=0.001400 cur_test_hr10=0.002900 run_best_mrr20=0.014800 run_best_hr10=0.020100 run_test_mrr20=0.009600 run_test_hr10=0.008600

[3/12] dropout=0.16, learning_rate=0.0008661, num_layers=1
  -> MRR@20=0.008700  best=0.014800  (early_stop@14, trial=2s, avg=4s/trial, total=12s, ETA=37s)
[TRIAL_METRICS] cur_best_mrr20=0.008700 cur_best_hr10=0.014100 cur_test_mrr20=0.002300 cur_test_hr10=0.008600 run_best_mrr20=0.014800 run_best_hr10=0.020100 run_test_mrr20=0.009600 run_test_hr10=0.008600

[4/12] dropout=0.16, learning_rate=0.002706, num_layers=1
  -> MRR@20=0.073700  best=0.073700  (early_stop@31, trial=5s, avg=4s/trial, total=18s, ETA=36s)
[TRIAL_METRICS] cur_best_mrr20=0.073700 cur_best_hr10=0.124500 cur_test_mrr20=0.022800 cur_test_hr10=0.057300 run_best_mrr20=0.073700 run_best_hr10=0.124500 run_test_mrr20=0.022800 run_test_hr10=0.057300

[5/12] dropout=0.16, learning_rate=0.002573, num_layers=1
  -> MRR@20=0.061200  best=0.073700  (early_stop@31, trial=5s, avg=5s/trial, total=24s, ETA=33s)
[TRIAL_METRICS] cur_best_mrr20=0.061200 cur_best_hr10=0.128500 cur_test_mrr20=0.021400 cur_test_hr10=0.060200 run_best_mrr20=0.073700 run_best_hr10=0.124500 run_test_mrr20=0.022800 run_test_hr10=0.057300

[6/12] dropout=0.16, learning_rate=0.002906, num_layers=3
  -> MRR@20=0.035400  best=0.073700  (early_stop@25, trial=5s, avg=5s/trial, total=29s, ETA=29s)
[TRIAL_METRICS] cur_best_mrr20=0.035400 cur_best_hr10=0.102400 cur_test_mrr20=0.020400 cur_test_hr10=0.043000 run_best_mrr20=0.073700 run_best_hr10=0.124500 run_test_mrr20=0.022800 run_test_hr10=0.057300

[7/12] dropout=0.16, learning_rate=0.001693, num_layers=2
  -> MRR@20=0.036600  best=0.073700  (early_stop@37, trial=7s, avg=5s/trial, total=36s, ETA=26s)
[TRIAL_METRICS] cur_best_mrr20=0.036600 cur_best_hr10=0.086300 cur_test_mrr20=0.014800 cur_test_hr10=0.054400 run_best_mrr20=0.073700 run_best_hr10=0.124500 run_test_mrr20=0.022800 run_test_hr10=0.057300

[8/12] dropout=0.12, learning_rate=0.005659, num_layers=2
  -> MRR@20=0.038400  best=0.073700  (early_stop@18, trial=3s, avg=5s/trial, total=40s, ETA=20s)
[TRIAL_METRICS] cur_best_mrr20=0.038400 cur_best_hr10=0.094400 cur_test_mrr20=0.024300 cur_test_hr10=0.043000 run_best_mrr20=0.073700 run_best_hr10=0.124500 run_test_mrr20=0.022800 run_test_hr10=0.057300

[9/12] dropout=0.21, learning_rate=0.002874, num_layers=2
  -> MRR@20=0.039600  best=0.073700  (early_stop@36, trial=6s, avg=5s/trial, total=46s, ETA=15s)
[TRIAL_METRICS] cur_best_mrr20=0.039600 cur_best_hr10=0.078300 cur_test_mrr20=0.025600 cur_test_hr10=0.051600 run_best_mrr20=0.073700 run_best_hr10=0.124500 run_test_mrr20=0.022800 run_test_hr10=0.057300

[10/12] dropout=0.16, learning_rate=0.0004897, num_layers=3
  -> MRR@20=0.016800  best=0.073700  (early_stop@31, trial=6s, avg=5s/trial, total=53s, ETA=11s)
[TRIAL_METRICS] cur_best_mrr20=0.016800 cur_best_hr10=0.034100 cur_test_mrr20=0.015900 cur_test_hr10=0.031500 run_best_mrr20=0.073700 run_best_hr10=0.124500 run_test_mrr20=0.022800 run_test_hr10=0.057300

[11/12] dropout=0.16, learning_rate=0.006186, num_layers=1
  -> MRR@20=0.077300  best=0.077300  (early_stop@21, trial=4s, avg=5s/trial, total=57s, ETA=5s)
[TRIAL_METRICS] cur_best_mrr20=0.077300 cur_best_hr10=0.126500 cur_test_mrr20=0.025400 cur_test_hr10=0.060200 run_best_mrr20=0.077300 run_best_hr10=0.126500 run_test_mrr20=0.025400 run_test_hr10=0.060200

[12/12] dropout=0.16, learning_rate=0.001725, num_layers=2
  -> MRR@20=0.036800  best=0.077300  (early_stop@42, trial=8s, avg=5s/trial, total=1.1min, ETA=0s)
[TRIAL_METRICS] cur_best_mrr20=0.036800 cur_best_hr10=0.076300 cur_test_mrr20=0.017600 cur_test_hr10=0.051600 run_best_mrr20=0.077300 run_best_hr10=0.126500 run_test_mrr20=0.025400 run_test_hr10=0.060200

=================================================================
  DONE  |  GRU4Rec x beauty
  Best MRR@20 = 0.077300  |  12/12 trials OK
  Best HR@10  = 0.126500
  Test MRR@20 = 0.025400  (best-valid checkpoint)
  Test HR@10  = 0.060200  (best-valid checkpoint)
[RUN_METRICS] best_valid_mrr20=0.077300 best_valid_hr10=0.126500 test_mrr20=0.025400 test_hr10=0.060200
  Total time: 1.1 min
  Best params:
    dropout: 0.16
    learning_rate: 0.00618648
    num_layers: 1
  Results -> /workspace/FeaturedMoE/experiments/run/artifacts/results/baseline_2/beauty_GRU4Rec_baseline2_addtune3_2_beauty_gru4rec_k17_20260416_072921_899108_pid1318051.json
  Normal mirror -> /workspace/FeaturedMoE/experiments/run/artifacts/results/baseline_2/normal/pair60_addtuning3_2/BASELINE2/beauty/GRU4Rec/beauty_GRU4Rec_baseline2_addtune3_2_beauty_gru4rec_k17_20260416_072921_899108_pid1318051.json
  Special result -> /workspace/FeaturedMoE/experiments/run/artifacts/results/baseline_2/special/pair60_addtuning3_2/BASELINE2/beauty/GRU4Rec/beauty_GRU4Rec_baseline2_addtune3_2_beauty_gru4rec_k17_20260416_072921_899108_pid1318051_special_metrics.json
  Special log -> /workspace/FeaturedMoE/experiments/run/artifacts/logs/baseline_2/special/pair60_addtuning3_2/BASELINE2/beauty/GRU4Rec/beauty_GRU4Rec_baseline2_addtune3_2_beauty_gru4rec_k17_20260416_072921_899108_pid1318051_special_metrics.json
=================================================================

[RUN_STATUS] END status=normal pid=1318051 start=2026-04-16T07:29:21 end=2026-04-16T07:30:27
