# CMD
/venv/FMoE/bin/python hyperopt_tune.py --config-name tune_ab --space-yaml /workspace/FeaturedMoE/experiments/run/artifacts/logs/baseline_2/PAIR60_ADDTUNING3_2/spaces/beauty_fame_K43.yaml --max-evals 10 --tune-epochs 100 --tune-patience 7 --search-algo tpe --seed 2026042143 --run-group baseline_2 --run-axis pair60_addtuning3_2 --run-phase BASELINE2_ADDTUNE3_2_BEAUTY_FAME_K43 model=fame dataset=beauty eval_mode=session_fixed feature_mode=full_v4 gpu_id=5 log_wandb=false show_progress=false ++seed=2026042143 ++eval_sampling.mode=full ++eval_sampling.auto_full_threshold=999999999 ++special_logging=true ++exclude_unseen_target_from_main_eval=true ++log_unseen_target_metrics=true

/venv/FMoE/lib/python3.10/site-packages/ray/_private/parameter.py:4: UserWarning: pkg_resources is deprecated as an API. See https://setuptools.pypa.io/en/latest/pkg_resources.html. The pkg_resources package is slated for removal as early as 2025-11-30. Refrain from using this package or pin to Setuptools<81.
  import pkg_resources
[RUN_STATUS] START pid=1326617 ts=2026-04-16T08:13:11
[SpaceYAML] loaded: /workspace/FeaturedMoE/experiments/run/artifacts/logs/baseline_2/PAIR60_ADDTUNING3_2/spaces/beauty_fame_K43.yaml (fixed=10, search=3)

=================================================================
  Hyperopt  |  FAME x beauty
  max_evals=10  epochs=100  patience=7  wandb=off
  search_algo=tpe
  batch_size(train/valid/test)=4096/8192/8192
  track=baseline_2  axis=pair60_addtuning3_2  phase=BASELINE2_ADDTUNE3_2_BEAUTY_FAME_K43
=================================================================
Changed knobs: MAX_ITEM_LIST_LENGTH, learning_rate, num_experts
Tuned params(len>1): 3  (~12 discrete combos)
Tuned groups: 3
  [optimization]
    learning_rate                   [0.00012, 0.0035]                         -> loguniform
  [other]
    MAX_ITEM_LIST_LENGTH            [14, 16, 18]                              -> choice
    num_experts                     [2, 3, 4, 6]                              -> choice
Fixed params(singleton/non-list): 0
Fixed groups: 0
  (none)

[Wandb] disabled for this hyperopt run

[1/10] MAX_ITEM_LIST_LENGTH=18, learning_rate=0.0005185, num_experts=2
  -> MRR@20=0.008400  best=0.008400  (early_stop@50, trial=31s, avg=33s/trial, total=33s, ETA=4.9min)
[TRIAL_METRICS] cur_best_mrr20=0.008400 cur_best_hr10=0.014100 cur_test_mrr20=0.006400 cur_test_hr10=0.017200 run_best_mrr20=0.008400 run_best_hr10=0.014100 run_test_mrr20=0.006400 run_test_hr10=0.017200

[2/10] MAX_ITEM_LIST_LENGTH=16, learning_rate=0.0006299, num_experts=6
  -> MRR@20=0.014100  best=0.014100  (early_stop@41, trial=40s, avg=37s/trial, total=1.2min, ETA=4.9min)
[TRIAL_METRICS] cur_best_mrr20=0.014100 cur_best_hr10=0.026100 cur_test_mrr20=0.010600 cur_test_hr10=0.017200 run_best_mrr20=0.014100 run_best_hr10=0.026100 run_test_mrr20=0.010600 run_test_hr10=0.017200

[3/10] MAX_ITEM_LIST_LENGTH=14, learning_rate=0.0004179, num_experts=3
  -> MRR@20=0.011200  best=0.014100  (early_stop@78, trial=53s, avg=43s/trial, total=2.1min, ETA=5.0min)
[TRIAL_METRICS] cur_best_mrr20=0.011200 cur_best_hr10=0.016100 cur_test_mrr20=0.005400 cur_test_hr10=0.011500 run_best_mrr20=0.014100 run_best_hr10=0.026100 run_test_mrr20=0.010600 run_test_hr10=0.017200

[4/10] MAX_ITEM_LIST_LENGTH=14, learning_rate=0.003336, num_experts=2
  -> MRR@20=0.022000  best=0.022000  (early_stop@37, trial=22s, avg=37s/trial, total=2.5min, ETA=3.7min)
[TRIAL_METRICS] cur_best_mrr20=0.022000 cur_best_hr10=0.040200 cur_test_mrr20=0.012500 cur_test_hr10=0.028700 run_best_mrr20=0.022000 run_best_hr10=0.040200 run_test_mrr20=0.012500 run_test_hr10=0.028700

[5/10] MAX_ITEM_LIST_LENGTH=14, learning_rate=0.0002688, num_experts=2
  -> MRR@20=0.003100  best=0.022000  (early_stop@15, trial=9s, avg=32s/trial, total=2.7min, ETA=2.7min)
[TRIAL_METRICS] cur_best_mrr20=0.003100 cur_best_hr10=0.008000 cur_test_mrr20=0.003800 cur_test_hr10=0.005700 run_best_mrr20=0.022000 run_best_hr10=0.040200 run_test_mrr20=0.012500 run_test_hr10=0.028700

[6/10] MAX_ITEM_LIST_LENGTH=14, learning_rate=0.003481, num_experts=4
  -> MRR@20=0.010900  best=0.022000  (early_stop@28, trial=22s, avg=30s/trial, total=3.0min, ETA=2.0min)
[TRIAL_METRICS] cur_best_mrr20=0.010900 cur_best_hr10=0.024100 cur_test_mrr20=0.007400 cur_test_hr10=0.014300 run_best_mrr20=0.022000 run_best_hr10=0.040200 run_test_mrr20=0.012500 run_test_hr10=0.028700

[7/10] MAX_ITEM_LIST_LENGTH=18, learning_rate=0.0001316, num_experts=3
  -> MRR@20=0.003200  best=0.022000  (early_stop@25, trial=18s, avg=29s/trial, total=3.3min, ETA=1.4min)
[TRIAL_METRICS] cur_best_mrr20=0.003200 cur_best_hr10=0.006000 cur_test_mrr20=0.000200 cur_test_hr10=0.000000 run_best_mrr20=0.022000 run_best_hr10=0.040200 run_test_mrr20=0.012500 run_test_hr10=0.028700

[8/10] MAX_ITEM_LIST_LENGTH=18, learning_rate=0.0001269, num_experts=4
  -> MRR@20=0.000800  best=0.022000  (early_stop@19, trial=15s, avg=27s/trial, total=3.6min, ETA=54s)
[TRIAL_METRICS] cur_best_mrr20=0.000800 cur_best_hr10=0.004000 cur_test_mrr20=0.000400 cur_test_hr10=0.000000 run_best_mrr20=0.022000 run_best_hr10=0.040200 run_test_mrr20=0.012500 run_test_hr10=0.028700

[9/10] MAX_ITEM_LIST_LENGTH=16, learning_rate=0.00061, num_experts=2
  -> MRR@20=0.008800  best=0.022000  (early_stop@60, trial=36s, avg=28s/trial, total=4.2min, ETA=28s)
[TRIAL_METRICS] cur_best_mrr20=0.008800 cur_best_hr10=0.016100 cur_test_mrr20=0.009100 cur_test_hr10=0.014300 run_best_mrr20=0.022000 run_best_hr10=0.040200 run_test_mrr20=0.012500 run_test_hr10=0.028700

[10/10] MAX_ITEM_LIST_LENGTH=18, learning_rate=0.0001256, num_experts=4
  -> MRR@20=0.001500  best=0.022000  (early_stop@38, trial=32s, avg=29s/trial, total=4.8min, ETA=0s)
[TRIAL_METRICS] cur_best_mrr20=0.001500 cur_best_hr10=0.004000 cur_test_mrr20=0.000000 cur_test_hr10=0.000000 run_best_mrr20=0.022000 run_best_hr10=0.040200 run_test_mrr20=0.012500 run_test_hr10=0.028700

=================================================================
  DONE  |  FAME x beauty
  Best MRR@20 = 0.022000  |  10/10 trials OK
  Best HR@10  = 0.040200
  Test MRR@20 = 0.012500  (best-valid checkpoint)
  Test HR@10  = 0.028700  (best-valid checkpoint)
[RUN_METRICS] best_valid_mrr20=0.022000 best_valid_hr10=0.040200 test_mrr20=0.012500 test_hr10=0.028700
  Total time: 4.8 min
  Best params:
    MAX_ITEM_LIST_LENGTH: 14
    learning_rate: 0.00333636
    num_experts: 2
  Results -> /workspace/FeaturedMoE/experiments/run/artifacts/results/baseline_2/beauty_FAME_baseline2_addtune3_2_beauty_fame_k43_20260416_081311_544693_pid1326617.json
  Normal mirror -> /workspace/FeaturedMoE/experiments/run/artifacts/results/baseline_2/normal/pair60_addtuning3_2/BASELINE2/beauty/FAME/beauty_FAME_baseline2_addtune3_2_beauty_fame_k43_20260416_081311_544693_pid1326617.json
  Special result -> /workspace/FeaturedMoE/experiments/run/artifacts/results/baseline_2/special/pair60_addtuning3_2/BASELINE2/beauty/FAME/beauty_FAME_baseline2_addtune3_2_beauty_fame_k43_20260416_081311_544693_pid1326617_special_metrics.json
  Special log -> /workspace/FeaturedMoE/experiments/run/artifacts/logs/baseline_2/special/pair60_addtuning3_2/BASELINE2/beauty/FAME/beauty_FAME_baseline2_addtune3_2_beauty_fame_k43_20260416_081311_544693_pid1326617_special_metrics.json
=================================================================

[RUN_STATUS] END status=normal pid=1326617 start=2026-04-16T08:13:11 end=2026-04-16T08:17:57
