# CMD
/venv/FMoE/bin/python hyperopt_tune.py --config-name tune_ab --space-yaml /workspace/FeaturedMoE/experiments/run/artifacts/logs/baseline_2/PAIR60_ADDTUNING3_2/spaces/beauty_gru4rec_K45.yaml --max-evals 12 --tune-epochs 100 --tune-patience 7 --search-algo tpe --seed 2026042345 --run-group baseline_2 --run-axis pair60_addtuning3_2 --run-phase BASELINE2_ADDTUNE3_2_BEAUTY_GRU4REC_K45 model=gru4rec dataset=beauty eval_mode=session_fixed feature_mode=full_v4 gpu_id=0 log_wandb=false show_progress=false ++seed=2026042345 ++eval_sampling.mode=full ++eval_sampling.auto_full_threshold=999999999 ++special_logging=true ++exclude_unseen_target_from_main_eval=true ++log_unseen_target_metrics=true

/venv/FMoE/lib/python3.10/site-packages/ray/_private/parameter.py:4: UserWarning: pkg_resources is deprecated as an API. See https://setuptools.pypa.io/en/latest/pkg_resources.html. The pkg_resources package is slated for removal as early as 2025-11-30. Refrain from using this package or pin to Setuptools<81.
  import pkg_resources
[RUN_STATUS] START pid=1325925 ts=2026-04-16T08:10:23
[SpaceYAML] loaded: /workspace/FeaturedMoE/experiments/run/artifacts/logs/baseline_2/PAIR60_ADDTUNING3_2/spaces/beauty_gru4rec_K45.yaml (fixed=7, search=3)

=================================================================
  Hyperopt  |  GRU4Rec x beauty
  max_evals=12  epochs=100  patience=7  wandb=off
  search_algo=tpe
  batch_size(train/valid/test)=4096/8192/8192
  track=baseline_2  axis=pair60_addtuning3_2  phase=BASELINE2_ADDTUNE3_2_BEAUTY_GRU4REC_K45
=================================================================
Changed knobs: MAX_ITEM_LIST_LENGTH, learning_rate, num_layers
Tuned params(len>1): 3  (~12 discrete combos)
Tuned groups: 3
  [optimization]
    learning_rate                   [8e-05, 0.003]                            -> loguniform
  [model_core]
    num_layers                      [1, 2, 3, 4]                              -> choice
  [other]
    MAX_ITEM_LIST_LENGTH            [20, 24, 28]                              -> choice
Fixed params(singleton/non-list): 0
Fixed groups: 0
  (none)

[Wandb] disabled for this hyperopt run

[1/12] MAX_ITEM_LIST_LENGTH=28, learning_rate=0.0008604, num_layers=2
  -> MRR@20=0.037900  best=0.037900  (early_stop@49, trial=28s, avg=30s/trial, total=30s, ETA=5.5min)
[TRIAL_METRICS] cur_best_mrr20=0.037900 cur_best_hr10=0.080300 cur_test_mrr20=0.020400 cur_test_hr10=0.043000 run_best_mrr20=0.037900 run_best_hr10=0.080300 run_test_mrr20=0.020400 run_test_hr10=0.043000

[2/12] MAX_ITEM_LIST_LENGTH=28, learning_rate=0.001937, num_layers=3
  -> MRR@20=0.036500  best=0.037900  (early_stop@40, trial=30s, avg=30s/trial, total=1.0min, ETA=5.0min)
[TRIAL_METRICS] cur_best_mrr20=0.036500 cur_best_hr10=0.078300 cur_test_mrr20=0.020800 cur_test_hr10=0.048700 run_best_mrr20=0.037900 run_best_hr10=0.080300 run_test_mrr20=0.020400 run_test_hr10=0.043000

[3/12] MAX_ITEM_LIST_LENGTH=28, learning_rate=0.0008171, num_layers=4
  -> MRR@20=0.018500  best=0.037900  (early_stop@20, trial=19s, avg=26s/trial, total=1.3min, ETA=4.0min)
[TRIAL_METRICS] cur_best_mrr20=0.018500 cur_best_hr10=0.038200 cur_test_mrr20=0.013000 cur_test_hr10=0.025800 run_best_mrr20=0.037900 run_best_hr10=0.080300 run_test_mrr20=0.020400 run_test_hr10=0.043000

[4/12] MAX_ITEM_LIST_LENGTH=24, learning_rate=0.001077, num_layers=4
  -> MRR@20=0.019700  best=0.037900  (early_stop@19, trial=16s, avg=24s/trial, total=1.6min, ETA=3.2min)
[TRIAL_METRICS] cur_best_mrr20=0.019700 cur_best_hr10=0.040200 cur_test_mrr20=0.016100 cur_test_hr10=0.034400 run_best_mrr20=0.037900 run_best_hr10=0.080300 run_test_mrr20=0.020400 run_test_hr10=0.043000

[5/12] MAX_ITEM_LIST_LENGTH=24, learning_rate=0.0001569, num_layers=4
  -> MRR@20=0.001400  best=0.037900  (early_stop@8, trial=6s, avg=20s/trial, total=1.7min, ETA=2.4min)
[TRIAL_METRICS] cur_best_mrr20=0.001400 cur_best_hr10=0.008000 cur_test_mrr20=0.000000 cur_test_hr10=0.000000 run_best_mrr20=0.037900 run_best_hr10=0.080300 run_test_mrr20=0.020400 run_test_hr10=0.043000

[6/12] MAX_ITEM_LIST_LENGTH=20, learning_rate=0.000265, num_layers=1
  -> MRR@20=0.008500  best=0.037900  (early_stop@24, trial=7s, avg=18s/trial, total=1.8min, ETA=1.8min)
[TRIAL_METRICS] cur_best_mrr20=0.008500 cur_best_hr10=0.012000 cur_test_mrr20=0.010000 cur_test_hr10=0.028700 run_best_mrr20=0.037900 run_best_hr10=0.080300 run_test_mrr20=0.020400 run_test_hr10=0.043000

[7/12] MAX_ITEM_LIST_LENGTH=28, learning_rate=0.002008, num_layers=3
  -> MRR@20=0.035500  best=0.037900  (early_stop@33, trial=24s, avg=19s/trial, total=2.2min, ETA=1.6min)
[TRIAL_METRICS] cur_best_mrr20=0.035500 cur_best_hr10=0.070300 cur_test_mrr20=0.018500 cur_test_hr10=0.045800 run_best_mrr20=0.037900 run_best_hr10=0.080300 run_test_mrr20=0.020400 run_test_hr10=0.043000

[8/12] MAX_ITEM_LIST_LENGTH=28, learning_rate=0.0004872, num_layers=1
  -> MRR@20=0.006900  best=0.037900  (early_stop@18, trial=7s, avg=18s/trial, total=2.4min, ETA=1.2min)
[TRIAL_METRICS] cur_best_mrr20=0.006900 cur_best_hr10=0.012000 cur_test_mrr20=0.010300 cur_test_hr10=0.017200 run_best_mrr20=0.037900 run_best_hr10=0.080300 run_test_mrr20=0.020400 run_test_hr10=0.043000

[9/12] MAX_ITEM_LIST_LENGTH=28, learning_rate=0.0004446, num_layers=1
  -> MRR@20=0.006100  best=0.037900  (early_stop@18, trial=6s, avg=16s/trial, total=2.5min, ETA=49s)
[TRIAL_METRICS] cur_best_mrr20=0.006100 cur_best_hr10=0.008000 cur_test_mrr20=0.012100 cur_test_hr10=0.025800 run_best_mrr20=0.037900 run_best_hr10=0.080300 run_test_mrr20=0.020400 run_test_hr10=0.043000

[10/12] MAX_ITEM_LIST_LENGTH=20, learning_rate=0.001087, num_layers=4
  -> MRR@20=0.018900  best=0.037900  (early_stop@19, trial=13s, avg=16s/trial, total=2.7min, ETA=32s)
[TRIAL_METRICS] cur_best_mrr20=0.018900 cur_best_hr10=0.042200 cur_test_mrr20=0.019200 cur_test_hr10=0.037200 run_best_mrr20=0.037900 run_best_hr10=0.080300 run_test_mrr20=0.020400 run_test_hr10=0.043000

[11/12] MAX_ITEM_LIST_LENGTH=20, learning_rate=0.0002086, num_layers=1
  -> MRR@20=0.008000  best=0.037900  (early_stop@27, trial=9s, avg=16s/trial, total=2.9min, ETA=16s)
[TRIAL_METRICS] cur_best_mrr20=0.008000 cur_best_hr10=0.012000 cur_test_mrr20=0.011800 cur_test_hr10=0.025800 run_best_mrr20=0.037900 run_best_hr10=0.080300 run_test_mrr20=0.020400 run_test_hr10=0.043000

[12/12] MAX_ITEM_LIST_LENGTH=20, learning_rate=0.002079, num_layers=1
  -> MRR@20=0.004000  best=0.037900  (early_stop@9, trial=3s, avg=15s/trial, total=2.9min, ETA=0s)
[TRIAL_METRICS] cur_best_mrr20=0.004000 cur_best_hr10=0.012000 cur_test_mrr20=0.004900 cur_test_hr10=0.020100 run_best_mrr20=0.037900 run_best_hr10=0.080300 run_test_mrr20=0.020400 run_test_hr10=0.043000

=================================================================
  DONE  |  GRU4Rec x beauty
  Best MRR@20 = 0.037900  |  12/12 trials OK
  Best HR@10  = 0.080300
  Test MRR@20 = 0.020400  (best-valid checkpoint)
  Test HR@10  = 0.043000  (best-valid checkpoint)
[RUN_METRICS] best_valid_mrr20=0.037900 best_valid_hr10=0.080300 test_mrr20=0.020400 test_hr10=0.043000
  Total time: 2.9 min
  Best params:
    MAX_ITEM_LIST_LENGTH: 28
    learning_rate: 0.000860366
    num_layers: 2
  Results -> /workspace/FeaturedMoE/experiments/run/artifacts/results/baseline_2/beauty_GRU4Rec_baseline2_addtune3_2_beauty_gru4rec_k45_20260416_081023_769145_pid1325925.json
  Normal mirror -> /workspace/FeaturedMoE/experiments/run/artifacts/results/baseline_2/normal/pair60_addtuning3_2/BASELINE2/beauty/GRU4Rec/beauty_GRU4Rec_baseline2_addtune3_2_beauty_gru4rec_k45_20260416_081023_769145_pid1325925.json
  Special result -> /workspace/FeaturedMoE/experiments/run/artifacts/results/baseline_2/special/pair60_addtuning3_2/BASELINE2/beauty/GRU4Rec/beauty_GRU4Rec_baseline2_addtune3_2_beauty_gru4rec_k45_20260416_081023_769145_pid1325925_special_metrics.json
  Special log -> /workspace/FeaturedMoE/experiments/run/artifacts/logs/baseline_2/special/pair60_addtuning3_2/BASELINE2/beauty/GRU4Rec/beauty_GRU4Rec_baseline2_addtune3_2_beauty_gru4rec_k45_20260416_081023_769145_pid1325925_special_metrics.json
=================================================================

[RUN_STATUS] END status=normal pid=1325925 start=2026-04-16T08:10:23 end=2026-04-16T08:13:18
