[FINAL_ALL_DATASETS_SETTING_HEADER]
run_phase=P14_FAD_LASTFM0_03_H1_S1 exp_brief=FINAL_MAIN_ATTN_MICRO_BEFORE phase_id=P14 axis_id=FAD setting_id=FINAL_MAIN_H1_S1 hparam_id=H1 seed=1
desc=FINAL_MAIN_ATTN_MICRO_BEFORE_H1_S1
dataset=lastfm0.03 gpu=0 order=1
max_evals=20 tune_epochs=100 tune_patience=10
seed=91000

[COMMAND]
- /venv/FMoE/bin/python hyperopt_tune.py --config-name config --max-evals 20 --tune-epochs 100 --tune-patience 10 --seed 91000 --run-group fmoe_n3 --run-axis Final_all_datasets --run-phase P14_FAD_LASTFM0_03_H1_S1 model=featured_moe_n3_tune dataset=lastfm0.03 eval_mode=session_fixed feature_mode=full_v3 gpu_id=0 log_wandb=false enable_tf32=true fmoe_debug_logging=false fmoe_diag_logging=true fmoe_special_logging=true fmoe_feature_ablation_logging=false fmoe_eval_logging_timing=final_only ++fmoe_logging_output_root="run/artifacts/logging" ++fmoe_phase="P14" MAX_ITEM_LIST_LENGTH=20 train_batch_size=4096 eval_batch_size=4096 embedding_size=128 num_heads=4 attn_dropout_prob=0.1 d_ff=256 d_feat_emb=16 d_expert_hidden=128 d_router_hidden=64 expert_scale=3 ++search.learning_rate=[0.00015,0.008] ++search.weight_decay=[1e-06] ++search.hidden_dropout_prob=[0.15] ++search.lr_scheduler_type=["warmup_cosine"] ++search_space_type_overrides.learning_rate=loguniform ++search_space_type_overrides.weight_decay=choice ++search_space_type_overrides.hidden_dropout_prob=choice ++search_space_type_overrides.lr_scheduler_type=choice ++phase_run_type="final" ++phase_axis_id="FAD" ++phase_axis_desc="final_all_datasets" ++phase_setting_id="FINAL_MAIN_H1_S1" ++phase_setting_key="FINAL_MAIN_ATTN_MICRO_BEFORE" ++phase_hparam_id="H1" ++phase_seed_id=1 ++phase_run_id="FAD_LASTFM0_03_H1_S1" ++layer_layout=["attn","macro_ffn","mid_ffn","attn","micro_ffn"] ++stage_compute_mode={macro:"moe",mid:"moe",micro:"moe"} ++stage_router_mode={macro:"learned",mid:"learned",micro:"learned"} ++stage_router_source={macro:"both",mid:"both",micro:"both"} ++stage_feature_injection={macro:"none",mid:"none",micro:"none"} ++topk_scope_mode="global_flat" ++moe_top_k=0 ++balance_loss_lambda=0.0 ++z_loss_lambda=0.0001 ++gate_entropy_lambda=0.0 ++route_smoothness_lambda=0.0 ++route_consistency_lambda=0.0 ++route_sharpness_lambda=0.0 ++route_monopoly_lambda=0.0 ++route_monopoly_tau=0.25 ++route_prior_lambda=0.0 ++group_prior_align_lambda=0.0 ++factored_group_balance_lambda=0.0 ++rule_agreement_lambda=0.0 ++group_coverage_lambda=0.0 ++feature_group_bias_lambda=0.05 ++rule_bias_scale=0.1 ++primitive_balance_lambda=0.0 ++wrapper_group_feature_align_lambda=0.0 ++stage_router_primitives={macro:{a_joint:{source:"feature",temperature:1.0,top_k:0},b_group:{source:"feature",temperature:1.0,top_k:0},c_shared:{source:"feature",temperature:1.0,top_k:0},d_cond:{source:"feature",temperature:1.0,top_k:0},e_scalar:{source:"feature",temperature:1.0,top_k:0},wrapper:{alpha_d:1.0,alpha_struct:1.0,alpha_a:1.0}},mid:{a_joint:{source:"feature",temperature:1.0,top_k:0},b_group:{source:"feature",temperature:1.0,top_k:0},c_shared:{source:"feature",temperature:1.0,top_k:0},d_cond:{source:"feature",temperature:1.0,top_k:0},e_scalar:{source:"feature",temperature:1.0,top_k:0},wrapper:{alpha_d:1.0,alpha_struct:1.0,alpha_a:1.0}},micro:{a_joint:{source:"feature",temperature:1.0,top_k:0},b_group:{source:"feature",temperature:1.0,top_k:0},c_shared:{source:"feature",temperature:1.0,top_k:0},d_cond:{source:"feature",temperature:1.0,top_k:0},e_scalar:{source:"feature",temperature:1.0,top_k:0},wrapper:{alpha_d:1.0,alpha_struct:1.0,alpha_a:1.0}}} ++stage_router_wrapper={macro:"w4_bxd",mid:"w6_bxd_plus_a",micro:"w1_flat"} ++macro_history_window=5 ++stage_router_granularity={macro:"session",mid:"session",micro:"token"} ++stage_family_dropout_prob={macro:0.1,mid:0.1,micro:0.1} ++stage_feature_dropout_prob={macro:0.0,mid:0.0,micro:0.0} ++stage_feature_dropout_scope={macro:"token",mid:"token",micro:"token"}
/venv/FMoE/lib/python3.10/site-packages/ray/_private/parameter.py:4: UserWarning: pkg_resources is deprecated as an API. See https://setuptools.pypa.io/en/latest/pkg_resources.html. The pkg_resources package is slated for removal as early as 2025-11-30. Refrain from using this package or pin to Setuptools<81.
  import pkg_resources
[RUN_STATUS] START pid=213121 ts=2026-03-26T20:14:17

=================================================================
  Hyperopt TPE  |  FeaturedMoE_N3 x lastfm0.03
  max_evals=20  epochs=100  patience=10  wandb=off
  batch_size(train/valid/test)=4096/4096/4096
  track=fmoe_n3  axis=final_all_datasets  phase=P14_FAD_LASTFM0_03_H1_S1
=================================================================
Changed knobs: learning_rate
Tuned params(len>1): 1  (~1 discrete combos)
Tuned groups: 1
  [optimization]
    learning_rate                   [0.00015, 0.008]                          -> loguniform
Fixed params(singleton/non-list): 3
Fixed groups: 3
  [optimization]
    hidden_dropout_prob             0.15                                    
    weight_decay                    1e-06                                   
  [other]
    lr_scheduler_type               warmup_cosine                           

[Wandb] disabled for this hyperopt run

[1/20] learning_rate=0.004272
  -> MRR@20=0.247300  best=0.247300  (early_stop@17, trial=5.3min, avg=6.1min/trial, total=6.1min, ETA=1.92h)
[TRIAL_METRICS] cur_best_mrr20=0.247300 cur_best_hr10=0.297100 cur_test_mrr20=0.211600 cur_test_hr10=0.263000 run_best_mrr20=0.247300 run_best_hr10=0.297100 run_test_mrr20=0.211600 run_test_hr10=0.263000

[2/20] learning_rate=0.006377
  -> MRR@20=0.246400  best=0.247300  (early_stop@17, trial=5.3min, avg=5.7min/trial, total=11.3min, ETA=1.70h)
[TRIAL_METRICS] cur_best_mrr20=0.246400 cur_best_hr10=0.295000 cur_test_mrr20=0.211000 cur_test_hr10=0.267500 run_best_mrr20=0.247300 run_best_hr10=0.297100 run_test_mrr20=0.211600 run_test_hr10=0.263000

[3/20] learning_rate=0.0003582
  -> MRR@20=0.256800  best=0.256800  (early_stop@73, trial=22.8min, avg=11.4min/trial, total=34.2min, ETA=3.23h)
[TRIAL_METRICS] cur_best_mrr20=0.256800 cur_best_hr10=0.310900 cur_test_mrr20=0.223400 cur_test_hr10=0.278400 run_best_mrr20=0.256800 run_best_hr10=0.310900 run_test_mrr20=0.223400 run_test_hr10=0.278400

[4/20] learning_rate=0.0008025
  -> MRR@20=0.255400  best=0.256800  (early_stop@33, trial=10.5min, avg=11.2min/trial, total=44.6min, ETA=2.98h)
[TRIAL_METRICS] cur_best_mrr20=0.255400 cur_best_hr10=0.308000 cur_test_mrr20=0.222800 cur_test_hr10=0.278400 run_best_mrr20=0.256800 run_best_hr10=0.310900 run_test_mrr20=0.223400 run_test_hr10=0.278400

[5/20] learning_rate=0.0002429
  -> MRR@20=0.250200  best=0.256800  (full@100, trial=31.8min, avg=15.3min/trial, total=1.27h, ETA=3.82h)
[TRIAL_METRICS] cur_best_mrr20=0.250200 cur_best_hr10=0.316500 cur_test_mrr20=0.221800 cur_test_hr10=0.281300 run_best_mrr20=0.256800 run_best_hr10=0.310900 run_test_mrr20=0.223400 run_test_hr10=0.278400

[6/20] learning_rate=0.000271
  -> MRR@20=0.253100  best=0.256800  (full@100, trial=31.6min, avg=18.0min/trial, total=1.80h, ETA=4.20h)
[TRIAL_METRICS] cur_best_mrr20=0.253100 cur_best_hr10=0.314100 cur_test_mrr20=0.222300 cur_test_hr10=0.279500 run_best_mrr20=0.256800 run_best_hr10=0.310900 run_test_mrr20=0.223400 run_test_hr10=0.278400

[7/20] learning_rate=0.003529
  -> MRR@20=0.248000  best=0.256800  (early_stop@16, trial=5.0min, avg=16.1min/trial, total=1.88h, ETA=3.50h)
[TRIAL_METRICS] cur_best_mrr20=0.248000 cur_best_hr10=0.304500 cur_test_mrr20=0.214500 cur_test_hr10=0.274400 run_best_mrr20=0.256800 run_best_hr10=0.310900 run_test_mrr20=0.223400 run_test_hr10=0.278400

[8/20] learning_rate=0.003368
  -> MRR@20=0.248700  best=0.256800  (early_stop@17, trial=5.2min, avg=14.8min/trial, total=1.97h, ETA=2.96h)
[TRIAL_METRICS] cur_best_mrr20=0.248700 cur_best_hr10=0.304300 cur_test_mrr20=0.214500 cur_test_hr10=0.268600 run_best_mrr20=0.256800 run_best_hr10=0.310900 run_test_mrr20=0.223400 run_test_hr10=0.278400

[9/20] learning_rate=0.006078
  -> MRR@20=0.245400  best=0.256800  (early_stop@17, trial=5.3min, avg=13.7min/trial, total=2.06h, ETA=2.52h)
[TRIAL_METRICS] cur_best_mrr20=0.245400 cur_best_hr10=0.295200 cur_test_mrr20=0.211100 cur_test_hr10=0.265700 run_best_mrr20=0.256800 run_best_hr10=0.310900 run_test_mrr20=0.223400 run_test_hr10=0.278400

[10/20] learning_rate=0.006652
  -> MRR@20=0.244200  best=0.256800  (early_stop@16, trial=5.0min, avg=12.9min/trial, total=2.14h, ETA=2.14h)
[TRIAL_METRICS] cur_best_mrr20=0.244200 cur_best_hr10=0.294200 cur_test_mrr20=0.210100 cur_test_hr10=0.264900 run_best_mrr20=0.256800 run_best_hr10=0.310900 run_test_mrr20=0.223400 run_test_hr10=0.278400

[11/20] learning_rate=0.002902
  -> MRR@20=0.250600  best=0.256800  (early_stop@19, trial=5.8min, avg=12.2min/trial, total=2.24h, ETA=1.83h)
[TRIAL_METRICS] cur_best_mrr20=0.250600 cur_best_hr10=0.299200 cur_test_mrr20=0.213600 cur_test_hr10=0.267500 run_best_mrr20=0.256800 run_best_hr10=0.310900 run_test_mrr20=0.223400 run_test_hr10=0.278400

[12/20] learning_rate=0.0002416
  -> MRR@20=0.250000  best=0.256800  (full@100, trial=30.7min, avg=13.8min/trial, total=2.75h, ETA=1.83h)
[TRIAL_METRICS] cur_best_mrr20=0.250000 cur_best_hr10=0.316500 cur_test_mrr20=0.221600 cur_test_hr10=0.281600 run_best_mrr20=0.256800 run_best_hr10=0.310900 run_test_mrr20=0.223400 run_test_hr10=0.278400

[13/20] learning_rate=0.002055
  -> MRR@20=0.251800  best=0.256800  (early_stop@21, trial=6.4min, avg=13.2min/trial, total=2.86h, ETA=1.54h)
[TRIAL_METRICS] cur_best_mrr20=0.251800 cur_best_hr10=0.304500 cur_test_mrr20=0.219400 cur_test_hr10=0.272600 run_best_mrr20=0.256800 run_best_hr10=0.310900 run_test_mrr20=0.223400 run_test_hr10=0.278400

[14/20] learning_rate=0.003393
  -> MRR@20=0.248700  best=0.256800  (early_stop@17, trial=5.3min, avg=12.6min/trial, total=2.95h, ETA=1.26h)
[TRIAL_METRICS] cur_best_mrr20=0.248700 cur_best_hr10=0.303500 cur_test_mrr20=0.214600 cur_test_hr10=0.268900 run_best_mrr20=0.256800 run_best_hr10=0.310900 run_test_mrr20=0.223400 run_test_hr10=0.278400

[15/20] learning_rate=0.0009094
  -> MRR@20=0.255400  best=0.256800  (early_stop@31, trial=9.4min, avg=12.4min/trial, total=3.10h, ETA=1.03h)
[TRIAL_METRICS] cur_best_mrr20=0.255400 cur_best_hr10=0.309600 cur_test_mrr20=0.221100 cur_test_hr10=0.277900 run_best_mrr20=0.256800 run_best_hr10=0.310900 run_test_mrr20=0.223400 run_test_hr10=0.278400

[16/20] learning_rate=0.0002022
  -> MRR@20=0.242700  best=0.256800  (full@100, trial=30.9min, avg=13.6min/trial, total=3.62h, ETA=54.3min)
[TRIAL_METRICS] cur_best_mrr20=0.242700 cur_best_hr10=0.321000 cur_test_mrr20=0.215800 cur_test_hr10=0.281900 run_best_mrr20=0.256800 run_best_hr10=0.310900 run_test_mrr20=0.223400 run_test_hr10=0.278400

[17/20] learning_rate=0.001944
  -> MRR@20=0.253000  best=0.256800  (early_stop@21, trial=6.4min, avg=13.2min/trial, total=3.73h, ETA=39.5min)
[TRIAL_METRICS] cur_best_mrr20=0.253000 cur_best_hr10=0.305100 cur_test_mrr20=0.220400 cur_test_hr10=0.272800 run_best_mrr20=0.256800 run_best_hr10=0.310900 run_test_mrr20=0.223400 run_test_hr10=0.278400

[18/20] learning_rate=0.002485
  -> MRR@20=0.250700  best=0.256800  (early_stop@21, trial=6.5min, avg=12.8min/trial, total=3.83h, ETA=25.6min)
[TRIAL_METRICS] cur_best_mrr20=0.250700 cur_best_hr10=0.301400 cur_test_mrr20=0.214400 cur_test_hr10=0.266500 run_best_mrr20=0.256800 run_best_hr10=0.310900 run_test_mrr20=0.223400 run_test_hr10=0.278400

[19/20] learning_rate=0.0009371
  -> MRR@20=0.255400  best=0.256800  (early_stop@29, trial=8.8min, avg=12.6min/trial, total=3.98h, ETA=12.6min)
[TRIAL_METRICS] cur_best_mrr20=0.255400 cur_best_hr10=0.309900 cur_test_mrr20=0.222300 cur_test_hr10=0.279800 run_best_mrr20=0.256800 run_best_hr10=0.310900 run_test_mrr20=0.223400 run_test_hr10=0.278400

[20/20] learning_rate=0.001061
  -> MRR@20=0.254700  best=0.256800  (early_stop@29, trial=9.2min, avg=12.4min/trial, total=4.13h, ETA=0s)
[TRIAL_METRICS] cur_best_mrr20=0.254700 cur_best_hr10=0.307700 cur_test_mrr20=0.220700 cur_test_hr10=0.277100 run_best_mrr20=0.256800 run_best_hr10=0.310900 run_test_mrr20=0.223400 run_test_hr10=0.278400
[1;35mEvaluate   [0m:   0%|                                                            | 0/1 [00:00<?, ?it/s][0m[1;35mEvaluate   [0m:   0%|                                  | 0/1 [00:01<?, ?it/s, [1;33mGPU RAM: 11.19 G/23.56 G[0m][0m[1;35mEvaluate   [0m: 100%|██████████████████████████| 1/1 [00:01<00:00,  1.63s/it, [1;33mGPU RAM: 11.19 G/23.56 G[0m][0m                                                                                                    [1;35mEvaluate   [0m:   0%|                                                            | 0/1 [00:00<?, ?it/s][0m[1;35mEvaluate   [0m:   0%|                                  | 0/1 [00:01<?, ?it/s, [1;33mGPU RAM: 11.19 G/23.56 G[0m][0m[1;35mEvaluate   [0m: 100%|██████████████████████████| 1/1 [00:01<00:00,  1.62s/it, [1;33mGPU RAM: 11.19 G/23.56 G[0m][0m                                                                                                    [1;35mEvaluate   [0m:   0%|                                                            | 0/1 [00:00<?, ?it/s][0m[1;35mEvaluate   [0m:   0%|                                  | 0/1 [00:01<?, ?it/s, [1;33mGPU RAM: 11.19 G/23.56 G[0m][0m[1;35mEvaluate   [0m: 100%|██████████████████████████| 1/1 [00:01<00:00,  1.50s/it, [1;33mGPU RAM: 11.19 G/23.56 G[0m][0m                                                                                                    
=================================================================
  DONE  |  FeaturedMoE_N3 x lastfm0.03
  Best MRR@20 = 0.256800  |  20/20 trials OK
  Best HR@10  = 0.310900
  Test MRR@20 = 0.223400  (best-valid checkpoint)
  Test HR@10  = 0.278400  (best-valid checkpoint)
[RUN_METRICS] best_valid_mrr20=0.256800 best_valid_hr10=0.310900 test_mrr20=0.223400 test_hr10=0.278400
  Total time: 248.2 min
  Best params:
    learning_rate: 0.000358176
  Results -> /workspace/jy1559/FMoE/experiments/run/artifacts/results/fmoe_n3/lastfm0.03_FeaturedMoE_N3_p14_fad_lastfm0_03_h1_s1_20260326_201418_094567_pid213121.json
  Normal mirror -> /workspace/jy1559/FMoE/experiments/run/artifacts/results/fmoe_n3/normal/final_all_datasets/P14/lastfm0.03/FMoEN3/lastfm0.03_FeaturedMoE_N3_p14_fad_lastfm0_03_h1_s1_20260326_201418_094567_pid213121.json
  Special result -> /workspace/jy1559/FMoE/experiments/run/artifacts/results/fmoe_n3/special/final_all_datasets/P14/lastfm0.03/FMoEN3/lastfm0.03_FeaturedMoE_N3_p14_fad_lastfm0_03_h1_s1_20260326_201418_094567_pid213121_special_metrics.json
  Special log -> /workspace/jy1559/FMoE/experiments/run/artifacts/logs/fmoe_n3/special/final_all_datasets/P14/lastfm0.03/FMoEN3/lastfm0.03_FeaturedMoE_N3_p14_fad_lastfm0_03_h1_s1_20260326_201418_094567_pid213121_special_metrics.json
=================================================================

[RUN_STATUS] END status=normal pid=213121 start=2026-03-26T20:14:17 end=2026-03-27T00:22:29
