[RUN_STATUS] START pid=149920 ts=2026-03-11T16:01:49

=================================================================
  Hyperopt TPE  |  FENRec x lastfm0.03
  max_evals=1  epochs=1  patience=1  wandb=off
  batch_size(train/valid/test)=2048/4096/4096
  track=baseline  axis=hparam  phase=P0_SMOKE_A_pair03_C1
=================================================================
Changed knobs: dropout_ratio, learning_rate, weight_decay
Tuned params(len>1): 3  (~28 discrete combos)
Tuned groups: 3
  [optimization]
    learning_rate                   [5e-05, 0.003]                            -> loguniform
    weight_decay                    [0.0, 1e-07, 1e-06, 1e-05, 5e-05, 0.0001, 0.0005]  -> choice
  [model_core]
    dropout_ratio                   [0.0, 0.05, 0.1, 0.15]                    -> choice
Fixed params(singleton/non-list): 3
Fixed groups: 3
  [model_core]
    num_layers                      2                                       
  [other]
    cl_temperature                  0.2                                     
    cl_weight                       0.1                                     

[Wandb] disabled for this hyperopt run

[1/1] dropout_ratio=0.15, learning_rate=0.0006333, weight_decay=0
    [Device] CUDA_VISIBLE_DEVICES=1 | torch_device=cuda:0 (NVIDIA RTX A5000)
    [DataCache] save_dataset=True save_dataloaders=False | checkpoint_dir=saved/recbole_cache/lastfm0.03_basic_session_len10 | dataloaders_save_path=saved/recbole_cache/lastfm0.03_basic_session_len10/lastfm0.03-for-dataloader.pth
    [DataPrep] cache_hit=disk_or_build, create_dataset=0.12s, data_preparation=0.16s, n_items=52511
  -> MRR@20=0.0001  best=0.0001  (full@1, trial=15s, avg=17s/trial, total=17s, ETA=0s)

=================================================================
  DONE  |  FENRec x lastfm0.03
  Best MRR@20 = 0.0001  |  1/1 trials OK
  Total time: 0.3 min
  Best params:
    dropout_ratio: 0.15
    learning_rate: 0.000633338
    weight_decay: 0
  Results -> /workspace/jy1559/FMoE/experiments/run/artifacts/results/baseline/lastfm0.03_FENRec_p0_smoke_a_pair03_c1_20260311_160149_728921_pid149920.json
=================================================================

[RUN_STATUS] END status=normal pid=149920 start=2026-03-11T16:01:49 end=2026-03-11T16:02:06
