[AI502_GROUP1_BEST_ROW] {"backend_transfer_mode": "full_model", "baseline_native_checkpoint": "/workspace/FeaturedMoE/experiments/run/AI502_transfer/artifacts_group1_best/checkpoints/native/beauty/beauty/beauty_h13_final/seed_1/best.pth", "checkpoint_export": "/workspace/FeaturedMoE/experiments/run/AI502_transfer/artifacts_group1_best/checkpoints/transfer/retail_rocket_to_beauty/beauty_h13_final/seed_1/full_model_init/std/best.pth", "dataset": "beauty", "job_key": "transfer/retail_rocket_to_beauty/beauty_h13_final/seed_1/full_model_init/std", "log_path": "/workspace/FeaturedMoE/experiments/run/AI502_transfer/artifacts_group1_best/logs/transfer/ai502_g1_t_retail_rocket_to_beauty_beauty_h13_final_full_model_init_std_s1.log", "lr_values": [0.000964234], "pair_id": "retail_rocket_to_beauty", "phase": "transfer", "policy": "std", "run_phase": "AI502_G1_T_retail_rocket_to_beauty_beauty_h13_final_full_model_init_std_s1", "seed": 1, "setting_id": "beauty_h13_final", "source_checkpoint": "/workspace/FeaturedMoE/experiments/run/AI502_transfer/artifacts_group1_best/checkpoints/native/retail_rocket/beauty/beauty_h13_final/seed_1/best.pth", "source_dataset": "retail_rocket", "target_dataset": "beauty", "transfer_mode": "full_model_init"}
[GPU] 2
[COMMAND] /venv/FMoE/bin/python /workspace/FeaturedMoE/experiments/hyperopt_tune.py --config-name config --max-evals 1 --tune-epochs 100 --tune-patience 10 --search-algo random --seed 1 --run-group ai502_transfer_group1_best --run-axis group1_best_hparam_transfer --run-phase AI502_G1_T_retail_rocket_to_beauty_beauty_h13_final_full_model_init_std_s1 'model="featured_moe_n3_tune"' 'feature_mode="full_v4"' 'eval_mode="session_fixed"' '++fmoe_architecture_id="A12"' '++fmoe_architecture_key="A12_ATTN_MICRO_BEFORE_NO_BIAS_ALL_W5"' ++train_neg_sample_args=null '++metrics=["Recall","MRR","NDCG","Hit","Precision"]' '++topk=[10,20]' '++valid_metric="MRR@20"' '++eval_args={split:{LS:"valid_and_test"},order:"TO",group_by:"user",mode:"full"}' '++eval_sampling={mode:"full",auto_full_threshold:999999999}' ++exclude_unseen_target_from_main_eval=true ++log_unseen_target_metrics=true '++layer_layout=["attn","macro_ffn","mid_ffn","attn","micro_ffn"]' '++stage_compute_mode={macro:"moe",mid:"moe",micro:"moe"}' '++stage_router_mode={macro:"learned",mid:"learned",micro:"learned"}' '++stage_router_wrapper={macro:"w5_exd",mid:"w5_exd",micro:"w5_exd"}' '++stage_router_primitives={macro:{a_joint:{source:"feature",temperature:1.0,top_k:0},b_group:{source:"feature",temperature:1.0,top_k:0},c_shared:{source:"feature",temperature:1.0,top_k:0},d_cond:{source:"feature",temperature:1.0,top_k:0},e_scalar:{source:"feature",temperature:1.0,top_k:0},wrapper:{alpha_d:1.0,alpha_struct:1.0,alpha_a:1.0}},mid:{a_joint:{source:"feature",temperature:1.0,top_k:0},b_group:{source:"feature",temperature:1.0,top_k:0},c_shared:{source:"feature",temperature:1.0,top_k:0},d_cond:{source:"feature",temperature:1.0,top_k:0},e_scalar:{source:"feature",temperature:1.0,top_k:0},wrapper:{alpha_d:1.0,alpha_struct:1.0,alpha_a:1.0}},micro:{a_joint:{source:"feature",temperature:1.0,top_k:0},b_group:{source:"feature",temperature:1.0,top_k:0},c_shared:{source:"feature",temperature:1.0,top_k:0},d_cond:{source:"feature",temperature:1.0,top_k:0},e_scalar:{source:"feature",temperature:1.0,top_k:0},wrapper:{alpha_d:1.0,alpha_struct:1.0,alpha_a:1.0}}}' '++stage_router_source={macro:"both",mid:"both",micro:"both"}' '++stage_router_granularity={macro:"session",mid:"session",micro:"token"}' '++stage_feature_injection={macro:"none",mid:"none",micro:"none"}' '++stage_feature_dropout_scope={macro:"token",mid:"token",micro:"token"}' '++topk_scope_mode="global_flat"' ++moe_top_k=0 ++balance_loss_lambda=0.0 ++gate_entropy_lambda=0.0 ++route_smoothness_lambda=0.0 ++route_sharpness_lambda=0.0 ++route_monopoly_lambda=0.0 ++route_prior_lambda=0.0 ++group_prior_align_lambda=0.0 ++factored_group_balance_lambda=0.0 ++rule_agreement_lambda=0.0 ++group_coverage_lambda=0.0 ++feature_group_bias_lambda=0.0 ++rule_bias_scale=0.0 '++bias_mode="none"' ++macro_history_window=5 ++route_consistency_pairs=1 ++route_consistency_min_sim=0.995 ++epochs=100 ++stopping_step=10 ++eval_step=1 '++search_algo="random"' ++fmoe_special_logging=true ++fmoe_diag_logging=true '++fmoe_eval_logging_timing="final_only"' '++fmoe_artifact_logging_policy="combo_best"' ++show_progress=false ++log_wandb=false ++embedding_size=176 ++hidden_size=176 ++d_ff=352 ++d_expert_hidden=176 ++d_router_hidden=88 ++d_feat_emb=16 ++MAX_ITEM_LIST_LENGTH=20 ++num_heads=4 ++expert_scale=3 ++hidden_dropout_prob=0.1 ++attn_dropout_prob=0.1 ++weight_decay=1e-06 ++learning_rate=0.000964234 '++lr_scheduler_type="warmup_cosine"' ++route_consistency_lambda=0.0008 ++z_loss_lambda=0.0002 '++stage_family_dropout_prob={macro:0.1,mid:0.1,micro:0.1}' '++stage_feature_dropout_prob={macro:0.0,mid:0.0,micro:0.0}' 'dataset="beauty"' gpu_id=2 ++seed=1 '++data_path="/workspace/RouteRec/Datasets/processed/feature_added_v4"' '++run_group="ai502_transfer_group1_best"' '++run_axis="group1_best_hparam_transfer"' '++run_phase="AI502_G1_T_retail_rocket_to_beauty_beauty_h13_final_full_model_init_std_s1"' '++fmoe_logging_output_root="/workspace/FeaturedMoE/experiments/run/AI502_transfer/artifacts_group1_best/logging"' '++__artifact_combo_best_export_path="/workspace/FeaturedMoE/experiments/run/AI502_transfer/artifacts_group1_best/checkpoints/transfer/retail_rocket_to_beauty/beauty_h13_final/seed_1/full_model_init/std/best.pth"' '++baseline_native_checkpoint="/workspace/FeaturedMoE/experiments/run/AI502_transfer/artifacts_group1_best/checkpoints/native/beauty/beauty/beauty_h13_final/seed_1/best.pth"' '++search_space_type_overrides={learning_rate:"choice"}' '++search={learning_rate:[0.000964234]}' '++transfer={enable:true,mode:"full_model",source_checkpoint:"/workspace/FeaturedMoE/experiments/run/AI502_transfer/artifacts_group1_best/checkpoints/native/retail_rocket/beauty/beauty_h13_final/seed_1/best.pth",source_architecture:"A12",strict_shape:false,freeze_loaded:false,allow_empty:false,allow_router_fallback:false,loaded_lr_scale:1.0}'

/workspace/FeaturedMoE/experiments/recbole_patch.py:98: FutureWarning: In the future `np.object` will be defined as the corresponding NumPy scalar.
  if not hasattr(np, _k):
/workspace/FeaturedMoE/experiments/recbole_patch.py:98: FutureWarning: In the future `np.str` will be defined as the corresponding NumPy scalar.
  if not hasattr(np, _k):
[RUN_STATUS] START pid=592692 ts=2026-05-07T05:25:26

=================================================================
  Hyperopt  |  FeaturedMoE_N3 x beauty
  max_evals=1  epochs=100  patience=10  wandb=off
  search_algo=random
  batch_size(train/valid/test)=2048/2048/2048
  track=ai502_transfer_group1_best  axis=group1_best_hparam_transfer  phase=AI502_G1_T_retail_rocket_to_beauty_beauty_h13_final_full_model_init_std_s1
=================================================================
Changed knobs: (none; single-run mode)
Tuned params(len>1): 0  (~1 discrete combos)
Tuned groups: 0
  (none)
Fixed params(singleton/non-list): 1
Fixed groups: 1
  [optimization]
    learning_rate                   0.000964234                             

[Wandb] disabled for this hyperopt run

[1/1] (fixed-only run)
[transfer-init] mode=full_model source_architecture=A12 loaded=294 skipped_shape=1 skipped_missing=0 skipped_excluded=0 frozen=0 source=/workspace/FeaturedMoE/experiments/run/AI502_transfer/artifacts_group1_best/checkpoints/native/retail_rocket/beauty/beauty_h13_final/seed_1/best.pth
[transfer-train] loaded_checked=294 changed_after_train=269 max_abs_delta=0.145323
  -> MRR@20=0.082500  best=0.082500  (early_stop@23, trial=53s, avg=57s/trial, total=57s, ETA=0s)
[TRIAL_METRICS] cur_best_mrr20=0.082500 cur_best_hr10=0.160600 cur_test_mrr20=0.051600 cur_test_hr10=0.131800 avg_epoch_time_sec=2.2815 test_eval_time_sec=0.0902 test_eval_batches_per_sec=11.0859 test_eval_targets_per_sec=6618.2968 run_best_mrr20=0.082500 run_best_hr10=0.160600 run_test_mrr20=0.051600 run_test_hr10=0.131800

=================================================================
  DONE  |  FeaturedMoE_N3 x beauty
  Best MRR@20 = 0.082500  |  1/1 trials OK
  Best HR@10  = 0.160600
  Test MRR@20 = 0.051600  (best-valid checkpoint)
  Test HR@10  = 0.131800  (best-valid checkpoint)
  Avg epoch time = 2.281 sec/epoch
  Final test eval = 0.090 sec | batches/s=11.086 | targets/s=6618.297
[RUN_METRICS] best_valid_mrr20=0.082500 best_valid_hr10=0.160600 test_mrr20=0.051600 test_hr10=0.131800 avg_epoch_time_sec=2.2815 test_eval_time_sec=0.0902 test_eval_batches_per_sec=11.0859 test_eval_targets_per_sec=6618.2968
  Total time: 1.0 min
  Best params:
  Results -> /workspace/FeaturedMoE/experiments/run/AI502_transfer/artifacts_group1_best/hyperopt_results/ai502_transfer_group1_best/beauty_FeaturedMoE_N3_ai502_g1_t_retail_rocket_to_beauty_beauty_h13_final_full_model_init_std_s1_20260507_052526_793612_pid592692.json
  Normal mirror -> /workspace/FeaturedMoE/experiments/run/AI502_transfer/artifacts_group1_best/hyperopt_results/ai502_transfer_group1_best/normal/group1_best_hparam_transfer/AI502/beauty/FMoEN3/beauty_FeaturedMoE_N3_ai502_g1_t_retail_rocket_to_beauty_beauty_h13_final_full_model_init_std_s1_20260507_052526_793612_pid592692.json
  Special result -> /workspace/FeaturedMoE/experiments/run/AI502_transfer/artifacts_group1_best/hyperopt_results/ai502_transfer_group1_best/special/group1_best_hparam_transfer/AI502/beauty/FMoEN3/beauty_FeaturedMoE_N3_ai502_g1_t_retail_rocket_to_beauty_beauty_h13_final_full_model_init_std_s1_20260507_052526_793612_pid592692_special_metrics.json
  Special log -> /workspace/FeaturedMoE/experiments/run/artifacts/logs/ai502_transfer_group1_best/special/group1_best_hparam_transfer/AI502/beauty/FMoEN3/beauty_FeaturedMoE_N3_ai502_g1_t_retail_rocket_to_beauty_beauty_h13_final_full_model_init_std_s1_20260507_052526_793612_pid592692_special_metrics.json
=================================================================

[RUN_STATUS] END status=normal pid=592692 start=2026-05-07T05:25:26 end=2026-05-07T05:26:26

[RUN_STATUS] rc=0 job_key=transfer/retail_rocket_to_beauty/beauty_h13_final/seed_1/full_model_init/std
