[STAGEI_PROGRESSIVE_RECOVERY_ANCHOR2_CORE5_SETTING_HEADER]
run_phase=P24_I2_D01_MBSAREC_C02_I2_BSAREC_WIDTH_UP_S1 run_id=I2_AMAZON_BEAUTY_BSAREC_I2_BSAREC_WIDTH_UP_S1 phase_id=P24 axis_id=SI pass_name=pass2 model=BSARec candidate_id=I2_BSAREC_WIDTH_UP seed=1
dataset=amazon_beauty gpu=6 candidate_source=history_perturb source_stage=StageH_TargetedRecovery_anchor2_core5 anchor_run_id=SH_AMAZON_BEAUTY_BSAREC_FAD_H3_R1_PASS5_DIM320_XHI_S1 batch_profile=pass2:bs1152/1280
max_evals=8 tune_epochs=50 tune_patience=5
seed=240001

[COMMAND]
- /venv/FMoE/bin/python hyperopt_tune.py --config-name tune_ab --max-evals 8 --tune-epochs 50 --tune-patience 5 --seed 240001 --run-group baseline --run-axis StageI_ProgressiveRecovery_anchor2_core5 --run-phase P24_I2_D01_MBSAREC_C02_I2_BSAREC_WIDTH_UP_S1 model=bsarec dataset=amazon_beauty eval_mode=session_fixed feature_mode=full_v3 gpu_id=6 log_wandb=false show_progress=false ++special_logging=true ++seed=240001 ++search={learning_rate:[0.0004274799172413431,0.0007172931458878967]} ++search_space_type_overrides={learning_rate:"loguniform"} ++weight_decay=0.00016 ++search.weight_decay=[0.00016] ++search_space_type_overrides.weight_decay=choice ++search.n_layers=[3] ++search_space_type_overrides.n_layers=choice ++search.num_layers=[3] ++search_space_type_overrides.num_layers=choice ++search.n_heads=[4] ++search_space_type_overrides.n_heads=choice ++search.num_heads=[4] ++search_space_type_overrides.num_heads=choice ++search.dropout_ratio=[0.13] ++search_space_type_overrides.dropout_ratio=choice ++search.dropout_prob=[0.13] ++search_space_type_overrides.dropout_prob=choice ++search.hidden_dropout_prob=[0.13] ++search_space_type_overrides.hidden_dropout_prob=choice ++search.attn_dropout_prob=[0.13] ++search_space_type_overrides.attn_dropout_prob=choice ++search.hidden_size=[384] ++search_space_type_overrides.hidden_size=choice ++search.embedding_size=[384] ++search_space_type_overrides.embedding_size=choice ++search.inner_size=[816] ++search_space_type_overrides.inner_size=choice ++search.time_span=[512] ++search_space_type_overrides.time_span=choice ++search.num_experts=[8] ++search_space_type_overrides.num_experts=choice ++search.state_size=[32] ++search_space_type_overrides.state_size=choice ++search.conv_kernel=[8] ++search_space_type_overrides.conv_kernel=choice ++search.remaining_ratio=[0.7] ++search_space_type_overrides.remaining_ratio=choice ++search.MAX_ITEM_LIST_LENGTH=[10] ++search_space_type_overrides.MAX_ITEM_LIST_LENGTH=choice ++dropout_ratio=0.13 ++train_batch_size=1152 ++eval_batch_size=1280 ++hidden_size=384 ++embedding_size=384 ++MAX_ITEM_LIST_LENGTH=10 ++num_layers=3 ++n_layers=3 ++num_heads=4 ++n_heads=4 ++inner_size=816
/venv/FMoE/lib/python3.10/site-packages/ray/_private/parameter.py:4: UserWarning: pkg_resources is deprecated as an API. See https://setuptools.pypa.io/en/latest/pkg_resources.html. The pkg_resources package is slated for removal as early as 2025-11-30. Refrain from using this package or pin to Setuptools<81.
  import pkg_resources
[RUN_STATUS] START pid=240596 ts=2026-04-12T20:55:18

=================================================================
  Hyperopt TPE  |  BSARec x amazon_beauty
  max_evals=8  epochs=50  patience=5  wandb=off
  batch_size(train/valid/test)=1152/1280/1280
  track=baseline  axis=stagei_progressiverecovery_anchor2_core5  phase=P24_I2_D01_MBSAREC_C02_I2_BSAREC_WIDTH_UP_S1
=================================================================
Changed knobs: learning_rate
Tuned params(len>1): 1  (~1 discrete combos)
Tuned groups: 1
  [optimization]
    learning_rate                   [0.0004274799172413431, 0.0007172931458878967]  -> loguniform
Fixed params(singleton/non-list): 18
Fixed groups: 18
  [optimization]
    hidden_dropout_prob             0.13                                    
    weight_decay                    0.00016                                 
  [model_core]
    attn_dropout_prob               0.13                                    
    dropout_prob                    0.13                                    
    dropout_ratio                   0.13                                    
    embedding_size                  384                                     
    hidden_size                     384                                     
    inner_size                      816                                     
    num_heads                       4                                       
    num_layers                      3                                       
  [other]
    MAX_ITEM_LIST_LENGTH            10                                      
    conv_kernel                     8                                       
    n_heads                         4                                       
    n_layers                        3                                       
    num_experts                     8                                       
    remaining_ratio                 0.7                                     
    state_size                      32                                      
    time_span                       512                                     

[Wandb] disabled for this hyperopt run

[1/8] learning_rate=0.0007137
  -> MRR@20=0.001500  best=0.001500  (early_stop@16, trial=4s, avg=6s/trial, total=6s, ETA=40s)
[TRIAL_METRICS] cur_best_mrr20=0.001500 cur_best_hr10=0.008800 cur_test_mrr20=0.000900 cur_test_hr10=0.008800 run_best_mrr20=0.001500 run_best_hr10=0.008800 run_test_mrr20=0.000900 run_test_hr10=0.008800

[2/8] learning_rate=0.000544
  -> MRR@20=0.000000  best=0.001500  (early_stop@6, trial=1s, avg=4s/trial, total=7s, ETA=21s)
[TRIAL_METRICS] cur_best_mrr20=0.000000 cur_best_hr10=0.000000 cur_test_mrr20=0.001200 cur_test_hr10=0.000000 run_best_mrr20=0.001500 run_best_hr10=0.008800 run_test_mrr20=0.000900 run_test_hr10=0.008800

[3/8] learning_rate=0.0006565
  -> MRR@20=0.001800  best=0.001800  (early_stop@10, trial=2s, avg=3s/trial, total=9s, ETA=16s)
[TRIAL_METRICS] cur_best_mrr20=0.001800 cur_best_hr10=0.008800 cur_test_mrr20=0.000000 cur_test_hr10=0.000000 run_best_mrr20=0.001800 run_best_hr10=0.008800 run_test_mrr20=0.000000 run_test_hr10=0.000000

[4/8] learning_rate=0.000664
  -> MRR@20=0.001300  best=0.001800  (early_stop@10, trial=2s, avg=3s/trial, total=12s, ETA=12s)
[TRIAL_METRICS] cur_best_mrr20=0.001300 cur_best_hr10=0.008800 cur_test_mrr20=0.000000 cur_test_hr10=0.000000 run_best_mrr20=0.001800 run_best_hr10=0.008800 run_test_mrr20=0.000000 run_test_hr10=0.000000

[5/8] learning_rate=0.0006366
  -> MRR@20=0.002200  best=0.002200  (early_stop@10, trial=2s, avg=3s/trial, total=14s, ETA=8s)
[TRIAL_METRICS] cur_best_mrr20=0.002200 cur_best_hr10=0.008800 cur_test_mrr20=0.000000 cur_test_hr10=0.000000 run_best_mrr20=0.002200 run_best_hr10=0.008800 run_test_mrr20=0.000000 run_test_hr10=0.000000

[6/8] learning_rate=0.0006103
  -> MRR@20=0.001800  best=0.002200  (early_stop@15, trial=3s, avg=3s/trial, total=17s, ETA=6s)
[TRIAL_METRICS] cur_best_mrr20=0.001800 cur_best_hr10=0.008800 cur_test_mrr20=0.000000 cur_test_hr10=0.000000 run_best_mrr20=0.002200 run_best_hr10=0.008800 run_test_mrr20=0.000000 run_test_hr10=0.000000

[7/8] learning_rate=0.0004458
  -> MRR@20=0.000500  best=0.002200  (early_stop@7, trial=1s, avg=3s/trial, total=19s, ETA=3s)
[TRIAL_METRICS] cur_best_mrr20=0.000500 cur_best_hr10=0.000000 cur_test_mrr20=0.000000 cur_test_hr10=0.000000 run_best_mrr20=0.002200 run_best_hr10=0.008800 run_test_mrr20=0.000000 run_test_hr10=0.000000

[8/8] learning_rate=0.0006664
  -> MRR@20=0.001100  best=0.002200  (early_stop@10, trial=2s, avg=3s/trial, total=21s, ETA=0s)
[TRIAL_METRICS] cur_best_mrr20=0.001100 cur_best_hr10=0.008800 cur_test_mrr20=0.000000 cur_test_hr10=0.000000 run_best_mrr20=0.002200 run_best_hr10=0.008800 run_test_mrr20=0.000000 run_test_hr10=0.000000

=================================================================
  DONE  |  BSARec x amazon_beauty
  Best MRR@20 = 0.002200  |  8/8 trials OK
  Best HR@10  = 0.008800
  Test MRR@20 = 0.000000  (best-valid checkpoint)
  Test HR@10  = 0.000000  (best-valid checkpoint)
[RUN_METRICS] best_valid_mrr20=0.002200 best_valid_hr10=0.008800 test_mrr20=0.000000 test_hr10=0.000000
  Total time: 0.4 min
  Best params:
    learning_rate: 0.000636638
  Results -> /workspace/FeaturedMoE/experiments/run/artifacts/results/baseline/amazon_beauty_BSARec_p24_i2_d01_mbsarec_c02_i2_bsarec_width_up_s1_20260412_205518_301939_pid240596.json
  Normal mirror -> /workspace/FeaturedMoE/experiments/run/artifacts/results/baseline/normal/stagei_progressiverecovery_anchor2_core5/P24/amazon_beauty/BSARec/amazon_beauty_BSARec_p24_i2_d01_mbsarec_c02_i2_bsarec_width_up_s1_20260412_205518_301939_pid240596.json
  Special result -> /workspace/FeaturedMoE/experiments/run/artifacts/results/baseline/special/stagei_progressiverecovery_anchor2_core5/P24/amazon_beauty/BSARec/amazon_beauty_BSARec_p24_i2_d01_mbsarec_c02_i2_bsarec_width_up_s1_20260412_205518_301939_pid240596_special_metrics.json
  Special log -> /workspace/FeaturedMoE/experiments/run/artifacts/logs/baseline/special/stagei_progressiverecovery_anchor2_core5/P24/amazon_beauty/BSARec/amazon_beauty_BSARec_p24_i2_d01_mbsarec_c02_i2_bsarec_width_up_s1_20260412_205518_301939_pid240596_special_metrics.json
=================================================================

[RUN_STATUS] END status=normal pid=240596 start=2026-04-12T20:55:18 end=2026-04-12T20:55:39
