[FINAL_ALL_DATASETS_SETTING_HEADER]
run_phase=P14_FAD_LASTFM0_03_H5_S2 exp_brief=FINAL_MAIN_ATTN_MICRO_BEFORE phase_id=P14 axis_id=FAD setting_id=FINAL_MAIN_H5_S2 hparam_id=H5 seed=2
desc=FINAL_MAIN_ATTN_MICRO_BEFORE_H5_S2
dataset=lastfm0.03 gpu=1 order=10
max_evals=20 tune_epochs=100 tune_patience=10
seed=91009

[COMMAND]
- /venv/FMoE/bin/python hyperopt_tune.py --config-name config --max-evals 20 --tune-epochs 100 --tune-patience 10 --seed 91009 --run-group fmoe_n3 --run-axis Final_all_datasets --run-phase P14_FAD_LASTFM0_03_H5_S2 model=featured_moe_n3_tune dataset=lastfm0.03 eval_mode=session_fixed feature_mode=full_v3 gpu_id=1 log_wandb=false enable_tf32=true fmoe_debug_logging=false fmoe_diag_logging=true fmoe_special_logging=true fmoe_feature_ablation_logging=false fmoe_eval_logging_timing=final_only ++fmoe_logging_output_root="run/artifacts/logging" ++fmoe_phase="P14" MAX_ITEM_LIST_LENGTH=20 train_batch_size=4096 eval_batch_size=4096 embedding_size=168 num_heads=4 attn_dropout_prob=0.1 d_ff=336 d_feat_emb=16 d_expert_hidden=168 d_router_hidden=84 expert_scale=3 ++search.learning_rate=[0.00015,0.008] ++search.weight_decay=[1e-06] ++search.hidden_dropout_prob=[0.15] ++search.lr_scheduler_type=["warmup_cosine"] ++search_space_type_overrides.learning_rate=loguniform ++search_space_type_overrides.weight_decay=choice ++search_space_type_overrides.hidden_dropout_prob=choice ++search_space_type_overrides.lr_scheduler_type=choice ++phase_run_type="final" ++phase_axis_id="FAD" ++phase_axis_desc="final_all_datasets" ++phase_setting_id="FINAL_MAIN_H5_S2" ++phase_setting_key="FINAL_MAIN_ATTN_MICRO_BEFORE" ++phase_hparam_id="H5" ++phase_seed_id=2 ++phase_run_id="FAD_LASTFM0_03_H5_S2" ++layer_layout=["attn","macro_ffn","mid_ffn","attn","micro_ffn"] ++stage_compute_mode={macro:"moe",mid:"moe",micro:"moe"} ++stage_router_mode={macro:"learned",mid:"learned",micro:"learned"} ++stage_router_source={macro:"both",mid:"both",micro:"both"} ++stage_feature_injection={macro:"none",mid:"none",micro:"none"} ++topk_scope_mode="global_flat" ++moe_top_k=0 ++balance_loss_lambda=0.0 ++z_loss_lambda=0.0001 ++gate_entropy_lambda=0.0 ++route_smoothness_lambda=0.0 ++route_consistency_lambda=0.0 ++route_sharpness_lambda=0.0 ++route_monopoly_lambda=0.0 ++route_monopoly_tau=0.25 ++route_prior_lambda=0.0 ++group_prior_align_lambda=0.0 ++factored_group_balance_lambda=0.0 ++rule_agreement_lambda=0.0 ++group_coverage_lambda=0.0 ++feature_group_bias_lambda=0.05 ++rule_bias_scale=0.1 ++primitive_balance_lambda=0.0 ++wrapper_group_feature_align_lambda=0.0 ++stage_router_primitives={macro:{a_joint:{source:"feature",temperature:1.0,top_k:0},b_group:{source:"feature",temperature:1.0,top_k:0},c_shared:{source:"feature",temperature:1.0,top_k:0},d_cond:{source:"feature",temperature:1.0,top_k:0},e_scalar:{source:"feature",temperature:1.0,top_k:0},wrapper:{alpha_d:1.0,alpha_struct:1.0,alpha_a:1.0}},mid:{a_joint:{source:"feature",temperature:1.0,top_k:0},b_group:{source:"feature",temperature:1.0,top_k:0},c_shared:{source:"feature",temperature:1.0,top_k:0},d_cond:{source:"feature",temperature:1.0,top_k:0},e_scalar:{source:"feature",temperature:1.0,top_k:0},wrapper:{alpha_d:1.0,alpha_struct:1.0,alpha_a:1.0}},micro:{a_joint:{source:"feature",temperature:1.0,top_k:0},b_group:{source:"feature",temperature:1.0,top_k:0},c_shared:{source:"feature",temperature:1.0,top_k:0},d_cond:{source:"feature",temperature:1.0,top_k:0},e_scalar:{source:"feature",temperature:1.0,top_k:0},wrapper:{alpha_d:1.0,alpha_struct:1.0,alpha_a:1.0}}} ++stage_router_wrapper={macro:"w4_bxd",mid:"w6_bxd_plus_a",micro:"w1_flat"} ++macro_history_window=5 ++stage_router_granularity={macro:"session",mid:"session",micro:"token"} ++stage_family_dropout_prob={macro:0.1,mid:0.1,micro:0.1} ++stage_feature_dropout_prob={macro:0.0,mid:0.0,micro:0.0} ++stage_feature_dropout_scope={macro:"token",mid:"token",micro:"token"}
/venv/FMoE/lib/python3.10/site-packages/ray/_private/parameter.py:4: UserWarning: pkg_resources is deprecated as an API. See https://setuptools.pypa.io/en/latest/pkg_resources.html. The pkg_resources package is slated for removal as early as 2025-11-30. Refrain from using this package or pin to Setuptools<81.
  import pkg_resources
[RUN_STATUS] START pid=246550 ts=2026-03-27T04:18:57

=================================================================
  Hyperopt TPE  |  FeaturedMoE_N3 x lastfm0.03
  max_evals=20  epochs=100  patience=10  wandb=off
  batch_size(train/valid/test)=4096/4096/4096
  track=fmoe_n3  axis=final_all_datasets  phase=P14_FAD_LASTFM0_03_H5_S2
=================================================================
Changed knobs: learning_rate
Tuned params(len>1): 1  (~1 discrete combos)
Tuned groups: 1
  [optimization]
    learning_rate                   [0.00015, 0.008]                          -> loguniform
Fixed params(singleton/non-list): 3
Fixed groups: 3
  [optimization]
    hidden_dropout_prob             0.15                                    
    weight_decay                    1e-06                                   
  [other]
    lr_scheduler_type               warmup_cosine                           

[Wandb] disabled for this hyperopt run

[1/20] learning_rate=0.006134
  -> MRR@20=0.239400  best=0.239400  (early_stop@16, trial=5.7min, avg=5.8min/trial, total=5.8min, ETA=1.83h)
[TRIAL_METRICS] cur_best_mrr20=0.239400 cur_best_hr10=0.293100 cur_test_mrr20=0.204300 cur_test_hr10=0.256400 run_best_mrr20=0.239400 run_best_hr10=0.293100 run_test_mrr20=0.204300 run_test_hr10=0.256400

[2/20] learning_rate=0.002898
  -> MRR@20=0.247000  best=0.247000  (early_stop@15, trial=5.3min, avg=5.5min/trial, total=11.1min, ETA=1.66h)
[TRIAL_METRICS] cur_best_mrr20=0.247000 cur_best_hr10=0.306100 cur_test_mrr20=0.214300 cur_test_hr10=0.274700 run_best_mrr20=0.247000 run_best_hr10=0.306100 run_test_mrr20=0.214300 run_test_hr10=0.274700

[3/20] learning_rate=0.0005476
  -> MRR@20=0.256600  best=0.256600  (early_stop@44, trial=15.4min, avg=8.8min/trial, total=26.4min, ETA=2.50h)
[TRIAL_METRICS] cur_best_mrr20=0.256600 cur_best_hr10=0.302200 cur_test_mrr20=0.221800 cur_test_hr10=0.273600 run_best_mrr20=0.256600 run_best_hr10=0.302200 run_test_mrr20=0.221800 run_test_hr10=0.273600

[4/20] learning_rate=0.000924
  -> MRR@20=0.255700  best=0.256600  (early_stop@25, trial=8.6min, avg=8.8min/trial, total=35.1min, ETA=2.34h)
[TRIAL_METRICS] cur_best_mrr20=0.255700 cur_best_hr10=0.309100 cur_test_mrr20=0.222500 cur_test_hr10=0.277100 run_best_mrr20=0.256600 run_best_hr10=0.302200 run_test_mrr20=0.221800 run_test_hr10=0.273600

[5/20] learning_rate=0.0003027
  -> MRR@20=0.258100  best=0.258100  (early_stop@73, trial=24.9min, avg=12.0min/trial, total=60.0min, ETA=3.00h)
[TRIAL_METRICS] cur_best_mrr20=0.258100 cur_best_hr10=0.305600 cur_test_mrr20=0.225300 cur_test_hr10=0.278700 run_best_mrr20=0.258100 run_best_hr10=0.305600 run_test_mrr20=0.225300 run_test_hr10=0.278700

[6/20] learning_rate=0.0002755
  -> MRR@20=0.257100  best=0.258100  (early_stop@85, trial=29.4min, avg=14.9min/trial, total=1.49h, ETA=3.48h)
[TRIAL_METRICS] cur_best_mrr20=0.257100 cur_best_hr10=0.306900 cur_test_mrr20=0.224700 cur_test_hr10=0.279000 run_best_mrr20=0.258100 run_best_hr10=0.305600 run_test_mrr20=0.225300 run_test_hr10=0.278700

[7/20] learning_rate=0.0004911
  -> MRR@20=0.258200  best=0.258200  (early_stop@47, trial=16.4min, avg=15.1min/trial, total=1.76h, ETA=3.27h)
[TRIAL_METRICS] cur_best_mrr20=0.258200 cur_best_hr10=0.302700 cur_test_mrr20=0.222800 cur_test_hr10=0.274400 run_best_mrr20=0.258200 run_best_hr10=0.302700 run_test_mrr20=0.222800 run_test_hr10=0.274400

[8/20] learning_rate=0.001296
  -> MRR@20=0.254800  best=0.258200  (early_stop@23, trial=8.0min, avg=14.2min/trial, total=1.90h, ETA=2.84h)
[TRIAL_METRICS] cur_best_mrr20=0.254800 cur_best_hr10=0.304000 cur_test_mrr20=0.219100 cur_test_hr10=0.273400 run_best_mrr20=0.258200 run_best_hr10=0.302700 run_test_mrr20=0.222800 run_test_hr10=0.274400

[9/20] learning_rate=0.0001592
  -> MRR@20=0.242000  best=0.258200  (full@100, trial=33.9min, avg=16.4min/trial, total=2.46h, ETA=3.01h)
[TRIAL_METRICS] cur_best_mrr20=0.242000 cur_best_hr10=0.320200 cur_test_mrr20=0.215000 cur_test_hr10=0.286400 run_best_mrr20=0.258200 run_best_hr10=0.302700 run_test_mrr20=0.222800 run_test_hr10=0.274400

[10/20] learning_rate=0.006902
  -> MRR@20=0.238000  best=0.258200  (early_stop@15, trial=5.0min, avg=15.3min/trial, total=2.55h, ETA=2.55h)
[TRIAL_METRICS] cur_best_mrr20=0.238000 cur_best_hr10=0.298400 cur_test_mrr20=0.205300 cur_test_hr10=0.265400 run_best_mrr20=0.258200 run_best_hr10=0.302700 run_test_mrr20=0.222800 run_test_hr10=0.274400

[11/20] learning_rate=0.003766
  -> MRR@20=0.245500  best=0.258200  (early_stop@15, trial=4.9min, avg=14.3min/trial, total=2.63h, ETA=2.15h)
[TRIAL_METRICS] cur_best_mrr20=0.245500 cur_best_hr10=0.305600 cur_test_mrr20=0.213900 cur_test_hr10=0.269100 run_best_mrr20=0.258200 run_best_hr10=0.302700 run_test_mrr20=0.222800 run_test_hr10=0.274400

[12/20] learning_rate=0.004635
  -> MRR@20=0.243600  best=0.258200  (early_stop@15, trial=4.9min, avg=13.6min/trial, total=2.71h, ETA=1.81h)
[TRIAL_METRICS] cur_best_mrr20=0.243600 cur_best_hr10=0.301900 cur_test_mrr20=0.208900 cur_test_hr10=0.265100 run_best_mrr20=0.258200 run_best_hr10=0.302700 run_test_mrr20=0.222800 run_test_hr10=0.274400

[13/20] learning_rate=0.003194
  -> MRR@20=0.246300  best=0.258200  (early_stop@15, trial=4.9min, avg=12.9min/trial, total=2.79h, ETA=1.50h)
[TRIAL_METRICS] cur_best_mrr20=0.246300 cur_best_hr10=0.308000 cur_test_mrr20=0.214600 cur_test_hr10=0.272300 run_best_mrr20=0.258200 run_best_hr10=0.302700 run_test_mrr20=0.222800 run_test_hr10=0.274400

[14/20] learning_rate=0.0008015
  -> MRR@20=0.256000  best=0.258200  (early_stop@31, trial=10.5min, avg=12.7min/trial, total=2.97h, ETA=1.27h)
[TRIAL_METRICS] cur_best_mrr20=0.256000 cur_best_hr10=0.302900 cur_test_mrr20=0.222300 cur_test_hr10=0.273900 run_best_mrr20=0.258200 run_best_hr10=0.302700 run_test_mrr20=0.222800 run_test_hr10=0.274400

[15/20] learning_rate=0.00116
  -> MRR@20=0.254600  best=0.258200  (early_stop@23, trial=7.7min, avg=12.4min/trial, total=3.10h, ETA=1.03h)
[TRIAL_METRICS] cur_best_mrr20=0.254600 cur_best_hr10=0.308300 cur_test_mrr20=0.219600 cur_test_hr10=0.277600 run_best_mrr20=0.258200 run_best_hr10=0.302700 run_test_mrr20=0.222800 run_test_hr10=0.274400

[16/20] learning_rate=0.0003593
  -> MRR@20=0.258300  best=0.258300  (early_stop@69, trial=23.1min, avg=13.1min/trial, total=3.48h, ETA=52.2min)
[TRIAL_METRICS] cur_best_mrr20=0.258300 cur_best_hr10=0.304000 cur_test_mrr20=0.224200 cur_test_hr10=0.276000 run_best_mrr20=0.258300 run_best_hr10=0.304000 run_test_mrr20=0.224200 run_test_hr10=0.276000

[17/20] learning_rate=0.007757
  -> MRR@20=0.244900  best=0.258300  (early_stop@16, trial=5.3min, avg=12.6min/trial, total=3.57h, ETA=37.8min)
[TRIAL_METRICS] cur_best_mrr20=0.244900 cur_best_hr10=0.293900 cur_test_mrr20=0.206500 cur_test_hr10=0.258000 run_best_mrr20=0.258300 run_best_hr10=0.304000 run_test_mrr20=0.224200 run_test_hr10=0.276000

[18/20] learning_rate=0.0002605
  -> MRR@20=0.256700  best=0.258300  (full@100, trial=33.0min, avg=13.7min/trial, total=4.12h, ETA=27.5min)
[TRIAL_METRICS] cur_best_mrr20=0.256700 cur_best_hr10=0.307700 cur_test_mrr20=0.224600 cur_test_hr10=0.279500 run_best_mrr20=0.258300 run_best_hr10=0.304000 run_test_mrr20=0.224200 run_test_hr10=0.276000

[19/20] learning_rate=0.001992
  -> MRR@20=0.251100  best=0.258300  (early_stop@18, trial=5.9min, avg=13.3min/trial, total=4.22h, ETA=13.3min)
[TRIAL_METRICS] cur_best_mrr20=0.251100 cur_best_hr10=0.304800 cur_test_mrr20=0.219400 cur_test_hr10=0.273600 run_best_mrr20=0.258300 run_best_hr10=0.304000 run_test_mrr20=0.224200 run_test_hr10=0.276000

[20/20] learning_rate=0.003175
  -> MRR@20=0.245500  best=0.258300  (early_stop@15, trial=4.8min, avg=12.9min/trial, total=4.30h, ETA=0s)
[TRIAL_METRICS] cur_best_mrr20=0.245500 cur_best_hr10=0.306700 cur_test_mrr20=0.215000 cur_test_hr10=0.271800 run_best_mrr20=0.258300 run_best_hr10=0.304000 run_test_mrr20=0.224200 run_test_hr10=0.276000
[1;35mEvaluate   [0m:   0%|                                                            | 0/1 [00:00<?, ?it/s][0m[1;35mEvaluate   [0m:   0%|                                  | 0/1 [00:01<?, ?it/s, [1;33mGPU RAM: 13.51 G/23.56 G[0m][0m[1;35mEvaluate   [0m: 100%|██████████████████████████| 1/1 [00:01<00:00,  1.56s/it, [1;33mGPU RAM: 13.51 G/23.56 G[0m][0m                                                                                                    [1;35mEvaluate   [0m:   0%|                                                            | 0/1 [00:00<?, ?it/s][0m[1;35mEvaluate   [0m:   0%|                                  | 0/1 [00:01<?, ?it/s, [1;33mGPU RAM: 13.51 G/23.56 G[0m][0m[1;35mEvaluate   [0m: 100%|██████████████████████████| 1/1 [00:01<00:00,  1.46s/it, [1;33mGPU RAM: 13.51 G/23.56 G[0m][0m                                                                                                    [1;35mEvaluate   [0m:   0%|                                                            | 0/1 [00:00<?, ?it/s][0m[1;35mEvaluate   [0m:   0%|                                  | 0/1 [00:01<?, ?it/s, [1;33mGPU RAM: 13.51 G/23.56 G[0m][0m[1;35mEvaluate   [0m: 100%|██████████████████████████| 1/1 [00:01<00:00,  1.46s/it, [1;33mGPU RAM: 13.51 G/23.56 G[0m][0m                                                                                                    
=================================================================
  DONE  |  FeaturedMoE_N3 x lastfm0.03
  Best MRR@20 = 0.258300  |  20/20 trials OK
  Best HR@10  = 0.304000
  Test MRR@20 = 0.224200  (best-valid checkpoint)
  Test HR@10  = 0.276000  (best-valid checkpoint)
[RUN_METRICS] best_valid_mrr20=0.258300 best_valid_hr10=0.304000 test_mrr20=0.224200 test_hr10=0.276000
  Total time: 258.1 min
  Best params:
    learning_rate: 0.000359305
  Results -> /workspace/jy1559/FMoE/experiments/run/artifacts/results/fmoe_n3/lastfm0.03_FeaturedMoE_N3_p14_fad_lastfm0_03_h5_s2_20260327_041857_371347_pid246550.json
  Normal mirror -> /workspace/jy1559/FMoE/experiments/run/artifacts/results/fmoe_n3/normal/final_all_datasets/P14/lastfm0.03/FMoEN3/lastfm0.03_FeaturedMoE_N3_p14_fad_lastfm0_03_h5_s2_20260327_041857_371347_pid246550.json
  Special result -> /workspace/jy1559/FMoE/experiments/run/artifacts/results/fmoe_n3/special/final_all_datasets/P14/lastfm0.03/FMoEN3/lastfm0.03_FeaturedMoE_N3_p14_fad_lastfm0_03_h5_s2_20260327_041857_371347_pid246550_special_metrics.json
  Special log -> /workspace/jy1559/FMoE/experiments/run/artifacts/logs/fmoe_n3/special/final_all_datasets/P14/lastfm0.03/FMoEN3/lastfm0.03_FeaturedMoE_N3_p14_fad_lastfm0_03_h5_s2_20260327_041857_371347_pid246550_special_metrics.json
=================================================================

[RUN_STATUS] END status=normal pid=246550 start=2026-03-27T04:18:57 end=2026-03-27T08:37:00
