[FINAL_ALL_DATASETS_SETTING_HEADER]
run_phase=P14_FAD_A6_MOVIELENS1M_H14_S1 exp_brief=A6_NO_BIAS phase_id=P14 axis_id=FAD setting_id=A6_NO_BIAS_H14_S1 hparam_id=H14 seed=1
desc=A6_NO_BIAS_H14_S1
dataset=movielens1m gpu=0 order=175
max_evals=20 tune_epochs=100 tune_patience=10
seed=91030

[COMMAND]
- /venv/FMoE/bin/python hyperopt_tune.py --config-name config --max-evals 20 --tune-epochs 100 --tune-patience 10 --seed 91030 --run-group fmoe_n3 --run-axis Final_all_datasets --run-phase P14_FAD_A6_MOVIELENS1M_H14_S1 model=featured_moe_n3_tune dataset=movielens1m eval_mode=session_fixed feature_mode=full_v3 gpu_id=0 log_wandb=false enable_tf32=true fmoe_debug_logging=false fmoe_diag_logging=true fmoe_special_logging=true fmoe_feature_ablation_logging=false fmoe_eval_logging_timing=final_only ++fmoe_logging_output_root="run/artifacts/logging" ++fmoe_logging_layout="axis_dataset_arch_hparam" ++fmoe_architecture_id="A6" ++fmoe_architecture_key="A6_NO_BIAS" ++fmoe_hparam_id="H14" ++fmoe_phase="P14" MAX_ITEM_LIST_LENGTH=20 train_batch_size=4096 eval_batch_size=4096 embedding_size=256 num_heads=4 attn_dropout_prob=0.1 d_ff=512 d_feat_emb=16 d_expert_hidden=256 d_router_hidden=128 expert_scale=3 ++search.learning_rate=[0.00015,0.008] ++search.weight_decay=[5e-07] ++search.hidden_dropout_prob=[0.1] ++search.lr_scheduler_type=["warmup_cosine"] ++search_space_type_overrides.learning_rate=loguniform ++search_space_type_overrides.weight_decay=choice ++search_space_type_overrides.hidden_dropout_prob=choice ++search_space_type_overrides.lr_scheduler_type=choice ++phase_run_type="final" ++phase_axis_id="FAD" ++phase_axis_desc="final_all_datasets" ++phase_setting_id="A6_NO_BIAS_H14_S1" ++phase_setting_key="A6_NO_BIAS" ++phase_hparam_id="H14" ++phase_seed_id=1 ++phase_run_id="FAD_A6_MOVIELENS1M_H14_S1" ++layer_layout=["macro","mid","micro"] ++stage_compute_mode={macro:"moe",mid:"moe",micro:"moe"} ++stage_router_mode={macro:"learned",mid:"learned",micro:"learned"} ++stage_router_source={macro:"both",mid:"both",micro:"both"} ++stage_feature_injection={macro:"none",mid:"none",micro:"none"} ++topk_scope_mode="global_flat" ++moe_top_k=0 ++balance_loss_lambda=0.0 ++z_loss_lambda=0.0002 ++gate_entropy_lambda=0.0 ++route_smoothness_lambda=0.0 ++route_consistency_lambda=0.0008 ++route_sharpness_lambda=0.0 ++route_monopoly_lambda=0.0 ++route_monopoly_tau=0.25 ++route_prior_lambda=0.0 ++group_prior_align_lambda=0.0 ++factored_group_balance_lambda=0.0 ++rule_agreement_lambda=0.0 ++group_coverage_lambda=0.0 ++feature_group_bias_lambda=0.0 ++rule_bias_scale=0.0 ++primitive_balance_lambda=0.0 ++wrapper_group_feature_align_lambda=0.0 ++stage_router_primitives={macro:{a_joint:{source:"feature",temperature:1.0,top_k:0},b_group:{source:"feature",temperature:1.0,top_k:0},c_shared:{source:"feature",temperature:1.0,top_k:0},d_cond:{source:"feature",temperature:1.0,top_k:0},e_scalar:{source:"feature",temperature:1.0,top_k:0},wrapper:{alpha_d:1.0,alpha_struct:1.0,alpha_a:1.0}},mid:{a_joint:{source:"feature",temperature:1.0,top_k:0},b_group:{source:"feature",temperature:1.0,top_k:0},c_shared:{source:"feature",temperature:1.0,top_k:0},d_cond:{source:"feature",temperature:1.0,top_k:0},e_scalar:{source:"feature",temperature:1.0,top_k:0},wrapper:{alpha_d:1.0,alpha_struct:1.0,alpha_a:1.0}},micro:{a_joint:{source:"feature",temperature:1.0,top_k:0},b_group:{source:"feature",temperature:1.0,top_k:0},c_shared:{source:"feature",temperature:1.0,top_k:0},d_cond:{source:"feature",temperature:1.0,top_k:0},e_scalar:{source:"feature",temperature:1.0,top_k:0},wrapper:{alpha_d:1.0,alpha_struct:1.0,alpha_a:1.0}}} ++stage_router_wrapper={macro:"w4_bxd",mid:"w6_bxd_plus_a",micro:"w1_flat"} ++macro_history_window=5 ++stage_router_granularity={macro:"session",mid:"session",micro:"token"} ++stage_family_dropout_prob={macro:0.1,mid:0.1,micro:0.1} ++stage_feature_dropout_prob={macro:0.0,mid:0.0,micro:0.0} ++stage_feature_dropout_scope={macro:"token",mid:"token",micro:"token"} ++route_consistency_pairs=1 ++route_consistency_min_sim=0.995 ++bias_mode="none"
/venv/FMoE/lib/python3.10/site-packages/ray/_private/parameter.py:4: UserWarning: pkg_resources is deprecated as an API. See https://setuptools.pypa.io/en/latest/pkg_resources.html. The pkg_resources package is slated for removal as early as 2025-11-30. Refrain from using this package or pin to Setuptools<81.
  import pkg_resources
[RUN_STATUS] START pid=388559 ts=2026-04-08T10:49:26

=================================================================
  Hyperopt TPE  |  FeaturedMoE_N3 x movielens1m
  max_evals=20  epochs=100  patience=10  wandb=off
  batch_size(train/valid/test)=4096/4096/4096
  track=fmoe_n3  axis=final_all_datasets  phase=P14_FAD_A6_MOVIELENS1M_H14_S1
=================================================================
Changed knobs: learning_rate
Tuned params(len>1): 1  (~1 discrete combos)
Tuned groups: 1
  [optimization]
    learning_rate                   [0.00015, 0.008]                          -> loguniform
Fixed params(singleton/non-list): 3
Fixed groups: 3
  [optimization]
    hidden_dropout_prob             0.1                                     
    weight_decay                    5e-07                                   
  [other]
    lr_scheduler_type               warmup_cosine                           

[Wandb] disabled for this hyperopt run

[1/20] learning_rate=0.0002506
  -> MRR@20=0.070200  best=0.070200  (early_stop@31, trial=14.7min, avg=14.8min/trial, total=14.8min, ETA=4.69h)
[TRIAL_METRICS] cur_best_mrr20=0.070200 cur_best_hr10=0.183700 cur_test_mrr20=0.070100 cur_test_hr10=0.167500 run_best_mrr20=0.070200 run_best_hr10=0.183700 run_test_mrr20=0.070100 run_test_hr10=0.167500

[2/20] learning_rate=0.0001634
  -> MRR@20=0.071300  best=0.071300  (early_stop@46, trial=21.6min, avg=18.2min/trial, total=36.4min, ETA=5.47h)
[TRIAL_METRICS] cur_best_mrr20=0.071300 cur_best_hr10=0.172700 cur_test_mrr20=0.067600 cur_test_hr10=0.167500 run_best_mrr20=0.071300 run_best_hr10=0.172700 run_test_mrr20=0.067600 run_test_hr10=0.167500

[3/20] learning_rate=0.0002508
  -> MRR@20=0.070300  best=0.071300  (early_stop@31, trial=14.6min, avg=17.0min/trial, total=51.0min, ETA=4.82h)
[TRIAL_METRICS] cur_best_mrr20=0.070300 cur_best_hr10=0.183700 cur_test_mrr20=0.070100 cur_test_hr10=0.167500 run_best_mrr20=0.071300 run_best_hr10=0.172700 run_test_mrr20=0.067600 run_test_hr10=0.167500

[4/20] learning_rate=0.0002381
  -> MRR@20=0.071600  best=0.071600  (early_stop@31, trial=14.5min, avg=16.4min/trial, total=1.09h, ETA=4.37h)
[TRIAL_METRICS] cur_best_mrr20=0.071600 cur_best_hr10=0.181000 cur_test_mrr20=0.067700 cur_test_hr10=0.166100 run_best_mrr20=0.071600 run_best_hr10=0.181000 run_test_mrr20=0.067700 run_test_hr10=0.166100

[5/20] learning_rate=0.0006094
  -> MRR@20=0.072800  best=0.072800  (early_stop@25, trial=11.6min, avg=15.4min/trial, total=1.29h, ETA=3.86h)
[TRIAL_METRICS] cur_best_mrr20=0.072800 cur_best_hr10=0.174100 cur_test_mrr20=0.072500 cur_test_hr10=0.179500 run_best_mrr20=0.072800 run_best_hr10=0.174100 run_test_mrr20=0.072500 run_test_hr10=0.179500

[6/20] learning_rate=0.0009515
  -> MRR@20=0.072100  best=0.072800  (early_stop@22, trial=10.2min, avg=14.6min/trial, total=1.46h, ETA=3.40h)
[TRIAL_METRICS] cur_best_mrr20=0.072100 cur_best_hr10=0.172700 cur_test_mrr20=0.070900 cur_test_hr10=0.181400 run_best_mrr20=0.072800 run_best_hr10=0.174100 run_test_mrr20=0.072500 run_test_hr10=0.179500

[7/20] learning_rate=0.005338
  -> MRR@20=0.016000  best=0.072800  (early_stop@36, trial=16.8min, avg=14.9min/trial, total=1.74h, ETA=3.23h)
[TRIAL_METRICS] cur_best_mrr20=0.016000 cur_best_hr10=0.032800 cur_test_mrr20=0.012800 cur_test_hr10=0.033700 run_best_mrr20=0.072800 run_best_hr10=0.174100 run_test_mrr20=0.072500 run_test_hr10=0.179500

[8/20] learning_rate=0.001391
  -> MRR@20=0.070800  best=0.072800  (early_stop@24, trial=11.2min, avg=14.4min/trial, total=1.92h, ETA=2.89h)
[TRIAL_METRICS] cur_best_mrr20=0.070800 cur_best_hr10=0.168500 cur_test_mrr20=0.069000 cur_test_hr10=0.171200 run_best_mrr20=0.072800 run_best_hr10=0.174100 run_test_mrr20=0.072500 run_test_hr10=0.179500

[9/20] learning_rate=0.0006762
  -> MRR@20=0.074300  best=0.074300  (early_stop@24, trial=11.0min, avg=14.1min/trial, total=2.11h, ETA=2.58h)
[TRIAL_METRICS] cur_best_mrr20=0.074300 cur_best_hr10=0.171300 cur_test_mrr20=0.064700 cur_test_hr10=0.164700 run_best_mrr20=0.074300 run_best_hr10=0.171300 run_test_mrr20=0.064700 run_test_hr10=0.164700

[10/20] learning_rate=0.00101
  -> MRR@20=0.072900  best=0.074300  (early_stop@21, trial=9.9min, avg=13.6min/trial, total=2.27h, ETA=2.27h)
[TRIAL_METRICS] cur_best_mrr20=0.072900 cur_best_hr10=0.179100 cur_test_mrr20=0.067400 cur_test_hr10=0.163800 run_best_mrr20=0.074300 run_best_hr10=0.171300 run_test_mrr20=0.064700 run_test_hr10=0.164700

[11/20] learning_rate=0.00104
  -> MRR@20=0.070600  best=0.074300  (early_stop@26, trial=12.3min, avg=13.5min/trial, total=2.48h, ETA=2.03h)
[TRIAL_METRICS] cur_best_mrr20=0.070600 cur_best_hr10=0.166700 cur_test_mrr20=0.071200 cur_test_hr10=0.175400 run_best_mrr20=0.074300 run_best_hr10=0.171300 run_test_mrr20=0.064700 run_test_hr10=0.164700

[12/20] learning_rate=0.001401
  -> MRR@20=0.073000  best=0.074300  (early_stop@27, trial=12.7min, avg=13.5min/trial, total=2.69h, ETA=1.79h)
[TRIAL_METRICS] cur_best_mrr20=0.073000 cur_best_hr10=0.164400 cur_test_mrr20=0.068800 cur_test_hr10=0.168000 run_best_mrr20=0.074300 run_best_hr10=0.171300 run_test_mrr20=0.064700 run_test_hr10=0.164700

[13/20] learning_rate=0.001129
  -> MRR@20=0.073800  best=0.074300  (early_stop@21, trial=9.9min, avg=13.2min/trial, total=2.86h, ETA=1.54h)
[TRIAL_METRICS] cur_best_mrr20=0.073800 cur_best_hr10=0.172200 cur_test_mrr20=0.068000 cur_test_hr10=0.163800 run_best_mrr20=0.074300 run_best_hr10=0.171300 run_test_mrr20=0.064700 run_test_hr10=0.164700

[14/20] learning_rate=0.0002692
  -> MRR@20=0.072100  best=0.074300  (early_stop@31, trial=14.7min, avg=13.3min/trial, total=3.10h, ETA=1.33h)
[TRIAL_METRICS] cur_best_mrr20=0.072100 cur_best_hr10=0.177700 cur_test_mrr20=0.068100 cur_test_hr10=0.170300 run_best_mrr20=0.074300 run_best_hr10=0.171300 run_test_mrr20=0.064700 run_test_hr10=0.164700

[15/20] learning_rate=0.0006573
  -> MRR@20=0.074200  best=0.074300  (early_stop@20, trial=9.4min, avg=13.0min/trial, total=3.26h, ETA=1.09h)
[TRIAL_METRICS] cur_best_mrr20=0.074200 cur_best_hr10=0.173600 cur_test_mrr20=0.066300 cur_test_hr10=0.163400 run_best_mrr20=0.074300 run_best_hr10=0.171300 run_test_mrr20=0.064700 run_test_hr10=0.164700

[16/20] learning_rate=0.00498
  -> MRR@20=0.013900  best=0.074300  (early_stop@30, trial=13.9min, avg=13.1min/trial, total=3.49h, ETA=52.3min)
[TRIAL_METRICS] cur_best_mrr20=0.013900 cur_best_hr10=0.033200 cur_test_mrr20=0.013600 cur_test_hr10=0.033200 run_best_mrr20=0.074300 run_best_hr10=0.171300 run_test_mrr20=0.064700 run_test_hr10=0.164700

[17/20] learning_rate=0.0006981
  -> MRR@20=0.074400  best=0.074400  (early_stop@25, trial=11.4min, avg=13.0min/trial, total=3.68h, ETA=39.0min)
[TRIAL_METRICS] cur_best_mrr20=0.074400 cur_best_hr10=0.173100 cur_test_mrr20=0.068400 cur_test_hr10=0.168900 run_best_mrr20=0.074400 run_best_hr10=0.173100 run_test_mrr20=0.068400 run_test_hr10=0.168900

[18/20] learning_rate=0.0003577
  -> MRR@20=0.071600  best=0.074400  (early_stop@25, trial=11.4min, avg=12.9min/trial, total=3.87h, ETA=25.8min)
[TRIAL_METRICS] cur_best_mrr20=0.071600 cur_best_hr10=0.173100 cur_test_mrr20=0.068300 cur_test_hr10=0.175800 run_best_mrr20=0.074400 run_best_hr10=0.173100 run_test_mrr20=0.068400 run_test_hr10=0.168900

[19/20] learning_rate=0.0003699
  -> MRR@20=0.072500  best=0.074400  (early_stop@32, trial=14.6min, avg=13.0min/trial, total=4.11h, ETA=13.0min)
[TRIAL_METRICS] cur_best_mrr20=0.072500 cur_best_hr10=0.170800 cur_test_mrr20=0.069100 cur_test_hr10=0.173100 run_best_mrr20=0.074400 run_best_hr10=0.173100 run_test_mrr20=0.068400 run_test_hr10=0.168900

[20/20] learning_rate=0.0004642
  -> MRR@20=0.073000  best=0.074400  (early_stop@25, trial=11.5min, avg=12.9min/trial, total=4.30h, ETA=0s)
[TRIAL_METRICS] cur_best_mrr20=0.073000 cur_best_hr10=0.183300 cur_test_mrr20=0.070500 cur_test_hr10=0.179000 run_best_mrr20=0.074400 run_best_hr10=0.173100 run_test_mrr20=0.068400 run_test_hr10=0.168900
[1;35mEvaluate   [0m:   0%|                                                            | 0/1 [00:00<?, ?it/s][0m[1;35mEvaluate   [0m:   0%|                                  | 0/1 [00:00<?, ?it/s, [1;33mGPU RAM: 15.71 G/23.56 G[0m][0m[1;35mEvaluate   [0m: 100%|██████████████████████████| 1/1 [00:00<00:00,  1.08it/s, [1;33mGPU RAM: 15.71 G/23.56 G[0m][0m                                                                                                    [1;35mEvaluate   [0m:   0%|                                                            | 0/1 [00:00<?, ?it/s][0m[1;35mEvaluate   [0m:   0%|                                  | 0/1 [00:00<?, ?it/s, [1;33mGPU RAM: 15.71 G/23.56 G[0m][0m[1;35mEvaluate   [0m: 100%|██████████████████████████| 1/1 [00:00<00:00,  1.12it/s, [1;33mGPU RAM: 15.71 G/23.56 G[0m][0m                                                                                                    [1;35mEvaluate   [0m:   0%|                                                            | 0/1 [00:00<?, ?it/s][0m[1;35mEvaluate   [0m:   0%|                                  | 0/1 [00:00<?, ?it/s, [1;33mGPU RAM: 15.71 G/23.56 G[0m][0m[1;35mEvaluate   [0m: 100%|██████████████████████████| 1/1 [00:00<00:00,  1.14it/s, [1;33mGPU RAM: 15.71 G/23.56 G[0m][0m                                                                                                    
=================================================================
  DONE  |  FeaturedMoE_N3 x movielens1m
  Best MRR@20 = 0.074400  |  20/20 trials OK
  Best HR@10  = 0.173100
  Test MRR@20 = 0.068400  (best-valid checkpoint)
  Test HR@10  = 0.168900  (best-valid checkpoint)
[RUN_METRICS] best_valid_mrr20=0.074400 best_valid_hr10=0.173100 test_mrr20=0.068400 test_hr10=0.168900
  Total time: 258.4 min
  Best params:
    learning_rate: 0.000698103
  Results -> /workspace/jy1559/FMoE/experiments/run/artifacts/results/fmoe_n3/movielens1m_FeaturedMoE_N3_p14_fad_a6_movielens1m_h14_s1_20260408_104926_739226_pid388559.json
  Normal mirror -> /workspace/jy1559/FMoE/experiments/run/artifacts/results/fmoe_n3/normal/final_all_datasets/P14/movielens1m/FMoEN3/movielens1m_FeaturedMoE_N3_p14_fad_a6_movielens1m_h14_s1_20260408_104926_739226_pid388559.json
  Special result -> /workspace/jy1559/FMoE/experiments/run/artifacts/results/fmoe_n3/special/final_all_datasets/P14/movielens1m/FMoEN3/movielens1m_FeaturedMoE_N3_p14_fad_a6_movielens1m_h14_s1_20260408_104926_739226_pid388559_special_metrics.json
  Special log -> /workspace/jy1559/FMoE/experiments/run/artifacts/logs/fmoe_n3/special/final_all_datasets/P14/movielens1m/FMoEN3/movielens1m_FeaturedMoE_N3_p14_fad_a6_movielens1m_h14_s1_20260408_104926_739226_pid388559_special_metrics.json
=================================================================

[RUN_STATUS] END status=normal pid=388559 start=2026-04-08T10:49:26 end=2026-04-08T15:07:47
