[FINAL_ALL_DATASETS_SETTING_HEADER]
run_phase=P14_FAD_A6_MOVIELENS1M_H14_S2 exp_brief=A6_NO_BIAS phase_id=P14 axis_id=FAD setting_id=A6_NO_BIAS_H14_S2 hparam_id=H14 seed=2
desc=A6_NO_BIAS_H14_S2
dataset=movielens1m gpu=3 order=176
max_evals=20 tune_epochs=100 tune_patience=10
seed=91031

[COMMAND]
- /venv/FMoE/bin/python hyperopt_tune.py --config-name config --max-evals 20 --tune-epochs 100 --tune-patience 10 --seed 91031 --run-group fmoe_n3 --run-axis Final_all_datasets --run-phase P14_FAD_A6_MOVIELENS1M_H14_S2 model=featured_moe_n3_tune dataset=movielens1m eval_mode=session_fixed feature_mode=full_v3 gpu_id=3 log_wandb=false enable_tf32=true fmoe_debug_logging=false fmoe_diag_logging=true fmoe_special_logging=true fmoe_feature_ablation_logging=false fmoe_eval_logging_timing=final_only ++fmoe_logging_output_root="run/artifacts/logging" ++fmoe_logging_layout="axis_dataset_arch_hparam" ++fmoe_architecture_id="A6" ++fmoe_architecture_key="A6_NO_BIAS" ++fmoe_hparam_id="H14" ++fmoe_phase="P14" MAX_ITEM_LIST_LENGTH=20 train_batch_size=4096 eval_batch_size=4096 embedding_size=256 num_heads=4 attn_dropout_prob=0.1 d_ff=512 d_feat_emb=16 d_expert_hidden=256 d_router_hidden=128 expert_scale=3 ++search.learning_rate=[0.00015,0.008] ++search.weight_decay=[5e-07] ++search.hidden_dropout_prob=[0.1] ++search.lr_scheduler_type=["warmup_cosine"] ++search_space_type_overrides.learning_rate=loguniform ++search_space_type_overrides.weight_decay=choice ++search_space_type_overrides.hidden_dropout_prob=choice ++search_space_type_overrides.lr_scheduler_type=choice ++phase_run_type="final" ++phase_axis_id="FAD" ++phase_axis_desc="final_all_datasets" ++phase_setting_id="A6_NO_BIAS_H14_S2" ++phase_setting_key="A6_NO_BIAS" ++phase_hparam_id="H14" ++phase_seed_id=2 ++phase_run_id="FAD_A6_MOVIELENS1M_H14_S2" ++layer_layout=["macro","mid","micro"] ++stage_compute_mode={macro:"moe",mid:"moe",micro:"moe"} ++stage_router_mode={macro:"learned",mid:"learned",micro:"learned"} ++stage_router_source={macro:"both",mid:"both",micro:"both"} ++stage_feature_injection={macro:"none",mid:"none",micro:"none"} ++topk_scope_mode="global_flat" ++moe_top_k=0 ++balance_loss_lambda=0.0 ++z_loss_lambda=0.0002 ++gate_entropy_lambda=0.0 ++route_smoothness_lambda=0.0 ++route_consistency_lambda=0.0008 ++route_sharpness_lambda=0.0 ++route_monopoly_lambda=0.0 ++route_monopoly_tau=0.25 ++route_prior_lambda=0.0 ++group_prior_align_lambda=0.0 ++factored_group_balance_lambda=0.0 ++rule_agreement_lambda=0.0 ++group_coverage_lambda=0.0 ++feature_group_bias_lambda=0.0 ++rule_bias_scale=0.0 ++primitive_balance_lambda=0.0 ++wrapper_group_feature_align_lambda=0.0 ++stage_router_primitives={macro:{a_joint:{source:"feature",temperature:1.0,top_k:0},b_group:{source:"feature",temperature:1.0,top_k:0},c_shared:{source:"feature",temperature:1.0,top_k:0},d_cond:{source:"feature",temperature:1.0,top_k:0},e_scalar:{source:"feature",temperature:1.0,top_k:0},wrapper:{alpha_d:1.0,alpha_struct:1.0,alpha_a:1.0}},mid:{a_joint:{source:"feature",temperature:1.0,top_k:0},b_group:{source:"feature",temperature:1.0,top_k:0},c_shared:{source:"feature",temperature:1.0,top_k:0},d_cond:{source:"feature",temperature:1.0,top_k:0},e_scalar:{source:"feature",temperature:1.0,top_k:0},wrapper:{alpha_d:1.0,alpha_struct:1.0,alpha_a:1.0}},micro:{a_joint:{source:"feature",temperature:1.0,top_k:0},b_group:{source:"feature",temperature:1.0,top_k:0},c_shared:{source:"feature",temperature:1.0,top_k:0},d_cond:{source:"feature",temperature:1.0,top_k:0},e_scalar:{source:"feature",temperature:1.0,top_k:0},wrapper:{alpha_d:1.0,alpha_struct:1.0,alpha_a:1.0}}} ++stage_router_wrapper={macro:"w4_bxd",mid:"w6_bxd_plus_a",micro:"w1_flat"} ++macro_history_window=5 ++stage_router_granularity={macro:"session",mid:"session",micro:"token"} ++stage_family_dropout_prob={macro:0.1,mid:0.1,micro:0.1} ++stage_feature_dropout_prob={macro:0.0,mid:0.0,micro:0.0} ++stage_feature_dropout_scope={macro:"token",mid:"token",micro:"token"} ++route_consistency_pairs=1 ++route_consistency_min_sim=0.995 ++bias_mode="none"
/venv/FMoE/lib/python3.10/site-packages/ray/_private/parameter.py:4: UserWarning: pkg_resources is deprecated as an API. See https://setuptools.pypa.io/en/latest/pkg_resources.html. The pkg_resources package is slated for removal as early as 2025-11-30. Refrain from using this package or pin to Setuptools<81.
  import pkg_resources
[RUN_STATUS] START pid=388996 ts=2026-04-08T10:50:37

=================================================================
  Hyperopt TPE  |  FeaturedMoE_N3 x movielens1m
  max_evals=20  epochs=100  patience=10  wandb=off
  batch_size(train/valid/test)=4096/4096/4096
  track=fmoe_n3  axis=final_all_datasets  phase=P14_FAD_A6_MOVIELENS1M_H14_S2
=================================================================
Changed knobs: learning_rate
Tuned params(len>1): 1  (~1 discrete combos)
Tuned groups: 1
  [optimization]
    learning_rate                   [0.00015, 0.008]                          -> loguniform
Fixed params(singleton/non-list): 3
Fixed groups: 3
  [optimization]
    hidden_dropout_prob             0.1                                     
    weight_decay                    5e-07                                   
  [other]
    lr_scheduler_type               warmup_cosine                           

[Wandb] disabled for this hyperopt run

[1/20] learning_rate=0.0006804
  -> MRR@20=0.075000  best=0.075000  (early_stop@25, trial=11.8min, avg=11.9min/trial, total=11.9min, ETA=3.77h)
[TRIAL_METRICS] cur_best_mrr20=0.075000 cur_best_hr10=0.174100 cur_test_mrr20=0.068700 cur_test_hr10=0.176300 run_best_mrr20=0.075000 run_best_hr10=0.174100 run_test_mrr20=0.068700 run_test_hr10=0.176300

[2/20] learning_rate=0.006048
  -> MRR@20=0.017000  best=0.075000  (early_stop@31, trial=14.6min, avg=13.3min/trial, total=26.5min, ETA=3.98h)
[TRIAL_METRICS] cur_best_mrr20=0.017000 cur_best_hr10=0.042500 cur_test_mrr20=0.012100 cur_test_hr10=0.034100 run_best_mrr20=0.075000 run_best_hr10=0.174100 run_test_mrr20=0.068700 run_test_hr10=0.176300

[3/20] learning_rate=0.004823
  -> MRR@20=0.015900  best=0.075000  (early_stop@29, trial=13.5min, avg=13.3min/trial, total=40.0min, ETA=3.78h)
[TRIAL_METRICS] cur_best_mrr20=0.015900 cur_best_hr10=0.041100 cur_test_mrr20=0.011900 cur_test_hr10=0.029500 run_best_mrr20=0.075000 run_best_hr10=0.174100 run_test_mrr20=0.068700 run_test_hr10=0.176300

[4/20] learning_rate=0.000565
  -> MRR@20=0.074100  best=0.075000  (early_stop@25, trial=11.6min, avg=12.9min/trial, total=51.6min, ETA=3.44h)
[TRIAL_METRICS] cur_best_mrr20=0.074100 cur_best_hr10=0.174100 cur_test_mrr20=0.069400 cur_test_hr10=0.181400 run_best_mrr20=0.075000 run_best_hr10=0.174100 run_test_mrr20=0.068700 run_test_hr10=0.176300

[5/20] learning_rate=0.003312
  -> MRR@20=0.018900  best=0.075000  (early_stop@23, trial=10.7min, avg=12.5min/trial, total=1.04h, ETA=3.12h)
[TRIAL_METRICS] cur_best_mrr20=0.018900 cur_best_hr10=0.052200 cur_test_mrr20=0.016400 cur_test_hr10=0.042900 run_best_mrr20=0.075000 run_best_hr10=0.174100 run_test_mrr20=0.068700 run_test_hr10=0.176300

[6/20] learning_rate=0.0002214
  -> MRR@20=0.071400  best=0.075000  (early_stop@36, trial=16.6min, avg=13.2min/trial, total=1.32h, ETA=3.07h)
[TRIAL_METRICS] cur_best_mrr20=0.071400 cur_best_hr10=0.174500 cur_test_mrr20=0.068600 cur_test_hr10=0.167500 run_best_mrr20=0.075000 run_best_hr10=0.174100 run_test_mrr20=0.068700 run_test_hr10=0.176300

[7/20] learning_rate=0.0002544
  -> MRR@20=0.070600  best=0.075000  (early_stop@32, trial=14.9min, avg=13.4min/trial, total=1.57h, ETA=2.91h)
[TRIAL_METRICS] cur_best_mrr20=0.070600 cur_best_hr10=0.181900 cur_test_mrr20=0.070500 cur_test_hr10=0.168000 run_best_mrr20=0.075000 run_best_hr10=0.174100 run_test_mrr20=0.068700 run_test_hr10=0.176300

[8/20] learning_rate=0.0003873
  -> MRR@20=0.072100  best=0.075000  (early_stop@32, trial=14.8min, avg=13.6min/trial, total=1.81h, ETA=2.72h)
[TRIAL_METRICS] cur_best_mrr20=0.072100 cur_best_hr10=0.167100 cur_test_mrr20=0.070800 cur_test_hr10=0.172600 run_best_mrr20=0.075000 run_best_hr10=0.174100 run_test_mrr20=0.068700 run_test_hr10=0.176300

[9/20] learning_rate=0.002409
  -> MRR@20=0.061100  best=0.075000  (early_stop@40, trial=18.9min, avg=14.2min/trial, total=2.13h, ETA=2.60h)
[TRIAL_METRICS] cur_best_mrr20=0.061100 cur_best_hr10=0.148200 cur_test_mrr20=0.055100 cur_test_hr10=0.150000 run_best_mrr20=0.075000 run_best_hr10=0.174100 run_test_mrr20=0.068700 run_test_hr10=0.176300

[10/20] learning_rate=0.000252
  -> MRR@20=0.070600  best=0.075000  (early_stop@32, trial=15.4min, avg=14.3min/trial, total=2.38h, ETA=2.38h)
[TRIAL_METRICS] cur_best_mrr20=0.070600 cur_best_hr10=0.181000 cur_test_mrr20=0.070400 cur_test_hr10=0.166100 run_best_mrr20=0.075000 run_best_hr10=0.174100 run_test_mrr20=0.068700 run_test_hr10=0.176300

[11/20] learning_rate=0.0002453
  -> MRR@20=0.071100  best=0.075000  (early_stop@34, trial=16.4min, avg=14.5min/trial, total=2.66h, ETA=2.17h)
[TRIAL_METRICS] cur_best_mrr20=0.071100 cur_best_hr10=0.182400 cur_test_mrr20=0.071000 cur_test_hr10=0.169400 run_best_mrr20=0.075000 run_best_hr10=0.174100 run_test_mrr20=0.068700 run_test_hr10=0.176300

[12/20] learning_rate=0.0009769
  -> MRR@20=0.071500  best=0.075000  (early_stop@22, trial=10.4min, avg=14.2min/trial, total=2.83h, ETA=1.89h)
[TRIAL_METRICS] cur_best_mrr20=0.071500 cur_best_hr10=0.181900 cur_test_mrr20=0.067500 cur_test_hr10=0.173100 run_best_mrr20=0.075000 run_best_hr10=0.174100 run_test_mrr20=0.068700 run_test_hr10=0.176300

[13/20] learning_rate=0.002152
  -> MRR@20=0.062000  best=0.075000  (early_stop@35, trial=16.5min, avg=14.3min/trial, total=3.11h, ETA=1.67h)
[TRIAL_METRICS] cur_best_mrr20=0.062000 cur_best_hr10=0.147300 cur_test_mrr20=0.057300 cur_test_hr10=0.142600 run_best_mrr20=0.075000 run_best_hr10=0.174100 run_test_mrr20=0.068700 run_test_hr10=0.176300

[14/20] learning_rate=0.0003815
  -> MRR@20=0.072900  best=0.075000  (early_stop@32, trial=15.4min, avg=14.4min/trial, total=3.36h, ETA=1.44h)
[TRIAL_METRICS] cur_best_mrr20=0.072900 cur_best_hr10=0.169000 cur_test_mrr20=0.070700 cur_test_hr10=0.175800 run_best_mrr20=0.075000 run_best_hr10=0.174100 run_test_mrr20=0.068700 run_test_hr10=0.176300

[15/20] learning_rate=0.001599
  -> MRR@20=0.069400  best=0.075000  (early_stop@24, trial=11.3min, avg=14.2min/trial, total=3.55h, ETA=1.18h)
[TRIAL_METRICS] cur_best_mrr20=0.069400 cur_best_hr10=0.163000 cur_test_mrr20=0.068200 cur_test_hr10=0.168000 run_best_mrr20=0.075000 run_best_hr10=0.174100 run_test_mrr20=0.068700 run_test_hr10=0.176300

[16/20] learning_rate=0.0004963
  -> MRR@20=0.070600  best=0.075000  (early_stop@27, trial=12.4min, avg=14.1min/trial, total=3.76h, ETA=56.4min)
[TRIAL_METRICS] cur_best_mrr20=0.070600 cur_best_hr10=0.174100 cur_test_mrr20=0.070700 cur_test_hr10=0.173100 run_best_mrr20=0.075000 run_best_hr10=0.174100 run_test_mrr20=0.068700 run_test_hr10=0.176300

[17/20] learning_rate=0.002227
  -> MRR@20=0.068000  best=0.075000  (early_stop@40, trial=18.2min, avg=14.3min/trial, total=4.06h, ETA=43.0min)
[TRIAL_METRICS] cur_best_mrr20=0.068000 cur_best_hr10=0.166200 cur_test_mrr20=0.061800 cur_test_hr10=0.161100 run_best_mrr20=0.075000 run_best_hr10=0.174100 run_test_mrr20=0.068700 run_test_hr10=0.176300

[18/20] learning_rate=0.001221
  -> MRR@20=0.069300  best=0.075000  (early_stop@19, trial=8.7min, avg=14.0min/trial, total=4.21h, ETA=28.0min)
[TRIAL_METRICS] cur_best_mrr20=0.069300 cur_best_hr10=0.170800 cur_test_mrr20=0.064400 cur_test_hr10=0.160600 run_best_mrr20=0.075000 run_best_hr10=0.174100 run_test_mrr20=0.068700 run_test_hr10=0.176300

[19/20] learning_rate=0.0006619
  -> MRR@20=0.072200  best=0.075000  (early_stop@25, trial=11.5min, avg=13.9min/trial, total=4.40h, ETA=13.9min)
[TRIAL_METRICS] cur_best_mrr20=0.072200 cur_best_hr10=0.174100 cur_test_mrr20=0.069500 cur_test_hr10=0.173500 run_best_mrr20=0.075000 run_best_hr10=0.174100 run_test_mrr20=0.068700 run_test_hr10=0.176300

[20/20] learning_rate=0.002679
  -> MRR@20=0.044700  best=0.075000  (early_stop@80, trial=37.5min, avg=15.1min/trial, total=5.02h, ETA=0s)
[TRIAL_METRICS] cur_best_mrr20=0.044700 cur_best_hr10=0.118700 cur_test_mrr20=0.042500 cur_test_hr10=0.116300 run_best_mrr20=0.075000 run_best_hr10=0.174100 run_test_mrr20=0.068700 run_test_hr10=0.176300
[1;35mEvaluate   [0m:   0%|                                                            | 0/1 [00:00<?, ?it/s][0m[1;35mEvaluate   [0m:   0%|                                  | 0/1 [00:00<?, ?it/s, [1;33mGPU RAM: 15.71 G/23.56 G[0m][0m[1;35mEvaluate   [0m: 100%|██████████████████████████| 1/1 [00:00<00:00,  1.07it/s, [1;33mGPU RAM: 15.71 G/23.56 G[0m][0m                                                                                                    [1;35mEvaluate   [0m:   0%|                                                            | 0/1 [00:00<?, ?it/s][0m[1;35mEvaluate   [0m:   0%|                                  | 0/1 [00:00<?, ?it/s, [1;33mGPU RAM: 15.71 G/23.56 G[0m][0m[1;35mEvaluate   [0m: 100%|██████████████████████████| 1/1 [00:00<00:00,  1.08it/s, [1;33mGPU RAM: 15.71 G/23.56 G[0m][0m                                                                                                    [1;35mEvaluate   [0m:   0%|                                                            | 0/1 [00:00<?, ?it/s][0m[1;35mEvaluate   [0m:   0%|                                  | 0/1 [00:00<?, ?it/s, [1;33mGPU RAM: 15.71 G/23.56 G[0m][0m[1;35mEvaluate   [0m: 100%|██████████████████████████| 1/1 [00:00<00:00,  1.10it/s, [1;33mGPU RAM: 15.71 G/23.56 G[0m][0m                                                                                                    
=================================================================
  DONE  |  FeaturedMoE_N3 x movielens1m
  Best MRR@20 = 0.075000  |  20/20 trials OK
  Best HR@10  = 0.174100
  Test MRR@20 = 0.068700  (best-valid checkpoint)
  Test HR@10  = 0.176300  (best-valid checkpoint)
[RUN_METRICS] best_valid_mrr20=0.075000 best_valid_hr10=0.174100 test_mrr20=0.068700 test_hr10=0.176300
  Total time: 301.5 min
  Best params:
    learning_rate: 0.000680384
  Results -> /workspace/jy1559/FMoE/experiments/run/artifacts/results/fmoe_n3/movielens1m_FeaturedMoE_N3_p14_fad_a6_movielens1m_h14_s2_20260408_105037_590302_pid388996.json
  Normal mirror -> /workspace/jy1559/FMoE/experiments/run/artifacts/results/fmoe_n3/normal/final_all_datasets/P14/movielens1m/FMoEN3/movielens1m_FeaturedMoE_N3_p14_fad_a6_movielens1m_h14_s2_20260408_105037_590302_pid388996.json
  Special result -> /workspace/jy1559/FMoE/experiments/run/artifacts/results/fmoe_n3/special/final_all_datasets/P14/movielens1m/FMoEN3/movielens1m_FeaturedMoE_N3_p14_fad_a6_movielens1m_h14_s2_20260408_105037_590302_pid388996_special_metrics.json
  Special log -> /workspace/jy1559/FMoE/experiments/run/artifacts/logs/fmoe_n3/special/final_all_datasets/P14/movielens1m/FMoEN3/movielens1m_FeaturedMoE_N3_p14_fad_a6_movielens1m_h14_s2_20260408_105037_590302_pid388996_special_metrics.json
=================================================================

[RUN_STATUS] END status=normal pid=388996 start=2026-04-08T10:50:37 end=2026-04-08T15:52:07
