[STAGEH_TARGETEDRECOVERY_ANCHOR2_CORE5_SETTING_HEADER]
run_phase=P23_SH_C05_MTISASREC_XFER_FOURSQUARE_FAD_H3_R1_C2_REGLO_S1 run_id=SH_RETAIL_ROCKET_TISASREC_XFER_FOURSQUARE_FAD_H3_R1_C2_REGLO_S1 phase_id=P23 axis_id=SH model=TiSASRec candidate_id=XFER_foursquare_FAD_H3_R1_C2_REGLO seed=1
dataset=retail_rocket gpu=5 order=0 candidate_source=stageh_screen_variant source_stage=Final_all_datasets_variant transfer_from_dataset=foursquare
max_evals=5 tune_epochs=34 tune_patience=5
seed=230064

[COMMAND]
- /venv/FMoE/bin/python hyperopt_tune.py --config-name tune_rr --max-evals 5 --tune-epochs 34 --tune-patience 5 --seed 230064 --run-group baseline --run-axis StageH_TargetedRecovery_anchor2_core5 --run-phase P23_SH_C05_MTISASREC_XFER_FOURSQUARE_FAD_H3_R1_C2_REGLO_S1 model=tisasrec dataset=retail_rocket eval_mode=session_fixed feature_mode=full_v3 gpu_id=5 log_wandb=false show_progress=false ++special_logging=true ++seed=230064 ++search={learning_rate:[0.00043648191043688925,0.0008251579941392081]} ++search_space_type_overrides={learning_rate:"loguniform"} ++weight_decay=0.00014 ++search.weight_decay=[0.00014] ++search_space_type_overrides.weight_decay=choice ++search.n_layers=[2] ++search_space_type_overrides.n_layers=choice ++search.num_layers=[2] ++search_space_type_overrides.num_layers=choice ++search.n_heads=[4] ++search_space_type_overrides.n_heads=choice ++search.num_heads=[4] ++search_space_type_overrides.num_heads=choice ++search.dropout_ratio=[0.13] ++search_space_type_overrides.dropout_ratio=choice ++search.dropout_prob=[0.13] ++search_space_type_overrides.dropout_prob=choice ++search.hidden_dropout_prob=[0.13] ++search_space_type_overrides.hidden_dropout_prob=choice ++search.attn_dropout_prob=[0.13] ++search_space_type_overrides.attn_dropout_prob=choice ++search.hidden_size=[160] ++search_space_type_overrides.hidden_size=choice ++search.embedding_size=[160] ++search_space_type_overrides.embedding_size=choice ++search.inner_size=[320] ++search_space_type_overrides.inner_size=choice ++search.time_span=[384] ++search_space_type_overrides.time_span=choice ++search.num_experts=[8] ++search_space_type_overrides.num_experts=choice ++search.state_size=[32] ++search_space_type_overrides.state_size=choice ++search.conv_kernel=[8] ++search_space_type_overrides.conv_kernel=choice ++search.remaining_ratio=[0.7] ++search_space_type_overrides.remaining_ratio=choice ++search.MAX_ITEM_LIST_LENGTH=[20] ++search_space_type_overrides.MAX_ITEM_LIST_LENGTH=choice ++dropout_ratio=0.13 ++train_batch_size=1443 ++eval_batch_size=2165 ++hidden_size=160 ++embedding_size=160 ++MAX_ITEM_LIST_LENGTH=20 ++n_layers=2 ++num_layers=2 ++n_heads=4 ++num_heads=4 ++inner_size=320 ++time_span=384
/venv/FMoE/lib/python3.10/site-packages/ray/_private/parameter.py:4: UserWarning: pkg_resources is deprecated as an API. See https://setuptools.pypa.io/en/latest/pkg_resources.html. The pkg_resources package is slated for removal as early as 2025-11-30. Refrain from using this package or pin to Setuptools<81.
  import pkg_resources
[RUN_STATUS] START pid=551697 ts=2026-04-10T12:12:50

=================================================================
  Hyperopt TPE  |  TiSASRec x retail_rocket
  max_evals=5  epochs=34  patience=5  wandb=off
  batch_size(train/valid/test)=1443/2165/2165
  track=baseline  axis=stageh_targetedrecovery_anchor2_core5  phase=P23_SH_C05_MTISASREC_XFER_FOURSQUARE_FAD_H3_R1_C2_REGLO_S1
=================================================================
Changed knobs: learning_rate
Tuned params(len>1): 1  (~1 discrete combos)
Tuned groups: 1
  [optimization]
    learning_rate                   [0.00043648191043688925, 0.0008251579941392081]  -> loguniform
Fixed params(singleton/non-list): 18
Fixed groups: 18
  [optimization]
    hidden_dropout_prob             0.13                                    
    weight_decay                    0.00014                                 
  [model_core]
    attn_dropout_prob               0.13                                    
    dropout_prob                    0.13                                    
    dropout_ratio                   0.13                                    
    embedding_size                  160                                     
    hidden_size                     160                                     
    inner_size                      320                                     
    num_heads                       4                                       
    num_layers                      2                                       
  [other]
    MAX_ITEM_LIST_LENGTH            20                                      
    conv_kernel                     8                                       
    n_heads                         4                                       
    n_layers                        2                                       
    num_experts                     8                                       
    remaining_ratio                 0.7                                     
    state_size                      32                                      
    time_span                       384                                     

[Wandb] disabled for this hyperopt run

[1/5] learning_rate=0.000596
  -> MRR@20=0.258800  best=0.258800  (early_stop@14, trial=5.5min, avg=5.9min/trial, total=5.9min, ETA=23.4min)
[TRIAL_METRICS] cur_best_mrr20=0.258800 cur_best_hr10=0.412900 cur_test_mrr20=0.260200 cur_test_hr10=0.415900 run_best_mrr20=0.258800 run_best_hr10=0.412900 run_test_mrr20=0.260200 run_test_hr10=0.415900

[2/5] learning_rate=0.0005116
  -> MRR@20=0.257700  best=0.258800  (early_stop@17, trial=6.6min, avg=6.2min/trial, total=12.5min, ETA=18.7min)
[TRIAL_METRICS] cur_best_mrr20=0.257700 cur_best_hr10=0.415900 cur_test_mrr20=0.262300 cur_test_hr10=0.420300 run_best_mrr20=0.258800 run_best_hr10=0.412900 run_test_mrr20=0.260200 run_test_hr10=0.415900

[3/5] learning_rate=0.0005497
  -> MRR@20=0.257800  best=0.258800  (early_stop@14, trial=5.5min, avg=6.0min/trial, total=18.0min, ETA=12.0min)
[TRIAL_METRICS] cur_best_mrr20=0.257800 cur_best_hr10=0.410200 cur_test_mrr20=0.258800 cur_test_hr10=0.413600 run_best_mrr20=0.258800 run_best_hr10=0.412900 run_test_mrr20=0.260200 run_test_hr10=0.415900

[4/5] learning_rate=0.0004707
