# job_id=KuaiRec_tisasrec  dataset=KuaiRec  model=tisasrec
# cmd=/venv/FMoE/bin/python hyperopt_tune.py --config-name tune_kuai_cikm --search-algo tpe --max-evals 5 --tune-epochs 100 --tune-patience 10 --seed 42 --run-group cikm --run-axis cikm_main_baselines --run-phase P0 model=tisasrec dataset=KuaiRec eval_mode=session_fixed feature_mode=final ++dataset_root=/workspace/FeaturedMoE/Datasets/processed ++data_path=/workspace/FeaturedMoE/Datasets/processed/final_dataset ++eval_sampling.mode=full ++eval_sampling.auto_full_threshold=999999999 ++exclude_unseen_target_from_main_eval=true ++log_unseen_target_metrics=true gpu_id=2 log_wandb=false show_progress=false ++seed=42 ++MAX_ITEM_LIST_LENGTH=10 ++hidden_dropout_prob=0.15 ++search.hidden_dropout_prob=0.15 ++attn_dropout_prob=0.15 ++search.attn_dropout_prob=0.15 ++n_layers=2 ++search.n_layers=2 ++n_heads=4 ++search.n_heads=4 ++time_span=256 ++search.time_span=256 ++search.learning_rate=[0.0005,0.001,0.0015,0.002,0.003] ++search_space_type_overrides.learning_rate=loguniform ++search.weight_decay=[0,5e-05,0.0001] ++search_space_type_overrides.weight_decay=loguniform_zero

/workspace/FeaturedMoE/experiments/recbole_patch.py:98: FutureWarning: In the future `np.object` will be defined as the corresponding NumPy scalar.
  if not hasattr(np, _k):
/workspace/FeaturedMoE/experiments/recbole_patch.py:98: FutureWarning: In the future `np.str` will be defined as the corresponding NumPy scalar.
  if not hasattr(np, _k):
[RUN_STATUS] START pid=665794 ts=2026-05-08T12:41:37

=================================================================
  Hyperopt  |  TiSASRec x KuaiRec
  max_evals=5  epochs=100  patience=10  wandb=off
  search_algo=tpe
  batch_size(train/valid/test)=2048/2048/2048
  track=cikm  axis=cikm_main_baselines  phase=P0
=================================================================
Changed knobs: learning_rate, weight_decay
Tuned params(len>1): 2  (~1 discrete combos)
Tuned groups: 2
  [optimization]
    learning_rate                   [0.0005, 0.001, 0.0015, 0.002, 0.003]     -> loguniform
    weight_decay                    [0, 5e-05, 0.0001]                        -> loguniform_zero
Fixed params(singleton/non-list): 5
Fixed groups: 5
  [optimization]
    hidden_dropout_prob             0.15                                    
  [model_core]
    attn_dropout_prob               0.15                                    
  [other]
    n_heads                         4                                       
    n_layers                        2                                       
    time_span                       256                                     

[Wandb] disabled for this hyperopt run

[1/5] learning_rate=0.001519, weight_decay=0
  -> MRR@20=0.014200  best=0.014200  (early_stop@24, trial=35.7min, avg=37.9min/trial, total=37.9min, ETA=2.53h)
[TRIAL_METRICS] cur_best_mrr20=0.014200 cur_best_hr10=0.031000 cur_test_mrr20=0.216400 cur_test_hr10=0.287300 avg_epoch_time_sec=89.0826 test_eval_time_sec=0.6360 test_eval_batches_per_sec=23.5863 test_eval_targets_per_sec=46023.0686 run_best_mrr20=0.014200 run_best_hr10=0.031000 run_test_mrr20=0.216400 run_test_hr10=0.287300

[2/5] learning_rate=0.002338, weight_decay=7.622e-05
  -> MRR@20=0.010800  best=0.014200  (early_stop@23, trial=34.2min, avg=36.1min/trial, total=1.20h, ETA=1.80h)
[TRIAL_METRICS] cur_best_mrr20=0.010800 cur_best_hr10=0.022700 cur_test_mrr20=0.136600 cur_test_hr10=0.170100 avg_epoch_time_sec=89.1021 test_eval_time_sec=0.6761 test_eval_batches_per_sec=22.1869 test_eval_targets_per_sec=43292.5048 run_best_mrr20=0.014200 run_best_hr10=0.031000 run_test_mrr20=0.216400 run_test_hr10=0.287300

[3/5] learning_rate=0.0005705, weight_decay=0
  -> MRR@20=0.015700  best=0.015700  (early_stop@28, trial=41.6min, avg=37.9min/trial, total=1.90h, ETA=1.26h)
[TRIAL_METRICS] cur_best_mrr20=0.015700 cur_best_hr10=0.030500 cur_test_mrr20=0.271100 cur_test_hr10=0.332600 avg_epoch_time_sec=89.1703 test_eval_time_sec=0.6615 test_eval_batches_per_sec=22.6747 test_eval_targets_per_sec=44244.4817 run_best_mrr20=0.015700 run_best_hr10=0.030500 run_test_mrr20=0.271100 run_test_hr10=0.332600

[4/5] learning_rate=0.001445, weight_decay=5.792e-05
  -> MRR@20=0.011500  best=0.015700  (early_stop@20, trial=29.7min, avg=35.9min/trial, total=2.39h, ETA=35.9min)
[TRIAL_METRICS] cur_best_mrr20=0.011500 cur_best_hr10=0.025000 cur_test_mrr20=0.137500 cur_test_hr10=0.169700 avg_epoch_time_sec=89.0642 test_eval_time_sec=0.6639 test_eval_batches_per_sec=22.5937 test_eval_targets_per_sec=44086.4180 run_best_mrr20=0.015700 run_best_hr10=0.030500 run_test_mrr20=0.271100 run_test_hr10=0.332600

[5/5] learning_rate=0.0005945, weight_decay=0
  -> MRR@20=0.015400  best=0.015700  (early_stop@20, trial=29.8min, avg=34.7min/trial, total=2.89h, ETA=0s)
[TRIAL_METRICS] cur_best_mrr20=0.015400 cur_best_hr10=0.031200 cur_test_mrr20=0.275100 cur_test_hr10=0.336900 avg_epoch_time_sec=89.2581 test_eval_time_sec=0.6641 test_eval_batches_per_sec=22.5873 test_eval_targets_per_sec=44073.8034 run_best_mrr20=0.015700 run_best_hr10=0.030500 run_test_mrr20=0.271100 run_test_hr10=0.332600

=================================================================
  DONE  |  TiSASRec x KuaiRec
  Best MRR@20 = 0.015700  |  5/5 trials OK
  Best HR@10  = 0.030500
  Test MRR@20 = 0.271100  (best-valid checkpoint)
  Test HR@10  = 0.332600  (best-valid checkpoint)
  Avg epoch time = 89.170 sec/epoch
  Final test eval = 0.662 sec | batches/s=22.675 | targets/s=44244.482
[RUN_METRICS] best_valid_mrr20=0.015700 best_valid_hr10=0.030500 test_mrr20=0.271100 test_hr10=0.332600 avg_epoch_time_sec=89.1703 test_eval_time_sec=0.6615 test_eval_batches_per_sec=22.6747 test_eval_targets_per_sec=44244.4817
  Total time: 173.3 min
  Best params:
    learning_rate: 0.000570544
    weight_decay: 0
  Results -> /workspace/FeaturedMoE/experiments/run/artifacts/results/cikm/KuaiRec_TiSASRec_p0_20260508_124137_580504_pid665794.json
  Normal mirror -> /workspace/FeaturedMoE/experiments/run/artifacts/results/cikm/normal/cikm_main_baselines/P0/KuaiRec/TiSASRec/KuaiRec_TiSASRec_p0_20260508_124137_580504_pid665794.json
  Special result -> /workspace/FeaturedMoE/experiments/run/artifacts/results/cikm/special/cikm_main_baselines/P0/KuaiRec/TiSASRec/KuaiRec_TiSASRec_p0_20260508_124137_580504_pid665794_special_metrics.json
  Special log -> /workspace/FeaturedMoE/experiments/run/artifacts/logs/cikm/special/cikm_main_baselines/P0/KuaiRec/TiSASRec/KuaiRec_TiSASRec_p0_20260508_124137_580504_pid665794_special_metrics.json
=================================================================

[RUN_STATUS] END status=normal pid=665794 start=2026-05-08T12:41:37 end=2026-05-08T15:34:55
