# job_id=lastfm_tisasrec  dataset=lastfm  model=tisasrec
# cmd=/venv/FMoE/bin/python hyperopt_tune.py --config-name tune_lfm_cikm --search-algo tpe --max-evals 5 --tune-epochs 100 --tune-patience 10 --seed 42 --run-group cikm --run-axis cikm_main_baselines --run-phase P0 model=tisasrec dataset=lastfm eval_mode=session_fixed feature_mode=final ++dataset_root=/workspace/FeaturedMoE/Datasets/processed ++data_path=/workspace/FeaturedMoE/Datasets/processed/final_dataset ++eval_sampling.mode=full ++eval_sampling.auto_full_threshold=999999999 ++exclude_unseen_target_from_main_eval=true ++log_unseen_target_metrics=true gpu_id=1 log_wandb=false show_progress=false ++seed=42 ++eval_sampling.mode=auto ++eval_sampling.auto_full_threshold=100000 ++eval_sampling.sample_num=1000 ++MAX_ITEM_LIST_LENGTH=10 ++hidden_dropout_prob=0.12 ++search.hidden_dropout_prob=0.12 ++attn_dropout_prob=0.12 ++search.attn_dropout_prob=0.12 ++n_layers=2 ++search.n_layers=2 ++n_heads=4 ++search.n_heads=4 ++time_span=256 ++search.time_span=256 ++search.learning_rate=[0.0003,0.0005,0.0008,0.0012,0.002] ++search_space_type_overrides.learning_rate=loguniform ++search.weight_decay=[0,5e-05,0.0001] ++search_space_type_overrides.weight_decay=loguniform_zero

/workspace/FeaturedMoE/experiments/recbole_patch.py:98: FutureWarning: In the future `np.object` will be defined as the corresponding NumPy scalar.
  if not hasattr(np, _k):
/workspace/FeaturedMoE/experiments/recbole_patch.py:98: FutureWarning: In the future `np.str` will be defined as the corresponding NumPy scalar.
  if not hasattr(np, _k):
[RUN_STATUS] START pid=720409 ts=2026-05-09T13:41:18

=================================================================
  Hyperopt  |  TiSASRec x lastfm
  max_evals=5  epochs=100  patience=10  wandb=off
  search_algo=tpe
  batch_size(train/valid/test)=2048/1024/1024
  track=cikm  axis=cikm_main_baselines  phase=P0
=================================================================
Changed knobs: learning_rate, weight_decay
Tuned params(len>1): 2  (~1 discrete combos)
Tuned groups: 2
  [optimization]
    learning_rate                   [0.0003, 0.0005, 0.0008, 0.0012, 0.002]   -> loguniform
    weight_decay                    [0, 5e-05, 0.0001]                        -> loguniform_zero
Fixed params(singleton/non-list): 5
Fixed groups: 5
  [optimization]
    hidden_dropout_prob             0.12                                    
  [model_core]
    attn_dropout_prob               0.12                                    
  [other]
    n_heads                         4                                       
    n_layers                        2                                       
    time_span                       256                                     

[Wandb] disabled for this hyperopt run

[1/5] learning_rate=0.0009728, weight_decay=0
