# stage=A dataset=lastfm0.03 model=gru4rec candidate=A007_L04
# cmd=/venv/FMoE/bin/python hyperopt_tune.py --config-name tune_lfm_small --max-evals 1 --tune-epochs 18 --tune-patience 4 --search-algo random --seed 1 --run-group baseline_2 --run-axis ABCD_v1 --run-phase ABCD_v1_A_DLASTFM0.03_MGRU4REC_A007_L04_S1 model=gru4rec dataset=lastfm0.03 eval_mode=session_fixed feature_mode=full_v4 gpu_id=5 log_wandb=false show_progress=false ++MAX_ITEM_LIST_LENGTH=100 ++eval_sampling.mode=full ++eval_sampling.auto_full_threshold=999999999 ++special_logging=true ++exclude_unseen_target_from_main_eval=true ++log_unseen_target_metrics=true ++hidden_size=128 ++embedding_size=128 ++num_layers=1 ++dropout_prob=0.1 ++seed=1 ++search.MAX_ITEM_LIST_LENGTH=[100] ++search.weight_decay=[0.0001] ++search.hidden_size=[128] ++search.embedding_size=[128] ++search.num_layers=[1] ++search.learning_rate=[0.0006] ++search.dropout_prob=[0.1] ++search.hidden_dropout_prob=[0.1] ++search_space_type_overrides.MAX_ITEM_LIST_LENGTH=choice ++search_space_type_overrides.weight_decay=choice ++search_space_type_overrides.hidden_size=choice ++search_space_type_overrides.embedding_size=choice ++search_space_type_overrides.num_layers=choice ++search_space_type_overrides.learning_rate=choice ++search_space_type_overrides.dropout_prob=choice ++search_space_type_overrides.hidden_dropout_prob=choice

/venv/FMoE/lib/python3.10/site-packages/ray/_private/parameter.py:4: UserWarning: pkg_resources is deprecated as an API. See https://setuptools.pypa.io/en/latest/pkg_resources.html. The pkg_resources package is slated for removal as early as 2025-11-30. Refrain from using this package or pin to Setuptools<81.
  import pkg_resources
[RUN_STATUS] START pid=843417 ts=2026-04-13T23:26:08
[UniqueChoice] enabled: dedupe/remap duplicates across 3 finite combos

=================================================================
  Hyperopt  |  GRU4Rec x lastfm0.03
  max_evals=1  epochs=18  patience=4  wandb=off
  search_algo=random
  batch_size(train/valid/test)=2048/4096/4096
  track=baseline_2  axis=abcd_v1  phase=ABCD_v1_A_DLASTFM0.03_MGRU4REC_A007_L04_S1
=================================================================
Changed knobs: dropout_ratio
Tuned params(len>1): 1  (~3 discrete combos)
Tuned groups: 1
  [model_core]
    dropout_ratio                   [0.0, 0.1, 0.2]                           -> choice
Fixed params(singleton/non-list): 8
Fixed groups: 8
  [optimization]
    hidden_dropout_prob             0.1                                     
    learning_rate                   0.0006                                  
    weight_decay                    0.0001                                  
  [model_core]
    dropout_prob                    0.1                                     
    embedding_size                  128                                     
    hidden_size                     128                                     
    num_layers                      1                                       
  [other]
    MAX_ITEM_LIST_LENGTH            100                                     

[Wandb] disabled for this hyperopt run

[1/1] dropout_ratio=0
  -> MRR@20=0.193800  best=0.193800  (full@18, trial=1.9min, avg=1.9min/trial, total=1.9min, ETA=0s)
[TRIAL_METRICS] cur_best_mrr20=0.193800 cur_best_hr10=0.268000 cur_test_mrr20=0.177500 cur_test_hr10=0.259600 run_best_mrr20=0.193800 run_best_hr10=0.268000 run_test_mrr20=0.177500 run_test_hr10=0.259600

=================================================================
  DONE  |  GRU4Rec x lastfm0.03
  Best MRR@20 = 0.193800  |  1/1 trials OK
  Best HR@10  = 0.268000
  Test MRR@20 = 0.177500  (best-valid checkpoint)
  Test HR@10  = 0.259600  (best-valid checkpoint)
[RUN_METRICS] best_valid_mrr20=0.193800 best_valid_hr10=0.268000 test_mrr20=0.177500 test_hr10=0.259600
  Total time: 1.9 min
  Best params:
    dropout_ratio: 0
  Results -> /workspace/FeaturedMoE/experiments/run/artifacts/results/baseline_2/lastfm0.03_GRU4Rec_abcd_v1_a_dlastfm0.03_mgru4rec_a007_l04_s1_20260413_232608_446215_pid843417.json
  Normal mirror -> /workspace/FeaturedMoE/experiments/run/artifacts/results/baseline_2/normal/abcd_v1/ABCD/lastfm0.03/GRU4Rec/lastfm0.03_GRU4Rec_abcd_v1_a_dlastfm0.03_mgru4rec_a007_l04_s1_20260413_232608_446215_pid843417.json
  Special result -> /workspace/FeaturedMoE/experiments/run/artifacts/results/baseline_2/special/abcd_v1/ABCD/lastfm0.03/GRU4Rec/lastfm0.03_GRU4Rec_abcd_v1_a_dlastfm0.03_mgru4rec_a007_l04_s1_20260413_232608_446215_pid843417_special_metrics.json
  Special log -> /workspace/FeaturedMoE/experiments/run/artifacts/logs/baseline_2/special/abcd_v1/ABCD/lastfm0.03/GRU4Rec/lastfm0.03_GRU4Rec_abcd_v1_a_dlastfm0.03_mgru4rec_a007_l04_s1_20260413_232608_446215_pid843417_special_metrics.json
=================================================================

[RUN_STATUS] END status=normal pid=843417 start=2026-04-13T23:26:08 end=2026-04-13T23:28:04
