# job_id=S3_LASTFM0_03_SASREC_C1_SEED2 dataset=lastfm0.03 model=sasrec stage=stage3
# cmd=/venv/FMoE/bin/python hyperopt_tune.py --config-name tune_lfm_small --search-algo tpe --max-evals 1 --tune-epochs 100 --tune-patience 10 --seed 810036 --run-group final_experiment --run-axis stage3_seed_confirm --run-phase S3_LASTFM0_03_SASREC_C1_SEED2 model=sasrec dataset=lastfm0.03 eval_mode=session_fixed feature_mode=full_v4 ++eval_sampling.mode=full ++eval_sampling.auto_full_threshold=999999999 ++special_logging=true ++exclude_unseen_target_from_main_eval=true ++log_unseen_target_metrics=true gpu_id=0 log_wandb=false show_progress=false ++seed=810036 --max-run-hours 2 --oom-retry-limit 5 ++search.dropout_ratio=[0.15] ++search_space_type_overrides.dropout_ratio=choice ++search.inner_size=[256] ++search_space_type_overrides.inner_size=choice ++search.MAX_ITEM_LIST_LENGTH=[10] ++search_space_type_overrides.MAX_ITEM_LIST_LENGTH=choice ++search.attn_dropout_prob=[0.1] ++search_space_type_overrides.attn_dropout_prob=choice ++search.embedding_size=[64] ++search_space_type_overrides.embedding_size=choice ++search.hidden_dropout_prob=[0.15] ++search_space_type_overrides.hidden_dropout_prob=choice ++search.hidden_size=[160] ++search_space_type_overrides.hidden_size=choice ++search.learning_rate=[0.00020205] ++search_space_type_overrides.learning_rate=choice ++search.num_heads=[2] ++search_space_type_overrides.num_heads=choice ++search.num_layers=[3] ++search_space_type_overrides.num_layers=choice ++search.weight_decay=[5e-05] ++search_space_type_overrides.weight_decay=choice

/venv/FMoE/lib/python3.10/site-packages/ray/_private/parameter.py:4: UserWarning: pkg_resources is deprecated as an API. See https://setuptools.pypa.io/en/latest/pkg_resources.html. The pkg_resources package is slated for removal as early as 2025-11-30. Refrain from using this package or pin to Setuptools<81.
  import pkg_resources
[RUN_STATUS] START pid=1697277 ts=2026-04-18T13:20:37

=================================================================
  Hyperopt  |  SASRec x lastfm0.03
  max_evals=1  epochs=100  patience=10  wandb=off
  search_algo=tpe
  max_run_hours=2.000  (stop launching new trials after current trial)
  oom_retry_limit=5  (halve train/eval batch size on OOM)
  batch_size(train/valid/test)=2048/4096/4096
  track=final_experiment  axis=stage3_seed_confirm  phase=S3_LASTFM0_03_SASREC_C1_SEED2
=================================================================
Changed knobs: (none; single-run mode)
Tuned params(len>1): 0  (~1 discrete combos)
Tuned groups: 0
  (none)
Fixed params(singleton/non-list): 11
Fixed groups: 11
  [optimization]
    hidden_dropout_prob             0.15                                    
    learning_rate                   0.00020205                              
    weight_decay                    5e-05                                   
  [model_core]
    attn_dropout_prob               0.1                                     
    dropout_ratio                   0.15                                    
    embedding_size                  64                                      
    hidden_size                     160                                     
    inner_size                      256                                     
    num_heads                       2                                       
    num_layers                      3                                       
  [other]
    MAX_ITEM_LIST_LENGTH            10                                      

[Wandb] disabled for this hyperopt run

[1/1] (fixed-only run)
  -> MRR@20=0.309400  best=0.309400  (early_stop@69, trial=10.2min, avg=10.4min/trial, total=10.4min, ETA=0s)
[TRIAL_METRICS] cur_best_mrr20=0.309400 cur_best_hr10=0.380000 cur_test_mrr20=0.303100 cur_test_hr10=0.382700 avg_epoch_time_sec=8.8780 test_eval_time_sec=0.0781 test_eval_batches_per_sec=12.8118 test_eval_targets_per_sec=44059.8069 run_best_mrr20=0.309400 run_best_hr10=0.380000 run_test_mrr20=0.303100 run_test_hr10=0.382700

=================================================================
  DONE  |  SASRec x lastfm0.03
  Best MRR@20 = 0.309400  |  1/1 trials OK
  Best HR@10  = 0.380000
  Test MRR@20 = 0.303100  (best-valid checkpoint)
  Test HR@10  = 0.382700  (best-valid checkpoint)
  Avg epoch time = 8.878 sec/epoch
  Final test eval = 0.078 sec | batches/s=12.812 | targets/s=44059.807
[RUN_METRICS] best_valid_mrr20=0.309400 best_valid_hr10=0.380000 test_mrr20=0.303100 test_hr10=0.382700 avg_epoch_time_sec=8.8780 test_eval_time_sec=0.0781 test_eval_batches_per_sec=12.8118 test_eval_targets_per_sec=44059.8069
  Total time: 10.4 min
  Best params:
  Results -> /workspace/FeaturedMoE/experiments/run/artifacts/results/final_experiment/lastfm0.03_SASRec_s3_lastfm0_03_sasrec_c1_seed2_20260418_132038_183788_pid1697277.json
  Normal mirror -> /workspace/FeaturedMoE/experiments/run/artifacts/results/final_experiment/normal/stage3_seed_confirm/S3/lastfm0.03/SASRec/lastfm0.03_SASRec_s3_lastfm0_03_sasrec_c1_seed2_20260418_132038_183788_pid1697277.json
  Special result -> /workspace/FeaturedMoE/experiments/run/artifacts/results/final_experiment/special/stage3_seed_confirm/S3/lastfm0.03/SASRec/lastfm0.03_SASRec_s3_lastfm0_03_sasrec_c1_seed2_20260418_132038_183788_pid1697277_special_metrics.json
  Special log -> /workspace/FeaturedMoE/experiments/run/artifacts/logs/final_experiment/special/stage3_seed_confirm/S3/lastfm0.03/SASRec/lastfm0.03_SASRec_s3_lastfm0_03_sasrec_c1_seed2_20260418_132038_183788_pid1697277_special_metrics.json
=================================================================

[RUN_STATUS] END status=normal pid=1697277 start=2026-04-18T13:20:37 end=2026-04-18T13:31:03
