This is pdfTeX, Version 3.141592653-2.6-1.40.25 (TeX Live 2023/Debian) (preloaded format=pdflatex 2026.4.19)  21 APR 2026 22:03
entering extended mode
 restricted \write18 enabled.
 %&-line parsing enabled.
**sample-sigconf_final.tex
(./sample-sigconf_final.tex
LaTeX2e <2023-11-01> patch level 1
L3 programming layer <2024-01-22>
(./acmart.cls
Document Class: acmart 2025/08/27 v2.16 Typesetting articles for the Associatio
n for Computing Machinery
(/usr/share/texlive/texmf-dist/tex/latex/xkeyval/xkeyval.sty
Package: xkeyval 2022/06/16 v2.9 package option processing (HA)

(/usr/share/texlive/texmf-dist/tex/generic/xkeyval/xkeyval.tex
(/usr/share/texlive/texmf-dist/tex/generic/xkeyval/xkvutils.tex
\XKV@toks=\toks17
\XKV@tempa@toks=\toks18

(/usr/share/texlive/texmf-dist/tex/generic/xkeyval/keyval.tex))
\XKV@depth=\count187
File: xkeyval.tex 2014/12/03 v2.7a key=value parser (HA)
))
(/usr/share/texlive/texmf-dist/tex/generic/xstring/xstring.sty
(/usr/share/texlive/texmf-dist/tex/generic/xstring/xstring.tex
\xs_counta=\count188
\xs_countb=\count189
)
Package: xstring 2023/08/22 v1.86 String manipulations (CT)
)
(/usr/share/texlive/texmf-dist/tex/generic/iftex/iftex.sty
Package: iftex 2022/02/03 v1.0f TeX engine tests
)
Package acmart Info: Not using screen mode on input line 77.
Package acmart Info: Using breaking urls on hyphens on input line 85.
Package acmart Info: Requiring acmthm on input line 93.
Package acmart Info: Not using review mode on input line 102.
Package acmart Info: Not using authorversion mode on input line 110.
Package acmart Info: Not using nonacm mode on input line 122.
Package acmart Info: Explicitly selecting natbib mode on input line 138.
Package acmart Info: Not using anonymous mode on input line 146.
Package acmart Info: Not using timestamp mode on input line 154.
Package acmart Info: Not using authordraft mode on input line 164.
Package acmart Info: Using review mode on input line 179.
Package acmart Info: Using anonymous mode on input line 179.
Class acmart Info: Using format sigconf, number 4 on input line 179.
Class acmart Info: Using fontsize 9pt on input line 281.

(/usr/share/texlive/texmf-dist/tex/latex/amscls/amsart.cls
Document Class: amsart 2020/05/29 v2.20.6
\linespacing=\dimen140
\normalparindent=\dimen141
\normaltopskip=\skip48
(/usr/share/texlive/texmf-dist/tex/latex/amsmath/amsmath.sty
Package: amsmath 2023/05/13 v2.17o AMS math features
\@mathmargin=\skip49

For additional information on amsmath, use the `?' option.
(/usr/share/texlive/texmf-dist/tex/latex/amsmath/amstext.sty
Package: amstext 2021/08/26 v2.01 AMS text

(/usr/share/texlive/texmf-dist/tex/latex/amsmath/amsgen.sty
File: amsgen.sty 1999/11/30 v2.0 generic functions
\@emptytoks=\toks19
\ex@=\dimen142
))
(/usr/share/texlive/texmf-dist/tex/latex/amsmath/amsbsy.sty
Package: amsbsy 1999/11/29 v1.2d Bold Symbols
\pmbraise@=\dimen143
)
(/usr/share/texlive/texmf-dist/tex/latex/amsmath/amsopn.sty
Package: amsopn 2022/04/08 v2.04 operator names
)
\inf@bad=\count190
LaTeX Info: Redefining \frac on input line 234.
\uproot@=\count191
\leftroot@=\count192
LaTeX Info: Redefining \overline on input line 399.
LaTeX Info: Redefining \colon on input line 410.
\classnum@=\count193
\DOTSCASE@=\count194
LaTeX Info: Redefining \ldots on input line 496.
LaTeX Info: Redefining \dots on input line 499.
LaTeX Info: Redefining \cdots on input line 620.
\Mathstrutbox@=\box51
\strutbox@=\box52
LaTeX Info: Redefining \big on input line 722.
LaTeX Info: Redefining \Big on input line 723.
LaTeX Info: Redefining \bigg on input line 724.
LaTeX Info: Redefining \Bigg on input line 725.
\big@size=\dimen144
LaTeX Font Info:    Redeclaring font encoding OML on input line 743.
LaTeX Font Info:    Redeclaring font encoding OMS on input line 744.
\macc@depth=\count195
LaTeX Info: Redefining \bmod on input line 905.
LaTeX Info: Redefining \pmod on input line 910.
LaTeX Info: Redefining \smash on input line 940.
LaTeX Info: Redefining \relbar on input line 970.
LaTeX Info: Redefining \Relbar on input line 971.
\c@MaxMatrixCols=\count196
\dotsspace@=\muskip16
\c@parentequation=\count197
\dspbrk@lvl=\count198
\tag@help=\toks20
\row@=\count199
\column@=\count266
\maxfields@=\count267
\andhelp@=\toks21
\eqnshift@=\dimen145
\alignsep@=\dimen146
\tagshift@=\dimen147
\tagwidth@=\dimen148
\totwidth@=\dimen149
\lineht@=\dimen150
\@envbody=\toks22
\multlinegap=\skip50
\multlinetaggap=\skip51
\mathdisplay@stack=\toks23
LaTeX Info: Redefining \[ on input line 2953.
LaTeX Info: Redefining \] on input line 2954.
)
LaTeX Font Info:    Trying to load font information for U+msa on input line 397
.

(/usr/share/texlive/texmf-dist/tex/latex/amsfonts/umsa.fd
File: umsa.fd 2013/01/14 v3.01 AMS symbols A
)
(/usr/share/texlive/texmf-dist/tex/latex/amsfonts/amsfonts.sty
Package: amsfonts 2013/01/14 v3.01 Basic AMSFonts support
\symAMSa=\mathgroup4
\symAMSb=\mathgroup5
LaTeX Font Info:    Redeclaring math symbol \hbar on input line 98.
LaTeX Font Info:    Overwriting math alphabet `\mathfrak' in version `bold'
(Font)                  U/euf/m/n --> U/euf/b/n on input line 106.
)
\copyins=\insert252
\abstractbox=\box53
\listisep=\skip52
\c@part=\count268
\c@section=\count269
\c@subsection=\count270
\c@subsubsection=\count271
\c@paragraph=\count272
\c@subparagraph=\count273
\c@figure=\count274
\c@table=\count275
\abovecaptionskip=\skip53
\belowcaptionskip=\skip54
\captionindent=\dimen151
\thm@style=\toks24
\thm@bodyfont=\toks25
\thm@headfont=\toks26
\thm@notefont=\toks27
\thm@headpunct=\toks28
\thm@preskip=\skip55
\thm@postskip=\skip56
\thm@headsep=\skip57
\dth@everypar=\toks29
)
(/usr/share/texlive/texmf-dist/tex/latex/microtype/microtype.sty
Package: microtype 2023/03/13 v3.1a Micro-typographical refinements (RS)

(/usr/share/texlive/texmf-dist/tex/latex/etoolbox/etoolbox.sty
Package: etoolbox 2020/10/05 v2.5k e-TeX tools for LaTeX (JAW)
\etb@tempcnta=\count276
)
\MT@toks=\toks30
\MT@tempbox=\box54
\MT@count=\count277
LaTeX Info: Redefining \noprotrusionifhmode on input line 1059.
LaTeX Info: Redefining \leftprotrusion on input line 1060.
\MT@prot@toks=\toks31
LaTeX Info: Redefining \rightprotrusion on input line 1078.
LaTeX Info: Redefining \textls on input line 1368.
\MT@outer@kern=\dimen152
LaTeX Info: Redefining \textmicrotypecontext on input line 1988.
\MT@listname@count=\count278

(/usr/share/texlive/texmf-dist/tex/latex/microtype/microtype-pdftex.def
File: microtype-pdftex.def 2023/03/13 v3.1a Definitions specific to pdftex (RS)

LaTeX Info: Redefining \lsstyle on input line 902.
LaTeX Info: Redefining \lslig on input line 902.
\MT@outer@space=\skip58
)
Package microtype Info: Loading configuration file microtype.cfg.

(/usr/share/texlive/texmf-dist/tex/latex/microtype/microtype.cfg
File: microtype.cfg 2023/03/13 v3.1a microtype main configuration file (RS)
))
(/usr/share/texlive/texmf-dist/tex/latex/booktabs/booktabs.sty
Package: booktabs 2020/01/12 v1.61803398 Publication quality tables
\heavyrulewidth=\dimen153
\lightrulewidth=\dimen154
\cmidrulewidth=\dimen155
\belowrulesep=\dimen156
\belowbottomsep=\dimen157
\aboverulesep=\dimen158
\abovetopsep=\dimen159
\cmidrulesep=\dimen160
\cmidrulekern=\dimen161
\defaultaddspace=\dimen162
\@cmidla=\count279
\@cmidlb=\count280
\@aboverulesep=\dimen163
\@belowrulesep=\dimen164
\@thisruleclass=\count281
\@lastruleclass=\count282
\@thisrulewidth=\dimen165
)
(/usr/share/texlive/texmf-dist/tex/latex/refcount/refcount.sty
Package: refcount 2019/12/15 v3.6 Data extraction from label references (HO)

(/usr/share/texlive/texmf-dist/tex/generic/ltxcmds/ltxcmds.sty
Package: ltxcmds 2023-12-04 v1.26 LaTeX kernel commands for general use (HO)
)
(/usr/share/texlive/texmf-dist/tex/generic/infwarerr/infwarerr.sty
Package: infwarerr 2019/12/03 v1.5 Providing info/warning/error messages (HO)
))
(/usr/share/texlive/texmf-dist/tex/latex/totpages/totpages.sty
Package: totpages 2005/09/19 v2.00 Totpages Package (muewi)

(/usr/share/texlive/texmf-dist/tex/latex/everyshi/everyshi.sty
Package: everyshi 2020/11/18 v4.00 EveryShipout Package
))
(/usr/share/texlive/texmf-dist/tex/latex/environ/environ.sty
Package: environ 2014/05/04 v0.3 A new way to define environments

(/usr/share/texlive/texmf-dist/tex/latex/trimspaces/trimspaces.sty
Package: trimspaces 2009/09/17 v1.1 Trim spaces around a token list
))
\@ACM@acmcp@delta=\dimen166

(/usr/share/texlive/texmf-dist/tex/latex/natbib/natbib.sty
Package: natbib 2010/09/13 8.31b (PWD, AO)
\bibhang=\skip59
\bibsep=\skip60
LaTeX Info: Redefining \cite on input line 694.
\c@NAT@ctr=\count283
)
(/usr/share/texlive/texmf-dist/tex/latex/hyperref/hyperref.sty
Package: hyperref 2024-01-20 v7.01h Hypertext links for LaTeX

(/usr/share/texlive/texmf-dist/tex/latex/kvsetkeys/kvsetkeys.sty
Package: kvsetkeys 2022-10-05 v1.19 Key value parser (HO)
)
(/usr/share/texlive/texmf-dist/tex/generic/kvdefinekeys/kvdefinekeys.sty
Package: kvdefinekeys 2019-12-19 v1.6 Define keys (HO)
)
(/usr/share/texlive/texmf-dist/tex/generic/pdfescape/pdfescape.sty
Package: pdfescape 2019/12/09 v1.15 Implements pdfTeX's escape features (HO)

(/usr/share/texlive/texmf-dist/tex/generic/pdftexcmds/pdftexcmds.sty
Package: pdftexcmds 2020-06-27 v0.33 Utility functions of pdfTeX for LuaTeX (HO
)
Package pdftexcmds Info: \pdf@primitive is available.
Package pdftexcmds Info: \pdf@ifprimitive is available.
Package pdftexcmds Info: \pdfdraftmode found.
))
(/usr/share/texlive/texmf-dist/tex/latex/hycolor/hycolor.sty
Package: hycolor 2020-01-27 v1.10 Color options for hyperref/bookmark (HO)
)
(/usr/share/texlive/texmf-dist/tex/latex/auxhook/auxhook.sty
Package: auxhook 2019-12-17 v1.6 Hooks for auxiliary files (HO)
)
(/usr/share/texlive/texmf-dist/tex/latex/hyperref/nameref.sty
Package: nameref 2023-11-26 v2.56 Cross-referencing by name of section

(/usr/share/texlive/texmf-dist/tex/generic/gettitlestring/gettitlestring.sty
Package: gettitlestring 2019/12/15 v1.6 Cleanup title references (HO)

(/usr/share/texlive/texmf-dist/tex/latex/kvoptions/kvoptions.sty
Package: kvoptions 2022-06-15 v3.15 Key value format for package options (HO)
))
\c@section@level=\count284
)
\@linkdim=\dimen167
\Hy@linkcounter=\count285
\Hy@pagecounter=\count286

(/usr/share/texlive/texmf-dist/tex/latex/hyperref/pd1enc.def
File: pd1enc.def 2024-01-20 v7.01h Hyperref: PDFDocEncoding definition (HO)
Now handling font encoding PD1 ...
... no UTF-8 mapping file for font encoding PD1
)
(/usr/share/texlive/texmf-dist/tex/generic/intcalc/intcalc.sty
Package: intcalc 2019/12/15 v1.3 Expandable calculations with integers (HO)
)
\Hy@SavedSpaceFactor=\count287

(/usr/share/texlive/texmf-dist/tex/latex/hyperref/puenc.def
File: puenc.def 2024-01-20 v7.01h Hyperref: PDF Unicode definition (HO)
Now handling font encoding PU ...
... no UTF-8 mapping file for font encoding PU
)
Package hyperref Info: Option `bookmarksnumbered' set `true' on input line 4062
.
Package hyperref Info: Option `unicode' set `true' on input line 4062.
Package hyperref Info: Hyper figures OFF on input line 4179.
Package hyperref Info: Link nesting OFF on input line 4184.
Package hyperref Info: Hyper index ON on input line 4187.
Package hyperref Info: Plain pages OFF on input line 4194.
Package hyperref Info: Backreferencing OFF on input line 4199.
Package hyperref Info: Implicit mode ON; LaTeX internals redefined.
Package hyperref Info: Bookmarks ON on input line 4446.
\c@Hy@tempcnt=\count288

(/usr/share/texlive/texmf-dist/tex/latex/url/url.sty
\Urlmuskip=\muskip17
Package: url 2013/09/16  ver 3.4  Verb mode for urls, etc.
)
LaTeX Info: Redefining \url on input line 4784.
\XeTeXLinkMargin=\dimen168

(/usr/share/texlive/texmf-dist/tex/generic/bitset/bitset.sty
Package: bitset 2019/12/09 v1.3 Handle bit-vector datatype (HO)

(/usr/share/texlive/texmf-dist/tex/generic/bigintcalc/bigintcalc.sty
Package: bigintcalc 2019/12/15 v1.5 Expandable calculations on big integers (HO
)
))
\Fld@menulength=\count289
\Field@Width=\dimen169
\Fld@charsize=\dimen170
Package hyperref Info: Hyper figures OFF on input line 6063.
Package hyperref Info: Link nesting OFF on input line 6068.
Package hyperref Info: Hyper index ON on input line 6071.
Package hyperref Info: backreferencing OFF on input line 6078.
Package hyperref Info: Link coloring OFF on input line 6083.
Package hyperref Info: Link coloring with OCG OFF on input line 6088.
Package hyperref Info: PDF/A mode OFF on input line 6093.

(/usr/share/texlive/texmf-dist/tex/latex/base/atbegshi-ltx.sty
Package: atbegshi-ltx 2021/01/10 v1.0c Emulation of the original atbegshi
package with kernel methods
)
\Hy@abspage=\count290
\c@Item=\count291
\c@Hfootnote=\count292
)
Package hyperref Info: Driver (autodetected): hpdftex.

(/usr/share/texlive/texmf-dist/tex/latex/hyperref/hpdftex.def
File: hpdftex.def 2024-01-20 v7.01h Hyperref driver for pdfTeX

(/usr/share/texlive/texmf-dist/tex/latex/base/atveryend-ltx.sty
Package: atveryend-ltx 2020/08/19 v1.0a Emulation of the original atveryend pac
kage
with kernel methods
)
\Fld@listcount=\count293
\c@bookmark@seq@number=\count294

(/usr/share/texlive/texmf-dist/tex/latex/rerunfilecheck/rerunfilecheck.sty
Package: rerunfilecheck 2022-07-10 v1.10 Rerun checks for auxiliary files (HO)

(/usr/share/texlive/texmf-dist/tex/generic/uniquecounter/uniquecounter.sty
Package: uniquecounter 2019/12/15 v1.4 Provide unlimited unique counter (HO)
)
Package uniquecounter Info: New unique counter `rerunfilecheck' on input line 2
85.
)
\Hy@SectionHShift=\skip61
)
(/usr/share/texlive/texmf-dist/tex/latex/hyperxmp/hyperxmp.sty
Package: hyperxmp 2023/09/10 v5.12 Store hyperref metadata in XMP format
\hyxmp@aep@toks=\toks32

(/usr/share/texlive/texmf-dist/tex/generic/stringenc/stringenc.sty
Package: stringenc 2019/11/29 v1.12 Convert strings between diff. encodings (HO
)
)
(/usr/share/texlive/texmf-dist/tex/latex/ifmtarg/ifmtarg.sty
Package: ifmtarg 2018/04/16 v1.2b check for an empty argument
)
(/usr/share/texlive/texmf-dist/tex/latex/base/ifthen.sty
Package: ifthen 2022/04/13 v1.1d Standard LaTeX ifthen package (DPC)
)
\@hyxmp@count=\count295

(/usr/share/texlive/texmf-dist/tex/latex/oberdiek/ifdraft.sty
Package: ifdraft 2016/05/16 v1.4 Detect class options draft and final (HO)
)
(/usr/share/texlive/texmf-dist/tex/generic/iftex/ifluatex.sty
Package: ifluatex 2019/10/25 v1.5 ifluatex legacy package. Use iftex instead.
))
(/usr/share/texlive/texmf-dist/tex/latex/graphics/graphicx.sty
Package: graphicx 2021/09/16 v1.2d Enhanced LaTeX Graphics (DPC,SPQR)

(/usr/share/texlive/texmf-dist/tex/latex/graphics/graphics.sty
Package: graphics 2022/03/10 v1.4e Standard LaTeX Graphics (DPC,SPQR)

(/usr/share/texlive/texmf-dist/tex/latex/graphics/trig.sty
Package: trig 2021/08/11 v1.11 sin cos tan (DPC)
)
(/usr/share/texlive/texmf-dist/tex/latex/graphics-cfg/graphics.cfg
File: graphics.cfg 2016/06/04 v1.11 sample graphics configuration
)
Package graphics Info: Driver file: pdftex.def on input line 107.

(/usr/share/texlive/texmf-dist/tex/latex/graphics-def/pdftex.def
File: pdftex.def 2022/09/22 v1.2b Graphics/color driver for pdftex
))
\Gin@req@height=\dimen171
\Gin@req@width=\dimen172
)
(/usr/share/texlive/texmf-dist/tex/latex/xcolor/xcolor.sty
Package: xcolor 2023/11/15 v3.01 LaTeX color extensions (UK)

(/usr/share/texlive/texmf-dist/tex/latex/graphics-cfg/color.cfg
File: color.cfg 2016/01/02 v1.6 sample color configuration
)
Package xcolor Info: Driver file: pdftex.def on input line 274.

(/usr/share/texlive/texmf-dist/tex/latex/graphics/mathcolor.ltx)
Package xcolor Info: Model `cmy' substituted by `cmy0' on input line 1350.
Package xcolor Info: Model `hsb' substituted by `rgb' on input line 1354.
Package xcolor Info: Model `RGB' extended on input line 1366.
Package xcolor Info: Model `HTML' substituted by `rgb' on input line 1368.
Package xcolor Info: Model `Hsb' substituted by `hsb' on input line 1369.
Package xcolor Info: Model `tHsb' substituted by `hsb' on input line 1370.
Package xcolor Info: Model `HSB' substituted by `hsb' on input line 1371.
Package xcolor Info: Model `Gray' substituted by `gray' on input line 1372.
Package xcolor Info: Model `wave' substituted by `hsb' on input line 1373.
)
(/usr/share/texlive/texmf-dist/tex/latex/geometry/geometry.sty
Package: geometry 2020/01/02 v5.9 Page Geometry

(/usr/share/texlive/texmf-dist/tex/generic/iftex/ifvtex.sty
Package: ifvtex 2019/10/25 v1.7 ifvtex legacy package. Use iftex instead.
)
\Gm@cnth=\count296
\Gm@cntv=\count297
\c@Gm@tempcnt=\count298
\Gm@bindingoffset=\dimen173
\Gm@wd@mp=\dimen174
\Gm@odd@mp=\dimen175
\Gm@even@mp=\dimen176
\Gm@layoutwidth=\dimen177
\Gm@layoutheight=\dimen178
\Gm@layouthoffset=\dimen179
\Gm@layoutvoffset=\dimen180
\Gm@dimlist=\toks33
)
(/usr/share/texlive/texmf-dist/tex/latex/ncctools/manyfoot.sty
Package: manyfoot 2019/08/03 v1.11 Many Footnote Levels Package (NCC)

(/usr/share/texlive/texmf-dist/tex/latex/ncctools/nccfoots.sty
Package: nccfoots 2005/02/03 v1.2 NCC Footnotes Package (NCC)
)
\MFL@columnwidth=\dimen181
)
\footinsauthorsaddresses=\insert251
\c@footnoteauthorsaddresses=\count299
\footinscopyrightpermission=\insert250
\c@footnotecopyrightpermission=\count300

(/usr/share/texlive/texmf-dist/tex/generic/pdftex/glyphtounicode.tex)
(/usr/share/texlive/texmf-dist/tex/latex/cmap/cmap.sty
Package: cmap 2021/02/06 v1.0j CMap support: searchable PDF
)

Class acmart Warning: You do not have the libertine package installed. Please u
pgrade your TeX on input line 854.


Class acmart Warning: You do not have the inconsolata (zi4.sty) package install
ed. Please upgrade your TeX on input line 857.


Class acmart Warning: You do not have the newtxmath package installed. Please u
pgrade your TeX on input line 860.

(/usr/share/texlive/texmf-dist/tex/latex/caption/caption.sty
Package: caption 2023/08/05 v3.6o Customizing captions (AR)

(/usr/share/texlive/texmf-dist/tex/latex/caption/caption3.sty
Package: caption3 2023/07/31 v2.4d caption3 kernel (AR)
\caption@tempdima=\dimen182
\captionmargin=\dimen183
\caption@leftmargin=\dimen184
\caption@rightmargin=\dimen185
\caption@width=\dimen186
\caption@indent=\dimen187
\caption@parindent=\dimen188
\caption@hangindent=\dimen189
Package caption Info: AMS or SMF document class detected.

(/usr/share/texlive/texmf-dist/tex/latex/caption/caption-ams-smf.sto
File: caption-ams-smf.sto 2020/08/22 v2.0 Adaption of the caption package to th
e AMS and SMF document classes (AR)
))
\c@caption@flags=\count301
\c@continuedfloat=\count302
Package caption Info: hyperref package is loaded.
)
(/usr/share/texlive/texmf-dist/tex/latex/float/float.sty
Package: float 2001/11/08 v1.3d Float enhancements (AL)
\c@float@type=\count303
\float@exts=\toks34
\float@box=\box55
\@float@everytoks=\toks35
\@floatcapt=\box56
)
\@float@every@sidebar=\toks36
\c@sidebar=\count304
\fulltextwidth=\dimen190
\@ACM@labelwidth=\dimen191
\listisep=\skip62
\num@authorgroups=\count305
\num@authors=\count306
\@ACM@badge@width=\skip63
\@ACM@title@width=\skip64
\@ACM@badge@skip=\skip65
Class acmart Info: Printing CCS on input line 1848.
Class acmart Info: Printing bibformat on input line 1848.
Class acmart Info: Suppressing folios on input line 1855.
Class acmart Info: Setting authorsperrow to 0 on input line 1858.

(/usr/share/texlive/texmf-dist/tex/latex/comment/comment.sty
\CommentStream=\write3

Excluding comment 'comment') Excluding comment 'CCSXML'
\c@@concepts=\count307
\mktitle@bx=\box57
\@ACM@acmcpbox=\box58
\@ACM@commabox=\box59
\author@bx=\box60
\author@bx@wd=\dimen192
\author@bx@sep=\skip66

(/usr/share/texlive/texmf-dist/tex/latex/fancyhdr/fancyhdr.sty
Package: fancyhdr 2022/11/09 v4.1 Extensive control of page headers and footers

\f@nch@headwidth=\skip67
\f@nch@O@elh=\skip68
\f@nch@O@erh=\skip69
\f@nch@O@olh=\skip70
\f@nch@O@orh=\skip71
\f@nch@O@elf=\skip72
\f@nch@O@erf=\skip73
\f@nch@O@olf=\skip74
\f@nch@O@orf=\skip75
)
\ACM@linecount@bx=\box61
\ACM@linecount@bxht=\skip76
\ACM@linecount=\count308

Special comment 'acks')
(/usr/share/texlive/texmf-dist/tex/latex/tools/array.sty
Package: array 2023/10/16 v2.5g Tabular extension package (FMi)
\col@sep=\dimen193
\ar@mcellbox=\box62
\extrarowheight=\dimen194
\NC@list=\toks37
\extratabsurround=\skip77
\backup@length=\skip78
\ar@cellbox=\box63
)
(/usr/share/texlive/texmf-dist/tex/latex/dblfloatfix/dblfloatfix.sty
Package: dblfloatfix 2012/12/31 v1.0a (JAW)

(/usr/share/texlive/texmf-dist/tex/latex/base/fixltx2e.sty
Package: fixltx2e 2016/12/29 v2.1a fixes to LaTeX (obsolete)
Applying: [2015/01/01] Old fixltx2e package on input line 46.


Package fixltx2e Warning: fixltx2e is not required with releases after 2015
(fixltx2e)                All fixes are now in the LaTeX kernel.
(fixltx2e)                See the latexrelease package for details.

Already applied: [0000/00/00] Old fixltx2e package on input line 53.
)
\@dblbotnum=\count309
\c@dblbotnumber=\count310
) (/usr/share/texlive/texmf-dist/tex/latex/makecell/makecell.sty
Package: makecell 2009/08/03 V0.1e Managing of Tab Column Heads and Cells
\rotheadsize=\dimen195
\c@nlinenum=\count311
\TeXr@lab=\toks38
)
(/usr/share/texlive/texmf-dist/tex/latex/multirow/multirow.sty
Package: multirow 2021/03/15 v2.8 Span multiple rows of a table
\multirow@colwidth=\skip79
\multirow@cntb=\count312
\multirow@dima=\skip80
\bigstrutjot=\dimen196
)
(/usr/share/texlive/texmf-dist/tex/latex/placeins/placeins.sty
Package: placeins 2005/04/18  v 2.2
)
(/usr/share/texlive/texmf-dist/tex/latex/caption/subcaption.sty
Package: subcaption 2023/07/28 v1.6b Sub-captions (AR)
Package caption Info: New subtype `subfigure' on input line 238.
\c@subfigure=\count313
Package caption Info: New subtype `subtable' on input line 238.
\c@subtable=\count314
)
(/usr/share/texlive/texmf-dist/tex/latex/tools/tabularx.sty
Package: tabularx 2023/07/08 v2.11c `tabularx' package (DPC)
\TX@col@width=\dimen197
\TX@old@table=\dimen198
\TX@old@col=\dimen199
\TX@target=\dimen256
\TX@delta=\dimen257
\TX@cols=\count315
\TX@ftn=\toks39
)
(/usr/share/texlive/texmf-dist/tex/latex/colortbl/colortbl.sty
Package: colortbl 2022/06/20 v1.0f Color table columns (DPC)
\everycr=\toks40
\minrowclearance=\skip81
\rownum=\count316
)
Package hyperref Info: Option `pdfdisplaydoctitle' set `true' on input line 49.

\c@theorem=\count317

(/usr/share/texlive/texmf-dist/tex/latex/preprint/balance.sty
Package: balance 1999/02/23 4.3 (PWD)
\oldvsize=\dimen258
)
Excluding comment 'screenonly' Include comment 'printonly'
Excluding comment 'anonsuppress' Excluding comment 'acks'
(/usr/share/texlive/texmf-dist/tex/latex/l3backend/l3backend-pdftex.def
File: l3backend-pdftex.def 2024-01-04 L3 backend support: PDF output (pdfTeX)
\l__color_backend_stack_int=\count318
\l__pdf_internal_box=\box64
)
(./sample-sigconf_final.aux)
\openout1 = `sample-sigconf_final.aux'.

LaTeX Font Info:    Checking defaults for OML/cmm/m/it on input line 49.
LaTeX Font Info:    ... okay on input line 49.
LaTeX Font Info:    Checking defaults for OMS/cmsy/m/n on input line 49.
LaTeX Font Info:    ... okay on input line 49.
LaTeX Font Info:    Checking defaults for OT1/cmr/m/n on input line 49.
LaTeX Font Info:    ... okay on input line 49.
LaTeX Font Info:    Checking defaults for T1/cmr/m/n on input line 49.
LaTeX Font Info:    ... okay on input line 49.
LaTeX Font Info:    Checking defaults for TS1/cmr/m/n on input line 49.
LaTeX Font Info:    ... okay on input line 49.
LaTeX Font Info:    Checking defaults for OMX/cmex/m/n on input line 49.
LaTeX Font Info:    ... okay on input line 49.
LaTeX Font Info:    Checking defaults for U/cmr/m/n on input line 49.
LaTeX Font Info:    ... okay on input line 49.
LaTeX Font Info:    Checking defaults for PD1/pdf/m/n on input line 49.
LaTeX Font Info:    ... okay on input line 49.
LaTeX Font Info:    Checking defaults for PU/pdf/m/n on input line 49.
LaTeX Font Info:    ... okay on input line 49.
<<ot1.cmap>><<oml.cmap>><<oms.cmap>><<omx.cmap>>
LaTeX Font Info:    Trying to load font information for U+msa on input line 49.


(/usr/share/texlive/texmf-dist/tex/latex/amsfonts/umsa.fd
File: umsa.fd 2013/01/14 v3.01 AMS symbols A
)
LaTeX Font Info:    Trying to load font information for U+msb on input line 49.


(/usr/share/texlive/texmf-dist/tex/latex/amsfonts/umsb.fd
File: umsb.fd 2013/01/14 v3.01 AMS symbols B
)
LaTeX Info: Redefining \microtypecontext on input line 49.
Package microtype Info: Applying patch `item' on input line 49.
Package microtype Info: Applying patch `toc' on input line 49.
Package microtype Info: Applying patch `eqnum' on input line 49.
Package microtype Info: Applying patch `footnote' on input line 49.
Package microtype Info: Applying patch `verbatim' on input line 49.
Package microtype Info: Generating PDF output.
Package microtype Info: Character protrusion enabled (level 2).
Package microtype Info: Using default protrusion set `alltext'.
Package microtype Info: Automatic font expansion enabled (level 2),
(microtype)             stretch: 20, shrink: 20, step: 1, non-selected.
Package microtype Info: Using default expansion set `alltext-nott'.
LaTeX Info: Redefining \showhyphens on input line 49.
Package microtype Info: No adjustment of tracking.
Package microtype Info: No adjustment of interword spacing.
Package microtype Info: No adjustment of character kerning.

(/usr/share/texlive/texmf-dist/tex/latex/microtype/mt-cmr.cfg
File: mt-cmr.cfg 2013/05/19 v2.2 microtype config. file: Computer Modern Roman 
(RS)
)
Package hyperref Info: Link coloring OFF on input line 49.

(./sample-sigconf_final.out) (./sample-sigconf_final.out)
\@outlinefile=\write4
\openout4 = `sample-sigconf_final.out'.


(/usr/share/texlive/texmf-dist/tex/context/base/mkii/supp-pdf.mkii
[Loading MPS to PDF converter (version 2006.09.02).]
\scratchcounter=\count319
\scratchdimen=\dimen259
\scratchbox=\box65
\nofMPsegments=\count320
\nofMParguments=\count321
\everyMPshowfont=\toks41
\MPscratchCnt=\count322
\MPscratchDim=\dimen260
\MPnumerator=\count323
\makeMPintoPDFobject=\count324
\everyMPtoPDFconversion=\toks42
) (/usr/share/texlive/texmf-dist/tex/latex/epstopdf-pkg/epstopdf-base.sty
Package: epstopdf-base 2020-01-24 v2.11 Base part for package epstopdf
Package epstopdf-base Info: Redefining graphics rule for `.eps' on input line 4
85.

(/usr/share/texlive/texmf-dist/tex/latex/latexconfig/epstopdf-sys.cfg
File: epstopdf-sys.cfg 2010/07/13 v1.3 Configuration of (r)epstopdf for TeX Liv
e
))
*geometry* driver: auto-detecting
*geometry* detected driver: pdftex
*geometry* verbose mode - [ preamble ] result:
* driver: pdftex
* paper: custom
* layout: <same size as paper>
* layoutoffset:(h,v)=(0.0pt,0.0pt)
* modes: includehead includefoot twoside heightrounded 
* h-part:(L,W,R)=(54.0pt, 506.295pt, 54.0pt)
* v-part:(T,H,B)=(57.0pt, 664.96999pt, 73.0pt)
* \paperwidth=614.295pt
* \paperheight=794.96999pt
* \textwidth=506.295pt
* \textheight=626.0pt
* \oddsidemargin=-18.26999pt
* \evensidemargin=-18.26999pt
* \topmargin=-15.26999pt
* \headheight=13.0pt
* \headsep=14.0pt
* \topskip=10.0pt
* \footskip=12.0pt
* \marginparwidth=24.0pt
* \marginparsep=11.0pt
* \columnsep=24.0pt
* \skip\footins=7.0pt plus 11.0pt
* \hoffset=0.0pt
* \voffset=0.0pt
* \mag=1000
* \@twocolumnfalse
* \@twosidetrue
* \@mparswitchtrue
* \@reversemarginfalse
* (1in=72.27pt=25.4mm, 1cm=28.453pt)

Package caption Info: Begin \AtBeginDocument code.
Package caption Info: float package is loaded.
Package caption Info: End \AtBeginDocument code.
Excluding 'CCSXML' comment.
Package microtype Info: Loading generic protrusion settings for font family
(microtype)             `cmss' (encoding: OT1).
(microtype)             For optimal results, create family-specific settings.
(microtype)             See the microtype manual for details.

(/usr/share/texlive/texmf-dist/tex/latex/microtype/mt-msa.cfg
File: mt-msa.cfg 2006/02/04 v1.1 microtype config. file: AMS symbols (a) (RS)
)
(/usr/share/texlive/texmf-dist/tex/latex/microtype/mt-msb.cfg
File: mt-msb.cfg 2005/06/01 v1.0 microtype config. file: AMS symbols (b) (RS)
)

pdfTeX warning: pdflatex (file ./figures/figure1_different_user.pdf): PDF inclu
sion: found PDF version <1.7>, but at most version <1.5> allowed
<figures/figure1_different_user.pdf, id=175, 963.6pt x 542.025pt>
File: figures/figure1_different_user.pdf Graphic file (type pdf)
<use figures/figure1_different_user.pdf>
Package pdftex.def Info: figures/figure1_different_user.pdf  used on input line
 106.
(pdftex.def)             Requested size: 241.14749pt x 135.63824pt.
[1.1{/var/lib/texmf/fonts/map/pdftex/updmap/pdftex.map}

 <./figures/figure1_different_user.pdf>] [2.2]

pdfTeX warning: pdflatex (file ./figures/figure2_overall_arch_simple.pdf): PDF 
inclusion: found PDF version <1.7>, but at most version <1.5> allowed
<figures/figure2_overall_arch_simple.pdf, id=291, 1015.75487pt x 591.8913pt>
File: figures/figure2_overall_arch_simple.pdf Graphic file (type pdf)
<use figures/figure2_overall_arch_simple.pdf>
Package pdftex.def Info: figures/figure2_overall_arch_simple.pdf  used on input
 line 200.
(pdftex.def)             Requested size: 480.9787pt x 280.26619pt.
[3.3] [4.4 <./figures/figure2_overall_arch_simple.pdf>] [5.5] [6.6]
<figures/fig_q2_routing_control_legend.pdf, id=436, 1203.09166pt x 114.62022pt>

File: figures/fig_q2_routing_control_legend.pdf Graphic file (type pdf)
<use figures/fig_q2_routing_control_legend.pdf>
Package pdftex.def Info: figures/fig_q2_routing_control_legend.pdf  used on inp
ut line 428.
(pdftex.def)             Requested size: 241.14749pt x 22.97435pt.
<figures/fig_q2_routing_control_a.pdf, id=437, 533.27153pt x 316.25351pt>
File: figures/fig_q2_routing_control_a.pdf Graphic file (type pdf)
<use figures/fig_q2_routing_control_a.pdf>
Package pdftex.def Info: figures/fig_q2_routing_control_a.pdf  used on input li
ne 432.
(pdftex.def)             Requested size: 116.95668pt x 69.35883pt.
<figures/fig_q2_routing_control_b.pdf, id=438, 568.70078pt x 325.78346pt>
File: figures/fig_q2_routing_control_b.pdf Graphic file (type pdf)
<use figures/fig_q2_routing_control_b.pdf>
Package pdftex.def Info: figures/fig_q2_routing_control_b.pdf  used on input li
ne 435.
(pdftex.def)             Requested size: 116.95668pt x 66.99483pt.
<figures/fig_q3_design_justification_a_legend.pdf, id=440, 442.92476pt x 114.62
022pt>
File: figures/fig_q3_design_justification_a_legend.pdf Graphic file (type pdf)
<use figures/fig_q3_design_justification_a_legend.pdf>
Package pdftex.def Info: figures/fig_q3_design_justification_a_legend.pdf  used
 on input line 450.
(pdftex.def)             Requested size: 116.95668pt x 30.26576pt.
<figures/fig_q3_design_justification_b_legend.pdf, id=441, 607.24681pt x 114.62
022pt>
File: figures/fig_q3_design_justification_b_legend.pdf Graphic file (type pdf)
<use figures/fig_q3_design_justification_b_legend.pdf>
Package pdftex.def Info: figures/fig_q3_design_justification_b_legend.pdf  used
 on input line 451.
(pdftex.def)             Requested size: 116.95668pt x 22.07538pt.
<figures/fig_q3_design_justification_a.pdf, id=442, 556.89102pt x 326.37636pt>
File: figures/fig_q3_design_justification_a.pdf Graphic file (type pdf)
<use figures/fig_q3_design_justification_a.pdf>
Package pdftex.def Info: figures/fig_q3_design_justification_a.pdf  used on inp
ut line 455.
(pdftex.def)             Requested size: 116.95668pt x 68.54105pt.
<figures/fig_q3_design_justification_b.pdf, id=443, 568.70078pt x 325.27954pt>
File: figures/fig_q3_design_justification_b.pdf Graphic file (type pdf)
<use figures/fig_q3_design_justification_b.pdf>
Package pdftex.def Info: figures/fig_q3_design_justification_b.pdf  used on inp
ut line 458.
(pdftex.def)             Requested size: 116.95668pt x 66.89119pt.
 [7.7 <./figures/fig_q2_routing_control_legend.pdf> <./figures/fig_q2_routing_c
ontrol_a.pdf> <./figures/fig_q2_routing_control_b.pdf>]
<figures/fig_q4_efficacy_legend.pdf, id=529, 981.99686pt x 114.62022pt>
File: figures/fig_q4_efficacy_legend.pdf Graphic file (type pdf)
<use figures/fig_q4_efficacy_legend.pdf>
Package pdftex.def Info: figures/fig_q4_efficacy_legend.pdf  used on input line
 473.
(pdftex.def)             Requested size: 241.14749pt x 28.14603pt.
<figures/fig_q4_portability_c.pdf, id=530, 556.89102pt x 320.6585pt>
File: figures/fig_q4_portability_c.pdf Graphic file (type pdf)
<use figures/fig_q4_portability_c.pdf>
Package pdftex.def Info: figures/fig_q4_portability_c.pdf  used on input line 4
77.
(pdftex.def)             Requested size: 116.95668pt x 67.34026pt.
<figures/fig_q4_portability_d.pdf, id=531, 556.89102pt x 316.25351pt>
File: figures/fig_q4_portability_d.pdf Graphic file (type pdf)
<use figures/fig_q4_portability_d.pdf>
Package pdftex.def Info: figures/fig_q4_portability_d.pdf  used on input line 4
80.
(pdftex.def)             Requested size: 116.95668pt x 66.41519pt.

Underfull \hbox (badness 3009) in paragraph at lines 481--481
[]\OT1/cmr/bx/n/9 (+20) Figure 5: |Inference-time cue per-tur-ba-tion on
 []

<figures/fig_q4_portability_legend.pdf, id=533, 1246.22154pt x 114.62022pt>
File: figures/fig_q4_portability_legend.pdf Graphic file (type pdf)
<use figures/fig_q4_portability_legend.pdf>
Package pdftex.def Info: figures/fig_q4_portability_legend.pdf  used on input l
ine 495.
(pdftex.def)             Requested size: 241.14749pt x 22.17857pt.
<figures/fig_q4_portability_a.pdf, id=534, 568.70078pt x 316.25351pt>
File: figures/fig_q4_portability_a.pdf Graphic file (type pdf)
<use figures/fig_q4_portability_a.pdf>
Package pdftex.def Info: figures/fig_q4_portability_a.pdf  used on input line 4
99.
(pdftex.def)             Requested size: 116.95668pt x 65.03505pt.
<figures/fig_q4_portability_b.pdf, id=535, 556.89102pt x 324.66577pt>
File: figures/fig_q4_portability_b.pdf Graphic file (type pdf)
<use figures/fig_q4_portability_b.pdf>
Package pdftex.def Info: figures/fig_q4_portability_b.pdf  used on input line 5
02.
(pdftex.def)             Requested size: 116.95668pt x 68.18181pt.
[8.8 <./figures/fig_q3_design_justification_a_legend.pdf> <./figures/fig_q3_des
ign_justification_b_legend.pdf> <./figures/fig_q3_design_justification_a.pdf> <
./figures/fig_q3_design_justification_b.pdf> <./figures/fig_q4_efficacy_legend.
pdf> <./figures/fig_q4_portability_c.pdf> <./figures/fig_q4_portability_d.pdf> 
<./figures/fig_q4_portability_legend.pdf> <./figures/fig_q4_portability_a.pdf> 
<./figures/fig_q4_portability_b.pdf>] [9.9

] (./sample-sigconf_final.bbl
LaTeX Info: Redefining \tempurl on input line 175.

Underfull \hbox (badness 10000) in paragraph at lines 247--255
[]\OT1/cmr/m/n/7 (+20) Emanuel Lacic, Markus Reiter-Haas, Do-minik Kowald,
 []

LaTeX Info: Redefining \tempurl on input line 424.

Underfull \hbox (badness 2495) in paragraph at lines 419--427
[]\OT1/cmr/m/n/7 (+20) Retail Rocket. 2015.  Re-tail Rocket Rec-om-mender Sys-
 []

LaTeX Info: Redefining \tempurl on input line 441.
[10.10

]
LaTeX Info: Redefining \tempurl on input line 610.
) [11.11]
Underfull \hbox (badness 3386) in paragraph at lines 607--607
[]|\OT1/cmr/m/n/7 (+20) Theme en-tropy, dominant-theme mass,
 []


Underfull \hbox (badness 4303) in paragraph at lines 607--607
[]|\OT1/cmr/m/n/7 (+20) Last-item pop-u-lar-ity, suf-fix pop-u-lar-ity
 []


Overfull \vbox (40.18483pt too high) has occurred while \output is active []


[12.12

]
Overfull \vbox (1.60495pt too high) has occurred while \output is active []


Overfull \vbox (6.93486pt too high) has occurred while \output is active []


[13.13]
Underfull \hbox (badness 10000) in paragraph at lines 702--702
\OT1/cmr/m/n/6 (+20) Attention: $\OMS/cmsy/m/n/6 f\OT1/cmr/m/n/6 (+20) 0\OML/cm
m/m/it/6 :\OT1/cmr/m/n/6 (+20) 06\OML/cmm/m/it/6 ; \OT1/cmr/m/n/6 (+20) 0\OML/c
mm/m/it/6 :\OT1/cmr/m/n/6 (+20) 08\OML/cmm/m/it/6 ; \OT1/cmr/m/n/6 (+20) 0\OML/
cmm/m/it/6 :\OT1/cmr/m/n/6 (+20) 10\OML/cmm/m/it/6 ; \OT1/cmr/m/n/6 (+20) 0\OML
/cmm/m/it/6 :\OT1/cmr/m/n/6 (+20) 12\OML/cmm/m/it/6 ; \OT1/cmr/m/n/6 (+20) 0\OM
L/cmm/m/it/6 :\OT1/cmr/m/n/6 (+20) 15\OMS/cmsy/m/n/6 g$ \OT1/cmr/m/n/6 (+20) or

 []


Underfull \hbox (badness 10000) in paragraph at lines 727--727
[]|\OT1/cmr/m/n/6 (+20) Recurrent dropout
 []


Underfull \hbox (badness 10000) in paragraph at lines 727--727
\OT1/cmr/m/n/6 (+20) Contrastive weight
 []


Underfull \hbox (badness 10000) in paragraph at lines 727--727
\OML/cmm/m/it/6 ^^U[]$ $\OMS/cmsy/m/n/6 f\OT1/cmr/m/n/6 (+20) 0\OML/cmm/m/it/6 
:\OT1/cmr/m/n/6 (+20) 08\OML/cmm/m/it/6 ; \OT1/cmr/m/n/6 (+20) 0\OML/cmm/m/it/6
 :\OT1/cmr/m/n/6 (+20) 09\OML/cmm/m/it/6 ; \OT1/cmr/m/n/6 (+20) 0\OML/cmm/m/it/
6 :\OT1/cmr/m/n/6 (+20) 10\OML/cmm/m/it/6 ; \OT1/cmr/m/n/6 (+20) 0\OML/cmm/m/it
/6 :\OT1/cmr/m/n/6 (+20) 12\OML/cmm/m/it/6 ; \OT1/cmr/m/n/6 (+20) 0\OML/cmm/m/i
t/6 :\OT1/cmr/m/n/6 (+20) 14\OMS/cmsy/m/n/6 g$ \OT1/cmr/m/n/6 (+20) or
 []


Overfull \vbox (1.425pt too high) has occurred while \output is active []

 [14.14]
[15.15] [16.16]
<figures/appendix/a04_special_bins.pdf, id=933, 846.65474pt x 304.73802pt>
File: figures/appendix/a04_special_bins.pdf Graphic file (type pdf)
<use figures/appendix/a04_special_bins.pdf>
Package pdftex.def Info: figures/appendix/a04_special_bins.pdf  used on input l
ine 895.
(pdftex.def)             Requested size: 465.79047pt x 167.65758pt.
<figures/appendix/a02_structural_cue_org.pdf, id=937, 478.186pt x 311.96503pt>
File: figures/appendix/a02_structural_cue_org.pdf Graphic file (type pdf)
<use figures/appendix/a02_structural_cue_org.pdf>
Package pdftex.def Info: figures/appendix/a02_structural_cue_org.pdf  used on i
nput line 911.
(pdftex.def)             Requested size: 243.01942pt x 158.54787pt.
<figures/appendix/a02_structural_temporal.pdf, id=938, 478.186pt x 311.96503pt>

File: figures/appendix/a02_structural_temporal.pdf Graphic file (type pdf)
<use figures/appendix/a02_structural_temporal.pdf>
Package pdftex.def Info: figures/appendix/a02_structural_temporal.pdf  used on 
input line 917.
(pdftex.def)             Requested size: 243.01942pt x 158.54787pt.

Overfull \hbox (4.69673pt too wide) in paragraph at lines 1007--1007
|[][] 
 []


Overfull \hbox (1.98004pt too wide) in paragraph at lines 1007--1007
|[][] 
 []


Overfull \hbox (2.39116pt too wide) in paragraph at lines 1007--1007
|[][] 
 []


Overfull \hbox (33.40741pt too wide) in paragraph at lines 1007--1007
|[][] 
 []


Overfull \hbox (31.11076pt too wide) in alignment at lines 1007--1007
[][][][][][] 
 []

[17.17

]
<figures/appendix/a03_routing_heatmaps.pdf, id=953, 829.70811pt x 322.80551pt>
File: figures/appendix/a03_routing_heatmaps.pdf Graphic file (type pdf)
<use figures/appendix/a03_routing_heatmaps.pdf>
Package pdftex.def Info: figures/appendix/a03_routing_heatmaps.pdf  used on inp
ut line 1020.
(pdftex.def)             Requested size: 115.74976pt x 45.0299pt.
<figures/appendix/a03_routing_diagnostics_lines.pdf, id=954, 846.76305pt x 315.
5785pt>
File: figures/appendix/a03_routing_diagnostics_lines.pdf Graphic file (type pdf
)
<use figures/appendix/a03_routing_diagnostics_lines.pdf>
Package pdftex.def Info: figures/appendix/a03_routing_diagnostics_lines.pdf  us
ed on input line 1026.
(pdftex.def)             Requested size: 115.74976pt x 43.13576pt.

Overfull \vbox (48.72046pt too high) has occurred while \output is active []


[18.18 <./figures/appendix/a04_special_bins.pdf> <./figures/appendix/a02_struct
ural_cue_org.pdf> <./figures/appendix/a02_structural_temporal.pdf>]
<figures/appendix/a04_behavior_slices.pdf, id=1101, 622.72603pt x 304.73802pt>
File: figures/appendix/a04_behavior_slices.pdf Graphic file (type pdf)
<use figures/appendix/a04_behavior_slices.pdf>
Package pdftex.def Info: figures/appendix/a04_behavior_slices.pdf  used on inpu
t line 1065.
(pdftex.def)             Requested size: 139.86598pt x 68.44218pt.
<figures/appendix/a04_slice_relative_gain.pdf, id=1102, 456.50504pt x 301.12451
pt>
File: figures/appendix/a04_slice_relative_gain.pdf Graphic file (type pdf)
<use figures/appendix/a04_slice_relative_gain.pdf>
Package pdftex.def Info: figures/appendix/a04_slice_relative_gain.pdf  used on 
input line 1071.
(pdftex.def)             Requested size: 91.63722pt x 60.44438pt.
<figures/appendix/a06_transfer.pdf, id=1103, 904.57903pt x 308.35152pt>
File: figures/appendix/a06_transfer.pdf Graphic file (type pdf)
<use figures/appendix/a06_transfer.pdf>
Package pdftex.def Info: figures/appendix/a06_transfer.pdf  used on input line 
1090.
(pdftex.def)             Requested size: 221.85524pt x 75.6244pt.

(/usr/share/texlive/texmf-dist/tex/generic/stringenc/se-pdfdoc.def
File: se-pdfdoc.def 2019/11/29 v1.12 stringenc: PDFDocEncoding
)
(/usr/share/texlive/texmf-dist/tex/generic/stringenc/se-utf8.def
File: se-utf8.def 2019/11/29 v1.12 stringenc: UTF-8
) [19.19 <./figures/appendix/a03_routing_heatmaps.pdf> <./figures/appendix/a03_
routing_diagnostics_lines.pdf> <./figures/appendix/a04_behavior_slices.pdf> <./
figures/appendix/a04_slice_relative_gain.pdf> <./figures/appendix/a06_transfer.
pdf>]
(./sample-sigconf_final.aux)
 ***********
LaTeX2e <2023-11-01> patch level 1
L3 programming layer <2024-01-22>
 ***********
Package rerunfilecheck Info: File `sample-sigconf_final.out' has not changed.
(rerunfilecheck)             Checksum: E848FFA6B6710087207058E03B071803;8562.
 ) 
Here is how much of TeX's memory you used:
 18458 strings out of 476182
 300020 string characters out of 5795595
 2019975 words of memory out of 5000000
 39450 multiletter control sequences out of 15000+600000
 583655 words of font info for 262 fonts, out of 8000000 for 9000
 175 hyphenation exceptions out of 8191
 90i,21n,131p,1418b,790s stack positions out of 10000i,1000n,20000p,200000b,200000s
 </root/.texlive2023/texmf-var/fonts/pk/ljfour/jknappen/ec/tcrm0900.600pk></u
sr/share/texlive/texmf-dist/fonts/type1/public/amsfonts/cm/cmbx10.pfb></usr/sha
re/texlive/texmf-dist/fonts/type1/public/amsfonts/cm/cmbx6.pfb></usr/share/texl
ive/texmf-dist/fonts/type1/public/amsfonts/cm/cmbx7.pfb></usr/share/texlive/tex
mf-dist/fonts/type1/public/amsfonts/cm/cmbx8.pfb></usr/share/texlive/texmf-dist
/fonts/type1/public/amsfonts/cm/cmbx9.pfb></usr/share/texlive/texmf-dist/fonts/
type1/public/amsfonts/cm/cmbxti10.pfb></usr/share/texlive/texmf-dist/fonts/type
1/public/amsfonts/cmextra/cmex9.pfb></usr/share/texlive/texmf-dist/fonts/type1/
public/amsfonts/cm/cmmi5.pfb></usr/share/texlive/texmf-dist/fonts/type1/public/
amsfonts/cm/cmmi6.pfb></usr/share/texlive/texmf-dist/fonts/type1/public/amsfont
s/cm/cmmi7.pfb></usr/share/texlive/texmf-dist/fonts/type1/public/amsfonts/cm/cm
mi9.pfb></usr/share/texlive/texmf-dist/fonts/type1/public/amsfonts/cmextra/cmmi
b9.pfb></usr/share/texlive/texmf-dist/fonts/type1/public/amsfonts/cm/cmr12.pfb>
</usr/share/texlive/texmf-dist/fonts/type1/public/amsfonts/cm/cmr5.pfb></usr/sh
are/texlive/texmf-dist/fonts/type1/public/amsfonts/cm/cmr6.pfb></usr/share/texl
ive/texmf-dist/fonts/type1/public/amsfonts/cm/cmr7.pfb></usr/share/texlive/texm
f-dist/fonts/type1/public/amsfonts/cm/cmr8.pfb></usr/share/texlive/texmf-dist/f
onts/type1/public/amsfonts/cm/cmr9.pfb></usr/share/texlive/texmf-dist/fonts/typ
e1/public/amsfonts/cm/cmss8.pfb></usr/share/texlive/texmf-dist/fonts/type1/publ
ic/amsfonts/cm/cmssbx10.pfb></usr/share/texlive/texmf-dist/fonts/type1/public/a
msfonts/cm/cmsy5.pfb></usr/share/texlive/texmf-dist/fonts/type1/public/amsfonts
/cm/cmsy6.pfb></usr/share/texlive/texmf-dist/fonts/type1/public/amsfonts/cm/cms
y7.pfb></usr/share/texlive/texmf-dist/fonts/type1/public/amsfonts/cm/cmsy8.pfb>
</usr/share/texlive/texmf-dist/fonts/type1/public/amsfonts/cm/cmsy9.pfb></usr/s
hare/texlive/texmf-dist/fonts/type1/public/amsfonts/cm/cmti7.pfb></usr/share/te
xlive/texmf-dist/fonts/type1/public/amsfonts/cm/cmti8.pfb></usr/share/texlive/t
exmf-dist/fonts/type1/public/amsfonts/cm/cmti9.pfb>
Output written on sample-sigconf_final.pdf (19 pages, 951300 bytes).
PDF statistics:
 1505 PDF objects out of 1728 (max. 8388607)
 774 compressed objects within 8 object streams
 154 named destinations out of 1000 (max. 500000)
 47560 words of extra memory for PDF output out of 51595 (max. 10000000)

