[STAGEH_TARGETEDRECOVERY_ANCHOR2_CORE5_SETTING_HEADER]
run_phase=P23_SH_C18_MFEAREC_FAD_H2_R2_WDHI_S1 run_id=SH_FOURSQUARE_FEAREC_FAD_H2_R2_WDHI_S1 phase_id=P23 axis_id=SH model=FEARec candidate_id=FAD_H2_R2_WDHI seed=1
dataset=foursquare gpu=7 order=0 candidate_source=stageh_screen_variant source_stage=Final_all_datasets_variant transfer_from_dataset=
max_evals=5 tune_epochs=36 tune_patience=5
seed=230288

[COMMAND]
- /venv/FMoE/bin/python hyperopt_tune.py --config-name tune_fs --max-evals 5 --tune-epochs 36 --tune-patience 5 --seed 230288 --run-group baseline --run-axis StageH_TargetedRecovery_anchor2_core5 --run-phase P23_SH_C18_MFEAREC_FAD_H2_R2_WDHI_S1 model=fearec dataset=foursquare eval_mode=session_fixed feature_mode=full_v3 gpu_id=7 log_wandb=false show_progress=false ++special_logging=true ++seed=230288 ++search={learning_rate:[0.0001748239037262843,0.00042373481087288126]} ++search_space_type_overrides={learning_rate:"loguniform"} ++weight_decay=0.000225 ++search.weight_decay=[0.000225] ++search_space_type_overrides.weight_decay=choice ++search.n_layers=[2] ++search_space_type_overrides.n_layers=choice ++search.num_layers=[2] ++search_space_type_overrides.num_layers=choice ++search.n_heads=[2] ++search_space_type_overrides.n_heads=choice ++search.num_heads=[2] ++search_space_type_overrides.num_heads=choice ++search.dropout_ratio=[0.12] ++search_space_type_overrides.dropout_ratio=choice ++search.dropout_prob=[0.12] ++search_space_type_overrides.dropout_prob=choice ++search.hidden_dropout_prob=[0.12] ++search_space_type_overrides.hidden_dropout_prob=choice ++search.attn_dropout_prob=[0.12] ++search_space_type_overrides.attn_dropout_prob=choice ++search.hidden_size=[128] ++search_space_type_overrides.hidden_size=choice ++search.embedding_size=[128] ++search_space_type_overrides.embedding_size=choice ++search.inner_size=[256] ++search_space_type_overrides.inner_size=choice ++search.time_span=[384] ++search_space_type_overrides.time_span=choice ++search.num_experts=[6] ++search_space_type_overrides.num_experts=choice ++search.state_size=[24] ++search_space_type_overrides.state_size=choice ++search.conv_kernel=[6] ++search_space_type_overrides.conv_kernel=choice ++search.remaining_ratio=[0.6] ++search_space_type_overrides.remaining_ratio=choice ++search.MAX_ITEM_LIST_LENGTH=[10] ++search_space_type_overrides.MAX_ITEM_LIST_LENGTH=choice ++dropout_ratio=0.12 ++contrast=un ++tau=0.2 ++lmd=0.04 ++lmd_sem=0.0 ++global_ratio=0.85 ++semantic_sample_max_tries=2 ++train_batch_size=4608 ++eval_batch_size=10240 ++hidden_size=128 ++embedding_size=128 ++MAX_ITEM_LIST_LENGTH=10 ++n_layers=2 ++num_layers=2 ++n_heads=2 ++num_heads=2 ++inner_size=256
/venv/FMoE/lib/python3.10/site-packages/ray/_private/parameter.py:4: UserWarning: pkg_resources is deprecated as an API. See https://setuptools.pypa.io/en/latest/pkg_resources.html. The pkg_resources package is slated for removal as early as 2025-11-30. Refrain from using this package or pin to Setuptools<81.
  import pkg_resources
[RUN_STATUS] START pid=550096 ts=2026-04-10T11:16:16

=================================================================
  Hyperopt TPE  |  FEARec x foursquare
  max_evals=5  epochs=36  patience=5  wandb=off
  batch_size(train/valid/test)=4608/10240/10240
  track=baseline  axis=stageh_targetedrecovery_anchor2_core5  phase=P23_SH_C18_MFEAREC_FAD_H2_R2_WDHI_S1
=================================================================
Changed knobs: learning_rate
Tuned params(len>1): 1  (~1 discrete combos)
Tuned groups: 1
  [optimization]
    learning_rate                   [0.0001748239037262843, 0.00042373481087288126]  -> loguniform
Fixed params(singleton/non-list): 18
Fixed groups: 18
  [optimization]
    hidden_dropout_prob             0.12                                    
    weight_decay                    0.000225                                
  [model_core]
    attn_dropout_prob               0.12                                    
    dropout_prob                    0.12                                    
    dropout_ratio                   0.12                                    
    embedding_size                  128                                     
    hidden_size                     128                                     
    inner_size                      256                                     
    num_heads                       2                                       
    num_layers                      2                                       
  [other]
    MAX_ITEM_LIST_LENGTH            10                                      
    conv_kernel                     6                                       
    n_heads                         2                                       
    n_layers                        2                                       
    num_experts                     6                                       
    remaining_ratio                 0.6                                     
    state_size                      24                                      
    time_span                       384                                     

[Wandb] disabled for this hyperopt run

[1/5] learning_rate=0.0002704
  -> MRR@20=0.021000  best=0.021000  (early_stop@6, trial=21s, avg=27s/trial, total=27s, ETA=1.8min)
[TRIAL_METRICS] cur_best_mrr20=0.021000 cur_best_hr10=0.023400 cur_test_mrr20=0.024700 cur_test_hr10=0.027100 run_best_mrr20=0.021000 run_best_hr10=0.023400 run_test_mrr20=0.024700 run_test_hr10=0.027100

[2/5] learning_rate=0.0003384
  -> MRR@20=0.094700  best=0.094700  (full@36, trial=2.1min, avg=1.3min/trial, total=2.5min, ETA=3.8min)
[TRIAL_METRICS] cur_best_mrr20=0.094700 cur_best_hr10=0.187900 cur_test_mrr20=0.095600 cur_test_hr10=0.192900 run_best_mrr20=0.094700 run_best_hr10=0.187900 run_test_mrr20=0.095600 run_test_hr10=0.192900

[3/5] learning_rate=0.0001939
  -> MRR@20=0.020700  best=0.094700  (early_stop@6, trial=20s, avg=58s/trial, total=2.9min, ETA=1.9min)
[TRIAL_METRICS] cur_best_mrr20=0.020700 cur_best_hr10=0.021800 cur_test_mrr20=0.024300 cur_test_hr10=0.025700 run_best_mrr20=0.094700 run_best_hr10=0.187900 run_test_mrr20=0.095600 run_test_hr10=0.192900

[4/5] learning_rate=0.0003948
  -> MRR@20=0.095000  best=0.095000  (full@36, trial=2.1min, avg=1.2min/trial, total=5.0min, ETA=1.2min)
[TRIAL_METRICS] cur_best_mrr20=0.095000 cur_best_hr10=0.188400 cur_test_mrr20=0.097100 cur_test_hr10=0.193400 run_best_mrr20=0.095000 run_best_hr10=0.188400 run_test_mrr20=0.097100 run_test_hr10=0.193400

[5/5] learning_rate=0.0003358
  -> MRR@20=0.092800  best=0.095000  (full@36, trial=2.1min, avg=1.4min/trial, total=7.0min, ETA=0s)
[TRIAL_METRICS] cur_best_mrr20=0.092800 cur_best_hr10=0.184500 cur_test_mrr20=0.095400 cur_test_hr10=0.184400 run_best_mrr20=0.095000 run_best_hr10=0.188400 run_test_mrr20=0.097100 run_test_hr10=0.193400

=================================================================
  DONE  |  FEARec x foursquare
  Best MRR@20 = 0.095000  |  5/5 trials OK
  Best HR@10  = 0.188400
  Test MRR@20 = 0.097100  (best-valid checkpoint)
  Test HR@10  = 0.193400  (best-valid checkpoint)
[RUN_METRICS] best_valid_mrr20=0.095000 best_valid_hr10=0.188400 test_mrr20=0.097100 test_hr10=0.193400
  Total time: 7.0 min
  Best params:
    learning_rate: 0.00039484
  Results -> /workspace/jy1559/FMoE/experiments/run/artifacts/results/baseline/foursquare_FEARec_p23_sh_c18_mfearec_fad_h2_r2_wdhi_s1_20260410_111616_315339_pid550096.json
  Normal mirror -> /workspace/jy1559/FMoE/experiments/run/artifacts/results/baseline/normal/stageh_targetedrecovery_anchor2_core5/P23/foursquare/FEARec/foursquare_FEARec_p23_sh_c18_mfearec_fad_h2_r2_wdhi_s1_20260410_111616_315339_pid550096.json
  Special result -> /workspace/jy1559/FMoE/experiments/run/artifacts/results/baseline/special/stageh_targetedrecovery_anchor2_core5/P23/foursquare/FEARec/foursquare_FEARec_p23_sh_c18_mfearec_fad_h2_r2_wdhi_s1_20260410_111616_315339_pid550096_special_metrics.json
  Special log -> /workspace/jy1559/FMoE/experiments/run/artifacts/logs/baseline/special/stageh_targetedrecovery_anchor2_core5/P23/foursquare/FEARec/foursquare_FEARec_p23_sh_c18_mfearec_fad_h2_r2_wdhi_s1_20260410_111616_315339_pid550096_special_metrics.json
=================================================================

[RUN_STATUS] END status=normal pid=550096 start=2026-04-10T11:16:16 end=2026-04-10T11:23:18
