[STAGEH_TARGETEDRECOVERY_ANCHOR2_CORE5_SETTING_HEADER]
run_phase=P23_SH_C12_MTISASREC_XFER_AMAZON_BEAUTY_FAD_H2_R1_C1_PASS3_MAXI_S1 run_id=SH_RETAIL_ROCKET_TISASREC_XFER_AMAZON_BEAUTY_FAD_H2_R1_C1_PASS3_MAXI_S1 phase_id=P23 axis_id=SH model=TiSASRec candidate_id=XFER_amazon_beauty_FAD_H2_R1_C1_PASS3_MAXI seed=1
dataset=retail_rocket gpu=2 order=0 candidate_source=stageh_screen_variant source_stage=Final_all_datasets_variant transfer_from_dataset=amazon_beauty
max_evals=5 tune_epochs=34 tune_patience=5
seed=230183

[COMMAND]
- /venv/FMoE/bin/python hyperopt_tune.py --config-name tune_rr --max-evals 5 --tune-epochs 34 --tune-patience 5 --seed 230183 --run-group baseline --run-axis StageH_TargetedRecovery_anchor2_core5 --run-phase P23_SH_C12_MTISASREC_XFER_AMAZON_BEAUTY_FAD_H2_R1_C1_PASS3_MAXI_S1 model=tisasrec dataset=retail_rocket eval_mode=session_fixed feature_mode=full_v3 gpu_id=2 log_wandb=false show_progress=false ++special_logging=true ++seed=230183 ++search={learning_rate:[0.00033640481876013754,0.0008657010553220879]} ++search_space_type_overrides={learning_rate:"loguniform"} ++weight_decay=0.00015 ++search.weight_decay=[0.00015] ++search_space_type_overrides.weight_decay=choice ++search.n_layers=[3] ++search_space_type_overrides.n_layers=choice ++search.num_layers=[3] ++search_space_type_overrides.num_layers=choice ++search.n_heads=[4] ++search_space_type_overrides.n_heads=choice ++search.num_heads=[4] ++search_space_type_overrides.num_heads=choice ++search.dropout_ratio=[0.13999999999999999] ++search_space_type_overrides.dropout_ratio=choice ++search.dropout_prob=[0.13999999999999999] ++search_space_type_overrides.dropout_prob=choice ++search.hidden_dropout_prob=[0.13999999999999999] ++search_space_type_overrides.hidden_dropout_prob=choice ++search.attn_dropout_prob=[0.13999999999999999] ++search_space_type_overrides.attn_dropout_prob=choice ++search.hidden_size=[224] ++search_space_type_overrides.hidden_size=choice ++search.embedding_size=[224] ++search_space_type_overrides.embedding_size=choice ++search.inner_size=[512] ++search_space_type_overrides.inner_size=choice ++search.time_span=[512] ++search_space_type_overrides.time_span=choice ++search.num_experts=[6] ++search_space_type_overrides.num_experts=choice ++search.state_size=[24] ++search_space_type_overrides.state_size=choice ++search.conv_kernel=[6] ++search_space_type_overrides.conv_kernel=choice ++search.remaining_ratio=[0.6] ++search_space_type_overrides.remaining_ratio=choice ++search.MAX_ITEM_LIST_LENGTH=[5] ++search_space_type_overrides.MAX_ITEM_LIST_LENGTH=choice ++dropout_ratio=0.13999999999999999 ++train_batch_size=1198 ++eval_batch_size=1797 ++hidden_size=224 ++embedding_size=224 ++MAX_ITEM_LIST_LENGTH=5 ++n_layers=3 ++num_layers=3 ++n_heads=4 ++num_heads=4 ++inner_size=512 ++time_span=512
/venv/FMoE/lib/python3.10/site-packages/ray/_private/parameter.py:4: UserWarning: pkg_resources is deprecated as an API. See https://setuptools.pypa.io/en/latest/pkg_resources.html. The pkg_resources package is slated for removal as early as 2025-11-30. Refrain from using this package or pin to Setuptools<81.
  import pkg_resources
[RUN_STATUS] START pid=39458 ts=2026-04-12T02:29:40

=================================================================
  Hyperopt TPE  |  TiSASRec x retail_rocket
  max_evals=5  epochs=34  patience=5  wandb=off
  batch_size(train/valid/test)=1198/1797/1797
  track=baseline  axis=stageh_targetedrecovery_anchor2_core5  phase=P23_SH_C12_MTISASREC_XFER_AMAZON_BEAUTY_FAD_H2_R1_C1_PASS3_MAXI_S1
=================================================================
Changed knobs: learning_rate
Tuned params(len>1): 1  (~1 discrete combos)
Tuned groups: 1
  [optimization]
    learning_rate                   [0.00033640481876013754, 0.0008657010553220879]  -> loguniform
Fixed params(singleton/non-list): 18
Fixed groups: 18
  [optimization]
    hidden_dropout_prob             0.13999999999999999                     
    weight_decay                    0.00015                                 
  [model_core]
    attn_dropout_prob               0.13999999999999999                     
    dropout_prob                    0.13999999999999999                     
    dropout_ratio                   0.13999999999999999                     
    embedding_size                  224                                     
    hidden_size                     224                                     
    inner_size                      512                                     
    num_heads                       4                                       
    num_layers                      3                                       
  [other]
    MAX_ITEM_LIST_LENGTH            5                                       
    conv_kernel                     6                                       
    n_heads                         4                                       
    n_layers                        3                                       
    num_experts                     6                                       
    remaining_ratio                 0.6                                     
    state_size                      24                                      
    time_span                       512                                     

[Wandb] disabled for this hyperopt run

[1/5] learning_rate=0.0005809
  -> MRR@20=0.260200  best=0.260200  (early_stop@13, trial=2.7min, avg=3.0min/trial, total=3.0min, ETA=12.2min)
[TRIAL_METRICS] cur_best_mrr20=0.260200 cur_best_hr10=0.418000 cur_test_mrr20=0.263100 cur_test_hr10=0.419000 run_best_mrr20=0.260200 run_best_hr10=0.418000 run_test_mrr20=0.263100 run_test_hr10=0.419000

[2/5] learning_rate=0.0005326
  -> MRR@20=0.260100  best=0.260200  (early_stop@13, trial=2.7min, avg=2.9min/trial, total=5.7min, ETA=8.6min)
[TRIAL_METRICS] cur_best_mrr20=0.260100 cur_best_hr10=0.416800 cur_test_mrr20=0.262800 cur_test_hr10=0.418400 run_best_mrr20=0.260200 run_best_hr10=0.418000 run_test_mrr20=0.263100 run_test_hr10=0.419000

[3/5] learning_rate=0.0007882
  -> MRR@20=0.259000  best=0.260200  (early_stop@11, trial=2.3min, avg=2.7min/trial, total=8.0min, ETA=5.4min)
[TRIAL_METRICS] cur_best_mrr20=0.259000 cur_best_hr10=0.417700 cur_test_mrr20=0.261500 cur_test_hr10=0.421700 run_best_mrr20=0.260200 run_best_hr10=0.418000 run_test_mrr20=0.263100 run_test_hr10=0.419000

[4/5] learning_rate=0.000689
  -> MRR@20=0.258800  best=0.260200  (early_stop@13, trial=2.7min, avg=2.7min/trial, total=10.8min, ETA=2.7min)
[TRIAL_METRICS] cur_best_mrr20=0.258800 cur_best_hr10=0.418800 cur_test_mrr20=0.263200 cur_test_hr10=0.421300 run_best_mrr20=0.260200 run_best_hr10=0.418000 run_test_mrr20=0.263100 run_test_hr10=0.419000

[5/5] learning_rate=0.0005312
  -> MRR@20=0.260000  best=0.260200  (early_stop@13, trial=2.7min, avg=2.7min/trial, total=13.5min, ETA=0s)
[TRIAL_METRICS] cur_best_mrr20=0.260000 cur_best_hr10=0.416500 cur_test_mrr20=0.262800 cur_test_hr10=0.418200 run_best_mrr20=0.260200 run_best_hr10=0.418000 run_test_mrr20=0.263100 run_test_hr10=0.419000

=================================================================
  DONE  |  TiSASRec x retail_rocket
  Best MRR@20 = 0.260200  |  5/5 trials OK
  Best HR@10  = 0.418000
  Test MRR@20 = 0.263100  (best-valid checkpoint)
  Test HR@10  = 0.419000  (best-valid checkpoint)
[RUN_METRICS] best_valid_mrr20=0.260200 best_valid_hr10=0.418000 test_mrr20=0.263100 test_hr10=0.419000
  Total time: 13.5 min
  Best params:
    learning_rate: 0.000580858
  Results -> /workspace/FeaturedMoE/experiments/run/artifacts/results/baseline/retail_rocket_TiSASRec_p23_sh_c12_mtisasrec_xfer_amazon_beauty_fad_h2_r1_c1_pass3_maxi_s1_20260412_022940_196276_pid39458.json
  Normal mirror -> /workspace/FeaturedMoE/experiments/run/artifacts/results/baseline/normal/stageh_targetedrecovery_anchor2_core5/P23/retail_rocket/TiSASRec/retail_rocket_TiSASRec_p23_sh_c12_mtisasrec_xfer_amazon_beauty_fad_h2_r1_c1_pass3_maxi_s1_20260412_022940_196276_pid39458.json
  Special result -> /workspace/FeaturedMoE/experiments/run/artifacts/results/baseline/special/stageh_targetedrecovery_anchor2_core5/P23/retail_rocket/TiSASRec/retail_rocket_TiSASRec_p23_sh_c12_mtisasrec_xfer_amazon_beauty_fad_h2_r1_c1_pass3_maxi_s1_20260412_022940_196276_pid39458_special_metrics.json
  Special log -> /workspace/FeaturedMoE/experiments/run/artifacts/logs/baseline/special/stageh_targetedrecovery_anchor2_core5/P23/retail_rocket/TiSASRec/retail_rocket_TiSASRec_p23_sh_c12_mtisasrec_xfer_amazon_beauty_fad_h2_r1_c1_pass3_maxi_s1_20260412_022940_196276_pid39458_special_metrics.json
=================================================================

[RUN_STATUS] END status=normal pid=39458 start=2026-04-12T02:29:40 end=2026-04-12T02:43:08
