[STAGEH_TARGETEDRECOVERY_ANCHOR2_CORE5_SETTING_HEADER]
run_phase=P23_SH_C12_MFEAREC_XFER_LASTFM0_03_FAD_H2_R1_C1_TAU_S1 run_id=SH_MOVIELENS1M_FEAREC_XFER_LASTFM0_03_FAD_H2_R1_C1_TAU_S1 phase_id=P23 axis_id=SH model=FEARec candidate_id=XFER_lastfm0.03_FAD_H2_R1_C1_TAU seed=1
dataset=movielens1m gpu=5 order=0 candidate_source=stageh_screen_variant source_stage=Final_all_datasets_variant transfer_from_dataset=lastfm0.03
max_evals=5 tune_epochs=36 tune_patience=5
seed=230182

[COMMAND]
- /venv/FMoE/bin/python hyperopt_tune.py --config-name tune_ml --max-evals 5 --tune-epochs 36 --tune-patience 5 --seed 230182 --run-group baseline --run-axis StageH_TargetedRecovery_anchor2_core5 --run-phase P23_SH_C12_MFEAREC_XFER_LASTFM0_03_FAD_H2_R1_C1_TAU_S1 model=fearec dataset=movielens1m eval_mode=session_fixed feature_mode=full_v3 gpu_id=5 log_wandb=false show_progress=false ++special_logging=true ++seed=230182 ++search={learning_rate:[0.0001625279052915209,0.00022598901905235836]} ++search_space_type_overrides={learning_rate:"loguniform"} ++weight_decay=0.00015 ++search.weight_decay=[0.00015] ++search_space_type_overrides.weight_decay=choice ++search.n_layers=[2] ++search_space_type_overrides.n_layers=choice ++search.num_layers=[2] ++search_space_type_overrides.num_layers=choice ++search.n_heads=[2] ++search_space_type_overrides.n_heads=choice ++search.num_heads=[2] ++search_space_type_overrides.num_heads=choice ++search.dropout_ratio=[0.12] ++search_space_type_overrides.dropout_ratio=choice ++search.dropout_prob=[0.12] ++search_space_type_overrides.dropout_prob=choice ++search.hidden_dropout_prob=[0.12] ++search_space_type_overrides.hidden_dropout_prob=choice ++search.attn_dropout_prob=[0.12] ++search_space_type_overrides.attn_dropout_prob=choice ++search.hidden_size=[128] ++search_space_type_overrides.hidden_size=choice ++search.embedding_size=[128] ++search_space_type_overrides.embedding_size=choice ++search.inner_size=[256] ++search_space_type_overrides.inner_size=choice ++search.time_span=[384] ++search_space_type_overrides.time_span=choice ++search.num_experts=[6] ++search_space_type_overrides.num_experts=choice ++search.state_size=[24] ++search_space_type_overrides.state_size=choice ++search.conv_kernel=[6] ++search_space_type_overrides.conv_kernel=choice ++search.remaining_ratio=[0.6] ++search_space_type_overrides.remaining_ratio=choice ++search.MAX_ITEM_LIST_LENGTH=[10] ++search_space_type_overrides.MAX_ITEM_LIST_LENGTH=choice ++dropout_ratio=0.12 ++contrast=un ++tau=0.16 ++lmd=0.032 ++lmd_sem=0.0 ++global_ratio=0.85 ++semantic_sample_max_tries=2 ++train_batch_size=4608 ++eval_batch_size=10240 ++hidden_size=128 ++embedding_size=128 ++MAX_ITEM_LIST_LENGTH=10 ++n_layers=2 ++num_layers=2 ++n_heads=2 ++num_heads=2 ++inner_size=256
/venv/FMoE/lib/python3.10/site-packages/ray/_private/parameter.py:4: UserWarning: pkg_resources is deprecated as an API. See https://setuptools.pypa.io/en/latest/pkg_resources.html. The pkg_resources package is slated for removal as early as 2025-11-30. Refrain from using this package or pin to Setuptools<81.
  import pkg_resources
[RUN_STATUS] START pid=519977 ts=2026-04-10T01:05:22

=================================================================
  Hyperopt TPE  |  FEARec x movielens1m
  max_evals=5  epochs=36  patience=5  wandb=off
  batch_size(train/valid/test)=4608/10240/10240
  track=baseline  axis=stageh_targetedrecovery_anchor2_core5  phase=P23_SH_C12_MFEAREC_XFER_LASTFM0_03_FAD_H2_R1_C1_TAU_S1
=================================================================
Changed knobs: learning_rate
Tuned params(len>1): 1  (~1 discrete combos)
Tuned groups: 1
  [optimization]
    learning_rate                   [0.0001625279052915209, 0.00022598901905235836]  -> loguniform
Fixed params(singleton/non-list): 18
Fixed groups: 18
  [optimization]
    hidden_dropout_prob             0.12                                    
    weight_decay                    0.00015                                 
  [model_core]
    attn_dropout_prob               0.12                                    
    dropout_prob                    0.12                                    
    dropout_ratio                   0.12                                    
    embedding_size                  128                                     
    hidden_size                     128                                     
    inner_size                      256                                     
    num_heads                       2                                       
    num_layers                      2                                       
  [other]
    MAX_ITEM_LIST_LENGTH            10                                      
    conv_kernel                     6                                       
    n_heads                         2                                       
    n_layers                        2                                       
    num_experts                     6                                       
    remaining_ratio                 0.6                                     
    state_size                      24                                      
    time_span                       384                                     

[Wandb] disabled for this hyperopt run

[1/5] learning_rate=0.0002031
  -> MRR@20=0.047000  best=0.047000  (early_stop@21, trial=4.8min, avg=5.0min/trial, total=5.0min, ETA=20.0min)
[TRIAL_METRICS] cur_best_mrr20=0.047000 cur_best_hr10=0.134800 cur_test_mrr20=0.047400 cur_test_hr10=0.135200 run_best_mrr20=0.047000 run_best_hr10=0.134800 run_test_mrr20=0.047400 run_test_hr10=0.135200

[2/5] learning_rate=0.0001779
  -> MRR@20=0.052200  best=0.052200  (full@36, trial=8.2min, avg=6.6min/trial, total=13.2min, ETA=19.8min)
[TRIAL_METRICS] cur_best_mrr20=0.052200 cur_best_hr10=0.151000 cur_test_mrr20=0.050000 cur_test_hr10=0.148100 run_best_mrr20=0.052200 run_best_hr10=0.151000 run_test_mrr20=0.050000 run_test_hr10=0.148100

[3/5] learning_rate=0.000214
  -> MRR@20=0.058300  best=0.058300  (full@36, trial=8.2min, avg=7.1min/trial, total=21.3min, ETA=14.2min)
[TRIAL_METRICS] cur_best_mrr20=0.058300 cur_best_hr10=0.163400 cur_test_mrr20=0.055200 cur_test_hr10=0.160600 run_best_mrr20=0.058300 run_best_hr10=0.163400 run_test_mrr20=0.055200 run_test_hr10=0.160600

[4/5] learning_rate=0.0002036
  -> MRR@20=0.051000  best=0.058300  (early_stop@29, trial=6.6min, avg=7.0min/trial, total=27.9min, ETA=7.0min)
[TRIAL_METRICS] cur_best_mrr20=0.051000 cur_best_hr10=0.145000 cur_test_mrr20=0.047800 cur_test_hr10=0.146300 run_best_mrr20=0.058300 run_best_hr10=0.163400 run_test_mrr20=0.055200 run_test_hr10=0.160600

[5/5] learning_rate=0.0001663
  -> MRR@20=0.051600  best=0.058300  (full@36, trial=8.1min, avg=7.2min/trial, total=36.1min, ETA=0s)
[TRIAL_METRICS] cur_best_mrr20=0.051600 cur_best_hr10=0.153300 cur_test_mrr20=0.050400 cur_test_hr10=0.151400 run_best_mrr20=0.058300 run_best_hr10=0.163400 run_test_mrr20=0.055200 run_test_hr10=0.160600

=================================================================
  DONE  |  FEARec x movielens1m
  Best MRR@20 = 0.058300  |  5/5 trials OK
  Best HR@10  = 0.163400
  Test MRR@20 = 0.055200  (best-valid checkpoint)
  Test HR@10  = 0.160600  (best-valid checkpoint)
[RUN_METRICS] best_valid_mrr20=0.058300 best_valid_hr10=0.163400 test_mrr20=0.055200 test_hr10=0.160600
  Total time: 36.1 min
  Best params:
    learning_rate: 0.000214039
  Results -> /workspace/jy1559/FMoE/experiments/run/artifacts/results/baseline/movielens1m_FEARec_p23_sh_c12_mfearec_xfer_lastfm0_03_fad_h2_r1_c1_tau_s1_20260410_010523_211096_pid519977.json
  Normal mirror -> /workspace/jy1559/FMoE/experiments/run/artifacts/results/baseline/normal/stageh_targetedrecovery_anchor2_core5/P23/movielens1m/FEARec/movielens1m_FEARec_p23_sh_c12_mfearec_xfer_lastfm0_03_fad_h2_r1_c1_tau_s1_20260410_010523_211096_pid519977.json
  Special result -> /workspace/jy1559/FMoE/experiments/run/artifacts/results/baseline/special/stageh_targetedrecovery_anchor2_core5/P23/movielens1m/FEARec/movielens1m_FEARec_p23_sh_c12_mfearec_xfer_lastfm0_03_fad_h2_r1_c1_tau_s1_20260410_010523_211096_pid519977_special_metrics.json
  Special log -> /workspace/jy1559/FMoE/experiments/run/artifacts/logs/baseline/special/stageh_targetedrecovery_anchor2_core5/P23/movielens1m/FEARec/movielens1m_FEARec_p23_sh_c12_mfearec_xfer_lastfm0_03_fad_h2_r1_c1_tau_s1_20260410_010523_211096_pid519977_special_metrics.json
=================================================================

[RUN_STATUS] END status=normal pid=519977 start=2026-04-10T01:05:22 end=2026-04-10T01:41:27
