[STAGEF_TAILBOOST_ANCHOR2_CORE5_SETTING_HEADER]
run_phase=P21_SC_D01_M03_P02_FAME_MANUAL_AB_FAME_ALT_F1_S1 run_id=SC_AMAZON_BEAUTY_FAME_MANUAL_AB_FAME_ALT_F1_S1 phase_id=P21 axis_id=SC model=FAME profile_id=F1 parent_profile_id=MANUAL_AB_FAME_ALT seed=1
dataset=amazon_beauty gpu=6 order=0 lr_band=M_FAME_AB_2 lr_lo=0.0014705882352941174 lr_hi=0.006800000000000001
max_evals=12 tune_epochs=64 tune_patience=8
seed=210112

[COMMAND]
- /venv/FMoE/bin/python hyperopt_tune.py --config-name tune_ab --max-evals 12 --tune-epochs 64 --tune-patience 8 --seed 210112 --run-group baseline --run-axis StageF_TailBoost_anchor2_core5 --run-phase P21_SC_D01_M03_P02_FAME_MANUAL_AB_FAME_ALT_F1_S1 model=fame dataset=amazon_beauty eval_mode=session_fixed feature_mode=full_v3 gpu_id=6 log_wandb=false show_progress=false ++special_logging=true ++seed=210112 ++search={learning_rate:[0.0014705882352941174,0.006800000000000001]} ++search_space_type_overrides={learning_rate:"loguniform"} ++MAX_ITEM_LIST_LENGTH=10 ++weight_decay=0.000165 ++search.weight_decay=[0.000165] ++search_space_type_overrides.weight_decay=choice ++search.hidden_size=[208] ++search_space_type_overrides.hidden_size=choice ++search.embedding_size=[208] ++search_space_type_overrides.embedding_size=choice ++search.n_layers=[1] ++search_space_type_overrides.n_layers=choice ++search.num_layers=[1] ++search_space_type_overrides.num_layers=choice ++search.dropout_ratio=[0.14] ++search_space_type_overrides.dropout_ratio=choice ++search.dropout_prob=[0.14] ++search_space_type_overrides.dropout_prob=choice ++search.hidden_dropout_prob=[0.14] ++search_space_type_overrides.hidden_dropout_prob=choice ++search.attn_dropout_prob=[0.14] ++search_space_type_overrides.attn_dropout_prob=choice ++search.inner_size=[416] ++search_space_type_overrides.inner_size=choice ++search.n_heads=[4] ++search_space_type_overrides.n_heads=choice ++search.num_heads=[4] ++search_space_type_overrides.num_heads=choice ++search.num_experts=[3] ++search_space_type_overrides.num_experts=choice ++dropout_ratio=0.14 ++hidden_size=208 ++embedding_size=208 ++n_layers=1 ++num_layers=1 ++n_heads=4 ++num_heads=4 ++inner_size=416 ++num_experts=3 ++train_batch_size=1536 ++eval_batch_size=2304 ++search.MAX_ITEM_LIST_LENGTH=[10] ++search_space_type_overrides.MAX_ITEM_LIST_LENGTH=choice
/venv/FMoE/lib/python3.10/site-packages/ray/_private/parameter.py:4: UserWarning: pkg_resources is deprecated as an API. See https://setuptools.pypa.io/en/latest/pkg_resources.html. The pkg_resources package is slated for removal as early as 2025-11-30. Refrain from using this package or pin to Setuptools<81.
  import pkg_resources
[RUN_STATUS] START pid=262962 ts=2026-04-07T00:25:53

=================================================================
  Hyperopt TPE  |  FAME x amazon_beauty
  max_evals=12  epochs=64  patience=8  wandb=off
  batch_size(train/valid/test)=1536/2304/2304
  track=baseline  axis=stagef_tailboost_anchor2_core5  phase=P21_SC_D01_M03_P02_FAME_MANUAL_AB_FAME_ALT_F1_S1
=================================================================
Changed knobs: learning_rate
Tuned params(len>1): 1  (~1 discrete combos)
Tuned groups: 1
  [optimization]
    learning_rate                   [0.0014705882352941174, 0.006800000000000001]  -> loguniform
Fixed params(singleton/non-list): 14
Fixed groups: 14
  [optimization]
    hidden_dropout_prob             0.14                                    
    weight_decay                    0.000165                                
  [model_core]
    attn_dropout_prob               0.14                                    
    dropout_prob                    0.14                                    
    dropout_ratio                   0.14                                    
    embedding_size                  208                                     
    hidden_size                     208                                     
    inner_size                      416                                     
    num_heads                       4                                       
    num_layers                      1                                       
  [other]
    MAX_ITEM_LIST_LENGTH            10                                      
    n_heads                         4                                       
    n_layers                        1                                       
    num_experts                     3                                       

[Wandb] disabled for this hyperopt run

[1/12] learning_rate=0.003278
  -> MRR@20=0.003800  best=0.003800  (early_stop@9, trial=5s, avg=7s/trial, total=7s, ETA=1.3min)
[TRIAL_METRICS] cur_best_mrr20=0.003800 cur_best_hr10=0.017700 cur_test_mrr20=0.000000 cur_test_hr10=0.000000 run_best_mrr20=0.003800 run_best_hr10=0.017700 run_test_mrr20=0.000000 run_test_hr10=0.000000

[2/12] learning_rate=0.002343
  -> MRR@20=0.004700  best=0.004700  (early_stop@9, trial=5s, avg=6s/trial, total=12s, ETA=59s)
[TRIAL_METRICS] cur_best_mrr20=0.004700 cur_best_hr10=0.008800 cur_test_mrr20=0.000000 cur_test_hr10=0.000000 run_best_mrr20=0.004700 run_best_hr10=0.008800 run_test_mrr20=0.000000 run_test_hr10=0.000000

[3/12] learning_rate=0.004128
  -> MRR@20=0.010700  best=0.010700  (early_stop@9, trial=4s, avg=5s/trial, total=16s, ETA=49s)
[TRIAL_METRICS] cur_best_mrr20=0.010700 cur_best_hr10=0.017700 cur_test_mrr20=0.000000 cur_test_hr10=0.000000 run_best_mrr20=0.010700 run_best_hr10=0.017700 run_test_mrr20=0.000000 run_test_hr10=0.000000

[4/12] learning_rate=0.002399
  -> MRR@20=0.004600  best=0.010700  (early_stop@9, trial=5s, avg=5s/trial, total=21s, ETA=42s)
[TRIAL_METRICS] cur_best_mrr20=0.004600 cur_best_hr10=0.008800 cur_test_mrr20=0.000000 cur_test_hr10=0.000000 run_best_mrr20=0.010700 run_best_hr10=0.017700 run_test_mrr20=0.000000 run_test_hr10=0.000000

[5/12] learning_rate=0.003713
  -> MRR@20=0.010000  best=0.010700  (early_stop@9, trial=4s, avg=5s/trial, total=26s, ETA=36s)
[TRIAL_METRICS] cur_best_mrr20=0.010000 cur_best_hr10=0.017700 cur_test_mrr20=0.000000 cur_test_hr10=0.000000 run_best_mrr20=0.010700 run_best_hr10=0.017700 run_test_mrr20=0.000000 run_test_hr10=0.000000

[6/12] learning_rate=0.002746
  -> MRR@20=0.003900  best=0.010700  (early_stop@9, trial=4s, avg=5s/trial, total=31s, ETA=31s)
[TRIAL_METRICS] cur_best_mrr20=0.003900 cur_best_hr10=0.008800 cur_test_mrr20=0.000000 cur_test_hr10=0.000000 run_best_mrr20=0.010700 run_best_hr10=0.017700 run_test_mrr20=0.000000 run_test_hr10=0.000000

[7/12] learning_rate=0.001813
  -> MRR@20=0.003600  best=0.010700  (early_stop@9, trial=4s, avg=5s/trial, total=35s, ETA=25s)
[TRIAL_METRICS] cur_best_mrr20=0.003600 cur_best_hr10=0.026500 cur_test_mrr20=0.000000 cur_test_hr10=0.000000 run_best_mrr20=0.010700 run_best_hr10=0.017700 run_test_mrr20=0.000000 run_test_hr10=0.000000

[8/12] learning_rate=0.002404
  -> MRR@20=0.004600  best=0.010700  (early_stop@9, trial=5s, avg=5s/trial, total=40s, ETA=20s)
[TRIAL_METRICS] cur_best_mrr20=0.004600 cur_best_hr10=0.008800 cur_test_mrr20=0.000000 cur_test_hr10=0.000000 run_best_mrr20=0.010700 run_best_hr10=0.017700 run_test_mrr20=0.000000 run_test_hr10=0.000000

[9/12] learning_rate=0.005007
  -> MRR@20=0.011800  best=0.011800  (early_stop@9, trial=5s, avg=5s/trial, total=45s, ETA=15s)
[TRIAL_METRICS] cur_best_mrr20=0.011800 cur_best_hr10=0.026500 cur_test_mrr20=0.000000 cur_test_hr10=0.000000 run_best_mrr20=0.011800 run_best_hr10=0.026500 run_test_mrr20=0.000000 run_test_hr10=0.000000

[10/12] learning_rate=0.002536
  -> MRR@20=0.004700  best=0.011800  (early_stop@9, trial=5s, avg=5s/trial, total=50s, ETA=10s)
[TRIAL_METRICS] cur_best_mrr20=0.004700 cur_best_hr10=0.008800 cur_test_mrr20=0.000000 cur_test_hr10=0.000000 run_best_mrr20=0.011800 run_best_hr10=0.026500 run_test_mrr20=0.000000 run_test_hr10=0.000000

[11/12] learning_rate=0.002097
  -> MRR@20=0.003800  best=0.011800  (early_stop@9, trial=5s, avg=5s/trial, total=55s, ETA=5s)
[TRIAL_METRICS] cur_best_mrr20=0.003800 cur_best_hr10=0.008800 cur_test_mrr20=0.000000 cur_test_hr10=0.000000 run_best_mrr20=0.011800 run_best_hr10=0.026500 run_test_mrr20=0.000000 run_test_hr10=0.000000

[12/12] learning_rate=0.001799
  -> MRR@20=0.003600  best=0.011800  (early_stop@9, trial=5s, avg=5s/trial, total=60s, ETA=0s)
[TRIAL_METRICS] cur_best_mrr20=0.003600 cur_best_hr10=0.026500 cur_test_mrr20=0.000000 cur_test_hr10=0.000000 run_best_mrr20=0.011800 run_best_hr10=0.026500 run_test_mrr20=0.000000 run_test_hr10=0.000000

=================================================================
  DONE  |  FAME x amazon_beauty
  Best MRR@20 = 0.011800  |  12/12 trials OK
  Best HR@10  = 0.026500
  Test MRR@20 = 0.000000  (best-valid checkpoint)
  Test HR@10  = 0.000000  (best-valid checkpoint)
[RUN_METRICS] best_valid_mrr20=0.011800 best_valid_hr10=0.026500 test_mrr20=0.000000 test_hr10=0.000000
  Total time: 1.0 min
  Best params:
    learning_rate: 0.0050069
  Results -> /workspace/jy1559/FMoE/experiments/run/artifacts/results/baseline/amazon_beauty_FAME_p21_sc_d01_m03_p02_fame_manual_ab_fame_alt_f1_s1_20260407_002553_742246_pid262962.json
  Normal mirror -> /workspace/jy1559/FMoE/experiments/run/artifacts/results/baseline/normal/stagef_tailboost_anchor2_core5/P21/amazon_beauty/FAME/amazon_beauty_FAME_p21_sc_d01_m03_p02_fame_manual_ab_fame_alt_f1_s1_20260407_002553_742246_pid262962.json
  Special result -> /workspace/jy1559/FMoE/experiments/run/artifacts/results/baseline/special/stagef_tailboost_anchor2_core5/P21/amazon_beauty/FAME/amazon_beauty_FAME_p21_sc_d01_m03_p02_fame_manual_ab_fame_alt_f1_s1_20260407_002553_742246_pid262962_special_metrics.json
  Special log -> /workspace/jy1559/FMoE/experiments/run/artifacts/logs/baseline/special/stagef_tailboost_anchor2_core5/P21/amazon_beauty/FAME/amazon_beauty_FAME_p21_sc_d01_m03_p02_fame_manual_ab_fame_alt_f1_s1_20260407_002553_742246_pid262962_special_metrics.json
=================================================================

[RUN_STATUS] END status=normal pid=262962 start=2026-04-07T00:25:53 end=2026-04-07T00:26:53
