[STAGEF_TAILBOOST_ANCHOR2_CORE5_SETTING_HEADER]
run_phase=P21_SC_D01_M03_P03_FAME_D3_F5_S2 run_id=SC_AMAZON_BEAUTY_FAME_D3_F5_S2 phase_id=P21 axis_id=SC model=FAME profile_id=F5 parent_profile_id=D3 seed=2
dataset=amazon_beauty gpu=4 order=0 lr_band=LR6,LR4 lr_lo=0.0017914450000000002 lr_hi=0.0062073000000000015
max_evals=12 tune_epochs=64 tune_patience=8
seed=210137

[COMMAND]
- /venv/FMoE/bin/python hyperopt_tune.py --config-name tune_ab --max-evals 12 --tune-epochs 64 --tune-patience 8 --seed 210137 --run-group baseline --run-axis StageF_TailBoost_anchor2_core5 --run-phase P21_SC_D01_M03_P03_FAME_D3_F5_S2 model=fame dataset=amazon_beauty eval_mode=session_fixed feature_mode=full_v3 gpu_id=4 log_wandb=false show_progress=false ++special_logging=true ++seed=210137 ++search={learning_rate:[0.0017914450000000002,0.0062073000000000015]} ++search_space_type_overrides={learning_rate:"loguniform"} ++MAX_ITEM_LIST_LENGTH=10 ++weight_decay=0.00013358400000000004 ++search.weight_decay=[0.00013358400000000004] ++search_space_type_overrides.weight_decay=choice ++search.hidden_size=[208] ++search_space_type_overrides.hidden_size=choice ++search.embedding_size=[208] ++search_space_type_overrides.embedding_size=choice ++search.n_layers=[1] ++search_space_type_overrides.n_layers=choice ++search.num_layers=[1] ++search_space_type_overrides.num_layers=choice ++search.dropout_ratio=[0.12000000000000001] ++search_space_type_overrides.dropout_ratio=choice ++search.dropout_prob=[0.12000000000000001] ++search_space_type_overrides.dropout_prob=choice ++search.hidden_dropout_prob=[0.12000000000000001] ++search_space_type_overrides.hidden_dropout_prob=choice ++search.attn_dropout_prob=[0.12000000000000001] ++search_space_type_overrides.attn_dropout_prob=choice ++search.inner_size=[624] ++search_space_type_overrides.inner_size=choice ++search.n_heads=[8] ++search_space_type_overrides.n_heads=choice ++search.num_heads=[8] ++search_space_type_overrides.num_heads=choice ++search.num_experts=[6] ++search_space_type_overrides.num_experts=choice ++dropout_ratio=0.12000000000000001 ++hidden_size=208 ++embedding_size=208 ++n_layers=1 ++num_layers=1 ++n_heads=8 ++num_heads=8 ++inner_size=624 ++num_experts=6 ++train_batch_size=1536 ++eval_batch_size=2304 ++search.MAX_ITEM_LIST_LENGTH=[10] ++search_space_type_overrides.MAX_ITEM_LIST_LENGTH=choice
/venv/FMoE/lib/python3.10/site-packages/ray/_private/parameter.py:4: UserWarning: pkg_resources is deprecated as an API. See https://setuptools.pypa.io/en/latest/pkg_resources.html. The pkg_resources package is slated for removal as early as 2025-11-30. Refrain from using this package or pin to Setuptools<81.
  import pkg_resources
[RUN_STATUS] START pid=263392 ts=2026-04-07T00:35:12

=================================================================
  Hyperopt TPE  |  FAME x amazon_beauty
  max_evals=12  epochs=64  patience=8  wandb=off
  batch_size(train/valid/test)=1536/2304/2304
  track=baseline  axis=stagef_tailboost_anchor2_core5  phase=P21_SC_D01_M03_P03_FAME_D3_F5_S2
=================================================================
Changed knobs: learning_rate
Tuned params(len>1): 1  (~1 discrete combos)
Tuned groups: 1
  [optimization]
    learning_rate                   [0.0017914450000000002, 0.0062073000000000015]  -> loguniform
Fixed params(singleton/non-list): 14
Fixed groups: 14
  [optimization]
    hidden_dropout_prob             0.12000000000000001                     
    weight_decay                    0.00013358400000000004                  
  [model_core]
    attn_dropout_prob               0.12000000000000001                     
    dropout_prob                    0.12000000000000001                     
    dropout_ratio                   0.12000000000000001                     
    embedding_size                  208                                     
    hidden_size                     208                                     
    inner_size                      624                                     
    num_heads                       8                                       
    num_layers                      1                                       
  [other]
    MAX_ITEM_LIST_LENGTH            10                                      
    n_heads                         8                                       
    n_layers                        1                                       
    num_experts                     6                                       

[Wandb] disabled for this hyperopt run

[1/12] learning_rate=0.001877
  -> MRR@20=0.001300  best=0.001300  (early_stop@10, trial=14s, avg=16s/trial, total=16s, ETA=3.0min)
[TRIAL_METRICS] cur_best_mrr20=0.001300 cur_best_hr10=0.008800 cur_test_mrr20=0.001300 cur_test_hr10=0.008800 run_best_mrr20=0.001300 run_best_hr10=0.008800 run_test_mrr20=0.001300 run_test_hr10=0.008800

[2/12] learning_rate=0.002066
  -> MRR@20=0.001300  best=0.001300  (early_stop@10, trial=13s, avg=15s/trial, total=30s, ETA=2.5min)
[TRIAL_METRICS] cur_best_mrr20=0.001300 cur_best_hr10=0.008800 cur_test_mrr20=0.001300 cur_test_hr10=0.008800 run_best_mrr20=0.001300 run_best_hr10=0.008800 run_test_mrr20=0.001300 run_test_hr10=0.008800

[3/12] learning_rate=0.00265
  -> MRR@20=0.001800  best=0.001800  (early_stop@10, trial=14s, avg=15s/trial, total=44s, ETA=2.2min)
[TRIAL_METRICS] cur_best_mrr20=0.001800 cur_best_hr10=0.008800 cur_test_mrr20=0.000600 cur_test_hr10=0.000000 run_best_mrr20=0.001800 run_best_hr10=0.008800 run_test_mrr20=0.000600 run_test_hr10=0.000000

[4/12] learning_rate=0.00272
  -> MRR@20=0.001500  best=0.001800  (early_stop@10, trial=14s, avg=15s/trial, total=58s, ETA=1.9min)
[TRIAL_METRICS] cur_best_mrr20=0.001500 cur_best_hr10=0.008800 cur_test_mrr20=0.000600 cur_test_hr10=0.000000 run_best_mrr20=0.001800 run_best_hr10=0.008800 run_test_mrr20=0.000600 run_test_hr10=0.000000

[5/12] learning_rate=0.00268
  -> MRR@20=0.001800  best=0.001800  (early_stop@10, trial=14s, avg=15s/trial, total=1.2min, ETA=1.7min)
[TRIAL_METRICS] cur_best_mrr20=0.001800 cur_best_hr10=0.008800 cur_test_mrr20=0.000600 cur_test_hr10=0.000000 run_best_mrr20=0.001800 run_best_hr10=0.008800 run_test_mrr20=0.000600 run_test_hr10=0.000000

[6/12] learning_rate=0.00513
  -> MRR@20=0.009500  best=0.009500  (early_stop@21, trial=29s, avg=17s/trial, total=1.7min, ETA=1.7min)
[TRIAL_METRICS] cur_best_mrr20=0.009500 cur_best_hr10=0.008800 cur_test_mrr20=0.001800 cur_test_hr10=0.008800 run_best_mrr20=0.009500 run_best_hr10=0.008800 run_test_mrr20=0.001800 run_test_hr10=0.008800

[7/12] learning_rate=0.003882
  -> MRR@20=0.000600  best=0.009500  (early_stop@9, trial=12s, avg=16s/trial, total=1.9min, ETA=1.4min)
[TRIAL_METRICS] cur_best_mrr20=0.000600 cur_best_hr10=0.000000 cur_test_mrr20=0.000000 cur_test_hr10=0.000000 run_best_mrr20=0.009500 run_best_hr10=0.008800 run_test_mrr20=0.001800 run_test_hr10=0.008800

[8/12] learning_rate=0.006027
  -> MRR@20=0.000600  best=0.009500  (early_stop@9, trial=12s, avg=16s/trial, total=2.1min, ETA=1.1min)
[TRIAL_METRICS] cur_best_mrr20=0.000600 cur_best_hr10=0.000000 cur_test_mrr20=0.000000 cur_test_hr10=0.000000 run_best_mrr20=0.009500 run_best_hr10=0.008800 run_test_mrr20=0.001800 run_test_hr10=0.008800

[9/12] learning_rate=0.005468
  -> MRR@20=0.001500  best=0.009500  (early_stop@18, trial=24s, avg=17s/trial, total=2.5min, ETA=50s)
[TRIAL_METRICS] cur_best_mrr20=0.001500 cur_best_hr10=0.008800 cur_test_mrr20=0.001100 cur_test_hr10=0.008800 run_best_mrr20=0.009500 run_best_hr10=0.008800 run_test_mrr20=0.001800 run_test_hr10=0.008800

[10/12] learning_rate=0.001856
  -> MRR@20=0.001300  best=0.009500  (early_stop@10, trial=13s, avg=16s/trial, total=2.7min, ETA=33s)
[TRIAL_METRICS] cur_best_mrr20=0.001300 cur_best_hr10=0.008800 cur_test_mrr20=0.001300 cur_test_hr10=0.008800 run_best_mrr20=0.009500 run_best_hr10=0.008800 run_test_mrr20=0.001800 run_test_hr10=0.008800

[11/12] learning_rate=0.003712
  -> MRR@20=0.000600  best=0.009500  (early_stop@9, trial=12s, avg=16s/trial, total=2.9min, ETA=16s)
[TRIAL_METRICS] cur_best_mrr20=0.000600 cur_best_hr10=0.000000 cur_test_mrr20=0.000000 cur_test_hr10=0.000000 run_best_mrr20=0.009500 run_best_hr10=0.008800 run_test_mrr20=0.001800 run_test_hr10=0.008800

[12/12] learning_rate=0.001912
  -> MRR@20=0.001300  best=0.009500  (early_stop@10, trial=13s, avg=16s/trial, total=3.2min, ETA=0s)
[TRIAL_METRICS] cur_best_mrr20=0.001300 cur_best_hr10=0.008800 cur_test_mrr20=0.001300 cur_test_hr10=0.008800 run_best_mrr20=0.009500 run_best_hr10=0.008800 run_test_mrr20=0.001800 run_test_hr10=0.008800

=================================================================
  DONE  |  FAME x amazon_beauty
  Best MRR@20 = 0.009500  |  12/12 trials OK
  Best HR@10  = 0.008800
  Test MRR@20 = 0.001800  (best-valid checkpoint)
  Test HR@10  = 0.008800  (best-valid checkpoint)
[RUN_METRICS] best_valid_mrr20=0.009500 best_valid_hr10=0.008800 test_mrr20=0.001800 test_hr10=0.008800
  Total time: 3.2 min
  Best params:
    learning_rate: 0.00512958
  Results -> /workspace/jy1559/FMoE/experiments/run/artifacts/results/baseline/amazon_beauty_FAME_p21_sc_d01_m03_p03_fame_d3_f5_s2_20260407_003512_316281_pid263392.json
  Normal mirror -> /workspace/jy1559/FMoE/experiments/run/artifacts/results/baseline/normal/stagef_tailboost_anchor2_core5/P21/amazon_beauty/FAME/amazon_beauty_FAME_p21_sc_d01_m03_p03_fame_d3_f5_s2_20260407_003512_316281_pid263392.json
  Special result -> /workspace/jy1559/FMoE/experiments/run/artifacts/results/baseline/special/stagef_tailboost_anchor2_core5/P21/amazon_beauty/FAME/amazon_beauty_FAME_p21_sc_d01_m03_p03_fame_d3_f5_s2_20260407_003512_316281_pid263392_special_metrics.json
  Special log -> /workspace/jy1559/FMoE/experiments/run/artifacts/logs/baseline/special/stagef_tailboost_anchor2_core5/P21/amazon_beauty/FAME/amazon_beauty_FAME_p21_sc_d01_m03_p03_fame_d3_f5_s2_20260407_003512_316281_pid263392_special_metrics.json
=================================================================

[RUN_STATUS] END status=normal pid=263392 start=2026-04-07T00:35:12 end=2026-04-07T00:38:22
