[STAGEF_TAILBOOST_ANCHOR2_CORE5_SETTING_HEADER]
run_phase=P21_SC_D01_M03_P02_FAME_MANUAL_AB_FAME_ALT_F7_S2 run_id=SC_AMAZON_BEAUTY_FAME_MANUAL_AB_FAME_ALT_F7_S2 phase_id=P21 axis_id=SC model=FAME profile_id=F7 parent_profile_id=MANUAL_AB_FAME_ALT seed=2
dataset=amazon_beauty gpu=7 order=0 lr_band=M_FAME_AB_2 lr_lo=0.002064516129032258 lr_hi=0.007936
max_evals=12 tune_epochs=64 tune_patience=8
seed=210125

[COMMAND]
- /venv/FMoE/bin/python hyperopt_tune.py --config-name tune_ab --max-evals 12 --tune-epochs 64 --tune-patience 8 --seed 210125 --run-group baseline --run-axis StageF_TailBoost_anchor2_core5 --run-phase P21_SC_D01_M03_P02_FAME_MANUAL_AB_FAME_ALT_F7_S2 model=fame dataset=amazon_beauty eval_mode=session_fixed feature_mode=full_v3 gpu_id=7 log_wandb=false show_progress=false ++special_logging=true ++seed=210125 ++search={learning_rate:[0.002064516129032258,0.007936]} ++search_space_type_overrides={learning_rate:"loguniform"} ++MAX_ITEM_LIST_LENGTH=10 ++weight_decay=0.0001287 ++search.weight_decay=[0.0001287] ++search_space_type_overrides.weight_decay=choice ++search.hidden_size=[208] ++search_space_type_overrides.hidden_size=choice ++search.embedding_size=[208] ++search_space_type_overrides.embedding_size=choice ++search.n_layers=[1] ++search_space_type_overrides.n_layers=choice ++search.num_layers=[1] ++search_space_type_overrides.num_layers=choice ++search.dropout_ratio=[0.1] ++search_space_type_overrides.dropout_ratio=choice ++search.dropout_prob=[0.1] ++search_space_type_overrides.dropout_prob=choice ++search.hidden_dropout_prob=[0.1] ++search_space_type_overrides.hidden_dropout_prob=choice ++search.attn_dropout_prob=[0.1] ++search_space_type_overrides.attn_dropout_prob=choice ++search.inner_size=[832] ++search_space_type_overrides.inner_size=choice ++search.n_heads=[4] ++search_space_type_overrides.n_heads=choice ++search.num_heads=[4] ++search_space_type_overrides.num_heads=choice ++search.num_experts=[6] ++search_space_type_overrides.num_experts=choice ++dropout_ratio=0.1 ++hidden_size=208 ++embedding_size=208 ++n_layers=1 ++num_layers=1 ++n_heads=4 ++num_heads=4 ++inner_size=832 ++num_experts=6 ++train_batch_size=1536 ++eval_batch_size=2304 ++search.MAX_ITEM_LIST_LENGTH=[10] ++search_space_type_overrides.MAX_ITEM_LIST_LENGTH=choice
/venv/FMoE/lib/python3.10/site-packages/ray/_private/parameter.py:4: UserWarning: pkg_resources is deprecated as an API. See https://setuptools.pypa.io/en/latest/pkg_resources.html. The pkg_resources package is slated for removal as early as 2025-11-30. Refrain from using this package or pin to Setuptools<81.
  import pkg_resources
[RUN_STATUS] START pid=263196 ts=2026-04-07T00:30:53

=================================================================
  Hyperopt TPE  |  FAME x amazon_beauty
  max_evals=12  epochs=64  patience=8  wandb=off
  batch_size(train/valid/test)=1536/2304/2304
  track=baseline  axis=stagef_tailboost_anchor2_core5  phase=P21_SC_D01_M03_P02_FAME_MANUAL_AB_FAME_ALT_F7_S2
=================================================================
Changed knobs: learning_rate
Tuned params(len>1): 1  (~1 discrete combos)
Tuned groups: 1
  [optimization]
    learning_rate                   [0.002064516129032258, 0.007936]          -> loguniform
Fixed params(singleton/non-list): 14
Fixed groups: 14
  [optimization]
    hidden_dropout_prob             0.1                                     
    weight_decay                    0.0001287                               
  [model_core]
    attn_dropout_prob               0.1                                     
    dropout_prob                    0.1                                     
    dropout_ratio                   0.1                                     
    embedding_size                  208                                     
    hidden_size                     208                                     
    inner_size                      832                                     
    num_heads                       4                                       
    num_layers                      1                                       
  [other]
    MAX_ITEM_LIST_LENGTH            10                                      
    n_heads                         4                                       
    n_layers                        1                                       
    num_experts                     6                                       

[Wandb] disabled for this hyperopt run

[1/12] learning_rate=0.004407
  -> MRR@20=0.009600  best=0.009600  (early_stop@15, trial=13s, avg=15s/trial, total=15s, ETA=2.7min)
[TRIAL_METRICS] cur_best_mrr20=0.009600 cur_best_hr10=0.008800 cur_test_mrr20=0.000000 cur_test_hr10=0.000000 run_best_mrr20=0.009600 run_best_hr10=0.008800 run_test_mrr20=0.000000 run_test_hr10=0.000000

[2/12] learning_rate=0.003419
  -> MRR@20=0.009700  best=0.009700  (early_stop@10, trial=8s, avg=11s/trial, total=23s, ETA=1.9min)
[TRIAL_METRICS] cur_best_mrr20=0.009700 cur_best_hr10=0.008800 cur_test_mrr20=0.000000 cur_test_hr10=0.000000 run_best_mrr20=0.009700 run_best_hr10=0.008800 run_test_mrr20=0.000000 run_test_hr10=0.000000

[3/12] learning_rate=0.003972
  -> MRR@20=0.008800  best=0.009700  (early_stop@11, trial=8s, avg=11s/trial, total=32s, ETA=1.6min)
[TRIAL_METRICS] cur_best_mrr20=0.008800 cur_best_hr10=0.008800 cur_test_mrr20=0.000000 cur_test_hr10=0.000000 run_best_mrr20=0.009700 run_best_hr10=0.008800 run_test_mrr20=0.000000 run_test_hr10=0.000000

[4/12] learning_rate=0.002304
  -> MRR@20=0.008800  best=0.009700  (early_stop@10, trial=7s, avg=10s/trial, total=39s, ETA=1.3min)
[TRIAL_METRICS] cur_best_mrr20=0.008800 cur_best_hr10=0.008800 cur_test_mrr20=0.000700 cur_test_hr10=0.000000 run_best_mrr20=0.009700 run_best_hr10=0.008800 run_test_mrr20=0.000000 run_test_hr10=0.000000

[5/12] learning_rate=0.003877
  -> MRR@20=0.008800  best=0.009700  (early_stop@11, trial=9s, avg=10s/trial, total=48s, ETA=1.1min)
[TRIAL_METRICS] cur_best_mrr20=0.008800 cur_best_hr10=0.008800 cur_test_mrr20=0.000000 cur_test_hr10=0.000000 run_best_mrr20=0.009700 run_best_hr10=0.008800 run_test_mrr20=0.000000 run_test_hr10=0.000000

[6/12] learning_rate=0.003499
  -> MRR@20=0.009700  best=0.009700  (early_stop@10, trial=8s, avg=9s/trial, total=56s, ETA=56s)
[TRIAL_METRICS] cur_best_mrr20=0.009700 cur_best_hr10=0.008800 cur_test_mrr20=0.000000 cur_test_hr10=0.000000 run_best_mrr20=0.009700 run_best_hr10=0.008800 run_test_mrr20=0.000000 run_test_hr10=0.000000

[7/12] learning_rate=0.004081
  -> MRR@20=0.008800  best=0.009700  (early_stop@11, trial=9s, avg=9s/trial, total=1.1min, ETA=46s)
[TRIAL_METRICS] cur_best_mrr20=0.008800 cur_best_hr10=0.008800 cur_test_mrr20=0.000000 cur_test_hr10=0.000000 run_best_mrr20=0.009700 run_best_hr10=0.008800 run_test_mrr20=0.000000 run_test_hr10=0.000000

[8/12] learning_rate=0.003154
  -> MRR@20=0.009400  best=0.009700  (early_stop@10, trial=8s, avg=9s/trial, total=1.2min, ETA=37s)
[TRIAL_METRICS] cur_best_mrr20=0.009400 cur_best_hr10=0.008800 cur_test_mrr20=0.000000 cur_test_hr10=0.000000 run_best_mrr20=0.009700 run_best_hr10=0.008800 run_test_mrr20=0.000000 run_test_hr10=0.000000

[9/12] learning_rate=0.002946
  -> MRR@20=0.008800  best=0.009700  (early_stop@9, trial=7s, avg=9s/trial, total=1.3min, ETA=27s)
[TRIAL_METRICS] cur_best_mrr20=0.008800 cur_best_hr10=0.008800 cur_test_mrr20=0.000600 cur_test_hr10=0.000000 run_best_mrr20=0.009700 run_best_hr10=0.008800 run_test_mrr20=0.000000 run_test_hr10=0.000000

[10/12] learning_rate=0.004053
  -> MRR@20=0.008800  best=0.009700  (early_stop@11, trial=9s, avg=9s/trial, total=1.5min, ETA=18s)
[TRIAL_METRICS] cur_best_mrr20=0.008800 cur_best_hr10=0.008800 cur_test_mrr20=0.000000 cur_test_hr10=0.000000 run_best_mrr20=0.009700 run_best_hr10=0.008800 run_test_mrr20=0.000000 run_test_hr10=0.000000

[11/12] learning_rate=0.003964
  -> MRR@20=0.008800  best=0.009700  (early_stop@11, trial=9s, avg=9s/trial, total=1.6min, ETA=9s)
[TRIAL_METRICS] cur_best_mrr20=0.008800 cur_best_hr10=0.008800 cur_test_mrr20=0.000000 cur_test_hr10=0.000000 run_best_mrr20=0.009700 run_best_hr10=0.008800 run_test_mrr20=0.000000 run_test_hr10=0.000000

[12/12] learning_rate=0.004935
  -> MRR@20=0.008800  best=0.009700  (early_stop@11, trial=9s, avg=9s/trial, total=1.8min, ETA=0s)
[TRIAL_METRICS] cur_best_mrr20=0.008800 cur_best_hr10=0.008800 cur_test_mrr20=0.000000 cur_test_hr10=0.000000 run_best_mrr20=0.009700 run_best_hr10=0.008800 run_test_mrr20=0.000000 run_test_hr10=0.000000

=================================================================
  DONE  |  FAME x amazon_beauty
  Best MRR@20 = 0.009700  |  12/12 trials OK
  Best HR@10  = 0.008800
  Test MRR@20 = 0.000000  (best-valid checkpoint)
  Test HR@10  = 0.000000  (best-valid checkpoint)
[RUN_METRICS] best_valid_mrr20=0.009700 best_valid_hr10=0.008800 test_mrr20=0.000000 test_hr10=0.000000
  Total time: 1.8 min
  Best params:
    learning_rate: 0.00341937
  Results -> /workspace/jy1559/FMoE/experiments/run/artifacts/results/baseline/amazon_beauty_FAME_p21_sc_d01_m03_p02_fame_manual_ab_fame_alt_f7_s2_20260407_003053_702022_pid263196.json
  Normal mirror -> /workspace/jy1559/FMoE/experiments/run/artifacts/results/baseline/normal/stagef_tailboost_anchor2_core5/P21/amazon_beauty/FAME/amazon_beauty_FAME_p21_sc_d01_m03_p02_fame_manual_ab_fame_alt_f7_s2_20260407_003053_702022_pid263196.json
  Special result -> /workspace/jy1559/FMoE/experiments/run/artifacts/results/baseline/special/stagef_tailboost_anchor2_core5/P21/amazon_beauty/FAME/amazon_beauty_FAME_p21_sc_d01_m03_p02_fame_manual_ab_fame_alt_f7_s2_20260407_003053_702022_pid263196_special_metrics.json
  Special log -> /workspace/jy1559/FMoE/experiments/run/artifacts/logs/baseline/special/stagef_tailboost_anchor2_core5/P21/amazon_beauty/FAME/amazon_beauty_FAME_p21_sc_d01_m03_p02_fame_manual_ab_fame_alt_f7_s2_20260407_003053_702022_pid263196_special_metrics.json
=================================================================

[RUN_STATUS] END status=normal pid=263196 start=2026-04-07T00:30:53 end=2026-04-07T00:32:40
