# job_id=S2_RETAIL_ROCKET_FDSA dataset=retail_rocket model=fdsa stage=stage2
# cmd=/venv/FMoE/bin/python hyperopt_tune.py --config-name tune_rr --search-algo tpe --max-evals 10 --tune-epochs 60 --tune-patience 6 --seed 710029 --run-group final_experiment --run-axis stage2_focus_search --run-phase S2_RETAIL_ROCKET_FDSA model=fdsa dataset=retail_rocket eval_mode=session_fixed feature_mode=full_v4 ++eval_sampling.mode=full ++eval_sampling.auto_full_threshold=999999999 ++special_logging=true ++exclude_unseen_target_from_main_eval=true ++log_unseen_target_metrics=true gpu_id=7 log_wandb=false show_progress=false ++seed=710029 --max-run-hours 2 --oom-retry-limit 2 ++search.learning_rate=[0.00013594,0.00020145,0.00029853,0.00044239,0.00065559] ++search_space_type_overrides.learning_rate=choice ++search.weight_decay=[1e-05,5e-05,0.0001,0.0002] ++search_space_type_overrides.weight_decay=choice ++search.MAX_ITEM_LIST_LENGTH=[30,50,10,20] ++search_space_type_overrides.MAX_ITEM_LIST_LENGTH=choice ++search.hidden_size=[96,64,128,112] ++search_space_type_overrides.hidden_size=choice ++search.embedding_size=[64,128,96,112] ++search_space_type_overrides.embedding_size=choice ++search.n_layers=[1,2,3] ++search_space_type_overrides.n_layers=choice ++search.n_heads=[1,4,2] ++search_space_type_overrides.n_heads=choice ++search.hidden_dropout_prob=[0.1,0.2,0.15,0.12] ++search_space_type_overrides.hidden_dropout_prob=choice ++search.attn_dropout_prob=[0.1,0.15,0.12,0.2] ++search_space_type_overrides.attn_dropout_prob=choice ++search.attribute_hidden_size=[64,96,128,112] ++search_space_type_overrides.attribute_hidden_size=choice ++search.lambda_attr=[0.0,0.1,0.12,0.08] ++search_space_type_overrides.lambda_attr=choice ++search.inner_size=[224] ++search_space_type_overrides.inner_size=choice ++search.dropout_ratio=[0.15] ++search_space_type_overrides.dropout_ratio=choice ++search.selected_features=[["category"]] ++search_space_type_overrides.selected_features=choice ++search.pooling_mode=["mean"] ++search_space_type_overrides.pooling_mode=choice

/venv/FMoE/lib/python3.10/site-packages/ray/_private/parameter.py:4: UserWarning: pkg_resources is deprecated as an API. See https://setuptools.pypa.io/en/latest/pkg_resources.html. The pkg_resources package is slated for removal as early as 2025-11-30. Refrain from using this package or pin to Setuptools<81.
  import pkg_resources
[RUN_STATUS] START pid=599123 ts=2026-04-18T09:48:32
[UniqueChoice] disabled: finite choice-only space has 2949120 combos, exceeding enumeration cap 200000

=================================================================
  Hyperopt  |  FDSA x retail_rocket
  max_evals=10  epochs=60  patience=6  wandb=off
  search_algo=tpe
  max_run_hours=2.000  (stop launching new trials after current trial)
  oom_retry_limit=2  (halve train/eval batch size on OOM)
  batch_size(train/valid/test)=4096/8192/8192
  track=final_experiment  axis=stage2_focus_search  phase=S2_RETAIL_ROCKET_FDSA
=================================================================
Changed knobs: MAX_ITEM_LIST_LENGTH, attn_dropout_prob, attribute_hidden_size, embedding_size, hidden_dropout_prob, hidden_size, lambda_attr, learning_rate, n_heads, n_layers, weight_decay
Tuned params(len>1): 11  (~2949120 discrete combos)
Tuned groups: 11
  [optimization]
    hidden_dropout_prob             [0.1, 0.2, 0.15, 0.12]                    -> choice
    learning_rate                   [0.00013594, 0.00020145, 0.00029853, 0.00044239, 0.00065559]  -> choice
    weight_decay                    [1e-05, 5e-05, 0.0001, 0.0002]            -> choice
  [model_core]
    attn_dropout_prob               [0.1, 0.15, 0.12, 0.2]                    -> choice
    embedding_size                  [64, 128, 96, 112]                        -> choice
    hidden_size                     [96, 64, 128, 112]                        -> choice
  [other]
    MAX_ITEM_LIST_LENGTH            [30, 50, 10, 20]                          -> choice
    attribute_hidden_size           [64, 96, 128, 112]                        -> choice
    lambda_attr                     [0.0, 0.1, 0.12, 0.08]                    -> choice
    n_heads                         [1, 4, 2]                                 -> choice
    n_layers                        [1, 2, 3]                                 -> choice
Fixed params(singleton/non-list): 4
Fixed groups: 4
  [model_core]
    dropout_ratio                   0.15                                    
    inner_size                      224                                     
  [other]
    pooling_mode                    mean                                    
    selected_features               ['category']                            

[Wandb] disabled for this hyperopt run

[1/10] MAX_ITEM_LIST_LENGTH=30, attn_dropout_prob=0.12, attribute_hidden_size=112, embedding_size=128, hidden_dropout_prob=0.12, hidden_size=64, lambda_attr=0, learning_rate=0.0002014, n_heads=1, n_layers=2, weight_decay=5e-05
[OOM_RETRY] trial=1 retry=1/2 train_batch_size 4096 -> 2048 eval_batch_size 8192 -> 4096
special metric collection skipped for one batch: CUDA out of memory. Tried to allocate 12.73 GiB. GPU 0 has a total capacity of 23.56 GiB of which 8.38 GiB is free. Process 788249 has 15.17 GiB memory in use. Of the allocated memory 14.75 GiB is allocated by PyTorch, and 115.40 MiB is reserved by PyTorch but unallocated. If reserved but unallocated memory is large try setting PYTORCH_CUDA_ALLOC_CONF=expandable_segments:True to avoid fragmentation.  See documentation for Memory Management  (https://pytorch.org/docs/stable/notes/cuda.html#environment-variables)
[OOM_RETRY] trial=1 retry=2/2 train_batch_size 2048 -> 1024 eval_batch_size 4096 -> 2048
  -> MRR@20=0.343900  best=0.343900  (early_stop@41, trial=19.4min, avg=20.4min/trial, total=20.4min, ETA=3.05h)
[TRIAL_METRICS] cur_best_mrr20=0.343900 cur_best_hr10=0.545800 cur_test_mrr20=0.339800 cur_test_hr10=0.526400 avg_epoch_time_sec=28.2632 test_eval_time_sec=1.5056 test_eval_batches_per_sec=7.3060 test_eval_targets_per_sec=13934.5493 run_best_mrr20=0.343900 run_best_hr10=0.545800 run_test_mrr20=0.339800 run_test_hr10=0.526400

[2/10] MAX_ITEM_LIST_LENGTH=10, attn_dropout_prob=0.15, attribute_hidden_size=112, embedding_size=96, hidden_dropout_prob=0.15, hidden_size=64, lambda_attr=0.08, learning_rate=0.0004424, n_heads=2, n_layers=3, weight_decay=0.0002
/venv/FMoE/lib/python3.10/site-packages/torch/autograd/graph.py:823: UserWarning: Error detected in LogSoftmaxBackward0. Traceback of forward call that caused the error:
  File "/workspace/FeaturedMoE/experiments/hyperopt_tune.py", line 4952, in <module>
    main()
  File "/workspace/FeaturedMoE/experiments/hyperopt_tune.py", line 4746, in main
    best = fmin(
  File "/venv/FMoE/lib/python3.10/site-packages/hyperopt/fmin.py", line 540, in fmin
    return trials.fmin(
  File "/venv/FMoE/lib/python3.10/site-packages/hyperopt/base.py", line 671, in fmin
    return fmin(
  File "/venv/FMoE/lib/python3.10/site-packages/hyperopt/fmin.py", line 586, in fmin
    rval.exhaust()
  File "/venv/FMoE/lib/python3.10/site-packages/hyperopt/fmin.py", line 364, in exhaust
    self.run(self.max_evals - n_done, block_until_done=self.asynchronous)
  File "/venv/FMoE/lib/python3.10/site-packages/hyperopt/fmin.py", line 300, in run
    self.serial_evaluate()
  File "/venv/FMoE/lib/python3.10/site-packages/hyperopt/fmin.py", line 178, in serial_evaluate
    result = self.domain.evaluate(spec, ctrl)
  File "/venv/FMoE/lib/python3.10/site-packages/hyperopt/base.py", line 892, in evaluate
    rval = self.fn(pyll_rval)
  File "/workspace/FeaturedMoE/experiments/hyperopt_tune.py", line 4417, in objective
    result = train_and_evaluate(
  File "/workspace/FeaturedMoE/experiments/hyperopt_tune.py", line 3087, in train_and_evaluate
    train_loss = trainer._train_epoch(train_data, epoch_idx=epoch, show_progress=show_progress)
  File "/workspace/FeaturedMoE/experiments/recbole_patch.py", line 1284, in _patched_train_epoch
    return _original_train_epoch(self, *args, **kwargs)
  File "/venv/FMoE/lib/python3.10/site-packages/recbole/trainer/trainer.py", line 245, in _train_epoch
    losses = loss_func(interaction)
  File "/workspace/FeaturedMoE/experiments/models/fdsa.py", line 186, in calculate_loss
    return self.loss_fct(logits, pos_items)
  File "/venv/FMoE/lib/python3.10/site-packages/torch/nn/modules/module.py", line 1739, in _wrapped_call_impl
    return self._call_impl(*args, **kwargs)
  File "/venv/FMoE/lib/python3.10/site-packages/torch/nn/modules/module.py", line 1750, in _call_impl
    return forward_call(*args, **kwargs)
  File "/venv/FMoE/lib/python3.10/site-packages/torch/nn/modules/loss.py", line 1295, in forward
    return F.cross_entropy(
  File "/venv/FMoE/lib/python3.10/site-packages/torch/nn/functional.py", line 3494, in cross_entropy
    return torch._C._nn.cross_entropy_loss(
 (Triggered internally at /pytorch/torch/csrc/autograd/python_anomaly_mode.cpp:122.)
  return Variable._execution_engine.run_backward(  # Calls into the C++ engine to run the backward pass
[OOM_RETRY] trial=2 retry=1/2 train_batch_size 4096 -> 2048 eval_batch_size 8192 -> 4096
special metric collection skipped for one batch: CUDA out of memory. Tried to allocate 12.73 GiB. GPU 0 has a total capacity of 23.56 GiB of which 3.92 GiB is free. Process 788249 has 19.64 GiB memory in use. Of the allocated memory 14.75 GiB is allocated by PyTorch, and 4.58 GiB is reserved by PyTorch but unallocated. If reserved but unallocated memory is large try setting PYTORCH_CUDA_ALLOC_CONF=expandable_segments:True to avoid fragmentation.  See documentation for Memory Management  (https://pytorch.org/docs/stable/notes/cuda.html#environment-variables)
[OOM_RETRY] trial=2 retry=2/2 train_batch_size 2048 -> 1024 eval_batch_size 4096 -> 2048
  -> MRR@20=0.326800  best=0.343900  (early_stop@31, trial=41.4min, avg=31.6min/trial, total=1.05h, ETA=4.21h)
[TRIAL_METRICS] cur_best_mrr20=0.326800 cur_best_hr10=0.530600 cur_test_mrr20=0.321700 cur_test_hr10=0.516400 avg_epoch_time_sec=80.0660 test_eval_time_sec=1.4457 test_eval_batches_per_sec=7.6089 test_eval_targets_per_sec=14512.3010 run_best_mrr20=0.343900 run_best_hr10=0.545800 run_test_mrr20=0.339800 run_test_hr10=0.526400

[3/10] MAX_ITEM_LIST_LENGTH=30, attn_dropout_prob=0.1, attribute_hidden_size=112, embedding_size=64, hidden_dropout_prob=0.2, hidden_size=112, lambda_attr=0, learning_rate=0.0006556, n_heads=1, n_layers=3, weight_decay=0.0002
/venv/FMoE/lib/python3.10/site-packages/torch/autograd/graph.py:823: UserWarning: Error detected in LogSoftmaxBackward0. Traceback of forward call that caused the error:
  File "/workspace/FeaturedMoE/experiments/hyperopt_tune.py", line 4952, in <module>
    main()
  File "/workspace/FeaturedMoE/experiments/hyperopt_tune.py", line 4746, in main
    best = fmin(
  File "/venv/FMoE/lib/python3.10/site-packages/hyperopt/fmin.py", line 540, in fmin
    return trials.fmin(
  File "/venv/FMoE/lib/python3.10/site-packages/hyperopt/base.py", line 671, in fmin
    return fmin(
  File "/venv/FMoE/lib/python3.10/site-packages/hyperopt/fmin.py", line 586, in fmin
    rval.exhaust()
  File "/venv/FMoE/lib/python3.10/site-packages/hyperopt/fmin.py", line 364, in exhaust
    self.run(self.max_evals - n_done, block_until_done=self.asynchronous)
  File "/venv/FMoE/lib/python3.10/site-packages/hyperopt/fmin.py", line 300, in run
    self.serial_evaluate()
  File "/venv/FMoE/lib/python3.10/site-packages/hyperopt/fmin.py", line 178, in serial_evaluate
    result = self.domain.evaluate(spec, ctrl)
  File "/venv/FMoE/lib/python3.10/site-packages/hyperopt/base.py", line 892, in evaluate
    rval = self.fn(pyll_rval)
  File "/workspace/FeaturedMoE/experiments/hyperopt_tune.py", line 4417, in objective
    result = train_and_evaluate(
  File "/workspace/FeaturedMoE/experiments/hyperopt_tune.py", line 3087, in train_and_evaluate
    train_loss = trainer._train_epoch(train_data, epoch_idx=epoch, show_progress=show_progress)
  File "/workspace/FeaturedMoE/experiments/recbole_patch.py", line 1284, in _patched_train_epoch
    return _original_train_epoch(self, *args, **kwargs)
  File "/venv/FMoE/lib/python3.10/site-packages/recbole/trainer/trainer.py", line 245, in _train_epoch
    losses = loss_func(interaction)
  File "/workspace/FeaturedMoE/experiments/models/fdsa.py", line 186, in calculate_loss
    return self.loss_fct(logits, pos_items)
  File "/venv/FMoE/lib/python3.10/site-packages/torch/nn/modules/module.py", line 1739, in _wrapped_call_impl
    return self._call_impl(*args, **kwargs)
  File "/venv/FMoE/lib/python3.10/site-packages/torch/nn/modules/module.py", line 1750, in _call_impl
    return forward_call(*args, **kwargs)
  File "/venv/FMoE/lib/python3.10/site-packages/torch/nn/modules/loss.py", line 1295, in forward
    return F.cross_entropy(
  File "/venv/FMoE/lib/python3.10/site-packages/torch/nn/functional.py", line 3494, in cross_entropy
    return torch._C._nn.cross_entropy_loss(
 (Triggered internally at /pytorch/torch/csrc/autograd/python_anomaly_mode.cpp:122.)
  return Variable._execution_engine.run_backward(  # Calls into the C++ engine to run the backward pass
[OOM_RETRY] trial=3 retry=1/2 train_batch_size 4096 -> 2048 eval_batch_size 8192 -> 4096
special metric collection skipped for one batch: CUDA out of memory. Tried to allocate 12.73 GiB. GPU 0 has a total capacity of 23.56 GiB of which 843.00 MiB is free. Process 788249 has 22.73 GiB memory in use. Of the allocated memory 15.05 GiB is allocated by PyTorch, and 7.37 GiB is reserved by PyTorch but unallocated. If reserved but unallocated memory is large try setting PYTORCH_CUDA_ALLOC_CONF=expandable_segments:True to avoid fragmentation.  See documentation for Memory Management  (https://pytorch.org/docs/stable/notes/cuda.html#environment-variables)
[OOM_RETRY] trial=3 retry=2/2 train_batch_size 2048 -> 1024 eval_batch_size 4096 -> 2048
  -> MRR@20=0.327700  best=0.343900  (early_stop@19, trial=27.9min, avg=30.9min/trial, total=1.54h, ETA=3.60h)
[TRIAL_METRICS] cur_best_mrr20=0.327700 cur_best_hr10=0.530700 cur_test_mrr20=0.321300 cur_test_hr10=0.516900 avg_epoch_time_sec=87.9305 test_eval_time_sec=1.5700 test_eval_batches_per_sec=7.0062 test_eval_targets_per_sec=13362.6987 run_best_mrr20=0.343900 run_best_hr10=0.545800 run_test_mrr20=0.339800 run_test_hr10=0.526400

[4/10] MAX_ITEM_LIST_LENGTH=20, attn_dropout_prob=0.15, attribute_hidden_size=64, embedding_size=64, hidden_dropout_prob=0.1, hidden_size=64, lambda_attr=0.1, learning_rate=0.0004424, n_heads=4, n_layers=2, weight_decay=0.0001
special metric collection skipped for one batch: CUDA out of memory. Tried to allocate 12.73 GiB. GPU 0 has a total capacity of 23.56 GiB of which 7.20 GiB is free. Process 788249 has 16.35 GiB memory in use. Of the allocated memory 13.16 GiB is allocated by PyTorch, and 2.89 GiB is reserved by PyTorch but unallocated. If reserved but unallocated memory is large try setting PYTORCH_CUDA_ALLOC_CONF=expandable_segments:True to avoid fragmentation.  See documentation for Memory Management  (https://pytorch.org/docs/stable/notes/cuda.html#environment-variables)
[OOM_RETRY] trial=4 retry=1/2 train_batch_size 4096 -> 2048 eval_batch_size 8192 -> 4096
special metric collection skipped for one batch: CUDA out of memory. Tried to allocate 12.73 GiB. GPU 0 has a total capacity of 23.56 GiB of which 7.20 GiB is free. Process 788249 has 16.35 GiB memory in use. Of the allocated memory 14.75 GiB is allocated by PyTorch, and 1.29 GiB is reserved by PyTorch but unallocated. If reserved but unallocated memory is large try setting PYTORCH_CUDA_ALLOC_CONF=expandable_segments:True to avoid fragmentation.  See documentation for Memory Management  (https://pytorch.org/docs/stable/notes/cuda.html#environment-variables)
[OOM_RETRY] trial=4 retry=2/2 train_batch_size 2048 -> 1024 eval_batch_size 4096 -> 2048
  -> MRR@20=0.331000  best=0.343900  (early_stop@25, trial=27.3min, avg=30.4min/trial, total=2.03h, ETA=3.04h)
[TRIAL_METRICS] cur_best_mrr20=0.331000 cur_best_hr10=0.534300 cur_test_mrr20=0.326400 cur_test_hr10=0.517800 avg_epoch_time_sec=65.3832 test_eval_time_sec=1.4395 test_eval_batches_per_sec=7.6417 test_eval_targets_per_sec=14574.7286 run_best_mrr20=0.343900 run_best_hr10=0.545800 run_test_mrr20=0.339800 run_test_hr10=0.526400
[TIME_BUDGET] reached limit=2.000h after 4/10 trials (elapsed=2.03h). Stopping new trials and finalizing current best.

=================================================================
  DONE  |  FDSA x retail_rocket
  Best MRR@20 = 0.343900  |  4/10 trials OK
  Best HR@10  = 0.545800
  Test MRR@20 = 0.339800  (best-valid checkpoint)
  Test HR@10  = 0.526400  (best-valid checkpoint)
  Stop reason = time_budget(2.000h) reached at 2.03h
  Avg epoch time = 28.263 sec/epoch
  Final test eval = 1.506 sec | batches/s=7.306 | targets/s=13934.549
[RUN_METRICS] best_valid_mrr20=0.343900 best_valid_hr10=0.545800 test_mrr20=0.339800 test_hr10=0.526400 avg_epoch_time_sec=28.2632 test_eval_time_sec=1.5056 test_eval_batches_per_sec=7.3060 test_eval_targets_per_sec=13934.5493
  Total time: 121.8 min
  Best params:
    MAX_ITEM_LIST_LENGTH: 30
    attn_dropout_prob: 0.12
    attribute_hidden_size: 112
    embedding_size: 128
    eval_batch_size: 2048
    hidden_dropout_prob: 0.12
    hidden_size: 64
    lambda_attr: 0
    learning_rate: 0.00020145
    n_heads: 1
    n_layers: 2
    train_batch_size: 1024
    weight_decay: 5e-05
  Results -> /workspace/FeaturedMoE/experiments/run/artifacts/results/final_experiment/retail_rocket_FDSA_s2_retail_rocket_fdsa_20260418_094832_341720_pid599123.json
  Normal mirror -> /workspace/FeaturedMoE/experiments/run/artifacts/results/final_experiment/normal/stage2_focus_search/S2/retail_rocket/FDSA/retail_rocket_FDSA_s2_retail_rocket_fdsa_20260418_094832_341720_pid599123.json
  Special result -> /workspace/FeaturedMoE/experiments/run/artifacts/results/final_experiment/special/stage2_focus_search/S2/retail_rocket/FDSA/retail_rocket_FDSA_s2_retail_rocket_fdsa_20260418_094832_341720_pid599123_special_metrics.json
  Special log -> /workspace/FeaturedMoE/experiments/run/artifacts/logs/final_experiment/special/stage2_focus_search/S2/retail_rocket/FDSA/retail_rocket_FDSA_s2_retail_rocket_fdsa_20260418_094832_341720_pid599123_special_metrics.json
=================================================================

[RUN_STATUS] END status=normal pid=599123 start=2026-04-18T09:48:32 end=2026-04-18T11:50:17
