[N4_CORE_GLOBAL_QUEUE_SETTING_HEADER]
run_phase=P4D_BEAUTY_B02_B17_HYP_MIDAUX_LOWAUX_H3_OBJ_16_S1 exp_brief=A12_ATTN_MICRO_BEFORE_NO_BIAS_ALL_W5 phase_id=P4D axis_id=N4ABLD setting_id=OBJ-16 hparam_id= seed=1
desc=large_router_hidden
dataset=beauty gpu=3 order=114
max_evals=10 tune_epochs=100 tune_patience=10
seed=426092

[COMMAND]
- /venv/FMoE/bin/python hyperopt_tune.py --config-name config --search-algo random --max-evals 10 --tune-epochs 100 --tune-patience 10 --seed 426092 --run-group fmoe_n4 --run-axis ablation_dualset_core_global_queue_v1 --run-phase P4D_BEAUTY_B02_B17_HYP_MIDAUX_LOWAUX_H3_OBJ_16_S1 model=featured_moe_n3_tune dataset=beauty eval_mode=session_fixed feature_mode=full_v4 ++eval_sampling.mode=full ++eval_sampling.auto_full_threshold=999999999 ++special_logging=true ++exclude_unseen_target_from_main_eval=true ++log_unseen_target_metrics=true gpu_id=3 use_gpu=true enable_tf32=true log_wandb=false fmoe_debug_logging=false fmoe_diag_logging=true fmoe_special_logging=true fmoe_feature_ablation_logging=false fmoe_eval_logging_timing=final_only ++fmoe_logging_output_root="run/artifacts/logging" ++fmoe_logging_layout="axis_dataset_arch_hparam" ++fmoe_architecture_id="A12" ++fmoe_architecture_key="A12_ATTN_MICRO_BEFORE_NO_BIAS_ALL_W5" ++fmoe_hparam_id="H3" ++fmoe_phase="P4D" train_batch_size=3584 eval_batch_size=4608 ++phase_run_type="objective_variants" ++phase_axis_id="N4ABLD" ++phase_axis_desc="objective_variants_dualset" ++phase_setting_id="OBJ-16" ++phase_setting_key="LARGE_ROUTER_HIDDEN" ++phase_hparam_id="H3" ++phase_seed_id=1 ++phase_run_id="BEAUTY_B02_B17_HYP_MIDAUX_LOWAUX_H3_OBJ_16_S1" ++layer_layout=["attn","macro_ffn","mid_ffn","attn","micro_ffn"] ++stage_compute_mode={macro:"moe",mid:"moe",micro:"moe"} ++stage_router_mode={macro:"learned",mid:"learned",micro:"learned"} ++stage_router_source={macro:"both",mid:"both",micro:"both"} ++stage_feature_injection={macro:"none",mid:"none",micro:"none"} ++topk_scope_mode="global_flat" ++moe_top_k=0 ++balance_loss_lambda=0.0 ++z_loss_lambda=5e-05 ++gate_entropy_lambda=0.0 ++route_smoothness_lambda=0.0 ++route_consistency_lambda=0.00025 ++route_sharpness_lambda=0.0 ++route_monopoly_lambda=0.0 ++route_monopoly_tau=0.25 ++route_prior_lambda=0.0 ++group_prior_align_lambda=0.0 ++factored_group_balance_lambda=0.0 ++rule_agreement_lambda=0.0 ++group_coverage_lambda=0.0 ++feature_group_bias_lambda=0.0 ++rule_bias_scale=0.0 ++primitive_balance_lambda=0.0 ++wrapper_group_feature_align_lambda=0.0 ++stage_router_primitives={macro:{a_joint:{source:"feature",temperature:1.0,top_k:0},b_group:{source:"feature",temperature:1.0,top_k:0},c_shared:{source:"feature",temperature:1.0,top_k:0},d_cond:{source:"feature",temperature:1.0,top_k:0},e_scalar:{source:"feature",temperature:1.0,top_k:0},wrapper:{alpha_d:1.0,alpha_struct:1.0,alpha_a:1.0}},mid:{a_joint:{source:"feature",temperature:1.0,top_k:0},b_group:{source:"feature",temperature:1.0,top_k:0},c_shared:{source:"feature",temperature:1.0,top_k:0},d_cond:{source:"feature",temperature:1.0,top_k:0},e_scalar:{source:"feature",temperature:1.0,top_k:0},wrapper:{alpha_d:1.0,alpha_struct:1.0,alpha_a:1.0}},micro:{a_joint:{source:"feature",temperature:1.0,top_k:0},b_group:{source:"feature",temperature:1.0,top_k:0},c_shared:{source:"feature",temperature:1.0,top_k:0},d_cond:{source:"feature",temperature:1.0,top_k:0},e_scalar:{source:"feature",temperature:1.0,top_k:0},wrapper:{alpha_d:1.0,alpha_struct:1.0,alpha_a:1.0}}} ++stage_router_wrapper={macro:"w5_exd",mid:"w5_exd",micro:"w5_exd"} ++stage_router_granularity={macro:"session",mid:"session",micro:"token"} ++macro_history_window=5 ++route_consistency_pairs=1 ++route_consistency_min_sim=0.995 ++bias_mode="none" ++stage_family_dropout_prob={macro:0.04,mid:0.04,micro:0.04} ++stage_feature_dropout_prob={macro:0.0,mid:0.0,micro:0.0} ++stage_feature_dropout_scope={macro:"token",mid:"token",micro:"token"} ++d_router_hidden=100 ++embedding_size=160 ++d_ff=320 ++d_expert_hidden=160 ++MAX_ITEM_LIST_LENGTH=30 ++d_feat_emb=12 ++expert_scale=2 ++lr_scheduler_type="warmup_cosine" ++num_heads=4 ++search.learning_rate=[0.000439895491,0.000515306147,0.000565579917,0.000603285245,0.00062842213,0.000653559015,0.000691264343,0.000741538113,0.000816948769] ++search_space_type_overrides.learning_rate=choice
/venv/FMoE/lib/python3.10/site-packages/ray/_private/parameter.py:4: UserWarning: pkg_resources is deprecated as an API. See https://setuptools.pypa.io/en/latest/pkg_resources.html. The pkg_resources package is slated for removal as early as 2025-11-30. Refrain from using this package or pin to Setuptools<81.
  import pkg_resources
[RUN_STATUS] START pid=1548082 ts=2026-04-17T12:34:36
[Info] Finite choice-only space has 9 unique combos; capping max_evals 10 -> 9
[UniqueChoice] enabled: dedupe/remap duplicates across 9 finite combos

=================================================================
  Hyperopt  |  FeaturedMoE_N3 x beauty
  max_evals=9  epochs=100  patience=10  wandb=off
  search_algo=random
  batch_size(train/valid/test)=3584/4608/4608
  track=fmoe_n4  axis=ablation_dualset_core_global_queue_v1  phase=P4D_BEAUTY_B02_B17_HYP_MIDAUX_LOWAUX_H3_OBJ_16_S1
=================================================================
Changed knobs: learning_rate
Tuned params(len>1): 1  (~9 discrete combos)
Tuned groups: 1
  [optimization]
    learning_rate                   [0.000439895491, 0.000515306147, 0.000565579917, 0.000603285245, 0.00062842213, 0.000653559015, 0.000691264343, 0.000741538113, 0.000816948769]  -> choice
Fixed params(singleton/non-list): 0
Fixed groups: 0
  (none)

[Wandb] disabled for this hyperopt run

[1/9] learning_rate=0.0006913
  -> MRR@20=0.083200  best=0.083200  (early_stop@53, trial=1.1min, avg=1.1min/trial, total=1.1min, ETA=9.1min)
[TRIAL_METRICS] cur_best_mrr20=0.083200 cur_best_hr10=0.140600 cur_test_mrr20=0.059100 cur_test_hr10=0.143300 avg_epoch_time_sec=1.2493 test_eval_time_sec=0.0501 test_eval_batches_per_sec=19.9513 test_eval_targets_per_sec=11910.9319 run_best_mrr20=0.083200 run_best_hr10=0.140600 run_test_mrr20=0.059100 run_test_hr10=0.143300

[2/9] learning_rate=0.0005153
  -> MRR@20=0.083100  best=0.083200  (early_stop@84, trial=1.7min, avg=1.4min/trial, total=2.9min, ETA=10.1min)
[TRIAL_METRICS] cur_best_mrr20=0.083100 cur_best_hr10=0.134500 cur_test_mrr20=0.061500 cur_test_hr10=0.140400 avg_epoch_time_sec=1.2260 test_eval_time_sec=0.0495 test_eval_batches_per_sec=20.2121 test_eval_targets_per_sec=12066.5951 run_best_mrr20=0.083200 run_best_hr10=0.140600 run_test_mrr20=0.059100 run_test_hr10=0.143300

[3/9] learning_rate=0.0006536
  -> MRR@20=0.063200  best=0.083200  (early_stop@33, trial=43s, avg=1.2min/trial, total=3.6min, ETA=7.2min)
[TRIAL_METRICS] cur_best_mrr20=0.063200 cur_best_hr10=0.156600 cur_test_mrr20=0.052200 cur_test_hr10=0.134700 avg_epoch_time_sec=1.2996 test_eval_time_sec=0.0507 test_eval_batches_per_sec=19.7254 test_eval_targets_per_sec=11776.0457 run_best_mrr20=0.083200 run_best_hr10=0.140600 run_test_mrr20=0.059100 run_test_hr10=0.143300
[UniqueChoice] remap duplicate suggestion -> {'learning_rate': 0.000439895491}

[4/9] learning_rate=0.0004399
  -> MRR@20=0.061700  best=0.083200  (early_stop@44, trial=55s, avg=1.1min/trial, total=4.5min, ETA=5.6min)
[TRIAL_METRICS] cur_best_mrr20=0.061700 cur_best_hr10=0.154600 cur_test_mrr20=0.051400 cur_test_hr10=0.128900 avg_epoch_time_sec=1.2334 test_eval_time_sec=0.0492 test_eval_batches_per_sec=20.3155 test_eval_targets_per_sec=12128.3723 run_best_mrr20=0.083200 run_best_hr10=0.140600 run_test_mrr20=0.059100 run_test_hr10=0.143300

[5/9] learning_rate=0.0006033
  -> MRR@20=0.062600  best=0.083200  (early_stop@33, trial=41s, avg=1.0min/trial, total=5.2min, ETA=4.2min)
[TRIAL_METRICS] cur_best_mrr20=0.062600 cur_best_hr10=0.158600 cur_test_mrr20=0.049800 cur_test_hr10=0.128900 avg_epoch_time_sec=1.2321 test_eval_time_sec=0.0488 test_eval_batches_per_sec=20.4871 test_eval_targets_per_sec=12230.8002 run_best_mrr20=0.083200 run_best_hr10=0.140600 run_test_mrr20=0.059100 run_test_hr10=0.143300

[6/9] learning_rate=0.0006284
  -> MRR@20=0.064000  best=0.083200  (early_stop@33, trial=42s, avg=59s/trial, total=5.9min, ETA=3.0min)
[TRIAL_METRICS] cur_best_mrr20=0.064000 cur_best_hr10=0.156600 cur_test_mrr20=0.051500 cur_test_hr10=0.131800 avg_epoch_time_sec=1.2628 test_eval_time_sec=0.0506 test_eval_batches_per_sec=19.7542 test_eval_targets_per_sec=11793.2391 run_best_mrr20=0.083200 run_best_hr10=0.140600 run_test_mrr20=0.059100 run_test_hr10=0.143300
[UniqueChoice] remap duplicate suggestion -> {'learning_rate': 0.000565579917}

[7/9] learning_rate=0.0005656
  -> MRR@20=0.083100  best=0.083200  (early_stop@56, trial=1.2min, avg=1.0min/trial, total=7.2min, ETA=2.0min)
[TRIAL_METRICS] cur_best_mrr20=0.083100 cur_best_hr10=0.140600 cur_test_mrr20=0.057300 cur_test_hr10=0.134700 avg_epoch_time_sec=1.3200 test_eval_time_sec=0.0512 test_eval_batches_per_sec=19.5181 test_eval_targets_per_sec=11652.3083 run_best_mrr20=0.083200 run_best_hr10=0.140600 run_test_mrr20=0.059100 run_test_hr10=0.143300
[UniqueChoice] remap duplicate suggestion -> {'learning_rate': 0.000741538113}

[8/9] learning_rate=0.0007415
  -> MRR@20=0.061500  best=0.083200  (early_stop@27, trial=36s, avg=58s/trial, total=7.8min, ETA=58s)
[TRIAL_METRICS] cur_best_mrr20=0.061500 cur_best_hr10=0.150600 cur_test_mrr20=0.051700 cur_test_hr10=0.126100 avg_epoch_time_sec=1.3281 test_eval_time_sec=0.0542 test_eval_batches_per_sec=18.4613 test_eval_targets_per_sec=11021.4156 run_best_mrr20=0.083200 run_best_hr10=0.140600 run_test_mrr20=0.059100 run_test_hr10=0.143300
[UniqueChoice] remap duplicate suggestion -> {'learning_rate': 0.000816948769}

[9/9] learning_rate=0.0008169
  -> MRR@20=0.082300  best=0.083200  (early_stop@48, trial=1.1min, avg=59s/trial, total=8.8min, ETA=0s)
[TRIAL_METRICS] cur_best_mrr20=0.082300 cur_best_hr10=0.140600 cur_test_mrr20=0.058500 cur_test_hr10=0.151900 avg_epoch_time_sec=1.3329 test_eval_time_sec=0.0501 test_eval_batches_per_sec=19.9742 test_eval_targets_per_sec=11924.6021 run_best_mrr20=0.083200 run_best_hr10=0.140600 run_test_mrr20=0.059100 run_test_hr10=0.143300
[1;35mEvaluate   [0m:   0%|                                                            | 0/1 [00:00<?, ?it/s][0m[1;35mEvaluate   [0m:   0%|                                  | 0/1 [00:00<?, ?it/s, [1;33mGPU RAM: 10.14 G/23.52 G[0m][0m[1;35mEvaluate   [0m: 100%|██████████████████████████| 1/1 [00:00<00:00,  3.41it/s, [1;33mGPU RAM: 10.14 G/23.52 G[0m][0m                                                                                                    [1;35mEvaluate   [0m:   0%|                                                            | 0/1 [00:00<?, ?it/s][0m[1;35mEvaluate   [0m:   0%|                                  | 0/1 [00:00<?, ?it/s, [1;33mGPU RAM: 10.14 G/23.52 G[0m][0m[1;35mEvaluate   [0m: 100%|██████████████████████████| 1/1 [00:00<00:00,  3.90it/s, [1;33mGPU RAM: 10.14 G/23.52 G[0m][0m                                                                                                    [1;35mEvaluate   [0m:   0%|                                                            | 0/1 [00:00<?, ?it/s][0m[1;35mEvaluate   [0m:   0%|                                  | 0/1 [00:00<?, ?it/s, [1;33mGPU RAM: 10.14 G/23.52 G[0m][0m[1;35mEvaluate   [0m: 100%|██████████████████████████| 1/1 [00:00<00:00,  3.69it/s, [1;33mGPU RAM: 10.14 G/23.52 G[0m][0m                                                                                                    
=================================================================
  DONE  |  FeaturedMoE_N3 x beauty
  Best MRR@20 = 0.083200  |  9/9 trials OK
  Best HR@10  = 0.140600
  Test MRR@20 = 0.059100  (best-valid checkpoint)
  Test HR@10  = 0.143300  (best-valid checkpoint)
  Avg epoch time = 1.249 sec/epoch
  Final test eval = 0.050 sec | batches/s=19.951 | targets/s=11910.932
[RUN_METRICS] best_valid_mrr20=0.083200 best_valid_hr10=0.140600 test_mrr20=0.059100 test_hr10=0.143300 avg_epoch_time_sec=1.2493 test_eval_time_sec=0.0501 test_eval_batches_per_sec=19.9513 test_eval_targets_per_sec=11910.9319
  Total time: 8.9 min
  Best params:
    learning_rate: 0.000691264
  Results -> /workspace/FeaturedMoE/experiments/run/artifacts/results/fmoe_n4/beauty_FeaturedMoE_N3_p4d_beauty_b02_b17_hyp_midaux_lowaux_h3_obj_16_s1_20260417_123436_620851_pid1548082.json
  Normal mirror -> /workspace/FeaturedMoE/experiments/run/artifacts/results/fmoe_n4/normal/ablation_dualset_core_global_queue_v1/P4D/beauty/FMoEN3/beauty_FeaturedMoE_N3_p4d_beauty_b02_b17_hyp_midaux_lowaux_h3_obj_16_s1_20260417_123436_620851_pid1548082.json
  Special result -> /workspace/FeaturedMoE/experiments/run/artifacts/results/fmoe_n4/special/ablation_dualset_core_global_queue_v1/P4D/beauty/FMoEN3/beauty_FeaturedMoE_N3_p4d_beauty_b02_b17_hyp_midaux_lowaux_h3_obj_16_s1_20260417_123436_620851_pid1548082_special_metrics.json
  Special log -> /workspace/FeaturedMoE/experiments/run/artifacts/logs/fmoe_n4/special/ablation_dualset_core_global_queue_v1/P4D/beauty/FMoEN3/beauty_FeaturedMoE_N3_p4d_beauty_b02_b17_hyp_midaux_lowaux_h3_obj_16_s1_20260417_123436_620851_pid1548082_special_metrics.json
=================================================================

[RUN_STATUS] END status=normal pid=1548082 start=2026-04-17T12:34:36 end=2026-04-17T12:43:28
