# stage=A dataset=foursquare model=gru4rec candidate=A001_L03
# cmd=/venv/FMoE/bin/python hyperopt_tune.py --config-name tune_fs --max-evals 2 --tune-epochs 14 --tune-patience 3 --search-algo random --seed 1 --run-group baseline_2 --run-axis ABCD_v2_lean --run-phase ABCD_v2_lean_A_DFOURSQUARE_MGRU4REC_A001_L03_S1 model=gru4rec dataset=foursquare eval_mode=session_fixed feature_mode=full_v4 gpu_id=0 log_wandb=false show_progress=false ++MAX_ITEM_LIST_LENGTH=50 ++eval_sampling.mode=full ++eval_sampling.auto_full_threshold=999999999 ++special_logging=true ++exclude_unseen_target_from_main_eval=true ++log_unseen_target_metrics=true ++hidden_size=128 ++embedding_size=128 ++num_layers=1 ++dropout_prob=0.1 ++seed=1 ++search.MAX_ITEM_LIST_LENGTH=[50] ++search.weight_decay=[1e-06] ++search.hidden_size=[128] ++search.embedding_size=[128] ++search.num_layers=[1] ++search.learning_rate=[0.0012] ++search.dropout_prob=[0.1] ++search.hidden_dropout_prob=[0.1] ++search_space_type_overrides.MAX_ITEM_LIST_LENGTH=choice ++search_space_type_overrides.weight_decay=choice ++search_space_type_overrides.hidden_size=choice ++search_space_type_overrides.embedding_size=choice ++search_space_type_overrides.num_layers=choice ++search_space_type_overrides.learning_rate=choice ++search_space_type_overrides.dropout_prob=choice ++search_space_type_overrides.hidden_dropout_prob=choice

/venv/FMoE/lib/python3.10/site-packages/ray/_private/parameter.py:4: UserWarning: pkg_resources is deprecated as an API. See https://setuptools.pypa.io/en/latest/pkg_resources.html. The pkg_resources package is slated for removal as early as 2025-11-30. Refrain from using this package or pin to Setuptools<81.
  import pkg_resources
[RUN_STATUS] START pid=965120 ts=2026-04-14T08:12:36
[Info] No tunable params (or converted space empty). Switching to single-run mode: max_evals 2 -> 1

=================================================================
  Hyperopt  |  GRU4Rec x foursquare
  max_evals=1  epochs=14  patience=3  wandb=off
  search_algo=random
  batch_size(train/valid/test)=4096/4096/4096
  track=baseline_2  axis=abcd_v2_lean  phase=ABCD_v2_lean_A_DFOURSQUARE_MGRU4REC_A001_L03_S1
=================================================================
Changed knobs: (none; single-run mode)
Tuned params(len>1): 0  (~1 discrete combos)
Tuned groups: 0
  (none)
Fixed params(singleton/non-list): 8
Fixed groups: 8
  [optimization]
    hidden_dropout_prob             0.1                                     
    learning_rate                   0.0012                                  
    weight_decay                    1e-06                                   
  [model_core]
    dropout_prob                    0.1                                     
    embedding_size                  128                                     
    hidden_size                     128                                     
    num_layers                      1                                       
  [other]
    MAX_ITEM_LIST_LENGTH            50                                      

[Wandb] disabled for this hyperopt run

[1/1] (fixed-only run)
  -> MRR@20=0.031800  best=0.031800  (full@14, trial=14s, avg=16s/trial, total=16s, ETA=0s)
[TRIAL_METRICS] cur_best_mrr20=0.031800 cur_best_hr10=0.069200 cur_test_mrr20=0.026700 cur_test_hr10=0.054400 run_best_mrr20=0.031800 run_best_hr10=0.069200 run_test_mrr20=0.026700 run_test_hr10=0.054400

=================================================================
  DONE  |  GRU4Rec x foursquare
  Best MRR@20 = 0.031800  |  1/1 trials OK
  Best HR@10  = 0.069200
  Test MRR@20 = 0.026700  (best-valid checkpoint)
  Test HR@10  = 0.054400  (best-valid checkpoint)
[RUN_METRICS] best_valid_mrr20=0.031800 best_valid_hr10=0.069200 test_mrr20=0.026700 test_hr10=0.054400
  Total time: 0.3 min
  Best params:
  Results -> /workspace/FeaturedMoE/experiments/run/artifacts/results/baseline_2/foursquare_GRU4Rec_abcd_v2_lean_a_dfoursquare_mgru4rec_a001_l03_s1_20260414_081236_583908_pid965120.json
  Normal mirror -> /workspace/FeaturedMoE/experiments/run/artifacts/results/baseline_2/normal/abcd_v2_lean/ABCD/foursquare/GRU4Rec/foursquare_GRU4Rec_abcd_v2_lean_a_dfoursquare_mgru4rec_a001_l03_s1_20260414_081236_583908_pid965120.json
  Special result -> /workspace/FeaturedMoE/experiments/run/artifacts/results/baseline_2/special/abcd_v2_lean/ABCD/foursquare/GRU4Rec/foursquare_GRU4Rec_abcd_v2_lean_a_dfoursquare_mgru4rec_a001_l03_s1_20260414_081236_583908_pid965120_special_metrics.json
  Special log -> /workspace/FeaturedMoE/experiments/run/artifacts/logs/baseline_2/special/abcd_v2_lean/ABCD/foursquare/GRU4Rec/foursquare_GRU4Rec_abcd_v2_lean_a_dfoursquare_mgru4rec_a001_l03_s1_20260414_081236_583908_pid965120_special_metrics.json
=================================================================

[RUN_STATUS] END status=normal pid=965120 start=2026-04-14T08:12:36 end=2026-04-14T08:12:52
