# pair=P057 dataset=lastfm0.03 model=difsr combo=C1 seed=1
# cmd=/venv/FMoE/bin/python hyperopt_tune.py --config-name tune_lfm_small --max-evals 4 --tune-epochs 60 --tune-patience 6 --search-algo random --seed 113 --run-group baseline_2 --run-axis PAIR60_V4 --run-phase PAIR60_V4_DLASTFM0_03_MDIFSR_P057_C1_S1 model=difsr dataset=lastfm0.03 eval_mode=session_fixed feature_mode=full_v4 gpu_id=4 log_wandb=false show_progress=false ++seed=113 ++MAX_ITEM_LIST_LENGTH=30 ++eval_sampling.mode=full ++eval_sampling.auto_full_threshold=999999999 ++special_logging=true ++exclude_unseen_target_from_main_eval=true ++log_unseen_target_metrics=true ++hidden_size=160 ++embedding_size=160 ++n_layers=3 ++num_layers=3 ++n_heads=4 ++num_heads=4 ++inner_size=320 ++dropout_ratio=0.15 ++hidden_dropout_prob=0.15 ++attn_dropout_prob=0.15 ++weight_decay=0.0002 ++attribute_hidden_size=160 ++fusion_type="gate" ++use_attribute_predictor=true ++lambda_attr=0.15 ++search={learning_rate:[9.553358920644963e-05,0.0005732015352386977]} ++search_space_type_overrides={learning_rate:"loguniform"} ++search.MAX_ITEM_LIST_LENGTH=[30] ++search_space_type_overrides.MAX_ITEM_LIST_LENGTH=choice ++search.weight_decay=[0.0002] ++search_space_type_overrides.weight_decay=choice ++search.hidden_size=[160] ++search_space_type_overrides.hidden_size=choice ++search.embedding_size=[160] ++search_space_type_overrides.embedding_size=choice ++search.n_layers=[3] ++search_space_type_overrides.n_layers=choice ++search.num_layers=[3] ++search_space_type_overrides.num_layers=choice ++search.n_heads=[4] ++search_space_type_overrides.n_heads=choice ++search.num_heads=[4] ++search_space_type_overrides.num_heads=choice ++search.inner_size=[320] ++search_space_type_overrides.inner_size=choice ++search.dropout_ratio=[0.15] ++search_space_type_overrides.dropout_ratio=choice ++search.hidden_dropout_prob=[0.15] ++search_space_type_overrides.hidden_dropout_prob=choice ++search.attn_dropout_prob=[0.15] ++search_space_type_overrides.attn_dropout_prob=choice ++search.attribute_hidden_size=[160] ++search_space_type_overrides.attribute_hidden_size=choice ++search.fusion_type=["gate"] ++search_space_type_overrides.fusion_type=choice ++search.use_attribute_predictor=[true] ++search_space_type_overrides.use_attribute_predictor=choice ++search.lambda_attr=[0.15] ++search_space_type_overrides.lambda_attr=choice

/venv/FMoE/lib/python3.10/site-packages/ray/_private/parameter.py:4: UserWarning: pkg_resources is deprecated as an API. See https://setuptools.pypa.io/en/latest/pkg_resources.html. The pkg_resources package is slated for removal as early as 2025-11-30. Refrain from using this package or pin to Setuptools<81.
  import pkg_resources
[RUN_STATUS] START pid=1177286 ts=2026-04-15T10:10:24

=================================================================
  Hyperopt  |  DIFSR x lastfm0.03
  max_evals=4  epochs=60  patience=6  wandb=off
  search_algo=random
  batch_size(train/valid/test)=2048/4096/4096
  track=baseline_2  axis=pair60_v4  phase=PAIR60_V4_DLASTFM0_03_MDIFSR_P057_C1_S1
=================================================================
Changed knobs: learning_rate
Tuned params(len>1): 1  (~1 discrete combos)
Tuned groups: 1
  [optimization]
    learning_rate                   [9.553358920644963e-05, 0.0005732015352386977]  -> loguniform
Fixed params(singleton/non-list): 16
Fixed groups: 16
  [optimization]
    hidden_dropout_prob             0.15                                    
    weight_decay                    0.0002                                  
  [model_core]
    attn_dropout_prob               0.15                                    
    dropout_ratio                   0.15                                    
    embedding_size                  160                                     
    hidden_size                     160                                     
    inner_size                      320                                     
    num_heads                       4                                       
    num_layers                      3                                       
  [other]
    MAX_ITEM_LIST_LENGTH            30                                      
    attribute_hidden_size           160                                     
    fusion_type                     gate                                    
    lambda_attr                     0.15                                    
    n_heads                         4                                       
    n_layers                        3                                       
    use_attribute_predictor         True                                    

[Wandb] disabled for this hyperopt run

[1/4] learning_rate=0.0001311
  -> MRR@20=0.067200  best=0.067200  (full@60, trial=7.9min, avg=8.1min/trial, total=8.1min, ETA=24.4min)
[TRIAL_METRICS] cur_best_mrr20=0.067200 cur_best_hr10=0.082700 cur_test_mrr20=0.066800 cur_test_hr10=0.086800 run_best_mrr20=0.067200 run_best_hr10=0.082700 run_test_mrr20=0.066800 run_test_hr10=0.086800

[2/4] learning_rate=0.0002379
  -> MRR@20=0.165400  best=0.165400  (full@60, trial=7.9min, avg=8.0min/trial, total=16.1min, ETA=16.1min)
[TRIAL_METRICS] cur_best_mrr20=0.165400 cur_best_hr10=0.210100 cur_test_mrr20=0.157600 cur_test_hr10=0.208800 run_best_mrr20=0.165400 run_best_hr10=0.210100 run_test_mrr20=0.157600 run_test_hr10=0.208800

[3/4] learning_rate=0.000566
  -> MRR@20=0.306700  best=0.306700  (early_stop@58, trial=7.7min, avg=7.9min/trial, total=23.8min, ETA=7.9min)
[TRIAL_METRICS] cur_best_mrr20=0.306700 cur_best_hr10=0.361000 cur_test_mrr20=0.302000 cur_test_hr10=0.361700 run_best_mrr20=0.306700 run_best_hr10=0.361000 run_test_mrr20=0.302000 run_test_hr10=0.361700

[4/4] learning_rate=0.0001118
  -> MRR@20=0.059800  best=0.306700  (full@60, trial=7.9min, avg=7.9min/trial, total=31.7min, ETA=0s)
[TRIAL_METRICS] cur_best_mrr20=0.059800 cur_best_hr10=0.071400 cur_test_mrr20=0.061600 cur_test_hr10=0.071200 run_best_mrr20=0.306700 run_best_hr10=0.361000 run_test_mrr20=0.302000 run_test_hr10=0.361700

=================================================================
  DONE  |  DIFSR x lastfm0.03
  Best MRR@20 = 0.306700  |  4/4 trials OK
  Best HR@10  = 0.361000
  Test MRR@20 = 0.302000  (best-valid checkpoint)
  Test HR@10  = 0.361700  (best-valid checkpoint)
[RUN_METRICS] best_valid_mrr20=0.306700 best_valid_hr10=0.361000 test_mrr20=0.302000 test_hr10=0.361700
  Total time: 31.7 min
  Best params:
    learning_rate: 0.000566004
  Results -> /workspace/FeaturedMoE/experiments/run/artifacts/results/baseline_2/lastfm0.03_DIFSR_pair60_v4_dlastfm0_03_mdifsr_p057_c1_s1_20260415_101024_612560_pid1177286.json
  Normal mirror -> /workspace/FeaturedMoE/experiments/run/artifacts/results/baseline_2/normal/pair60_v4/PAIR60/lastfm0.03/DIFSR/lastfm0.03_DIFSR_pair60_v4_dlastfm0_03_mdifsr_p057_c1_s1_20260415_101024_612560_pid1177286.json
  Special result -> /workspace/FeaturedMoE/experiments/run/artifacts/results/baseline_2/special/pair60_v4/PAIR60/lastfm0.03/DIFSR/lastfm0.03_DIFSR_pair60_v4_dlastfm0_03_mdifsr_p057_c1_s1_20260415_101024_612560_pid1177286_special_metrics.json
  Special log -> /workspace/FeaturedMoE/experiments/run/artifacts/logs/baseline_2/special/pair60_v4/PAIR60/lastfm0.03/DIFSR/lastfm0.03_DIFSR_pair60_v4_dlastfm0_03_mdifsr_p057_c1_s1_20260415_101024_612560_pid1177286_special_metrics.json
=================================================================

[RUN_STATUS] END status=normal pid=1177286 start=2026-04-15T10:10:24 end=2026-04-15T10:42:07
