# CMD
/venv/FMoE/bin/python hyperopt_tune.py --config-name tune_ab --space-yaml /workspace/FeaturedMoE/experiments/run/artifacts/logs/baseline_2/PAIR60_ADDTUNING/spaces/beauty_fearec_K2.yaml --max-evals 6 --tune-epochs 100 --tune-patience 7 --search-algo tpe --seed 20260478 --run-group baseline_2 --run-axis pair60_addtuning --run-phase BASELINE2_ADDTUNE_BEAUTY_FEAREC_K2 model=fearec dataset=beauty eval_mode=session_fixed feature_mode=full_v4 gpu_id=5 log_wandb=false show_progress=false ++seed=20260478 ++eval_sampling.mode=full ++eval_sampling.auto_full_threshold=999999999 ++special_logging=true ++exclude_unseen_target_from_main_eval=true ++log_unseen_target_metrics=true

/venv/FMoE/lib/python3.10/site-packages/ray/_private/parameter.py:4: UserWarning: pkg_resources is deprecated as an API. See https://setuptools.pypa.io/en/latest/pkg_resources.html. The pkg_resources package is slated for removal as early as 2025-11-30. Refrain from using this package or pin to Setuptools<81.
  import pkg_resources
[RUN_STATUS] START pid=1233661 ts=2026-04-16T01:57:26
[SpaceYAML] loaded: /workspace/FeaturedMoE/experiments/run/artifacts/logs/baseline_2/PAIR60_ADDTUNING/spaces/beauty_fearec_K2.yaml (fixed=14, search=11)

=================================================================
  Hyperopt  |  FEARec x beauty
  max_evals=6  epochs=100  patience=7  wandb=off
  search_algo=tpe
  batch_size(train/valid/test)=4096/8192/8192
  track=baseline_2  axis=pair60_addtuning  phase=BASELINE2_ADDTUNE_BEAUTY_FEAREC_K2
=================================================================
Changed knobs: MAX_ITEM_LIST_LENGTH, contrast, dropout_ratio, global_ratio, learning_rate, lmd, lmd_sem, n_heads, n_layers, tau, weight_decay
Tuned params(len>1): 11  (~8748 discrete combos)
Tuned groups: 11
  [optimization]
    learning_rate                   [0.00016267, 0.00023662, 0.00029577, 0.00036971, 0.00053239]  -> loguniform
    weight_decay                    [0.0, 7.5e-05, 0.00015, 0.0003]           -> loguniform_zero
  [model_core]
    dropout_ratio                   [0.09, 0.12, 0.15]                        -> choice
  [other]
    MAX_ITEM_LIST_LENGTH            [12, 22, 32]                              -> choice
    contrast                        ['un', 'us_x']                            -> choice
    global_ratio                    [0.765, 0.85, 0.935]                      -> choice
    lmd                             [0.02, 0.04, 0.06]                        -> choice
    lmd_sem                         [0.0, 0.02, 0.04]                         -> choice
    n_heads                         [2, 4]                                    -> choice
    n_layers                        [1, 2, 3]                                 -> choice
    tau                             [0.16, 0.2, 0.25]                         -> choice
Fixed params(singleton/non-list): 0
Fixed groups: 0
  (none)

[Wandb] disabled for this hyperopt run

[1/6] MAX_ITEM_LIST_LENGTH=12, contrast=un, dropout_ratio=0.15, global_ratio=0.85, learning_rate=0.0002866, lmd=0.02, lmd_sem=0.04, n_heads=2, n_layers=3, tau=0.2, weight_decay=0.000107
  -> MRR@20=0.006100  best=0.006100  (early_stop@12, trial=9s, avg=11s/trial, total=11s, ETA=55s)
[TRIAL_METRICS] cur_best_mrr20=0.006100 cur_best_hr10=0.020100 cur_test_mrr20=0.003000 cur_test_hr10=0.008600 run_best_mrr20=0.006100 run_best_hr10=0.020100 run_test_mrr20=0.003000 run_test_hr10=0.008600

[2/6] MAX_ITEM_LIST_LENGTH=22, contrast=us_x, dropout_ratio=0.15, global_ratio=0.85, learning_rate=0.0004273, lmd=0.06, lmd_sem=0.02, n_heads=2, n_layers=2, tau=0.2, weight_decay=0
  -> MRR@20=0.015900  best=0.015900  (early_stop@20, trial=25s, avg=19s/trial, total=37s, ETA=1.2min)
[TRIAL_METRICS] cur_best_mrr20=0.015900 cur_best_hr10=0.024100 cur_test_mrr20=0.010400 cur_test_hr10=0.014300 run_best_mrr20=0.015900 run_best_hr10=0.024100 run_test_mrr20=0.010400 run_test_hr10=0.014300

[3/6] MAX_ITEM_LIST_LENGTH=32, contrast=un, dropout_ratio=0.12, global_ratio=0.85, learning_rate=0.0001696, lmd=0.06, lmd_sem=0.02, n_heads=4, n_layers=3, tau=0.25, weight_decay=0
  -> MRR@20=0.011300  best=0.015900  (early_stop@20, trial=26s, avg=21s/trial, total=1.1min, ETA=1.1min)
[TRIAL_METRICS] cur_best_mrr20=0.011300 cur_best_hr10=0.036100 cur_test_mrr20=0.005500 cur_test_hr10=0.014300 run_best_mrr20=0.015900 run_best_hr10=0.024100 run_test_mrr20=0.010400 run_test_hr10=0.014300

[4/6] MAX_ITEM_LIST_LENGTH=32, contrast=un, dropout_ratio=0.09, global_ratio=0.765, learning_rate=0.0001869, lmd=0.06, lmd_sem=0.04, n_heads=2, n_layers=2, tau=0.25, weight_decay=0.0001561
  -> MRR@20=0.009700  best=0.015900  (early_stop@20, trial=21s, avg=21s/trial, total=1.4min, ETA=43s)
[TRIAL_METRICS] cur_best_mrr20=0.009700 cur_best_hr10=0.032100 cur_test_mrr20=0.006300 cur_test_hr10=0.020100 run_best_mrr20=0.015900 run_best_hr10=0.024100 run_test_mrr20=0.010400 run_test_hr10=0.014300

[5/6] MAX_ITEM_LIST_LENGTH=32, contrast=us_x, dropout_ratio=0.09, global_ratio=0.85, learning_rate=0.0004164, lmd=0.02, lmd_sem=0.02, n_heads=2, n_layers=3, tau=0.16, weight_decay=0.0001044
  -> MRR@20=0.011400  best=0.015900  (early_stop@23, trial=45s, avg=26s/trial, total=2.2min, ETA=26s)
[TRIAL_METRICS] cur_best_mrr20=0.011400 cur_best_hr10=0.022100 cur_test_mrr20=0.005300 cur_test_hr10=0.008600 run_best_mrr20=0.015900 run_best_hr10=0.024100 run_test_mrr20=0.010400 run_test_hr10=0.014300

[6/6] MAX_ITEM_LIST_LENGTH=32, contrast=un, dropout_ratio=0.12, global_ratio=0.85, learning_rate=0.0004787, lmd=0.02, lmd_sem=0.02, n_heads=2, n_layers=1, tau=0.16, weight_decay=0
  -> MRR@20=0.062600  best=0.062600  (early_stop@39, trial=31s, avg=27s/trial, total=2.7min, ETA=0s)
[TRIAL_METRICS] cur_best_mrr20=0.062600 cur_best_hr10=0.140600 cur_test_mrr20=0.051400 cur_test_hr10=0.111700 run_best_mrr20=0.062600 run_best_hr10=0.140600 run_test_mrr20=0.051400 run_test_hr10=0.111700

=================================================================
  DONE  |  FEARec x beauty
  Best MRR@20 = 0.062600  |  6/6 trials OK
  Best HR@10  = 0.140600
  Test MRR@20 = 0.051400  (best-valid checkpoint)
  Test HR@10  = 0.111700  (best-valid checkpoint)
[RUN_METRICS] best_valid_mrr20=0.062600 best_valid_hr10=0.140600 test_mrr20=0.051400 test_hr10=0.111700
  Total time: 2.7 min
  Best params:
    MAX_ITEM_LIST_LENGTH: 32
    contrast: un
    dropout_ratio: 0.12
    global_ratio: 0.85
    learning_rate: 0.00047873
    lmd: 0.02
    lmd_sem: 0.02
    n_heads: 2
    n_layers: 1
    tau: 0.16
    weight_decay: 0
  Results -> /workspace/FeaturedMoE/experiments/run/artifacts/results/baseline_2/beauty_FEARec_baseline2_addtune_beauty_fearec_k2_20260416_015726_739573_pid1233661.json
  Normal mirror -> /workspace/FeaturedMoE/experiments/run/artifacts/results/baseline_2/normal/pair60_addtuning/BASELINE2/beauty/FEARec/beauty_FEARec_baseline2_addtune_beauty_fearec_k2_20260416_015726_739573_pid1233661.json
  Special result -> /workspace/FeaturedMoE/experiments/run/artifacts/results/baseline_2/special/pair60_addtuning/BASELINE2/beauty/FEARec/beauty_FEARec_baseline2_addtune_beauty_fearec_k2_20260416_015726_739573_pid1233661_special_metrics.json
  Special log -> /workspace/FeaturedMoE/experiments/run/artifacts/logs/baseline_2/special/pair60_addtuning/BASELINE2/beauty/FEARec/beauty_FEARec_baseline2_addtune_beauty_fearec_k2_20260416_015726_739573_pid1233661_special_metrics.json
=================================================================

[RUN_STATUS] END status=normal pid=1233661 start=2026-04-16T01:57:26 end=2026-04-16T02:00:09
