# CMD
/venv/FMoE/bin/python hyperopt_tune.py --config-name tune_fs --space-yaml /workspace/FeaturedMoE/experiments/run/artifacts/logs/baseline_2/PAIR60_ADDTUNING/spaces/foursquare_fearec_K1.yaml --max-evals 6 --tune-epochs 100 --tune-patience 7 --search-algo tpe --seed 20260637 --run-group baseline_2 --run-axis pair60_addtuning --run-phase BASELINE2_ADDTUNE_FOURSQUARE_FEAREC_K1 model=fearec dataset=foursquare eval_mode=session_fixed feature_mode=full_v4 gpu_id=4 log_wandb=false show_progress=false ++seed=20260637 ++eval_sampling.mode=full ++eval_sampling.auto_full_threshold=999999999 ++special_logging=true ++exclude_unseen_target_from_main_eval=true ++log_unseen_target_metrics=true

/venv/FMoE/lib/python3.10/site-packages/ray/_private/parameter.py:4: UserWarning: pkg_resources is deprecated as an API. See https://setuptools.pypa.io/en/latest/pkg_resources.html. The pkg_resources package is slated for removal as early as 2025-11-30. Refrain from using this package or pin to Setuptools<81.
  import pkg_resources
[RUN_STATUS] START pid=1236102 ts=2026-04-16T02:26:08
[SpaceYAML] loaded: /workspace/FeaturedMoE/experiments/run/artifacts/logs/baseline_2/PAIR60_ADDTUNING/spaces/foursquare_fearec_K1.yaml (fixed=14, search=11)

=================================================================
  Hyperopt  |  FEARec x foursquare
  max_evals=6  epochs=100  patience=7  wandb=off
  search_algo=tpe
  batch_size(train/valid/test)=4096/4096/4096
  track=baseline_2  axis=pair60_addtuning  phase=BASELINE2_ADDTUNE_FOURSQUARE_FEAREC_K1
=================================================================
Changed knobs: MAX_ITEM_LIST_LENGTH, contrast, dropout_ratio, global_ratio, learning_rate, lmd, lmd_sem, n_heads, n_layers, tau, weight_decay
Tuned params(len>1): 11  (~8748 discrete combos)
Tuned groups: 11
  [optimization]
    learning_rate                   [0.00017571, 0.00025557, 0.00031947, 0.00039934, 0.00057504]  -> loguniform
    weight_decay                    [0.0, 7.5e-05, 0.00015, 0.0003]           -> loguniform_zero
  [model_core]
    dropout_ratio                   [0.09, 0.12, 0.15]                        -> choice
  [other]
    MAX_ITEM_LIST_LENGTH            [12, 22, 32]                              -> choice
    contrast                        ['un', 'us_x']                            -> choice
    global_ratio                    [0.765, 0.85, 0.935]                      -> choice
    lmd                             [0.02, 0.04, 0.06]                        -> choice
    lmd_sem                         [0.0, 0.02, 0.04]                         -> choice
    n_heads                         [2, 4]                                    -> choice
    n_layers                        [1, 2, 3]                                 -> choice
    tau                             [0.16, 0.2, 0.25]                         -> choice
Fixed params(singleton/non-list): 0
Fixed groups: 0
  (none)

[Wandb] disabled for this hyperopt run

[1/6] MAX_ITEM_LIST_LENGTH=22, contrast=us_x, dropout_ratio=0.12, global_ratio=0.935, learning_rate=0.0004754, lmd=0.06, lmd_sem=0.04, n_heads=4, n_layers=3, tau=0.16, weight_decay=0.000239
  -> MRR@20=0.165500  best=0.165500  (full@100, trial=10.8min, avg=10.9min/trial, total=10.9min, ETA=54.6min)
[TRIAL_METRICS] cur_best_mrr20=0.165500 cur_best_hr10=0.287300 cur_test_mrr20=0.135900 cur_test_hr10=0.257400 run_best_mrr20=0.165500 run_best_hr10=0.287300 run_test_mrr20=0.135900 run_test_hr10=0.257400

[2/6] MAX_ITEM_LIST_LENGTH=12, contrast=un, dropout_ratio=0.09, global_ratio=0.935, learning_rate=0.0002, lmd=0.02, lmd_sem=0.02, n_heads=2, n_layers=1, tau=0.25, weight_decay=0
  -> MRR@20=0.175200  best=0.175200  (early_stop@65, trial=2.0min, avg=6.5min/trial, total=13.0min, ETA=26.0min)
[TRIAL_METRICS] cur_best_mrr20=0.175200 cur_best_hr10=0.338900 cur_test_mrr20=0.148900 cur_test_hr10=0.299800 run_best_mrr20=0.175200 run_best_hr10=0.338900 run_test_mrr20=0.148900 run_test_hr10=0.299800

[3/6] MAX_ITEM_LIST_LENGTH=22, contrast=us_x, dropout_ratio=0.12, global_ratio=0.765, learning_rate=0.0002568, lmd=0.02, lmd_sem=0, n_heads=2, n_layers=3, tau=0.2, weight_decay=0
  -> MRR@20=0.185900  best=0.185900  (early_stop@64, trial=1.8min, avg=4.9min/trial, total=14.8min, ETA=14.8min)
[TRIAL_METRICS] cur_best_mrr20=0.185900 cur_best_hr10=0.346400 cur_test_mrr20=0.162400 cur_test_hr10=0.307000 run_best_mrr20=0.185900 run_best_hr10=0.346400 run_test_mrr20=0.162400 run_test_hr10=0.307000

[4/6] MAX_ITEM_LIST_LENGTH=12, contrast=us_x, dropout_ratio=0.09, global_ratio=0.85, learning_rate=0.0002939, lmd=0.04, lmd_sem=0.02, n_heads=2, n_layers=2, tau=0.25, weight_decay=0.0002425
  -> MRR@20=0.016300  best=0.185900  (early_stop@8, trial=30s, avg=3.8min/trial, total=15.3min, ETA=7.7min)
[TRIAL_METRICS] cur_best_mrr20=0.016300 cur_best_hr10=0.025400 cur_test_mrr20=0.017200 cur_test_hr10=0.026000 run_best_mrr20=0.185900 run_best_hr10=0.346400 run_test_mrr20=0.162400 run_test_hr10=0.307000

[5/6] MAX_ITEM_LIST_LENGTH=22, contrast=un, dropout_ratio=0.12, global_ratio=0.85, learning_rate=0.0002647, lmd=0.04, lmd_sem=0.02, n_heads=4, n_layers=1, tau=0.25, weight_decay=8.882e-05
  -> MRR@20=0.172100  best=0.185900  (early_stop@46, trial=1.8min, avg=3.4min/trial, total=17.2min, ETA=3.4min)
[TRIAL_METRICS] cur_best_mrr20=0.172100 cur_best_hr10=0.337100 cur_test_mrr20=0.146700 cur_test_hr10=0.296200 run_best_mrr20=0.185900 run_best_hr10=0.346400 run_test_mrr20=0.162400 run_test_hr10=0.307000

[6/6] MAX_ITEM_LIST_LENGTH=22, contrast=un, dropout_ratio=0.09, global_ratio=0.765, learning_rate=0.0003559, lmd=0.02, lmd_sem=0, n_heads=4, n_layers=1, tau=0.25, weight_decay=0
  -> MRR@20=0.172300  best=0.185900  (early_stop@34, trial=1.3min, avg=3.1min/trial, total=18.5min, ETA=0s)
[TRIAL_METRICS] cur_best_mrr20=0.172300 cur_best_hr10=0.333300 cur_test_mrr20=0.146500 cur_test_hr10=0.289000 run_best_mrr20=0.185900 run_best_hr10=0.346400 run_test_mrr20=0.162400 run_test_hr10=0.307000

=================================================================
  DONE  |  FEARec x foursquare
  Best MRR@20 = 0.185900  |  6/6 trials OK
  Best HR@10  = 0.346400
  Test MRR@20 = 0.162400  (best-valid checkpoint)
  Test HR@10  = 0.307000  (best-valid checkpoint)
[RUN_METRICS] best_valid_mrr20=0.185900 best_valid_hr10=0.346400 test_mrr20=0.162400 test_hr10=0.307000
  Total time: 18.5 min
  Best params:
    MAX_ITEM_LIST_LENGTH: 22
    contrast: us_x
    dropout_ratio: 0.12
    global_ratio: 0.765
    learning_rate: 0.000256785
    lmd: 0.02
    lmd_sem: 0
    n_heads: 2
    n_layers: 3
    tau: 0.2
    weight_decay: 0
  Results -> /workspace/FeaturedMoE/experiments/run/artifacts/results/baseline_2/foursquare_FEARec_baseline2_addtune_foursquare_fearec_k1_20260416_022608_182295_pid1236102.json
  Normal mirror -> /workspace/FeaturedMoE/experiments/run/artifacts/results/baseline_2/normal/pair60_addtuning/BASELINE2/foursquare/FEARec/foursquare_FEARec_baseline2_addtune_foursquare_fearec_k1_20260416_022608_182295_pid1236102.json
  Special result -> /workspace/FeaturedMoE/experiments/run/artifacts/results/baseline_2/special/pair60_addtuning/BASELINE2/foursquare/FEARec/foursquare_FEARec_baseline2_addtune_foursquare_fearec_k1_20260416_022608_182295_pid1236102_special_metrics.json
  Special log -> /workspace/FeaturedMoE/experiments/run/artifacts/logs/baseline_2/special/pair60_addtuning/BASELINE2/foursquare/FEARec/foursquare_FEARec_baseline2_addtune_foursquare_fearec_k1_20260416_022608_182295_pid1236102_special_metrics.json
=================================================================

[RUN_STATUS] END status=normal pid=1236102 start=2026-04-16T02:26:08 end=2026-04-16T02:44:39
