[STAGEA_LR_ANCHOR2_CORE5_SETTING_HEADER]
run_phase=P16_SA_D01_M02_GRU4REC_LR5_3.2e3_7.5e3_S1 run_id=SA_AMAZON_BEAUTY_GRU4REC_LR5_3.2e3_7.5e3_S1 phase_id=P16 axis_id=SA model=GRU4Rec profile_id=LR5_3.2e3_7.5e3 seed=1
dataset=amazon_beauty gpu=4 order=0 lr_band=LR5 lr_lo=0.003264 lr_hi=0.007649999999999999
max_evals=6 tune_epochs=36 tune_patience=5
seed=160010

[COMMAND]
- /venv/FMoE/bin/python hyperopt_tune.py --config-name tune_ab --max-evals 6 --tune-epochs 36 --tune-patience 5 --seed 160010 --run-group baseline --run-axis StageA_LR_anchor2_core5 --run-phase P16_SA_D01_M02_GRU4REC_LR5_3.2e3_7.5e3_S1 model=gru4rec dataset=amazon_beauty eval_mode=session_fixed feature_mode=full_v3 gpu_id=4 log_wandb=false show_progress=false ++special_logging=true ++seed=160010 ++search={learning_rate:[0.003264,0.007649999999999999]} ++search_space_type_overrides={learning_rate:"loguniform"} ++weight_decay=0.0002 ++MAX_ITEM_LIST_LENGTH=10 ++search.weight_decay=[0.0002] ++search_space_type_overrides.weight_decay=choice ++search.hidden_size=[160] ++search_space_type_overrides.hidden_size=choice ++search.embedding_size=[160] ++search_space_type_overrides.embedding_size=choice ++search.inner_size=[320] ++search_space_type_overrides.inner_size=choice ++search.n_layers=[1] ++search_space_type_overrides.n_layers=choice ++search.num_layers=[1] ++search_space_type_overrides.num_layers=choice ++search.n_heads=[1] ++search_space_type_overrides.n_heads=choice ++search.num_heads=[1] ++search_space_type_overrides.num_heads=choice ++search.dropout_ratio=[0.2] ++search_space_type_overrides.dropout_ratio=choice ++search.dropout_prob=[0.2] ++search_space_type_overrides.dropout_prob=choice ++search.hidden_dropout_prob=[0.2] ++search_space_type_overrides.hidden_dropout_prob=choice ++search.attn_dropout_prob=[0.2] ++search_space_type_overrides.attn_dropout_prob=choice ++search.num_experts=[2] ++search_space_type_overrides.num_experts=choice ++dropout_prob=0.2 ++hidden_size=160 ++embedding_size=160 ++n_layers=1 ++num_layers=1 ++train_batch_size=8192 ++eval_batch_size=10240
/venv/FMoE/lib/python3.10/site-packages/ray/_private/parameter.py:4: UserWarning: pkg_resources is deprecated as an API. See https://setuptools.pypa.io/en/latest/pkg_resources.html. The pkg_resources package is slated for removal as early as 2025-11-30. Refrain from using this package or pin to Setuptools<81.
  import pkg_resources
[RUN_STATUS] START pid=492053 ts=2026-03-29T16:03:39

=================================================================
  Hyperopt TPE  |  GRU4Rec x amazon_beauty
  max_evals=6  epochs=36  patience=5  wandb=off
  batch_size(train/valid/test)=8192/10240/10240
  track=baseline  axis=stagea_lr_anchor2_core5  phase=P16_SA_D01_M02_GRU4REC_LR5_3.2e3_7.5e3_S1
=================================================================
Changed knobs: MAX_ITEM_LIST_LENGTH, learning_rate
Tuned params(len>1): 2  (~4 discrete combos)
Tuned groups: 2
  [optimization]
    learning_rate                   [0.003264, 0.007649999999999999]          -> loguniform
  [other]
    MAX_ITEM_LIST_LENGTH            [5, 10, 30, 50]                           -> choice
Fixed params(singleton/non-list): 13
Fixed groups: 13
  [optimization]
    hidden_dropout_prob             0.2                                     
    weight_decay                    0.0002                                  
  [model_core]
    attn_dropout_prob               0.2                                     
    dropout_prob                    0.2                                     
    dropout_ratio                   0.2                                     
    embedding_size                  160                                     
    hidden_size                     160                                     
    inner_size                      320                                     
    num_heads                       1                                       
    num_layers                      1                                       
  [other]
    n_heads                         1                                       
    n_layers                        1                                       
    num_experts                     2                                       

[Wandb] disabled for this hyperopt run

[1/6] MAX_ITEM_LIST_LENGTH=50, learning_rate=0.003727
  -> MRR@20=0.000000  best=0.000000  (early_stop@6, trial=2s, avg=4s/trial, total=4s, ETA=20s)
[TRIAL_METRICS] cur_best_mrr20=0.000000 cur_best_hr10=0.000000 cur_test_mrr20=0.000000 cur_test_hr10=0.000000 run_best_mrr20=0.000000 run_best_hr10=0.000000 run_test_mrr20=0.000000 run_test_hr10=0.000000

[2/6] MAX_ITEM_LIST_LENGTH=50, learning_rate=0.004685
  -> MRR@20=0.004400  best=0.004400  (early_stop@15, trial=2s, avg=3s/trial, total=6s, ETA=13s)
[TRIAL_METRICS] cur_best_mrr20=0.004400 cur_best_hr10=0.008800 cur_test_mrr20=0.000000 cur_test_hr10=0.000000 run_best_mrr20=0.004400 run_best_hr10=0.008800 run_test_mrr20=0.000000 run_test_hr10=0.000000

[3/6] MAX_ITEM_LIST_LENGTH=30, learning_rate=0.007501
  -> MRR@20=0.002900  best=0.004400  (early_stop@10, trial=1s, avg=3s/trial, total=8s, ETA=8s)
[TRIAL_METRICS] cur_best_mrr20=0.002900 cur_best_hr10=0.008800 cur_test_mrr20=0.002700 cur_test_hr10=0.017500 run_best_mrr20=0.004400 run_best_hr10=0.008800 run_test_mrr20=0.000000 run_test_hr10=0.000000

[4/6] MAX_ITEM_LIST_LENGTH=30, learning_rate=0.006754
  -> MRR@20=0.002900  best=0.004400  (early_stop@10, trial=1s, avg=2s/trial, total=10s, ETA=5s)
[TRIAL_METRICS] cur_best_mrr20=0.002900 cur_best_hr10=0.008800 cur_test_mrr20=0.003100 cur_test_hr10=0.017500 run_best_mrr20=0.004400 run_best_hr10=0.008800 run_test_mrr20=0.000000 run_test_hr10=0.000000

[5/6] MAX_ITEM_LIST_LENGTH=50, learning_rate=0.00638
  -> MRR@20=0.002200  best=0.004400  (early_stop@12, trial=2s, avg=2s/trial, total=12s, ETA=2s)
[TRIAL_METRICS] cur_best_mrr20=0.002200 cur_best_hr10=0.008800 cur_test_mrr20=0.000500 cur_test_hr10=0.000000 run_best_mrr20=0.004400 run_best_hr10=0.008800 run_test_mrr20=0.000000 run_test_hr10=0.000000

[6/6] MAX_ITEM_LIST_LENGTH=50, learning_rate=0.006861
  -> MRR@20=0.002900  best=0.004400  (early_stop@10, trial=1s, avg=2s/trial, total=14s, ETA=0s)
[TRIAL_METRICS] cur_best_mrr20=0.002900 cur_best_hr10=0.008800 cur_test_mrr20=0.002900 cur_test_hr10=0.008800 run_best_mrr20=0.004400 run_best_hr10=0.008800 run_test_mrr20=0.000000 run_test_hr10=0.000000

=================================================================
  DONE  |  GRU4Rec x amazon_beauty
  Best MRR@20 = 0.004400  |  6/6 trials OK
  Best HR@10  = 0.008800
  Test MRR@20 = 0.000000  (best-valid checkpoint)
  Test HR@10  = 0.000000  (best-valid checkpoint)
[RUN_METRICS] best_valid_mrr20=0.004400 best_valid_hr10=0.008800 test_mrr20=0.000000 test_hr10=0.000000
  Total time: 0.2 min
  Best params:
    MAX_ITEM_LIST_LENGTH: 50
    learning_rate: 0.00468525
  Results -> /workspace/jy1559/FMoE/experiments/run/artifacts/results/baseline/amazon_beauty_GRU4Rec_p16_sa_d01_m02_gru4rec_lr5_3.2e3_7.5e3_s1_20260329_160339_597987_pid492053.json
  Normal mirror -> /workspace/jy1559/FMoE/experiments/run/artifacts/results/baseline/normal/stagea_lr_anchor2_core5/P16/amazon_beauty/GRU4Rec/amazon_beauty_GRU4Rec_p16_sa_d01_m02_gru4rec_lr5_3.2e3_7.5e3_s1_20260329_160339_597987_pid492053.json
  Special result -> /workspace/jy1559/FMoE/experiments/run/artifacts/results/baseline/special/stagea_lr_anchor2_core5/P16/amazon_beauty/GRU4Rec/amazon_beauty_GRU4Rec_p16_sa_d01_m02_gru4rec_lr5_3.2e3_7.5e3_s1_20260329_160339_597987_pid492053_special_metrics.json
  Special log -> /workspace/jy1559/FMoE/experiments/run/artifacts/logs/baseline/special/stagea_lr_anchor2_core5/P16/amazon_beauty/GRU4Rec/amazon_beauty_GRU4Rec_p16_sa_d01_m02_gru4rec_lr5_3.2e3_7.5e3_s1_20260329_160339_597987_pid492053_special_metrics.json
=================================================================

[RUN_STATUS] END status=normal pid=492053 start=2026-03-29T16:03:39 end=2026-03-29T16:03:53
