# stage=A dataset=retail_rocket model=gru4rec candidate=A003_L02
# cmd=/venv/FMoE/bin/python hyperopt_tune.py --config-name tune_rr --max-evals 2 --tune-epochs 14 --tune-patience 3 --search-algo random --seed 1 --run-group baseline_2 --run-axis ABCD_v2_lean --run-phase ABCD_v2_lean_A_DRETAIL_ROCKET_MGRU4REC_A003_L02_S1 model=gru4rec dataset=retail_rocket eval_mode=session_fixed feature_mode=full_v4 gpu_id=1 log_wandb=false show_progress=false ++MAX_ITEM_LIST_LENGTH=50 ++eval_sampling.mode=full ++eval_sampling.auto_full_threshold=999999999 ++special_logging=true ++exclude_unseen_target_from_main_eval=true ++log_unseen_target_metrics=true ++hidden_size=160 ++embedding_size=160 ++num_layers=1 ++dropout_prob=0.3 ++seed=1 ++search.MAX_ITEM_LIST_LENGTH=[50] ++search.weight_decay=[0.0001] ++search.hidden_size=[160] ++search.embedding_size=[160] ++search.num_layers=[1] ++search.learning_rate=[0.0006] ++search.dropout_prob=[0.3] ++search.hidden_dropout_prob=[0.3] ++search_space_type_overrides.MAX_ITEM_LIST_LENGTH=choice ++search_space_type_overrides.weight_decay=choice ++search_space_type_overrides.hidden_size=choice ++search_space_type_overrides.embedding_size=choice ++search_space_type_overrides.num_layers=choice ++search_space_type_overrides.learning_rate=choice ++search_space_type_overrides.dropout_prob=choice ++search_space_type_overrides.hidden_dropout_prob=choice

/venv/FMoE/lib/python3.10/site-packages/ray/_private/parameter.py:4: UserWarning: pkg_resources is deprecated as an API. See https://setuptools.pypa.io/en/latest/pkg_resources.html. The pkg_resources package is slated for removal as early as 2025-11-30. Refrain from using this package or pin to Setuptools<81.
  import pkg_resources
[RUN_STATUS] START pid=976936 ts=2026-04-14T08:28:14
[Info] No tunable params (or converted space empty). Switching to single-run mode: max_evals 2 -> 1

=================================================================
  Hyperopt  |  GRU4Rec x retail_rocket
  max_evals=1  epochs=14  patience=3  wandb=off
  search_algo=random
  batch_size(train/valid/test)=4096/8192/8192
  track=baseline_2  axis=abcd_v2_lean  phase=ABCD_v2_lean_A_DRETAIL_ROCKET_MGRU4REC_A003_L02_S1
=================================================================
Changed knobs: (none; single-run mode)
Tuned params(len>1): 0  (~1 discrete combos)
Tuned groups: 0
  (none)
Fixed params(singleton/non-list): 8
Fixed groups: 8
  [optimization]
    hidden_dropout_prob             0.3                                     
    learning_rate                   0.0006                                  
    weight_decay                    0.0001                                  
  [model_core]
    dropout_prob                    0.3                                     
    embedding_size                  160                                     
    hidden_size                     160                                     
    num_layers                      1                                       
  [other]
    MAX_ITEM_LIST_LENGTH            50                                      

[Wandb] disabled for this hyperopt run

[1/1] (fixed-only run)
  -> MRR@20=0.082500  best=0.082500  (full@14, trial=1.7min, avg=1.8min/trial, total=1.8min, ETA=0s)
[TRIAL_METRICS] cur_best_mrr20=0.082500 cur_best_hr10=0.178800 cur_test_mrr20=0.079700 cur_test_hr10=0.173000 run_best_mrr20=0.082500 run_best_hr10=0.178800 run_test_mrr20=0.079700 run_test_hr10=0.173000

=================================================================
  DONE  |  GRU4Rec x retail_rocket
  Best MRR@20 = 0.082500  |  1/1 trials OK
  Best HR@10  = 0.178800
  Test MRR@20 = 0.079700  (best-valid checkpoint)
  Test HR@10  = 0.173000  (best-valid checkpoint)
[RUN_METRICS] best_valid_mrr20=0.082500 best_valid_hr10=0.178800 test_mrr20=0.079700 test_hr10=0.173000
  Total time: 1.8 min
  Best params:
  Results -> /workspace/FeaturedMoE/experiments/run/artifacts/results/baseline_2/retail_rocket_GRU4Rec_abcd_v2_lean_a_dretail_rocket_mgru4rec_a003_l02_s1_20260414_082815_123646_pid976936.json
  Normal mirror -> /workspace/FeaturedMoE/experiments/run/artifacts/results/baseline_2/normal/abcd_v2_lean/ABCD/retail_rocket/GRU4Rec/retail_rocket_GRU4Rec_abcd_v2_lean_a_dretail_rocket_mgru4rec_a003_l02_s1_20260414_082815_123646_pid976936.json
  Special result -> /workspace/FeaturedMoE/experiments/run/artifacts/results/baseline_2/special/abcd_v2_lean/ABCD/retail_rocket/GRU4Rec/retail_rocket_GRU4Rec_abcd_v2_lean_a_dretail_rocket_mgru4rec_a003_l02_s1_20260414_082815_123646_pid976936_special_metrics.json
  Special log -> /workspace/FeaturedMoE/experiments/run/artifacts/logs/baseline_2/special/abcd_v2_lean/ABCD/retail_rocket/GRU4Rec/retail_rocket_GRU4Rec_abcd_v2_lean_a_dretail_rocket_mgru4rec_a003_l02_s1_20260414_082815_123646_pid976936_special_metrics.json
=================================================================

[RUN_STATUS] END status=normal pid=976936 start=2026-04-14T08:28:14 end=2026-04-14T08:30:00
