[STAGEH_TARGETEDRECOVERY_ANCHOR2_CORE5_SETTING_HEADER]
run_phase=P23_SH_C02_MGRU4REC_FAD_H3_R1_PASS4_EDGELO_S1 run_id=SH_FOURSQUARE_GRU4REC_FAD_H3_R1_PASS4_EDGELO_S1 phase_id=P23 axis_id=SH model=GRU4Rec candidate_id=FAD_H3_R1_PASS4_EDGELO seed=1
dataset=foursquare gpu=4 order=0 candidate_source=stageh_screen_variant source_stage=Final_all_datasets_variant transfer_from_dataset=
max_evals=4 tune_epochs=18 tune_patience=3
seed=230031

[COMMAND]
- /venv/FMoE/bin/python hyperopt_tune.py --config-name tune_fs --max-evals 4 --tune-epochs 18 --tune-patience 3 --seed 230031 --run-group baseline --run-axis StageH_TargetedRecovery_anchor2_core5 --run-phase P23_SH_C02_MGRU4REC_FAD_H3_R1_PASS4_EDGELO_S1 model=gru4rec dataset=foursquare eval_mode=session_fixed feature_mode=full_v3 gpu_id=4 log_wandb=false show_progress=false ++special_logging=true ++seed=230031 ++search={learning_rate:[0.00015546194227256322,0.00110411775087927]} ++search_space_type_overrides={learning_rate:"loguniform"} ++weight_decay=0.0002 ++search.weight_decay=[0.0002] ++search_space_type_overrides.weight_decay=choice ++search.n_layers=[1] ++search_space_type_overrides.n_layers=choice ++search.num_layers=[1] ++search_space_type_overrides.num_layers=choice ++search.n_heads=[4] ++search_space_type_overrides.n_heads=choice ++search.num_heads=[4] ++search_space_type_overrides.num_heads=choice ++search.dropout_ratio=[0.32] ++search_space_type_overrides.dropout_ratio=choice ++search.dropout_prob=[0.32] ++search_space_type_overrides.dropout_prob=choice ++search.hidden_dropout_prob=[0.32] ++search_space_type_overrides.hidden_dropout_prob=choice ++search.attn_dropout_prob=[0.32] ++search_space_type_overrides.attn_dropout_prob=choice ++search.hidden_size=[72] ++search_space_type_overrides.hidden_size=choice ++search.embedding_size=[72] ++search_space_type_overrides.embedding_size=choice ++search.inner_size=[320] ++search_space_type_overrides.inner_size=choice ++search.time_span=[512] ++search_space_type_overrides.time_span=choice ++search.num_experts=[8] ++search_space_type_overrides.num_experts=choice ++search.state_size=[32] ++search_space_type_overrides.state_size=choice ++search.conv_kernel=[8] ++search_space_type_overrides.conv_kernel=choice ++search.remaining_ratio=[0.7] ++search_space_type_overrides.remaining_ratio=choice ++search.MAX_ITEM_LIST_LENGTH=[6] ++search_space_type_overrides.MAX_ITEM_LIST_LENGTH=choice ++dropout_prob=0.32 ++train_batch_size=12288 ++eval_batch_size=16384 ++hidden_size=72 ++embedding_size=72 ++MAX_ITEM_LIST_LENGTH=6 ++num_layers=1
/venv/FMoE/lib/python3.10/site-packages/ray/_private/parameter.py:4: UserWarning: pkg_resources is deprecated as an API. See https://setuptools.pypa.io/en/latest/pkg_resources.html. The pkg_resources package is slated for removal as early as 2025-11-30. Refrain from using this package or pin to Setuptools<81.
  import pkg_resources
[RUN_STATUS] START pid=111383 ts=2026-04-12T10:16:36

=================================================================
  Hyperopt TPE  |  GRU4Rec x foursquare
  max_evals=4  epochs=18  patience=3  wandb=off
  batch_size(train/valid/test)=12288/16384/16384
  track=baseline  axis=stageh_targetedrecovery_anchor2_core5  phase=P23_SH_C02_MGRU4REC_FAD_H3_R1_PASS4_EDGELO_S1
=================================================================
Changed knobs: learning_rate
Tuned params(len>1): 1  (~1 discrete combos)
Tuned groups: 1
  [optimization]
    learning_rate                   [0.00015546194227256322, 0.00110411775087927]  -> loguniform
Fixed params(singleton/non-list): 18
Fixed groups: 18
  [optimization]
    hidden_dropout_prob             0.32                                    
    weight_decay                    0.0002                                  
  [model_core]
    attn_dropout_prob               0.32                                    
    dropout_prob                    0.32                                    
    dropout_ratio                   0.32                                    
    embedding_size                  72                                      
    hidden_size                     72                                      
    inner_size                      320                                     
    num_heads                       4                                       
    num_layers                      1                                       
  [other]
    MAX_ITEM_LIST_LENGTH            6                                       
    conv_kernel                     8                                       
    n_heads                         4                                       
    n_layers                        1                                       
    num_experts                     8                                       
    remaining_ratio                 0.7                                     
    state_size                      32                                      
    time_span                       512                                     

[Wandb] disabled for this hyperopt run

[1/4] learning_rate=0.0006682
  -> MRR@20=0.008100  best=0.008100  (early_stop@13, trial=7s, avg=12s/trial, total=12s, ETA=36s)
[TRIAL_METRICS] cur_best_mrr20=0.008100 cur_best_hr10=0.016300 cur_test_mrr20=0.007200 cur_test_hr10=0.017100 run_best_mrr20=0.008100 run_best_hr10=0.016300 run_test_mrr20=0.007200 run_test_hr10=0.017100

[2/4] learning_rate=0.000172
  -> MRR@20=0.003000  best=0.008100  (early_stop@17, trial=9s, avg=10s/trial, total=21s, ETA=21s)
[TRIAL_METRICS] cur_best_mrr20=0.003000 cur_best_hr10=0.011000 cur_test_mrr20=0.002500 cur_test_hr10=0.008700 run_best_mrr20=0.008100 run_best_hr10=0.016300 run_test_mrr20=0.007200 run_test_hr10=0.017100

[3/4] learning_rate=0.000235
  -> MRR@20=0.003100  best=0.008100  (early_stop@13, trial=7s, avg=9s/trial, total=28s, ETA=9s)
[TRIAL_METRICS] cur_best_mrr20=0.003100 cur_best_hr10=0.011300 cur_test_mrr20=0.002400 cur_test_hr10=0.008400 run_best_mrr20=0.008100 run_best_hr10=0.016300 run_test_mrr20=0.007200 run_test_hr10=0.017100

[4/4] learning_rate=0.0002281
  -> MRR@20=0.003200  best=0.008100  (early_stop@14, trial=8s, avg=9s/trial, total=37s, ETA=0s)
[TRIAL_METRICS] cur_best_mrr20=0.003200 cur_best_hr10=0.011300 cur_test_mrr20=0.002500 cur_test_hr10=0.008900 run_best_mrr20=0.008100 run_best_hr10=0.016300 run_test_mrr20=0.007200 run_test_hr10=0.017100

=================================================================
  DONE  |  GRU4Rec x foursquare
  Best MRR@20 = 0.008100  |  4/4 trials OK
  Best HR@10  = 0.016300
  Test MRR@20 = 0.007200  (best-valid checkpoint)
  Test HR@10  = 0.017100  (best-valid checkpoint)
[RUN_METRICS] best_valid_mrr20=0.008100 best_valid_hr10=0.016300 test_mrr20=0.007200 test_hr10=0.017100
  Total time: 0.6 min
  Best params:
    learning_rate: 0.000668217
  Results -> /workspace/FeaturedMoE/experiments/run/artifacts/results/baseline/foursquare_GRU4Rec_p23_sh_c02_mgru4rec_fad_h3_r1_pass4_edgelo_s1_20260412_101637_031380_pid111383.json
  Normal mirror -> /workspace/FeaturedMoE/experiments/run/artifacts/results/baseline/normal/stageh_targetedrecovery_anchor2_core5/P23/foursquare/GRU4Rec/foursquare_GRU4Rec_p23_sh_c02_mgru4rec_fad_h3_r1_pass4_edgelo_s1_20260412_101637_031380_pid111383.json
  Special result -> /workspace/FeaturedMoE/experiments/run/artifacts/results/baseline/special/stageh_targetedrecovery_anchor2_core5/P23/foursquare/GRU4Rec/foursquare_GRU4Rec_p23_sh_c02_mgru4rec_fad_h3_r1_pass4_edgelo_s1_20260412_101637_031380_pid111383_special_metrics.json
  Special log -> /workspace/FeaturedMoE/experiments/run/artifacts/logs/baseline/special/stageh_targetedrecovery_anchor2_core5/P23/foursquare/GRU4Rec/foursquare_GRU4Rec_p23_sh_c02_mgru4rec_fad_h3_r1_pass4_edgelo_s1_20260412_101637_031380_pid111383_special_metrics.json
=================================================================

[RUN_STATUS] END status=normal pid=111383 start=2026-04-12T10:16:36 end=2026-04-12T10:17:13
