[STAGED_MICROWIDE_ANCHOR2_CORE5_SETTING_HEADER]
run_phase=P19_SC_D01_M04_P02_FAME_C7_D4_S1 run_id=SC_AMAZON_BEAUTY_FAME_C7_D4_S1 phase_id=P19 axis_id=SC model=FAME profile_id=D4 parent_profile_id=C7 seed=1
dataset=amazon_beauty gpu=7 order=0 lr_band=LR6,LR4 lr_lo=0.0007062242801061005 lr_hi=0.01
max_evals=12 tune_epochs=56 tune_patience=8
seed=190059

[COMMAND]
- /venv/FMoE/bin/python hyperopt_tune.py --config-name tune_ab --max-evals 12 --tune-epochs 56 --tune-patience 8 --seed 190059 --run-group baseline --run-axis StageD_MicroWide_anchor2_core5 --run-phase P19_SC_D01_M04_P02_FAME_C7_D4_S1 model=fame dataset=amazon_beauty eval_mode=session_fixed feature_mode=full_v3 gpu_id=7 log_wandb=false show_progress=false ++special_logging=true ++seed=190059 ++search={learning_rate:[0.0007062242801061005,0.01]} ++search_space_type_overrides={learning_rate:"loguniform"} ++MAX_ITEM_LIST_LENGTH=20 ++weight_decay=0.000170775 ++search.weight_decay=[0.000170775] ++search_space_type_overrides.weight_decay=choice ++search.hidden_size=[88] ++search_space_type_overrides.hidden_size=choice ++search.embedding_size=[88] ++search_space_type_overrides.embedding_size=choice ++search.n_layers=[3] ++search_space_type_overrides.n_layers=choice ++search.num_layers=[3] ++search_space_type_overrides.num_layers=choice ++search.dropout_ratio=[0.17000000000000004] ++search_space_type_overrides.dropout_ratio=choice ++search.dropout_prob=[0.17000000000000004] ++search_space_type_overrides.dropout_prob=choice ++search.hidden_dropout_prob=[0.17000000000000004] ++search_space_type_overrides.hidden_dropout_prob=choice ++search.attn_dropout_prob=[0.17000000000000004] ++search_space_type_overrides.attn_dropout_prob=choice ++search.inner_size=[352] ++search_space_type_overrides.inner_size=choice ++search.n_heads=[8] ++search_space_type_overrides.n_heads=choice ++search.num_heads=[8] ++search_space_type_overrides.num_heads=choice ++search.num_experts=[5] ++search_space_type_overrides.num_experts=choice ++dropout_ratio=0.17000000000000004 ++hidden_size=88 ++embedding_size=88 ++n_layers=3 ++num_layers=3 ++n_heads=8 ++num_heads=8 ++inner_size=352 ++num_experts=5 ++train_batch_size=1536 ++eval_batch_size=2304
/venv/FMoE/lib/python3.10/site-packages/ray/_private/parameter.py:4: UserWarning: pkg_resources is deprecated as an API. See https://setuptools.pypa.io/en/latest/pkg_resources.html. The pkg_resources package is slated for removal as early as 2025-11-30. Refrain from using this package or pin to Setuptools<81.
  import pkg_resources
[RUN_STATUS] START pid=92658 ts=2026-04-04T05:38:32

=================================================================
  Hyperopt TPE  |  FAME x amazon_beauty
  max_evals=12  epochs=56  patience=8  wandb=off
  batch_size(train/valid/test)=1536/2304/2304
  track=baseline  axis=staged_microwide_anchor2_core5  phase=P19_SC_D01_M04_P02_FAME_C7_D4_S1
=================================================================
Changed knobs: MAX_ITEM_LIST_LENGTH, learning_rate
Tuned params(len>1): 2  (~4 discrete combos)
Tuned groups: 2
  [optimization]
    learning_rate                   [0.0007062242801061005, 0.01]             -> loguniform
  [other]
    MAX_ITEM_LIST_LENGTH            [5, 10, 30, 50]                           -> choice
Fixed params(singleton/non-list): 13
Fixed groups: 13
  [optimization]
    hidden_dropout_prob             0.17000000000000004                     
    weight_decay                    0.000170775                             
  [model_core]
    attn_dropout_prob               0.17000000000000004                     
    dropout_prob                    0.17000000000000004                     
    dropout_ratio                   0.17000000000000004                     
    embedding_size                  88                                      
    hidden_size                     88                                      
    inner_size                      352                                     
    num_heads                       8                                       
    num_layers                      3                                       
  [other]
    n_heads                         8                                       
    n_layers                        3                                       
    num_experts                     5                                       

[Wandb] disabled for this hyperopt run

[1/12] MAX_ITEM_LIST_LENGTH=10, learning_rate=0.00365
  -> MRR@20=0.001500  best=0.001500  (early_stop@12, trial=18s, avg=20s/trial, total=20s, ETA=3.7min)
[TRIAL_METRICS] cur_best_mrr20=0.001500 cur_best_hr10=0.008800 cur_test_mrr20=0.000000 cur_test_hr10=0.000000 run_best_mrr20=0.001500 run_best_hr10=0.008800 run_test_mrr20=0.000000 run_test_hr10=0.000000

[2/12] MAX_ITEM_LIST_LENGTH=5, learning_rate=0.002425
  -> MRR@20=0.018100  best=0.018100  (early_stop@14, trial=20s, avg=20s/trial, total=41s, ETA=3.4min)
[TRIAL_METRICS] cur_best_mrr20=0.018100 cur_best_hr10=0.017700 cur_test_mrr20=0.000000 cur_test_hr10=0.000000 run_best_mrr20=0.018100 run_best_hr10=0.017700 run_test_mrr20=0.000000 run_test_hr10=0.000000

[3/12] MAX_ITEM_LIST_LENGTH=50, learning_rate=0.002547
  -> MRR@20=0.004400  best=0.018100  (early_stop@10, trial=17s, avg=19s/trial, total=58s, ETA=2.9min)
[TRIAL_METRICS] cur_best_mrr20=0.004400 cur_best_hr10=0.008800 cur_test_mrr20=0.000000 cur_test_hr10=0.000000 run_best_mrr20=0.018100 run_best_hr10=0.017700 run_test_mrr20=0.000000 run_test_hr10=0.000000

[4/12] MAX_ITEM_LIST_LENGTH=30, learning_rate=0.00263
  -> MRR@20=0.002900  best=0.018100  (early_stop@14, trial=22s, avg=20s/trial, total=1.3min, ETA=2.7min)
[TRIAL_METRICS] cur_best_mrr20=0.002900 cur_best_hr10=0.008800 cur_test_mrr20=0.000000 cur_test_hr10=0.000000 run_best_mrr20=0.018100 run_best_hr10=0.017700 run_test_mrr20=0.000000 run_test_hr10=0.000000

[5/12] MAX_ITEM_LIST_LENGTH=10, learning_rate=0.001921
  -> MRR@20=0.001900  best=0.018100  (early_stop@16, trial=23s, avg=21s/trial, total=1.7min, ETA=2.4min)
[TRIAL_METRICS] cur_best_mrr20=0.001900 cur_best_hr10=0.008800 cur_test_mrr20=0.000000 cur_test_hr10=0.000000 run_best_mrr20=0.018100 run_best_hr10=0.017700 run_test_mrr20=0.000000 run_test_hr10=0.000000

[6/12] MAX_ITEM_LIST_LENGTH=30, learning_rate=0.00263
  -> MRR@20=0.002900  best=0.018100  (early_stop@14, trial=22s, avg=21s/trial, total=2.1min, ETA=2.1min)
[TRIAL_METRICS] cur_best_mrr20=0.002900 cur_best_hr10=0.008800 cur_test_mrr20=0.000000 cur_test_hr10=0.000000 run_best_mrr20=0.018100 run_best_hr10=0.017700 run_test_mrr20=0.000000 run_test_hr10=0.000000

[7/12] MAX_ITEM_LIST_LENGTH=30, learning_rate=0.008967
  -> MRR@20=0.011600  best=0.018100  (early_stop@24, trial=37s, avg=23s/trial, total=2.7min, ETA=2.0min)
[TRIAL_METRICS] cur_best_mrr20=0.011600 cur_best_hr10=0.017700 cur_test_mrr20=0.000500 cur_test_hr10=0.000000 run_best_mrr20=0.018100 run_best_hr10=0.017700 run_test_mrr20=0.000000 run_test_hr10=0.000000

[8/12] MAX_ITEM_LIST_LENGTH=5, learning_rate=0.001264
  -> MRR@20=0.017700  best=0.018100  (early_stop@16, trial=24s, avg=24s/trial, total=3.1min, ETA=1.6min)
[TRIAL_METRICS] cur_best_mrr20=0.017700 cur_best_hr10=0.017700 cur_test_mrr20=0.000000 cur_test_hr10=0.000000 run_best_mrr20=0.018100 run_best_hr10=0.017700 run_test_mrr20=0.000000 run_test_hr10=0.000000

[9/12] MAX_ITEM_LIST_LENGTH=50, learning_rate=0.004855
  -> MRR@20=0.001300  best=0.018100  (early_stop@10, trial=17s, avg=23s/trial, total=3.4min, ETA=1.1min)
[TRIAL_METRICS] cur_best_mrr20=0.001300 cur_best_hr10=0.008800 cur_test_mrr20=0.000000 cur_test_hr10=0.000000 run_best_mrr20=0.018100 run_best_hr10=0.017700 run_test_mrr20=0.000000 run_test_hr10=0.000000

[10/12] MAX_ITEM_LIST_LENGTH=50, learning_rate=0.006879
  -> MRR@20=0.008800  best=0.018100  (early_stop@10, trial=17s, avg=22s/trial, total=3.7min, ETA=45s)
[TRIAL_METRICS] cur_best_mrr20=0.008800 cur_best_hr10=0.008800 cur_test_mrr20=0.000000 cur_test_hr10=0.000000 run_best_mrr20=0.018100 run_best_hr10=0.017700 run_test_mrr20=0.000000 run_test_hr10=0.000000

[11/12] MAX_ITEM_LIST_LENGTH=5, learning_rate=0.001719
  -> MRR@20=0.018200  best=0.018200  (early_stop@9, trial=13s, avg=22s/trial, total=3.9min, ETA=22s)
[TRIAL_METRICS] cur_best_mrr20=0.018200 cur_best_hr10=0.017700 cur_test_mrr20=0.000700 cur_test_hr10=0.000000 run_best_mrr20=0.018200 run_best_hr10=0.017700 run_test_mrr20=0.000700 run_test_hr10=0.000000

[12/12] MAX_ITEM_LIST_LENGTH=10, learning_rate=0.009582
  -> MRR@20=0.001700  best=0.018200  (early_stop@11, trial=16s, avg=21s/trial, total=4.2min, ETA=0s)
[TRIAL_METRICS] cur_best_mrr20=0.001700 cur_best_hr10=0.008800 cur_test_mrr20=0.000000 cur_test_hr10=0.000000 run_best_mrr20=0.018200 run_best_hr10=0.017700 run_test_mrr20=0.000700 run_test_hr10=0.000000

=================================================================
  DONE  |  FAME x amazon_beauty
  Best MRR@20 = 0.018200  |  12/12 trials OK
  Best HR@10  = 0.017700
  Test MRR@20 = 0.000700  (best-valid checkpoint)
  Test HR@10  = 0.000000  (best-valid checkpoint)
[RUN_METRICS] best_valid_mrr20=0.018200 best_valid_hr10=0.017700 test_mrr20=0.000700 test_hr10=0.000000
  Total time: 4.2 min
  Best params:
    MAX_ITEM_LIST_LENGTH: 5
    learning_rate: 0.00171925
  Results -> /workspace/jy1559/FMoE/experiments/run/artifacts/results/baseline/amazon_beauty_FAME_p19_sc_d01_m04_p02_fame_c7_d4_s1_20260404_053832_635856_pid92658.json
  Normal mirror -> /workspace/jy1559/FMoE/experiments/run/artifacts/results/baseline/normal/staged_microwide_anchor2_core5/P19/amazon_beauty/FAME/amazon_beauty_FAME_p19_sc_d01_m04_p02_fame_c7_d4_s1_20260404_053832_635856_pid92658.json
  Special result -> /workspace/jy1559/FMoE/experiments/run/artifacts/results/baseline/special/staged_microwide_anchor2_core5/P19/amazon_beauty/FAME/amazon_beauty_FAME_p19_sc_d01_m04_p02_fame_c7_d4_s1_20260404_053832_635856_pid92658_special_metrics.json
  Special log -> /workspace/jy1559/FMoE/experiments/run/artifacts/logs/baseline/special/staged_microwide_anchor2_core5/P19/amazon_beauty/FAME/amazon_beauty_FAME_p19_sc_d01_m04_p02_fame_c7_d4_s1_20260404_053832_635856_pid92658_special_metrics.json
=================================================================

[RUN_STATUS] END status=normal pid=92658 start=2026-04-04T05:38:32 end=2026-04-04T05:42:45
