# job_id=S2_FOURSQUARE_R02 dataset=foursquare model=featured_moe_n3 stage=stage2
# cmd=/venv/FMoE-server-c/bin/python3 hyperopt_tune.py --config-name config --search-algo tpe --max-evals 14 --tune-epochs 60 --tune-patience 6 --seed 710006 --run-group final_experiment --run-axis stage2_focus_search --run-phase S2_FOURSQUARE_FEATURED_MOE_N3_R02 model=featured_moe_n3_tune dataset=foursquare eval_mode=session_fixed feature_mode=full_v4 ++eval_sampling.mode=full ++eval_sampling.auto_full_threshold=999999999 ++special_logging=true ++exclude_unseen_target_from_main_eval=true ++log_unseen_target_metrics=true gpu_id=5 log_wandb=false enable_tf32=true fmoe_debug_logging=false fmoe_diag_logging=true fmoe_special_logging=true fmoe_feature_ablation_logging=false fmoe_eval_logging_timing=final_only ++fmoe_logging_output_root="run/artifacts/logging" ++fmoe_logging_layout="axis_dataset_arch_hparam" ++fmoe_architecture_id="A12" ++fmoe_architecture_key="A12_ATTN_MICRO_BEFORE_NO_BIAS_ALL_W5" ++fmoe_phase="STAGE2" ++phase_run_type="stage2" ++phase_axis_id="stage2_focus_search" ++phase_setting_id="R02" ++phase_hparam_id="" ++phase_seed_id=2 ++phase_run_id="S2_FOURSQUARE_R02" --max-run-hours 2 --oom-retry-limit 5 ++layer_layout=["attn","macro_ffn","mid_ffn","attn","micro_ffn"] ++stage_compute_mode={macro:"moe",mid:"moe",micro:"moe"} ++stage_router_mode={macro:"learned",mid:"learned",micro:"learned"} ++stage_router_source={macro:"both",mid:"both",micro:"both"} ++stage_feature_injection={macro:"none",mid:"none",micro:"none"} ++topk_scope_mode="global_flat" ++moe_top_k=0 ++balance_loss_lambda=0.0 ++z_loss_lambda=0.0 ++gate_entropy_lambda=0.0 ++route_smoothness_lambda=0.0 ++route_consistency_lambda=0.0 ++route_sharpness_lambda=0.0 ++route_monopoly_lambda=0.0 ++route_monopoly_tau=0.25 ++route_prior_lambda=0.0 ++group_prior_align_lambda=0.0 ++factored_group_balance_lambda=0.0 ++rule_agreement_lambda=0.0 ++group_coverage_lambda=0.0 ++feature_group_bias_lambda=0.0 ++rule_bias_scale=0.0 ++primitive_balance_lambda=0.0 ++wrapper_group_feature_align_lambda=0.0 ++stage_router_primitives={macro:{a_joint:{source:"feature",temperature:1.0,top_k:0},b_group:{source:"feature",temperature:1.0,top_k:0},c_shared:{source:"feature",temperature:1.0,top_k:0},d_cond:{source:"feature",temperature:1.0,top_k:0},e_scalar:{source:"feature",temperature:1.0,top_k:0},wrapper:{alpha_d:1.0,alpha_struct:1.0,alpha_a:1.0}},mid:{a_joint:{source:"feature",temperature:1.0,top_k:0},b_group:{source:"feature",temperature:1.0,top_k:0},c_shared:{source:"feature",temperature:1.0,top_k:0},d_cond:{source:"feature",temperature:1.0,top_k:0},e_scalar:{source:"feature",temperature:1.0,top_k:0},wrapper:{alpha_d:1.0,alpha_struct:1.0,alpha_a:1.0}},micro:{a_joint:{source:"feature",temperature:1.0,top_k:0},b_group:{source:"feature",temperature:1.0,top_k:0},c_shared:{source:"feature",temperature:1.0,top_k:0},d_cond:{source:"feature",temperature:1.0,top_k:0},e_scalar:{source:"feature",temperature:1.0,top_k:0},wrapper:{alpha_d:1.0,alpha_struct:1.0,alpha_a:1.0}}} ++stage_router_wrapper={macro:"w5_exd",mid:"w5_exd",micro:"w5_exd"} ++stage_router_granularity={macro:"session",mid:"session",micro:"token"} ++macro_history_window=5 ++route_consistency_pairs=1 ++route_consistency_min_sim=0.995 ++bias_mode="none" ++search.learning_rate=[0.00031471,0.00039651,0.00049957,0.00062942,0.00079303] ++search_space_type_overrides.learning_rate=choice ++search.weight_decay=[5e-07,6e-07,1e-06] ++search_space_type_overrides.weight_decay=choice ++search.MAX_ITEM_LIST_LENGTH=[10,20,30] ++search_space_type_overrides.MAX_ITEM_LIST_LENGTH=choice ++search.expert_scale=[2,4,3] ++search_space_type_overrides.expert_scale=choice ++search.d_router_hidden=[32,64,96] ++search_space_type_overrides.d_router_hidden=choice ++search.stage_feature_dropout_prob=[0.05,0.1,0.0] ++search_space_type_overrides.stage_feature_dropout_prob=choice ++search.attn_dropout_prob=[0.08,0.12,0.05] ++search_space_type_overrides.attn_dropout_prob=choice ++search.route_consistency_lambda=[0.00025,0.0008,0.0005] ++search_space_type_overrides.route_consistency_lambda=choice ++search.z_loss_lambda=[5e-05,0.0001,0.0002] ++search_space_type_overrides.z_loss_lambda=choice ++search.d_feat_emb=[12,8,16] ++search_space_type_overrides.d_feat_emb=choice ++search.hidden_dropout_prob=[0.15,0.14,0.16] ++search_space_type_overrides.hidden_dropout_prob=choice ++search.embedding_size=[168] ++search_space_type_overrides.embedding_size=choice ++search.hidden_size=[168] ++search_space_type_overrides.hidden_size=choice ++search.d_ff=[336] ++search_space_type_overrides.d_ff=choice ++search.d_expert_hidden=[168] ++search_space_type_overrides.d_expert_hidden=choice ++search.fixed_hidden_dropout_prob=[0.15] ++search_space_type_overrides.fixed_hidden_dropout_prob=choice ++search.stage_family_dropout_prob=[{macro:0.02,mid:0.02,micro:0.02}] ++search_space_type_overrides.stage_family_dropout_prob=choice ++search.router_feature_proj_dim=[0] ++search_space_type_overrides.router_feature_proj_dim=choice ++search.router_use_hidden=[true] ++search_space_type_overrides.router_use_hidden=choice ++search.router_use_feature=[true] ++search_space_type_overrides.router_use_feature=choice ++search.router_impl=["learned"] ++search_space_type_overrides.router_impl=choice ++search.lr_scheduler_type=["warmup_cosine"] ++search_space_type_overrides.lr_scheduler_type=choice

/venv/FMoE-server-c/lib/python3.10/site-packages/ray/_private/parameter.py:4: UserWarning: pkg_resources is deprecated as an API. See https://setuptools.pypa.io/en/latest/pkg_resources.html. The pkg_resources package is slated for removal as early as 2025-11-30. Refrain from using this package or pin to Setuptools<81.
  import pkg_resources
[RUN_STATUS] START pid=127659 ts=2026-04-18T11:26:49
[UniqueChoice] enabled: dedupe/remap duplicates across 295245 finite combos

=================================================================
  Hyperopt  |  FeaturedMoE_N3 x foursquare
  max_evals=14  epochs=60  patience=6  wandb=off
  search_algo=tpe
  max_run_hours=2.000  (stop launching new trials after current trial)
  oom_retry_limit=5  (halve train/eval batch size on OOM)
  batch_size(train/valid/test)=2048/2048/2048
  track=final_experiment  axis=stage2_focus_search  phase=S2_FOURSQUARE_FEATURED_MOE_N3_R02
=================================================================
Changed knobs: MAX_ITEM_LIST_LENGTH, attn_dropout_prob, d_feat_emb, d_router_hidden, expert_scale, hidden_dropout_prob, learning_rate, route_consistency_lambda, stage_feature_dropout_prob, weight_decay, z_loss_lambda
Tuned params(len>1): 11  (~295245 discrete combos)
Tuned groups: 11
  [optimization]
    hidden_dropout_prob             [0.15, 0.14, 0.16]                        -> choice
    learning_rate                   [0.00031471, 0.00039651, 0.00049957, 0.00062942, 0.00079303]  -> choice
    weight_decay                    [5e-07, 6e-07, 1e-06]                     -> choice
  [model_core]
    attn_dropout_prob               [0.08, 0.12, 0.05]                        -> choice
    d_feat_emb                      [12, 8, 16]                               -> choice
    d_router_hidden                 [32, 64, 96]                              -> choice
    expert_scale                    [2, 4, 3]                                 -> choice
    stage_feature_dropout_prob      [0.05, 0.1, 0.0]                          -> choice
  [other]
    MAX_ITEM_LIST_LENGTH            [10, 20, 30]                              -> choice
    route_consistency_lambda        [0.00025, 0.0008, 0.0005]                 -> choice
    z_loss_lambda                   [5e-05, 0.0001, 0.0002]                   -> choice
Fixed params(singleton/non-list): 11
Fixed groups: 11
  [model_core]
    d_expert_hidden                 168                                     
    d_ff                            336                                     
    embedding_size                  168                                     
    fixed_hidden_dropout_prob       0.15                                    
    hidden_size                     168                                     
    stage_family_dropout_prob       {'macro': 0.02, 'mid': 0.02, 'micro': 0.02}
  [routing_moe]
    router_feature_proj_dim         0                                       
    router_impl                     learned                                 
    router_use_feature              True                                    
    router_use_hidden               True                                    
  [other]
    lr_scheduler_type               warmup_cosine                           

[Wandb] disabled for this hyperopt run

[1/14] MAX_ITEM_LIST_LENGTH=20, attn_dropout_prob=0.08, d_feat_emb=8, d_router_hidden=96, expert_scale=2, hidden_dropout_prob=0.16, learning_rate=0.0004996, route_consistency_lambda=0.0005, stage_feature_dropout_prob=0.05, weight_decay=6e-07, z_loss_lambda=0.0001
  -> MRR@20=0.200600  best=0.200600  (early_stop@27, trial=3.5min, avg=3.6min/trial, total=3.6min, ETA=47.3min)
[TRIAL_METRICS] cur_best_mrr20=0.200600 cur_best_hr10=0.362900 cur_test_mrr20=0.166100 cur_test_hr10=0.315300 avg_epoch_time_sec=7.8086 test_eval_time_sec=0.2519 test_eval_batches_per_sec=7.9387 test_eval_targets_per_sec=14134.7718 run_best_mrr20=0.200600 run_best_hr10=0.362900 run_test_mrr20=0.166100 run_test_hr10=0.315300

[2/14] MAX_ITEM_LIST_LENGTH=20, attn_dropout_prob=0.12, d_feat_emb=8, d_router_hidden=32, expert_scale=3, hidden_dropout_prob=0.16, learning_rate=0.0006294, route_consistency_lambda=0.0008, stage_feature_dropout_prob=0, weight_decay=1e-06, z_loss_lambda=0.0002
  -> MRR@20=0.201600  best=0.201600  (early_stop@21, trial=2.8min, avg=3.2min/trial, total=6.4min, ETA=38.6min)
[TRIAL_METRICS] cur_best_mrr20=0.201600 cur_best_hr10=0.366600 cur_test_mrr20=0.165400 cur_test_hr10=0.324500 avg_epoch_time_sec=7.9138 test_eval_time_sec=0.2674 test_eval_batches_per_sec=7.4801 test_eval_targets_per_sec=13318.3616 run_best_mrr20=0.201600 run_best_hr10=0.366600 run_test_mrr20=0.165400 run_test_hr10=0.324500

[3/14] MAX_ITEM_LIST_LENGTH=10, attn_dropout_prob=0.05, d_feat_emb=12, d_router_hidden=96, expert_scale=4, hidden_dropout_prob=0.14, learning_rate=0.0006294, route_consistency_lambda=0.00025, stage_feature_dropout_prob=0.1, weight_decay=6e-07, z_loss_lambda=5e-05
  -> MRR@20=0.200700  best=0.201600  (early_stop@20, trial=2.6min, avg=3.0min/trial, total=9.0min, ETA=33.1min)
[TRIAL_METRICS] cur_best_mrr20=0.200700 cur_best_hr10=0.366300 cur_test_mrr20=0.163200 cur_test_hr10=0.318500 avg_epoch_time_sec=7.6846 test_eval_time_sec=0.2444 test_eval_batches_per_sec=8.1822 test_eval_targets_per_sec=14568.3711 run_best_mrr20=0.201600 run_best_hr10=0.366600 run_test_mrr20=0.165400 run_test_hr10=0.324500

[4/14] MAX_ITEM_LIST_LENGTH=20, attn_dropout_prob=0.12, d_feat_emb=16, d_router_hidden=64, expert_scale=4, hidden_dropout_prob=0.16, learning_rate=0.0004996, route_consistency_lambda=0.00025, stage_feature_dropout_prob=0.1, weight_decay=6e-07, z_loss_lambda=5e-05
  -> MRR@20=0.200400  best=0.201600  (early_stop@26, trial=3.7min, avg=3.2min/trial, total=12.7min, ETA=31.8min)
[TRIAL_METRICS] cur_best_mrr20=0.200400 cur_best_hr10=0.368900 cur_test_mrr20=0.164800 cur_test_hr10=0.316500 avg_epoch_time_sec=8.4593 test_eval_time_sec=0.2819 test_eval_batches_per_sec=7.0942 test_eval_targets_per_sec=12631.1380 run_best_mrr20=0.201600 run_best_hr10=0.366600 run_test_mrr20=0.165400 run_test_hr10=0.324500

[5/14] MAX_ITEM_LIST_LENGTH=10, attn_dropout_prob=0.08, d_feat_emb=8, d_router_hidden=32, expert_scale=2, hidden_dropout_prob=0.16, learning_rate=0.0006294, route_consistency_lambda=0.0008, stage_feature_dropout_prob=0.05, weight_decay=5e-07, z_loss_lambda=0.0002
  -> MRR@20=0.201400  best=0.201600  (early_stop@20, trial=2.5min, avg=3.0min/trial, total=15.2min, ETA=27.4min)
[TRIAL_METRICS] cur_best_mrr20=0.201400 cur_best_hr10=0.366600 cur_test_mrr20=0.166400 cur_test_hr10=0.318100 avg_epoch_time_sec=7.3884 test_eval_time_sec=0.2374 test_eval_batches_per_sec=8.4263 test_eval_targets_per_sec=15003.0100 run_best_mrr20=0.201600 run_best_hr10=0.366600 run_test_mrr20=0.165400 run_test_hr10=0.324500

[6/14] MAX_ITEM_LIST_LENGTH=20, attn_dropout_prob=0.08, d_feat_emb=12, d_router_hidden=32, expert_scale=4, hidden_dropout_prob=0.14, learning_rate=0.0003147, route_consistency_lambda=0.0005, stage_feature_dropout_prob=0, weight_decay=6e-07, z_loss_lambda=0.0002
  -> MRR@20=0.203800  best=0.203800  (early_stop@41, trial=5.9min, avg=3.5min/trial, total=21.1min, ETA=28.2min)
[TRIAL_METRICS] cur_best_mrr20=0.203800 cur_best_hr10=0.361800 cur_test_mrr20=0.165800 cur_test_hr10=0.315700 avg_epoch_time_sec=8.5824 test_eval_time_sec=0.2731 test_eval_batches_per_sec=7.3229 test_eval_targets_per_sec=13038.4220 run_best_mrr20=0.203800 run_best_hr10=0.361800 run_test_mrr20=0.165800 run_test_hr10=0.315700

[7/14] MAX_ITEM_LIST_LENGTH=30, attn_dropout_prob=0.05, d_feat_emb=8, d_router_hidden=64, expert_scale=3, hidden_dropout_prob=0.14, learning_rate=0.000793, route_consistency_lambda=0.00025, stage_feature_dropout_prob=0, weight_decay=6e-07, z_loss_lambda=5e-05
  -> MRR@20=0.203400  best=0.203800  (early_stop@14, trial=2.1min, avg=3.3min/trial, total=23.3min, ETA=23.3min)
[TRIAL_METRICS] cur_best_mrr20=0.203400 cur_best_hr10=0.365100 cur_test_mrr20=0.169200 cur_test_hr10=0.315700 avg_epoch_time_sec=8.9491 test_eval_time_sec=0.2889 test_eval_batches_per_sec=6.9232 test_eval_targets_per_sec=12326.7096 run_best_mrr20=0.203800 run_best_hr10=0.361800 run_test_mrr20=0.165800 run_test_hr10=0.315700

[8/14] MAX_ITEM_LIST_LENGTH=30, attn_dropout_prob=0.12, d_feat_emb=12, d_router_hidden=32, expert_scale=4, hidden_dropout_prob=0.14, learning_rate=0.0003965, route_consistency_lambda=0.0008, stage_feature_dropout_prob=0.1, weight_decay=5e-07, z_loss_lambda=0.0001
  -> MRR@20=0.199400  best=0.203800  (early_stop@24, trial=3.8min, avg=3.4min/trial, total=27.1min, ETA=20.3min)
[TRIAL_METRICS] cur_best_mrr20=0.199400 cur_best_hr10=0.356500 cur_test_mrr20=0.167400 cur_test_hr10=0.311400 avg_epoch_time_sec=9.4642 test_eval_time_sec=0.2947 test_eval_batches_per_sec=6.7865 test_eval_targets_per_sec=12083.4199 run_best_mrr20=0.203800 run_best_hr10=0.361800 run_test_mrr20=0.165800 run_test_hr10=0.315700

[9/14] MAX_ITEM_LIST_LENGTH=10, attn_dropout_prob=0.08, d_feat_emb=8, d_router_hidden=32, expert_scale=3, hidden_dropout_prob=0.16, learning_rate=0.0003147, route_consistency_lambda=0.0008, stage_feature_dropout_prob=0, weight_decay=1e-06, z_loss_lambda=0.0001
  -> MRR@20=0.200100  best=0.203800  (early_stop@41, trial=5.0min, avg=3.6min/trial, total=32.1min, ETA=17.8min)
[TRIAL_METRICS] cur_best_mrr20=0.200100 cur_best_hr10=0.365100 cur_test_mrr20=0.163900 cur_test_hr10=0.313700 avg_epoch_time_sec=7.2646 test_eval_time_sec=0.2376 test_eval_batches_per_sec=8.4159 test_eval_targets_per_sec=14984.4512 run_best_mrr20=0.203800 run_best_hr10=0.361800 run_test_mrr20=0.165800 run_test_hr10=0.315700

[10/14] MAX_ITEM_LIST_LENGTH=20, attn_dropout_prob=0.08, d_feat_emb=16, d_router_hidden=96, expert_scale=4, hidden_dropout_prob=0.15, learning_rate=0.000793, route_consistency_lambda=0.0008, stage_feature_dropout_prob=0, weight_decay=6e-07, z_loss_lambda=0.0002
  -> MRR@20=0.201900  best=0.203800  (early_stop@20, trial=2.9min, avg=3.5min/trial, total=34.9min, ETA=14.0min)
[TRIAL_METRICS] cur_best_mrr20=0.201900 cur_best_hr10=0.359100 cur_test_mrr20=0.167500 cur_test_hr10=0.314500 avg_epoch_time_sec=8.5189 test_eval_time_sec=0.2947 test_eval_batches_per_sec=6.7860 test_eval_targets_per_sec=12082.4228 run_best_mrr20=0.203800 run_best_hr10=0.361800 run_test_mrr20=0.165800 run_test_hr10=0.315700

[11/14] MAX_ITEM_LIST_LENGTH=30, attn_dropout_prob=0.08, d_feat_emb=12, d_router_hidden=32, expert_scale=4, hidden_dropout_prob=0.15, learning_rate=0.0006294, route_consistency_lambda=0.0005, stage_feature_dropout_prob=0.05, weight_decay=1e-06, z_loss_lambda=0.0002
  -> MRR@20=0.199500  best=0.203800  (early_stop@20, trial=3.2min, avg=3.5min/trial, total=38.1min, ETA=10.4min)
[TRIAL_METRICS] cur_best_mrr20=0.199500 cur_best_hr10=0.361000 cur_test_mrr20=0.166400 cur_test_hr10=0.320500 avg_epoch_time_sec=9.5271 test_eval_time_sec=0.3042 test_eval_batches_per_sec=6.5746 test_eval_targets_per_sec=11706.0527 run_best_mrr20=0.203800 run_best_hr10=0.361800 run_test_mrr20=0.165800 run_test_hr10=0.315700

[12/14] MAX_ITEM_LIST_LENGTH=20, attn_dropout_prob=0.08, d_feat_emb=8, d_router_hidden=32, expert_scale=4, hidden_dropout_prob=0.15, learning_rate=0.0006294, route_consistency_lambda=0.00025, stage_feature_dropout_prob=0, weight_decay=6e-07, z_loss_lambda=0.0002
  -> MRR@20=0.201100  best=0.203800  (early_stop@21, trial=3.1min, avg=3.4min/trial, total=41.3min, ETA=6.9min)
[TRIAL_METRICS] cur_best_mrr20=0.201100 cur_best_hr10=0.369600 cur_test_mrr20=0.164900 cur_test_hr10=0.317300 avg_epoch_time_sec=8.8413 test_eval_time_sec=0.2735 test_eval_batches_per_sec=7.3113 test_eval_targets_per_sec=13017.8190 run_best_mrr20=0.203800 run_best_hr10=0.361800 run_test_mrr20=0.165800 run_test_hr10=0.315700

[13/14] MAX_ITEM_LIST_LENGTH=30, attn_dropout_prob=0.12, d_feat_emb=16, d_router_hidden=32, expert_scale=2, hidden_dropout_prob=0.14, learning_rate=0.0006294, route_consistency_lambda=0.0005, stage_feature_dropout_prob=0.05, weight_decay=6e-07, z_loss_lambda=0.0002
  -> MRR@20=0.201000  best=0.203800  (early_stop@17, trial=2.3min, avg=3.4min/trial, total=43.6min, ETA=3.4min)
[TRIAL_METRICS] cur_best_mrr20=0.201000 cur_best_hr10=0.366300 cur_test_mrr20=0.170100 cur_test_hr10=0.318900 avg_epoch_time_sec=8.1486 test_eval_time_sec=0.2661 test_eval_batches_per_sec=7.5169 test_eval_targets_per_sec=13383.8335 run_best_mrr20=0.203800 run_best_hr10=0.361800 run_test_mrr20=0.165800 run_test_hr10=0.315700

[14/14] MAX_ITEM_LIST_LENGTH=10, attn_dropout_prob=0.12, d_feat_emb=8, d_router_hidden=64, expert_scale=3, hidden_dropout_prob=0.15, learning_rate=0.0003965, route_consistency_lambda=0.0008, stage_feature_dropout_prob=0.1, weight_decay=6e-07, z_loss_lambda=5e-05
  -> MRR@20=0.199300  best=0.203800  (early_stop@28, trial=3.5min, avg=3.4min/trial, total=47.1min, ETA=0s)
[TRIAL_METRICS] cur_best_mrr20=0.199300 cur_best_hr10=0.362900 cur_test_mrr20=0.165700 cur_test_hr10=0.319300 avg_epoch_time_sec=7.3737 test_eval_time_sec=0.2344 test_eval_batches_per_sec=8.5319 test_eval_targets_per_sec=15191.0966 run_best_mrr20=0.203800 run_best_hr10=0.361800 run_test_mrr20=0.165800 run_test_hr10=0.315700
[1;35mEvaluate   [0m:   0%|                                                            | 0/2 [00:00<?, ?it/s][0m[1;35mEvaluate   [0m:   0%|                                   | 0/2 [00:01<?, ?it/s, [1;33mGPU RAM: 9.95 G/23.56 G[0m][0m[1;35mEvaluate   [0m:  50%|█████████████▌             | 1/2 [00:01<00:01,  1.25s/it, [1;33mGPU RAM: 9.95 G/23.56 G[0m][0m[1;35mEvaluate   [0m:  50%|█████████████▌             | 1/2 [00:02<00:01,  1.25s/it, [1;33mGPU RAM: 9.95 G/23.56 G[0m][0m[1;35mEvaluate   [0m: 100%|███████████████████████████| 2/2 [00:02<00:00,  1.07s/it, [1;33mGPU RAM: 9.95 G/23.56 G[0m][0m                                                                                                    [1;35mEvaluate   [0m:   0%|                                                            | 0/2 [00:00<?, ?it/s][0m[1;35mEvaluate   [0m:   0%|                                   | 0/2 [00:01<?, ?it/s, [1;33mGPU RAM: 9.95 G/23.56 G[0m][0m[1;35mEvaluate   [0m:  50%|█████████████▌             | 1/2 [00:01<00:01,  1.23s/it, [1;33mGPU RAM: 9.95 G/23.56 G[0m][0m[1;35mEvaluate   [0m:  50%|█████████████▌             | 1/2 [00:02<00:01,  1.23s/it, [1;33mGPU RAM: 9.95 G/23.56 G[0m][0m[1;35mEvaluate   [0m: 100%|███████████████████████████| 2/2 [00:02<00:00,  1.06s/it, [1;33mGPU RAM: 9.95 G/23.56 G[0m][0m                                                                                                    [1;35mEvaluate   [0m:   0%|                                                            | 0/2 [00:00<?, ?it/s][0m[1;35mEvaluate   [0m:   0%|                                   | 0/2 [00:01<?, ?it/s, [1;33mGPU RAM: 9.95 G/23.56 G[0m][0m[1;35mEvaluate   [0m:  50%|█████████████▌             | 1/2 [00:01<00:01,  1.23s/it, [1;33mGPU RAM: 9.95 G/23.56 G[0m][0m[1;35mEvaluate   [0m:  50%|█████████████▌             | 1/2 [00:02<00:01,  1.23s/it, [1;33mGPU RAM: 9.95 G/23.56 G[0m][0m[1;35mEvaluate   [0m: 100%|███████████████████████████| 2/2 [00:02<00:00,  1.08s/it, [1;33mGPU RAM: 9.95 G/23.56 G[0m][0m                                                                                                    
=================================================================
  DONE  |  FeaturedMoE_N3 x foursquare
  Best MRR@20 = 0.203800  |  14/14 trials OK
  Best HR@10  = 0.361800
  Test MRR@20 = 0.165800  (best-valid checkpoint)
  Test HR@10  = 0.315700  (best-valid checkpoint)
  Avg epoch time = 8.582 sec/epoch
  Final test eval = 0.273 sec | batches/s=7.323 | targets/s=13038.422
[RUN_METRICS] best_valid_mrr20=0.203800 best_valid_hr10=0.361800 test_mrr20=0.165800 test_hr10=0.315700 avg_epoch_time_sec=8.5824 test_eval_time_sec=0.2731 test_eval_batches_per_sec=7.3229 test_eval_targets_per_sec=13038.4220
  Total time: 47.2 min
  Best params:
    MAX_ITEM_LIST_LENGTH: 20
    attn_dropout_prob: 0.08
    d_feat_emb: 12
    d_router_hidden: 32
    expert_scale: 4
    hidden_dropout_prob: 0.14
    learning_rate: 0.00031471
    route_consistency_lambda: 0.0005
    stage_feature_dropout_prob: 0
    weight_decay: 6e-07
    z_loss_lambda: 0.0002
  Results -> /workspace/FeaturedMoE/experiments/run/artifacts/results/final_experiment/foursquare_FeaturedMoE_N3_s2_foursquare_featured_moe_n3_r02_20260418_112650_080285_pid127659.json
  Normal mirror -> /workspace/FeaturedMoE/experiments/run/artifacts/results/final_experiment/normal/stage2_focus_search/S2/foursquare/FMoEN3/foursquare_FeaturedMoE_N3_s2_foursquare_featured_moe_n3_r02_20260418_112650_080285_pid127659.json
  Special result -> /workspace/FeaturedMoE/experiments/run/artifacts/results/final_experiment/special/stage2_focus_search/S2/foursquare/FMoEN3/foursquare_FeaturedMoE_N3_s2_foursquare_featured_moe_n3_r02_20260418_112650_080285_pid127659_special_metrics.json
  Special log -> /workspace/FeaturedMoE/experiments/run/artifacts/logs/final_experiment/special/stage2_focus_search/S2/foursquare/FMoEN3/foursquare_FeaturedMoE_N3_s2_foursquare_featured_moe_n3_r02_20260418_112650_080285_pid127659_special_metrics.json
=================================================================

[RUN_STATUS] END status=normal pid=127659 start=2026-04-18T11:26:49 end=2026-04-18T12:14:04
