# job_id=lastfm_featured_moe_n3  dataset=lastfm  model=featured_moe_n3
# cmd=/venv/FMoE/bin/python hyperopt_tune.py --config-name config --search-algo tpe --max-evals 5 --tune-epochs 100 --tune-patience 10 --seed 42 --run-group cikm --run-axis cikm_resume_safe_parallel --run-phase P0_RESUME model=featured_moe_n3_tune dataset=lastfm eval_mode=session_fixed feature_mode=final ++dataset_root=/workspace/FeaturedMoE/Datasets/processed ++data_path=/workspace/FeaturedMoE/Datasets/processed/final_dataset ++exclude_unseen_target_from_main_eval=true ++log_unseen_target_metrics=true gpu_id=3 log_wandb=false show_progress=false ++seed=42 ++eval_sampling.mode=auto ++eval_sampling.auto_full_threshold=100000 ++eval_sampling.sample_num=1000 ++dataset=lastfm ++MAX_ITEM_LIST_LENGTH=10 ++hidden_dropout_prob=0.1 ++search.hidden_dropout_prob=0.1 ++attn_dropout_prob=0.1 ++search.attn_dropout_prob=0.1 ++search.learning_rate=[0.0002,0.0004,0.0008,0.0012,0.002] ++search_space_type_overrides.learning_rate=loguniform ++search.weight_decay=[0,1e-06,5e-06,1e-05] ++search_space_type_overrides.weight_decay=loguniform_zero max_evals=1 tune_epochs=100 tune_patience=10 oom_retry_limit=5 train_batch_size=1024 eval_batch_size=256 enable_data_cache=false enable_disk_data_cache=false in_memory_data_cache=false cache_dataloaders=false ++MAX_ITEM_LIST_LENGTH=10 ++eval_sampling.mode=auto ++eval_sampling.auto_full_threshold=100000 ++eval_sampling.sample_num=1000 ++log_unseen_target_metrics=false

/workspace/FeaturedMoE/experiments/recbole_patch.py:98: FutureWarning: In the future `np.object` will be defined as the corresponding NumPy scalar.
  if not hasattr(np, _k):
/workspace/FeaturedMoE/experiments/recbole_patch.py:98: FutureWarning: In the future `np.str` will be defined as the corresponding NumPy scalar.
  if not hasattr(np, _k):
[RUN_STATUS] START pid=730096 ts=2026-05-09T15:48:09

=================================================================
  Hyperopt  |  FeaturedMoE_N3 x lastfm
  max_evals=1  epochs=100  patience=10  wandb=off
  search_algo=tpe
  oom_retry_limit=5  (halve train/eval batch size on OOM)
  batch_size(train/valid/test)=1024/256/256
  track=cikm  axis=cikm_resume_safe_parallel  phase=P0_RESUME
=================================================================
Changed knobs: learning_rate, weight_decay
Tuned params(len>1): 2  (~1 discrete combos)
Tuned groups: 2
  [optimization]
    learning_rate                   [0.0002, 0.0004, 0.0008, 0.0012, 0.002]   -> loguniform
    weight_decay                    [0, 1e-06, 5e-06, 1e-05]                  -> loguniform_zero
Fixed params(singleton/non-list): 2
Fixed groups: 2
  [optimization]
    hidden_dropout_prob             0.1                                     
  [model_core]
    attn_dropout_prob               0.1                                     

[Wandb] disabled for this hyperopt run

[1/1] learning_rate=0.000834, weight_decay=0
