# job_id=lastfm_duorec  dataset=lastfm  model=duorec
# cmd=/venv/FMoE/bin/python hyperopt_tune.py --config-name tune_lfm_cikm --search-algo tpe --max-evals 1 --tune-epochs 100 --tune-patience 10 --seed 42 --run-group cikm --run-axis cikm_resume_safe_parallel --run-phase P0_RESUME model=duorec dataset=lastfm eval_mode=session_fixed feature_mode=final ++dataset_root=/workspace/FeaturedMoE/Datasets/processed ++data_path=/workspace/FeaturedMoE/Datasets/processed/final_dataset ++exclude_unseen_target_from_main_eval=true ++log_unseen_target_metrics=true gpu_id=0 log_wandb=false show_progress=false ++seed=42 ++eval_sampling.mode=auto ++eval_sampling.auto_full_threshold=100000 ++eval_sampling.sample_num=1000 ++MAX_ITEM_LIST_LENGTH=30 ++hidden_dropout_prob=0.15 ++search.hidden_dropout_prob=0.15 ++attn_dropout_prob=0.12 ++search.attn_dropout_prob=0.12 ++tau=0.2 ++search.tau=0.2 ++lmd=0.04 ++search.lmd=0.04 ++lmd_sem=0.0 ++search.lmd_sem=0.0 ++n_layers=1 ++search.n_layers=1 ++n_heads=1 ++search.n_heads=1 ++search.learning_rate=[0.0002,0.0004,0.0006,0.001,0.0015] ++search_space_type_overrides.learning_rate=loguniform ++search.weight_decay=[0,5e-05,0.0001] ++search_space_type_overrides.weight_decay=loguniform_zero max_evals=1 tune_epochs=100 tune_patience=10 oom_retry_limit=5 train_batch_size=1024 eval_batch_size=256 enable_data_cache=true enable_disk_data_cache=true enable_session_split_cache=true in_memory_data_cache=false cache_dataloaders=false save_dataloaders=false large_dataset_cache_anchor_len=10 ++MAX_ITEM_LIST_LENGTH=10 ++eval_sampling.mode=auto ++eval_sampling.auto_full_threshold=100000 ++eval_sampling.sample_num=1000 ++log_unseen_target_metrics=false ++data_path=/workspace/FeaturedMoE/Datasets/processed/final_dataset_light data_cache_dir=/workspace/FeaturedMoE/experiments/saved/recbole_cache/cikm_light_noitem load_col.item=[]

/workspace/FeaturedMoE/experiments/recbole_patch.py:98: FutureWarning: In the future `np.object` will be defined as the corresponding NumPy scalar.
  if not hasattr(np, _k):
/workspace/FeaturedMoE/experiments/recbole_patch.py:98: FutureWarning: In the future `np.str` will be defined as the corresponding NumPy scalar.
  if not hasattr(np, _k):
[RUN_STATUS] START pid=764176 ts=2026-05-10T02:42:57

=================================================================
  Hyperopt  |  DuoRec x lastfm
  max_evals=1  epochs=100  patience=10  wandb=off
  search_algo=tpe
  oom_retry_limit=5  (halve train/eval batch size on OOM)
  batch_size(train/valid/test)=1024/256/256
  track=cikm  axis=cikm_resume_safe_parallel  phase=P0_RESUME
=================================================================
Changed knobs: learning_rate, weight_decay
Tuned params(len>1): 2  (~1 discrete combos)
Tuned groups: 2
  [optimization]
    learning_rate                   [0.0002, 0.0004, 0.0006, 0.001, 0.0015]   -> loguniform
    weight_decay                    [0, 5e-05, 0.0001]                        -> loguniform_zero
Fixed params(singleton/non-list): 7
Fixed groups: 7
  [optimization]
    hidden_dropout_prob             0.15                                    
  [model_core]
    attn_dropout_prob               0.12                                    
  [other]
    lmd                             0.04                                    
    lmd_sem                         0.0                                     
    n_heads                         1                                       
    n_layers                        1                                       
    tau                             0.2                                     

[Wandb] disabled for this hyperopt run

[1/1] learning_rate=0.0006977, weight_decay=0
  -> MRR@20=0.441100  best=0.441100  (early_stop@13, trial=7.26h, avg=7.29h/trial, total=7.29h, ETA=0s)
[TRIAL_METRICS] cur_best_mrr20=0.441100 cur_best_hr10=0.526800 cur_test_mrr20=0.444100 cur_test_hr10=0.527600 avg_epoch_time_sec=2009.7614 test_eval_time_sec=6.0933 test_eval_batches_per_sec=58.0963 test_eval_targets_per_sec=14843.7761 run_best_mrr20=0.441100 run_best_hr10=0.526800 run_test_mrr20=0.444100 run_test_hr10=0.527600

=================================================================
  DONE  |  DuoRec x lastfm
  Best MRR@20 = 0.441100  |  1/1 trials OK
  Best HR@10  = 0.526800
  Test MRR@20 = 0.444100  (best-valid checkpoint)
  Test HR@10  = 0.527600  (best-valid checkpoint)
  Avg epoch time = 2009.761 sec/epoch
  Final test eval = 6.093 sec | batches/s=58.096 | targets/s=14843.776
[RUN_METRICS] best_valid_mrr20=0.441100 best_valid_hr10=0.526800 test_mrr20=0.444100 test_hr10=0.527600 avg_epoch_time_sec=2009.7614 test_eval_time_sec=6.0933 test_eval_batches_per_sec=58.0963 test_eval_targets_per_sec=14843.7761
  Total time: 437.6 min
  Best params:
    learning_rate: 0.000697705
    weight_decay: 0
  Results -> /workspace/FeaturedMoE/experiments/run/artifacts/results/cikm/lastfm_DuoRec_p0_resume_20260510_024258_045159_pid764176.json
  Normal mirror -> /workspace/FeaturedMoE/experiments/run/artifacts/results/cikm/normal/cikm_resume_safe_parallel/P0/lastfm/DuoRec/lastfm_DuoRec_p0_resume_20260510_024258_045159_pid764176.json
  Special result -> /workspace/FeaturedMoE/experiments/run/artifacts/results/cikm/special/cikm_resume_safe_parallel/P0/lastfm/DuoRec/lastfm_DuoRec_p0_resume_20260510_024258_045159_pid764176_special_metrics.json
  Special log -> /workspace/FeaturedMoE/experiments/run/artifacts/logs/cikm/special/cikm_resume_safe_parallel/P0/lastfm/DuoRec/lastfm_DuoRec_p0_resume_20260510_024258_045159_pid764176_special_metrics.json
=================================================================

[RUN_STATUS] END status=normal pid=764176 start=2026-05-10T02:42:57 end=2026-05-10T10:00:31
