[STAGEI_PROGRESSIVE_RECOVERY_ANCHOR2_CORE5_SETTING_HEADER]
run_phase=P24_S2_I1S2_D04_MFAME_C03_I1S2_FAME_MOE_SHALLOW_STABLE_DEPTH_S1 run_id=I1S2_AMAZON_BEAUTY_FAME_I1S2_FAME_MOE_SHALLOW_STABLE_DEPTH_S1 phase_id=P24 axis_id=SI step_name=step2 pass_name=pass1 model=FAME candidate_id=I1S2_FAME_MOE_SHALLOW_STABLE_DEPTH seed=1
dataset=amazon_beauty gpu=4 candidate_source=root_cause_hypothesis source_stage=step2_hypothesis_bank anchor_run_id=SC_AMAZON_BEAUTY_FAME_C7_D3_S1 hypothesis_family=moe_shallow_stable root_cause_tag=fame_degenerate_short_high_lr batch_profile=step2:pass1:bs768/1024
max_evals=10 tune_epochs=100 tune_patience=5
seed=240074

[COMMAND]
- /venv/FMoE/bin/python hyperopt_tune.py --config-name tune_ab --max-evals 10 --tune-epochs 100 --tune-patience 5 --seed 240074 --run-group baseline --run-axis StageI_ProgressiveRecovery_anchor2_core5 --run-phase P24_S2_I1S2_D04_MFAME_C03_I1S2_FAME_MOE_SHALLOW_STABLE_DEPTH_S1 model=fame dataset=amazon_beauty eval_mode=session_fixed feature_mode=full_v3 gpu_id=4 log_wandb=false show_progress=false ++special_logging=true ++seed=240074 ++search={learning_rate:[0.0018210093387792724,0.004040999698377802]} ++search_space_type_overrides={learning_rate:"loguniform"} ++weight_decay=0.00012 ++search.weight_decay=[0.00012] ++search_space_type_overrides.weight_decay=choice ++search.n_layers=[3] ++search_space_type_overrides.n_layers=choice ++search.num_layers=[3] ++search_space_type_overrides.num_layers=choice ++search.n_heads=[4] ++search_space_type_overrides.n_heads=choice ++search.num_heads=[4] ++search_space_type_overrides.num_heads=choice ++search.dropout_ratio=[0.12] ++search_space_type_overrides.dropout_ratio=choice ++search.dropout_prob=[0.12] ++search_space_type_overrides.dropout_prob=choice ++search.hidden_dropout_prob=[0.12] ++search_space_type_overrides.hidden_dropout_prob=choice ++search.attn_dropout_prob=[0.12] ++search_space_type_overrides.attn_dropout_prob=choice ++search.hidden_size=[128] ++search_space_type_overrides.hidden_size=choice ++search.embedding_size=[128] ++search_space_type_overrides.embedding_size=choice ++search.inner_size=[256] ++search_space_type_overrides.inner_size=choice ++search.time_span=[384] ++search_space_type_overrides.time_span=choice ++search.num_experts=[2] ++search_space_type_overrides.num_experts=choice ++search.state_size=[24] ++search_space_type_overrides.state_size=choice ++search.conv_kernel=[6] ++search_space_type_overrides.conv_kernel=choice ++search.remaining_ratio=[0.6] ++search_space_type_overrides.remaining_ratio=choice ++search.MAX_ITEM_LIST_LENGTH=[14] ++search_space_type_overrides.MAX_ITEM_LIST_LENGTH=choice ++dropout_ratio=0.12 ++num_experts=2 ++fame_moe_last_k_layers=1 ++train_batch_size=768 ++eval_batch_size=1024 ++hidden_size=128 ++embedding_size=128 ++MAX_ITEM_LIST_LENGTH=14 ++num_layers=3 ++n_layers=3 ++num_heads=4 ++n_heads=4 ++inner_size=256 ++num_experts=2
/venv/FMoE/lib/python3.10/site-packages/ray/_private/parameter.py:4: UserWarning: pkg_resources is deprecated as an API. See https://setuptools.pypa.io/en/latest/pkg_resources.html. The pkg_resources package is slated for removal as early as 2025-11-30. Refrain from using this package or pin to Setuptools<81.
  import pkg_resources
[RUN_STATUS] START pid=359659 ts=2026-04-13T03:07:26

=================================================================
  Hyperopt TPE  |  FAME x amazon_beauty
  max_evals=10  epochs=100  patience=5  wandb=off
  batch_size(train/valid/test)=768/1024/1024
  track=baseline  axis=stagei_progressiverecovery_anchor2_core5  phase=P24_S2_I1S2_D04_MFAME_C03_I1S2_FAME_MOE_SHALLOW_STABLE_DEPTH_S1
=================================================================
Changed knobs: learning_rate
Tuned params(len>1): 1  (~1 discrete combos)
Tuned groups: 1
  [optimization]
    learning_rate                   [0.0018210093387792724, 0.004040999698377802]  -> loguniform
Fixed params(singleton/non-list): 18
Fixed groups: 18
  [optimization]
    hidden_dropout_prob             0.12                                    
    weight_decay                    0.00012                                 
  [model_core]
    attn_dropout_prob               0.12                                    
    dropout_prob                    0.12                                    
    dropout_ratio                   0.12                                    
    embedding_size                  128                                     
    hidden_size                     128                                     
    inner_size                      256                                     
    num_heads                       4                                       
    num_layers                      3                                       
  [other]
    MAX_ITEM_LIST_LENGTH            14                                      
    conv_kernel                     6                                       
    n_heads                         4                                       
    n_layers                        3                                       
    num_experts                     2                                       
    remaining_ratio                 0.6                                     
    state_size                      24                                      
    time_span                       384                                     

[Wandb] disabled for this hyperopt run

[1/10] learning_rate=0.003471
  -> MRR@20=0.002100  best=0.002100  (early_stop@6, trial=2s, avg=4s/trial, total=4s, ETA=36s)
[TRIAL_METRICS] cur_best_mrr20=0.002100 cur_best_hr10=0.008800 cur_test_mrr20=0.003900 cur_test_hr10=0.017500 run_best_mrr20=0.002100 run_best_hr10=0.008800 run_test_mrr20=0.003900 run_test_hr10=0.017500

[2/10] learning_rate=0.002666
  -> MRR@20=0.002200  best=0.002200  (early_stop@6, trial=2s, avg=3s/trial, total=6s, ETA=26s)
[TRIAL_METRICS] cur_best_mrr20=0.002200 cur_best_hr10=0.000000 cur_test_mrr20=0.002900 cur_test_hr10=0.017500 run_best_mrr20=0.002200 run_best_hr10=0.000000 run_test_mrr20=0.002900 run_test_hr10=0.017500

[3/10] learning_rate=0.003837
  -> MRR@20=0.002200  best=0.002200  (early_stop@6, trial=2s, avg=3s/trial, total=9s, ETA=21s)
[TRIAL_METRICS] cur_best_mrr20=0.002200 cur_best_hr10=0.008800 cur_test_mrr20=0.004200 cur_test_hr10=0.017500 run_best_mrr20=0.002200 run_best_hr10=0.008800 run_test_mrr20=0.004200 run_test_hr10=0.017500

[4/10] learning_rate=0.00298
  -> MRR@20=0.002200  best=0.002200  (early_stop@6, trial=2s, avg=3s/trial, total=11s, ETA=17s)
[TRIAL_METRICS] cur_best_mrr20=0.002200 cur_best_hr10=0.017700 cur_test_mrr20=0.004600 cur_test_hr10=0.026300 run_best_mrr20=0.002200 run_best_hr10=0.017700 run_test_mrr20=0.004600 run_test_hr10=0.026300

[5/10] learning_rate=0.002605
  -> MRR@20=0.002100  best=0.002200  (early_stop@6, trial=2s, avg=3s/trial, total=13s, ETA=13s)
[TRIAL_METRICS] cur_best_mrr20=0.002100 cur_best_hr10=0.000000 cur_test_mrr20=0.003100 cur_test_hr10=0.017500 run_best_mrr20=0.002200 run_best_hr10=0.000000 run_test_mrr20=0.002900 run_test_hr10=0.017500

[6/10] learning_rate=0.003074
  -> MRR@20=0.002200  best=0.002200  (early_stop@6, trial=1s, avg=2s/trial, total=14s, ETA=10s)
[TRIAL_METRICS] cur_best_mrr20=0.002200 cur_best_hr10=0.017700 cur_test_mrr20=0.004200 cur_test_hr10=0.026300 run_best_mrr20=0.002200 run_best_hr10=0.017700 run_test_mrr20=0.004200 run_test_hr10=0.026300

[7/10] learning_rate=0.001915
  -> MRR@20=0.002600  best=0.002600  (early_stop@8, trial=2s, avg=2s/trial, total=17s, ETA=7s)
[TRIAL_METRICS] cur_best_mrr20=0.002600 cur_best_hr10=0.017700 cur_test_mrr20=0.001300 cur_test_hr10=0.008800 run_best_mrr20=0.002600 run_best_hr10=0.017700 run_test_mrr20=0.001300 run_test_hr10=0.008800

[8/10] learning_rate=0.002903
  -> MRR@20=0.002000  best=0.002600  (early_stop@6, trial=2s, avg=2s/trial, total=19s, ETA=5s)
[TRIAL_METRICS] cur_best_mrr20=0.002000 cur_best_hr10=0.017700 cur_test_mrr20=0.004100 cur_test_hr10=0.026300 run_best_mrr20=0.002600 run_best_hr10=0.017700 run_test_mrr20=0.001300 run_test_hr10=0.008800

[9/10] learning_rate=0.003602
  -> MRR@20=0.002000  best=0.002600  (early_stop@6, trial=2s, avg=2s/trial, total=21s, ETA=2s)
[TRIAL_METRICS] cur_best_mrr20=0.002000 cur_best_hr10=0.008800 cur_test_mrr20=0.003300 cur_test_hr10=0.017500 run_best_mrr20=0.002600 run_best_hr10=0.017700 run_test_mrr20=0.001300 run_test_hr10=0.008800

[10/10] learning_rate=0.003132
  -> MRR@20=0.002200  best=0.002600  (early_stop@6, trial=2s, avg=2s/trial, total=24s, ETA=0s)
[TRIAL_METRICS] cur_best_mrr20=0.002200 cur_best_hr10=0.017700 cur_test_mrr20=0.004300 cur_test_hr10=0.026300 run_best_mrr20=0.002600 run_best_hr10=0.017700 run_test_mrr20=0.001300 run_test_hr10=0.008800

=================================================================
  DONE  |  FAME x amazon_beauty
  Best MRR@20 = 0.002600  |  10/10 trials OK
  Best HR@10  = 0.017700
  Test MRR@20 = 0.001300  (best-valid checkpoint)
  Test HR@10  = 0.008800  (best-valid checkpoint)
[RUN_METRICS] best_valid_mrr20=0.002600 best_valid_hr10=0.017700 test_mrr20=0.001300 test_hr10=0.008800
  Total time: 0.4 min
  Best params:
    learning_rate: 0.00191457
  Results -> /workspace/FeaturedMoE/experiments/run/artifacts/results/baseline/amazon_beauty_FAME_p24_s2_i1s2_d04_mfame_c03_i1s2_fame_moe_shallow_stable_depth_s1_20260413_030726_258761_pid359659.json
  Normal mirror -> /workspace/FeaturedMoE/experiments/run/artifacts/results/baseline/normal/stagei_progressiverecovery_anchor2_core5/P24/amazon_beauty/FAME/amazon_beauty_FAME_p24_s2_i1s2_d04_mfame_c03_i1s2_fame_moe_shallow_stable_depth_s1_20260413_030726_258761_pid359659.json
  Special result -> /workspace/FeaturedMoE/experiments/run/artifacts/results/baseline/special/stagei_progressiverecovery_anchor2_core5/P24/amazon_beauty/FAME/amazon_beauty_FAME_p24_s2_i1s2_d04_mfame_c03_i1s2_fame_moe_shallow_stable_depth_s1_20260413_030726_258761_pid359659_special_metrics.json
  Special log -> /workspace/FeaturedMoE/experiments/run/artifacts/logs/baseline/special/stagei_progressiverecovery_anchor2_core5/P24/amazon_beauty/FAME/amazon_beauty_FAME_p24_s2_i1s2_d04_mfame_c03_i1s2_fame_moe_shallow_stable_depth_s1_20260413_030726_258761_pid359659_special_metrics.json
=================================================================

[RUN_STATUS] END status=normal pid=359659 start=2026-04-13T03:07:26 end=2026-04-13T03:07:50
