[RUN_STATUS] START pid=391247 ts=2026-03-08T22:04:28

=================================================================
  Hyperopt TPE  |  FeaturedMoE_v2 x retail_rocket
  max_evals=15  epochs=50  patience=10  wandb=off
  batch_size(train/valid/test)=4096/8192/8192
  track=fmoe_v2  axis=hparam  phase=P2RRF_L16_G4_C08_E160_F24_H256_R96_B4096
=================================================================
Changed knobs: balance_loss_lambda, hidden_dropout_prob, learning_rate, weight_decay
Tuned params(len>1): 4  (~1 discrete combos)
Tuned groups: 4
  [optimization]
    balance_loss_lambda             [0.003, 0.006, 0.01, 0.02]                -> loguniform
    hidden_dropout_prob             [0.08, 0.1, 0.12]                         -> uniform
    learning_rate                   [0.00025, 0.00035, 0.0005, 0.00065, 0.0008, 0.00095, 0.00115]  -> loguniform
    weight_decay                    [0, 5e-06, 1e-05, 2.5e-05, 5e-05, 0.0001]  -> loguniform_zero
Fixed params(singleton/non-list): 31
Fixed groups: 31
  [model_core]
    d_expert_hidden                 256                                     
    d_feat_emb                      24                                      
    d_router_hidden                 96                                      
    embedding_size                  160                                     
    expert_scale                    3                                       
    num_heads                       8                                       
  [layout]
    fmoe_v2_layout_id               16                                      
  [routing_moe]
    micro_router_temperature_start  1.3                                     
    mid_router_temperature_start    1.3                                     
    moe_top_k                       0                                       
    moe_top_k_policy                auto                                    
    moe_top_k_ratio                 0.5                                     
    moe_top_k_start                 0                                       
    moe_top_k_warmup_until          0                                       
    router_impl                     learned                                 
    router_impl_by_stage            {}                                      
    rule_router.feature_per_expert  4                                       
    rule_router.n_bins              5                                       
  [schedule]
    alpha_warmup_end                1.0                                     
    alpha_warmup_start              0.0                                     
    alpha_warmup_until              0                                       
    fmoe_schedule_enable            False                                   
    temperature_warmup_until        0                                       
  [merge_hir]
    fmoe_v2_parallel_stage_gate_temperature  1.0                                     
    fmoe_v2_parallel_stage_gate_top_k  0                                       
    fmoe_v2_stage_merge_aux_enable  False                                   
    fmoe_v2_stage_merge_aux_lambda_scale  1.0                                     
  [other]
    MAX_ITEM_LIST_LENGTH            10                                      
    fmoe_stage_execution_mode       serial                                  
    fmoe_v2_feature_spec_aux_enable  False                                   
    fmoe_v2_feature_spec_aux_lambda  0.0                                     
Layout details:
  execution(fixed)=serial
  id=16 exec=serial pre=1 post=0 total_layers=5 total_moe=2 | macro(pass=0,moe=1) | mid(pass=1,moe=1) | micro(pass=1,moe=0)

[Wandb] disabled for this hyperopt run

[1/15] balance_loss_lambda=0.0115, hidden_dropout_prob=0.1024, learning_rate=0.0006725, weight_decay=8.371e-05
    [Device] CUDA_VISIBLE_DEVICES=4 | torch_device=cuda:0 (NVIDIA RTX A5000)
    [DataCache] save_dataset=True save_dataloaders=False | checkpoint_dir=saved/recbole_cache/retail_rocket_feature_added_session_len10 | dataloaders_save_path=saved/recbole_cache/retail_rocket_feature_added_session_len10/retail_rocket-for-dataloader.pth
    [DataPrep] cache_hit=disk_or_build, create_dataset=0.47s, data_preparation=1.22s, n_items=90212
  -> MRR@20=0.2694  best=0.2694  (early_stop@29, trial=11.3min, avg=11.3min/trial, total=11.3min, ETA=2.65h)

[2/15] balance_loss_lambda=0.006477, hidden_dropout_prob=0.112, learning_rate=0.0002551, weight_decay=3.169e-05
    [Device] CUDA_VISIBLE_DEVICES=4 | torch_device=cuda:0 (NVIDIA RTX A5000)
    [DataCache] save_dataset=True save_dataloaders=False | checkpoint_dir=saved/recbole_cache/retail_rocket_feature_added_session_len10 | dataloaders_save_path=saved/recbole_cache/retail_rocket_feature_added_session_len10/retail_rocket-for-dataloader.pth
    [DataPrep] cache_hit=memory, create_dataset=0.00s, data_preparation=0.00s, n_items=90212
  -> MRR@20=0.2676  best=0.2694  (early_stop@46, trial=17.9min, avg=14.6min/trial, total=29.2min, ETA=3.17h)

[3/15] balance_loss_lambda=0.007584, hidden_dropout_prob=0.1053, learning_rate=0.0003508, weight_decay=0
    [Device] CUDA_VISIBLE_DEVICES=4 | torch_device=cuda:0 (NVIDIA RTX A5000)
    [DataCache] save_dataset=True save_dataloaders=False | checkpoint_dir=saved/recbole_cache/retail_rocket_feature_added_session_len10 | dataloaders_save_path=saved/recbole_cache/retail_rocket_feature_added_session_len10/retail_rocket-for-dataloader.pth
    [DataPrep] cache_hit=memory, create_dataset=0.00s, data_preparation=0.00s, n_items=90212
  -> MRR@20=0.2654  best=0.2694  (early_stop@37, trial=14.5min, avg=14.6min/trial, total=43.8min, ETA=2.92h)

[4/15] balance_loss_lambda=0.006915, hidden_dropout_prob=0.0944, learning_rate=0.0007294, weight_decay=0
    [Device] CUDA_VISIBLE_DEVICES=4 | torch_device=cuda:0 (NVIDIA RTX A5000)
    [DataCache] save_dataset=True save_dataloaders=False | checkpoint_dir=saved/recbole_cache/retail_rocket_feature_added_session_len10 | dataloaders_save_path=saved/recbole_cache/retail_rocket_feature_added_session_len10/retail_rocket-for-dataloader.pth
    [DataPrep] cache_hit=memory, create_dataset=0.00s, data_preparation=0.00s, n_items=90212
  -> MRR@20=0.2640  best=0.2694  (early_stop@21, trial=8.2min, avg=13.0min/trial, total=52.0min, ETA=2.38h)

[5/15] balance_loss_lambda=0.01617, hidden_dropout_prob=0.1065, learning_rate=0.0002666, weight_decay=0
    [Device] CUDA_VISIBLE_DEVICES=4 | torch_device=cuda:0 (NVIDIA RTX A5000)
    [DataCache] save_dataset=True save_dataloaders=False | checkpoint_dir=saved/recbole_cache/retail_rocket_feature_added_session_len10 | dataloaders_save_path=saved/recbole_cache/retail_rocket_feature_added_session_len10/retail_rocket-for-dataloader.pth
    [DataPrep] cache_hit=memory, create_dataset=0.00s, data_preparation=0.00s, n_items=90212
  -> MRR@20=0.2649  best=0.2694  (early_stop@39, trial=15.3min, avg=13.5min/trial, total=1.12h, ETA=2.24h)

[6/15] balance_loss_lambda=0.004233, hidden_dropout_prob=0.08814, learning_rate=0.0003565, weight_decay=5.187e-06
    [Device] CUDA_VISIBLE_DEVICES=4 | torch_device=cuda:0 (NVIDIA RTX A5000)
    [DataCache] save_dataset=True save_dataloaders=False | checkpoint_dir=saved/recbole_cache/retail_rocket_feature_added_session_len10 | dataloaders_save_path=saved/recbole_cache/retail_rocket_feature_added_session_len10/retail_rocket-for-dataloader.pth
    [DataPrep] cache_hit=memory, create_dataset=0.00s, data_preparation=0.00s, n_items=90212
  -> MRR@20=0.2647  best=0.2694  (early_stop@33, trial=12.9min, avg=13.4min/trial, total=1.34h, ETA=2.01h)

[7/15] balance_loss_lambda=0.006745, hidden_dropout_prob=0.0808, learning_rate=0.0003222, weight_decay=4.344e-05
    [Device] CUDA_VISIBLE_DEVICES=4 | torch_device=cuda:0 (NVIDIA RTX A5000)
    [DataCache] save_dataset=True save_dataloaders=False | checkpoint_dir=saved/recbole_cache/retail_rocket_feature_added_session_len10 | dataloaders_save_path=saved/recbole_cache/retail_rocket_feature_added_session_len10/retail_rocket-for-dataloader.pth
    [DataPrep] cache_hit=memory, create_dataset=0.00s, data_preparation=0.00s, n_items=90212
  -> MRR@20=0.2677  best=0.2694  (early_stop@44, trial=17.1min, avg=13.9min/trial, total=1.62h, ETA=1.85h)

[8/15] balance_loss_lambda=0.01561, hidden_dropout_prob=0.1045, learning_rate=0.0008759, weight_decay=7.214e-06
    [Device] CUDA_VISIBLE_DEVICES=4 | torch_device=cuda:0 (NVIDIA RTX A5000)
    [DataCache] save_dataset=True save_dataloaders=False | checkpoint_dir=saved/recbole_cache/retail_rocket_feature_added_session_len10 | dataloaders_save_path=saved/recbole_cache/retail_rocket_feature_added_session_len10/retail_rocket-for-dataloader.pth
    [DataPrep] cache_hit=memory, create_dataset=0.00s, data_preparation=0.00s, n_items=90212
  -> MRR@20=0.2647  best=0.2694  (early_stop@20, trial=7.8min, avg=13.1min/trial, total=1.75h, ETA=1.53h)

[9/15] balance_loss_lambda=0.004872, hidden_dropout_prob=0.08129, learning_rate=0.0005765, weight_decay=0
    [Device] CUDA_VISIBLE_DEVICES=4 | torch_device=cuda:0 (NVIDIA RTX A5000)
    [DataCache] save_dataset=True save_dataloaders=False | checkpoint_dir=saved/recbole_cache/retail_rocket_feature_added_session_len10 | dataloaders_save_path=saved/recbole_cache/retail_rocket_feature_added_session_len10/retail_rocket-for-dataloader.pth
    [DataPrep] cache_hit=memory, create_dataset=0.00s, data_preparation=0.00s, n_items=90212
  -> MRR@20=0.2645  best=0.2694  (early_stop@24, trial=9.4min, avg=12.7min/trial, total=1.91h, ETA=1.27h)

[10/15] balance_loss_lambda=0.004607, hidden_dropout_prob=0.08752, learning_rate=0.0002509, weight_decay=0
    [Device] CUDA_VISIBLE_DEVICES=4 | torch_device=cuda:0 (NVIDIA RTX A5000)
    [DataCache] save_dataset=True save_dataloaders=False | checkpoint_dir=saved/recbole_cache/retail_rocket_feature_added_session_len10 | dataloaders_save_path=saved/recbole_cache/retail_rocket_feature_added_session_len10/retail_rocket-for-dataloader.pth
    [DataPrep] cache_hit=memory, create_dataset=0.00s, data_preparation=0.00s, n_items=90212
  -> MRR@20=0.2644  best=0.2694  (early_stop@39, trial=15.2min, avg=13.0min/trial, total=2.16h, ETA=1.08h)

[11/15] balance_loss_lambda=0.004454, hidden_dropout_prob=0.09293, learning_rate=0.0002968, weight_decay=0
    [Device] CUDA_VISIBLE_DEVICES=4 | torch_device=cuda:0 (NVIDIA RTX A5000)
    [DataCache] save_dataset=True save_dataloaders=False | checkpoint_dir=saved/recbole_cache/retail_rocket_feature_added_session_len10 | dataloaders_save_path=saved/recbole_cache/retail_rocket_feature_added_session_len10/retail_rocket-for-dataloader.pth
    [DataPrep] cache_hit=memory, create_dataset=0.00s, data_preparation=0.00s, n_items=90212
  -> MRR@20=0.2650  best=0.2694  (early_stop@37, trial=14.4min, avg=13.1min/trial, total=2.40h, ETA=52.4min)

[12/15] balance_loss_lambda=0.01001, hidden_dropout_prob=0.08306, learning_rate=0.000623, weight_decay=0
    [Device] CUDA_VISIBLE_DEVICES=4 | torch_device=cuda:0 (NVIDIA RTX A5000)
    [DataCache] save_dataset=True save_dataloaders=False | checkpoint_dir=saved/recbole_cache/retail_rocket_feature_added_session_len10 | dataloaders_save_path=saved/recbole_cache/retail_rocket_feature_added_session_len10/retail_rocket-for-dataloader.pth
    [DataPrep] cache_hit=memory, create_dataset=0.00s, data_preparation=0.00s, n_items=90212
  -> MRR@20=0.2643  best=0.2694  (early_stop@24, trial=9.3min, avg=12.8min/trial, total=2.56h, ETA=38.4min)

[13/15] balance_loss_lambda=0.01066, hidden_dropout_prob=0.09096, learning_rate=0.0004081, weight_decay=0
    [Device] CUDA_VISIBLE_DEVICES=4 | torch_device=cuda:0 (NVIDIA RTX A5000)
    [DataCache] save_dataset=True save_dataloaders=False | checkpoint_dir=saved/recbole_cache/retail_rocket_feature_added_session_len10 | dataloaders_save_path=saved/recbole_cache/retail_rocket_feature_added_session_len10/retail_rocket-for-dataloader.pth
    [DataPrep] cache_hit=memory, create_dataset=0.00s, data_preparation=0.00s, n_items=90212
  -> MRR@20=0.2646  best=0.2694  (early_stop@29, trial=11.3min, avg=12.7min/trial, total=2.75h, ETA=25.4min)

[14/15] balance_loss_lambda=0.007314, hidden_dropout_prob=0.1062, learning_rate=0.000275, weight_decay=5.641e-06
    [Device] CUDA_VISIBLE_DEVICES=4 | torch_device=cuda:0 (NVIDIA RTX A5000)
    [DataCache] save_dataset=True save_dataloaders=False | checkpoint_dir=saved/recbole_cache/retail_rocket_feature_added_session_len10 | dataloaders_save_path=saved/recbole_cache/retail_rocket_feature_added_session_len10/retail_rocket-for-dataloader.pth
    [DataPrep] cache_hit=memory, create_dataset=0.00s, data_preparation=0.00s, n_items=90212
  -> MRR@20=0.2654  best=0.2694  (early_stop@40, trial=15.6min, avg=12.9min/trial, total=3.01h, ETA=12.9min)

[15/15] balance_loss_lambda=0.007059, hidden_dropout_prob=0.08705, learning_rate=0.0003519, weight_decay=0
    [Device] CUDA_VISIBLE_DEVICES=4 | torch_device=cuda:0 (NVIDIA RTX A5000)
    [DataCache] save_dataset=True save_dataloaders=False | checkpoint_dir=saved/recbole_cache/retail_rocket_feature_added_session_len10 | dataloaders_save_path=saved/recbole_cache/retail_rocket_feature_added_session_len10/retail_rocket-for-dataloader.pth
    [DataPrep] cache_hit=memory, create_dataset=0.00s, data_preparation=0.00s, n_items=90212
  -> MRR@20=0.2641  best=0.2694  (early_stop@31, trial=12.0min, avg=12.8min/trial, total=3.21h, ETA=0s)

=================================================================
  DONE  |  FeaturedMoE_v2 x retail_rocket
  Best MRR@20 = 0.2694  |  15/15 trials OK
  Total time: 192.5 min
  Best params:
    balance_loss_lambda: 0.0114994
    hidden_dropout_prob: 0.102409
    learning_rate: 0.000672464
    weight_decay: 8.37076e-05
  Results -> /workspace/jy1559/FMoE/experiments/run/artifacts/results/fmoe_v2/retail_rocket_FeaturedMoE_v2_p2rrf_l16_g4_c08_e160_f24_h256_r96_b4096_20260308_220428_977904_pid391247.json
=================================================================

[RUN_STATUS] END status=normal pid=391247 start=2026-03-08T22:04:28 end=2026-03-09T01:16:56
