[FINAL_ALL_DATASETS_SETTING_HEADER]
run_phase=P14_FAD_A11_RETAIL_ROCKET_H6_S1 exp_brief=A11_ATTN_MICRO_BEFORE_NO_BIAS_ALL_W2 phase_id=P14 axis_id=FAD setting_id=A11_ATTN_MICRO_BEFORE_NO_BIAS_ALL_W2_H6_S1 hparam_id=H6 seed=1
desc=A11_ATTN_MICRO_BEFORE_NO_BIAS_ALL_W2_H6_S1
dataset=retail_rocket gpu=1 order=12
max_evals=12 tune_epochs=100 tune_patience=10
seed=97003

[COMMAND]
- /venv/FMoE/bin/python hyperopt_tune.py --config-name config --max-evals 12 --tune-epochs 100 --tune-patience 10 --seed 97003 --run-group fmoe_n3 --run-axis Final_all_datasets --run-phase P14_FAD_A11_RETAIL_ROCKET_H6_S1 model=featured_moe_n3_tune dataset=retail_rocket eval_mode=session_fixed feature_mode=full_v3 gpu_id=1 log_wandb=false enable_tf32=true fmoe_debug_logging=false fmoe_diag_logging=true fmoe_special_logging=true fmoe_feature_ablation_logging=false fmoe_eval_logging_timing=final_only ++fmoe_logging_output_root="run/artifacts/logging" ++fmoe_logging_layout="axis_dataset_arch_hparam" ++fmoe_architecture_id="A11" ++fmoe_architecture_key="A11_ATTN_MICRO_BEFORE_NO_BIAS_ALL_W2" ++fmoe_hparam_id="H6" ++fmoe_phase="P14" MAX_ITEM_LIST_LENGTH=20 train_batch_size=8192 eval_batch_size=12288 embedding_size=144 num_heads=4 attn_dropout_prob=0.1 d_ff=288 d_feat_emb=16 d_expert_hidden=144 d_router_hidden=72 expert_scale=3 ++search.learning_rate=[0.0007,0.003] ++search.weight_decay=[1.5e-06] ++search.hidden_dropout_prob=[0.17] ++search.lr_scheduler_type=["warmup_cosine"] ++search_space_type_overrides.learning_rate=loguniform ++search_space_type_overrides.weight_decay=choice ++search_space_type_overrides.hidden_dropout_prob=choice ++search_space_type_overrides.lr_scheduler_type=choice ++phase_run_type="final" ++phase_axis_id="FAD" ++phase_axis_desc="final_all_datasets" ++phase_setting_id="A11_ATTN_MICRO_BEFORE_NO_BIAS_ALL_W2_H6_S1" ++phase_setting_key="A11_ATTN_MICRO_BEFORE_NO_BIAS_ALL_W2" ++phase_hparam_id="H6" ++phase_seed_id=1 ++phase_run_id="FAD_A11_RETAIL_ROCKET_H6_S1" ++layer_layout=["attn","macro_ffn","mid_ffn","attn","micro_ffn"] ++stage_compute_mode={macro:"moe",mid:"moe",micro:"moe"} ++stage_router_mode={macro:"learned",mid:"learned",micro:"learned"} ++stage_router_source={macro:"both",mid:"both",micro:"both"} ++stage_feature_injection={macro:"none",mid:"none",micro:"none"} ++topk_scope_mode="global_flat" ++moe_top_k=0 ++balance_loss_lambda=0.0 ++z_loss_lambda=0.0002 ++gate_entropy_lambda=0.0 ++route_smoothness_lambda=0.0 ++route_consistency_lambda=0.0008 ++route_sharpness_lambda=0.0 ++route_monopoly_lambda=0.0 ++route_monopoly_tau=0.25 ++route_prior_lambda=0.0 ++group_prior_align_lambda=0.0 ++factored_group_balance_lambda=0.0 ++rule_agreement_lambda=0.0 ++group_coverage_lambda=0.0 ++feature_group_bias_lambda=0.0 ++rule_bias_scale=0.0 ++primitive_balance_lambda=0.0 ++wrapper_group_feature_align_lambda=0.0 ++stage_router_primitives={macro:{a_joint:{source:"feature",temperature:1.0,top_k:0},b_group:{source:"feature",temperature:1.0,top_k:0},c_shared:{source:"feature",temperature:1.0,top_k:0},d_cond:{source:"feature",temperature:1.0,top_k:0},e_scalar:{source:"feature",temperature:1.0,top_k:0},wrapper:{alpha_d:1.0,alpha_struct:1.0,alpha_a:1.0}},mid:{a_joint:{source:"feature",temperature:1.0,top_k:0},b_group:{source:"feature",temperature:1.0,top_k:0},c_shared:{source:"feature",temperature:1.0,top_k:0},d_cond:{source:"feature",temperature:1.0,top_k:0},e_scalar:{source:"feature",temperature:1.0,top_k:0},wrapper:{alpha_d:1.0,alpha_struct:1.0,alpha_a:1.0}},micro:{a_joint:{source:"feature",temperature:1.0,top_k:0},b_group:{source:"feature",temperature:1.0,top_k:0},c_shared:{source:"feature",temperature:1.0,top_k:0},d_cond:{source:"feature",temperature:1.0,top_k:0},e_scalar:{source:"feature",temperature:1.0,top_k:0},wrapper:{alpha_d:1.0,alpha_struct:1.0,alpha_a:1.0}}} ++stage_router_wrapper={macro:"w2_a_plus_d",mid:"w2_a_plus_d",micro:"w2_a_plus_d"} ++macro_history_window=5 ++route_consistency_pairs=1 ++route_consistency_min_sim=0.995 ++stage_router_granularity={macro:"session",mid:"session",micro:"token"} ++stage_family_dropout_prob={macro:0.1,mid:0.1,micro:0.1} ++stage_feature_dropout_prob={macro:0.0,mid:0.0,micro:0.0} ++stage_feature_dropout_scope={macro:"token",mid:"token",micro:"token"} ++bias_mode="none"
/venv/FMoE/lib/python3.10/site-packages/ray/_private/parameter.py:4: UserWarning: pkg_resources is deprecated as an API. See https://setuptools.pypa.io/en/latest/pkg_resources.html. The pkg_resources package is slated for removal as early as 2025-11-30. Refrain from using this package or pin to Setuptools<81.
  import pkg_resources
[RUN_STATUS] START pid=237675 ts=2026-04-12T20:30:59

=================================================================
  Hyperopt TPE  |  FeaturedMoE_N3 x retail_rocket
  max_evals=12  epochs=100  patience=10  wandb=off
  batch_size(train/valid/test)=8192/12288/12288
  track=fmoe_n3  axis=final_all_datasets  phase=P14_FAD_A11_RETAIL_ROCKET_H6_S1
=================================================================
Changed knobs: learning_rate
Tuned params(len>1): 1  (~1 discrete combos)
Tuned groups: 1
  [optimization]
    learning_rate                   [0.0007, 0.003]                           -> loguniform
Fixed params(singleton/non-list): 3
Fixed groups: 3
  [optimization]
    hidden_dropout_prob             0.17                                    
    weight_decay                    1.5e-06                                 
  [other]
    lr_scheduler_type               warmup_cosine                           

[Wandb] disabled for this hyperopt run

[1/12] learning_rate=0.00073
  -> FAILED: CUDA out of memory. Tried to allocate 2.75 GiB. GPU 0 has a total capacity of 23.52 GiB of which 350.12 MiB is free. Including non-PyTorch memory, this process has 23.15 GiB memory in use. Of the allocated memory 19.88 GiB is allocated by PyTorch, and 2.82 GiB is reserved by PyTorch but unallocated. If reserved but unallocated memory is large try setting PYTORCH_CUDA_ALLOC_CONF=expandable_segments:True to avoid fragmentation.  See documentation for Memory Management  (https://pytorch.org/docs/stable/notes/cuda.html#environment-variables)
Traceback (most recent call last):
  File "/workspace/FeaturedMoE/experiments/hyperopt_tune.py", line 3773, in objective
    result = train_and_evaluate(cfg_trial, trial_num=trial_num, progress_cb=_wandb_log_live if log_wandb else None)
  File "/workspace/FeaturedMoE/experiments/hyperopt_tune.py", line 2565, in train_and_evaluate
    train_loss = trainer._train_epoch(train_data, epoch_idx=epoch, show_progress=show_progress)
  File "/workspace/FeaturedMoE/experiments/recbole_patch.py", line 883, in _patched_train_epoch
    return _original_train_epoch(self, *args, **kwargs)
  File "/venv/FMoE/lib/python3.10/site-packages/recbole/trainer/trainer.py", line 261, in _train_epoch
    scaler.scale(loss + sync_loss).backward()
  File "/venv/FMoE/lib/python3.10/site-packages/torch/_tensor.py", line 626, in backward
    torch.autograd.backward(
  File "/venv/FMoE/lib/python3.10/site-packages/torch/autograd/__init__.py", line 347, in backward
    _engine_run_backward(
  File "/venv/FMoE/lib/python3.10/site-packages/torch/autograd/graph.py", line 823, in _engine_run_backward
    return Variable._execution_engine.run_backward(  # Calls into the C++ engine to run the backward pass
torch.OutOfMemoryError: CUDA out of memory. Tried to allocate 2.75 GiB. GPU 0 has a total capacity of 23.52 GiB of which 350.12 MiB is free. Including non-PyTorch memory, this process has 23.15 GiB memory in use. Of the allocated memory 19.88 GiB is allocated by PyTorch, and 2.82 GiB is reserved by PyTorch but unallocated. If reserved but unallocated memory is large try setting PYTORCH_CUDA_ALLOC_CONF=expandable_segments:True to avoid fragmentation.  See documentation for Memory Management  (https://pytorch.org/docs/stable/notes/cuda.html#environment-variables)

[2/12] learning_rate=0.0009598
  -> FAILED: CUDA out of memory. Tried to allocate 2.75 GiB. GPU 0 has a total capacity of 23.52 GiB of which 614.12 MiB is free. Including non-PyTorch memory, this process has 22.89 GiB memory in use. Of the allocated memory 19.77 GiB is allocated by PyTorch, and 2.67 GiB is reserved by PyTorch but unallocated. If reserved but unallocated memory is large try setting PYTORCH_CUDA_ALLOC_CONF=expandable_segments:True to avoid fragmentation.  See documentation for Memory Management  (https://pytorch.org/docs/stable/notes/cuda.html#environment-variables)
Traceback (most recent call last):
  File "/workspace/FeaturedMoE/experiments/hyperopt_tune.py", line 3773, in objective
    result = train_and_evaluate(cfg_trial, trial_num=trial_num, progress_cb=_wandb_log_live if log_wandb else None)
  File "/workspace/FeaturedMoE/experiments/hyperopt_tune.py", line 2565, in train_and_evaluate
    train_loss = trainer._train_epoch(train_data, epoch_idx=epoch, show_progress=show_progress)
  File "/workspace/FeaturedMoE/experiments/recbole_patch.py", line 883, in _patched_train_epoch
    return _original_train_epoch(self, *args, **kwargs)
  File "/venv/FMoE/lib/python3.10/site-packages/recbole/trainer/trainer.py", line 261, in _train_epoch
    scaler.scale(loss + sync_loss).backward()
  File "/venv/FMoE/lib/python3.10/site-packages/torch/_tensor.py", line 626, in backward
    torch.autograd.backward(
  File "/venv/FMoE/lib/python3.10/site-packages/torch/autograd/__init__.py", line 347, in backward
    _engine_run_backward(
  File "/venv/FMoE/lib/python3.10/site-packages/torch/autograd/graph.py", line 823, in _engine_run_backward
    return Variable._execution_engine.run_backward(  # Calls into the C++ engine to run the backward pass
torch.OutOfMemoryError: CUDA out of memory. Tried to allocate 2.75 GiB. GPU 0 has a total capacity of 23.52 GiB of which 614.12 MiB is free. Including non-PyTorch memory, this process has 22.89 GiB memory in use. Of the allocated memory 19.77 GiB is allocated by PyTorch, and 2.67 GiB is reserved by PyTorch but unallocated. If reserved but unallocated memory is large try setting PYTORCH_CUDA_ALLOC_CONF=expandable_segments:True to avoid fragmentation.  See documentation for Memory Management  (https://pytorch.org/docs/stable/notes/cuda.html#environment-variables)

[3/12] learning_rate=0.001433
  -> FAILED: CUDA out of memory. Tried to allocate 2.75 GiB. GPU 0 has a total capacity of 23.52 GiB of which 866.12 MiB is free. Including non-PyTorch memory, this process has 22.65 GiB memory in use. Of the allocated memory 19.77 GiB is allocated by PyTorch, and 2.42 GiB is reserved by PyTorch but unallocated. If reserved but unallocated memory is large try setting PYTORCH_CUDA_ALLOC_CONF=expandable_segments:True to avoid fragmentation.  See documentation for Memory Management  (https://pytorch.org/docs/stable/notes/cuda.html#environment-variables)
Traceback (most recent call last):
  File "/workspace/FeaturedMoE/experiments/hyperopt_tune.py", line 3773, in objective
    result = train_and_evaluate(cfg_trial, trial_num=trial_num, progress_cb=_wandb_log_live if log_wandb else None)
  File "/workspace/FeaturedMoE/experiments/hyperopt_tune.py", line 2565, in train_and_evaluate
    train_loss = trainer._train_epoch(train_data, epoch_idx=epoch, show_progress=show_progress)
  File "/workspace/FeaturedMoE/experiments/recbole_patch.py", line 883, in _patched_train_epoch
    return _original_train_epoch(self, *args, **kwargs)
  File "/venv/FMoE/lib/python3.10/site-packages/recbole/trainer/trainer.py", line 261, in _train_epoch
    scaler.scale(loss + sync_loss).backward()
  File "/venv/FMoE/lib/python3.10/site-packages/torch/_tensor.py", line 626, in backward
    torch.autograd.backward(
  File "/venv/FMoE/lib/python3.10/site-packages/torch/autograd/__init__.py", line 347, in backward
    _engine_run_backward(
  File "/venv/FMoE/lib/python3.10/site-packages/torch/autograd/graph.py", line 823, in _engine_run_backward
    return Variable._execution_engine.run_backward(  # Calls into the C++ engine to run the backward pass
torch.OutOfMemoryError: CUDA out of memory. Tried to allocate 2.75 GiB. GPU 0 has a total capacity of 23.52 GiB of which 866.12 MiB is free. Including non-PyTorch memory, this process has 22.65 GiB memory in use. Of the allocated memory 19.77 GiB is allocated by PyTorch, and 2.42 GiB is reserved by PyTorch but unallocated. If reserved but unallocated memory is large try setting PYTORCH_CUDA_ALLOC_CONF=expandable_segments:True to avoid fragmentation.  See documentation for Memory Management  (https://pytorch.org/docs/stable/notes/cuda.html#environment-variables)

[4/12] learning_rate=0.001765
  -> FAILED: CUDA out of memory. Tried to allocate 2.75 GiB. GPU 0 has a total capacity of 23.52 GiB of which 1.07 GiB is free. Including non-PyTorch memory, this process has 22.43 GiB memory in use. Of the allocated memory 19.77 GiB is allocated by PyTorch, and 2.20 GiB is reserved by PyTorch but unallocated. If reserved but unallocated memory is large try setting PYTORCH_CUDA_ALLOC_CONF=expandable_segments:True to avoid fragmentation.  See documentation for Memory Management  (https://pytorch.org/docs/stable/notes/cuda.html#environment-variables)
Traceback (most recent call last):
  File "/workspace/FeaturedMoE/experiments/hyperopt_tune.py", line 3773, in objective
    result = train_and_evaluate(cfg_trial, trial_num=trial_num, progress_cb=_wandb_log_live if log_wandb else None)
  File "/workspace/FeaturedMoE/experiments/hyperopt_tune.py", line 2565, in train_and_evaluate
    train_loss = trainer._train_epoch(train_data, epoch_idx=epoch, show_progress=show_progress)
  File "/workspace/FeaturedMoE/experiments/recbole_patch.py", line 883, in _patched_train_epoch
    return _original_train_epoch(self, *args, **kwargs)
  File "/venv/FMoE/lib/python3.10/site-packages/recbole/trainer/trainer.py", line 261, in _train_epoch
    scaler.scale(loss + sync_loss).backward()
  File "/venv/FMoE/lib/python3.10/site-packages/torch/_tensor.py", line 626, in backward
    torch.autograd.backward(
  File "/venv/FMoE/lib/python3.10/site-packages/torch/autograd/__init__.py", line 347, in backward
    _engine_run_backward(
  File "/venv/FMoE/lib/python3.10/site-packages/torch/autograd/graph.py", line 823, in _engine_run_backward
    return Variable._execution_engine.run_backward(  # Calls into the C++ engine to run the backward pass
torch.OutOfMemoryError: CUDA out of memory. Tried to allocate 2.75 GiB. GPU 0 has a total capacity of 23.52 GiB of which 1.07 GiB is free. Including non-PyTorch memory, this process has 22.43 GiB memory in use. Of the allocated memory 19.77 GiB is allocated by PyTorch, and 2.20 GiB is reserved by PyTorch but unallocated. If reserved but unallocated memory is large try setting PYTORCH_CUDA_ALLOC_CONF=expandable_segments:True to avoid fragmentation.  See documentation for Memory Management  (https://pytorch.org/docs/stable/notes/cuda.html#environment-variables)

[5/12] learning_rate=0.001187
  -> FAILED: CUDA out of memory. Tried to allocate 2.75 GiB. GPU 0 has a total capacity of 23.52 GiB of which 1.29 GiB is free. Including non-PyTorch memory, this process has 22.20 GiB memory in use. Of the allocated memory 19.77 GiB is allocated by PyTorch, and 1.98 GiB is reserved by PyTorch but unallocated. If reserved but unallocated memory is large try setting PYTORCH_CUDA_ALLOC_CONF=expandable_segments:True to avoid fragmentation.  See documentation for Memory Management  (https://pytorch.org/docs/stable/notes/cuda.html#environment-variables)
Traceback (most recent call last):
  File "/workspace/FeaturedMoE/experiments/hyperopt_tune.py", line 3773, in objective
    result = train_and_evaluate(cfg_trial, trial_num=trial_num, progress_cb=_wandb_log_live if log_wandb else None)
  File "/workspace/FeaturedMoE/experiments/hyperopt_tune.py", line 2565, in train_and_evaluate
    train_loss = trainer._train_epoch(train_data, epoch_idx=epoch, show_progress=show_progress)
  File "/workspace/FeaturedMoE/experiments/recbole_patch.py", line 883, in _patched_train_epoch
    return _original_train_epoch(self, *args, **kwargs)
  File "/venv/FMoE/lib/python3.10/site-packages/recbole/trainer/trainer.py", line 261, in _train_epoch
    scaler.scale(loss + sync_loss).backward()
  File "/venv/FMoE/lib/python3.10/site-packages/torch/_tensor.py", line 626, in backward
    torch.autograd.backward(
  File "/venv/FMoE/lib/python3.10/site-packages/torch/autograd/__init__.py", line 347, in backward
    _engine_run_backward(
  File "/venv/FMoE/lib/python3.10/site-packages/torch/autograd/graph.py", line 823, in _engine_run_backward
    return Variable._execution_engine.run_backward(  # Calls into the C++ engine to run the backward pass
torch.OutOfMemoryError: CUDA out of memory. Tried to allocate 2.75 GiB. GPU 0 has a total capacity of 23.52 GiB of which 1.29 GiB is free. Including non-PyTorch memory, this process has 22.20 GiB memory in use. Of the allocated memory 19.77 GiB is allocated by PyTorch, and 1.98 GiB is reserved by PyTorch but unallocated. If reserved but unallocated memory is large try setting PYTORCH_CUDA_ALLOC_CONF=expandable_segments:True to avoid fragmentation.  See documentation for Memory Management  (https://pytorch.org/docs/stable/notes/cuda.html#environment-variables)

[6/12] learning_rate=0.002143
  -> FAILED: CUDA out of memory. Tried to allocate 2.75 GiB. GPU 0 has a total capacity of 23.52 GiB of which 1.51 GiB is free. Including non-PyTorch memory, this process has 21.98 GiB memory in use. Of the allocated memory 19.77 GiB is allocated by PyTorch, and 1.76 GiB is reserved by PyTorch but unallocated. If reserved but unallocated memory is large try setting PYTORCH_CUDA_ALLOC_CONF=expandable_segments:True to avoid fragmentation.  See documentation for Memory Management  (https://pytorch.org/docs/stable/notes/cuda.html#environment-variables)
Traceback (most recent call last):
  File "/workspace/FeaturedMoE/experiments/hyperopt_tune.py", line 3773, in objective
    result = train_and_evaluate(cfg_trial, trial_num=trial_num, progress_cb=_wandb_log_live if log_wandb else None)
  File "/workspace/FeaturedMoE/experiments/hyperopt_tune.py", line 2565, in train_and_evaluate
    train_loss = trainer._train_epoch(train_data, epoch_idx=epoch, show_progress=show_progress)
  File "/workspace/FeaturedMoE/experiments/recbole_patch.py", line 883, in _patched_train_epoch
    return _original_train_epoch(self, *args, **kwargs)
  File "/venv/FMoE/lib/python3.10/site-packages/recbole/trainer/trainer.py", line 261, in _train_epoch
    scaler.scale(loss + sync_loss).backward()
  File "/venv/FMoE/lib/python3.10/site-packages/torch/_tensor.py", line 626, in backward
    torch.autograd.backward(
  File "/venv/FMoE/lib/python3.10/site-packages/torch/autograd/__init__.py", line 347, in backward
    _engine_run_backward(
  File "/venv/FMoE/lib/python3.10/site-packages/torch/autograd/graph.py", line 823, in _engine_run_backward
    return Variable._execution_engine.run_backward(  # Calls into the C++ engine to run the backward pass
torch.OutOfMemoryError: CUDA out of memory. Tried to allocate 2.75 GiB. GPU 0 has a total capacity of 23.52 GiB of which 1.51 GiB is free. Including non-PyTorch memory, this process has 21.98 GiB memory in use. Of the allocated memory 19.77 GiB is allocated by PyTorch, and 1.76 GiB is reserved by PyTorch but unallocated. If reserved but unallocated memory is large try setting PYTORCH_CUDA_ALLOC_CONF=expandable_segments:True to avoid fragmentation.  See documentation for Memory Management  (https://pytorch.org/docs/stable/notes/cuda.html#environment-variables)

[7/12] learning_rate=0.002527
  -> FAILED: CUDA out of memory. Tried to allocate 2.75 GiB. GPU 0 has a total capacity of 23.52 GiB of which 1.74 GiB is free. Including non-PyTorch memory, this process has 21.76 GiB memory in use. Of the allocated memory 19.77 GiB is allocated by PyTorch, and 1.53 GiB is reserved by PyTorch but unallocated. If reserved but unallocated memory is large try setting PYTORCH_CUDA_ALLOC_CONF=expandable_segments:True to avoid fragmentation.  See documentation for Memory Management  (https://pytorch.org/docs/stable/notes/cuda.html#environment-variables)
Traceback (most recent call last):
  File "/workspace/FeaturedMoE/experiments/hyperopt_tune.py", line 3773, in objective
    result = train_and_evaluate(cfg_trial, trial_num=trial_num, progress_cb=_wandb_log_live if log_wandb else None)
  File "/workspace/FeaturedMoE/experiments/hyperopt_tune.py", line 2565, in train_and_evaluate
    train_loss = trainer._train_epoch(train_data, epoch_idx=epoch, show_progress=show_progress)
  File "/workspace/FeaturedMoE/experiments/recbole_patch.py", line 883, in _patched_train_epoch
    return _original_train_epoch(self, *args, **kwargs)
  File "/venv/FMoE/lib/python3.10/site-packages/recbole/trainer/trainer.py", line 261, in _train_epoch
    scaler.scale(loss + sync_loss).backward()
  File "/venv/FMoE/lib/python3.10/site-packages/torch/_tensor.py", line 626, in backward
    torch.autograd.backward(
  File "/venv/FMoE/lib/python3.10/site-packages/torch/autograd/__init__.py", line 347, in backward
    _engine_run_backward(
  File "/venv/FMoE/lib/python3.10/site-packages/torch/autograd/graph.py", line 823, in _engine_run_backward
    return Variable._execution_engine.run_backward(  # Calls into the C++ engine to run the backward pass
torch.OutOfMemoryError: CUDA out of memory. Tried to allocate 2.75 GiB. GPU 0 has a total capacity of 23.52 GiB of which 1.74 GiB is free. Including non-PyTorch memory, this process has 21.76 GiB memory in use. Of the allocated memory 19.77 GiB is allocated by PyTorch, and 1.53 GiB is reserved by PyTorch but unallocated. If reserved but unallocated memory is large try setting PYTORCH_CUDA_ALLOC_CONF=expandable_segments:True to avoid fragmentation.  See documentation for Memory Management  (https://pytorch.org/docs/stable/notes/cuda.html#environment-variables)

[8/12] learning_rate=0.002265
  -> FAILED: CUDA out of memory. Tried to allocate 2.75 GiB. GPU 0 has a total capacity of 23.52 GiB of which 1.96 GiB is free. Including non-PyTorch memory, this process has 21.54 GiB memory in use. Of the allocated memory 19.77 GiB is allocated by PyTorch, and 1.31 GiB is reserved by PyTorch but unallocated. If reserved but unallocated memory is large try setting PYTORCH_CUDA_ALLOC_CONF=expandable_segments:True to avoid fragmentation.  See documentation for Memory Management  (https://pytorch.org/docs/stable/notes/cuda.html#environment-variables)
Traceback (most recent call last):
  File "/workspace/FeaturedMoE/experiments/hyperopt_tune.py", line 3773, in objective
    result = train_and_evaluate(cfg_trial, trial_num=trial_num, progress_cb=_wandb_log_live if log_wandb else None)
  File "/workspace/FeaturedMoE/experiments/hyperopt_tune.py", line 2565, in train_and_evaluate
    train_loss = trainer._train_epoch(train_data, epoch_idx=epoch, show_progress=show_progress)
  File "/workspace/FeaturedMoE/experiments/recbole_patch.py", line 883, in _patched_train_epoch
    return _original_train_epoch(self, *args, **kwargs)
  File "/venv/FMoE/lib/python3.10/site-packages/recbole/trainer/trainer.py", line 261, in _train_epoch
    scaler.scale(loss + sync_loss).backward()
  File "/venv/FMoE/lib/python3.10/site-packages/torch/_tensor.py", line 626, in backward
    torch.autograd.backward(
  File "/venv/FMoE/lib/python3.10/site-packages/torch/autograd/__init__.py", line 347, in backward
    _engine_run_backward(
  File "/venv/FMoE/lib/python3.10/site-packages/torch/autograd/graph.py", line 823, in _engine_run_backward
    return Variable._execution_engine.run_backward(  # Calls into the C++ engine to run the backward pass
torch.OutOfMemoryError: CUDA out of memory. Tried to allocate 2.75 GiB. GPU 0 has a total capacity of 23.52 GiB of which 1.96 GiB is free. Including non-PyTorch memory, this process has 21.54 GiB memory in use. Of the allocated memory 19.77 GiB is allocated by PyTorch, and 1.31 GiB is reserved by PyTorch but unallocated. If reserved but unallocated memory is large try setting PYTORCH_CUDA_ALLOC_CONF=expandable_segments:True to avoid fragmentation.  See documentation for Memory Management  (https://pytorch.org/docs/stable/notes/cuda.html#environment-variables)

[9/12] learning_rate=0.001692
  -> FAILED: CUDA out of memory. Tried to allocate 2.75 GiB. GPU 0 has a total capacity of 23.52 GiB of which 2.18 GiB is free. Including non-PyTorch memory, this process has 21.31 GiB memory in use. Of the allocated memory 19.77 GiB is allocated by PyTorch, and 1.09 GiB is reserved by PyTorch but unallocated. If reserved but unallocated memory is large try setting PYTORCH_CUDA_ALLOC_CONF=expandable_segments:True to avoid fragmentation.  See documentation for Memory Management  (https://pytorch.org/docs/stable/notes/cuda.html#environment-variables)
Traceback (most recent call last):
  File "/workspace/FeaturedMoE/experiments/hyperopt_tune.py", line 3773, in objective
    result = train_and_evaluate(cfg_trial, trial_num=trial_num, progress_cb=_wandb_log_live if log_wandb else None)
  File "/workspace/FeaturedMoE/experiments/hyperopt_tune.py", line 2565, in train_and_evaluate
    train_loss = trainer._train_epoch(train_data, epoch_idx=epoch, show_progress=show_progress)
  File "/workspace/FeaturedMoE/experiments/recbole_patch.py", line 883, in _patched_train_epoch
    return _original_train_epoch(self, *args, **kwargs)
  File "/venv/FMoE/lib/python3.10/site-packages/recbole/trainer/trainer.py", line 261, in _train_epoch
    scaler.scale(loss + sync_loss).backward()
  File "/venv/FMoE/lib/python3.10/site-packages/torch/_tensor.py", line 626, in backward
    torch.autograd.backward(
  File "/venv/FMoE/lib/python3.10/site-packages/torch/autograd/__init__.py", line 347, in backward
    _engine_run_backward(
  File "/venv/FMoE/lib/python3.10/site-packages/torch/autograd/graph.py", line 823, in _engine_run_backward
    return Variable._execution_engine.run_backward(  # Calls into the C++ engine to run the backward pass
torch.OutOfMemoryError: CUDA out of memory. Tried to allocate 2.75 GiB. GPU 0 has a total capacity of 23.52 GiB of which 2.18 GiB is free. Including non-PyTorch memory, this process has 21.31 GiB memory in use. Of the allocated memory 19.77 GiB is allocated by PyTorch, and 1.09 GiB is reserved by PyTorch but unallocated. If reserved but unallocated memory is large try setting PYTORCH_CUDA_ALLOC_CONF=expandable_segments:True to avoid fragmentation.  See documentation for Memory Management  (https://pytorch.org/docs/stable/notes/cuda.html#environment-variables)

[10/12] learning_rate=0.001071
  -> FAILED: CUDA out of memory. Tried to allocate 2.75 GiB. GPU 0 has a total capacity of 23.52 GiB of which 2.35 GiB is free. Including non-PyTorch memory, this process has 21.14 GiB memory in use. Of the allocated memory 17.21 GiB is allocated by PyTorch, and 3.47 GiB is reserved by PyTorch but unallocated. If reserved but unallocated memory is large try setting PYTORCH_CUDA_ALLOC_CONF=expandable_segments:True to avoid fragmentation.  See documentation for Memory Management  (https://pytorch.org/docs/stable/notes/cuda.html#environment-variables)
Traceback (most recent call last):
  File "/workspace/FeaturedMoE/experiments/hyperopt_tune.py", line 3773, in objective
    result = train_and_evaluate(cfg_trial, trial_num=trial_num, progress_cb=_wandb_log_live if log_wandb else None)
  File "/workspace/FeaturedMoE/experiments/hyperopt_tune.py", line 2565, in train_and_evaluate
    train_loss = trainer._train_epoch(train_data, epoch_idx=epoch, show_progress=show_progress)
  File "/workspace/FeaturedMoE/experiments/recbole_patch.py", line 883, in _patched_train_epoch
    return _original_train_epoch(self, *args, **kwargs)
  File "/venv/FMoE/lib/python3.10/site-packages/recbole/trainer/trainer.py", line 245, in _train_epoch
    losses = loss_func(interaction)
  File "/workspace/FeaturedMoE/experiments/models/FeaturedMoE_N3/featured_moe_n3.py", line 1223, in calculate_loss
    ce_loss = F.cross_entropy(logits, pos_items)
  File "/venv/FMoE/lib/python3.10/site-packages/torch/nn/functional.py", line 3494, in cross_entropy
    return torch._C._nn.cross_entropy_loss(
torch.OutOfMemoryError: CUDA out of memory. Tried to allocate 2.75 GiB. GPU 0 has a total capacity of 23.52 GiB of which 2.35 GiB is free. Including non-PyTorch memory, this process has 21.14 GiB memory in use. Of the allocated memory 17.21 GiB is allocated by PyTorch, and 3.47 GiB is reserved by PyTorch but unallocated. If reserved but unallocated memory is large try setting PYTORCH_CUDA_ALLOC_CONF=expandable_segments:True to avoid fragmentation.  See documentation for Memory Management  (https://pytorch.org/docs/stable/notes/cuda.html#environment-variables)

[11/12] learning_rate=0.002006
  -> FAILED: CUDA out of memory. Tried to allocate 2.75 GiB. GPU 0 has a total capacity of 23.52 GiB of which 2.53 GiB is free. Including non-PyTorch memory, this process has 20.97 GiB memory in use. Of the allocated memory 17.21 GiB is allocated by PyTorch, and 3.30 GiB is reserved by PyTorch but unallocated. If reserved but unallocated memory is large try setting PYTORCH_CUDA_ALLOC_CONF=expandable_segments:True to avoid fragmentation.  See documentation for Memory Management  (https://pytorch.org/docs/stable/notes/cuda.html#environment-variables)
Traceback (most recent call last):
  File "/workspace/FeaturedMoE/experiments/hyperopt_tune.py", line 3773, in objective
    result = train_and_evaluate(cfg_trial, trial_num=trial_num, progress_cb=_wandb_log_live if log_wandb else None)
  File "/workspace/FeaturedMoE/experiments/hyperopt_tune.py", line 2565, in train_and_evaluate
    train_loss = trainer._train_epoch(train_data, epoch_idx=epoch, show_progress=show_progress)
  File "/workspace/FeaturedMoE/experiments/recbole_patch.py", line 883, in _patched_train_epoch
    return _original_train_epoch(self, *args, **kwargs)
  File "/venv/FMoE/lib/python3.10/site-packages/recbole/trainer/trainer.py", line 245, in _train_epoch
    losses = loss_func(interaction)
  File "/workspace/FeaturedMoE/experiments/models/FeaturedMoE_N3/featured_moe_n3.py", line 1223, in calculate_loss
    ce_loss = F.cross_entropy(logits, pos_items)
  File "/venv/FMoE/lib/python3.10/site-packages/torch/nn/functional.py", line 3494, in cross_entropy
    return torch._C._nn.cross_entropy_loss(
torch.OutOfMemoryError: CUDA out of memory. Tried to allocate 2.75 GiB. GPU 0 has a total capacity of 23.52 GiB of which 2.53 GiB is free. Including non-PyTorch memory, this process has 20.97 GiB memory in use. Of the allocated memory 17.21 GiB is allocated by PyTorch, and 3.30 GiB is reserved by PyTorch but unallocated. If reserved but unallocated memory is large try setting PYTORCH_CUDA_ALLOC_CONF=expandable_segments:True to avoid fragmentation.  See documentation for Memory Management  (https://pytorch.org/docs/stable/notes/cuda.html#environment-variables)

[12/12] learning_rate=0.0007643
  -> FAILED: CUDA out of memory. Tried to allocate 2.75 GiB. GPU 0 has a total capacity of 23.52 GiB of which 2.70 GiB is free. Including non-PyTorch memory, this process has 20.79 GiB memory in use. Of the allocated memory 17.21 GiB is allocated by PyTorch, and 3.12 GiB is reserved by PyTorch but unallocated. If reserved but unallocated memory is large try setting PYTORCH_CUDA_ALLOC_CONF=expandable_segments:True to avoid fragmentation.  See documentation for Memory Management  (https://pytorch.org/docs/stable/notes/cuda.html#environment-variables)
Traceback (most recent call last):
  File "/workspace/FeaturedMoE/experiments/hyperopt_tune.py", line 3773, in objective
    result = train_and_evaluate(cfg_trial, trial_num=trial_num, progress_cb=_wandb_log_live if log_wandb else None)
  File "/workspace/FeaturedMoE/experiments/hyperopt_tune.py", line 2565, in train_and_evaluate
    train_loss = trainer._train_epoch(train_data, epoch_idx=epoch, show_progress=show_progress)
  File "/workspace/FeaturedMoE/experiments/recbole_patch.py", line 883, in _patched_train_epoch
    return _original_train_epoch(self, *args, **kwargs)
  File "/venv/FMoE/lib/python3.10/site-packages/recbole/trainer/trainer.py", line 245, in _train_epoch
    losses = loss_func(interaction)
  File "/workspace/FeaturedMoE/experiments/models/FeaturedMoE_N3/featured_moe_n3.py", line 1223, in calculate_loss
    ce_loss = F.cross_entropy(logits, pos_items)
  File "/venv/FMoE/lib/python3.10/site-packages/torch/nn/functional.py", line 3494, in cross_entropy
    return torch._C._nn.cross_entropy_loss(
torch.OutOfMemoryError: CUDA out of memory. Tried to allocate 2.75 GiB. GPU 0 has a total capacity of 23.52 GiB of which 2.70 GiB is free. Including non-PyTorch memory, this process has 20.79 GiB memory in use. Of the allocated memory 17.21 GiB is allocated by PyTorch, and 3.12 GiB is reserved by PyTorch but unallocated. If reserved but unallocated memory is large try setting PYTORCH_CUDA_ALLOC_CONF=expandable_segments:True to avoid fragmentation.  See documentation for Memory Management  (https://pytorch.org/docs/stable/notes/cuda.html#environment-variables)

[WARN] fmin ended with: 

=================================================================
  DONE  |  FeaturedMoE_N3 x retail_rocket
  Best MRR@20 = 0.000000  |  0/12 trials OK
  Best HR@10  = 0.000000
  Test MRR@20 = 0.000000  (best-valid checkpoint)
  Test HR@10  = 0.000000  (best-valid checkpoint)
[RUN_METRICS] best_valid_mrr20=0.000000 best_valid_hr10=0.000000 test_mrr20=0.000000 test_hr10=0.000000
  Total time: 0.3 min
  Best params:
  Results -> /workspace/jy1559/FMoE/experiments/run/artifacts/results/fmoe_n3/retail_rocket_FeaturedMoE_N3_p14_fad_a11_retail_rocket_h6_s1_20260412_203059_993921_pid237675.json
  Normal mirror -> /workspace/FeaturedMoE/experiments/run/artifacts/results/fmoe_n3/normal/final_all_datasets/P14/retail_rocket/FMoEN3/retail_rocket_FeaturedMoE_N3_p14_fad_a11_retail_rocket_h6_s1_20260412_203059_993921_pid237675.json
=================================================================

[RUN_STATUS] END status=normal pid=237675 start=2026-04-12T20:30:59 end=2026-04-12T20:31:19
