[STAGEH_TARGETEDRECOVERY_ANCHOR2_CORE5_SETTING_HEADER]
run_phase=P23_SH_C23_MGRU4REC_OLD_C7_D5_WDLO_S1 run_id=SH_LASTFM0_03_GRU4REC_OLD_C7_D5_WDLO_S1 phase_id=P23 axis_id=SH model=GRU4Rec candidate_id=OLD_C7_D5_WDLO seed=1
dataset=lastfm0.03 gpu=5 order=0 candidate_source=stageh_screen_variant source_stage=StageD_MicroWide_anchor2_core5_variant transfer_from_dataset=
max_evals=6 tune_epochs=40 tune_patience=5
seed=230362

[COMMAND]
- /venv/FMoE/bin/python hyperopt_tune.py --config-name tune_lfm_small --max-evals 6 --tune-epochs 40 --tune-patience 5 --seed 230362 --run-group baseline --run-axis StageH_TargetedRecovery_anchor2_core5 --run-phase P23_SH_C23_MGRU4REC_OLD_C7_D5_WDLO_S1 model=gru4rec dataset=lastfm0.03 eval_mode=session_fixed feature_mode=full_v3 gpu_id=5 log_wandb=false show_progress=false ++special_logging=true ++seed=230362 ++search={learning_rate:[0.006851376495187312,0.01]} ++search_space_type_overrides={learning_rate:"loguniform"} ++weight_decay=9.317000000000002e-05 ++search.weight_decay=[9.317000000000002e-05] ++search_space_type_overrides.weight_decay=choice ++search.n_layers=[1] ++search_space_type_overrides.n_layers=choice ++search.num_layers=[1] ++search_space_type_overrides.num_layers=choice ++search.n_heads=[4] ++search_space_type_overrides.n_heads=choice ++search.num_heads=[4] ++search_space_type_overrides.num_heads=choice ++search.dropout_ratio=[0.18000000000000002] ++search_space_type_overrides.dropout_ratio=choice ++search.dropout_prob=[0.18000000000000002] ++search_space_type_overrides.dropout_prob=choice ++search.hidden_dropout_prob=[0.18000000000000002] ++search_space_type_overrides.hidden_dropout_prob=choice ++search.attn_dropout_prob=[0.18000000000000002] ++search_space_type_overrides.attn_dropout_prob=choice ++search.hidden_size=[264] ++search_space_type_overrides.hidden_size=choice ++search.embedding_size=[264] ++search_space_type_overrides.embedding_size=choice ++search.inner_size=[288] ++search_space_type_overrides.inner_size=choice ++search.time_span=[384] ++search_space_type_overrides.time_span=choice ++search.num_experts=[6] ++search_space_type_overrides.num_experts=choice ++search.state_size=[24] ++search_space_type_overrides.state_size=choice ++search.conv_kernel=[6] ++search_space_type_overrides.conv_kernel=choice ++search.remaining_ratio=[0.6] ++search_space_type_overrides.remaining_ratio=choice ++search.MAX_ITEM_LIST_LENGTH=[10] ++search_space_type_overrides.MAX_ITEM_LIST_LENGTH=choice ++dropout_prob=0.18000000000000002 ++train_batch_size=7987 ++eval_batch_size=9584 ++hidden_size=264 ++embedding_size=264 ++MAX_ITEM_LIST_LENGTH=10 ++num_layers=1
/venv/FMoE/lib/python3.10/site-packages/ray/_private/parameter.py:4: UserWarning: pkg_resources is deprecated as an API. See https://setuptools.pypa.io/en/latest/pkg_resources.html. The pkg_resources package is slated for removal as early as 2025-11-30. Refrain from using this package or pin to Setuptools<81.
  import pkg_resources
[RUN_STATUS] START pid=527061 ts=2026-04-10T03:09:42

=================================================================
  Hyperopt TPE  |  GRU4Rec x lastfm0.03
  max_evals=6  epochs=40  patience=5  wandb=off
  batch_size(train/valid/test)=7987/9584/9584
  track=baseline  axis=stageh_targetedrecovery_anchor2_core5  phase=P23_SH_C23_MGRU4REC_OLD_C7_D5_WDLO_S1
=================================================================
Changed knobs: learning_rate
Tuned params(len>1): 1  (~1 discrete combos)
Tuned groups: 1
  [optimization]
    learning_rate                   [0.006851376495187312, 0.01]              -> loguniform
Fixed params(singleton/non-list): 18
Fixed groups: 18
  [optimization]
    hidden_dropout_prob             0.18000000000000002                     
    weight_decay                    9.317000000000002e-05                   
  [model_core]
    attn_dropout_prob               0.18000000000000002                     
    dropout_prob                    0.18000000000000002                     
    dropout_ratio                   0.18000000000000002                     
    embedding_size                  264                                     
    hidden_size                     264                                     
    inner_size                      288                                     
    num_heads                       4                                       
    num_layers                      1                                       
  [other]
    MAX_ITEM_LIST_LENGTH            10                                      
    conv_kernel                     6                                       
    n_heads                         4                                       
    n_layers                        1                                       
    num_experts                     6                                       
    remaining_ratio                 0.6                                     
    state_size                      24                                      
    time_span                       384                                     

[Wandb] disabled for this hyperopt run

[1/6] learning_rate=0.008166
  -> MRR@20=0.199000  best=0.199000  (early_stop@39, trial=2.7min, avg=2.9min/trial, total=2.9min, ETA=14.4min)
[TRIAL_METRICS] cur_best_mrr20=0.199000 cur_best_hr10=0.237300 cur_test_mrr20=0.199300 cur_test_hr10=0.238800 run_best_mrr20=0.199000 run_best_hr10=0.237300 run_test_mrr20=0.199300 run_test_hr10=0.238800

[2/6] learning_rate=0.007344
  -> MRR@20=0.202900  best=0.202900  (early_stop@33, trial=2.2min, avg=2.6min/trial, total=5.1min, ETA=10.3min)
[TRIAL_METRICS] cur_best_mrr20=0.202900 cur_best_hr10=0.238600 cur_test_mrr20=0.199000 cur_test_hr10=0.239600 run_best_mrr20=0.202900 run_best_hr10=0.238600 run_test_mrr20=0.199000 run_test_hr10=0.239600

[3/6] learning_rate=0.009686
  -> MRR@20=0.202200  best=0.202900  (early_stop@33, trial=2.2min, avg=2.5min/trial, total=7.4min, ETA=7.4min)
[TRIAL_METRICS] cur_best_mrr20=0.202200 cur_best_hr10=0.244500 cur_test_mrr20=0.198300 cur_test_hr10=0.247600 run_best_mrr20=0.202900 run_best_hr10=0.238600 run_test_mrr20=0.199000 run_test_hr10=0.239600

[4/6] learning_rate=0.007581
  -> MRR@20=0.202000  best=0.202900  (early_stop@37, trial=2.5min, avg=2.5min/trial, total=9.9min, ETA=5.0min)
[TRIAL_METRICS] cur_best_mrr20=0.202000 cur_best_hr10=0.241800 cur_test_mrr20=0.200900 cur_test_hr10=0.237800 run_best_mrr20=0.202900 run_best_hr10=0.238600 run_test_mrr20=0.199000 run_test_hr10=0.239600

[5/6] learning_rate=0.009012
  -> MRR@20=0.199300  best=0.202900  (early_stop@30, trial=2.1min, avg=2.4min/trial, total=12.0min, ETA=2.4min)
[TRIAL_METRICS] cur_best_mrr20=0.199300 cur_best_hr10=0.241000 cur_test_mrr20=0.201700 cur_test_hr10=0.242300 run_best_mrr20=0.202900 run_best_hr10=0.238600 run_test_mrr20=0.199000 run_test_hr10=0.239600

[6/6] learning_rate=0.00964
  -> MRR@20=0.201000  best=0.202900  (early_stop@36, trial=2.5min, avg=2.4min/trial, total=14.5min, ETA=0s)
[TRIAL_METRICS] cur_best_mrr20=0.201000 cur_best_hr10=0.238100 cur_test_mrr20=0.200400 cur_test_hr10=0.242600 run_best_mrr20=0.202900 run_best_hr10=0.238600 run_test_mrr20=0.199000 run_test_hr10=0.239600

=================================================================
  DONE  |  GRU4Rec x lastfm0.03
  Best MRR@20 = 0.202900  |  6/6 trials OK
  Best HR@10  = 0.238600
  Test MRR@20 = 0.199000  (best-valid checkpoint)
  Test HR@10  = 0.239600  (best-valid checkpoint)
[RUN_METRICS] best_valid_mrr20=0.202900 best_valid_hr10=0.238600 test_mrr20=0.199000 test_hr10=0.239600
  Total time: 14.5 min
  Best params:
    learning_rate: 0.00734367
  Results -> /workspace/jy1559/FMoE/experiments/run/artifacts/results/baseline/lastfm0.03_GRU4Rec_p23_sh_c23_mgru4rec_old_c7_d5_wdlo_s1_20260410_030942_673477_pid527061.json
  Normal mirror -> /workspace/jy1559/FMoE/experiments/run/artifacts/results/baseline/normal/stageh_targetedrecovery_anchor2_core5/P23/lastfm0.03/GRU4Rec/lastfm0.03_GRU4Rec_p23_sh_c23_mgru4rec_old_c7_d5_wdlo_s1_20260410_030942_673477_pid527061.json
  Special result -> /workspace/jy1559/FMoE/experiments/run/artifacts/results/baseline/special/stageh_targetedrecovery_anchor2_core5/P23/lastfm0.03/GRU4Rec/lastfm0.03_GRU4Rec_p23_sh_c23_mgru4rec_old_c7_d5_wdlo_s1_20260410_030942_673477_pid527061_special_metrics.json
  Special log -> /workspace/jy1559/FMoE/experiments/run/artifacts/logs/baseline/special/stageh_targetedrecovery_anchor2_core5/P23/lastfm0.03/GRU4Rec/lastfm0.03_GRU4Rec_p23_sh_c23_mgru4rec_old_c7_d5_wdlo_s1_20260410_030942_673477_pid527061_special_metrics.json
=================================================================

[RUN_STATUS] END status=normal pid=527061 start=2026-04-10T03:09:42 end=2026-04-10T03:24:11
