[STAGEC_FOCUS_ANCHOR2_CORE5_SETTING_HEADER]
run_phase=P18_SC_D00_M01_P01_SASREC_B6_C1_S1 run_id=SC_LASTFM0_03_SASREC_B6_C1_S1 phase_id=P18 axis_id=SC model=SASRec profile_id=C1 parent_profile_id=B6 seed=1
dataset=lastfm0.03 gpu=4 order=0 lr_band=LR3,LR2 lr_lo=0.000331921568627451 lr_hi=0.0026223588000000003
max_evals=6 tune_epochs=44 tune_patience=6
seed=180000

[COMMAND]
- /venv/FMoE/bin/python hyperopt_tune.py --config-name tune_lfm_small --max-evals 6 --tune-epochs 44 --tune-patience 6 --seed 180000 --run-group baseline --run-axis StageC_Focus_anchor2_core5 --run-phase P18_SC_D00_M01_P01_SASREC_B6_C1_S1 model=sasrec dataset=lastfm0.03 eval_mode=session_fixed feature_mode=full_v3 gpu_id=4 log_wandb=false show_progress=false ++special_logging=true ++seed=180000 ++search={learning_rate:[0.000331921568627451,0.0026223588000000003]} ++search_space_type_overrides={learning_rate:"loguniform"} ++MAX_ITEM_LIST_LENGTH=10 ++weight_decay=0.0002835 ++search.weight_decay=[0.0002835] ++search_space_type_overrides.weight_decay=choice ++search.hidden_size=[176] ++search_space_type_overrides.hidden_size=choice ++search.embedding_size=[176] ++search_space_type_overrides.embedding_size=choice ++search.n_layers=[1] ++search_space_type_overrides.n_layers=choice ++search.num_layers=[1] ++search_space_type_overrides.num_layers=choice ++search.dropout_ratio=[0.2] ++search_space_type_overrides.dropout_ratio=choice ++search.dropout_prob=[0.2] ++search_space_type_overrides.dropout_prob=choice ++search.hidden_dropout_prob=[0.2] ++search_space_type_overrides.hidden_dropout_prob=choice ++search.attn_dropout_prob=[0.2] ++search_space_type_overrides.attn_dropout_prob=choice ++search.inner_size=[352] ++search_space_type_overrides.inner_size=choice ++search.n_heads=[4] ++search_space_type_overrides.n_heads=choice ++search.num_heads=[4] ++search_space_type_overrides.num_heads=choice ++dropout_ratio=0.2 ++hidden_size=176 ++embedding_size=176 ++n_layers=1 ++num_layers=1 ++n_heads=4 ++num_heads=4 ++inner_size=352 ++train_batch_size=4096 ++eval_batch_size=6144
/venv/FMoE/lib/python3.10/site-packages/ray/_private/parameter.py:4: UserWarning: pkg_resources is deprecated as an API. See https://setuptools.pypa.io/en/latest/pkg_resources.html. The pkg_resources package is slated for removal as early as 2025-11-30. Refrain from using this package or pin to Setuptools<81.
  import pkg_resources
[RUN_STATUS] START pid=521186 ts=2026-03-29T21:58:03

=================================================================
  Hyperopt TPE  |  SASRec x lastfm0.03
  max_evals=6  epochs=44  patience=6  wandb=off
  batch_size(train/valid/test)=4096/6144/6144
  track=baseline  axis=stagec_focus_anchor2_core5  phase=P18_SC_D00_M01_P01_SASREC_B6_C1_S1
=================================================================
Changed knobs: learning_rate
Tuned params(len>1): 1  (~1 discrete combos)
Tuned groups: 1
  [optimization]
    learning_rate                   [0.000331921568627451, 0.0026223588000000003]  -> loguniform
Fixed params(singleton/non-list): 12
Fixed groups: 12
  [optimization]
    hidden_dropout_prob             0.2                                     
    weight_decay                    0.0002835                               
  [model_core]
    attn_dropout_prob               0.2                                     
    dropout_prob                    0.2                                     
    dropout_ratio                   0.2                                     
    embedding_size                  176                                     
    hidden_size                     176                                     
    inner_size                      352                                     
    num_heads                       4                                       
    num_layers                      1                                       
  [other]
    n_heads                         4                                       
    n_layers                        1                                       

[Wandb] disabled for this hyperopt run

[1/6] learning_rate=0.001485
  -> MRR@20=0.229400  best=0.229400  (early_stop@42, trial=4.0min, avg=4.2min/trial, total=4.2min, ETA=21.1min)
[TRIAL_METRICS] cur_best_mrr20=0.229400 cur_best_hr10=0.288900 cur_test_mrr20=0.229500 cur_test_hr10=0.286700 run_best_mrr20=0.229400 run_best_hr10=0.288900 run_test_mrr20=0.229500 run_test_hr10=0.286700

[2/6] learning_rate=0.00103
  -> MRR@20=0.231500  best=0.231500  (early_stop@44, trial=4.2min, avg=4.2min/trial, total=8.4min, ETA=16.8min)
[TRIAL_METRICS] cur_best_mrr20=0.231500 cur_best_hr10=0.296300 cur_test_mrr20=0.232300 cur_test_hr10=0.296200 run_best_mrr20=0.231500 run_best_hr10=0.296300 run_test_mrr20=0.232300 run_test_hr10=0.296200

[3/6] learning_rate=0.001142
  -> MRR@20=0.231800  best=0.231800  (early_stop@44, trial=4.2min, avg=4.2min/trial, total=12.6min, ETA=12.6min)
[TRIAL_METRICS] cur_best_mrr20=0.231800 cur_best_hr10=0.294200 cur_test_mrr20=0.233000 cur_test_hr10=0.291700 run_best_mrr20=0.231800 run_best_hr10=0.294200 run_test_mrr20=0.233000 run_test_hr10=0.291700

[4/6] learning_rate=0.000911
  -> MRR@20=0.232100  best=0.232100  (early_stop@44, trial=4.2min, avg=4.2min/trial, total=16.8min, ETA=8.4min)
[TRIAL_METRICS] cur_best_mrr20=0.232100 cur_best_hr10=0.296300 cur_test_mrr20=0.229800 cur_test_hr10=0.296000 run_best_mrr20=0.232100 run_best_hr10=0.296300 run_test_mrr20=0.229800 run_test_hr10=0.296000

[5/6] learning_rate=0.002191
  -> MRR@20=0.214800  best=0.232100  (early_stop@19, trial=1.8min, avg=3.7min/trial, total=18.6min, ETA=3.7min)
[TRIAL_METRICS] cur_best_mrr20=0.214800 cur_best_hr10=0.295200 cur_test_mrr20=0.207000 cur_test_hr10=0.293300 run_best_mrr20=0.232100 run_best_hr10=0.296300 run_test_mrr20=0.229800 run_test_hr10=0.296000

[6/6] learning_rate=0.001207
  -> MRR@20=0.230900  best=0.232100  (early_stop@44, trial=4.2min, avg=3.8min/trial, total=22.8min, ETA=0s)
[TRIAL_METRICS] cur_best_mrr20=0.230900 cur_best_hr10=0.291800 cur_test_mrr20=0.232300 cur_test_hr10=0.290400 run_best_mrr20=0.232100 run_best_hr10=0.296300 run_test_mrr20=0.229800 run_test_hr10=0.296000

=================================================================
  DONE  |  SASRec x lastfm0.03
  Best MRR@20 = 0.232100  |  6/6 trials OK
  Best HR@10  = 0.296300
  Test MRR@20 = 0.229800  (best-valid checkpoint)
  Test HR@10  = 0.296000  (best-valid checkpoint)
[RUN_METRICS] best_valid_mrr20=0.232100 best_valid_hr10=0.296300 test_mrr20=0.229800 test_hr10=0.296000
  Total time: 22.8 min
  Best params:
    learning_rate: 0.000911033
  Results -> /workspace/jy1559/FMoE/experiments/run/artifacts/results/baseline/lastfm0.03_SASRec_p18_sc_d00_m01_p01_sasrec_b6_c1_s1_20260329_215804_020627_pid521186.json
  Normal mirror -> /workspace/jy1559/FMoE/experiments/run/artifacts/results/baseline/normal/stagec_focus_anchor2_core5/P18/lastfm0.03/SASRec/lastfm0.03_SASRec_p18_sc_d00_m01_p01_sasrec_b6_c1_s1_20260329_215804_020627_pid521186.json
  Special result -> /workspace/jy1559/FMoE/experiments/run/artifacts/results/baseline/special/stagec_focus_anchor2_core5/P18/lastfm0.03/SASRec/lastfm0.03_SASRec_p18_sc_d00_m01_p01_sasrec_b6_c1_s1_20260329_215804_020627_pid521186_special_metrics.json
  Special log -> /workspace/jy1559/FMoE/experiments/run/artifacts/logs/baseline/special/stagec_focus_anchor2_core5/P18/lastfm0.03/SASRec/lastfm0.03_SASRec_p18_sc_d00_m01_p01_sasrec_b6_c1_s1_20260329_215804_020627_pid521186_special_metrics.json
=================================================================

[RUN_STATUS] END status=normal pid=521186 start=2026-03-29T21:58:03 end=2026-03-29T22:20:53
