[FINAL_ALL_DATASETS_SETTING_HEADER]
run_phase=P14_FAD_A3_LASTFM0_03_H3_S2 exp_brief=A3_NO_CATEGORY phase_id=P14 axis_id=FAD setting_id=A3_NO_CATEGORY_H3_S2 hparam_id=H3 seed=2
desc=A3_NO_CATEGORY_H3_S2
dataset=lastfm0.03 gpu=1 order=44
max_evals=20 tune_epochs=100 tune_patience=10
seed=91005

[COMMAND]
- /venv/FMoE/bin/python hyperopt_tune.py --config-name config --max-evals 20 --tune-epochs 100 --tune-patience 10 --seed 91005 --run-group fmoe_n3 --run-axis Final_all_datasets --run-phase P14_FAD_A3_LASTFM0_03_H3_S2 model=featured_moe_n3_tune dataset=lastfm0.03 eval_mode=session_fixed feature_mode=full_v3 gpu_id=1 log_wandb=false enable_tf32=true fmoe_debug_logging=false fmoe_diag_logging=true fmoe_special_logging=true fmoe_feature_ablation_logging=false fmoe_eval_logging_timing=final_only ++fmoe_logging_output_root="run/artifacts/logging" ++fmoe_logging_layout="axis_dataset_arch_hparam" ++fmoe_architecture_id="A3" ++fmoe_architecture_key="A3_NO_CATEGORY" ++fmoe_hparam_id="H3" ++fmoe_phase="P14" MAX_ITEM_LIST_LENGTH=20 train_batch_size=4096 eval_batch_size=4096 embedding_size=160 num_heads=4 attn_dropout_prob=0.1 d_ff=320 d_feat_emb=16 d_expert_hidden=160 d_router_hidden=80 expert_scale=3 ++search.learning_rate=[0.00015,0.008] ++search.weight_decay=[2e-06] ++search.hidden_dropout_prob=[0.18] ++search.lr_scheduler_type=["warmup_cosine"] ++search_space_type_overrides.learning_rate=loguniform ++search_space_type_overrides.weight_decay=choice ++search_space_type_overrides.hidden_dropout_prob=choice ++search_space_type_overrides.lr_scheduler_type=choice ++phase_run_type="final" ++phase_axis_id="FAD" ++phase_axis_desc="final_all_datasets" ++phase_setting_id="A3_NO_CATEGORY_H3_S2" ++phase_setting_key="A3_NO_CATEGORY" ++phase_hparam_id="H3" ++phase_seed_id=2 ++phase_run_id="FAD_A3_LASTFM0_03_H3_S2" ++layer_layout=["macro","mid","micro"] ++stage_compute_mode={macro:"moe",mid:"moe",micro:"moe"} ++stage_router_mode={macro:"learned",mid:"learned",micro:"learned"} ++stage_router_source={macro:"both",mid:"both",micro:"both"} ++stage_feature_injection={macro:"none",mid:"none",micro:"none"} ++topk_scope_mode="global_flat" ++moe_top_k=0 ++balance_loss_lambda=0.0 ++z_loss_lambda=0.0002 ++gate_entropy_lambda=0.0 ++route_smoothness_lambda=0.0 ++route_consistency_lambda=0.0008 ++route_sharpness_lambda=0.0 ++route_monopoly_lambda=0.0 ++route_monopoly_tau=0.25 ++route_prior_lambda=0.0 ++group_prior_align_lambda=0.0 ++factored_group_balance_lambda=0.0 ++rule_agreement_lambda=0.0 ++group_coverage_lambda=0.0 ++feature_group_bias_lambda=0.05 ++rule_bias_scale=0.1 ++primitive_balance_lambda=0.0 ++wrapper_group_feature_align_lambda=0.0 ++stage_router_primitives={macro:{a_joint:{source:"feature",temperature:1.0,top_k:0},b_group:{source:"feature",temperature:1.0,top_k:0},c_shared:{source:"feature",temperature:1.0,top_k:0},d_cond:{source:"feature",temperature:1.0,top_k:0},e_scalar:{source:"feature",temperature:1.0,top_k:0},wrapper:{alpha_d:1.0,alpha_struct:1.0,alpha_a:1.0}},mid:{a_joint:{source:"feature",temperature:1.0,top_k:0},b_group:{source:"feature",temperature:1.0,top_k:0},c_shared:{source:"feature",temperature:1.0,top_k:0},d_cond:{source:"feature",temperature:1.0,top_k:0},e_scalar:{source:"feature",temperature:1.0,top_k:0},wrapper:{alpha_d:1.0,alpha_struct:1.0,alpha_a:1.0}},micro:{a_joint:{source:"feature",temperature:1.0,top_k:0},b_group:{source:"feature",temperature:1.0,top_k:0},c_shared:{source:"feature",temperature:1.0,top_k:0},d_cond:{source:"feature",temperature:1.0,top_k:0},e_scalar:{source:"feature",temperature:1.0,top_k:0},wrapper:{alpha_d:1.0,alpha_struct:1.0,alpha_a:1.0}}} ++stage_router_wrapper={macro:"w4_bxd",mid:"w6_bxd_plus_a",micro:"w1_flat"} ++macro_history_window=5 ++stage_router_granularity={macro:"session",mid:"session",micro:"token"} ++stage_family_dropout_prob={macro:0.1,mid:0.1,micro:0.1} ++stage_feature_dropout_prob={macro:0.0,mid:0.0,micro:0.0} ++stage_feature_dropout_scope={macro:"token",mid:"token",micro:"token"} ++route_consistency_pairs=1 ++route_consistency_min_sim=0.995 ++stage_feature_drop_keywords=["cat","theme"]
/venv/FMoE/lib/python3.10/site-packages/ray/_private/parameter.py:4: UserWarning: pkg_resources is deprecated as an API. See https://setuptools.pypa.io/en/latest/pkg_resources.html. The pkg_resources package is slated for removal as early as 2025-11-30. Refrain from using this package or pin to Setuptools<81.
  import pkg_resources
[RUN_STATUS] START pid=42849 ts=2026-04-02T18:16:50

=================================================================
  Hyperopt TPE  |  FeaturedMoE_N3 x lastfm0.03
  max_evals=20  epochs=100  patience=10  wandb=off
  batch_size(train/valid/test)=4096/4096/4096
  track=fmoe_n3  axis=final_all_datasets  phase=P14_FAD_A3_LASTFM0_03_H3_S2
=================================================================
Changed knobs: learning_rate
Tuned params(len>1): 1  (~1 discrete combos)
Tuned groups: 1
  [optimization]
    learning_rate                   [0.00015, 0.008]                          -> loguniform
Fixed params(singleton/non-list): 3
Fixed groups: 3
  [optimization]
    hidden_dropout_prob             0.18                                    
    weight_decay                    2e-06                                   
  [other]
    lr_scheduler_type               warmup_cosine                           

[Wandb] disabled for this hyperopt run

[1/20] learning_rate=0.001954
  -> MRR@20=0.226200  best=0.226200  (early_stop@19, trial=6.1min, avg=6.2min/trial, total=6.2min, ETA=1.96h)
[TRIAL_METRICS] cur_best_mrr20=0.226200 cur_best_hr10=0.283600 cur_test_mrr20=0.227200 cur_test_hr10=0.286900 run_best_mrr20=0.226200 run_best_hr10=0.283600 run_test_mrr20=0.227200 run_test_hr10=0.286900

[2/20] learning_rate=0.004234
  -> MRR@20=0.215300  best=0.226200  (early_stop@17, trial=5.4min, avg=5.8min/trial, total=11.7min, ETA=1.75h)
[TRIAL_METRICS] cur_best_mrr20=0.215300 cur_best_hr10=0.273700 cur_test_mrr20=0.219000 cur_test_hr10=0.272300 run_best_mrr20=0.226200 run_best_hr10=0.283600 run_test_mrr20=0.227200 run_test_hr10=0.286900

[3/20] learning_rate=0.0007156
  -> MRR@20=0.232300  best=0.232300  (early_stop@34, trial=11.0min, avg=7.5min/trial, total=22.6min, ETA=2.14h)
[TRIAL_METRICS] cur_best_mrr20=0.232300 cur_best_hr10=0.286200 cur_test_mrr20=0.237800 cur_test_hr10=0.289100 run_best_mrr20=0.232300 run_best_hr10=0.286200 run_test_mrr20=0.237800 run_test_hr10=0.289100

[4/20] learning_rate=0.003126
  -> MRR@20=0.221700  best=0.232300  (early_stop@17, trial=5.4min, avg=7.0min/trial, total=28.0min, ETA=1.87h)
[TRIAL_METRICS] cur_best_mrr20=0.221700 cur_best_hr10=0.280900 cur_test_mrr20=0.225200 cur_test_hr10=0.283700 run_best_mrr20=0.232300 run_best_hr10=0.286200 run_test_mrr20=0.237800 run_test_hr10=0.289100

[5/20] learning_rate=0.006115
  -> MRR@20=0.188000  best=0.232300  (early_stop@57, trial=18.2min, avg=9.2min/trial, total=46.2min, ETA=2.31h)
[TRIAL_METRICS] cur_best_mrr20=0.188000 cur_best_hr10=0.228300 cur_test_mrr20=0.193500 cur_test_hr10=0.235900 run_best_mrr20=0.232300 run_best_hr10=0.286200 run_test_mrr20=0.237800 run_test_hr10=0.289100

[6/20] learning_rate=0.0009339
  -> MRR@20=0.233600  best=0.233600  (early_stop@26, trial=8.3min, avg=9.1min/trial, total=54.5min, ETA=2.12h)
[TRIAL_METRICS] cur_best_mrr20=0.233600 cur_best_hr10=0.288900 cur_test_mrr20=0.234800 cur_test_hr10=0.292500 run_best_mrr20=0.233600 run_best_hr10=0.288900 run_test_mrr20=0.234800 run_test_hr10=0.292500

[7/20] learning_rate=0.002955
  -> MRR@20=0.221800  best=0.233600  (early_stop@17, trial=5.4min, avg=8.6min/trial, total=60.0min, ETA=1.86h)
[TRIAL_METRICS] cur_best_mrr20=0.221800 cur_best_hr10=0.284900 cur_test_mrr20=0.225800 cur_test_hr10=0.280300 run_best_mrr20=0.233600 run_best_hr10=0.288900 run_test_mrr20=0.234800 run_test_hr10=0.292500

[8/20] learning_rate=0.002426
  -> MRR@20=0.225900  best=0.233600  (early_stop@17, trial=5.4min, avg=8.2min/trial, total=1.09h, ETA=1.64h)
[TRIAL_METRICS] cur_best_mrr20=0.225900 cur_best_hr10=0.288600 cur_test_mrr20=0.228400 cur_test_hr10=0.288800 run_best_mrr20=0.233600 run_best_hr10=0.288900 run_test_mrr20=0.234800 run_test_hr10=0.292500

[9/20] learning_rate=0.0002227
  -> MRR@20=0.229300  best=0.233600  (early_stop@85, trial=27.8min, avg=10.4min/trial, total=1.55h, ETA=1.90h)
[TRIAL_METRICS] cur_best_mrr20=0.229300 cur_best_hr10=0.295000 cur_test_mrr20=0.234800 cur_test_hr10=0.296200 run_best_mrr20=0.233600 run_best_hr10=0.288900 run_test_mrr20=0.234800 run_test_hr10=0.292500

[10/20] learning_rate=0.002032
  -> MRR@20=0.226100  best=0.233600  (early_stop@20, trial=6.6min, avg=10.0min/trial, total=1.66h, ETA=1.66h)
[TRIAL_METRICS] cur_best_mrr20=0.226100 cur_best_hr10=0.280600 cur_test_mrr20=0.229800 cur_test_hr10=0.282100 run_best_mrr20=0.233600 run_best_hr10=0.288900 run_test_mrr20=0.234800 run_test_hr10=0.292500

[11/20] learning_rate=0.006869
  -> MRR@20=0.184300  best=0.233600  (early_stop@58, trial=18.4min, avg=10.8min/trial, total=1.97h, ETA=1.61h)
[TRIAL_METRICS] cur_best_mrr20=0.184300 cur_best_hr10=0.223200 cur_test_mrr20=0.185000 cur_test_hr10=0.223700 run_best_mrr20=0.233600 run_best_hr10=0.288900 run_test_mrr20=0.234800 run_test_hr10=0.292500

[12/20] learning_rate=0.0003901
  -> MRR@20=0.233000  best=0.233600  (early_stop@53, trial=16.7min, avg=11.3min/trial, total=2.25h, ETA=1.50h)
[TRIAL_METRICS] cur_best_mrr20=0.233000 cur_best_hr10=0.289100 cur_test_mrr20=0.236300 cur_test_hr10=0.291700 run_best_mrr20=0.233600 run_best_hr10=0.288900 run_test_mrr20=0.234800 run_test_hr10=0.292500

[13/20] learning_rate=0.0003004
  -> MRR@20=0.231300  best=0.233600  (early_stop@53, trial=16.7min, avg=11.7min/trial, total=2.53h, ETA=1.36h)
[TRIAL_METRICS] cur_best_mrr20=0.231300 cur_best_hr10=0.296800 cur_test_mrr20=0.233000 cur_test_hr10=0.297600 run_best_mrr20=0.233600 run_best_hr10=0.288900 run_test_mrr20=0.234800 run_test_hr10=0.292500

[14/20] learning_rate=0.000479
  -> MRR@20=0.234500  best=0.234500  (early_stop@45, trial=14.1min, avg=11.8min/trial, total=2.76h, ETA=1.18h)
[TRIAL_METRICS] cur_best_mrr20=0.234500 cur_best_hr10=0.289700 cur_test_mrr20=0.238200 cur_test_hr10=0.290100 run_best_mrr20=0.234500 run_best_hr10=0.289700 run_test_mrr20=0.238200 run_test_hr10=0.290100

[15/20] learning_rate=0.00344
  -> MRR@20=0.220600  best=0.234500  (early_stop@17, trial=5.4min, avg=11.4min/trial, total=2.86h, ETA=57.1min)
[TRIAL_METRICS] cur_best_mrr20=0.220600 cur_best_hr10=0.279000 cur_test_mrr20=0.225200 cur_test_hr10=0.278700 run_best_mrr20=0.234500 run_best_hr10=0.289700 run_test_mrr20=0.238200 run_test_hr10=0.290100

[16/20] learning_rate=0.001835
  -> MRR@20=0.226000  best=0.234500  (early_stop@19, trial=6.1min, avg=11.1min/trial, total=2.96h, ETA=44.4min)
[TRIAL_METRICS] cur_best_mrr20=0.226000 cur_best_hr10=0.287500 cur_test_mrr20=0.228800 cur_test_hr10=0.289300 run_best_mrr20=0.234500 run_best_hr10=0.289700 run_test_mrr20=0.238200 run_test_hr10=0.290100

[17/20] learning_rate=0.006902
  -> MRR@20=0.187400  best=0.234500  (early_stop@44, trial=14.4min, avg=11.3min/trial, total=3.20h, ETA=33.9min)
[TRIAL_METRICS] cur_best_mrr20=0.187400 cur_best_hr10=0.228500 cur_test_mrr20=0.192200 cur_test_hr10=0.237500 run_best_mrr20=0.234500 run_best_hr10=0.289700 run_test_mrr20=0.238200 run_test_hr10=0.290100

[18/20] learning_rate=0.0002537
  -> MRR@20=0.230600  best=0.234500  (early_stop@77, trial=24.2min, avg=12.0min/trial, total=3.60h, ETA=24.0min)
[TRIAL_METRICS] cur_best_mrr20=0.230600 cur_best_hr10=0.294200 cur_test_mrr20=0.235900 cur_test_hr10=0.296000 run_best_mrr20=0.234500 run_best_hr10=0.289700 run_test_mrr20=0.238200 run_test_hr10=0.290100

[19/20] learning_rate=0.003067
  -> MRR@20=0.220000  best=0.234500  (early_stop@17, trial=5.4min, avg=11.7min/trial, total=3.69h, ETA=11.7min)
[TRIAL_METRICS] cur_best_mrr20=0.220000 cur_best_hr10=0.278200 cur_test_mrr20=0.223600 cur_test_hr10=0.280800 run_best_mrr20=0.234500 run_best_hr10=0.289700 run_test_mrr20=0.238200 run_test_hr10=0.290100

[20/20] learning_rate=0.007665
  -> MRR@20=0.160400  best=0.234500  (early_stop@99, trial=31.4min, avg=12.6min/trial, total=4.21h, ETA=0s)
[TRIAL_METRICS] cur_best_mrr20=0.160400 cur_best_hr10=0.201200 cur_test_mrr20=0.161200 cur_test_hr10=0.204600 run_best_mrr20=0.234500 run_best_hr10=0.289700 run_test_mrr20=0.238200 run_test_hr10=0.290100
[1;35mEvaluate   [0m:   0%|                                                            | 0/1 [00:00<?, ?it/s][0m[1;35mEvaluate   [0m:   0%|                                  | 0/1 [00:01<?, ?it/s, [1;33mGPU RAM: 11.44 G/23.56 G[0m][0m[1;35mEvaluate   [0m: 100%|██████████████████████████| 1/1 [00:01<00:00,  1.54s/it, [1;33mGPU RAM: 11.44 G/23.56 G[0m][0m                                                                                                    [1;35mEvaluate   [0m:   0%|                                                            | 0/1 [00:00<?, ?it/s][0m[1;35mEvaluate   [0m:   0%|                                  | 0/1 [00:01<?, ?it/s, [1;33mGPU RAM: 11.44 G/23.56 G[0m][0m[1;35mEvaluate   [0m: 100%|██████████████████████████| 1/1 [00:01<00:00,  1.54s/it, [1;33mGPU RAM: 11.44 G/23.56 G[0m][0m                                                                                                    [1;35mEvaluate   [0m:   0%|                                                            | 0/1 [00:00<?, ?it/s][0m[1;35mEvaluate   [0m:   0%|                                  | 0/1 [00:01<?, ?it/s, [1;33mGPU RAM: 11.44 G/23.56 G[0m][0m[1;35mEvaluate   [0m: 100%|██████████████████████████| 1/1 [00:01<00:00,  1.53s/it, [1;33mGPU RAM: 11.44 G/23.56 G[0m][0m                                                                                                    
=================================================================
  DONE  |  FeaturedMoE_N3 x lastfm0.03
  Best MRR@20 = 0.234500  |  20/20 trials OK
  Best HR@10  = 0.289700
  Test MRR@20 = 0.238200  (best-valid checkpoint)
  Test HR@10  = 0.290100  (best-valid checkpoint)
[RUN_METRICS] best_valid_mrr20=0.234500 best_valid_hr10=0.289700 test_mrr20=0.238200 test_hr10=0.290100
  Total time: 252.9 min
  Best params:
    learning_rate: 0.000479048
  Results -> /workspace/jy1559/FMoE/experiments/run/artifacts/results/fmoe_n3/lastfm0.03_FeaturedMoE_N3_p14_fad_a3_lastfm0_03_h3_s2_20260402_181650_778619_pid42849.json
  Normal mirror -> /workspace/jy1559/FMoE/experiments/run/artifacts/results/fmoe_n3/normal/final_all_datasets/P14/lastfm0.03/FMoEN3/lastfm0.03_FeaturedMoE_N3_p14_fad_a3_lastfm0_03_h3_s2_20260402_181650_778619_pid42849.json
  Special result -> /workspace/jy1559/FMoE/experiments/run/artifacts/results/fmoe_n3/special/final_all_datasets/P14/lastfm0.03/FMoEN3/lastfm0.03_FeaturedMoE_N3_p14_fad_a3_lastfm0_03_h3_s2_20260402_181650_778619_pid42849_special_metrics.json
  Special log -> /workspace/jy1559/FMoE/experiments/run/artifacts/logs/fmoe_n3/special/final_all_datasets/P14/lastfm0.03/FMoEN3/lastfm0.03_FeaturedMoE_N3_p14_fad_a3_lastfm0_03_h3_s2_20260402_181650_778619_pid42849_special_metrics.json
=================================================================

[RUN_STATUS] END status=normal pid=42849 start=2026-04-02T18:16:50 end=2026-04-02T22:29:45
