[FINAL_ALL_DATASETS_SETTING_HEADER]
run_phase=P14_FAD_A3_LASTFM0_03_H3_S1 exp_brief=A3_NO_CATEGORY phase_id=P14 axis_id=FAD setting_id=A3_NO_CATEGORY_H3_S1 hparam_id=H3 seed=1
desc=A3_NO_CATEGORY_H3_S1
dataset=lastfm0.03 gpu=3 order=43
max_evals=20 tune_epochs=100 tune_patience=10
seed=91004

[COMMAND]
- /venv/FMoE/bin/python hyperopt_tune.py --config-name config --max-evals 20 --tune-epochs 100 --tune-patience 10 --seed 91004 --run-group fmoe_n3 --run-axis Final_all_datasets --run-phase P14_FAD_A3_LASTFM0_03_H3_S1 model=featured_moe_n3_tune dataset=lastfm0.03 eval_mode=session_fixed feature_mode=full_v3 gpu_id=3 log_wandb=false enable_tf32=true fmoe_debug_logging=false fmoe_diag_logging=true fmoe_special_logging=true fmoe_feature_ablation_logging=false fmoe_eval_logging_timing=final_only ++fmoe_logging_output_root="run/artifacts/logging" ++fmoe_logging_layout="axis_dataset_arch_hparam" ++fmoe_architecture_id="A3" ++fmoe_architecture_key="A3_NO_CATEGORY" ++fmoe_hparam_id="H3" ++fmoe_phase="P14" MAX_ITEM_LIST_LENGTH=20 train_batch_size=4096 eval_batch_size=4096 embedding_size=160 num_heads=4 attn_dropout_prob=0.1 d_ff=320 d_feat_emb=16 d_expert_hidden=160 d_router_hidden=80 expert_scale=3 ++search.learning_rate=[0.00015,0.008] ++search.weight_decay=[2e-06] ++search.hidden_dropout_prob=[0.18] ++search.lr_scheduler_type=["warmup_cosine"] ++search_space_type_overrides.learning_rate=loguniform ++search_space_type_overrides.weight_decay=choice ++search_space_type_overrides.hidden_dropout_prob=choice ++search_space_type_overrides.lr_scheduler_type=choice ++phase_run_type="final" ++phase_axis_id="FAD" ++phase_axis_desc="final_all_datasets" ++phase_setting_id="A3_NO_CATEGORY_H3_S1" ++phase_setting_key="A3_NO_CATEGORY" ++phase_hparam_id="H3" ++phase_seed_id=1 ++phase_run_id="FAD_A3_LASTFM0_03_H3_S1" ++layer_layout=["macro","mid","micro"] ++stage_compute_mode={macro:"moe",mid:"moe",micro:"moe"} ++stage_router_mode={macro:"learned",mid:"learned",micro:"learned"} ++stage_router_source={macro:"both",mid:"both",micro:"both"} ++stage_feature_injection={macro:"none",mid:"none",micro:"none"} ++topk_scope_mode="global_flat" ++moe_top_k=0 ++balance_loss_lambda=0.0 ++z_loss_lambda=0.0002 ++gate_entropy_lambda=0.0 ++route_smoothness_lambda=0.0 ++route_consistency_lambda=0.0008 ++route_sharpness_lambda=0.0 ++route_monopoly_lambda=0.0 ++route_monopoly_tau=0.25 ++route_prior_lambda=0.0 ++group_prior_align_lambda=0.0 ++factored_group_balance_lambda=0.0 ++rule_agreement_lambda=0.0 ++group_coverage_lambda=0.0 ++feature_group_bias_lambda=0.05 ++rule_bias_scale=0.1 ++primitive_balance_lambda=0.0 ++wrapper_group_feature_align_lambda=0.0 ++stage_router_primitives={macro:{a_joint:{source:"feature",temperature:1.0,top_k:0},b_group:{source:"feature",temperature:1.0,top_k:0},c_shared:{source:"feature",temperature:1.0,top_k:0},d_cond:{source:"feature",temperature:1.0,top_k:0},e_scalar:{source:"feature",temperature:1.0,top_k:0},wrapper:{alpha_d:1.0,alpha_struct:1.0,alpha_a:1.0}},mid:{a_joint:{source:"feature",temperature:1.0,top_k:0},b_group:{source:"feature",temperature:1.0,top_k:0},c_shared:{source:"feature",temperature:1.0,top_k:0},d_cond:{source:"feature",temperature:1.0,top_k:0},e_scalar:{source:"feature",temperature:1.0,top_k:0},wrapper:{alpha_d:1.0,alpha_struct:1.0,alpha_a:1.0}},micro:{a_joint:{source:"feature",temperature:1.0,top_k:0},b_group:{source:"feature",temperature:1.0,top_k:0},c_shared:{source:"feature",temperature:1.0,top_k:0},d_cond:{source:"feature",temperature:1.0,top_k:0},e_scalar:{source:"feature",temperature:1.0,top_k:0},wrapper:{alpha_d:1.0,alpha_struct:1.0,alpha_a:1.0}}} ++stage_router_wrapper={macro:"w4_bxd",mid:"w6_bxd_plus_a",micro:"w1_flat"} ++macro_history_window=5 ++stage_router_granularity={macro:"session",mid:"session",micro:"token"} ++stage_family_dropout_prob={macro:0.1,mid:0.1,micro:0.1} ++stage_feature_dropout_prob={macro:0.0,mid:0.0,micro:0.0} ++stage_feature_dropout_scope={macro:"token",mid:"token",micro:"token"} ++route_consistency_pairs=1 ++route_consistency_min_sim=0.995 ++stage_feature_drop_keywords=["cat","theme"]
/venv/FMoE/lib/python3.10/site-packages/ray/_private/parameter.py:4: UserWarning: pkg_resources is deprecated as an API. See https://setuptools.pypa.io/en/latest/pkg_resources.html. The pkg_resources package is slated for removal as early as 2025-11-30. Refrain from using this package or pin to Setuptools<81.
  import pkg_resources
[RUN_STATUS] START pid=42823 ts=2026-04-02T18:04:55

=================================================================
  Hyperopt TPE  |  FeaturedMoE_N3 x lastfm0.03
  max_evals=20  epochs=100  patience=10  wandb=off
  batch_size(train/valid/test)=4096/4096/4096
  track=fmoe_n3  axis=final_all_datasets  phase=P14_FAD_A3_LASTFM0_03_H3_S1
=================================================================
Changed knobs: learning_rate
Tuned params(len>1): 1  (~1 discrete combos)
Tuned groups: 1
  [optimization]
    learning_rate                   [0.00015, 0.008]                          -> loguniform
Fixed params(singleton/non-list): 3
Fixed groups: 3
  [optimization]
    hidden_dropout_prob             0.18                                    
    weight_decay                    2e-06                                   
  [other]
    lr_scheduler_type               warmup_cosine                           

[Wandb] disabled for this hyperopt run

[1/20] learning_rate=0.0004982
  -> MRR@20=0.233400  best=0.233400  (early_stop@47, trial=15.1min, avg=15.2min/trial, total=15.2min, ETA=4.81h)
[TRIAL_METRICS] cur_best_mrr20=0.233400 cur_best_hr10=0.284600 cur_test_mrr20=0.238100 cur_test_hr10=0.289900 run_best_mrr20=0.233400 run_best_hr10=0.284600 run_test_mrr20=0.238100 run_test_hr10=0.289900

[2/20] learning_rate=0.001575
  -> MRR@20=0.229100  best=0.233400  (early_stop@20, trial=6.5min, avg=10.8min/trial, total=21.7min, ETA=3.25h)
[TRIAL_METRICS] cur_best_mrr20=0.229100 cur_best_hr10=0.291800 cur_test_mrr20=0.230900 cur_test_hr10=0.290900 run_best_mrr20=0.233400 run_best_hr10=0.284600 run_test_mrr20=0.238100 run_test_hr10=0.289900

[3/20] learning_rate=0.0005083
  -> MRR@20=0.233300  best=0.233400  (early_stop@38, trial=12.2min, avg=11.3min/trial, total=33.9min, ETA=3.20h)
[TRIAL_METRICS] cur_best_mrr20=0.233300 cur_best_hr10=0.291300 cur_test_mrr20=0.236500 cur_test_hr10=0.293000 run_best_mrr20=0.233400 run_best_hr10=0.284600 run_test_mrr20=0.238100 run_test_hr10=0.289900

[4/20] learning_rate=0.0002928
  -> MRR@20=0.231500  best=0.233400  (early_stop@59, trial=19.0min, avg=13.2min/trial, total=52.9min, ETA=3.53h)
[TRIAL_METRICS] cur_best_mrr20=0.231500 cur_best_hr10=0.296000 cur_test_mrr20=0.234700 cur_test_hr10=0.296800 run_best_mrr20=0.233400 run_best_hr10=0.284600 run_test_mrr20=0.238100 run_test_hr10=0.289900

[5/20] learning_rate=0.0009254
  -> MRR@20=0.233700  best=0.233700  (early_stop@26, trial=8.4min, avg=12.3min/trial, total=1.02h, ETA=3.06h)
[TRIAL_METRICS] cur_best_mrr20=0.233700 cur_best_hr10=0.289100 cur_test_mrr20=0.234800 cur_test_hr10=0.292800 run_best_mrr20=0.233700 run_best_hr10=0.289100 run_test_mrr20=0.234800 run_test_hr10=0.292800

[6/20] learning_rate=0.0009263
  -> MRR@20=0.233700  best=0.233700  (early_stop@26, trial=8.4min, avg=11.6min/trial, total=1.16h, ETA=2.71h)
[TRIAL_METRICS] cur_best_mrr20=0.233700 cur_best_hr10=0.289100 cur_test_mrr20=0.234700 cur_test_hr10=0.292800 run_best_mrr20=0.233700 run_best_hr10=0.289100 run_test_mrr20=0.234700 run_test_hr10=0.292800

[7/20] learning_rate=0.003665
  -> MRR@20=0.220100  best=0.233700  (early_stop@17, trial=5.5min, avg=10.7min/trial, total=1.25h, ETA=2.33h)
[TRIAL_METRICS] cur_best_mrr20=0.220100 cur_best_hr10=0.280600 cur_test_mrr20=0.223000 cur_test_hr10=0.276300 run_best_mrr20=0.233700 run_best_hr10=0.289100 run_test_mrr20=0.234800 run_test_hr10=0.292800

[8/20] learning_rate=0.0004718
  -> MRR@20=0.234500  best=0.234500  (early_stop@45, trial=14.4min, avg=11.2min/trial, total=1.49h, ETA=2.24h)
[TRIAL_METRICS] cur_best_mrr20=0.234500 cur_best_hr10=0.290200 cur_test_mrr20=0.237700 cur_test_hr10=0.291700 run_best_mrr20=0.234500 run_best_hr10=0.290200 run_test_mrr20=0.237700 run_test_hr10=0.291700

[9/20] learning_rate=0.006596
  -> MRR@20=0.132200  best=0.234500  (full@100, trial=32.5min, avg=13.6min/trial, total=2.04h, ETA=2.49h)
[TRIAL_METRICS] cur_best_mrr20=0.132200 cur_best_hr10=0.174900 cur_test_mrr20=0.131300 cur_test_hr10=0.175900 run_best_mrr20=0.234500 run_best_hr10=0.290200 run_test_mrr20=0.237700 run_test_hr10=0.291700

[10/20] learning_rate=0.0002365
  -> MRR@20=0.230300  best=0.234500  (early_stop@86, trial=27.1min, avg=14.9min/trial, total=2.49h, ETA=2.49h)
[TRIAL_METRICS] cur_best_mrr20=0.230300 cur_best_hr10=0.295200 cur_test_mrr20=0.234900 cur_test_hr10=0.296000 run_best_mrr20=0.234500 run_best_hr10=0.290200 run_test_mrr20=0.237700 run_test_hr10=0.291700

[11/20] learning_rate=0.005768
  -> MRR@20=0.208300  best=0.234500  (early_stop@20, trial=6.2min, avg=14.1min/trial, total=2.59h, ETA=2.12h)
[TRIAL_METRICS] cur_best_mrr20=0.208300 cur_best_hr10=0.256200 cur_test_mrr20=0.209900 cur_test_hr10=0.257400 run_best_mrr20=0.234500 run_best_hr10=0.290200 run_test_mrr20=0.237700 run_test_hr10=0.291700

[12/20] learning_rate=0.0004372
  -> MRR@20=0.234100  best=0.234500  (early_stop@50, trial=15.9min, avg=14.3min/trial, total=2.86h, ETA=1.91h)
[TRIAL_METRICS] cur_best_mrr20=0.234100 cur_best_hr10=0.288300 cur_test_mrr20=0.237100 cur_test_hr10=0.291400 run_best_mrr20=0.234500 run_best_hr10=0.290200 run_test_mrr20=0.237700 run_test_hr10=0.291700

[13/20] learning_rate=0.004181
  -> MRR@20=0.215800  best=0.234500  (early_stop@17, trial=5.2min, avg=13.6min/trial, total=2.95h, ETA=1.59h)
[TRIAL_METRICS] cur_best_mrr20=0.215800 cur_best_hr10=0.276900 cur_test_mrr20=0.219300 cur_test_hr10=0.277400 run_best_mrr20=0.234500 run_best_hr10=0.290200 run_test_mrr20=0.237700 run_test_hr10=0.291700

[14/20] learning_rate=0.001212
  -> MRR@20=0.231500  best=0.234500  (early_stop@22, trial=6.7min, avg=13.1min/trial, total=3.06h, ETA=1.31h)
[TRIAL_METRICS] cur_best_mrr20=0.231500 cur_best_hr10=0.293100 cur_test_mrr20=0.236500 cur_test_hr10=0.290900 run_best_mrr20=0.234500 run_best_hr10=0.290200 run_test_mrr20=0.237700 run_test_hr10=0.291700

[15/20] learning_rate=0.001078
  -> MRR@20=0.232500  best=0.234500  (early_stop@24, trial=7.4min, avg=12.7min/trial, total=3.18h, ETA=1.06h)
[TRIAL_METRICS] cur_best_mrr20=0.232500 cur_best_hr10=0.292600 cur_test_mrr20=0.237100 cur_test_hr10=0.290100 run_best_mrr20=0.234500 run_best_hr10=0.290200 run_test_mrr20=0.237700 run_test_hr10=0.291700

[16/20] learning_rate=0.0007477
  -> MRR@20=0.232200  best=0.234500  (early_stop@29, trial=9.4min, avg=12.5min/trial, total=3.34h, ETA=50.1min)
[TRIAL_METRICS] cur_best_mrr20=0.232200 cur_best_hr10=0.296000 cur_test_mrr20=0.237600 cur_test_hr10=0.293800 run_best_mrr20=0.234500 run_best_hr10=0.290200 run_test_mrr20=0.237700 run_test_hr10=0.291700

[17/20] learning_rate=0.006358
  -> MRR@20=0.198600  best=0.234500  (early_stop@49, trial=15.2min, avg=12.7min/trial, total=3.59h, ETA=38.0min)
[TRIAL_METRICS] cur_best_mrr20=0.198600 cur_best_hr10=0.238400 cur_test_mrr20=0.200700 cur_test_hr10=0.241800 run_best_mrr20=0.234500 run_best_hr10=0.290200 run_test_mrr20=0.237700 run_test_hr10=0.291700

[18/20] learning_rate=0.00694
  -> MRR@20=0.191100  best=0.234500  (early_stop@42, trial=13.1min, avg=12.7min/trial, total=3.81h, ETA=25.4min)
[TRIAL_METRICS] cur_best_mrr20=0.191100 cur_best_hr10=0.231700 cur_test_mrr20=0.194100 cur_test_hr10=0.237200 run_best_mrr20=0.234500 run_best_hr10=0.290200 run_test_mrr20=0.237700 run_test_hr10=0.291700

[19/20] learning_rate=0.0006765
  -> MRR@20=0.232600  best=0.234500  (early_stop@34, trial=10.6min, avg=12.6min/trial, total=3.99h, ETA=12.6min)
[TRIAL_METRICS] cur_best_mrr20=0.232600 cur_best_hr10=0.289400 cur_test_mrr20=0.237600 cur_test_hr10=0.290600 run_best_mrr20=0.234500 run_best_hr10=0.290200 run_test_mrr20=0.237700 run_test_hr10=0.291700

[20/20] learning_rate=0.0004049
  -> MRR@20=0.233200  best=0.234500  (early_stop@53, trial=16.8min, avg=12.8min/trial, total=4.27h, ETA=0s)
[TRIAL_METRICS] cur_best_mrr20=0.233200 cur_best_hr10=0.288600 cur_test_mrr20=0.236700 cur_test_hr10=0.291400 run_best_mrr20=0.234500 run_best_hr10=0.290200 run_test_mrr20=0.237700 run_test_hr10=0.291700
[1;35mEvaluate   [0m:   0%|                                                            | 0/1 [00:00<?, ?it/s][0m[1;35mEvaluate   [0m:   0%|                                  | 0/1 [00:01<?, ?it/s, [1;33mGPU RAM: 11.44 G/23.56 G[0m][0m[1;35mEvaluate   [0m: 100%|██████████████████████████| 1/1 [00:01<00:00,  1.53s/it, [1;33mGPU RAM: 11.44 G/23.56 G[0m][0m                                                                                                    [1;35mEvaluate   [0m:   0%|                                                            | 0/1 [00:00<?, ?it/s][0m[1;35mEvaluate   [0m:   0%|                                  | 0/1 [00:01<?, ?it/s, [1;33mGPU RAM: 11.44 G/23.56 G[0m][0m[1;35mEvaluate   [0m: 100%|██████████████████████████| 1/1 [00:01<00:00,  1.60s/it, [1;33mGPU RAM: 11.44 G/23.56 G[0m][0m                                                                                                    [1;35mEvaluate   [0m:   0%|                                                            | 0/1 [00:00<?, ?it/s][0m[1;35mEvaluate   [0m:   0%|                                  | 0/1 [00:01<?, ?it/s, [1;33mGPU RAM: 11.44 G/23.56 G[0m][0m[1;35mEvaluate   [0m: 100%|██████████████████████████| 1/1 [00:01<00:00,  1.48s/it, [1;33mGPU RAM: 11.44 G/23.56 G[0m][0m                                                                                                    
=================================================================
  DONE  |  FeaturedMoE_N3 x lastfm0.03
  Best MRR@20 = 0.234500  |  20/20 trials OK
  Best HR@10  = 0.290200
  Test MRR@20 = 0.237700  (best-valid checkpoint)
  Test HR@10  = 0.291700  (best-valid checkpoint)
[RUN_METRICS] best_valid_mrr20=0.234500 best_valid_hr10=0.290200 test_mrr20=0.237700 test_hr10=0.291700
  Total time: 256.1 min
  Best params:
    learning_rate: 0.00047181
  Results -> /workspace/jy1559/FMoE/experiments/run/artifacts/results/fmoe_n3/lastfm0.03_FeaturedMoE_N3_p14_fad_a3_lastfm0_03_h3_s1_20260402_180455_732694_pid42823.json
  Normal mirror -> /workspace/jy1559/FMoE/experiments/run/artifacts/results/fmoe_n3/normal/final_all_datasets/P14/lastfm0.03/FMoEN3/lastfm0.03_FeaturedMoE_N3_p14_fad_a3_lastfm0_03_h3_s1_20260402_180455_732694_pid42823.json
  Special result -> /workspace/jy1559/FMoE/experiments/run/artifacts/results/fmoe_n3/special/final_all_datasets/P14/lastfm0.03/FMoEN3/lastfm0.03_FeaturedMoE_N3_p14_fad_a3_lastfm0_03_h3_s1_20260402_180455_732694_pid42823_special_metrics.json
  Special log -> /workspace/jy1559/FMoE/experiments/run/artifacts/logs/fmoe_n3/special/final_all_datasets/P14/lastfm0.03/FMoEN3/lastfm0.03_FeaturedMoE_N3_p14_fad_a3_lastfm0_03_h3_s1_20260402_180455_732694_pid42823_special_metrics.json
=================================================================

[RUN_STATUS] END status=normal pid=42823 start=2026-04-02T18:04:55 end=2026-04-02T22:21:02
