# job_id=ADD_STAGE3_LASTFM0_03_BSAREC_C2_SEED1 dataset=lastfm0.03 model=bsarec stage=stage3
# cmd=/venv/FMoE/bin/python /workspace/FeaturedMoE/experiments/hyperopt_tune.py --config-name tune_lfm_small --search-algo tpe --max-evals 1 --tune-epochs 100 --tune-patience 10 --seed 930035 --run-group final_experiment_addtuning --run-axis add_stage3_seed_confirm --run-phase ADD_STAGE3_LASTFM0_03_BSAREC_C2_SEED1 model=bsarec dataset=lastfm0.03 eval_mode=session_fixed feature_mode=full_v4 ++eval_sampling.mode=full ++eval_sampling.auto_full_threshold=999999999 ++special_logging=true ++exclude_unseen_target_from_main_eval=true ++log_unseen_target_metrics=true gpu_id=7 log_wandb=false show_progress=false ++seed=930035 --max-run-hours 2 --oom-retry-limit 5 ++search.dropout_ratio=[0.12] ++search_space_type_overrides.dropout_ratio=choice ++search.MAX_ITEM_LIST_LENGTH=[20] ++search_space_type_overrides.MAX_ITEM_LIST_LENGTH=choice ++search.attn_dropout_prob=[0.06] ++search_space_type_overrides.attn_dropout_prob=choice ++search.bsarec_alpha=[0.5] ++search_space_type_overrides.bsarec_alpha=choice ++search.bsarec_c=[7] ++search_space_type_overrides.bsarec_c=choice ++search.embedding_size=[160] ++search_space_type_overrides.embedding_size=choice ++search.hidden_dropout_prob=[0.12] ++search_space_type_overrides.hidden_dropout_prob=choice ++search.hidden_size=[64] ++search_space_type_overrides.hidden_size=choice ++search.inner_size=[256] ++search_space_type_overrides.inner_size=choice ++search.learning_rate=[0.00073587] ++search_space_type_overrides.learning_rate=choice ++search.num_heads=[2] ++search_space_type_overrides.num_heads=choice ++search.num_layers=[1] ++search_space_type_overrides.num_layers=choice ++search.weight_decay=[1e-06] ++search_space_type_overrides.weight_decay=choice

/venv/FMoE/lib/python3.10/site-packages/ray/_private/parameter.py:4: UserWarning: pkg_resources is deprecated as an API. See https://setuptools.pypa.io/en/latest/pkg_resources.html. The pkg_resources package is slated for removal as early as 2025-11-30. Refrain from using this package or pin to Setuptools<81.
  import pkg_resources
[RUN_STATUS] START pid=1757588 ts=2026-04-19T08:25:18

=================================================================
  Hyperopt  |  BSARec x lastfm0.03
  max_evals=1  epochs=100  patience=10  wandb=off
  search_algo=tpe
  max_run_hours=2.000  (stop launching new trials after current trial)
  oom_retry_limit=5  (halve train/eval batch size on OOM)
  batch_size(train/valid/test)=2048/4096/4096
  track=final_experiment_addtuning  axis=add_stage3_seed_confirm  phase=ADD_STAGE3_LASTFM0_03_BSAREC_C2_SEED1
=================================================================
Changed knobs: (none; single-run mode)
Tuned params(len>1): 0  (~1 discrete combos)
Tuned groups: 0
  (none)
Fixed params(singleton/non-list): 13
Fixed groups: 13
  [optimization]
    hidden_dropout_prob             0.12                                    
    learning_rate                   0.00073587                              
    weight_decay                    1e-06                                   
  [model_core]
    attn_dropout_prob               0.06                                    
    dropout_ratio                   0.12                                    
    embedding_size                  160                                     
    hidden_size                     64                                      
    inner_size                      256                                     
    num_heads                       2                                       
    num_layers                      1                                       
  [other]
    MAX_ITEM_LIST_LENGTH            20                                      
    bsarec_alpha                    0.5                                     
    bsarec_c                        7                                       

[Wandb] disabled for this hyperopt run

[1/1] (fixed-only run)
  -> MRR@20=0.290800  best=0.290800  (early_stop@72, trial=8.2min, avg=8.4min/trial, total=8.4min, ETA=0s)
[TRIAL_METRICS] cur_best_mrr20=0.290800 cur_best_hr10=0.337500 cur_test_mrr20=0.281500 cur_test_hr10=0.330800 avg_epoch_time_sec=6.8451 test_eval_time_sec=0.0797 test_eval_batches_per_sec=12.5471 test_eval_targets_per_sec=43149.3136 run_best_mrr20=0.290800 run_best_hr10=0.337500 run_test_mrr20=0.281500 run_test_hr10=0.330800

=================================================================
  DONE  |  BSARec x lastfm0.03
  Best MRR@20 = 0.290800  |  1/1 trials OK
  Best HR@10  = 0.337500
  Test MRR@20 = 0.281500  (best-valid checkpoint)
  Test HR@10  = 0.330800  (best-valid checkpoint)
  Avg epoch time = 6.845 sec/epoch
  Final test eval = 0.080 sec | batches/s=12.547 | targets/s=43149.314
[RUN_METRICS] best_valid_mrr20=0.290800 best_valid_hr10=0.337500 test_mrr20=0.281500 test_hr10=0.330800 avg_epoch_time_sec=6.8451 test_eval_time_sec=0.0797 test_eval_batches_per_sec=12.5471 test_eval_targets_per_sec=43149.3136
  Total time: 8.4 min
  Best params:
  Results -> /workspace/FeaturedMoE/experiments/run/artifacts/results/final_experiment_addtuning/lastfm0.03_BSARec_add_stage3_lastfm0_03_bsarec_c2_seed1_20260419_082518_797581_pid1757588.json
  Normal mirror -> /workspace/FeaturedMoE/experiments/run/artifacts/results/final_experiment_addtuning/normal/add_stage3_seed_confirm/ADD/lastfm0.03/BSARec/lastfm0.03_BSARec_add_stage3_lastfm0_03_bsarec_c2_seed1_20260419_082518_797581_pid1757588.json
  Special result -> /workspace/FeaturedMoE/experiments/run/artifacts/results/final_experiment_addtuning/special/add_stage3_seed_confirm/ADD/lastfm0.03/BSARec/lastfm0.03_BSARec_add_stage3_lastfm0_03_bsarec_c2_seed1_20260419_082518_797581_pid1757588_special_metrics.json
  Special log -> /workspace/FeaturedMoE/experiments/run/artifacts/logs/final_experiment_addtuning/special/add_stage3_seed_confirm/ADD/lastfm0.03/BSARec/lastfm0.03_BSARec_add_stage3_lastfm0_03_bsarec_c2_seed1_20260419_082518_797581_pid1757588_special_metrics.json
=================================================================

[RUN_STATUS] END status=normal pid=1757588 start=2026-04-19T08:25:18 end=2026-04-19T08:33:42
