# job_id=S2_MOVIELENS1M_DUOREC dataset=movielens1m model=duorec stage=stage2
# cmd=/venv/FMoE/bin/python hyperopt_tune.py --config-name tune_ml --search-algo tpe --max-evals 10 --tune-epochs 60 --tune-patience 6 --seed 710022 --run-group final_experiment --run-axis stage2_focus_search --run-phase S2_MOVIELENS1M_DUOREC model=duorec dataset=movielens1m eval_mode=session_fixed feature_mode=full_v4 ++eval_sampling.mode=full ++eval_sampling.auto_full_threshold=999999999 ++special_logging=true ++exclude_unseen_target_from_main_eval=true ++log_unseen_target_metrics=true gpu_id=4 log_wandb=false show_progress=false ++seed=710022 --max-run-hours 2 --oom-retry-limit 2 ++search.learning_rate=[0.00017541,0.00024807,0.00035082,0.00049613,0.00070164] ++search_space_type_overrides.learning_rate=choice ++search.weight_decay=[0.0,0.00010229593556023368,0.00015,0.0001] ++search_space_type_overrides.weight_decay=choice ++search.MAX_ITEM_LIST_LENGTH=[20,10,30,50] ++search_space_type_overrides.MAX_ITEM_LIST_LENGTH=choice ++search.hidden_size=[128,112,96,160] ++search_space_type_overrides.hidden_size=choice ++search.embedding_size=[112,96,160,128] ++search_space_type_overrides.embedding_size=choice ++search.n_layers=[2,1,3] ++search_space_type_overrides.n_layers=choice ++search.n_heads=[2,4,1] ++search_space_type_overrides.n_heads=choice ++search.hidden_dropout_prob=[0.05,0.1,0.12,0.15] ++search_space_type_overrides.hidden_dropout_prob=choice ++search.attn_dropout_prob=[0.08,0.1,0.12,0.15] ++search_space_type_overrides.attn_dropout_prob=choice ++search.tau=[0.225,0.18,0.2,0.22] ++search_space_type_overrides.tau=choice ++search.lmd=[0.06,0.03,0.05,0.04] ++search_space_type_overrides.lmd=choice ++search.lmd_sem=[0.0,0.04,0.05,0.08] ++search_space_type_overrides.lmd_sem=choice ++search.inner_size=[256] ++search_space_type_overrides.inner_size=choice ++search.dropout_ratio=[0.12] ++search_space_type_overrides.dropout_ratio=choice

/venv/FMoE/lib/python3.10/site-packages/ray/_private/parameter.py:4: UserWarning: pkg_resources is deprecated as an API. See https://setuptools.pypa.io/en/latest/pkg_resources.html. The pkg_resources package is slated for removal as early as 2025-11-30. Refrain from using this package or pin to Setuptools<81.
  import pkg_resources
[RUN_STATUS] START pid=575492 ts=2026-04-18T08:04:47
[UniqueChoice] disabled: finite choice-only space has 11796480 combos, exceeding enumeration cap 200000

=================================================================
  Hyperopt  |  DuoRec x movielens1m
  max_evals=10  epochs=60  patience=6  wandb=off
  search_algo=tpe
  max_run_hours=2.000  (stop launching new trials after current trial)
  oom_retry_limit=2  (halve train/eval batch size on OOM)
  batch_size(train/valid/test)=4096/4096/4096
  track=final_experiment  axis=stage2_focus_search  phase=S2_MOVIELENS1M_DUOREC
=================================================================
Changed knobs: MAX_ITEM_LIST_LENGTH, attn_dropout_prob, embedding_size, hidden_dropout_prob, hidden_size, learning_rate, lmd, lmd_sem, n_heads, n_layers, tau, weight_decay
Tuned params(len>1): 12  (~11796480 discrete combos)
Tuned groups: 12
  [optimization]
    hidden_dropout_prob             [0.05, 0.1, 0.12, 0.15]                   -> choice
    learning_rate                   [0.00017541, 0.00024807, 0.00035082, 0.00049613, 0.00070164]  -> choice
    weight_decay                    [0.0, 0.00010229593556023368, 0.00015, 0.0001]  -> choice
  [model_core]
    attn_dropout_prob               [0.08, 0.1, 0.12, 0.15]                   -> choice
    embedding_size                  [112, 96, 160, 128]                       -> choice
    hidden_size                     [128, 112, 96, 160]                       -> choice
  [other]
    MAX_ITEM_LIST_LENGTH            [20, 10, 30, 50]                          -> choice
    lmd                             [0.06, 0.03, 0.05, 0.04]                  -> choice
    lmd_sem                         [0.0, 0.04, 0.05, 0.08]                   -> choice
    n_heads                         [2, 4, 1]                                 -> choice
    n_layers                        [2, 1, 3]                                 -> choice
    tau                             [0.225, 0.18, 0.2, 0.22]                  -> choice
Fixed params(singleton/non-list): 2
Fixed groups: 2
  [model_core]
    dropout_ratio                   0.12                                    
    inner_size                      256                                     

[Wandb] disabled for this hyperopt run

[1/10] MAX_ITEM_LIST_LENGTH=10, attn_dropout_prob=0.15, embedding_size=96, hidden_dropout_prob=0.12, hidden_size=160, learning_rate=0.0007016, lmd=0.04, lmd_sem=0.05, n_heads=4, n_layers=1, tau=0.18, weight_decay=0.0001023
  -> MRR@20=0.053500  best=0.053500  (early_stop@50, trial=22.0min, avg=22.2min/trial, total=22.2min, ETA=3.33h)
[TRIAL_METRICS] cur_best_mrr20=0.053500 cur_best_hr10=0.144200 cur_test_mrr20=0.046700 cur_test_hr10=0.111100 avg_epoch_time_sec=26.3507 test_eval_time_sec=0.0534 test_eval_batches_per_sec=18.7362 test_eval_targets_per_sec=40451.4513 run_best_mrr20=0.053500 run_best_hr10=0.144200 run_test_mrr20=0.046700 run_test_hr10=0.111100

[2/10] MAX_ITEM_LIST_LENGTH=20, attn_dropout_prob=0.12, embedding_size=160, hidden_dropout_prob=0.05, hidden_size=112, learning_rate=0.0001754, lmd=0.05, lmd_sem=0.08, n_heads=1, n_layers=2, tau=0.22, weight_decay=0
  -> MRR@20=0.008900  best=0.053500  (early_stop@7, trial=4.0min, avg=13.2min/trial, total=26.4min, ETA=1.76h)
[TRIAL_METRICS] cur_best_mrr20=0.008900 cur_best_hr10=0.024000 cur_test_mrr20=0.007000 cur_test_hr10=0.018600 avg_epoch_time_sec=34.1641 test_eval_time_sec=0.0604 test_eval_batches_per_sec=16.5650 test_eval_targets_per_sec=35763.8035 run_best_mrr20=0.053500 run_best_hr10=0.144200 run_test_mrr20=0.046700 run_test_hr10=0.111100

[3/10] MAX_ITEM_LIST_LENGTH=20, attn_dropout_prob=0.15, embedding_size=96, hidden_dropout_prob=0.05, hidden_size=128, learning_rate=0.0004961, lmd=0.05, lmd_sem=0.05, n_heads=2, n_layers=2, tau=0.22, weight_decay=0.0001
  -> MRR@20=0.007500  best=0.053500  (early_stop@9, trial=5.4min, avg=10.6min/trial, total=31.8min, ETA=1.24h)
[TRIAL_METRICS] cur_best_mrr20=0.007500 cur_best_hr10=0.020700 cur_test_mrr20=0.010600 cur_test_hr10=0.024200 avg_epoch_time_sec=36.2461 test_eval_time_sec=0.0710 test_eval_batches_per_sec=14.0877 test_eval_targets_per_sec=30415.2512 run_best_mrr20=0.053500 run_best_hr10=0.144200 run_test_mrr20=0.046700 run_test_hr10=0.111100

[4/10] MAX_ITEM_LIST_LENGTH=50, attn_dropout_prob=0.1, embedding_size=96, hidden_dropout_prob=0.1, hidden_size=112, learning_rate=0.0002481, lmd=0.04, lmd_sem=0.04, n_heads=4, n_layers=2, tau=0.22, weight_decay=0.0001
  -> MRR@20=0.007400  best=0.053500  (early_stop@7, trial=6.1min, avg=9.5min/trial, total=38.2min, ETA=57.3min)
[TRIAL_METRICS] cur_best_mrr20=0.007400 cur_best_hr10=0.021700 cur_test_mrr20=0.007500 cur_test_hr10=0.020400 avg_epoch_time_sec=52.3841 test_eval_time_sec=0.0649 test_eval_batches_per_sec=15.3988 test_eval_targets_per_sec=33246.0857 run_best_mrr20=0.053500 run_best_hr10=0.144200 run_test_mrr20=0.046700 run_test_hr10=0.111100

[5/10] MAX_ITEM_LIST_LENGTH=20, attn_dropout_prob=0.1, embedding_size=160, hidden_dropout_prob=0.1, hidden_size=128, learning_rate=0.0002481, lmd=0.04, lmd_sem=0.05, n_heads=4, n_layers=2, tau=0.22, weight_decay=0.00015
  -> MRR@20=0.007000  best=0.053500  (early_stop@8, trial=4.9min, avg=8.6min/trial, total=43.2min, ETA=43.2min)
[TRIAL_METRICS] cur_best_mrr20=0.007000 cur_best_hr10=0.021200 cur_test_mrr20=0.010400 cur_test_hr10=0.023700 avg_epoch_time_sec=36.3508 test_eval_time_sec=0.0600 test_eval_batches_per_sec=16.6758 test_eval_targets_per_sec=36003.1104 run_best_mrr20=0.053500 run_best_hr10=0.144200 run_test_mrr20=0.046700 run_test_hr10=0.111100

[6/10] MAX_ITEM_LIST_LENGTH=30, attn_dropout_prob=0.15, embedding_size=160, hidden_dropout_prob=0.05, hidden_size=112, learning_rate=0.0002481, lmd=0.04, lmd_sem=0.05, n_heads=4, n_layers=3, tau=0.2, weight_decay=0.0001
  -> MRR@20=0.008600  best=0.053500  (early_stop@7, trial=6.0min, avg=8.2min/trial, total=49.4min, ETA=32.9min)
[TRIAL_METRICS] cur_best_mrr20=0.008600 cur_best_hr10=0.022100 cur_test_mrr20=0.008500 cur_test_hr10=0.021400 avg_epoch_time_sec=51.2930 test_eval_time_sec=0.0644 test_eval_batches_per_sec=15.5188 test_eval_targets_per_sec=33505.1442 run_best_mrr20=0.053500 run_best_hr10=0.144200 run_test_mrr20=0.046700 run_test_hr10=0.111100

[7/10] MAX_ITEM_LIST_LENGTH=50, attn_dropout_prob=0.1, embedding_size=96, hidden_dropout_prob=0.15, hidden_size=112, learning_rate=0.0003508, lmd=0.03, lmd_sem=0.05, n_heads=1, n_layers=2, tau=0.225, weight_decay=0.0001023
  -> MRR@20=0.007300  best=0.053500  (early_stop@7, trial=5.5min, avg=7.9min/trial, total=55.1min, ETA=23.6min)
[TRIAL_METRICS] cur_best_mrr20=0.007300 cur_best_hr10=0.018400 cur_test_mrr20=0.008100 cur_test_hr10=0.022300 avg_epoch_time_sec=47.2274 test_eval_time_sec=0.0622 test_eval_batches_per_sec=16.0714 test_eval_targets_per_sec=34698.0701 run_best_mrr20=0.053500 run_best_hr10=0.144200 run_test_mrr20=0.046700 run_test_hr10=0.111100

[8/10] MAX_ITEM_LIST_LENGTH=20, attn_dropout_prob=0.08, embedding_size=160, hidden_dropout_prob=0.15, hidden_size=160, learning_rate=0.0007016, lmd=0.06, lmd_sem=0.05, n_heads=1, n_layers=2, tau=0.22, weight_decay=0.0001023
  -> MRR@20=0.061100  best=0.061100  (full@60, trial=36.9min, avg=11.5min/trial, total=1.53h, ETA=23.0min)
[TRIAL_METRICS] cur_best_mrr20=0.061100 cur_best_hr10=0.154400 cur_test_mrr20=0.051600 cur_test_hr10=0.125000 avg_epoch_time_sec=36.8988 test_eval_time_sec=0.0597 test_eval_batches_per_sec=16.7503 test_eval_targets_per_sec=36164.0023 run_best_mrr20=0.061100 run_best_hr10=0.154400 run_test_mrr20=0.051600 run_test_hr10=0.125000

[9/10] MAX_ITEM_LIST_LENGTH=30, attn_dropout_prob=0.12, embedding_size=112, hidden_dropout_prob=0.15, hidden_size=96, learning_rate=0.0004961, lmd=0.05, lmd_sem=0, n_heads=4, n_layers=2, tau=0.22, weight_decay=0.0001023
  -> MRR@20=0.084700  best=0.084700  (early_stop@48, trial=31.7min, avg=13.8min/trial, total=2.07h, ETA=13.8min)
[TRIAL_METRICS] cur_best_mrr20=0.084700 cur_best_hr10=0.220700 cur_test_mrr20=0.055100 cur_test_hr10=0.152000 avg_epoch_time_sec=39.6295 test_eval_time_sec=0.0598 test_eval_batches_per_sec=16.7327 test_eval_targets_per_sec=36125.9144 run_best_mrr20=0.084700 run_best_hr10=0.220700 run_test_mrr20=0.055100 run_test_hr10=0.152000
[TIME_BUDGET] reached limit=2.000h after 9/10 trials (elapsed=2.07h). Stopping new trials and finalizing current best.

=================================================================
  DONE  |  DuoRec x movielens1m
  Best MRR@20 = 0.084700  |  9/10 trials OK
  Best HR@10  = 0.220700
  Test MRR@20 = 0.055100  (best-valid checkpoint)
  Test HR@10  = 0.152000  (best-valid checkpoint)
  Stop reason = time_budget(2.000h) reached at 2.07h
  Avg epoch time = 39.630 sec/epoch
  Final test eval = 0.060 sec | batches/s=16.733 | targets/s=36125.914
[RUN_METRICS] best_valid_mrr20=0.084700 best_valid_hr10=0.220700 test_mrr20=0.055100 test_hr10=0.152000 avg_epoch_time_sec=39.6295 test_eval_time_sec=0.0598 test_eval_batches_per_sec=16.7327 test_eval_targets_per_sec=36125.9144
  Total time: 123.9 min
  Best params:
    MAX_ITEM_LIST_LENGTH: 30
    attn_dropout_prob: 0.12
    embedding_size: 112
    hidden_dropout_prob: 0.15
    hidden_size: 96
    learning_rate: 0.00049613
    lmd: 0.05
    lmd_sem: 0
    n_heads: 4
    n_layers: 2
    tau: 0.22
    weight_decay: 0.000102296
  Results -> /workspace/FeaturedMoE/experiments/run/artifacts/results/final_experiment/movielens1m_DuoRec_s2_movielens1m_duorec_20260418_080448_085271_pid575492.json
  Normal mirror -> /workspace/FeaturedMoE/experiments/run/artifacts/results/final_experiment/normal/stage2_focus_search/S2/movielens1m/DuoRec/movielens1m_DuoRec_s2_movielens1m_duorec_20260418_080448_085271_pid575492.json
  Special result -> /workspace/FeaturedMoE/experiments/run/artifacts/results/final_experiment/special/stage2_focus_search/S2/movielens1m/DuoRec/movielens1m_DuoRec_s2_movielens1m_duorec_20260418_080448_085271_pid575492_special_metrics.json
  Special log -> /workspace/FeaturedMoE/experiments/run/artifacts/logs/final_experiment/special/stage2_focus_search/S2/movielens1m/DuoRec/movielens1m_DuoRec_s2_movielens1m_duorec_20260418_080448_085271_pid575492_special_metrics.json
=================================================================

[RUN_STATUS] END status=normal pid=575492 start=2026-04-18T08:04:47 end=2026-04-18T10:08:44
