[RUN_STATUS] START pid=174289 ts=2026-03-11T17:03:56

=================================================================
  Hyperopt TPE  |  GRU4Rec x KuaiRecSmall0.1
  max_evals=1  epochs=1  patience=1  wandb=off
  batch_size(train/valid/test)=8192/16384/16384
  track=baseline  axis=hparam  phase=P0_SMOKE_A_pair01_C1
=================================================================
Changed knobs: dropout_ratio, learning_rate, weight_decay
Tuned params(len>1): 3  (~28 discrete combos)
Tuned groups: 3
  [optimization]
    learning_rate                   [0.0001, 0.008]                           -> loguniform
    weight_decay                    [0.0, 1e-07, 1e-06, 1e-05, 5e-05, 0.0001, 0.0005]  -> choice
  [model_core]
    dropout_ratio                   [0.0, 0.05, 0.1, 0.15]                    -> choice
Fixed params(singleton/non-list): 1
Fixed groups: 1
  [model_core]
    num_layers                      1                                       

[Wandb] disabled for this hyperopt run

[1/1] dropout_ratio=0.15, learning_rate=0.001514, weight_decay=0
    [Device] CUDA_VISIBLE_DEVICES=2 | torch_device=cuda:0 (NVIDIA RTX A5000)
    [DataCache] save_dataset=True save_dataloaders=False | checkpoint_dir=saved/recbole_cache/KuaiRecSmall0.1_basic_session_len10 | dataloaders_save_path=saved/recbole_cache/KuaiRecSmall0.1_basic_session_len10/KuaiRecSmall0.1-for-dataloader.pth
    [DataPrep] cache_hit=disk_or_build, create_dataset=0.03s, data_preparation=0.06s, n_items=3208
  -> MRR@20=0.0012  best=0.0012  (full@1, trial=2s, avg=4s/trial, total=4s, ETA=0s)
[TRIAL_METRICS] cur_best_mrr20=0.0012 cur_best_hr10=0.0040 cur_test_mrr20=0.0012 cur_test_hr10=0.0036 run_best_mrr20=0.0012 run_best_hr10=0.0040 run_test_mrr20=0.0012 run_test_hr10=0.0036

=================================================================
  DONE  |  GRU4Rec x KuaiRecSmall0.1
  Best MRR@20 = 0.0012  |  1/1 trials OK
  Total time: 0.1 min
  Best params:
    dropout_ratio: 0.15
    learning_rate: 0.00151406
    weight_decay: 0
  Results -> /workspace/jy1559/FMoE/experiments/run/artifacts/results/baseline/KuaiRecSmall0.1_GRU4Rec_p0_smoke_a_pair01_c1_20260311_170356_168930_pid174289.json
=================================================================

[RUN_STATUS] END status=normal pid=174289 start=2026-03-11T17:03:56 end=2026-03-11T17:04:00
