# cmd=/venv/FMoE/bin/python hyperopt_tune.py --config-name tune_fs --search-algo tpe --max-evals 1 --tune-epochs 35 --tune-patience 4 --seed 980006 --run-group real_final_ablation/appendix --run-axis appendix_special_bins --run-phase SPECIAL_BINS_FOURSQUARE_SASREC_R02_S1 model=sasrec dataset=foursquare eval_mode=session_fixed feature_mode=full_v4 ++eval_sampling.mode=full ++eval_sampling.auto_full_threshold=999999999 ++special_logging=true ++exclude_unseen_target_from_main_eval=true ++log_unseen_target_metrics=true gpu_id=3 log_wandb=false show_progress=false ++seed=980006 --max-run-hours 0.5 ++search.learning_rate=[0.00059161] ++search_space_type_overrides.learning_rate=choice ++search.MAX_ITEM_LIST_LENGTH=[20] ++search_space_type_overrides.MAX_ITEM_LIST_LENGTH=choice ++search.hidden_size=[160] ++search_space_type_overrides.hidden_size=choice ++search.embedding_size=[160] ++search_space_type_overrides.embedding_size=choice ++search.num_layers=[3] ++search_space_type_overrides.num_layers=choice ++search.num_heads=[2] ++search_space_type_overrides.num_heads=choice ++search.hidden_dropout_prob=[0.15] ++search_space_type_overrides.hidden_dropout_prob=choice ++search.attn_dropout_prob=[0.15] ++search_space_type_overrides.attn_dropout_prob=choice ++search.weight_decay=[5e-05] ++search_space_type_overrides.weight_decay=choice

/venv/FMoE/lib/python3.10/site-packages/ray/_private/parameter.py:4: UserWarning: pkg_resources is deprecated as an API. See https://setuptools.pypa.io/en/latest/pkg_resources.html. The pkg_resources package is slated for removal as early as 2025-11-30. Refrain from using this package or pin to Setuptools<81.
  import pkg_resources
[RUN_STATUS] START pid=24277 ts=2026-04-20T05:04:31

=================================================================
  Hyperopt  |  SASRec x foursquare
  max_evals=1  epochs=35  patience=4  wandb=off
  search_algo=tpe
  cpu_threads=2
  max_run_hours=0.500  (stop launching new trials after current trial)
  oom_retry_limit=5  (halve train/eval batch size on OOM)
  batch_size(train/valid/test)=4096/4096/4096
  track=real_final_ablation/appendix  axis=appendix_special_bins  phase=SPECIAL_BINS_FOURSQUARE_SASREC_R02_S1
=================================================================
Changed knobs: (none; single-run mode)
Tuned params(len>1): 0  (~1 discrete combos)
Tuned groups: 0
  (none)
Fixed params(singleton/non-list): 9
Fixed groups: 9
  [optimization]
    hidden_dropout_prob             0.15                                    
    learning_rate                   0.00059161                              
    weight_decay                    5e-05                                   
  [model_core]
    attn_dropout_prob               0.15                                    
    embedding_size                  160                                     
    hidden_size                     160                                     
    num_heads                       2                                       
    num_layers                      3                                       
  [other]
    MAX_ITEM_LIST_LENGTH            20                                      

[Wandb] disabled for this hyperopt run

[1/1] (fixed-only run)
  -> MRR@20=0.193900  best=0.193900  (early_stop@33, trial=59s, avg=1.1min/trial, total=1.1min, ETA=0s)
[TRIAL_METRICS] cur_best_mrr20=0.193900 cur_best_hr10=0.358000 cur_test_mrr20=0.165500 cur_test_hr10=0.319700 avg_epoch_time_sec=1.7696 test_eval_time_sec=0.0750 test_eval_batches_per_sec=13.3252 test_eval_targets_per_sec=47451.1588 run_best_mrr20=0.193900 run_best_hr10=0.358000 run_test_mrr20=0.165500 run_test_hr10=0.319700

=================================================================
  DONE  |  SASRec x foursquare
  Best MRR@20 = 0.193900  |  1/1 trials OK
  Best HR@10  = 0.358000
  Test MRR@20 = 0.165500  (best-valid checkpoint)
  Test HR@10  = 0.319700  (best-valid checkpoint)
  Avg epoch time = 1.770 sec/epoch
  Final test eval = 0.075 sec | batches/s=13.325 | targets/s=47451.159
[RUN_METRICS] best_valid_mrr20=0.193900 best_valid_hr10=0.358000 test_mrr20=0.165500 test_hr10=0.319700 avg_epoch_time_sec=1.7696 test_eval_time_sec=0.0750 test_eval_batches_per_sec=13.3252 test_eval_targets_per_sec=47451.1588
  Total time: 1.1 min
  Best params:
  Results -> /workspace/FeaturedMoE/experiments/run/artifacts/results/real_final_ablation_appendix/foursquare_SASRec_special_bins_foursquare_sasrec_r02_s1_20260420_050431_240588_pid24277.json
  Normal mirror -> /workspace/FeaturedMoE/experiments/run/artifacts/results/real_final_ablation_appendix/normal/appendix_special_bins/SPECIAL/foursquare/SASRec/foursquare_SASRec_special_bins_foursquare_sasrec_r02_s1_20260420_050431_240588_pid24277.json
  Special result -> /workspace/FeaturedMoE/experiments/run/artifacts/results/real_final_ablation_appendix/special/appendix_special_bins/SPECIAL/foursquare/SASRec/foursquare_SASRec_special_bins_foursquare_sasrec_r02_s1_20260420_050431_240588_pid24277_special_metrics.json
  Special log -> /workspace/FeaturedMoE/experiments/run/artifacts/logs/real_final_ablation_appendix/special/appendix_special_bins/SPECIAL/foursquare/SASRec/foursquare_SASRec_special_bins_foursquare_sasrec_r02_s1_20260420_050431_240588_pid24277_special_metrics.json
=================================================================

[RUN_STATUS] END status=normal pid=24277 start=2026-04-20T05:04:31 end=2026-04-20T05:05:34
