# job_id=ADD_STAGE3_BEAUTY_FDSA_C1_SEED1 dataset=beauty model=fdsa stage=stage3
# cmd=/venv/FMoE/bin/python /workspace/FeaturedMoE/experiments/hyperopt_tune.py --config-name tune_ab --search-algo tpe --max-evals 1 --tune-epochs 100 --tune-patience 10 --seed 930009 --run-group final_experiment_addtuning --run-axis add_stage3_seed_confirm --run-phase ADD_STAGE3_BEAUTY_FDSA_C1_SEED1 model=fdsa dataset=beauty eval_mode=session_fixed feature_mode=full_v4 ++eval_sampling.mode=full ++eval_sampling.auto_full_threshold=999999999 ++special_logging=true ++exclude_unseen_target_from_main_eval=true ++log_unseen_target_metrics=true gpu_id=3 log_wandb=false show_progress=false ++seed=930009 --max-run-hours 2 --oom-retry-limit 5 ++search.dropout_ratio=[0.12] ++search_space_type_overrides.dropout_ratio=choice ++search.selected_features=["category"] ++search_space_type_overrides.selected_features=choice ++search.pooling_mode=["mean"] ++search_space_type_overrides.pooling_mode=choice ++search.MAX_ITEM_LIST_LENGTH=[10] ++search_space_type_overrides.MAX_ITEM_LIST_LENGTH=choice ++search.attn_dropout_prob=[0.15] ++search_space_type_overrides.attn_dropout_prob=choice ++search.attribute_hidden_size=[128] ++search_space_type_overrides.attribute_hidden_size=choice ++search.embedding_size=[128] ++search_space_type_overrides.embedding_size=choice ++search.hidden_dropout_prob=[0.12] ++search_space_type_overrides.hidden_dropout_prob=choice ++search.hidden_size=[128] ++search_space_type_overrides.hidden_size=choice ++search.inner_size=[256] ++search_space_type_overrides.inner_size=choice ++search.lambda_attr=[0.15] ++search_space_type_overrides.lambda_attr=choice ++search.learning_rate=[0.00088182] ++search_space_type_overrides.learning_rate=choice ++search.n_heads=[2] ++search_space_type_overrides.n_heads=choice ++search.n_layers=[1] ++search_space_type_overrides.n_layers=choice ++search.weight_decay=[1e-06] ++search_space_type_overrides.weight_decay=choice

/venv/FMoE/lib/python3.10/site-packages/ray/_private/parameter.py:4: UserWarning: pkg_resources is deprecated as an API. See https://setuptools.pypa.io/en/latest/pkg_resources.html. The pkg_resources package is slated for removal as early as 2025-11-30. Refrain from using this package or pin to Setuptools<81.
  import pkg_resources
[RUN_STATUS] START pid=1756324 ts=2026-04-19T08:19:52

=================================================================
  Hyperopt  |  FDSA x beauty
  max_evals=1  epochs=100  patience=10  wandb=off
  search_algo=tpe
  max_run_hours=2.000  (stop launching new trials after current trial)
  oom_retry_limit=5  (halve train/eval batch size on OOM)
  batch_size(train/valid/test)=4096/8192/8192
  track=final_experiment_addtuning  axis=add_stage3_seed_confirm  phase=ADD_STAGE3_BEAUTY_FDSA_C1_SEED1
=================================================================
Changed knobs: (none; single-run mode)
Tuned params(len>1): 0  (~1 discrete combos)
Tuned groups: 0
  (none)
Fixed params(singleton/non-list): 15
Fixed groups: 15
  [optimization]
    hidden_dropout_prob             0.12                                    
    learning_rate                   0.00088182                              
    weight_decay                    1e-06                                   
  [model_core]
    attn_dropout_prob               0.15                                    
    dropout_ratio                   0.12                                    
    embedding_size                  128                                     
    hidden_size                     128                                     
    inner_size                      256                                     
  [other]
    MAX_ITEM_LIST_LENGTH            10                                      
    attribute_hidden_size           128                                     
    lambda_attr                     0.15                                    
    n_heads                         2                                       
    n_layers                        1                                       
    pooling_mode                    mean                                    
    selected_features               category                                

[Wandb] disabled for this hyperopt run

[1/1] (fixed-only run)
  -> MRR@20=0.096100  best=0.096100  (early_stop@41, trial=10s, avg=12s/trial, total=12s, ETA=0s)
[TRIAL_METRICS] cur_best_mrr20=0.096100 cur_best_hr10=0.130500 cur_test_mrr20=0.077600 cur_test_hr10=0.120300 avg_epoch_time_sec=0.2307 test_eval_time_sec=0.0150 test_eval_batches_per_sec=66.7575 test_eval_targets_per_sec=39854.1993 run_best_mrr20=0.096100 run_best_hr10=0.130500 run_test_mrr20=0.077600 run_test_hr10=0.120300

=================================================================
  DONE  |  FDSA x beauty
  Best MRR@20 = 0.096100  |  1/1 trials OK
  Best HR@10  = 0.130500
  Test MRR@20 = 0.077600  (best-valid checkpoint)
  Test HR@10  = 0.120300  (best-valid checkpoint)
  Avg epoch time = 0.231 sec/epoch
  Final test eval = 0.015 sec | batches/s=66.757 | targets/s=39854.199
[RUN_METRICS] best_valid_mrr20=0.096100 best_valid_hr10=0.130500 test_mrr20=0.077600 test_hr10=0.120300 avg_epoch_time_sec=0.2307 test_eval_time_sec=0.0150 test_eval_batches_per_sec=66.7575 test_eval_targets_per_sec=39854.1993
  Total time: 0.2 min
  Best params:
  Results -> /workspace/FeaturedMoE/experiments/run/artifacts/results/final_experiment_addtuning/beauty_FDSA_add_stage3_beauty_fdsa_c1_seed1_20260419_081952_389388_pid1756324.json
  Normal mirror -> /workspace/FeaturedMoE/experiments/run/artifacts/results/final_experiment_addtuning/normal/add_stage3_seed_confirm/ADD/beauty/FDSA/beauty_FDSA_add_stage3_beauty_fdsa_c1_seed1_20260419_081952_389388_pid1756324.json
  Special result -> /workspace/FeaturedMoE/experiments/run/artifacts/results/final_experiment_addtuning/special/add_stage3_seed_confirm/ADD/beauty/FDSA/beauty_FDSA_add_stage3_beauty_fdsa_c1_seed1_20260419_081952_389388_pid1756324_special_metrics.json
  Special log -> /workspace/FeaturedMoE/experiments/run/artifacts/logs/final_experiment_addtuning/special/add_stage3_seed_confirm/ADD/beauty/FDSA/beauty_FDSA_add_stage3_beauty_fdsa_c1_seed1_20260419_081952_389388_pid1756324_special_metrics.json
=================================================================

[RUN_STATUS] END status=normal pid=1756324 start=2026-04-19T08:19:52 end=2026-04-19T08:20:04
