[WIDESEARCH_ANCHOR2_CORE5_SETTING_HEADER]
run_phase=P15_WS_D00_M01_SASREC_C2D4_S1 run_id=WS_LASTFM0_03_SASREC_C2D4_S1 phase_id=P15 axis_id=WS model=SASRec profile_id=C2D4 seed=1
dataset=lastfm0.03 gpu=6 order=0
max_evals=10 tune_epochs=48 tune_patience=10
seed=150007

[COMMAND]
- /venv/FMoE/bin/python hyperopt_tune.py --config-name tune_lfm_small --max-evals 10 --tune-epochs 48 --tune-patience 10 --seed 150007 --run-group baseline --run-axis WideSearch_anchor2_core5 --run-phase P15_WS_D00_M01_SASREC_C2D4_S1 model=sasrec dataset=lastfm0.03 eval_mode=session_fixed feature_mode=full_v3 gpu_id=6 log_wandb=false show_progress=false ++special_logging=true ++seed=150007 ++search={learning_rate:[2.25e-05,0.0006000000000000001]} ++search_space_type_overrides={learning_rate:"loguniform"} ++weight_decay=0.0004 ++search.weight_decay=[0.0004] ++search_space_type_overrides.weight_decay=choice ++search.hidden_size=[136] ++search_space_type_overrides.hidden_size=choice ++search.embedding_size=[136] ++search_space_type_overrides.embedding_size=choice ++search.inner_size=[544] ++search_space_type_overrides.inner_size=choice ++search.n_layers=[2] ++search_space_type_overrides.n_layers=choice ++search.num_layers=[2] ++search_space_type_overrides.num_layers=choice ++search.n_heads=[4] ++search_space_type_overrides.n_heads=choice ++search.num_heads=[4] ++search_space_type_overrides.num_heads=choice ++search.dropout_ratio=[0.2] ++search_space_type_overrides.dropout_ratio=choice ++search.dropout_prob=[0.2] ++search_space_type_overrides.dropout_prob=choice ++search.hidden_dropout_prob=[0.2] ++search_space_type_overrides.hidden_dropout_prob=choice ++search.attn_dropout_prob=[0.2] ++search_space_type_overrides.attn_dropout_prob=choice ++search.num_experts=[4] ++search_space_type_overrides.num_experts=choice ++dropout_ratio=0.2 ++train_batch_size=4325 ++eval_batch_size=6488 ++hidden_size=136 ++embedding_size=136 ++MAX_ITEM_LIST_LENGTH=12 ++n_layers=2 ++num_layers=2 ++n_heads=4 ++num_heads=4 ++inner_size=544
/venv/FMoE/lib/python3.10/site-packages/ray/_private/parameter.py:4: UserWarning: pkg_resources is deprecated as an API. See https://setuptools.pypa.io/en/latest/pkg_resources.html. The pkg_resources package is slated for removal as early as 2025-11-30. Refrain from using this package or pin to Setuptools<81.
  import pkg_resources
[RUN_STATUS] START pid=373685 ts=2026-03-28T15:35:34

=================================================================
  Hyperopt TPE  |  SASRec x lastfm0.03
  max_evals=10  epochs=48  patience=10  wandb=off
  batch_size(train/valid/test)=4325/6488/6488
  track=baseline  axis=widesearch_anchor2_core5  phase=P15_WS_D00_M01_SASREC_C2D4_S1
=================================================================
Changed knobs: learning_rate
Tuned params(len>1): 1  (~1 discrete combos)
Tuned groups: 1
  [optimization]
    learning_rate                   [2.25e-05, 0.0006000000000000001]         -> loguniform
Fixed params(singleton/non-list): 13
Fixed groups: 13
  [optimization]
    hidden_dropout_prob             0.2                                     
    weight_decay                    0.0004                                  
  [model_core]
    attn_dropout_prob               0.2                                     
    dropout_prob                    0.2                                     
    dropout_ratio                   0.2                                     
    embedding_size                  136                                     
    hidden_size                     136                                     
    inner_size                      544                                     
    num_heads                       4                                       
    num_layers                      2                                       
  [other]
    n_heads                         4                                       
    n_layers                        2                                       
    num_experts                     4                                       

[Wandb] disabled for this hyperopt run

[1/10] learning_rate=0.0001012
  -> MRR@20=0.108500  best=0.108500  (full@48, trial=6.6min, avg=6.8min/trial, total=6.8min, ETA=1.02h)
[TRIAL_METRICS] cur_best_mrr20=0.108500 cur_best_hr10=0.219800 cur_test_mrr20=0.106700 cur_test_hr10=0.214700 run_best_mrr20=0.108500 run_best_hr10=0.219800 run_test_mrr20=0.106700 run_test_hr10=0.214700

[2/10] learning_rate=8.965e-05
  -> MRR@20=0.107700  best=0.108500  (full@48, trial=6.6min, avg=6.7min/trial, total=13.3min, ETA=53.4min)
[TRIAL_METRICS] cur_best_mrr20=0.107700 cur_best_hr10=0.217400 cur_test_mrr20=0.105100 cur_test_hr10=0.210100 run_best_mrr20=0.108500 run_best_hr10=0.219800 run_test_mrr20=0.106700 run_test_hr10=0.214700

[3/10] learning_rate=0.0004708
  -> MRR@20=0.194400  best=0.194400  (full@48, trial=6.6min, avg=6.7min/trial, total=20.0min, ETA=46.6min)
[TRIAL_METRICS] cur_best_mrr20=0.194400 cur_best_hr10=0.277400 cur_test_mrr20=0.195400 cur_test_hr10=0.279200 run_best_mrr20=0.194400 run_best_hr10=0.277400 run_test_mrr20=0.195400 run_test_hr10=0.279200

[4/10] learning_rate=3.673e-05
  -> MRR@20=0.096700  best=0.194400  (full@48, trial=6.6min, avg=6.6min/trial, total=26.5min, ETA=39.8min)
[TRIAL_METRICS] cur_best_mrr20=0.096700 cur_best_hr10=0.199300 cur_test_mrr20=0.096800 cur_test_hr10=0.194700 run_best_mrr20=0.194400 run_best_hr10=0.277400 run_test_mrr20=0.195400 run_test_hr10=0.279200

[5/10] learning_rate=0.0002185
  -> MRR@20=0.141600  best=0.194400  (full@48, trial=6.5min, avg=6.6min/trial, total=33.1min, ETA=33.1min)
[TRIAL_METRICS] cur_best_mrr20=0.141600 cur_best_hr10=0.243700 cur_test_mrr20=0.141500 cur_test_hr10=0.242800 run_best_mrr20=0.194400 run_best_hr10=0.277400 run_test_mrr20=0.195400 run_test_hr10=0.279200

[6/10] learning_rate=3.167e-05
  -> MRR@20=0.094000  best=0.194400  (full@48, trial=6.6min, avg=6.6min/trial, total=39.6min, ETA=26.4min)
[TRIAL_METRICS] cur_best_mrr20=0.094000 cur_best_hr10=0.199000 cur_test_mrr20=0.093400 cur_test_hr10=0.197700 run_best_mrr20=0.194400 run_best_hr10=0.277400 run_test_mrr20=0.195400 run_test_hr10=0.279200

[7/10] learning_rate=0.0001891
  -> MRR@20=0.132800  best=0.194400  (full@48, trial=6.5min, avg=6.6min/trial, total=46.2min, ETA=19.8min)
[TRIAL_METRICS] cur_best_mrr20=0.132800 cur_best_hr10=0.239200 cur_test_mrr20=0.131000 cur_test_hr10=0.233500 run_best_mrr20=0.194400 run_best_hr10=0.277400 run_test_mrr20=0.195400 run_test_hr10=0.279200

[8/10] learning_rate=5.093e-05
  -> MRR@20=0.100500  best=0.194400  (full@48, trial=6.5min, avg=6.6min/trial, total=52.7min, ETA=13.2min)
[TRIAL_METRICS] cur_best_mrr20=0.100500 cur_best_hr10=0.206500 cur_test_mrr20=0.099900 cur_test_hr10=0.200900 run_best_mrr20=0.194400 run_best_hr10=0.277400 run_test_mrr20=0.195400 run_test_hr10=0.279200

[9/10] learning_rate=0.0001184
  -> MRR@20=0.112900  best=0.194400  (full@48, trial=6.5min, avg=6.6min/trial, total=59.3min, ETA=6.6min)
[TRIAL_METRICS] cur_best_mrr20=0.112900 cur_best_hr10=0.223200 cur_test_mrr20=0.110800 cur_test_hr10=0.217900 run_best_mrr20=0.194400 run_best_hr10=0.277400 run_test_mrr20=0.195400 run_test_hr10=0.279200

[10/10] learning_rate=0.0003263
  -> MRR@20=0.171600  best=0.194400  (full@48, trial=6.6min, avg=6.6min/trial, total=1.10h, ETA=0s)
[TRIAL_METRICS] cur_best_mrr20=0.171600 cur_best_hr10=0.261500 cur_test_mrr20=0.171200 cur_test_hr10=0.262800 run_best_mrr20=0.194400 run_best_hr10=0.277400 run_test_mrr20=0.195400 run_test_hr10=0.279200

=================================================================
  DONE  |  SASRec x lastfm0.03
  Best MRR@20 = 0.194400  |  10/10 trials OK
  Best HR@10  = 0.277400
  Test MRR@20 = 0.195400  (best-valid checkpoint)
  Test HR@10  = 0.279200  (best-valid checkpoint)
[RUN_METRICS] best_valid_mrr20=0.194400 best_valid_hr10=0.277400 test_mrr20=0.195400 test_hr10=0.279200
  Total time: 65.8 min
  Best params:
    learning_rate: 0.000470766
  Results -> /workspace/jy1559/FMoE/experiments/run/artifacts/results/baseline/lastfm0.03_SASRec_p15_ws_d00_m01_sasrec_c2d4_s1_20260328_153535_221100_pid373685.json
  Normal mirror -> /workspace/jy1559/FMoE/experiments/run/artifacts/results/baseline/normal/widesearch_anchor2_core5/P15/lastfm0.03/SASRec/lastfm0.03_SASRec_p15_ws_d00_m01_sasrec_c2d4_s1_20260328_153535_221100_pid373685.json
  Special result -> /workspace/jy1559/FMoE/experiments/run/artifacts/results/baseline/special/widesearch_anchor2_core5/P15/lastfm0.03/SASRec/lastfm0.03_SASRec_p15_ws_d00_m01_sasrec_c2d4_s1_20260328_153535_221100_pid373685_special_metrics.json
  Special log -> /workspace/jy1559/FMoE/experiments/run/artifacts/logs/baseline/special/widesearch_anchor2_core5/P15/lastfm0.03/SASRec/lastfm0.03_SASRec_p15_ws_d00_m01_sasrec_c2d4_s1_20260328_153535_221100_pid373685_special_metrics.json
=================================================================

[RUN_STATUS] END status=normal pid=373685 start=2026-03-28T15:35:34 end=2026-03-28T16:41:25
