# stage=B dataset=beauty model=tisasrec candidate=A007_L02
# cmd=/venv/FMoE/bin/python hyperopt_tune.py --config-name tune_ab --max-evals 40 --tune-epochs 45 --tune-patience 5 --search-algo tpe --seed 1 --run-group baseline_2 --run-axis ABCD_v2_lean --run-phase ABCD_v2_lean_B_DBEAUTY_MTISASREC_A007_L02_S1 model=tisasrec dataset=beauty eval_mode=session_fixed feature_mode=full_v4 gpu_id=5 log_wandb=false show_progress=false ++MAX_ITEM_LIST_LENGTH=20 ++eval_sampling.mode=full ++eval_sampling.auto_full_threshold=999999999 ++special_logging=true ++exclude_unseen_target_from_main_eval=true ++log_unseen_target_metrics=true ++hidden_size=128 ++embedding_size=128 ++n_layers=2 ++num_layers=2 ++n_heads=2 ++num_heads=2 ++inner_size=256 ++dropout_ratio=0.2 ++time_span=256 ++seed=1 ++search.MAX_ITEM_LIST_LENGTH=[20] ++search.weight_decay=[1e-05,0.001] ++search.hidden_size=[128] ++search.embedding_size=[128] ++search.n_layers=[2] ++search.num_layers=[2] ++search.n_heads=[2] ++search.num_heads=[2] ++search.inner_size=[256] ++search.time_span=[256] ++search.learning_rate=[0.00015,0.0024] ++search.dropout_ratio=[0.08,0.32] ++search.hidden_dropout_prob=[0.08,0.32] ++search.attn_dropout_prob=[0.08,0.32] ++search_space_type_overrides.MAX_ITEM_LIST_LENGTH=choice ++search_space_type_overrides.weight_decay=loguniform ++search_space_type_overrides.hidden_size=choice ++search_space_type_overrides.embedding_size=choice ++search_space_type_overrides.n_layers=choice ++search_space_type_overrides.num_layers=choice ++search_space_type_overrides.n_heads=choice ++search_space_type_overrides.num_heads=choice ++search_space_type_overrides.inner_size=choice ++search_space_type_overrides.time_span=choice ++search_space_type_overrides.learning_rate=loguniform ++search_space_type_overrides.dropout_ratio=uniform ++search_space_type_overrides.hidden_dropout_prob=uniform ++search_space_type_overrides.attn_dropout_prob=uniform

/venv/FMoE/lib/python3.10/site-packages/ray/_private/parameter.py:4: UserWarning: pkg_resources is deprecated as an API. See https://setuptools.pypa.io/en/latest/pkg_resources.html. The pkg_resources package is slated for removal as early as 2025-11-30. Refrain from using this package or pin to Setuptools<81.
  import pkg_resources
[RUN_STATUS] START pid=1036973 ts=2026-04-14T13:36:58

=================================================================
  Hyperopt  |  TiSASRec x beauty
  max_evals=40  epochs=45  patience=5  wandb=off
  search_algo=tpe
  batch_size(train/valid/test)=4096/8192/8192
  track=baseline_2  axis=abcd_v2_lean  phase=ABCD_v2_lean_B_DBEAUTY_MTISASREC_A007_L02_S1
=================================================================
Changed knobs: attn_dropout_prob, dropout_ratio, hidden_dropout_prob, learning_rate, weight_decay
Tuned params(len>1): 5  (~1 discrete combos)
Tuned groups: 5
  [optimization]
    hidden_dropout_prob             [0.08, 0.32]                              -> uniform
    learning_rate                   [0.00015, 0.0024]                         -> loguniform
    weight_decay                    [1e-05, 0.001]                            -> loguniform
  [model_core]
    attn_dropout_prob               [0.08, 0.32]                              -> uniform
    dropout_ratio                   [0.08, 0.32]                              -> uniform
Fixed params(singleton/non-list): 9
Fixed groups: 9
  [model_core]
    embedding_size                  128                                     
    hidden_size                     128                                     
    inner_size                      256                                     
    num_heads                       2                                       
    num_layers                      2                                       
  [other]
    MAX_ITEM_LIST_LENGTH            20                                      
    n_heads                         2                                       
    n_layers                        2                                       
    time_span                       256                                     

[Wandb] disabled for this hyperopt run

[1/40] attn_dropout_prob=0.08166, dropout_ratio=0.1344, hidden_dropout_prob=0.2132, learning_rate=0.0003918, weight_decay=0.0001048
  -> MRR@20=0.056100  best=0.056100  (full@45, trial=40s, avg=43s/trial, total=43s, ETA=28.0min)
[TRIAL_METRICS] cur_best_mrr20=0.056100 cur_best_hr10=0.148600 cur_test_mrr20=0.054000 cur_test_hr10=0.117500 run_best_mrr20=0.056100 run_best_hr10=0.148600 run_test_mrr20=0.054000 run_test_hr10=0.117500

[2/40] attn_dropout_prob=0.2831, dropout_ratio=0.08406, hidden_dropout_prob=0.2618, learning_rate=0.001014, weight_decay=0.0005206
  -> MRR@20=0.054900  best=0.056100  (early_stop@26, trial=23s, avg=33s/trial, total=1.1min, ETA=20.9min)
[TRIAL_METRICS] cur_best_mrr20=0.054900 cur_best_hr10=0.150600 cur_test_mrr20=0.038600 cur_test_hr10=0.106000 run_best_mrr20=0.056100 run_best_hr10=0.148600 run_test_mrr20=0.054000 run_test_hr10=0.117500

[3/40] attn_dropout_prob=0.2557, dropout_ratio=0.2873, hidden_dropout_prob=0.2932, learning_rate=0.001699, weight_decay=0.0005265
  -> MRR@20=0.064600  best=0.064600  (early_stop@15, trial=13s, avg=26s/trial, total=1.3min, ETA=16.2min)
[TRIAL_METRICS] cur_best_mrr20=0.064600 cur_best_hr10=0.122500 cur_test_mrr20=0.039100 cur_test_hr10=0.094600 run_best_mrr20=0.064600 run_best_hr10=0.122500 run_test_mrr20=0.039100 run_test_hr10=0.094600

[4/40] attn_dropout_prob=0.1871, dropout_ratio=0.2881, hidden_dropout_prob=0.1422, learning_rate=0.001383, weight_decay=0.0004431
  -> MRR@20=0.071300  best=0.071300  (early_stop@19, trial=16s, avg=24s/trial, total=1.6min, ETA=14.3min)
[TRIAL_METRICS] cur_best_mrr20=0.071300 cur_best_hr10=0.148600 cur_test_mrr20=0.056100 cur_test_hr10=0.106000 run_best_mrr20=0.071300 run_best_hr10=0.148600 run_test_mrr20=0.056100 run_test_hr10=0.106000

[5/40] attn_dropout_prob=0.1352, dropout_ratio=0.2462, hidden_dropout_prob=0.268, learning_rate=0.0007851, weight_decay=2.235e-05
  -> MRR@20=0.060300  best=0.071300  (early_stop@40, trial=34s, avg=26s/trial, total=2.1min, ETA=15.0min)
[TRIAL_METRICS] cur_best_mrr20=0.060300 cur_best_hr10=0.150600 cur_test_mrr20=0.046800 cur_test_hr10=0.097400 run_best_mrr20=0.071300 run_best_hr10=0.148600 run_test_mrr20=0.056100 run_test_hr10=0.106000

[6/40] attn_dropout_prob=0.2856, dropout_ratio=0.3187, hidden_dropout_prob=0.08251, learning_rate=0.001735, weight_decay=0.0001603
  -> MRR@20=0.093500  best=0.093500  (early_stop@34, trial=28s, avg=26s/trial, total=2.6min, ETA=14.8min)
[TRIAL_METRICS] cur_best_mrr20=0.093500 cur_best_hr10=0.138600 cur_test_mrr20=0.048700 cur_test_hr10=0.097400 run_best_mrr20=0.093500 run_best_hr10=0.138600 run_test_mrr20=0.048700 run_test_hr10=0.097400

[7/40] attn_dropout_prob=0.2247, dropout_ratio=0.2575, hidden_dropout_prob=0.1663, learning_rate=0.0004897, weight_decay=0.0001655
  -> MRR@20=0.062200  best=0.093500  (full@45, trial=39s, avg=28s/trial, total=3.3min, ETA=15.4min)
[TRIAL_METRICS] cur_best_mrr20=0.062200 cur_best_hr10=0.152600 cur_test_mrr20=0.055600 cur_test_hr10=0.128900 run_best_mrr20=0.093500 run_best_hr10=0.138600 run_test_mrr20=0.048700 run_test_hr10=0.097400

[8/40] attn_dropout_prob=0.1076, dropout_ratio=0.1882, hidden_dropout_prob=0.2366, learning_rate=0.0009374, weight_decay=4.642e-05
  -> MRR@20=0.068500  best=0.093500  (early_stop@40, trial=34s, avg=29s/trial, total=3.9min, ETA=15.4min)
[TRIAL_METRICS] cur_best_mrr20=0.068500 cur_best_hr10=0.148600 cur_test_mrr20=0.046100 cur_test_hr10=0.114600 run_best_mrr20=0.093500 run_best_hr10=0.138600 run_test_mrr20=0.048700 run_test_hr10=0.097400

[9/40] attn_dropout_prob=0.1976, dropout_ratio=0.2786, hidden_dropout_prob=0.1889, learning_rate=0.0007984, weight_decay=0.0001552
  -> MRR@20=0.060800  best=0.093500  (early_stop@31, trial=27s, avg=29s/trial, total=4.3min, ETA=14.9min)
[TRIAL_METRICS] cur_best_mrr20=0.060800 cur_best_hr10=0.150600 cur_test_mrr20=0.063300 cur_test_hr10=0.131800 run_best_mrr20=0.093500 run_best_hr10=0.138600 run_test_mrr20=0.048700 run_test_hr10=0.097400

[10/40] attn_dropout_prob=0.2309, dropout_ratio=0.08366, hidden_dropout_prob=0.2492, learning_rate=0.0006858, weight_decay=0.0007153
  -> MRR@20=0.053200  best=0.093500  (early_stop@35, trial=30s, avg=29s/trial, total=4.8min, ETA=14.5min)
[TRIAL_METRICS] cur_best_mrr20=0.053200 cur_best_hr10=0.144600 cur_test_mrr20=0.035500 cur_test_hr10=0.103200 run_best_mrr20=0.093500 run_best_hr10=0.138600 run_test_mrr20=0.048700 run_test_hr10=0.097400

[11/40] attn_dropout_prob=0.296, dropout_ratio=0.1002, hidden_dropout_prob=0.133, learning_rate=0.0005831, weight_decay=0.0002586
  -> MRR@20=0.064400  best=0.093500  (early_stop@36, trial=31s, avg=29s/trial, total=5.3min, ETA=14.1min)
[TRIAL_METRICS] cur_best_mrr20=0.064400 cur_best_hr10=0.152600 cur_test_mrr20=0.056500 cur_test_hr10=0.120300 run_best_mrr20=0.093500 run_best_hr10=0.138600 run_test_mrr20=0.048700 run_test_hr10=0.097400

[12/40] attn_dropout_prob=0.164, dropout_ratio=0.1611, hidden_dropout_prob=0.2144, learning_rate=0.001892, weight_decay=0.0001056
  -> MRR@20=0.089200  best=0.093500  (early_stop@21, trial=18s, avg=28s/trial, total=5.7min, ETA=13.2min)
[TRIAL_METRICS] cur_best_mrr20=0.089200 cur_best_hr10=0.140600 cur_test_mrr20=0.051800 cur_test_hr10=0.123200 run_best_mrr20=0.093500 run_best_hr10=0.138600 run_test_mrr20=0.048700 run_test_hr10=0.097400

[13/40] attn_dropout_prob=0.21, dropout_ratio=0.3049, hidden_dropout_prob=0.2036, learning_rate=0.00223, weight_decay=6.908e-05
  -> MRR@20=0.070800  best=0.093500  (early_stop@12, trial=10s, avg=27s/trial, total=5.8min, ETA=12.1min)
[TRIAL_METRICS] cur_best_mrr20=0.070800 cur_best_hr10=0.120500 cur_test_mrr20=0.035000 cur_test_hr10=0.088800 run_best_mrr20=0.093500 run_best_hr10=0.138600 run_test_mrr20=0.048700 run_test_hr10=0.097400

[14/40] attn_dropout_prob=0.1966, dropout_ratio=0.2635, hidden_dropout_prob=0.1682, learning_rate=0.0006918, weight_decay=0.0001747
  -> MRR@20=0.058500  best=0.093500  (early_stop@32, trial=29s, avg=27s/trial, total=6.3min, ETA=11.7min)
[TRIAL_METRICS] cur_best_mrr20=0.058500 cur_best_hr10=0.156600 cur_test_mrr20=0.064000 cur_test_hr10=0.126100 run_best_mrr20=0.093500 run_best_hr10=0.138600 run_test_mrr20=0.048700 run_test_hr10=0.097400

[15/40] attn_dropout_prob=0.1683, dropout_ratio=0.116, hidden_dropout_prob=0.1527, learning_rate=0.001687, weight_decay=1.99e-05
  -> MRR@20=0.090200  best=0.093500  (early_stop@24, trial=20s, avg=27s/trial, total=6.7min, ETA=11.1min)
[TRIAL_METRICS] cur_best_mrr20=0.090200 cur_best_hr10=0.138600 cur_test_mrr20=0.038700 cur_test_hr10=0.083100 run_best_mrr20=0.093500 run_best_hr10=0.138600 run_test_mrr20=0.048700 run_test_hr10=0.097400

[16/40] attn_dropout_prob=0.1772, dropout_ratio=0.3015, hidden_dropout_prob=0.191, learning_rate=0.001136, weight_decay=2.625e-05
  -> MRR@20=0.069400  best=0.093500  (early_stop@22, trial=20s, avg=26s/trial, total=7.0min, ETA=10.5min)
[TRIAL_METRICS] cur_best_mrr20=0.069400 cur_best_hr10=0.154600 cur_test_mrr20=0.048500 cur_test_hr10=0.111700 run_best_mrr20=0.093500 run_best_hr10=0.138600 run_test_mrr20=0.048700 run_test_hr10=0.097400

[17/40] attn_dropout_prob=0.282, dropout_ratio=0.08867, hidden_dropout_prob=0.303, learning_rate=0.000207, weight_decay=0.0001436
  -> MRR@20=0.031700  best=0.093500  (full@45, trial=40s, avg=27s/trial, total=7.7min, ETA=10.4min)
[TRIAL_METRICS] cur_best_mrr20=0.031700 cur_best_hr10=0.086300 cur_test_mrr20=0.038000 cur_test_hr10=0.100300 run_best_mrr20=0.093500 run_best_hr10=0.138600 run_test_mrr20=0.048700 run_test_hr10=0.097400

[18/40] attn_dropout_prob=0.1488, dropout_ratio=0.1594, hidden_dropout_prob=0.3184, learning_rate=0.0009616, weight_decay=0.0001856
  -> MRR@20=0.059600  best=0.093500  (early_stop@30, trial=26s, avg=27s/trial, total=8.1min, ETA=9.9min)
[TRIAL_METRICS] cur_best_mrr20=0.059600 cur_best_hr10=0.144600 cur_test_mrr20=0.038000 cur_test_hr10=0.108900 run_best_mrr20=0.093500 run_best_hr10=0.138600 run_test_mrr20=0.048700 run_test_hr10=0.097400

[19/40] attn_dropout_prob=0.1909, dropout_ratio=0.2555, hidden_dropout_prob=0.2348, learning_rate=0.001562, weight_decay=0.0002281
  -> MRR@20=0.081100  best=0.093500  (early_stop@21, trial=18s, avg=27s/trial, total=8.4min, ETA=9.3min)
[TRIAL_METRICS] cur_best_mrr20=0.081100 cur_best_hr10=0.138600 cur_test_mrr20=0.047300 cur_test_hr10=0.103200 run_best_mrr20=0.093500 run_best_hr10=0.138600 run_test_mrr20=0.048700 run_test_hr10=0.097400

[20/40] attn_dropout_prob=0.1486, dropout_ratio=0.09899, hidden_dropout_prob=0.1581, learning_rate=0.0005921, weight_decay=2.027e-05
  -> MRR@20=0.083200  best=0.093500  (early_stop@39, trial=34s, avg=27s/trial, total=9.0min, ETA=9.0min)
[TRIAL_METRICS] cur_best_mrr20=0.083200 cur_best_hr10=0.144600 cur_test_mrr20=0.063500 cur_test_hr10=0.120300 run_best_mrr20=0.093500 run_best_hr10=0.138600 run_test_mrr20=0.048700 run_test_hr10=0.097400

[21/40] attn_dropout_prob=0.2579, dropout_ratio=0.2285, hidden_dropout_prob=0.08574, learning_rate=0.002278, weight_decay=1.152e-05
  -> MRR@20=0.090800  best=0.093500  (early_stop@27, trial=22s, avg=27s/trial, total=9.4min, ETA=8.5min)
[TRIAL_METRICS] cur_best_mrr20=0.090800 cur_best_hr10=0.140600 cur_test_mrr20=0.037600 cur_test_hr10=0.088800 run_best_mrr20=0.093500 run_best_hr10=0.138600 run_test_mrr20=0.048700 run_test_hr10=0.097400

[22/40] attn_dropout_prob=0.3164, dropout_ratio=0.223, hidden_dropout_prob=0.08214, learning_rate=0.002338, weight_decay=1.331e-05
  -> MRR@20=0.093200  best=0.093500  (early_stop@27, trial=23s, avg=27s/trial, total=9.8min, ETA=8.0min)
[TRIAL_METRICS] cur_best_mrr20=0.093200 cur_best_hr10=0.136500 cur_test_mrr20=0.032600 cur_test_hr10=0.086000 run_best_mrr20=0.093500 run_best_hr10=0.138600 run_test_mrr20=0.048700 run_test_hr10=0.097400

[23/40] attn_dropout_prob=0.3186, dropout_ratio=0.2103, hidden_dropout_prob=0.08126, learning_rate=0.0002891, weight_decay=5.094e-05
  -> MRR@20=0.068300  best=0.093500  (full@45, trial=39s, avg=27s/trial, total=10.4min, ETA=7.7min)
[TRIAL_METRICS] cur_best_mrr20=0.068300 cur_best_hr10=0.144600 cur_test_mrr20=0.053400 cur_test_hr10=0.114600 run_best_mrr20=0.093500 run_best_hr10=0.138600 run_test_mrr20=0.048700 run_test_hr10=0.097400

[24/40] attn_dropout_prob=0.3186, dropout_ratio=0.19, hidden_dropout_prob=0.1102, learning_rate=0.00237, weight_decay=1.226e-05
  -> MRR@20=0.092800  best=0.093500  (early_stop@31, trial=26s, avg=27s/trial, total=10.9min, ETA=7.2min)
[TRIAL_METRICS] cur_best_mrr20=0.092800 cur_best_hr10=0.134500 cur_test_mrr20=0.033700 cur_test_hr10=0.083100 run_best_mrr20=0.093500 run_best_hr10=0.138600 run_test_mrr20=0.048700 run_test_hr10=0.097400

[25/40] attn_dropout_prob=0.3008, dropout_ratio=0.2203, hidden_dropout_prob=0.1069, learning_rate=0.001338, weight_decay=0.0002949
  -> MRR@20=0.062500  best=0.093500  (early_stop@19, trial=17s, avg=27s/trial, total=11.1min, ETA=6.7min)
[TRIAL_METRICS] cur_best_mrr20=0.062500 cur_best_hr10=0.162700 cur_test_mrr20=0.059800 cur_test_hr10=0.108900 run_best_mrr20=0.093500 run_best_hr10=0.138600 run_test_mrr20=0.048700 run_test_hr10=0.097400

[26/40] attn_dropout_prob=0.2561, dropout_ratio=0.3145, hidden_dropout_prob=0.1091, learning_rate=0.002397, weight_decay=3.866e-05
  -> MRR@20=0.093600  best=0.093600  (early_stop@31, trial=27s, avg=27s/trial, total=11.6min, ETA=6.2min)
[TRIAL_METRICS] cur_best_mrr20=0.093600 cur_best_hr10=0.132500 cur_test_mrr20=0.033000 cur_test_hr10=0.086000 run_best_mrr20=0.093600 run_best_hr10=0.132500 run_test_mrr20=0.033000 run_test_hr10=0.086000

[27/40] attn_dropout_prob=0.2532, dropout_ratio=0.3136, hidden_dropout_prob=0.1127, learning_rate=0.001921, weight_decay=3.604e-05
  -> MRR@20=0.094000  best=0.094000  (early_stop@27, trial=24s, avg=27s/trial, total=12.0min, ETA=5.8min)
[TRIAL_METRICS] cur_best_mrr20=0.094000 cur_best_hr10=0.144600 cur_test_mrr20=0.045800 cur_test_hr10=0.091700 run_best_mrr20=0.094000 run_best_hr10=0.144600 run_test_mrr20=0.045800 run_test_hr10=0.091700

[28/40] attn_dropout_prob=0.2542, dropout_ratio=0.3196, hidden_dropout_prob=0.111, learning_rate=0.0001844, weight_decay=3.558e-05
  -> MRR@20=0.041800  best=0.094000  (full@45, trial=44s, avg=27s/trial, total=12.7min, ETA=5.5min)
[TRIAL_METRICS] cur_best_mrr20=0.041800 cur_best_hr10=0.084300 cur_test_mrr20=0.048500 cur_test_hr10=0.106000 run_best_mrr20=0.094000 run_best_hr10=0.144600 run_test_mrr20=0.045800 run_test_hr10=0.091700

[29/40] attn_dropout_prob=0.2413, dropout_ratio=0.3069, hidden_dropout_prob=0.1267, learning_rate=0.0003491, weight_decay=7.183e-05
  -> MRR@20=0.084600  best=0.094000  (full@45, trial=43s, avg=28s/trial, total=13.5min, ETA=5.1min)
[TRIAL_METRICS] cur_best_mrr20=0.084600 cur_best_hr10=0.152600 cur_test_mrr20=0.059800 cur_test_hr10=0.123200 run_best_mrr20=0.094000 run_best_hr10=0.144600 run_test_mrr20=0.045800 run_test_hr10=0.091700

[30/40] attn_dropout_prob=0.2696, dropout_ratio=0.2763, hidden_dropout_prob=0.09478, learning_rate=0.002027, weight_decay=3.175e-05
  -> MRR@20=0.093000  best=0.094000  (early_stop@37, trial=33s, avg=28s/trial, total=14.0min, ETA=4.7min)
[TRIAL_METRICS] cur_best_mrr20=0.093000 cur_best_hr10=0.134500 cur_test_mrr20=0.036200 cur_test_hr10=0.074500 run_best_mrr20=0.094000 run_best_hr10=0.144600 run_test_mrr20=0.045800 run_test_hr10=0.091700

[31/40] attn_dropout_prob=0.2186, dropout_ratio=0.2453, hidden_dropout_prob=0.1252, learning_rate=0.001241, weight_decay=9.511e-05
  -> MRR@20=0.092900  best=0.094000  (early_stop@30, trial=27s, avg=28s/trial, total=14.5min, ETA=4.2min)
[TRIAL_METRICS] cur_best_mrr20=0.092900 cur_best_hr10=0.148600 cur_test_mrr20=0.052700 cur_test_hr10=0.108900 run_best_mrr20=0.094000 run_best_hr10=0.144600 run_test_mrr20=0.045800 run_test_hr10=0.091700

[32/40] attn_dropout_prob=0.2394, dropout_ratio=0.292, hidden_dropout_prob=0.1797, learning_rate=0.000154, weight_decay=1.64e-05
  -> MRR@20=0.033000  best=0.094000  (early_stop@44, trial=45s, avg=29s/trial, total=15.2min, ETA=3.8min)
[TRIAL_METRICS] cur_best_mrr20=0.033000 cur_best_hr10=0.072300 cur_test_mrr20=0.033800 cur_test_hr10=0.083100 run_best_mrr20=0.094000 run_best_hr10=0.144600 run_test_mrr20=0.045800 run_test_hr10=0.091700

[33/40] attn_dropout_prob=0.2598, dropout_ratio=0.316, hidden_dropout_prob=0.1003, learning_rate=0.0004235, weight_decay=3.867e-05
  -> MRR@20=0.087300  best=0.094000  (early_stop@44, trial=42s, avg=29s/trial, total=15.9min, ETA=3.4min)
[TRIAL_METRICS] cur_best_mrr20=0.087300 cur_best_hr10=0.146600 cur_test_mrr20=0.068600 cur_test_hr10=0.123200 run_best_mrr20=0.094000 run_best_hr10=0.144600 run_test_mrr20=0.045800 run_test_hr10=0.091700

[34/40] attn_dropout_prob=0.2103, dropout_ratio=0.2698, hidden_dropout_prob=0.1462, learning_rate=0.001537, weight_decay=6.694e-05
  -> MRR@20=0.084200  best=0.094000  (early_stop@24, trial=21s, avg=29s/trial, total=16.3min, ETA=2.9min)
[TRIAL_METRICS] cur_best_mrr20=0.084200 cur_best_hr10=0.142600 cur_test_mrr20=0.048300 cur_test_hr10=0.106000 run_best_mrr20=0.094000 run_best_hr10=0.144600 run_test_mrr20=0.045800 run_test_hr10=0.091700

[35/40] attn_dropout_prob=0.2698, dropout_ratio=0.2364, hidden_dropout_prob=0.1235, learning_rate=0.001114, weight_decay=2.693e-05
  -> MRR@20=0.093100  best=0.094000  (early_stop@29, trial=25s, avg=29s/trial, total=16.7min, ETA=2.4min)
[TRIAL_METRICS] cur_best_mrr20=0.093100 cur_best_hr10=0.148600 cur_test_mrr20=0.052300 cur_test_hr10=0.111700 run_best_mrr20=0.094000 run_best_hr10=0.144600 run_test_mrr20=0.045800 run_test_hr10=0.091700

[36/40] attn_dropout_prob=0.3, dropout_ratio=0.2933, hidden_dropout_prob=0.14, learning_rate=0.001927, weight_decay=5.446e-05
  -> MRR@20=0.093500  best=0.094000  (early_stop@31, trial=26s, avg=29s/trial, total=17.2min, ETA=1.9min)
[TRIAL_METRICS] cur_best_mrr20=0.093500 cur_best_hr10=0.148600 cur_test_mrr20=0.033600 cur_test_hr10=0.103200 run_best_mrr20=0.094000 run_best_hr10=0.144600 run_test_mrr20=0.045800 run_test_hr10=0.091700

[37/40] attn_dropout_prob=0.1035, dropout_ratio=0.1668, hidden_dropout_prob=0.2704, learning_rate=0.001418, weight_decay=0.0001093
  -> MRR@20=0.085800  best=0.094000  (early_stop@21, trial=19s, avg=28s/trial, total=17.5min, ETA=1.4min)
[TRIAL_METRICS] cur_best_mrr20=0.085800 cur_best_hr10=0.146600 cur_test_mrr20=0.037300 cur_test_hr10=0.103200 run_best_mrr20=0.094000 run_best_hr10=0.144600 run_test_mrr20=0.045800 run_test_hr10=0.091700

[38/40] attn_dropout_prob=0.2434, dropout_ratio=0.1436, hidden_dropout_prob=0.1178, learning_rate=0.0008882, weight_decay=1.004e-05
  -> MRR@20=0.088000  best=0.094000  (early_stop@27, trial=24s, avg=28s/trial, total=17.9min, ETA=56s)
[TRIAL_METRICS] cur_best_mrr20=0.088000 cur_best_hr10=0.158600 cur_test_mrr20=0.062900 cur_test_hr10=0.126100 run_best_mrr20=0.094000 run_best_hr10=0.144600 run_test_mrr20=0.045800 run_test_hr10=0.091700

[39/40] attn_dropout_prob=0.2775, dropout_ratio=0.2835, hidden_dropout_prob=0.2209, learning_rate=0.0003025, weight_decay=4.297e-05
  -> MRR@20=0.046200  best=0.094000  (full@45, trial=39s, avg=29s/trial, total=18.5min, ETA=29s)
[TRIAL_METRICS] cur_best_mrr20=0.046200 cur_best_hr10=0.104400 cur_test_mrr20=0.054600 cur_test_hr10=0.120300 run_best_mrr20=0.094000 run_best_hr10=0.144600 run_test_mrr20=0.045800 run_test_hr10=0.091700

[40/40] attn_dropout_prob=0.2319, dropout_ratio=0.3136, hidden_dropout_prob=0.1718, learning_rate=0.002036, weight_decay=1.65e-05
  -> MRR@20=0.071400  best=0.094000  (early_stop@27, trial=23s, avg=28s/trial, total=18.9min, ETA=0s)
[TRIAL_METRICS] cur_best_mrr20=0.071400 cur_best_hr10=0.140600 cur_test_mrr20=0.038300 cur_test_hr10=0.100300 run_best_mrr20=0.094000 run_best_hr10=0.144600 run_test_mrr20=0.045800 run_test_hr10=0.091700

=================================================================
  DONE  |  TiSASRec x beauty
  Best MRR@20 = 0.094000  |  40/40 trials OK
  Best HR@10  = 0.144600
  Test MRR@20 = 0.045800  (best-valid checkpoint)
  Test HR@10  = 0.091700  (best-valid checkpoint)
[RUN_METRICS] best_valid_mrr20=0.094000 best_valid_hr10=0.144600 test_mrr20=0.045800 test_hr10=0.091700
  Total time: 18.9 min
  Best params:
    attn_dropout_prob: 0.253231
    dropout_ratio: 0.31364
    hidden_dropout_prob: 0.112727
    learning_rate: 0.00192056
    weight_decay: 3.60367e-05
  Results -> /workspace/FeaturedMoE/experiments/run/artifacts/results/baseline_2/beauty_TiSASRec_abcd_v2_lean_b_dbeauty_mtisasrec_a007_l02_s1_20260414_133658_922928_pid1036973.json
  Normal mirror -> /workspace/FeaturedMoE/experiments/run/artifacts/results/baseline_2/normal/abcd_v2_lean/ABCD/beauty/TiSASRec/beauty_TiSASRec_abcd_v2_lean_b_dbeauty_mtisasrec_a007_l02_s1_20260414_133658_922928_pid1036973.json
  Special result -> /workspace/FeaturedMoE/experiments/run/artifacts/results/baseline_2/special/abcd_v2_lean/ABCD/beauty/TiSASRec/beauty_TiSASRec_abcd_v2_lean_b_dbeauty_mtisasrec_a007_l02_s1_20260414_133658_922928_pid1036973_special_metrics.json
  Special log -> /workspace/FeaturedMoE/experiments/run/artifacts/logs/baseline_2/special/abcd_v2_lean/ABCD/beauty/TiSASRec/beauty_TiSASRec_abcd_v2_lean_b_dbeauty_mtisasrec_a007_l02_s1_20260414_133658_922928_pid1036973_special_metrics.json
=================================================================

[RUN_STATUS] END status=normal pid=1036973 start=2026-04-14T13:36:58 end=2026-04-14T13:55:55
