# stage=B dataset=beauty model=tisasrec candidate=A007_L03
# cmd=/venv/FMoE/bin/python hyperopt_tune.py --config-name tune_ab --max-evals 40 --tune-epochs 45 --tune-patience 5 --search-algo tpe --seed 1 --run-group baseline_2 --run-axis ABCD_v2_lean --run-phase ABCD_v2_lean_B_DBEAUTY_MTISASREC_A007_L03_S1 model=tisasrec dataset=beauty eval_mode=session_fixed feature_mode=full_v4 gpu_id=4 log_wandb=false show_progress=false ++MAX_ITEM_LIST_LENGTH=20 ++eval_sampling.mode=full ++eval_sampling.auto_full_threshold=999999999 ++special_logging=true ++exclude_unseen_target_from_main_eval=true ++log_unseen_target_metrics=true ++hidden_size=128 ++embedding_size=128 ++n_layers=2 ++num_layers=2 ++n_heads=2 ++num_heads=2 ++inner_size=256 ++dropout_ratio=0.2 ++time_span=256 ++seed=1 ++search.MAX_ITEM_LIST_LENGTH=[20] ++search.weight_decay=[1e-05,0.001] ++search.hidden_size=[128] ++search.embedding_size=[128] ++search.n_layers=[2] ++search.num_layers=[2] ++search.n_heads=[2] ++search.num_heads=[2] ++search.inner_size=[256] ++search.time_span=[256] ++search.learning_rate=[0.0003,0.0048] ++search.dropout_ratio=[0.08,0.32] ++search.hidden_dropout_prob=[0.08,0.32] ++search.attn_dropout_prob=[0.08,0.32] ++search_space_type_overrides.MAX_ITEM_LIST_LENGTH=choice ++search_space_type_overrides.weight_decay=loguniform ++search_space_type_overrides.hidden_size=choice ++search_space_type_overrides.embedding_size=choice ++search_space_type_overrides.n_layers=choice ++search_space_type_overrides.num_layers=choice ++search_space_type_overrides.n_heads=choice ++search_space_type_overrides.num_heads=choice ++search_space_type_overrides.inner_size=choice ++search_space_type_overrides.time_span=choice ++search_space_type_overrides.learning_rate=loguniform ++search_space_type_overrides.dropout_ratio=uniform ++search_space_type_overrides.hidden_dropout_prob=uniform ++search_space_type_overrides.attn_dropout_prob=uniform

/venv/FMoE/lib/python3.10/site-packages/ray/_private/parameter.py:4: UserWarning: pkg_resources is deprecated as an API. See https://setuptools.pypa.io/en/latest/pkg_resources.html. The pkg_resources package is slated for removal as early as 2025-11-30. Refrain from using this package or pin to Setuptools<81.
  import pkg_resources
[RUN_STATUS] START pid=1036971 ts=2026-04-14T13:36:58

=================================================================
  Hyperopt  |  TiSASRec x beauty
  max_evals=40  epochs=45  patience=5  wandb=off
  search_algo=tpe
  batch_size(train/valid/test)=4096/8192/8192
  track=baseline_2  axis=abcd_v2_lean  phase=ABCD_v2_lean_B_DBEAUTY_MTISASREC_A007_L03_S1
=================================================================
Changed knobs: attn_dropout_prob, dropout_ratio, hidden_dropout_prob, learning_rate, weight_decay
Tuned params(len>1): 5  (~1 discrete combos)
Tuned groups: 5
  [optimization]
    hidden_dropout_prob             [0.08, 0.32]                              -> uniform
    learning_rate                   [0.0003, 0.0048]                          -> loguniform
    weight_decay                    [1e-05, 0.001]                            -> loguniform
  [model_core]
    attn_dropout_prob               [0.08, 0.32]                              -> uniform
    dropout_ratio                   [0.08, 0.32]                              -> uniform
Fixed params(singleton/non-list): 9
Fixed groups: 9
  [model_core]
    embedding_size                  128                                     
    hidden_size                     128                                     
    inner_size                      256                                     
    num_heads                       2                                       
    num_layers                      2                                       
  [other]
    MAX_ITEM_LIST_LENGTH            20                                      
    n_heads                         2                                       
    n_layers                        2                                       
    time_span                       256                                     

[Wandb] disabled for this hyperopt run

[1/40] attn_dropout_prob=0.08166, dropout_ratio=0.1344, hidden_dropout_prob=0.2132, learning_rate=0.0007836, weight_decay=0.0001048
  -> MRR@20=0.059200  best=0.059200  (early_stop@31, trial=29s, avg=31s/trial, total=31s, ETA=20.5min)
[TRIAL_METRICS] cur_best_mrr20=0.059200 cur_best_hr10=0.152600 cur_test_mrr20=0.060700 cur_test_hr10=0.120300 run_best_mrr20=0.059200 run_best_hr10=0.152600 run_test_mrr20=0.060700 run_test_hr10=0.120300

[2/40] attn_dropout_prob=0.2831, dropout_ratio=0.08406, hidden_dropout_prob=0.2618, learning_rate=0.002027, weight_decay=0.0005206
  -> MRR@20=0.062800  best=0.062800  (early_stop@21, trial=18s, avg=25s/trial, total=50s, ETA=15.9min)
[TRIAL_METRICS] cur_best_mrr20=0.062800 cur_best_hr10=0.150600 cur_test_mrr20=0.041600 cur_test_hr10=0.094600 run_best_mrr20=0.062800 run_best_hr10=0.150600 run_test_mrr20=0.041600 run_test_hr10=0.094600

[3/40] attn_dropout_prob=0.2557, dropout_ratio=0.2873, hidden_dropout_prob=0.2932, learning_rate=0.003398, weight_decay=0.0005265
  -> MRR@20=0.051100  best=0.062800  (early_stop@16, trial=14s, avg=21s/trial, total=1.1min, ETA=13.1min)
[TRIAL_METRICS] cur_best_mrr20=0.051100 cur_best_hr10=0.138600 cur_test_mrr20=0.033300 cur_test_hr10=0.080200 run_best_mrr20=0.062800 run_best_hr10=0.150600 run_test_mrr20=0.041600 run_test_hr10=0.094600

[4/40] attn_dropout_prob=0.1871, dropout_ratio=0.2881, hidden_dropout_prob=0.1422, learning_rate=0.002766, weight_decay=0.0004431
  -> MRR@20=0.056600  best=0.062800  (early_stop@17, trial=15s, avg=20s/trial, total=1.3min, ETA=11.8min)
[TRIAL_METRICS] cur_best_mrr20=0.056600 cur_best_hr10=0.138600 cur_test_mrr20=0.040400 cur_test_hr10=0.100300 run_best_mrr20=0.062800 run_best_hr10=0.150600 run_test_mrr20=0.041600 run_test_hr10=0.094600

[5/40] attn_dropout_prob=0.1352, dropout_ratio=0.2462, hidden_dropout_prob=0.268, learning_rate=0.00157, weight_decay=2.235e-05
  -> MRR@20=0.087700  best=0.087700  (early_stop@21, trial=18s, avg=19s/trial, total=1.6min, ETA=11.3min)
[TRIAL_METRICS] cur_best_mrr20=0.087700 cur_best_hr10=0.142600 cur_test_mrr20=0.039300 cur_test_hr10=0.117500 run_best_mrr20=0.087700 run_best_hr10=0.142600 run_test_mrr20=0.039300 run_test_hr10=0.117500

[6/40] attn_dropout_prob=0.2856, dropout_ratio=0.3187, hidden_dropout_prob=0.08251, learning_rate=0.003469, weight_decay=0.0001603
  -> MRR@20=0.084900  best=0.087700  (early_stop@19, trial=16s, avg=19s/trial, total=1.9min, ETA=10.7min)
[TRIAL_METRICS] cur_best_mrr20=0.084900 cur_best_hr10=0.140600 cur_test_mrr20=0.034700 cur_test_hr10=0.088800 run_best_mrr20=0.087700 run_best_hr10=0.142600 run_test_mrr20=0.039300 run_test_hr10=0.117500

[7/40] attn_dropout_prob=0.2247, dropout_ratio=0.2575, hidden_dropout_prob=0.1663, learning_rate=0.0009795, weight_decay=0.0001655
  -> MRR@20=0.067100  best=0.087700  (early_stop@30, trial=26s, avg=20s/trial, total=2.3min, ETA=11.0min)
[TRIAL_METRICS] cur_best_mrr20=0.067100 cur_best_hr10=0.146600 cur_test_mrr20=0.047400 cur_test_hr10=0.108900 run_best_mrr20=0.087700 run_best_hr10=0.142600 run_test_mrr20=0.039300 run_test_hr10=0.117500

[8/40] attn_dropout_prob=0.1076, dropout_ratio=0.1882, hidden_dropout_prob=0.2366, learning_rate=0.001875, weight_decay=4.642e-05
  -> MRR@20=0.067700  best=0.087700  (early_stop@24, trial=21s, avg=20s/trial, total=2.7min, ETA=10.7min)
[TRIAL_METRICS] cur_best_mrr20=0.067700 cur_best_hr10=0.138600 cur_test_mrr20=0.034400 cur_test_hr10=0.083100 run_best_mrr20=0.087700 run_best_hr10=0.142600 run_test_mrr20=0.039300 run_test_hr10=0.117500

[9/40] attn_dropout_prob=0.1976, dropout_ratio=0.2786, hidden_dropout_prob=0.1889, learning_rate=0.001597, weight_decay=0.0001552
  -> MRR@20=0.066900  best=0.087700  (early_stop@19, trial=16s, avg=20s/trial, total=3.0min, ETA=10.2min)
[TRIAL_METRICS] cur_best_mrr20=0.066900 cur_best_hr10=0.142600 cur_test_mrr20=0.050800 cur_test_hr10=0.108900 run_best_mrr20=0.087700 run_best_hr10=0.142600 run_test_mrr20=0.039300 run_test_hr10=0.117500

[10/40] attn_dropout_prob=0.2309, dropout_ratio=0.08366, hidden_dropout_prob=0.2492, learning_rate=0.001372, weight_decay=0.0007153
  -> MRR@20=0.060400  best=0.087700  (early_stop@21, trial=18s, avg=20s/trial, total=3.3min, ETA=9.8min)
[TRIAL_METRICS] cur_best_mrr20=0.060400 cur_best_hr10=0.144600 cur_test_mrr20=0.038900 cur_test_hr10=0.094600 run_best_mrr20=0.087700 run_best_hr10=0.142600 run_test_mrr20=0.039300 run_test_hr10=0.117500

[11/40] attn_dropout_prob=0.296, dropout_ratio=0.1002, hidden_dropout_prob=0.133, learning_rate=0.001166, weight_decay=0.0002586
  -> MRR@20=0.068500  best=0.087700  (early_stop@24, trial=21s, avg=20s/trial, total=3.6min, ETA=9.6min)
[TRIAL_METRICS] cur_best_mrr20=0.068500 cur_best_hr10=0.144600 cur_test_mrr20=0.052300 cur_test_hr10=0.100300 run_best_mrr20=0.087700 run_best_hr10=0.142600 run_test_mrr20=0.039300 run_test_hr10=0.117500

[12/40] attn_dropout_prob=0.164, dropout_ratio=0.1611, hidden_dropout_prob=0.2144, learning_rate=0.003785, weight_decay=0.0001056
  -> MRR@20=0.080900  best=0.087700  (early_stop@15, trial=14s, avg=19s/trial, total=3.9min, ETA=9.0min)
[TRIAL_METRICS] cur_best_mrr20=0.080900 cur_best_hr10=0.130500 cur_test_mrr20=0.037600 cur_test_hr10=0.088800 run_best_mrr20=0.087700 run_best_hr10=0.142600 run_test_mrr20=0.039300 run_test_hr10=0.117500

[13/40] attn_dropout_prob=0.21, dropout_ratio=0.3049, hidden_dropout_prob=0.2036, learning_rate=0.004461, weight_decay=6.908e-05
  -> MRR@20=0.081900  best=0.087700  (early_stop@19, trial=17s, avg=19s/trial, total=4.1min, ETA=8.6min)
[TRIAL_METRICS] cur_best_mrr20=0.081900 cur_best_hr10=0.126500 cur_test_mrr20=0.040100 cur_test_hr10=0.120300 run_best_mrr20=0.087700 run_best_hr10=0.142600 run_test_mrr20=0.039300 run_test_hr10=0.117500

[14/40] attn_dropout_prob=0.1966, dropout_ratio=0.2635, hidden_dropout_prob=0.1682, learning_rate=0.001384, weight_decay=0.0001747
  -> MRR@20=0.067700  best=0.087700  (early_stop@21, trial=19s, avg=19s/trial, total=4.5min, ETA=8.3min)
[TRIAL_METRICS] cur_best_mrr20=0.067700 cur_best_hr10=0.142600 cur_test_mrr20=0.051600 cur_test_hr10=0.120300 run_best_mrr20=0.087700 run_best_hr10=0.142600 run_test_mrr20=0.039300 run_test_hr10=0.117500

[15/40] attn_dropout_prob=0.1683, dropout_ratio=0.116, hidden_dropout_prob=0.1527, learning_rate=0.003373, weight_decay=1.99e-05
  -> MRR@20=0.087800  best=0.087800  (early_stop@31, trial=28s, avg=20s/trial, total=4.9min, ETA=8.2min)
[TRIAL_METRICS] cur_best_mrr20=0.087800 cur_best_hr10=0.114500 cur_test_mrr20=0.032900 cur_test_hr10=0.065900 run_best_mrr20=0.087800 run_best_hr10=0.114500 run_test_mrr20=0.032900 run_test_hr10=0.065900

[16/40] attn_dropout_prob=0.1772, dropout_ratio=0.3015, hidden_dropout_prob=0.191, learning_rate=0.002272, weight_decay=2.625e-05
  -> MRR@20=0.070400  best=0.087800  (early_stop@18, trial=16s, avg=19s/trial, total=5.2min, ETA=7.8min)
[TRIAL_METRICS] cur_best_mrr20=0.070400 cur_best_hr10=0.146600 cur_test_mrr20=0.044900 cur_test_hr10=0.108900 run_best_mrr20=0.087800 run_best_hr10=0.114500 run_test_mrr20=0.032900 run_test_hr10=0.065900

[17/40] attn_dropout_prob=0.282, dropout_ratio=0.08867, hidden_dropout_prob=0.303, learning_rate=0.000414, weight_decay=0.0001436
  -> MRR@20=0.054900  best=0.087800  (full@45, trial=39s, avg=21s/trial, total=5.9min, ETA=7.9min)
[TRIAL_METRICS] cur_best_mrr20=0.054900 cur_best_hr10=0.146600 cur_test_mrr20=0.038100 cur_test_hr10=0.097400 run_best_mrr20=0.087800 run_best_hr10=0.114500 run_test_mrr20=0.032900 run_test_hr10=0.065900

[18/40] attn_dropout_prob=0.1488, dropout_ratio=0.1594, hidden_dropout_prob=0.3184, learning_rate=0.001923, weight_decay=0.0001856
  -> MRR@20=0.081600  best=0.087800  (early_stop@20, trial=18s, avg=21s/trial, total=6.2min, ETA=7.5min)
[TRIAL_METRICS] cur_best_mrr20=0.081600 cur_best_hr10=0.142600 cur_test_mrr20=0.040200 cur_test_hr10=0.108900 run_best_mrr20=0.087800 run_best_hr10=0.114500 run_test_mrr20=0.032900 run_test_hr10=0.065900

[19/40] attn_dropout_prob=0.1909, dropout_ratio=0.2555, hidden_dropout_prob=0.2348, learning_rate=0.003123, weight_decay=0.0002281
  -> MRR@20=0.070800  best=0.087800  (early_stop@19, trial=17s, avg=20s/trial, total=6.4min, ETA=7.1min)
[TRIAL_METRICS] cur_best_mrr20=0.070800 cur_best_hr10=0.124500 cur_test_mrr20=0.040700 cur_test_hr10=0.128900 run_best_mrr20=0.087800 run_best_hr10=0.114500 run_test_mrr20=0.032900 run_test_hr10=0.065900

[20/40] attn_dropout_prob=0.1486, dropout_ratio=0.09899, hidden_dropout_prob=0.1581, learning_rate=0.001184, weight_decay=2.027e-05
  -> MRR@20=0.080300  best=0.087800  (early_stop@23, trial=20s, avg=20s/trial, total=6.8min, ETA=6.8min)
[TRIAL_METRICS] cur_best_mrr20=0.080300 cur_best_hr10=0.146600 cur_test_mrr20=0.050300 cur_test_hr10=0.114600 run_best_mrr20=0.087800 run_best_hr10=0.114500 run_test_mrr20=0.032900 run_test_hr10=0.065900

[21/40] attn_dropout_prob=0.1291, dropout_ratio=0.2187, hidden_dropout_prob=0.1015, learning_rate=0.0006786, weight_decay=1.291e-05
  -> MRR@20=0.091900  best=0.091900  (early_stop@36, trial=32s, avg=21s/trial, total=7.3min, ETA=6.6min)
[TRIAL_METRICS] cur_best_mrr20=0.091900 cur_best_hr10=0.148600 cur_test_mrr20=0.064900 cur_test_hr10=0.120300 run_best_mrr20=0.091900 run_best_hr10=0.148600 run_test_mrr20=0.064900 run_test_hr10=0.120300

[22/40] attn_dropout_prob=0.1126, dropout_ratio=0.22, hidden_dropout_prob=0.08611, learning_rate=0.000498, weight_decay=1.001e-05
  -> MRR@20=0.087900  best=0.091900  (early_stop@37, trial=33s, avg=21s/trial, total=7.9min, ETA=6.4min)
[TRIAL_METRICS] cur_best_mrr20=0.087900 cur_best_hr10=0.146600 cur_test_mrr20=0.063900 cur_test_hr10=0.117500 run_best_mrr20=0.091900 run_best_hr10=0.148600 run_test_mrr20=0.064900 run_test_hr10=0.120300

[23/40] attn_dropout_prob=0.08013, dropout_ratio=0.2168, hidden_dropout_prob=0.08156, learning_rate=0.0004774, weight_decay=1.039e-05
  -> MRR@20=0.088300  best=0.091900  (early_stop@40, trial=35s, avg=22s/trial, total=8.5min, ETA=6.2min)
[TRIAL_METRICS] cur_best_mrr20=0.088300 cur_best_hr10=0.146600 cur_test_mrr20=0.059700 cur_test_hr10=0.126100 run_best_mrr20=0.091900 run_best_hr10=0.148600 run_test_mrr20=0.064900 run_test_hr10=0.120300

[24/40] attn_dropout_prob=0.09004, dropout_ratio=0.2163, hidden_dropout_prob=0.11, learning_rate=0.0006292, weight_decay=1.386e-05
  -> MRR@20=0.090800  best=0.091900  (early_stop@36, trial=31s, avg=22s/trial, total=9.0min, ETA=6.0min)
[TRIAL_METRICS] cur_best_mrr20=0.090800 cur_best_hr10=0.146600 cur_test_mrr20=0.067100 cur_test_hr10=0.128900 run_best_mrr20=0.091900 run_best_hr10=0.148600 run_test_mrr20=0.064900 run_test_hr10=0.120300

[25/40] attn_dropout_prob=0.09511, dropout_ratio=0.1887, hidden_dropout_prob=0.1153, learning_rate=0.0006866, weight_decay=1.392e-05
  -> MRR@20=0.090800  best=0.091900  (early_stop@38, trial=33s, avg=23s/trial, total=9.5min, ETA=5.7min)
[TRIAL_METRICS] cur_best_mrr20=0.090800 cur_best_hr10=0.150600 cur_test_mrr20=0.067300 cur_test_hr10=0.123200 run_best_mrr20=0.091900 run_best_hr10=0.148600 run_test_mrr20=0.064900 run_test_hr10=0.120300

[26/40] attn_dropout_prob=0.117, dropout_ratio=0.1852, hidden_dropout_prob=0.1131, learning_rate=0.0003012, weight_decay=3.577e-05
  -> MRR@20=0.078600  best=0.091900  (full@45, trial=39s, avg=23s/trial, total=10.2min, ETA=5.5min)
[TRIAL_METRICS] cur_best_mrr20=0.078600 cur_best_hr10=0.144600 cur_test_mrr20=0.056500 cur_test_hr10=0.117500 run_best_mrr20=0.091900 run_best_hr10=0.148600 run_test_mrr20=0.064900 run_test_hr10=0.120300

[27/40] attn_dropout_prob=0.131, dropout_ratio=0.2268, hidden_dropout_prob=0.1044, learning_rate=0.000302, weight_decay=1.371e-05
  -> MRR@20=0.078700  best=0.091900  (full@45, trial=39s, avg=24s/trial, total=10.8min, ETA=5.2min)
[TRIAL_METRICS] cur_best_mrr20=0.078700 cur_best_hr10=0.144600 cur_test_mrr20=0.059500 cur_test_hr10=0.117500 run_best_mrr20=0.091900 run_best_hr10=0.148600 run_test_mrr20=0.064900 run_test_hr10=0.120300

[28/40] attn_dropout_prob=0.1013, dropout_ratio=0.1557, hidden_dropout_prob=0.1309, learning_rate=0.0008001, weight_decay=6.335e-05
  -> MRR@20=0.068000  best=0.091900  (early_stop@30, trial=27s, avg=24s/trial, total=11.3min, ETA=4.8min)
[TRIAL_METRICS] cur_best_mrr20=0.068000 cur_best_hr10=0.148600 cur_test_mrr20=0.053500 cur_test_hr10=0.111700 run_best_mrr20=0.091900 run_best_hr10=0.148600 run_test_mrr20=0.064900 run_test_hr10=0.120300

[29/40] attn_dropout_prob=0.08024, dropout_ratio=0.1373, hidden_dropout_prob=0.1009, learning_rate=0.0006613, weight_decay=1.513e-05
  -> MRR@20=0.093200  best=0.093200  (early_stop@36, trial=31s, avg=24s/trial, total=11.8min, ETA=4.5min)
[TRIAL_METRICS] cur_best_mrr20=0.093200 cur_best_hr10=0.150600 cur_test_mrr20=0.064300 cur_test_hr10=0.120300 run_best_mrr20=0.093200 run_best_hr10=0.150600 run_test_mrr20=0.064300 run_test_hr10=0.120300

[30/40] attn_dropout_prob=0.08652, dropout_ratio=0.1342, hidden_dropout_prob=0.1004, learning_rate=0.0008445, weight_decay=3.338e-05
  -> MRR@20=0.094300  best=0.094300  (early_stop@35, trial=30s, avg=25s/trial, total=12.3min, ETA=4.1min)
[TRIAL_METRICS] cur_best_mrr20=0.094300 cur_best_hr10=0.142600 cur_test_mrr20=0.067000 cur_test_hr10=0.123200 run_best_mrr20=0.094300 run_best_hr10=0.142600 run_test_mrr20=0.067000 run_test_hr10=0.123200

[31/40] attn_dropout_prob=0.08132, dropout_ratio=0.1322, hidden_dropout_prob=0.09336, learning_rate=0.000894, weight_decay=3.47e-05
  -> MRR@20=0.092900  best=0.094300  (early_stop@26, trial=22s, avg=25s/trial, total=12.7min, ETA=3.7min)
[TRIAL_METRICS] cur_best_mrr20=0.092900 cur_best_hr10=0.150600 cur_test_mrr20=0.057400 cur_test_hr10=0.117500 run_best_mrr20=0.094300 run_best_hr10=0.142600 run_test_mrr20=0.067000 run_test_hr10=0.123200

[32/40] attn_dropout_prob=0.2551, dropout_ratio=0.1359, hidden_dropout_prob=0.1229, learning_rate=0.0003869, weight_decay=5.972e-05
  -> MRR@20=0.086300  best=0.094300  (full@45, trial=39s, avg=25s/trial, total=13.3min, ETA=3.3min)
[TRIAL_METRICS] cur_best_mrr20=0.086300 cur_best_hr10=0.150600 cur_test_mrr20=0.059500 cur_test_hr10=0.117500 run_best_mrr20=0.094300 run_best_hr10=0.142600 run_test_mrr20=0.067000 run_test_hr10=0.123200

[33/40] attn_dropout_prob=0.08105, dropout_ratio=0.1399, hidden_dropout_prob=0.1762, learning_rate=0.0005762, weight_decay=8.341e-05
  -> MRR@20=0.063700  best=0.094300  (early_stop@40, trial=33s, avg=25s/trial, total=13.9min, ETA=2.9min)
[TRIAL_METRICS] cur_best_mrr20=0.063700 cur_best_hr10=0.152600 cur_test_mrr20=0.059400 cur_test_hr10=0.123200 run_best_mrr20=0.094300 run_best_hr10=0.142600 run_test_mrr20=0.067000 run_test_hr10=0.123200

[34/40] attn_dropout_prob=0.148, dropout_ratio=0.1175, hidden_dropout_prob=0.1424, learning_rate=0.0009799, weight_decay=2.958e-05
  -> MRR@20=0.095300  best=0.095300  (full@45, trial=38s, avg=26s/trial, total=14.5min, ETA=2.6min)
[TRIAL_METRICS] cur_best_mrr20=0.095300 cur_best_hr10=0.142600 cur_test_mrr20=0.062500 cur_test_hr10=0.126100 run_best_mrr20=0.095300 run_best_hr10=0.142600 run_test_mrr20=0.062500 run_test_hr10=0.126100

[35/40] attn_dropout_prob=0.1474, dropout_ratio=0.1161, hidden_dropout_prob=0.1452, learning_rate=0.0009669, weight_decay=3.463e-05
  -> MRR@20=0.065400  best=0.095300  (early_stop@24, trial=21s, avg=26s/trial, total=14.9min, ETA=2.1min)
[TRIAL_METRICS] cur_best_mrr20=0.065400 cur_best_hr10=0.152600 cur_test_mrr20=0.056800 cur_test_hr10=0.108900 run_best_mrr20=0.095300 run_best_hr10=0.142600 run_test_mrr20=0.062500 run_test_hr10=0.126100

[36/40] attn_dropout_prob=0.1208, dropout_ratio=0.1771, hidden_dropout_prob=0.1375, learning_rate=0.002322, weight_decay=4.728e-05
  -> MRR@20=0.090100  best=0.095300  (early_stop@19, trial=16s, avg=25s/trial, total=15.2min, ETA=1.7min)
[TRIAL_METRICS] cur_best_mrr20=0.090100 cur_best_hr10=0.138600 cur_test_mrr20=0.043800 cur_test_hr10=0.106000 run_best_mrr20=0.095300 run_best_hr10=0.142600 run_test_mrr20=0.062500 run_test_hr10=0.126100

[37/40] attn_dropout_prob=0.1409, dropout_ratio=0.1227, hidden_dropout_prob=0.178, learning_rate=0.001063, weight_decay=0.0001093
  -> MRR@20=0.064700  best=0.095300  (early_stop@21, trial=18s, avg=25s/trial, total=15.5min, ETA=1.3min)
[TRIAL_METRICS] cur_best_mrr20=0.064700 cur_best_hr10=0.160600 cur_test_mrr20=0.047300 cur_test_hr10=0.111700 run_best_mrr20=0.095300 run_best_hr10=0.142600 run_test_mrr20=0.062500 run_test_hr10=0.126100

[38/40] attn_dropout_prob=0.1654, dropout_ratio=0.1047, hidden_dropout_prob=0.2773, learning_rate=0.0008116, weight_decay=2.918e-05
  -> MRR@20=0.064300  best=0.095300  (early_stop@31, trial=26s, avg=25s/trial, total=15.9min, ETA=50s)
[TRIAL_METRICS] cur_best_mrr20=0.064300 cur_best_hr10=0.144600 cur_test_mrr20=0.046000 cur_test_hr10=0.103200 run_best_mrr20=0.095300 run_best_hr10=0.142600 run_test_mrr20=0.062500 run_test_hr10=0.126100

[39/40] attn_dropout_prob=0.2228, dropout_ratio=0.1683, hidden_dropout_prob=0.2199, learning_rate=0.001559, weight_decay=4.694e-05
  -> MRR@20=0.089100  best=0.095300  (early_stop@21, trial=18s, avg=25s/trial, total=16.2min, ETA=25s)
[TRIAL_METRICS] cur_best_mrr20=0.089100 cur_best_hr10=0.142600 cur_test_mrr20=0.048100 cur_test_hr10=0.117500 run_best_mrr20=0.095300 run_best_hr10=0.142600 run_test_mrr20=0.062500 run_test_hr10=0.126100

[40/40] attn_dropout_prob=0.249, dropout_ratio=0.08012, hidden_dropout_prob=0.1245, learning_rate=0.001339, weight_decay=0.0003098
  -> MRR@20=0.065000  best=0.095300  (early_stop@19, trial=16s, avg=25s/trial, total=16.5min, ETA=0s)
[TRIAL_METRICS] cur_best_mrr20=0.065000 cur_best_hr10=0.152600 cur_test_mrr20=0.057000 cur_test_hr10=0.114600 run_best_mrr20=0.095300 run_best_hr10=0.142600 run_test_mrr20=0.062500 run_test_hr10=0.126100

=================================================================
  DONE  |  TiSASRec x beauty
  Best MRR@20 = 0.095300  |  40/40 trials OK
  Best HR@10  = 0.142600
  Test MRR@20 = 0.062500  (best-valid checkpoint)
  Test HR@10  = 0.126100  (best-valid checkpoint)
[RUN_METRICS] best_valid_mrr20=0.095300 best_valid_hr10=0.142600 test_mrr20=0.062500 test_hr10=0.126100
  Total time: 16.5 min
  Best params:
    attn_dropout_prob: 0.148007
    dropout_ratio: 0.117483
    hidden_dropout_prob: 0.142375
    learning_rate: 0.000979921
    weight_decay: 2.95752e-05
  Results -> /workspace/FeaturedMoE/experiments/run/artifacts/results/baseline_2/beauty_TiSASRec_abcd_v2_lean_b_dbeauty_mtisasrec_a007_l03_s1_20260414_133658_881828_pid1036971.json
  Normal mirror -> /workspace/FeaturedMoE/experiments/run/artifacts/results/baseline_2/normal/abcd_v2_lean/ABCD/beauty/TiSASRec/beauty_TiSASRec_abcd_v2_lean_b_dbeauty_mtisasrec_a007_l03_s1_20260414_133658_881828_pid1036971.json
  Special result -> /workspace/FeaturedMoE/experiments/run/artifacts/results/baseline_2/special/abcd_v2_lean/ABCD/beauty/TiSASRec/beauty_TiSASRec_abcd_v2_lean_b_dbeauty_mtisasrec_a007_l03_s1_20260414_133658_881828_pid1036971_special_metrics.json
  Special log -> /workspace/FeaturedMoE/experiments/run/artifacts/logs/baseline_2/special/abcd_v2_lean/ABCD/beauty/TiSASRec/beauty_TiSASRec_abcd_v2_lean_b_dbeauty_mtisasrec_a007_l03_s1_20260414_133658_881828_pid1036971_special_metrics.json
=================================================================

[RUN_STATUS] END status=normal pid=1036971 start=2026-04-14T13:36:58 end=2026-04-14T13:53:28
