# pair=P016 dataset=lastfm0.03 model=fearec combo=C1 seed=1
# cmd=/venv/FMoE/bin/python hyperopt_tune.py --config-name tune_lfm_small --max-evals 10 --tune-epochs 100 --tune-patience 10 --search-algo tpe --seed 46 --run-group baseline_2 --run-axis PAIR60_V3_LR10 --run-phase PAIR60_V3_LR10_DLASTFM0_03_MFEAREC_P016_C1_S1 model=fearec dataset=lastfm0.03 eval_mode=session_fixed feature_mode=full_v3 gpu_id=3 log_wandb=false show_progress=false ++seed=46 ++MAX_ITEM_LIST_LENGTH=22 ++eval_sampling.mode=full ++eval_sampling.auto_full_threshold=999999999 ++special_logging=true ++exclude_unseen_target_from_main_eval=true ++log_unseen_target_metrics=true ++hidden_size=128 ++embedding_size=128 ++n_layers=2 ++num_layers=2 ++n_heads=2 ++num_heads=2 ++inner_size=256 ++dropout_ratio=0.12 ++hidden_dropout_prob=0.12 ++attn_dropout_prob=0.12 ++weight_decay=0.00015 ++contrast="un" ++tau=0.2 ++lmd=0.04 ++lmd_sem=0.0 ++semantic_sample_max_tries=2 ++global_ratio=0.85 ++search={learning_rate:[9.486832980505138e-05,0.0003794733192202055]} ++search_space_type_overrides={learning_rate:"loguniform"} ++search.MAX_ITEM_LIST_LENGTH=[22] ++search_space_type_overrides.MAX_ITEM_LIST_LENGTH=choice ++search.weight_decay=[0.00015] ++search_space_type_overrides.weight_decay=choice ++search.hidden_size=[128] ++search_space_type_overrides.hidden_size=choice ++search.embedding_size=[128] ++search_space_type_overrides.embedding_size=choice ++search.n_layers=[2] ++search_space_type_overrides.n_layers=choice ++search.num_layers=[2] ++search_space_type_overrides.num_layers=choice ++search.n_heads=[2] ++search_space_type_overrides.n_heads=choice ++search.num_heads=[2] ++search_space_type_overrides.num_heads=choice ++search.inner_size=[256] ++search_space_type_overrides.inner_size=choice ++search.dropout_ratio=[0.12] ++search_space_type_overrides.dropout_ratio=choice ++search.hidden_dropout_prob=[0.12] ++search_space_type_overrides.hidden_dropout_prob=choice ++search.attn_dropout_prob=[0.12] ++search_space_type_overrides.attn_dropout_prob=choice ++search.contrast=["un"] ++search_space_type_overrides.contrast=choice ++search.tau=[0.2] ++search_space_type_overrides.tau=choice ++search.lmd=[0.04] ++search_space_type_overrides.lmd=choice ++search.lmd_sem=[0.0] ++search_space_type_overrides.lmd_sem=choice ++search.global_ratio=[0.85] ++search_space_type_overrides.global_ratio=choice ++search.semantic_sample_max_tries=[2] ++search_space_type_overrides.semantic_sample_max_tries=choice

/venv/FMoE/lib/python3.10/site-packages/ray/_private/parameter.py:4: UserWarning: pkg_resources is deprecated as an API. See https://setuptools.pypa.io/en/latest/pkg_resources.html. The pkg_resources package is slated for removal as early as 2025-11-30. Refrain from using this package or pin to Setuptools<81.
  import pkg_resources
[RUN_STATUS] START pid=1119540 ts=2026-04-14T20:39:06

=================================================================
  Hyperopt  |  FEARec x lastfm0.03
  max_evals=10  epochs=100  patience=10  wandb=off
  search_algo=tpe
  batch_size(train/valid/test)=2048/4096/4096
  track=baseline_2  axis=pair60_v3_lr10  phase=PAIR60_V3_LR10_DLASTFM0_03_MFEAREC_P016_C1_S1
=================================================================
Changed knobs: learning_rate
Tuned params(len>1): 1  (~1 discrete combos)
Tuned groups: 1
  [optimization]
    learning_rate                   [9.486832980505138e-05, 0.0003794733192202055]  -> loguniform
Fixed params(singleton/non-list): 18
Fixed groups: 18
  [optimization]
    hidden_dropout_prob             0.12                                    
    weight_decay                    0.00015                                 
  [model_core]
    attn_dropout_prob               0.12                                    
    dropout_ratio                   0.12                                    
    embedding_size                  128                                     
    hidden_size                     128                                     
    inner_size                      256                                     
    num_heads                       2                                       
    num_layers                      2                                       
  [other]
    MAX_ITEM_LIST_LENGTH            22                                      
    contrast                        un                                      
    global_ratio                    0.85                                    
    lmd                             0.04                                    
    lmd_sem                         0.0                                     
    n_heads                         2                                       
    n_layers                        2                                       
    semantic_sample_max_tries       2                                       
    tau                             0.2                                     

[Wandb] disabled for this hyperopt run

[1/10] learning_rate=0.0001484
  -> MRR@20=0.282000  best=0.282000  (full@100, trial=14.2min, avg=14.4min/trial, total=14.4min, ETA=2.16h)
[TRIAL_METRICS] cur_best_mrr20=0.282000 cur_best_hr10=0.373600 cur_test_mrr20=0.280800 cur_test_hr10=0.370500 run_best_mrr20=0.282000 run_best_hr10=0.373600 run_test_mrr20=0.280800 run_test_hr10=0.370500

[2/10] learning_rate=0.0001083
  -> MRR@20=0.266100  best=0.282000  (full@100, trial=14.2min, avg=14.3min/trial, total=28.6min, ETA=1.91h)
[TRIAL_METRICS] cur_best_mrr20=0.266100 cur_best_hr10=0.375600 cur_test_mrr20=0.267000 cur_test_hr10=0.375300 run_best_mrr20=0.282000 run_best_hr10=0.373600 run_test_mrr20=0.280800 run_test_hr10=0.370500

[3/10] learning_rate=0.0001517
  -> MRR@20=0.285400  best=0.285400  (full@100, trial=14.2min, avg=14.3min/trial, total=42.9min, ETA=1.67h)
[TRIAL_METRICS] cur_best_mrr20=0.285400 cur_best_hr10=0.377700 cur_test_mrr20=0.284300 cur_test_hr10=0.377000 run_best_mrr20=0.285400 run_best_hr10=0.377700 run_test_mrr20=0.284300 run_test_hr10=0.377000

[4/10] learning_rate=0.0001316
  -> MRR@20=0.282000  best=0.285400  (full@100, trial=14.2min, avg=14.3min/trial, total=57.1min, ETA=1.43h)
[TRIAL_METRICS] cur_best_mrr20=0.282000 cur_best_hr10=0.377300 cur_test_mrr20=0.281900 cur_test_hr10=0.380700 run_best_mrr20=0.285400 run_best_hr10=0.377700 run_test_mrr20=0.284300 run_test_hr10=0.377000

[5/10] learning_rate=0.0002028
  -> MRR@20=0.285800  best=0.285800  (early_stop@93, trial=13.2min, avg=14.1min/trial, total=1.17h, ETA=1.17h)
[TRIAL_METRICS] cur_best_mrr20=0.285800 cur_best_hr10=0.372900 cur_test_mrr20=0.283300 cur_test_hr10=0.373200 run_best_mrr20=0.285800 run_best_hr10=0.372900 run_test_mrr20=0.283300 run_test_hr10=0.373200

[6/10] learning_rate=0.0001444
  -> MRR@20=0.278200  best=0.285800  (full@100, trial=14.2min, avg=14.1min/trial, total=1.41h, ETA=56.3min)
[TRIAL_METRICS] cur_best_mrr20=0.278200 cur_best_hr10=0.377700 cur_test_mrr20=0.280400 cur_test_hr10=0.371200 run_best_mrr20=0.285800 run_best_hr10=0.372900 run_test_mrr20=0.283300 run_test_hr10=0.373200

[7/10] learning_rate=0.0002753
  -> MRR@20=0.290800  best=0.290800  (early_stop@86, trial=12.1min, avg=13.8min/trial, total=1.61h, ETA=41.4min)
[TRIAL_METRICS] cur_best_mrr20=0.290800 cur_best_hr10=0.373300 cur_test_mrr20=0.280400 cur_test_hr10=0.366800 run_best_mrr20=0.290800 run_best_hr10=0.373300 run_test_mrr20=0.280400 run_test_hr10=0.366800

[8/10] learning_rate=0.0001603
  -> MRR@20=0.284300  best=0.290800  (full@100, trial=14.3min, avg=13.9min/trial, total=1.85h, ETA=27.7min)
[TRIAL_METRICS] cur_best_mrr20=0.284300 cur_best_hr10=0.376000 cur_test_mrr20=0.281600 cur_test_hr10=0.373200 run_best_mrr20=0.290800 run_best_hr10=0.373300 run_test_mrr20=0.280400 run_test_hr10=0.366800

[9/10] learning_rate=0.0002546
  -> MRR@20=0.285700  best=0.290800  (early_stop@85, trial=12.0min, avg=13.7min/trial, total=2.05h, ETA=13.7min)
[TRIAL_METRICS] cur_best_mrr20=0.285700 cur_best_hr10=0.370200 cur_test_mrr20=0.279500 cur_test_hr10=0.362700 run_best_mrr20=0.290800 run_best_hr10=0.373300 run_test_mrr20=0.280400 run_test_hr10=0.366800

[10/10] learning_rate=0.0001002
  -> MRR@20=0.262100  best=0.290800  (full@100, trial=14.5min, avg=13.8min/trial, total=2.29h, ETA=0s)
[TRIAL_METRICS] cur_best_mrr20=0.262100 cur_best_hr10=0.374300 cur_test_mrr20=0.259900 cur_test_hr10=0.374600 run_best_mrr20=0.290800 run_best_hr10=0.373300 run_test_mrr20=0.280400 run_test_hr10=0.366800

=================================================================
  DONE  |  FEARec x lastfm0.03
  Best MRR@20 = 0.290800  |  10/10 trials OK
  Best HR@10  = 0.373300
  Test MRR@20 = 0.280400  (best-valid checkpoint)
  Test HR@10  = 0.366800  (best-valid checkpoint)
[RUN_METRICS] best_valid_mrr20=0.290800 best_valid_hr10=0.373300 test_mrr20=0.280400 test_hr10=0.366800
  Total time: 137.5 min
  Best params:
    learning_rate: 0.000275297
  Results -> /workspace/FeaturedMoE/experiments/run/artifacts/results/baseline_2/lastfm0.03_FEARec_pair60_v3_lr10_dlastfm0_03_mfearec_p016_c1_s1_20260414_203906_419167_pid1119540.json
  Normal mirror -> /workspace/FeaturedMoE/experiments/run/artifacts/results/baseline_2/normal/pair60_v3_lr10/PAIR60/lastfm0.03/FEARec/lastfm0.03_FEARec_pair60_v3_lr10_dlastfm0_03_mfearec_p016_c1_s1_20260414_203906_419167_pid1119540.json
  Special result -> /workspace/FeaturedMoE/experiments/run/artifacts/results/baseline_2/special/pair60_v3_lr10/PAIR60/lastfm0.03/FEARec/lastfm0.03_FEARec_pair60_v3_lr10_dlastfm0_03_mfearec_p016_c1_s1_20260414_203906_419167_pid1119540_special_metrics.json
  Special log -> /workspace/FeaturedMoE/experiments/run/artifacts/logs/baseline_2/special/pair60_v3_lr10/PAIR60/lastfm0.03/FEARec/lastfm0.03_FEARec_pair60_v3_lr10_dlastfm0_03_mfearec_p016_c1_s1_20260414_203906_419167_pid1119540_special_metrics.json
=================================================================

[RUN_STATUS] END status=normal pid=1119540 start=2026-04-14T20:39:06 end=2026-04-14T22:56:36
