# job_id=S3_FOURSQUARE_FAME_C2_SEED3 dataset=foursquare model=fame stage=stage3
# cmd=/venv/FMoE/bin/python hyperopt_tune.py --config-name tune_fs --search-algo tpe --max-evals 1 --tune-epochs 100 --tune-patience 10 --seed 810048 --run-group final_experiment --run-axis stage3_seed_confirm --run-phase S3_FOURSQUARE_FAME_C2_SEED3 model=fame dataset=foursquare eval_mode=session_fixed feature_mode=full_v4 ++eval_sampling.mode=full ++eval_sampling.auto_full_threshold=999999999 ++special_logging=true ++exclude_unseen_target_from_main_eval=true ++log_unseen_target_metrics=true gpu_id=3 log_wandb=false show_progress=false ++seed=810048 --max-run-hours 2 --oom-retry-limit 2 ++search.inner_size=[256] ++search_space_type_overrides.inner_size=choice ++search.dropout_ratio=[0.12] ++search_space_type_overrides.dropout_ratio=choice ++search.MAX_ITEM_LIST_LENGTH=[20] ++search_space_type_overrides.MAX_ITEM_LIST_LENGTH=choice ++search.attn_dropout_prob=[0.1] ++search_space_type_overrides.attn_dropout_prob=choice ++search.embedding_size=[128] ++search_space_type_overrides.embedding_size=choice ++search.hidden_dropout_prob=[0.2] ++search_space_type_overrides.hidden_dropout_prob=choice ++search.hidden_size=[96] ++search_space_type_overrides.hidden_size=choice ++search.learning_rate=[0.00113349] ++search_space_type_overrides.learning_rate=choice ++search.num_experts=[4] ++search_space_type_overrides.num_experts=choice ++search.num_heads=[2] ++search_space_type_overrides.num_heads=choice ++search.num_layers=[2] ++search_space_type_overrides.num_layers=choice ++search.weight_decay=[1e-06] ++search_space_type_overrides.weight_decay=choice

/venv/FMoE/lib/python3.10/site-packages/ray/_private/parameter.py:4: UserWarning: pkg_resources is deprecated as an API. See https://setuptools.pypa.io/en/latest/pkg_resources.html. The pkg_resources package is slated for removal as early as 2025-11-30. Refrain from using this package or pin to Setuptools<81.
  import pkg_resources
[RUN_STATUS] START pid=630906 ts=2026-04-18T13:02:56

=================================================================
  Hyperopt  |  FAME x foursquare
  max_evals=1  epochs=100  patience=10  wandb=off
  search_algo=tpe
  max_run_hours=2.000  (stop launching new trials after current trial)
  oom_retry_limit=2  (halve train/eval batch size on OOM)
  batch_size(train/valid/test)=4096/4096/4096
  track=final_experiment  axis=stage3_seed_confirm  phase=S3_FOURSQUARE_FAME_C2_SEED3
=================================================================
Changed knobs: (none; single-run mode)
Tuned params(len>1): 0  (~1 discrete combos)
Tuned groups: 0
  (none)
Fixed params(singleton/non-list): 12
Fixed groups: 12
  [optimization]
    hidden_dropout_prob             0.2                                     
    learning_rate                   0.00113349                              
    weight_decay                    1e-06                                   
  [model_core]
    attn_dropout_prob               0.1                                     
    dropout_ratio                   0.12                                    
    embedding_size                  128                                     
    hidden_size                     96                                      
    inner_size                      256                                     
    num_heads                       2                                       
    num_layers                      2                                       
  [other]
    MAX_ITEM_LIST_LENGTH            20                                      
    num_experts                     4                                       

[Wandb] disabled for this hyperopt run

[1/1] (fixed-only run)
  -> MRR@20=0.144500  best=0.144500  (early_stop@61, trial=1.5min, avg=1.6min/trial, total=1.6min, ETA=0s)
[TRIAL_METRICS] cur_best_mrr20=0.144500 cur_best_hr10=0.220700 cur_test_mrr20=0.111300 cur_test_hr10=0.185900 avg_epoch_time_sec=1.4339 test_eval_time_sec=0.0975 test_eval_batches_per_sec=10.2539 test_eval_targets_per_sec=36514.1159 run_best_mrr20=0.144500 run_best_hr10=0.220700 run_test_mrr20=0.111300 run_test_hr10=0.185900

=================================================================
  DONE  |  FAME x foursquare
  Best MRR@20 = 0.144500  |  1/1 trials OK
  Best HR@10  = 0.220700
  Test MRR@20 = 0.111300  (best-valid checkpoint)
  Test HR@10  = 0.185900  (best-valid checkpoint)
  Avg epoch time = 1.434 sec/epoch
  Final test eval = 0.098 sec | batches/s=10.254 | targets/s=36514.116
[RUN_METRICS] best_valid_mrr20=0.144500 best_valid_hr10=0.220700 test_mrr20=0.111300 test_hr10=0.185900 avg_epoch_time_sec=1.4339 test_eval_time_sec=0.0975 test_eval_batches_per_sec=10.2539 test_eval_targets_per_sec=36514.1159
  Total time: 1.6 min
  Best params:
  Results -> /workspace/FeaturedMoE/experiments/run/artifacts/results/final_experiment/foursquare_FAME_s3_foursquare_fame_c2_seed3_20260418_130256_774252_pid630906.json
  Normal mirror -> /workspace/FeaturedMoE/experiments/run/artifacts/results/final_experiment/normal/stage3_seed_confirm/S3/foursquare/FAME/foursquare_FAME_s3_foursquare_fame_c2_seed3_20260418_130256_774252_pid630906.json
  Special result -> /workspace/FeaturedMoE/experiments/run/artifacts/results/final_experiment/special/stage3_seed_confirm/S3/foursquare/FAME/foursquare_FAME_s3_foursquare_fame_c2_seed3_20260418_130256_774252_pid630906_special_metrics.json
  Special log -> /workspace/FeaturedMoE/experiments/run/artifacts/logs/final_experiment/special/stage3_seed_confirm/S3/foursquare/FAME/foursquare_FAME_s3_foursquare_fame_c2_seed3_20260418_130256_774252_pid630906_special_metrics.json
=================================================================

[RUN_STATUS] END status=normal pid=630906 start=2026-04-18T13:02:56 end=2026-04-18T13:04:30
