[STAGEH_TARGETEDRECOVERY_ANCHOR2_CORE5_SETTING_HEADER]
run_phase=P23_SH_C05_MFAME_AB_FAME_STAGEH_REC2_WDLO_S1 run_id=SH_AMAZON_BEAUTY_FAME_AB_FAME_STAGEH_REC2_WDLO_S1 phase_id=P23 axis_id=SH model=FAME candidate_id=AB_FAME_STAGEH_REC2_WDLO seed=1
dataset=amazon_beauty gpu=7 order=0 candidate_source=stageh_screen_variant source_stage=stageh_manual_bank_variant transfer_from_dataset=amazon_beauty
max_evals=5 tune_epochs=26 tune_patience=4
seed=230107

[COMMAND]
- /venv/FMoE/bin/python hyperopt_tune.py --config-name tune_ab --max-evals 5 --tune-epochs 26 --tune-patience 4 --seed 230107 --run-group baseline --run-axis StageH_TargetedRecovery_anchor2_core5 --run-phase P23_SH_C05_MFAME_AB_FAME_STAGEH_REC2_WDLO_S1 model=fame dataset=amazon_beauty eval_mode=session_fixed feature_mode=full_v3 gpu_id=7 log_wandb=false show_progress=false ++special_logging=true ++seed=230107 ++search={learning_rate:[0.0048400000000000006,0.01]} ++search_space_type_overrides={learning_rate:"loguniform"} ++weight_decay=7e-05 ++search.weight_decay=[7e-05] ++search_space_type_overrides.weight_decay=choice ++search.n_layers=[3] ++search_space_type_overrides.n_layers=choice ++search.num_layers=[3] ++search_space_type_overrides.num_layers=choice ++search.n_heads=[8] ++search_space_type_overrides.n_heads=choice ++search.num_heads=[8] ++search_space_type_overrides.num_heads=choice ++search.dropout_ratio=[0.1] ++search_space_type_overrides.dropout_ratio=choice ++search.dropout_prob=[0.1] ++search_space_type_overrides.dropout_prob=choice ++search.hidden_dropout_prob=[0.1] ++search_space_type_overrides.hidden_dropout_prob=choice ++search.attn_dropout_prob=[0.1] ++search_space_type_overrides.attn_dropout_prob=choice ++search.hidden_size=[112] ++search_space_type_overrides.hidden_size=choice ++search.embedding_size=[112] ++search_space_type_overrides.embedding_size=choice ++search.inner_size=[224] ++search_space_type_overrides.inner_size=choice ++search.time_span=[384] ++search_space_type_overrides.time_span=choice ++search.num_experts=[3] ++search_space_type_overrides.num_experts=choice ++search.state_size=[24] ++search_space_type_overrides.state_size=choice ++search.conv_kernel=[6] ++search_space_type_overrides.conv_kernel=choice ++search.remaining_ratio=[0.6] ++search_space_type_overrides.remaining_ratio=choice ++search.MAX_ITEM_LIST_LENGTH=[8] ++search_space_type_overrides.MAX_ITEM_LIST_LENGTH=choice ++dropout_ratio=0.1 ++num_experts=3 ++train_batch_size=1536 ++eval_batch_size=2304 ++hidden_size=112 ++embedding_size=112 ++MAX_ITEM_LIST_LENGTH=8 ++num_layers=3 ++n_layers=3 ++num_heads=8 ++n_heads=8 ++inner_size=224 ++num_experts=3
/venv/FMoE/lib/python3.10/site-packages/ray/_private/parameter.py:4: UserWarning: pkg_resources is deprecated as an API. See https://setuptools.pypa.io/en/latest/pkg_resources.html. The pkg_resources package is slated for removal as early as 2025-11-30. Refrain from using this package or pin to Setuptools<81.
  import pkg_resources
[RUN_STATUS] START pid=508901 ts=2026-04-09T15:51:42

=================================================================
  Hyperopt TPE  |  FAME x amazon_beauty
  max_evals=5  epochs=26  patience=4  wandb=off
  batch_size(train/valid/test)=1536/2304/2304
  track=baseline  axis=stageh_targetedrecovery_anchor2_core5  phase=P23_SH_C05_MFAME_AB_FAME_STAGEH_REC2_WDLO_S1
=================================================================
Changed knobs: learning_rate
Tuned params(len>1): 1  (~1 discrete combos)
Tuned groups: 1
  [optimization]
    learning_rate                   [0.0048400000000000006, 0.01]             -> loguniform
Fixed params(singleton/non-list): 18
Fixed groups: 18
  [optimization]
    hidden_dropout_prob             0.1                                     
    weight_decay                    7e-05                                   
  [model_core]
    attn_dropout_prob               0.1                                     
    dropout_prob                    0.1                                     
    dropout_ratio                   0.1                                     
    embedding_size                  112                                     
    hidden_size                     112                                     
    inner_size                      224                                     
    num_heads                       8                                       
    num_layers                      3                                       
  [other]
    MAX_ITEM_LIST_LENGTH            8                                       
    conv_kernel                     6                                       
    n_heads                         8                                       
    n_layers                        3                                       
    num_experts                     3                                       
    remaining_ratio                 0.6                                     
    state_size                      24                                      
    time_span                       384                                     

[Wandb] disabled for this hyperopt run

[1/5] learning_rate=0.007133
  -> MRR@20=0.009500  best=0.009500  (early_stop@5, trial=2s, avg=5s/trial, total=5s, ETA=20s)
[TRIAL_METRICS] cur_best_mrr20=0.009500 cur_best_hr10=0.008800 cur_test_mrr20=0.000000 cur_test_hr10=0.000000 run_best_mrr20=0.009500 run_best_hr10=0.008800 run_test_mrr20=0.000000 run_test_hr10=0.000000

[2/5] learning_rate=0.005029
  -> MRR@20=0.004900  best=0.009500  (early_stop@5, trial=2s, avg=3s/trial, total=7s, ETA=10s)
[TRIAL_METRICS] cur_best_mrr20=0.004900 cur_best_hr10=0.008800 cur_test_mrr20=0.000000 cur_test_hr10=0.000000 run_best_mrr20=0.009500 run_best_hr10=0.008800 run_test_mrr20=0.000000 run_test_hr10=0.000000

[3/5] learning_rate=0.006763
  -> MRR@20=0.009900  best=0.009900  (early_stop@8, trial=3s, avg=3s/trial, total=10s, ETA=7s)
[TRIAL_METRICS] cur_best_mrr20=0.009900 cur_best_hr10=0.008800 cur_test_mrr20=0.000000 cur_test_hr10=0.000000 run_best_mrr20=0.009900 run_best_hr10=0.008800 run_test_mrr20=0.000000 run_test_hr10=0.000000

[4/5] learning_rate=0.006596
  -> MRR@20=0.009400  best=0.009900  (early_stop@5, trial=2s, avg=3s/trial, total=12s, ETA=3s)
[TRIAL_METRICS] cur_best_mrr20=0.009400 cur_best_hr10=0.008800 cur_test_mrr20=0.000000 cur_test_hr10=0.000000 run_best_mrr20=0.009900 run_best_hr10=0.008800 run_test_mrr20=0.000000 run_test_hr10=0.000000

[5/5] learning_rate=0.0078
  -> MRR@20=0.009600  best=0.009900  (early_stop@5, trial=2s, avg=3s/trial, total=14s, ETA=0s)
[TRIAL_METRICS] cur_best_mrr20=0.009600 cur_best_hr10=0.008800 cur_test_mrr20=0.000000 cur_test_hr10=0.000000 run_best_mrr20=0.009900 run_best_hr10=0.008800 run_test_mrr20=0.000000 run_test_hr10=0.000000

=================================================================
  DONE  |  FAME x amazon_beauty
  Best MRR@20 = 0.009900  |  5/5 trials OK
  Best HR@10  = 0.008800
  Test MRR@20 = 0.000000  (best-valid checkpoint)
  Test HR@10  = 0.000000  (best-valid checkpoint)
[RUN_METRICS] best_valid_mrr20=0.009900 best_valid_hr10=0.008800 test_mrr20=0.000000 test_hr10=0.000000
  Total time: 0.2 min
  Best params:
    learning_rate: 0.00676293
  Results -> /workspace/jy1559/FMoE/experiments/run/artifacts/results/baseline/amazon_beauty_FAME_p23_sh_c05_mfame_ab_fame_stageh_rec2_wdlo_s1_20260409_155143_179930_pid508901.json
  Normal mirror -> /workspace/jy1559/FMoE/experiments/run/artifacts/results/baseline/normal/stageh_targetedrecovery_anchor2_core5/P23/amazon_beauty/FAME/amazon_beauty_FAME_p23_sh_c05_mfame_ab_fame_stageh_rec2_wdlo_s1_20260409_155143_179930_pid508901.json
  Special result -> /workspace/jy1559/FMoE/experiments/run/artifacts/results/baseline/special/stageh_targetedrecovery_anchor2_core5/P23/amazon_beauty/FAME/amazon_beauty_FAME_p23_sh_c05_mfame_ab_fame_stageh_rec2_wdlo_s1_20260409_155143_179930_pid508901_special_metrics.json
  Special log -> /workspace/jy1559/FMoE/experiments/run/artifacts/logs/baseline/special/stageh_targetedrecovery_anchor2_core5/P23/amazon_beauty/FAME/amazon_beauty_FAME_p23_sh_c05_mfame_ab_fame_stageh_rec2_wdlo_s1_20260409_155143_179930_pid508901_special_metrics.json
=================================================================

[RUN_STATUS] END status=normal pid=508901 start=2026-04-09T15:51:42 end=2026-04-09T15:51:57
