[STAGEI_PROGRESSIVE_RECOVERY_ANCHOR2_CORE5_SETTING_HEADER]
run_phase=P24_S2_I2S2_D11_MFEAREC_C11_I2S2_FEAREC_CONTRAST_LIGHT_CTRL_S1 run_id=I2S2_RETAIL_ROCKET_FEAREC_I2S2_FEAREC_CONTRAST_LIGHT_CTRL_S1 phase_id=P24 axis_id=SI step_name=step2 pass_name=pass2 model=FEARec candidate_id=I2S2_FEAREC_CONTRAST_LIGHT_CTRL seed=1
dataset=retail_rocket gpu=7 candidate_source=family_refine source_stage=step2_family_refine anchor_run_id=I2_RETAIL_ROCKET_FEAREC_I2_FEAREC_WIDTH_UP_S1 hypothesis_family=contrast_light root_cause_tag=fearec_freq_contrast_mismatch batch_profile=step2:pass2:bs512/512
max_evals=8 tune_epochs=50 tune_patience=5
seed=240130

[COMMAND]
- /venv/FMoE/bin/python hyperopt_tune.py --config-name tune_rr --max-evals 8 --tune-epochs 50 --tune-patience 5 --seed 240130 --run-group baseline --run-axis StageI_ProgressiveRecovery_anchor2_core5 --run-phase P24_S2_I2S2_D11_MFEAREC_C11_I2S2_FEAREC_CONTRAST_LIGHT_CTRL_S1 model=fearec dataset=retail_rocket eval_mode=session_fixed feature_mode=full_v3 gpu_id=7 log_wandb=false show_progress=false ++special_logging=true ++seed=240130 ++search={learning_rate:[0.0009029642786417943,0.0012247818645463044]} ++search_space_type_overrides={learning_rate:"loguniform"} ++weight_decay=0.0001 ++search.weight_decay=[0.0001] ++search_space_type_overrides.weight_decay=choice ++search.n_layers=[2] ++search_space_type_overrides.n_layers=choice ++search.num_layers=[2] ++search_space_type_overrides.num_layers=choice ++search.n_heads=[4] ++search_space_type_overrides.n_heads=choice ++search.num_heads=[4] ++search_space_type_overrides.num_heads=choice ++search.dropout_ratio=[0.1] ++search_space_type_overrides.dropout_ratio=choice ++search.dropout_prob=[0.1] ++search_space_type_overrides.dropout_prob=choice ++search.hidden_dropout_prob=[0.1] ++search_space_type_overrides.hidden_dropout_prob=choice ++search.attn_dropout_prob=[0.1] ++search_space_type_overrides.attn_dropout_prob=choice ++search.hidden_size=[144] ++search_space_type_overrides.hidden_size=choice ++search.embedding_size=[144] ++search_space_type_overrides.embedding_size=choice ++search.inner_size=[288] ++search_space_type_overrides.inner_size=choice ++search.time_span=[384] ++search_space_type_overrides.time_span=choice ++search.num_experts=[6] ++search_space_type_overrides.num_experts=choice ++search.state_size=[24] ++search_space_type_overrides.state_size=choice ++search.conv_kernel=[6] ++search_space_type_overrides.conv_kernel=choice ++search.remaining_ratio=[0.6] ++search_space_type_overrides.remaining_ratio=choice ++search.MAX_ITEM_LIST_LENGTH=[12] ++search_space_type_overrides.MAX_ITEM_LIST_LENGTH=choice ++dropout_ratio=0.1 ++contrast=un ++tau=0.25 ++lmd=0.01 ++lmd_sem=0.0 ++global_ratio=0.8 ++semantic_sample_max_tries=2 ++train_batch_size=512 ++eval_batch_size=512 ++hidden_size=144 ++embedding_size=144 ++MAX_ITEM_LIST_LENGTH=12 ++n_layers=2 ++num_layers=2 ++n_heads=4 ++num_heads=4 ++inner_size=288
/venv/FMoE/lib/python3.10/site-packages/ray/_private/parameter.py:4: UserWarning: pkg_resources is deprecated as an API. See https://setuptools.pypa.io/en/latest/pkg_resources.html. The pkg_resources package is slated for removal as early as 2025-11-30. Refrain from using this package or pin to Setuptools<81.
  import pkg_resources
[RUN_STATUS] START pid=509422 ts=2026-04-13T06:21:45

=================================================================
  Hyperopt TPE  |  FEARec x retail_rocket
  max_evals=8  epochs=50  patience=5  wandb=off
  batch_size(train/valid/test)=512/512/512
  track=baseline  axis=stagei_progressiverecovery_anchor2_core5  phase=P24_S2_I2S2_D11_MFEAREC_C11_I2S2_FEAREC_CONTRAST_LIGHT_CTRL_S1
=================================================================
Changed knobs: learning_rate
Tuned params(len>1): 1  (~1 discrete combos)
Tuned groups: 1
  [optimization]
    learning_rate                   [0.0009029642786417943, 0.0012247818645463044]  -> loguniform
Fixed params(singleton/non-list): 18
Fixed groups: 18
  [optimization]
    hidden_dropout_prob             0.1                                     
    weight_decay                    0.0001                                  
  [model_core]
    attn_dropout_prob               0.1                                     
    dropout_prob                    0.1                                     
    dropout_ratio                   0.1                                     
    embedding_size                  144                                     
    hidden_size                     144                                     
    inner_size                      288                                     
    num_heads                       4                                       
    num_layers                      2                                       
  [other]
    MAX_ITEM_LIST_LENGTH            12                                      
    conv_kernel                     6                                       
    n_heads                         4                                       
    n_layers                        2                                       
    num_experts                     6                                       
    remaining_ratio                 0.6                                     
    state_size                      24                                      
    time_span                       384                                     

[Wandb] disabled for this hyperopt run

[1/8] learning_rate=0.001025
  -> MRR@20=0.272000  best=0.272000  (early_stop@8, trial=4.7min, avg=5.1min/trial, total=5.1min, ETA=35.5min)
[TRIAL_METRICS] cur_best_mrr20=0.272000 cur_best_hr10=0.432900 cur_test_mrr20=0.273800 cur_test_hr10=0.433400 run_best_mrr20=0.272000 run_best_hr10=0.432900 run_test_mrr20=0.273800 run_test_hr10=0.433400

[2/8] learning_rate=0.0009961
  -> MRR@20=0.271400  best=0.272000  (early_stop@10, trial=6.2min, avg=5.6min/trial, total=11.3min, ETA=33.9min)
[TRIAL_METRICS] cur_best_mrr20=0.271400 cur_best_hr10=0.429200 cur_test_mrr20=0.272700 cur_test_hr10=0.428500 run_best_mrr20=0.272000 run_best_hr10=0.432900 run_test_mrr20=0.273800 run_test_hr10=0.433400

[3/8] learning_rate=0.0009378
  -> MRR@20=0.272700  best=0.272700  (early_stop@9, trial=5.5min, avg=5.6min/trial, total=16.8min, ETA=28.0min)
[TRIAL_METRICS] cur_best_mrr20=0.272700 cur_best_hr10=0.432100 cur_test_mrr20=0.273800 cur_test_hr10=0.431100 run_best_mrr20=0.272700 run_best_hr10=0.432100 run_test_mrr20=0.273800 run_test_hr10=0.431100

[4/8] learning_rate=0.0009635
  -> MRR@20=0.268400  best=0.272700  (early_stop@9, trial=5.3min, avg=5.5min/trial, total=22.2min, ETA=22.2min)
[TRIAL_METRICS] cur_best_mrr20=0.268400 cur_best_hr10=0.426900 cur_test_mrr20=0.271400 cur_test_hr10=0.426600 run_best_mrr20=0.272700 run_best_hr10=0.432100 run_test_mrr20=0.273800 run_test_hr10=0.431100

[5/8] learning_rate=0.0009854
[RUN_STATUS] TERMINATED signal=SIGTERM(15) pid=509422 ts=2026-04-13T06:47:42
[RUN_STATUS] END status=terminated signal=SIGTERM(15) pid=509422 start=2026-04-13T06:21:45 end=2026-04-13T06:47:42
