[STAGEC_FOCUS_ANCHOR2_CORE5_SETTING_HEADER]
run_phase=P18_SC_D00_M03_P01_DUOREC_B3_C5_S1 run_id=SC_LASTFM0_03_DUOREC_B3_C5_S1 phase_id=P18 axis_id=SC model=DuoRec profile_id=C5 parent_profile_id=B3 seed=1
dataset=lastfm0.03 gpu=6 order=0 lr_band=LR2,LR3 lr_lo=0.0002474181818181819 lr_hi=0.0017962560000000004
max_evals=4 tune_epochs=30 tune_patience=4
seed=180028

[COMMAND]
- /venv/FMoE/bin/python hyperopt_tune.py --config-name tune_lfm_small --max-evals 4 --tune-epochs 30 --tune-patience 4 --seed 180028 --run-group baseline --run-axis StageC_Focus_anchor2_core5 --run-phase P18_SC_D00_M03_P01_DUOREC_B3_C5_S1 model=duorec dataset=lastfm0.03 eval_mode=session_fixed feature_mode=full_v3 gpu_id=6 log_wandb=false show_progress=false ++special_logging=true ++seed=180028 ++search={learning_rate:[0.0002474181818181819,0.0017962560000000004]} ++search_space_type_overrides={learning_rate:"loguniform"} ++MAX_ITEM_LIST_LENGTH=15 ++weight_decay=0.000561 ++search.weight_decay=[0.000561] ++search_space_type_overrides.weight_decay=choice ++search.hidden_size=[120] ++search_space_type_overrides.hidden_size=choice ++search.embedding_size=[120] ++search_space_type_overrides.embedding_size=choice ++search.n_layers=[2] ++search_space_type_overrides.n_layers=choice ++search.num_layers=[2] ++search_space_type_overrides.num_layers=choice ++search.dropout_ratio=[0.26] ++search_space_type_overrides.dropout_ratio=choice ++search.dropout_prob=[0.26] ++search_space_type_overrides.dropout_prob=choice ++search.hidden_dropout_prob=[0.26] ++search_space_type_overrides.hidden_dropout_prob=choice ++search.attn_dropout_prob=[0.26] ++search_space_type_overrides.attn_dropout_prob=choice ++search.inner_size=[120] ++search_space_type_overrides.inner_size=choice ++search.n_heads=[1] ++search_space_type_overrides.n_heads=choice ++search.num_heads=[1] ++search_space_type_overrides.num_heads=choice ++dropout_ratio=0.26 ++hidden_size=120 ++embedding_size=120 ++n_layers=2 ++num_layers=2 ++n_heads=1 ++num_heads=1 ++inner_size=120 ++contrast=un ++tau=1.0 ++lmd=0.12 ++lmd_sem=0.0 ++semantic_sample_max_tries=2 ++train_batch_size=1024 ++eval_batch_size=1536
/venv/FMoE/lib/python3.10/site-packages/ray/_private/parameter.py:4: UserWarning: pkg_resources is deprecated as an API. See https://setuptools.pypa.io/en/latest/pkg_resources.html. The pkg_resources package is slated for removal as early as 2025-11-30. Refrain from using this package or pin to Setuptools<81.
  import pkg_resources
[RUN_STATUS] START pid=527674 ts=2026-03-30T01:31:18

=================================================================
  Hyperopt TPE  |  DuoRec x lastfm0.03
  max_evals=4  epochs=30  patience=4  wandb=off
  batch_size(train/valid/test)=1024/1536/1536
  track=baseline  axis=stagec_focus_anchor2_core5  phase=P18_SC_D00_M03_P01_DUOREC_B3_C5_S1
=================================================================
Changed knobs: learning_rate
Tuned params(len>1): 1  (~1 discrete combos)
Tuned groups: 1
  [optimization]
    learning_rate                   [0.0002474181818181819, 0.0017962560000000004]  -> loguniform
Fixed params(singleton/non-list): 12
Fixed groups: 12
  [optimization]
    hidden_dropout_prob             0.26                                    
    weight_decay                    0.000561                                
  [model_core]
    attn_dropout_prob               0.26                                    
    dropout_prob                    0.26                                    
    dropout_ratio                   0.26                                    
    embedding_size                  120                                     
    hidden_size                     120                                     
    inner_size                      120                                     
    num_heads                       1                                       
    num_layers                      2                                       
  [other]
    n_heads                         1                                       
    n_layers                        2                                       

[Wandb] disabled for this hyperopt run

[1/4] learning_rate=0.0006439
  -> MRR@20=0.205100  best=0.205100  (full@30, trial=16.4min, avg=16.7min/trial, total=16.7min, ETA=50.0min)
[TRIAL_METRICS] cur_best_mrr20=0.205100 cur_best_hr10=0.287000 cur_test_mrr20=0.203100 cur_test_hr10=0.290100 run_best_mrr20=0.205100 run_best_hr10=0.287000 run_test_mrr20=0.203100 run_test_hr10=0.290100

[2/4] learning_rate=0.0006424
  -> MRR@20=0.204400  best=0.205100  (full@30, trial=16.3min, avg=16.5min/trial, total=33.0min, ETA=33.0min)
[TRIAL_METRICS] cur_best_mrr20=0.204400 cur_best_hr10=0.286200 cur_test_mrr20=0.202800 cur_test_hr10=0.290400 run_best_mrr20=0.205100 run_best_hr10=0.287000 run_test_mrr20=0.203100 run_test_hr10=0.290100

[3/4] learning_rate=0.0002585
  -> MRR@20=0.162300  best=0.205100  (full@30, trial=16.3min, avg=16.4min/trial, total=49.3min, ETA=16.4min)
[TRIAL_METRICS] cur_best_mrr20=0.162300 cur_best_hr10=0.267600 cur_test_mrr20=0.160300 cur_test_hr10=0.266700 run_best_mrr20=0.205100 run_best_hr10=0.287000 run_test_mrr20=0.203100 run_test_hr10=0.290100

[4/4] learning_rate=0.001432
  -> MRR@20=0.192700  best=0.205100  (early_stop@28, trial=15.2min, avg=16.1min/trial, total=1.08h, ETA=0s)
[TRIAL_METRICS] cur_best_mrr20=0.192700 cur_best_hr10=0.272100 cur_test_mrr20=0.187400 cur_test_hr10=0.265100 run_best_mrr20=0.205100 run_best_hr10=0.287000 run_test_mrr20=0.203100 run_test_hr10=0.290100

=================================================================
  DONE  |  DuoRec x lastfm0.03
  Best MRR@20 = 0.205100  |  4/4 trials OK
  Best HR@10  = 0.287000
  Test MRR@20 = 0.203100  (best-valid checkpoint)
  Test HR@10  = 0.290100  (best-valid checkpoint)
[RUN_METRICS] best_valid_mrr20=0.205100 best_valid_hr10=0.287000 test_mrr20=0.203100 test_hr10=0.290100
  Total time: 64.5 min
  Best params:
    learning_rate: 0.000643867
  Results -> /workspace/jy1559/FMoE/experiments/run/artifacts/results/baseline/lastfm0.03_DuoRec_p18_sc_d00_m03_p01_duorec_b3_c5_s1_20260330_013118_495312_pid527674.json
  Normal mirror -> /workspace/jy1559/FMoE/experiments/run/artifacts/results/baseline/normal/stagec_focus_anchor2_core5/P18/lastfm0.03/DuoRec/lastfm0.03_DuoRec_p18_sc_d00_m03_p01_duorec_b3_c5_s1_20260330_013118_495312_pid527674.json
  Special result -> /workspace/jy1559/FMoE/experiments/run/artifacts/results/baseline/special/stagec_focus_anchor2_core5/P18/lastfm0.03/DuoRec/lastfm0.03_DuoRec_p18_sc_d00_m03_p01_duorec_b3_c5_s1_20260330_013118_495312_pid527674_special_metrics.json
  Special log -> /workspace/jy1559/FMoE/experiments/run/artifacts/logs/baseline/special/stagec_focus_anchor2_core5/P18/lastfm0.03/DuoRec/lastfm0.03_DuoRec_p18_sc_d00_m03_p01_duorec_b3_c5_s1_20260330_013118_495312_pid527674_special_metrics.json
=================================================================

[RUN_STATUS] END status=normal pid=527674 start=2026-03-30T01:31:18 end=2026-03-30T02:35:51
