# pair=P001 dataset=beauty model=sasrec combo=C1 seed=1
# cmd=/venv/FMoE/bin/python hyperopt_tune.py --config-name tune_ab --max-evals 50 --tune-epochs 100 --tune-patience 10 --search-algo tpe --seed 1 --run-group baseline_2 --run-axis PAIR60_V3_LR10_interrupt_check --run-phase PAIR60_V3_LR10_interrupt_check_DBEAUTY_MSASREC_P001_C1_S1 model=sasrec dataset=beauty eval_mode=session_fixed feature_mode=full_v3 gpu_id=0 log_wandb=false show_progress=false ++seed=1 ++MAX_ITEM_LIST_LENGTH=30 ++eval_sampling.mode=full ++eval_sampling.auto_full_threshold=999999999 ++special_logging=true ++exclude_unseen_target_from_main_eval=true ++log_unseen_target_metrics=true ++hidden_size=160 ++embedding_size=160 ++n_layers=3 ++num_layers=3 ++n_heads=4 ++num_heads=4 ++inner_size=320 ++dropout_ratio=0.15 ++hidden_dropout_prob=0.15 ++attn_dropout_prob=0.15 ++weight_decay=0.0002 ++search={learning_rate:[0.00022360679774997898,0.0013416407864998738]} ++search_space_type_overrides={learning_rate:"loguniform"} ++search.MAX_ITEM_LIST_LENGTH=[30] ++search_space_type_overrides.MAX_ITEM_LIST_LENGTH=choice ++search.weight_decay=[0.0002] ++search_space_type_overrides.weight_decay=choice ++search.hidden_size=[160] ++search_space_type_overrides.hidden_size=choice ++search.embedding_size=[160] ++search_space_type_overrides.embedding_size=choice ++search.n_layers=[3] ++search_space_type_overrides.n_layers=choice ++search.num_layers=[3] ++search_space_type_overrides.num_layers=choice ++search.n_heads=[4] ++search_space_type_overrides.n_heads=choice ++search.num_heads=[4] ++search_space_type_overrides.num_heads=choice ++search.inner_size=[320] ++search_space_type_overrides.inner_size=choice ++search.dropout_ratio=[0.15] ++search_space_type_overrides.dropout_ratio=choice ++search.hidden_dropout_prob=[0.15] ++search_space_type_overrides.hidden_dropout_prob=choice ++search.attn_dropout_prob=[0.15] ++search_space_type_overrides.attn_dropout_prob=choice

/venv/FMoE/lib/python3.10/site-packages/ray/_private/parameter.py:4: UserWarning: pkg_resources is deprecated as an API. See https://setuptools.pypa.io/en/latest/pkg_resources.html. The pkg_resources package is slated for removal as early as 2025-11-30. Refrain from using this package or pin to Setuptools<81.
  import pkg_resources
[RUN_STATUS] START pid=1113612 ts=2026-04-14T16:30:58

=================================================================
  Hyperopt  |  SASRec x beauty
  max_evals=50  epochs=100  patience=10  wandb=off
  search_algo=tpe
  batch_size(train/valid/test)=4096/8192/8192
  track=baseline_2  axis=pair60_v3_lr10_interrupt_check  phase=PAIR60_V3_LR10_interrupt_check_DBEAUTY_MSASREC_P001_C1_S1
=================================================================
Changed knobs: learning_rate
Tuned params(len>1): 1  (~1 discrete combos)
Tuned groups: 1
  [optimization]
    learning_rate                   [0.00022360679774997898, 0.0013416407864998738]  -> loguniform
Fixed params(singleton/non-list): 12
Fixed groups: 12
  [optimization]
    hidden_dropout_prob             0.15                                    
    weight_decay                    0.0002                                  
  [model_core]
    attn_dropout_prob               0.15                                    
    dropout_ratio                   0.15                                    
    embedding_size                  160                                     
    hidden_size                     160                                     
    inner_size                      320                                     
    num_heads                       4                                       
    num_layers                      3                                       
  [other]
    MAX_ITEM_LIST_LENGTH            30                                      
    n_heads                         4                                       
    n_layers                        3                                       

[Wandb] disabled for this hyperopt run

[1/50] learning_rate=0.0005578
[RUN_STATUS] TERMINATED signal=SIGTERM(15) pid=1113612 ts=2026-04-14T16:31:28
[RUN_STATUS] END status=terminated signal=SIGTERM(15) pid=1113612 start=2026-04-14T16:30:58 end=2026-04-14T16:31:28
