# job_id=S1_FOURSQUARE_R02 dataset=foursquare model=featured_moe_n3 stage=stage1
# cmd=/venv/FMoE-server-c/bin/python3 hyperopt_tune.py --config-name config --search-algo tpe --max-evals 8 --tune-epochs 24 --tune-patience 4 --seed 610002 --run-group final_experiment_target3_6h --run-axis stage1_broad_search --run-phase S1_FOURSQUARE_FEATURED_MOE_N3_R02 model=featured_moe_n3_tune dataset=foursquare eval_mode=session_fixed feature_mode=full_v4 ++eval_sampling.mode=full ++eval_sampling.auto_full_threshold=999999999 ++special_logging=true ++exclude_unseen_target_from_main_eval=true ++log_unseen_target_metrics=true gpu_id=1 log_wandb=false enable_tf32=true fmoe_debug_logging=false fmoe_diag_logging=true fmoe_special_logging=true fmoe_feature_ablation_logging=false fmoe_eval_logging_timing=final_only ++fmoe_logging_output_root="run/artifacts/logging" ++fmoe_logging_layout="axis_dataset_arch_hparam" ++fmoe_architecture_id="A12" ++fmoe_architecture_key="A12_ATTN_MICRO_BEFORE_NO_BIAS_ALL_W5" ++fmoe_phase="STAGE1" ++phase_run_type="stage1" ++phase_axis_id="stage1_broad_search" ++phase_setting_id="R02" ++phase_hparam_id="H11" ++phase_seed_id=1 ++phase_run_id="S1_FOURSQUARE_R02" --max-run-hours 1.5 --oom-retry-limit 4 ++layer_layout=["attn","macro_ffn","mid_ffn","attn","micro_ffn"] ++stage_compute_mode={macro:"moe",mid:"moe",micro:"moe"} ++stage_router_mode={macro:"learned",mid:"learned",micro:"learned"} ++stage_router_source={macro:"both",mid:"both",micro:"both"} ++stage_feature_injection={macro:"none",mid:"none",micro:"none"} ++topk_scope_mode="global_flat" ++moe_top_k=0 ++balance_loss_lambda=0.0 ++z_loss_lambda=0.0 ++gate_entropy_lambda=0.0 ++route_smoothness_lambda=0.0 ++route_consistency_lambda=0.0 ++route_sharpness_lambda=0.0 ++route_monopoly_lambda=0.0 ++route_monopoly_tau=0.25 ++route_prior_lambda=0.0 ++group_prior_align_lambda=0.0 ++factored_group_balance_lambda=0.0 ++rule_agreement_lambda=0.0 ++group_coverage_lambda=0.0 ++feature_group_bias_lambda=0.0 ++rule_bias_scale=0.0 ++primitive_balance_lambda=0.0 ++wrapper_group_feature_align_lambda=0.0 ++stage_router_primitives={macro:{a_joint:{source:"feature",temperature:1.0,top_k:0},b_group:{source:"feature",temperature:1.0,top_k:0},c_shared:{source:"feature",temperature:1.0,top_k:0},d_cond:{source:"feature",temperature:1.0,top_k:0},e_scalar:{source:"feature",temperature:1.0,top_k:0},wrapper:{alpha_d:1.0,alpha_struct:1.0,alpha_a:1.0}},mid:{a_joint:{source:"feature",temperature:1.0,top_k:0},b_group:{source:"feature",temperature:1.0,top_k:0},c_shared:{source:"feature",temperature:1.0,top_k:0},d_cond:{source:"feature",temperature:1.0,top_k:0},e_scalar:{source:"feature",temperature:1.0,top_k:0},wrapper:{alpha_d:1.0,alpha_struct:1.0,alpha_a:1.0}},micro:{a_joint:{source:"feature",temperature:1.0,top_k:0},b_group:{source:"feature",temperature:1.0,top_k:0},c_shared:{source:"feature",temperature:1.0,top_k:0},d_cond:{source:"feature",temperature:1.0,top_k:0},e_scalar:{source:"feature",temperature:1.0,top_k:0},wrapper:{alpha_d:1.0,alpha_struct:1.0,alpha_a:1.0}}} ++stage_router_wrapper={macro:"w5_exd",mid:"w5_exd",micro:"w5_exd"} ++stage_router_granularity={macro:"session",mid:"session",micro:"token"} ++macro_history_window=5 ++route_consistency_pairs=1 ++route_consistency_min_sim=0.995 ++bias_mode="none" ++search.learning_rate=[0.00021087,0.00026568,0.00033474,0.00042174,0.00053136,0.00066948,0.00084349] ++search_space_type_overrides.learning_rate=choice ++search.weight_decay=[5e-07,6e-07,1e-06,2e-06] ++search_space_type_overrides.weight_decay=choice ++search.MAX_ITEM_LIST_LENGTH=[10,20,30] ++search_space_type_overrides.MAX_ITEM_LIST_LENGTH=choice ++search.expert_scale=[2,3,4] ++search_space_type_overrides.expert_scale=choice ++search.d_router_hidden=[32,64,96,128] ++search_space_type_overrides.d_router_hidden=choice ++search.stage_feature_dropout_prob=[0.0,0.03,0.05,0.1] ++search_space_type_overrides.stage_feature_dropout_prob=choice ++search.attn_dropout_prob=[0.05,0.08,0.1,0.12] ++search_space_type_overrides.attn_dropout_prob=choice ++search.route_consistency_lambda=[0.00025,0.0005,0.0008,0.0012] ++search_space_type_overrides.route_consistency_lambda=choice ++search.z_loss_lambda=[5e-05,0.0001,0.0002] ++search_space_type_overrides.z_loss_lambda=choice ++search.embedding_size=[224] ++search_space_type_overrides.embedding_size=choice ++search.hidden_size=[224] ++search_space_type_overrides.hidden_size=choice ++search.d_ff=[448] ++search_space_type_overrides.d_ff=choice ++search.d_expert_hidden=[224] ++search_space_type_overrides.d_expert_hidden=choice ++search.d_feat_emb=[16] ++search_space_type_overrides.d_feat_emb=choice ++search.hidden_dropout_prob=[0.15] ++search_space_type_overrides.hidden_dropout_prob=choice ++search.fixed_hidden_dropout_prob=[0.15] ++search_space_type_overrides.fixed_hidden_dropout_prob=choice ++search.stage_family_dropout_prob=[{macro:0.02,mid:0.02,micro:0.02}] ++search_space_type_overrides.stage_family_dropout_prob=choice ++search.router_feature_proj_dim=[0] ++search_space_type_overrides.router_feature_proj_dim=choice ++search.router_use_hidden=[true] ++search_space_type_overrides.router_use_hidden=choice ++search.router_use_feature=[true] ++search_space_type_overrides.router_use_feature=choice ++search.router_impl=["learned"] ++search_space_type_overrides.router_impl=choice ++search.lr_scheduler_type=["warmup_cosine"] ++search_space_type_overrides.lr_scheduler_type=choice

/venv/FMoE-server-c/lib/python3.10/site-packages/ray/_private/parameter.py:4: UserWarning: pkg_resources is deprecated as an API. See https://setuptools.pypa.io/en/latest/pkg_resources.html. The pkg_resources package is slated for removal as early as 2025-11-30. Refrain from using this package or pin to Setuptools<81.
  import pkg_resources
[RUN_STATUS] START pid=289621 ts=2026-04-19T04:52:45
[UniqueChoice] enabled: dedupe/remap duplicates across 193536 finite combos

=================================================================
  Hyperopt  |  FeaturedMoE_N3 x foursquare
  max_evals=8  epochs=24  patience=4  wandb=off
  search_algo=tpe
  max_run_hours=1.500  (stop launching new trials after current trial)
  oom_retry_limit=4  (halve train/eval batch size on OOM)
  batch_size(train/valid/test)=2048/2048/2048
  track=final_experiment_target3_6h  axis=stage1_broad_search  phase=S1_FOURSQUARE_FEATURED_MOE_N3_R02
=================================================================
Changed knobs: MAX_ITEM_LIST_LENGTH, attn_dropout_prob, d_router_hidden, expert_scale, learning_rate, route_consistency_lambda, stage_feature_dropout_prob, weight_decay, z_loss_lambda
Tuned params(len>1): 9  (~193536 discrete combos)
Tuned groups: 9
  [optimization]
    learning_rate                   [0.00021087, 0.00026568, 0.00033474, 0.00042174, 0.00053136, 0.00066948, 0.00084349]  -> choice
    weight_decay                    [5e-07, 6e-07, 1e-06, 2e-06]              -> choice
  [model_core]
    attn_dropout_prob               [0.05, 0.08, 0.1, 0.12]                   -> choice
    d_router_hidden                 [32, 64, 96, 128]                         -> choice
    expert_scale                    [2, 3, 4]                                 -> choice
    stage_feature_dropout_prob      [0.0, 0.03, 0.05, 0.1]                    -> choice
  [other]
    MAX_ITEM_LIST_LENGTH            [10, 20, 30]                              -> choice
    route_consistency_lambda        [0.00025, 0.0005, 0.0008, 0.0012]         -> choice
    z_loss_lambda                   [5e-05, 0.0001, 0.0002]                   -> choice
Fixed params(singleton/non-list): 13
Fixed groups: 13
  [optimization]
    hidden_dropout_prob             0.15                                    
  [model_core]
    d_expert_hidden                 224                                     
    d_feat_emb                      16                                      
    d_ff                            448                                     
    embedding_size                  224                                     
    fixed_hidden_dropout_prob       0.15                                    
    hidden_size                     224                                     
    stage_family_dropout_prob       {'macro': 0.02, 'mid': 0.02, 'micro': 0.02}
  [routing_moe]
    router_feature_proj_dim         0                                       
    router_impl                     learned                                 
    router_use_feature              True                                    
    router_use_hidden               True                                    
  [other]
    lr_scheduler_type               warmup_cosine                           

[Wandb] disabled for this hyperopt run

[1/8] MAX_ITEM_LIST_LENGTH=30, attn_dropout_prob=0.1, d_router_hidden=128, expert_scale=2, learning_rate=0.0003347, route_consistency_lambda=0.00025, stage_feature_dropout_prob=0.05, weight_decay=5e-07, z_loss_lambda=0.0002
  -> MRR@20=0.198100  best=0.198100  (full@24, trial=3.7min, avg=3.8min/trial, total=3.8min, ETA=26.4min)
[TRIAL_METRICS] cur_best_mrr20=0.198100 cur_best_hr10=0.355800 cur_test_mrr20=0.164900 cur_test_hr10=0.314500 avg_epoch_time_sec=9.1321 test_eval_time_sec=0.2923 test_eval_batches_per_sec=6.8430 test_eval_targets_per_sec=12183.9219 run_best_mrr20=0.198100 run_best_hr10=0.355800 run_test_mrr20=0.164900 run_test_hr10=0.314500

[2/8] MAX_ITEM_LIST_LENGTH=30, attn_dropout_prob=0.12, d_router_hidden=96, expert_scale=2, learning_rate=0.0005314, route_consistency_lambda=0.00025, stage_feature_dropout_prob=0.1, weight_decay=1e-06, z_loss_lambda=0.0001
  -> MRR@20=0.201400  best=0.201400  (early_stop@15, trial=2.2min, avg=3.0min/trial, total=6.0min, ETA=18.1min)
[TRIAL_METRICS] cur_best_mrr20=0.201400 cur_best_hr10=0.363300 cur_test_mrr20=0.167000 cur_test_hr10=0.315300 avg_epoch_time_sec=8.9202 test_eval_time_sec=0.2926 test_eval_batches_per_sec=6.8352 test_eval_targets_per_sec=12170.0926 run_best_mrr20=0.201400 run_best_hr10=0.363300 run_test_mrr20=0.167000 run_test_hr10=0.315300

[3/8] MAX_ITEM_LIST_LENGTH=10, attn_dropout_prob=0.05, d_router_hidden=64, expert_scale=4, learning_rate=0.0006695, route_consistency_lambda=0.00025, stage_feature_dropout_prob=0.1, weight_decay=1e-06, z_loss_lambda=5e-05
  -> MRR@20=0.204400  best=0.204400  (early_stop@16, trial=2.1min, avg=2.7min/trial, total=8.2min, ETA=13.6min)
[TRIAL_METRICS] cur_best_mrr20=0.204400 cur_best_hr10=0.369600 cur_test_mrr20=0.166300 cur_test_hr10=0.315700 avg_epoch_time_sec=7.9155 test_eval_time_sec=0.2616 test_eval_batches_per_sec=7.6465 test_eval_targets_per_sec=13614.5558 run_best_mrr20=0.204400 run_best_hr10=0.369600 run_test_mrr20=0.166300 run_test_hr10=0.315700

[4/8] MAX_ITEM_LIST_LENGTH=30, attn_dropout_prob=0.12, d_router_hidden=96, expert_scale=4, learning_rate=0.0008435, route_consistency_lambda=0.0005, stage_feature_dropout_prob=0.03, weight_decay=1e-06, z_loss_lambda=0.0002
  -> MRR@20=0.202100  best=0.204400  (early_stop@15, trial=2.9min, avg=2.8min/trial, total=11.1min, ETA=11.1min)
[TRIAL_METRICS] cur_best_mrr20=0.202100 cur_best_hr10=0.364400 cur_test_mrr20=0.171900 cur_test_hr10=0.317300 avg_epoch_time_sec=11.3485 test_eval_time_sec=0.3296 test_eval_batches_per_sec=6.0682 test_eval_targets_per_sec=10804.3456 run_best_mrr20=0.204400 run_best_hr10=0.369600 run_test_mrr20=0.166300 run_test_hr10=0.315700

[5/8] MAX_ITEM_LIST_LENGTH=10, attn_dropout_prob=0.08, d_router_hidden=64, expert_scale=2, learning_rate=0.0008435, route_consistency_lambda=0.0005, stage_feature_dropout_prob=0, weight_decay=1e-06, z_loss_lambda=0.0001
  -> MRR@20=0.201500  best=0.204400  (early_stop@12, trial=1.5min, avg=2.5min/trial, total=12.6min, ETA=7.6min)
[TRIAL_METRICS] cur_best_mrr20=0.201500 cur_best_hr10=0.367000 cur_test_mrr20=0.168600 cur_test_hr10=0.321300 avg_epoch_time_sec=7.4577 test_eval_time_sec=0.2361 test_eval_batches_per_sec=8.4716 test_eval_targets_per_sec=15083.7067 run_best_mrr20=0.204400 run_best_hr10=0.369600 run_test_mrr20=0.166300 run_test_hr10=0.315700

[6/8] MAX_ITEM_LIST_LENGTH=10, attn_dropout_prob=0.08, d_router_hidden=96, expert_scale=4, learning_rate=0.0002109, route_consistency_lambda=0.00025, stage_feature_dropout_prob=0.1, weight_decay=2e-06, z_loss_lambda=0.0001
  -> MRR@20=0.176300  best=0.204400  (full@24, trial=3.3min, avg=2.6min/trial, total=15.9min, ETA=5.3min)
[TRIAL_METRICS] cur_best_mrr20=0.176300 cur_best_hr10=0.326600 cur_test_mrr20=0.150400 cur_test_hr10=0.286600 avg_epoch_time_sec=8.1336 test_eval_time_sec=0.2546 test_eval_batches_per_sec=7.8555 test_eval_targets_per_sec=13986.8003 run_best_mrr20=0.204400 run_best_hr10=0.369600 run_test_mrr20=0.166300 run_test_hr10=0.315700

[7/8] MAX_ITEM_LIST_LENGTH=20, attn_dropout_prob=0.1, d_router_hidden=64, expert_scale=3, learning_rate=0.0002657, route_consistency_lambda=0.0008, stage_feature_dropout_prob=0.05, weight_decay=6e-07, z_loss_lambda=0.0002
  -> MRR@20=0.187200  best=0.204400  (full@24, trial=3.4min, avg=2.8min/trial, total=19.3min, ETA=2.8min)
[TRIAL_METRICS] cur_best_mrr20=0.187200 cur_best_hr10=0.337400 cur_test_mrr20=0.160500 cur_test_hr10=0.301400 avg_epoch_time_sec=8.5345 test_eval_time_sec=0.2740 test_eval_batches_per_sec=7.3001 test_eval_targets_per_sec=12997.7561 run_best_mrr20=0.204400 run_best_hr10=0.369600 run_test_mrr20=0.166300 run_test_hr10=0.315700

[8/8] MAX_ITEM_LIST_LENGTH=10, attn_dropout_prob=0.1, d_router_hidden=32, expert_scale=4, learning_rate=0.0002657, route_consistency_lambda=0.00025, stage_feature_dropout_prob=0, weight_decay=5e-07, z_loss_lambda=0.0002
  -> MRR@20=0.186200  best=0.204400  (full@24, trial=3.2min, avg=2.8min/trial, total=22.6min, ETA=0s)
[TRIAL_METRICS] cur_best_mrr20=0.186200 cur_best_hr10=0.345700 cur_test_mrr20=0.156100 cur_test_hr10=0.302200 avg_epoch_time_sec=8.0740 test_eval_time_sec=0.2935 test_eval_batches_per_sec=6.8150 test_eval_targets_per_sec=12134.1035 run_best_mrr20=0.204400 run_best_hr10=0.369600 run_test_mrr20=0.166300 run_test_hr10=0.315700
[1;35mEvaluate   [0m:   0%|                                                            | 0/2 [00:00<?, ?it/s][0m[1;35mEvaluate   [0m:   0%|                                  | 0/2 [00:01<?, ?it/s, [1;33mGPU RAM: 13.63 G/23.56 G[0m][0m[1;35mEvaluate   [0m:  50%|█████████████             | 1/2 [00:01<00:01,  1.34s/it, [1;33mGPU RAM: 13.63 G/23.56 G[0m][0m[1;35mEvaluate   [0m:  50%|█████████████             | 1/2 [00:02<00:01,  1.34s/it, [1;33mGPU RAM: 13.63 G/23.56 G[0m][0m[1;35mEvaluate   [0m: 100%|██████████████████████████| 2/2 [00:02<00:00,  1.14s/it, [1;33mGPU RAM: 13.63 G/23.56 G[0m][0m                                                                                                    [1;35mEvaluate   [0m:   0%|                                                            | 0/2 [00:00<?, ?it/s][0m[1;35mEvaluate   [0m:   0%|                                  | 0/2 [00:01<?, ?it/s, [1;33mGPU RAM: 13.63 G/23.56 G[0m][0m[1;35mEvaluate   [0m:  50%|█████████████             | 1/2 [00:01<00:01,  1.26s/it, [1;33mGPU RAM: 13.63 G/23.56 G[0m][0m[1;35mEvaluate   [0m:  50%|█████████████             | 1/2 [00:02<00:01,  1.26s/it, [1;33mGPU RAM: 13.63 G/23.56 G[0m][0m[1;35mEvaluate   [0m: 100%|██████████████████████████| 2/2 [00:02<00:00,  1.08s/it, [1;33mGPU RAM: 13.63 G/23.56 G[0m][0m                                                                                                    [1;35mEvaluate   [0m:   0%|                                                            | 0/2 [00:00<?, ?it/s][0m[1;35mEvaluate   [0m:   0%|                                  | 0/2 [00:01<?, ?it/s, [1;33mGPU RAM: 13.63 G/23.56 G[0m][0m[1;35mEvaluate   [0m:  50%|█████████████             | 1/2 [00:01<00:01,  1.30s/it, [1;33mGPU RAM: 13.63 G/23.56 G[0m][0m[1;35mEvaluate   [0m:  50%|█████████████             | 1/2 [00:02<00:01,  1.30s/it, [1;33mGPU RAM: 13.63 G/23.56 G[0m][0m[1;35mEvaluate   [0m: 100%|██████████████████████████| 2/2 [00:02<00:00,  1.12s/it, [1;33mGPU RAM: 13.63 G/23.56 G[0m][0m                                                                                                    
=================================================================
  DONE  |  FeaturedMoE_N3 x foursquare
  Best MRR@20 = 0.204400  |  8/8 trials OK
  Best HR@10  = 0.369600
  Test MRR@20 = 0.166300  (best-valid checkpoint)
  Test HR@10  = 0.315700  (best-valid checkpoint)
  Avg epoch time = 7.916 sec/epoch
  Final test eval = 0.262 sec | batches/s=7.646 | targets/s=13614.556
[RUN_METRICS] best_valid_mrr20=0.204400 best_valid_hr10=0.369600 test_mrr20=0.166300 test_hr10=0.315700 avg_epoch_time_sec=7.9155 test_eval_time_sec=0.2616 test_eval_batches_per_sec=7.6465 test_eval_targets_per_sec=13614.5558
  Total time: 22.7 min
  Best params:
    MAX_ITEM_LIST_LENGTH: 10
    attn_dropout_prob: 0.05
    d_router_hidden: 64
    expert_scale: 4
    learning_rate: 0.00066948
    route_consistency_lambda: 0.00025
    stage_feature_dropout_prob: 0.1
    weight_decay: 1e-06
    z_loss_lambda: 5e-05
  Results -> /workspace/FeaturedMoE/experiments/run/artifacts/results/final_experiment_target3_6h/foursquare_FeaturedMoE_N3_s1_foursquare_featured_moe_n3_r02_20260419_045245_909691_pid289621.json
  Normal mirror -> /workspace/FeaturedMoE/experiments/run/artifacts/results/final_experiment_target3_6h/normal/stage1_broad_search/S1/foursquare/FMoEN3/foursquare_FeaturedMoE_N3_s1_foursquare_featured_moe_n3_r02_20260419_045245_909691_pid289621.json
  Special result -> /workspace/FeaturedMoE/experiments/run/artifacts/results/final_experiment_target3_6h/special/stage1_broad_search/S1/foursquare/FMoEN3/foursquare_FeaturedMoE_N3_s1_foursquare_featured_moe_n3_r02_20260419_045245_909691_pid289621_special_metrics.json
  Special log -> /workspace/FeaturedMoE/experiments/run/artifacts/logs/final_experiment_target3_6h/special/stage1_broad_search/S1/foursquare/FMoEN3/foursquare_FeaturedMoE_N3_s1_foursquare_featured_moe_n3_r02_20260419_045245_909691_pid289621_special_metrics.json
=================================================================

[RUN_STATUS] END status=normal pid=289621 start=2026-04-19T04:52:45 end=2026-04-19T05:15:29
