[STAGEC_FOCUS_ANCHOR2_CORE5_SETTING_HEADER]
run_phase=P18_SC_D00_M04_P01_DIFSR_B6_C1_S1 run_id=SC_LASTFM0_03_DIFSR_B6_C1_S1 phase_id=P18 axis_id=SC model=DIFSR profile_id=C1 parent_profile_id=B6 seed=1
dataset=lastfm0.03 gpu=7 order=0 lr_band=LR4,LR3 lr_lo=0.0006306509803921568 lr_hi=0.00498248172
max_evals=6 tune_epochs=44 tune_patience=6
seed=180036

[COMMAND]
- /venv/FMoE/bin/python hyperopt_tune.py --config-name tune_lfm_small --max-evals 6 --tune-epochs 44 --tune-patience 6 --seed 180036 --run-group baseline --run-axis StageC_Focus_anchor2_core5 --run-phase P18_SC_D00_M04_P01_DIFSR_B6_C1_S1 model=difsr dataset=lastfm0.03 eval_mode=session_fixed feature_mode=full_v3 gpu_id=7 log_wandb=false show_progress=false ++special_logging=true ++seed=180036 ++search={learning_rate:[0.0006306509803921568,0.00498248172]} ++search_space_type_overrides={learning_rate:"loguniform"} ++MAX_ITEM_LIST_LENGTH=10 ++weight_decay=0.00018899999999999999 ++search.weight_decay=[0.00018899999999999999] ++search_space_type_overrides.weight_decay=choice ++search.hidden_size=[176] ++search_space_type_overrides.hidden_size=choice ++search.embedding_size=[176] ++search_space_type_overrides.embedding_size=choice ++search.n_layers=[1] ++search_space_type_overrides.n_layers=choice ++search.num_layers=[1] ++search_space_type_overrides.num_layers=choice ++search.dropout_ratio=[0.2] ++search_space_type_overrides.dropout_ratio=choice ++search.dropout_prob=[0.2] ++search_space_type_overrides.dropout_prob=choice ++search.hidden_dropout_prob=[0.2] ++search_space_type_overrides.hidden_dropout_prob=choice ++search.attn_dropout_prob=[0.2] ++search_space_type_overrides.attn_dropout_prob=choice ++search.inner_size=[352] ++search_space_type_overrides.inner_size=choice ++search.n_heads=[4] ++search_space_type_overrides.n_heads=choice ++search.num_heads=[4] ++search_space_type_overrides.num_heads=choice ++dropout_ratio=0.2 ++hidden_size=176 ++embedding_size=176 ++n_layers=1 ++num_layers=1 ++n_heads=4 ++num_heads=4 ++inner_size=352 ++attribute_hidden_size=176 ++fusion_type=sum ++use_attribute_predictor=true ++lambda_attr=0.05 ++train_batch_size=3072 ++eval_batch_size=4096
/venv/FMoE/lib/python3.10/site-packages/ray/_private/parameter.py:4: UserWarning: pkg_resources is deprecated as an API. See https://setuptools.pypa.io/en/latest/pkg_resources.html. The pkg_resources package is slated for removal as early as 2025-11-30. Refrain from using this package or pin to Setuptools<81.
  import pkg_resources
[RUN_STATUS] START pid=534423 ts=2026-03-30T03:18:01

=================================================================
  Hyperopt TPE  |  DIFSR x lastfm0.03
  max_evals=6  epochs=44  patience=6  wandb=off
  batch_size(train/valid/test)=3072/4096/4096
  track=baseline  axis=stagec_focus_anchor2_core5  phase=P18_SC_D00_M04_P01_DIFSR_B6_C1_S1
=================================================================
Changed knobs: fusion_type, learning_rate
Tuned params(len>1): 2  (~2 discrete combos)
Tuned groups: 2
  [optimization]
    learning_rate                   [0.0006306509803921568, 0.00498248172]    -> loguniform
  [other]
    fusion_type                     ['sum', 'gate']                           -> choice
Fixed params(singleton/non-list): 12
Fixed groups: 12
  [optimization]
    hidden_dropout_prob             0.2                                     
    weight_decay                    0.00018899999999999999                  
  [model_core]
    attn_dropout_prob               0.2                                     
    dropout_prob                    0.2                                     
    dropout_ratio                   0.2                                     
    embedding_size                  176                                     
    hidden_size                     176                                     
    inner_size                      352                                     
    num_heads                       4                                       
    num_layers                      1                                       
  [other]
    n_heads                         4                                       
    n_layers                        1                                       

[Wandb] disabled for this hyperopt run

[1/6] fusion_type=gate, learning_rate=0.002761
  -> MRR@20=0.224300  best=0.224300  (early_stop@44, trial=5.3min, avg=5.5min/trial, total=5.5min, ETA=27.7min)
[TRIAL_METRICS] cur_best_mrr20=0.224300 cur_best_hr10=0.267600 cur_test_mrr20=0.227000 cur_test_hr10=0.268100 run_best_mrr20=0.224300 run_best_hr10=0.267600 run_test_mrr20=0.227000 run_test_hr10=0.268100

[2/6] fusion_type=sum, learning_rate=0.004371
  -> MRR@20=0.218500  best=0.224300  (early_stop@44, trial=5.0min, avg=5.3min/trial, total=10.5min, ETA=21.1min)
[TRIAL_METRICS] cur_best_mrr20=0.218500 cur_best_hr10=0.269200 cur_test_mrr20=0.218500 cur_test_hr10=0.266700 run_best_mrr20=0.224300 run_best_hr10=0.267600 run_test_mrr20=0.227000 run_test_hr10=0.268100

[3/6] fusion_type=gate, learning_rate=0.001197
  -> MRR@20=0.231900  best=0.231900  (full@44, trial=5.4min, avg=5.3min/trial, total=15.9min, ETA=15.9min)
[TRIAL_METRICS] cur_best_mrr20=0.231900 cur_best_hr10=0.280400 cur_test_mrr20=0.235700 cur_test_hr10=0.285100 run_best_mrr20=0.231900 run_best_hr10=0.280400 run_test_mrr20=0.235700 run_test_hr10=0.285100

[4/6] fusion_type=sum, learning_rate=0.003467
  -> MRR@20=0.218700  best=0.231900  (early_stop@38, trial=4.4min, avg=5.1min/trial, total=20.4min, ETA=10.2min)
[TRIAL_METRICS] cur_best_mrr20=0.218700 cur_best_hr10=0.264700 cur_test_mrr20=0.220300 cur_test_hr10=0.268600 run_best_mrr20=0.231900 run_best_hr10=0.280400 run_test_mrr20=0.235700 run_test_hr10=0.285100

[5/6] fusion_type=sum, learning_rate=0.002697
  -> MRR@20=0.224500  best=0.231900  (early_stop@44, trial=5.1min, avg=5.1min/trial, total=25.5min, ETA=5.1min)
[TRIAL_METRICS] cur_best_mrr20=0.224500 cur_best_hr10=0.265200 cur_test_mrr20=0.227500 cur_test_hr10=0.267000 run_best_mrr20=0.231900 run_best_hr10=0.280400 run_test_mrr20=0.235700 run_test_hr10=0.285100

[6/6] fusion_type=sum, learning_rate=0.0007719
  -> MRR@20=0.213100  best=0.231900  (full@44, trial=5.1min, avg=5.1min/trial, total=30.6min, ETA=0s)
[TRIAL_METRICS] cur_best_mrr20=0.213100 cur_best_hr10=0.271900 cur_test_mrr20=0.217000 cur_test_hr10=0.272600 run_best_mrr20=0.231900 run_best_hr10=0.280400 run_test_mrr20=0.235700 run_test_hr10=0.285100

=================================================================
  DONE  |  DIFSR x lastfm0.03
  Best MRR@20 = 0.231900  |  6/6 trials OK
  Best HR@10  = 0.280400
  Test MRR@20 = 0.235700  (best-valid checkpoint)
  Test HR@10  = 0.285100  (best-valid checkpoint)
[RUN_METRICS] best_valid_mrr20=0.231900 best_valid_hr10=0.280400 test_mrr20=0.235700 test_hr10=0.285100
  Total time: 30.6 min
  Best params:
    fusion_type: gate
    learning_rate: 0.00119737
  Results -> /workspace/jy1559/FMoE/experiments/run/artifacts/results/baseline/lastfm0.03_DIFSR_p18_sc_d00_m04_p01_difsr_b6_c1_s1_20260330_031801_938233_pid534423.json
  Normal mirror -> /workspace/jy1559/FMoE/experiments/run/artifacts/results/baseline/normal/stagec_focus_anchor2_core5/P18/lastfm0.03/DIFSR/lastfm0.03_DIFSR_p18_sc_d00_m04_p01_difsr_b6_c1_s1_20260330_031801_938233_pid534423.json
  Special result -> /workspace/jy1559/FMoE/experiments/run/artifacts/results/baseline/special/stagec_focus_anchor2_core5/P18/lastfm0.03/DIFSR/lastfm0.03_DIFSR_p18_sc_d00_m04_p01_difsr_b6_c1_s1_20260330_031801_938233_pid534423_special_metrics.json
  Special log -> /workspace/jy1559/FMoE/experiments/run/artifacts/logs/baseline/special/stagec_focus_anchor2_core5/P18/lastfm0.03/DIFSR/lastfm0.03_DIFSR_p18_sc_d00_m04_p01_difsr_b6_c1_s1_20260330_031801_938233_pid534423_special_metrics.json
=================================================================

[RUN_STATUS] END status=normal pid=534423 start=2026-03-30T03:18:01 end=2026-03-30T03:48:36
