[STAGEG_CROSS6X9_ANCHOR2_CORE5_SETTING_HEADER]
run_phase=P22_SG_D05_M09_C01_FAME_XFER_AMAZON_BEAUTY_FAD_H1_R1_C1_S1 run_id=SG_RETAIL_ROCKET_FAME_XFER_AMAZON_BEAUTY_FAD_H1_R1_C1_S1 phase_id=P22 axis_id=SG model=FAME candidate_id=XFER_amazon_beauty_FAD_H1_R1_C1 seed=1
dataset=retail_rocket gpu=4 order=0 candidate_source=final_transfer source_stage=Final_all_datasets transfer_from_dataset=amazon_beauty
max_evals=7 tune_epochs=48 tune_patience=7
seed=220048

[COMMAND]
- /venv/FMoE/bin/python hyperopt_tune.py --config-name tune_rr --max-evals 7 --tune-epochs 48 --tune-patience 7 --seed 220048 --run-group baseline --run-axis StageG_Cross6x9_anchor2_core5 --run-phase P22_SG_D05_M09_C01_FAME_XFER_AMAZON_BEAUTY_FAD_H1_R1_C1_S1 model=fame dataset=retail_rocket eval_mode=session_fixed feature_mode=full_v3 gpu_id=4 log_wandb=false show_progress=false ++special_logging=true ++seed=220048 ++search={learning_rate:[0.0004734100805980037,0.0006157619498110548]} ++search_space_type_overrides={learning_rate:"loguniform"} ++weight_decay=0.0001 ++search.weight_decay=[0.0001] ++search_space_type_overrides.weight_decay=choice ++search.n_layers=[2] ++search_space_type_overrides.n_layers=choice ++search.num_layers=[2] ++search_space_type_overrides.num_layers=choice ++search.n_heads=[4] ++search_space_type_overrides.n_heads=choice ++search.num_heads=[4] ++search_space_type_overrides.num_heads=choice ++search.dropout_ratio=[0.1] ++search_space_type_overrides.dropout_ratio=choice ++search.dropout_prob=[0.1] ++search_space_type_overrides.dropout_prob=choice ++search.hidden_dropout_prob=[0.1] ++search_space_type_overrides.hidden_dropout_prob=choice ++search.attn_dropout_prob=[0.1] ++search_space_type_overrides.attn_dropout_prob=choice ++search.hidden_size=[128] ++search_space_type_overrides.hidden_size=choice ++search.embedding_size=[128] ++search_space_type_overrides.embedding_size=choice ++search.inner_size=[256] ++search_space_type_overrides.inner_size=choice ++search.time_span=[256] ++search_space_type_overrides.time_span=choice ++search.num_experts=[2] ++search_space_type_overrides.num_experts=choice ++search.state_size=[16] ++search_space_type_overrides.state_size=choice ++search.conv_kernel=[4] ++search_space_type_overrides.conv_kernel=choice ++search.remaining_ratio=[0.5] ++search_space_type_overrides.remaining_ratio=choice ++search.MAX_ITEM_LIST_LENGTH=[5] ++search_space_type_overrides.MAX_ITEM_LIST_LENGTH=choice ++dropout_ratio=0.1 ++num_experts=2 ++train_batch_size=768 ++eval_batch_size=1024 ++hidden_size=128 ++embedding_size=128 ++MAX_ITEM_LIST_LENGTH=5 ++num_layers=2 ++n_layers=2 ++num_heads=4 ++n_heads=4 ++inner_size=256 ++num_experts=2
/venv/FMoE/lib/python3.10/site-packages/ray/_private/parameter.py:4: UserWarning: pkg_resources is deprecated as an API. See https://setuptools.pypa.io/en/latest/pkg_resources.html. The pkg_resources package is slated for removal as early as 2025-11-30. Refrain from using this package or pin to Setuptools<81.
  import pkg_resources
[RUN_STATUS] START pid=360515 ts=2026-04-08T05:39:15

=================================================================
  Hyperopt TPE  |  FAME x retail_rocket
  max_evals=7  epochs=48  patience=7  wandb=off
  batch_size(train/valid/test)=768/1024/1024
  track=baseline  axis=stageg_cross6x9_anchor2_core5  phase=P22_SG_D05_M09_C01_FAME_XFER_AMAZON_BEAUTY_FAD_H1_R1_C1_S1
=================================================================
Changed knobs: learning_rate
Tuned params(len>1): 1  (~1 discrete combos)
Tuned groups: 1
  [optimization]
    learning_rate                   [0.0004734100805980037, 0.0006157619498110548]  -> loguniform
Fixed params(singleton/non-list): 18
Fixed groups: 18
  [optimization]
    hidden_dropout_prob             0.1                                     
    weight_decay                    0.0001                                  
  [model_core]
    attn_dropout_prob               0.1                                     
    dropout_prob                    0.1                                     
    dropout_ratio                   0.1                                     
    embedding_size                  128                                     
    hidden_size                     128                                     
    inner_size                      256                                     
    num_heads                       4                                       
    num_layers                      2                                       
  [other]
    MAX_ITEM_LIST_LENGTH            5                                       
    conv_kernel                     4                                       
    n_heads                         4                                       
    n_layers                        2                                       
    num_experts                     2                                       
    remaining_ratio                 0.5                                     
    state_size                      16                                      
    time_span                       256                                     

[Wandb] disabled for this hyperopt run

[1/7] learning_rate=0.0005595
  -> MRR@20=0.354700  best=0.354700  (early_stop@9, trial=3.8min, avg=4.2min/trial, total=4.2min, ETA=25.0min)
[TRIAL_METRICS] cur_best_mrr20=0.354700 cur_best_hr10=0.408000 cur_test_mrr20=0.353000 cur_test_hr10=0.406500 run_best_mrr20=0.354700 run_best_hr10=0.408000 run_test_mrr20=0.353000 run_test_hr10=0.406500

[2/7] learning_rate=0.0005768
  -> MRR@20=0.354600  best=0.354700  (early_stop@9, trial=3.9min, avg=4.0min/trial, total=8.0min, ETA=20.1min)
[TRIAL_METRICS] cur_best_mrr20=0.354600 cur_best_hr10=0.408400 cur_test_mrr20=0.353000 cur_test_hr10=0.406800 run_best_mrr20=0.354700 run_best_hr10=0.408000 run_test_mrr20=0.353000 run_test_hr10=0.406500

[3/7] learning_rate=0.0005285
  -> MRR@20=0.354700  best=0.354700  (early_stop@9, trial=3.8min, avg=3.9min/trial, total=11.8min, ETA=15.8min)
[TRIAL_METRICS] cur_best_mrr20=0.354700 cur_best_hr10=0.407300 cur_test_mrr20=0.352800 cur_test_hr10=0.405900 run_best_mrr20=0.354700 run_best_hr10=0.407300 run_test_mrr20=0.352800 run_test_hr10=0.405900

[4/7] learning_rate=0.000533
  -> MRR@20=0.354600  best=0.354700  (early_stop@9, trial=3.9min, avg=3.9min/trial, total=15.7min, ETA=11.8min)
[TRIAL_METRICS] cur_best_mrr20=0.354600 cur_best_hr10=0.407500 cur_test_mrr20=0.352900 cur_test_hr10=0.406200 run_best_mrr20=0.354700 run_best_hr10=0.408000 run_test_mrr20=0.353000 run_test_hr10=0.406500

[5/7] learning_rate=0.0004812
  -> MRR@20=0.354600  best=0.354700  (early_stop@9, trial=4.0min, avg=3.9min/trial, total=19.7min, ETA=7.9min)
[TRIAL_METRICS] cur_best_mrr20=0.354600 cur_best_hr10=0.406600 cur_test_mrr20=0.352900 cur_test_hr10=0.405000 run_best_mrr20=0.354700 run_best_hr10=0.408000 run_test_mrr20=0.353000 run_test_hr10=0.406500

[6/7] learning_rate=0.0004877
  -> MRR@20=0.354600  best=0.354700  (early_stop@9, trial=3.9min, avg=3.9min/trial, total=23.6min, ETA=3.9min)
[TRIAL_METRICS] cur_best_mrr20=0.354600 cur_best_hr10=0.406800 cur_test_mrr20=0.352900 cur_test_hr10=0.405000 run_best_mrr20=0.354700 run_best_hr10=0.408000 run_test_mrr20=0.353000 run_test_hr10=0.406500

[7/7] learning_rate=0.0005424
  -> MRR@20=0.354700  best=0.354700  (early_stop@9, trial=3.9min, avg=3.9min/trial, total=27.5min, ETA=0s)
[TRIAL_METRICS] cur_best_mrr20=0.354700 cur_best_hr10=0.407800 cur_test_mrr20=0.352900 cur_test_hr10=0.406600 run_best_mrr20=0.354700 run_best_hr10=0.407800 run_test_mrr20=0.352900 run_test_hr10=0.406600

=================================================================
  DONE  |  FAME x retail_rocket
  Best MRR@20 = 0.354700  |  7/7 trials OK
  Best HR@10  = 0.408000
  Test MRR@20 = 0.353000  (best-valid checkpoint)
  Test HR@10  = 0.406500  (best-valid checkpoint)
[RUN_METRICS] best_valid_mrr20=0.354700 best_valid_hr10=0.408000 test_mrr20=0.353000 test_hr10=0.406500
  Total time: 27.5 min
  Best params:
    learning_rate: 0.00055947
  Results -> /workspace/jy1559/FMoE/experiments/run/artifacts/results/baseline/retail_rocket_FAME_p22_sg_d05_m09_c01_fame_xfer_amazon_beauty_fad_h1_r1_c1_s1_20260408_053915_438674_pid360515.json
  Normal mirror -> /workspace/jy1559/FMoE/experiments/run/artifacts/results/baseline/normal/stageg_cross6x9_anchor2_core5/P22/retail_rocket/FAME/retail_rocket_FAME_p22_sg_d05_m09_c01_fame_xfer_amazon_beauty_fad_h1_r1_c1_s1_20260408_053915_438674_pid360515.json
  Special result -> /workspace/jy1559/FMoE/experiments/run/artifacts/results/baseline/special/stageg_cross6x9_anchor2_core5/P22/retail_rocket/FAME/retail_rocket_FAME_p22_sg_d05_m09_c01_fame_xfer_amazon_beauty_fad_h1_r1_c1_s1_20260408_053915_438674_pid360515_special_metrics.json
  Special log -> /workspace/jy1559/FMoE/experiments/run/artifacts/logs/baseline/special/stageg_cross6x9_anchor2_core5/P22/retail_rocket/FAME/retail_rocket_FAME_p22_sg_d05_m09_c01_fame_xfer_amazon_beauty_fad_h1_r1_c1_s1_20260408_053915_438674_pid360515_special_metrics.json
=================================================================

[RUN_STATUS] END status=normal pid=360515 start=2026-04-08T05:39:15 end=2026-04-08T06:06:48
