[STAGEH_TARGETEDRECOVERY_ANCHOR2_CORE5_SETTING_HEADER]
run_phase=P23_SH_C07_MSASREC_XFER_FOURSQUARE_FAD_H3_R1_C2_PASS4_EDGELO_S1 run_id=SH_RETAIL_ROCKET_SASREC_XFER_FOURSQUARE_FAD_H3_R1_C2_PASS4_EDGELO_S1 phase_id=P23 axis_id=SH model=SASRec candidate_id=XFER_foursquare_FAD_H3_R1_C2_PASS4_EDGELO seed=1
dataset=retail_rocket gpu=4 order=0 candidate_source=stageh_screen_variant source_stage=Final_all_datasets_variant transfer_from_dataset=foursquare
max_evals=4 tune_epochs=16 tune_patience=2
seed=230128

[COMMAND]
- /venv/FMoE/bin/python hyperopt_tune.py --config-name tune_rr --max-evals 4 --tune-epochs 16 --tune-patience 2 --seed 230128 --run-group baseline --run-axis StageH_TargetedRecovery_anchor2_core5 --run-phase P23_SH_C07_MSASREC_XFER_FOURSQUARE_FAD_H3_R1_C2_PASS4_EDGELO_S1 model=sasrec dataset=retail_rocket eval_mode=session_fixed feature_mode=full_v3 gpu_id=4 log_wandb=false show_progress=false ++special_logging=true ++seed=230128 ++search={learning_rate:[8e-05,0.0004264838247278201]} ++search_space_type_overrides={learning_rate:"loguniform"} ++weight_decay=0.0002 ++search.weight_decay=[0.0002] ++search_space_type_overrides.weight_decay=choice ++search.n_layers=[1] ++search_space_type_overrides.n_layers=choice ++search.num_layers=[1] ++search_space_type_overrides.num_layers=choice ++search.n_heads=[4] ++search_space_type_overrides.n_heads=choice ++search.num_heads=[4] ++search_space_type_overrides.num_heads=choice ++search.dropout_ratio=[0.09999999999999999] ++search_space_type_overrides.dropout_ratio=choice ++search.dropout_prob=[0.09999999999999999] ++search_space_type_overrides.dropout_prob=choice ++search.hidden_dropout_prob=[0.09999999999999999] ++search_space_type_overrides.hidden_dropout_prob=choice ++search.attn_dropout_prob=[0.09999999999999999] ++search_space_type_overrides.attn_dropout_prob=choice ++search.hidden_size=[72] ++search_space_type_overrides.hidden_size=choice ++search.embedding_size=[72] ++search_space_type_overrides.embedding_size=choice ++search.inner_size=[144] ++search_space_type_overrides.inner_size=choice ++search.time_span=[512] ++search_space_type_overrides.time_span=choice ++search.num_experts=[8] ++search_space_type_overrides.num_experts=choice ++search.state_size=[32] ++search_space_type_overrides.state_size=choice ++search.conv_kernel=[8] ++search_space_type_overrides.conv_kernel=choice ++search.remaining_ratio=[0.7] ++search_space_type_overrides.remaining_ratio=choice ++search.MAX_ITEM_LIST_LENGTH=[6] ++search_space_type_overrides.MAX_ITEM_LIST_LENGTH=choice ++dropout_ratio=0.09999999999999999 ++train_batch_size=6144 ++eval_batch_size=8192 ++hidden_size=72 ++embedding_size=72 ++MAX_ITEM_LIST_LENGTH=6 ++n_layers=1 ++num_layers=1 ++n_heads=4 ++num_heads=4 ++inner_size=144
/venv/FMoE/lib/python3.10/site-packages/ray/_private/parameter.py:4: UserWarning: pkg_resources is deprecated as an API. See https://setuptools.pypa.io/en/latest/pkg_resources.html. The pkg_resources package is slated for removal as early as 2025-11-30. Refrain from using this package or pin to Setuptools<81.
  import pkg_resources
[RUN_STATUS] START pid=109847 ts=2026-04-12T10:13:34

=================================================================
  Hyperopt TPE  |  SASRec x retail_rocket
  max_evals=4  epochs=16  patience=2  wandb=off
  batch_size(train/valid/test)=6144/8192/8192
  track=baseline  axis=stageh_targetedrecovery_anchor2_core5  phase=P23_SH_C07_MSASREC_XFER_FOURSQUARE_FAD_H3_R1_C2_PASS4_EDGELO_S1
=================================================================
Changed knobs: learning_rate
Tuned params(len>1): 1  (~1 discrete combos)
Tuned groups: 1
  [optimization]
    learning_rate                   [8e-05, 0.0004264838247278201]            -> loguniform
Fixed params(singleton/non-list): 18
Fixed groups: 18
  [optimization]
    hidden_dropout_prob             0.09999999999999999                     
    weight_decay                    0.0002                                  
  [model_core]
    attn_dropout_prob               0.09999999999999999                     
    dropout_prob                    0.09999999999999999                     
    dropout_ratio                   0.09999999999999999                     
    embedding_size                  72                                      
    hidden_size                     72                                      
    inner_size                      144                                     
    num_heads                       4                                       
    num_layers                      1                                       
  [other]
    MAX_ITEM_LIST_LENGTH            6                                       
    conv_kernel                     8                                       
    n_heads                         4                                       
    n_layers                        1                                       
    num_experts                     8                                       
    remaining_ratio                 0.7                                     
    state_size                      32                                      
    time_span                       512                                     

[Wandb] disabled for this hyperopt run

[1/4] learning_rate=0.0001943
  -> MRR@20=0.180600  best=0.180600  (early_stop@3, trial=19s, avg=39s/trial, total=39s, ETA=1.9min)
[TRIAL_METRICS] cur_best_mrr20=0.180600 cur_best_hr10=0.217000 cur_test_mrr20=0.182300 cur_test_hr10=0.217000 run_best_mrr20=0.180600 run_best_hr10=0.217000 run_test_mrr20=0.182300 run_test_hr10=0.217000

[2/4] learning_rate=0.0002148
  -> MRR@20=0.154900  best=0.180600  (early_stop@3, trial=18s, avg=29s/trial, total=58s, ETA=58s)
[TRIAL_METRICS] cur_best_mrr20=0.154900 cur_best_hr10=0.201600 cur_test_mrr20=0.156900 cur_test_hr10=0.202700 run_best_mrr20=0.180600 run_best_hr10=0.217000 run_test_mrr20=0.182300 run_test_hr10=0.217000

[3/4] learning_rate=0.0001985
  -> MRR@20=0.175400  best=0.180600  (early_stop@3, trial=18s, avg=26s/trial, total=1.3min, ETA=26s)
[TRIAL_METRICS] cur_best_mrr20=0.175400 cur_best_hr10=0.214400 cur_test_mrr20=0.177000 cur_test_hr10=0.214600 run_best_mrr20=0.180600 run_best_hr10=0.217000 run_test_mrr20=0.182300 run_test_hr10=0.217000

[4/4] learning_rate=0.0002739
  -> MRR@20=0.113400  best=0.180600  (early_stop@3, trial=18s, avg=24s/trial, total=1.6min, ETA=0s)
[TRIAL_METRICS] cur_best_mrr20=0.113400 cur_best_hr10=0.164000 cur_test_mrr20=0.115900 cur_test_hr10=0.166300 run_best_mrr20=0.180600 run_best_hr10=0.217000 run_test_mrr20=0.182300 run_test_hr10=0.217000

=================================================================
  DONE  |  SASRec x retail_rocket
  Best MRR@20 = 0.180600  |  4/4 trials OK
  Best HR@10  = 0.217000
  Test MRR@20 = 0.182300  (best-valid checkpoint)
  Test HR@10  = 0.217000  (best-valid checkpoint)
[RUN_METRICS] best_valid_mrr20=0.180600 best_valid_hr10=0.217000 test_mrr20=0.182300 test_hr10=0.217000
  Total time: 1.6 min
  Best params:
    learning_rate: 0.000194291
  Results -> /workspace/FeaturedMoE/experiments/run/artifacts/results/baseline/retail_rocket_SASRec_p23_sh_c07_msasrec_xfer_foursquare_fad_h3_r1_c2_pass4_edgelo_s1_20260412_101334_629134_pid109847.json
  Normal mirror -> /workspace/FeaturedMoE/experiments/run/artifacts/results/baseline/normal/stageh_targetedrecovery_anchor2_core5/P23/retail_rocket/SASRec/retail_rocket_SASRec_p23_sh_c07_msasrec_xfer_foursquare_fad_h3_r1_c2_pass4_edgelo_s1_20260412_101334_629134_pid109847.json
  Special result -> /workspace/FeaturedMoE/experiments/run/artifacts/results/baseline/special/stageh_targetedrecovery_anchor2_core5/P23/retail_rocket/SASRec/retail_rocket_SASRec_p23_sh_c07_msasrec_xfer_foursquare_fad_h3_r1_c2_pass4_edgelo_s1_20260412_101334_629134_pid109847_special_metrics.json
  Special log -> /workspace/FeaturedMoE/experiments/run/artifacts/logs/baseline/special/stageh_targetedrecovery_anchor2_core5/P23/retail_rocket/SASRec/retail_rocket_SASRec_p23_sh_c07_msasrec_xfer_foursquare_fad_h3_r1_c2_pass4_edgelo_s1_20260412_101334_629134_pid109847_special_metrics.json
=================================================================

[RUN_STATUS] END status=normal pid=109847 start=2026-04-12T10:13:34 end=2026-04-12T10:15:10
