[RUN_STATUS] START pid=39114 ts=2026-03-12T09:47:06

=================================================================
  Hyperopt TPE  |  FeaturedMoE_N x KuaiRecSmall0.1
  max_evals=20  epochs=30  patience=5  wandb=off
  batch_size(train/valid/test)=6144/12288/12288
  track=fmoe_n  axis=s01_layout_lite_v1  phase=ARCH1_A11
  search.train_batch_size=[6144]
  search.eval_batch_size=[12288]
=================================================================
Changed knobs: learning_rate
Tuned params(len>1): 1  (~1 discrete combos)
Tuned groups: 1
  [optimization]
    learning_rate                   [0.0002, 0.0025]                          -> loguniform
Fixed params(singleton/non-list): 48
Fixed groups: 48
  [optimization]
    balance_loss_lambda             0.002                                   
    eval_batch_size                 12288                                   
    hidden_dropout_prob             0.1                                     
    train_batch_size                6144                                    
    weight_decay                    5e-05                                   
  [model_core]
    d_expert_hidden                 128                                     
    d_feat_emb                      16                                      
    d_router_hidden                 64                                      
    embedding_size                  128                                     
    expert_scale                    3                                       
    micro_router_feature_dropout    0.0                                     
    mid_router_feature_dropout      0.0                                     
    num_heads                       8                                       
  [layout]
    fmoe_v2_layout_id               33                                      
  [routing_moe]
    macro_routing_scope             session                                 
    macro_session_pooling           mean                                    
    micro_router_temperature        1.2                                     
    micro_router_temperature_start  1.2                                     
    mid_router_temperature          1.2                                     
    mid_router_temperature_start    1.2                                     
    moe_top_k                       0                                       
    moe_top_k_policy                auto                                    
    moe_top_k_ratio                 0.5                                     
    moe_top_k_start                 0                                       
    moe_top_k_warmup_until          0                                       
    router_design                   simple_flat                             
    router_impl                     learned                                 
    router_impl_by_stage            {}                                      
    router_use_feature              True                                    
    router_use_hidden               True                                    
    rule_router.feature_per_expert  4                                       
    rule_router.n_bins              5                                       
    rule_router.variant             ratio_bins                              
  [schedule]
    alpha_warmup_end                1.0                                     
    alpha_warmup_start              0.0                                     
    alpha_warmup_until              0                                       
    fmoe_schedule_enable            False                                   
    temperature_warmup_until        0                                       
  [other]
    MAX_ITEM_LIST_LENGTH            10                                      
    expert_use_feature              True                                    
    expert_use_hidden               True                                    
    feature_encoder_mode            linear                                  
    feature_encoder_sinusoidal_n_freqs  4                                       
    fmoe_special_logging            True                                    
    fmoe_stage_execution_mode       serial                                  
    rule_bias_scale                 0.0                                     
    stage_inter_layer_style         nonlinear                               
    use_valid_ratio_gating          True                                    
Layout details:
  execution(fixed)=serial
  id=33 exec=serial pre=1 post=0 total_layers=4 total_moe=3 | macro(pass=0,moe=1) | mid(pass=0,moe=1) | micro(pass=0,moe=1)

[Wandb] disabled for this hyperopt run

[1/20] learning_rate=0.00148
  -> MRR@20=0.0160  best=0.0160  (early_stop@13, trial=54s, avg=55s/trial, total=55s, ETA=17.5min)
[TRIAL_METRICS] cur_best_mrr20=0.0160 cur_best_hr10=0.0511 cur_test_mrr20=0.0147 cur_test_hr10=0.0475 run_best_mrr20=0.0160 run_best_hr10=0.0511 run_test_mrr20=0.0147 run_test_hr10=0.0475

[2/20] learning_rate=0.0002362
  -> MRR@20=0.0178  best=0.0178  (full@30, trial=2.1min, avg=1.5min/trial, total=3.0min, ETA=27.0min)
[TRIAL_METRICS] cur_best_mrr20=0.0178 cur_best_hr10=0.0520 cur_test_mrr20=0.0167 cur_test_hr10=0.0471 run_best_mrr20=0.0178 run_best_hr10=0.0520 run_test_mrr20=0.0167 run_test_hr10=0.0471

[3/20] learning_rate=0.0008136
  -> MRR@20=0.0173  best=0.0178  (early_stop@17, trial=1.2min, avg=1.4min/trial, total=4.2min, ETA=23.8min)
[TRIAL_METRICS] cur_best_mrr20=0.0173 cur_best_hr10=0.0536 cur_test_mrr20=0.0157 cur_test_hr10=0.0493 run_best_mrr20=0.0178 run_best_hr10=0.0520 run_test_mrr20=0.0167 run_test_hr10=0.0471

[4/20] learning_rate=0.001981
  -> MRR@20=0.0159  best=0.0178  (early_stop@13, trial=54s, avg=1.3min/trial, total=5.1min, ETA=20.4min)
[TRIAL_METRICS] cur_best_mrr20=0.0159 cur_best_hr10=0.0528 cur_test_mrr20=0.0142 cur_test_hr10=0.0474 run_best_mrr20=0.0178 run_best_hr10=0.0520 run_test_mrr20=0.0167 run_test_hr10=0.0471

[5/20] learning_rate=0.001621
  -> MRR@20=0.0160  best=0.0178  (early_stop@12, trial=50s, avg=1.2min/trial, total=5.9min, ETA=17.8min)
[TRIAL_METRICS] cur_best_mrr20=0.0160 cur_best_hr10=0.0501 cur_test_mrr20=0.0141 cur_test_hr10=0.0456 run_best_mrr20=0.0178 run_best_hr10=0.0520 run_test_mrr20=0.0167 run_test_hr10=0.0471

[6/20] learning_rate=0.0002146
  -> MRR@20=0.0171  best=0.0178  (full@30, trial=2.1min, avg=1.3min/trial, total=8.1min, ETA=18.8min)
[TRIAL_METRICS] cur_best_mrr20=0.0171 cur_best_hr10=0.0504 cur_test_mrr20=0.0162 cur_test_hr10=0.0457 run_best_mrr20=0.0178 run_best_hr10=0.0520 run_test_mrr20=0.0167 run_test_hr10=0.0471

[7/20] learning_rate=0.0006289
  -> MRR@20=0.0175  best=0.0178  (early_stop@22, trial=1.6min, avg=1.4min/trial, total=9.6min, ETA=17.9min)
[TRIAL_METRICS] cur_best_mrr20=0.0175 cur_best_hr10=0.0554 cur_test_mrr20=0.0163 cur_test_hr10=0.0513 run_best_mrr20=0.0178 run_best_hr10=0.0520 run_test_mrr20=0.0167 run_test_hr10=0.0471

[8/20] learning_rate=0.0005041
  -> MRR@20=0.0176  best=0.0178  (early_stop@22, trial=1.5min, avg=1.4min/trial, total=11.2min, ETA=16.8min)
[TRIAL_METRICS] cur_best_mrr20=0.0176 cur_best_hr10=0.0514 cur_test_mrr20=0.0162 cur_test_hr10=0.0482 run_best_mrr20=0.0178 run_best_hr10=0.0520 run_test_mrr20=0.0167 run_test_hr10=0.0471

[9/20] learning_rate=0.002267
  -> MRR@20=0.0156  best=0.0178  (early_stop@11, trial=45s, avg=1.3min/trial, total=11.9min, ETA=14.6min)
[TRIAL_METRICS] cur_best_mrr20=0.0156 cur_best_hr10=0.0519 cur_test_mrr20=0.0138 cur_test_hr10=0.0460 run_best_mrr20=0.0178 run_best_hr10=0.0520 run_test_mrr20=0.0167 run_test_hr10=0.0471

[10/20] learning_rate=0.0004533
  -> MRR@20=0.0180  best=0.0180  (full@30, trial=2.0min, avg=1.4min/trial, total=14.0min, ETA=14.0min)
[TRIAL_METRICS] cur_best_mrr20=0.0180 cur_best_hr10=0.0571 cur_test_mrr20=0.0165 cur_test_hr10=0.0533 run_best_mrr20=0.0180 run_best_hr10=0.0571 run_test_mrr20=0.0165 run_test_hr10=0.0533

[11/20] learning_rate=0.0007038
  -> MRR@20=0.0173  best=0.0180  (early_stop@17, trial=1.2min, avg=1.4min/trial, total=15.2min, ETA=12.4min)
[TRIAL_METRICS] cur_best_mrr20=0.0173 cur_best_hr10=0.0521 cur_test_mrr20=0.0156 cur_test_hr10=0.0475 run_best_mrr20=0.0180 run_best_hr10=0.0571 run_test_mrr20=0.0165 run_test_hr10=0.0533

[12/20] learning_rate=0.0002521
  -> MRR@20=0.0181  best=0.0181  (full@30, trial=2.1min, avg=1.4min/trial, total=17.3min, ETA=11.5min)
[TRIAL_METRICS] cur_best_mrr20=0.0181 cur_best_hr10=0.0535 cur_test_mrr20=0.0171 cur_test_hr10=0.0491 run_best_mrr20=0.0181 run_best_hr10=0.0535 run_test_mrr20=0.0171 run_test_hr10=0.0491

[13/20] learning_rate=0.001282
  -> MRR@20=0.0164  best=0.0181  (early_stop@13, trial=54s, avg=1.4min/trial, total=18.2min, ETA=9.8min)
[TRIAL_METRICS] cur_best_mrr20=0.0164 cur_best_hr10=0.0498 cur_test_mrr20=0.0144 cur_test_hr10=0.0463 run_best_mrr20=0.0181 run_best_hr10=0.0535 run_test_mrr20=0.0171 run_test_hr10=0.0491

[14/20] learning_rate=0.0009974
  -> MRR@20=0.0168  best=0.0181  (early_stop@17, trial=1.2min, avg=1.4min/trial, total=19.4min, ETA=8.3min)
[TRIAL_METRICS] cur_best_mrr20=0.0168 cur_best_hr10=0.0539 cur_test_mrr20=0.0153 cur_test_hr10=0.0493 run_best_mrr20=0.0181 run_best_hr10=0.0535 run_test_mrr20=0.0171 run_test_hr10=0.0491

[15/20] learning_rate=0.001631
  -> MRR@20=0.0160  best=0.0181  (early_stop@12, trial=49s, avg=1.3min/trial, total=20.2min, ETA=6.7min)
[TRIAL_METRICS] cur_best_mrr20=0.0160 cur_best_hr10=0.0505 cur_test_mrr20=0.0142 cur_test_hr10=0.0454 run_best_mrr20=0.0181 run_best_hr10=0.0535 run_test_mrr20=0.0171 run_test_hr10=0.0491

[16/20] learning_rate=0.0002897
  -> MRR@20=0.0182  best=0.0182  (full@30, trial=2.1min, avg=1.4min/trial, total=22.3min, ETA=5.6min)
[TRIAL_METRICS] cur_best_mrr20=0.0182 cur_best_hr10=0.0550 cur_test_mrr20=0.0170 cur_test_hr10=0.0500 run_best_mrr20=0.0182 run_best_hr10=0.0550 run_test_mrr20=0.0170 run_test_hr10=0.0500

[17/20] learning_rate=0.001029
  -> MRR@20=0.0167  best=0.0182  (early_stop@14, trial=59s, avg=1.4min/trial, total=23.3min, ETA=4.1min)
[TRIAL_METRICS] cur_best_mrr20=0.0167 cur_best_hr10=0.0502 cur_test_mrr20=0.0149 cur_test_hr10=0.0472 run_best_mrr20=0.0182 run_best_hr10=0.0550 run_test_mrr20=0.0170 run_test_hr10=0.0500

[18/20] learning_rate=0.0009845
  -> MRR@20=0.0169  best=0.0182  (early_stop@17, trial=1.2min, avg=1.4min/trial, total=24.5min, ETA=2.7min)
[TRIAL_METRICS] cur_best_mrr20=0.0169 cur_best_hr10=0.0538 cur_test_mrr20=0.0153 cur_test_hr10=0.0487 run_best_mrr20=0.0182 run_best_hr10=0.0550 run_test_mrr20=0.0170 run_test_hr10=0.0500

[19/20] learning_rate=0.001332
  -> MRR@20=0.0162  best=0.0182  (early_stop@14, trial=58s, avg=1.3min/trial, total=25.5min, ETA=1.3min)
[TRIAL_METRICS] cur_best_mrr20=0.0162 cur_best_hr10=0.0516 cur_test_mrr20=0.0147 cur_test_hr10=0.0482 run_best_mrr20=0.0182 run_best_hr10=0.0550 run_test_mrr20=0.0170 run_test_hr10=0.0500

[20/20] learning_rate=0.0002032
  -> MRR@20=0.0167  best=0.0182  (full@30, trial=2.1min, avg=1.4min/trial, total=27.5min, ETA=0s)
[TRIAL_METRICS] cur_best_mrr20=0.0167 cur_best_hr10=0.0490 cur_test_mrr20=0.0158 cur_test_hr10=0.0445 run_best_mrr20=0.0182 run_best_hr10=0.0550 run_test_mrr20=0.0170 run_test_hr10=0.0500

=================================================================
  DONE  |  FeaturedMoE_N x KuaiRecSmall0.1
  Best MRR@20 = 0.0182  |  20/20 trials OK
  Best HR@10  = 0.0550
  Test MRR@20 = 0.0170  (best-valid checkpoint)
  Test HR@10  = 0.0500  (best-valid checkpoint)
[RUN_METRICS] best_valid_mrr20=0.0182 best_valid_hr10=0.0550 test_mrr20=0.0170 test_hr10=0.0500
  Total time: 27.5 min
  Best params:
    learning_rate: 0.000289719
  Results -> /workspace/jy1559/FMoE/experiments/run/artifacts/results/fmoe_n/KuaiRecSmall0.1_FeaturedMoE_N_arch1_a11_20260312_094706_898218_pid39114.json
  Normal mirror -> /workspace/jy1559/FMoE/experiments/run/artifacts/results/fmoe_n/normal/s01_layout_lite_v1/ARCH1/KuaiRecSmall0.1/FMoE/KuaiRecSmall0.1_FeaturedMoE_N_arch1_a11_20260312_094706_898218_pid39114.json
  Special result -> /workspace/jy1559/FMoE/experiments/run/artifacts/results/fmoe_n/special/s01_layout_lite_v1/ARCH1/KuaiRecSmall0.1/FMoE/KuaiRecSmall0.1_FeaturedMoE_N_arch1_a11_20260312_094706_898218_pid39114_special_metrics.json
  Special log -> /workspace/jy1559/FMoE/experiments/run/artifacts/logs/fmoe_n/special/s01_layout_lite_v1/ARCH1/KuaiRecSmall0.1/FMoE/KuaiRecSmall0.1_FeaturedMoE_N_arch1_a11_20260312_094706_898218_pid39114_special_metrics.json
=================================================================

[RUN_STATUS] END status=normal pid=39114 start=2026-03-12T09:47:06 end=2026-03-12T10:14:39
