# job_id=ADD_STAGE2_RETAIL_ROCKET_FDSA dataset=retail_rocket model=fdsa stage=stage2
# cmd=/venv/FMoE/bin/python /workspace/FeaturedMoE/experiments/hyperopt_tune.py --config-name tune_rr --search-algo tpe --max-evals 10 --tune-epochs 70 --tune-patience 7 --seed 920035 --run-group final_experiment_addtuning --run-axis add_stage2_promote --run-phase ADD_STAGE2_RETAIL_ROCKET_FDSA model=fdsa dataset=retail_rocket eval_mode=session_fixed feature_mode=full_v4 ++eval_sampling.mode=full ++eval_sampling.auto_full_threshold=999999999 ++special_logging=true ++exclude_unseen_target_from_main_eval=true ++log_unseen_target_metrics=true gpu_id=7 log_wandb=false show_progress=false ++seed=920035 --max-run-hours 2 --oom-retry-limit 5 ++search.learning_rate=[0.00019049,0.00028486,0.00042596,0.00063696,0.00020145] ++search_space_type_overrides.learning_rate=choice ++search.weight_decay=[1e-06,1e-05,5e-07] ++search_space_type_overrides.weight_decay=choice ++search.MAX_ITEM_LIST_LENGTH=[20,30,10] ++search_space_type_overrides.MAX_ITEM_LIST_LENGTH=choice ++search.hidden_size=[96,112,128,64] ++search_space_type_overrides.hidden_size=choice ++search.embedding_size=[128,112,96] ++search_space_type_overrides.embedding_size=choice ++search.inner_size=[320,256,384] ++search_space_type_overrides.inner_size=choice ++search.n_layers=[2,1,3] ++search_space_type_overrides.n_layers=choice ++search.n_heads=[1,2,4] ++search_space_type_overrides.n_heads=choice ++search.hidden_dropout_prob=[0.12,0.13,0.1] ++search_space_type_overrides.hidden_dropout_prob=choice ++search.attn_dropout_prob=[0.12,0.1,0.15] ++search_space_type_overrides.attn_dropout_prob=choice ++search.attribute_hidden_size=[96,128,160,112] ++search_space_type_overrides.attribute_hidden_size=choice ++search.lambda_attr=[0.09,0.1,0.12,0.0] ++search_space_type_overrides.lambda_attr=choice ++search.dropout_ratio=[0.12] ++search_space_type_overrides.dropout_ratio=choice ++search.selected_features=[["category"]] ++search_space_type_overrides.selected_features=choice ++search.pooling_mode=["mean"] ++search_space_type_overrides.pooling_mode=choice

/venv/FMoE/lib/python3.10/site-packages/ray/_private/parameter.py:4: UserWarning: pkg_resources is deprecated as an API. See https://setuptools.pypa.io/en/latest/pkg_resources.html. The pkg_resources package is slated for removal as early as 2025-11-30. Refrain from using this package or pin to Setuptools<81.
  import pkg_resources
[RUN_STATUS] START pid=1747457 ts=2026-04-19T05:53:04
[UniqueChoice] enabled: dedupe/remap duplicates across 2099520 finite combos

=================================================================
  Hyperopt  |  FDSA x retail_rocket
  max_evals=10  epochs=70  patience=7  wandb=off
  search_algo=tpe
  max_run_hours=2.000  (stop launching new trials after current trial)
  oom_retry_limit=5  (halve train/eval batch size on OOM)
  batch_size(train/valid/test)=4096/8192/8192
  track=final_experiment_addtuning  axis=add_stage2_promote  phase=ADD_STAGE2_RETAIL_ROCKET_FDSA
=================================================================
Changed knobs: MAX_ITEM_LIST_LENGTH, attn_dropout_prob, attribute_hidden_size, embedding_size, hidden_dropout_prob, hidden_size, inner_size, lambda_attr, learning_rate, n_heads, n_layers, weight_decay
Tuned params(len>1): 12  (~2099520 discrete combos)
Tuned groups: 12
  [optimization]
    hidden_dropout_prob             [0.12, 0.13, 0.1]                         -> choice
    learning_rate                   [0.00019049, 0.00028486, 0.00042596, 0.00063696, 0.00020145]  -> choice
    weight_decay                    [1e-06, 1e-05, 5e-07]                     -> choice
  [model_core]
    attn_dropout_prob               [0.12, 0.1, 0.15]                         -> choice
    embedding_size                  [128, 112, 96]                            -> choice
    hidden_size                     [96, 112, 128, 64]                        -> choice
    inner_size                      [320, 256, 384]                           -> choice
  [other]
    MAX_ITEM_LIST_LENGTH            [20, 30, 10]                              -> choice
    attribute_hidden_size           [96, 128, 160, 112]                       -> choice
    lambda_attr                     [0.09, 0.1, 0.12, 0.0]                    -> choice
    n_heads                         [1, 2, 4]                                 -> choice
    n_layers                        [2, 1, 3]                                 -> choice
Fixed params(singleton/non-list): 3
Fixed groups: 3
  [model_core]
    dropout_ratio                   0.12                                    
  [other]
    pooling_mode                    mean                                    
    selected_features               ['category']                            

[Wandb] disabled for this hyperopt run

[1/10] MAX_ITEM_LIST_LENGTH=20, attn_dropout_prob=0.15, attribute_hidden_size=160, embedding_size=96, hidden_dropout_prob=0.12, hidden_size=112, inner_size=256, lambda_attr=0, learning_rate=0.000637, n_heads=2, n_layers=1, weight_decay=1e-05
[OOM_RETRY] trial=1 retry=1/5 train_batch_size 4096 -> 2048 eval_batch_size 8192 -> 4096
special metric collection skipped for one batch: CUDA out of memory. Tried to allocate 12.73 GiB. GPU 0 has a total capacity of 23.52 GiB of which 3.69 GiB is free. Including non-PyTorch memory, this process has 19.80 GiB memory in use. Of the allocated memory 15.05 GiB is allocated by PyTorch, and 4.30 GiB is reserved by PyTorch but unallocated. If reserved but unallocated memory is large try setting PYTORCH_CUDA_ALLOC_CONF=expandable_segments:True to avoid fragmentation.  See documentation for Memory Management  (https://pytorch.org/docs/stable/notes/cuda.html#environment-variables)
[OOM_RETRY] trial=1 retry=2/5 train_batch_size 2048 -> 1024 eval_batch_size 4096 -> 2048
  -> MRR@20=0.348400  best=0.348400  (early_stop@13, trial=4.0min, avg=4.7min/trial, total=4.7min, ETA=42.7min)
[TRIAL_METRICS] cur_best_mrr20=0.348400 cur_best_hr10=0.554700 cur_test_mrr20=0.343600 cur_test_hr10=0.540100 avg_epoch_time_sec=18.0838 test_eval_time_sec=1.1627 test_eval_batches_per_sec=9.4608 test_eval_targets_per_sec=18044.3638 run_best_mrr20=0.348400 run_best_hr10=0.554700 run_test_mrr20=0.343600 run_test_hr10=0.540100

[2/10] MAX_ITEM_LIST_LENGTH=10, attn_dropout_prob=0.15, attribute_hidden_size=128, embedding_size=112, hidden_dropout_prob=0.1, hidden_size=64, inner_size=384, lambda_attr=0.09, learning_rate=0.000426, n_heads=4, n_layers=1, weight_decay=1e-06
[OOM_RETRY] trial=2 retry=1/5 train_batch_size 4096 -> 2048 eval_batch_size 8192 -> 4096
special metric collection skipped for one batch: CUDA out of memory. Tried to allocate 12.73 GiB. GPU 0 has a total capacity of 23.52 GiB of which 3.71 GiB is free. Including non-PyTorch memory, this process has 19.79 GiB memory in use. Of the allocated memory 14.75 GiB is allocated by PyTorch, and 4.59 GiB is reserved by PyTorch but unallocated. If reserved but unallocated memory is large try setting PYTORCH_CUDA_ALLOC_CONF=expandable_segments:True to avoid fragmentation.  See documentation for Memory Management  (https://pytorch.org/docs/stable/notes/cuda.html#environment-variables)
[OOM_RETRY] trial=2 retry=2/5 train_batch_size 2048 -> 1024 eval_batch_size 4096 -> 2048
  -> MRR@20=0.350200  best=0.350200  (early_stop@22, trial=6.2min, avg=5.8min/trial, total=11.6min, ETA=46.4min)
[TRIAL_METRICS] cur_best_mrr20=0.350200 cur_best_hr10=0.555300 cur_test_mrr20=0.347900 cur_test_hr10=0.542000 avg_epoch_time_sec=16.7028 test_eval_time_sec=1.1664 test_eval_batches_per_sec=9.4303 test_eval_targets_per_sec=17986.2412 run_best_mrr20=0.350200 run_best_hr10=0.555300 run_test_mrr20=0.347900 run_test_hr10=0.542000

[3/10] MAX_ITEM_LIST_LENGTH=30, attn_dropout_prob=0.12, attribute_hidden_size=160, embedding_size=96, hidden_dropout_prob=0.1, hidden_size=64, inner_size=256, lambda_attr=0.09, learning_rate=0.000637, n_heads=2, n_layers=2, weight_decay=1e-06
[OOM_RETRY] trial=3 retry=1/5 train_batch_size 4096 -> 2048 eval_batch_size 8192 -> 4096
special metric collection skipped for one batch: CUDA out of memory. Tried to allocate 12.73 GiB. GPU 0 has a total capacity of 23.52 GiB of which 3.70 GiB is free. Including non-PyTorch memory, this process has 19.79 GiB memory in use. Of the allocated memory 14.75 GiB is allocated by PyTorch, and 4.59 GiB is reserved by PyTorch but unallocated. If reserved but unallocated memory is large try setting PYTORCH_CUDA_ALLOC_CONF=expandable_segments:True to avoid fragmentation.  See documentation for Memory Management  (https://pytorch.org/docs/stable/notes/cuda.html#environment-variables)
[OOM_RETRY] trial=3 retry=2/5 train_batch_size 2048 -> 1024 eval_batch_size 4096 -> 2048
  -> MRR@20=0.355600  best=0.355600  (early_stop@16, trial=5.3min, avg=5.9min/trial, total=17.7min, ETA=41.2min)
[TRIAL_METRICS] cur_best_mrr20=0.355600 cur_best_hr10=0.555100 cur_test_mrr20=0.352500 cur_test_hr10=0.539600 avg_epoch_time_sec=19.7448 test_eval_time_sec=1.2135 test_eval_batches_per_sec=9.0646 test_eval_targets_per_sec=17288.6366 run_best_mrr20=0.355600 run_best_hr10=0.555100 run_test_mrr20=0.352500 run_test_hr10=0.539600

[4/10] MAX_ITEM_LIST_LENGTH=10, attn_dropout_prob=0.15, attribute_hidden_size=160, embedding_size=96, hidden_dropout_prob=0.13, hidden_size=64, inner_size=384, lambda_attr=0.12, learning_rate=0.0001905, n_heads=1, n_layers=3, weight_decay=1e-05
[OOM_RETRY] trial=4 retry=1/5 train_batch_size 4096 -> 2048 eval_batch_size 8192 -> 4096
special metric collection skipped for one batch: CUDA out of memory. Tried to allocate 12.73 GiB. GPU 0 has a total capacity of 23.52 GiB of which 3.69 GiB is free. Including non-PyTorch memory, this process has 19.80 GiB memory in use. Of the allocated memory 14.75 GiB is allocated by PyTorch, and 4.59 GiB is reserved by PyTorch but unallocated. If reserved but unallocated memory is large try setting PYTORCH_CUDA_ALLOC_CONF=expandable_segments:True to avoid fragmentation.  See documentation for Memory Management  (https://pytorch.org/docs/stable/notes/cuda.html#environment-variables)
[OOM_RETRY] trial=4 retry=2/5 train_batch_size 2048 -> 1024 eval_batch_size 4096 -> 2048
  -> MRR@20=0.354100  best=0.355600  (early_stop@42, trial=14.6min, avg=8.2min/trial, total=33.0min, ETA=49.5min)
[TRIAL_METRICS] cur_best_mrr20=0.354100 cur_best_hr10=0.549300 cur_test_mrr20=0.353500 cur_test_hr10=0.537900 avg_epoch_time_sec=20.7773 test_eval_time_sec=1.1961 test_eval_batches_per_sec=9.1968 test_eval_targets_per_sec=17540.8150 run_best_mrr20=0.355600 run_best_hr10=0.555100 run_test_mrr20=0.352500 run_test_hr10=0.539600

[5/10] MAX_ITEM_LIST_LENGTH=20, attn_dropout_prob=0.1, attribute_hidden_size=160, embedding_size=96, hidden_dropout_prob=0.12, hidden_size=112, inner_size=384, lambda_attr=0.1, learning_rate=0.0002849, n_heads=1, n_layers=2, weight_decay=1e-05
[OOM_RETRY] trial=5 retry=1/5 train_batch_size 4096 -> 2048 eval_batch_size 8192 -> 4096
special metric collection skipped for one batch: CUDA out of memory. Tried to allocate 12.73 GiB. GPU 0 has a total capacity of 23.52 GiB of which 3.70 GiB is free. Including non-PyTorch memory, this process has 19.80 GiB memory in use. Of the allocated memory 15.05 GiB is allocated by PyTorch, and 4.29 GiB is reserved by PyTorch but unallocated. If reserved but unallocated memory is large try setting PYTORCH_CUDA_ALLOC_CONF=expandable_segments:True to avoid fragmentation.  See documentation for Memory Management  (https://pytorch.org/docs/stable/notes/cuda.html#environment-variables)
[OOM_RETRY] trial=5 retry=2/5 train_batch_size 2048 -> 1024 eval_batch_size 4096 -> 2048
  -> MRR@20=0.354400  best=0.355600  (early_stop@21, trial=7.1min, avg=8.2min/trial, total=40.9min, ETA=40.9min)
[TRIAL_METRICS] cur_best_mrr20=0.354400 cur_best_hr10=0.554000 cur_test_mrr20=0.353300 cur_test_hr10=0.540400 avg_epoch_time_sec=20.2859 test_eval_time_sec=1.1978 test_eval_batches_per_sec=9.1838 test_eval_targets_per_sec=17516.0633 run_best_mrr20=0.355600 run_best_hr10=0.555100 run_test_mrr20=0.352500 run_test_hr10=0.539600

[6/10] MAX_ITEM_LIST_LENGTH=30, attn_dropout_prob=0.15, attribute_hidden_size=128, embedding_size=112, hidden_dropout_prob=0.12, hidden_size=64, inner_size=320, lambda_attr=0.12, learning_rate=0.000426, n_heads=1, n_layers=1, weight_decay=1e-05
[OOM_RETRY] trial=6 retry=1/5 train_batch_size 4096 -> 2048 eval_batch_size 8192 -> 4096
special metric collection skipped for one batch: CUDA out of memory. Tried to allocate 12.73 GiB. GPU 0 has a total capacity of 23.52 GiB of which 3.71 GiB is free. Including non-PyTorch memory, this process has 19.79 GiB memory in use. Of the allocated memory 14.75 GiB is allocated by PyTorch, and 4.59 GiB is reserved by PyTorch but unallocated. If reserved but unallocated memory is large try setting PYTORCH_CUDA_ALLOC_CONF=expandable_segments:True to avoid fragmentation.  See documentation for Memory Management  (https://pytorch.org/docs/stable/notes/cuda.html#environment-variables)
[OOM_RETRY] trial=6 retry=2/5 train_batch_size 2048 -> 1024 eval_batch_size 4096 -> 2048
  -> MRR@20=0.342700  best=0.355600  (early_stop@22, trial=6.5min, avg=8.0min/trial, total=48.1min, ETA=32.1min)
[TRIAL_METRICS] cur_best_mrr20=0.342700 cur_best_hr10=0.553200 cur_test_mrr20=0.339400 cur_test_hr10=0.539800 avg_epoch_time_sec=17.6999 test_eval_time_sec=1.1810 test_eval_batches_per_sec=9.3143 test_eval_targets_per_sec=17764.8897 run_best_mrr20=0.355600 run_best_hr10=0.555100 run_test_mrr20=0.352500 run_test_hr10=0.539600

[7/10] MAX_ITEM_LIST_LENGTH=20, attn_dropout_prob=0.1, attribute_hidden_size=160, embedding_size=112, hidden_dropout_prob=0.1, hidden_size=128, inner_size=320, lambda_attr=0.09, learning_rate=0.0002014, n_heads=2, n_layers=1, weight_decay=5e-07
[OOM_RETRY] trial=7 retry=1/5 train_batch_size 4096 -> 2048 eval_batch_size 8192 -> 4096
special metric collection skipped for one batch: CUDA out of memory. Tried to allocate 12.73 GiB. GPU 0 has a total capacity of 23.52 GiB of which 3.88 GiB is free. Including non-PyTorch memory, this process has 19.62 GiB memory in use. Of the allocated memory 15.15 GiB is allocated by PyTorch, and 4.01 GiB is reserved by PyTorch but unallocated. If reserved but unallocated memory is large try setting PYTORCH_CUDA_ALLOC_CONF=expandable_segments:True to avoid fragmentation.  See documentation for Memory Management  (https://pytorch.org/docs/stable/notes/cuda.html#environment-variables)
[OOM_RETRY] trial=7 retry=2/5 train_batch_size 2048 -> 1024 eval_batch_size 4096 -> 2048
  -> MRR@20=0.359700  best=0.359700  (early_stop@22, trial=7.2min, avg=8.0min/trial, total=56.1min, ETA=24.0min)
[TRIAL_METRICS] cur_best_mrr20=0.359700 cur_best_hr10=0.562300 cur_test_mrr20=0.357900 cur_test_hr10=0.547400 avg_epoch_time_sec=19.6306 test_eval_time_sec=1.1626 test_eval_batches_per_sec=9.4619 test_eval_targets_per_sec=18046.4398 run_best_mrr20=0.359700 run_best_hr10=0.562300 run_test_mrr20=0.357900 run_test_hr10=0.547400

[8/10] MAX_ITEM_LIST_LENGTH=20, attn_dropout_prob=0.1, attribute_hidden_size=112, embedding_size=128, hidden_dropout_prob=0.12, hidden_size=112, inner_size=384, lambda_attr=0, learning_rate=0.000426, n_heads=4, n_layers=2, weight_decay=1e-06
[OOM_RETRY] trial=8 retry=1/5 train_batch_size 4096 -> 2048 eval_batch_size 8192 -> 4096
special metric collection skipped for one batch: CUDA out of memory. Tried to allocate 12.73 GiB. GPU 0 has a total capacity of 23.52 GiB of which 3.88 GiB is free. Including non-PyTorch memory, this process has 19.62 GiB memory in use. Of the allocated memory 15.05 GiB is allocated by PyTorch, and 4.11 GiB is reserved by PyTorch but unallocated. If reserved but unallocated memory is large try setting PYTORCH_CUDA_ALLOC_CONF=expandable_segments:True to avoid fragmentation.  See documentation for Memory Management  (https://pytorch.org/docs/stable/notes/cuda.html#environment-variables)
[OOM_RETRY] trial=8 retry=2/5 train_batch_size 2048 -> 1024 eval_batch_size 4096 -> 2048
  -> MRR@20=0.360700  best=0.360700  (early_stop@16, trial=5.5min, avg=7.8min/trial, total=1.04h, ETA=15.5min)
[TRIAL_METRICS] cur_best_mrr20=0.360700 cur_best_hr10=0.559800 cur_test_mrr20=0.360200 cur_test_hr10=0.544400 avg_epoch_time_sec=20.5669 test_eval_time_sec=1.1989 test_eval_batches_per_sec=9.1748 test_eval_targets_per_sec=17498.8005 run_best_mrr20=0.360700 run_best_hr10=0.559800 run_test_mrr20=0.360200 run_test_hr10=0.544400

[9/10] MAX_ITEM_LIST_LENGTH=10, attn_dropout_prob=0.1, attribute_hidden_size=160, embedding_size=128, hidden_dropout_prob=0.1, hidden_size=128, inner_size=384, lambda_attr=0.1, learning_rate=0.000426, n_heads=1, n_layers=2, weight_decay=5e-07
[OOM_RETRY] trial=9 retry=1/5 train_batch_size 4096 -> 2048 eval_batch_size 8192 -> 4096
special metric collection skipped for one batch: CUDA out of memory. Tried to allocate 12.73 GiB. GPU 0 has a total capacity of 23.52 GiB of which 3.87 GiB is free. Including non-PyTorch memory, this process has 19.62 GiB memory in use. Of the allocated memory 15.15 GiB is allocated by PyTorch, and 4.01 GiB is reserved by PyTorch but unallocated. If reserved but unallocated memory is large try setting PYTORCH_CUDA_ALLOC_CONF=expandable_segments:True to avoid fragmentation.  See documentation for Memory Management  (https://pytorch.org/docs/stable/notes/cuda.html#environment-variables)
[OOM_RETRY] trial=9 retry=2/5 train_batch_size 2048 -> 1024 eval_batch_size 4096 -> 2048
  -> MRR@20=0.360300  best=0.360700  (early_stop@13, trial=4.4min, avg=7.5min/trial, total=1.12h, ETA=7.5min)
[TRIAL_METRICS] cur_best_mrr20=0.360300 cur_best_hr10=0.560400 cur_test_mrr20=0.358500 cur_test_hr10=0.548400 avg_epoch_time_sec=20.1086 test_eval_time_sec=1.1637 test_eval_batches_per_sec=9.4530 test_eval_targets_per_sec=18029.3575 run_best_mrr20=0.360700 run_best_hr10=0.559800 run_test_mrr20=0.360200 run_test_hr10=0.544400

[10/10] MAX_ITEM_LIST_LENGTH=30, attn_dropout_prob=0.12, attribute_hidden_size=96, embedding_size=128, hidden_dropout_prob=0.12, hidden_size=64, inner_size=256, lambda_attr=0.12, learning_rate=0.000426, n_heads=4, n_layers=2, weight_decay=5e-07
[OOM_RETRY] trial=10 retry=1/5 train_batch_size 4096 -> 2048 eval_batch_size 8192 -> 4096
special metric collection skipped for one batch: CUDA out of memory. Tried to allocate 12.73 GiB. GPU 0 has a total capacity of 23.52 GiB of which 3.88 GiB is free. Including non-PyTorch memory, this process has 19.62 GiB memory in use. Of the allocated memory 14.75 GiB is allocated by PyTorch, and 4.41 GiB is reserved by PyTorch but unallocated. If reserved but unallocated memory is large try setting PYTORCH_CUDA_ALLOC_CONF=expandable_segments:True to avoid fragmentation.  See documentation for Memory Management  (https://pytorch.org/docs/stable/notes/cuda.html#environment-variables)
[OOM_RETRY] trial=10 retry=2/5 train_batch_size 2048 -> 1024 eval_batch_size 4096 -> 2048
  -> MRR@20=0.359300  best=0.360700  (early_stop@22, trial=7.3min, avg=7.5min/trial, total=1.26h, ETA=0s)
[TRIAL_METRICS] cur_best_mrr20=0.359300 cur_best_hr10=0.557500 cur_test_mrr20=0.358900 cur_test_hr10=0.545600 avg_epoch_time_sec=19.8690 test_eval_time_sec=1.2087 test_eval_batches_per_sec=9.1008 test_eval_targets_per_sec=17357.7663 run_best_mrr20=0.360700 run_best_hr10=0.559800 run_test_mrr20=0.360200 run_test_hr10=0.544400

=================================================================
  DONE  |  FDSA x retail_rocket
  Best MRR@20 = 0.360700  |  10/10 trials OK
  Best HR@10  = 0.559800
  Test MRR@20 = 0.360200  (best-valid checkpoint)
  Test HR@10  = 0.544400  (best-valid checkpoint)
  Avg epoch time = 20.567 sec/epoch
  Final test eval = 1.199 sec | batches/s=9.175 | targets/s=17498.800
[RUN_METRICS] best_valid_mrr20=0.360700 best_valid_hr10=0.559800 test_mrr20=0.360200 test_hr10=0.544400 avg_epoch_time_sec=20.5669 test_eval_time_sec=1.1989 test_eval_batches_per_sec=9.1748 test_eval_targets_per_sec=17498.8005
  Total time: 75.3 min
  Best params:
    MAX_ITEM_LIST_LENGTH: 20
    attn_dropout_prob: 0.1
    attribute_hidden_size: 112
    embedding_size: 128
    eval_batch_size: 2048
    hidden_dropout_prob: 0.12
    hidden_size: 112
    inner_size: 384
    lambda_attr: 0
    learning_rate: 0.00042596
    n_heads: 4
    n_layers: 2
    train_batch_size: 1024
    weight_decay: 1e-06
  Results -> /workspace/FeaturedMoE/experiments/run/artifacts/results/final_experiment_addtuning/retail_rocket_FDSA_add_stage2_retail_rocket_fdsa_20260419_055307_770931_pid1747457.json
  Normal mirror -> /workspace/FeaturedMoE/experiments/run/artifacts/results/final_experiment_addtuning/normal/add_stage2_promote/ADD/retail_rocket/FDSA/retail_rocket_FDSA_add_stage2_retail_rocket_fdsa_20260419_055307_770931_pid1747457.json
  Special result -> /workspace/FeaturedMoE/experiments/run/artifacts/results/final_experiment_addtuning/special/add_stage2_promote/ADD/retail_rocket/FDSA/retail_rocket_FDSA_add_stage2_retail_rocket_fdsa_20260419_055307_770931_pid1747457_special_metrics.json
  Special log -> /workspace/FeaturedMoE/experiments/run/artifacts/logs/final_experiment_addtuning/special/add_stage2_promote/ADD/retail_rocket/FDSA/retail_rocket_FDSA_add_stage2_retail_rocket_fdsa_20260419_055307_770931_pid1747457_special_metrics.json
=================================================================

[RUN_STATUS] END status=normal pid=1747457 start=2026-04-19T05:53:04 end=2026-04-19T07:08:28
