# job_id=S1_BEAUTY_FDSA dataset=beauty model=fdsa stage=stage1
# cmd=/venv/FMoE/bin/python hyperopt_tune.py --config-name tune_ab --search-algo tpe --max-evals 48 --tune-epochs 100 --tune-patience 10 --seed 610004 --run-group final_experiment --run-axis stage1_broad_search --run-phase S1_BEAUTY_FDSA model=fdsa dataset=beauty eval_mode=session_fixed feature_mode=full_v4 ++eval_sampling.mode=full ++eval_sampling.auto_full_threshold=999999999 ++special_logging=true ++exclude_unseen_target_from_main_eval=true ++log_unseen_target_metrics=true gpu_id=3 log_wandb=false show_progress=false ++seed=610004 ++search.learning_rate=[0.00036513,0.00047747,0.00062437,0.00081646,0.00106765,0.00139613,0.00182566] ++search_space_type_overrides.learning_rate=choice ++search.weight_decay=[5e-05,0.0001,0.000102,0.000108,0.000156] ++search_space_type_overrides.weight_decay=choice ++search.MAX_ITEM_LIST_LENGTH=[10,20,30] ++search_space_type_overrides.MAX_ITEM_LIST_LENGTH=choice ++search.hidden_size=[96,128,160,192,224] ++search_space_type_overrides.hidden_size=choice ++search.embedding_size=[96,128,160,192,224] ++search_space_type_overrides.embedding_size=choice ++search.n_layers=[1,2,3,4] ++search_space_type_overrides.n_layers=choice ++search.n_heads=[1,2,4,8] ++search_space_type_overrides.n_heads=choice ++search.hidden_dropout_prob=[0.05,0.1,0.12,0.15,0.2] ++search_space_type_overrides.hidden_dropout_prob=choice ++search.attn_dropout_prob=[0.05,0.08,0.1,0.12,0.15] ++search_space_type_overrides.attn_dropout_prob=choice ++search.attribute_hidden_size=[96,128,160,192,224] ++search_space_type_overrides.attribute_hidden_size=choice ++search.lambda_attr=[0.15,0.16,0.17,0.18,0.2] ++search_space_type_overrides.lambda_attr=choice ++search.inner_size=[320] ++search_space_type_overrides.inner_size=choice ++search.dropout_ratio=[0.12] ++search_space_type_overrides.dropout_ratio=choice ++search.selected_features=[["category"]] ++search_space_type_overrides.selected_features=choice ++search.pooling_mode=["mean"] ++search_space_type_overrides.pooling_mode=choice

/venv/FMoE/lib/python3.10/site-packages/ray/_private/parameter.py:4: UserWarning: pkg_resources is deprecated as an API. See https://setuptools.pypa.io/en/latest/pkg_resources.html. The pkg_resources package is slated for removal as early as 2025-11-30. Refrain from using this package or pin to Setuptools<81.
  import pkg_resources
[RUN_STATUS] START pid=511953 ts=2026-04-17T15:47:01
[UniqueChoice] enabled: dedupe/remap duplicates across 26250000 finite combos

=================================================================
  Hyperopt  |  FDSA x beauty
  max_evals=48  epochs=100  patience=10  wandb=off
  search_algo=tpe
  batch_size(train/valid/test)=4096/8192/8192
  track=final_experiment  axis=stage1_broad_search  phase=S1_BEAUTY_FDSA
=================================================================
Changed knobs: MAX_ITEM_LIST_LENGTH, attn_dropout_prob, attribute_hidden_size, embedding_size, hidden_dropout_prob, hidden_size, lambda_attr, learning_rate, n_heads, n_layers, weight_decay
Tuned params(len>1): 11  (~26250000 discrete combos)
Tuned groups: 11
  [optimization]
    hidden_dropout_prob             [0.05, 0.1, 0.12, 0.15, 0.2]              -> choice
    learning_rate                   [0.00036513, 0.00047747, 0.00062437, 0.00081646, 0.00106765, 0.00139613, 0.00182566]  -> choice
    weight_decay                    [5e-05, 0.0001, 0.000102, 0.000108, 0.000156]  -> choice
  [model_core]
    attn_dropout_prob               [0.05, 0.08, 0.1, 0.12, 0.15]             -> choice
    embedding_size                  [96, 128, 160, 192, 224]                  -> choice
    hidden_size                     [96, 128, 160, 192, 224]                  -> choice
  [other]
    MAX_ITEM_LIST_LENGTH            [10, 20, 30]                              -> choice
    attribute_hidden_size           [96, 128, 160, 192, 224]                  -> choice
    lambda_attr                     [0.15, 0.16, 0.17, 0.18, 0.2]             -> choice
    n_heads                         [1, 2, 4, 8]                              -> choice
    n_layers                        [1, 2, 3, 4]                              -> choice
Fixed params(singleton/non-list): 4
Fixed groups: 4
  [model_core]
    dropout_ratio                   0.12                                    
    inner_size                      320                                     
  [other]
    pooling_mode                    mean                                    
    selected_features               ['category']                            

[Wandb] disabled for this hyperopt run

[1/48] MAX_ITEM_LIST_LENGTH=30, attn_dropout_prob=0.1, attribute_hidden_size=160, embedding_size=128, hidden_dropout_prob=0.15, hidden_size=128, lambda_attr=0.2, learning_rate=0.0006244, n_heads=8, n_layers=1, weight_decay=0.000108
  -> MRR@20=0.098600  best=0.098600  (early_stop@54, trial=37s, avg=40s/trial, total=40s, ETA=31.5min)
[TRIAL_METRICS] cur_best_mrr20=0.098600 cur_best_hr10=0.138600 cur_test_mrr20=0.072200 cur_test_hr10=0.111700 run_best_mrr20=0.098600 run_best_hr10=0.138600 run_test_mrr20=0.072200 run_test_hr10=0.111700

[2/48] MAX_ITEM_LIST_LENGTH=30, attn_dropout_prob=0.15, attribute_hidden_size=160, embedding_size=96, hidden_dropout_prob=0.05, hidden_size=224, lambda_attr=0.16, learning_rate=0.001068, n_heads=8, n_layers=1, weight_decay=0.0001
  -> MRR@20=0.091500  best=0.098600  (early_stop@21, trial=17s, avg=29s/trial, total=58s, ETA=22.1min)
[TRIAL_METRICS] cur_best_mrr20=0.091500 cur_best_hr10=0.146600 cur_test_mrr20=0.077100 cur_test_hr10=0.117500 run_best_mrr20=0.098600 run_best_hr10=0.138600 run_test_mrr20=0.072200 run_test_hr10=0.111700

[3/48] MAX_ITEM_LIST_LENGTH=10, attn_dropout_prob=0.15, attribute_hidden_size=96, embedding_size=96, hidden_dropout_prob=0.1, hidden_size=192, lambda_attr=0.2, learning_rate=0.0006244, n_heads=1, n_layers=1, weight_decay=5e-05
  -> MRR@20=0.093400  best=0.098600  (early_stop@31, trial=17s, avg=25s/trial, total=1.3min, ETA=19.1min)
[TRIAL_METRICS] cur_best_mrr20=0.093400 cur_best_hr10=0.142600 cur_test_mrr20=0.076800 cur_test_hr10=0.120300 run_best_mrr20=0.098600 run_best_hr10=0.138600 run_test_mrr20=0.072200 run_test_hr10=0.111700

[4/48] MAX_ITEM_LIST_LENGTH=10, attn_dropout_prob=0.05, attribute_hidden_size=160, embedding_size=160, hidden_dropout_prob=0.2, hidden_size=160, lambda_attr=0.16, learning_rate=0.0003651, n_heads=8, n_layers=2, weight_decay=0.000108
  -> MRR@20=0.094700  best=0.098600  (early_stop@46, trial=35s, avg=28s/trial, total=1.9min, ETA=20.5min)
[TRIAL_METRICS] cur_best_mrr20=0.094700 cur_best_hr10=0.134500 cur_test_mrr20=0.076500 cur_test_hr10=0.123200 run_best_mrr20=0.098600 run_best_hr10=0.138600 run_test_mrr20=0.072200 run_test_hr10=0.111700

[5/48] MAX_ITEM_LIST_LENGTH=20, attn_dropout_prob=0.15, attribute_hidden_size=192, embedding_size=160, hidden_dropout_prob=0.15, hidden_size=192, lambda_attr=0.18, learning_rate=0.0003651, n_heads=4, n_layers=2, weight_decay=0.000108
  -> MRR@20=0.098100  best=0.098600  (early_stop@44, trial=1.2min, avg=37s/trial, total=3.1min, ETA=26.9min)
[TRIAL_METRICS] cur_best_mrr20=0.098100 cur_best_hr10=0.142600 cur_test_mrr20=0.076600 cur_test_hr10=0.117500 run_best_mrr20=0.098600 run_best_hr10=0.138600 run_test_mrr20=0.072200 run_test_hr10=0.111700

[6/48] MAX_ITEM_LIST_LENGTH=20, attn_dropout_prob=0.05, attribute_hidden_size=192, embedding_size=160, hidden_dropout_prob=0.12, hidden_size=192, lambda_attr=0.15, learning_rate=0.001396, n_heads=8, n_layers=3, weight_decay=0.0001
  -> MRR@20=0.101100  best=0.101100  (early_stop@27, trial=48s, avg=39s/trial, total=3.9min, ETA=27.6min)
[TRIAL_METRICS] cur_best_mrr20=0.101100 cur_best_hr10=0.148600 cur_test_mrr20=0.076700 cur_test_hr10=0.117500 run_best_mrr20=0.101100 run_best_hr10=0.148600 run_test_mrr20=0.076700 run_test_hr10=0.117500

[7/48] MAX_ITEM_LIST_LENGTH=20, attn_dropout_prob=0.12, attribute_hidden_size=96, embedding_size=128, hidden_dropout_prob=0.15, hidden_size=96, lambda_attr=0.17, learning_rate=0.001396, n_heads=8, n_layers=4, weight_decay=0.000108
  -> MRR@20=0.091200  best=0.101100  (early_stop@38, trial=1.2min, avg=44s/trial, total=5.1min, ETA=30.0min)
[TRIAL_METRICS] cur_best_mrr20=0.091200 cur_best_hr10=0.148600 cur_test_mrr20=0.074300 cur_test_hr10=0.117500 run_best_mrr20=0.101100 run_best_hr10=0.148600 run_test_mrr20=0.076700 run_test_hr10=0.117500

[8/48] MAX_ITEM_LIST_LENGTH=10, attn_dropout_prob=0.05, attribute_hidden_size=160, embedding_size=160, hidden_dropout_prob=0.15, hidden_size=192, lambda_attr=0.18, learning_rate=0.0004775, n_heads=4, n_layers=2, weight_decay=0.000156
  -> MRR@20=0.092800  best=0.101100  (early_stop@38, trial=46s, avg=44s/trial, total=5.9min, ETA=29.5min)
[TRIAL_METRICS] cur_best_mrr20=0.092800 cur_best_hr10=0.146600 cur_test_mrr20=0.075900 cur_test_hr10=0.126100 run_best_mrr20=0.101100 run_best_hr10=0.148600 run_test_mrr20=0.076700 run_test_hr10=0.117500

[9/48] MAX_ITEM_LIST_LENGTH=10, attn_dropout_prob=0.08, attribute_hidden_size=96, embedding_size=224, hidden_dropout_prob=0.1, hidden_size=160, lambda_attr=0.18, learning_rate=0.001396, n_heads=8, n_layers=3, weight_decay=5e-05
  -> MRR@20=0.094900  best=0.101100  (early_stop@24, trial=33s, avg=43s/trial, total=6.5min, ETA=28.0min)
[TRIAL_METRICS] cur_best_mrr20=0.094900 cur_best_hr10=0.132500 cur_test_mrr20=0.075800 cur_test_hr10=0.128900 run_best_mrr20=0.101100 run_best_hr10=0.148600 run_test_mrr20=0.076700 run_test_hr10=0.117500

[10/48] MAX_ITEM_LIST_LENGTH=30, attn_dropout_prob=0.15, attribute_hidden_size=192, embedding_size=192, hidden_dropout_prob=0.12, hidden_size=128, lambda_attr=0.17, learning_rate=0.0003651, n_heads=8, n_layers=3, weight_decay=5e-05
  -> MRR@20=0.097100  best=0.101100  (early_stop@69, trial=2.3min, avg=53s/trial, total=8.8min, ETA=33.4min)
[TRIAL_METRICS] cur_best_mrr20=0.097100 cur_best_hr10=0.138600 cur_test_mrr20=0.077700 cur_test_hr10=0.126100 run_best_mrr20=0.101100 run_best_hr10=0.148600 run_test_mrr20=0.076700 run_test_hr10=0.117500

[11/48] MAX_ITEM_LIST_LENGTH=10, attn_dropout_prob=0.15, attribute_hidden_size=96, embedding_size=128, hidden_dropout_prob=0.12, hidden_size=96, lambda_attr=0.2, learning_rate=0.0003651, n_heads=2, n_layers=2, weight_decay=0.000102
  -> MRR@20=0.063000  best=0.101100  (early_stop@73, trial=1.3min, avg=55s/trial, total=10.1min, ETA=33.9min)
[TRIAL_METRICS] cur_best_mrr20=0.063000 cur_best_hr10=0.132500 cur_test_mrr20=0.075700 cur_test_hr10=0.123200 run_best_mrr20=0.101100 run_best_hr10=0.148600 run_test_mrr20=0.076700 run_test_hr10=0.117500

[12/48] MAX_ITEM_LIST_LENGTH=30, attn_dropout_prob=0.1, attribute_hidden_size=224, embedding_size=128, hidden_dropout_prob=0.05, hidden_size=96, lambda_attr=0.17, learning_rate=0.001396, n_heads=4, n_layers=1, weight_decay=0.000156
  -> MRR@20=0.092300  best=0.101100  (early_stop@39, trial=35s, avg=53s/trial, total=10.7min, ETA=32.1min)
[TRIAL_METRICS] cur_best_mrr20=0.092300 cur_best_hr10=0.126500 cur_test_mrr20=0.071500 cur_test_hr10=0.111700 run_best_mrr20=0.101100 run_best_hr10=0.148600 run_test_mrr20=0.076700 run_test_hr10=0.117500

[13/48] MAX_ITEM_LIST_LENGTH=10, attn_dropout_prob=0.1, attribute_hidden_size=224, embedding_size=96, hidden_dropout_prob=0.12, hidden_size=96, lambda_attr=0.2, learning_rate=0.0006244, n_heads=8, n_layers=4, weight_decay=0.0001
  -> MRR@20=0.092400  best=0.101100  (early_stop@74, trial=2.2min, avg=60s/trial, total=12.9min, ETA=34.7min)
[TRIAL_METRICS] cur_best_mrr20=0.092400 cur_best_hr10=0.126500 cur_test_mrr20=0.079600 cur_test_hr10=0.111700 run_best_mrr20=0.101100 run_best_hr10=0.148600 run_test_mrr20=0.076700 run_test_hr10=0.117500

[14/48] MAX_ITEM_LIST_LENGTH=20, attn_dropout_prob=0.15, attribute_hidden_size=160, embedding_size=160, hidden_dropout_prob=0.2, hidden_size=160, lambda_attr=0.2, learning_rate=0.0003651, n_heads=2, n_layers=3, weight_decay=5e-05
  -> MRR@20=0.094600  best=0.101100  (early_stop@52, trial=1.6min, avg=1.0min/trial, total=14.5min, ETA=35.2min)
[TRIAL_METRICS] cur_best_mrr20=0.094600 cur_best_hr10=0.136500 cur_test_mrr20=0.084000 cur_test_hr10=0.134700 run_best_mrr20=0.101100 run_best_hr10=0.148600 run_test_mrr20=0.076700 run_test_hr10=0.117500

[15/48] MAX_ITEM_LIST_LENGTH=30, attn_dropout_prob=0.08, attribute_hidden_size=160, embedding_size=128, hidden_dropout_prob=0.05, hidden_size=96, lambda_attr=0.15, learning_rate=0.001826, n_heads=1, n_layers=1, weight_decay=0.000108
  -> MRR@20=0.094300  best=0.101100  (early_stop@33, trial=27s, avg=60s/trial, total=15.0min, ETA=32.9min)
[TRIAL_METRICS] cur_best_mrr20=0.094300 cur_best_hr10=0.138600 cur_test_mrr20=0.070400 cur_test_hr10=0.111700 run_best_mrr20=0.101100 run_best_hr10=0.148600 run_test_mrr20=0.076700 run_test_hr10=0.117500

[16/48] MAX_ITEM_LIST_LENGTH=30, attn_dropout_prob=0.05, attribute_hidden_size=96, embedding_size=160, hidden_dropout_prob=0.1, hidden_size=128, lambda_attr=0.18, learning_rate=0.0003651, n_heads=1, n_layers=2, weight_decay=0.000102
  -> MRR@20=0.095500  best=0.101100  (early_stop@56, trial=1.2min, avg=1.0min/trial, total=16.2min, ETA=32.3min)
[TRIAL_METRICS] cur_best_mrr20=0.095500 cur_best_hr10=0.136500 cur_test_mrr20=0.076300 cur_test_hr10=0.128900 run_best_mrr20=0.101100 run_best_hr10=0.148600 run_test_mrr20=0.076700 run_test_hr10=0.117500

[17/48] MAX_ITEM_LIST_LENGTH=10, attn_dropout_prob=0.1, attribute_hidden_size=192, embedding_size=128, hidden_dropout_prob=0.2, hidden_size=224, lambda_attr=0.2, learning_rate=0.0004775, n_heads=4, n_layers=2, weight_decay=0.000108
  -> MRR@20=0.099200  best=0.101100  (early_stop@40, trial=47s, avg=60s/trial, total=17.0min, ETA=31.0min)
[TRIAL_METRICS] cur_best_mrr20=0.099200 cur_best_hr10=0.158600 cur_test_mrr20=0.083300 cur_test_hr10=0.126100 run_best_mrr20=0.101100 run_best_hr10=0.148600 run_test_mrr20=0.076700 run_test_hr10=0.117500

[18/48] MAX_ITEM_LIST_LENGTH=30, attn_dropout_prob=0.15, attribute_hidden_size=160, embedding_size=160, hidden_dropout_prob=0.12, hidden_size=160, lambda_attr=0.17, learning_rate=0.0003651, n_heads=2, n_layers=3, weight_decay=5e-05
  -> MRR@20=0.096200  best=0.101100  (early_stop@66, trial=2.1min, avg=1.1min/trial, total=19.1min, ETA=31.9min)
[TRIAL_METRICS] cur_best_mrr20=0.096200 cur_best_hr10=0.140600 cur_test_mrr20=0.078400 cur_test_hr10=0.134700 run_best_mrr20=0.101100 run_best_hr10=0.148600 run_test_mrr20=0.076700 run_test_hr10=0.117500

[19/48] MAX_ITEM_LIST_LENGTH=20, attn_dropout_prob=0.08, attribute_hidden_size=96, embedding_size=224, hidden_dropout_prob=0.12, hidden_size=128, lambda_attr=0.15, learning_rate=0.001068, n_heads=4, n_layers=1, weight_decay=5e-05
  -> MRR@20=0.095900  best=0.101100  (early_stop@25, trial=20s, avg=1.0min/trial, total=19.5min, ETA=29.7min)
[TRIAL_METRICS] cur_best_mrr20=0.095900 cur_best_hr10=0.154600 cur_test_mrr20=0.073500 cur_test_hr10=0.106000 run_best_mrr20=0.101100 run_best_hr10=0.148600 run_test_mrr20=0.076700 run_test_hr10=0.117500

[20/48] MAX_ITEM_LIST_LENGTH=30, attn_dropout_prob=0.1, attribute_hidden_size=224, embedding_size=192, hidden_dropout_prob=0.2, hidden_size=160, lambda_attr=0.17, learning_rate=0.0003651, n_heads=4, n_layers=4, weight_decay=5e-05
  -> MRR@20=0.095300  best=0.101100  (early_stop@63, trial=2.6min, avg=1.1min/trial, total=22.1min, ETA=30.9min)
[TRIAL_METRICS] cur_best_mrr20=0.095300 cur_best_hr10=0.136500 cur_test_mrr20=0.087900 cur_test_hr10=0.131800 run_best_mrr20=0.101100 run_best_hr10=0.148600 run_test_mrr20=0.076700 run_test_hr10=0.117500

[21/48] MAX_ITEM_LIST_LENGTH=20, attn_dropout_prob=0.05, attribute_hidden_size=192, embedding_size=224, hidden_dropout_prob=0.2, hidden_size=224, lambda_attr=0.15, learning_rate=0.0004775, n_heads=4, n_layers=3, weight_decay=0.0001
  -> MRR@20=0.093600  best=0.101100  (early_stop@49, trial=1.5min, avg=1.1min/trial, total=23.6min, ETA=30.3min)
[TRIAL_METRICS] cur_best_mrr20=0.093600 cur_best_hr10=0.142600 cur_test_mrr20=0.079500 cur_test_hr10=0.134700 run_best_mrr20=0.101100 run_best_hr10=0.148600 run_test_mrr20=0.076700 run_test_hr10=0.117500

[22/48] MAX_ITEM_LIST_LENGTH=20, attn_dropout_prob=0.12, attribute_hidden_size=128, embedding_size=128, hidden_dropout_prob=0.2, hidden_size=224, lambda_attr=0.15, learning_rate=0.0004775, n_heads=4, n_layers=2, weight_decay=0.0001
  -> MRR@20=0.099400  best=0.101100  (early_stop@33, trial=46s, avg=1.1min/trial, total=24.4min, ETA=28.8min)
[TRIAL_METRICS] cur_best_mrr20=0.099400 cur_best_hr10=0.142600 cur_test_mrr20=0.075100 cur_test_hr10=0.111700 run_best_mrr20=0.101100 run_best_hr10=0.148600 run_test_mrr20=0.076700 run_test_hr10=0.117500

[23/48] MAX_ITEM_LIST_LENGTH=20, attn_dropout_prob=0.12, attribute_hidden_size=128, embedding_size=192, hidden_dropout_prob=0.12, hidden_size=224, lambda_attr=0.15, learning_rate=0.0008165, n_heads=2, n_layers=3, weight_decay=0.0001
  -> MRR@20=0.096400  best=0.101100  (early_stop@26, trial=47s, avg=1.1min/trial, total=25.2min, ETA=27.4min)
[TRIAL_METRICS] cur_best_mrr20=0.096400 cur_best_hr10=0.138600 cur_test_mrr20=0.077400 cur_test_hr10=0.123200 run_best_mrr20=0.101100 run_best_hr10=0.148600 run_test_mrr20=0.076700 run_test_hr10=0.117500

[24/48] MAX_ITEM_LIST_LENGTH=20, attn_dropout_prob=0.12, attribute_hidden_size=128, embedding_size=160, hidden_dropout_prob=0.2, hidden_size=192, lambda_attr=0.15, learning_rate=0.0004775, n_heads=4, n_layers=3, weight_decay=0.0001
  -> MRR@20=0.102700  best=0.102700  (early_stop@53, trial=1.6min, avg=1.1min/trial, total=26.7min, ETA=26.7min)
[TRIAL_METRICS] cur_best_mrr20=0.102700 cur_best_hr10=0.152600 cur_test_mrr20=0.076500 cur_test_hr10=0.114600 run_best_mrr20=0.102700 run_best_hr10=0.152600 run_test_mrr20=0.076500 run_test_hr10=0.114600

[25/48] MAX_ITEM_LIST_LENGTH=20, attn_dropout_prob=0.12, attribute_hidden_size=128, embedding_size=160, hidden_dropout_prob=0.12, hidden_size=192, lambda_attr=0.15, learning_rate=0.001826, n_heads=1, n_layers=3, weight_decay=0.0001
  -> MRR@20=0.100700  best=0.102700  (early_stop@23, trial=38s, avg=1.1min/trial, total=27.4min, ETA=25.2min)
[TRIAL_METRICS] cur_best_mrr20=0.100700 cur_best_hr10=0.146600 cur_test_mrr20=0.077500 cur_test_hr10=0.111700 run_best_mrr20=0.102700 run_best_hr10=0.152600 run_test_mrr20=0.076500 run_test_hr10=0.114600

[26/48] MAX_ITEM_LIST_LENGTH=20, attn_dropout_prob=0.12, attribute_hidden_size=128, embedding_size=160, hidden_dropout_prob=0.2, hidden_size=192, lambda_attr=0.15, learning_rate=0.0008165, n_heads=8, n_layers=3, weight_decay=0.0001
  -> MRR@20=0.106100  best=0.106100  (early_stop@35, trial=1.1min, avg=1.1min/trial, total=28.5min, ETA=24.1min)
[TRIAL_METRICS] cur_best_mrr20=0.106100 cur_best_hr10=0.154600 cur_test_mrr20=0.078000 cur_test_hr10=0.111700 run_best_mrr20=0.106100 run_best_hr10=0.154600 run_test_mrr20=0.078000 run_test_hr10=0.111700

[27/48] MAX_ITEM_LIST_LENGTH=20, attn_dropout_prob=0.12, attribute_hidden_size=128, embedding_size=160, hidden_dropout_prob=0.2, hidden_size=192, lambda_attr=0.15, learning_rate=0.0008165, n_heads=4, n_layers=3, weight_decay=0.0001
  -> MRR@20=0.101800  best=0.106100  (early_stop@35, trial=1.1min, avg=1.1min/trial, total=29.5min, ETA=23.0min)
[TRIAL_METRICS] cur_best_mrr20=0.101800 cur_best_hr10=0.154600 cur_test_mrr20=0.076100 cur_test_hr10=0.123200 run_best_mrr20=0.106100 run_best_hr10=0.154600 run_test_mrr20=0.078000 run_test_hr10=0.111700
[UniqueChoice] remap duplicate suggestion -> {'MAX_ITEM_LIST_LENGTH': 10, 'attn_dropout_prob': 0.05, 'attribute_hidden_size': 96, 'embedding_size': 96, 'hidden_dropout_prob': 0.05, 'hidden_size': 96, 'lambda_attr': 0.15, 'learning_rate': 0.00036513, 'n_heads': 1, 'n_layers': 1, 'weight_decay': 5e-05}

[28/48] MAX_ITEM_LIST_LENGTH=10, attn_dropout_prob=0.05, attribute_hidden_size=96, embedding_size=96, hidden_dropout_prob=0.05, hidden_size=96, lambda_attr=0.15, learning_rate=0.0003651, n_heads=1, n_layers=1, weight_decay=5e-05
  -> MRR@20=0.096200  best=0.106100  (early_stop@51, trial=41s, avg=1.1min/trial, total=30.2min, ETA=21.6min)
[TRIAL_METRICS] cur_best_mrr20=0.096200 cur_best_hr10=0.146600 cur_test_mrr20=0.071300 cur_test_hr10=0.117500 run_best_mrr20=0.106100 run_best_hr10=0.154600 run_test_mrr20=0.078000 run_test_hr10=0.111700

[29/48] MAX_ITEM_LIST_LENGTH=20, attn_dropout_prob=0.12, attribute_hidden_size=128, embedding_size=160, hidden_dropout_prob=0.2, hidden_size=192, lambda_attr=0.16, learning_rate=0.0008165, n_heads=8, n_layers=3, weight_decay=0.000156
  -> MRR@20=0.106200  best=0.106200  (early_stop@35, trial=1.4min, avg=1.1min/trial, total=31.7min, ETA=20.7min)
[TRIAL_METRICS] cur_best_mrr20=0.106200 cur_best_hr10=0.156600 cur_test_mrr20=0.078300 cur_test_hr10=0.111700 run_best_mrr20=0.106200 run_best_hr10=0.156600 run_test_mrr20=0.078300 run_test_hr10=0.111700

[30/48] MAX_ITEM_LIST_LENGTH=20, attn_dropout_prob=0.12, attribute_hidden_size=128, embedding_size=96, hidden_dropout_prob=0.2, hidden_size=192, lambda_attr=0.16, learning_rate=0.0008165, n_heads=8, n_layers=3, weight_decay=0.000156
  -> MRR@20=0.106200  best=0.106200  (early_stop@35, trial=1.0min, avg=1.1min/trial, total=32.7min, ETA=19.6min)
[TRIAL_METRICS] cur_best_mrr20=0.106200 cur_best_hr10=0.156600 cur_test_mrr20=0.078300 cur_test_hr10=0.111700 run_best_mrr20=0.106200 run_best_hr10=0.156600 run_test_mrr20=0.078300 run_test_hr10=0.111700

[31/48] MAX_ITEM_LIST_LENGTH=20, attn_dropout_prob=0.12, attribute_hidden_size=128, embedding_size=96, hidden_dropout_prob=0.05, hidden_size=192, lambda_attr=0.16, learning_rate=0.0008165, n_heads=8, n_layers=4, weight_decay=0.000156
  -> MRR@20=0.101800  best=0.106200  (early_stop@24, trial=49s, avg=1.1min/trial, total=33.6min, ETA=18.4min)
[TRIAL_METRICS] cur_best_mrr20=0.101800 cur_best_hr10=0.146600 cur_test_mrr20=0.073300 cur_test_hr10=0.120300 run_best_mrr20=0.106200 run_best_hr10=0.156600 run_test_mrr20=0.078300 run_test_hr10=0.111700
[UniqueChoice] remap duplicate suggestion -> {'MAX_ITEM_LIST_LENGTH': 10, 'attn_dropout_prob': 0.05, 'attribute_hidden_size': 96, 'embedding_size': 96, 'hidden_dropout_prob': 0.05, 'hidden_size': 96, 'lambda_attr': 0.15, 'learning_rate': 0.00036513, 'n_heads': 1, 'n_layers': 1, 'weight_decay': 0.0001}

[32/48] MAX_ITEM_LIST_LENGTH=10, attn_dropout_prob=0.05, attribute_hidden_size=96, embedding_size=96, hidden_dropout_prob=0.05, hidden_size=96, lambda_attr=0.15, learning_rate=0.0003651, n_heads=1, n_layers=1, weight_decay=0.0001
  -> MRR@20=0.096600  best=0.106200  (early_stop@51, trial=41s, avg=1.1min/trial, total=34.2min, ETA=17.1min)
[TRIAL_METRICS] cur_best_mrr20=0.096600 cur_best_hr10=0.144600 cur_test_mrr20=0.071400 cur_test_hr10=0.117500 run_best_mrr20=0.106200 run_best_hr10=0.156600 run_test_mrr20=0.078300 run_test_hr10=0.111700

[33/48] MAX_ITEM_LIST_LENGTH=20, attn_dropout_prob=0.12, attribute_hidden_size=128, embedding_size=96, hidden_dropout_prob=0.1, hidden_size=192, lambda_attr=0.16, learning_rate=0.001068, n_heads=8, n_layers=3, weight_decay=0.000156
  -> MRR@20=0.102000  best=0.106200  (early_stop@29, trial=52s, avg=1.1min/trial, total=35.1min, ETA=16.0min)
[TRIAL_METRICS] cur_best_mrr20=0.102000 cur_best_hr10=0.152600 cur_test_mrr20=0.078300 cur_test_hr10=0.123200 run_best_mrr20=0.106200 run_best_hr10=0.156600 run_test_mrr20=0.078300 run_test_hr10=0.111700

[34/48] MAX_ITEM_LIST_LENGTH=20, attn_dropout_prob=0.12, attribute_hidden_size=128, embedding_size=96, hidden_dropout_prob=0.15, hidden_size=128, lambda_attr=0.16, learning_rate=0.0008165, n_heads=8, n_layers=1, weight_decay=0.000156
  -> MRR@20=0.098300  best=0.106200  (early_stop@44, trial=37s, avg=1.1min/trial, total=35.7min, ETA=14.7min)
[TRIAL_METRICS] cur_best_mrr20=0.098300 cur_best_hr10=0.146600 cur_test_mrr20=0.077200 cur_test_hr10=0.114600 run_best_mrr20=0.106200 run_best_hr10=0.156600 run_test_mrr20=0.078300 run_test_hr10=0.111700

[35/48] MAX_ITEM_LIST_LENGTH=20, attn_dropout_prob=0.08, attribute_hidden_size=128, embedding_size=96, hidden_dropout_prob=0.2, hidden_size=192, lambda_attr=0.16, learning_rate=0.0006244, n_heads=8, n_layers=3, weight_decay=0.000156
  -> MRR@20=0.104200  best=0.106200  (early_stop@42, trial=1.3min, avg=1.1min/trial, total=37.0min, ETA=13.8min)
[TRIAL_METRICS] cur_best_mrr20=0.104200 cur_best_hr10=0.160600 cur_test_mrr20=0.077500 cur_test_hr10=0.111700 run_best_mrr20=0.106200 run_best_hr10=0.156600 run_test_mrr20=0.078300 run_test_hr10=0.111700

[36/48] MAX_ITEM_LIST_LENGTH=20, attn_dropout_prob=0.12, attribute_hidden_size=224, embedding_size=96, hidden_dropout_prob=0.2, hidden_size=192, lambda_attr=0.16, learning_rate=0.0008165, n_heads=1, n_layers=4, weight_decay=0.000156
  -> MRR@20=0.103200  best=0.106200  (early_stop@30, trial=57s, avg=1.1min/trial, total=38.0min, ETA=12.7min)
[TRIAL_METRICS] cur_best_mrr20=0.103200 cur_best_hr10=0.156600 cur_test_mrr20=0.078200 cur_test_hr10=0.123200 run_best_mrr20=0.106200 run_best_hr10=0.156600 run_test_mrr20=0.078300 run_test_hr10=0.111700

[37/48] MAX_ITEM_LIST_LENGTH=20, attn_dropout_prob=0.12, attribute_hidden_size=128, embedding_size=192, hidden_dropout_prob=0.05, hidden_size=192, lambda_attr=0.16, learning_rate=0.0008165, n_heads=8, n_layers=3, weight_decay=0.000156
  -> MRR@20=0.101600  best=0.106200  (early_stop@28, trial=49s, avg=1.0min/trial, total=38.8min, ETA=11.5min)
[TRIAL_METRICS] cur_best_mrr20=0.101600 cur_best_hr10=0.144600 cur_test_mrr20=0.077900 cur_test_hr10=0.120300 run_best_mrr20=0.106200 run_best_hr10=0.156600 run_test_mrr20=0.078300 run_test_hr10=0.111700

[38/48] MAX_ITEM_LIST_LENGTH=10, attn_dropout_prob=0.05, attribute_hidden_size=128, embedding_size=224, hidden_dropout_prob=0.15, hidden_size=192, lambda_attr=0.16, learning_rate=0.001826, n_heads=8, n_layers=1, weight_decay=0.000102
  -> MRR@20=0.096200  best=0.106200  (early_stop@21, trial=16s, avg=1.0min/trial, total=39.1min, ETA=10.3min)
[TRIAL_METRICS] cur_best_mrr20=0.096200 cur_best_hr10=0.150600 cur_test_mrr20=0.077700 cur_test_hr10=0.128900 run_best_mrr20=0.106200 run_best_hr10=0.156600 run_test_mrr20=0.078300 run_test_hr10=0.111700

[39/48] MAX_ITEM_LIST_LENGTH=20, attn_dropout_prob=0.08, attribute_hidden_size=192, embedding_size=96, hidden_dropout_prob=0.1, hidden_size=128, lambda_attr=0.16, learning_rate=0.001068, n_heads=8, n_layers=3, weight_decay=0.000156
  -> MRR@20=0.099200  best=0.106200  (early_stop@32, trial=50s, avg=1.0min/trial, total=39.9min, ETA=9.2min)
[TRIAL_METRICS] cur_best_mrr20=0.099200 cur_best_hr10=0.146600 cur_test_mrr20=0.083000 cur_test_hr10=0.134700 run_best_mrr20=0.106200 run_best_hr10=0.156600 run_test_mrr20=0.078300 run_test_hr10=0.111700

[40/48] MAX_ITEM_LIST_LENGTH=10, attn_dropout_prob=0.12, attribute_hidden_size=224, embedding_size=96, hidden_dropout_prob=0.2, hidden_size=192, lambda_attr=0.16, learning_rate=0.0006244, n_heads=2, n_layers=4, weight_decay=0.000156
  -> MRR@20=0.098700  best=0.106200  (early_stop@37, trial=1.1min, avg=1.0min/trial, total=41.0min, ETA=8.2min)
[TRIAL_METRICS] cur_best_mrr20=0.098700 cur_best_hr10=0.152600 cur_test_mrr20=0.078900 cur_test_hr10=0.123200 run_best_mrr20=0.106200 run_best_hr10=0.156600 run_test_mrr20=0.078300 run_test_hr10=0.111700

[41/48] MAX_ITEM_LIST_LENGTH=20, attn_dropout_prob=0.1, attribute_hidden_size=160, embedding_size=224, hidden_dropout_prob=0.15, hidden_size=160, lambda_attr=0.18, learning_rate=0.0008165, n_heads=8, n_layers=3, weight_decay=0.000156
  -> MRR@20=0.093900  best=0.106200  (early_stop@35, trial=59s, avg=1.0min/trial, total=42.0min, ETA=7.2min)
[TRIAL_METRICS] cur_best_mrr20=0.093900 cur_best_hr10=0.142600 cur_test_mrr20=0.082100 cur_test_hr10=0.128900 run_best_mrr20=0.106200 run_best_hr10=0.156600 run_test_mrr20=0.078300 run_test_hr10=0.111700

[42/48] MAX_ITEM_LIST_LENGTH=30, attn_dropout_prob=0.15, attribute_hidden_size=128, embedding_size=192, hidden_dropout_prob=0.2, hidden_size=96, lambda_attr=0.16, learning_rate=0.001396, n_heads=8, n_layers=2, weight_decay=0.000102
  -> MRR@20=0.094200  best=0.106200  (early_stop@44, trial=1.0min, avg=1.0min/trial, total=43.1min, ETA=6.2min)
[TRIAL_METRICS] cur_best_mrr20=0.094200 cur_best_hr10=0.144600 cur_test_mrr20=0.076100 cur_test_hr10=0.111700 run_best_mrr20=0.106200 run_best_hr10=0.156600 run_test_mrr20=0.078300 run_test_hr10=0.111700

[43/48] MAX_ITEM_LIST_LENGTH=20, attn_dropout_prob=0.05, attribute_hidden_size=96, embedding_size=96, hidden_dropout_prob=0.1, hidden_size=224, lambda_attr=0.16, learning_rate=0.0008165, n_heads=1, n_layers=3, weight_decay=0.000108
  -> MRR@20=0.093500  best=0.106200  (early_stop@30, trial=50s, avg=1.0min/trial, total=43.9min, ETA=5.1min)
[TRIAL_METRICS] cur_best_mrr20=0.093500 cur_best_hr10=0.132500 cur_test_mrr20=0.077000 cur_test_hr10=0.120300 run_best_mrr20=0.106200 run_best_hr10=0.156600 run_test_mrr20=0.078300 run_test_hr10=0.111700

[44/48] MAX_ITEM_LIST_LENGTH=10, attn_dropout_prob=0.12, attribute_hidden_size=192, embedding_size=160, hidden_dropout_prob=0.05, hidden_size=192, lambda_attr=0.18, learning_rate=0.001826, n_heads=8, n_layers=1, weight_decay=0.000156
  -> MRR@20=0.095400  best=0.106200  (early_stop@21, trial=16s, avg=1.0min/trial, total=44.2min, ETA=4.0min)
[TRIAL_METRICS] cur_best_mrr20=0.095400 cur_best_hr10=0.154600 cur_test_mrr20=0.079200 cur_test_hr10=0.126100 run_best_mrr20=0.106200 run_best_hr10=0.156600 run_test_mrr20=0.078300 run_test_hr10=0.111700

[45/48] MAX_ITEM_LIST_LENGTH=30, attn_dropout_prob=0.08, attribute_hidden_size=128, embedding_size=96, hidden_dropout_prob=0.2, hidden_size=96, lambda_attr=0.2, learning_rate=0.0006244, n_heads=2, n_layers=3, weight_decay=0.000156
  -> MRR@20=0.052400  best=0.106200  (early_stop@31, trial=52s, avg=1.0min/trial, total=45.0min, ETA=3.0min)
[TRIAL_METRICS] cur_best_mrr20=0.052400 cur_best_hr10=0.092400 cur_test_mrr20=0.050800 cur_test_hr10=0.103200 run_best_mrr20=0.106200 run_best_hr10=0.156600 run_test_mrr20=0.078300 run_test_hr10=0.111700

[46/48] MAX_ITEM_LIST_LENGTH=20, attn_dropout_prob=0.1, attribute_hidden_size=160, embedding_size=128, hidden_dropout_prob=0.15, hidden_size=192, lambda_attr=0.16, learning_rate=0.001396, n_heads=8, n_layers=4, weight_decay=0.000102
  -> MRR@20=0.099800  best=0.106200  (early_stop@24, trial=49s, avg=60s/trial, total=45.9min, ETA=2.0min)
[TRIAL_METRICS] cur_best_mrr20=0.099800 cur_best_hr10=0.146600 cur_test_mrr20=0.083600 cur_test_hr10=0.117500 run_best_mrr20=0.106200 run_best_hr10=0.156600 run_test_mrr20=0.078300 run_test_hr10=0.111700

[47/48] MAX_ITEM_LIST_LENGTH=10, attn_dropout_prob=0.15, attribute_hidden_size=224, embedding_size=160, hidden_dropout_prob=0.2, hidden_size=160, lambda_attr=0.17, learning_rate=0.0008165, n_heads=1, n_layers=2, weight_decay=0.000108
  -> MRR@20=0.097000  best=0.106200  (early_stop@32, trial=33s, avg=59s/trial, total=46.4min, ETA=59s)
[TRIAL_METRICS] cur_best_mrr20=0.097000 cur_best_hr10=0.146600 cur_test_mrr20=0.082800 cur_test_hr10=0.140400 run_best_mrr20=0.106200 run_best_hr10=0.156600 run_test_mrr20=0.078300 run_test_hr10=0.111700

[48/48] MAX_ITEM_LIST_LENGTH=20, attn_dropout_prob=0.12, attribute_hidden_size=96, embedding_size=224, hidden_dropout_prob=0.1, hidden_size=128, lambda_attr=0.16, learning_rate=0.001068, n_heads=8, n_layers=3, weight_decay=0.000156
  -> MRR@20=0.098800  best=0.106200  (early_stop@32, trial=2.3min, avg=1.0min/trial, total=48.7min, ETA=0s)
[TRIAL_METRICS] cur_best_mrr20=0.098800 cur_best_hr10=0.146600 cur_test_mrr20=0.082600 cur_test_hr10=0.134700 run_best_mrr20=0.106200 run_best_hr10=0.156600 run_test_mrr20=0.078300 run_test_hr10=0.111700

=================================================================
  DONE  |  FDSA x beauty
  Best MRR@20 = 0.106200  |  48/48 trials OK
  Best HR@10  = 0.156600
  Test MRR@20 = 0.078300  (best-valid checkpoint)
  Test HR@10  = 0.111700  (best-valid checkpoint)
[RUN_METRICS] best_valid_mrr20=0.106200 best_valid_hr10=0.156600 test_mrr20=0.078300 test_hr10=0.111700
  Total time: 48.7 min
  Best params:
    MAX_ITEM_LIST_LENGTH: 20
    attn_dropout_prob: 0.12
    attribute_hidden_size: 128
    embedding_size: 160
    hidden_dropout_prob: 0.2
    hidden_size: 192
    lambda_attr: 0.16
    learning_rate: 0.00081646
    n_heads: 8
    n_layers: 3
    weight_decay: 0.000156
  Results -> /workspace/FeaturedMoE/experiments/run/artifacts/results/final_experiment/beauty_FDSA_s1_beauty_fdsa_20260417_154743_828714_pid511953.json
  Normal mirror -> /workspace/FeaturedMoE/experiments/run/artifacts/results/final_experiment/normal/stage1_broad_search/S1/beauty/FDSA/beauty_FDSA_s1_beauty_fdsa_20260417_154743_828714_pid511953.json
  Special result -> /workspace/FeaturedMoE/experiments/run/artifacts/results/final_experiment/special/stage1_broad_search/S1/beauty/FDSA/beauty_FDSA_s1_beauty_fdsa_20260417_154743_828714_pid511953_special_metrics.json
  Special log -> /workspace/FeaturedMoE/experiments/run/artifacts/logs/final_experiment/special/stage1_broad_search/S1/beauty/FDSA/beauty_FDSA_s1_beauty_fdsa_20260417_154743_828714_pid511953_special_metrics.json
=================================================================

[RUN_STATUS] END status=normal pid=511953 start=2026-04-17T15:47:01 end=2026-04-17T16:36:42
