[A12_FINAL_TUNING_STAGE1_SETTING_HEADER]
run_phase=P16A_STAGE1_MOVIELENS1M_ML_H3_BALANCED_S1 exp_brief=A12_ATTN_MICRO_BEFORE_NO_BIAS_ALL_W5 phase_id=P16A axis_id=FTA12 setting_id=ML_H3_balanced hparam_id= seed=1
desc=ML_H3_balanced
dataset=movielens1m gpu=5 order=23
max_evals= tune_epochs= tune_patience=
seed=160022

[COMMAND]
- /venv/FMoE/bin/python hyperopt_tune.py --config-name config --search-algo random --max-evals 20 --tune-epochs 35 --tune-patience 4 --seed 160022 --run-group fmoe_n3 --run-axis Final_tuning_A12 --run-phase P16A_STAGE1_MOVIELENS1M_ML_H3_BALANCED_S1 model=featured_moe_n3_tune dataset=movielens1m eval_mode=session_fixed feature_mode=full_v3 gpu_id=5 log_wandb=false enable_tf32=true fmoe_debug_logging=false fmoe_diag_logging=true fmoe_special_logging=true fmoe_feature_ablation_logging=false fmoe_eval_logging_timing=final_only ++fmoe_logging_output_root="run/artifacts/logging" ++fmoe_logging_layout="axis_dataset_arch_hparam" ++fmoe_architecture_id="A12" ++fmoe_architecture_key="A12_ATTN_MICRO_BEFORE_NO_BIAS_ALL_W5" ++fmoe_hparam_id="H3" ++fmoe_phase="P16A" train_batch_size=8192 eval_batch_size=12288 ++phase_run_type="stage1" ++phase_axis_id="FTA12" ++phase_axis_desc="final_tuning_a12" ++phase_setting_id="ML_H3_balanced" ++phase_setting_key="ML_H3_balanced" ++phase_hparam_id="H3" ++phase_seed_id=1 ++phase_run_id="STAGE1_MOVIELENS1M_ML_H3_BALANCED_S1" ++layer_layout=["attn","macro_ffn","mid_ffn","attn","micro_ffn"] ++stage_compute_mode={macro:"moe",mid:"moe",micro:"moe"} ++stage_router_mode={macro:"learned",mid:"learned",micro:"learned"} ++stage_router_source={macro:"both",mid:"both",micro:"both"} ++stage_feature_injection={macro:"none",mid:"none",micro:"none"} ++topk_scope_mode="global_flat" ++moe_top_k=0 ++balance_loss_lambda=0.0 ++z_loss_lambda=0.0002 ++gate_entropy_lambda=0.0 ++route_smoothness_lambda=0.0 ++route_consistency_lambda=0.0008 ++route_sharpness_lambda=0.0 ++route_monopoly_lambda=0.0 ++route_monopoly_tau=0.25 ++route_prior_lambda=0.0 ++group_prior_align_lambda=0.0 ++factored_group_balance_lambda=0.0 ++rule_agreement_lambda=0.0 ++group_coverage_lambda=0.0 ++feature_group_bias_lambda=0.0 ++rule_bias_scale=0.0 ++primitive_balance_lambda=0.0 ++wrapper_group_feature_align_lambda=0.0 ++stage_router_primitives={macro:{a_joint:{source:"feature",temperature:1.0,top_k:0},b_group:{source:"feature",temperature:1.0,top_k:0},c_shared:{source:"feature",temperature:1.0,top_k:0},d_cond:{source:"feature",temperature:1.0,top_k:0},e_scalar:{source:"feature",temperature:1.0,top_k:0},wrapper:{alpha_d:1.0,alpha_struct:1.0,alpha_a:1.0}},mid:{a_joint:{source:"feature",temperature:1.0,top_k:0},b_group:{source:"feature",temperature:1.0,top_k:0},c_shared:{source:"feature",temperature:1.0,top_k:0},d_cond:{source:"feature",temperature:1.0,top_k:0},e_scalar:{source:"feature",temperature:1.0,top_k:0},wrapper:{alpha_d:1.0,alpha_struct:1.0,alpha_a:1.0}},micro:{a_joint:{source:"feature",temperature:1.0,top_k:0},b_group:{source:"feature",temperature:1.0,top_k:0},c_shared:{source:"feature",temperature:1.0,top_k:0},d_cond:{source:"feature",temperature:1.0,top_k:0},e_scalar:{source:"feature",temperature:1.0,top_k:0},wrapper:{alpha_d:1.0,alpha_struct:1.0,alpha_a:1.0}}} ++stage_router_wrapper={macro:"w5_exd",mid:"w5_exd",micro:"w5_exd"} ++macro_history_window=5 ++route_consistency_pairs=1 ++route_consistency_min_sim=0.995 ++stage_router_granularity={macro:"session",mid:"session",micro:"token"} ++stage_family_dropout_prob={macro:0.03,mid:0.03,micro:0.03} ++stage_feature_dropout_prob={macro:0.02,mid:0.02,micro:0.02} ++stage_feature_dropout_scope={macro:"token",mid:"token",micro:"token"} ++bias_mode="none" ++embedding_size=160 ++d_ff=320 ++d_expert_hidden=160 ++d_router_hidden=80 ++weight_decay=2e-06 ++num_heads=4 ++attn_dropout_prob=0.1 ++lr_scheduler_type="warmup_cosine" ++search.learning_rate=[0.0001,0.00022,0.0005,0.00075,0.0011] ++search_space_type_overrides.learning_rate=choice ++search.hidden_dropout_prob=[0.15,0.18,0.21] ++search_space_type_overrides.hidden_dropout_prob=choice ++search.MAX_ITEM_LIST_LENGTH=[20,30,40] ++search_space_type_overrides.MAX_ITEM_LIST_LENGTH=choice ++search.d_feat_emb=[8,12] ++search_space_type_overrides.d_feat_emb=choice ++search.expert_scale=[2,3] ++search_space_type_overrides.expert_scale=choice ++search.stage_family_dropout_prob=[{macro:0.03,mid:0.03,micro:0.03},{macro:0.05,mid:0.05,micro:0.05},{macro:0.07,mid:0.07,micro:0.07}] ++search_space_type_overrides.stage_family_dropout_prob=choice ++search.stage_feature_dropout_prob=[{macro:0.02,mid:0.02,micro:0.02},{macro:0.05,mid:0.05,micro:0.05},{macro:0.08,mid:0.08,micro:0.08}] ++search_space_type_overrides.stage_feature_dropout_prob=choice
/venv/FMoE/lib/python3.10/site-packages/ray/_private/parameter.py:4: UserWarning: pkg_resources is deprecated as an API. See https://setuptools.pypa.io/en/latest/pkg_resources.html. The pkg_resources package is slated for removal as early as 2025-11-30. Refrain from using this package or pin to Setuptools<81.
  import pkg_resources
[RUN_STATUS] START pid=646912 ts=2026-04-13T13:41:50
[UniqueChoice] enabled: dedupe/remap duplicates across 1620 finite combos

=================================================================
  Hyperopt  |  FeaturedMoE_N3 x movielens1m
  max_evals=20  epochs=35  patience=4  wandb=off
  search_algo=random
  batch_size(train/valid/test)=8192/12288/12288
  track=fmoe_n3  axis=final_tuning_a12  phase=P16A_STAGE1_MOVIELENS1M_ML_H3_BALANCED_S1
=================================================================
Changed knobs: MAX_ITEM_LIST_LENGTH, d_feat_emb, expert_scale, hidden_dropout_prob, learning_rate, stage_family_dropout_prob, stage_feature_dropout_prob
Tuned params(len>1): 7  (~1620 discrete combos)
Tuned groups: 7
  [optimization]
    hidden_dropout_prob             [0.15, 0.18, 0.21]                        -> choice
    learning_rate                   [0.0001, 0.00022, 0.0005, 0.00075, 0.0011]  -> choice
  [model_core]
    d_feat_emb                      [8, 12]                                   -> choice
    expert_scale                    [2, 3]                                    -> choice
    stage_family_dropout_prob       [{'macro': 0.03, 'mid': 0.03, 'micro': 0.03}, {'macro': 0.05, 'mid': 0.05, 'micro': 0.05}, {'macro': 0.07, 'mid': 0.07, 'micro': 0.07}]  -> choice
    stage_feature_dropout_prob      [{'macro': 0.02, 'mid': 0.02, 'micro': 0.02}, {'macro': 0.05, 'mid': 0.05, 'micro': 0.05}, {'macro': 0.08, 'mid': 0.08, 'micro': 0.08}]  -> choice
  [other]
    MAX_ITEM_LIST_LENGTH            [20, 30, 40]                              -> choice
Fixed params(singleton/non-list): 0
Fixed groups: 0
  (none)

[Wandb] disabled for this hyperopt run

[1/20] MAX_ITEM_LIST_LENGTH=40, d_feat_emb=12, expert_scale=3, hidden_dropout_prob=0.21, learning_rate=0.0005, stage_family_dropout_prob={'macro': 0.05, 'micro': 0.05, 'mid': 0.05}, stage_feature_dropout_prob={'macro': 0.05, 'micro': 0.05, 'mid': 0.05}
  -> FAILED: CUDA out of memory. Tried to allocate 2.34 GiB. GPU 0 has a total capacity of 23.52 GiB of which 1.66 GiB is free. Including non-PyTorch memory, this process has 21.83 GiB memory in use. Of the allocated memory 20.55 GiB is allocated by PyTorch, and 852.33 MiB is reserved by PyTorch but unallocated. If reserved but unallocated memory is large try setting PYTORCH_CUDA_ALLOC_CONF=expandable_segments:True to avoid fragmentation.  See documentation for Memory Management  (https://pytorch.org/docs/stable/notes/cuda.html#environment-variables)
Traceback (most recent call last):
  File "/workspace/FeaturedMoE/experiments/hyperopt_tune.py", line 4130, in objective
    result = train_and_evaluate(cfg_trial, trial_num=trial_num, progress_cb=_wandb_log_live if log_wandb else None)
  File "/workspace/FeaturedMoE/experiments/hyperopt_tune.py", line 2868, in train_and_evaluate
    train_loss = trainer._train_epoch(train_data, epoch_idx=epoch, show_progress=show_progress)
  File "/workspace/FeaturedMoE/experiments/recbole_patch.py", line 883, in _patched_train_epoch
    return _original_train_epoch(self, *args, **kwargs)
  File "/venv/FMoE/lib/python3.10/site-packages/recbole/trainer/trainer.py", line 245, in _train_epoch
    losses = loss_func(interaction)
  File "/workspace/FeaturedMoE/experiments/models/FeaturedMoE_N3/featured_moe_n3.py", line 1221, in calculate_loss
    seq_output, aux_data = self.forward(item_seq, item_seq_len, feat)
  File "/workspace/FeaturedMoE/experiments/models/FeaturedMoE_N3/featured_moe_n3.py", line 1194, in forward
    tokens, gate_weights, gate_logits, router_aux, dense_aux, stage_merge_weights, stage_merge_logits = self.stage_executor(
  File "/venv/FMoE/lib/python3.10/site-packages/torch/nn/modules/module.py", line 1739, in _wrapped_call_impl
    return self._call_impl(*args, **kwargs)
  File "/venv/FMoE/lib/python3.10/site-packages/torch/nn/modules/module.py", line 1750, in _call_impl
    return forward_call(*args, **kwargs)
  File "/workspace/FeaturedMoE/experiments/models/FeaturedMoE_N3/stage_executor.py", line 526, in forward
    next_hidden, weights, logits, stage_router_aux, stage_dense_aux = self.stage_blocks[op["stage"]](
  File "/venv/FMoE/lib/python3.10/site-packages/torch/nn/modules/module.py", line 1739, in _wrapped_call_impl
    return self._call_impl(*args, **kwargs)
  File "/venv/FMoE/lib/python3.10/site-packages/torch/nn/modules/module.py", line 1750, in _call_impl
    return forward_call(*args, **kwargs)
  File "/workspace/FeaturedMoE/experiments/models/FeaturedMoE_N3/stage_modules.py", line 1135, in forward
    delta, expert_outputs = self._expert_delta(hidden_in, gate_weights)
  File "/workspace/FeaturedMoE/experiments/models/FeaturedMoE_N3/stage_modules.py", line 1042, in _expert_delta
    delta = (weights.unsqueeze(-1) * expert_outputs).sum(dim=-2)
torch.OutOfMemoryError: CUDA out of memory. Tried to allocate 2.34 GiB. GPU 0 has a total capacity of 23.52 GiB of which 1.66 GiB is free. Including non-PyTorch memory, this process has 21.83 GiB memory in use. Of the allocated memory 20.55 GiB is allocated by PyTorch, and 852.33 MiB is reserved by PyTorch but unallocated. If reserved but unallocated memory is large try setting PYTORCH_CUDA_ALLOC_CONF=expandable_segments:True to avoid fragmentation.  See documentation for Memory Management  (https://pytorch.org/docs/stable/notes/cuda.html#environment-variables)

[2/20] MAX_ITEM_LIST_LENGTH=20, d_feat_emb=12, expert_scale=3, hidden_dropout_prob=0.15, learning_rate=0.00075, stage_family_dropout_prob={'macro': 0.03, 'micro': 0.03, 'mid': 0.03}, stage_feature_dropout_prob={'macro': 0.08, 'micro': 0.08, 'mid': 0.08}
[RUN_STATUS] TERMINATED signal=SIGTERM(15) pid=646912 ts=2026-04-13T13:51:59
[RUN_STATUS] END status=terminated signal=SIGTERM(15) pid=646912 start=2026-04-13T13:41:50 end=2026-04-13T13:51:59
