[STAGED_MICROWIDE_ANCHOR2_CORE5_SETTING_HEADER]
run_phase=P19_SC_D00_M04_P01_FAME_C8_D3_S1 run_id=SC_LASTFM0_03_FAME_C8_D3_S1 phase_id=P19 axis_id=SC model=FAME profile_id=D3 parent_profile_id=C8 seed=1
dataset=lastfm0.03 gpu=5 order=0 lr_band=LR3,LR4 lr_lo=0.0002577037691001698 lr_hi=0.004827753861119999
max_evals=12 tune_epochs=56 tune_patience=8
seed=190050

[COMMAND]
- /venv/FMoE/bin/python hyperopt_tune.py --config-name tune_lfm_small --max-evals 12 --tune-epochs 56 --tune-patience 8 --seed 190050 --run-group baseline --run-axis StageD_MicroWide_anchor2_core5 --run-phase P19_SC_D00_M04_P01_FAME_C8_D3_S1 model=fame dataset=lastfm0.03 eval_mode=session_fixed feature_mode=full_v3 gpu_id=5 log_wandb=false show_progress=false ++special_logging=true ++seed=190050 ++search={learning_rate:[0.0002577037691001698,0.004827753861119999]} ++search_space_type_overrides={learning_rate:"loguniform"} ++MAX_ITEM_LIST_LENGTH=20 ++weight_decay=0.00066 ++search.weight_decay=[0.00066] ++search_space_type_overrides.weight_decay=choice ++search.hidden_size=[208] ++search_space_type_overrides.hidden_size=choice ++search.embedding_size=[208] ++search_space_type_overrides.embedding_size=choice ++search.n_layers=[1] ++search_space_type_overrides.n_layers=choice ++search.num_layers=[1] ++search_space_type_overrides.num_layers=choice ++search.dropout_ratio=[0.3] ++search_space_type_overrides.dropout_ratio=choice ++search.dropout_prob=[0.3] ++search_space_type_overrides.dropout_prob=choice ++search.hidden_dropout_prob=[0.3] ++search_space_type_overrides.hidden_dropout_prob=choice ++search.attn_dropout_prob=[0.3] ++search_space_type_overrides.attn_dropout_prob=choice ++search.inner_size=[416] ++search_space_type_overrides.inner_size=choice ++search.n_heads=[2] ++search_space_type_overrides.n_heads=choice ++search.num_heads=[2] ++search_space_type_overrides.num_heads=choice ++search.num_experts=[2] ++search_space_type_overrides.num_experts=choice ++dropout_ratio=0.3 ++hidden_size=208 ++embedding_size=208 ++n_layers=1 ++num_layers=1 ++n_heads=2 ++num_heads=2 ++inner_size=416 ++num_experts=2 ++train_batch_size=1536 ++eval_batch_size=2304
/venv/FMoE/lib/python3.10/site-packages/ray/_private/parameter.py:4: UserWarning: pkg_resources is deprecated as an API. See https://setuptools.pypa.io/en/latest/pkg_resources.html. The pkg_resources package is slated for removal as early as 2025-11-30. Refrain from using this package or pin to Setuptools<81.
  import pkg_resources
[RUN_STATUS] START pid=50100 ts=2026-04-03T03:29:39

=================================================================
  Hyperopt TPE  |  FAME x lastfm0.03
  max_evals=12  epochs=56  patience=8  wandb=off
  batch_size(train/valid/test)=1536/2304/2304
  track=baseline  axis=staged_microwide_anchor2_core5  phase=P19_SC_D00_M04_P01_FAME_C8_D3_S1
=================================================================
Changed knobs: learning_rate
Tuned params(len>1): 1  (~1 discrete combos)
Tuned groups: 1
  [optimization]
    learning_rate                   [0.0002577037691001698, 0.004827753861119999]  -> loguniform
Fixed params(singleton/non-list): 13
Fixed groups: 13
  [optimization]
    hidden_dropout_prob             0.3                                     
    weight_decay                    0.00066                                 
  [model_core]
    attn_dropout_prob               0.3                                     
    dropout_prob                    0.3                                     
    dropout_ratio                   0.3                                     
    embedding_size                  208                                     
    hidden_size                     208                                     
    inner_size                      416                                     
    num_heads                       2                                       
    num_layers                      1                                       
  [other]
    n_heads                         2                                       
    n_layers                        1                                       
    num_experts                     2                                       

[Wandb] disabled for this hyperopt run

[1/12] learning_rate=0.001234
  -> MRR@20=0.196700  best=0.196700  (early_stop@29, trial=9.4min, avg=9.6min/trial, total=9.6min, ETA=1.76h)
[TRIAL_METRICS] cur_best_mrr20=0.196700 cur_best_hr10=0.252500 cur_test_mrr20=0.198800 cur_test_hr10=0.254000 run_best_mrr20=0.196700 run_best_hr10=0.252500 run_test_mrr20=0.198800 run_test_hr10=0.254000

[2/12] learning_rate=0.0007905
  -> MRR@20=0.206300  best=0.206300  (early_stop@35, trial=11.3min, avg=10.4min/trial, total=20.9min, ETA=1.74h)
[TRIAL_METRICS] cur_best_mrr20=0.206300 cur_best_hr10=0.265700 cur_test_mrr20=0.207400 cur_test_hr10=0.262800 run_best_mrr20=0.206300 run_best_hr10=0.265700 run_test_mrr20=0.207400 run_test_hr10=0.262800

[3/12] learning_rate=0.001134
  -> MRR@20=0.197800  best=0.206300  (early_stop@31, trial=9.8min, avg=10.2min/trial, total=30.7min, ETA=1.54h)
[TRIAL_METRICS] cur_best_mrr20=0.197800 cur_best_hr10=0.251400 cur_test_mrr20=0.196700 cur_test_hr10=0.255600 run_best_mrr20=0.206300 run_best_hr10=0.265700 run_test_mrr20=0.207400 run_test_hr10=0.262800

[4/12] learning_rate=0.002274
  -> MRR@20=0.191900  best=0.206300  (early_stop@54, trial=17.3min, avg=12.0min/trial, total=48.0min, ETA=1.60h)
[TRIAL_METRICS] cur_best_mrr20=0.191900 cur_best_hr10=0.240000 cur_test_mrr20=0.191600 cur_test_hr10=0.237200 run_best_mrr20=0.206300 run_best_hr10=0.265700 run_test_mrr20=0.207400 run_test_hr10=0.262800

[5/12] learning_rate=0.001463
  -> MRR@20=0.194400  best=0.206300  (early_stop@31, trial=10.0min, avg=11.6min/trial, total=58.0min, ETA=1.35h)
[TRIAL_METRICS] cur_best_mrr20=0.194400 cur_best_hr10=0.245500 cur_test_mrr20=0.192600 cur_test_hr10=0.246800 run_best_mrr20=0.206300 run_best_hr10=0.265700 run_test_mrr20=0.207400 run_test_hr10=0.262800

[6/12] learning_rate=0.002848
  -> MRR@20=0.183800  best=0.206300  (early_stop@26, trial=8.3min, avg=11.1min/trial, total=1.11h, ETA=1.11h)
[TRIAL_METRICS] cur_best_mrr20=0.183800 cur_best_hr10=0.242100 cur_test_mrr20=0.184300 cur_test_hr10=0.239100 run_best_mrr20=0.206300 run_best_hr10=0.265700 run_test_mrr20=0.207400 run_test_hr10=0.262800

[7/12] learning_rate=0.002661
  -> MRR@20=0.191000  best=0.206300  (early_stop@40, trial=12.8min, avg=11.3min/trial, total=1.32h, ETA=56.5min)
[TRIAL_METRICS] cur_best_mrr20=0.191000 cur_best_hr10=0.249800 cur_test_mrr20=0.186000 cur_test_hr10=0.241500 run_best_mrr20=0.206300 run_best_hr10=0.265700 run_test_mrr20=0.207400 run_test_hr10=0.262800

[8/12] learning_rate=0.0007747
  -> MRR@20=0.207600  best=0.207600  (early_stop@35, trial=11.2min, avg=11.3min/trial, total=1.50h, ETA=45.1min)
[TRIAL_METRICS] cur_best_mrr20=0.207600 cur_best_hr10=0.267600 cur_test_mrr20=0.210100 cur_test_hr10=0.264300 run_best_mrr20=0.207600 run_best_hr10=0.267600 run_test_mrr20=0.210100 run_test_hr10=0.264300

[9/12] learning_rate=0.0002911
  -> MRR@20=0.039600  best=0.207600  (early_stop@26, trial=8.4min, avg=11.0min/trial, total=1.64h, ETA=32.9min)
[TRIAL_METRICS] cur_best_mrr20=0.039600 cur_best_hr10=0.048600 cur_test_mrr20=0.036100 cur_test_hr10=0.046000 run_best_mrr20=0.207600 run_best_hr10=0.267600 run_test_mrr20=0.210100 run_test_hr10=0.264300

[10/12] learning_rate=0.001842
  -> MRR@20=0.192200  best=0.207600  (early_stop@40, trial=13.1min, avg=11.2min/trial, total=1.86h, ETA=22.3min)
[TRIAL_METRICS] cur_best_mrr20=0.192200 cur_best_hr10=0.244000 cur_test_mrr20=0.189100 cur_test_hr10=0.242000 run_best_mrr20=0.207600 run_best_hr10=0.267600 run_test_mrr20=0.210100 run_test_hr10=0.264300

[11/12] learning_rate=0.002279
  -> MRR@20=0.191500  best=0.207600  (early_stop@39, trial=12.5min, avg=11.3min/trial, total=2.07h, ETA=11.3min)
[TRIAL_METRICS] cur_best_mrr20=0.191500 cur_best_hr10=0.244000 cur_test_mrr20=0.195200 cur_test_hr10=0.252700 run_best_mrr20=0.207600 run_best_hr10=0.267600 run_test_mrr20=0.210100 run_test_hr10=0.264300

[12/12] learning_rate=0.001325
  -> MRR@20=0.194500  best=0.207600  (early_stop@30, trial=9.6min, avg=11.2min/trial, total=2.23h, ETA=0s)
[TRIAL_METRICS] cur_best_mrr20=0.194500 cur_best_hr10=0.246600 cur_test_mrr20=0.195600 cur_test_hr10=0.249700 run_best_mrr20=0.207600 run_best_hr10=0.267600 run_test_mrr20=0.210100 run_test_hr10=0.264300

=================================================================
  DONE  |  FAME x lastfm0.03
  Best MRR@20 = 0.207600  |  12/12 trials OK
  Best HR@10  = 0.267600
  Test MRR@20 = 0.210100  (best-valid checkpoint)
  Test HR@10  = 0.264300  (best-valid checkpoint)
[RUN_METRICS] best_valid_mrr20=0.207600 best_valid_hr10=0.267600 test_mrr20=0.210100 test_hr10=0.264300
  Total time: 133.8 min
  Best params:
    learning_rate: 0.000774667
  Results -> /workspace/jy1559/FMoE/experiments/run/artifacts/results/baseline/lastfm0.03_FAME_p19_sc_d00_m04_p01_fame_c8_d3_s1_20260403_032939_455226_pid50100.json
  Normal mirror -> /workspace/jy1559/FMoE/experiments/run/artifacts/results/baseline/normal/staged_microwide_anchor2_core5/P19/lastfm0.03/FAME/lastfm0.03_FAME_p19_sc_d00_m04_p01_fame_c8_d3_s1_20260403_032939_455226_pid50100.json
  Special result -> /workspace/jy1559/FMoE/experiments/run/artifacts/results/baseline/special/staged_microwide_anchor2_core5/P19/lastfm0.03/FAME/lastfm0.03_FAME_p19_sc_d00_m04_p01_fame_c8_d3_s1_20260403_032939_455226_pid50100_special_metrics.json
  Special log -> /workspace/jy1559/FMoE/experiments/run/artifacts/logs/baseline/special/staged_microwide_anchor2_core5/P19/lastfm0.03/FAME/lastfm0.03_FAME_p19_sc_d00_m04_p01_fame_c8_d3_s1_20260403_032939_455226_pid50100_special_metrics.json
=================================================================

[RUN_STATUS] END status=normal pid=50100 start=2026-04-03T03:29:39 end=2026-04-03T05:43:29
