[STAGED_MICROWIDE_ANCHOR2_CORE5_SETTING_HEADER]
run_phase=P19_SC_D00_M04_P02_FAME_C7_D8_S1 run_id=SC_LASTFM0_03_FAME_C7_D8_S1 phase_id=P19 axis_id=SC model=FAME profile_id=D8 parent_profile_id=C7 seed=1
dataset=lastfm0.03 gpu=5 order=0 lr_band=LR3,LR4 lr_lo=0.00025554168030154966 lr_hi=0.004916804226047998
max_evals=12 tune_epochs=56 tune_patience=8
seed=190063

[COMMAND]
- /venv/FMoE/bin/python hyperopt_tune.py --config-name tune_lfm_small --max-evals 12 --tune-epochs 56 --tune-patience 8 --seed 190063 --run-group baseline --run-axis StageD_MicroWide_anchor2_core5 --run-phase P19_SC_D00_M04_P02_FAME_C7_D8_S1 model=fame dataset=lastfm0.03 eval_mode=session_fixed feature_mode=full_v3 gpu_id=5 log_wandb=false show_progress=false ++special_logging=true ++seed=190063 ++search={learning_rate:[0.00025554168030154966,0.004916804226047998]} ++search_space_type_overrides={learning_rate:"loguniform"} ++MAX_ITEM_LIST_LENGTH=10 ++weight_decay=0.0006831 ++search.weight_decay=[0.0006831] ++search_space_type_overrides.weight_decay=choice ++search.hidden_size=[88] ++search_space_type_overrides.hidden_size=choice ++search.embedding_size=[88] ++search_space_type_overrides.embedding_size=choice ++search.n_layers=[3] ++search_space_type_overrides.n_layers=choice ++search.num_layers=[3] ++search_space_type_overrides.num_layers=choice ++search.dropout_ratio=[0.29000000000000004] ++search_space_type_overrides.dropout_ratio=choice ++search.dropout_prob=[0.29000000000000004] ++search_space_type_overrides.dropout_prob=choice ++search.hidden_dropout_prob=[0.29000000000000004] ++search_space_type_overrides.hidden_dropout_prob=choice ++search.attn_dropout_prob=[0.29000000000000004] ++search_space_type_overrides.attn_dropout_prob=choice ++search.inner_size=[176] ++search_space_type_overrides.inner_size=choice ++search.n_heads=[8] ++search_space_type_overrides.n_heads=choice ++search.num_heads=[8] ++search_space_type_overrides.num_heads=choice ++search.num_experts=[2] ++search_space_type_overrides.num_experts=choice ++dropout_ratio=0.29000000000000004 ++hidden_size=88 ++embedding_size=88 ++n_layers=3 ++num_layers=3 ++n_heads=8 ++num_heads=8 ++inner_size=176 ++num_experts=2 ++train_batch_size=1536 ++eval_batch_size=2304
/venv/FMoE/lib/python3.10/site-packages/ray/_private/parameter.py:4: UserWarning: pkg_resources is deprecated as an API. See https://setuptools.pypa.io/en/latest/pkg_resources.html. The pkg_resources package is slated for removal as early as 2025-11-30. Refrain from using this package or pin to Setuptools<81.
  import pkg_resources
[RUN_STATUS] START pid=82020 ts=2026-04-03T19:40:16

=================================================================
  Hyperopt TPE  |  FAME x lastfm0.03
  max_evals=12  epochs=56  patience=8  wandb=off
  batch_size(train/valid/test)=1536/2304/2304
  track=baseline  axis=staged_microwide_anchor2_core5  phase=P19_SC_D00_M04_P02_FAME_C7_D8_S1
=================================================================
Changed knobs: learning_rate
Tuned params(len>1): 1  (~1 discrete combos)
Tuned groups: 1
  [optimization]
    learning_rate                   [0.00025554168030154966, 0.004916804226047998]  -> loguniform
Fixed params(singleton/non-list): 13
Fixed groups: 13
  [optimization]
    hidden_dropout_prob             0.29000000000000004                     
    weight_decay                    0.0006831                               
  [model_core]
    attn_dropout_prob               0.29000000000000004                     
    dropout_prob                    0.29000000000000004                     
    dropout_ratio                   0.29000000000000004                     
    embedding_size                  88                                      
    hidden_size                     88                                      
    inner_size                      176                                     
    num_heads                       8                                       
    num_layers                      3                                       
  [other]
    n_heads                         8                                       
    n_layers                        3                                       
    num_experts                     2                                       

[Wandb] disabled for this hyperopt run

[1/12] learning_rate=0.003427
  -> MRR@20=0.175500  best=0.175500  (early_stop@35, trial=32.0min, avg=32.2min/trial, total=32.2min, ETA=5.91h)
[TRIAL_METRICS] cur_best_mrr20=0.175500 cur_best_hr10=0.226400 cur_test_mrr20=0.166800 cur_test_hr10=0.227700 run_best_mrr20=0.175500 run_best_hr10=0.226400 run_test_mrr20=0.166800 run_test_hr10=0.227700

[2/12] learning_rate=0.0006737
  -> MRR@20=0.204600  best=0.204600  (full@56, trial=50.4min, avg=41.3min/trial, total=1.38h, ETA=6.89h)
[TRIAL_METRICS] cur_best_mrr20=0.204600 cur_best_hr10=0.248700 cur_test_mrr20=0.210200 cur_test_hr10=0.251300 run_best_mrr20=0.204600 run_best_hr10=0.248700 run_test_mrr20=0.210200 run_test_hr10=0.251300

[3/12] learning_rate=0.0008365
  -> MRR@20=0.207100  best=0.207100  (early_stop@54, trial=47.3min, avg=43.3min/trial, total=2.17h, ETA=6.50h)
[TRIAL_METRICS] cur_best_mrr20=0.207100 cur_best_hr10=0.249300 cur_test_mrr20=0.206700 cur_test_hr10=0.253700 run_best_mrr20=0.207100 run_best_hr10=0.249300 run_test_mrr20=0.206700 run_test_hr10=0.253700

[4/12] learning_rate=0.000591
  -> MRR@20=0.011300  best=0.207100  (early_stop@13, trial=10.8min, avg=35.2min/trial, total=2.35h, ETA=4.69h)
[TRIAL_METRICS] cur_best_mrr20=0.011300 cur_best_hr10=0.019400 cur_test_mrr20=0.008800 cur_test_hr10=0.013300 run_best_mrr20=0.207100 run_best_hr10=0.249300 run_test_mrr20=0.206700 run_test_hr10=0.253700

[5/12] learning_rate=0.001859
  -> MRR@20=0.190000  best=0.207100  (early_stop@47, trial=40.4min, avg=36.2min/trial, total=3.02h, ETA=4.23h)
[TRIAL_METRICS] cur_best_mrr20=0.190000 cur_best_hr10=0.243700 cur_test_mrr20=0.192200 cur_test_hr10=0.246300 run_best_mrr20=0.207100 run_best_hr10=0.249300 run_test_mrr20=0.206700 run_test_hr10=0.253700

[6/12] learning_rate=0.0007274
  -> MRR@20=0.207000  best=0.207100  (early_stop@52, trial=44.5min, avg=37.6min/trial, total=3.76h, ETA=3.76h)
[TRIAL_METRICS] cur_best_mrr20=0.207000 cur_best_hr10=0.248500 cur_test_mrr20=0.208900 cur_test_hr10=0.256100 run_best_mrr20=0.207100 run_best_hr10=0.249300 run_test_mrr20=0.206700 run_test_hr10=0.253700

[7/12] learning_rate=0.002528
  -> MRR@20=0.180700  best=0.207100  (early_stop@34, trial=28.9min, avg=36.4min/trial, total=4.24h, ETA=3.03h)
[TRIAL_METRICS] cur_best_mrr20=0.180700 cur_best_hr10=0.235700 cur_test_mrr20=0.182400 cur_test_hr10=0.239600 run_best_mrr20=0.207100 run_best_hr10=0.249300 run_test_mrr20=0.206700 run_test_hr10=0.253700

[8/12] learning_rate=0.000557
  -> MRR@20=0.199600  best=0.207100  (full@56, trial=47.5min, avg=37.8min/trial, total=5.03h, ETA=2.52h)
[TRIAL_METRICS] cur_best_mrr20=0.199600 cur_best_hr10=0.243200 cur_test_mrr20=0.198800 cur_test_hr10=0.249700 run_best_mrr20=0.207100 run_best_hr10=0.249300 run_test_mrr20=0.206700 run_test_hr10=0.253700

[9/12] learning_rate=0.003115
  -> MRR@20=0.177800  best=0.207100  (early_stop@34, trial=29.8min, avg=36.9min/trial, total=5.53h, ETA=1.84h)
[TRIAL_METRICS] cur_best_mrr20=0.177800 cur_best_hr10=0.235700 cur_test_mrr20=0.177900 cur_test_hr10=0.235900 run_best_mrr20=0.207100 run_best_hr10=0.249300 run_test_mrr20=0.206700 run_test_hr10=0.253700

[10/12] learning_rate=0.0003432
  -> MRR@20=0.011800  best=0.207100  (early_stop@18, trial=16.4min, avg=34.8min/trial, total=5.81h, ETA=1.16h)
[TRIAL_METRICS] cur_best_mrr20=0.011800 cur_best_hr10=0.020500 cur_test_mrr20=0.009000 cur_test_hr10=0.015100 run_best_mrr20=0.207100 run_best_hr10=0.249300 run_test_mrr20=0.206700 run_test_hr10=0.253700

[11/12] learning_rate=0.001631
  -> MRR@20=0.188500  best=0.207100  (early_stop@35, trial=31.6min, avg=34.5min/trial, total=6.33h, ETA=34.5min)
[TRIAL_METRICS] cur_best_mrr20=0.188500 cur_best_hr10=0.240000 cur_test_mrr20=0.184900 cur_test_hr10=0.240200 run_best_mrr20=0.207100 run_best_hr10=0.249300 run_test_mrr20=0.206700 run_test_hr10=0.253700

[12/12] learning_rate=0.001527
  -> MRR@20=0.190400  best=0.207100  (early_stop@35, trial=32.0min, avg=34.3min/trial, total=6.87h, ETA=0s)
[TRIAL_METRICS] cur_best_mrr20=0.190400 cur_best_hr10=0.241600 cur_test_mrr20=0.186500 cur_test_hr10=0.239400 run_best_mrr20=0.207100 run_best_hr10=0.249300 run_test_mrr20=0.206700 run_test_hr10=0.253700

=================================================================
  DONE  |  FAME x lastfm0.03
  Best MRR@20 = 0.207100  |  12/12 trials OK
  Best HR@10  = 0.249300
  Test MRR@20 = 0.206700  (best-valid checkpoint)
  Test HR@10  = 0.253700  (best-valid checkpoint)
[RUN_METRICS] best_valid_mrr20=0.207100 best_valid_hr10=0.249300 test_mrr20=0.206700 test_hr10=0.253700
  Total time: 412.0 min
  Best params:
    learning_rate: 0.0008365
  Results -> /workspace/jy1559/FMoE/experiments/run/artifacts/results/baseline/lastfm0.03_FAME_p19_sc_d00_m04_p02_fame_c7_d8_s1_20260403_194016_790676_pid82020.json
  Normal mirror -> /workspace/jy1559/FMoE/experiments/run/artifacts/results/baseline/normal/staged_microwide_anchor2_core5/P19/lastfm0.03/FAME/lastfm0.03_FAME_p19_sc_d00_m04_p02_fame_c7_d8_s1_20260403_194016_790676_pid82020.json
  Special result -> /workspace/jy1559/FMoE/experiments/run/artifacts/results/baseline/special/staged_microwide_anchor2_core5/P19/lastfm0.03/FAME/lastfm0.03_FAME_p19_sc_d00_m04_p02_fame_c7_d8_s1_20260403_194016_790676_pid82020_special_metrics.json
  Special log -> /workspace/jy1559/FMoE/experiments/run/artifacts/logs/baseline/special/staged_microwide_anchor2_core5/P19/lastfm0.03/FAME/lastfm0.03_FAME_p19_sc_d00_m04_p02_fame_c7_d8_s1_20260403_194016_790676_pid82020_special_metrics.json
=================================================================

[RUN_STATUS] END status=normal pid=82020 start=2026-04-03T19:40:16 end=2026-04-04T02:32:18
