[STAGEI_PROGRESSIVE_RECOVERY_ANCHOR2_CORE5_SETTING_HEADER]
run_phase=P24_I1_D01_MBSAREC_C22_I1_BSAREC_FB10_S1 run_id=I1_AMAZON_BEAUTY_BSAREC_I1_BSAREC_FB10_S1 phase_id=P24 axis_id=SI pass_name=pass1 model=BSARec candidate_id=I1_BSAREC_FB10 seed=1
dataset=amazon_beauty gpu=4 candidate_source=manual_rebuild source_stage=general_hparam_bank anchor_run_id= batch_profile=pass1:bs3200/3840
max_evals=10 tune_epochs=100 tune_patience=5
seed=240021

[COMMAND]
- /venv/FMoE/bin/python hyperopt_tune.py --config-name tune_ab --max-evals 10 --tune-epochs 100 --tune-patience 5 --seed 240021 --run-group baseline --run-axis StageI_ProgressiveRecovery_anchor2_core5 --run-phase P24_I1_D01_MBSAREC_C22_I1_BSAREC_FB10_S1 model=bsarec dataset=amazon_beauty eval_mode=session_fixed feature_mode=full_v3 gpu_id=4 log_wandb=false show_progress=false ++special_logging=true ++seed=240021 ++search={learning_rate:[0.00010751716873624654,0.0015111925127686903]} ++search_space_type_overrides={learning_rate:"loguniform"} ++weight_decay=0.0001 ++search.weight_decay=[0.0001] ++search_space_type_overrides.weight_decay=choice ++search.n_layers=[2] ++search_space_type_overrides.n_layers=choice ++search.num_layers=[2] ++search_space_type_overrides.num_layers=choice ++search.n_heads=[4] ++search_space_type_overrides.n_heads=choice ++search.num_heads=[4] ++search_space_type_overrides.num_heads=choice ++search.dropout_ratio=[0.1] ++search_space_type_overrides.dropout_ratio=choice ++search.dropout_prob=[0.1] ++search_space_type_overrides.dropout_prob=choice ++search.hidden_dropout_prob=[0.1] ++search_space_type_overrides.hidden_dropout_prob=choice ++search.attn_dropout_prob=[0.1] ++search_space_type_overrides.attn_dropout_prob=choice ++search.hidden_size=[128] ++search_space_type_overrides.hidden_size=choice ++search.embedding_size=[128] ++search_space_type_overrides.embedding_size=choice ++search.inner_size=[256] ++search_space_type_overrides.inner_size=choice ++search.time_span=[256] ++search_space_type_overrides.time_span=choice ++search.num_experts=[4] ++search_space_type_overrides.num_experts=choice ++search.state_size=[16] ++search_space_type_overrides.state_size=choice ++search.conv_kernel=[4] ++search_space_type_overrides.conv_kernel=choice ++search.remaining_ratio=[0.5] ++search_space_type_overrides.remaining_ratio=choice ++search.MAX_ITEM_LIST_LENGTH=[9] ++search_space_type_overrides.MAX_ITEM_LIST_LENGTH=choice ++dropout_ratio=0.1 ++train_batch_size=3200 ++eval_batch_size=3840 ++hidden_size=128 ++embedding_size=128 ++MAX_ITEM_LIST_LENGTH=9 ++num_layers=2 ++n_layers=2 ++num_heads=4 ++n_heads=4 ++inner_size=256
/venv/FMoE/lib/python3.10/site-packages/ray/_private/parameter.py:4: UserWarning: pkg_resources is deprecated as an API. See https://setuptools.pypa.io/en/latest/pkg_resources.html. The pkg_resources package is slated for removal as early as 2025-11-30. Refrain from using this package or pin to Setuptools<81.
  import pkg_resources
[RUN_STATUS] START pid=207276 ts=2026-04-12T15:45:46

=================================================================
  Hyperopt TPE  |  BSARec x amazon_beauty
  max_evals=10  epochs=100  patience=5  wandb=off
  batch_size(train/valid/test)=3200/3840/3840
  track=baseline  axis=stagei_progressiverecovery_anchor2_core5  phase=P24_I1_D01_MBSAREC_C22_I1_BSAREC_FB10_S1
=================================================================
Changed knobs: learning_rate
Tuned params(len>1): 1  (~1 discrete combos)
Tuned groups: 1
  [optimization]
    learning_rate                   [0.00010751716873624654, 0.0015111925127686903]  -> loguniform
Fixed params(singleton/non-list): 18
Fixed groups: 18
  [optimization]
    hidden_dropout_prob             0.1                                     
    weight_decay                    0.0001                                  
  [model_core]
    attn_dropout_prob               0.1                                     
    dropout_prob                    0.1                                     
    dropout_ratio                   0.1                                     
    embedding_size                  128                                     
    hidden_size                     128                                     
    inner_size                      256                                     
    num_heads                       4                                       
    num_layers                      2                                       
  [other]
    MAX_ITEM_LIST_LENGTH            9                                       
    conv_kernel                     4                                       
    n_heads                         4                                       
    n_layers                        2                                       
    num_experts                     4                                       
    remaining_ratio                 0.5                                     
    state_size                      16                                      
    time_span                       256                                     

[Wandb] disabled for this hyperopt run

[1/10] learning_rate=0.000391
  -> MRR@20=0.003500  best=0.003500  (early_stop@10, trial=2s, avg=4s/trial, total=4s, ETA=32s)
[TRIAL_METRICS] cur_best_mrr20=0.003500 cur_best_hr10=0.008800 cur_test_mrr20=0.002600 cur_test_hr10=0.008800 run_best_mrr20=0.003500 run_best_hr10=0.008800 run_test_mrr20=0.002600 run_test_hr10=0.008800

[2/10] learning_rate=0.001421
  -> MRR@20=0.005400  best=0.005400  (early_stop@7, trial=1s, avg=2s/trial, total=5s, ETA=19s)
[TRIAL_METRICS] cur_best_mrr20=0.005400 cur_best_hr10=0.008800 cur_test_mrr20=0.000000 cur_test_hr10=0.000000 run_best_mrr20=0.005400 run_best_hr10=0.008800 run_test_mrr20=0.000000 run_test_hr10=0.000000

[3/10] learning_rate=0.0001864
  -> MRR@20=0.001000  best=0.005400  (early_stop@6, trial=1s, avg=2s/trial, total=6s, ETA=13s)
[TRIAL_METRICS] cur_best_mrr20=0.001000 cur_best_hr10=0.008800 cur_test_mrr20=0.002900 cur_test_hr10=0.008800 run_best_mrr20=0.005400 run_best_hr10=0.008800 run_test_mrr20=0.000000 run_test_hr10=0.000000

[4/10] learning_rate=0.0002198
  -> MRR@20=0.000700  best=0.005400  (early_stop@6, trial=1s, avg=2s/trial, total=6s, ETA=10s)
[TRIAL_METRICS] cur_best_mrr20=0.000700 cur_best_hr10=0.000000 cur_test_mrr20=0.002900 cur_test_hr10=0.008800 run_best_mrr20=0.005400 run_best_hr10=0.008800 run_test_mrr20=0.000000 run_test_hr10=0.000000

[5/10] learning_rate=0.0001255
  -> MRR@20=0.001100  best=0.005400  (early_stop@6, trial=1s, avg=1s/trial, total=7s, ETA=7s)
[TRIAL_METRICS] cur_best_mrr20=0.001100 cur_best_hr10=0.008800 cur_test_mrr20=0.002900 cur_test_hr10=0.008800 run_best_mrr20=0.005400 run_best_hr10=0.008800 run_test_mrr20=0.000000 run_test_hr10=0.000000

[6/10] learning_rate=0.001252
  -> MRR@20=0.005900  best=0.005900  (early_stop@12, trial=1s, avg=1s/trial, total=9s, ETA=6s)
[TRIAL_METRICS] cur_best_mrr20=0.005900 cur_best_hr10=0.017700 cur_test_mrr20=0.000000 cur_test_hr10=0.000000 run_best_mrr20=0.005900 run_best_hr10=0.017700 run_test_mrr20=0.000000 run_test_hr10=0.000000

[7/10] learning_rate=0.0004534
  -> MRR@20=0.003400  best=0.005900  (early_stop@10, trial=1s, avg=1s/trial, total=10s, ETA=4s)
[TRIAL_METRICS] cur_best_mrr20=0.003400 cur_best_hr10=0.008800 cur_test_mrr20=0.001700 cur_test_hr10=0.008800 run_best_mrr20=0.005900 run_best_hr10=0.017700 run_test_mrr20=0.000000 run_test_hr10=0.000000

[8/10] learning_rate=0.0001399
  -> MRR@20=0.001100  best=0.005900  (early_stop@6, trial=1s, avg=1s/trial, total=11s, ETA=3s)
[TRIAL_METRICS] cur_best_mrr20=0.001100 cur_best_hr10=0.008800 cur_test_mrr20=0.002900 cur_test_hr10=0.008800 run_best_mrr20=0.005900 run_best_hr10=0.017700 run_test_mrr20=0.000000 run_test_hr10=0.000000

[9/10] learning_rate=0.0001566
  -> MRR@20=0.001100  best=0.005900  (early_stop@6, trial=1s, avg=1s/trial, total=12s, ETA=1s)
[TRIAL_METRICS] cur_best_mrr20=0.001100 cur_best_hr10=0.008800 cur_test_mrr20=0.002900 cur_test_hr10=0.008800 run_best_mrr20=0.005900 run_best_hr10=0.017700 run_test_mrr20=0.000000 run_test_hr10=0.000000

[10/10] learning_rate=0.0001193
  -> MRR@20=0.001100  best=0.005900  (early_stop@6, trial=1s, avg=1s/trial, total=12s, ETA=0s)
[TRIAL_METRICS] cur_best_mrr20=0.001100 cur_best_hr10=0.008800 cur_test_mrr20=0.002900 cur_test_hr10=0.008800 run_best_mrr20=0.005900 run_best_hr10=0.017700 run_test_mrr20=0.000000 run_test_hr10=0.000000

=================================================================
  DONE  |  BSARec x amazon_beauty
  Best MRR@20 = 0.005900  |  10/10 trials OK
  Best HR@10  = 0.017700
  Test MRR@20 = 0.000000  (best-valid checkpoint)
  Test HR@10  = 0.000000  (best-valid checkpoint)
[RUN_METRICS] best_valid_mrr20=0.005900 best_valid_hr10=0.017700 test_mrr20=0.000000 test_hr10=0.000000
  Total time: 0.2 min
  Best params:
    learning_rate: 0.00125221
  Results -> /workspace/FeaturedMoE/experiments/run/artifacts/results/baseline/amazon_beauty_BSARec_p24_i1_d01_mbsarec_c22_i1_bsarec_fb10_s1_20260412_154547_003896_pid207276.json
  Normal mirror -> /workspace/FeaturedMoE/experiments/run/artifacts/results/baseline/normal/stagei_progressiverecovery_anchor2_core5/P24/amazon_beauty/BSARec/amazon_beauty_BSARec_p24_i1_d01_mbsarec_c22_i1_bsarec_fb10_s1_20260412_154547_003896_pid207276.json
  Special result -> /workspace/FeaturedMoE/experiments/run/artifacts/results/baseline/special/stagei_progressiverecovery_anchor2_core5/P24/amazon_beauty/BSARec/amazon_beauty_BSARec_p24_i1_d01_mbsarec_c22_i1_bsarec_fb10_s1_20260412_154547_003896_pid207276_special_metrics.json
  Special log -> /workspace/FeaturedMoE/experiments/run/artifacts/logs/baseline/special/stagei_progressiverecovery_anchor2_core5/P24/amazon_beauty/BSARec/amazon_beauty_BSARec_p24_i1_d01_mbsarec_c22_i1_bsarec_fb10_s1_20260412_154547_003896_pid207276_special_metrics.json
=================================================================

[RUN_STATUS] END status=normal pid=207276 start=2026-04-12T15:45:46 end=2026-04-12T15:45:59
