# job_id=S3_LASTFM0_03_FDSA_C2_SEED2 dataset=lastfm0.03 model=fdsa stage=stage3
# cmd=/venv/FMoE/bin/python hyperopt_tune.py --config-name tune_lfm_small --search-algo tpe --max-evals 1 --tune-epochs 100 --tune-patience 10 --seed 810106 --run-group final_experiment --run-axis stage3_seed_confirm --run-phase S3_LASTFM0_03_FDSA_C2_SEED2 model=fdsa dataset=lastfm0.03 eval_mode=session_fixed feature_mode=full_v4 ++eval_sampling.mode=full ++eval_sampling.auto_full_threshold=999999999 ++special_logging=true ++exclude_unseen_target_from_main_eval=true ++log_unseen_target_metrics=true gpu_id=7 log_wandb=false show_progress=false ++seed=810106 --max-run-hours 2 --oom-retry-limit 2 ++search.dropout_ratio=[0.15] ++search_space_type_overrides.dropout_ratio=choice ++search.inner_size=[320] ++search_space_type_overrides.inner_size=choice ++search.selected_features=["category"] ++search_space_type_overrides.selected_features=choice ++search.pooling_mode=["mean"] ++search_space_type_overrides.pooling_mode=choice ++search.MAX_ITEM_LIST_LENGTH=[10] ++search_space_type_overrides.MAX_ITEM_LIST_LENGTH=choice ++search.attn_dropout_prob=[0.1] ++search_space_type_overrides.attn_dropout_prob=choice ++search.attribute_hidden_size=[128] ++search_space_type_overrides.attribute_hidden_size=choice ++search.embedding_size=[160] ++search_space_type_overrides.embedding_size=choice ++search.hidden_dropout_prob=[0.12] ++search_space_type_overrides.hidden_dropout_prob=choice ++search.hidden_size=[112] ++search_space_type_overrides.hidden_size=choice ++search.lambda_attr=[0.12] ++search_space_type_overrides.lambda_attr=choice ++search.learning_rate=[0.00045174] ++search_space_type_overrides.learning_rate=choice ++search.n_heads=[2] ++search_space_type_overrides.n_heads=choice ++search.n_layers=[2] ++search_space_type_overrides.n_layers=choice ++search.weight_decay=[1e-06] ++search_space_type_overrides.weight_decay=choice

/venv/FMoE/lib/python3.10/site-packages/ray/_private/parameter.py:4: UserWarning: pkg_resources is deprecated as an API. See https://setuptools.pypa.io/en/latest/pkg_resources.html. The pkg_resources package is slated for removal as early as 2025-11-30. Refrain from using this package or pin to Setuptools<81.
  import pkg_resources
[RUN_STATUS] START pid=645007 ts=2026-04-18T14:02:29

=================================================================
  Hyperopt  |  FDSA x lastfm0.03
  max_evals=1  epochs=100  patience=10  wandb=off
  search_algo=tpe
  max_run_hours=2.000  (stop launching new trials after current trial)
  oom_retry_limit=2  (halve train/eval batch size on OOM)
  batch_size(train/valid/test)=2048/4096/4096
  track=final_experiment  axis=stage3_seed_confirm  phase=S3_LASTFM0_03_FDSA_C2_SEED2
=================================================================
Changed knobs: (none; single-run mode)
Tuned params(len>1): 0  (~1 discrete combos)
Tuned groups: 0
  (none)
Fixed params(singleton/non-list): 15
Fixed groups: 15
  [optimization]
    hidden_dropout_prob             0.12                                    
    learning_rate                   0.00045174                              
    weight_decay                    1e-06                                   
  [model_core]
    attn_dropout_prob               0.1                                     
    dropout_ratio                   0.15                                    
    embedding_size                  160                                     
    hidden_size                     112                                     
    inner_size                      320                                     
  [other]
    MAX_ITEM_LIST_LENGTH            10                                      
    attribute_hidden_size           128                                     
    lambda_attr                     0.12                                    
    n_heads                         2                                       
    n_layers                        2                                       
    pooling_mode                    mean                                    
    selected_features               category                                

[Wandb] disabled for this hyperopt run

[1/1] (fixed-only run)
  -> MRR@20=0.309900  best=0.309900  (early_stop@30, trial=2.9min, avg=3.1min/trial, total=3.1min, ETA=0s)
[TRIAL_METRICS] cur_best_mrr20=0.309900 cur_best_hr10=0.364900 cur_test_mrr20=0.309700 cur_test_hr10=0.374400 avg_epoch_time_sec=5.8244 test_eval_time_sec=0.1051 test_eval_batches_per_sec=9.5104 test_eval_targets_per_sec=32706.4050 run_best_mrr20=0.309900 run_best_hr10=0.364900 run_test_mrr20=0.309700 run_test_hr10=0.374400

=================================================================
  DONE  |  FDSA x lastfm0.03
  Best MRR@20 = 0.309900  |  1/1 trials OK
  Best HR@10  = 0.364900
  Test MRR@20 = 0.309700  (best-valid checkpoint)
  Test HR@10  = 0.374400  (best-valid checkpoint)
  Avg epoch time = 5.824 sec/epoch
  Final test eval = 0.105 sec | batches/s=9.510 | targets/s=32706.405
[RUN_METRICS] best_valid_mrr20=0.309900 best_valid_hr10=0.364900 test_mrr20=0.309700 test_hr10=0.374400 avg_epoch_time_sec=5.8244 test_eval_time_sec=0.1051 test_eval_batches_per_sec=9.5104 test_eval_targets_per_sec=32706.4050
  Total time: 3.1 min
  Best params:
  Results -> /workspace/FeaturedMoE/experiments/run/artifacts/results/final_experiment/lastfm0.03_FDSA_s3_lastfm0_03_fdsa_c2_seed2_20260418_140229_684936_pid645007.json
  Normal mirror -> /workspace/FeaturedMoE/experiments/run/artifacts/results/final_experiment/normal/stage3_seed_confirm/S3/lastfm0.03/FDSA/lastfm0.03_FDSA_s3_lastfm0_03_fdsa_c2_seed2_20260418_140229_684936_pid645007.json
  Special result -> /workspace/FeaturedMoE/experiments/run/artifacts/results/final_experiment/special/stage3_seed_confirm/S3/lastfm0.03/FDSA/lastfm0.03_FDSA_s3_lastfm0_03_fdsa_c2_seed2_20260418_140229_684936_pid645007_special_metrics.json
  Special log -> /workspace/FeaturedMoE/experiments/run/artifacts/logs/final_experiment/special/stage3_seed_confirm/S3/lastfm0.03/FDSA/lastfm0.03_FDSA_s3_lastfm0_03_fdsa_c2_seed2_20260418_140229_684936_pid645007_special_metrics.json
=================================================================

[RUN_STATUS] END status=normal pid=645007 start=2026-04-18T14:02:29 end=2026-04-18T14:05:38
