[STAGEH_TARGETEDRECOVERY_ANCHOR2_CORE5_SETTING_HEADER]
run_phase=P23_SH_C09_MGRU4REC_AGGR_SPARSE_GRU_G2_PASS2_XLRLO_S1 run_id=SH_RETAIL_ROCKET_GRU4REC_AGGR_SPARSE_GRU_G2_PASS2_XLRLO_S1 phase_id=P23 axis_id=SH model=GRU4Rec candidate_id=AGGR_SPARSE_GRU_G2_PASS2_XLRLO seed=1
dataset=retail_rocket gpu=5 order=0 candidate_source=stageh_screen_variant source_stage=manual_sparse_variant transfer_from_dataset=amazon_beauty
max_evals=4 tune_epochs=20 tune_patience=3
seed=230160

[COMMAND]
- /venv/FMoE/bin/python hyperopt_tune.py --config-name tune_rr --max-evals 4 --tune-epochs 20 --tune-patience 3 --seed 230160 --run-group baseline --run-axis StageH_TargetedRecovery_anchor2_core5 --run-phase P23_SH_C09_MGRU4REC_AGGR_SPARSE_GRU_G2_PASS2_XLRLO_S1 model=gru4rec dataset=retail_rocket eval_mode=session_fixed feature_mode=full_v3 gpu_id=5 log_wandb=false show_progress=false ++special_logging=true ++seed=230160 ++search={learning_rate:[0.00043120000000000007,0.002760594819961814]} ++search_space_type_overrides={learning_rate:"loguniform"} ++weight_decay=0.00015488 ++search.weight_decay=[0.00015488] ++search_space_type_overrides.weight_decay=choice ++search.n_layers=[3] ++search_space_type_overrides.n_layers=choice ++search.num_layers=[3] ++search_space_type_overrides.num_layers=choice ++search.n_heads=[4] ++search_space_type_overrides.n_heads=choice ++search.num_heads=[4] ++search_space_type_overrides.num_heads=choice ++search.dropout_ratio=[0.13] ++search_space_type_overrides.dropout_ratio=choice ++search.dropout_prob=[0.13] ++search_space_type_overrides.dropout_prob=choice ++search.hidden_dropout_prob=[0.13] ++search_space_type_overrides.hidden_dropout_prob=choice ++search.attn_dropout_prob=[0.13] ++search_space_type_overrides.attn_dropout_prob=choice ++search.hidden_size=[264] ++search_space_type_overrides.hidden_size=choice ++search.embedding_size=[264] ++search_space_type_overrides.embedding_size=choice ++search.inner_size=[288] ++search_space_type_overrides.inner_size=choice ++search.time_span=[384] ++search_space_type_overrides.time_span=choice ++search.num_experts=[6] ++search_space_type_overrides.num_experts=choice ++search.state_size=[24] ++search_space_type_overrides.state_size=choice ++search.conv_kernel=[6] ++search_space_type_overrides.conv_kernel=choice ++search.remaining_ratio=[0.6] ++search_space_type_overrides.remaining_ratio=choice ++search.MAX_ITEM_LIST_LENGTH=[10] ++search_space_type_overrides.MAX_ITEM_LIST_LENGTH=choice ++dropout_prob=0.13 ++train_batch_size=7987 ++eval_batch_size=9584 ++hidden_size=264 ++embedding_size=264 ++MAX_ITEM_LIST_LENGTH=10 ++num_layers=3
/venv/FMoE/lib/python3.10/site-packages/ray/_private/parameter.py:4: UserWarning: pkg_resources is deprecated as an API. See https://setuptools.pypa.io/en/latest/pkg_resources.html. The pkg_resources package is slated for removal as early as 2025-11-30. Refrain from using this package or pin to Setuptools<81.
  import pkg_resources
[RUN_STATUS] START pid=511551 ts=2026-04-09T17:07:00

=================================================================
  Hyperopt TPE  |  GRU4Rec x retail_rocket
  max_evals=4  epochs=20  patience=3  wandb=off
  batch_size(train/valid/test)=7987/9584/9584
  track=baseline  axis=stageh_targetedrecovery_anchor2_core5  phase=P23_SH_C09_MGRU4REC_AGGR_SPARSE_GRU_G2_PASS2_XLRLO_S1
=================================================================
Changed knobs: learning_rate
Tuned params(len>1): 1  (~1 discrete combos)
Tuned groups: 1
  [optimization]
    learning_rate                   [0.00043120000000000007, 0.002760594819961814]  -> loguniform
Fixed params(singleton/non-list): 18
Fixed groups: 18
  [optimization]
    hidden_dropout_prob             0.13                                    
    weight_decay                    0.00015488                              
  [model_core]
    attn_dropout_prob               0.13                                    
    dropout_prob                    0.13                                    
    dropout_ratio                   0.13                                    
    embedding_size                  264                                     
    hidden_size                     264                                     
    inner_size                      288                                     
    num_heads                       4                                       
    num_layers                      3                                       
  [other]
    MAX_ITEM_LIST_LENGTH            10                                      
    conv_kernel                     6                                       
    n_heads                         4                                       
    n_layers                        3                                       
    num_experts                     6                                       
    remaining_ratio                 0.6                                     
    state_size                      24                                      
    time_span                       384                                     

[Wandb] disabled for this hyperopt run

[1/4] learning_rate=0.0004643
  -> MRR@20=0.065900  best=0.065900  (full@20, trial=3.8min, avg=4.2min/trial, total=4.2min, ETA=12.5min)
[TRIAL_METRICS] cur_best_mrr20=0.065900 cur_best_hr10=0.143100 cur_test_mrr20=0.065300 cur_test_hr10=0.141500 run_best_mrr20=0.065900 run_best_hr10=0.143100 run_test_mrr20=0.065300 run_test_hr10=0.141500

[2/4] learning_rate=0.0009445
  -> MRR@20=0.129900  best=0.129900  (full@20, trial=3.6min, avg=3.9min/trial, total=7.8min, ETA=7.8min)
[TRIAL_METRICS] cur_best_mrr20=0.129900 cur_best_hr10=0.249900 cur_test_mrr20=0.129600 cur_test_hr10=0.249600 run_best_mrr20=0.129900 run_best_hr10=0.249900 run_test_mrr20=0.129600 run_test_hr10=0.249600

[3/4] learning_rate=0.001059
  -> MRR@20=0.139300  best=0.139300  (full@20, trial=3.6min, avg=3.8min/trial, total=11.4min, ETA=3.8min)
[TRIAL_METRICS] cur_best_mrr20=0.139300 cur_best_hr10=0.263300 cur_test_mrr20=0.141900 cur_test_hr10=0.263600 run_best_mrr20=0.139300 run_best_hr10=0.263300 run_test_mrr20=0.141900 run_test_hr10=0.263600

[4/4] learning_rate=0.002362
  -> MRR@20=0.169400  best=0.169400  (full@20, trial=3.5min, avg=3.7min/trial, total=15.0min, ETA=0s)
[TRIAL_METRICS] cur_best_mrr20=0.169400 cur_best_hr10=0.305100 cur_test_mrr20=0.170200 cur_test_hr10=0.306200 run_best_mrr20=0.169400 run_best_hr10=0.305100 run_test_mrr20=0.170200 run_test_hr10=0.306200

=================================================================
  DONE  |  GRU4Rec x retail_rocket
  Best MRR@20 = 0.169400  |  4/4 trials OK
  Best HR@10  = 0.305100
  Test MRR@20 = 0.170200  (best-valid checkpoint)
  Test HR@10  = 0.306200  (best-valid checkpoint)
[RUN_METRICS] best_valid_mrr20=0.169400 best_valid_hr10=0.305100 test_mrr20=0.170200 test_hr10=0.306200
  Total time: 15.0 min
  Best params:
    learning_rate: 0.00236209
  Results -> /workspace/jy1559/FMoE/experiments/run/artifacts/results/baseline/retail_rocket_GRU4Rec_p23_sh_c09_mgru4rec_aggr_sparse_gru_g2_pass2_xlrlo_s1_20260409_170700_380995_pid511551.json
  Normal mirror -> /workspace/jy1559/FMoE/experiments/run/artifacts/results/baseline/normal/stageh_targetedrecovery_anchor2_core5/P23/retail_rocket/GRU4Rec/retail_rocket_GRU4Rec_p23_sh_c09_mgru4rec_aggr_sparse_gru_g2_pass2_xlrlo_s1_20260409_170700_380995_pid511551.json
  Special result -> /workspace/jy1559/FMoE/experiments/run/artifacts/results/baseline/special/stageh_targetedrecovery_anchor2_core5/P23/retail_rocket/GRU4Rec/retail_rocket_GRU4Rec_p23_sh_c09_mgru4rec_aggr_sparse_gru_g2_pass2_xlrlo_s1_20260409_170700_380995_pid511551_special_metrics.json
  Special log -> /workspace/jy1559/FMoE/experiments/run/artifacts/logs/baseline/special/stageh_targetedrecovery_anchor2_core5/P23/retail_rocket/GRU4Rec/retail_rocket_GRU4Rec_p23_sh_c09_mgru4rec_aggr_sparse_gru_g2_pass2_xlrlo_s1_20260409_170700_380995_pid511551_special_metrics.json
=================================================================

[RUN_STATUS] END status=normal pid=511551 start=2026-04-09T17:07:00 end=2026-04-09T17:21:57
