[STAGEH_TARGETEDRECOVERY_ANCHOR2_CORE5_SETTING_HEADER]
run_phase=P23_SH_C03_MTISASREC_XFER_AMAZON_BEAUTY_FAD_H2_R1_C1_PASS2_DEEPL_S1 run_id=SH_RETAIL_ROCKET_TISASREC_XFER_AMAZON_BEAUTY_FAD_H2_R1_C1_PASS2_DEEPL_S1 phase_id=P23 axis_id=SH model=TiSASRec candidate_id=XFER_amazon_beauty_FAD_H2_R1_C1_PASS2_DEEPL seed=1
dataset=retail_rocket gpu=6 order=0 candidate_source=stageh_screen_variant source_stage=Final_all_datasets_variant transfer_from_dataset=amazon_beauty
max_evals=4 tune_epochs=16 tune_patience=3
seed=230053

[COMMAND]
- /venv/FMoE/bin/python hyperopt_tune.py --config-name tune_rr --max-evals 4 --tune-epochs 16 --tune-patience 3 --seed 230053 --run-group baseline --run-axis StageH_TargetedRecovery_anchor2_core5 --run-phase P23_SH_C03_MTISASREC_XFER_AMAZON_BEAUTY_FAD_H2_R1_C1_PASS2_DEEPL_S1 model=tisasrec dataset=retail_rocket eval_mode=session_fixed feature_mode=full_v3 gpu_id=6 log_wandb=false show_progress=false ++special_logging=true ++seed=230053 ++search={learning_rate:[0.00024250721000730786,0.0009849223316096805]} ++search_space_type_overrides={learning_rate:"loguniform"} ++weight_decay=0.00015 ++search.weight_decay=[0.00015] ++search_space_type_overrides.weight_decay=choice ++search.n_layers=[2] ++search_space_type_overrides.n_layers=choice ++search.num_layers=[2] ++search_space_type_overrides.num_layers=choice ++search.n_heads=[4] ++search_space_type_overrides.n_heads=choice ++search.num_heads=[4] ++search_space_type_overrides.num_heads=choice ++search.dropout_ratio=[0.09] ++search_space_type_overrides.dropout_ratio=choice ++search.dropout_prob=[0.09] ++search_space_type_overrides.dropout_prob=choice ++search.hidden_dropout_prob=[0.09] ++search_space_type_overrides.hidden_dropout_prob=choice ++search.attn_dropout_prob=[0.09] ++search_space_type_overrides.attn_dropout_prob=choice ++search.hidden_size=[144] ++search_space_type_overrides.hidden_size=choice ++search.embedding_size=[144] ++search_space_type_overrides.embedding_size=choice ++search.inner_size=[288] ++search_space_type_overrides.inner_size=choice ++search.time_span=[320] ++search_space_type_overrides.time_span=choice ++search.num_experts=[6] ++search_space_type_overrides.num_experts=choice ++search.state_size=[24] ++search_space_type_overrides.state_size=choice ++search.conv_kernel=[6] ++search_space_type_overrides.conv_kernel=choice ++search.remaining_ratio=[0.6] ++search_space_type_overrides.remaining_ratio=choice ++search.MAX_ITEM_LIST_LENGTH=[5] ++search_space_type_overrides.MAX_ITEM_LIST_LENGTH=choice ++dropout_ratio=0.09 ++train_batch_size=2048 ++eval_batch_size=3072 ++hidden_size=144 ++embedding_size=144 ++MAX_ITEM_LIST_LENGTH=5 ++n_layers=2 ++num_layers=2 ++n_heads=4 ++num_heads=4 ++inner_size=288 ++time_span=320
/venv/FMoE/lib/python3.10/site-packages/ray/_private/parameter.py:4: UserWarning: pkg_resources is deprecated as an API. See https://setuptools.pypa.io/en/latest/pkg_resources.html. The pkg_resources package is slated for removal as early as 2025-11-30. Refrain from using this package or pin to Setuptools<81.
  import pkg_resources
[RUN_STATUS] START pid=108111 ts=2026-04-12T10:06:48

=================================================================
  Hyperopt TPE  |  TiSASRec x retail_rocket
  max_evals=4  epochs=16  patience=3  wandb=off
  batch_size(train/valid/test)=2048/3072/3072
  track=baseline  axis=stageh_targetedrecovery_anchor2_core5  phase=P23_SH_C03_MTISASREC_XFER_AMAZON_BEAUTY_FAD_H2_R1_C1_PASS2_DEEPL_S1
=================================================================
Changed knobs: learning_rate
Tuned params(len>1): 1  (~1 discrete combos)
Tuned groups: 1
  [optimization]
    learning_rate                   [0.00024250721000730786, 0.0009849223316096805]  -> loguniform
Fixed params(singleton/non-list): 18
Fixed groups: 18
  [optimization]
    hidden_dropout_prob             0.09                                    
    weight_decay                    0.00015                                 
  [model_core]
    attn_dropout_prob               0.09                                    
    dropout_prob                    0.09                                    
    dropout_ratio                   0.09                                    
    embedding_size                  144                                     
    hidden_size                     144                                     
    inner_size                      288                                     
    num_heads                       4                                       
    num_layers                      2                                       
  [other]
    MAX_ITEM_LIST_LENGTH            5                                       
    conv_kernel                     6                                       
    n_heads                         4                                       
    n_layers                        2                                       
    num_experts                     6                                       
    remaining_ratio                 0.6                                     
    state_size                      24                                      
    time_span                       320                                     

[Wandb] disabled for this hyperopt run

[1/4] learning_rate=0.0007057
  -> MRR@20=0.256400  best=0.256400  (early_stop@14, trial=1.5min, avg=1.9min/trial, total=1.9min, ETA=5.6min)
[TRIAL_METRICS] cur_best_mrr20=0.256400 cur_best_hr10=0.412900 cur_test_mrr20=0.256800 cur_test_hr10=0.416600 run_best_mrr20=0.256400 run_best_hr10=0.412900 run_test_mrr20=0.256800 run_test_hr10=0.416600

[2/4] learning_rate=0.0002588
  -> MRR@20=0.241000  best=0.256400  (full@16, trial=1.7min, avg=1.8min/trial, total=3.6min, ETA=3.6min)
[TRIAL_METRICS] cur_best_mrr20=0.241000 cur_best_hr10=0.388600 cur_test_mrr20=0.240900 cur_test_hr10=0.392900 run_best_mrr20=0.256400 run_best_hr10=0.412900 run_test_mrr20=0.256800 run_test_hr10=0.416600

[3/4] learning_rate=0.0004436
  -> MRR@20=0.253300  best=0.256400  (full@16, trial=1.8min, avg=1.8min/trial, total=5.3min, ETA=1.8min)
[TRIAL_METRICS] cur_best_mrr20=0.253300 cur_best_hr10=0.407500 cur_test_mrr20=0.252800 cur_test_hr10=0.409300 run_best_mrr20=0.256400 run_best_hr10=0.412900 run_test_mrr20=0.256800 run_test_hr10=0.416600

[4/4] learning_rate=0.0009402
  -> MRR@20=0.257700  best=0.257700  (early_stop@13, trial=1.4min, avg=1.7min/trial, total=6.7min, ETA=0s)
[TRIAL_METRICS] cur_best_mrr20=0.257700 cur_best_hr10=0.417000 cur_test_mrr20=0.261500 cur_test_hr10=0.423000 run_best_mrr20=0.257700 run_best_hr10=0.417000 run_test_mrr20=0.261500 run_test_hr10=0.423000

=================================================================
  DONE  |  TiSASRec x retail_rocket
  Best MRR@20 = 0.257700  |  4/4 trials OK
  Best HR@10  = 0.417000
  Test MRR@20 = 0.261500  (best-valid checkpoint)
  Test HR@10  = 0.423000  (best-valid checkpoint)
[RUN_METRICS] best_valid_mrr20=0.257700 best_valid_hr10=0.417000 test_mrr20=0.261500 test_hr10=0.423000
  Total time: 6.7 min
  Best params:
    learning_rate: 0.000940179
  Results -> /workspace/FeaturedMoE/experiments/run/artifacts/results/baseline/retail_rocket_TiSASRec_p23_sh_c03_mtisasrec_xfer_amazon_beauty_fad_h2_r1_c1_pass2_deepl_s1_20260412_100649_079101_pid108111.json
  Normal mirror -> /workspace/FeaturedMoE/experiments/run/artifacts/results/baseline/normal/stageh_targetedrecovery_anchor2_core5/P23/retail_rocket/TiSASRec/retail_rocket_TiSASRec_p23_sh_c03_mtisasrec_xfer_amazon_beauty_fad_h2_r1_c1_pass2_deepl_s1_20260412_100649_079101_pid108111.json
  Special result -> /workspace/FeaturedMoE/experiments/run/artifacts/results/baseline/special/stageh_targetedrecovery_anchor2_core5/P23/retail_rocket/TiSASRec/retail_rocket_TiSASRec_p23_sh_c03_mtisasrec_xfer_amazon_beauty_fad_h2_r1_c1_pass2_deepl_s1_20260412_100649_079101_pid108111_special_metrics.json
  Special log -> /workspace/FeaturedMoE/experiments/run/artifacts/logs/baseline/special/stageh_targetedrecovery_anchor2_core5/P23/retail_rocket/TiSASRec/retail_rocket_TiSASRec_p23_sh_c03_mtisasrec_xfer_amazon_beauty_fad_h2_r1_c1_pass2_deepl_s1_20260412_100649_079101_pid108111_special_metrics.json
=================================================================

[RUN_STATUS] END status=normal pid=108111 start=2026-04-12T10:06:48 end=2026-04-12T10:13:32
