[FINAL_ALL_DATASETS_SETTING_HEADER]
run_phase=P14_FAD_A6_LASTFM0_03_H12_S2 exp_brief=A6_NO_BIAS phase_id=P14 axis_id=FAD setting_id=A6_NO_BIAS_H12_S2 hparam_id=H12 seed=2
desc=A6_NO_BIAS_H12_S2
dataset=lastfm0.03 gpu=0 order=68
max_evals=20 tune_epochs=100 tune_patience=10
seed=91031

[COMMAND]
- /venv/FMoE/bin/python hyperopt_tune.py --config-name config --max-evals 20 --tune-epochs 100 --tune-patience 10 --seed 91031 --run-group fmoe_n3 --run-axis Final_all_datasets --run-phase P14_FAD_A6_LASTFM0_03_H12_S2 model=featured_moe_n3_tune dataset=lastfm0.03 eval_mode=session_fixed feature_mode=full_v3 gpu_id=0 log_wandb=false enable_tf32=true fmoe_debug_logging=false fmoe_diag_logging=true fmoe_special_logging=true fmoe_feature_ablation_logging=false fmoe_eval_logging_timing=final_only ++fmoe_logging_output_root="run/artifacts/logging" ++fmoe_logging_layout="axis_dataset_arch_hparam" ++fmoe_architecture_id="A6" ++fmoe_architecture_key="A6_NO_BIAS" ++fmoe_hparam_id="H12" ++fmoe_phase="P14" MAX_ITEM_LIST_LENGTH=20 train_batch_size=4096 eval_batch_size=4096 embedding_size=80 num_heads=4 attn_dropout_prob=0.1 d_ff=160 d_feat_emb=16 d_expert_hidden=80 d_router_hidden=40 expert_scale=3 ++search.learning_rate=[0.00015,0.008] ++search.weight_decay=[5e-06] ++search.hidden_dropout_prob=[0.24] ++search.lr_scheduler_type=["warmup_cosine"] ++search_space_type_overrides.learning_rate=loguniform ++search_space_type_overrides.weight_decay=choice ++search_space_type_overrides.hidden_dropout_prob=choice ++search_space_type_overrides.lr_scheduler_type=choice ++phase_run_type="final" ++phase_axis_id="FAD" ++phase_axis_desc="final_all_datasets" ++phase_setting_id="A6_NO_BIAS_H12_S2" ++phase_setting_key="A6_NO_BIAS" ++phase_hparam_id="H12" ++phase_seed_id=2 ++phase_run_id="FAD_A6_LASTFM0_03_H12_S2" ++layer_layout=["macro","mid","micro"] ++stage_compute_mode={macro:"moe",mid:"moe",micro:"moe"} ++stage_router_mode={macro:"learned",mid:"learned",micro:"learned"} ++stage_router_source={macro:"both",mid:"both",micro:"both"} ++stage_feature_injection={macro:"none",mid:"none",micro:"none"} ++topk_scope_mode="global_flat" ++moe_top_k=0 ++balance_loss_lambda=0.0 ++z_loss_lambda=0.0002 ++gate_entropy_lambda=0.0 ++route_smoothness_lambda=0.0 ++route_consistency_lambda=0.0008 ++route_sharpness_lambda=0.0 ++route_monopoly_lambda=0.0 ++route_monopoly_tau=0.25 ++route_prior_lambda=0.0 ++group_prior_align_lambda=0.0 ++factored_group_balance_lambda=0.0 ++rule_agreement_lambda=0.0 ++group_coverage_lambda=0.0 ++feature_group_bias_lambda=0.0 ++rule_bias_scale=0.0 ++primitive_balance_lambda=0.0 ++wrapper_group_feature_align_lambda=0.0 ++stage_router_primitives={macro:{a_joint:{source:"feature",temperature:1.0,top_k:0},b_group:{source:"feature",temperature:1.0,top_k:0},c_shared:{source:"feature",temperature:1.0,top_k:0},d_cond:{source:"feature",temperature:1.0,top_k:0},e_scalar:{source:"feature",temperature:1.0,top_k:0},wrapper:{alpha_d:1.0,alpha_struct:1.0,alpha_a:1.0}},mid:{a_joint:{source:"feature",temperature:1.0,top_k:0},b_group:{source:"feature",temperature:1.0,top_k:0},c_shared:{source:"feature",temperature:1.0,top_k:0},d_cond:{source:"feature",temperature:1.0,top_k:0},e_scalar:{source:"feature",temperature:1.0,top_k:0},wrapper:{alpha_d:1.0,alpha_struct:1.0,alpha_a:1.0}},micro:{a_joint:{source:"feature",temperature:1.0,top_k:0},b_group:{source:"feature",temperature:1.0,top_k:0},c_shared:{source:"feature",temperature:1.0,top_k:0},d_cond:{source:"feature",temperature:1.0,top_k:0},e_scalar:{source:"feature",temperature:1.0,top_k:0},wrapper:{alpha_d:1.0,alpha_struct:1.0,alpha_a:1.0}}} ++stage_router_wrapper={macro:"w4_bxd",mid:"w6_bxd_plus_a",micro:"w1_flat"} ++macro_history_window=5 ++stage_router_granularity={macro:"session",mid:"session",micro:"token"} ++stage_family_dropout_prob={macro:0.1,mid:0.1,micro:0.1} ++stage_feature_dropout_prob={macro:0.0,mid:0.0,micro:0.0} ++stage_feature_dropout_scope={macro:"token",mid:"token",micro:"token"} ++route_consistency_pairs=1 ++route_consistency_min_sim=0.995 ++bias_mode="none"
/venv/FMoE/lib/python3.10/site-packages/ray/_private/parameter.py:4: UserWarning: pkg_resources is deprecated as an API. See https://setuptools.pypa.io/en/latest/pkg_resources.html. The pkg_resources package is slated for removal as early as 2025-11-30. Refrain from using this package or pin to Setuptools<81.
  import pkg_resources
[RUN_STATUS] START pid=198368 ts=2026-04-05T22:43:31

=================================================================
  Hyperopt TPE  |  FeaturedMoE_N3 x lastfm0.03
  max_evals=20  epochs=100  patience=10  wandb=off
  batch_size(train/valid/test)=4096/4096/4096
  track=fmoe_n3  axis=final_all_datasets  phase=P14_FAD_A6_LASTFM0_03_H12_S2
=================================================================
Changed knobs: learning_rate
Tuned params(len>1): 1  (~1 discrete combos)
Tuned groups: 1
  [optimization]
    learning_rate                   [0.00015, 0.008]                          -> loguniform
Fixed params(singleton/non-list): 3
Fixed groups: 3
  [optimization]
    hidden_dropout_prob             0.24                                    
    weight_decay                    5e-06                                   
  [other]
    lr_scheduler_type               warmup_cosine                           

[Wandb] disabled for this hyperopt run

[1/20] learning_rate=0.0006804
  -> MRR@20=0.233600  best=0.233600  (early_stop@64, trial=20.4min, avg=20.5min/trial, total=20.5min, ETA=6.49h)
[TRIAL_METRICS] cur_best_mrr20=0.233600 cur_best_hr10=0.298200 cur_test_mrr20=0.237200 cur_test_hr10=0.297600 run_best_mrr20=0.233600 run_best_hr10=0.298200 run_test_mrr20=0.237200 run_test_hr10=0.297600

[2/20] learning_rate=0.006048
  -> MRR@20=0.228900  best=0.233600  (early_stop@21, trial=6.8min, avg=13.6min/trial, total=27.3min, ETA=4.09h)
[TRIAL_METRICS] cur_best_mrr20=0.228900 cur_best_hr10=0.289100 cur_test_mrr20=0.233800 cur_test_hr10=0.289100 run_best_mrr20=0.233600 run_best_hr10=0.298200 run_test_mrr20=0.237200 run_test_hr10=0.297600

[3/20] learning_rate=0.004823
  -> MRR@20=0.230400  best=0.233600  (early_stop@26, trial=8.4min, avg=11.9min/trial, total=35.6min, ETA=3.37h)
[TRIAL_METRICS] cur_best_mrr20=0.230400 cur_best_hr10=0.288900 cur_test_mrr20=0.231900 cur_test_hr10=0.286700 run_best_mrr20=0.233600 run_best_hr10=0.298200 run_test_mrr20=0.237200 run_test_hr10=0.297600

[4/20] learning_rate=0.000565
  -> MRR@20=0.232500  best=0.233600  (early_stop@89, trial=28.7min, avg=16.1min/trial, total=1.07h, ETA=4.29h)
[TRIAL_METRICS] cur_best_mrr20=0.232500 cur_best_hr10=0.299000 cur_test_mrr20=0.236700 cur_test_hr10=0.297800 run_best_mrr20=0.233600 run_best_hr10=0.298200 run_test_mrr20=0.237200 run_test_hr10=0.297600

[5/20] learning_rate=0.003312
  -> MRR@20=0.230600  best=0.233600  (early_stop@28, trial=9.1min, avg=14.7min/trial, total=1.22h, ETA=3.67h)
[TRIAL_METRICS] cur_best_mrr20=0.230600 cur_best_hr10=0.285100 cur_test_mrr20=0.234300 cur_test_hr10=0.286700 run_best_mrr20=0.233600 run_best_hr10=0.298200 run_test_mrr20=0.237200 run_test_hr10=0.297600

[6/20] learning_rate=0.0002214
  -> MRR@20=0.189000  best=0.233600  (full@100, trial=32.1min, avg=17.6min/trial, total=1.76h, ETA=4.11h)
[TRIAL_METRICS] cur_best_mrr20=0.189000 cur_best_hr10=0.293900 cur_test_mrr20=0.191300 cur_test_hr10=0.295700 run_best_mrr20=0.233600 run_best_hr10=0.298200 run_test_mrr20=0.237200 run_test_hr10=0.297600

[7/20] learning_rate=0.0002544
  -> MRR@20=0.200500  best=0.233600  (full@100, trial=32.5min, avg=19.7min/trial, total=2.30h, ETA=4.27h)
[TRIAL_METRICS] cur_best_mrr20=0.200500 cur_best_hr10=0.301100 cur_test_mrr20=0.204900 cur_test_hr10=0.295700 run_best_mrr20=0.233600 run_best_hr10=0.298200 run_test_mrr20=0.237200 run_test_hr10=0.297600

[8/20] learning_rate=0.0003873
  -> MRR@20=0.225300  best=0.233600  (full@100, trial=29.9min, avg=21.0min/trial, total=2.80h, ETA=4.20h)
[TRIAL_METRICS] cur_best_mrr20=0.225300 cur_best_hr10=0.301900 cur_test_mrr20=0.230200 cur_test_hr10=0.299900 run_best_mrr20=0.233600 run_best_hr10=0.298200 run_test_mrr20=0.237200 run_test_hr10=0.297600

[9/20] learning_rate=0.002409
  -> MRR@20=0.232400  best=0.233600  (early_stop@29, trial=8.7min, avg=19.6min/trial, total=2.94h, ETA=3.60h)
[TRIAL_METRICS] cur_best_mrr20=0.232400 cur_best_hr10=0.289100 cur_test_mrr20=0.234600 cur_test_hr10=0.289100 run_best_mrr20=0.233600 run_best_hr10=0.298200 run_test_mrr20=0.237200 run_test_hr10=0.297600

[10/20] learning_rate=0.000252
  -> MRR@20=0.199900  best=0.233600  (full@100, trial=28.3min, avg=20.5min/trial, total=3.42h, ETA=3.42h)
[TRIAL_METRICS] cur_best_mrr20=0.199900 cur_best_hr10=0.300000 cur_test_mrr20=0.204200 cur_test_hr10=0.295400 run_best_mrr20=0.233600 run_best_hr10=0.298200 run_test_mrr20=0.237200 run_test_hr10=0.297600

[11/20] learning_rate=0.0002453
  -> MRR@20=0.198100  best=0.233600  (full@100, trial=28.0min, avg=21.2min/trial, total=3.88h, ETA=3.18h)
[TRIAL_METRICS] cur_best_mrr20=0.198100 cur_best_hr10=0.298700 cur_test_mrr20=0.202300 cur_test_hr10=0.295400 run_best_mrr20=0.233600 run_best_hr10=0.298200 run_test_mrr20=0.237200 run_test_hr10=0.297600

[12/20] learning_rate=0.0009769
  -> MRR@20=0.234800  best=0.234800  (early_stop@47, trial=13.2min, avg=20.5min/trial, total=4.10h, ETA=2.73h)
[TRIAL_METRICS] cur_best_mrr20=0.234800 cur_best_hr10=0.297600 cur_test_mrr20=0.238500 cur_test_hr10=0.297300 run_best_mrr20=0.234800 run_best_hr10=0.297600 run_test_mrr20=0.238500 run_test_hr10=0.297300

[13/20] learning_rate=0.002152
  -> MRR@20=0.235300  best=0.235300  (early_stop@29, trial=8.4min, avg=19.6min/trial, total=4.24h, ETA=2.28h)
[TRIAL_METRICS] cur_best_mrr20=0.235300 cur_best_hr10=0.291800 cur_test_mrr20=0.234700 cur_test_hr10=0.290900 run_best_mrr20=0.235300 run_best_hr10=0.291800 run_test_mrr20=0.234700 run_test_hr10=0.290900

[14/20] learning_rate=0.0003815
  -> MRR@20=0.224400  best=0.235300  (full@100, trial=28.3min, avg=20.2min/trial, total=4.71h, ETA=2.02h)
[TRIAL_METRICS] cur_best_mrr20=0.224400 cur_best_hr10=0.302700 cur_test_mrr20=0.229200 cur_test_hr10=0.299100 run_best_mrr20=0.235300 run_best_hr10=0.291800 run_test_mrr20=0.234700 run_test_hr10=0.290900

[15/20] learning_rate=0.001599
  -> MRR@20=0.233900  best=0.235300  (early_stop@30, trial=8.6min, avg=19.4min/trial, total=4.86h, ETA=1.62h)
[TRIAL_METRICS] cur_best_mrr20=0.233900 cur_best_hr10=0.299200 cur_test_mrr20=0.235300 cur_test_hr10=0.297000 run_best_mrr20=0.235300 run_best_hr10=0.291800 run_test_mrr20=0.234700 run_test_hr10=0.290900

[16/20] learning_rate=0.0004963
  -> MRR@20=0.231100  best=0.235300  (full@100, trial=28.2min, avg=20.0min/trial, total=5.33h, ETA=1.33h)
[TRIAL_METRICS] cur_best_mrr20=0.231100 cur_best_hr10=0.298700 cur_test_mrr20=0.236300 cur_test_hr10=0.299100 run_best_mrr20=0.235300 run_best_hr10=0.291800 run_test_mrr20=0.234700 run_test_hr10=0.290900

[17/20] learning_rate=0.002227
  -> MRR@20=0.233600  best=0.235300  (early_stop@29, trial=8.2min, avg=19.3min/trial, total=5.46h, ETA=57.8min)
[TRIAL_METRICS] cur_best_mrr20=0.233600 cur_best_hr10=0.290500 cur_test_mrr20=0.234000 cur_test_hr10=0.290600 run_best_mrr20=0.235300 run_best_hr10=0.291800 run_test_mrr20=0.234700 run_test_hr10=0.290900

[18/20] learning_rate=0.001221
  -> MRR@20=0.234100  best=0.235300  (early_stop@38, trial=10.7min, avg=18.8min/trial, total=5.64h, ETA=37.6min)
[TRIAL_METRICS] cur_best_mrr20=0.234100 cur_best_hr10=0.297100 cur_test_mrr20=0.237000 cur_test_hr10=0.296000 run_best_mrr20=0.235300 run_best_hr10=0.291800 run_test_mrr20=0.234700 run_test_hr10=0.290900

[19/20] learning_rate=0.0006619
  -> MRR@20=0.233200  best=0.235300  (early_stop@64, trial=18.2min, avg=18.8min/trial, total=5.95h, ETA=18.8min)
[TRIAL_METRICS] cur_best_mrr20=0.233200 cur_best_hr10=0.298200 cur_test_mrr20=0.237100 cur_test_hr10=0.298900 run_best_mrr20=0.235300 run_best_hr10=0.291800 run_test_mrr20=0.234700 run_test_hr10=0.290900

[20/20] learning_rate=0.002679
  -> MRR@20=0.233400  best=0.235300  (early_stop@26, trial=7.4min, avg=18.2min/trial, total=6.07h, ETA=0s)
[TRIAL_METRICS] cur_best_mrr20=0.233400 cur_best_hr10=0.292100 cur_test_mrr20=0.233800 cur_test_hr10=0.290100 run_best_mrr20=0.235300 run_best_hr10=0.291800 run_test_mrr20=0.234700 run_test_hr10=0.290900
[1;35mEvaluate   [0m:   0%|                                                            | 0/1 [00:00<?, ?it/s][0m[1;35mEvaluate   [0m:   0%|                                   | 0/1 [00:01<?, ?it/s, [1;33mGPU RAM: 8.91 G/23.56 G[0m][0m[1;35mEvaluate   [0m: 100%|███████████████████████████| 1/1 [00:01<00:00,  1.54s/it, [1;33mGPU RAM: 8.91 G/23.56 G[0m][0m                                                                                                    [1;35mEvaluate   [0m:   0%|                                                            | 0/1 [00:00<?, ?it/s][0m[1;35mEvaluate   [0m:   0%|                                   | 0/1 [00:01<?, ?it/s, [1;33mGPU RAM: 8.91 G/23.56 G[0m][0m[1;35mEvaluate   [0m: 100%|███████████████████████████| 1/1 [00:01<00:00,  1.55s/it, [1;33mGPU RAM: 8.91 G/23.56 G[0m][0m                                                                                                    [1;35mEvaluate   [0m:   0%|                                                            | 0/1 [00:00<?, ?it/s][0m[1;35mEvaluate   [0m:   0%|                                   | 0/1 [00:01<?, ?it/s, [1;33mGPU RAM: 8.91 G/23.56 G[0m][0m[1;35mEvaluate   [0m: 100%|███████████████████████████| 1/1 [00:01<00:00,  1.53s/it, [1;33mGPU RAM: 8.91 G/23.56 G[0m][0m                                                                                                    
=================================================================
  DONE  |  FeaturedMoE_N3 x lastfm0.03
  Best MRR@20 = 0.235300  |  20/20 trials OK
  Best HR@10  = 0.291800
  Test MRR@20 = 0.234700  (best-valid checkpoint)
  Test HR@10  = 0.290900  (best-valid checkpoint)
[RUN_METRICS] best_valid_mrr20=0.235300 best_valid_hr10=0.291800 test_mrr20=0.234700 test_hr10=0.290900
  Total time: 364.3 min
  Best params:
    learning_rate: 0.00215193
  Results -> /workspace/jy1559/FMoE/experiments/run/artifacts/results/fmoe_n3/lastfm0.03_FeaturedMoE_N3_p14_fad_a6_lastfm0_03_h12_s2_20260405_224331_428403_pid198368.json
  Normal mirror -> /workspace/jy1559/FMoE/experiments/run/artifacts/results/fmoe_n3/normal/final_all_datasets/P14/lastfm0.03/FMoEN3/lastfm0.03_FeaturedMoE_N3_p14_fad_a6_lastfm0_03_h12_s2_20260405_224331_428403_pid198368.json
  Special result -> /workspace/jy1559/FMoE/experiments/run/artifacts/results/fmoe_n3/special/final_all_datasets/P14/lastfm0.03/FMoEN3/lastfm0.03_FeaturedMoE_N3_p14_fad_a6_lastfm0_03_h12_s2_20260405_224331_428403_pid198368_special_metrics.json
  Special log -> /workspace/jy1559/FMoE/experiments/run/artifacts/logs/fmoe_n3/special/final_all_datasets/P14/lastfm0.03/FMoEN3/lastfm0.03_FeaturedMoE_N3_p14_fad_a6_lastfm0_03_h12_s2_20260405_224331_428403_pid198368_special_metrics.json
=================================================================

[RUN_STATUS] END status=normal pid=198368 start=2026-04-05T22:43:31 end=2026-04-06T04:47:46
