[FINAL_ALL_DATASETS_SETTING_HEADER]
run_phase=P14_FAD_A11_LASTFM0_03_H15_S1 exp_brief=A11_ATTN_MICRO_BEFORE_NO_BIAS_ALL_W2 phase_id=P14 axis_id=FAD setting_id=A11_ATTN_MICRO_BEFORE_NO_BIAS_ALL_W2_H15_S1 hparam_id=H15 seed=1
desc=A11_ATTN_MICRO_BEFORE_NO_BIAS_ALL_W2_H15_S1
dataset=lastfm0.03 gpu=2 order=12
max_evals=10 tune_epochs=100 tune_patience=10
seed=97003

[COMMAND]
- /venv/FMoE/bin/python hyperopt_tune.py --config-name config --max-evals 10 --tune-epochs 100 --tune-patience 10 --seed 97003 --run-group fmoe_n3 --run-axis Final_all_datasets --run-phase P14_FAD_A11_LASTFM0_03_H15_S1 model=featured_moe_n3_tune dataset=lastfm0.03 eval_mode=session_fixed feature_mode=full_v3 gpu_id=2 log_wandb=false enable_tf32=true fmoe_debug_logging=false fmoe_diag_logging=true fmoe_special_logging=true fmoe_feature_ablation_logging=false fmoe_eval_logging_timing=final_only ++fmoe_logging_output_root="run/artifacts/logging" ++fmoe_logging_layout="axis_dataset_arch_hparam" ++fmoe_architecture_id="A11" ++fmoe_architecture_key="A11_ATTN_MICRO_BEFORE_NO_BIAS_ALL_W2" ++fmoe_hparam_id="H15" ++fmoe_phase="P14" MAX_ITEM_LIST_LENGTH=20 train_batch_size=4096 eval_batch_size=4096 embedding_size=128 num_heads=4 attn_dropout_prob=0.1 d_ff=384 d_feat_emb=16 d_expert_hidden=96 d_router_hidden=64 expert_scale=3 ++search.learning_rate=[0.0002,0.0012] ++search.weight_decay=[1.2e-06] ++search.hidden_dropout_prob=[0.17] ++search.lr_scheduler_type=["warmup_cosine"] ++search_space_type_overrides.learning_rate=loguniform ++search_space_type_overrides.weight_decay=choice ++search_space_type_overrides.hidden_dropout_prob=choice ++search_space_type_overrides.lr_scheduler_type=choice ++phase_run_type="final" ++phase_axis_id="FAD" ++phase_axis_desc="final_all_datasets" ++phase_setting_id="A11_ATTN_MICRO_BEFORE_NO_BIAS_ALL_W2_H15_S1" ++phase_setting_key="A11_ATTN_MICRO_BEFORE_NO_BIAS_ALL_W2" ++phase_hparam_id="H15" ++phase_seed_id=1 ++phase_run_id="FAD_A11_LASTFM0_03_H15_S1" ++layer_layout=["attn","macro_ffn","mid_ffn","attn","micro_ffn"] ++stage_compute_mode={macro:"moe",mid:"moe",micro:"moe"} ++stage_router_mode={macro:"learned",mid:"learned",micro:"learned"} ++stage_router_source={macro:"both",mid:"both",micro:"both"} ++stage_feature_injection={macro:"none",mid:"none",micro:"none"} ++topk_scope_mode="global_flat" ++moe_top_k=0 ++balance_loss_lambda=0.0 ++z_loss_lambda=0.0002 ++gate_entropy_lambda=0.0 ++route_smoothness_lambda=0.0 ++route_consistency_lambda=0.0008 ++route_sharpness_lambda=0.0 ++route_monopoly_lambda=0.0 ++route_monopoly_tau=0.25 ++route_prior_lambda=0.0 ++group_prior_align_lambda=0.0 ++factored_group_balance_lambda=0.0 ++rule_agreement_lambda=0.0 ++group_coverage_lambda=0.0 ++feature_group_bias_lambda=0.0 ++rule_bias_scale=0.0 ++primitive_balance_lambda=0.0 ++wrapper_group_feature_align_lambda=0.0 ++stage_router_primitives={macro:{a_joint:{source:"feature",temperature:1.0,top_k:0},b_group:{source:"feature",temperature:1.0,top_k:0},c_shared:{source:"feature",temperature:1.0,top_k:0},d_cond:{source:"feature",temperature:1.0,top_k:0},e_scalar:{source:"feature",temperature:1.0,top_k:0},wrapper:{alpha_d:1.0,alpha_struct:1.0,alpha_a:1.0}},mid:{a_joint:{source:"feature",temperature:1.0,top_k:0},b_group:{source:"feature",temperature:1.0,top_k:0},c_shared:{source:"feature",temperature:1.0,top_k:0},d_cond:{source:"feature",temperature:1.0,top_k:0},e_scalar:{source:"feature",temperature:1.0,top_k:0},wrapper:{alpha_d:1.0,alpha_struct:1.0,alpha_a:1.0}},micro:{a_joint:{source:"feature",temperature:1.0,top_k:0},b_group:{source:"feature",temperature:1.0,top_k:0},c_shared:{source:"feature",temperature:1.0,top_k:0},d_cond:{source:"feature",temperature:1.0,top_k:0},e_scalar:{source:"feature",temperature:1.0,top_k:0},wrapper:{alpha_d:1.0,alpha_struct:1.0,alpha_a:1.0}}} ++stage_router_wrapper={macro:"w2_a_plus_d",mid:"w2_a_plus_d",micro:"w2_a_plus_d"} ++macro_history_window=5 ++route_consistency_pairs=1 ++route_consistency_min_sim=0.995 ++stage_router_granularity={macro:"session",mid:"session",micro:"token"} ++stage_family_dropout_prob={macro:0.1,mid:0.1,micro:0.1} ++stage_feature_dropout_prob={macro:0.0,mid:0.0,micro:0.0} ++stage_feature_dropout_scope={macro:"token",mid:"token",micro:"token"} ++bias_mode="none"
/venv/FMoE/lib/python3.10/site-packages/ray/_private/parameter.py:4: UserWarning: pkg_resources is deprecated as an API. See https://setuptools.pypa.io/en/latest/pkg_resources.html. The pkg_resources package is slated for removal as early as 2025-11-30. Refrain from using this package or pin to Setuptools<81.
  import pkg_resources
[RUN_STATUS] START pid=537278 ts=2026-04-10T05:39:51

=================================================================
  Hyperopt TPE  |  FeaturedMoE_N3 x lastfm0.03
  max_evals=10  epochs=100  patience=10  wandb=off
  batch_size(train/valid/test)=4096/4096/4096
  track=fmoe_n3  axis=final_all_datasets  phase=P14_FAD_A11_LASTFM0_03_H15_S1
=================================================================
Changed knobs: learning_rate
Tuned params(len>1): 1  (~1 discrete combos)
Tuned groups: 1
  [optimization]
    learning_rate                   [0.0002, 0.0012]                          -> loguniform
Fixed params(singleton/non-list): 3
Fixed groups: 3
  [optimization]
    hidden_dropout_prob             0.17                                    
    weight_decay                    1.2e-06                                 
  [other]
    lr_scheduler_type               warmup_cosine                           

[Wandb] disabled for this hyperopt run

[1/10] learning_rate=0.0002106
  -> MRR@20=0.226000  best=0.226000  (full@100, trial=31.6min, avg=31.7min/trial, total=31.7min, ETA=4.75h)
[TRIAL_METRICS] cur_best_mrr20=0.226000 cur_best_hr10=0.308800 cur_test_mrr20=0.228700 cur_test_hr10=0.299400 run_best_mrr20=0.226000 run_best_hr10=0.308800 run_test_mrr20=0.228700 run_test_hr10=0.299400

[2/10] learning_rate=0.000295
  -> MRR@20=0.236900  best=0.236900  (full@100, trial=31.3min, avg=31.5min/trial, total=1.05h, ETA=4.20h)
[TRIAL_METRICS] cur_best_mrr20=0.236900 cur_best_hr10=0.301600 cur_test_mrr20=0.239500 cur_test_hr10=0.299100 run_best_mrr20=0.236900 run_best_hr10=0.301600 run_test_mrr20=0.239500 run_test_hr10=0.299100

[3/10] learning_rate=0.0004832
  -> MRR@20=0.239500  best=0.239500  (early_stop@51, trial=16.0min, avg=26.3min/trial, total=1.32h, ETA=3.07h)
[TRIAL_METRICS] cur_best_mrr20=0.239500 cur_best_hr10=0.298200 cur_test_mrr20=0.242100 cur_test_hr10=0.297000 run_best_mrr20=0.239500 run_best_hr10=0.298200 run_test_mrr20=0.242100 run_test_hr10=0.297000

[4/10] learning_rate=0.0006246
  -> MRR@20=0.239300  best=0.239500  (early_stop@41, trial=12.9min, avg=23.0min/trial, total=1.53h, ETA=2.30h)
[TRIAL_METRICS] cur_best_mrr20=0.239300 cur_best_hr10=0.297100 cur_test_mrr20=0.243300 cur_test_hr10=0.296800 run_best_mrr20=0.239500 run_best_hr10=0.298200 run_test_mrr20=0.242100 run_test_hr10=0.297000

[5/10] learning_rate=0.0003833
  -> MRR@20=0.239100  best=0.239500  (early_stop@87, trial=27.5min, avg=23.9min/trial, total=1.99h, ETA=1.99h)
[TRIAL_METRICS] cur_best_mrr20=0.239100 cur_best_hr10=0.293400 cur_test_mrr20=0.241700 cur_test_hr10=0.294400 run_best_mrr20=0.239500 run_best_hr10=0.298200 run_test_mrr20=0.242100 run_test_hr10=0.297000

[6/10] learning_rate=0.0007929
  -> MRR@20=0.236700  best=0.239500  (early_stop@38, trial=12.1min, avg=21.9min/trial, total=2.19h, ETA=1.46h)
[TRIAL_METRICS] cur_best_mrr20=0.236700 cur_best_hr10=0.292300 cur_test_mrr20=0.242100 cur_test_hr10=0.293800 run_best_mrr20=0.239500 run_best_hr10=0.298200 run_test_mrr20=0.242100 run_test_hr10=0.297000

[7/10] learning_rate=0.0009716
  -> MRR@20=0.237300  best=0.239500  (early_stop@29, trial=9.2min, avg=20.1min/trial, total=2.35h, ETA=1.01h)
[TRIAL_METRICS] cur_best_mrr20=0.237300 cur_best_hr10=0.297600 cur_test_mrr20=0.240200 cur_test_hr10=0.296200 run_best_mrr20=0.239500 run_best_hr10=0.298200 run_test_mrr20=0.242100 run_test_hr10=0.297000

[8/10] learning_rate=0.000849
  -> MRR@20=0.236900  best=0.239500  (early_stop@35, trial=10.8min, avg=18.9min/trial, total=2.53h, ETA=37.9min)
[TRIAL_METRICS] cur_best_mrr20=0.236900 cur_best_hr10=0.295200 cur_test_mrr20=0.242500 cur_test_hr10=0.296200 run_best_mrr20=0.239500 run_best_hr10=0.298200 run_test_mrr20=0.242100 run_test_hr10=0.297000

[9/10] learning_rate=0.0005929
  -> MRR@20=0.238700  best=0.239500  (early_stop@41, trial=12.8min, avg=18.3min/trial, total=2.74h, ETA=18.3min)
[TRIAL_METRICS] cur_best_mrr20=0.238700 cur_best_hr10=0.299200 cur_test_mrr20=0.242800 cur_test_hr10=0.297300 run_best_mrr20=0.239500 run_best_hr10=0.298200 run_test_mrr20=0.242100 run_test_hr10=0.297000

[10/10] learning_rate=0.0003375
  -> MRR@20=0.238700  best=0.239500  (early_stop@92, trial=28.9min, avg=19.3min/trial, total=3.22h, ETA=0s)
[TRIAL_METRICS] cur_best_mrr20=0.238700 cur_best_hr10=0.296800 cur_test_mrr20=0.241300 cur_test_hr10=0.298100 run_best_mrr20=0.239500 run_best_hr10=0.298200 run_test_mrr20=0.242100 run_test_hr10=0.297000
[1;35mEvaluate   [0m:   0%|                                                            | 0/1 [00:00<?, ?it/s][0m[1;35mEvaluate   [0m:   0%|                                  | 0/1 [00:01<?, ?it/s, [1;33mGPU RAM: 10.58 G/23.56 G[0m][0m[1;35mEvaluate   [0m: 100%|██████████████████████████| 1/1 [00:01<00:00,  1.61s/it, [1;33mGPU RAM: 10.58 G/23.56 G[0m][0m                                                                                                    [1;35mEvaluate   [0m:   0%|                                                            | 0/1 [00:00<?, ?it/s][0m[1;35mEvaluate   [0m:   0%|                                  | 0/1 [00:01<?, ?it/s, [1;33mGPU RAM: 10.58 G/23.56 G[0m][0m[1;35mEvaluate   [0m: 100%|██████████████████████████| 1/1 [00:01<00:00,  1.54s/it, [1;33mGPU RAM: 10.58 G/23.56 G[0m][0m                                                                                                    [1;35mEvaluate   [0m:   0%|                                                            | 0/1 [00:00<?, ?it/s][0m[1;35mEvaluate   [0m:   0%|                                  | 0/1 [00:01<?, ?it/s, [1;33mGPU RAM: 10.58 G/23.56 G[0m][0m[1;35mEvaluate   [0m: 100%|██████████████████████████| 1/1 [00:01<00:00,  1.62s/it, [1;33mGPU RAM: 10.58 G/23.56 G[0m][0m                                                                                                    
=================================================================
  DONE  |  FeaturedMoE_N3 x lastfm0.03
  Best MRR@20 = 0.239500  |  10/10 trials OK
  Best HR@10  = 0.298200
  Test MRR@20 = 0.242100  (best-valid checkpoint)
  Test HR@10  = 0.297000  (best-valid checkpoint)
[RUN_METRICS] best_valid_mrr20=0.239500 best_valid_hr10=0.298200 test_mrr20=0.242100 test_hr10=0.297000
  Total time: 193.4 min
  Best params:
    learning_rate: 0.000483228
  Results -> /workspace/jy1559/FMoE/experiments/run/artifacts/results/fmoe_n3/lastfm0.03_FeaturedMoE_N3_p14_fad_a11_lastfm0_03_h15_s1_20260410_053951_788816_pid537278.json
  Normal mirror -> /workspace/jy1559/FMoE/experiments/run/artifacts/results/fmoe_n3/normal/final_all_datasets/P14/lastfm0.03/FMoEN3/lastfm0.03_FeaturedMoE_N3_p14_fad_a11_lastfm0_03_h15_s1_20260410_053951_788816_pid537278.json
  Special result -> /workspace/jy1559/FMoE/experiments/run/artifacts/results/fmoe_n3/special/final_all_datasets/P14/lastfm0.03/FMoEN3/lastfm0.03_FeaturedMoE_N3_p14_fad_a11_lastfm0_03_h15_s1_20260410_053951_788816_pid537278_special_metrics.json
  Special log -> /workspace/jy1559/FMoE/experiments/run/artifacts/logs/fmoe_n3/special/final_all_datasets/P14/lastfm0.03/FMoEN3/lastfm0.03_FeaturedMoE_N3_p14_fad_a11_lastfm0_03_h15_s1_20260410_053951_788816_pid537278_special_metrics.json
=================================================================

[RUN_STATUS] END status=normal pid=537278 start=2026-04-10T05:39:51 end=2026-04-10T08:53:14
