[FINAL_ALL_DATASETS_SETTING_HEADER]
run_phase=P14_FAD_A3_LASTFM0_03_H2_S1 exp_brief=A3_NO_CATEGORY phase_id=P14 axis_id=FAD setting_id=A3_NO_CATEGORY_H2_S1 hparam_id=H2 seed=1
desc=A3_NO_CATEGORY_H2_S1
dataset=lastfm0.03 gpu=2 order=41
max_evals=20 tune_epochs=100 tune_patience=10
seed=91002

[COMMAND]
- /venv/FMoE/bin/python hyperopt_tune.py --config-name config --max-evals 20 --tune-epochs 100 --tune-patience 10 --seed 91002 --run-group fmoe_n3 --run-axis Final_all_datasets --run-phase P14_FAD_A3_LASTFM0_03_H2_S1 model=featured_moe_n3_tune dataset=lastfm0.03 eval_mode=session_fixed feature_mode=full_v3 gpu_id=2 log_wandb=false enable_tf32=true fmoe_debug_logging=false fmoe_diag_logging=true fmoe_special_logging=true fmoe_feature_ablation_logging=false fmoe_eval_logging_timing=final_only ++fmoe_logging_output_root="run/artifacts/logging" ++fmoe_logging_layout="axis_dataset_arch_hparam" ++fmoe_architecture_id="A3" ++fmoe_architecture_key="A3_NO_CATEGORY" ++fmoe_hparam_id="H2" ++fmoe_phase="P14" MAX_ITEM_LIST_LENGTH=20 train_batch_size=4096 eval_batch_size=4096 embedding_size=160 num_heads=4 attn_dropout_prob=0.1 d_ff=320 d_feat_emb=16 d_expert_hidden=160 d_router_hidden=80 expert_scale=3 ++search.learning_rate=[0.00015,0.008] ++search.weight_decay=[5e-07] ++search.hidden_dropout_prob=[0.12] ++search.lr_scheduler_type=["warmup_cosine"] ++search_space_type_overrides.learning_rate=loguniform ++search_space_type_overrides.weight_decay=choice ++search_space_type_overrides.hidden_dropout_prob=choice ++search_space_type_overrides.lr_scheduler_type=choice ++phase_run_type="final" ++phase_axis_id="FAD" ++phase_axis_desc="final_all_datasets" ++phase_setting_id="A3_NO_CATEGORY_H2_S1" ++phase_setting_key="A3_NO_CATEGORY" ++phase_hparam_id="H2" ++phase_seed_id=1 ++phase_run_id="FAD_A3_LASTFM0_03_H2_S1" ++layer_layout=["macro","mid","micro"] ++stage_compute_mode={macro:"moe",mid:"moe",micro:"moe"} ++stage_router_mode={macro:"learned",mid:"learned",micro:"learned"} ++stage_router_source={macro:"both",mid:"both",micro:"both"} ++stage_feature_injection={macro:"none",mid:"none",micro:"none"} ++topk_scope_mode="global_flat" ++moe_top_k=0 ++balance_loss_lambda=0.0 ++z_loss_lambda=0.0002 ++gate_entropy_lambda=0.0 ++route_smoothness_lambda=0.0 ++route_consistency_lambda=0.0008 ++route_sharpness_lambda=0.0 ++route_monopoly_lambda=0.0 ++route_monopoly_tau=0.25 ++route_prior_lambda=0.0 ++group_prior_align_lambda=0.0 ++factored_group_balance_lambda=0.0 ++rule_agreement_lambda=0.0 ++group_coverage_lambda=0.0 ++feature_group_bias_lambda=0.05 ++rule_bias_scale=0.1 ++primitive_balance_lambda=0.0 ++wrapper_group_feature_align_lambda=0.0 ++stage_router_primitives={macro:{a_joint:{source:"feature",temperature:1.0,top_k:0},b_group:{source:"feature",temperature:1.0,top_k:0},c_shared:{source:"feature",temperature:1.0,top_k:0},d_cond:{source:"feature",temperature:1.0,top_k:0},e_scalar:{source:"feature",temperature:1.0,top_k:0},wrapper:{alpha_d:1.0,alpha_struct:1.0,alpha_a:1.0}},mid:{a_joint:{source:"feature",temperature:1.0,top_k:0},b_group:{source:"feature",temperature:1.0,top_k:0},c_shared:{source:"feature",temperature:1.0,top_k:0},d_cond:{source:"feature",temperature:1.0,top_k:0},e_scalar:{source:"feature",temperature:1.0,top_k:0},wrapper:{alpha_d:1.0,alpha_struct:1.0,alpha_a:1.0}},micro:{a_joint:{source:"feature",temperature:1.0,top_k:0},b_group:{source:"feature",temperature:1.0,top_k:0},c_shared:{source:"feature",temperature:1.0,top_k:0},d_cond:{source:"feature",temperature:1.0,top_k:0},e_scalar:{source:"feature",temperature:1.0,top_k:0},wrapper:{alpha_d:1.0,alpha_struct:1.0,alpha_a:1.0}}} ++stage_router_wrapper={macro:"w4_bxd",mid:"w6_bxd_plus_a",micro:"w1_flat"} ++macro_history_window=5 ++stage_router_granularity={macro:"session",mid:"session",micro:"token"} ++stage_family_dropout_prob={macro:0.1,mid:0.1,micro:0.1} ++stage_feature_dropout_prob={macro:0.0,mid:0.0,micro:0.0} ++stage_feature_dropout_scope={macro:"token",mid:"token",micro:"token"} ++route_consistency_pairs=1 ++route_consistency_min_sim=0.995 ++stage_feature_drop_keywords=["cat","theme"]
/venv/FMoE/lib/python3.10/site-packages/ray/_private/parameter.py:4: UserWarning: pkg_resources is deprecated as an API. See https://setuptools.pypa.io/en/latest/pkg_resources.html. The pkg_resources package is slated for removal as early as 2025-11-30. Refrain from using this package or pin to Setuptools<81.
  import pkg_resources
[RUN_STATUS] START pid=39759 ts=2026-04-02T15:15:53

=================================================================
  Hyperopt TPE  |  FeaturedMoE_N3 x lastfm0.03
  max_evals=20  epochs=100  patience=10  wandb=off
  batch_size(train/valid/test)=4096/4096/4096
  track=fmoe_n3  axis=final_all_datasets  phase=P14_FAD_A3_LASTFM0_03_H2_S1
=================================================================
Changed knobs: learning_rate
Tuned params(len>1): 1  (~1 discrete combos)
Tuned groups: 1
  [optimization]
    learning_rate                   [0.00015, 0.008]                          -> loguniform
Fixed params(singleton/non-list): 3
Fixed groups: 3
  [optimization]
    hidden_dropout_prob             0.12                                    
    weight_decay                    5e-07                                   
  [other]
    lr_scheduler_type               warmup_cosine                           

[Wandb] disabled for this hyperopt run

[1/20] learning_rate=0.00769
  -> MRR@20=0.111100  best=0.111100  (full@100, trial=31.6min, avg=32.2min/trial, total=32.2min, ETA=10.20h)
[TRIAL_METRICS] cur_best_mrr20=0.111100 cur_best_hr10=0.148000 cur_test_mrr20=0.114900 cur_test_hr10=0.159900 run_best_mrr20=0.111100 run_best_hr10=0.148000 run_test_mrr20=0.114900 run_test_hr10=0.159900

[2/20] learning_rate=0.0003708
  -> MRR@20=0.233500  best=0.233500  (early_stop@52, trial=16.6min, avg=24.4min/trial, total=48.8min, ETA=7.32h)
[TRIAL_METRICS] cur_best_mrr20=0.233500 cur_best_hr10=0.286700 cur_test_mrr20=0.237000 cur_test_hr10=0.286400 run_best_mrr20=0.233500 run_best_hr10=0.286700 run_test_mrr20=0.237000 run_test_hr10=0.286400

[3/20] learning_rate=0.0002375
  -> MRR@20=0.233700  best=0.233700  (full@100, trial=32.0min, avg=26.9min/trial, total=1.35h, ETA=7.64h)
[TRIAL_METRICS] cur_best_mrr20=0.233700 cur_best_hr10=0.288900 cur_test_mrr20=0.238100 cur_test_hr10=0.291200 run_best_mrr20=0.233700 run_best_hr10=0.288900 run_test_mrr20=0.238100 run_test_hr10=0.291200

[4/20] learning_rate=0.00373
  -> MRR@20=0.212600  best=0.233700  (early_stop@16, trial=5.1min, avg=21.5min/trial, total=1.43h, ETA=5.73h)
[TRIAL_METRICS] cur_best_mrr20=0.212600 cur_best_hr10=0.272100 cur_test_mrr20=0.222300 cur_test_hr10=0.272300 run_best_mrr20=0.233700 run_best_hr10=0.288900 run_test_mrr20=0.238100 run_test_hr10=0.291200

[5/20] learning_rate=0.001112
  -> MRR@20=0.229600  best=0.233700  (early_stop@24, trial=7.5min, avg=18.7min/trial, total=1.56h, ETA=4.67h)
[TRIAL_METRICS] cur_best_mrr20=0.229600 cur_best_hr10=0.281200 cur_test_mrr20=0.234000 cur_test_hr10=0.281900 run_best_mrr20=0.233700 run_best_hr10=0.288900 run_test_mrr20=0.238100 run_test_hr10=0.291200

[6/20] learning_rate=0.0008311
  -> MRR@20=0.232800  best=0.233700  (early_stop@27, trial=8.5min, avg=17.0min/trial, total=1.70h, ETA=3.97h)
[TRIAL_METRICS] cur_best_mrr20=0.232800 cur_best_hr10=0.289400 cur_test_mrr20=0.234200 cur_test_hr10=0.285900 run_best_mrr20=0.233700 run_best_hr10=0.288900 run_test_mrr20=0.238100 run_test_hr10=0.291200

[7/20] learning_rate=0.0002591
  -> MRR@20=0.233000  best=0.233700  (early_stop@84, trial=26.4min, avg=18.3min/trial, total=2.14h, ETA=3.98h)
[TRIAL_METRICS] cur_best_mrr20=0.233000 cur_best_hr10=0.287500 cur_test_mrr20=0.237600 cur_test_hr10=0.289900 run_best_mrr20=0.233700 run_best_hr10=0.288900 run_test_mrr20=0.238100 run_test_hr10=0.291200

[8/20] learning_rate=0.00631
  -> MRR@20=0.213600  best=0.233700  (early_stop@16, trial=5.1min, avg=16.7min/trial, total=2.23h, ETA=3.34h)
[TRIAL_METRICS] cur_best_mrr20=0.213600 cur_best_hr10=0.262300 cur_test_mrr20=0.213000 cur_test_hr10=0.261700 run_best_mrr20=0.233700 run_best_hr10=0.288900 run_test_mrr20=0.238100 run_test_hr10=0.291200

[9/20] learning_rate=0.0004385
  -> MRR@20=0.234000  best=0.234000  (early_stop@43, trial=13.4min, avg=16.3min/trial, total=2.45h, ETA=2.99h)
[TRIAL_METRICS] cur_best_mrr20=0.234000 cur_best_hr10=0.288300 cur_test_mrr20=0.238500 cur_test_hr10=0.289600 run_best_mrr20=0.234000 run_best_hr10=0.288300 run_test_mrr20=0.238500 run_test_hr10=0.289600

[10/20] learning_rate=0.0002165
  -> MRR@20=0.231700  best=0.234000  (early_stop@96, trial=30.1min, avg=17.7min/trial, total=2.95h, ETA=2.95h)
[TRIAL_METRICS] cur_best_mrr20=0.231700 cur_best_hr10=0.291000 cur_test_mrr20=0.237000 cur_test_hr10=0.294100 run_best_mrr20=0.234000 run_best_hr10=0.288300 run_test_mrr20=0.238500 run_test_hr10=0.289600

[11/20] learning_rate=0.0003729
  -> MRR@20=0.233200  best=0.234000  (early_stop@52, trial=16.2min, avg=17.6min/trial, total=3.22h, ETA=2.63h)
[TRIAL_METRICS] cur_best_mrr20=0.233200 cur_best_hr10=0.287000 cur_test_mrr20=0.237300 cur_test_hr10=0.286400 run_best_mrr20=0.234000 run_best_hr10=0.288300 run_test_mrr20=0.238500 run_test_hr10=0.289600

[12/20] learning_rate=0.0005582
  -> MRR@20=0.233500  best=0.234000  (early_stop@35, trial=10.8min, avg=17.0min/trial, total=3.40h, ETA=2.27h)
[TRIAL_METRICS] cur_best_mrr20=0.233500 cur_best_hr10=0.287300 cur_test_mrr20=0.238500 cur_test_hr10=0.288000 run_best_mrr20=0.234000 run_best_hr10=0.288300 run_test_mrr20=0.238500 run_test_hr10=0.289600

[13/20] learning_rate=0.001542
  -> MRR@20=0.226300  best=0.234000  (early_stop@19, trial=5.9min, avg=16.2min/trial, total=3.50h, ETA=1.88h)
[TRIAL_METRICS] cur_best_mrr20=0.226300 cur_best_hr10=0.289900 cur_test_mrr20=0.231200 cur_test_hr10=0.285600 run_best_mrr20=0.234000 run_best_hr10=0.288300 run_test_mrr20=0.238500 run_test_hr10=0.289600

[14/20] learning_rate=0.002479
  -> MRR@20=0.225400  best=0.234000  (early_stop@17, trial=5.3min, avg=15.4min/trial, total=3.59h, ETA=1.54h)
[TRIAL_METRICS] cur_best_mrr20=0.225400 cur_best_hr10=0.280900 cur_test_mrr20=0.226500 cur_test_hr10=0.282100 run_best_mrr20=0.234000 run_best_hr10=0.288300 run_test_mrr20=0.238500 run_test_hr10=0.289600

[15/20] learning_rate=0.0005878
  -> MRR@20=0.233300  best=0.234000  (early_stop@34, trial=10.7min, avg=15.1min/trial, total=3.77h, ETA=1.26h)
[TRIAL_METRICS] cur_best_mrr20=0.233300 cur_best_hr10=0.284100 cur_test_mrr20=0.235200 cur_test_hr10=0.284800 run_best_mrr20=0.234000 run_best_hr10=0.288300 run_test_mrr20=0.238500 run_test_hr10=0.289600

[16/20] learning_rate=0.00184
  -> MRR@20=0.227400  best=0.234000  (early_stop@17, trial=5.3min, avg=14.5min/trial, total=3.86h, ETA=57.8min)
[TRIAL_METRICS] cur_best_mrr20=0.227400 cur_best_hr10=0.292100 cur_test_mrr20=0.227800 cur_test_hr10=0.288000 run_best_mrr20=0.234000 run_best_hr10=0.288300 run_test_mrr20=0.238500 run_test_hr10=0.289600

[17/20] learning_rate=0.0006297
  -> MRR@20=0.233300  best=0.234000  (early_stop@33, trial=10.2min, avg=14.2min/trial, total=4.03h, ETA=42.6min)
[TRIAL_METRICS] cur_best_mrr20=0.233300 cur_best_hr10=0.285700 cur_test_mrr20=0.235000 cur_test_hr10=0.284800 run_best_mrr20=0.234000 run_best_hr10=0.288300 run_test_mrr20=0.238500 run_test_hr10=0.289600

[18/20] learning_rate=0.0001952
  -> MRR@20=0.228600  best=0.234000  (early_stop@95, trial=30.0min, avg=15.1min/trial, total=4.52h, ETA=30.2min)
[TRIAL_METRICS] cur_best_mrr20=0.228600 cur_best_hr10=0.293100 cur_test_mrr20=0.234700 cur_test_hr10=0.296800 run_best_mrr20=0.234000 run_best_hr10=0.288300 run_test_mrr20=0.238500 run_test_hr10=0.289600

[19/20] learning_rate=0.0001885
  -> MRR@20=0.228100  best=0.234000  (full@100, trial=32.7min, avg=16.0min/trial, total=5.07h, ETA=16.0min)
[TRIAL_METRICS] cur_best_mrr20=0.228100 cur_best_hr10=0.293400 cur_test_mrr20=0.234300 cur_test_hr10=0.296500 run_best_mrr20=0.234000 run_best_hr10=0.288300 run_test_mrr20=0.238500 run_test_hr10=0.289600

[20/20] learning_rate=0.0001626
  -> MRR@20=0.223600  best=0.234000  (full@100, trial=31.5min, avg=16.8min/trial, total=5.60h, ETA=0s)
[TRIAL_METRICS] cur_best_mrr20=0.223600 cur_best_hr10=0.296600 cur_test_mrr20=0.229500 cur_test_hr10=0.296200 run_best_mrr20=0.234000 run_best_hr10=0.288300 run_test_mrr20=0.238500 run_test_hr10=0.289600
[1;35mEvaluate   [0m:   0%|                                                            | 0/1 [00:00<?, ?it/s][0m[1;35mEvaluate   [0m:   0%|                                  | 0/1 [00:01<?, ?it/s, [1;33mGPU RAM: 11.44 G/23.56 G[0m][0m[1;35mEvaluate   [0m: 100%|██████████████████████████| 1/1 [00:01<00:00,  1.61s/it, [1;33mGPU RAM: 11.44 G/23.56 G[0m][0m                                                                                                    [1;35mEvaluate   [0m:   0%|                                                            | 0/1 [00:00<?, ?it/s][0m[1;35mEvaluate   [0m:   0%|                                  | 0/1 [00:01<?, ?it/s, [1;33mGPU RAM: 11.44 G/23.56 G[0m][0m[1;35mEvaluate   [0m: 100%|██████████████████████████| 1/1 [00:01<00:00,  1.70s/it, [1;33mGPU RAM: 11.44 G/23.56 G[0m][0m                                                                                                    [1;35mEvaluate   [0m:   0%|                                                            | 0/1 [00:00<?, ?it/s][0m[1;35mEvaluate   [0m:   0%|                                  | 0/1 [00:01<?, ?it/s, [1;33mGPU RAM: 11.44 G/23.56 G[0m][0m[1;35mEvaluate   [0m: 100%|██████████████████████████| 1/1 [00:01<00:00,  1.63s/it, [1;33mGPU RAM: 11.44 G/23.56 G[0m][0m                                                                                                    
=================================================================
  DONE  |  FeaturedMoE_N3 x lastfm0.03
  Best MRR@20 = 0.234000  |  20/20 trials OK
  Best HR@10  = 0.288300
  Test MRR@20 = 0.238500  (best-valid checkpoint)
  Test HR@10  = 0.289600  (best-valid checkpoint)
[RUN_METRICS] best_valid_mrr20=0.234000 best_valid_hr10=0.288300 test_mrr20=0.238500 test_hr10=0.289600
  Total time: 335.8 min
  Best params:
    learning_rate: 0.000438495
  Results -> /workspace/jy1559/FMoE/experiments/run/artifacts/results/fmoe_n3/lastfm0.03_FeaturedMoE_N3_p14_fad_a3_lastfm0_03_h2_s1_20260402_151553_718238_pid39759.json
  Normal mirror -> /workspace/jy1559/FMoE/experiments/run/artifacts/results/fmoe_n3/normal/final_all_datasets/P14/lastfm0.03/FMoEN3/lastfm0.03_FeaturedMoE_N3_p14_fad_a3_lastfm0_03_h2_s1_20260402_151553_718238_pid39759.json
  Special result -> /workspace/jy1559/FMoE/experiments/run/artifacts/results/fmoe_n3/special/final_all_datasets/P14/lastfm0.03/FMoEN3/lastfm0.03_FeaturedMoE_N3_p14_fad_a3_lastfm0_03_h2_s1_20260402_151553_718238_pid39759_special_metrics.json
  Special log -> /workspace/jy1559/FMoE/experiments/run/artifacts/logs/fmoe_n3/special/final_all_datasets/P14/lastfm0.03/FMoEN3/lastfm0.03_FeaturedMoE_N3_p14_fad_a3_lastfm0_03_h2_s1_20260402_151553_718238_pid39759_special_metrics.json
=================================================================

[RUN_STATUS] END status=normal pid=39759 start=2026-04-02T15:15:53 end=2026-04-02T20:51:43
