[WIDESEARCH_ANCHOR2_CORE5_SETTING_HEADER]
run_phase=P15_WS_D00_M01_SASREC_C4D1_S1 run_id=WS_LASTFM0_03_SASREC_C4D1_S1 phase_id=P15 axis_id=WS model=SASRec profile_id=C4D1 seed=1
dataset=lastfm0.03 gpu=5 order=0
max_evals=10 tune_epochs=42 tune_patience=9
seed=150012

[COMMAND]
- /venv/FMoE/bin/python hyperopt_tune.py --config-name tune_lfm_small --max-evals 10 --tune-epochs 42 --tune-patience 9 --seed 150012 --run-group baseline --run-axis WideSearch_anchor2_core5 --run-phase P15_WS_D00_M01_SASREC_C4D1_S1 model=sasrec dataset=lastfm0.03 eval_mode=session_fixed feature_mode=full_v3 gpu_id=5 log_wandb=false show_progress=false ++special_logging=true ++seed=150012 ++search={learning_rate:[2e-05,0.000255]} ++search_space_type_overrides={learning_rate:"loguniform"} ++weight_decay=0.000504 ++search.weight_decay=[0.000504] ++search_space_type_overrides.weight_decay=choice ++search.hidden_size=[120] ++search_space_type_overrides.hidden_size=choice ++search.embedding_size=[120] ++search_space_type_overrides.embedding_size=choice ++search.inner_size=[240] ++search_space_type_overrides.inner_size=choice ++search.n_layers=[1] ++search_space_type_overrides.n_layers=choice ++search.num_layers=[1] ++search_space_type_overrides.num_layers=choice ++search.n_heads=[4] ++search_space_type_overrides.n_heads=choice ++search.num_heads=[4] ++search_space_type_overrides.num_heads=choice ++search.dropout_ratio=[0.22] ++search_space_type_overrides.dropout_ratio=choice ++search.dropout_prob=[0.22] ++search_space_type_overrides.dropout_prob=choice ++search.hidden_dropout_prob=[0.22] ++search_space_type_overrides.hidden_dropout_prob=choice ++search.attn_dropout_prob=[0.22] ++search_space_type_overrides.attn_dropout_prob=choice ++search.num_experts=[4] ++search_space_type_overrides.num_experts=choice ++dropout_ratio=0.22 ++train_batch_size=5529 ++eval_batch_size=8294 ++hidden_size=120 ++embedding_size=120 ++MAX_ITEM_LIST_LENGTH=8 ++n_layers=1 ++num_layers=1 ++n_heads=4 ++num_heads=4 ++inner_size=240
/venv/FMoE/lib/python3.10/site-packages/ray/_private/parameter.py:4: UserWarning: pkg_resources is deprecated as an API. See https://setuptools.pypa.io/en/latest/pkg_resources.html. The pkg_resources package is slated for removal as early as 2025-11-30. Refrain from using this package or pin to Setuptools<81.
  import pkg_resources
[RUN_STATUS] START pid=373872 ts=2026-03-28T17:22:41

=================================================================
  Hyperopt TPE  |  SASRec x lastfm0.03
  max_evals=10  epochs=42  patience=9  wandb=off
  batch_size(train/valid/test)=5529/8294/8294
  track=baseline  axis=widesearch_anchor2_core5  phase=P15_WS_D00_M01_SASREC_C4D1_S1
=================================================================
Changed knobs: learning_rate
Tuned params(len>1): 1  (~1 discrete combos)
Tuned groups: 1
  [optimization]
    learning_rate                   [2e-05, 0.000255]                         -> loguniform
Fixed params(singleton/non-list): 13
Fixed groups: 13
  [optimization]
    hidden_dropout_prob             0.22                                    
    weight_decay                    0.000504                                
  [model_core]
    attn_dropout_prob               0.22                                    
    dropout_prob                    0.22                                    
    dropout_ratio                   0.22                                    
    embedding_size                  120                                     
    hidden_size                     120                                     
    inner_size                      240                                     
    num_heads                       4                                       
    num_layers                      1                                       
  [other]
    n_heads                         4                                       
    n_layers                        1                                       
    num_experts                     4                                       

[Wandb] disabled for this hyperopt run

[1/10] learning_rate=0.0001019
  -> MRR@20=0.090500  best=0.090500  (full@42, trial=3.1min, avg=3.3min/trial, total=3.3min, ETA=29.7min)
[TRIAL_METRICS] cur_best_mrr20=0.090500 cur_best_hr10=0.190300 cur_test_mrr20=0.089700 cur_test_hr10=0.182500 run_best_mrr20=0.090500 run_best_hr10=0.190300 run_test_mrr20=0.089700 run_test_hr10=0.182500

[2/10] learning_rate=9.666e-05
  -> MRR@20=0.090600  best=0.090600  (full@42, trial=3.1min, avg=3.2min/trial, total=6.4min, ETA=25.5min)
[TRIAL_METRICS] cur_best_mrr20=0.090600 cur_best_hr10=0.189700 cur_test_mrr20=0.088200 cur_test_hr10=0.183000 run_best_mrr20=0.090600 run_best_hr10=0.189700 run_test_mrr20=0.088200 run_test_hr10=0.183000

[3/10] learning_rate=4.062e-05
  -> MRR@20=0.082300  best=0.090600  (full@42, trial=3.1min, avg=3.1min/trial, total=9.4min, ETA=22.0min)
[TRIAL_METRICS] cur_best_mrr20=0.082300 cur_best_hr10=0.174100 cur_test_mrr20=0.079300 cur_test_hr10=0.168200 run_best_mrr20=0.090600 run_best_hr10=0.189700 run_test_mrr20=0.088200 run_test_hr10=0.183000

[4/10] learning_rate=3.342e-05
  -> MRR@20=0.079400  best=0.090600  (full@42, trial=3.0min, avg=3.1min/trial, total=12.5min, ETA=18.7min)
[TRIAL_METRICS] cur_best_mrr20=0.079400 cur_best_hr10=0.172200 cur_test_mrr20=0.077400 cur_test_hr10=0.167600 run_best_mrr20=0.090600 run_best_hr10=0.189700 run_test_mrr20=0.088200 run_test_hr10=0.183000

[5/10] learning_rate=5.136e-05
  -> MRR@20=0.083700  best=0.090600  (full@42, trial=3.0min, avg=3.1min/trial, total=15.5min, ETA=15.5min)
[TRIAL_METRICS] cur_best_mrr20=0.083700 cur_best_hr10=0.173800 cur_test_mrr20=0.082200 cur_test_hr10=0.171100 run_best_mrr20=0.090600 run_best_hr10=0.189700 run_test_mrr20=0.088200 run_test_hr10=0.183000

[6/10] learning_rate=4.437e-05
  -> MRR@20=0.082800  best=0.090600  (full@42, trial=3.0min, avg=3.1min/trial, total=18.5min, ETA=12.4min)
[TRIAL_METRICS] cur_best_mrr20=0.082800 cur_best_hr10=0.174600 cur_test_mrr20=0.079300 cur_test_hr10=0.169200 run_best_mrr20=0.090600 run_best_hr10=0.189700 run_test_mrr20=0.088200 run_test_hr10=0.183000

[7/10] learning_rate=2.83e-05
  -> MRR@20=0.075600  best=0.090600  (full@42, trial=3.0min, avg=3.1min/trial, total=21.6min, ETA=9.3min)
[TRIAL_METRICS] cur_best_mrr20=0.075600 cur_best_hr10=0.170600 cur_test_mrr20=0.072000 cur_test_hr10=0.159700 run_best_mrr20=0.090600 run_best_hr10=0.189700 run_test_mrr20=0.088200 run_test_hr10=0.183000

[8/10] learning_rate=4.513e-05
  -> MRR@20=0.082600  best=0.090600  (full@42, trial=3.1min, avg=3.1min/trial, total=24.7min, ETA=6.2min)
[TRIAL_METRICS] cur_best_mrr20=0.082600 cur_best_hr10=0.176200 cur_test_mrr20=0.079600 cur_test_hr10=0.170600 run_best_mrr20=0.090600 run_best_hr10=0.189700 run_test_mrr20=0.088200 run_test_hr10=0.183000

[9/10] learning_rate=0.0001074
  -> MRR@20=0.090800  best=0.090800  (full@42, trial=3.0min, avg=3.1min/trial, total=27.7min, ETA=3.1min)
[TRIAL_METRICS] cur_best_mrr20=0.090800 cur_best_hr10=0.191300 cur_test_mrr20=0.089500 cur_test_hr10=0.183800 run_best_mrr20=0.090800 run_best_hr10=0.191300 run_test_mrr20=0.089500 run_test_hr10=0.183800

[10/10] learning_rate=0.0002171
  -> MRR@20=0.100500  best=0.100500  (full@42, trial=3.1min, avg=3.1min/trial, total=30.8min, ETA=0s)
[TRIAL_METRICS] cur_best_mrr20=0.100500 cur_best_hr10=0.209700 cur_test_mrr20=0.100100 cur_test_hr10=0.202700 run_best_mrr20=0.100500 run_best_hr10=0.209700 run_test_mrr20=0.100100 run_test_hr10=0.202700

=================================================================
  DONE  |  SASRec x lastfm0.03
  Best MRR@20 = 0.100500  |  10/10 trials OK
  Best HR@10  = 0.209700
  Test MRR@20 = 0.100100  (best-valid checkpoint)
  Test HR@10  = 0.202700  (best-valid checkpoint)
[RUN_METRICS] best_valid_mrr20=0.100500 best_valid_hr10=0.209700 test_mrr20=0.100100 test_hr10=0.202700
  Total time: 30.8 min
  Best params:
    learning_rate: 0.000217065
  Results -> /workspace/jy1559/FMoE/experiments/run/artifacts/results/baseline/lastfm0.03_SASRec_p15_ws_d00_m01_sasrec_c4d1_s1_20260328_172242_184098_pid373872.json
  Normal mirror -> /workspace/jy1559/FMoE/experiments/run/artifacts/results/baseline/normal/widesearch_anchor2_core5/P15/lastfm0.03/SASRec/lastfm0.03_SASRec_p15_ws_d00_m01_sasrec_c4d1_s1_20260328_172242_184098_pid373872.json
  Special result -> /workspace/jy1559/FMoE/experiments/run/artifacts/results/baseline/special/widesearch_anchor2_core5/P15/lastfm0.03/SASRec/lastfm0.03_SASRec_p15_ws_d00_m01_sasrec_c4d1_s1_20260328_172242_184098_pid373872_special_metrics.json
  Special log -> /workspace/jy1559/FMoE/experiments/run/artifacts/logs/baseline/special/widesearch_anchor2_core5/P15/lastfm0.03/SASRec/lastfm0.03_SASRec_p15_ws_d00_m01_sasrec_c4d1_s1_20260328_172242_184098_pid373872_special_metrics.json
=================================================================

[RUN_STATUS] END status=normal pid=373872 start=2026-03-28T17:22:41 end=2026-03-28T17:53:30
