[STAGEE_RELRSEED_ANCHOR2_CORE5_SETTING_HEADER]
run_phase=P20_SC_D00_M02_P01_DUOREC_D8_E1_S1 run_id=SC_LASTFM0_03_DUOREC_D8_E1_S1 phase_id=P20 axis_id=SC model=DuoRec profile_id=E1 parent_profile_id=D8 seed=1
dataset=lastfm0.03 gpu=6 order=0 lr_band=LR2,LR3 lr_lo=0.00024238250911845366 lr_hi=0.00299759092734816
max_evals=8 tune_epochs=50 tune_patience=8
seed=200020

[COMMAND]
- /venv/FMoE/bin/python hyperopt_tune.py --config-name tune_lfm_small --max-evals 8 --tune-epochs 50 --tune-patience 8 --seed 200020 --run-group baseline --run-axis StageE_ReLRSeed_anchor2_core5 --run-phase P20_SC_D00_M02_P01_DUOREC_D8_E1_S1 model=duorec dataset=lastfm0.03 eval_mode=session_fixed feature_mode=full_v3 gpu_id=6 log_wandb=false show_progress=false ++special_logging=true ++seed=200020 ++search={learning_rate:[0.00024238250911845366,0.00299759092734816]} ++search_space_type_overrides={learning_rate:"loguniform"} ++MAX_ITEM_LIST_LENGTH=10 ++weight_decay=0.00016335 ++search.weight_decay=[0.00016335] ++search_space_type_overrides.weight_decay=choice ++search.hidden_size=[152] ++search_space_type_overrides.hidden_size=choice ++search.embedding_size=[152] ++search_space_type_overrides.embedding_size=choice ++search.n_layers=[1] ++search_space_type_overrides.n_layers=choice ++search.num_layers=[1] ++search_space_type_overrides.num_layers=choice ++search.dropout_ratio=[0.14] ++search_space_type_overrides.dropout_ratio=choice ++search.dropout_prob=[0.14] ++search_space_type_overrides.dropout_prob=choice ++search.hidden_dropout_prob=[0.14] ++search_space_type_overrides.hidden_dropout_prob=choice ++search.attn_dropout_prob=[0.14] ++search_space_type_overrides.attn_dropout_prob=choice ++search.inner_size=[304] ++search_space_type_overrides.inner_size=choice ++search.n_heads=[4] ++search_space_type_overrides.n_heads=choice ++search.num_heads=[4] ++search_space_type_overrides.num_heads=choice ++dropout_ratio=0.14 ++hidden_size=152 ++embedding_size=152 ++n_layers=1 ++num_layers=1 ++n_heads=4 ++num_heads=4 ++inner_size=304 ++contrast=su ++tau=0.4 ++lmd=0.02 ++lmd_sem=0.06 ++semantic_sample_max_tries=2 ++train_batch_size=1024 ++eval_batch_size=1536
/venv/FMoE/lib/python3.10/site-packages/ray/_private/parameter.py:4: UserWarning: pkg_resources is deprecated as an API. See https://setuptools.pypa.io/en/latest/pkg_resources.html. The pkg_resources package is slated for removal as early as 2025-11-30. Refrain from using this package or pin to Setuptools<81.
  import pkg_resources
[RUN_STATUS] START pid=103206 ts=2026-04-04T08:01:26

=================================================================
  Hyperopt TPE  |  DuoRec x lastfm0.03
  max_evals=8  epochs=50  patience=8  wandb=off
  batch_size(train/valid/test)=1024/1536/1536
  track=baseline  axis=stagee_relrseed_anchor2_core5  phase=P20_SC_D00_M02_P01_DUOREC_D8_E1_S1
=================================================================
Changed knobs: learning_rate
Tuned params(len>1): 1  (~1 discrete combos)
Tuned groups: 1
  [optimization]
    learning_rate                   [0.00024238250911845366, 0.00299759092734816]  -> loguniform
Fixed params(singleton/non-list): 12
Fixed groups: 12
  [optimization]
    hidden_dropout_prob             0.14                                    
    weight_decay                    0.00016335                              
  [model_core]
    attn_dropout_prob               0.14                                    
    dropout_prob                    0.14                                    
    dropout_ratio                   0.14                                    
    embedding_size                  152                                     
    hidden_size                     152                                     
    inner_size                      304                                     
    num_heads                       4                                       
    num_layers                      1                                       
  [other]
    n_heads                         4                                       
    n_layers                        1                                       

[Wandb] disabled for this hyperopt run

[1/8] learning_rate=0.00161
  -> MRR@20=0.200000  best=0.200000  (full@50, trial=23.9min, avg=24.1min/trial, total=24.1min, ETA=2.81h)
[TRIAL_METRICS] cur_best_mrr20=0.200000 cur_best_hr10=0.264900 cur_test_mrr20=0.203000 cur_test_hr10=0.263300 run_best_mrr20=0.200000 run_best_hr10=0.264900 run_test_mrr20=0.203000 run_test_hr10=0.263300

[2/8] learning_rate=0.002104
  -> MRR@20=0.193500  best=0.200000  (full@50, trial=23.3min, avg=23.7min/trial, total=47.5min, ETA=2.37h)
[TRIAL_METRICS] cur_best_mrr20=0.193500 cur_best_hr10=0.258300 cur_test_mrr20=0.194200 cur_test_hr10=0.257700 run_best_mrr20=0.200000 run_best_hr10=0.264900 run_test_mrr20=0.203000 run_test_hr10=0.263300

[3/8] learning_rate=0.0008864
  -> MRR@20=0.203100  best=0.203100  (early_stop@47, trial=22.3min, avg=23.3min/trial, total=1.16h, ETA=1.94h)
[TRIAL_METRICS] cur_best_mrr20=0.203100 cur_best_hr10=0.272400 cur_test_mrr20=0.203300 cur_test_hr10=0.266500 run_best_mrr20=0.203100 run_best_hr10=0.272400 run_test_mrr20=0.203300 run_test_hr10=0.266500

[4/8] learning_rate=0.001785
  -> MRR@20=0.196700  best=0.203100  (full@50, trial=23.8min, avg=23.4min/trial, total=1.56h, ETA=1.56h)
[TRIAL_METRICS] cur_best_mrr20=0.196700 cur_best_hr10=0.260700 cur_test_mrr20=0.199600 cur_test_hr10=0.260600 run_best_mrr20=0.203100 run_best_hr10=0.272400 run_test_mrr20=0.203300 run_test_hr10=0.266500

[5/8] learning_rate=0.0003561
  -> MRR@20=0.190900  best=0.203100  (full@50, trial=23.6min, avg=23.4min/trial, total=1.95h, ETA=1.17h)
[TRIAL_METRICS] cur_best_mrr20=0.190900 cur_best_hr10=0.261200 cur_test_mrr20=0.191900 cur_test_hr10=0.254300 run_best_mrr20=0.203100 run_best_hr10=0.272400 run_test_mrr20=0.203300 run_test_hr10=0.266500

[6/8] learning_rate=0.0009889
  -> MRR@20=0.205500  best=0.205500  (full@50, trial=24.7min, avg=23.6min/trial, total=2.36h, ETA=47.3min)
[TRIAL_METRICS] cur_best_mrr20=0.205500 cur_best_hr10=0.272400 cur_test_mrr20=0.206400 cur_test_hr10=0.267800 run_best_mrr20=0.205500 run_best_hr10=0.272400 run_test_mrr20=0.206400 run_test_hr10=0.267800

[7/8] learning_rate=0.0006967
  -> MRR@20=0.206100  best=0.206100  (full@50, trial=24.0min, avg=23.7min/trial, total=2.76h, ETA=23.7min)
[TRIAL_METRICS] cur_best_mrr20=0.206100 cur_best_hr10=0.272100 cur_test_mrr20=0.207100 cur_test_hr10=0.267000 run_best_mrr20=0.206100 run_best_hr10=0.272100 run_test_mrr20=0.207100 run_test_hr10=0.267000

[8/8] learning_rate=0.0003084
  -> MRR@20=0.187300  best=0.206100  (full@50, trial=23.4min, avg=23.7min/trial, total=3.15h, ETA=0s)
[TRIAL_METRICS] cur_best_mrr20=0.187300 cur_best_hr10=0.254800 cur_test_mrr20=0.187400 cur_test_hr10=0.251900 run_best_mrr20=0.206100 run_best_hr10=0.272100 run_test_mrr20=0.207100 run_test_hr10=0.267000

=================================================================
  DONE  |  DuoRec x lastfm0.03
  Best MRR@20 = 0.206100  |  8/8 trials OK
  Best HR@10  = 0.272100
  Test MRR@20 = 0.207100  (best-valid checkpoint)
  Test HR@10  = 0.267000  (best-valid checkpoint)
[RUN_METRICS] best_valid_mrr20=0.206100 best_valid_hr10=0.272100 test_mrr20=0.207100 test_hr10=0.267000
  Total time: 189.3 min
  Best params:
    learning_rate: 0.000696667
  Results -> /workspace/jy1559/FMoE/experiments/run/artifacts/results/baseline/lastfm0.03_DuoRec_p20_sc_d00_m02_p01_duorec_d8_e1_s1_20260404_080126_944322_pid103206.json
  Normal mirror -> /workspace/jy1559/FMoE/experiments/run/artifacts/results/baseline/normal/stagee_relrseed_anchor2_core5/P20/lastfm0.03/DuoRec/lastfm0.03_DuoRec_p20_sc_d00_m02_p01_duorec_d8_e1_s1_20260404_080126_944322_pid103206.json
  Special result -> /workspace/jy1559/FMoE/experiments/run/artifacts/results/baseline/special/stagee_relrseed_anchor2_core5/P20/lastfm0.03/DuoRec/lastfm0.03_DuoRec_p20_sc_d00_m02_p01_duorec_d8_e1_s1_20260404_080126_944322_pid103206_special_metrics.json
  Special log -> /workspace/jy1559/FMoE/experiments/run/artifacts/logs/baseline/special/stagee_relrseed_anchor2_core5/P20/lastfm0.03/DuoRec/lastfm0.03_DuoRec_p20_sc_d00_m02_p01_duorec_d8_e1_s1_20260404_080126_944322_pid103206_special_metrics.json
=================================================================

[RUN_STATUS] END status=normal pid=103206 start=2026-04-04T08:01:26 end=2026-04-04T11:10:43
