[STAGEE_RELRSEED_ANCHOR2_CORE5_SETTING_HEADER]
run_phase=P20_SC_D00_M02_P01_DUOREC_D8_E2_S2 run_id=SC_LASTFM0_03_DUOREC_D8_E2_S2 phase_id=P20 axis_id=SC model=DuoRec profile_id=E2 parent_profile_id=D8 seed=2
dataset=lastfm0.03 gpu=7 order=0 lr_band=LR2,LR3 lr_lo=0.00031670188473665554 lr_hi=0.0034118921124288
max_evals=8 tune_epochs=50 tune_patience=8
seed=200023

[COMMAND]
- /venv/FMoE/bin/python hyperopt_tune.py --config-name tune_lfm_small --max-evals 8 --tune-epochs 50 --tune-patience 8 --seed 200023 --run-group baseline --run-axis StageE_ReLRSeed_anchor2_core5 --run-phase P20_SC_D00_M02_P01_DUOREC_D8_E2_S2 model=duorec dataset=lastfm0.03 eval_mode=session_fixed feature_mode=full_v3 gpu_id=7 log_wandb=false show_progress=false ++special_logging=true ++seed=200023 ++search={learning_rate:[0.00031670188473665554,0.0034118921124288]} ++search_space_type_overrides={learning_rate:"loguniform"} ++MAX_ITEM_LIST_LENGTH=10 ++weight_decay=0.00016335 ++search.weight_decay=[0.00016335] ++search_space_type_overrides.weight_decay=choice ++search.hidden_size=[152] ++search_space_type_overrides.hidden_size=choice ++search.embedding_size=[152] ++search_space_type_overrides.embedding_size=choice ++search.n_layers=[1] ++search_space_type_overrides.n_layers=choice ++search.num_layers=[1] ++search_space_type_overrides.num_layers=choice ++search.dropout_ratio=[0.14] ++search_space_type_overrides.dropout_ratio=choice ++search.dropout_prob=[0.14] ++search_space_type_overrides.dropout_prob=choice ++search.hidden_dropout_prob=[0.14] ++search_space_type_overrides.hidden_dropout_prob=choice ++search.attn_dropout_prob=[0.14] ++search_space_type_overrides.attn_dropout_prob=choice ++search.inner_size=[304] ++search_space_type_overrides.inner_size=choice ++search.n_heads=[4] ++search_space_type_overrides.n_heads=choice ++search.num_heads=[4] ++search_space_type_overrides.num_heads=choice ++dropout_ratio=0.14 ++hidden_size=152 ++embedding_size=152 ++n_layers=1 ++num_layers=1 ++n_heads=4 ++num_heads=4 ++inner_size=304 ++contrast=su ++tau=0.4 ++lmd=0.02 ++lmd_sem=0.06 ++semantic_sample_max_tries=2 ++train_batch_size=1024 ++eval_batch_size=1536
/venv/FMoE/lib/python3.10/site-packages/ray/_private/parameter.py:4: UserWarning: pkg_resources is deprecated as an API. See https://setuptools.pypa.io/en/latest/pkg_resources.html. The pkg_resources package is slated for removal as early as 2025-11-30. Refrain from using this package or pin to Setuptools<81.
  import pkg_resources
[RUN_STATUS] START pid=103811 ts=2026-04-04T08:09:10

=================================================================
  Hyperopt TPE  |  DuoRec x lastfm0.03
  max_evals=8  epochs=50  patience=8  wandb=off
  batch_size(train/valid/test)=1024/1536/1536
  track=baseline  axis=stagee_relrseed_anchor2_core5  phase=P20_SC_D00_M02_P01_DUOREC_D8_E2_S2
=================================================================
Changed knobs: learning_rate
Tuned params(len>1): 1  (~1 discrete combos)
Tuned groups: 1
  [optimization]
    learning_rate                   [0.00031670188473665554, 0.0034118921124288]  -> loguniform
Fixed params(singleton/non-list): 12
Fixed groups: 12
  [optimization]
    hidden_dropout_prob             0.14                                    
    weight_decay                    0.00016335                              
  [model_core]
    attn_dropout_prob               0.14                                    
    dropout_prob                    0.14                                    
    dropout_ratio                   0.14                                    
    embedding_size                  152                                     
    hidden_size                     152                                     
    inner_size                      304                                     
    num_heads                       4                                       
    num_layers                      1                                       
  [other]
    n_heads                         4                                       
    n_layers                        1                                       

[Wandb] disabled for this hyperopt run

[1/8] learning_rate=0.0005139
  -> MRR@20=0.200600  best=0.200600  (full@50, trial=23.6min, avg=23.9min/trial, total=23.9min, ETA=2.78h)
[TRIAL_METRICS] cur_best_mrr20=0.200600 cur_best_hr10=0.269500 cur_test_mrr20=0.203800 cur_test_hr10=0.266200 run_best_mrr20=0.200600 run_best_hr10=0.269500 run_test_mrr20=0.203800 run_test_hr10=0.266200

[2/8] learning_rate=0.002569
  -> MRR@20=0.184400  best=0.200600  (full@50, trial=23.6min, avg=23.7min/trial, total=47.5min, ETA=2.37h)
[TRIAL_METRICS] cur_best_mrr20=0.184400 cur_best_hr10=0.252500 cur_test_mrr20=0.186300 cur_test_hr10=0.244200 run_best_mrr20=0.200600 run_best_hr10=0.269500 run_test_mrr20=0.203800 run_test_hr10=0.266200

[3/8] learning_rate=0.001629
  -> MRR@20=0.199700  best=0.200600  (full@50, trial=23.4min, avg=23.6min/trial, total=1.18h, ETA=1.97h)
[TRIAL_METRICS] cur_best_mrr20=0.199700 cur_best_hr10=0.270300 cur_test_mrr20=0.200500 cur_test_hr10=0.262800 run_best_mrr20=0.200600 run_best_hr10=0.269500 run_test_mrr20=0.203800 run_test_hr10=0.266200

[4/8] learning_rate=0.000629
  -> MRR@20=0.202000  best=0.202000  (full@50, trial=23.4min, avg=23.6min/trial, total=1.57h, ETA=1.57h)
[TRIAL_METRICS] cur_best_mrr20=0.202000 cur_best_hr10=0.268100 cur_test_mrr20=0.204400 cur_test_hr10=0.266200 run_best_mrr20=0.202000 run_best_hr10=0.268100 run_test_mrr20=0.204400 run_test_hr10=0.266200

[5/8] learning_rate=0.002206
  -> MRR@20=0.192300  best=0.202000  (early_stop@48, trial=22.5min, avg=23.4min/trial, total=1.95h, ETA=1.17h)
[TRIAL_METRICS] cur_best_mrr20=0.192300 cur_best_hr10=0.260400 cur_test_mrr20=0.192000 cur_test_hr10=0.255800 run_best_mrr20=0.202000 run_best_hr10=0.268100 run_test_mrr20=0.204400 run_test_hr10=0.266200

[6/8] learning_rate=0.0003397
  -> MRR@20=0.190400  best=0.202000  (full@50, trial=24.9min, avg=23.6min/trial, total=2.36h, ETA=47.2min)
[TRIAL_METRICS] cur_best_mrr20=0.190400 cur_best_hr10=0.263900 cur_test_mrr20=0.192700 cur_test_hr10=0.255800 run_best_mrr20=0.202000 run_best_hr10=0.268100 run_test_mrr20=0.204400 run_test_hr10=0.266200

[7/8] learning_rate=0.001136
  -> MRR@20=0.206000  best=0.206000  (full@50, trial=23.7min, avg=23.6min/trial, total=2.76h, ETA=23.6min)
[TRIAL_METRICS] cur_best_mrr20=0.206000 cur_best_hr10=0.266000 cur_test_mrr20=0.206000 cur_test_hr10=0.265900 run_best_mrr20=0.206000 run_best_hr10=0.266000 run_test_mrr20=0.206000 run_test_hr10=0.265900

[8/8] learning_rate=0.002337
  -> MRR@20=0.190400  best=0.206000  (early_stop@49, trial=22.3min, avg=23.5min/trial, total=3.13h, ETA=0s)
[TRIAL_METRICS] cur_best_mrr20=0.190400 cur_best_hr10=0.257800 cur_test_mrr20=0.192000 cur_test_hr10=0.251600 run_best_mrr20=0.206000 run_best_hr10=0.266000 run_test_mrr20=0.206000 run_test_hr10=0.265900

=================================================================
  DONE  |  DuoRec x lastfm0.03
  Best MRR@20 = 0.206000  |  8/8 trials OK
  Best HR@10  = 0.266000
  Test MRR@20 = 0.206000  (best-valid checkpoint)
  Test HR@10  = 0.265900  (best-valid checkpoint)
[RUN_METRICS] best_valid_mrr20=0.206000 best_valid_hr10=0.266000 test_mrr20=0.206000 test_hr10=0.265900
  Total time: 187.7 min
  Best params:
    learning_rate: 0.00113551
  Results -> /workspace/jy1559/FMoE/experiments/run/artifacts/results/baseline/lastfm0.03_DuoRec_p20_sc_d00_m02_p01_duorec_d8_e2_s2_20260404_080910_505838_pid103811.json
  Normal mirror -> /workspace/jy1559/FMoE/experiments/run/artifacts/results/baseline/normal/stagee_relrseed_anchor2_core5/P20/lastfm0.03/DuoRec/lastfm0.03_DuoRec_p20_sc_d00_m02_p01_duorec_d8_e2_s2_20260404_080910_505838_pid103811.json
  Special result -> /workspace/jy1559/FMoE/experiments/run/artifacts/results/baseline/special/stagee_relrseed_anchor2_core5/P20/lastfm0.03/DuoRec/lastfm0.03_DuoRec_p20_sc_d00_m02_p01_duorec_d8_e2_s2_20260404_080910_505838_pid103811_special_metrics.json
  Special log -> /workspace/jy1559/FMoE/experiments/run/artifacts/logs/baseline/special/stagee_relrseed_anchor2_core5/P20/lastfm0.03/DuoRec/lastfm0.03_DuoRec_p20_sc_d00_m02_p01_duorec_d8_e2_s2_20260404_080910_505838_pid103811_special_metrics.json
=================================================================

[RUN_STATUS] END status=normal pid=103811 start=2026-04-04T08:09:10 end=2026-04-04T11:16:51
