[STAGEE_RELRSEED_ANCHOR2_CORE5_SETTING_HEADER]
run_phase=P20_SC_D00_M02_P02_DUOREC_D1_E2_S1 run_id=SC_LASTFM0_03_DUOREC_D1_E2_S1 phase_id=P20 axis_id=SC model=DuoRec profile_id=E2 parent_profile_id=D1 seed=1
dataset=lastfm0.03 gpu=7 order=0 lr_band=LR2,LR3 lr_lo=0.0004022283295452176 lr_hi=0.00346902906168
max_evals=8 tune_epochs=50 tune_patience=8
seed=200032

[COMMAND]
- /venv/FMoE/bin/python hyperopt_tune.py --config-name tune_lfm_small --max-evals 8 --tune-epochs 50 --tune-patience 8 --seed 200032 --run-group baseline --run-axis StageE_ReLRSeed_anchor2_core5 --run-phase P20_SC_D00_M02_P02_DUOREC_D1_E2_S1 model=duorec dataset=lastfm0.03 eval_mode=session_fixed feature_mode=full_v3 gpu_id=7 log_wandb=false show_progress=false ++special_logging=true ++seed=200032 ++search={learning_rate:[0.0004022283295452176,0.00346902906168]} ++search_space_type_overrides={learning_rate:"loguniform"} ++MAX_ITEM_LIST_LENGTH=10 ++weight_decay=9.075000000000001e-05 ++search.weight_decay=[9.075000000000001e-05] ++search_space_type_overrides.weight_decay=choice ++search.hidden_size=[152] ++search_space_type_overrides.hidden_size=choice ++search.embedding_size=[152] ++search_space_type_overrides.embedding_size=choice ++search.n_layers=[1] ++search_space_type_overrides.n_layers=choice ++search.num_layers=[1] ++search_space_type_overrides.num_layers=choice ++search.dropout_ratio=[0.08000000000000002] ++search_space_type_overrides.dropout_ratio=choice ++search.dropout_prob=[0.08000000000000002] ++search_space_type_overrides.dropout_prob=choice ++search.hidden_dropout_prob=[0.08000000000000002] ++search_space_type_overrides.hidden_dropout_prob=choice ++search.attn_dropout_prob=[0.08000000000000002] ++search_space_type_overrides.attn_dropout_prob=choice ++search.inner_size=[304] ++search_space_type_overrides.inner_size=choice ++search.n_heads=[4] ++search_space_type_overrides.n_heads=choice ++search.num_heads=[4] ++search_space_type_overrides.num_heads=choice ++dropout_ratio=0.08000000000000002 ++hidden_size=152 ++embedding_size=152 ++n_layers=1 ++num_layers=1 ++n_heads=4 ++num_heads=4 ++inner_size=304 ++contrast=su ++tau=0.4 ++lmd=0.02 ++lmd_sem=0.06 ++semantic_sample_max_tries=2 ++train_batch_size=1024 ++eval_batch_size=1536
/venv/FMoE/lib/python3.10/site-packages/ray/_private/parameter.py:4: UserWarning: pkg_resources is deprecated as an API. See https://setuptools.pypa.io/en/latest/pkg_resources.html. The pkg_resources package is slated for removal as early as 2025-11-30. Refrain from using this package or pin to Setuptools<81.
  import pkg_resources
[RUN_STATUS] START pid=140429 ts=2026-04-04T16:22:53

=================================================================
  Hyperopt TPE  |  DuoRec x lastfm0.03
  max_evals=8  epochs=50  patience=8  wandb=off
  batch_size(train/valid/test)=1024/1536/1536
  track=baseline  axis=stagee_relrseed_anchor2_core5  phase=P20_SC_D00_M02_P02_DUOREC_D1_E2_S1
=================================================================
Changed knobs: learning_rate
Tuned params(len>1): 1  (~1 discrete combos)
Tuned groups: 1
  [optimization]
    learning_rate                   [0.0004022283295452176, 0.00346902906168]  -> loguniform
Fixed params(singleton/non-list): 12
Fixed groups: 12
  [optimization]
    hidden_dropout_prob             0.08000000000000002                     
    weight_decay                    9.075000000000001e-05                   
  [model_core]
    attn_dropout_prob               0.08000000000000002                     
    dropout_prob                    0.08000000000000002                     
    dropout_ratio                   0.08000000000000002                     
    embedding_size                  152                                     
    hidden_size                     152                                     
    inner_size                      304                                     
    num_heads                       4                                       
    num_layers                      1                                       
  [other]
    n_heads                         4                                       
    n_layers                        1                                       

[Wandb] disabled for this hyperopt run

[1/8] learning_rate=0.001224
  -> MRR@20=0.227100  best=0.227100  (full@50, trial=22.2min, avg=22.4min/trial, total=22.4min, ETA=2.61h)
[TRIAL_METRICS] cur_best_mrr20=0.227100 cur_best_hr10=0.278200 cur_test_mrr20=0.226100 cur_test_hr10=0.276600 run_best_mrr20=0.227100 run_best_hr10=0.278200 run_test_mrr20=0.226100 run_test_hr10=0.276600

[2/8] learning_rate=0.001922
  -> MRR@20=0.223400  best=0.227100  (early_stop@41, trial=18.2min, avg=20.3min/trial, total=40.6min, ETA=2.03h)
[TRIAL_METRICS] cur_best_mrr20=0.223400 cur_best_hr10=0.278500 cur_test_mrr20=0.221400 cur_test_hr10=0.276000 run_best_mrr20=0.227100 run_best_hr10=0.278200 run_test_mrr20=0.226100 run_test_hr10=0.276600

[3/8] learning_rate=0.0004737
  -> MRR@20=0.218900  best=0.227100  (full@50, trial=22.2min, avg=20.9min/trial, total=1.05h, ETA=1.75h)
[TRIAL_METRICS] cur_best_mrr20=0.218900 cur_best_hr10=0.279000 cur_test_mrr20=0.220900 cur_test_hr10=0.276600 run_best_mrr20=0.227100 run_best_hr10=0.278200 run_test_mrr20=0.226100 run_test_hr10=0.276600

[4/8] learning_rate=0.0009462
  -> MRR@20=0.226100  best=0.227100  (early_stop@50, trial=22.1min, avg=21.2min/trial, total=1.42h, ETA=1.42h)
[TRIAL_METRICS] cur_best_mrr20=0.226100 cur_best_hr10=0.278200 cur_test_mrr20=0.225600 cur_test_hr10=0.277900 run_best_mrr20=0.227100 run_best_hr10=0.278200 run_test_mrr20=0.226100 run_test_hr10=0.276600

[5/8] learning_rate=0.0004541
  -> MRR@20=0.220200  best=0.227100  (full@50, trial=22.3min, avg=21.4min/trial, total=1.79h, ETA=1.07h)
[TRIAL_METRICS] cur_best_mrr20=0.220200 cur_best_hr10=0.282000 cur_test_mrr20=0.223900 cur_test_hr10=0.275500 run_best_mrr20=0.227100 run_best_hr10=0.278200 run_test_mrr20=0.226100 run_test_hr10=0.276600

[6/8] learning_rate=0.002749
  -> MRR@20=0.213100  best=0.227100  (early_stop@37, trial=16.7min, avg=20.7min/trial, total=2.07h, ETA=41.3min)
[TRIAL_METRICS] cur_best_mrr20=0.213100 cur_best_hr10=0.274500 cur_test_mrr20=0.213000 cur_test_hr10=0.277100 run_best_mrr20=0.227100 run_best_hr10=0.278200 run_test_mrr20=0.226100 run_test_hr10=0.276600

[7/8] learning_rate=0.0009235
  -> MRR@20=0.227400  best=0.227400  (full@50, trial=22.0min, avg=20.8min/trial, total=2.43h, ETA=20.8min)
[TRIAL_METRICS] cur_best_mrr20=0.227400 cur_best_hr10=0.275800 cur_test_mrr20=0.226800 cur_test_hr10=0.278200 run_best_mrr20=0.227400 run_best_hr10=0.275800 run_test_mrr20=0.226800 run_test_hr10=0.278200

[8/8] learning_rate=0.0004874
  -> MRR@20=0.219200  best=0.227400  (full@50, trial=22.2min, avg=21.0min/trial, total=2.80h, ETA=0s)
[TRIAL_METRICS] cur_best_mrr20=0.219200 cur_best_hr10=0.280100 cur_test_mrr20=0.219700 cur_test_hr10=0.275200 run_best_mrr20=0.227400 run_best_hr10=0.275800 run_test_mrr20=0.226800 run_test_hr10=0.278200

=================================================================
  DONE  |  DuoRec x lastfm0.03
  Best MRR@20 = 0.227400  |  8/8 trials OK
  Best HR@10  = 0.275800
  Test MRR@20 = 0.226800  (best-valid checkpoint)
  Test HR@10  = 0.278200  (best-valid checkpoint)
[RUN_METRICS] best_valid_mrr20=0.227400 best_valid_hr10=0.275800 test_mrr20=0.226800 test_hr10=0.278200
  Total time: 168.2 min
  Best params:
    learning_rate: 0.000923541
  Results -> /workspace/jy1559/FMoE/experiments/run/artifacts/results/baseline/lastfm0.03_DuoRec_p20_sc_d00_m02_p02_duorec_d1_e2_s1_20260404_162254_144144_pid140429.json
  Normal mirror -> /workspace/jy1559/FMoE/experiments/run/artifacts/results/baseline/normal/stagee_relrseed_anchor2_core5/P20/lastfm0.03/DuoRec/lastfm0.03_DuoRec_p20_sc_d00_m02_p02_duorec_d1_e2_s1_20260404_162254_144144_pid140429.json
  Special result -> /workspace/jy1559/FMoE/experiments/run/artifacts/results/baseline/special/stagee_relrseed_anchor2_core5/P20/lastfm0.03/DuoRec/lastfm0.03_DuoRec_p20_sc_d00_m02_p02_duorec_d1_e2_s1_20260404_162254_144144_pid140429_special_metrics.json
  Special log -> /workspace/jy1559/FMoE/experiments/run/artifacts/logs/baseline/special/stagee_relrseed_anchor2_core5/P20/lastfm0.03/DuoRec/lastfm0.03_DuoRec_p20_sc_d00_m02_p02_duorec_d1_e2_s1_20260404_162254_144144_pid140429_special_metrics.json
=================================================================

[RUN_STATUS] END status=normal pid=140429 start=2026-04-04T16:22:53 end=2026-04-04T19:11:03
