[STAGEE_RELRSEED_ANCHOR2_CORE5_SETTING_HEADER]
run_phase=P20_SC_D00_M02_P02_DUOREC_D1_E5_S2 run_id=SC_LASTFM0_03_DUOREC_D1_E5_S2 phase_id=P20 axis_id=SC model=DuoRec profile_id=E5 parent_profile_id=D1 seed=2
dataset=lastfm0.03 gpu=6 order=0 lr_band=LR2,LR3 lr_lo=0.00046697728015493553 lr_hi=0.00552665887083648
max_evals=8 tune_epochs=50 tune_patience=8
seed=200039

[COMMAND]
- /venv/FMoE/bin/python hyperopt_tune.py --config-name tune_lfm_small --max-evals 8 --tune-epochs 50 --tune-patience 8 --seed 200039 --run-group baseline --run-axis StageE_ReLRSeed_anchor2_core5 --run-phase P20_SC_D00_M02_P02_DUOREC_D1_E5_S2 model=duorec dataset=lastfm0.03 eval_mode=session_fixed feature_mode=full_v3 gpu_id=6 log_wandb=false show_progress=false ++special_logging=true ++seed=200039 ++search={learning_rate:[0.00046697728015493553,0.00552665887083648]} ++search_space_type_overrides={learning_rate:"loguniform"} ++MAX_ITEM_LIST_LENGTH=10 ++weight_decay=8.349000000000002e-05 ++search.weight_decay=[8.349000000000002e-05] ++search_space_type_overrides.weight_decay=choice ++search.hidden_size=[152] ++search_space_type_overrides.hidden_size=choice ++search.embedding_size=[152] ++search_space_type_overrides.embedding_size=choice ++search.n_layers=[1] ++search_space_type_overrides.n_layers=choice ++search.num_layers=[1] ++search_space_type_overrides.num_layers=choice ++search.dropout_ratio=[0.07000000000000002] ++search_space_type_overrides.dropout_ratio=choice ++search.dropout_prob=[0.07000000000000002] ++search_space_type_overrides.dropout_prob=choice ++search.hidden_dropout_prob=[0.07000000000000002] ++search_space_type_overrides.hidden_dropout_prob=choice ++search.attn_dropout_prob=[0.07000000000000002] ++search_space_type_overrides.attn_dropout_prob=choice ++search.inner_size=[304] ++search_space_type_overrides.inner_size=choice ++search.n_heads=[4] ++search_space_type_overrides.n_heads=choice ++search.num_heads=[4] ++search_space_type_overrides.num_heads=choice ++dropout_ratio=0.07000000000000002 ++hidden_size=152 ++embedding_size=152 ++n_layers=1 ++num_layers=1 ++n_heads=4 ++num_heads=4 ++inner_size=304 ++contrast=us_x ++tau=0.28 ++lmd=0.04 ++lmd_sem=0.1 ++semantic_sample_max_tries=2 ++train_batch_size=1024 ++eval_batch_size=1536
/venv/FMoE/lib/python3.10/site-packages/ray/_private/parameter.py:4: UserWarning: pkg_resources is deprecated as an API. See https://setuptools.pypa.io/en/latest/pkg_resources.html. The pkg_resources package is slated for removal as early as 2025-11-30. Refrain from using this package or pin to Setuptools<81.
  import pkg_resources
[RUN_STATUS] START pid=141183 ts=2026-04-04T19:58:53

=================================================================
  Hyperopt TPE  |  DuoRec x lastfm0.03
  max_evals=8  epochs=50  patience=8  wandb=off
  batch_size(train/valid/test)=1024/1536/1536
  track=baseline  axis=stagee_relrseed_anchor2_core5  phase=P20_SC_D00_M02_P02_DUOREC_D1_E5_S2
=================================================================
Changed knobs: learning_rate
Tuned params(len>1): 1  (~1 discrete combos)
Tuned groups: 1
  [optimization]
    learning_rate                   [0.00046697728015493553, 0.00552665887083648]  -> loguniform
Fixed params(singleton/non-list): 12
Fixed groups: 12
  [optimization]
    hidden_dropout_prob             0.07000000000000002                     
    weight_decay                    8.349000000000002e-05                   
  [model_core]
    attn_dropout_prob               0.07000000000000002                     
    dropout_prob                    0.07000000000000002                     
    dropout_ratio                   0.07000000000000002                     
    embedding_size                  152                                     
    hidden_size                     152                                     
    inner_size                      304                                     
    num_heads                       4                                       
    num_layers                      1                                       
  [other]
    n_heads                         4                                       
    n_layers                        1                                       

[Wandb] disabled for this hyperopt run

[1/8] learning_rate=0.001942
  -> MRR@20=0.206900  best=0.206900  (full@50, trial=27.4min, avg=27.7min/trial, total=27.7min, ETA=3.23h)
[TRIAL_METRICS] cur_best_mrr20=0.206900 cur_best_hr10=0.261500 cur_test_mrr20=0.205800 cur_test_hr10=0.262500 run_best_mrr20=0.206900 run_best_hr10=0.261500 run_test_mrr20=0.205800 run_test_hr10=0.262500

[2/8] learning_rate=0.004217
  -> MRR@20=0.174900  best=0.206900  (early_stop@35, trial=19.2min, avg=23.4min/trial, total=46.9min, ETA=2.34h)
[TRIAL_METRICS] cur_best_mrr20=0.174900 cur_best_hr10=0.239700 cur_test_mrr20=0.177200 cur_test_hr10=0.234300 run_best_mrr20=0.206900 run_best_hr10=0.261500 run_test_mrr20=0.205800 run_test_hr10=0.262500

[3/8] learning_rate=0.002275
  -> MRR@20=0.206600  best=0.206900  (full@50, trial=27.3min, avg=24.7min/trial, total=1.24h, ETA=2.06h)
[TRIAL_METRICS] cur_best_mrr20=0.206600 cur_best_hr10=0.261800 cur_test_mrr20=0.205500 cur_test_hr10=0.258800 run_best_mrr20=0.206900 run_best_hr10=0.261500 run_test_mrr20=0.205800 run_test_hr10=0.262500

[4/8] learning_rate=0.0008932
  -> MRR@20=0.213000  best=0.213000  (full@50, trial=27.4min, avg=25.4min/trial, total=1.69h, ETA=1.69h)
[TRIAL_METRICS] cur_best_mrr20=0.213000 cur_best_hr10=0.271900 cur_test_mrr20=0.212600 cur_test_hr10=0.266700 run_best_mrr20=0.213000 run_best_hr10=0.271900 run_test_mrr20=0.212600 run_test_hr10=0.266700

[5/8] learning_rate=0.001814
  -> MRR@20=0.209300  best=0.213000  (full@50, trial=27.5min, avg=25.8min/trial, total=2.15h, ETA=1.29h)
[TRIAL_METRICS] cur_best_mrr20=0.209300 cur_best_hr10=0.268400 cur_test_mrr20=0.208700 cur_test_hr10=0.265900 run_best_mrr20=0.213000 run_best_hr10=0.271900 run_test_mrr20=0.212600 run_test_hr10=0.266700

[6/8] learning_rate=0.0007118
  -> MRR@20=0.210600  best=0.213000  (full@50, trial=27.5min, avg=26.1min/trial, total=2.61h, ETA=52.2min)
[TRIAL_METRICS] cur_best_mrr20=0.210600 cur_best_hr10=0.267300 cur_test_mrr20=0.210000 cur_test_hr10=0.259300 run_best_mrr20=0.213000 run_best_hr10=0.271900 run_test_mrr20=0.212600 run_test_hr10=0.266700

[7/8] learning_rate=0.001455
  -> MRR@20=0.212800  best=0.213000  (full@50, trial=27.4min, avg=26.3min/trial, total=3.07h, ETA=26.3min)
[TRIAL_METRICS] cur_best_mrr20=0.212800 cur_best_hr10=0.269700 cur_test_mrr20=0.212700 cur_test_hr10=0.270500 run_best_mrr20=0.213000 run_best_hr10=0.271900 run_test_mrr20=0.212600 run_test_hr10=0.266700

[8/8] learning_rate=0.001954
  -> MRR@20=0.209600  best=0.213000  (full@50, trial=27.2min, avg=26.4min/trial, total=3.52h, ETA=0s)
[TRIAL_METRICS] cur_best_mrr20=0.209600 cur_best_hr10=0.264400 cur_test_mrr20=0.209300 cur_test_hr10=0.265100 run_best_mrr20=0.213000 run_best_hr10=0.271900 run_test_mrr20=0.212600 run_test_hr10=0.266700

=================================================================
  DONE  |  DuoRec x lastfm0.03
  Best MRR@20 = 0.213000  |  8/8 trials OK
  Best HR@10  = 0.271900
  Test MRR@20 = 0.212600  (best-valid checkpoint)
  Test HR@10  = 0.266700  (best-valid checkpoint)
[RUN_METRICS] best_valid_mrr20=0.213000 best_valid_hr10=0.271900 test_mrr20=0.212600 test_hr10=0.266700
  Total time: 211.3 min
  Best params:
    learning_rate: 0.000893157
  Results -> /workspace/jy1559/FMoE/experiments/run/artifacts/results/baseline/lastfm0.03_DuoRec_p20_sc_d00_m02_p02_duorec_d1_e5_s2_20260404_195853_661317_pid141183.json
  Normal mirror -> /workspace/jy1559/FMoE/experiments/run/artifacts/results/baseline/normal/stagee_relrseed_anchor2_core5/P20/lastfm0.03/DuoRec/lastfm0.03_DuoRec_p20_sc_d00_m02_p02_duorec_d1_e5_s2_20260404_195853_661317_pid141183.json
  Special result -> /workspace/jy1559/FMoE/experiments/run/artifacts/results/baseline/special/stagee_relrseed_anchor2_core5/P20/lastfm0.03/DuoRec/lastfm0.03_DuoRec_p20_sc_d00_m02_p02_duorec_d1_e5_s2_20260404_195853_661317_pid141183_special_metrics.json
  Special log -> /workspace/jy1559/FMoE/experiments/run/artifacts/logs/baseline/special/stagee_relrseed_anchor2_core5/P20/lastfm0.03/DuoRec/lastfm0.03_DuoRec_p20_sc_d00_m02_p02_duorec_d1_e5_s2_20260404_195853_661317_pid141183_special_metrics.json
=================================================================

[RUN_STATUS] END status=normal pid=141183 start=2026-04-04T19:58:53 end=2026-04-04T23:30:10
