# pair=P036 dataset=retail_rocket model=bsarec combo=C1 seed=1
# cmd=/venv/FMoE/bin/python hyperopt_tune.py --config-name tune_rr --max-evals 10 --tune-epochs 100 --tune-patience 10 --search-algo random --seed 36 --run-group baseline_3 --run-axis FULL_HISTORY_V4_C4 --run-phase FULL_HISTORY_V4_C4_DRETAIL_ROCKET_MBSAREC_P036_C1_S1 model=bsarec dataset=retail_rocket eval_mode=session_fixed feature_mode=full_v4 train_batch_size=4096 eval_batch_size=8192 gpu_id=3 log_wandb=false show_progress=false ++seed=36 ++history_input_mode=full_history_session_targets ++history_group_field=user_id ++target_group_field=session_id ++history_eval_policy=strict_train_prefix ++MAX_ITEM_LIST_LENGTH=25 ++eval_sampling.mode=full ++eval_sampling.auto_full_threshold=999999999 ++special_logging=true ++exclude_unseen_target_from_main_eval=true ++log_unseen_target_metrics=true ++hidden_size=160 ++embedding_size=160 ++n_layers=2 ++num_layers=2 ++n_heads=4 ++num_heads=4 ++inner_size=320 ++dropout_ratio=0.18 ++hidden_dropout_prob=0.18 ++attn_dropout_prob=0.18 ++weight_decay=0.0002 ++search={learning_rate:[0.0002294467984813328,0.0013766807908879965],weight_decay:[0.00014,0.00034]} ++search_space_type_overrides={learning_rate:"loguniform",weight_decay:"loguniform"} ++search.MAX_ITEM_LIST_LENGTH=[25] ++search_space_type_overrides.MAX_ITEM_LIST_LENGTH=choice ++search.hidden_size=[160] ++search_space_type_overrides.hidden_size=choice ++search.embedding_size=[160] ++search_space_type_overrides.embedding_size=choice ++search.n_layers=[2] ++search_space_type_overrides.n_layers=choice ++search.num_layers=[2] ++search_space_type_overrides.num_layers=choice ++search.n_heads=[4] ++search_space_type_overrides.n_heads=choice ++search.num_heads=[4] ++search_space_type_overrides.num_heads=choice ++search.inner_size=[320] ++search_space_type_overrides.inner_size=choice ++search.dropout_ratio=[0.18] ++search_space_type_overrides.dropout_ratio=choice ++search.hidden_dropout_prob=[0.18] ++search_space_type_overrides.hidden_dropout_prob=choice ++search.attn_dropout_prob=[0.18] ++search_space_type_overrides.attn_dropout_prob=choice

/venv/FMoE/lib/python3.10/site-packages/ray/_private/parameter.py:4: UserWarning: pkg_resources is deprecated as an API. See https://setuptools.pypa.io/en/latest/pkg_resources.html. The pkg_resources package is slated for removal as early as 2025-11-30. Refrain from using this package or pin to Setuptools<81.
  import pkg_resources
[RUN_STATUS] START pid=367254 ts=2026-04-16T13:31:14

=================================================================
  Hyperopt  |  BSARec x retail_rocket
  max_evals=10  epochs=100  patience=10  wandb=off
  search_algo=random
  batch_size(train/valid/test)=4096/8192/8192
  track=baseline_3  axis=full_history_v4_c4  phase=FULL_HISTORY_V4_C4_DRETAIL_ROCKET_MBSAREC_P036_C1_S1
=================================================================
Changed knobs: learning_rate, weight_decay
Tuned params(len>1): 2  (~1 discrete combos)
Tuned groups: 2
  [optimization]
    learning_rate                   [0.0002294467984813328, 0.0013766807908879965]  -> loguniform
    weight_decay                    [0.00014, 0.00034]                        -> loguniform
Fixed params(singleton/non-list): 11
Fixed groups: 11
  [optimization]
    hidden_dropout_prob             0.18                                    
  [model_core]
    attn_dropout_prob               0.18                                    
    dropout_ratio                   0.18                                    
    embedding_size                  160                                     
    hidden_size                     160                                     
    inner_size                      320                                     
    num_heads                       4                                       
    num_layers                      2                                       
  [other]
    MAX_ITEM_LIST_LENGTH            25                                      
    n_heads                         4                                       
    n_layers                        2                                       

[Wandb] disabled for this hyperopt run

[1/10] learning_rate=0.0006492, weight_decay=0.0002213
  -> MRR@20=0.366900  best=0.366900  (early_stop@23, trial=5.2min, avg=5.7min/trial, total=5.7min, ETA=51.6min)
[TRIAL_METRICS] cur_best_mrr20=0.366900 cur_best_hr10=0.430800 cur_test_mrr20=0.371000 cur_test_hr10=0.433900 run_best_mrr20=0.366900 run_best_hr10=0.430800 run_test_mrr20=0.371000 run_test_hr10=0.433900

[2/10] learning_rate=0.0007143, weight_decay=0.0001623
  -> MRR@20=0.368200  best=0.368200  (early_stop@23, trial=5.2min, avg=5.5min/trial, total=10.9min, ETA=43.8min)
[TRIAL_METRICS] cur_best_mrr20=0.368200 cur_best_hr10=0.436600 cur_test_mrr20=0.371600 cur_test_hr10=0.438500 run_best_mrr20=0.368200 run_best_hr10=0.436600 run_test_mrr20=0.371600 run_test_hr10=0.438500

[3/10] learning_rate=0.0004296, weight_decay=0.0002361
  -> MRR@20=0.367200  best=0.368200  (early_stop@31, trial=7.0min, avg=6.0min/trial, total=18.0min, ETA=41.9min)
[TRIAL_METRICS] cur_best_mrr20=0.367200 cur_best_hr10=0.432100 cur_test_mrr20=0.371000 cur_test_hr10=0.434800 run_best_mrr20=0.368200 run_best_hr10=0.436600 run_test_mrr20=0.371600 run_test_hr10=0.438500

[4/10] learning_rate=0.0003271, weight_decay=0.0002739
  -> MRR@20=0.366700  best=0.368200  (early_stop@33, trial=7.5min, avg=6.4min/trial, total=25.4min, ETA=38.1min)
[TRIAL_METRICS] cur_best_mrr20=0.366700 cur_best_hr10=0.429700 cur_test_mrr20=0.371100 cur_test_hr10=0.432400 run_best_mrr20=0.368200 run_best_hr10=0.436600 run_test_mrr20=0.371600 run_test_hr10=0.438500

[5/10] learning_rate=0.0007327, weight_decay=0.0001918
  -> MRR@20=0.367200  best=0.368200  (early_stop@23, trial=5.2min, avg=6.1min/trial, total=30.6min, ETA=30.6min)
[TRIAL_METRICS] cur_best_mrr20=0.367200 cur_best_hr10=0.435400 cur_test_mrr20=0.371300 cur_test_hr10=0.437100 run_best_mrr20=0.368200 run_best_hr10=0.436600 run_test_mrr20=0.371600 run_test_hr10=0.438500

[6/10] learning_rate=0.0002471, weight_decay=0.0003085
  -> MRR@20=0.366500  best=0.368200  (early_stop@38, trial=8.5min, avg=6.5min/trial, total=39.2min, ETA=26.1min)
[TRIAL_METRICS] cur_best_mrr20=0.366500 cur_best_hr10=0.428300 cur_test_mrr20=0.370800 cur_test_hr10=0.430200 run_best_mrr20=0.368200 run_best_hr10=0.436600 run_test_mrr20=0.371600 run_test_hr10=0.438500

[7/10] learning_rate=0.001375, weight_decay=0.000288
  -> MRR@20=0.364000  best=0.368200  (early_stop@16, trial=3.6min, avg=6.1min/trial, total=42.7min, ETA=18.3min)
[TRIAL_METRICS] cur_best_mrr20=0.364000 cur_best_hr10=0.426300 cur_test_mrr20=0.368500 cur_test_hr10=0.428200 run_best_mrr20=0.368200 run_best_hr10=0.436600 run_test_mrr20=0.371600 run_test_hr10=0.438500

[8/10] learning_rate=0.0002843, weight_decay=0.0001709
  -> MRR@20=0.368900  best=0.368900  (early_stop@38, trial=8.5min, avg=6.4min/trial, total=51.3min, ETA=12.8min)
[TRIAL_METRICS] cur_best_mrr20=0.368900 cur_best_hr10=0.435700 cur_test_mrr20=0.372600 cur_test_hr10=0.437200 run_best_mrr20=0.368900 run_best_hr10=0.435700 run_test_mrr20=0.372600 run_test_hr10=0.437200

[9/10] learning_rate=0.0003278, weight_decay=0.0002601
  -> MRR@20=0.367000  best=0.368900  (early_stop@33, trial=7.4min, avg=6.5min/trial, total=58.7min, ETA=6.5min)
[TRIAL_METRICS] cur_best_mrr20=0.367000 cur_best_hr10=0.430200 cur_test_mrr20=0.371100 cur_test_hr10=0.432900 run_best_mrr20=0.368900 run_best_hr10=0.435700 run_test_mrr20=0.372600 run_test_hr10=0.437200

[10/10] learning_rate=0.0007006, weight_decay=0.0001433
  -> MRR@20=0.372100  best=0.372100  (early_stop@43, trial=9.6min, avg=6.8min/trial, total=1.14h, ETA=0s)
[TRIAL_METRICS] cur_best_mrr20=0.372100 cur_best_hr10=0.528100 cur_test_mrr20=0.369900 cur_test_hr10=0.514300 run_best_mrr20=0.372100 run_best_hr10=0.528100 run_test_mrr20=0.369900 run_test_hr10=0.514300

=================================================================
  DONE  |  BSARec x retail_rocket
  Best MRR@20 = 0.372100  |  10/10 trials OK
  Best HR@10  = 0.528100
  Test MRR@20 = 0.369900  (best-valid checkpoint)
  Test HR@10  = 0.514300  (best-valid checkpoint)
[RUN_METRICS] best_valid_mrr20=0.372100 best_valid_hr10=0.528100 test_mrr20=0.369900 test_hr10=0.514300
  Total time: 68.3 min
  Best params:
    learning_rate: 0.000700569
    weight_decay: 0.000143258
  Results -> /workspace/FeaturedMoE/experiments/run/artifacts/results/baseline_3/retail_rocket_BSARec_full_history_v4_c4_dretail_rocket_mbsarec_p036_c1_s1_20260416_133115_085738_pid367254.json
  Normal mirror -> /workspace/FeaturedMoE/experiments/run/artifacts/results/baseline_3/normal/full_history_v4_c4/FULL/retail_rocket/BSARec/retail_rocket_BSARec_full_history_v4_c4_dretail_rocket_mbsarec_p036_c1_s1_20260416_133115_085738_pid367254.json
  Special result -> /workspace/FeaturedMoE/experiments/run/artifacts/results/baseline_3/special/full_history_v4_c4/FULL/retail_rocket/BSARec/retail_rocket_BSARec_full_history_v4_c4_dretail_rocket_mbsarec_p036_c1_s1_20260416_133115_085738_pid367254_special_metrics.json
  Special log -> /workspace/FeaturedMoE/experiments/run/artifacts/logs/baseline_3/special/full_history_v4_c4/FULL/retail_rocket/BSARec/retail_rocket_BSARec_full_history_v4_c4_dretail_rocket_mbsarec_p036_c1_s1_20260416_133115_085738_pid367254_special_metrics.json
=================================================================

[RUN_STATUS] END status=normal pid=367254 start=2026-04-16T13:31:14 end=2026-04-16T14:39:32

[FULL_HISTORY_TIMING] avg_epoch_sec=13.3345 avg_epoch_ms=13334.5 test_inference_sec=0.7698
