[STAGEH_TARGETEDRECOVERY_ANCHOR2_CORE5_SETTING_HEADER]
run_phase=P23_SH_C10_MDUOREC_XFER_LASTFM0_03_FAD_H2_R1_C1_S1 run_id=SH_MOVIELENS1M_DUOREC_XFER_LASTFM0_03_FAD_H2_R1_C1_S1 phase_id=P23 axis_id=SH model=DuoRec candidate_id=XFER_lastfm0.03_FAD_H2_R1_C1 seed=1
dataset=movielens1m gpu=6 order=0 candidate_source=final_transfer source_stage=Final_all_datasets transfer_from_dataset=lastfm0.03
max_evals=3 tune_epochs=20 tune_patience=3
seed=230020

[COMMAND]
- /venv/FMoE/bin/python hyperopt_tune.py --config-name tune_ml --max-evals 3 --tune-epochs 20 --tune-patience 3 --seed 230020 --run-group baseline --run-axis StageH_TargetedRecovery_anchor2_core5 --run-phase P23_SH_C10_MDUOREC_XFER_LASTFM0_03_FAD_H2_R1_C1_S1 model=duorec dataset=movielens1m eval_mode=session_fixed feature_mode=full_v3 gpu_id=6 log_wandb=false show_progress=false ++special_logging=true ++seed=230020 ++search={learning_rate:[0.00022851727705360363,0.00031884800941486954]} ++search_space_type_overrides={learning_rate:"loguniform"} ++weight_decay=0.00015 ++search.weight_decay=[0.00015] ++search_space_type_overrides.weight_decay=choice ++search.n_layers=[2] ++search_space_type_overrides.n_layers=choice ++search.num_layers=[2] ++search_space_type_overrides.num_layers=choice ++search.n_heads=[2] ++search_space_type_overrides.n_heads=choice ++search.num_heads=[2] ++search_space_type_overrides.num_heads=choice ++search.dropout_ratio=[0.12] ++search_space_type_overrides.dropout_ratio=choice ++search.dropout_prob=[0.12] ++search_space_type_overrides.dropout_prob=choice ++search.hidden_dropout_prob=[0.12] ++search_space_type_overrides.hidden_dropout_prob=choice ++search.attn_dropout_prob=[0.12] ++search_space_type_overrides.attn_dropout_prob=choice ++search.hidden_size=[128] ++search_space_type_overrides.hidden_size=choice ++search.embedding_size=[128] ++search_space_type_overrides.embedding_size=choice ++search.inner_size=[256] ++search_space_type_overrides.inner_size=choice ++search.time_span=[384] ++search_space_type_overrides.time_span=choice ++search.num_experts=[6] ++search_space_type_overrides.num_experts=choice ++search.state_size=[24] ++search_space_type_overrides.state_size=choice ++search.conv_kernel=[6] ++search_space_type_overrides.conv_kernel=choice ++search.remaining_ratio=[0.6] ++search_space_type_overrides.remaining_ratio=choice ++search.MAX_ITEM_LIST_LENGTH=[10] ++search_space_type_overrides.MAX_ITEM_LIST_LENGTH=choice ++dropout_ratio=0.12 ++contrast=un ++tau=0.3 ++lmd=0.04 ++lmd_sem=0.0 ++semantic_sample_max_tries=2 ++train_batch_size=3072 ++eval_batch_size=8192 ++hidden_size=128 ++embedding_size=128 ++MAX_ITEM_LIST_LENGTH=10 ++n_layers=2 ++num_layers=2 ++n_heads=2 ++num_heads=2 ++inner_size=256
/venv/FMoE/lib/python3.10/site-packages/ray/_private/parameter.py:4: UserWarning: pkg_resources is deprecated as an API. See https://setuptools.pypa.io/en/latest/pkg_resources.html. The pkg_resources package is slated for removal as early as 2025-11-30. Refrain from using this package or pin to Setuptools<81.
  import pkg_resources
[RUN_STATUS] START pid=429594 ts=2026-04-09T01:36:22

=================================================================
  Hyperopt TPE  |  DuoRec x movielens1m
  max_evals=3  epochs=20  patience=3  wandb=off
  batch_size(train/valid/test)=3072/8192/8192
  track=baseline  axis=stageh_targetedrecovery_anchor2_core5  phase=P23_SH_C10_MDUOREC_XFER_LASTFM0_03_FAD_H2_R1_C1_S1
=================================================================
Changed knobs: learning_rate
Tuned params(len>1): 1  (~1 discrete combos)
Tuned groups: 1
  [optimization]
    learning_rate                   [0.00022851727705360363, 0.00031884800941486954]  -> loguniform
Fixed params(singleton/non-list): 18
Fixed groups: 18
  [optimization]
    hidden_dropout_prob             0.12                                    
    weight_decay                    0.00015                                 
  [model_core]
    attn_dropout_prob               0.12                                    
    dropout_prob                    0.12                                    
    dropout_ratio                   0.12                                    
    embedding_size                  128                                     
    hidden_size                     128                                     
    inner_size                      256                                     
    num_heads                       2                                       
    num_layers                      2                                       
  [other]
    MAX_ITEM_LIST_LENGTH            10                                      
    conv_kernel                     6                                       
    n_heads                         2                                       
    n_layers                        2                                       
    num_experts                     6                                       
    remaining_ratio                 0.6                                     
    state_size                      24                                      
    time_span                       384                                     

[Wandb] disabled for this hyperopt run

[1/3] learning_rate=0.0002538
  -> MRR@20=0.057300  best=0.057300  (full@20, trial=3.0min, avg=3.3min/trial, total=3.3min, ETA=6.6min)
[TRIAL_METRICS] cur_best_mrr20=0.057300 cur_best_hr10=0.166200 cur_test_mrr20=0.057700 cur_test_hr10=0.168400 run_best_mrr20=0.057300 run_best_hr10=0.166200 run_test_mrr20=0.057700 run_test_hr10=0.168400

[2/3] learning_rate=0.0002306
  -> MRR@20=0.055500  best=0.057300  (full@20, trial=3.0min, avg=3.1min/trial, total=6.3min, ETA=3.1min)
[TRIAL_METRICS] cur_best_mrr20=0.055500 cur_best_hr10=0.163400 cur_test_mrr20=0.056600 cur_test_hr10=0.162900 run_best_mrr20=0.057300 run_best_hr10=0.166200 run_test_mrr20=0.057700 run_test_hr10=0.168400

[3/3] learning_rate=0.0002617
  -> MRR@20=0.057500  best=0.057500  (full@20, trial=3.0min, avg=3.1min/trial, total=9.3min, ETA=0s)
[TRIAL_METRICS] cur_best_mrr20=0.057500 cur_best_hr10=0.167600 cur_test_mrr20=0.058100 cur_test_hr10=0.164700 run_best_mrr20=0.057500 run_best_hr10=0.167600 run_test_mrr20=0.058100 run_test_hr10=0.164700

=================================================================
  DONE  |  DuoRec x movielens1m
  Best MRR@20 = 0.057500  |  3/3 trials OK
  Best HR@10  = 0.167600
  Test MRR@20 = 0.058100  (best-valid checkpoint)
  Test HR@10  = 0.164700  (best-valid checkpoint)
[RUN_METRICS] best_valid_mrr20=0.057500 best_valid_hr10=0.167600 test_mrr20=0.058100 test_hr10=0.164700
  Total time: 9.3 min
  Best params:
    learning_rate: 0.000261748
  Results -> /workspace/jy1559/FMoE/experiments/run/artifacts/results/baseline/movielens1m_DuoRec_p23_sh_c10_mduorec_xfer_lastfm0_03_fad_h2_r1_c1_s1_20260409_013622_663506_pid429594.json
  Normal mirror -> /workspace/jy1559/FMoE/experiments/run/artifacts/results/baseline/normal/stageh_targetedrecovery_anchor2_core5/P23/movielens1m/DuoRec/movielens1m_DuoRec_p23_sh_c10_mduorec_xfer_lastfm0_03_fad_h2_r1_c1_s1_20260409_013622_663506_pid429594.json
  Special result -> /workspace/jy1559/FMoE/experiments/run/artifacts/results/baseline/special/stageh_targetedrecovery_anchor2_core5/P23/movielens1m/DuoRec/movielens1m_DuoRec_p23_sh_c10_mduorec_xfer_lastfm0_03_fad_h2_r1_c1_s1_20260409_013622_663506_pid429594_special_metrics.json
  Special log -> /workspace/jy1559/FMoE/experiments/run/artifacts/logs/baseline/special/stageh_targetedrecovery_anchor2_core5/P23/movielens1m/DuoRec/movielens1m_DuoRec_p23_sh_c10_mduorec_xfer_lastfm0_03_fad_h2_r1_c1_s1_20260409_013622_663506_pid429594_special_metrics.json
=================================================================

[RUN_STATUS] END status=normal pid=429594 start=2026-04-09T01:36:22 end=2026-04-09T01:45:42
