
=================================================================
  Hyperopt TPE  |  FeaturedMoE_v2 x movielens1m
  max_evals=1  epochs=1  patience=1  wandb=off
  batch_size(train/valid/test)=1024/2048/2048
  track=fmoe_v2  axis=hparam  phase=P1_log_check
=================================================================
Changed knobs: learning_rate, weight_decay
Tuned params(len>1): 2  (~1 discrete combos)
Tuned groups: 2
  [optimization]
    learning_rate                   [0.01, 0.005, 0.0025, 0.001, 0.0005, 0.00025, 0.0001]  -> loguniform
    weight_decay                    [0.0, 1e-06, 1e-05, 0.0001, 0.001]        -> loguniform_zero
Fixed params(singleton/non-list): 27
Fixed groups: 27
  [optimization]
    balance_loss_lambda             0.01                                    
    hidden_dropout_prob             0.1                                     
  [model_core]
    d_expert_hidden                 128                                     
    d_feat_emb                      16                                      
    d_router_hidden                 64                                      
    embedding_size                  128                                     
    expert_scale                    3                                       
    num_heads                       8                                       
  [layout]
    fmoe_v2_layout_id               9                                       
  [routing_moe]
    micro_router_temperature_start  1.3                                     
    mid_router_temperature_start    1.3                                     
    moe_top_k                       0                                       
    moe_top_k_policy                auto                                    
    moe_top_k_ratio                 0.5                                     
    moe_top_k_start                 0                                       
    moe_top_k_warmup_until          0                                       
  [schedule]
    alpha_warmup_end                1.0                                     
    alpha_warmup_start              0.0                                     
    alpha_warmup_until              0                                       
    fmoe_schedule_enable            False                                   
    temperature_warmup_until        0                                       
  [merge_hir]
    fmoe_v2_parallel_stage_gate_temperature  1.0                                     
    fmoe_v2_parallel_stage_gate_top_k  0                                       
    fmoe_v2_stage_merge_aux_enable  False                                   
    fmoe_v2_stage_merge_aux_lambda_scale  1.0                                     
  [other]
    MAX_ITEM_LIST_LENGTH            10                                      
    fmoe_stage_execution_mode       serial                                  
Layout details:
  execution(fixed)=serial
  id=9 exec=serial pre=0 post=1 | macro(pass=1,moe=1) | mid(pass=1,moe=1) | micro(pass=1,moe=1)

[Wandb] disabled for this hyperopt run

[1/1] learning_rate=0.001739, weight_decay=0
    [Device] CUDA_VISIBLE_DEVICES=0 | torch_device=cuda:0 (NVIDIA RTX A5000)
    [DataCache] save_dataset=True save_dataloaders=False | checkpoint_dir=saved/recbole_cache/movielens1m_feature_added_session_len10 | dataloaders_save_path=saved/recbole_cache/movielens1m_feature_added_session_len10/movielens1m-for-dataloader.pth
    [DataPrep] cache_hit=disk_or_build, create_dataset=0.10s, data_preparation=0.61s, n_items=3534
  -> MRR@20=0.0243  best=0.0243  (full@1, trial=1.3min, avg=1.3min/trial, total=1.3min, ETA=0s)

=================================================================
  DONE  |  FeaturedMoE_v2 x movielens1m
  Best MRR@20 = 0.0243  |  1/1 trials OK
  Total time: 1.3 min
  Best params:
    learning_rate: 0.00173875
    weight_decay: 0
  Results -> /workspace/jy1559/FMoE/experiments/run/artifacts/results/fmoe_v2/movielens1m_FeaturedMoE_v2_20260305_084828.json
=================================================================

