# pair=P022 dataset=foursquare model=tisasrec combo=C1 seed=1
# cmd=/venv/FMoE/bin/python hyperopt_tune.py --config-name tune_fs --max-evals 10 --tune-epochs 100 --tune-patience 10 --search-algo random --seed 22 --run-group baseline_3 --run-axis FULL_HISTORY_V4_C4 --run-phase FULL_HISTORY_V4_C4_DFOURSQUARE_MTISASREC_P022_C1_S1 model=tisasrec dataset=foursquare eval_mode=session_fixed feature_mode=full_v4 train_batch_size=4096 eval_batch_size=8192 gpu_id=1 log_wandb=false show_progress=false ++seed=22 ++history_input_mode=full_history_session_targets ++history_group_field=user_id ++target_group_field=session_id ++history_eval_policy=strict_train_prefix ++MAX_ITEM_LIST_LENGTH=28 ++eval_sampling.mode=full ++eval_sampling.auto_full_threshold=999999999 ++special_logging=true ++exclude_unseen_target_from_main_eval=true ++log_unseen_target_metrics=true ++hidden_size=160 ++embedding_size=160 ++n_layers=2 ++num_layers=2 ++n_heads=4 ++num_heads=4 ++inner_size=320 ++dropout_ratio=0.15 ++hidden_dropout_prob=0.15 ++attn_dropout_prob=0.15 ++weight_decay=0.0002 ++time_span=384 ++search={learning_rate:[0.00022516660498395405,0.0009456997409326072],weight_decay:[0.00014,0.00034]} ++search_space_type_overrides={learning_rate:"loguniform",weight_decay:"loguniform"} ++search.MAX_ITEM_LIST_LENGTH=[28] ++search_space_type_overrides.MAX_ITEM_LIST_LENGTH=choice ++search.hidden_size=[160] ++search_space_type_overrides.hidden_size=choice ++search.embedding_size=[160] ++search_space_type_overrides.embedding_size=choice ++search.n_layers=[2] ++search_space_type_overrides.n_layers=choice ++search.num_layers=[2] ++search_space_type_overrides.num_layers=choice ++search.n_heads=[4] ++search_space_type_overrides.n_heads=choice ++search.num_heads=[4] ++search_space_type_overrides.num_heads=choice ++search.inner_size=[320] ++search_space_type_overrides.inner_size=choice ++search.dropout_ratio=[0.15] ++search_space_type_overrides.dropout_ratio=choice ++search.hidden_dropout_prob=[0.15] ++search_space_type_overrides.hidden_dropout_prob=choice ++search.attn_dropout_prob=[0.15] ++search_space_type_overrides.attn_dropout_prob=choice ++search.time_span=[384] ++search_space_type_overrides.time_span=choice

/venv/FMoE/lib/python3.10/site-packages/ray/_private/parameter.py:4: UserWarning: pkg_resources is deprecated as an API. See https://setuptools.pypa.io/en/latest/pkg_resources.html. The pkg_resources package is slated for removal as early as 2025-11-30. Refrain from using this package or pin to Setuptools<81.
  import pkg_resources
[RUN_STATUS] START pid=355196 ts=2026-04-16T12:20:34

=================================================================
  Hyperopt  |  TiSASRec x foursquare
  max_evals=10  epochs=100  patience=10  wandb=off
  search_algo=random
  batch_size(train/valid/test)=4096/8192/8192
  track=baseline_3  axis=full_history_v4_c4  phase=FULL_HISTORY_V4_C4_DFOURSQUARE_MTISASREC_P022_C1_S1
=================================================================
Changed knobs: learning_rate, weight_decay
Tuned params(len>1): 2  (~1 discrete combos)
Tuned groups: 2
  [optimization]
    learning_rate                   [0.00022516660498395405, 0.0009456997409326072]  -> loguniform
    weight_decay                    [0.00014, 0.00034]                        -> loguniform
Fixed params(singleton/non-list): 12
Fixed groups: 12
  [optimization]
    hidden_dropout_prob             0.15                                    
  [model_core]
    attn_dropout_prob               0.15                                    
    dropout_ratio                   0.15                                    
    embedding_size                  160                                     
    hidden_size                     160                                     
    inner_size                      320                                     
    num_heads                       4                                       
    num_layers                      2                                       
  [other]
    MAX_ITEM_LIST_LENGTH            28                                      
    n_heads                         4                                       
    n_layers                        2                                       
    time_span                       384                                     

[Wandb] disabled for this hyperopt run

[1/10] learning_rate=0.0004468, weight_decay=0.0001597
  -> MRR@20=0.258000  best=0.258000  (early_stop@39, trial=4.4min, avg=4.5min/trial, total=4.5min, ETA=40.6min)
[TRIAL_METRICS] cur_best_mrr20=0.258000 cur_best_hr10=0.439600 cur_test_mrr20=0.225300 cur_test_hr10=0.399300 run_best_mrr20=0.258000 run_best_hr10=0.439600 run_test_mrr20=0.225300 run_test_hr10=0.399300

[2/10] learning_rate=0.0008358, weight_decay=0.0001997
  -> MRR@20=0.253100  best=0.258000  (early_stop@24, trial=2.7min, avg=3.6min/trial, total=7.2min, ETA=28.8min)
[TRIAL_METRICS] cur_best_mrr20=0.253100 cur_best_hr10=0.444400 cur_test_mrr20=0.226700 cur_test_hr10=0.399700 run_best_mrr20=0.258000 run_best_hr10=0.439600 run_test_mrr20=0.225300 run_test_hr10=0.399300

[3/10] learning_rate=0.0003135, weight_decay=0.0002817
  -> MRR@20=0.258000  best=0.258000  (early_stop@47, trial=5.3min, avg=4.2min/trial, total=12.5min, ETA=29.2min)
[TRIAL_METRICS] cur_best_mrr20=0.258000 cur_best_hr10=0.443300 cur_test_mrr20=0.225800 cur_test_hr10=0.389700 run_best_mrr20=0.258000 run_best_hr10=0.443300 run_test_mrr20=0.225800 run_test_hr10=0.389700

[4/10] learning_rate=0.000268, weight_decay=0.0002099
  -> MRR@20=0.259100  best=0.259100  (early_stop@51, trial=5.7min, avg=4.6min/trial, total=18.2min, ETA=27.4min)
[TRIAL_METRICS] cur_best_mrr20=0.259100 cur_best_hr10=0.444400 cur_test_mrr20=0.226500 cur_test_hr10=0.393300 run_best_mrr20=0.259100 run_best_hr10=0.444400 run_test_mrr20=0.226500 run_test_hr10=0.393300

[5/10] learning_rate=0.0006634, weight_decay=0.0002533
  -> MRR@20=0.254400  best=0.259100  (early_stop@32, trial=3.6min, avg=4.4min/trial, total=21.8min, ETA=21.8min)
[TRIAL_METRICS] cur_best_mrr20=0.254400 cur_best_hr10=0.441500 cur_test_mrr20=0.223700 cur_test_hr10=0.394500 run_best_mrr20=0.259100 run_best_hr10=0.444400 run_test_mrr20=0.226500 run_test_hr10=0.393300

[6/10] learning_rate=0.0005267, weight_decay=0.0002532
  -> MRR@20=0.255100  best=0.259100  (early_stop@39, trial=4.4min, avg=4.4min/trial, total=26.2min, ETA=17.5min)
[TRIAL_METRICS] cur_best_mrr20=0.255100 cur_best_hr10=0.436600 cur_test_mrr20=0.216900 cur_test_hr10=0.390900 run_best_mrr20=0.259100 run_best_hr10=0.444400 run_test_mrr20=0.226500 run_test_hr10=0.393300

[7/10] learning_rate=0.000547, weight_decay=0.0001614
  -> MRR@20=0.254700  best=0.259100  (early_stop@39, trial=4.4min, avg=4.4min/trial, total=30.6min, ETA=13.1min)
[TRIAL_METRICS] cur_best_mrr20=0.254700 cur_best_hr10=0.438500 cur_test_mrr20=0.215800 cur_test_hr10=0.396100 run_best_mrr20=0.259100 run_best_hr10=0.444400 run_test_mrr20=0.226500 run_test_hr10=0.393300

[8/10] learning_rate=0.0004463, weight_decay=0.0001675
  -> MRR@20=0.257200  best=0.259100  (early_stop@39, trial=4.4min, avg=4.4min/trial, total=35.0min, ETA=8.7min)
[TRIAL_METRICS] cur_best_mrr20=0.257200 cur_best_hr10=0.439200 cur_test_mrr20=0.224800 cur_test_hr10=0.399700 run_best_mrr20=0.259100 run_best_hr10=0.444400 run_test_mrr20=0.226500 run_test_hr10=0.393300

[9/10] learning_rate=0.0006415, weight_decay=0.0001565
  -> MRR@20=0.254100  best=0.259100  (early_stop@31, trial=3.5min, avg=4.3min/trial, total=38.5min, ETA=4.3min)
[TRIAL_METRICS] cur_best_mrr20=0.254100 cur_best_hr10=0.442600 cur_test_mrr20=0.223500 cur_test_hr10=0.402900 run_best_mrr20=0.259100 run_best_hr10=0.444400 run_test_mrr20=0.226500 run_test_hr10=0.393300

[10/10] learning_rate=0.0002965, weight_decay=0.0002653
  -> MRR@20=0.257200  best=0.259100  (early_stop@51, trial=5.7min, avg=4.4min/trial, total=44.2min, ETA=0s)
[TRIAL_METRICS] cur_best_mrr20=0.257200 cur_best_hr10=0.440000 cur_test_mrr20=0.226100 cur_test_hr10=0.392900 run_best_mrr20=0.259100 run_best_hr10=0.444400 run_test_mrr20=0.226500 run_test_hr10=0.393300

=================================================================
  DONE  |  TiSASRec x foursquare
  Best MRR@20 = 0.259100  |  10/10 trials OK
  Best HR@10  = 0.444400
  Test MRR@20 = 0.226500  (best-valid checkpoint)
  Test HR@10  = 0.393300  (best-valid checkpoint)
[RUN_METRICS] best_valid_mrr20=0.259100 best_valid_hr10=0.444400 test_mrr20=0.226500 test_hr10=0.393300
  Total time: 44.2 min
  Best params:
    learning_rate: 0.000268042
    weight_decay: 0.000209908
  Results -> /workspace/FeaturedMoE/experiments/run/artifacts/results/baseline_3/foursquare_TiSASRec_full_history_v4_c4_dfoursquare_mtisasrec_p022_c1_s1_20260416_122034_444774_pid355196.json
  Normal mirror -> /workspace/FeaturedMoE/experiments/run/artifacts/results/baseline_3/normal/full_history_v4_c4/FULL/foursquare/TiSASRec/foursquare_TiSASRec_full_history_v4_c4_dfoursquare_mtisasrec_p022_c1_s1_20260416_122034_444774_pid355196.json
  Special result -> /workspace/FeaturedMoE/experiments/run/artifacts/results/baseline_3/special/full_history_v4_c4/FULL/foursquare/TiSASRec/foursquare_TiSASRec_full_history_v4_c4_dfoursquare_mtisasrec_p022_c1_s1_20260416_122034_444774_pid355196_special_metrics.json
  Special log -> /workspace/FeaturedMoE/experiments/run/artifacts/logs/baseline_3/special/full_history_v4_c4/FULL/foursquare/TiSASRec/foursquare_TiSASRec_full_history_v4_c4_dfoursquare_mtisasrec_p022_c1_s1_20260416_122034_444774_pid355196_special_metrics.json
=================================================================

[RUN_STATUS] END status=normal pid=355196 start=2026-04-16T12:20:34 end=2026-04-16T13:04:46

[FULL_HISTORY_TIMING] avg_epoch_sec=6.7422 avg_epoch_ms=6742.2 test_inference_sec=0.1593
