[FMOE_N4_CROSS_DATASET_A12_PORTFOLIO_SETTING_HEADER]
run_phase=P4XD_XD_AMAZON_BEAUTY_A14_T15_DEPTHCAP_H11_S1 exp_brief=A12_ATTN_MICRO_BEFORE_NO_BIAS_ALL_W5 phase_id=P4XD axis_id=N4XDA12 setting_id=A14_t15_depthcap_h11 hparam_id= seed=1
desc=A14_t15_depthcap_h11
dataset=amazon_beauty gpu=1 order=14
max_evals=10 tune_epochs=80 tune_patience=
seed=264013

[COMMAND]
- /venv/FMoE/bin/python hyperopt_tune.py --config-name config --search-algo tpe --max-evals 10 --tune-epochs 80 --tune-patience 6 --seed 264013 --run-group fmoe_n4 --run-axis CrossDataset_A12_Portfolio --run-phase P4XD_XD_AMAZON_BEAUTY_A14_T15_DEPTHCAP_H11_S1 model=featured_moe_n3_tune dataset=amazon_beauty eval_mode=session_fixed feature_mode=full_v3 gpu_id=1 log_wandb=false enable_tf32=true fmoe_debug_logging=false fmoe_diag_logging=true fmoe_special_logging=true fmoe_feature_ablation_logging=false fmoe_eval_logging_timing=final_only ++fmoe_logging_output_root="run/artifacts/logging" ++fmoe_logging_layout="axis_dataset_arch_hparam" ++fmoe_architecture_id="A12" ++fmoe_architecture_key="A12_ATTN_MICRO_BEFORE_NO_BIAS_ALL_W5" ++fmoe_hparam_id="H11" ++fmoe_phase="P4XD" train_batch_size=3072 eval_batch_size=4096 ++phase_run_type="stage1" ++phase_axis_id="N4XDA12" ++phase_axis_desc="cross_dataset_a12_portfolio" ++phase_setting_id="A14_t15_depthcap_h11" ++phase_setting_key="A14_t15_depthcap_h11" ++phase_hparam_id="H11" ++phase_seed_id=1 ++phase_run_id="XD_AMAZON_BEAUTY_A14_T15_DEPTHCAP_H11_S1" ++layer_layout=["attn","macro_ffn","mid_ffn","attn","micro_ffn"] ++stage_compute_mode={macro:"moe",mid:"moe",micro:"moe"} ++stage_router_mode={macro:"learned",mid:"learned",micro:"learned"} ++stage_router_source={macro:"both",mid:"both",micro:"both"} ++stage_feature_injection={macro:"none",mid:"none",micro:"none"} ++topk_scope_mode="global_flat" ++moe_top_k=0 ++balance_loss_lambda=0.0 ++z_loss_lambda=0.0002 ++gate_entropy_lambda=0.0 ++route_smoothness_lambda=0.0 ++route_consistency_lambda=0.0008 ++route_sharpness_lambda=0.0 ++route_monopoly_lambda=0.0 ++route_monopoly_tau=0.25 ++route_prior_lambda=0.0 ++group_prior_align_lambda=0.0 ++factored_group_balance_lambda=0.0 ++rule_agreement_lambda=0.0 ++group_coverage_lambda=0.0 ++feature_group_bias_lambda=0.0 ++rule_bias_scale=0.0 ++primitive_balance_lambda=0.0 ++wrapper_group_feature_align_lambda=0.0 ++stage_router_primitives={macro:{a_joint:{source:"feature",temperature:1.0,top_k:0},b_group:{source:"feature",temperature:1.0,top_k:0},c_shared:{source:"feature",temperature:1.0,top_k:0},d_cond:{source:"feature",temperature:1.0,top_k:0},e_scalar:{source:"feature",temperature:1.0,top_k:0},wrapper:{alpha_d:1.0,alpha_struct:1.0,alpha_a:1.0}},mid:{a_joint:{source:"feature",temperature:1.0,top_k:0},b_group:{source:"feature",temperature:1.0,top_k:0},c_shared:{source:"feature",temperature:1.0,top_k:0},d_cond:{source:"feature",temperature:1.0,top_k:0},e_scalar:{source:"feature",temperature:1.0,top_k:0},wrapper:{alpha_d:1.0,alpha_struct:1.0,alpha_a:1.0}},micro:{a_joint:{source:"feature",temperature:1.0,top_k:0},b_group:{source:"feature",temperature:1.0,top_k:0},c_shared:{source:"feature",temperature:1.0,top_k:0},d_cond:{source:"feature",temperature:1.0,top_k:0},e_scalar:{source:"feature",temperature:1.0,top_k:0},wrapper:{alpha_d:1.0,alpha_struct:1.0,alpha_a:1.0}}} ++stage_router_wrapper={macro:"w5_exd",mid:"w5_exd",micro:"w5_exd"} ++stage_router_granularity={macro:"session",mid:"session",micro:"token"} ++macro_history_window=5 ++route_consistency_pairs=1 ++route_consistency_min_sim=0.995 ++bias_mode="none" ++stage_family_dropout_prob={macro:0.02,mid:0.02,micro:0.02} ++stage_feature_dropout_prob={macro:0.0,mid:0.0,micro:0.0} ++stage_feature_dropout_scope={macro:"token",mid:"token",micro:"token"} ++embedding_size=224 ++d_ff=448 ++d_expert_hidden=224 ++d_router_hidden=112 ++MAX_ITEM_LIST_LENGTH=20 ++d_feat_emb=16 ++expert_scale=4 ++lr_scheduler_type="warmup_cosine" ++num_heads=4 ++search.learning_rate=[0.00015,0.0007] ++search_space_type_overrides.learning_rate=loguniform ++search.hidden_dropout_prob=[0.07,0.1,0.12] ++search_space_type_overrides.hidden_dropout_prob=choice ++search.attn_dropout_prob=[0.08,0.1] ++search_space_type_overrides.attn_dropout_prob=choice ++search.weight_decay=[3e-07,6e-07,1.2e-06] ++search_space_type_overrides.weight_decay=choice ++search.MAX_ITEM_LIST_LENGTH=[20,30,40] ++search_space_type_overrides.MAX_ITEM_LIST_LENGTH=choice ++search.d_feat_emb=[16,24] ++search_space_type_overrides.d_feat_emb=choice ++search.expert_scale=[4,5] ++search_space_type_overrides.expert_scale=choice ++search.stage_family_dropout_prob=[{macro:0.02,mid:0.02,micro:0.02},{macro:0.04,mid:0.04,micro:0.04}] ++search_space_type_overrides.stage_family_dropout_prob=choice ++search.stage_feature_dropout_prob=[{macro:0.0,mid:0.0,micro:0.0},{macro:0.02,mid:0.02,micro:0.02}] ++search_space_type_overrides.stage_feature_dropout_prob=choice
/venv/FMoE/lib/python3.10/site-packages/ray/_private/parameter.py:4: UserWarning: pkg_resources is deprecated as an API. See https://setuptools.pypa.io/en/latest/pkg_resources.html. The pkg_resources package is slated for removal as early as 2025-11-30. Refrain from using this package or pin to Setuptools<81.
  import pkg_resources
[RUN_STATUS] START pid=196546 ts=2026-04-16T00:40:04

=================================================================
  Hyperopt  |  FeaturedMoE_N3 x amazon_beauty
  max_evals=10  epochs=80  patience=6  wandb=off
  search_algo=tpe
  batch_size(train/valid/test)=3072/4096/4096
  track=fmoe_n4  axis=crossdataset_a12_portfolio  phase=P4XD_XD_AMAZON_BEAUTY_A14_T15_DEPTHCAP_H11_S1
=================================================================
Changed knobs: MAX_ITEM_LIST_LENGTH, attn_dropout_prob, d_feat_emb, expert_scale, hidden_dropout_prob, learning_rate, stage_family_dropout_prob, stage_feature_dropout_prob, weight_decay
Tuned params(len>1): 9  (~864 discrete combos)
Tuned groups: 9
  [optimization]
    hidden_dropout_prob             [0.07, 0.1, 0.12]                         -> choice
    learning_rate                   [0.00015, 0.0007]                         -> loguniform
    weight_decay                    [3e-07, 6e-07, 1.2e-06]                   -> choice
  [model_core]
    attn_dropout_prob               [0.08, 0.1]                               -> choice
    d_feat_emb                      [16, 24]                                  -> choice
    expert_scale                    [4, 5]                                    -> choice
    stage_family_dropout_prob       [{'macro': 0.02, 'mid': 0.02, 'micro': 0.02}, {'macro': 0.04, 'mid': 0.04, 'micro': 0.04}]  -> choice
    stage_feature_dropout_prob      [{'macro': 0.0, 'mid': 0.0, 'micro': 0.0}, {'macro': 0.02, 'mid': 0.02, 'micro': 0.02}]  -> choice
  [other]
    MAX_ITEM_LIST_LENGTH            [20, 30, 40]                              -> choice
Fixed params(singleton/non-list): 0
Fixed groups: 0
  (none)

[Wandb] disabled for this hyperopt run

[1/10] MAX_ITEM_LIST_LENGTH=40, attn_dropout_prob=0.1, d_feat_emb=24, expert_scale=5, hidden_dropout_prob=0.07, learning_rate=0.0001557, stage_family_dropout_prob={'macro': 0.02, 'micro': 0.02, 'mid': 0.02}, stage_feature_dropout_prob={'macro': 0.02, 'micro': 0.02, 'mid': 0.02}, weight_decay=6e-07
  -> FAILED: CUDA out of memory. Tried to allocate 106.00 MiB. GPU 0 has a total capacity of 23.56 GiB of which 65.00 MiB is free. Process 1981957 has 23.49 GiB memory in use. Of the allocated memory 23.09 GiB is allocated by PyTorch, and 103.51 MiB is reserved by PyTorch but unallocated. If reserved but unallocated memory is large try setting PYTORCH_CUDA_ALLOC_CONF=expandable_segments:True to avoid fragmentation.  See documentation for Memory Management  (https://pytorch.org/docs/stable/notes/cuda.html#environment-variables)
Traceback (most recent call last):
  File "/workspace/FeaturedMoE/experiments/hyperopt_tune.py", line 4218, in objective
    result = train_and_evaluate(cfg_trial, trial_num=trial_num, progress_cb=_wandb_log_live if log_wandb else None)
  File "/workspace/FeaturedMoE/experiments/hyperopt_tune.py", line 2956, in train_and_evaluate
    train_loss = trainer._train_epoch(train_data, epoch_idx=epoch, show_progress=show_progress)
  File "/workspace/FeaturedMoE/experiments/recbole_patch.py", line 885, in _patched_train_epoch
    return _original_train_epoch(self, *args, **kwargs)
  File "/venv/FMoE/lib/python3.10/site-packages/recbole/trainer/trainer.py", line 245, in _train_epoch
    losses = loss_func(interaction)
  File "/workspace/FeaturedMoE/experiments/models/FeaturedMoE_N3/featured_moe_n3.py", line 1221, in calculate_loss
    seq_output, aux_data = self.forward(item_seq, item_seq_len, feat)
  File "/workspace/FeaturedMoE/experiments/models/FeaturedMoE_N3/featured_moe_n3.py", line 1194, in forward
    tokens, gate_weights, gate_logits, router_aux, dense_aux, stage_merge_weights, stage_merge_logits = self.stage_executor(
  File "/venv/FMoE/lib/python3.10/site-packages/torch/nn/modules/module.py", line 1739, in _wrapped_call_impl
    return self._call_impl(*args, **kwargs)
  File "/venv/FMoE/lib/python3.10/site-packages/torch/nn/modules/module.py", line 1750, in _call_impl
    return forward_call(*args, **kwargs)
  File "/workspace/FeaturedMoE/experiments/models/FeaturedMoE_N3/stage_executor.py", line 526, in forward
    next_hidden, weights, logits, stage_router_aux, stage_dense_aux = self.stage_blocks[op["stage"]](
  File "/venv/FMoE/lib/python3.10/site-packages/torch/nn/modules/module.py", line 1739, in _wrapped_call_impl
    return self._call_impl(*args, **kwargs)
  File "/venv/FMoE/lib/python3.10/site-packages/torch/nn/modules/module.py", line 1750, in _call_impl
    return forward_call(*args, **kwargs)
  File "/workspace/FeaturedMoE/experiments/models/FeaturedMoE_N3/stage_modules.py", line 1135, in forward
    delta, expert_outputs = self._expert_delta(hidden_in, gate_weights)
  File "/workspace/FeaturedMoE/experiments/models/FeaturedMoE_N3/stage_modules.py", line 1041, in _expert_delta
    expert_outputs = torch.stack([expert(hidden) for expert in self.experts], dim=-2)
  File "/workspace/FeaturedMoE/experiments/models/FeaturedMoE_N3/stage_modules.py", line 1041, in <listcomp>
    expert_outputs = torch.stack([expert(hidden) for expert in self.experts], dim=-2)
  File "/venv/FMoE/lib/python3.10/site-packages/torch/nn/modules/module.py", line 1739, in _wrapped_call_impl
    return self._call_impl(*args, **kwargs)
  File "/venv/FMoE/lib/python3.10/site-packages/torch/nn/modules/module.py", line 1750, in _call_impl
    return forward_call(*args, **kwargs)
  File "/workspace/FeaturedMoE/experiments/models/FeaturedMoE_N3/stage_modules.py", line 305, in forward
    return self.out(self.backbone(hidden_states))
  File "/venv/FMoE/lib/python3.10/site-packages/torch/nn/modules/module.py", line 1739, in _wrapped_call_impl
    return self._call_impl(*args, **kwargs)
  File "/venv/FMoE/lib/python3.10/site-packages/torch/nn/modules/module.py", line 1750, in _call_impl
    return forward_call(*args, **kwargs)
  File "/venv/FMoE/lib/python3.10/site-packages/torch/nn/modules/container.py", line 250, in forward
    input = module(input)
  File "/venv/FMoE/lib/python3.10/site-packages/torch/nn/modules/module.py", line 1739, in _wrapped_call_impl
    return self._call_impl(*args, **kwargs)
  File "/venv/FMoE/lib/python3.10/site-packages/torch/nn/modules/module.py", line 1750, in _call_impl
    return forward_call(*args, **kwargs)
  File "/venv/FMoE/lib/python3.10/site-packages/torch/nn/modules/dropout.py", line 70, in forward
    return F.dropout(input, self.p, self.training, self.inplace)
  File "/venv/FMoE/lib/python3.10/site-packages/torch/nn/functional.py", line 1425, in dropout
    _VF.dropout_(input, p, training) if inplace else _VF.dropout(input, p, training)
torch.OutOfMemoryError: CUDA out of memory. Tried to allocate 106.00 MiB. GPU 0 has a total capacity of 23.56 GiB of which 65.00 MiB is free. Process 1981957 has 23.49 GiB memory in use. Of the allocated memory 23.09 GiB is allocated by PyTorch, and 103.51 MiB is reserved by PyTorch but unallocated. If reserved but unallocated memory is large try setting PYTORCH_CUDA_ALLOC_CONF=expandable_segments:True to avoid fragmentation.  See documentation for Memory Management  (https://pytorch.org/docs/stable/notes/cuda.html#environment-variables)

[2/10] MAX_ITEM_LIST_LENGTH=40, attn_dropout_prob=0.08, d_feat_emb=24, expert_scale=5, hidden_dropout_prob=0.1, learning_rate=0.0005742, stage_family_dropout_prob={'macro': 0.04, 'micro': 0.04, 'mid': 0.04}, stage_feature_dropout_prob={'macro': 0.0, 'micro': 0.0, 'mid': 0.0}, weight_decay=3e-07
  -> FAILED: CUDA out of memory. Tried to allocate 106.00 MiB. GPU 0 has a total capacity of 23.56 GiB of which 63.00 MiB is free. Process 1981957 has 23.49 GiB memory in use. Of the allocated memory 23.07 GiB is allocated by PyTorch, and 122.04 MiB is reserved by PyTorch but unallocated. If reserved but unallocated memory is large try setting PYTORCH_CUDA_ALLOC_CONF=expandable_segments:True to avoid fragmentation.  See documentation for Memory Management  (https://pytorch.org/docs/stable/notes/cuda.html#environment-variables)
Traceback (most recent call last):
  File "/workspace/FeaturedMoE/experiments/hyperopt_tune.py", line 4218, in objective
    result = train_and_evaluate(cfg_trial, trial_num=trial_num, progress_cb=_wandb_log_live if log_wandb else None)
  File "/workspace/FeaturedMoE/experiments/hyperopt_tune.py", line 2956, in train_and_evaluate
    train_loss = trainer._train_epoch(train_data, epoch_idx=epoch, show_progress=show_progress)
  File "/workspace/FeaturedMoE/experiments/recbole_patch.py", line 885, in _patched_train_epoch
    return _original_train_epoch(self, *args, **kwargs)
  File "/venv/FMoE/lib/python3.10/site-packages/recbole/trainer/trainer.py", line 245, in _train_epoch
    losses = loss_func(interaction)
  File "/workspace/FeaturedMoE/experiments/models/FeaturedMoE_N3/featured_moe_n3.py", line 1221, in calculate_loss
    seq_output, aux_data = self.forward(item_seq, item_seq_len, feat)
  File "/workspace/FeaturedMoE/experiments/models/FeaturedMoE_N3/featured_moe_n3.py", line 1194, in forward
    tokens, gate_weights, gate_logits, router_aux, dense_aux, stage_merge_weights, stage_merge_logits = self.stage_executor(
  File "/venv/FMoE/lib/python3.10/site-packages/torch/nn/modules/module.py", line 1739, in _wrapped_call_impl
    return self._call_impl(*args, **kwargs)
  File "/venv/FMoE/lib/python3.10/site-packages/torch/nn/modules/module.py", line 1750, in _call_impl
    return forward_call(*args, **kwargs)
  File "/workspace/FeaturedMoE/experiments/models/FeaturedMoE_N3/stage_executor.py", line 526, in forward
    next_hidden, weights, logits, stage_router_aux, stage_dense_aux = self.stage_blocks[op["stage"]](
  File "/venv/FMoE/lib/python3.10/site-packages/torch/nn/modules/module.py", line 1739, in _wrapped_call_impl
    return self._call_impl(*args, **kwargs)
  File "/venv/FMoE/lib/python3.10/site-packages/torch/nn/modules/module.py", line 1750, in _call_impl
    return forward_call(*args, **kwargs)
  File "/workspace/FeaturedMoE/experiments/models/FeaturedMoE_N3/stage_modules.py", line 1135, in forward
    delta, expert_outputs = self._expert_delta(hidden_in, gate_weights)
  File "/workspace/FeaturedMoE/experiments/models/FeaturedMoE_N3/stage_modules.py", line 1041, in _expert_delta
    expert_outputs = torch.stack([expert(hidden) for expert in self.experts], dim=-2)
  File "/workspace/FeaturedMoE/experiments/models/FeaturedMoE_N3/stage_modules.py", line 1041, in <listcomp>
    expert_outputs = torch.stack([expert(hidden) for expert in self.experts], dim=-2)
  File "/venv/FMoE/lib/python3.10/site-packages/torch/nn/modules/module.py", line 1739, in _wrapped_call_impl
    return self._call_impl(*args, **kwargs)
  File "/venv/FMoE/lib/python3.10/site-packages/torch/nn/modules/module.py", line 1750, in _call_impl
    return forward_call(*args, **kwargs)
  File "/workspace/FeaturedMoE/experiments/models/FeaturedMoE_N3/stage_modules.py", line 305, in forward
    return self.out(self.backbone(hidden_states))
  File "/venv/FMoE/lib/python3.10/site-packages/torch/nn/modules/module.py", line 1739, in _wrapped_call_impl
    return self._call_impl(*args, **kwargs)
  File "/venv/FMoE/lib/python3.10/site-packages/torch/nn/modules/module.py", line 1750, in _call_impl
    return forward_call(*args, **kwargs)
  File "/venv/FMoE/lib/python3.10/site-packages/torch/nn/modules/container.py", line 250, in forward
    input = module(input)
  File "/venv/FMoE/lib/python3.10/site-packages/torch/nn/modules/module.py", line 1739, in _wrapped_call_impl
    return self._call_impl(*args, **kwargs)
  File "/venv/FMoE/lib/python3.10/site-packages/torch/nn/modules/module.py", line 1750, in _call_impl
    return forward_call(*args, **kwargs)
  File "/venv/FMoE/lib/python3.10/site-packages/torch/nn/modules/dropout.py", line 70, in forward
    return F.dropout(input, self.p, self.training, self.inplace)
  File "/venv/FMoE/lib/python3.10/site-packages/torch/nn/functional.py", line 1425, in dropout
    _VF.dropout_(input, p, training) if inplace else _VF.dropout(input, p, training)
torch.OutOfMemoryError: CUDA out of memory. Tried to allocate 106.00 MiB. GPU 0 has a total capacity of 23.56 GiB of which 63.00 MiB is free. Process 1981957 has 23.49 GiB memory in use. Of the allocated memory 23.07 GiB is allocated by PyTorch, and 122.04 MiB is reserved by PyTorch but unallocated. If reserved but unallocated memory is large try setting PYTORCH_CUDA_ALLOC_CONF=expandable_segments:True to avoid fragmentation.  See documentation for Memory Management  (https://pytorch.org/docs/stable/notes/cuda.html#environment-variables)

[3/10] MAX_ITEM_LIST_LENGTH=20, attn_dropout_prob=0.08, d_feat_emb=24, expert_scale=4, hidden_dropout_prob=0.12, learning_rate=0.0001567, stage_family_dropout_prob={'macro': 0.04, 'micro': 0.04, 'mid': 0.04}, stage_feature_dropout_prob={'macro': 0.02, 'micro': 0.02, 'mid': 0.02}, weight_decay=3e-07
  -> MRR@20=0.012700  best=0.012700  (early_stop@11, trial=9s, avg=5s/trial, total=16s, ETA=38s)
[TRIAL_METRICS] cur_best_mrr20=0.012700 cur_best_hr10=0.028300 cur_test_mrr20=0.002100 cur_test_hr10=0.010600 run_best_mrr20=0.012700 run_best_hr10=0.028300 run_test_mrr20=0.002100 run_test_hr10=0.010600

[4/10] MAX_ITEM_LIST_LENGTH=20, attn_dropout_prob=0.1, d_feat_emb=16, expert_scale=4, hidden_dropout_prob=0.1, learning_rate=0.0003491, stage_family_dropout_prob={'macro': 0.02, 'micro': 0.02, 'mid': 0.02}, stage_feature_dropout_prob={'macro': 0.02, 'micro': 0.02, 'mid': 0.02}, weight_decay=6e-07
  -> MRR@20=0.028500  best=0.028500  (early_stop@65, trial=47s, avg=16s/trial, total=1.1min, ETA=1.6min)
[TRIAL_METRICS] cur_best_mrr20=0.028500 cur_best_hr10=0.047200 cur_test_mrr20=0.001500 cur_test_hr10=0.010600 run_best_mrr20=0.028500 run_best_hr10=0.047200 run_test_mrr20=0.001500 run_test_hr10=0.010600

[5/10] MAX_ITEM_LIST_LENGTH=20, attn_dropout_prob=0.1, d_feat_emb=24, expert_scale=5, hidden_dropout_prob=0.07, learning_rate=0.0001919, stage_family_dropout_prob={'macro': 0.02, 'micro': 0.02, 'mid': 0.02}, stage_feature_dropout_prob={'macro': 0.0, 'micro': 0.0, 'mid': 0.0}, weight_decay=1.2e-06
  -> MRR@20=0.015700  best=0.028500  (early_stop@20, trial=17s, avg=16s/trial, total=1.4min, ETA=1.4min)
[TRIAL_METRICS] cur_best_mrr20=0.015700 cur_best_hr10=0.028300 cur_test_mrr20=0.000000 cur_test_hr10=0.000000 run_best_mrr20=0.028500 run_best_hr10=0.047200 run_test_mrr20=0.001500 run_test_hr10=0.010600

[6/10] MAX_ITEM_LIST_LENGTH=30, attn_dropout_prob=0.08, d_feat_emb=24, expert_scale=5, hidden_dropout_prob=0.1, learning_rate=0.0003198, stage_family_dropout_prob={'macro': 0.04, 'micro': 0.04, 'mid': 0.04}, stage_feature_dropout_prob={'macro': 0.02, 'micro': 0.02, 'mid': 0.02}, weight_decay=6e-07
  -> FAILED: CUDA out of memory. Tried to allocate 1.54 GiB. GPU 0 has a total capacity of 23.56 GiB of which 803.00 MiB is free. Process 1981957 has 22.77 GiB memory in use. Of the allocated memory 19.78 GiB is allocated by PyTorch, and 2.68 GiB is reserved by PyTorch but unallocated. If reserved but unallocated memory is large try setting PYTORCH_CUDA_ALLOC_CONF=expandable_segments:True to avoid fragmentation.  See documentation for Memory Management  (https://pytorch.org/docs/stable/notes/cuda.html#environment-variables)
Traceback (most recent call last):
  File "/workspace/FeaturedMoE/experiments/hyperopt_tune.py", line 4218, in objective
    result = train_and_evaluate(cfg_trial, trial_num=trial_num, progress_cb=_wandb_log_live if log_wandb else None)
  File "/workspace/FeaturedMoE/experiments/hyperopt_tune.py", line 2956, in train_and_evaluate
    train_loss = trainer._train_epoch(train_data, epoch_idx=epoch, show_progress=show_progress)
  File "/workspace/FeaturedMoE/experiments/recbole_patch.py", line 885, in _patched_train_epoch
    return _original_train_epoch(self, *args, **kwargs)
  File "/venv/FMoE/lib/python3.10/site-packages/recbole/trainer/trainer.py", line 261, in _train_epoch
    scaler.scale(loss + sync_loss).backward()
  File "/venv/FMoE/lib/python3.10/site-packages/torch/_tensor.py", line 626, in backward
    torch.autograd.backward(
  File "/venv/FMoE/lib/python3.10/site-packages/torch/autograd/__init__.py", line 347, in backward
    _engine_run_backward(
  File "/venv/FMoE/lib/python3.10/site-packages/torch/autograd/graph.py", line 823, in _engine_run_backward
    return Variable._execution_engine.run_backward(  # Calls into the C++ engine to run the backward pass
torch.OutOfMemoryError: CUDA out of memory. Tried to allocate 1.54 GiB. GPU 0 has a total capacity of 23.56 GiB of which 803.00 MiB is free. Process 1981957 has 22.77 GiB memory in use. Of the allocated memory 19.78 GiB is allocated by PyTorch, and 2.68 GiB is reserved by PyTorch but unallocated. If reserved but unallocated memory is large try setting PYTORCH_CUDA_ALLOC_CONF=expandable_segments:True to avoid fragmentation.  See documentation for Memory Management  (https://pytorch.org/docs/stable/notes/cuda.html#environment-variables)

[7/10] MAX_ITEM_LIST_LENGTH=30, attn_dropout_prob=0.1, d_feat_emb=24, expert_scale=4, hidden_dropout_prob=0.07, learning_rate=0.0001907, stage_family_dropout_prob={'macro': 0.04, 'micro': 0.04, 'mid': 0.04}, stage_feature_dropout_prob={'macro': 0.02, 'micro': 0.02, 'mid': 0.02}, weight_decay=3e-07
  -> MRR@20=0.014200  best=0.028500  (early_stop@14, trial=14s, avg=14s/trial, total=1.6min, ETA=42s)
[TRIAL_METRICS] cur_best_mrr20=0.014200 cur_best_hr10=0.018900 cur_test_mrr20=0.001800 cur_test_hr10=0.010600 run_best_mrr20=0.028500 run_best_hr10=0.047200 run_test_mrr20=0.001500 run_test_hr10=0.010600

[8/10] MAX_ITEM_LIST_LENGTH=40, attn_dropout_prob=0.1, d_feat_emb=24, expert_scale=5, hidden_dropout_prob=0.12, learning_rate=0.0003293, stage_family_dropout_prob={'macro': 0.02, 'micro': 0.02, 'mid': 0.02}, stage_feature_dropout_prob={'macro': 0.0, 'micro': 0.0, 'mid': 0.0}, weight_decay=6e-07
  -> FAILED: CUDA out of memory. Tried to allocate 106.00 MiB. GPU 0 has a total capacity of 23.56 GiB of which 29.00 MiB is free. Process 1981957 has 23.53 GiB memory in use. Of the allocated memory 23.10 GiB is allocated by PyTorch, and 119.83 MiB is reserved by PyTorch but unallocated. If reserved but unallocated memory is large try setting PYTORCH_CUDA_ALLOC_CONF=expandable_segments:True to avoid fragmentation.  See documentation for Memory Management  (https://pytorch.org/docs/stable/notes/cuda.html#environment-variables)
Traceback (most recent call last):
  File "/workspace/FeaturedMoE/experiments/hyperopt_tune.py", line 4218, in objective
    result = train_and_evaluate(cfg_trial, trial_num=trial_num, progress_cb=_wandb_log_live if log_wandb else None)
  File "/workspace/FeaturedMoE/experiments/hyperopt_tune.py", line 2956, in train_and_evaluate
    train_loss = trainer._train_epoch(train_data, epoch_idx=epoch, show_progress=show_progress)
  File "/workspace/FeaturedMoE/experiments/recbole_patch.py", line 885, in _patched_train_epoch
    return _original_train_epoch(self, *args, **kwargs)
  File "/venv/FMoE/lib/python3.10/site-packages/recbole/trainer/trainer.py", line 245, in _train_epoch
    losses = loss_func(interaction)
  File "/workspace/FeaturedMoE/experiments/models/FeaturedMoE_N3/featured_moe_n3.py", line 1221, in calculate_loss
    seq_output, aux_data = self.forward(item_seq, item_seq_len, feat)
  File "/workspace/FeaturedMoE/experiments/models/FeaturedMoE_N3/featured_moe_n3.py", line 1194, in forward
    tokens, gate_weights, gate_logits, router_aux, dense_aux, stage_merge_weights, stage_merge_logits = self.stage_executor(
  File "/venv/FMoE/lib/python3.10/site-packages/torch/nn/modules/module.py", line 1739, in _wrapped_call_impl
    return self._call_impl(*args, **kwargs)
  File "/venv/FMoE/lib/python3.10/site-packages/torch/nn/modules/module.py", line 1750, in _call_impl
    return forward_call(*args, **kwargs)
  File "/workspace/FeaturedMoE/experiments/models/FeaturedMoE_N3/stage_executor.py", line 526, in forward
    next_hidden, weights, logits, stage_router_aux, stage_dense_aux = self.stage_blocks[op["stage"]](
  File "/venv/FMoE/lib/python3.10/site-packages/torch/nn/modules/module.py", line 1739, in _wrapped_call_impl
    return self._call_impl(*args, **kwargs)
  File "/venv/FMoE/lib/python3.10/site-packages/torch/nn/modules/module.py", line 1750, in _call_impl
    return forward_call(*args, **kwargs)
  File "/workspace/FeaturedMoE/experiments/models/FeaturedMoE_N3/stage_modules.py", line 1135, in forward
    delta, expert_outputs = self._expert_delta(hidden_in, gate_weights)
  File "/workspace/FeaturedMoE/experiments/models/FeaturedMoE_N3/stage_modules.py", line 1041, in _expert_delta
    expert_outputs = torch.stack([expert(hidden) for expert in self.experts], dim=-2)
  File "/workspace/FeaturedMoE/experiments/models/FeaturedMoE_N3/stage_modules.py", line 1041, in <listcomp>
    expert_outputs = torch.stack([expert(hidden) for expert in self.experts], dim=-2)
  File "/venv/FMoE/lib/python3.10/site-packages/torch/nn/modules/module.py", line 1739, in _wrapped_call_impl
    return self._call_impl(*args, **kwargs)
  File "/venv/FMoE/lib/python3.10/site-packages/torch/nn/modules/module.py", line 1750, in _call_impl
    return forward_call(*args, **kwargs)
  File "/workspace/FeaturedMoE/experiments/models/FeaturedMoE_N3/stage_modules.py", line 305, in forward
    return self.out(self.backbone(hidden_states))
  File "/venv/FMoE/lib/python3.10/site-packages/torch/nn/modules/module.py", line 1739, in _wrapped_call_impl
    return self._call_impl(*args, **kwargs)
  File "/venv/FMoE/lib/python3.10/site-packages/torch/nn/modules/module.py", line 1750, in _call_impl
    return forward_call(*args, **kwargs)
  File "/venv/FMoE/lib/python3.10/site-packages/torch/nn/modules/container.py", line 250, in forward
    input = module(input)
  File "/venv/FMoE/lib/python3.10/site-packages/torch/nn/modules/module.py", line 1739, in _wrapped_call_impl
    return self._call_impl(*args, **kwargs)
  File "/venv/FMoE/lib/python3.10/site-packages/torch/nn/modules/module.py", line 1750, in _call_impl
    return forward_call(*args, **kwargs)
  File "/venv/FMoE/lib/python3.10/site-packages/torch/nn/modules/dropout.py", line 70, in forward
    return F.dropout(input, self.p, self.training, self.inplace)
  File "/venv/FMoE/lib/python3.10/site-packages/torch/nn/functional.py", line 1425, in dropout
    _VF.dropout_(input, p, training) if inplace else _VF.dropout(input, p, training)
torch.OutOfMemoryError: CUDA out of memory. Tried to allocate 106.00 MiB. GPU 0 has a total capacity of 23.56 GiB of which 29.00 MiB is free. Process 1981957 has 23.53 GiB memory in use. Of the allocated memory 23.10 GiB is allocated by PyTorch, and 119.83 MiB is reserved by PyTorch but unallocated. If reserved but unallocated memory is large try setting PYTORCH_CUDA_ALLOC_CONF=expandable_segments:True to avoid fragmentation.  See documentation for Memory Management  (https://pytorch.org/docs/stable/notes/cuda.html#environment-variables)

[9/10] MAX_ITEM_LIST_LENGTH=20, attn_dropout_prob=0.1, d_feat_emb=24, expert_scale=5, hidden_dropout_prob=0.12, learning_rate=0.0004083, stage_family_dropout_prob={'macro': 0.04, 'micro': 0.04, 'mid': 0.04}, stage_feature_dropout_prob={'macro': 0.02, 'micro': 0.02, 'mid': 0.02}, weight_decay=1.2e-06
  -> MRR@20=0.018900  best=0.028500  (early_stop@19, trial=17s, avg=13s/trial, total=2.0min, ETA=13s)
[TRIAL_METRICS] cur_best_mrr20=0.018900 cur_best_hr10=0.028300 cur_test_mrr20=0.000000 cur_test_hr10=0.000000 run_best_mrr20=0.028500 run_best_hr10=0.047200 run_test_mrr20=0.001500 run_test_hr10=0.010600

[10/10] MAX_ITEM_LIST_LENGTH=20, attn_dropout_prob=0.08, d_feat_emb=24, expert_scale=5, hidden_dropout_prob=0.1, learning_rate=0.0004685, stage_family_dropout_prob={'macro': 0.02, 'micro': 0.02, 'mid': 0.02}, stage_feature_dropout_prob={'macro': 0.0, 'micro': 0.0, 'mid': 0.0}, weight_decay=3e-07
  -> MRR@20=0.034500  best=0.034500  (early_stop@70, trial=58s, avg=18s/trial, total=2.9min, ETA=0s)
[TRIAL_METRICS] cur_best_mrr20=0.034500 cur_best_hr10=0.066000 cur_test_mrr20=0.000700 cur_test_hr10=0.000000 run_best_mrr20=0.034500 run_best_hr10=0.066000 run_test_mrr20=0.000700 run_test_hr10=0.000000
[1;35mEvaluate   [0m:   0%|                                                            | 0/1 [00:00<?, ?it/s][0m[1;35mEvaluate   [0m:   0%|                                  | 0/1 [00:00<?, ?it/s, [1;33mGPU RAM: 23.23 G/23.56 G[0m][0m[1;35mEvaluate   [0m: 100%|██████████████████████████| 1/1 [00:00<00:00,  9.75it/s, [1;33mGPU RAM: 23.23 G/23.56 G[0m][0m                                                                                                    [1;35mEvaluate   [0m:   0%|                                                            | 0/1 [00:00<?, ?it/s][0m[1;35mEvaluate   [0m:   0%|                                  | 0/1 [00:00<?, ?it/s, [1;33mGPU RAM: 23.23 G/23.56 G[0m][0m                                                                                                    [1;35mEvaluate   [0m:   0%|                                                            | 0/1 [00:00<?, ?it/s][0m[1;35mEvaluate   [0m:   0%|                                  | 0/1 [00:00<?, ?it/s, [1;33mGPU RAM: 23.23 G/23.56 G[0m][0m                                                                                                    
=================================================================
  DONE  |  FeaturedMoE_N3 x amazon_beauty
  Best MRR@20 = 0.034500  |  6/10 trials OK
  Best HR@10  = 0.066000
  Test MRR@20 = 0.000700  (best-valid checkpoint)
  Test HR@10  = 0.000000  (best-valid checkpoint)
[RUN_METRICS] best_valid_mrr20=0.034500 best_valid_hr10=0.066000 test_mrr20=0.000700 test_hr10=0.000000
  Total time: 3.0 min
  Best params:
    MAX_ITEM_LIST_LENGTH: 20
    attn_dropout_prob: 0.08
    d_feat_emb: 24
    expert_scale: 5
    hidden_dropout_prob: 0.1
    learning_rate: 0.000468512
    stage_family_dropout_prob: {'macro': 0.02, 'micro': 0.02, 'mid': 0.02}
    stage_feature_dropout_prob: {'macro': 0.0, 'micro': 0.0, 'mid': 0.0}
    weight_decay: 3e-07
  Results -> /workspace/FeaturedMoE/experiments/run/artifacts/results/fmoe_n4/amazon_beauty_FeaturedMoE_N3_p4xd_xd_amazon_beauty_a14_t15_depthcap_h11_s1_20260416_004005_211896_pid196546.json
  Normal mirror -> /workspace/FeaturedMoE/experiments/run/artifacts/results/fmoe_n4/normal/crossdataset_a12_portfolio/P4XD/amazon_beauty/FMoEN3/amazon_beauty_FeaturedMoE_N3_p4xd_xd_amazon_beauty_a14_t15_depthcap_h11_s1_20260416_004005_211896_pid196546.json
  Special result -> /workspace/FeaturedMoE/experiments/run/artifacts/results/fmoe_n4/special/crossdataset_a12_portfolio/P4XD/amazon_beauty/FMoEN3/amazon_beauty_FeaturedMoE_N3_p4xd_xd_amazon_beauty_a14_t15_depthcap_h11_s1_20260416_004005_211896_pid196546_special_metrics.json
  Special log -> /workspace/FeaturedMoE/experiments/run/artifacts/logs/fmoe_n4/special/crossdataset_a12_portfolio/P4XD/amazon_beauty/FMoEN3/amazon_beauty_FeaturedMoE_N3_p4xd_xd_amazon_beauty_a14_t15_depthcap_h11_s1_20260416_004005_211896_pid196546_special_metrics.json
=================================================================

[RUN_STATUS] END status=normal pid=196546 start=2026-04-16T00:40:04 end=2026-04-16T00:43:02
