[STAGEH_TARGETEDRECOVERY_ANCHOR2_CORE5_SETTING_HEADER]
run_phase=P23_SH_C08_MGRU4REC_XFER_FOURSQUARE_FAD_H3_R1_C2_S1 run_id=SH_MOVIELENS1M_GRU4REC_XFER_FOURSQUARE_FAD_H3_R1_C2_S1 phase_id=P23 axis_id=SH model=GRU4Rec candidate_id=XFER_foursquare_FAD_H3_R1_C2 seed=1
dataset=movielens1m gpu=6 order=0 candidate_source=final_transfer source_stage=Final_all_datasets transfer_from_dataset=foursquare
max_evals=6 tune_epochs=40 tune_patience=5
seed=230115

[COMMAND]
- /venv/FMoE/bin/python hyperopt_tune.py --config-name tune_ml --max-evals 6 --tune-epochs 40 --tune-patience 5 --seed 230115 --run-group baseline --run-axis StageH_TargetedRecovery_anchor2_core5 --run-phase P23_SH_C08_MGRU4REC_XFER_FOURSQUARE_FAD_H3_R1_C2_S1 model=gru4rec dataset=movielens1m eval_mode=session_fixed feature_mode=full_v3 gpu_id=6 log_wandb=false show_progress=false ++special_logging=true ++seed=230115 ++search={learning_rate:[0.0008893703791336571,0.0021786852957713715]} ++search_space_type_overrides={learning_rate:"loguniform"} ++weight_decay=0.0002 ++search.weight_decay=[0.0002] ++search_space_type_overrides.weight_decay=choice ++search.n_layers=[2] ++search_space_type_overrides.n_layers=choice ++search.num_layers=[2] ++search_space_type_overrides.num_layers=choice ++search.n_heads=[4] ++search_space_type_overrides.n_heads=choice ++search.num_heads=[4] ++search_space_type_overrides.num_heads=choice ++search.dropout_ratio=[0.2] ++search_space_type_overrides.dropout_ratio=choice ++search.dropout_prob=[0.2] ++search_space_type_overrides.dropout_prob=choice ++search.hidden_dropout_prob=[0.2] ++search_space_type_overrides.hidden_dropout_prob=choice ++search.attn_dropout_prob=[0.2] ++search_space_type_overrides.attn_dropout_prob=choice ++search.hidden_size=[160] ++search_space_type_overrides.hidden_size=choice ++search.embedding_size=[160] ++search_space_type_overrides.embedding_size=choice ++search.inner_size=[320] ++search_space_type_overrides.inner_size=choice ++search.time_span=[512] ++search_space_type_overrides.time_span=choice ++search.num_experts=[8] ++search_space_type_overrides.num_experts=choice ++search.state_size=[32] ++search_space_type_overrides.state_size=choice ++search.conv_kernel=[8] ++search_space_type_overrides.conv_kernel=choice ++search.remaining_ratio=[0.7] ++search_space_type_overrides.remaining_ratio=choice ++search.MAX_ITEM_LIST_LENGTH=[10] ++search_space_type_overrides.MAX_ITEM_LIST_LENGTH=choice ++dropout_prob=0.2 ++train_batch_size=9625 ++eval_batch_size=11550 ++hidden_size=160 ++embedding_size=160 ++MAX_ITEM_LIST_LENGTH=10 ++num_layers=2
/venv/FMoE/lib/python3.10/site-packages/ray/_private/parameter.py:4: UserWarning: pkg_resources is deprecated as an API. See https://setuptools.pypa.io/en/latest/pkg_resources.html. The pkg_resources package is slated for removal as early as 2025-11-30. Refrain from using this package or pin to Setuptools<81.
  import pkg_resources
[RUN_STATUS] START pid=550771 ts=2026-04-10T11:36:54

=================================================================
  Hyperopt TPE  |  GRU4Rec x movielens1m
  max_evals=6  epochs=40  patience=5  wandb=off
  batch_size(train/valid/test)=9625/11550/11550
  track=baseline  axis=stageh_targetedrecovery_anchor2_core5  phase=P23_SH_C08_MGRU4REC_XFER_FOURSQUARE_FAD_H3_R1_C2_S1
=================================================================
Changed knobs: learning_rate
Tuned params(len>1): 1  (~1 discrete combos)
Tuned groups: 1
  [optimization]
    learning_rate                   [0.0008893703791336571, 0.0021786852957713715]  -> loguniform
Fixed params(singleton/non-list): 18
Fixed groups: 18
  [optimization]
    hidden_dropout_prob             0.2                                     
    weight_decay                    0.0002                                  
  [model_core]
    attn_dropout_prob               0.2                                     
    dropout_prob                    0.2                                     
    dropout_ratio                   0.2                                     
    embedding_size                  160                                     
    hidden_size                     160                                     
    inner_size                      320                                     
    num_heads                       4                                       
    num_layers                      2                                       
  [other]
    MAX_ITEM_LIST_LENGTH            10                                      
    conv_kernel                     8                                       
    n_heads                         4                                       
    n_layers                        2                                       
    num_experts                     8                                       
    remaining_ratio                 0.7                                     
    state_size                      32                                      
    time_span                       512                                     

[Wandb] disabled for this hyperopt run

[1/6] learning_rate=0.0009135
  -> MRR@20=0.060000  best=0.060000  (full@40, trial=1.8min, avg=2.1min/trial, total=2.1min, ETA=10.4min)
[TRIAL_METRICS] cur_best_mrr20=0.060000 cur_best_hr10=0.139900 cur_test_mrr20=0.050200 cur_test_hr10=0.139400 run_best_mrr20=0.060000 run_best_hr10=0.139900 run_test_mrr20=0.050200 run_test_hr10=0.139400

[2/6] learning_rate=0.0008984
  -> MRR@20=0.060000  best=0.060000  (full@40, trial=1.8min, avg=1.9min/trial, total=3.9min, ETA=7.8min)
[TRIAL_METRICS] cur_best_mrr20=0.060000 cur_best_hr10=0.144000 cur_test_mrr20=0.051900 cur_test_hr10=0.138400 run_best_mrr20=0.060000 run_best_hr10=0.144000 run_test_mrr20=0.051900 run_test_hr10=0.138400

[3/6] learning_rate=0.0009437
  -> MRR@20=0.058500  best=0.060000  (full@40, trial=1.8min, avg=1.9min/trial, total=5.7min, ETA=5.7min)
[TRIAL_METRICS] cur_best_mrr20=0.058500 cur_best_hr10=0.140400 cur_test_mrr20=0.053000 cur_test_hr10=0.140700 run_best_mrr20=0.060000 run_best_hr10=0.139900 run_test_mrr20=0.050200 run_test_hr10=0.139400

[4/6] learning_rate=0.00156
  -> MRR@20=0.062200  best=0.062200  (full@40, trial=1.8min, avg=1.9min/trial, total=7.5min, ETA=3.8min)
[TRIAL_METRICS] cur_best_mrr20=0.062200 cur_best_hr10=0.156000 cur_test_mrr20=0.061200 cur_test_hr10=0.154600 run_best_mrr20=0.062200 run_best_hr10=0.156000 run_test_mrr20=0.061200 run_test_hr10=0.154600

[5/6] learning_rate=0.001707
  -> MRR@20=0.057500  best=0.062200  (early_stop@29, trial=1.3min, avg=1.8min/trial, total=8.9min, ETA=1.8min)
[TRIAL_METRICS] cur_best_mrr20=0.057500 cur_best_hr10=0.134300 cur_test_mrr20=0.050700 cur_test_hr10=0.138000 run_best_mrr20=0.062200 run_best_hr10=0.156000 run_test_mrr20=0.061200 run_test_hr10=0.154600

[6/6] learning_rate=0.001003
  -> MRR@20=0.057800  best=0.062200  (full@40, trial=1.8min, avg=1.8min/trial, total=10.7min, ETA=0s)
[TRIAL_METRICS] cur_best_mrr20=0.057800 cur_best_hr10=0.144000 cur_test_mrr20=0.052100 cur_test_hr10=0.141200 run_best_mrr20=0.062200 run_best_hr10=0.156000 run_test_mrr20=0.061200 run_test_hr10=0.154600

=================================================================
  DONE  |  GRU4Rec x movielens1m
  Best MRR@20 = 0.062200  |  6/6 trials OK
  Best HR@10  = 0.156000
  Test MRR@20 = 0.061200  (best-valid checkpoint)
  Test HR@10  = 0.154600  (best-valid checkpoint)
[RUN_METRICS] best_valid_mrr20=0.062200 best_valid_hr10=0.156000 test_mrr20=0.061200 test_hr10=0.154600
  Total time: 10.7 min
  Best params:
    learning_rate: 0.00155976
  Results -> /workspace/jy1559/FMoE/experiments/run/artifacts/results/baseline/movielens1m_GRU4Rec_p23_sh_c08_mgru4rec_xfer_foursquare_fad_h3_r1_c2_s1_20260410_113654_454834_pid550771.json
  Normal mirror -> /workspace/jy1559/FMoE/experiments/run/artifacts/results/baseline/normal/stageh_targetedrecovery_anchor2_core5/P23/movielens1m/GRU4Rec/movielens1m_GRU4Rec_p23_sh_c08_mgru4rec_xfer_foursquare_fad_h3_r1_c2_s1_20260410_113654_454834_pid550771.json
  Special result -> /workspace/jy1559/FMoE/experiments/run/artifacts/results/baseline/special/stageh_targetedrecovery_anchor2_core5/P23/movielens1m/GRU4Rec/movielens1m_GRU4Rec_p23_sh_c08_mgru4rec_xfer_foursquare_fad_h3_r1_c2_s1_20260410_113654_454834_pid550771_special_metrics.json
  Special log -> /workspace/jy1559/FMoE/experiments/run/artifacts/logs/baseline/special/stageh_targetedrecovery_anchor2_core5/P23/movielens1m/GRU4Rec/movielens1m_GRU4Rec_p23_sh_c08_mgru4rec_xfer_foursquare_fad_h3_r1_c2_s1_20260410_113654_454834_pid550771_special_metrics.json
=================================================================

[RUN_STATUS] END status=normal pid=550771 start=2026-04-10T11:36:54 end=2026-04-10T11:47:34
