[STAGED_MICROWIDE_ANCHOR2_CORE5_SETTING_HEADER]
run_phase=P19_SC_D01_M03_P02_DIFSR_C8_D5_S1 run_id=SC_AMAZON_BEAUTY_DIFSR_C8_D5_S1 phase_id=P19 axis_id=SC model=DIFSR profile_id=D5 parent_profile_id=C8 seed=1
dataset=amazon_beauty gpu=7 order=0 lr_band=LR4,LR6 lr_lo=0.0005873173020527858 lr_hi=0.007128
max_evals=12 tune_epochs=64 tune_patience=9
seed=190044

[COMMAND]
- /venv/FMoE/bin/python hyperopt_tune.py --config-name tune_ab --max-evals 12 --tune-epochs 64 --tune-patience 9 --seed 190044 --run-group baseline --run-axis StageD_MicroWide_anchor2_core5 --run-phase P19_SC_D01_M03_P02_DIFSR_C8_D5_S1 model=difsr dataset=amazon_beauty eval_mode=session_fixed feature_mode=full_v3 gpu_id=7 log_wandb=false show_progress=false ++special_logging=true ++seed=190044 ++search={learning_rate:[0.0005873173020527858,0.007128]} ++search_space_type_overrides={learning_rate:"loguniform"} ++MAX_ITEM_LIST_LENGTH=15 ++weight_decay=0.0006050000000000002 ++search.weight_decay=[0.0006050000000000002] ++search_space_type_overrides.weight_decay=choice ++search.hidden_size=[208] ++search_space_type_overrides.hidden_size=choice ++search.embedding_size=[208] ++search_space_type_overrides.embedding_size=choice ++search.n_layers=[1] ++search_space_type_overrides.n_layers=choice ++search.num_layers=[1] ++search_space_type_overrides.num_layers=choice ++search.dropout_ratio=[0.35] ++search_space_type_overrides.dropout_ratio=choice ++search.dropout_prob=[0.35] ++search_space_type_overrides.dropout_prob=choice ++search.hidden_dropout_prob=[0.35] ++search_space_type_overrides.hidden_dropout_prob=choice ++search.attn_dropout_prob=[0.35] ++search_space_type_overrides.attn_dropout_prob=choice ++search.inner_size=[208] ++search_space_type_overrides.inner_size=choice ++search.n_heads=[1] ++search_space_type_overrides.n_heads=choice ++search.num_heads=[1] ++search_space_type_overrides.num_heads=choice ++dropout_ratio=0.35 ++hidden_size=208 ++embedding_size=208 ++n_layers=1 ++num_layers=1 ++n_heads=1 ++num_heads=1 ++inner_size=208 ++attribute_hidden_size=208 ++fusion_type=sum ++use_attribute_predictor=false ++lambda_attr=0.0 ++train_batch_size=3072 ++eval_batch_size=4096
/venv/FMoE/lib/python3.10/site-packages/ray/_private/parameter.py:4: UserWarning: pkg_resources is deprecated as an API. See https://setuptools.pypa.io/en/latest/pkg_resources.html. The pkg_resources package is slated for removal as early as 2025-11-30. Refrain from using this package or pin to Setuptools<81.
  import pkg_resources
[RUN_STATUS] START pid=91174 ts=2026-04-04T05:28:14

=================================================================
  Hyperopt TPE  |  DIFSR x amazon_beauty
  max_evals=12  epochs=64  patience=9  wandb=off
  batch_size(train/valid/test)=3072/4096/4096
  track=baseline  axis=staged_microwide_anchor2_core5  phase=P19_SC_D01_M03_P02_DIFSR_C8_D5_S1
=================================================================
Changed knobs: MAX_ITEM_LIST_LENGTH, fusion_type, learning_rate
Tuned params(len>1): 3  (~8 discrete combos)
Tuned groups: 3
  [optimization]
    learning_rate                   [0.0005873173020527858, 0.007128]         -> loguniform
  [other]
    MAX_ITEM_LIST_LENGTH            [5, 10, 30, 50]                           -> choice
    fusion_type                     ['sum', 'gate']                           -> choice
Fixed params(singleton/non-list): 12
Fixed groups: 12
  [optimization]
    hidden_dropout_prob             0.35                                    
    weight_decay                    0.0006050000000000002                   
  [model_core]
    attn_dropout_prob               0.35                                    
    dropout_prob                    0.35                                    
    dropout_ratio                   0.35                                    
    embedding_size                  208                                     
    hidden_size                     208                                     
    inner_size                      208                                     
    num_heads                       1                                       
    num_layers                      1                                       
  [other]
    n_heads                         1                                       
    n_layers                        1                                       

[Wandb] disabled for this hyperopt run

[1/12] MAX_ITEM_LIST_LENGTH=10, fusion_type=gate, learning_rate=0.00131
  -> MRR@20=0.097300  best=0.097300  (early_stop@10, trial=2s, avg=4s/trial, total=4s, ETA=49s)
[TRIAL_METRICS] cur_best_mrr20=0.097300 cur_best_hr10=0.097300 cur_test_mrr20=0.078900 cur_test_hr10=0.078900 run_best_mrr20=0.097300 run_best_hr10=0.097300 run_test_mrr20=0.078900 run_test_hr10=0.078900

[2/12] MAX_ITEM_LIST_LENGTH=50, fusion_type=gate, learning_rate=0.0006619
  -> MRR@20=0.097300  best=0.097300  (early_stop@10, trial=2s, avg=4s/trial, total=7s, ETA=36s)
[TRIAL_METRICS] cur_best_mrr20=0.097300 cur_best_hr10=0.097300 cur_test_mrr20=0.079900 cur_test_hr10=0.087700 run_best_mrr20=0.097300 run_best_hr10=0.097300 run_test_mrr20=0.079900 run_test_hr10=0.087700

[3/12] MAX_ITEM_LIST_LENGTH=5, fusion_type=gate, learning_rate=0.0006344
  -> MRR@20=0.103900  best=0.103900  (early_stop@25, trial=5s, avg=4s/trial, total=12s, ETA=37s)
[TRIAL_METRICS] cur_best_mrr20=0.103900 cur_best_hr10=0.115000 cur_test_mrr20=0.071700 cur_test_hr10=0.078900 run_best_mrr20=0.103900 run_best_hr10=0.115000 run_test_mrr20=0.071700 run_test_hr10=0.078900

[4/12] MAX_ITEM_LIST_LENGTH=50, fusion_type=gate, learning_rate=0.002482
  -> MRR@20=0.097300  best=0.103900  (early_stop@10, trial=2s, avg=4s/trial, total=15s, ETA=30s)
[TRIAL_METRICS] cur_best_mrr20=0.097300 cur_best_hr10=0.097300 cur_test_mrr20=0.079700 cur_test_hr10=0.078900 run_best_mrr20=0.103900 run_best_hr10=0.115000 run_test_mrr20=0.071700 run_test_hr10=0.078900

[5/12] MAX_ITEM_LIST_LENGTH=5, fusion_type=sum, learning_rate=0.0008507
  -> MRR@20=0.098000  best=0.103900  (early_stop@21, trial=3s, avg=4s/trial, total=18s, ETA=26s)
[TRIAL_METRICS] cur_best_mrr20=0.098000 cur_best_hr10=0.097300 cur_test_mrr20=0.078900 cur_test_hr10=0.078900 run_best_mrr20=0.103900 run_best_hr10=0.115000 run_test_mrr20=0.071700 run_test_hr10=0.078900

[6/12] MAX_ITEM_LIST_LENGTH=30, fusion_type=sum, learning_rate=0.0007801
  -> MRR@20=0.099100  best=0.103900  (early_stop@15, trial=3s, avg=4s/trial, total=22s, ETA=22s)
[TRIAL_METRICS] cur_best_mrr20=0.099100 cur_best_hr10=0.106200 cur_test_mrr20=0.078900 cur_test_hr10=0.078900 run_best_mrr20=0.103900 run_best_hr10=0.115000 run_test_mrr20=0.071700 run_test_hr10=0.078900

[7/12] MAX_ITEM_LIST_LENGTH=50, fusion_type=sum, learning_rate=0.0006126
  -> MRR@20=0.097300  best=0.103900  (early_stop@10, trial=2s, avg=3s/trial, total=24s, ETA=17s)
[TRIAL_METRICS] cur_best_mrr20=0.097300 cur_best_hr10=0.097300 cur_test_mrr20=0.081100 cur_test_hr10=0.087700 run_best_mrr20=0.103900 run_best_hr10=0.115000 run_test_mrr20=0.071700 run_test_hr10=0.078900

[8/12] MAX_ITEM_LIST_LENGTH=5, fusion_type=gate, learning_rate=0.005622
  -> MRR@20=0.100400  best=0.103900  (early_stop@11, trial=2s, avg=3s/trial, total=26s, ETA=13s)
[TRIAL_METRICS] cur_best_mrr20=0.100400 cur_best_hr10=0.106200 cur_test_mrr20=0.078900 cur_test_hr10=0.078900 run_best_mrr20=0.103900 run_best_hr10=0.115000 run_test_mrr20=0.071700 run_test_hr10=0.078900

[9/12] MAX_ITEM_LIST_LENGTH=50, fusion_type=gate, learning_rate=0.006123
  -> MRR@20=0.097300  best=0.103900  (early_stop@10, trial=2s, avg=3s/trial, total=29s, ETA=10s)
[TRIAL_METRICS] cur_best_mrr20=0.097300 cur_best_hr10=0.097300 cur_test_mrr20=0.078900 cur_test_hr10=0.078900 run_best_mrr20=0.103900 run_best_hr10=0.115000 run_test_mrr20=0.071700 run_test_hr10=0.078900

[10/12] MAX_ITEM_LIST_LENGTH=5, fusion_type=sum, learning_rate=0.004089
  -> MRR@20=0.097800  best=0.103900  (early_stop@11, trial=2s, avg=3s/trial, total=31s, ETA=6s)
[TRIAL_METRICS] cur_best_mrr20=0.097800 cur_best_hr10=0.097300 cur_test_mrr20=0.078900 cur_test_hr10=0.078900 run_best_mrr20=0.103900 run_best_hr10=0.115000 run_test_mrr20=0.071700 run_test_hr10=0.078900

[11/12] MAX_ITEM_LIST_LENGTH=50, fusion_type=gate, learning_rate=0.001341
  -> MRR@20=0.097300  best=0.103900  (early_stop@10, trial=2s, avg=3s/trial, total=34s, ETA=3s)
[TRIAL_METRICS] cur_best_mrr20=0.097300 cur_best_hr10=0.097300 cur_test_mrr20=0.079900 cur_test_hr10=0.087700 run_best_mrr20=0.103900 run_best_hr10=0.115000 run_test_mrr20=0.071700 run_test_hr10=0.078900

[12/12] MAX_ITEM_LIST_LENGTH=50, fusion_type=gate, learning_rate=0.001403
  -> MRR@20=0.097300  best=0.103900  (early_stop@10, trial=2s, avg=3s/trial, total=36s, ETA=0s)
[TRIAL_METRICS] cur_best_mrr20=0.097300 cur_best_hr10=0.097300 cur_test_mrr20=0.079900 cur_test_hr10=0.087700 run_best_mrr20=0.103900 run_best_hr10=0.115000 run_test_mrr20=0.071700 run_test_hr10=0.078900

=================================================================
  DONE  |  DIFSR x amazon_beauty
  Best MRR@20 = 0.103900  |  12/12 trials OK
  Best HR@10  = 0.115000
  Test MRR@20 = 0.071700  (best-valid checkpoint)
  Test HR@10  = 0.078900  (best-valid checkpoint)
[RUN_METRICS] best_valid_mrr20=0.103900 best_valid_hr10=0.115000 test_mrr20=0.071700 test_hr10=0.078900
  Total time: 0.6 min
  Best params:
    MAX_ITEM_LIST_LENGTH: 5
    fusion_type: gate
    learning_rate: 0.000634367
  Results -> /workspace/jy1559/FMoE/experiments/run/artifacts/results/baseline/amazon_beauty_DIFSR_p19_sc_d01_m03_p02_difsr_c8_d5_s1_20260404_052815_082224_pid91174.json
  Normal mirror -> /workspace/jy1559/FMoE/experiments/run/artifacts/results/baseline/normal/staged_microwide_anchor2_core5/P19/amazon_beauty/DIFSR/amazon_beauty_DIFSR_p19_sc_d01_m03_p02_difsr_c8_d5_s1_20260404_052815_082224_pid91174.json
  Special result -> /workspace/jy1559/FMoE/experiments/run/artifacts/results/baseline/special/staged_microwide_anchor2_core5/P19/amazon_beauty/DIFSR/amazon_beauty_DIFSR_p19_sc_d01_m03_p02_difsr_c8_d5_s1_20260404_052815_082224_pid91174_special_metrics.json
  Special log -> /workspace/jy1559/FMoE/experiments/run/artifacts/logs/baseline/special/staged_microwide_anchor2_core5/P19/amazon_beauty/DIFSR/amazon_beauty_DIFSR_p19_sc_d01_m03_p02_difsr_c8_d5_s1_20260404_052815_082224_pid91174_special_metrics.json
=================================================================

[RUN_STATUS] END status=normal pid=91174 start=2026-04-04T05:28:14 end=2026-04-04T05:28:51
