[STAGEI_PROGRESSIVE_RECOVERY_ANCHOR2_CORE5_SETTING_HEADER]
run_phase=P24_I2_D13_MTISASREC_C04_I2_TISASREC_DEPTH_UP_S1 run_id=I2_AMAZON_BEAUTY_TISASREC_I2_TISASREC_DEPTH_UP_S1 phase_id=P24 axis_id=SI pass_name=pass2 model=TiSASRec candidate_id=I2_TISASREC_DEPTH_UP seed=1
dataset=amazon_beauty gpu=6 candidate_source=history_perturb source_stage=StageH_TargetedRecovery_anchor2_core5 anchor_run_id=SH_AMAZON_BEAUTY_TISASREC_FAD_H2_R1_PASS4_EDGELO_S1 batch_profile=pass2:bs896/1280
max_evals=8 tune_epochs=50 tune_patience=5
seed=240147

[COMMAND]
- /venv/FMoE/bin/python hyperopt_tune.py --config-name tune_ab --max-evals 8 --tune-epochs 50 --tune-patience 5 --seed 240147 --run-group baseline --run-axis StageI_ProgressiveRecovery_anchor2_core5 --run-phase P24_I2_D13_MTISASREC_C04_I2_TISASREC_DEPTH_UP_S1 model=tisasrec dataset=amazon_beauty eval_mode=session_fixed feature_mode=full_v3 gpu_id=6 log_wandb=false show_progress=false ++special_logging=true ++seed=240147 ++search={learning_rate:[9.088945923059426e-05,0.00012332190404053587]} ++search_space_type_overrides={learning_rate:"loguniform"} ++weight_decay=0.000165 ++search.weight_decay=[0.000165] ++search_space_type_overrides.weight_decay=choice ++search.n_layers=[2] ++search_space_type_overrides.n_layers=choice ++search.num_layers=[2] ++search_space_type_overrides.num_layers=choice ++search.n_heads=[2] ++search_space_type_overrides.n_heads=choice ++search.num_heads=[2] ++search_space_type_overrides.num_heads=choice ++search.dropout_ratio=[0.09] ++search_space_type_overrides.dropout_ratio=choice ++search.dropout_prob=[0.09] ++search_space_type_overrides.dropout_prob=choice ++search.hidden_dropout_prob=[0.09] ++search_space_type_overrides.hidden_dropout_prob=choice ++search.attn_dropout_prob=[0.09] ++search_space_type_overrides.attn_dropout_prob=choice ++search.hidden_size=[64] ++search_space_type_overrides.hidden_size=choice ++search.embedding_size=[64] ++search_space_type_overrides.embedding_size=choice ++search.inner_size=[128] ++search_space_type_overrides.inner_size=choice ++search.time_span=[64] ++search_space_type_overrides.time_span=choice ++search.num_experts=[6] ++search_space_type_overrides.num_experts=choice ++search.state_size=[24] ++search_space_type_overrides.state_size=choice ++search.conv_kernel=[6] ++search_space_type_overrides.conv_kernel=choice ++search.remaining_ratio=[0.6] ++search_space_type_overrides.remaining_ratio=choice ++search.MAX_ITEM_LIST_LENGTH=[5] ++search_space_type_overrides.MAX_ITEM_LIST_LENGTH=choice ++dropout_ratio=0.09 ++train_batch_size=896 ++eval_batch_size=1280 ++hidden_size=64 ++embedding_size=64 ++MAX_ITEM_LIST_LENGTH=5 ++n_layers=2 ++num_layers=2 ++n_heads=2 ++num_heads=2 ++inner_size=128 ++time_span=64
/venv/FMoE/lib/python3.10/site-packages/ray/_private/parameter.py:4: UserWarning: pkg_resources is deprecated as an API. See https://setuptools.pypa.io/en/latest/pkg_resources.html. The pkg_resources package is slated for removal as early as 2025-11-30. Refrain from using this package or pin to Setuptools<81.
  import pkg_resources
[RUN_STATUS] START pid=248408 ts=2026-04-12T22:00:55

=================================================================
  Hyperopt TPE  |  TiSASRec x amazon_beauty
  max_evals=8  epochs=50  patience=5  wandb=off
  batch_size(train/valid/test)=896/1280/1280
  track=baseline  axis=stagei_progressiverecovery_anchor2_core5  phase=P24_I2_D13_MTISASREC_C04_I2_TISASREC_DEPTH_UP_S1
=================================================================
Changed knobs: learning_rate
Tuned params(len>1): 1  (~1 discrete combos)
Tuned groups: 1
  [optimization]
    learning_rate                   [9.088945923059426e-05, 0.00012332190404053587]  -> loguniform
Fixed params(singleton/non-list): 18
Fixed groups: 18
  [optimization]
    hidden_dropout_prob             0.09                                    
    weight_decay                    0.000165                                
  [model_core]
    attn_dropout_prob               0.09                                    
    dropout_prob                    0.09                                    
    dropout_ratio                   0.09                                    
    embedding_size                  64                                      
    hidden_size                     64                                      
    inner_size                      128                                     
    num_heads                       2                                       
    num_layers                      2                                       
  [other]
    MAX_ITEM_LIST_LENGTH            5                                       
    conv_kernel                     6                                       
    n_heads                         2                                       
    n_layers                        2                                       
    num_experts                     6                                       
    remaining_ratio                 0.6                                     
    state_size                      24                                      
    time_span                       64                                      

[Wandb] disabled for this hyperopt run

[1/8] learning_rate=0.0001106
  -> MRR@20=0.056500  best=0.056500  (early_stop@9, trial=3s, avg=4s/trial, total=4s, ETA=31s)
[TRIAL_METRICS] cur_best_mrr20=0.056500 cur_best_hr10=0.061900 cur_test_mrr20=0.031800 cur_test_hr10=0.043900 run_best_mrr20=0.056500 run_best_hr10=0.061900 run_test_mrr20=0.031800 run_test_hr10=0.043900

[2/8] learning_rate=9.616e-05
  -> MRR@20=0.056700  best=0.056700  (early_stop@10, trial=2s, avg=3s/trial, total=7s, ETA=21s)
[TRIAL_METRICS] cur_best_mrr20=0.056700 cur_best_hr10=0.061900 cur_test_mrr20=0.031300 cur_test_hr10=0.043900 run_best_mrr20=0.056700 run_best_hr10=0.061900 run_test_mrr20=0.031300 run_test_hr10=0.043900

[3/8] learning_rate=0.0001021
  -> MRR@20=0.056500  best=0.056700  (early_stop@9, trial=2s, avg=3s/trial, total=9s, ETA=15s)
[TRIAL_METRICS] cur_best_mrr20=0.056500 cur_best_hr10=0.061900 cur_test_mrr20=0.032300 cur_test_hr10=0.052600 run_best_mrr20=0.056700 run_best_hr10=0.061900 run_test_mrr20=0.031300 run_test_hr10=0.043900

[4/8] learning_rate=0.0001162
  -> MRR@20=0.057000  best=0.057000  (early_stop@8, trial=1s, avg=3s/trial, total=10s, ETA=10s)
[TRIAL_METRICS] cur_best_mrr20=0.057000 cur_best_hr10=0.061900 cur_test_mrr20=0.033300 cur_test_hr10=0.052600 run_best_mrr20=0.057000 run_best_hr10=0.061900 run_test_mrr20=0.033300 run_test_hr10=0.052600

[5/8] learning_rate=0.0001143
  -> MRR@20=0.057000  best=0.057000  (early_stop@8, trial=2s, avg=2s/trial, total=12s, ETA=7s)
[TRIAL_METRICS] cur_best_mrr20=0.057000 cur_best_hr10=0.061900 cur_test_mrr20=0.033300 cur_test_hr10=0.052600 run_best_mrr20=0.057000 run_best_hr10=0.061900 run_test_mrr20=0.033300 run_test_hr10=0.052600

[6/8] learning_rate=0.0001042
  -> MRR@20=0.056500  best=0.057000  (early_stop@9, trial=2s, avg=2s/trial, total=14s, ETA=5s)
[TRIAL_METRICS] cur_best_mrr20=0.056500 cur_best_hr10=0.061900 cur_test_mrr20=0.032200 cur_test_hr10=0.043900 run_best_mrr20=0.057000 run_best_hr10=0.061900 run_test_mrr20=0.033300 run_test_hr10=0.052600

[7/8] learning_rate=0.000112
  -> MRR@20=0.056500  best=0.057000  (early_stop@8, trial=2s, avg=2s/trial, total=16s, ETA=2s)
[TRIAL_METRICS] cur_best_mrr20=0.056500 cur_best_hr10=0.061900 cur_test_mrr20=0.033300 cur_test_hr10=0.052600 run_best_mrr20=0.057000 run_best_hr10=0.061900 run_test_mrr20=0.033300 run_test_hr10=0.052600

[8/8] learning_rate=0.0001131
  -> MRR@20=0.056600  best=0.057000  (early_stop@9, trial=2s, avg=2s/trial, total=18s, ETA=0s)
[TRIAL_METRICS] cur_best_mrr20=0.056600 cur_best_hr10=0.061900 cur_test_mrr20=0.031600 cur_test_hr10=0.043900 run_best_mrr20=0.057000 run_best_hr10=0.061900 run_test_mrr20=0.033300 run_test_hr10=0.052600

=================================================================
  DONE  |  TiSASRec x amazon_beauty
  Best MRR@20 = 0.057000  |  8/8 trials OK
  Best HR@10  = 0.061900
  Test MRR@20 = 0.033300  (best-valid checkpoint)
  Test HR@10  = 0.052600  (best-valid checkpoint)
[RUN_METRICS] best_valid_mrr20=0.057000 best_valid_hr10=0.061900 test_mrr20=0.033300 test_hr10=0.052600
  Total time: 0.3 min
  Best params:
    learning_rate: 0.000116183
  Results -> /workspace/FeaturedMoE/experiments/run/artifacts/results/baseline/amazon_beauty_TiSASRec_p24_i2_d13_mtisasrec_c04_i2_tisasrec_depth_up_s1_20260412_220055_438894_pid248408.json
  Normal mirror -> /workspace/FeaturedMoE/experiments/run/artifacts/results/baseline/normal/stagei_progressiverecovery_anchor2_core5/P24/amazon_beauty/TiSASRec/amazon_beauty_TiSASRec_p24_i2_d13_mtisasrec_c04_i2_tisasrec_depth_up_s1_20260412_220055_438894_pid248408.json
  Special result -> /workspace/FeaturedMoE/experiments/run/artifacts/results/baseline/special/stagei_progressiverecovery_anchor2_core5/P24/amazon_beauty/TiSASRec/amazon_beauty_TiSASRec_p24_i2_d13_mtisasrec_c04_i2_tisasrec_depth_up_s1_20260412_220055_438894_pid248408_special_metrics.json
  Special log -> /workspace/FeaturedMoE/experiments/run/artifacts/logs/baseline/special/stagei_progressiverecovery_anchor2_core5/P24/amazon_beauty/TiSASRec/amazon_beauty_TiSASRec_p24_i2_d13_mtisasrec_c04_i2_tisasrec_depth_up_s1_20260412_220055_438894_pid248408_special_metrics.json
=================================================================

[RUN_STATUS] END status=normal pid=248408 start=2026-04-12T22:00:55 end=2026-04-12T22:01:13
