[FMOE_N4_CROSS_DATASET_A12_PORTFOLIO_SETTING_HEADER]
run_phase=P4XD_XD_FOURSQUARE_F14_H15_AUXLIGHT_REFINE_S1 exp_brief=A12_ATTN_MICRO_BEFORE_NO_BIAS_ALL_W5 phase_id=P4XD axis_id=N4XDA12 setting_id=F14_h15_auxlight_refine hparam_id= seed=1
desc=F14_h15_auxlight_refine
dataset=foursquare gpu=1 order=2
max_evals=8 tune_epochs=100 tune_patience=10
seed=264001

[COMMAND]
- /venv/FMoE/bin/python hyperopt_tune.py --config-name config --search-algo tpe --max-evals 8 --tune-epochs 100 --tune-patience 10 --seed 264001 --run-group fmoe_n4 --run-axis CrossDataset_A12_Portfolio --run-phase P4XD_XD_FOURSQUARE_F14_H15_AUXLIGHT_REFINE_S1 model=featured_moe_n3_tune dataset=foursquare eval_mode=session_fixed feature_mode=full_v3 ++eval_sampling.mode=full ++eval_sampling.auto_full_threshold=999999999 ++special_logging=true ++exclude_unseen_target_from_main_eval=true ++log_unseen_target_metrics=true gpu_id=1 log_wandb=false enable_tf32=true fmoe_debug_logging=false fmoe_diag_logging=true fmoe_special_logging=true fmoe_feature_ablation_logging=false fmoe_eval_logging_timing=final_only ++fmoe_logging_output_root="run/artifacts/logging" ++fmoe_logging_layout="axis_dataset_arch_hparam" ++fmoe_architecture_id="A12" ++fmoe_architecture_key="A12_ATTN_MICRO_BEFORE_NO_BIAS_ALL_W5" ++fmoe_hparam_id="H15" ++fmoe_phase="P4XD" train_batch_size=3072 eval_batch_size=4096 ++phase_run_type="stage1" ++phase_axis_id="N4XDA12" ++phase_axis_desc="cross_dataset_a12_portfolio" ++phase_setting_id="F14_h15_auxlight_refine" ++phase_setting_key="F14_h15_auxlight_refine" ++phase_hparam_id="H15" ++phase_seed_id=1 ++phase_run_id="XD_FOURSQUARE_F14_H15_AUXLIGHT_REFINE_S1" ++layer_layout=["attn","macro_ffn","mid_ffn","attn","micro_ffn"] ++stage_compute_mode={macro:"moe",mid:"moe",micro:"moe"} ++stage_router_mode={macro:"learned",mid:"learned",micro:"learned"} ++stage_router_source={macro:"both",mid:"both",micro:"both"} ++stage_feature_injection={macro:"none",mid:"none",micro:"none"} ++topk_scope_mode="global_flat" ++moe_top_k=0 ++balance_loss_lambda=0.0 ++z_loss_lambda=5e-05 ++gate_entropy_lambda=0.0 ++route_smoothness_lambda=0.0 ++route_consistency_lambda=0.00025 ++route_sharpness_lambda=0.0 ++route_monopoly_lambda=0.0 ++route_monopoly_tau=0.25 ++route_prior_lambda=0.0 ++group_prior_align_lambda=0.0 ++factored_group_balance_lambda=0.0 ++rule_agreement_lambda=0.0 ++group_coverage_lambda=0.0 ++feature_group_bias_lambda=0.0 ++rule_bias_scale=0.0 ++primitive_balance_lambda=0.0 ++wrapper_group_feature_align_lambda=0.0 ++stage_router_primitives={macro:{a_joint:{source:"feature",temperature:1.0,top_k:0},b_group:{source:"feature",temperature:1.0,top_k:0},c_shared:{source:"feature",temperature:1.0,top_k:0},d_cond:{source:"feature",temperature:1.0,top_k:0},e_scalar:{source:"feature",temperature:1.0,top_k:0},wrapper:{alpha_d:1.0,alpha_struct:1.0,alpha_a:1.0}},mid:{a_joint:{source:"feature",temperature:1.0,top_k:0},b_group:{source:"feature",temperature:1.0,top_k:0},c_shared:{source:"feature",temperature:1.0,top_k:0},d_cond:{source:"feature",temperature:1.0,top_k:0},e_scalar:{source:"feature",temperature:1.0,top_k:0},wrapper:{alpha_d:1.0,alpha_struct:1.0,alpha_a:1.0}},micro:{a_joint:{source:"feature",temperature:1.0,top_k:0},b_group:{source:"feature",temperature:1.0,top_k:0},c_shared:{source:"feature",temperature:1.0,top_k:0},d_cond:{source:"feature",temperature:1.0,top_k:0},e_scalar:{source:"feature",temperature:1.0,top_k:0},wrapper:{alpha_d:1.0,alpha_struct:1.0,alpha_a:1.0}}} ++stage_router_wrapper={macro:"w5_exd",mid:"w5_exd",micro:"w5_exd"} ++stage_router_granularity={macro:"session",mid:"session",micro:"token"} ++macro_history_window=5 ++route_consistency_pairs=1 ++route_consistency_min_sim=0.995 ++bias_mode="none" ++stage_family_dropout_prob={macro:0.02,mid:0.02,micro:0.02} ++stage_feature_dropout_prob={macro:0.0,mid:0.0,micro:0.0} ++stage_feature_dropout_scope={macro:"token",mid:"token",micro:"token"} ++embedding_size=128 ++d_ff=384 ++d_expert_hidden=96 ++d_router_hidden=64 ++MAX_ITEM_LIST_LENGTH=20 ++d_feat_emb=12 ++expert_scale=3 ++lr_scheduler_type="warmup_cosine" ++num_heads=4 ++search.learning_rate=[0.00024,0.0006] ++search_space_type_overrides.learning_rate=loguniform ++search.hidden_dropout_prob=[0.14,0.17,0.2] ++search_space_type_overrides.hidden_dropout_prob=choice ++search.attn_dropout_prob=[0.08,0.1] ++search_space_type_overrides.attn_dropout_prob=choice ++search.weight_decay=[1.2e-06,2.4e-06] ++search_space_type_overrides.weight_decay=choice ++search.route_consistency_lambda=[0.0,0.00025] ++search_space_type_overrides.route_consistency_lambda=choice ++search.z_loss_lambda=[5e-05,0.0001] ++search_space_type_overrides.z_loss_lambda=choice
/venv/FMoE/lib/python3.10/site-packages/ray/_private/parameter.py:4: UserWarning: pkg_resources is deprecated as an API. See https://setuptools.pypa.io/en/latest/pkg_resources.html. The pkg_resources package is slated for removal as early as 2025-11-30. Refrain from using this package or pin to Setuptools<81.
  import pkg_resources
[RUN_STATUS] START pid=249455 ts=2026-04-16T03:54:03

=================================================================
  Hyperopt  |  FeaturedMoE_N3 x foursquare
  max_evals=8  epochs=100  patience=10  wandb=off
  search_algo=tpe
  batch_size(train/valid/test)=3072/4096/4096
  track=fmoe_n4  axis=crossdataset_a12_portfolio  phase=P4XD_XD_FOURSQUARE_F14_H15_AUXLIGHT_REFINE_S1
=================================================================
Changed knobs: attn_dropout_prob, hidden_dropout_prob, learning_rate, route_consistency_lambda, weight_decay, z_loss_lambda
Tuned params(len>1): 6  (~48 discrete combos)
Tuned groups: 6
  [optimization]
    hidden_dropout_prob             [0.14, 0.17, 0.2]                         -> choice
    learning_rate                   [0.00024, 0.0006]                         -> loguniform
    weight_decay                    [1.2e-06, 2.4e-06]                        -> choice
  [model_core]
    attn_dropout_prob               [0.08, 0.1]                               -> choice
  [other]
    route_consistency_lambda        [0.0, 0.00025]                            -> choice
    z_loss_lambda                   [5e-05, 0.0001]                           -> choice
Fixed params(singleton/non-list): 0
Fixed groups: 0
  (none)

[Wandb] disabled for this hyperopt run

[1/8] attn_dropout_prob=0.08, hidden_dropout_prob=0.17, learning_rate=0.0002935, route_consistency_lambda=0.00025, weight_decay=1.2e-06, z_loss_lambda=0.0001
  -> MRR@20=0.198300  best=0.198300  (early_stop@73, trial=7.9min, avg=8.0min/trial, total=8.0min, ETA=55.8min)
[TRIAL_METRICS] cur_best_mrr20=0.198300 cur_best_hr10=0.364000 cur_test_mrr20=0.164800 cur_test_hr10=0.311400 run_best_mrr20=0.198300 run_best_hr10=0.364000 run_test_mrr20=0.164800 run_test_hr10=0.311400

[2/8] attn_dropout_prob=0.08, hidden_dropout_prob=0.2, learning_rate=0.0003876, route_consistency_lambda=0, weight_decay=2.4e-06, z_loss_lambda=0.0001
  -> MRR@20=0.198200  best=0.198300  (early_stop@57, trial=5.9min, avg=7.0min/trial, total=13.9min, ETA=41.7min)
[TRIAL_METRICS] cur_best_mrr20=0.198200 cur_best_hr10=0.359100 cur_test_mrr20=0.164700 cur_test_hr10=0.314900 run_best_mrr20=0.198300 run_best_hr10=0.364000 run_test_mrr20=0.164800 run_test_hr10=0.311400

[3/8] attn_dropout_prob=0.08, hidden_dropout_prob=0.17, learning_rate=0.0005119, route_consistency_lambda=0, weight_decay=1.2e-06, z_loss_lambda=5e-05
  -> MRR@20=0.198900  best=0.198900  (early_stop@41, trial=4.3min, avg=6.1min/trial, total=18.2min, ETA=30.4min)
[TRIAL_METRICS] cur_best_mrr20=0.198900 cur_best_hr10=0.358400 cur_test_mrr20=0.165300 cur_test_hr10=0.313700 run_best_mrr20=0.198900 run_best_hr10=0.358400 run_test_mrr20=0.165300 run_test_hr10=0.313700

[4/8] attn_dropout_prob=0.08, hidden_dropout_prob=0.14, learning_rate=0.0003804, route_consistency_lambda=0, weight_decay=1.2e-06, z_loss_lambda=0.0001
  -> MRR@20=0.198900  best=0.198900  (early_stop@50, trial=5.2min, avg=5.9min/trial, total=23.5min, ETA=23.5min)
[TRIAL_METRICS] cur_best_mrr20=0.198900 cur_best_hr10=0.362500 cur_test_mrr20=0.166300 cur_test_hr10=0.311000 run_best_mrr20=0.198900 run_best_hr10=0.362500 run_test_mrr20=0.166300 run_test_hr10=0.311000

[5/8] attn_dropout_prob=0.1, hidden_dropout_prob=0.17, learning_rate=0.0002903, route_consistency_lambda=0.00025, weight_decay=1.2e-06, z_loss_lambda=0.0001
  -> MRR@20=0.198900  best=0.198900  (early_stop@79, trial=8.5min, avg=6.4min/trial, total=32.0min, ETA=19.2min)
[TRIAL_METRICS] cur_best_mrr20=0.198900 cur_best_hr10=0.361000 cur_test_mrr20=0.164200 cur_test_hr10=0.311800 run_best_mrr20=0.198900 run_best_hr10=0.361000 run_test_mrr20=0.164200 run_test_hr10=0.311800

[6/8] attn_dropout_prob=0.1, hidden_dropout_prob=0.17, learning_rate=0.0002435, route_consistency_lambda=0.00025, weight_decay=1.2e-06, z_loss_lambda=5e-05
