[N4_CORE_GLOBAL_QUEUE_SETTING_HEADER]
run_phase=P4C_BEAUTY_B01_B25_LR_H8_SEEN_ANCHOR_CF_01_S1 exp_brief=A12_ATTN_MICRO_BEFORE_NO_BIAS_ALL_W5 phase_id=P4C axis_id=N4ABLC setting_id=CF-01 hparam_id= seed=1
desc=drop_category
dataset=beauty gpu=0 order=79
max_evals=10 tune_epochs=100 tune_patience=10
seed=426000

[COMMAND]
- /venv/FMoE/bin/python hyperopt_tune.py --config-name config --search-algo random --max-evals 10 --tune-epochs 100 --tune-patience 10 --seed 426000 --run-group fmoe_n4 --run-axis ablation_dualset_core_global_queue_v1_first_primary --run-phase P4C_BEAUTY_B01_B25_LR_H8_SEEN_ANCHOR_CF_01_S1 model=featured_moe_n3_tune dataset=beauty eval_mode=session_fixed feature_mode=full_v4 ++eval_sampling.mode=full ++eval_sampling.auto_full_threshold=999999999 ++special_logging=true ++exclude_unseen_target_from_main_eval=true ++log_unseen_target_metrics=true gpu_id=0 use_gpu=true enable_tf32=true log_wandb=false fmoe_debug_logging=false fmoe_diag_logging=true fmoe_special_logging=true fmoe_feature_ablation_logging=true fmoe_eval_logging_timing=final_only ++fmoe_logging_output_root="run/artifacts/logging" ++fmoe_logging_layout="axis_dataset_arch_hparam" ++fmoe_architecture_id="A12" ++fmoe_architecture_key="A12_ATTN_MICRO_BEFORE_NO_BIAS_ALL_W5" ++fmoe_hparam_id="H8" ++fmoe_phase="P4C" train_batch_size=3584 eval_batch_size=4608 ++phase_run_type="cue_family" ++phase_axis_id="N4ABLC" ++phase_axis_desc="cue_family_dualset" ++phase_setting_id="CF-01" ++phase_setting_key="DROP_CATEGORY_DERIVED" ++phase_hparam_id="H8" ++phase_seed_id=1 ++phase_run_id="BEAUTY_B01_B25_LR_H8_SEEN_ANCHOR_CF_01_S1" ++layer_layout=["attn","macro_ffn","mid_ffn","attn","micro_ffn"] ++stage_compute_mode={macro:"moe",mid:"moe",micro:"moe"} ++stage_router_mode={macro:"learned",mid:"learned",micro:"learned"} ++stage_router_source={macro:"both",mid:"both",micro:"both"} ++stage_feature_injection={macro:"none",mid:"none",micro:"none"} ++topk_scope_mode="global_flat" ++moe_top_k=0 ++balance_loss_lambda=0.0 ++z_loss_lambda=0.0002 ++gate_entropy_lambda=0.0 ++route_smoothness_lambda=0.0 ++route_consistency_lambda=0.0008 ++route_sharpness_lambda=0.0 ++route_monopoly_lambda=0.0 ++route_monopoly_tau=0.25 ++route_prior_lambda=0.0 ++group_prior_align_lambda=0.0 ++factored_group_balance_lambda=0.0 ++rule_agreement_lambda=0.0 ++group_coverage_lambda=0.0 ++feature_group_bias_lambda=0.0 ++rule_bias_scale=0.0 ++primitive_balance_lambda=0.0 ++wrapper_group_feature_align_lambda=0.0 ++stage_router_primitives={macro:{a_joint:{source:"feature",temperature:1.0,top_k:0},b_group:{source:"feature",temperature:1.0,top_k:0},c_shared:{source:"feature",temperature:1.0,top_k:0},d_cond:{source:"feature",temperature:1.0,top_k:0},e_scalar:{source:"feature",temperature:1.0,top_k:0},wrapper:{alpha_d:1.0,alpha_struct:1.0,alpha_a:1.0}},mid:{a_joint:{source:"feature",temperature:1.0,top_k:0},b_group:{source:"feature",temperature:1.0,top_k:0},c_shared:{source:"feature",temperature:1.0,top_k:0},d_cond:{source:"feature",temperature:1.0,top_k:0},e_scalar:{source:"feature",temperature:1.0,top_k:0},wrapper:{alpha_d:1.0,alpha_struct:1.0,alpha_a:1.0}},micro:{a_joint:{source:"feature",temperature:1.0,top_k:0},b_group:{source:"feature",temperature:1.0,top_k:0},c_shared:{source:"feature",temperature:1.0,top_k:0},d_cond:{source:"feature",temperature:1.0,top_k:0},e_scalar:{source:"feature",temperature:1.0,top_k:0},wrapper:{alpha_d:1.0,alpha_struct:1.0,alpha_a:1.0}}} ++stage_router_wrapper={macro:"w5_exd",mid:"w5_exd",micro:"w5_exd"} ++stage_router_granularity={macro:"session",mid:"session",micro:"token"} ++macro_history_window=5 ++route_consistency_pairs=1 ++route_consistency_min_sim=0.995 ++bias_mode="none" ++stage_family_dropout_prob={macro:0.03,micro:0.03,mid:0.03} ++stage_feature_dropout_prob={macro:0.0,mid:0.0,micro:0.0} ++stage_feature_dropout_scope={macro:"token",mid:"token",micro:"token"} ++stage_feature_family_mask={macro:["Tempo","Memory","Exposure"],mid:["Tempo","Memory","Exposure"],micro:["Tempo","Memory","Exposure"]} ++stage_feature_drop_keywords=["cat","theme"] ++feature_perturb_mode="none" ++feature_perturb_apply="none" ++feature_perturb_family=[] ++feature_perturb_keywords=[] ++embedding_size=128 ++d_ff=256 ++d_expert_hidden=128 ++d_router_hidden=64 ++MAX_ITEM_LIST_LENGTH=20 ++d_feat_emb=12 ++expert_scale=3 ++lr_scheduler_type="warmup_cosine" ++num_heads=4 ++hidden_dropout_prob=0.18 ++lr_scheduler_min_lr_ratio=0.05 ++search.learning_rate=[0.001289337933,0.001510367293,0.0016577202,0.00176823488,0.001841911333,0.001915587786,0.002026102466,0.002173455373,0.002394484733] ++search_space_type_overrides.learning_rate=choice
/venv/FMoE/lib/python3.10/site-packages/ray/_private/parameter.py:4: UserWarning: pkg_resources is deprecated as an API. See https://setuptools.pypa.io/en/latest/pkg_resources.html. The pkg_resources package is slated for removal as early as 2025-11-30. Refrain from using this package or pin to Setuptools<81.
  import pkg_resources
[RUN_STATUS] START pid=1399075 ts=2026-04-16T19:03:52
[Info] Finite choice-only space has 9 unique combos; capping max_evals 10 -> 9
[UniqueChoice] enabled: dedupe/remap duplicates across 9 finite combos

=================================================================
  Hyperopt  |  FeaturedMoE_N3 x beauty
  max_evals=9  epochs=100  patience=10  wandb=off
  search_algo=random
  batch_size(train/valid/test)=3584/4608/4608
  track=fmoe_n4  axis=ablation_dualset_core_global_queue_v1_first_primary  phase=P4C_BEAUTY_B01_B25_LR_H8_SEEN_ANCHOR_CF_01_S1
=================================================================
Changed knobs: learning_rate
Tuned params(len>1): 1  (~9 discrete combos)
Tuned groups: 1
  [optimization]
    learning_rate                   [0.001289337933, 0.001510367293, 0.0016577202, 0.00176823488, 0.001841911333, 0.001915587786, 0.002026102466, 0.002173455373, 0.002394484733]  -> choice
Fixed params(singleton/non-list): 0
Fixed groups: 0
  (none)

[Wandb] disabled for this hyperopt run

[1/9] learning_rate=0.002394
  -> MRR@20=0.068400  best=0.068400  (early_stop@32, trial=35s, avg=37s/trial, total=37s, ETA=5.0min)
[TRIAL_METRICS] cur_best_mrr20=0.068400 cur_best_hr10=0.150600 cur_test_mrr20=0.069200 cur_test_hr10=0.140400 avg_epoch_time_sec=1.0964 test_eval_time_sec=0.0474 test_eval_batches_per_sec=21.0767 test_eval_targets_per_sec=12582.7855 run_best_mrr20=0.068400 run_best_hr10=0.150600 run_test_mrr20=0.069200 run_test_hr10=0.140400

[2/9] learning_rate=0.002173
  -> MRR@20=0.068400  best=0.068400  (early_stop@32, trial=36s, avg=37s/trial, total=1.2min, ETA=4.3min)
[TRIAL_METRICS] cur_best_mrr20=0.068400 cur_best_hr10=0.150600 cur_test_mrr20=0.071500 cur_test_hr10=0.151900 avg_epoch_time_sec=1.1049 test_eval_time_sec=0.0481 test_eval_batches_per_sec=20.8054 test_eval_targets_per_sec=12420.8172 run_best_mrr20=0.068400 run_best_hr10=0.150600 run_test_mrr20=0.071500 run_test_hr10=0.151900

[3/9] learning_rate=0.001289
  -> MRR@20=0.087700  best=0.087700  (early_stop@33, trial=39s, avg=38s/trial, total=1.9min, ETA=3.8min)
[TRIAL_METRICS] cur_best_mrr20=0.087700 cur_best_hr10=0.166700 cur_test_mrr20=0.060300 cur_test_hr10=0.140400 avg_epoch_time_sec=1.1809 test_eval_time_sec=0.0472 test_eval_batches_per_sec=21.1935 test_eval_targets_per_sec=12652.5327 run_best_mrr20=0.087700 run_best_hr10=0.166700 run_test_mrr20=0.060300 run_test_hr10=0.140400

[4/9] learning_rate=0.001658
  -> MRR@20=0.072200  best=0.087700  (early_stop@32, trial=39s, avg=38s/trial, total=2.5min, ETA=3.2min)
[TRIAL_METRICS] cur_best_mrr20=0.072200 cur_best_hr10=0.160600 cur_test_mrr20=0.070700 cur_test_hr10=0.154700 avg_epoch_time_sec=1.2020 test_eval_time_sec=0.0456 test_eval_batches_per_sec=21.9292 test_eval_targets_per_sec=13091.7125 run_best_mrr20=0.087700 run_best_hr10=0.166700 run_test_mrr20=0.060300 run_test_hr10=0.140400

[5/9] learning_rate=0.001916
  -> MRR@20=0.070200  best=0.087700  (early_stop@32, trial=37s, avg=38s/trial, total=3.2min, ETA=2.5min)
[TRIAL_METRICS] cur_best_mrr20=0.070200 cur_best_hr10=0.156600 cur_test_mrr20=0.070300 cur_test_hr10=0.149000 avg_epoch_time_sec=1.1357 test_eval_time_sec=0.0462 test_eval_batches_per_sec=21.6649 test_eval_targets_per_sec=12933.9485 run_best_mrr20=0.087700 run_best_hr10=0.166700 run_test_mrr20=0.060300 run_test_hr10=0.140400

[6/9] learning_rate=0.00151
  -> MRR@20=0.087100  best=0.087700  (early_stop@32, trial=36s, avg=38s/trial, total=3.8min, ETA=1.9min)
[TRIAL_METRICS] cur_best_mrr20=0.087100 cur_best_hr10=0.164700 cur_test_mrr20=0.069600 cur_test_hr10=0.151900 avg_epoch_time_sec=1.1162 test_eval_time_sec=0.0456 test_eval_batches_per_sec=21.9245 test_eval_targets_per_sec=13088.9068 run_best_mrr20=0.087700 run_best_hr10=0.166700 run_test_mrr20=0.060300 run_test_hr10=0.140400

[7/9] learning_rate=0.001768
  -> MRR@20=0.072400  best=0.087700  (early_stop@32, trial=35s, avg=37s/trial, total=4.4min, ETA=1.2min)
[TRIAL_METRICS] cur_best_mrr20=0.072400 cur_best_hr10=0.158600 cur_test_mrr20=0.070300 cur_test_hr10=0.160500 avg_epoch_time_sec=1.0926 test_eval_time_sec=0.0463 test_eval_batches_per_sec=21.5957 test_eval_targets_per_sec=12892.6598 run_best_mrr20=0.087700 run_best_hr10=0.166700 run_test_mrr20=0.060300 run_test_hr10=0.140400
[UniqueChoice] remap duplicate suggestion -> {'learning_rate': 0.001841911333}

[8/9] learning_rate=0.001842
  -> MRR@20=0.071500  best=0.087700  (early_stop@32, trial=36s, avg=37s/trial, total=5.0min, ETA=37s)
[TRIAL_METRICS] cur_best_mrr20=0.071500 cur_best_hr10=0.158600 cur_test_mrr20=0.070500 cur_test_hr10=0.157600 avg_epoch_time_sec=1.1136 test_eval_time_sec=0.0459 test_eval_batches_per_sec=21.8031 test_eval_targets_per_sec=13016.4446 run_best_mrr20=0.087700 run_best_hr10=0.166700 run_test_mrr20=0.060300 run_test_hr10=0.140400
[UniqueChoice] remap duplicate suggestion -> {'learning_rate': 0.002026102466}

[9/9] learning_rate=0.002026
  -> MRR@20=0.068500  best=0.087700  (early_stop@32, trial=35s, avg=37s/trial, total=5.5min, ETA=0s)
[TRIAL_METRICS] cur_best_mrr20=0.068500 cur_best_hr10=0.154600 cur_test_mrr20=0.069100 cur_test_hr10=0.151900 avg_epoch_time_sec=1.0736 test_eval_time_sec=0.0452 test_eval_batches_per_sec=22.1135 test_eval_targets_per_sec=13201.7350 run_best_mrr20=0.087700 run_best_hr10=0.166700 run_test_mrr20=0.060300 run_test_hr10=0.140400
[1;35mEvaluate   [0m:   0%|                                                            | 0/1 [00:00<?, ?it/s][0m[1;35mEvaluate   [0m:   0%|                                   | 0/1 [00:00<?, ?it/s, [1;33mGPU RAM: 5.39 G/23.52 G[0m][0m[1;35mEvaluate   [0m: 100%|███████████████████████████| 1/1 [00:00<00:00,  3.65it/s, [1;33mGPU RAM: 5.39 G/23.52 G[0m][0m                                                                                                    [1;35mEvaluate   [0m:   0%|                                                            | 0/1 [00:00<?, ?it/s][0m[1;35mEvaluate   [0m:   0%|                                   | 0/1 [00:00<?, ?it/s, [1;33mGPU RAM: 5.39 G/23.52 G[0m][0m[1;35mEvaluate   [0m: 100%|███████████████████████████| 1/1 [00:00<00:00,  4.22it/s, [1;33mGPU RAM: 5.39 G/23.52 G[0m][0m                                                                                                    [1;35mEvaluate   [0m:   0%|                                                            | 0/1 [00:00<?, ?it/s][0m[1;35mEvaluate   [0m:   0%|                                   | 0/1 [00:00<?, ?it/s, [1;33mGPU RAM: 5.39 G/23.52 G[0m][0m[1;35mEvaluate   [0m: 100%|███████████████████████████| 1/1 [00:00<00:00,  4.02it/s, [1;33mGPU RAM: 5.39 G/23.52 G[0m][0m                                                                                                    Traceback (most recent call last):
  File "/workspace/FeaturedMoE/experiments/hyperopt_tune.py", line 4724, in <module>
    main()
  File "/workspace/FeaturedMoE/experiments/hyperopt_tune.py", line 4596, in main
    deferred_payload = _collect_deferred_combo_best_artifacts(
  File "/workspace/FeaturedMoE/experiments/hyperopt_tune.py", line 2681, in _collect_deferred_combo_best_artifacts
    feature_ablation_metrics = _collect_feature_ablation_metrics(
  File "/workspace/FeaturedMoE/experiments/hyperopt_tune.py", line 2511, in _collect_feature_ablation_metrics
    zero_result, _zero_special, valid_zero_diag = _eval("zero", split_name=f"{split_prefix}_zero")
ValueError: too many values to unpack (expected 3)
[RUN_STATUS] END status=normal pid=1399075 start=2026-04-16T19:03:52 end=2026-04-16T19:09:26
