[FMOE_N4_MOVIELENS_V4_SESSION_FIXED_2_SETTING_HEADER]
run_phase=P4ML2_ML2_MOVIELENS1M_ML208_H1_SPARSE_SHORT_COMBO_S1 exp_brief=A12_ATTN_MICRO_BEFORE_NO_BIAS_ALL_W5 phase_id=P4ML2 axis_id=N4MLV4_2 setting_id=ML208_h1_sparse_short_combo hparam_id= seed=1
desc=ML208_h1_sparse_short_combo
dataset=movielens1m gpu=7 order=8
max_evals=12 tune_epochs=100 tune_patience=10
seed=267007

[COMMAND]
- /venv/FMoE/bin/python hyperopt_tune.py --config-name config --search-algo tpe --max-evals 12 --tune-epochs 100 --tune-patience 10 --seed 267007 --run-group fmoe_n4 --run-axis MovieLens_V4_SessionFixed_Portfolio_2 --run-phase P4ML2_ML2_MOVIELENS1M_ML208_H1_SPARSE_SHORT_COMBO_S1 model=featured_moe_n3_tune dataset=movielens1m eval_mode=session_fixed feature_mode=full_v4 ++eval_sampling.mode=full ++eval_sampling.auto_full_threshold=999999999 ++special_logging=true ++exclude_unseen_target_from_main_eval=true ++log_unseen_target_metrics=true gpu_id=7 log_wandb=false enable_tf32=true fmoe_debug_logging=false fmoe_diag_logging=true fmoe_special_logging=true fmoe_feature_ablation_logging=false fmoe_eval_logging_timing=final_only ++fmoe_logging_output_root="run/artifacts/logging" ++fmoe_logging_layout="axis_dataset_arch_hparam" ++fmoe_architecture_id="A12" ++fmoe_architecture_key="A12_ATTN_MICRO_BEFORE_NO_BIAS_ALL_W5" ++fmoe_hparam_id="H1" ++fmoe_phase="P4ML2" train_batch_size=4096 eval_batch_size=6144 ++phase_run_type="stage1" ++phase_axis_id="N4MLV4_2" ++phase_axis_desc="movielens_v4_session_fixed_portfolio_2" ++phase_setting_id="ML208_h1_sparse_short_combo" ++phase_setting_key="ML208_h1_sparse_short_combo" ++phase_hparam_id="H1" ++phase_seed_id=1 ++phase_run_id="ML2_MOVIELENS1M_ML208_H1_SPARSE_SHORT_COMBO_S1" ++layer_layout=["attn","macro_ffn","mid_ffn","attn","micro_ffn"] ++stage_compute_mode={macro:"moe",mid:"moe",micro:"moe"} ++stage_router_mode={macro:"learned",mid:"learned",micro:"learned"} ++stage_router_source={macro:"both",mid:"both",micro:"both"} ++stage_feature_injection={macro:"none",mid:"none",micro:"none"} ++topk_scope_mode="global_flat" ++moe_top_k=0 ++balance_loss_lambda=0.0 ++z_loss_lambda=0.00015 ++gate_entropy_lambda=0.0 ++route_smoothness_lambda=0.0 ++route_consistency_lambda=0.0006 ++route_sharpness_lambda=0.0 ++route_monopoly_lambda=0.0 ++route_monopoly_tau=0.25 ++route_prior_lambda=0.0 ++group_prior_align_lambda=0.0 ++factored_group_balance_lambda=0.0 ++rule_agreement_lambda=0.0 ++group_coverage_lambda=0.0 ++feature_group_bias_lambda=0.0 ++rule_bias_scale=0.0 ++primitive_balance_lambda=0.0 ++wrapper_group_feature_align_lambda=0.0 ++stage_router_primitives={macro:{a_joint:{source:"feature",temperature:1.0,top_k:0},b_group:{source:"feature",temperature:1.0,top_k:0},c_shared:{source:"feature",temperature:1.0,top_k:0},d_cond:{source:"feature",temperature:1.0,top_k:0},e_scalar:{source:"feature",temperature:1.0,top_k:0},wrapper:{alpha_d:1.0,alpha_struct:1.0,alpha_a:1.0}},mid:{a_joint:{source:"feature",temperature:1.0,top_k:0},b_group:{source:"feature",temperature:1.0,top_k:0},c_shared:{source:"feature",temperature:1.0,top_k:0},d_cond:{source:"feature",temperature:1.0,top_k:0},e_scalar:{source:"feature",temperature:1.0,top_k:0},wrapper:{alpha_d:1.0,alpha_struct:1.0,alpha_a:1.0}},micro:{a_joint:{source:"feature",temperature:1.0,top_k:0},b_group:{source:"feature",temperature:1.0,top_k:0},c_shared:{source:"feature",temperature:1.0,top_k:0},d_cond:{source:"feature",temperature:1.0,top_k:0},e_scalar:{source:"feature",temperature:1.0,top_k:0},wrapper:{alpha_d:1.0,alpha_struct:1.0,alpha_a:1.0}}} ++stage_router_wrapper={macro:"w5_exd",mid:"w5_exd",micro:"w5_exd"} ++stage_router_granularity={macro:"session",mid:"session",micro:"token"} ++macro_history_window=5 ++route_consistency_pairs=1 ++route_consistency_min_sim=0.995 ++bias_mode="none" ++stage_family_dropout_prob={macro:0.03,mid:0.03,micro:0.03} ++stage_feature_dropout_prob={macro:0.02,mid:0.02,micro:0.02} ++stage_feature_dropout_scope={macro:"token",mid:"token",micro:"token"} ++embedding_size=128 ++d_ff=256 ++d_expert_hidden=128 ++d_router_hidden=64 ++MAX_ITEM_LIST_LENGTH=16 ++d_feat_emb=16 ++expert_scale=2 ++lr_scheduler_type="warmup_cosine" ++num_heads=2 ++hidden_dropout_prob=0.1 ++attn_dropout_prob=0.08 ++weight_decay=5e-07 ++search.learning_rate=[0.0005,0.00135] ++search_space_type_overrides.learning_rate=loguniform
/venv/FMoE/lib/python3.10/site-packages/ray/_private/parameter.py:4: UserWarning: pkg_resources is deprecated as an API. See https://setuptools.pypa.io/en/latest/pkg_resources.html. The pkg_resources package is slated for removal as early as 2025-11-30. Refrain from using this package or pin to Setuptools<81.
  import pkg_resources
[RUN_STATUS] START pid=457457 ts=2026-04-17T07:23:47

=================================================================
  Hyperopt  |  FeaturedMoE_N3 x movielens1m
  max_evals=12  epochs=100  patience=10  wandb=off
  search_algo=tpe
  batch_size(train/valid/test)=4096/6144/6144
  track=fmoe_n4  axis=movielens_v4_sessionfixed_portfolio_2  phase=P4ML2_ML2_MOVIELENS1M_ML208_H1_SPARSE_SHORT_COMBO_S1
=================================================================
Changed knobs: learning_rate
Tuned params(len>1): 1  (~1 discrete combos)
Tuned groups: 1
  [optimization]
    learning_rate                   [0.0005, 0.00135]                         -> loguniform
Fixed params(singleton/non-list): 0
Fixed groups: 0
  (none)

[Wandb] disabled for this hyperopt run

[1/12] learning_rate=0.001008
  -> MRR@20=0.089400  best=0.089400  (early_stop@39, trial=14.6min, avg=14.7min/trial, total=14.7min, ETA=2.70h)
[TRIAL_METRICS] cur_best_mrr20=0.089400 cur_best_hr10=0.210100 cur_test_mrr20=0.053300 cur_test_hr10=0.135700 run_best_mrr20=0.089400 run_best_hr10=0.210100 run_test_mrr20=0.053300 run_test_hr10=0.135700

[2/12] learning_rate=0.0007048
  -> MRR@20=0.086600  best=0.089400  (early_stop@41, trial=15.4min, avg=15.1min/trial, total=30.1min, ETA=2.51h)
[TRIAL_METRICS] cur_best_mrr20=0.086600 cur_best_hr10=0.207400 cur_test_mrr20=0.058900 cur_test_hr10=0.144100 run_best_mrr20=0.089400 run_best_hr10=0.210100 run_test_mrr20=0.053300 run_test_hr10=0.135700

[3/12] learning_rate=0.0006542
[RUN_STATUS] TERMINATED signal=SIGINT(2) pid=457457 ts=2026-04-17T08:00:11
[RUN_STATUS] END status=terminated signal=SIGINT(2) pid=457457 start=2026-04-17T07:23:47 end=2026-04-17T08:00:12
