[STAGEB_STRUCTURE_ANCHOR2_CORE5_SETTING_HEADER]
run_phase=P17_SB_D00_M01_SASREC_B1_S1 run_id=SB_LASTFM0_03_SASREC_B1_S1 phase_id=P17 axis_id=SB model=SASRec profile_id=B1 seed=1
dataset=lastfm0.03 gpu=4 order=0 lr_band=LR3,LR2 lr_lo=0.00034 lr_hi=0.0016524000000000003
max_evals=6 tune_epochs=40 tune_patience=6
seed=170000

[COMMAND]
- /venv/FMoE/bin/python hyperopt_tune.py --config-name tune_lfm_small --max-evals 6 --tune-epochs 40 --tune-patience 6 --seed 170000 --run-group baseline --run-axis StageB_Structure_anchor2_core5 --run-phase P17_SB_D00_M01_SASREC_B1_S1 model=sasrec dataset=lastfm0.03 eval_mode=session_fixed feature_mode=full_v3 gpu_id=4 log_wandb=false show_progress=false ++special_logging=true ++seed=170000 ++search={learning_rate:[0.00034,0.0016524000000000003]} ++search_space_type_overrides={learning_rate:"loguniform"} ++MAX_ITEM_LIST_LENGTH=10 ++weight_decay=0.00047999999999999996 ++search.weight_decay=[0.00047999999999999996] ++search_space_type_overrides.weight_decay=choice ++search.hidden_size=[96] ++search_space_type_overrides.hidden_size=choice ++search.embedding_size=[96] ++search_space_type_overrides.embedding_size=choice ++search.n_layers=[2] ++search_space_type_overrides.n_layers=choice ++search.num_layers=[2] ++search_space_type_overrides.num_layers=choice ++search.dropout_ratio=[0.24000000000000002] ++search_space_type_overrides.dropout_ratio=choice ++search.dropout_prob=[0.24000000000000002] ++search_space_type_overrides.dropout_prob=choice ++search.hidden_dropout_prob=[0.24000000000000002] ++search_space_type_overrides.hidden_dropout_prob=choice ++search.attn_dropout_prob=[0.24000000000000002] ++search_space_type_overrides.attn_dropout_prob=choice ++search.inner_size=[192] ++search_space_type_overrides.inner_size=choice ++search.n_heads=[2] ++search_space_type_overrides.n_heads=choice ++search.num_heads=[2] ++search_space_type_overrides.num_heads=choice ++dropout_ratio=0.24000000000000002 ++hidden_size=96 ++embedding_size=96 ++n_layers=2 ++num_layers=2 ++n_heads=2 ++num_heads=2 ++inner_size=192 ++train_batch_size=4096 ++eval_batch_size=6144
/venv/FMoE/lib/python3.10/site-packages/ray/_private/parameter.py:4: UserWarning: pkg_resources is deprecated as an API. See https://setuptools.pypa.io/en/latest/pkg_resources.html. The pkg_resources package is slated for removal as early as 2025-11-30. Refrain from using this package or pin to Setuptools<81.
  import pkg_resources
[RUN_STATUS] START pid=502378 ts=2026-03-29T16:38:06

=================================================================
  Hyperopt TPE  |  SASRec x lastfm0.03
  max_evals=6  epochs=40  patience=6  wandb=off
  batch_size(train/valid/test)=4096/6144/6144
  track=baseline  axis=stageb_structure_anchor2_core5  phase=P17_SB_D00_M01_SASREC_B1_S1
=================================================================
Changed knobs: learning_rate
Tuned params(len>1): 1  (~1 discrete combos)
Tuned groups: 1
  [optimization]
    learning_rate                   [0.00034, 0.0016524000000000003]          -> loguniform
Fixed params(singleton/non-list): 12
Fixed groups: 12
  [optimization]
    hidden_dropout_prob             0.24000000000000002                     
    weight_decay                    0.00047999999999999996                  
  [model_core]
    attn_dropout_prob               0.24000000000000002                     
    dropout_prob                    0.24000000000000002                     
    dropout_ratio                   0.24000000000000002                     
    embedding_size                  96                                      
    hidden_size                     96                                      
    inner_size                      192                                     
    num_heads                       2                                       
    num_layers                      2                                       
  [other]
    n_heads                         2                                       
    n_layers                        2                                       

[Wandb] disabled for this hyperopt run

[1/6] learning_rate=0.001121
  -> MRR@20=0.198400  best=0.198400  (full@40, trial=4.7min, avg=4.9min/trial, total=4.9min, ETA=24.6min)
[TRIAL_METRICS] cur_best_mrr20=0.198400 cur_best_hr10=0.284100 cur_test_mrr20=0.201500 cur_test_hr10=0.286400 run_best_mrr20=0.198400 run_best_hr10=0.284100 run_test_mrr20=0.201500 run_test_hr10=0.286400

[2/6] learning_rate=0.001029
  -> MRR@20=0.193800  best=0.198400  (full@40, trial=4.6min, avg=4.8min/trial, total=9.5min, ETA=19.1min)
[TRIAL_METRICS] cur_best_mrr20=0.193800 cur_best_hr10=0.282500 cur_test_mrr20=0.197300 cur_test_hr10=0.282400 run_best_mrr20=0.198400 run_best_hr10=0.284100 run_test_mrr20=0.201500 run_test_hr10=0.286400

[3/6] learning_rate=0.0003516
  -> MRR@20=0.123500  best=0.198400  (full@40, trial=4.6min, avg=4.7min/trial, total=14.1min, ETA=14.1min)
[TRIAL_METRICS] cur_best_mrr20=0.123500 cur_best_hr10=0.227700 cur_test_mrr20=0.122000 cur_test_hr10=0.224200 run_best_mrr20=0.198400 run_best_hr10=0.284100 run_test_mrr20=0.201500 run_test_hr10=0.286400

[4/6] learning_rate=0.001175
  -> MRR@20=0.198900  best=0.198900  (full@40, trial=4.7min, avg=4.7min/trial, total=18.8min, ETA=9.4min)
[TRIAL_METRICS] cur_best_mrr20=0.198900 cur_best_hr10=0.282500 cur_test_mrr20=0.201400 cur_test_hr10=0.285300 run_best_mrr20=0.198900 run_best_hr10=0.282500 run_test_mrr20=0.201400 run_test_hr10=0.285300

[5/6] learning_rate=0.0003501
  -> MRR@20=0.122900  best=0.198900  (full@40, trial=4.5min, avg=4.7min/trial, total=23.4min, ETA=4.7min)
[TRIAL_METRICS] cur_best_mrr20=0.122900 cur_best_hr10=0.227500 cur_test_mrr20=0.121600 cur_test_hr10=0.223700 run_best_mrr20=0.198900 run_best_hr10=0.282500 run_test_mrr20=0.201400 run_test_hr10=0.285300

[6/6] learning_rate=0.000929
  -> MRR@20=0.188800  best=0.198900  (full@40, trial=4.6min, avg=4.7min/trial, total=28.0min, ETA=0s)
[TRIAL_METRICS] cur_best_mrr20=0.188800 cur_best_hr10=0.277400 cur_test_mrr20=0.189700 cur_test_hr10=0.277600 run_best_mrr20=0.198900 run_best_hr10=0.282500 run_test_mrr20=0.201400 run_test_hr10=0.285300

=================================================================
  DONE  |  SASRec x lastfm0.03
  Best MRR@20 = 0.198900  |  6/6 trials OK
  Best HR@10  = 0.282500
  Test MRR@20 = 0.201400  (best-valid checkpoint)
  Test HR@10  = 0.285300  (best-valid checkpoint)
[RUN_METRICS] best_valid_mrr20=0.198900 best_valid_hr10=0.282500 test_mrr20=0.201400 test_hr10=0.285300
  Total time: 28.0 min
  Best params:
    learning_rate: 0.0011752
  Results -> /workspace/jy1559/FMoE/experiments/run/artifacts/results/baseline/lastfm0.03_SASRec_p17_sb_d00_m01_sasrec_b1_s1_20260329_163806_788082_pid502378.json
  Normal mirror -> /workspace/jy1559/FMoE/experiments/run/artifacts/results/baseline/normal/stageb_structure_anchor2_core5/P17/lastfm0.03/SASRec/lastfm0.03_SASRec_p17_sb_d00_m01_sasrec_b1_s1_20260329_163806_788082_pid502378.json
  Special result -> /workspace/jy1559/FMoE/experiments/run/artifacts/results/baseline/special/stageb_structure_anchor2_core5/P17/lastfm0.03/SASRec/lastfm0.03_SASRec_p17_sb_d00_m01_sasrec_b1_s1_20260329_163806_788082_pid502378_special_metrics.json
  Special log -> /workspace/jy1559/FMoE/experiments/run/artifacts/logs/baseline/special/stageb_structure_anchor2_core5/P17/lastfm0.03/SASRec/lastfm0.03_SASRec_p17_sb_d00_m01_sasrec_b1_s1_20260329_163806_788082_pid502378_special_metrics.json
=================================================================

[RUN_STATUS] END status=normal pid=502378 start=2026-03-29T16:38:06 end=2026-03-29T17:06:07
