[STAGEE_RELRSEED_ANCHOR2_CORE5_SETTING_HEADER]
run_phase=P20_SC_D00_M04_P02_FAME_D2_E3_S1 run_id=SC_LASTFM0_03_FAME_D2_E3_S1 phase_id=P20 axis_id=SC model=FAME profile_id=E3 parent_profile_id=D2 seed=1
dataset=lastfm0.03 gpu=4 order=0 lr_band=LR3,LR4 lr_lo=0.0005135749780645161 lr_hi=0.004857228568903679
max_evals=8 tune_epochs=56 tune_patience=8
seed=200074

[COMMAND]
- /venv/FMoE/bin/python hyperopt_tune.py --config-name tune_lfm_small --max-evals 8 --tune-epochs 56 --tune-patience 8 --seed 200074 --run-group baseline --run-axis StageE_ReLRSeed_anchor2_core5 --run-phase P20_SC_D00_M04_P02_FAME_D2_E3_S1 model=fame dataset=lastfm0.03 eval_mode=session_fixed feature_mode=full_v3 gpu_id=4 log_wandb=false show_progress=false ++special_logging=true ++seed=200074 ++search={learning_rate:[0.0005135749780645161,0.004857228568903679]} ++search_space_type_overrides={learning_rate:"loguniform"} ++MAX_ITEM_LIST_LENGTH=10 ++weight_decay=0.00028875 ++search.weight_decay=[0.00028875] ++search_space_type_overrides.weight_decay=choice ++search.hidden_size=[208] ++search_space_type_overrides.hidden_size=choice ++search.embedding_size=[208] ++search_space_type_overrides.embedding_size=choice ++search.n_layers=[1] ++search_space_type_overrides.n_layers=choice ++search.num_layers=[1] ++search_space_type_overrides.num_layers=choice ++search.dropout_ratio=[0.22] ++search_space_type_overrides.dropout_ratio=choice ++search.dropout_prob=[0.22] ++search_space_type_overrides.dropout_prob=choice ++search.hidden_dropout_prob=[0.22] ++search_space_type_overrides.hidden_dropout_prob=choice ++search.attn_dropout_prob=[0.22] ++search_space_type_overrides.attn_dropout_prob=choice ++search.inner_size=[416] ++search_space_type_overrides.inner_size=choice ++search.n_heads=[2] ++search_space_type_overrides.n_heads=choice ++search.num_heads=[2] ++search_space_type_overrides.num_heads=choice ++search.num_experts=[3] ++search_space_type_overrides.num_experts=choice ++dropout_ratio=0.22 ++hidden_size=208 ++embedding_size=208 ++n_layers=1 ++num_layers=1 ++n_heads=2 ++num_heads=2 ++inner_size=416 ++num_experts=3 ++train_batch_size=1536 ++eval_batch_size=2304
/venv/FMoE/lib/python3.10/site-packages/ray/_private/parameter.py:4: UserWarning: pkg_resources is deprecated as an API. See https://setuptools.pypa.io/en/latest/pkg_resources.html. The pkg_resources package is slated for removal as early as 2025-11-30. Refrain from using this package or pin to Setuptools<81.
  import pkg_resources
[RUN_STATUS] START pid=164298 ts=2026-04-05T06:55:51

=================================================================
  Hyperopt TPE  |  FAME x lastfm0.03
  max_evals=8  epochs=56  patience=8  wandb=off
  batch_size(train/valid/test)=1536/2304/2304
  track=baseline  axis=stagee_relrseed_anchor2_core5  phase=P20_SC_D00_M04_P02_FAME_D2_E3_S1
=================================================================
Changed knobs: learning_rate
Tuned params(len>1): 1  (~1 discrete combos)
Tuned groups: 1
  [optimization]
    learning_rate                   [0.0005135749780645161, 0.004857228568903679]  -> loguniform
Fixed params(singleton/non-list): 13
Fixed groups: 13
  [optimization]
    hidden_dropout_prob             0.22                                    
    weight_decay                    0.00028875                              
  [model_core]
    attn_dropout_prob               0.22                                    
    dropout_prob                    0.22                                    
    dropout_ratio                   0.22                                    
    embedding_size                  208                                     
    hidden_size                     208                                     
    inner_size                      416                                     
    num_heads                       2                                       
    num_layers                      1                                       
  [other]
    n_heads                         2                                       
    n_layers                        1                                       
    num_experts                     3                                       

[Wandb] disabled for this hyperopt run

[1/8] learning_rate=0.0005206
  -> MRR@20=0.220600  best=0.220600  (early_stop@44, trial=14.5min, avg=14.7min/trial, total=14.7min, ETA=1.72h)
[TRIAL_METRICS] cur_best_mrr20=0.220600 cur_best_hr10=0.266800 cur_test_mrr20=0.224600 cur_test_hr10=0.266500 run_best_mrr20=0.220600 run_best_hr10=0.266800 run_test_mrr20=0.224600 run_test_hr10=0.266500

[2/8] learning_rate=0.0005849
  -> MRR@20=0.218900  best=0.220600  (early_stop@40, trial=13.1min, avg=13.9min/trial, total=27.8min, ETA=1.39h)
[TRIAL_METRICS] cur_best_mrr20=0.218900 cur_best_hr10=0.264400 cur_test_mrr20=0.224900 cur_test_hr10=0.270500 run_best_mrr20=0.220600 run_best_hr10=0.266800 run_test_mrr20=0.224600 run_test_hr10=0.266500

[3/8] learning_rate=0.003625
  -> MRR@20=0.195400  best=0.220600  (early_stop@36, trial=11.7min, avg=13.2min/trial, total=39.5min, ETA=1.10h)
[TRIAL_METRICS] cur_best_mrr20=0.195400 cur_best_hr10=0.241600 cur_test_mrr20=0.199500 cur_test_hr10=0.243900 run_best_mrr20=0.220600 run_best_hr10=0.266800 run_test_mrr20=0.224600 run_test_hr10=0.266500

[4/8] learning_rate=0.001372
  -> MRR@20=0.206200  best=0.220600  (early_stop@32, trial=10.4min, avg=12.5min/trial, total=49.9min, ETA=49.9min)
[TRIAL_METRICS] cur_best_mrr20=0.206200 cur_best_hr10=0.247900 cur_test_mrr20=0.207100 cur_test_hr10=0.253500 run_best_mrr20=0.220600 run_best_hr10=0.266800 run_test_mrr20=0.224600 run_test_hr10=0.266500

[5/8] learning_rate=0.001508
  -> MRR@20=0.202900  best=0.220600  (early_stop@25, trial=8.1min, avg=11.6min/trial, total=58.0min, ETA=34.8min)
[TRIAL_METRICS] cur_best_mrr20=0.202900 cur_best_hr10=0.250600 cur_test_mrr20=0.201900 cur_test_hr10=0.250800 run_best_mrr20=0.220600 run_best_hr10=0.266800 run_test_mrr20=0.224600 run_test_hr10=0.266500

[6/8] learning_rate=0.003122
  -> MRR@20=0.196900  best=0.220600  (early_stop@29, trial=9.6min, avg=11.3min/trial, total=1.13h, ETA=22.5min)
[TRIAL_METRICS] cur_best_mrr20=0.196900 cur_best_hr10=0.245300 cur_test_mrr20=0.196600 cur_test_hr10=0.246500 run_best_mrr20=0.220600 run_best_hr10=0.266800 run_test_mrr20=0.224600 run_test_hr10=0.266500

[7/8] learning_rate=0.001603
  -> MRR@20=0.204300  best=0.220600  (early_stop@33, trial=11.0min, avg=11.2min/trial, total=1.31h, ETA=11.2min)
[TRIAL_METRICS] cur_best_mrr20=0.204300 cur_best_hr10=0.238900 cur_test_mrr20=0.203300 cur_test_hr10=0.242800 run_best_mrr20=0.220600 run_best_hr10=0.266800 run_test_mrr20=0.224600 run_test_hr10=0.266500

[8/8] learning_rate=0.003514
  -> MRR@20=0.193600  best=0.220600  (early_stop@25, trial=8.2min, avg=10.9min/trial, total=1.45h, ETA=0s)
[TRIAL_METRICS] cur_best_mrr20=0.193600 cur_best_hr10=0.243400 cur_test_mrr20=0.188500 cur_test_hr10=0.236200 run_best_mrr20=0.220600 run_best_hr10=0.266800 run_test_mrr20=0.224600 run_test_hr10=0.266500

=================================================================
  DONE  |  FAME x lastfm0.03
  Best MRR@20 = 0.220600  |  8/8 trials OK
  Best HR@10  = 0.266800
  Test MRR@20 = 0.224600  (best-valid checkpoint)
  Test HR@10  = 0.266500  (best-valid checkpoint)
[RUN_METRICS] best_valid_mrr20=0.220600 best_valid_hr10=0.266800 test_mrr20=0.224600 test_hr10=0.266500
  Total time: 86.8 min
  Best params:
    learning_rate: 0.000520632
  Results -> /workspace/jy1559/FMoE/experiments/run/artifacts/results/baseline/lastfm0.03_FAME_p20_sc_d00_m04_p02_fame_d2_e3_s1_20260405_065551_664697_pid164298.json
  Normal mirror -> /workspace/jy1559/FMoE/experiments/run/artifacts/results/baseline/normal/stagee_relrseed_anchor2_core5/P20/lastfm0.03/FAME/lastfm0.03_FAME_p20_sc_d00_m04_p02_fame_d2_e3_s1_20260405_065551_664697_pid164298.json
  Special result -> /workspace/jy1559/FMoE/experiments/run/artifacts/results/baseline/special/stagee_relrseed_anchor2_core5/P20/lastfm0.03/FAME/lastfm0.03_FAME_p20_sc_d00_m04_p02_fame_d2_e3_s1_20260405_065551_664697_pid164298_special_metrics.json
  Special log -> /workspace/jy1559/FMoE/experiments/run/artifacts/logs/baseline/special/stagee_relrseed_anchor2_core5/P20/lastfm0.03/FAME/lastfm0.03_FAME_p20_sc_d00_m04_p02_fame_d2_e3_s1_20260405_065551_664697_pid164298_special_metrics.json
=================================================================

[RUN_STATUS] END status=normal pid=164298 start=2026-04-05T06:55:51 end=2026-04-05T08:22:40
