[STAGEE_RELRSEED_ANCHOR2_CORE5_SETTING_HEADER]
run_phase=P20_SC_D00_M04_P01_FAME_D6_E5_S1 run_id=SC_LASTFM0_03_FAME_D6_E5_S1 phase_id=P20 axis_id=SC model=FAME profile_id=E5 parent_profile_id=D6 seed=1
dataset=lastfm0.03 gpu=6 order=0 lr_band=LR3,LR4 lr_lo=0.0004726398201641003 lr_hi=0.007273002722033664
max_evals=8 tune_epochs=56 tune_patience=8
seed=200068

[COMMAND]
- /venv/FMoE/bin/python hyperopt_tune.py --config-name tune_lfm_small --max-evals 8 --tune-epochs 56 --tune-patience 8 --seed 200068 --run-group baseline --run-axis StageE_ReLRSeed_anchor2_core5 --run-phase P20_SC_D00_M04_P01_FAME_D6_E5_S1 model=fame dataset=lastfm0.03 eval_mode=session_fixed feature_mode=full_v3 gpu_id=6 log_wandb=false show_progress=false ++special_logging=true ++seed=200068 ++search={learning_rate:[0.0004726398201641003,0.007273002722033664]} ++search_space_type_overrides={learning_rate:"loguniform"} ++MAX_ITEM_LIST_LENGTH=10 ++weight_decay=0.00032257499999999997 ++search.weight_decay=[0.00032257499999999997] ++search_space_type_overrides.weight_decay=choice ++search.hidden_size=[208] ++search_space_type_overrides.hidden_size=choice ++search.embedding_size=[208] ++search_space_type_overrides.embedding_size=choice ++search.n_layers=[1] ++search_space_type_overrides.n_layers=choice ++search.num_layers=[1] ++search_space_type_overrides.num_layers=choice ++search.dropout_ratio=[0.22999999999999998] ++search_space_type_overrides.dropout_ratio=choice ++search.dropout_prob=[0.22999999999999998] ++search_space_type_overrides.dropout_prob=choice ++search.hidden_dropout_prob=[0.22999999999999998] ++search_space_type_overrides.hidden_dropout_prob=choice ++search.attn_dropout_prob=[0.22999999999999998] ++search_space_type_overrides.attn_dropout_prob=choice ++search.inner_size=[416] ++search_space_type_overrides.inner_size=choice ++search.n_heads=[2] ++search_space_type_overrides.n_heads=choice ++search.num_heads=[2] ++search_space_type_overrides.num_heads=choice ++search.num_experts=[4] ++search_space_type_overrides.num_experts=choice ++dropout_ratio=0.22999999999999998 ++hidden_size=208 ++embedding_size=208 ++n_layers=1 ++num_layers=1 ++n_heads=2 ++num_heads=2 ++inner_size=416 ++num_experts=4 ++train_batch_size=1536 ++eval_batch_size=2304
/venv/FMoE/lib/python3.10/site-packages/ray/_private/parameter.py:4: UserWarning: pkg_resources is deprecated as an API. See https://setuptools.pypa.io/en/latest/pkg_resources.html. The pkg_resources package is slated for removal as early as 2025-11-30. Refrain from using this package or pin to Setuptools<81.
  import pkg_resources
[RUN_STATUS] START pid=157549 ts=2026-04-05T04:39:20

=================================================================
  Hyperopt TPE  |  FAME x lastfm0.03
  max_evals=8  epochs=56  patience=8  wandb=off
  batch_size(train/valid/test)=1536/2304/2304
  track=baseline  axis=stagee_relrseed_anchor2_core5  phase=P20_SC_D00_M04_P01_FAME_D6_E5_S1
=================================================================
Changed knobs: learning_rate
Tuned params(len>1): 1  (~1 discrete combos)
Tuned groups: 1
  [optimization]
    learning_rate                   [0.0004726398201641003, 0.007273002722033664]  -> loguniform
Fixed params(singleton/non-list): 13
Fixed groups: 13
  [optimization]
    hidden_dropout_prob             0.22999999999999998                     
    weight_decay                    0.00032257499999999997                  
  [model_core]
    attn_dropout_prob               0.22999999999999998                     
    dropout_prob                    0.22999999999999998                     
    dropout_ratio                   0.22999999999999998                     
    embedding_size                  208                                     
    hidden_size                     208                                     
    inner_size                      416                                     
    num_heads                       2                                       
    num_layers                      1                                       
  [other]
    n_heads                         2                                       
    n_layers                        1                                       
    num_experts                     4                                       

[Wandb] disabled for this hyperopt run

[1/8] learning_rate=0.0009109
  -> MRR@20=0.209700  best=0.209700  (early_stop@29, trial=10.4min, avg=10.6min/trial, total=10.6min, ETA=1.24h)
[TRIAL_METRICS] cur_best_mrr20=0.209700 cur_best_hr10=0.259100 cur_test_mrr20=0.214000 cur_test_hr10=0.264900 run_best_mrr20=0.209700 run_best_hr10=0.259100 run_test_mrr20=0.214000 run_test_hr10=0.264900

[2/8] learning_rate=0.001025
  -> MRR@20=0.209000  best=0.209700  (early_stop@29, trial=10.4min, avg=10.5min/trial, total=21.0min, ETA=1.05h)
[TRIAL_METRICS] cur_best_mrr20=0.209000 cur_best_hr10=0.256200 cur_test_mrr20=0.211300 cur_test_hr10=0.264600 run_best_mrr20=0.209700 run_best_hr10=0.259100 run_test_mrr20=0.214000 run_test_hr10=0.264900

[3/8] learning_rate=0.004525
  -> MRR@20=0.193700  best=0.209700  (early_stop@45, trial=16.0min, avg=12.3min/trial, total=37.0min, ETA=1.03h)
[TRIAL_METRICS] cur_best_mrr20=0.193700 cur_best_hr10=0.240500 cur_test_mrr20=0.192900 cur_test_hr10=0.238600 run_best_mrr20=0.209700 run_best_hr10=0.259100 run_test_mrr20=0.214000 run_test_hr10=0.264900

[4/8] learning_rate=0.001512
  -> MRR@20=0.207700  best=0.209700  (early_stop@33, trial=11.8min, avg=12.2min/trial, total=48.8min, ETA=48.8min)
[TRIAL_METRICS] cur_best_mrr20=0.207700 cur_best_hr10=0.251900 cur_test_mrr20=0.203300 cur_test_hr10=0.246300 run_best_mrr20=0.209700 run_best_hr10=0.259100 run_test_mrr20=0.214000 run_test_hr10=0.264900

[5/8] learning_rate=0.000487
  -> MRR@20=0.224200  best=0.224200  (early_stop@45, trial=16.2min, avg=13.0min/trial, total=1.08h, ETA=39.0min)
[TRIAL_METRICS] cur_best_mrr20=0.224200 cur_best_hr10=0.267600 cur_test_mrr20=0.227200 cur_test_hr10=0.272300 run_best_mrr20=0.224200 run_best_hr10=0.267600 run_test_mrr20=0.227200 run_test_hr10=0.272300

[6/8] learning_rate=0.002022
  -> MRR@20=0.204400  best=0.224200  (early_stop@33, trial=11.8min, avg=12.8min/trial, total=1.28h, ETA=25.6min)
[TRIAL_METRICS] cur_best_mrr20=0.204400 cur_best_hr10=0.246900 cur_test_mrr20=0.198300 cur_test_hr10=0.243400 run_best_mrr20=0.224200 run_best_hr10=0.267600 run_test_mrr20=0.227200 run_test_hr10=0.272300

[7/8] learning_rate=0.005105
  -> MRR@20=0.190000  best=0.224200  (early_stop@44, trial=15.7min, avg=13.2min/trial, total=1.54h, ETA=13.2min)
[TRIAL_METRICS] cur_best_mrr20=0.190000 cur_best_hr10=0.240200 cur_test_mrr20=0.181700 cur_test_hr10=0.239100 run_best_mrr20=0.224200 run_best_hr10=0.267600 run_test_mrr20=0.227200 run_test_hr10=0.272300

[8/8] learning_rate=0.0006902
  -> MRR@20=0.219100  best=0.224200  (early_stop@38, trial=14.1min, avg=13.3min/trial, total=1.78h, ETA=0s)
[TRIAL_METRICS] cur_best_mrr20=0.219100 cur_best_hr10=0.260700 cur_test_mrr20=0.219100 cur_test_hr10=0.263300 run_best_mrr20=0.224200 run_best_hr10=0.267600 run_test_mrr20=0.227200 run_test_hr10=0.272300

=================================================================
  DONE  |  FAME x lastfm0.03
  Best MRR@20 = 0.224200  |  8/8 trials OK
  Best HR@10  = 0.267600
  Test MRR@20 = 0.227200  (best-valid checkpoint)
  Test HR@10  = 0.272300  (best-valid checkpoint)
[RUN_METRICS] best_valid_mrr20=0.224200 best_valid_hr10=0.267600 test_mrr20=0.227200 test_hr10=0.272300
  Total time: 106.7 min
  Best params:
    learning_rate: 0.000487019
  Results -> /workspace/jy1559/FMoE/experiments/run/artifacts/results/baseline/lastfm0.03_FAME_p20_sc_d00_m04_p01_fame_d6_e5_s1_20260405_043920_361402_pid157549.json
  Normal mirror -> /workspace/jy1559/FMoE/experiments/run/artifacts/results/baseline/normal/stagee_relrseed_anchor2_core5/P20/lastfm0.03/FAME/lastfm0.03_FAME_p20_sc_d00_m04_p01_fame_d6_e5_s1_20260405_043920_361402_pid157549.json
  Special result -> /workspace/jy1559/FMoE/experiments/run/artifacts/results/baseline/special/stagee_relrseed_anchor2_core5/P20/lastfm0.03/FAME/lastfm0.03_FAME_p20_sc_d00_m04_p01_fame_d6_e5_s1_20260405_043920_361402_pid157549_special_metrics.json
  Special log -> /workspace/jy1559/FMoE/experiments/run/artifacts/logs/baseline/special/stagee_relrseed_anchor2_core5/P20/lastfm0.03/FAME/lastfm0.03_FAME_p20_sc_d00_m04_p01_fame_d6_e5_s1_20260405_043920_361402_pid157549_special_metrics.json
=================================================================

[RUN_STATUS] END status=normal pid=157549 start=2026-04-05T04:39:20 end=2026-04-05T06:26:02
