# pair=P001 dataset=beauty model=bsarec combo=C03 seed=1
# cmd=/venv/FMoE/bin/python hyperopt_tune.py --config-name tune_ab --max-evals 16 --tune-epochs 100 --tune-patience 10 --search-algo random --seed 3106 --run-group baseline_3 --run-axis BEAUTY_3MODEL_AGGR16 --run-phase BEAUTY_3MODEL_AGGR16_DBEAUTY_MBSAREC_P001_C03_S1 model=bsarec dataset=beauty eval_mode=session_fixed feature_mode=full_v4 train_batch_size=4096 eval_batch_size=8192 gpu_id=1 log_wandb=false show_progress=false ++seed=3106 ++history_input_mode=full_history_session_targets ++history_group_field=user_id ++target_group_field=session_id ++history_eval_policy=strict_train_prefix ++MAX_ITEM_LIST_LENGTH=12 ++eval_sampling.mode=full ++eval_sampling.auto_full_threshold=999999999 ++special_logging=true ++exclude_unseen_target_from_main_eval=true ++log_unseen_target_metrics=true ++hidden_size=112 ++embedding_size=112 ++n_layers=1 ++num_layers=1 ++n_heads=2 ++num_heads=2 ++inner_size=224 ++dropout_ratio=0.12 ++hidden_dropout_prob=0.12 ++attn_dropout_prob=0.12 ++weight_decay=0.00010925 ++search={learning_rate:[0.000191183812076232,0.0011471028724573918],weight_decay:[7.647499999999999e-05,0.00019665]} ++search_space_type_overrides={learning_rate:"loguniform",weight_decay:"loguniform"} ++search.MAX_ITEM_LIST_LENGTH=[12] ++search_space_type_overrides.MAX_ITEM_LIST_LENGTH=choice ++search.hidden_size=[112] ++search_space_type_overrides.hidden_size=choice ++search.embedding_size=[112] ++search_space_type_overrides.embedding_size=choice ++search.n_layers=[1] ++search_space_type_overrides.n_layers=choice ++search.num_layers=[1] ++search_space_type_overrides.num_layers=choice ++search.n_heads=[2] ++search_space_type_overrides.n_heads=choice ++search.num_heads=[2] ++search_space_type_overrides.num_heads=choice ++search.inner_size=[224] ++search_space_type_overrides.inner_size=choice ++search.dropout_ratio=[0.12] ++search_space_type_overrides.dropout_ratio=choice ++search.hidden_dropout_prob=[0.12] ++search_space_type_overrides.hidden_dropout_prob=choice ++search.attn_dropout_prob=[0.12] ++search_space_type_overrides.attn_dropout_prob=choice

/venv/FMoE/lib/python3.10/site-packages/ray/_private/parameter.py:4: UserWarning: pkg_resources is deprecated as an API. See https://setuptools.pypa.io/en/latest/pkg_resources.html. The pkg_resources package is slated for removal as early as 2025-11-30. Refrain from using this package or pin to Setuptools<81.
  import pkg_resources
[RUN_STATUS] START pid=383748 ts=2026-04-16T15:55:44

=================================================================
  Hyperopt  |  BSARec x beauty
  max_evals=16  epochs=100  patience=10  wandb=off
  search_algo=random
  batch_size(train/valid/test)=4096/8192/8192
  track=baseline_3  axis=beauty_3model_aggr16  phase=BEAUTY_3MODEL_AGGR16_DBEAUTY_MBSAREC_P001_C03_S1
=================================================================
Changed knobs: learning_rate, weight_decay
Tuned params(len>1): 2  (~1 discrete combos)
Tuned groups: 2
  [optimization]
    learning_rate                   [0.000191183812076232, 0.0011471028724573918]  -> loguniform
    weight_decay                    [7.647499999999999e-05, 0.00019665]       -> loguniform
Fixed params(singleton/non-list): 11
Fixed groups: 11
  [optimization]
    hidden_dropout_prob             0.12                                    
  [model_core]
    attn_dropout_prob               0.12                                    
    dropout_ratio                   0.12                                    
    embedding_size                  112                                     
    hidden_size                     112                                     
    inner_size                      224                                     
    num_heads                       2                                       
    num_layers                      1                                       
  [other]
    MAX_ITEM_LIST_LENGTH            12                                      
    n_heads                         2                                       
    n_layers                        1                                       

[Wandb] disabled for this hyperopt run

[1/16] learning_rate=0.0007209, weight_decay=0.0001308
  -> MRR@20=0.002800  best=0.002800  (early_stop@11, trial=5s, avg=8s/trial, total=8s, ETA=2.1min)
[TRIAL_METRICS] cur_best_mrr20=0.002800 cur_best_hr10=0.006000 cur_test_mrr20=0.000100 cur_test_hr10=0.000000 run_best_mrr20=0.002800 run_best_hr10=0.006000 run_test_mrr20=0.000100 run_test_hr10=0.000000

[2/16] learning_rate=0.00069, weight_decay=0.0001331
  -> MRR@20=0.003500  best=0.003500  (early_stop@15, trial=6s, avg=7s/trial, total=15s, ETA=1.7min)
[TRIAL_METRICS] cur_best_mrr20=0.003500 cur_best_hr10=0.006000 cur_test_mrr20=0.000500 cur_test_hr10=0.002900 run_best_mrr20=0.003500 run_best_hr10=0.006000 run_test_mrr20=0.000500 run_test_hr10=0.002900

[3/16] learning_rate=0.0002108, weight_decay=0.0001082
  -> MRR@20=0.003400  best=0.003500  (early_stop@19, trial=7s, avg=7s/trial, total=22s, ETA=1.6min)
[TRIAL_METRICS] cur_best_mrr20=0.003400 cur_best_hr10=0.008000 cur_test_mrr20=0.000400 cur_test_hr10=0.000000 run_best_mrr20=0.003500 run_best_hr10=0.006000 run_test_mrr20=0.000500 run_test_hr10=0.002900

[4/16] learning_rate=0.0006826, weight_decay=0.0001824
  -> MRR@20=0.003500  best=0.003500  (early_stop@15, trial=5s, avg=7s/trial, total=28s, ETA=1.4min)
[TRIAL_METRICS] cur_best_mrr20=0.003500 cur_best_hr10=0.006000 cur_test_mrr20=0.000500 cur_test_hr10=0.000000 run_best_mrr20=0.003500 run_best_hr10=0.006000 run_test_mrr20=0.000500 run_test_hr10=0.000000

[5/16] learning_rate=0.000781, weight_decay=0.0001069
  -> MRR@20=0.003600  best=0.003600  (early_stop@14, trial=5s, avg=7s/trial, total=33s, ETA=1.2min)
[TRIAL_METRICS] cur_best_mrr20=0.003600 cur_best_hr10=0.004000 cur_test_mrr20=0.000500 cur_test_hr10=0.000000 run_best_mrr20=0.003600 run_best_hr10=0.004000 run_test_mrr20=0.000500 run_test_hr10=0.000000

[6/16] learning_rate=0.0004859, weight_decay=0.0001169
  -> MRR@20=0.002900  best=0.003600  (early_stop@12, trial=4s, avg=6s/trial, total=38s, ETA=1.1min)
[TRIAL_METRICS] cur_best_mrr20=0.002900 cur_best_hr10=0.006000 cur_test_mrr20=0.000000 cur_test_hr10=0.000000 run_best_mrr20=0.003600 run_best_hr10=0.004000 run_test_mrr20=0.000500 run_test_hr10=0.000000

[7/16] learning_rate=0.001121, weight_decay=0.0001111
  -> MRR@20=0.009800  best=0.009800  (early_stop@38, trial=14s, avg=8s/trial, total=53s, ETA=1.1min)
[TRIAL_METRICS] cur_best_mrr20=0.009800 cur_best_hr10=0.020100 cur_test_mrr20=0.003500 cur_test_hr10=0.002900 run_best_mrr20=0.009800 run_best_hr10=0.020100 run_test_mrr20=0.003500 run_test_hr10=0.002900

[8/16] learning_rate=0.0005136, weight_decay=0.0001504
  -> MRR@20=0.003500  best=0.009800  (early_stop@16, trial=6s, avg=7s/trial, total=59s, ETA=59s)
[TRIAL_METRICS] cur_best_mrr20=0.003500 cur_best_hr10=0.006000 cur_test_mrr20=0.000600 cur_test_hr10=0.000000 run_best_mrr20=0.009800 run_best_hr10=0.020100 run_test_mrr20=0.003500 run_test_hr10=0.002900

[9/16] learning_rate=0.0005206, weight_decay=0.0001585
  -> MRR@20=0.003400  best=0.009800  (early_stop@16, trial=6s, avg=7s/trial, total=1.1min, ETA=51s)
[TRIAL_METRICS] cur_best_mrr20=0.003400 cur_best_hr10=0.006000 cur_test_mrr20=0.000500 cur_test_hr10=0.000000 run_best_mrr20=0.009800 run_best_hr10=0.020100 run_test_mrr20=0.003500 run_test_hr10=0.002900

[10/16] learning_rate=0.0004974, weight_decay=0.0001233
  -> MRR@20=0.003400  best=0.009800  (early_stop@16, trial=6s, avg=7s/trial, total=1.2min, ETA=43s)
[TRIAL_METRICS] cur_best_mrr20=0.003400 cur_best_hr10=0.006000 cur_test_mrr20=0.000500 cur_test_hr10=0.000000 run_best_mrr20=0.009800 run_best_hr10=0.020100 run_test_mrr20=0.003500 run_test_hr10=0.002900

[11/16] learning_rate=0.0008747, weight_decay=0.000174
  -> MRR@20=0.010200  best=0.010200  (early_stop@43, trial=16s, avg=8s/trial, total=1.5min, ETA=40s)
[TRIAL_METRICS] cur_best_mrr20=0.010200 cur_best_hr10=0.014100 cur_test_mrr20=0.003200 cur_test_hr10=0.002900 run_best_mrr20=0.010200 run_best_hr10=0.014100 run_test_mrr20=0.003200 run_test_hr10=0.002900

[12/16] learning_rate=0.0004197, weight_decay=0.0001769
  -> MRR@20=0.003200  best=0.010200  (early_stop@19, trial=7s, avg=8s/trial, total=1.6min, ETA=32s)
[TRIAL_METRICS] cur_best_mrr20=0.003200 cur_best_hr10=0.006000 cur_test_mrr20=0.001100 cur_test_hr10=0.002900 run_best_mrr20=0.010200 run_best_hr10=0.014100 run_test_mrr20=0.003200 run_test_hr10=0.002900

[13/16] learning_rate=0.0004224, weight_decay=0.0001375
  -> MRR@20=0.003100  best=0.010200  (early_stop@19, trial=7s, avg=8s/trial, total=1.7min, ETA=24s)
[TRIAL_METRICS] cur_best_mrr20=0.003100 cur_best_hr10=0.006000 cur_test_mrr20=0.001100 cur_test_hr10=0.002900 run_best_mrr20=0.010200 run_best_hr10=0.014100 run_test_mrr20=0.003200 run_test_hr10=0.002900

[14/16] learning_rate=0.0004091, weight_decay=0.0001172
  -> MRR@20=0.003300  best=0.010200  (early_stop@19, trial=8s, avg=8s/trial, total=1.9min, ETA=16s)
[TRIAL_METRICS] cur_best_mrr20=0.003300 cur_best_hr10=0.006000 cur_test_mrr20=0.000900 cur_test_hr10=0.002900 run_best_mrr20=0.010200 run_best_hr10=0.014100 run_test_mrr20=0.003200 run_test_hr10=0.002900

[15/16] learning_rate=0.0003671, weight_decay=0.0001728
  -> MRR@20=0.003600  best=0.010200  (early_stop@19, trial=7s, avg=8s/trial, total=2.0min, ETA=8s)
[TRIAL_METRICS] cur_best_mrr20=0.003600 cur_best_hr10=0.006000 cur_test_mrr20=0.000600 cur_test_hr10=0.000000 run_best_mrr20=0.010200 run_best_hr10=0.014100 run_test_mrr20=0.003200 run_test_hr10=0.002900

[16/16] learning_rate=0.0006055, weight_decay=0.0001152
  -> MRR@20=0.003600  best=0.010200  (early_stop@15, trial=6s, avg=8s/trial, total=2.1min, ETA=0s)
[TRIAL_METRICS] cur_best_mrr20=0.003600 cur_best_hr10=0.006000 cur_test_mrr20=0.000600 cur_test_hr10=0.000000 run_best_mrr20=0.010200 run_best_hr10=0.014100 run_test_mrr20=0.003200 run_test_hr10=0.002900

=================================================================
  DONE  |  BSARec x beauty
  Best MRR@20 = 0.010200  |  16/16 trials OK
  Best HR@10  = 0.014100
  Test MRR@20 = 0.003200  (best-valid checkpoint)
  Test HR@10  = 0.002900  (best-valid checkpoint)
[RUN_METRICS] best_valid_mrr20=0.010200 best_valid_hr10=0.014100 test_mrr20=0.003200 test_hr10=0.002900
  Total time: 2.1 min
  Best params:
    learning_rate: 0.000874655
    weight_decay: 0.000173993
  Results -> /workspace/FeaturedMoE/experiments/run/artifacts/results/baseline_3/beauty_BSARec_beauty_3model_aggr16_dbeauty_mbsarec_p001_c03_s1_20260416_155544_861446_pid383748.json
  Normal mirror -> /workspace/FeaturedMoE/experiments/run/artifacts/results/baseline_3/normal/beauty_3model_aggr16/BEAUTY/beauty/BSARec/beauty_BSARec_beauty_3model_aggr16_dbeauty_mbsarec_p001_c03_s1_20260416_155544_861446_pid383748.json
  Special result -> /workspace/FeaturedMoE/experiments/run/artifacts/results/baseline_3/special/beauty_3model_aggr16/BEAUTY/beauty/BSARec/beauty_BSARec_beauty_3model_aggr16_dbeauty_mbsarec_p001_c03_s1_20260416_155544_861446_pid383748_special_metrics.json
  Special log -> /workspace/FeaturedMoE/experiments/run/artifacts/logs/baseline_3/special/beauty_3model_aggr16/BEAUTY/beauty/BSARec/beauty_BSARec_beauty_3model_aggr16_dbeauty_mbsarec_p001_c03_s1_20260416_155544_861446_pid383748_special_metrics.json
=================================================================

[RUN_STATUS] END status=normal pid=383748 start=2026-04-16T15:55:44 end=2026-04-16T15:57:49

[FULL_HISTORY_TIMING] avg_epoch_sec=0.3747 avg_epoch_ms=374.7 test_inference_sec=0.0699
