[STAGEH_TARGETEDRECOVERY_ANCHOR2_CORE5_SETTING_HEADER]
run_phase=P23_SH_C08_MBSAREC_FAD_H4_R1_WDHI_S1 run_id=SH_FOURSQUARE_BSAREC_FAD_H4_R1_WDHI_S1 phase_id=P23 axis_id=SH model=BSARec candidate_id=FAD_H4_R1_WDHI seed=1
dataset=foursquare gpu=7 order=0 candidate_source=stageh_screen_variant source_stage=Final_all_datasets_variant transfer_from_dataset=
max_evals=4 tune_epochs=20 tune_patience=3
seed=230145

[COMMAND]
- /venv/FMoE/bin/python hyperopt_tune.py --config-name tune_fs --max-evals 4 --tune-epochs 20 --tune-patience 3 --seed 230145 --run-group baseline --run-axis StageH_TargetedRecovery_anchor2_core5 --run-phase P23_SH_C08_MBSAREC_FAD_H4_R1_WDHI_S1 model=bsarec dataset=foursquare eval_mode=session_fixed feature_mode=full_v3 gpu_id=7 log_wandb=false show_progress=false ++special_logging=true ++seed=230145 ++search={learning_rate:[0.0007581312714995361,0.0010203902350304486]} ++search_space_type_overrides={learning_rate:"loguniform"} ++weight_decay=0.0004 ++search.weight_decay=[0.0004] ++search_space_type_overrides.weight_decay=choice ++search.n_layers=[1] ++search_space_type_overrides.n_layers=choice ++search.num_layers=[1] ++search_space_type_overrides.num_layers=choice ++search.n_heads=[4] ++search_space_type_overrides.n_heads=choice ++search.num_heads=[4] ++search_space_type_overrides.num_heads=choice ++search.dropout_ratio=[0.25] ++search_space_type_overrides.dropout_ratio=choice ++search.dropout_prob=[0.25] ++search_space_type_overrides.dropout_prob=choice ++search.hidden_dropout_prob=[0.25] ++search_space_type_overrides.hidden_dropout_prob=choice ++search.attn_dropout_prob=[0.25] ++search_space_type_overrides.attn_dropout_prob=choice ++search.hidden_size=[112] ++search_space_type_overrides.hidden_size=choice ++search.embedding_size=[112] ++search_space_type_overrides.embedding_size=choice ++search.inner_size=[224] ++search_space_type_overrides.inner_size=choice ++search.time_span=[1024] ++search_space_type_overrides.time_span=choice ++search.num_experts=[2] ++search_space_type_overrides.num_experts=choice ++search.state_size=[8] ++search_space_type_overrides.state_size=choice ++search.conv_kernel=[8] ++search_space_type_overrides.conv_kernel=choice ++search.remaining_ratio=[0.9] ++search_space_type_overrides.remaining_ratio=choice ++search.MAX_ITEM_LIST_LENGTH=[10] ++search_space_type_overrides.MAX_ITEM_LIST_LENGTH=choice ++dropout_ratio=0.25 ++train_batch_size=5120 ++eval_batch_size=6144 ++hidden_size=112 ++embedding_size=112 ++MAX_ITEM_LIST_LENGTH=10 ++num_layers=1 ++n_layers=1 ++num_heads=4 ++n_heads=4 ++inner_size=224
/venv/FMoE/lib/python3.10/site-packages/ray/_private/parameter.py:4: UserWarning: pkg_resources is deprecated as an API. See https://setuptools.pypa.io/en/latest/pkg_resources.html. The pkg_resources package is slated for removal as early as 2025-11-30. Refrain from using this package or pin to Setuptools<81.
  import pkg_resources
[RUN_STATUS] START pid=511087 ts=2026-04-09T16:43:33

=================================================================
  Hyperopt TPE  |  BSARec x foursquare
  max_evals=4  epochs=20  patience=3  wandb=off
  batch_size(train/valid/test)=5120/6144/6144
  track=baseline  axis=stageh_targetedrecovery_anchor2_core5  phase=P23_SH_C08_MBSAREC_FAD_H4_R1_WDHI_S1
=================================================================
Changed knobs: learning_rate
Tuned params(len>1): 1  (~1 discrete combos)
Tuned groups: 1
  [optimization]
    learning_rate                   [0.0007581312714995361, 0.0010203902350304486]  -> loguniform
Fixed params(singleton/non-list): 18
Fixed groups: 18
  [optimization]
    hidden_dropout_prob             0.25                                    
    weight_decay                    0.0004                                  
  [model_core]
    attn_dropout_prob               0.25                                    
    dropout_prob                    0.25                                    
    dropout_ratio                   0.25                                    
    embedding_size                  112                                     
    hidden_size                     112                                     
    inner_size                      224                                     
    num_heads                       4                                       
    num_layers                      1                                       
  [other]
    MAX_ITEM_LIST_LENGTH            10                                      
    conv_kernel                     8                                       
    n_heads                         4                                       
    n_layers                        1                                       
    num_experts                     2                                       
    remaining_ratio                 0.9                                     
    state_size                      8                                       
    time_span                       1024                                    

[Wandb] disabled for this hyperopt run

[1/4] learning_rate=0.0008029
  -> MRR@20=0.000100  best=0.000100  (early_stop@4, trial=3s, avg=9s/trial, total=9s, ETA=28s)
[TRIAL_METRICS] cur_best_mrr20=0.000100 cur_best_hr10=0.000300 cur_test_mrr20=0.000100 cur_test_hr10=0.000500 run_best_mrr20=0.000100 run_best_hr10=0.000300 run_test_mrr20=0.000100 run_test_hr10=0.000500

[2/4] learning_rate=0.0009781
  -> MRR@20=0.006300  best=0.006300  (early_stop@16, trial=11s, avg=10s/trial, total=20s, ETA=20s)
[TRIAL_METRICS] cur_best_mrr20=0.006300 cur_best_hr10=0.009500 cur_test_mrr20=0.003400 cur_test_hr10=0.006000 run_best_mrr20=0.006300 run_best_hr10=0.009500 run_test_mrr20=0.003400 run_test_hr10=0.006000

[3/4] learning_rate=0.0009059
  -> MRR@20=0.000300  best=0.006300  (early_stop@4, trial=3s, avg=8s/trial, total=23s, ETA=8s)
[TRIAL_METRICS] cur_best_mrr20=0.000300 cur_best_hr10=0.000500 cur_test_mrr20=0.000100 cur_test_hr10=0.000300 run_best_mrr20=0.006300 run_best_hr10=0.009500 run_test_mrr20=0.003400 run_test_hr10=0.006000

[4/4] learning_rate=0.0009056
  -> MRR@20=0.000300  best=0.006300  (early_stop@4, trial=3s, avg=7s/trial, total=27s, ETA=0s)
[TRIAL_METRICS] cur_best_mrr20=0.000300 cur_best_hr10=0.000500 cur_test_mrr20=0.000100 cur_test_hr10=0.000300 run_best_mrr20=0.006300 run_best_hr10=0.009500 run_test_mrr20=0.003400 run_test_hr10=0.006000

=================================================================
  DONE  |  BSARec x foursquare
  Best MRR@20 = 0.006300  |  4/4 trials OK
  Best HR@10  = 0.009500
  Test MRR@20 = 0.003400  (best-valid checkpoint)
  Test HR@10  = 0.006000  (best-valid checkpoint)
[RUN_METRICS] best_valid_mrr20=0.006300 best_valid_hr10=0.009500 test_mrr20=0.003400 test_hr10=0.006000
  Total time: 0.4 min
  Best params:
    learning_rate: 0.000978113
  Results -> /workspace/jy1559/FMoE/experiments/run/artifacts/results/baseline/foursquare_BSARec_p23_sh_c08_mbsarec_fad_h4_r1_wdhi_s1_20260409_164334_161956_pid511087.json
  Normal mirror -> /workspace/jy1559/FMoE/experiments/run/artifacts/results/baseline/normal/stageh_targetedrecovery_anchor2_core5/P23/foursquare/BSARec/foursquare_BSARec_p23_sh_c08_mbsarec_fad_h4_r1_wdhi_s1_20260409_164334_161956_pid511087.json
  Special result -> /workspace/jy1559/FMoE/experiments/run/artifacts/results/baseline/special/stageh_targetedrecovery_anchor2_core5/P23/foursquare/BSARec/foursquare_BSARec_p23_sh_c08_mbsarec_fad_h4_r1_wdhi_s1_20260409_164334_161956_pid511087_special_metrics.json
  Special log -> /workspace/jy1559/FMoE/experiments/run/artifacts/logs/baseline/special/stageh_targetedrecovery_anchor2_core5/P23/foursquare/BSARec/foursquare_BSARec_p23_sh_c08_mbsarec_fad_h4_r1_wdhi_s1_20260409_164334_161956_pid511087_special_metrics.json
=================================================================

[RUN_STATUS] END status=normal pid=511087 start=2026-04-09T16:43:33 end=2026-04-09T16:44:00
