[RUN_STATUS] START pid=409093 ts=2026-03-15T20:22:39

=================================================================
  Hyperopt TPE  |  FeaturedMoE_N3 x lastfm0.03
  max_evals=10  epochs=100  patience=10  wandb=off
  batch_size(train/valid/test)=1024/2048/2048
  track=fmoe_n3  axis=core_ablation_v2  phase=D11
  search.train_batch_size=[1024]
  search.eval_batch_size=[2048]
=================================================================
Changed knobs: hidden_dropout_prob, learning_rate, weight_decay
Tuned params(len>1): 3  (~28 discrete combos)
Tuned groups: 3
  [optimization]
    hidden_dropout_prob             [0.1, 0.15, 0.2, 0.25]                    -> choice
    learning_rate                   [0.0001, 0.0012]                          -> loguniform
    weight_decay                    [0.0, 1e-07, 1e-06, 1e-05, 5e-05, 0.0001, 0.0005]  -> choice
Fixed params(singleton/non-list): 23
Fixed groups: 23
  [optimization]
    eval_batch_size                 2048                                    
    train_batch_size                1024                                    
  [model_core]
    attn_dropout_prob               0.1                                     
    d_expert_hidden                 128                                     
    d_feat_emb                      16                                      
    d_ff                            256                                     
    d_router_hidden                 64                                      
    embedding_size                  128                                     
    expert_scale                    1                                       
    num_heads                       4                                       
  [layout]
    layer_layout                    ['macro', 'mid', 'micro']               
  [routing_moe]
    moe_top_k                       0                                       
    stage_router_granularity        {'macro': 'session', 'mid': 'session', 'micro': 'token'}
    stage_router_mode               {'macro': 'none', 'mid': 'none', 'micro': 'none'}
    stage_router_source             {'macro': 'both', 'mid': 'both', 'micro': 'both'}
  [other]
    MAX_ITEM_LIST_LENGTH            10                                      
    dense_hidden_scale              1.0                                     
    lr_scheduler_type               none                                    
    macro_history_window            5                                       
    stage_compute_mode              {'macro': 'dense_plain', 'mid': 'dense_plain', 'micro': 'dense_plain'}
    stage_feature_encoder_mode      {'macro': 'linear', 'mid': 'linear', 'micro': 'linear'}
    stage_feature_family_mask       {}                                      
    stage_feature_injection         {'macro': 'none', 'mid': 'none', 'micro': 'none'}

[Wandb] disabled for this hyperopt run

[1/10] hidden_dropout_prob=0.1, learning_rate=0.0002383, weight_decay=1e-05
  -> MRR@20=0.4050  best=0.4050  (early_stop@42, trial=8.4min, avg=8.4min/trial, total=8.4min, ETA=1.27h)
[TRIAL_METRICS] cur_best_mrr20=0.4050 cur_best_hr10=0.4671 cur_test_mrr20=0.3825 cur_test_hr10=0.4424 run_best_mrr20=0.4050 run_best_hr10=0.4671 run_test_mrr20=0.3825 run_test_hr10=0.4424

[2/10] hidden_dropout_prob=0.25, learning_rate=0.0001566, weight_decay=0.0001
  -> MRR@20=0.4056  best=0.4056  (early_stop@95, trial=19.0min, avg=13.7min/trial, total=27.4min, ETA=1.83h)
[TRIAL_METRICS] cur_best_mrr20=0.4056 cur_best_hr10=0.4730 cur_test_mrr20=0.3807 cur_test_hr10=0.4452 run_best_mrr20=0.4056 run_best_hr10=0.4730 run_test_mrr20=0.3807 run_test_hr10=0.4452

[3/10] hidden_dropout_prob=0.2, learning_rate=0.0006392, weight_decay=0.0005
  -> MRR@20=0.3884  best=0.4056  (early_stop@48, trial=9.6min, avg=12.4min/trial, total=37.1min, ETA=1.44h)
[TRIAL_METRICS] cur_best_mrr20=0.3884 cur_best_hr10=0.4649 cur_test_mrr20=0.3637 cur_test_hr10=0.4364 run_best_mrr20=0.4056 run_best_hr10=0.4730 run_test_mrr20=0.3807 run_test_hr10=0.4452

[4/10] hidden_dropout_prob=0.2, learning_rate=0.0001045, weight_decay=0.0001
  -> MRR@20=0.4036  best=0.4056  (full@100, trial=20.0min, avg=14.3min/trial, total=57.1min, ETA=1.43h)
[TRIAL_METRICS] cur_best_mrr20=0.4036 cur_best_hr10=0.4725 cur_test_mrr20=0.3801 cur_test_hr10=0.4455 run_best_mrr20=0.4056 run_best_hr10=0.4730 run_test_mrr20=0.3807 run_test_hr10=0.4452

[5/10] hidden_dropout_prob=0.1, learning_rate=0.0003555, weight_decay=1e-06
  -> MRR@20=0.4043  best=0.4056  (early_stop@30, trial=5.9min, avg=12.6min/trial, total=1.05h, ETA=1.05h)
[TRIAL_METRICS] cur_best_mrr20=0.4043 cur_best_hr10=0.4686 cur_test_mrr20=0.3828 cur_test_hr10=0.4437 run_best_mrr20=0.4056 run_best_hr10=0.4730 run_test_mrr20=0.3807 run_test_hr10=0.4452

[6/10] hidden_dropout_prob=0.25, learning_rate=0.0004155, weight_decay=5e-05
  -> MRR@20=0.4041  best=0.4056  (early_stop@38, trial=7.6min, avg=11.8min/trial, total=1.18h, ETA=47.0min)
[TRIAL_METRICS] cur_best_mrr20=0.4041 cur_best_hr10=0.4732 cur_test_mrr20=0.3810 cur_test_hr10=0.4469 run_best_mrr20=0.4056 run_best_hr10=0.4730 run_test_mrr20=0.3807 run_test_hr10=0.4452

[7/10] hidden_dropout_prob=0.2, learning_rate=0.0001058, weight_decay=1e-06
  -> MRR@20=0.4057  best=0.4057  (early_stop@95, trial=18.8min, avg=12.8min/trial, total=1.49h, ETA=38.3min)
[TRIAL_METRICS] cur_best_mrr20=0.4057 cur_best_hr10=0.4715 cur_test_mrr20=0.3822 cur_test_hr10=0.4461 run_best_mrr20=0.4057 run_best_hr10=0.4715 run_test_mrr20=0.3822 run_test_hr10=0.4461

[8/10] hidden_dropout_prob=0.25, learning_rate=0.0005359, weight_decay=5e-05
  -> MRR@20=0.4029  best=0.4057  (early_stop@37, trial=7.3min, avg=12.1min/trial, total=1.61h, ETA=24.2min)
[TRIAL_METRICS] cur_best_mrr20=0.4029 cur_best_hr10=0.4688 cur_test_mrr20=0.3786 cur_test_hr10=0.4433 run_best_mrr20=0.4057 run_best_hr10=0.4715 run_test_mrr20=0.3822 run_test_hr10=0.4461

[9/10] hidden_dropout_prob=0.15, learning_rate=0.0003075, weight_decay=5e-05
  -> MRR@20=0.4038  best=0.4057  (early_stop@39, trial=7.7min, avg=11.6min/trial, total=1.74h, ETA=11.6min)
[TRIAL_METRICS] cur_best_mrr20=0.4038 cur_best_hr10=0.4705 cur_test_mrr20=0.3800 cur_test_hr10=0.4444 run_best_mrr20=0.4057 run_best_hr10=0.4715 run_test_mrr20=0.3822 run_test_hr10=0.4461

[10/10] hidden_dropout_prob=0.15, learning_rate=0.0002131, weight_decay=1e-06
  -> MRR@20=0.4054  best=0.4057  (early_stop@48, trial=9.6min, avg=11.4min/trial, total=1.90h, ETA=0s)
[TRIAL_METRICS] cur_best_mrr20=0.4054 cur_best_hr10=0.4706 cur_test_mrr20=0.3822 cur_test_hr10=0.4458 run_best_mrr20=0.4057 run_best_hr10=0.4715 run_test_mrr20=0.3822 run_test_hr10=0.4461

=================================================================
  DONE  |  FeaturedMoE_N3 x lastfm0.03
  Best MRR@20 = 0.4057  |  10/10 trials OK
  Best HR@10  = 0.4715
  Test MRR@20 = 0.3822  (best-valid checkpoint)
  Test HR@10  = 0.4461  (best-valid checkpoint)
[RUN_METRICS] best_valid_mrr20=0.4057 best_valid_hr10=0.4715 test_mrr20=0.3822 test_hr10=0.4461
  Total time: 114.1 min
  Best params:
    hidden_dropout_prob: 0.2
    learning_rate: 0.000105847
    weight_decay: 1e-06
  Results -> /workspace/jy1559/FMoE/experiments/run/artifacts/results/fmoe_n3/lastfm0.03_FeaturedMoE_N3_d11_20260315_202240_110039_pid409093.json
  Normal mirror -> /workspace/jy1559/FMoE/experiments/run/artifacts/results/fmoe_n3/normal/core_ablation_v2/D11/lastfm0.03/FMoEN3/lastfm0.03_FeaturedMoE_N3_d11_20260315_202240_110039_pid409093.json
  Special result -> /workspace/jy1559/FMoE/experiments/run/artifacts/results/fmoe_n3/special/core_ablation_v2/D11/lastfm0.03/FMoEN3/lastfm0.03_FeaturedMoE_N3_d11_20260315_202240_110039_pid409093_special_metrics.json
  Special log -> /workspace/jy1559/FMoE/experiments/run/artifacts/logs/fmoe_n3/special/core_ablation_v2/D11/lastfm0.03/FMoEN3/lastfm0.03_FeaturedMoE_N3_d11_20260315_202240_110039_pid409093_special_metrics.json
=================================================================

[RUN_STATUS] END status=normal pid=409093 start=2026-03-15T20:22:39 end=2026-03-15T22:16:45
