[STAGEI_PROGRESSIVE_RECOVERY_ANCHOR2_CORE5_SETTING_HEADER]
run_phase=P24_S2_I2S2_D11_MFEAREC_C07_I2S2_FEAREC_FREQ_BALANCED_BASE_S1 run_id=I2S2_RETAIL_ROCKET_FEAREC_I2S2_FEAREC_FREQ_BALANCED_BASE_S1 phase_id=P24 axis_id=SI step_name=step2 pass_name=pass2 model=FEARec candidate_id=I2S2_FEAREC_FREQ_BALANCED_BASE seed=1
dataset=retail_rocket gpu=7 candidate_source=family_refine source_stage=step2_family_refine anchor_run_id=I2_RETAIL_ROCKET_FEAREC_I2_FEAREC_WIDTH_UP_S1 hypothesis_family=freq_balanced root_cause_tag=fearec_freq_contrast_mismatch batch_profile=step2:pass2:bs512/512
max_evals=8 tune_epochs=50 tune_patience=5
seed=240126

[COMMAND]
- /venv/FMoE/bin/python hyperopt_tune.py --config-name tune_rr --max-evals 8 --tune-epochs 50 --tune-patience 5 --seed 240126 --run-group baseline --run-axis StageI_ProgressiveRecovery_anchor2_core5 --run-phase P24_S2_I2S2_D11_MFEAREC_C07_I2S2_FEAREC_FREQ_BALANCED_BASE_S1 model=fearec dataset=retail_rocket eval_mode=session_fixed feature_mode=full_v3 gpu_id=7 log_wandb=false show_progress=false ++special_logging=true ++seed=240126 ++search={learning_rate:[0.0004636561569451123,0.0008503296171421023]} ++search_space_type_overrides={learning_rate:"loguniform"} ++weight_decay=0.0001 ++search.weight_decay=[0.0001] ++search_space_type_overrides.weight_decay=choice ++search.n_layers=[2] ++search_space_type_overrides.n_layers=choice ++search.num_layers=[2] ++search_space_type_overrides.num_layers=choice ++search.n_heads=[4] ++search_space_type_overrides.n_heads=choice ++search.num_heads=[4] ++search_space_type_overrides.num_heads=choice ++search.dropout_ratio=[0.1] ++search_space_type_overrides.dropout_ratio=choice ++search.dropout_prob=[0.1] ++search_space_type_overrides.dropout_prob=choice ++search.hidden_dropout_prob=[0.1] ++search_space_type_overrides.hidden_dropout_prob=choice ++search.attn_dropout_prob=[0.1] ++search_space_type_overrides.attn_dropout_prob=choice ++search.hidden_size=[144] ++search_space_type_overrides.hidden_size=choice ++search.embedding_size=[144] ++search_space_type_overrides.embedding_size=choice ++search.inner_size=[288] ++search_space_type_overrides.inner_size=choice ++search.time_span=[384] ++search_space_type_overrides.time_span=choice ++search.num_experts=[6] ++search_space_type_overrides.num_experts=choice ++search.state_size=[24] ++search_space_type_overrides.state_size=choice ++search.conv_kernel=[6] ++search_space_type_overrides.conv_kernel=choice ++search.remaining_ratio=[0.6] ++search_space_type_overrides.remaining_ratio=choice ++search.MAX_ITEM_LIST_LENGTH=[12] ++search_space_type_overrides.MAX_ITEM_LIST_LENGTH=choice ++dropout_ratio=0.1 ++contrast=un ++tau=0.18 ++lmd=0.02 ++lmd_sem=0.0 ++global_ratio=0.7 ++semantic_sample_max_tries=2 ++train_batch_size=512 ++eval_batch_size=512 ++hidden_size=144 ++embedding_size=144 ++MAX_ITEM_LIST_LENGTH=12 ++n_layers=2 ++num_layers=2 ++n_heads=4 ++num_heads=4 ++inner_size=288
/venv/FMoE/lib/python3.10/site-packages/ray/_private/parameter.py:4: UserWarning: pkg_resources is deprecated as an API. See https://setuptools.pypa.io/en/latest/pkg_resources.html. The pkg_resources package is slated for removal as early as 2025-11-30. Refrain from using this package or pin to Setuptools<81.
  import pkg_resources
[RUN_STATUS] START pid=460682 ts=2026-04-13T05:30:04

=================================================================
  Hyperopt TPE  |  FEARec x retail_rocket
  max_evals=8  epochs=50  patience=5  wandb=off
  batch_size(train/valid/test)=512/512/512
  track=baseline  axis=stagei_progressiverecovery_anchor2_core5  phase=P24_S2_I2S2_D11_MFEAREC_C07_I2S2_FEAREC_FREQ_BALANCED_BASE_S1
=================================================================
Changed knobs: learning_rate
Tuned params(len>1): 1  (~1 discrete combos)
Tuned groups: 1
  [optimization]
    learning_rate                   [0.0004636561569451123, 0.0008503296171421023]  -> loguniform
Fixed params(singleton/non-list): 18
Fixed groups: 18
  [optimization]
    hidden_dropout_prob             0.1                                     
    weight_decay                    0.0001                                  
  [model_core]
    attn_dropout_prob               0.1                                     
    dropout_prob                    0.1                                     
    dropout_ratio                   0.1                                     
    embedding_size                  144                                     
    hidden_size                     144                                     
    inner_size                      288                                     
    num_heads                       4                                       
    num_layers                      2                                       
  [other]
    MAX_ITEM_LIST_LENGTH            12                                      
    conv_kernel                     6                                       
    n_heads                         4                                       
    n_layers                        2                                       
    num_experts                     6                                       
    remaining_ratio                 0.6                                     
    state_size                      24                                      
    time_span                       384                                     

[Wandb] disabled for this hyperopt run

[1/8] learning_rate=0.0004979
  -> MRR@20=0.278000  best=0.278000  (early_stop@12, trial=7.5min, avg=7.8min/trial, total=7.8min, ETA=54.4min)
[TRIAL_METRICS] cur_best_mrr20=0.278000 cur_best_hr10=0.437100 cur_test_mrr20=0.280700 cur_test_hr10=0.435900 run_best_mrr20=0.278000 run_best_hr10=0.437100 run_test_mrr20=0.280700 run_test_hr10=0.435900

[2/8] learning_rate=0.0007163
  -> MRR@20=0.276100  best=0.278000  (early_stop@9, trial=5.6min, avg=6.7min/trial, total=13.4min, ETA=40.2min)
[TRIAL_METRICS] cur_best_mrr20=0.276100 cur_best_hr10=0.435400 cur_test_mrr20=0.276100 cur_test_hr10=0.437000 run_best_mrr20=0.278000 run_best_hr10=0.437100 run_test_mrr20=0.280700 run_test_hr10=0.435900

[3/8] learning_rate=0.0005969
  -> MRR@20=0.273300  best=0.278000  (early_stop@11, trial=6.6min, avg=6.7min/trial, total=20.0min, ETA=33.3min)
[TRIAL_METRICS] cur_best_mrr20=0.273300 cur_best_hr10=0.434700 cur_test_mrr20=0.276100 cur_test_hr10=0.434800 run_best_mrr20=0.278000 run_best_hr10=0.437100 run_test_mrr20=0.280700 run_test_hr10=0.435900

[4/8] learning_rate=0.0006459
  -> MRR@20=0.276500  best=0.278000  (early_stop@11, trial=6.8min, avg=6.7min/trial, total=26.8min, ETA=26.8min)
[TRIAL_METRICS] cur_best_mrr20=0.276500 cur_best_hr10=0.437700 cur_test_mrr20=0.277900 cur_test_hr10=0.437000 run_best_mrr20=0.278000 run_best_hr10=0.437100 run_test_mrr20=0.280700 run_test_hr10=0.435900

[5/8] learning_rate=0.0007226
  -> MRR@20=0.274700  best=0.278000  (early_stop@9, trial=5.6min, avg=6.5min/trial, total=32.5min, ETA=19.5min)
[TRIAL_METRICS] cur_best_mrr20=0.274700 cur_best_hr10=0.433000 cur_test_mrr20=0.275700 cur_test_hr10=0.437200 run_best_mrr20=0.278000 run_best_hr10=0.437100 run_test_mrr20=0.280700 run_test_hr10=0.435900

[6/8] learning_rate=0.0005465
  -> MRR@20=0.272600  best=0.278000  (early_stop@11, trial=6.8min, avg=6.6min/trial, total=39.3min, ETA=13.1min)
[TRIAL_METRICS] cur_best_mrr20=0.272600 cur_best_hr10=0.431700 cur_test_mrr20=0.273900 cur_test_hr10=0.431300 run_best_mrr20=0.278000 run_best_hr10=0.437100 run_test_mrr20=0.280700 run_test_hr10=0.435900

[7/8] learning_rate=0.000685
  -> MRR@20=0.275300  best=0.278000  (early_stop@9, trial=5.5min, avg=6.4min/trial, total=44.8min, ETA=6.4min)
[TRIAL_METRICS] cur_best_mrr20=0.275300 cur_best_hr10=0.435300 cur_test_mrr20=0.276200 cur_test_hr10=0.437400 run_best_mrr20=0.278000 run_best_hr10=0.437100 run_test_mrr20=0.280700 run_test_hr10=0.435900

[8/8] learning_rate=0.000538
  -> MRR@20=0.278500  best=0.278500  (early_stop@11, trial=6.8min, avg=6.4min/trial, total=51.6min, ETA=0s)
[TRIAL_METRICS] cur_best_mrr20=0.278500 cur_best_hr10=0.438000 cur_test_mrr20=0.280200 cur_test_hr10=0.438500 run_best_mrr20=0.278500 run_best_hr10=0.438000 run_test_mrr20=0.280200 run_test_hr10=0.438500

=================================================================
  DONE  |  FEARec x retail_rocket
  Best MRR@20 = 0.278500  |  8/8 trials OK
  Best HR@10  = 0.438000
  Test MRR@20 = 0.280200  (best-valid checkpoint)
  Test HR@10  = 0.438500  (best-valid checkpoint)
[RUN_METRICS] best_valid_mrr20=0.278500 best_valid_hr10=0.438000 test_mrr20=0.280200 test_hr10=0.438500
  Total time: 51.6 min
  Best params:
    learning_rate: 0.000538003
  Results -> /workspace/FeaturedMoE/experiments/run/artifacts/results/baseline/retail_rocket_FEARec_p24_s2_i2s2_d11_mfearec_c07_i2s2_fearec_freq_balanced_base_s1_20260413_053004_853377_pid460682.json
  Normal mirror -> /workspace/FeaturedMoE/experiments/run/artifacts/results/baseline/normal/stagei_progressiverecovery_anchor2_core5/P24/retail_rocket/FEARec/retail_rocket_FEARec_p24_s2_i2s2_d11_mfearec_c07_i2s2_fearec_freq_balanced_base_s1_20260413_053004_853377_pid460682.json
  Special result -> /workspace/FeaturedMoE/experiments/run/artifacts/results/baseline/special/stagei_progressiverecovery_anchor2_core5/P24/retail_rocket/FEARec/retail_rocket_FEARec_p24_s2_i2s2_d11_mfearec_c07_i2s2_fearec_freq_balanced_base_s1_20260413_053004_853377_pid460682_special_metrics.json
  Special log -> /workspace/FeaturedMoE/experiments/run/artifacts/logs/baseline/special/stagei_progressiverecovery_anchor2_core5/P24/retail_rocket/FEARec/retail_rocket_FEARec_p24_s2_i2s2_d11_mfearec_c07_i2s2_fearec_freq_balanced_base_s1_20260413_053004_853377_pid460682_special_metrics.json
=================================================================

[RUN_STATUS] END status=normal pid=460682 start=2026-04-13T05:30:04 end=2026-04-13T06:21:39
