[STAGEG_CROSS6X9_ANCHOR2_CORE5_SETTING_HEADER]
run_phase=P22_SG_D03_M03_C02_TISASREC_FAD_H2_R2_S1 run_id=SG_FOURSQUARE_TISASREC_FAD_H2_R2_S1 phase_id=P22 axis_id=SG model=TiSASRec candidate_id=FAD_H2_R2 seed=1
dataset=foursquare gpu=6 order=0 candidate_source=final_same_dataset source_stage=Final_all_datasets transfer_from_dataset=
max_evals=6 tune_epochs=44 tune_patience=6
seed=220015

[COMMAND]
- /venv/FMoE/bin/python hyperopt_tune.py --config-name tune_fs --max-evals 6 --tune-epochs 44 --tune-patience 6 --seed 220015 --run-group baseline --run-axis StageG_Cross6x9_anchor2_core5 --run-phase P22_SG_D03_M03_C02_TISASREC_FAD_H2_R2_S1 model=tisasrec dataset=foursquare eval_mode=session_fixed feature_mode=full_v3 gpu_id=6 log_wandb=false show_progress=false ++special_logging=true ++seed=220015 ++search={learning_rate:[0.00016970633839064484,0.0006690180666935685]} ++search_space_type_overrides={learning_rate:"loguniform"} ++weight_decay=0.00015 ++search.weight_decay=[0.00015] ++search_space_type_overrides.weight_decay=choice ++search.n_layers=[2] ++search_space_type_overrides.n_layers=choice ++search.num_layers=[2] ++search_space_type_overrides.num_layers=choice ++search.n_heads=[4] ++search_space_type_overrides.n_heads=choice ++search.num_heads=[4] ++search_space_type_overrides.num_heads=choice ++search.dropout_ratio=[0.12] ++search_space_type_overrides.dropout_ratio=choice ++search.dropout_prob=[0.12] ++search_space_type_overrides.dropout_prob=choice ++search.hidden_dropout_prob=[0.12] ++search_space_type_overrides.hidden_dropout_prob=choice ++search.attn_dropout_prob=[0.12] ++search_space_type_overrides.attn_dropout_prob=choice ++search.hidden_size=[144] ++search_space_type_overrides.hidden_size=choice ++search.embedding_size=[144] ++search_space_type_overrides.embedding_size=choice ++search.inner_size=[288] ++search_space_type_overrides.inner_size=choice ++search.time_span=[320] ++search_space_type_overrides.time_span=choice ++search.num_experts=[6] ++search_space_type_overrides.num_experts=choice ++search.state_size=[24] ++search_space_type_overrides.state_size=choice ++search.conv_kernel=[6] ++search_space_type_overrides.conv_kernel=choice ++search.remaining_ratio=[0.6] ++search_space_type_overrides.remaining_ratio=choice ++search.MAX_ITEM_LIST_LENGTH=[10] ++search_space_type_overrides.MAX_ITEM_LIST_LENGTH=choice ++dropout_ratio=0.12 ++train_batch_size=768 ++eval_batch_size=1024 ++hidden_size=144 ++embedding_size=144 ++MAX_ITEM_LIST_LENGTH=10 ++n_layers=2 ++num_layers=2 ++n_heads=4 ++num_heads=4 ++inner_size=288 ++time_span=320
/venv/FMoE/lib/python3.10/site-packages/ray/_private/parameter.py:4: UserWarning: pkg_resources is deprecated as an API. See https://setuptools.pypa.io/en/latest/pkg_resources.html. The pkg_resources package is slated for removal as early as 2025-11-30. Refrain from using this package or pin to Setuptools<81.
  import pkg_resources
[RUN_STATUS] START pid=336090 ts=2026-04-07T14:45:31

=================================================================
  Hyperopt TPE  |  TiSASRec x foursquare
  max_evals=6  epochs=44  patience=6  wandb=off
  batch_size(train/valid/test)=768/1024/1024
  track=baseline  axis=stageg_cross6x9_anchor2_core5  phase=P22_SG_D03_M03_C02_TISASREC_FAD_H2_R2_S1
=================================================================
Changed knobs: learning_rate
Tuned params(len>1): 1  (~1 discrete combos)
Tuned groups: 1
  [optimization]
    learning_rate                   [0.00016970633839064484, 0.0006690180666935685]  -> loguniform
Fixed params(singleton/non-list): 18
Fixed groups: 18
  [optimization]
    hidden_dropout_prob             0.12                                    
    weight_decay                    0.00015                                 
  [model_core]
    attn_dropout_prob               0.12                                    
    dropout_prob                    0.12                                    
    dropout_ratio                   0.12                                    
    embedding_size                  144                                     
    hidden_size                     144                                     
    inner_size                      288                                     
    num_heads                       4                                       
    num_layers                      2                                       
  [other]
    MAX_ITEM_LIST_LENGTH            10                                      
    conv_kernel                     6                                       
    n_heads                         4                                       
    n_layers                        2                                       
    num_experts                     6                                       
    remaining_ratio                 0.6                                     
    state_size                      24                                      
    time_span                       320                                     

[Wandb] disabled for this hyperopt run

[1/6] learning_rate=0.0003609
  -> MRR@20=0.104600  best=0.104600  (early_stop@22, trial=1.2min, avg=1.3min/trial, total=1.3min, ETA=6.3min)
[TRIAL_METRICS] cur_best_mrr20=0.104600 cur_best_hr10=0.185000 cur_test_mrr20=0.102500 cur_test_hr10=0.180500 run_best_mrr20=0.104600 run_best_hr10=0.185000 run_test_mrr20=0.102500 run_test_hr10=0.180500

[2/6] learning_rate=0.0001792
  -> MRR@20=0.105900  best=0.105900  (early_stop@34, trial=1.8min, avg=1.5min/trial, total=3.1min, ETA=6.2min)
[TRIAL_METRICS] cur_best_mrr20=0.105900 cur_best_hr10=0.186900 cur_test_mrr20=0.103100 cur_test_hr10=0.178900 run_best_mrr20=0.105900 run_best_hr10=0.186900 run_test_mrr20=0.103100 run_test_hr10=0.178900

[3/6] learning_rate=0.0004996
  -> MRR@20=0.109900  best=0.109900  (early_stop@40, trial=2.1min, avg=1.7min/trial, total=5.2min, ETA=5.2min)
[TRIAL_METRICS] cur_best_mrr20=0.109900 cur_best_hr10=0.185300 cur_test_mrr20=0.102400 cur_test_hr10=0.179200 run_best_mrr20=0.109900 run_best_hr10=0.185300 run_test_mrr20=0.102400 run_test_hr10=0.179200

[4/6] learning_rate=0.0004199
  -> MRR@20=0.110200  best=0.110200  (early_stop@44, trial=2.3min, avg=1.9min/trial, total=7.5min, ETA=3.7min)
[TRIAL_METRICS] cur_best_mrr20=0.110200 cur_best_hr10=0.185800 cur_test_mrr20=0.103000 cur_test_hr10=0.178900 run_best_mrr20=0.110200 run_best_hr10=0.185800 run_test_mrr20=0.103000 run_test_hr10=0.178900

[5/6] learning_rate=0.000488
  -> MRR@20=0.110700  best=0.110700  (early_stop@44, trial=2.1min, avg=1.9min/trial, total=9.6min, ETA=1.9min)
[TRIAL_METRICS] cur_best_mrr20=0.110700 cur_best_hr10=0.182900 cur_test_mrr20=0.101300 cur_test_hr10=0.177600 run_best_mrr20=0.110700 run_best_hr10=0.182900 run_test_mrr20=0.101300 run_test_hr10=0.177600

[6/6] learning_rate=0.0004462
  -> MRR@20=0.110700  best=0.110700  (early_stop@44, trial=2.3min, avg=2.0min/trial, total=11.9min, ETA=0s)
[TRIAL_METRICS] cur_best_mrr20=0.110700 cur_best_hr10=0.183400 cur_test_mrr20=0.102400 cur_test_hr10=0.177400 run_best_mrr20=0.110700 run_best_hr10=0.183400 run_test_mrr20=0.102400 run_test_hr10=0.177400

=================================================================
  DONE  |  TiSASRec x foursquare
  Best MRR@20 = 0.110700  |  6/6 trials OK
  Best HR@10  = 0.182900
  Test MRR@20 = 0.101300  (best-valid checkpoint)
  Test HR@10  = 0.177600  (best-valid checkpoint)
[RUN_METRICS] best_valid_mrr20=0.110700 best_valid_hr10=0.182900 test_mrr20=0.101300 test_hr10=0.177600
  Total time: 11.9 min
  Best params:
    learning_rate: 0.000488043
  Results -> /workspace/jy1559/FMoE/experiments/run/artifacts/results/baseline/foursquare_TiSASRec_p22_sg_d03_m03_c02_tisasrec_fad_h2_r2_s1_20260407_144531_732366_pid336090.json
  Normal mirror -> /workspace/jy1559/FMoE/experiments/run/artifacts/results/baseline/normal/stageg_cross6x9_anchor2_core5/P22/foursquare/TiSASRec/foursquare_TiSASRec_p22_sg_d03_m03_c02_tisasrec_fad_h2_r2_s1_20260407_144531_732366_pid336090.json
  Special result -> /workspace/jy1559/FMoE/experiments/run/artifacts/results/baseline/special/stageg_cross6x9_anchor2_core5/P22/foursquare/TiSASRec/foursquare_TiSASRec_p22_sg_d03_m03_c02_tisasrec_fad_h2_r2_s1_20260407_144531_732366_pid336090_special_metrics.json
  Special log -> /workspace/jy1559/FMoE/experiments/run/artifacts/logs/baseline/special/stageg_cross6x9_anchor2_core5/P22/foursquare/TiSASRec/foursquare_TiSASRec_p22_sg_d03_m03_c02_tisasrec_fad_h2_r2_s1_20260407_144531_732366_pid336090_special_metrics.json
=================================================================

[RUN_STATUS] END status=normal pid=336090 start=2026-04-07T14:45:31 end=2026-04-07T14:57:23
