[STAGEF_TAILBOOST_ANCHOR2_CORE5_SETTING_HEADER]
run_phase=P21_SC_D00_M02_P01_DUOREC_MANUAL_LFM_DUO_STRONG_F1_S2 run_id=SC_LASTFM0_03_DUOREC_MANUAL_LFM_DUO_STRONG_F1_S2 phase_id=P21 axis_id=SC model=DuoRec profile_id=F1 parent_profile_id=MANUAL_LFM_DUO_STRONG seed=2
dataset=lastfm0.03 gpu=4 order=0 lr_band=M_DUO_LFM_1 lr_lo=0.00032352941176470585 lr_hi=0.0019040000000000003
max_evals=10 tune_epochs=56 tune_patience=7
seed=210049

[COMMAND]
- /venv/FMoE/bin/python hyperopt_tune.py --config-name tune_lfm_small --max-evals 10 --tune-epochs 56 --tune-patience 7 --seed 210049 --run-group baseline --run-axis StageF_TailBoost_anchor2_core5 --run-phase P21_SC_D00_M02_P01_DUOREC_MANUAL_LFM_DUO_STRONG_F1_S2 model=duorec dataset=lastfm0.03 eval_mode=session_fixed feature_mode=full_v3 gpu_id=4 log_wandb=false show_progress=false ++special_logging=true ++seed=210049 ++search={learning_rate:[0.00032352941176470585,0.0019040000000000003]} ++search_space_type_overrides={learning_rate:"loguniform"} ++MAX_ITEM_LIST_LENGTH=10 ++weight_decay=0.0001 ++search.weight_decay=[0.0001] ++search_space_type_overrides.weight_decay=choice ++search.hidden_size=[152] ++search_space_type_overrides.hidden_size=choice ++search.embedding_size=[152] ++search_space_type_overrides.embedding_size=choice ++search.n_layers=[1] ++search_space_type_overrides.n_layers=choice ++search.num_layers=[1] ++search_space_type_overrides.num_layers=choice ++search.dropout_ratio=[0.1] ++search_space_type_overrides.dropout_ratio=choice ++search.dropout_prob=[0.1] ++search_space_type_overrides.dropout_prob=choice ++search.hidden_dropout_prob=[0.1] ++search_space_type_overrides.hidden_dropout_prob=choice ++search.attn_dropout_prob=[0.1] ++search_space_type_overrides.attn_dropout_prob=choice ++search.inner_size=[304] ++search_space_type_overrides.inner_size=choice ++search.n_heads=[4] ++search_space_type_overrides.n_heads=choice ++search.num_heads=[4] ++search_space_type_overrides.num_heads=choice ++dropout_ratio=0.1 ++hidden_size=152 ++embedding_size=152 ++n_layers=1 ++num_layers=1 ++n_heads=4 ++num_heads=4 ++inner_size=304 ++contrast=un ++tau=0.3 ++lmd=0.03 ++lmd_sem=0.0 ++semantic_sample_max_tries=2 ++train_batch_size=1024 ++eval_batch_size=1536 ++search.MAX_ITEM_LIST_LENGTH=[10] ++search_space_type_overrides.MAX_ITEM_LIST_LENGTH=choice
/venv/FMoE/lib/python3.10/site-packages/ray/_private/parameter.py:4: UserWarning: pkg_resources is deprecated as an API. See https://setuptools.pypa.io/en/latest/pkg_resources.html. The pkg_resources package is slated for removal as early as 2025-11-30. Refrain from using this package or pin to Setuptools<81.
  import pkg_resources
[RUN_STATUS] START pid=193694 ts=2026-04-05T18:10:47

=================================================================
  Hyperopt TPE  |  DuoRec x lastfm0.03
  max_evals=10  epochs=56  patience=7  wandb=off
  batch_size(train/valid/test)=1024/1536/1536
  track=baseline  axis=stagef_tailboost_anchor2_core5  phase=P21_SC_D00_M02_P01_DUOREC_MANUAL_LFM_DUO_STRONG_F1_S2
=================================================================
Changed knobs: learning_rate
Tuned params(len>1): 1  (~1 discrete combos)
Tuned groups: 1
  [optimization]
    learning_rate                   [0.00032352941176470585, 0.0019040000000000003]  -> loguniform
Fixed params(singleton/non-list): 13
Fixed groups: 13
  [optimization]
    hidden_dropout_prob             0.1                                     
    weight_decay                    0.0001                                  
  [model_core]
    attn_dropout_prob               0.1                                     
    dropout_prob                    0.1                                     
    dropout_ratio                   0.1                                     
    embedding_size                  152                                     
    hidden_size                     152                                     
    inner_size                      304                                     
    num_heads                       4                                       
    num_layers                      1                                       
  [other]
    MAX_ITEM_LIST_LENGTH            10                                      
    n_heads                         4                                       
    n_layers                        1                                       

[Wandb] disabled for this hyperopt run

[1/10] learning_rate=0.000583
  -> MRR@20=0.225800  best=0.225800  (early_stop@20, trial=7.8min, avg=8.1min/trial, total=8.1min, ETA=1.21h)
[TRIAL_METRICS] cur_best_mrr20=0.225800 cur_best_hr10=0.295200 cur_test_mrr20=0.226200 cur_test_hr10=0.293000 run_best_mrr20=0.225800 run_best_hr10=0.295200 run_test_mrr20=0.226200 run_test_hr10=0.293000

[2/10] learning_rate=0.001415
  -> MRR@20=0.218600  best=0.225800  (early_stop@19, trial=7.5min, avg=7.8min/trial, total=15.6min, ETA=1.04h)
[TRIAL_METRICS] cur_best_mrr20=0.218600 cur_best_hr10=0.269200 cur_test_mrr20=0.218400 cur_test_hr10=0.269100 run_best_mrr20=0.225800 run_best_hr10=0.295200 run_test_mrr20=0.226200 run_test_hr10=0.293000

[3/10] learning_rate=0.0004029
  -> MRR@20=0.228200  best=0.228200  (early_stop@26, trial=10.2min, avg=8.6min/trial, total=25.8min, ETA=1.00h)
[TRIAL_METRICS] cur_best_mrr20=0.228200 cur_best_hr10=0.293400 cur_test_mrr20=0.230600 cur_test_hr10=0.290900 run_best_mrr20=0.228200 run_best_hr10=0.293400 run_test_mrr20=0.230600 run_test_hr10=0.290900

[4/10] learning_rate=0.001562
  -> MRR@20=0.216000  best=0.228200  (early_stop@16, trial=6.3min, avg=8.0min/trial, total=32.1min, ETA=48.2min)
[TRIAL_METRICS] cur_best_mrr20=0.216000 cur_best_hr10=0.276900 cur_test_mrr20=0.216700 cur_test_hr10=0.278200 run_best_mrr20=0.228200 run_best_hr10=0.293400 run_test_mrr20=0.230600 run_test_hr10=0.290900

[5/10] learning_rate=0.001331
  -> MRR@20=0.218300  best=0.228200  (early_stop@15, trial=5.9min, avg=7.6min/trial, total=38.0min, ETA=38.0min)
[TRIAL_METRICS] cur_best_mrr20=0.218300 cur_best_hr10=0.286700 cur_test_mrr20=0.219800 cur_test_hr10=0.283500 run_best_mrr20=0.228200 run_best_hr10=0.293400 run_test_mrr20=0.230600 run_test_hr10=0.290900

[6/10] learning_rate=0.001356
  -> MRR@20=0.216900  best=0.228200  (early_stop@15, trial=5.9min, avg=7.3min/trial, total=44.0min, ETA=29.3min)
[TRIAL_METRICS] cur_best_mrr20=0.216900 cur_best_hr10=0.285400 cur_test_mrr20=0.222000 cur_test_hr10=0.285900 run_best_mrr20=0.228200 run_best_hr10=0.293400 run_test_mrr20=0.230600 run_test_hr10=0.290900

[7/10] learning_rate=0.001517
  -> MRR@20=0.216400  best=0.228200  (early_stop@17, trial=6.7min, avg=7.2min/trial, total=50.6min, ETA=21.7min)
[TRIAL_METRICS] cur_best_mrr20=0.216400 cur_best_hr10=0.273500 cur_test_mrr20=0.218200 cur_test_hr10=0.273900 run_best_mrr20=0.228200 run_best_hr10=0.293400 run_test_mrr20=0.230600 run_test_hr10=0.290900

[8/10] learning_rate=0.001275
  -> MRR@20=0.219500  best=0.228200  (early_stop@16, trial=6.3min, avg=7.1min/trial, total=56.9min, ETA=14.2min)
[TRIAL_METRICS] cur_best_mrr20=0.219500 cur_best_hr10=0.279600 cur_test_mrr20=0.217500 cur_test_hr10=0.281300 run_best_mrr20=0.228200 run_best_hr10=0.293400 run_test_mrr20=0.230600 run_test_hr10=0.290900

[9/10] learning_rate=0.00184
  -> MRR@20=0.213700  best=0.228200  (early_stop@19, trial=7.4min, avg=7.2min/trial, total=1.07h, ETA=7.2min)
[TRIAL_METRICS] cur_best_mrr20=0.213700 cur_best_hr10=0.262800 cur_test_mrr20=0.216400 cur_test_hr10=0.265700 run_best_mrr20=0.228200 run_best_hr10=0.293400 run_test_mrr20=0.230600 run_test_hr10=0.290900

[10/10] learning_rate=0.001531
  -> MRR@20=0.216100  best=0.228200  (early_stop@16, trial=6.3min, avg=7.1min/trial, total=1.18h, ETA=0s)
[TRIAL_METRICS] cur_best_mrr20=0.216100 cur_best_hr10=0.276900 cur_test_mrr20=0.216000 cur_test_hr10=0.275800 run_best_mrr20=0.228200 run_best_hr10=0.293400 run_test_mrr20=0.230600 run_test_hr10=0.290900

=================================================================
  DONE  |  DuoRec x lastfm0.03
  Best MRR@20 = 0.228200  |  10/10 trials OK
  Best HR@10  = 0.293400
  Test MRR@20 = 0.230600  (best-valid checkpoint)
  Test HR@10  = 0.290900  (best-valid checkpoint)
[RUN_METRICS] best_valid_mrr20=0.228200 best_valid_hr10=0.293400 test_mrr20=0.230600 test_hr10=0.290900
  Total time: 70.7 min
  Best params:
    learning_rate: 0.000402914
  Results -> /workspace/jy1559/FMoE/experiments/run/artifacts/results/baseline/lastfm0.03_DuoRec_p21_sc_d00_m02_p01_duorec_manual_lfm_duo_strong_f1_s2_20260405_181047_866574_pid193694.json
  Normal mirror -> /workspace/jy1559/FMoE/experiments/run/artifacts/results/baseline/normal/stagef_tailboost_anchor2_core5/P21/lastfm0.03/DuoRec/lastfm0.03_DuoRec_p21_sc_d00_m02_p01_duorec_manual_lfm_duo_strong_f1_s2_20260405_181047_866574_pid193694.json
  Special result -> /workspace/jy1559/FMoE/experiments/run/artifacts/results/baseline/special/stagef_tailboost_anchor2_core5/P21/lastfm0.03/DuoRec/lastfm0.03_DuoRec_p21_sc_d00_m02_p01_duorec_manual_lfm_duo_strong_f1_s2_20260405_181047_866574_pid193694_special_metrics.json
  Special log -> /workspace/jy1559/FMoE/experiments/run/artifacts/logs/baseline/special/stagef_tailboost_anchor2_core5/P21/lastfm0.03/DuoRec/lastfm0.03_DuoRec_p21_sc_d00_m02_p01_duorec_manual_lfm_duo_strong_f1_s2_20260405_181047_866574_pid193694_special_metrics.json
=================================================================

[RUN_STATUS] END status=normal pid=193694 start=2026-04-05T18:10:47 end=2026-04-05T19:21:27
