[STAGEF_TAILBOOST_ANCHOR2_CORE5_SETTING_HEADER]
run_phase=P21_SC_D00_M02_P03_DUOREC_D8_F1_S2 run_id=SC_LASTFM0_03_DUOREC_D8_F1_S2 phase_id=P21 axis_id=SC model=DuoRec profile_id=F1 parent_profile_id=D8 seed=2
dataset=lastfm0.03 gpu=7 order=0 lr_band=LR2,LR3 lr_lo=0.0003260166176470588 lr_hi=0.00331440976
max_evals=10 tune_epochs=56 tune_patience=7
seed=210081

[COMMAND]
- /venv/FMoE/bin/python hyperopt_tune.py --config-name tune_lfm_small --max-evals 10 --tune-epochs 56 --tune-patience 7 --seed 210081 --run-group baseline --run-axis StageF_TailBoost_anchor2_core5 --run-phase P21_SC_D00_M02_P03_DUOREC_D8_F1_S2 model=duorec dataset=lastfm0.03 eval_mode=session_fixed feature_mode=full_v3 gpu_id=7 log_wandb=false show_progress=false ++special_logging=true ++seed=210081 ++search={learning_rate:[0.0003260166176470588,0.00331440976]} ++search_space_type_overrides={learning_rate:"loguniform"} ++MAX_ITEM_LIST_LENGTH=10 ++weight_decay=0.00016335 ++search.weight_decay=[0.00016335] ++search_space_type_overrides.weight_decay=choice ++search.hidden_size=[152] ++search_space_type_overrides.hidden_size=choice ++search.embedding_size=[152] ++search_space_type_overrides.embedding_size=choice ++search.n_layers=[1] ++search_space_type_overrides.n_layers=choice ++search.num_layers=[1] ++search_space_type_overrides.num_layers=choice ++search.dropout_ratio=[0.14] ++search_space_type_overrides.dropout_ratio=choice ++search.dropout_prob=[0.14] ++search_space_type_overrides.dropout_prob=choice ++search.hidden_dropout_prob=[0.14] ++search_space_type_overrides.hidden_dropout_prob=choice ++search.attn_dropout_prob=[0.14] ++search_space_type_overrides.attn_dropout_prob=choice ++search.inner_size=[304] ++search_space_type_overrides.inner_size=choice ++search.n_heads=[4] ++search_space_type_overrides.n_heads=choice ++search.num_heads=[4] ++search_space_type_overrides.num_heads=choice ++dropout_ratio=0.14 ++hidden_size=152 ++embedding_size=152 ++n_layers=1 ++num_layers=1 ++n_heads=4 ++num_heads=4 ++inner_size=304 ++contrast=un ++tau=0.3 ++lmd=0.03 ++lmd_sem=0.0 ++semantic_sample_max_tries=2 ++train_batch_size=1024 ++eval_batch_size=1536 ++search.MAX_ITEM_LIST_LENGTH=[10] ++search_space_type_overrides.MAX_ITEM_LIST_LENGTH=choice
/venv/FMoE/lib/python3.10/site-packages/ray/_private/parameter.py:4: UserWarning: pkg_resources is deprecated as an API. See https://setuptools.pypa.io/en/latest/pkg_resources.html. The pkg_resources package is slated for removal as early as 2025-11-30. Refrain from using this package or pin to Setuptools<81.
  import pkg_resources
[RUN_STATUS] START pid=208047 ts=2026-04-06T02:50:12

=================================================================
  Hyperopt TPE  |  DuoRec x lastfm0.03
  max_evals=10  epochs=56  patience=7  wandb=off
  batch_size(train/valid/test)=1024/1536/1536
  track=baseline  axis=stagef_tailboost_anchor2_core5  phase=P21_SC_D00_M02_P03_DUOREC_D8_F1_S2
=================================================================
Changed knobs: learning_rate
Tuned params(len>1): 1  (~1 discrete combos)
Tuned groups: 1
  [optimization]
    learning_rate                   [0.0003260166176470588, 0.00331440976]    -> loguniform
Fixed params(singleton/non-list): 13
Fixed groups: 13
  [optimization]
    hidden_dropout_prob             0.14                                    
    weight_decay                    0.00016335                              
  [model_core]
    attn_dropout_prob               0.14                                    
    dropout_prob                    0.14                                    
    dropout_ratio                   0.14                                    
    embedding_size                  152                                     
    hidden_size                     152                                     
    inner_size                      304                                     
    num_heads                       4                                       
    num_layers                      1                                       
  [other]
    MAX_ITEM_LIST_LENGTH            10                                      
    n_heads                         4                                       
    n_layers                        1                                       

[Wandb] disabled for this hyperopt run

[1/10] learning_rate=0.002534
  -> MRR@20=0.206500  best=0.206500  (early_stop@28, trial=10.4min, avg=10.7min/trial, total=10.7min, ETA=1.60h)
[TRIAL_METRICS] cur_best_mrr20=0.206500 cur_best_hr10=0.258800 cur_test_mrr20=0.204400 cur_test_hr10=0.260900 run_best_mrr20=0.206500 run_best_hr10=0.258800 run_test_mrr20=0.204400 run_test_hr10=0.260900

[2/10] learning_rate=0.001758
  -> MRR@20=0.214100  best=0.214100  (early_stop@16, trial=5.8min, avg=8.2min/trial, total=16.5min, ETA=1.10h)
[TRIAL_METRICS] cur_best_mrr20=0.214100 cur_best_hr10=0.278500 cur_test_mrr20=0.207000 cur_test_hr10=0.276800 run_best_mrr20=0.214100 run_best_hr10=0.278500 run_test_mrr20=0.207000 run_test_hr10=0.276800

[3/10] learning_rate=0.001338
  -> MRR@20=0.216100  best=0.216100  (early_stop@21, trial=7.7min, avg=8.1min/trial, total=24.2min, ETA=56.4min)
[TRIAL_METRICS] cur_best_mrr20=0.216100 cur_best_hr10=0.274500 cur_test_mrr20=0.216800 cur_test_hr10=0.276600 run_best_mrr20=0.216100 run_best_hr10=0.274500 run_test_mrr20=0.216800 run_test_hr10=0.276600

[4/10] learning_rate=0.00102
  -> MRR@20=0.223500  best=0.223500  (early_stop@23, trial=8.5min, avg=8.2min/trial, total=32.6min, ETA=49.0min)
[TRIAL_METRICS] cur_best_mrr20=0.223500 cur_best_hr10=0.283300 cur_test_mrr20=0.221500 cur_test_hr10=0.279000 run_best_mrr20=0.223500 run_best_hr10=0.283300 run_test_mrr20=0.221500 run_test_hr10=0.279000

[5/10] learning_rate=0.0003787
  -> MRR@20=0.229400  best=0.229400  (early_stop@38, trial=14.1min, avg=9.4min/trial, total=46.8min, ETA=46.8min)
[TRIAL_METRICS] cur_best_mrr20=0.229400 cur_best_hr10=0.289400 cur_test_mrr20=0.226500 cur_test_hr10=0.286700 run_best_mrr20=0.229400 run_best_hr10=0.289400 run_test_mrr20=0.226500 run_test_hr10=0.286700

[6/10] learning_rate=0.0006039
  -> MRR@20=0.225500  best=0.229400  (early_stop@22, trial=7.9min, avg=9.1min/trial, total=54.7min, ETA=36.5min)
[TRIAL_METRICS] cur_best_mrr20=0.225500 cur_best_hr10=0.300000 cur_test_mrr20=0.223500 cur_test_hr10=0.295400 run_best_mrr20=0.229400 run_best_hr10=0.289400 run_test_mrr20=0.226500 run_test_hr10=0.286700

[7/10] learning_rate=0.001409
  -> MRR@20=0.215100  best=0.229400  (early_stop@23, trial=8.3min, avg=9.0min/trial, total=1.05h, ETA=27.0min)
[TRIAL_METRICS] cur_best_mrr20=0.215100 cur_best_hr10=0.267900 cur_test_mrr20=0.213300 cur_test_hr10=0.267500 run_best_mrr20=0.229400 run_best_hr10=0.289400 run_test_mrr20=0.226500 run_test_hr10=0.286700

[8/10] learning_rate=0.0004964
  -> MRR@20=0.227600  best=0.229400  (early_stop@29, trial=10.6min, avg=9.2min/trial, total=1.23h, ETA=18.4min)
[TRIAL_METRICS] cur_best_mrr20=0.227600 cur_best_hr10=0.291500 cur_test_mrr20=0.224300 cur_test_hr10=0.292000 run_best_mrr20=0.229400 run_best_hr10=0.289400 run_test_mrr20=0.226500 run_test_hr10=0.286700

[9/10] learning_rate=0.002243
  -> MRR@20=0.207100  best=0.229400  (early_stop@18, trial=6.7min, avg=8.9min/trial, total=1.34h, ETA=8.9min)
[TRIAL_METRICS] cur_best_mrr20=0.207100 cur_best_hr10=0.267100 cur_test_mrr20=0.207900 cur_test_hr10=0.268300 run_best_mrr20=0.229400 run_best_hr10=0.289400 run_test_mrr20=0.226500 run_test_hr10=0.286700

[10/10] learning_rate=0.001234
  -> MRR@20=0.217900  best=0.229400  (early_stop@23, trial=8.4min, avg=8.9min/trial, total=1.48h, ETA=0s)
[TRIAL_METRICS] cur_best_mrr20=0.217900 cur_best_hr10=0.274500 cur_test_mrr20=0.218400 cur_test_hr10=0.270500 run_best_mrr20=0.229400 run_best_hr10=0.289400 run_test_mrr20=0.226500 run_test_hr10=0.286700

=================================================================
  DONE  |  DuoRec x lastfm0.03
  Best MRR@20 = 0.229400  |  10/10 trials OK
  Best HR@10  = 0.289400
  Test MRR@20 = 0.226500  (best-valid checkpoint)
  Test HR@10  = 0.286700  (best-valid checkpoint)
[RUN_METRICS] best_valid_mrr20=0.229400 best_valid_hr10=0.289400 test_mrr20=0.226500 test_hr10=0.286700
  Total time: 88.7 min
  Best params:
    learning_rate: 0.000378656
  Results -> /workspace/jy1559/FMoE/experiments/run/artifacts/results/baseline/lastfm0.03_DuoRec_p21_sc_d00_m02_p03_duorec_d8_f1_s2_20260406_025012_477337_pid208047.json
  Normal mirror -> /workspace/jy1559/FMoE/experiments/run/artifacts/results/baseline/normal/stagef_tailboost_anchor2_core5/P21/lastfm0.03/DuoRec/lastfm0.03_DuoRec_p21_sc_d00_m02_p03_duorec_d8_f1_s2_20260406_025012_477337_pid208047.json
  Special result -> /workspace/jy1559/FMoE/experiments/run/artifacts/results/baseline/special/stagef_tailboost_anchor2_core5/P21/lastfm0.03/DuoRec/lastfm0.03_DuoRec_p21_sc_d00_m02_p03_duorec_d8_f1_s2_20260406_025012_477337_pid208047_special_metrics.json
  Special log -> /workspace/jy1559/FMoE/experiments/run/artifacts/logs/baseline/special/stagef_tailboost_anchor2_core5/P21/lastfm0.03/DuoRec/lastfm0.03_DuoRec_p21_sc_d00_m02_p03_duorec_d8_f1_s2_20260406_025012_477337_pid208047_special_metrics.json
=================================================================

[RUN_STATUS] END status=normal pid=208047 start=2026-04-06T02:50:12 end=2026-04-06T04:18:54
