[STAGEF_TAILBOOST_ANCHOR2_CORE5_SETTING_HEADER]
run_phase=P21_SC_D00_M02_P03_DUOREC_D8_F4_S2 run_id=SC_LASTFM0_03_DUOREC_D8_F4_S2 phase_id=P21 axis_id=SC model=DuoRec profile_id=F4 parent_profile_id=D8 seed=2
dataset=lastfm0.03 gpu=7 order=0 lr_band=LR2,LR3 lr_lo=0.0002494027125 lr_hi=0.0035093750399999997
max_evals=10 tune_epochs=56 tune_patience=7
seed=210087

[COMMAND]
- /venv/FMoE/bin/python hyperopt_tune.py --config-name tune_lfm_small --max-evals 10 --tune-epochs 56 --tune-patience 7 --seed 210087 --run-group baseline --run-axis StageF_TailBoost_anchor2_core5 --run-phase P21_SC_D00_M02_P03_DUOREC_D8_F4_S2 model=duorec dataset=lastfm0.03 eval_mode=session_fixed feature_mode=full_v3 gpu_id=7 log_wandb=false show_progress=false ++special_logging=true ++seed=210087 ++search={learning_rate:[0.0002494027125,0.0035093750399999997]} ++search_space_type_overrides={learning_rate:"loguniform"} ++MAX_ITEM_LIST_LENGTH=15 ++weight_decay=0.000277695 ++search.weight_decay=[0.000277695] ++search_space_type_overrides.weight_decay=choice ++search.hidden_size=[152] ++search_space_type_overrides.hidden_size=choice ++search.embedding_size=[152] ++search_space_type_overrides.embedding_size=choice ++search.n_layers=[1] ++search_space_type_overrides.n_layers=choice ++search.num_layers=[1] ++search_space_type_overrides.num_layers=choice ++search.dropout_ratio=[0.2] ++search_space_type_overrides.dropout_ratio=choice ++search.dropout_prob=[0.2] ++search_space_type_overrides.dropout_prob=choice ++search.hidden_dropout_prob=[0.2] ++search_space_type_overrides.hidden_dropout_prob=choice ++search.attn_dropout_prob=[0.2] ++search_space_type_overrides.attn_dropout_prob=choice ++search.inner_size=[152] ++search_space_type_overrides.inner_size=choice ++search.n_heads=[2] ++search_space_type_overrides.n_heads=choice ++search.num_heads=[2] ++search_space_type_overrides.num_heads=choice ++dropout_ratio=0.2 ++hidden_size=152 ++embedding_size=152 ++n_layers=1 ++num_layers=1 ++n_heads=2 ++num_heads=2 ++inner_size=152 ++contrast=un ++tau=0.75 ++lmd=0.08 ++lmd_sem=0.0 ++semantic_sample_max_tries=2 ++train_batch_size=1024 ++eval_batch_size=1536 ++search.MAX_ITEM_LIST_LENGTH=[15] ++search_space_type_overrides.MAX_ITEM_LIST_LENGTH=choice
/venv/FMoE/lib/python3.10/site-packages/ray/_private/parameter.py:4: UserWarning: pkg_resources is deprecated as an API. See https://setuptools.pypa.io/en/latest/pkg_resources.html. The pkg_resources package is slated for removal as early as 2025-11-30. Refrain from using this package or pin to Setuptools<81.
  import pkg_resources
[RUN_STATUS] START pid=212332 ts=2026-04-06T04:19:00

=================================================================
  Hyperopt TPE  |  DuoRec x lastfm0.03
  max_evals=10  epochs=56  patience=7  wandb=off
  batch_size(train/valid/test)=1024/1536/1536
  track=baseline  axis=stagef_tailboost_anchor2_core5  phase=P21_SC_D00_M02_P03_DUOREC_D8_F4_S2
=================================================================
Changed knobs: learning_rate
Tuned params(len>1): 1  (~1 discrete combos)
Tuned groups: 1
  [optimization]
    learning_rate                   [0.0002494027125, 0.0035093750399999997]  -> loguniform
Fixed params(singleton/non-list): 13
Fixed groups: 13
  [optimization]
    hidden_dropout_prob             0.2                                     
    weight_decay                    0.000277695                             
  [model_core]
    attn_dropout_prob               0.2                                     
    dropout_prob                    0.2                                     
    dropout_ratio                   0.2                                     
    embedding_size                  152                                     
    hidden_size                     152                                     
    inner_size                      152                                     
    num_heads                       2                                       
    num_layers                      1                                       
  [other]
    MAX_ITEM_LIST_LENGTH            15                                      
    n_heads                         2                                       
    n_layers                        1                                       

[Wandb] disabled for this hyperopt run

[1/10] learning_rate=0.0005203
  -> MRR@20=0.222200  best=0.222200  (early_stop@39, trial=14.6min, avg=14.9min/trial, total=14.9min, ETA=2.23h)
[TRIAL_METRICS] cur_best_mrr20=0.222200 cur_best_hr10=0.295200 cur_test_mrr20=0.220500 cur_test_hr10=0.293800 run_best_mrr20=0.222200 run_best_hr10=0.295200 run_test_mrr20=0.220500 run_test_hr10=0.293800

[2/10] learning_rate=0.0006288
  -> MRR@20=0.220400  best=0.222200  (early_stop@34, trial=12.8min, avg=13.8min/trial, total=27.7min, ETA=1.85h)
[TRIAL_METRICS] cur_best_mrr20=0.220400 cur_best_hr10=0.290700 cur_test_mrr20=0.219600 cur_test_hr10=0.295700 run_best_mrr20=0.222200 run_best_hr10=0.295200 run_test_mrr20=0.220500 run_test_hr10=0.293800

[3/10] learning_rate=0.0006606
  -> MRR@20=0.221000  best=0.222200  (early_stop@38, trial=13.8min, avg=13.8min/trial, total=41.5min, ETA=1.61h)
[TRIAL_METRICS] cur_best_mrr20=0.221000 cur_best_hr10=0.290200 cur_test_mrr20=0.217900 cur_test_hr10=0.288800 run_best_mrr20=0.222200 run_best_hr10=0.295200 run_test_mrr20=0.220500 run_test_hr10=0.293800

[4/10] learning_rate=0.0002517
  -> MRR@20=0.223300  best=0.223300  (full@56, trial=20.6min, avg=15.5min/trial, total=1.03h, ETA=1.55h)
[TRIAL_METRICS] cur_best_mrr20=0.223300 cur_best_hr10=0.301100 cur_test_mrr20=0.222600 cur_test_hr10=0.293800 run_best_mrr20=0.223300 run_best_hr10=0.301100 run_test_mrr20=0.222600 run_test_hr10=0.293800

[5/10] learning_rate=0.0004396
  -> MRR@20=0.224700  best=0.224700  (early_stop@48, trial=17.3min, avg=15.9min/trial, total=1.32h, ETA=1.32h)
[TRIAL_METRICS] cur_best_mrr20=0.224700 cur_best_hr10=0.294700 cur_test_mrr20=0.225400 cur_test_hr10=0.294900 run_best_mrr20=0.224700 run_best_hr10=0.294700 run_test_mrr20=0.225400 run_test_hr10=0.294900

[6/10] learning_rate=0.001481
  -> MRR@20=0.209800  best=0.224700  (early_stop@27, trial=10.0min, avg=14.9min/trial, total=1.49h, ETA=59.6min)
[TRIAL_METRICS] cur_best_mrr20=0.209800 cur_best_hr10=0.276100 cur_test_mrr20=0.207300 cur_test_hr10=0.279000 run_best_mrr20=0.224700 run_best_hr10=0.294700 run_test_mrr20=0.225400 run_test_hr10=0.294900

[7/10] learning_rate=0.001693
  -> MRR@20=0.207200  best=0.224700  (early_stop@34, trial=12.7min, avg=14.6min/trial, total=1.70h, ETA=43.8min)
[TRIAL_METRICS] cur_best_mrr20=0.207200 cur_best_hr10=0.266800 cur_test_mrr20=0.208200 cur_test_hr10=0.268300 run_best_mrr20=0.224700 run_best_hr10=0.294700 run_test_mrr20=0.225400 run_test_hr10=0.294900

[8/10] learning_rate=0.001201
  -> MRR@20=0.215100  best=0.224700  (early_stop@30, trial=11.4min, avg=14.2min/trial, total=1.89h, ETA=28.4min)
[TRIAL_METRICS] cur_best_mrr20=0.215100 cur_best_hr10=0.282800 cur_test_mrr20=0.212300 cur_test_hr10=0.283200 run_best_mrr20=0.224700 run_best_hr10=0.294700 run_test_mrr20=0.225400 run_test_hr10=0.294900

[9/10] learning_rate=0.0004346
  -> MRR@20=0.224400  best=0.224700  (early_stop@48, trial=18.0min, avg=14.6min/trial, total=2.19h, ETA=14.6min)
[TRIAL_METRICS] cur_best_mrr20=0.224400 cur_best_hr10=0.292900 cur_test_mrr20=0.225500 cur_test_hr10=0.294400 run_best_mrr20=0.224700 run_best_hr10=0.294700 run_test_mrr20=0.225400 run_test_hr10=0.294900

[10/10] learning_rate=0.0008278
  -> MRR@20=0.219600  best=0.224700  (early_stop@34, trial=12.8min, avg=14.4min/trial, total=2.41h, ETA=0s)
[TRIAL_METRICS] cur_best_mrr20=0.219600 cur_best_hr10=0.284600 cur_test_mrr20=0.218300 cur_test_hr10=0.287200 run_best_mrr20=0.224700 run_best_hr10=0.294700 run_test_mrr20=0.225400 run_test_hr10=0.294900

=================================================================
  DONE  |  DuoRec x lastfm0.03
  Best MRR@20 = 0.224700  |  10/10 trials OK
  Best HR@10  = 0.294700
  Test MRR@20 = 0.225400  (best-valid checkpoint)
  Test HR@10  = 0.294900  (best-valid checkpoint)
[RUN_METRICS] best_valid_mrr20=0.224700 best_valid_hr10=0.294700 test_mrr20=0.225400 test_hr10=0.294900
  Total time: 144.3 min
  Best params:
    learning_rate: 0.000439649
  Results -> /workspace/jy1559/FMoE/experiments/run/artifacts/results/baseline/lastfm0.03_DuoRec_p21_sc_d00_m02_p03_duorec_d8_f4_s2_20260406_041901_135393_pid212332.json
  Normal mirror -> /workspace/jy1559/FMoE/experiments/run/artifacts/results/baseline/normal/stagef_tailboost_anchor2_core5/P21/lastfm0.03/DuoRec/lastfm0.03_DuoRec_p21_sc_d00_m02_p03_duorec_d8_f4_s2_20260406_041901_135393_pid212332.json
  Special result -> /workspace/jy1559/FMoE/experiments/run/artifacts/results/baseline/special/stagef_tailboost_anchor2_core5/P21/lastfm0.03/DuoRec/lastfm0.03_DuoRec_p21_sc_d00_m02_p03_duorec_d8_f4_s2_20260406_041901_135393_pid212332_special_metrics.json
  Special log -> /workspace/jy1559/FMoE/experiments/run/artifacts/logs/baseline/special/stagef_tailboost_anchor2_core5/P21/lastfm0.03/DuoRec/lastfm0.03_DuoRec_p21_sc_d00_m02_p03_duorec_d8_f4_s2_20260406_041901_135393_pid212332_special_metrics.json
=================================================================

[RUN_STATUS] END status=normal pid=212332 start=2026-04-06T04:19:00 end=2026-04-06T06:43:19
