# pair=P024 dataset=beauty model=duorec combo=C1 seed=1
# cmd=/venv/FMoE/bin/python hyperopt_tune.py --config-name tune_ab --max-evals 10 --tune-epochs 100 --tune-patience 10 --search-algo tpe --seed 70 --run-group baseline_2 --run-axis PAIR60_V3_LR10 --run-phase PAIR60_V3_LR10_DBEAUTY_MDUOREC_P024_C1_S1 model=duorec dataset=beauty eval_mode=session_fixed feature_mode=full_v3 gpu_id=1 log_wandb=false show_progress=false ++seed=70 ++MAX_ITEM_LIST_LENGTH=22 ++eval_sampling.mode=full ++eval_sampling.auto_full_threshold=999999999 ++special_logging=true ++exclude_unseen_target_from_main_eval=true ++log_unseen_target_metrics=true ++hidden_size=128 ++embedding_size=128 ++n_layers=2 ++num_layers=2 ++n_heads=2 ++num_heads=2 ++inner_size=256 ++dropout_ratio=0.12 ++hidden_dropout_prob=0.12 ++attn_dropout_prob=0.12 ++weight_decay=0.00015 ++contrast="un" ++tau=0.2 ++lmd=0.04 ++lmd_sem=0.0 ++semantic_sample_max_tries=2 ++search={learning_rate:[0.0001506237033139207,0.0006024948132556828]} ++search_space_type_overrides={learning_rate:"loguniform"} ++search.MAX_ITEM_LIST_LENGTH=[22] ++search_space_type_overrides.MAX_ITEM_LIST_LENGTH=choice ++search.weight_decay=[0.00015] ++search_space_type_overrides.weight_decay=choice ++search.hidden_size=[128] ++search_space_type_overrides.hidden_size=choice ++search.embedding_size=[128] ++search_space_type_overrides.embedding_size=choice ++search.n_layers=[2] ++search_space_type_overrides.n_layers=choice ++search.num_layers=[2] ++search_space_type_overrides.num_layers=choice ++search.n_heads=[2] ++search_space_type_overrides.n_heads=choice ++search.num_heads=[2] ++search_space_type_overrides.num_heads=choice ++search.inner_size=[256] ++search_space_type_overrides.inner_size=choice ++search.dropout_ratio=[0.12] ++search_space_type_overrides.dropout_ratio=choice ++search.hidden_dropout_prob=[0.12] ++search_space_type_overrides.hidden_dropout_prob=choice ++search.attn_dropout_prob=[0.12] ++search_space_type_overrides.attn_dropout_prob=choice ++search.contrast=["un"] ++search_space_type_overrides.contrast=choice ++search.tau=[0.2] ++search_space_type_overrides.tau=choice ++search.lmd=[0.04] ++search_space_type_overrides.lmd=choice ++search.lmd_sem=[0.0] ++search_space_type_overrides.lmd_sem=choice ++search.semantic_sample_max_tries=[2] ++search_space_type_overrides.semantic_sample_max_tries=choice

/venv/FMoE/lib/python3.10/site-packages/ray/_private/parameter.py:4: UserWarning: pkg_resources is deprecated as an API. See https://setuptools.pypa.io/en/latest/pkg_resources.html. The pkg_resources package is slated for removal as early as 2025-11-30. Refrain from using this package or pin to Setuptools<81.
  import pkg_resources
[RUN_STATUS] START pid=1133389 ts=2026-04-15T02:48:13

=================================================================
  Hyperopt  |  DuoRec x beauty
  max_evals=10  epochs=100  patience=10  wandb=off
  search_algo=tpe
  batch_size(train/valid/test)=4096/8192/8192
  track=baseline_2  axis=pair60_v3_lr10  phase=PAIR60_V3_LR10_DBEAUTY_MDUOREC_P024_C1_S1
=================================================================
Changed knobs: learning_rate
Tuned params(len>1): 1  (~1 discrete combos)
Tuned groups: 1
  [optimization]
    learning_rate                   [0.0001506237033139207, 0.0006024948132556828]  -> loguniform
Fixed params(singleton/non-list): 17
Fixed groups: 17
  [optimization]
    hidden_dropout_prob             0.12                                    
    weight_decay                    0.00015                                 
  [model_core]
    attn_dropout_prob               0.12                                    
    dropout_ratio                   0.12                                    
    embedding_size                  128                                     
    hidden_size                     128                                     
    inner_size                      256                                     
    num_heads                       2                                       
    num_layers                      2                                       
  [other]
    MAX_ITEM_LIST_LENGTH            22                                      
    contrast                        un                                      
    lmd                             0.04                                    
    lmd_sem                         0.0                                     
    n_heads                         2                                       
    n_layers                        2                                       
    semantic_sample_max_tries       2                                       
    tau                             0.2                                     

[Wandb] disabled for this hyperopt run

[1/10] learning_rate=0.0002804
  -> MRR@20=0.056400  best=0.056400  (early_stop@63, trial=42s, avg=44s/trial, total=44s, ETA=6.7min)
[TRIAL_METRICS] cur_best_mrr20=0.056400 cur_best_hr10=0.135500 cur_test_mrr20=0.049700 cur_test_hr10=0.121800 run_best_mrr20=0.056400 run_best_hr10=0.135500 run_test_mrr20=0.049700 run_test_hr10=0.121800

[2/10] learning_rate=0.0002268
  -> MRR@20=0.056600  best=0.056600  (early_stop@81, trial=51s, avg=48s/trial, total=1.6min, ETA=6.4min)
[TRIAL_METRICS] cur_best_mrr20=0.056600 cur_best_hr10=0.135500 cur_test_mrr20=0.050400 cur_test_hr10=0.119400 run_best_mrr20=0.056600 run_best_hr10=0.135500 run_test_mrr20=0.050400 run_test_hr10=0.119400

[3/10] learning_rate=0.0005369
  -> MRR@20=0.056600  best=0.056600  (early_stop@44, trial=28s, avg=42s/trial, total=2.1min, ETA=4.9min)
[TRIAL_METRICS] cur_best_mrr20=0.056600 cur_best_hr10=0.140200 cur_test_mrr20=0.049900 cur_test_hr10=0.126500 run_best_mrr20=0.056600 run_best_hr10=0.140200 run_test_mrr20=0.049900 run_test_hr10=0.126500

[4/10] learning_rate=0.0003282
  -> MRR@20=0.056400  best=0.056600  (early_stop@60, trial=38s, avg=41s/trial, total=2.7min, ETA=4.1min)
[TRIAL_METRICS] cur_best_mrr20=0.056400 cur_best_hr10=0.142500 cur_test_mrr20=0.050300 cur_test_hr10=0.124100 run_best_mrr20=0.056600 run_best_hr10=0.135500 run_test_mrr20=0.050400 run_test_hr10=0.119400

[5/10] learning_rate=0.0002081
  -> MRR@20=0.058200  best=0.058200  (early_stop@96, trial=1.0min, avg=45s/trial, total=3.7min, ETA=3.7min)
[TRIAL_METRICS] cur_best_mrr20=0.058200 cur_best_hr10=0.140200 cur_test_mrr20=0.049200 cur_test_hr10=0.124100 run_best_mrr20=0.058200 run_best_hr10=0.140200 run_test_mrr20=0.049200 run_test_hr10=0.124100

[6/10] learning_rate=0.0005577
  -> MRR@20=0.056800  best=0.058200  (early_stop@42, trial=27s, avg=42s/trial, total=4.2min, ETA=2.8min)
[TRIAL_METRICS] cur_best_mrr20=0.056800 cur_best_hr10=0.137900 cur_test_mrr20=0.049600 cur_test_hr10=0.126500 run_best_mrr20=0.058200 run_best_hr10=0.140200 run_test_mrr20=0.049200 run_test_hr10=0.124100

[7/10] learning_rate=0.0001719
  -> MRR@20=0.057500  best=0.058200  (full@100, trial=1.1min, avg=45s/trial, total=5.3min, ETA=2.3min)
[TRIAL_METRICS] cur_best_mrr20=0.057500 cur_best_hr10=0.140200 cur_test_mrr20=0.048900 cur_test_hr10=0.124100 run_best_mrr20=0.058200 run_best_hr10=0.140200 run_test_mrr20=0.049200 run_test_hr10=0.124100

[8/10] learning_rate=0.0002204
  -> MRR@20=0.056700  best=0.058200  (early_stop@84, trial=54s, avg=46s/trial, total=6.2min, ETA=1.5min)
[TRIAL_METRICS] cur_best_mrr20=0.056700 cur_best_hr10=0.135500 cur_test_mrr20=0.050000 cur_test_hr10=0.124100 run_best_mrr20=0.058200 run_best_hr10=0.140200 run_test_mrr20=0.049200 run_test_hr10=0.124100

[9/10] learning_rate=0.0002284
  -> MRR@20=0.057600  best=0.058200  (early_stop@84, trial=53s, avg=47s/trial, total=7.1min, ETA=47s)
[TRIAL_METRICS] cur_best_mrr20=0.057600 cur_best_hr10=0.137900 cur_test_mrr20=0.050000 cur_test_hr10=0.121800 run_best_mrr20=0.058200 run_best_hr10=0.140200 run_test_mrr20=0.049200 run_test_hr10=0.124100

[10/10] learning_rate=0.0003463
  -> MRR@20=0.056100  best=0.058200  (early_stop@58, trial=37s, avg=46s/trial, total=7.7min, ETA=0s)
[TRIAL_METRICS] cur_best_mrr20=0.056100 cur_best_hr10=0.140200 cur_test_mrr20=0.050100 cur_test_hr10=0.121800 run_best_mrr20=0.058200 run_best_hr10=0.140200 run_test_mrr20=0.049200 run_test_hr10=0.124100

=================================================================
  DONE  |  DuoRec x beauty
  Best MRR@20 = 0.058200  |  10/10 trials OK
  Best HR@10  = 0.140200
  Test MRR@20 = 0.049200  (best-valid checkpoint)
  Test HR@10  = 0.124100  (best-valid checkpoint)
[RUN_METRICS] best_valid_mrr20=0.058200 best_valid_hr10=0.140200 test_mrr20=0.049200 test_hr10=0.124100
  Total time: 7.7 min
  Best params:
    learning_rate: 0.000208114
  Results -> /workspace/FeaturedMoE/experiments/run/artifacts/results/baseline_2/beauty_DuoRec_pair60_v3_lr10_dbeauty_mduorec_p024_c1_s1_20260415_024813_689069_pid1133389.json
  Normal mirror -> /workspace/FeaturedMoE/experiments/run/artifacts/results/baseline_2/normal/pair60_v3_lr10/PAIR60/beauty/DuoRec/beauty_DuoRec_pair60_v3_lr10_dbeauty_mduorec_p024_c1_s1_20260415_024813_689069_pid1133389.json
  Special result -> /workspace/FeaturedMoE/experiments/run/artifacts/results/baseline_2/special/pair60_v3_lr10/PAIR60/beauty/DuoRec/beauty_DuoRec_pair60_v3_lr10_dbeauty_mduorec_p024_c1_s1_20260415_024813_689069_pid1133389_special_metrics.json
  Special log -> /workspace/FeaturedMoE/experiments/run/artifacts/logs/baseline_2/special/pair60_v3_lr10/PAIR60/beauty/DuoRec/beauty_DuoRec_pair60_v3_lr10_dbeauty_mduorec_p024_c1_s1_20260415_024813_689069_pid1133389_special_metrics.json
=================================================================

[RUN_STATUS] END status=normal pid=1133389 start=2026-04-15T02:48:13 end=2026-04-15T02:55:55
