# pair=P042 dataset=movielens1m model=gru4rec combo=C1 seed=1
# cmd=/venv/FMoE/bin/python hyperopt_tune.py --config-name tune_ml --max-evals 6 --tune-epochs 70 --tune-patience 6 --search-algo random --seed 83 --run-group baseline_2 --run-axis PAIR60_V4 --run-phase PAIR60_V4_DMOVIELENS1M_MGRU4REC_P042_C1_S1 model=gru4rec dataset=movielens1m eval_mode=session_fixed feature_mode=full_v4 gpu_id=3 log_wandb=false show_progress=false ++seed=83 ++MAX_ITEM_LIST_LENGTH=20 ++eval_sampling.mode=full ++eval_sampling.auto_full_threshold=999999999 ++special_logging=true ++exclude_unseen_target_from_main_eval=true ++log_unseen_target_metrics=true ++hidden_size=160 ++embedding_size=160 ++num_layers=1 ++dropout_prob=0.3 ++hidden_dropout_prob=0.3 ++weight_decay=1e-06 ++search={learning_rate:[0.00031518744422962035,0.0018911246653777218]} ++search_space_type_overrides={learning_rate:"loguniform"} ++search.MAX_ITEM_LIST_LENGTH=[20] ++search_space_type_overrides.MAX_ITEM_LIST_LENGTH=choice ++search.weight_decay=[1e-06] ++search_space_type_overrides.weight_decay=choice ++search.hidden_size=[160] ++search_space_type_overrides.hidden_size=choice ++search.embedding_size=[160] ++search_space_type_overrides.embedding_size=choice ++search.num_layers=[1] ++search_space_type_overrides.num_layers=choice ++search.dropout_prob=[0.3] ++search_space_type_overrides.dropout_prob=choice ++search.hidden_dropout_prob=[0.3] ++search_space_type_overrides.hidden_dropout_prob=choice

/venv/FMoE/lib/python3.10/site-packages/ray/_private/parameter.py:4: UserWarning: pkg_resources is deprecated as an API. See https://setuptools.pypa.io/en/latest/pkg_resources.html. The pkg_resources package is slated for removal as early as 2025-11-30. Refrain from using this package or pin to Setuptools<81.
  import pkg_resources
[RUN_STATUS] START pid=1166116 ts=2026-04-15T07:52:26

=================================================================
  Hyperopt  |  GRU4Rec x movielens1m
  max_evals=6  epochs=70  patience=6  wandb=off
  search_algo=random
  batch_size(train/valid/test)=4096/4096/4096
  track=baseline_2  axis=pair60_v4  phase=PAIR60_V4_DMOVIELENS1M_MGRU4REC_P042_C1_S1
=================================================================
Changed knobs: learning_rate
Tuned params(len>1): 1  (~1 discrete combos)
Tuned groups: 1
  [optimization]
    learning_rate                   [0.00031518744422962035, 0.0018911246653777218]  -> loguniform
Fixed params(singleton/non-list): 7
Fixed groups: 7
  [optimization]
    hidden_dropout_prob             0.3                                     
    weight_decay                    1e-06                                   
  [model_core]
    dropout_prob                    0.3                                     
    embedding_size                  160                                     
    hidden_size                     160                                     
    num_layers                      1                                       
  [other]
    MAX_ITEM_LIST_LENGTH            20                                      

[Wandb] disabled for this hyperopt run

[1/6] learning_rate=0.0003252
  -> MRR@20=0.076400  best=0.076400  (full@70, trial=2.2min, avg=2.4min/trial, total=2.4min, ETA=11.8min)
[TRIAL_METRICS] cur_best_mrr20=0.076400 cur_best_hr10=0.184800 cur_test_mrr20=0.050500 cur_test_hr10=0.135700 run_best_mrr20=0.076400 run_best_hr10=0.184800 run_test_mrr20=0.050500 run_test_hr10=0.135700

[2/6] learning_rate=0.0004982
  -> MRR@20=0.085100  best=0.085100  (full@70, trial=2.2min, avg=2.3min/trial, total=4.6min, ETA=9.1min)
[TRIAL_METRICS] cur_best_mrr20=0.085100 cur_best_hr10=0.195400 cur_test_mrr20=0.056500 cur_test_hr10=0.141700 run_best_mrr20=0.085100 run_best_hr10=0.195400 run_test_mrr20=0.056500 run_test_hr10=0.141700

[3/6] learning_rate=0.0007176
  -> MRR@20=0.085300  best=0.085300  (early_stop@48, trial=1.5min, avg=2.0min/trial, total=6.0min, ETA=6.0min)
[TRIAL_METRICS] cur_best_mrr20=0.085300 cur_best_hr10=0.193100 cur_test_mrr20=0.057400 cur_test_hr10=0.141700 run_best_mrr20=0.085300 run_best_hr10=0.193100 run_test_mrr20=0.057400 run_test_hr10=0.141700

[4/6] learning_rate=0.0003266
  -> MRR@20=0.076500  best=0.085300  (full@70, trial=2.2min, avg=2.1min/trial, total=8.2min, ETA=4.1min)
[TRIAL_METRICS] cur_best_mrr20=0.076500 cur_best_hr10=0.186200 cur_test_mrr20=0.050600 cur_test_hr10=0.136200 run_best_mrr20=0.085300 run_best_hr10=0.193100 run_test_mrr20=0.057400 run_test_hr10=0.141700

[5/6] learning_rate=0.0004655
  -> MRR@20=0.075700  best=0.085300  (early_stop@57, trial=1.8min, avg=2.0min/trial, total=10.0min, ETA=2.0min)
[TRIAL_METRICS] cur_best_mrr20=0.075700 cur_best_hr10=0.184800 cur_test_mrr20=0.052900 cur_test_hr10=0.134300 run_best_mrr20=0.085300 run_best_hr10=0.193100 run_test_mrr20=0.057400 run_test_hr10=0.141700

[6/6] learning_rate=0.001366
  -> MRR@20=0.088800  best=0.088800  (early_stop@40, trial=1.3min, avg=1.9min/trial, total=11.3min, ETA=0s)
[TRIAL_METRICS] cur_best_mrr20=0.088800 cur_best_hr10=0.205100 cur_test_mrr20=0.054200 cur_test_hr10=0.136200 run_best_mrr20=0.088800 run_best_hr10=0.205100 run_test_mrr20=0.054200 run_test_hr10=0.136200

=================================================================
  DONE  |  GRU4Rec x movielens1m
  Best MRR@20 = 0.088800  |  6/6 trials OK
  Best HR@10  = 0.205100
  Test MRR@20 = 0.054200  (best-valid checkpoint)
  Test HR@10  = 0.136200  (best-valid checkpoint)
[RUN_METRICS] best_valid_mrr20=0.088800 best_valid_hr10=0.205100 test_mrr20=0.054200 test_hr10=0.136200
  Total time: 11.3 min
  Best params:
    learning_rate: 0.00136576
  Results -> /workspace/FeaturedMoE/experiments/run/artifacts/results/baseline_2/movielens1m_GRU4Rec_pair60_v4_dmovielens1m_mgru4rec_p042_c1_s1_20260415_075226_981323_pid1166116.json
  Normal mirror -> /workspace/FeaturedMoE/experiments/run/artifacts/results/baseline_2/normal/pair60_v4/PAIR60/movielens1m/GRU4Rec/movielens1m_GRU4Rec_pair60_v4_dmovielens1m_mgru4rec_p042_c1_s1_20260415_075226_981323_pid1166116.json
  Special result -> /workspace/FeaturedMoE/experiments/run/artifacts/results/baseline_2/special/pair60_v4/PAIR60/movielens1m/GRU4Rec/movielens1m_GRU4Rec_pair60_v4_dmovielens1m_mgru4rec_p042_c1_s1_20260415_075226_981323_pid1166116_special_metrics.json
  Special log -> /workspace/FeaturedMoE/experiments/run/artifacts/logs/baseline_2/special/pair60_v4/PAIR60/movielens1m/GRU4Rec/movielens1m_GRU4Rec_pair60_v4_dmovielens1m_mgru4rec_p042_c1_s1_20260415_075226_981323_pid1166116_special_metrics.json
=================================================================

[RUN_STATUS] END status=normal pid=1166116 start=2026-04-15T07:52:26 end=2026-04-15T08:03:42
