[STAGEH_TARGETEDRECOVERY_ANCHOR2_CORE5_SETTING_HEADER]
run_phase=P23_SH_C23_MGRU4REC_LFM_GRU_STAGEH_REC1_LRHI_S1 run_id=SH_LASTFM0_03_GRU4REC_LFM_GRU_STAGEH_REC1_LRHI_S1 phase_id=P23 axis_id=SH model=GRU4Rec candidate_id=LFM_GRU_STAGEH_REC1_LRHI seed=1
dataset=lastfm0.03 gpu=6 order=0 candidate_source=stageh_screen_variant source_stage=stageh_manual_bank_variant transfer_from_dataset=lastfm0.03
max_evals=6 tune_epochs=40 tune_patience=5
seed=230365

[COMMAND]
- /venv/FMoE/bin/python hyperopt_tune.py --config-name tune_lfm_small --max-evals 6 --tune-epochs 40 --tune-patience 5 --seed 230365 --run-group baseline --run-axis StageH_TargetedRecovery_anchor2_core5 --run-phase P23_SH_C23_MGRU4REC_LFM_GRU_STAGEH_REC1_LRHI_S1 model=gru4rec dataset=lastfm0.03 eval_mode=session_fixed feature_mode=full_v3 gpu_id=6 log_wandb=false show_progress=false ++special_logging=true ++seed=230365 ++search={learning_rate:[0.0010960052463378084,0.003089240000000001]} ++search_space_type_overrides={learning_rate:"loguniform"} ++weight_decay=4e-05 ++search.weight_decay=[4e-05] ++search_space_type_overrides.weight_decay=choice ++search.n_layers=[2] ++search_space_type_overrides.n_layers=choice ++search.num_layers=[2] ++search_space_type_overrides.num_layers=choice ++search.n_heads=[4] ++search_space_type_overrides.n_heads=choice ++search.num_heads=[4] ++search_space_type_overrides.num_heads=choice ++search.dropout_ratio=[0.039999999999999994] ++search_space_type_overrides.dropout_ratio=choice ++search.dropout_prob=[0.039999999999999994] ++search_space_type_overrides.dropout_prob=choice ++search.hidden_dropout_prob=[0.039999999999999994] ++search_space_type_overrides.hidden_dropout_prob=choice ++search.attn_dropout_prob=[0.039999999999999994] ++search_space_type_overrides.attn_dropout_prob=choice ++search.hidden_size=[160] ++search_space_type_overrides.hidden_size=choice ++search.embedding_size=[160] ++search_space_type_overrides.embedding_size=choice ++search.inner_size=[288] ++search_space_type_overrides.inner_size=choice ++search.time_span=[384] ++search_space_type_overrides.time_span=choice ++search.num_experts=[6] ++search_space_type_overrides.num_experts=choice ++search.state_size=[24] ++search_space_type_overrides.state_size=choice ++search.conv_kernel=[6] ++search_space_type_overrides.conv_kernel=choice ++search.remaining_ratio=[0.6] ++search_space_type_overrides.remaining_ratio=choice ++search.MAX_ITEM_LIST_LENGTH=[10] ++search_space_type_overrides.MAX_ITEM_LIST_LENGTH=choice ++dropout_prob=0.039999999999999994 ++train_batch_size=9625 ++eval_batch_size=11550 ++hidden_size=160 ++embedding_size=160 ++MAX_ITEM_LIST_LENGTH=10 ++num_layers=2
/venv/FMoE/lib/python3.10/site-packages/ray/_private/parameter.py:4: UserWarning: pkg_resources is deprecated as an API. See https://setuptools.pypa.io/en/latest/pkg_resources.html. The pkg_resources package is slated for removal as early as 2025-11-30. Refrain from using this package or pin to Setuptools<81.
  import pkg_resources
[RUN_STATUS] START pid=527670 ts=2026-04-10T03:20:06

=================================================================
  Hyperopt TPE  |  GRU4Rec x lastfm0.03
  max_evals=6  epochs=40  patience=5  wandb=off
  batch_size(train/valid/test)=9625/11550/11550
  track=baseline  axis=stageh_targetedrecovery_anchor2_core5  phase=P23_SH_C23_MGRU4REC_LFM_GRU_STAGEH_REC1_LRHI_S1
=================================================================
Changed knobs: learning_rate
Tuned params(len>1): 1  (~1 discrete combos)
Tuned groups: 1
  [optimization]
    learning_rate                   [0.0010960052463378084, 0.003089240000000001]  -> loguniform
Fixed params(singleton/non-list): 18
Fixed groups: 18
  [optimization]
    hidden_dropout_prob             0.039999999999999994                    
    weight_decay                    4e-05                                   
  [model_core]
    attn_dropout_prob               0.039999999999999994                    
    dropout_prob                    0.039999999999999994                    
    dropout_ratio                   0.039999999999999994                    
    embedding_size                  160                                     
    hidden_size                     160                                     
    inner_size                      288                                     
    num_heads                       4                                       
    num_layers                      2                                       
  [other]
    MAX_ITEM_LIST_LENGTH            10                                      
    conv_kernel                     6                                       
    n_heads                         4                                       
    n_layers                        2                                       
    num_experts                     6                                       
    remaining_ratio                 0.6                                     
    state_size                      24                                      
    time_span                       384                                     

[Wandb] disabled for this hyperopt run

[1/6] learning_rate=0.00306
  -> MRR@20=0.185400  best=0.185400  (early_stop@27, trial=1.8min, avg=2.0min/trial, total=2.0min, ETA=10.1min)
[TRIAL_METRICS] cur_best_mrr20=0.185400 cur_best_hr10=0.220000 cur_test_mrr20=0.180500 cur_test_hr10=0.218900 run_best_mrr20=0.185400 run_best_hr10=0.220000 run_test_mrr20=0.180500 run_test_hr10=0.218900

[2/6] learning_rate=0.002006
  -> MRR@20=0.182200  best=0.185400  (early_stop@29, trial=1.9min, avg=2.0min/trial, total=3.9min, ETA=7.9min)
[TRIAL_METRICS] cur_best_mrr20=0.182200 cur_best_hr10=0.216600 cur_test_mrr20=0.179700 cur_test_hr10=0.212300 run_best_mrr20=0.185400 run_best_hr10=0.220000 run_test_mrr20=0.180500 run_test_hr10=0.218900

[3/6] learning_rate=0.001203
  -> MRR@20=0.177500  best=0.185400  (early_stop@34, trial=2.3min, avg=2.1min/trial, total=6.2min, ETA=6.2min)
[TRIAL_METRICS] cur_best_mrr20=0.177500 cur_best_hr10=0.213700 cur_test_mrr20=0.171600 cur_test_hr10=0.209900 run_best_mrr20=0.185400 run_best_hr10=0.220000 run_test_mrr20=0.180500 run_test_hr10=0.218900

[4/6] learning_rate=0.001977
  -> MRR@20=0.181500  best=0.185400  (early_stop@29, trial=1.9min, avg=2.0min/trial, total=8.2min, ETA=4.1min)
[TRIAL_METRICS] cur_best_mrr20=0.181500 cur_best_hr10=0.215500 cur_test_mrr20=0.180700 cur_test_hr10=0.213600 run_best_mrr20=0.185400 run_best_hr10=0.220000 run_test_mrr20=0.180500 run_test_hr10=0.218900

[5/6] learning_rate=0.001464
  -> MRR@20=0.180200  best=0.185400  (early_stop@34, trial=2.3min, avg=2.1min/trial, total=10.4min, ETA=2.1min)
[TRIAL_METRICS] cur_best_mrr20=0.180200 cur_best_hr10=0.214700 cur_test_mrr20=0.178400 cur_test_hr10=0.212800 run_best_mrr20=0.185400 run_best_hr10=0.220000 run_test_mrr20=0.180500 run_test_hr10=0.218900

[6/6] learning_rate=0.001529
  -> MRR@20=0.179300  best=0.185400  (early_stop@36, trial=2.4min, avg=2.1min/trial, total=12.9min, ETA=0s)
[TRIAL_METRICS] cur_best_mrr20=0.179300 cur_best_hr10=0.211800 cur_test_mrr20=0.179100 cur_test_hr10=0.211700 run_best_mrr20=0.185400 run_best_hr10=0.220000 run_test_mrr20=0.180500 run_test_hr10=0.218900

=================================================================
  DONE  |  GRU4Rec x lastfm0.03
  Best MRR@20 = 0.185400  |  6/6 trials OK
  Best HR@10  = 0.220000
  Test MRR@20 = 0.180500  (best-valid checkpoint)
  Test HR@10  = 0.218900  (best-valid checkpoint)
[RUN_METRICS] best_valid_mrr20=0.185400 best_valid_hr10=0.220000 test_mrr20=0.180500 test_hr10=0.218900
  Total time: 12.9 min
  Best params:
    learning_rate: 0.00306011
  Results -> /workspace/jy1559/FMoE/experiments/run/artifacts/results/baseline/lastfm0.03_GRU4Rec_p23_sh_c23_mgru4rec_lfm_gru_stageh_rec1_lrhi_s1_20260410_032006_580972_pid527670.json
  Normal mirror -> /workspace/jy1559/FMoE/experiments/run/artifacts/results/baseline/normal/stageh_targetedrecovery_anchor2_core5/P23/lastfm0.03/GRU4Rec/lastfm0.03_GRU4Rec_p23_sh_c23_mgru4rec_lfm_gru_stageh_rec1_lrhi_s1_20260410_032006_580972_pid527670.json
  Special result -> /workspace/jy1559/FMoE/experiments/run/artifacts/results/baseline/special/stageh_targetedrecovery_anchor2_core5/P23/lastfm0.03/GRU4Rec/lastfm0.03_GRU4Rec_p23_sh_c23_mgru4rec_lfm_gru_stageh_rec1_lrhi_s1_20260410_032006_580972_pid527670_special_metrics.json
  Special log -> /workspace/jy1559/FMoE/experiments/run/artifacts/logs/baseline/special/stageh_targetedrecovery_anchor2_core5/P23/lastfm0.03/GRU4Rec/lastfm0.03_GRU4Rec_p23_sh_c23_mgru4rec_lfm_gru_stageh_rec1_lrhi_s1_20260410_032006_580972_pid527670_special_metrics.json
=================================================================

[RUN_STATUS] END status=normal pid=527670 start=2026-04-10T03:20:06 end=2026-04-10T03:32:59
