[STAGEH_TARGETEDRECOVERY_ANCHOR2_CORE5_SETTING_HEADER]
run_phase=P23_SH_C11_MFEAREC_RR_FEA_STAGEH_REC1_S1 run_id=SH_RETAIL_ROCKET_FEAREC_RR_FEA_STAGEH_REC1_S1 phase_id=P23 axis_id=SH model=FEARec candidate_id=RR_FEA_STAGEH_REC1 seed=1
dataset=retail_rocket gpu=7 order=0 candidate_source=manual source_stage=stageh_manual_bank transfer_from_dataset=retail_rocket
max_evals=5 tune_epochs=36 tune_patience=5
seed=230166

[COMMAND]
- /venv/FMoE/bin/python hyperopt_tune.py --config-name tune_rr --max-evals 5 --tune-epochs 36 --tune-patience 5 --seed 230166 --run-group baseline --run-axis StageH_TargetedRecovery_anchor2_core5 --run-phase P23_SH_C11_MFEAREC_RR_FEA_STAGEH_REC1_S1 model=fearec dataset=retail_rocket eval_mode=session_fixed feature_mode=full_v3 gpu_id=7 log_wandb=false show_progress=false ++special_logging=true ++seed=230166 ++search={learning_rate:[0.00084,0.0031360000000000003]} ++search_space_type_overrides={learning_rate:"loguniform"} ++weight_decay=8e-05 ++search.weight_decay=[8e-05] ++search_space_type_overrides.weight_decay=choice ++search.n_layers=[2] ++search_space_type_overrides.n_layers=choice ++search.num_layers=[2] ++search_space_type_overrides.num_layers=choice ++search.n_heads=[2] ++search_space_type_overrides.n_heads=choice ++search.num_heads=[2] ++search_space_type_overrides.num_heads=choice ++search.dropout_ratio=[0.1] ++search_space_type_overrides.dropout_ratio=choice ++search.dropout_prob=[0.1] ++search_space_type_overrides.dropout_prob=choice ++search.hidden_dropout_prob=[0.1] ++search_space_type_overrides.hidden_dropout_prob=choice ++search.attn_dropout_prob=[0.1] ++search_space_type_overrides.attn_dropout_prob=choice ++search.hidden_size=[112] ++search_space_type_overrides.hidden_size=choice ++search.embedding_size=[112] ++search_space_type_overrides.embedding_size=choice ++search.inner_size=[224] ++search_space_type_overrides.inner_size=choice ++search.time_span=[384] ++search_space_type_overrides.time_span=choice ++search.num_experts=[6] ++search_space_type_overrides.num_experts=choice ++search.state_size=[24] ++search_space_type_overrides.state_size=choice ++search.conv_kernel=[6] ++search_space_type_overrides.conv_kernel=choice ++search.remaining_ratio=[0.6] ++search_space_type_overrides.remaining_ratio=choice ++search.MAX_ITEM_LIST_LENGTH=[8] ++search_space_type_overrides.MAX_ITEM_LIST_LENGTH=choice ++dropout_ratio=0.1 ++contrast=un ++tau=0.18 ++lmd=0.014 ++lmd_sem=0.0 ++global_ratio=0.65 ++semantic_sample_max_tries=2 ++train_batch_size=4608 ++eval_batch_size=10240 ++hidden_size=112 ++embedding_size=112 ++MAX_ITEM_LIST_LENGTH=8 ++n_layers=2 ++num_layers=2 ++n_heads=2 ++num_heads=2 ++inner_size=224
/venv/FMoE/lib/python3.10/site-packages/ray/_private/parameter.py:4: UserWarning: pkg_resources is deprecated as an API. See https://setuptools.pypa.io/en/latest/pkg_resources.html. The pkg_resources package is slated for removal as early as 2025-11-30. Refrain from using this package or pin to Setuptools<81.
  import pkg_resources
[RUN_STATUS] START pid=536209 ts=2026-04-10T05:28:46

=================================================================
  Hyperopt TPE  |  FEARec x retail_rocket
  max_evals=5  epochs=36  patience=5  wandb=off
  batch_size(train/valid/test)=4608/10240/10240
  track=baseline  axis=stageh_targetedrecovery_anchor2_core5  phase=P23_SH_C11_MFEAREC_RR_FEA_STAGEH_REC1_S1
=================================================================
Changed knobs: learning_rate
Tuned params(len>1): 1  (~1 discrete combos)
Tuned groups: 1
  [optimization]
    learning_rate                   [0.00084, 0.0031360000000000003]          -> loguniform
Fixed params(singleton/non-list): 18
Fixed groups: 18
  [optimization]
    hidden_dropout_prob             0.1                                     
    weight_decay                    8e-05                                   
  [model_core]
    attn_dropout_prob               0.1                                     
    dropout_prob                    0.1                                     
    dropout_ratio                   0.1                                     
    embedding_size                  112                                     
    hidden_size                     112                                     
    inner_size                      224                                     
    num_heads                       2                                       
    num_layers                      2                                       
  [other]
    MAX_ITEM_LIST_LENGTH            8                                       
    conv_kernel                     6                                       
    n_heads                         2                                       
    n_layers                        2                                       
    num_experts                     6                                       
    remaining_ratio                 0.6                                     
    state_size                      24                                      
    time_span                       384                                     

[Wandb] disabled for this hyperopt run

[1/5] learning_rate=0.002428
  -> MRR@20=0.275500  best=0.275500  (early_stop@16, trial=8.7min, avg=9.1min/trial, total=9.1min, ETA=36.4min)
[TRIAL_METRICS] cur_best_mrr20=0.275500 cur_best_hr10=0.429700 cur_test_mrr20=0.273400 cur_test_hr10=0.427900 run_best_mrr20=0.275500 run_best_hr10=0.429700 run_test_mrr20=0.273400 run_test_hr10=0.427900

[2/5] learning_rate=0.001113
  -> MRR@20=0.279900  best=0.279900  (early_stop@17, trial=9.4min, avg=9.3min/trial, total=18.6min, ETA=27.8min)
[TRIAL_METRICS] cur_best_mrr20=0.279900 cur_best_hr10=0.436700 cur_test_mrr20=0.279800 cur_test_hr10=0.440000 run_best_mrr20=0.279900 run_best_hr10=0.436700 run_test_mrr20=0.279800 run_test_hr10=0.440000

[3/5] learning_rate=0.002438
  -> MRR@20=0.276500  best=0.279900  (early_stop@11, trial=6.2min, avg=8.3min/trial, total=24.8min, ETA=16.5min)
[TRIAL_METRICS] cur_best_mrr20=0.276500 cur_best_hr10=0.433400 cur_test_mrr20=0.276600 cur_test_hr10=0.439500 run_best_mrr20=0.279900 run_best_hr10=0.436700 run_test_mrr20=0.279800 run_test_hr10=0.440000

[4/5] learning_rate=0.002123
  -> MRR@20=0.278400  best=0.279900  (early_stop@14, trial=7.6min, avg=8.1min/trial, total=32.3min, ETA=8.1min)
[TRIAL_METRICS] cur_best_mrr20=0.278400 cur_best_hr10=0.439100 cur_test_mrr20=0.281500 cur_test_hr10=0.440400 run_best_mrr20=0.279900 run_best_hr10=0.436700 run_test_mrr20=0.279800 run_test_hr10=0.440000

[5/5] learning_rate=0.001634
  -> MRR@20=0.276200  best=0.279900  (early_stop@15, trial=8.3min, avg=8.1min/trial, total=40.7min, ETA=0s)
[TRIAL_METRICS] cur_best_mrr20=0.276200 cur_best_hr10=0.437000 cur_test_mrr20=0.278600 cur_test_hr10=0.440000 run_best_mrr20=0.279900 run_best_hr10=0.436700 run_test_mrr20=0.279800 run_test_hr10=0.440000

=================================================================
  DONE  |  FEARec x retail_rocket
  Best MRR@20 = 0.279900  |  5/5 trials OK
  Best HR@10  = 0.436700
  Test MRR@20 = 0.279800  (best-valid checkpoint)
  Test HR@10  = 0.440000  (best-valid checkpoint)
[RUN_METRICS] best_valid_mrr20=0.279900 best_valid_hr10=0.436700 test_mrr20=0.279800 test_hr10=0.440000
  Total time: 40.7 min
  Best params:
    learning_rate: 0.00111346
  Results -> /workspace/jy1559/FMoE/experiments/run/artifacts/results/baseline/retail_rocket_FEARec_p23_sh_c11_mfearec_rr_fea_stageh_rec1_s1_20260410_052847_093422_pid536209.json
  Normal mirror -> /workspace/jy1559/FMoE/experiments/run/artifacts/results/baseline/normal/stageh_targetedrecovery_anchor2_core5/P23/retail_rocket/FEARec/retail_rocket_FEARec_p23_sh_c11_mfearec_rr_fea_stageh_rec1_s1_20260410_052847_093422_pid536209.json
  Special result -> /workspace/jy1559/FMoE/experiments/run/artifacts/results/baseline/special/stageh_targetedrecovery_anchor2_core5/P23/retail_rocket/FEARec/retail_rocket_FEARec_p23_sh_c11_mfearec_rr_fea_stageh_rec1_s1_20260410_052847_093422_pid536209_special_metrics.json
  Special log -> /workspace/jy1559/FMoE/experiments/run/artifacts/logs/baseline/special/stageh_targetedrecovery_anchor2_core5/P23/retail_rocket/FEARec/retail_rocket_FEARec_p23_sh_c11_mfearec_rr_fea_stageh_rec1_s1_20260410_052847_093422_pid536209_special_metrics.json
=================================================================

[RUN_STATUS] END status=normal pid=536209 start=2026-04-10T05:28:46 end=2026-04-10T06:09:30
