[FINAL_ALL_DATASETS_SETTING_HEADER]
run_phase=P14_FAD_A2_FOURSQUARE_H3_S2 exp_brief=A2_INTRA_FEATURE_NN_STRICT_ZLOSS phase_id=P14 axis_id=FAD setting_id=A2_INTRA_NN_ZLOSS_H3_S2 hparam_id=H3 seed=2
desc=A2_INTRA_NN_ZLOSS_H3_S2
dataset=foursquare gpu=2 order=22
max_evals=20 tune_epochs=100 tune_patience=10
seed=91005

[COMMAND]
- /venv/FMoE/bin/python hyperopt_tune.py --config-name config --max-evals 20 --tune-epochs 100 --tune-patience 10 --seed 91005 --run-group fmoe_n3 --run-axis Final_all_datasets --run-phase P14_FAD_A2_FOURSQUARE_H3_S2 model=featured_moe_n3_tune dataset=foursquare eval_mode=session_fixed feature_mode=full_v3 gpu_id=2 log_wandb=false enable_tf32=true fmoe_debug_logging=false fmoe_diag_logging=true fmoe_special_logging=true fmoe_feature_ablation_logging=false fmoe_eval_logging_timing=final_only ++fmoe_logging_output_root="run/artifacts/logging" ++fmoe_logging_layout="axis_dataset_arch_hparam" ++fmoe_architecture_id="A2" ++fmoe_architecture_key="A2_INTRA_NN_ZLOSS" ++fmoe_hparam_id="H3" ++fmoe_phase="P14" MAX_ITEM_LIST_LENGTH=20 train_batch_size=4096 eval_batch_size=4096 embedding_size=160 num_heads=4 attn_dropout_prob=0.1 d_ff=320 d_feat_emb=16 d_expert_hidden=160 d_router_hidden=80 expert_scale=3 ++search.learning_rate=[0.00015,0.008] ++search.weight_decay=[2e-06] ++search.hidden_dropout_prob=[0.18] ++search.lr_scheduler_type=["warmup_cosine"] ++search_space_type_overrides.learning_rate=loguniform ++search_space_type_overrides.weight_decay=choice ++search_space_type_overrides.hidden_dropout_prob=choice ++search_space_type_overrides.lr_scheduler_type=choice ++phase_run_type="final" ++phase_axis_id="FAD" ++phase_axis_desc="final_all_datasets" ++phase_setting_id="A2_INTRA_NN_ZLOSS_H3_S2" ++phase_setting_key="A2_INTRA_NN_ZLOSS" ++phase_hparam_id="H3" ++phase_seed_id=2 ++phase_run_id="FAD_A2_FOURSQUARE_H3_S2" ++layer_layout=["macro","mid","micro"] ++stage_compute_mode={macro:"moe",mid:"moe",micro:"moe"} ++stage_router_mode={macro:"learned",mid:"learned",micro:"learned"} ++stage_router_source={macro:"both",mid:"both",micro:"both"} ++stage_feature_injection={macro:"none",mid:"none",micro:"none"} ++topk_scope_mode="global_flat" ++moe_top_k=0 ++balance_loss_lambda=0.0 ++z_loss_lambda=0.0002 ++gate_entropy_lambda=0.0 ++route_smoothness_lambda=0.0 ++route_consistency_lambda=0.0008 ++route_sharpness_lambda=0.0 ++route_monopoly_lambda=0.0 ++route_monopoly_tau=0.25 ++route_prior_lambda=0.0 ++group_prior_align_lambda=0.0 ++factored_group_balance_lambda=0.0 ++rule_agreement_lambda=0.0 ++group_coverage_lambda=0.0 ++feature_group_bias_lambda=0.05 ++rule_bias_scale=0.1 ++primitive_balance_lambda=0.0 ++wrapper_group_feature_align_lambda=0.0 ++stage_router_primitives={macro:{a_joint:{source:"feature",temperature:1.0,top_k:0},b_group:{source:"feature",temperature:1.0,top_k:0},c_shared:{source:"feature",temperature:1.0,top_k:0},d_cond:{source:"feature",temperature:1.0,top_k:0},e_scalar:{source:"feature",temperature:1.0,top_k:0},wrapper:{alpha_d:1.0,alpha_struct:1.0,alpha_a:1.0}},mid:{a_joint:{source:"feature",temperature:1.0,top_k:0},b_group:{source:"feature",temperature:1.0,top_k:0},c_shared:{source:"feature",temperature:1.0,top_k:0},d_cond:{source:"feature",temperature:1.0,top_k:0},e_scalar:{source:"feature",temperature:1.0,top_k:0},wrapper:{alpha_d:1.0,alpha_struct:1.0,alpha_a:1.0}},micro:{a_joint:{source:"feature",temperature:1.0,top_k:0},b_group:{source:"feature",temperature:1.0,top_k:0},c_shared:{source:"feature",temperature:1.0,top_k:0},d_cond:{source:"feature",temperature:1.0,top_k:0},e_scalar:{source:"feature",temperature:1.0,top_k:0},wrapper:{alpha_d:1.0,alpha_struct:1.0,alpha_a:1.0}}} ++stage_router_wrapper={macro:"w4_bxd",mid:"w6_bxd_plus_a",micro:"w1_flat"} ++macro_history_window=5 ++stage_router_granularity={macro:"session",mid:"session",micro:"token"} ++stage_family_dropout_prob={macro:0.1,mid:0.1,micro:0.1} ++stage_feature_dropout_prob={macro:0.0,mid:0.0,micro:0.0} ++stage_feature_dropout_scope={macro:"token",mid:"token",micro:"token"} ++route_consistency_pairs=1 ++route_consistency_min_sim=0.995
/venv/FMoE/lib/python3.10/site-packages/ray/_private/parameter.py:4: UserWarning: pkg_resources is deprecated as an API. See https://setuptools.pypa.io/en/latest/pkg_resources.html. The pkg_resources package is slated for removal as early as 2025-11-30. Refrain from using this package or pin to Setuptools<81.
  import pkg_resources
[RUN_STATUS] START pid=6993 ts=2026-03-31T09:37:41

=================================================================
  Hyperopt TPE  |  FeaturedMoE_N3 x foursquare
  max_evals=20  epochs=100  patience=10  wandb=off
  batch_size(train/valid/test)=4096/4096/4096
  track=fmoe_n3  axis=final_all_datasets  phase=P14_FAD_A2_FOURSQUARE_H3_S2
=================================================================
Changed knobs: learning_rate
Tuned params(len>1): 1  (~1 discrete combos)
Tuned groups: 1
  [optimization]
    learning_rate                   [0.00015, 0.008]                          -> loguniform
Fixed params(singleton/non-list): 3
Fixed groups: 3
  [optimization]
    hidden_dropout_prob             0.18                                    
    weight_decay                    2e-06                                   
  [other]
    lr_scheduler_type               warmup_cosine                           

[Wandb] disabled for this hyperopt run

[1/20] learning_rate=0.001954
  -> MRR@20=0.106700  best=0.106700  (early_stop@21, trial=2.0min, avg=2.1min/trial, total=2.1min, ETA=39.2min)
[TRIAL_METRICS] cur_best_mrr20=0.106700 cur_best_hr10=0.192100 cur_test_mrr20=0.102200 cur_test_hr10=0.191800 run_best_mrr20=0.106700 run_best_hr10=0.192100 run_test_mrr20=0.102200 run_test_hr10=0.191800

[2/20] learning_rate=0.004234
  -> MRR@20=0.096200  best=0.106700  (early_stop@14, trial=1.4min, avg=1.7min/trial, total=3.4min, ETA=30.8min)
[TRIAL_METRICS] cur_best_mrr20=0.096200 cur_best_hr10=0.186100 cur_test_mrr20=0.102800 cur_test_hr10=0.196800 run_best_mrr20=0.106700 run_best_hr10=0.192100 run_test_mrr20=0.102200 run_test_hr10=0.191800

[3/20] learning_rate=0.0007156
  -> MRR@20=0.115600  best=0.115600  (early_stop@31, trial=3.0min, avg=2.1min/trial, total=6.4min, ETA=36.3min)
[TRIAL_METRICS] cur_best_mrr20=0.115600 cur_best_hr10=0.212100 cur_test_mrr20=0.111400 cur_test_hr10=0.203600 run_best_mrr20=0.115600 run_best_hr10=0.212100 run_test_mrr20=0.111400 run_test_hr10=0.203600

[4/20] learning_rate=0.003126
  -> MRR@20=0.102800  best=0.115600  (early_stop@15, trial=1.4min, avg=2.0min/trial, total=7.8min, ETA=31.3min)
[TRIAL_METRICS] cur_best_mrr20=0.102800 cur_best_hr10=0.196300 cur_test_mrr20=0.098900 cur_test_hr10=0.196000 run_best_mrr20=0.115600 run_best_hr10=0.212100 run_test_mrr20=0.111400 run_test_hr10=0.203600

[5/20] learning_rate=0.006115
  -> MRR@20=0.090800  best=0.115600  (early_stop@13, trial=1.2min, avg=1.8min/trial, total=9.1min, ETA=27.2min)
[TRIAL_METRICS] cur_best_mrr20=0.090800 cur_best_hr10=0.184000 cur_test_mrr20=0.090900 cur_test_hr10=0.181300 run_best_mrr20=0.115600 run_best_hr10=0.212100 run_test_mrr20=0.111400 run_test_hr10=0.203600

[6/20] learning_rate=0.0009339
  -> MRR@20=0.114300  best=0.115600  (early_stop@27, trial=2.6min, avg=1.9min/trial, total=11.7min, ETA=27.3min)
[TRIAL_METRICS] cur_best_mrr20=0.114300 cur_best_hr10=0.210800 cur_test_mrr20=0.111300 cur_test_hr10=0.207300 run_best_mrr20=0.115600 run_best_hr10=0.212100 run_test_mrr20=0.111400 run_test_hr10=0.203600

[7/20] learning_rate=0.002955
  -> MRR@20=0.097300  best=0.115600  (early_stop@15, trial=1.4min, avg=1.9min/trial, total=13.1min, ETA=24.4min)
[TRIAL_METRICS] cur_best_mrr20=0.097300 cur_best_hr10=0.187900 cur_test_mrr20=0.096800 cur_test_hr10=0.192900 run_best_mrr20=0.115600 run_best_hr10=0.212100 run_test_mrr20=0.111400 run_test_hr10=0.203600

[8/20] learning_rate=0.002426
  -> MRR@20=0.100100  best=0.115600  (early_stop@15, trial=1.4min, avg=1.8min/trial, total=14.5min, ETA=21.8min)
[TRIAL_METRICS] cur_best_mrr20=0.100100 cur_best_hr10=0.197100 cur_test_mrr20=0.100900 cur_test_hr10=0.197600 run_best_mrr20=0.115600 run_best_hr10=0.212100 run_test_mrr20=0.111400 run_test_hr10=0.203600

[9/20] learning_rate=0.0002227
  -> MRR@20=0.112600  best=0.115600  (early_stop@72, trial=6.8min, avg=2.4min/trial, total=21.4min, ETA=26.1min)
[TRIAL_METRICS] cur_best_mrr20=0.112600 cur_best_hr10=0.205300 cur_test_mrr20=0.114400 cur_test_hr10=0.208900 run_best_mrr20=0.115600 run_best_hr10=0.212100 run_test_mrr20=0.111400 run_test_hr10=0.203600

[10/20] learning_rate=0.002032
  -> MRR@20=0.105200  best=0.115600  (early_stop@20, trial=1.9min, avg=2.3min/trial, total=23.3min, ETA=23.3min)
[TRIAL_METRICS] cur_best_mrr20=0.105200 cur_best_hr10=0.191600 cur_test_mrr20=0.101100 cur_test_hr10=0.192300 run_best_mrr20=0.115600 run_best_hr10=0.212100 run_test_mrr20=0.111400 run_test_hr10=0.203600

[11/20] learning_rate=0.006869
  -> MRR@20=0.092600  best=0.115600  (early_stop@52, trial=5.1min, avg=2.6min/trial, total=28.4min, ETA=23.2min)
[TRIAL_METRICS] cur_best_mrr20=0.092600 cur_best_hr10=0.152700 cur_test_mrr20=0.085900 cur_test_hr10=0.154000 run_best_mrr20=0.115600 run_best_hr10=0.212100 run_test_mrr20=0.111400 run_test_hr10=0.203600

[12/20] learning_rate=0.0003901
  -> MRR@20=0.115300  best=0.115600  (early_stop@47, trial=4.6min, avg=2.8min/trial, total=33.0min, ETA=22.0min)
[TRIAL_METRICS] cur_best_mrr20=0.115300 cur_best_hr10=0.209200 cur_test_mrr20=0.113100 cur_test_hr10=0.206000 run_best_mrr20=0.115600 run_best_hr10=0.212100 run_test_mrr20=0.111400 run_test_hr10=0.203600

[13/20] learning_rate=0.0003004
  -> MRR@20=0.114900  best=0.115600  (early_stop@54, trial=5.3min, avg=3.0min/trial, total=38.4min, ETA=20.7min)
[TRIAL_METRICS] cur_best_mrr20=0.114900 cur_best_hr10=0.207400 cur_test_mrr20=0.115000 cur_test_hr10=0.207300 run_best_mrr20=0.115600 run_best_hr10=0.212100 run_test_mrr20=0.111400 run_test_hr10=0.203600

[14/20] learning_rate=0.000479
  -> MRR@20=0.116800  best=0.116800  (early_stop@39, trial=3.7min, avg=3.0min/trial, total=42.1min, ETA=18.0min)
[TRIAL_METRICS] cur_best_mrr20=0.116800 cur_best_hr10=0.211600 cur_test_mrr20=0.112600 cur_test_hr10=0.207600 run_best_mrr20=0.116800 run_best_hr10=0.211600 run_test_mrr20=0.112600 run_test_hr10=0.207600

[15/20] learning_rate=0.00344
  -> MRR@20=0.100600  best=0.116800  (early_stop@15, trial=1.5min, avg=2.9min/trial, total=43.6min, ETA=14.5min)
[TRIAL_METRICS] cur_best_mrr20=0.100600 cur_best_hr10=0.196800 cur_test_mrr20=0.100400 cur_test_hr10=0.190800 run_best_mrr20=0.116800 run_best_hr10=0.211600 run_test_mrr20=0.112600 run_test_hr10=0.207600

[16/20] learning_rate=0.001835
  -> MRR@20=0.106700  best=0.116800  (early_stop@21, trial=2.0min, avg=2.9min/trial, total=45.7min, ETA=11.4min)
[TRIAL_METRICS] cur_best_mrr20=0.106700 cur_best_hr10=0.191100 cur_test_mrr20=0.103900 cur_test_hr10=0.196000 run_best_mrr20=0.116800 run_best_hr10=0.211600 run_test_mrr20=0.112600 run_test_hr10=0.207600

[17/20] learning_rate=0.006902
  -> MRR@20=0.086400  best=0.116800  (early_stop@46, trial=4.5min, avg=3.0min/trial, total=50.2min, ETA=8.9min)
[TRIAL_METRICS] cur_best_mrr20=0.086400 cur_best_hr10=0.144000 cur_test_mrr20=0.081800 cur_test_hr10=0.142900 run_best_mrr20=0.116800 run_best_hr10=0.211600 run_test_mrr20=0.112600 run_test_hr10=0.207600

[18/20] learning_rate=0.0002537
  -> MRR@20=0.114300  best=0.116800  (early_stop@71, trial=6.8min, avg=3.2min/trial, total=57.0min, ETA=6.3min)
[TRIAL_METRICS] cur_best_mrr20=0.114300 cur_best_hr10=0.207100 cur_test_mrr20=0.113600 cur_test_hr10=0.208400 run_best_mrr20=0.116800 run_best_hr10=0.211600 run_test_mrr20=0.112600 run_test_hr10=0.207600

[19/20] learning_rate=0.003067
  -> MRR@20=0.101200  best=0.116800  (early_stop@15, trial=1.4min, avg=3.1min/trial, total=58.4min, ETA=3.1min)
[TRIAL_METRICS] cur_best_mrr20=0.101200 cur_best_hr10=0.191600 cur_test_mrr20=0.099800 cur_test_hr10=0.195700 run_best_mrr20=0.116800 run_best_hr10=0.211600 run_test_mrr20=0.112600 run_test_hr10=0.207600

[20/20] learning_rate=0.007665
  -> MRR@20=0.095700  best=0.116800  (early_stop@37, trial=3.5min, avg=3.1min/trial, total=1.03h, ETA=0s)
[TRIAL_METRICS] cur_best_mrr20=0.095700 cur_best_hr10=0.158700 cur_test_mrr20=0.091000 cur_test_hr10=0.153200 run_best_mrr20=0.116800 run_best_hr10=0.211600 run_test_mrr20=0.112600 run_test_hr10=0.207600
[1;35mEvaluate   [0m:   0%|                                                            | 0/1 [00:00<?, ?it/s][0m[1;35mEvaluate   [0m:   0%|                                  | 0/1 [00:01<?, ?it/s, [1;33mGPU RAM: 12.68 G/23.56 G[0m][0m[1;35mEvaluate   [0m: 100%|██████████████████████████| 1/1 [00:01<00:00,  1.59s/it, [1;33mGPU RAM: 12.68 G/23.56 G[0m][0m                                                                                                    [1;35mEvaluate   [0m:   0%|                                                            | 0/1 [00:00<?, ?it/s][0m[1;35mEvaluate   [0m:   0%|                                  | 0/1 [00:01<?, ?it/s, [1;33mGPU RAM: 12.68 G/23.56 G[0m][0m[1;35mEvaluate   [0m: 100%|██████████████████████████| 1/1 [00:01<00:00,  1.53s/it, [1;33mGPU RAM: 12.68 G/23.56 G[0m][0m                                                                                                    [1;35mEvaluate   [0m:   0%|                                                            | 0/1 [00:00<?, ?it/s][0m[1;35mEvaluate   [0m:   0%|                                  | 0/1 [00:01<?, ?it/s, [1;33mGPU RAM: 12.68 G/23.56 G[0m][0m[1;35mEvaluate   [0m: 100%|██████████████████████████| 1/1 [00:01<00:00,  1.49s/it, [1;33mGPU RAM: 12.68 G/23.56 G[0m][0m                                                                                                    
=================================================================
  DONE  |  FeaturedMoE_N3 x foursquare
  Best MRR@20 = 0.116800  |  20/20 trials OK
  Best HR@10  = 0.211600
  Test MRR@20 = 0.112600  (best-valid checkpoint)
  Test HR@10  = 0.207600  (best-valid checkpoint)
[RUN_METRICS] best_valid_mrr20=0.116800 best_valid_hr10=0.211600 test_mrr20=0.112600 test_hr10=0.207600
  Total time: 62.0 min
  Best params:
    learning_rate: 0.000479048
  Results -> /workspace/jy1559/FMoE/experiments/run/artifacts/results/fmoe_n3/foursquare_FeaturedMoE_N3_p14_fad_a2_foursquare_h3_s2_20260331_093742_180546_pid6993.json
  Normal mirror -> /workspace/jy1559/FMoE/experiments/run/artifacts/results/fmoe_n3/normal/final_all_datasets/P14/foursquare/FMoEN3/foursquare_FeaturedMoE_N3_p14_fad_a2_foursquare_h3_s2_20260331_093742_180546_pid6993.json
  Special result -> /workspace/jy1559/FMoE/experiments/run/artifacts/results/fmoe_n3/special/final_all_datasets/P14/foursquare/FMoEN3/foursquare_FeaturedMoE_N3_p14_fad_a2_foursquare_h3_s2_20260331_093742_180546_pid6993_special_metrics.json
  Special log -> /workspace/jy1559/FMoE/experiments/run/artifacts/logs/fmoe_n3/special/final_all_datasets/P14/foursquare/FMoEN3/foursquare_FeaturedMoE_N3_p14_fad_a2_foursquare_h3_s2_20260331_093742_180546_pid6993_special_metrics.json
=================================================================

[RUN_STATUS] END status=normal pid=6993 start=2026-03-31T09:37:41 end=2026-03-31T10:39:41
