[STAGEH_TARGETEDRECOVERY_ANCHOR2_CORE5_SETTING_HEADER]
run_phase=P23_SH_C03_MBSAREC_FAD_H3_R1_PASS5_DIM64_XLO_S1 run_id=SH_AMAZON_BEAUTY_BSAREC_FAD_H3_R1_PASS5_DIM64_XLO_S1 phase_id=P23 axis_id=SH model=BSARec candidate_id=FAD_H3_R1_PASS5_DIM64_XLO seed=1
dataset=amazon_beauty gpu=5 order=0 candidate_source=stageh_screen_variant source_stage=Final_all_datasets_variant transfer_from_dataset=
max_evals=50 tune_epochs=18 tune_patience=3
seed=230072

[COMMAND]
- /venv/FMoE/bin/python hyperopt_tune.py --config-name tune_ab --max-evals 50 --tune-epochs 18 --tune-patience 3 --seed 230072 --run-group baseline --run-axis StageH_TargetedRecovery_anchor2_core5 --run-phase P23_SH_C03_MBSAREC_FAD_H3_R1_PASS5_DIM64_XLO_S1 model=bsarec dataset=amazon_beauty eval_mode=session_fixed feature_mode=full_v3 gpu_id=5 log_wandb=false show_progress=false ++special_logging=true ++seed=230072 ++search={learning_rate:[2e-05,0.01]} ++search_space_type_overrides={learning_rate:"loguniform"} ++weight_decay=0.0002 ++search.weight_decay=[0.0002] ++search_space_type_overrides.weight_decay=choice ++search.n_layers=[1] ++search_space_type_overrides.n_layers=choice ++search.num_layers=[1] ++search_space_type_overrides.num_layers=choice ++search.n_heads=[4] ++search_space_type_overrides.n_heads=choice ++search.num_heads=[4] ++search_space_type_overrides.num_heads=choice ++search.dropout_ratio=[0.15] ++search_space_type_overrides.dropout_ratio=choice ++search.dropout_prob=[0.15] ++search_space_type_overrides.dropout_prob=choice ++search.hidden_dropout_prob=[0.15] ++search_space_type_overrides.hidden_dropout_prob=choice ++search.attn_dropout_prob=[0.15] ++search_space_type_overrides.attn_dropout_prob=choice ++search.hidden_size=[64] ++search_space_type_overrides.hidden_size=choice ++search.embedding_size=[64] ++search_space_type_overrides.embedding_size=choice ++search.inner_size=[128] ++search_space_type_overrides.inner_size=choice ++search.time_span=[512] ++search_space_type_overrides.time_span=choice ++search.num_experts=[8] ++search_space_type_overrides.num_experts=choice ++search.state_size=[32] ++search_space_type_overrides.state_size=choice ++search.conv_kernel=[8] ++search_space_type_overrides.conv_kernel=choice ++search.remaining_ratio=[0.7] ++search_space_type_overrides.remaining_ratio=choice ++search.MAX_ITEM_LIST_LENGTH=[10] ++search_space_type_overrides.MAX_ITEM_LIST_LENGTH=choice ++dropout_ratio=0.15 ++train_batch_size=6144 ++eval_batch_size=8192 ++hidden_size=64 ++embedding_size=64 ++MAX_ITEM_LIST_LENGTH=10 ++num_layers=1 ++n_layers=1 ++num_heads=4 ++n_heads=4 ++inner_size=128
/venv/FMoE/lib/python3.10/site-packages/ray/_private/parameter.py:4: UserWarning: pkg_resources is deprecated as an API. See https://setuptools.pypa.io/en/latest/pkg_resources.html. The pkg_resources package is slated for removal as early as 2025-11-30. Refrain from using this package or pin to Setuptools<81.
  import pkg_resources
[RUN_STATUS] START pid=124140 ts=2026-04-12T11:12:42

=================================================================
  Hyperopt TPE  |  BSARec x amazon_beauty
  max_evals=50  epochs=18  patience=3  wandb=off
  batch_size(train/valid/test)=6144/8192/8192
  track=baseline  axis=stageh_targetedrecovery_anchor2_core5  phase=P23_SH_C03_MBSAREC_FAD_H3_R1_PASS5_DIM64_XLO_S1
=================================================================
Changed knobs: learning_rate
Tuned params(len>1): 1  (~1 discrete combos)
Tuned groups: 1
  [optimization]
    learning_rate                   [2e-05, 0.01]                             -> loguniform
Fixed params(singleton/non-list): 18
Fixed groups: 18
  [optimization]
    hidden_dropout_prob             0.15                                    
    weight_decay                    0.0002                                  
  [model_core]
    attn_dropout_prob               0.15                                    
    dropout_prob                    0.15                                    
    dropout_ratio                   0.15                                    
    embedding_size                  64                                      
    hidden_size                     64                                      
    inner_size                      128                                     
    num_heads                       4                                       
    num_layers                      1                                       
  [other]
    MAX_ITEM_LIST_LENGTH            10                                      
    conv_kernel                     8                                       
    n_heads                         4                                       
    n_layers                        1                                       
    num_experts                     8                                       
    remaining_ratio                 0.7                                     
    state_size                      32                                      
    time_span                       512                                     

[Wandb] disabled for this hyperopt run

[1/50] learning_rate=9.425e-05
  -> MRR@20=0.000000  best=0.000000  (early_stop@4, trial=1s, avg=3s/trial, total=3s, ETA=2.4min)
[TRIAL_METRICS] cur_best_mrr20=0.000000 cur_best_hr10=0.000000 cur_test_mrr20=0.009300 cur_test_hr10=0.008800 run_best_mrr20=0.000000 run_best_hr10=0.000000 run_test_mrr20=0.009300 run_test_hr10=0.008800

[2/50] learning_rate=0.0003254
  -> MRR@20=0.000000  best=0.000000  (early_stop@4, trial=0s, avg=2s/trial, total=4s, ETA=1.5min)
[TRIAL_METRICS] cur_best_mrr20=0.000000 cur_best_hr10=0.000000 cur_test_mrr20=0.009300 cur_test_hr10=0.008800 run_best_mrr20=0.000000 run_best_hr10=0.000000 run_test_mrr20=0.009300 run_test_hr10=0.008800

[3/50] learning_rate=7.87e-05
  -> MRR@20=0.000000  best=0.000000  (early_stop@4, trial=0s, avg=1s/trial, total=4s, ETA=1.1min)
[TRIAL_METRICS] cur_best_mrr20=0.000000 cur_best_hr10=0.000000 cur_test_mrr20=0.009300 cur_test_hr10=0.008800 run_best_mrr20=0.000000 run_best_hr10=0.000000 run_test_mrr20=0.009300 run_test_hr10=0.008800

[4/50] learning_rate=0.0001028
  -> MRR@20=0.000000  best=0.000000  (early_stop@4, trial=0s, avg=1s/trial, total=5s, ETA=59s)
[TRIAL_METRICS] cur_best_mrr20=0.000000 cur_best_hr10=0.000000 cur_test_mrr20=0.009300 cur_test_hr10=0.008800 run_best_mrr20=0.000000 run_best_hr10=0.000000 run_test_mrr20=0.009300 run_test_hr10=0.008800

[5/50] learning_rate=0.0002366
  -> MRR@20=0.000000  best=0.000000  (early_stop@4, trial=0s, avg=1s/trial, total=6s, ETA=53s)
[TRIAL_METRICS] cur_best_mrr20=0.000000 cur_best_hr10=0.000000 cur_test_mrr20=0.009300 cur_test_hr10=0.008800 run_best_mrr20=0.000000 run_best_hr10=0.000000 run_test_mrr20=0.009300 run_test_hr10=0.008800

[6/50] learning_rate=3.73e-05
  -> MRR@20=0.000000  best=0.000000  (early_stop@4, trial=0s, avg=1s/trial, total=7s, ETA=48s)
[TRIAL_METRICS] cur_best_mrr20=0.000000 cur_best_hr10=0.000000 cur_test_mrr20=0.009300 cur_test_hr10=0.008800 run_best_mrr20=0.000000 run_best_hr10=0.000000 run_test_mrr20=0.009300 run_test_hr10=0.008800

[7/50] learning_rate=6.368e-05
  -> MRR@20=0.000000  best=0.000000  (early_stop@4, trial=0s, avg=1s/trial, total=7s, ETA=45s)
[TRIAL_METRICS] cur_best_mrr20=0.000000 cur_best_hr10=0.000000 cur_test_mrr20=0.009300 cur_test_hr10=0.008800 run_best_mrr20=0.000000 run_best_hr10=0.000000 run_test_mrr20=0.009300 run_test_hr10=0.008800

[8/50] learning_rate=0.001561
  -> MRR@20=0.000000  best=0.000000  (early_stop@4, trial=0s, avg=1s/trial, total=8s, ETA=42s)
[TRIAL_METRICS] cur_best_mrr20=0.000000 cur_best_hr10=0.000000 cur_test_mrr20=0.009200 cur_test_hr10=0.008800 run_best_mrr20=0.000000 run_best_hr10=0.000000 run_test_mrr20=0.009200 run_test_hr10=0.008800

[9/50] learning_rate=8.264e-05
  -> MRR@20=0.000000  best=0.000000  (early_stop@4, trial=0s, avg=1s/trial, total=9s, ETA=40s)
[TRIAL_METRICS] cur_best_mrr20=0.000000 cur_best_hr10=0.000000 cur_test_mrr20=0.009300 cur_test_hr10=0.008800 run_best_mrr20=0.000000 run_best_hr10=0.000000 run_test_mrr20=0.009300 run_test_hr10=0.008800

[10/50] learning_rate=2.539e-05
  -> MRR@20=0.000000  best=0.000000  (early_stop@4, trial=0s, avg=1s/trial, total=9s, ETA=38s)
[TRIAL_METRICS] cur_best_mrr20=0.000000 cur_best_hr10=0.000000 cur_test_mrr20=0.009300 cur_test_hr10=0.008800 run_best_mrr20=0.000000 run_best_hr10=0.000000 run_test_mrr20=0.009300 run_test_hr10=0.008800

[11/50] learning_rate=8.222e-05
  -> MRR@20=0.000000  best=0.000000  (early_stop@4, trial=0s, avg=1s/trial, total=10s, ETA=36s)
[TRIAL_METRICS] cur_best_mrr20=0.000000 cur_best_hr10=0.000000 cur_test_mrr20=0.009300 cur_test_hr10=0.008800 run_best_mrr20=0.000000 run_best_hr10=0.000000 run_test_mrr20=0.009300 run_test_hr10=0.008800

[12/50] learning_rate=3.324e-05
  -> MRR@20=0.000000  best=0.000000  (early_stop@4, trial=0s, avg=1s/trial, total=11s, ETA=35s)
[TRIAL_METRICS] cur_best_mrr20=0.000000 cur_best_hr10=0.000000 cur_test_mrr20=0.009300 cur_test_hr10=0.008800 run_best_mrr20=0.000000 run_best_hr10=0.000000 run_test_mrr20=0.009300 run_test_hr10=0.008800

[13/50] learning_rate=0.0001162
  -> MRR@20=0.000000  best=0.000000  (early_stop@4, trial=0s, avg=1s/trial, total=12s, ETA=33s)
[TRIAL_METRICS] cur_best_mrr20=0.000000 cur_best_hr10=0.000000 cur_test_mrr20=0.009300 cur_test_hr10=0.008800 run_best_mrr20=0.000000 run_best_hr10=0.000000 run_test_mrr20=0.009300 run_test_hr10=0.008800

[14/50] learning_rate=0.0008241
  -> MRR@20=0.000000  best=0.000000  (early_stop@4, trial=0s, avg=1s/trial, total=12s, ETA=32s)
[TRIAL_METRICS] cur_best_mrr20=0.000000 cur_best_hr10=0.000000 cur_test_mrr20=0.009300 cur_test_hr10=0.008800 run_best_mrr20=0.000000 run_best_hr10=0.000000 run_test_mrr20=0.009300 run_test_hr10=0.008800

[15/50] learning_rate=0.009576
  -> MRR@20=0.000500  best=0.000500  (early_stop@5, trial=1s, avg=1s/trial, total=13s, ETA=31s)
[TRIAL_METRICS] cur_best_mrr20=0.000500 cur_best_hr10=0.000000 cur_test_mrr20=0.000000 cur_test_hr10=0.000000 run_best_mrr20=0.000500 run_best_hr10=0.000000 run_test_mrr20=0.000000 run_test_hr10=0.000000

[16/50] learning_rate=0.009046
  -> MRR@20=0.000000  best=0.000500  (early_stop@4, trial=0s, avg=1s/trial, total=14s, ETA=30s)
[TRIAL_METRICS] cur_best_mrr20=0.000000 cur_best_hr10=0.000000 cur_test_mrr20=0.000000 cur_test_hr10=0.000000 run_best_mrr20=0.000500 run_best_hr10=0.000000 run_test_mrr20=0.000000 run_test_hr10=0.000000

[17/50] learning_rate=0.003764
  -> MRR@20=0.000000  best=0.000500  (early_stop@4, trial=0s, avg=1s/trial, total=15s, ETA=29s)
[TRIAL_METRICS] cur_best_mrr20=0.000000 cur_best_hr10=0.000000 cur_test_mrr20=0.002900 cur_test_hr10=0.008800 run_best_mrr20=0.000500 run_best_hr10=0.000000 run_test_mrr20=0.000000 run_test_hr10=0.000000

[18/50] learning_rate=0.003832
  -> MRR@20=0.000000  best=0.000500  (early_stop@4, trial=1s, avg=1s/trial, total=16s, ETA=28s)
[TRIAL_METRICS] cur_best_mrr20=0.000000 cur_best_hr10=0.000000 cur_test_mrr20=0.002900 cur_test_hr10=0.008800 run_best_mrr20=0.000500 run_best_hr10=0.000000 run_test_mrr20=0.000000 run_test_hr10=0.000000

[19/50] learning_rate=0.008522
  -> MRR@20=0.000000  best=0.000500  (early_stop@4, trial=0s, avg=1s/trial, total=16s, ETA=27s)
[TRIAL_METRICS] cur_best_mrr20=0.000000 cur_best_hr10=0.000000 cur_test_mrr20=0.000000 cur_test_hr10=0.000000 run_best_mrr20=0.000500 run_best_hr10=0.000000 run_test_mrr20=0.000000 run_test_hr10=0.000000

[20/50] learning_rate=0.0001055
  -> MRR@20=0.000000  best=0.000500  (early_stop@4, trial=0s, avg=1s/trial, total=17s, ETA=25s)
[TRIAL_METRICS] cur_best_mrr20=0.000000 cur_best_hr10=0.000000 cur_test_mrr20=0.009300 cur_test_hr10=0.008800 run_best_mrr20=0.000500 run_best_hr10=0.000000 run_test_mrr20=0.000000 run_test_hr10=0.000000

[21/50] learning_rate=0.0006628
  -> MRR@20=0.000000  best=0.000500  (early_stop@4, trial=0s, avg=1s/trial, total=18s, ETA=24s)
[TRIAL_METRICS] cur_best_mrr20=0.000000 cur_best_hr10=0.000000 cur_test_mrr20=0.009300 cur_test_hr10=0.008800 run_best_mrr20=0.000500 run_best_hr10=0.000000 run_test_mrr20=0.000000 run_test_hr10=0.000000

[22/50] learning_rate=0.0002584
  -> MRR@20=0.000000  best=0.000500  (early_stop@4, trial=0s, avg=1s/trial, total=18s, ETA=24s)
[TRIAL_METRICS] cur_best_mrr20=0.000000 cur_best_hr10=0.000000 cur_test_mrr20=0.009300 cur_test_hr10=0.008800 run_best_mrr20=0.000500 run_best_hr10=0.000000 run_test_mrr20=0.000000 run_test_hr10=0.000000

[23/50] learning_rate=0.001401
  -> MRR@20=0.000000  best=0.000500  (early_stop@4, trial=0s, avg=1s/trial, total=19s, ETA=23s)
[TRIAL_METRICS] cur_best_mrr20=0.000000 cur_best_hr10=0.000000 cur_test_mrr20=0.009200 cur_test_hr10=0.008800 run_best_mrr20=0.000500 run_best_hr10=0.000000 run_test_mrr20=0.000000 run_test_hr10=0.000000

[24/50] learning_rate=0.000162
  -> MRR@20=0.000000  best=0.000500  (early_stop@4, trial=0s, avg=1s/trial, total=20s, ETA=22s)
[TRIAL_METRICS] cur_best_mrr20=0.000000 cur_best_hr10=0.000000 cur_test_mrr20=0.009300 cur_test_hr10=0.008800 run_best_mrr20=0.000500 run_best_hr10=0.000000 run_test_mrr20=0.000000 run_test_hr10=0.000000

[25/50] learning_rate=0.005188
  -> MRR@20=0.000000  best=0.000500  (early_stop@4, trial=0s, avg=1s/trial, total=21s, ETA=21s)
[TRIAL_METRICS] cur_best_mrr20=0.000000 cur_best_hr10=0.000000 cur_test_mrr20=0.001800 cur_test_hr10=0.008800 run_best_mrr20=0.000500 run_best_hr10=0.000000 run_test_mrr20=0.000000 run_test_hr10=0.000000

[26/50] learning_rate=4.859e-05
  -> MRR@20=0.000000  best=0.000500  (early_stop@4, trial=0s, avg=1s/trial, total=21s, ETA=20s)
[TRIAL_METRICS] cur_best_mrr20=0.000000 cur_best_hr10=0.000000 cur_test_mrr20=0.009300 cur_test_hr10=0.008800 run_best_mrr20=0.000500 run_best_hr10=0.000000 run_test_mrr20=0.000000 run_test_hr10=0.000000

[27/50] learning_rate=0.00238
  -> MRR@20=0.000000  best=0.000500  (early_stop@4, trial=0s, avg=1s/trial, total=22s, ETA=19s)
[TRIAL_METRICS] cur_best_mrr20=0.000000 cur_best_hr10=0.000000 cur_test_mrr20=0.004800 cur_test_hr10=0.008800 run_best_mrr20=0.000500 run_best_hr10=0.000000 run_test_mrr20=0.000000 run_test_hr10=0.000000

[28/50] learning_rate=0.0003888
  -> MRR@20=0.000000  best=0.000500  (early_stop@4, trial=0s, avg=1s/trial, total=23s, ETA=18s)
[TRIAL_METRICS] cur_best_mrr20=0.000000 cur_best_hr10=0.000000 cur_test_mrr20=0.009300 cur_test_hr10=0.008800 run_best_mrr20=0.000500 run_best_hr10=0.000000 run_test_mrr20=0.000000 run_test_hr10=0.000000

[29/50] learning_rate=0.0006642
  -> MRR@20=0.000000  best=0.000500  (early_stop@4, trial=0s, avg=1s/trial, total=24s, ETA=17s)
[TRIAL_METRICS] cur_best_mrr20=0.000000 cur_best_hr10=0.000000 cur_test_mrr20=0.009300 cur_test_hr10=0.008800 run_best_mrr20=0.000500 run_best_hr10=0.000000 run_test_mrr20=0.000000 run_test_hr10=0.000000

[30/50] learning_rate=0.001828
  -> MRR@20=0.000000  best=0.000500  (early_stop@4, trial=0s, avg=1s/trial, total=24s, ETA=16s)
[TRIAL_METRICS] cur_best_mrr20=0.000000 cur_best_hr10=0.000000 cur_test_mrr20=0.009300 cur_test_hr10=0.008800 run_best_mrr20=0.000500 run_best_hr10=0.000000 run_test_mrr20=0.000000 run_test_hr10=0.000000

[31/50] learning_rate=0.0003508
  -> MRR@20=0.000000  best=0.000500  (early_stop@4, trial=0s, avg=1s/trial, total=25s, ETA=15s)
[TRIAL_METRICS] cur_best_mrr20=0.000000 cur_best_hr10=0.000000 cur_test_mrr20=0.009300 cur_test_hr10=0.008800 run_best_mrr20=0.000500 run_best_hr10=0.000000 run_test_mrr20=0.000000 run_test_hr10=0.000000

[32/50] learning_rate=2.311e-05
  -> MRR@20=0.000000  best=0.000500  (early_stop@4, trial=0s, avg=1s/trial, total=26s, ETA=15s)
[TRIAL_METRICS] cur_best_mrr20=0.000000 cur_best_hr10=0.000000 cur_test_mrr20=0.009300 cur_test_hr10=0.008800 run_best_mrr20=0.000500 run_best_hr10=0.000000 run_test_mrr20=0.000000 run_test_hr10=0.000000

[33/50] learning_rate=0.0001507
  -> MRR@20=0.000000  best=0.000500  (early_stop@4, trial=1s, avg=1s/trial, total=27s, ETA=14s)
[TRIAL_METRICS] cur_best_mrr20=0.000000 cur_best_hr10=0.000000 cur_test_mrr20=0.009300 cur_test_hr10=0.008800 run_best_mrr20=0.000500 run_best_hr10=0.000000 run_test_mrr20=0.000000 run_test_hr10=0.000000

[34/50] learning_rate=0.0009729
  -> MRR@20=0.000000  best=0.000500  (early_stop@4, trial=0s, avg=1s/trial, total=27s, ETA=13s)
[TRIAL_METRICS] cur_best_mrr20=0.000000 cur_best_hr10=0.000000 cur_test_mrr20=0.009200 cur_test_hr10=0.008800 run_best_mrr20=0.000500 run_best_hr10=0.000000 run_test_mrr20=0.000000 run_test_hr10=0.000000

[35/50] learning_rate=0.0002123
  -> MRR@20=0.000000  best=0.000500  (early_stop@4, trial=1s, avg=1s/trial, total=28s, ETA=12s)
[TRIAL_METRICS] cur_best_mrr20=0.000000 cur_best_hr10=0.000000 cur_test_mrr20=0.009300 cur_test_hr10=0.008800 run_best_mrr20=0.000500 run_best_hr10=0.000000 run_test_mrr20=0.000000 run_test_hr10=0.000000

[36/50] learning_rate=5.656e-05
  -> MRR@20=0.000000  best=0.000500  (early_stop@4, trial=0s, avg=1s/trial, total=29s, ETA=11s)
[TRIAL_METRICS] cur_best_mrr20=0.000000 cur_best_hr10=0.000000 cur_test_mrr20=0.009300 cur_test_hr10=0.008800 run_best_mrr20=0.000500 run_best_hr10=0.000000 run_test_mrr20=0.000000 run_test_hr10=0.000000

[37/50] learning_rate=0.0005016
  -> MRR@20=0.000000  best=0.000500  (early_stop@4, trial=0s, avg=1s/trial, total=30s, ETA=10s)
[TRIAL_METRICS] cur_best_mrr20=0.000000 cur_best_hr10=0.000000 cur_test_mrr20=0.009300 cur_test_hr10=0.008800 run_best_mrr20=0.000500 run_best_hr10=0.000000 run_test_mrr20=0.000000 run_test_hr10=0.000000

[38/50] learning_rate=3.99e-05
  -> MRR@20=0.000000  best=0.000500  (early_stop@4, trial=0s, avg=1s/trial, total=31s, ETA=10s)
[TRIAL_METRICS] cur_best_mrr20=0.000000 cur_best_hr10=0.000000 cur_test_mrr20=0.009300 cur_test_hr10=0.008800 run_best_mrr20=0.000500 run_best_hr10=0.000000 run_test_mrr20=0.000000 run_test_hr10=0.000000

[39/50] learning_rate=0.0001681
  -> MRR@20=0.000000  best=0.000500  (early_stop@4, trial=0s, avg=1s/trial, total=31s, ETA=9s)
[TRIAL_METRICS] cur_best_mrr20=0.000000 cur_best_hr10=0.000000 cur_test_mrr20=0.009300 cur_test_hr10=0.008800 run_best_mrr20=0.000500 run_best_hr10=0.000000 run_test_mrr20=0.000000 run_test_hr10=0.000000

[40/50] learning_rate=2.103e-05
  -> MRR@20=0.000000  best=0.000500  (early_stop@4, trial=0s, avg=1s/trial, total=32s, ETA=8s)
[TRIAL_METRICS] cur_best_mrr20=0.000000 cur_best_hr10=0.000000 cur_test_mrr20=0.009300 cur_test_hr10=0.008800 run_best_mrr20=0.000500 run_best_hr10=0.000000 run_test_mrr20=0.000000 run_test_hr10=0.000000

[41/50] learning_rate=0.006406
  -> MRR@20=0.000000  best=0.000500  (early_stop@4, trial=1s, avg=1s/trial, total=33s, ETA=7s)
[TRIAL_METRICS] cur_best_mrr20=0.000000 cur_best_hr10=0.000000 cur_test_mrr20=0.000500 cur_test_hr10=0.000000 run_best_mrr20=0.000500 run_best_hr10=0.000000 run_test_mrr20=0.000000 run_test_hr10=0.000000

[42/50] learning_rate=6.512e-05
  -> MRR@20=0.000000  best=0.000500  (early_stop@4, trial=1s, avg=1s/trial, total=34s, ETA=6s)
[TRIAL_METRICS] cur_best_mrr20=0.000000 cur_best_hr10=0.000000 cur_test_mrr20=0.009300 cur_test_hr10=0.008800 run_best_mrr20=0.000500 run_best_hr10=0.000000 run_test_mrr20=0.000000 run_test_hr10=0.000000

[43/50] learning_rate=0.0002592
  -> MRR@20=0.000000  best=0.000500  (early_stop@4, trial=0s, avg=1s/trial, total=34s, ETA=6s)
[TRIAL_METRICS] cur_best_mrr20=0.000000 cur_best_hr10=0.000000 cur_test_mrr20=0.009300 cur_test_hr10=0.008800 run_best_mrr20=0.000500 run_best_hr10=0.000000 run_test_mrr20=0.000000 run_test_hr10=0.000000

[44/50] learning_rate=3.266e-05
  -> MRR@20=0.000000  best=0.000500  (early_stop@4, trial=1s, avg=1s/trial, total=35s, ETA=5s)
[TRIAL_METRICS] cur_best_mrr20=0.000000 cur_best_hr10=0.000000 cur_test_mrr20=0.009300 cur_test_hr10=0.008800 run_best_mrr20=0.000500 run_best_hr10=0.000000 run_test_mrr20=0.000000 run_test_hr10=0.000000

[45/50] learning_rate=8.478e-05
  -> MRR@20=0.000000  best=0.000500  (early_stop@4, trial=0s, avg=1s/trial, total=36s, ETA=4s)
[TRIAL_METRICS] cur_best_mrr20=0.000000 cur_best_hr10=0.000000 cur_test_mrr20=0.009300 cur_test_hr10=0.008800 run_best_mrr20=0.000500 run_best_hr10=0.000000 run_test_mrr20=0.000000 run_test_hr10=0.000000

[46/50] learning_rate=0.0001237
  -> MRR@20=0.000000  best=0.000500  (early_stop@4, trial=0s, avg=1s/trial, total=37s, ETA=3s)
[TRIAL_METRICS] cur_best_mrr20=0.000000 cur_best_hr10=0.000000 cur_test_mrr20=0.009300 cur_test_hr10=0.008800 run_best_mrr20=0.000500 run_best_hr10=0.000000 run_test_mrr20=0.000000 run_test_hr10=0.000000

[47/50] learning_rate=0.000479
  -> MRR@20=0.000000  best=0.000500  (early_stop@4, trial=1s, avg=1s/trial, total=37s, ETA=2s)
[TRIAL_METRICS] cur_best_mrr20=0.000000 cur_best_hr10=0.000000 cur_test_mrr20=0.009300 cur_test_hr10=0.008800 run_best_mrr20=0.000500 run_best_hr10=0.000000 run_test_mrr20=0.000000 run_test_hr10=0.000000

[48/50] learning_rate=0.002891
  -> MRR@20=0.000000  best=0.000500  (early_stop@4, trial=1s, avg=1s/trial, total=38s, ETA=2s)
[TRIAL_METRICS] cur_best_mrr20=0.000000 cur_best_hr10=0.000000 cur_test_mrr20=0.004900 cur_test_hr10=0.008800 run_best_mrr20=0.000500 run_best_hr10=0.000000 run_test_mrr20=0.000000 run_test_hr10=0.000000

[49/50] learning_rate=0.001101
  -> MRR@20=0.000000  best=0.000500  (early_stop@4, trial=0s, avg=1s/trial, total=39s, ETA=1s)
[TRIAL_METRICS] cur_best_mrr20=0.000000 cur_best_hr10=0.000000 cur_test_mrr20=0.009300 cur_test_hr10=0.008800 run_best_mrr20=0.000500 run_best_hr10=0.000000 run_test_mrr20=0.000000 run_test_hr10=0.000000

[50/50] learning_rate=2.943e-05
  -> MRR@20=0.000000  best=0.000500  (early_stop@4, trial=0s, avg=1s/trial, total=40s, ETA=0s)
[TRIAL_METRICS] cur_best_mrr20=0.000000 cur_best_hr10=0.000000 cur_test_mrr20=0.009300 cur_test_hr10=0.008800 run_best_mrr20=0.000500 run_best_hr10=0.000000 run_test_mrr20=0.000000 run_test_hr10=0.000000

=================================================================
  DONE  |  BSARec x amazon_beauty
  Best MRR@20 = 0.000500  |  50/50 trials OK
  Best HR@10  = 0.000000
  Test MRR@20 = 0.000000  (best-valid checkpoint)
  Test HR@10  = 0.000000  (best-valid checkpoint)
[RUN_METRICS] best_valid_mrr20=0.000500 best_valid_hr10=0.000000 test_mrr20=0.000000 test_hr10=0.000000
  Total time: 0.7 min
  Best params:
    learning_rate: 0.00957561
  Results -> /workspace/FeaturedMoE/experiments/run/artifacts/results/baseline/amazon_beauty_BSARec_p23_sh_c03_mbsarec_fad_h3_r1_pass5_dim64_xlo_s1_20260412_111242_495712_pid124140.json
  Normal mirror -> /workspace/FeaturedMoE/experiments/run/artifacts/results/baseline/normal/stageh_targetedrecovery_anchor2_core5/P23/amazon_beauty/BSARec/amazon_beauty_BSARec_p23_sh_c03_mbsarec_fad_h3_r1_pass5_dim64_xlo_s1_20260412_111242_495712_pid124140.json
  Special result -> /workspace/FeaturedMoE/experiments/run/artifacts/results/baseline/special/stageh_targetedrecovery_anchor2_core5/P23/amazon_beauty/BSARec/amazon_beauty_BSARec_p23_sh_c03_mbsarec_fad_h3_r1_pass5_dim64_xlo_s1_20260412_111242_495712_pid124140_special_metrics.json
  Special log -> /workspace/FeaturedMoE/experiments/run/artifacts/logs/baseline/special/stageh_targetedrecovery_anchor2_core5/P23/amazon_beauty/BSARec/amazon_beauty_BSARec_p23_sh_c03_mbsarec_fad_h3_r1_pass5_dim64_xlo_s1_20260412_111242_495712_pid124140_special_metrics.json
=================================================================

[RUN_STATUS] END status=normal pid=124140 start=2026-04-12T11:12:42 end=2026-04-12T11:13:22
