[FINAL_ALL_DATASETS_SETTING_HEADER]
run_phase=P14_FAD_A6_LASTFM0_03_H5_S1 exp_brief=A6_NO_BIAS phase_id=P14 axis_id=FAD setting_id=A6_NO_BIAS_H5_S1 hparam_id=H5 seed=1
desc=A6_NO_BIAS_H5_S1
dataset=lastfm0.03 gpu=2 order=61
max_evals=20 tune_epochs=100 tune_patience=10
seed=91006

[COMMAND]
- /venv/FMoE/bin/python hyperopt_tune.py --config-name config --max-evals 20 --tune-epochs 100 --tune-patience 10 --seed 91006 --run-group fmoe_n3 --run-axis Final_all_datasets --run-phase P14_FAD_A6_LASTFM0_03_H5_S1 model=featured_moe_n3_tune dataset=lastfm0.03 eval_mode=session_fixed feature_mode=full_v3 gpu_id=2 log_wandb=false enable_tf32=true fmoe_debug_logging=false fmoe_diag_logging=true fmoe_special_logging=true fmoe_feature_ablation_logging=false fmoe_eval_logging_timing=final_only ++fmoe_logging_output_root="run/artifacts/logging" ++fmoe_logging_layout="axis_dataset_arch_hparam" ++fmoe_architecture_id="A6" ++fmoe_architecture_key="A6_NO_BIAS" ++fmoe_hparam_id="H5" ++fmoe_phase="P14" MAX_ITEM_LIST_LENGTH=20 train_batch_size=4096 eval_batch_size=4096 embedding_size=168 num_heads=4 attn_dropout_prob=0.1 d_ff=336 d_feat_emb=16 d_expert_hidden=168 d_router_hidden=84 expert_scale=3 ++search.learning_rate=[0.00015,0.008] ++search.weight_decay=[1e-06] ++search.hidden_dropout_prob=[0.15] ++search.lr_scheduler_type=["warmup_cosine"] ++search_space_type_overrides.learning_rate=loguniform ++search_space_type_overrides.weight_decay=choice ++search_space_type_overrides.hidden_dropout_prob=choice ++search_space_type_overrides.lr_scheduler_type=choice ++phase_run_type="final" ++phase_axis_id="FAD" ++phase_axis_desc="final_all_datasets" ++phase_setting_id="A6_NO_BIAS_H5_S1" ++phase_setting_key="A6_NO_BIAS" ++phase_hparam_id="H5" ++phase_seed_id=1 ++phase_run_id="FAD_A6_LASTFM0_03_H5_S1" ++layer_layout=["macro","mid","micro"] ++stage_compute_mode={macro:"moe",mid:"moe",micro:"moe"} ++stage_router_mode={macro:"learned",mid:"learned",micro:"learned"} ++stage_router_source={macro:"both",mid:"both",micro:"both"} ++stage_feature_injection={macro:"none",mid:"none",micro:"none"} ++topk_scope_mode="global_flat" ++moe_top_k=0 ++balance_loss_lambda=0.0 ++z_loss_lambda=0.0002 ++gate_entropy_lambda=0.0 ++route_smoothness_lambda=0.0 ++route_consistency_lambda=0.0008 ++route_sharpness_lambda=0.0 ++route_monopoly_lambda=0.0 ++route_monopoly_tau=0.25 ++route_prior_lambda=0.0 ++group_prior_align_lambda=0.0 ++factored_group_balance_lambda=0.0 ++rule_agreement_lambda=0.0 ++group_coverage_lambda=0.0 ++feature_group_bias_lambda=0.0 ++rule_bias_scale=0.0 ++primitive_balance_lambda=0.0 ++wrapper_group_feature_align_lambda=0.0 ++stage_router_primitives={macro:{a_joint:{source:"feature",temperature:1.0,top_k:0},b_group:{source:"feature",temperature:1.0,top_k:0},c_shared:{source:"feature",temperature:1.0,top_k:0},d_cond:{source:"feature",temperature:1.0,top_k:0},e_scalar:{source:"feature",temperature:1.0,top_k:0},wrapper:{alpha_d:1.0,alpha_struct:1.0,alpha_a:1.0}},mid:{a_joint:{source:"feature",temperature:1.0,top_k:0},b_group:{source:"feature",temperature:1.0,top_k:0},c_shared:{source:"feature",temperature:1.0,top_k:0},d_cond:{source:"feature",temperature:1.0,top_k:0},e_scalar:{source:"feature",temperature:1.0,top_k:0},wrapper:{alpha_d:1.0,alpha_struct:1.0,alpha_a:1.0}},micro:{a_joint:{source:"feature",temperature:1.0,top_k:0},b_group:{source:"feature",temperature:1.0,top_k:0},c_shared:{source:"feature",temperature:1.0,top_k:0},d_cond:{source:"feature",temperature:1.0,top_k:0},e_scalar:{source:"feature",temperature:1.0,top_k:0},wrapper:{alpha_d:1.0,alpha_struct:1.0,alpha_a:1.0}}} ++stage_router_wrapper={macro:"w4_bxd",mid:"w6_bxd_plus_a",micro:"w1_flat"} ++macro_history_window=5 ++stage_router_granularity={macro:"session",mid:"session",micro:"token"} ++stage_family_dropout_prob={macro:0.1,mid:0.1,micro:0.1} ++stage_feature_dropout_prob={macro:0.0,mid:0.0,micro:0.0} ++stage_feature_dropout_scope={macro:"token",mid:"token",micro:"token"} ++route_consistency_pairs=1 ++route_consistency_min_sim=0.995 ++bias_mode="none"
/venv/FMoE/lib/python3.10/site-packages/ray/_private/parameter.py:4: UserWarning: pkg_resources is deprecated as an API. See https://setuptools.pypa.io/en/latest/pkg_resources.html. The pkg_resources package is slated for removal as early as 2025-11-30. Refrain from using this package or pin to Setuptools<81.
  import pkg_resources
[RUN_STATUS] START pid=76402 ts=2026-04-03T11:54:24

=================================================================
  Hyperopt TPE  |  FeaturedMoE_N3 x lastfm0.03
  max_evals=20  epochs=100  patience=10  wandb=off
  batch_size(train/valid/test)=4096/4096/4096
  track=fmoe_n3  axis=final_all_datasets  phase=P14_FAD_A6_LASTFM0_03_H5_S1
=================================================================
Changed knobs: learning_rate
Tuned params(len>1): 1  (~1 discrete combos)
Tuned groups: 1
  [optimization]
    learning_rate                   [0.00015, 0.008]                          -> loguniform
Fixed params(singleton/non-list): 3
Fixed groups: 3
  [optimization]
    hidden_dropout_prob             0.15                                    
    weight_decay                    1e-06                                   
  [other]
    lr_scheduler_type               warmup_cosine                           

[Wandb] disabled for this hyperopt run

[1/20] learning_rate=0.005963
  -> MRR@20=0.218400  best=0.218400  (early_stop@18, trial=6.1min, avg=6.6min/trial, total=6.6min, ETA=2.08h)
[TRIAL_METRICS] cur_best_mrr20=0.218400 cur_best_hr10=0.260400 cur_test_mrr20=0.223700 cur_test_hr10=0.269700 run_best_mrr20=0.218400 run_best_hr10=0.260400 run_test_mrr20=0.223700 run_test_hr10=0.269700

[2/20] learning_rate=0.00263
  -> MRR@20=0.227200  best=0.227200  (early_stop@17, trial=5.9min, avg=6.2min/trial, total=12.5min, ETA=1.87h)
[TRIAL_METRICS] cur_best_mrr20=0.227200 cur_best_hr10=0.284600 cur_test_mrr20=0.229400 cur_test_hr10=0.285100 run_best_mrr20=0.227200 run_best_hr10=0.284600 run_test_mrr20=0.229400 run_test_hr10=0.285100

[3/20] learning_rate=0.0008222
  -> MRR@20=0.237300  best=0.237300  (early_stop@27, trial=9.3min, avg=7.3min/trial, total=21.8min, ETA=2.06h)
[TRIAL_METRICS] cur_best_mrr20=0.237300 cur_best_hr10=0.293400 cur_test_mrr20=0.237800 cur_test_hr10=0.293600 run_best_mrr20=0.237300 run_best_hr10=0.293400 run_test_mrr20=0.237800 run_test_hr10=0.293600

[4/20] learning_rate=0.0005384
  -> MRR@20=0.236300  best=0.237300  (early_stop@38, trial=13.0min, avg=8.7min/trial, total=34.8min, ETA=2.32h)
[TRIAL_METRICS] cur_best_mrr20=0.236300 cur_best_hr10=0.290500 cur_test_mrr20=0.239300 cur_test_hr10=0.291200 run_best_mrr20=0.237300 run_best_hr10=0.293400 run_test_mrr20=0.237800 run_test_hr10=0.293600

[5/20] learning_rate=0.000201
  -> MRR@20=0.232300  best=0.237300  (full@100, trial=35.0min, avg=14.0min/trial, total=1.16h, ETA=3.49h)
[TRIAL_METRICS] cur_best_mrr20=0.232300 cur_best_hr10=0.294700 cur_test_mrr20=0.235500 cur_test_hr10=0.297600 run_best_mrr20=0.237300 run_best_hr10=0.293400 run_test_mrr20=0.237800 run_test_hr10=0.293600

[6/20] learning_rate=0.0004896
  -> MRR@20=0.236100  best=0.237300  (early_stop@41, trial=14.2min, avg=14.0min/trial, total=1.40h, ETA=3.27h)
[TRIAL_METRICS] cur_best_mrr20=0.236100 cur_best_hr10=0.288600 cur_test_mrr20=0.239000 cur_test_hr10=0.292000 run_best_mrr20=0.237300 run_best_hr10=0.293400 run_test_mrr20=0.237800 run_test_hr10=0.293600

[7/20] learning_rate=0.004006
  -> MRR@20=0.222700  best=0.237300  (early_stop@16, trial=5.6min, avg=12.8min/trial, total=1.49h, ETA=2.78h)
[TRIAL_METRICS] cur_best_mrr20=0.222700 cur_best_hr10=0.276400 cur_test_mrr20=0.222100 cur_test_hr10=0.278700 run_best_mrr20=0.237300 run_best_hr10=0.293400 run_test_mrr20=0.237800 run_test_hr10=0.293600

[8/20] learning_rate=0.005556
  -> MRR@20=0.221300  best=0.237300  (early_stop@17, trial=5.9min, avg=11.9min/trial, total=1.59h, ETA=2.39h)
[TRIAL_METRICS] cur_best_mrr20=0.221300 cur_best_hr10=0.266000 cur_test_mrr20=0.221300 cur_test_hr10=0.268300 run_best_mrr20=0.237300 run_best_hr10=0.293400 run_test_mrr20=0.237800 run_test_hr10=0.293600

[9/20] learning_rate=0.006094
  -> MRR@20=0.219700  best=0.237300  (early_stop@15, trial=5.1min, avg=11.2min/trial, total=1.68h, ETA=2.05h)
[TRIAL_METRICS] cur_best_mrr20=0.219700 cur_best_hr10=0.270800 cur_test_mrr20=0.224900 cur_test_hr10=0.277600 run_best_mrr20=0.237300 run_best_hr10=0.293400 run_test_mrr20=0.237800 run_test_hr10=0.293600

[10/20] learning_rate=0.002833
  -> MRR@20=0.224800  best=0.237300  (early_stop@15, trial=5.1min, avg=10.6min/trial, total=1.76h, ETA=1.76h)
[TRIAL_METRICS] cur_best_mrr20=0.224800 cur_best_hr10=0.293400 cur_test_mrr20=0.226000 cur_test_hr10=0.290100 run_best_mrr20=0.237300 run_best_hr10=0.293400 run_test_mrr20=0.237800 run_test_hr10=0.293600

[11/20] learning_rate=0.0003265
  -> MRR@20=0.235200  best=0.237300  (early_stop@64, trial=21.7min, avg=11.6min/trial, total=2.12h, ETA=1.74h)
[TRIAL_METRICS] cur_best_mrr20=0.235200 cur_best_hr10=0.289100 cur_test_mrr20=0.236900 cur_test_hr10=0.291200 run_best_mrr20=0.237300 run_best_hr10=0.293400 run_test_mrr20=0.237800 run_test_hr10=0.293600

[12/20] learning_rate=0.006448
  -> MRR@20=0.220900  best=0.237300  (early_stop@16, trial=5.5min, avg=11.1min/trial, total=2.22h, ETA=1.48h)
[TRIAL_METRICS] cur_best_mrr20=0.220900 cur_best_hr10=0.271300 cur_test_mrr20=0.227100 cur_test_hr10=0.274200 run_best_mrr20=0.237300 run_best_hr10=0.293400 run_test_mrr20=0.237800 run_test_hr10=0.293600

[13/20] learning_rate=0.0002629
  -> MRR@20=0.235900  best=0.237300  (early_stop@84, trial=29.1min, avg=12.5min/trial, total=2.70h, ETA=1.45h)
[TRIAL_METRICS] cur_best_mrr20=0.235900 cur_best_hr10=0.291000 cur_test_mrr20=0.237100 cur_test_hr10=0.293600 run_best_mrr20=0.237300 run_best_hr10=0.293400 run_test_mrr20=0.237800 run_test_hr10=0.293600

[14/20] learning_rate=0.002332
  -> MRR@20=0.228800  best=0.237300  (early_stop@17, trial=5.9min, avg=12.0min/trial, total=2.80h, ETA=1.20h)
[TRIAL_METRICS] cur_best_mrr20=0.228800 cur_best_hr10=0.288100 cur_test_mrr20=0.228900 cur_test_hr10=0.290600 run_best_mrr20=0.237300 run_best_hr10=0.293400 run_test_mrr20=0.237800 run_test_hr10=0.293600

[15/20] learning_rate=0.0004426
  -> MRR@20=0.235800  best=0.237300  (early_stop@44, trial=15.4min, avg=12.2min/trial, total=3.06h, ETA=1.02h)
[TRIAL_METRICS] cur_best_mrr20=0.235800 cur_best_hr10=0.291800 cur_test_mrr20=0.238200 cur_test_hr10=0.291700 run_best_mrr20=0.237300 run_best_hr10=0.293400 run_test_mrr20=0.237800 run_test_hr10=0.293600

[16/20] learning_rate=0.0003029
  -> MRR@20=0.234500  best=0.237300  (early_stop@64, trial=22.4min, avg=12.9min/trial, total=3.43h, ETA=51.5min)
[TRIAL_METRICS] cur_best_mrr20=0.234500 cur_best_hr10=0.292300 cur_test_mrr20=0.237600 cur_test_hr10=0.293000 run_best_mrr20=0.237300 run_best_hr10=0.293400 run_test_mrr20=0.237800 run_test_hr10=0.293600

[17/20] learning_rate=0.0004977
  -> MRR@20=0.235900  best=0.237300  (early_stop@39, trial=13.4min, avg=12.9min/trial, total=3.66h, ETA=38.7min)
[TRIAL_METRICS] cur_best_mrr20=0.235900 cur_best_hr10=0.291300 cur_test_mrr20=0.239200 cur_test_hr10=0.294100 run_best_mrr20=0.237300 run_best_hr10=0.293400 run_test_mrr20=0.237800 run_test_hr10=0.293600

[18/20] learning_rate=0.0006999
  -> MRR@20=0.236800  best=0.237300  (early_stop@32, trial=11.1min, avg=12.8min/trial, total=3.84h, ETA=25.6min)
[TRIAL_METRICS] cur_best_mrr20=0.236800 cur_best_hr10=0.290200 cur_test_mrr20=0.238600 cur_test_hr10=0.289300 run_best_mrr20=0.237300 run_best_hr10=0.293400 run_test_mrr20=0.237800 run_test_hr10=0.293600

[19/20] learning_rate=0.001021
  -> MRR@20=0.235500  best=0.237300  (early_stop@23, trial=8.1min, avg=12.6min/trial, total=3.98h, ETA=12.6min)
[TRIAL_METRICS] cur_best_mrr20=0.235500 cur_best_hr10=0.293600 cur_test_mrr20=0.236600 cur_test_hr10=0.294400 run_best_mrr20=0.237300 run_best_hr10=0.293400 run_test_mrr20=0.237800 run_test_hr10=0.293600

[20/20] learning_rate=0.001533
  -> MRR@20=0.235700  best=0.237300  (early_stop@19, trial=6.6min, avg=12.3min/trial, total=4.09h, ETA=0s)
[TRIAL_METRICS] cur_best_mrr20=0.235700 cur_best_hr10=0.292600 cur_test_mrr20=0.235900 cur_test_hr10=0.292200 run_best_mrr20=0.237300 run_best_hr10=0.293400 run_test_mrr20=0.237800 run_test_hr10=0.293600
[1;35mEvaluate   [0m:   0%|                                                            | 0/1 [00:00<?, ?it/s][0m[1;35mEvaluate   [0m:   0%|                                  | 0/1 [00:01<?, ?it/s, [1;33mGPU RAM: 13.90 G/23.56 G[0m][0m[1;35mEvaluate   [0m: 100%|██████████████████████████| 1/1 [00:01<00:00,  1.57s/it, [1;33mGPU RAM: 13.90 G/23.56 G[0m][0m                                                                                                    [1;35mEvaluate   [0m:   0%|                                                            | 0/1 [00:00<?, ?it/s][0m[1;35mEvaluate   [0m:   0%|                                  | 0/1 [00:01<?, ?it/s, [1;33mGPU RAM: 13.90 G/23.56 G[0m][0m[1;35mEvaluate   [0m: 100%|██████████████████████████| 1/1 [00:01<00:00,  1.49s/it, [1;33mGPU RAM: 13.90 G/23.56 G[0m][0m                                                                                                    [1;35mEvaluate   [0m:   0%|                                                            | 0/1 [00:00<?, ?it/s][0m[1;35mEvaluate   [0m:   0%|                                  | 0/1 [00:01<?, ?it/s, [1;33mGPU RAM: 13.90 G/23.56 G[0m][0m[1;35mEvaluate   [0m: 100%|██████████████████████████| 1/1 [00:01<00:00,  1.44s/it, [1;33mGPU RAM: 13.90 G/23.56 G[0m][0m                                                                                                    
=================================================================
  DONE  |  FeaturedMoE_N3 x lastfm0.03
  Best MRR@20 = 0.237300  |  20/20 trials OK
  Best HR@10  = 0.293400
  Test MRR@20 = 0.237800  (best-valid checkpoint)
  Test HR@10  = 0.293600  (best-valid checkpoint)
[RUN_METRICS] best_valid_mrr20=0.237300 best_valid_hr10=0.293400 test_mrr20=0.237800 test_hr10=0.293600
  Total time: 245.2 min
  Best params:
    learning_rate: 0.000822208
  Results -> /workspace/jy1559/FMoE/experiments/run/artifacts/results/fmoe_n3/lastfm0.03_FeaturedMoE_N3_p14_fad_a6_lastfm0_03_h5_s1_20260403_115424_920282_pid76402.json
  Normal mirror -> /workspace/jy1559/FMoE/experiments/run/artifacts/results/fmoe_n3/normal/final_all_datasets/P14/lastfm0.03/FMoEN3/lastfm0.03_FeaturedMoE_N3_p14_fad_a6_lastfm0_03_h5_s1_20260403_115424_920282_pid76402.json
  Special result -> /workspace/jy1559/FMoE/experiments/run/artifacts/results/fmoe_n3/special/final_all_datasets/P14/lastfm0.03/FMoEN3/lastfm0.03_FeaturedMoE_N3_p14_fad_a6_lastfm0_03_h5_s1_20260403_115424_920282_pid76402_special_metrics.json
  Special log -> /workspace/jy1559/FMoE/experiments/run/artifacts/logs/fmoe_n3/special/final_all_datasets/P14/lastfm0.03/FMoEN3/lastfm0.03_FeaturedMoE_N3_p14_fad_a6_lastfm0_03_h5_s1_20260403_115424_920282_pid76402_special_metrics.json
=================================================================

[RUN_STATUS] END status=normal pid=76402 start=2026-04-03T11:54:24 end=2026-04-03T15:59:38
