[STAGEH_TARGETEDRECOVERY_ANCHOR2_CORE5_SETTING_HEADER]
run_phase=P23_SH_C22_MFAME_GLOBAL_1_FAD_H3_R1_S1 run_id=SH_FOURSQUARE_FAME_GLOBAL_1_FAD_H3_R1_S1 phase_id=P23 axis_id=SH model=FAME candidate_id=GLOBAL_1_FAD_H3_R1 seed=1
dataset=foursquare gpu=7 order=0 candidate_source=global_fallback source_stage=Final_all_datasets transfer_from_dataset=GLOBAL
max_evals=6 tune_epochs=40 tune_patience=5
seed=230344

[COMMAND]
- /venv/FMoE/bin/python hyperopt_tune.py --config-name tune_fs --max-evals 6 --tune-epochs 40 --tune-patience 5 --seed 230344 --run-group baseline --run-axis StageH_TargetedRecovery_anchor2_core5 --run-phase P23_SH_C22_MFAME_GLOBAL_1_FAD_H3_R1_S1 model=fame dataset=foursquare eval_mode=session_fixed feature_mode=full_v3 gpu_id=7 log_wandb=false show_progress=false ++special_logging=true ++seed=230344 ++search={learning_rate:[0.0001643486460628077,0.0004026038947977619]} ++search_space_type_overrides={learning_rate:"loguniform"} ++weight_decay=0.0002 ++search.weight_decay=[0.0002] ++search_space_type_overrides.weight_decay=choice ++search.n_layers=[2] ++search_space_type_overrides.n_layers=choice ++search.num_layers=[2] ++search_space_type_overrides.num_layers=choice ++search.n_heads=[4] ++search_space_type_overrides.n_heads=choice ++search.num_heads=[4] ++search_space_type_overrides.num_heads=choice ++search.dropout_ratio=[0.15] ++search_space_type_overrides.dropout_ratio=choice ++search.dropout_prob=[0.15] ++search_space_type_overrides.dropout_prob=choice ++search.hidden_dropout_prob=[0.15] ++search_space_type_overrides.hidden_dropout_prob=choice ++search.attn_dropout_prob=[0.15] ++search_space_type_overrides.attn_dropout_prob=choice ++search.hidden_size=[160] ++search_space_type_overrides.hidden_size=choice ++search.embedding_size=[160] ++search_space_type_overrides.embedding_size=choice ++search.inner_size=[320] ++search_space_type_overrides.inner_size=choice ++search.time_span=[512] ++search_space_type_overrides.time_span=choice ++search.num_experts=[4] ++search_space_type_overrides.num_experts=choice ++search.state_size=[32] ++search_space_type_overrides.state_size=choice ++search.conv_kernel=[8] ++search_space_type_overrides.conv_kernel=choice ++search.remaining_ratio=[0.7] ++search_space_type_overrides.remaining_ratio=choice ++search.MAX_ITEM_LIST_LENGTH=[10] ++search_space_type_overrides.MAX_ITEM_LIST_LENGTH=choice ++dropout_ratio=0.15 ++num_experts=4 ++train_batch_size=1443 ++eval_batch_size=2165 ++hidden_size=160 ++embedding_size=160 ++MAX_ITEM_LIST_LENGTH=10 ++num_layers=2 ++n_layers=2 ++num_heads=4 ++n_heads=4 ++inner_size=320 ++num_experts=4
/venv/FMoE/lib/python3.10/site-packages/ray/_private/parameter.py:4: UserWarning: pkg_resources is deprecated as an API. See https://setuptools.pypa.io/en/latest/pkg_resources.html. The pkg_resources package is slated for removal as early as 2025-11-30. Refrain from using this package or pin to Setuptools<81.
  import pkg_resources
[RUN_STATUS] START pid=532686 ts=2026-04-10T04:41:09

=================================================================
  Hyperopt TPE  |  FAME x foursquare
  max_evals=6  epochs=40  patience=5  wandb=off
  batch_size(train/valid/test)=1443/2165/2165
  track=baseline  axis=stageh_targetedrecovery_anchor2_core5  phase=P23_SH_C22_MFAME_GLOBAL_1_FAD_H3_R1_S1
=================================================================
Changed knobs: learning_rate
Tuned params(len>1): 1  (~1 discrete combos)
Tuned groups: 1
  [optimization]
    learning_rate                   [0.0001643486460628077, 0.0004026038947977619]  -> loguniform
Fixed params(singleton/non-list): 18
Fixed groups: 18
  [optimization]
    hidden_dropout_prob             0.15                                    
    weight_decay                    0.0002                                  
  [model_core]
    attn_dropout_prob               0.15                                    
    dropout_prob                    0.15                                    
    dropout_ratio                   0.15                                    
    embedding_size                  160                                     
    hidden_size                     160                                     
    inner_size                      320                                     
    num_heads                       4                                       
    num_layers                      2                                       
  [other]
    MAX_ITEM_LIST_LENGTH            10                                      
    conv_kernel                     8                                       
    n_heads                         4                                       
    n_layers                        2                                       
    num_experts                     4                                       
    remaining_ratio                 0.7                                     
    state_size                      32                                      
    time_span                       512                                     

[Wandb] disabled for this hyperopt run

[1/6] learning_rate=0.0003024
  -> MRR@20=0.066900  best=0.066900  (full@40, trial=2.0min, avg=2.1min/trial, total=2.1min, ETA=10.4min)
[TRIAL_METRICS] cur_best_mrr20=0.066900 cur_best_hr10=0.098600 cur_test_mrr20=0.059200 cur_test_hr10=0.094600 run_best_mrr20=0.066900 run_best_hr10=0.098600 run_test_mrr20=0.059200 run_test_hr10=0.094600

[2/6] learning_rate=0.0002014
  -> MRR@20=0.003600  best=0.066900  (early_stop@7, trial=20s, avg=1.2min/trial, total=2.4min, ETA=4.9min)
[TRIAL_METRICS] cur_best_mrr20=0.003600 cur_best_hr10=0.006800 cur_test_mrr20=0.003300 cur_test_hr10=0.005000 run_best_mrr20=0.066900 run_best_hr10=0.098600 run_test_mrr20=0.059200 run_test_hr10=0.094600

[3/6] learning_rate=0.0001965
  -> MRR@20=0.003400  best=0.066900  (early_stop@7, trial=20s, avg=55s/trial, total=2.8min, ETA=2.8min)
[TRIAL_METRICS] cur_best_mrr20=0.003400 cur_best_hr10=0.006800 cur_test_mrr20=0.003200 cur_test_hr10=0.005300 run_best_mrr20=0.066900 run_best_hr10=0.098600 run_test_mrr20=0.059200 run_test_hr10=0.094600

[4/6] learning_rate=0.0002214
  -> MRR@20=0.057700  best=0.066900  (full@40, trial=1.9min, avg=1.2min/trial, total=4.7min, ETA=2.3min)
[TRIAL_METRICS] cur_best_mrr20=0.057700 cur_best_hr10=0.084400 cur_test_mrr20=0.050600 cur_test_hr10=0.077200 run_best_mrr20=0.066900 run_best_hr10=0.098600 run_test_mrr20=0.059200 run_test_hr10=0.094600

[5/6] learning_rate=0.0003527
  -> MRR@20=0.071300  best=0.071300  (full@40, trial=1.9min, avg=1.3min/trial, total=6.6min, ETA=1.3min)
[TRIAL_METRICS] cur_best_mrr20=0.071300 cur_best_hr10=0.108800 cur_test_mrr20=0.063800 cur_test_hr10=0.099300 run_best_mrr20=0.071300 run_best_hr10=0.108800 run_test_mrr20=0.063800 run_test_hr10=0.099300

[6/6] learning_rate=0.0003985
  -> MRR@20=0.073400  best=0.073400  (full@40, trial=1.9min, avg=1.4min/trial, total=8.5min, ETA=0s)
[TRIAL_METRICS] cur_best_mrr20=0.073400 cur_best_hr10=0.113000 cur_test_mrr20=0.068700 cur_test_hr10=0.108000 run_best_mrr20=0.073400 run_best_hr10=0.113000 run_test_mrr20=0.068700 run_test_hr10=0.108000

=================================================================
  DONE  |  FAME x foursquare
  Best MRR@20 = 0.073400  |  6/6 trials OK
  Best HR@10  = 0.113000
  Test MRR@20 = 0.068700  (best-valid checkpoint)
  Test HR@10  = 0.108000  (best-valid checkpoint)
[RUN_METRICS] best_valid_mrr20=0.073400 best_valid_hr10=0.113000 test_mrr20=0.068700 test_hr10=0.108000
  Total time: 8.5 min
  Best params:
    learning_rate: 0.000398528
  Results -> /workspace/jy1559/FMoE/experiments/run/artifacts/results/baseline/foursquare_FAME_p23_sh_c22_mfame_global_1_fad_h3_r1_s1_20260410_044109_792593_pid532686.json
  Normal mirror -> /workspace/jy1559/FMoE/experiments/run/artifacts/results/baseline/normal/stageh_targetedrecovery_anchor2_core5/P23/foursquare/FAME/foursquare_FAME_p23_sh_c22_mfame_global_1_fad_h3_r1_s1_20260410_044109_792593_pid532686.json
  Special result -> /workspace/jy1559/FMoE/experiments/run/artifacts/results/baseline/special/stageh_targetedrecovery_anchor2_core5/P23/foursquare/FAME/foursquare_FAME_p23_sh_c22_mfame_global_1_fad_h3_r1_s1_20260410_044109_792593_pid532686_special_metrics.json
  Special log -> /workspace/jy1559/FMoE/experiments/run/artifacts/logs/baseline/special/stageh_targetedrecovery_anchor2_core5/P23/foursquare/FAME/foursquare_FAME_p23_sh_c22_mfame_global_1_fad_h3_r1_s1_20260410_044109_792593_pid532686_special_metrics.json
=================================================================

[RUN_STATUS] END status=normal pid=532686 start=2026-04-10T04:41:09 end=2026-04-10T04:49:41
