[STAGEG_CROSS6X9_ANCHOR2_CORE5_SETTING_HEADER]
run_phase=P22_SG_D04_M07_C02_FEAREC_XFER_FOURSQUARE_FAD_H1_R1_C2_S2 run_id=SG_MOVIELENS1M_FEAREC_XFER_FOURSQUARE_FAD_H1_R1_C2_S2 phase_id=P22 axis_id=SG model=FEARec candidate_id=XFER_foursquare_FAD_H1_R1_C2 seed=2
dataset=movielens1m gpu=5 order=0 candidate_source=final_transfer source_stage=Final_all_datasets transfer_from_dataset=foursquare
max_evals=6 tune_epochs=42 tune_patience=6
seed=220040

[COMMAND]
- /venv/FMoE/bin/python hyperopt_tune.py --config-name tune_ml --max-evals 6 --tune-epochs 42 --tune-patience 6 --seed 220040 --run-group baseline --run-axis StageG_Cross6x9_anchor2_core5 --run-phase P22_SG_D04_M07_C02_FEAREC_XFER_FOURSQUARE_FAD_H1_R1_C2_S2 model=fearec dataset=movielens1m eval_mode=session_fixed feature_mode=full_v3 gpu_id=5 log_wandb=false show_progress=false ++special_logging=true ++seed=220040 ++search={learning_rate:[0.00035274862206393764,0.0007987721071298327]} ++search_space_type_overrides={learning_rate:"loguniform"} ++weight_decay=0.0001 ++search.weight_decay=[0.0001] ++search_space_type_overrides.weight_decay=choice ++search.n_layers=[2] ++search_space_type_overrides.n_layers=choice ++search.num_layers=[2] ++search_space_type_overrides.num_layers=choice ++search.n_heads=[2] ++search_space_type_overrides.n_heads=choice ++search.num_heads=[2] ++search_space_type_overrides.num_heads=choice ++search.dropout_ratio=[0.1] ++search_space_type_overrides.dropout_ratio=choice ++search.dropout_prob=[0.1] ++search_space_type_overrides.dropout_prob=choice ++search.hidden_dropout_prob=[0.1] ++search_space_type_overrides.hidden_dropout_prob=choice ++search.attn_dropout_prob=[0.1] ++search_space_type_overrides.attn_dropout_prob=choice ++search.hidden_size=[112] ++search_space_type_overrides.hidden_size=choice ++search.embedding_size=[112] ++search_space_type_overrides.embedding_size=choice ++search.inner_size=[224] ++search_space_type_overrides.inner_size=choice ++search.time_span=[256] ++search_space_type_overrides.time_span=choice ++search.num_experts=[4] ++search_space_type_overrides.num_experts=choice ++search.state_size=[16] ++search_space_type_overrides.state_size=choice ++search.conv_kernel=[4] ++search_space_type_overrides.conv_kernel=choice ++search.remaining_ratio=[0.5] ++search_space_type_overrides.remaining_ratio=choice ++search.MAX_ITEM_LIST_LENGTH=[10] ++search_space_type_overrides.MAX_ITEM_LIST_LENGTH=choice ++dropout_ratio=0.1 ++contrast=un ++tau=0.2 ++lmd=0.04 ++lmd_sem=0.0 ++global_ratio=0.85 ++semantic_sample_max_tries=2 ++train_batch_size=640 ++eval_batch_size=896 ++hidden_size=112 ++embedding_size=112 ++MAX_ITEM_LIST_LENGTH=10 ++n_layers=2 ++num_layers=2 ++n_heads=2 ++num_heads=2 ++inner_size=224
/venv/FMoE/lib/python3.10/site-packages/ray/_private/parameter.py:4: UserWarning: pkg_resources is deprecated as an API. See https://setuptools.pypa.io/en/latest/pkg_resources.html. The pkg_resources package is slated for removal as early as 2025-11-30. Refrain from using this package or pin to Setuptools<81.
  import pkg_resources
[RUN_STATUS] START pid=337222 ts=2026-04-07T19:26:10

=================================================================
  Hyperopt TPE  |  FEARec x movielens1m
  max_evals=6  epochs=42  patience=6  wandb=off
  batch_size(train/valid/test)=640/896/896
  track=baseline  axis=stageg_cross6x9_anchor2_core5  phase=P22_SG_D04_M07_C02_FEAREC_XFER_FOURSQUARE_FAD_H1_R1_C2_S2
=================================================================
Changed knobs: learning_rate
Tuned params(len>1): 1  (~1 discrete combos)
Tuned groups: 1
  [optimization]
    learning_rate                   [0.00035274862206393764, 0.0007987721071298327]  -> loguniform
Fixed params(singleton/non-list): 18
Fixed groups: 18
  [optimization]
    hidden_dropout_prob             0.1                                     
    weight_decay                    0.0001                                  
  [model_core]
    attn_dropout_prob               0.1                                     
    dropout_prob                    0.1                                     
    dropout_ratio                   0.1                                     
    embedding_size                  112                                     
    hidden_size                     112                                     
    inner_size                      224                                     
    num_heads                       2                                       
    num_layers                      2                                       
  [other]
    MAX_ITEM_LIST_LENGTH            10                                      
    conv_kernel                     4                                       
    n_heads                         2                                       
    n_layers                        2                                       
    num_experts                     4                                       
    remaining_ratio                 0.5                                     
    state_size                      16                                      
    time_span                       256                                     

[Wandb] disabled for this hyperopt run

[1/6] learning_rate=0.0006304
  -> MRR@20=0.064800  best=0.064800  (early_stop@21, trial=8.1min, avg=8.3min/trial, total=8.3min, ETA=41.7min)
[TRIAL_METRICS] cur_best_mrr20=0.064800 cur_best_hr10=0.163400 cur_test_mrr20=0.062500 cur_test_hr10=0.164700 run_best_mrr20=0.064800 run_best_hr10=0.163400 run_test_mrr20=0.062500 run_test_hr10=0.164700

[2/6] learning_rate=0.0004552
  -> MRR@20=0.062000  best=0.064800  (early_stop@14, trial=5.5min, avg=6.9min/trial, total=13.9min, ETA=27.8min)
[TRIAL_METRICS] cur_best_mrr20=0.062000 cur_best_hr10=0.161600 cur_test_mrr20=0.057800 cur_test_hr10=0.155500 run_best_mrr20=0.064800 run_best_hr10=0.163400 run_test_mrr20=0.062500 run_test_hr10=0.164700

[3/6] learning_rate=0.0003973
  -> MRR@20=0.064500  best=0.064800  (early_stop@29, trial=11.0min, avg=8.3min/trial, total=24.9min, ETA=24.9min)
[TRIAL_METRICS] cur_best_mrr20=0.064500 cur_best_hr10=0.157900 cur_test_mrr20=0.059700 cur_test_hr10=0.160600 run_best_mrr20=0.064800 run_best_hr10=0.163400 run_test_mrr20=0.062500 run_test_hr10=0.164700

[4/6] learning_rate=0.0007558
  -> MRR@20=0.066700  best=0.066700  (early_stop@14, trial=5.1min, avg=7.5min/trial, total=30.0min, ETA=15.0min)
[TRIAL_METRICS] cur_best_mrr20=0.066700 cur_best_hr10=0.166200 cur_test_mrr20=0.064100 cur_test_hr10=0.170700 run_best_mrr20=0.066700 run_best_hr10=0.166200 run_test_mrr20=0.064100 run_test_hr10=0.170700

[5/6] learning_rate=0.0003962
  -> MRR@20=0.063600  best=0.066700  (early_stop@36, trial=14.1min, avg=8.8min/trial, total=44.1min, ETA=8.8min)
[TRIAL_METRICS] cur_best_mrr20=0.063600 cur_best_hr10=0.150500 cur_test_mrr20=0.059600 cur_test_hr10=0.155100 run_best_mrr20=0.066700 run_best_hr10=0.166200 run_test_mrr20=0.064100 run_test_hr10=0.170700

[6/6] learning_rate=0.0006421
  -> MRR@20=0.062400  best=0.066700  (early_stop@13, trial=4.9min, avg=8.2min/trial, total=49.0min, ETA=0s)
[TRIAL_METRICS] cur_best_mrr20=0.062400 cur_best_hr10=0.157000 cur_test_mrr20=0.054500 cur_test_hr10=0.156400 run_best_mrr20=0.066700 run_best_hr10=0.166200 run_test_mrr20=0.064100 run_test_hr10=0.170700

=================================================================
  DONE  |  FEARec x movielens1m
  Best MRR@20 = 0.066700  |  6/6 trials OK
  Best HR@10  = 0.166200
  Test MRR@20 = 0.064100  (best-valid checkpoint)
  Test HR@10  = 0.170700  (best-valid checkpoint)
[RUN_METRICS] best_valid_mrr20=0.066700 best_valid_hr10=0.166200 test_mrr20=0.064100 test_hr10=0.170700
  Total time: 49.0 min
  Best params:
    learning_rate: 0.000755837
  Results -> /workspace/jy1559/FMoE/experiments/run/artifacts/results/baseline/movielens1m_FEARec_p22_sg_d04_m07_c02_fearec_xfer_foursquare_fad_h1_r1_c2_s2_20260407_192610_936745_pid337222.json
  Normal mirror -> /workspace/jy1559/FMoE/experiments/run/artifacts/results/baseline/normal/stageg_cross6x9_anchor2_core5/P22/movielens1m/FEARec/movielens1m_FEARec_p22_sg_d04_m07_c02_fearec_xfer_foursquare_fad_h1_r1_c2_s2_20260407_192610_936745_pid337222.json
  Special result -> /workspace/jy1559/FMoE/experiments/run/artifacts/results/baseline/special/stageg_cross6x9_anchor2_core5/P22/movielens1m/FEARec/movielens1m_FEARec_p22_sg_d04_m07_c02_fearec_xfer_foursquare_fad_h1_r1_c2_s2_20260407_192610_936745_pid337222_special_metrics.json
  Special log -> /workspace/jy1559/FMoE/experiments/run/artifacts/logs/baseline/special/stageg_cross6x9_anchor2_core5/P22/movielens1m/FEARec/movielens1m_FEARec_p22_sg_d04_m07_c02_fearec_xfer_foursquare_fad_h1_r1_c2_s2_20260407_192610_936745_pid337222_special_metrics.json
=================================================================

[RUN_STATUS] END status=normal pid=337222 start=2026-04-07T19:26:10 end=2026-04-07T20:15:11
