[STAGEI_PROGRESSIVE_RECOVERY_ANCHOR2_CORE5_SETTING_HEADER]
run_phase=P24_S3_I1S3_D02_MGRU4REC_C06_I1S3_GRU4REC_CLASSIC_SINGLE_LAYER_CTRL_S1 run_id=I1S3_AMAZON_BEAUTY_GRU4REC_I1S3_GRU4REC_CLASSIC_SINGLE_LAYER_CTRL_S1 phase_id=P24 axis_id=SI step_name=step3 pass_name=pass1 model=GRU4Rec candidate_id=I1S3_GRU4REC_CLASSIC_SINGLE_LAYER_CTRL seed=1
dataset=amazon_beauty gpu=4 candidate_source=root_cause_hypothesis source_stage=step3_hypothesis_bank anchor_run_id=SH_AMAZON_BEAUTY_GRU4REC_AB_GRU_STAGEH_REC1_S1 hypothesis_family=classic_single_layer root_cause_tag=gru_classic_recipe_missing batch_profile=step3:pass1:bs7424/9216
max_evals=10 tune_epochs=100 tune_patience=5
seed=240029

[COMMAND]
- /venv/FMoE/bin/python hyperopt_tune.py --config-name tune_ab --max-evals 10 --tune-epochs 100 --tune-patience 5 --seed 240029 --run-group baseline --run-axis StageI_ProgressiveRecovery_anchor2_core5 --run-phase P24_S3_I1S3_D02_MGRU4REC_C06_I1S3_GRU4REC_CLASSIC_SINGLE_LAYER_CTRL_S1 model=gru4rec dataset=amazon_beauty eval_mode=session_fixed feature_mode=full_v3 gpu_id=4 log_wandb=false show_progress=false ++special_logging=true ++seed=240029 ++search={learning_rate:[0.00015,0.00123845248],hidden_size:[64,128,192],embedding_size:[64,128,192],num_layers:[1],n_layers:[1],MAX_ITEM_LIST_LENGTH:[16,24,32,50],dropout_prob:[0.2,0.3,0.4],weight_decay:[0.0,1e-05,0.0001],n_heads:[4],num_heads:[4],dropout_ratio:[0.3],hidden_dropout_prob:[0.3],attn_dropout_prob:[0.3],inner_size:[528],time_span:[384],num_experts:[6],bsarec_c:[3],fame_moe_last_k_layers:[1],state_size:[24],conv_kernel:[6],remaining_ratio:[0.6]} ++search_space_type_overrides={learning_rate:"loguniform",hidden_size:"choice",embedding_size:"choice",num_layers:"choice",n_layers:"choice",MAX_ITEM_LIST_LENGTH:"choice",dropout_prob:"choice",weight_decay:"choice",n_heads:"choice",num_heads:"choice",dropout_ratio:"choice",hidden_dropout_prob:"choice",attn_dropout_prob:"choice",inner_size:"choice",time_span:"choice",num_experts:"choice",bsarec_c:"choice",fame_moe_last_k_layers:"choice",state_size:"choice",conv_kernel:"choice",remaining_ratio:"choice"} ++weight_decay=1e-05 ++dropout_prob=0.3 ++train_batch_size=7424 ++eval_batch_size=9216
/venv/FMoE/lib/python3.10/site-packages/ray/_private/parameter.py:4: UserWarning: pkg_resources is deprecated as an API. See https://setuptools.pypa.io/en/latest/pkg_resources.html. The pkg_resources package is slated for removal as early as 2025-11-30. Refrain from using this package or pin to Setuptools<81.
  import pkg_resources
[RUN_STATUS] START pid=552137 ts=2026-04-13T07:32:42

=================================================================
  Hyperopt TPE  |  GRU4Rec x amazon_beauty
  max_evals=10  epochs=100  patience=5  wandb=off
  batch_size(train/valid/test)=7424/9216/9216
  track=baseline  axis=stagei_progressiverecovery_anchor2_core5  phase=P24_S3_I1S3_D02_MGRU4REC_C06_I1S3_GRU4REC_CLASSIC_SINGLE_LAYER_CTRL_S1
=================================================================
Changed knobs: MAX_ITEM_LIST_LENGTH, dropout_prob, embedding_size, hidden_size, learning_rate, weight_decay
Tuned params(len>1): 6  (~324 discrete combos)
Tuned groups: 6
  [optimization]
    learning_rate                   [0.00015, 0.00123845248]                  -> loguniform
    weight_decay                    [0.0, 1e-05, 0.0001]                      -> choice
  [model_core]
    dropout_prob                    [0.2, 0.3, 0.4]                           -> choice
    embedding_size                  [64, 128, 192]                            -> choice
    hidden_size                     [64, 128, 192]                            -> choice
  [other]
    MAX_ITEM_LIST_LENGTH            [16, 24, 32, 50]                          -> choice
Fixed params(singleton/non-list): 15
Fixed groups: 15
  [optimization]
    hidden_dropout_prob             0.3                                     
  [model_core]
    attn_dropout_prob               0.3                                     
    dropout_ratio                   0.3                                     
    inner_size                      528                                     
    num_heads                       4                                       
    num_layers                      1                                       
  [other]
    bsarec_c                        3                                       
    conv_kernel                     6                                       
    fame_moe_last_k_layers          1                                       
    n_heads                         4                                       
    n_layers                        1                                       
    num_experts                     6                                       
    remaining_ratio                 0.6                                     
    state_size                      24                                      
    time_span                       384                                     

[Wandb] disabled for this hyperopt run

[1/10] MAX_ITEM_LIST_LENGTH=32, dropout_prob=0.2, embedding_size=192, hidden_size=64, learning_rate=0.0002462, weight_decay=1e-05
  -> MRR@20=0.000700  best=0.000700  (early_stop@8, trial=1s, avg=3s/trial, total=3s, ETA=29s)
[TRIAL_METRICS] cur_best_mrr20=0.000700 cur_best_hr10=0.000000 cur_test_mrr20=0.003400 cur_test_hr10=0.017500 run_best_mrr20=0.000700 run_best_hr10=0.000000 run_test_mrr20=0.003400 run_test_hr10=0.017500

[2/10] MAX_ITEM_LIST_LENGTH=16, dropout_prob=0.4, embedding_size=64, hidden_size=192, learning_rate=0.0002811, weight_decay=0
  -> MRR@20=0.002900  best=0.002900  (early_stop@9, trial=1s, avg=2s/trial, total=5s, ETA=19s)
[TRIAL_METRICS] cur_best_mrr20=0.002900 cur_best_hr10=0.008800 cur_test_mrr20=0.001500 cur_test_hr10=0.008800 run_best_mrr20=0.002900 run_best_hr10=0.008800 run_test_mrr20=0.001500 run_test_hr10=0.008800

[3/10] MAX_ITEM_LIST_LENGTH=32, dropout_prob=0.4, embedding_size=128, hidden_size=128, learning_rate=0.0005054, weight_decay=0.0001
  -> MRR@20=0.000000  best=0.002900  (early_stop@6, trial=1s, avg=2s/trial, total=6s, ETA=14s)
[TRIAL_METRICS] cur_best_mrr20=0.000000 cur_best_hr10=0.000000 cur_test_mrr20=0.000000 cur_test_hr10=0.000000 run_best_mrr20=0.002900 run_best_hr10=0.008800 run_test_mrr20=0.001500 run_test_hr10=0.008800

[4/10] MAX_ITEM_LIST_LENGTH=50, dropout_prob=0.2, embedding_size=128, hidden_size=64, learning_rate=0.0003159, weight_decay=1e-05
  -> MRR@20=0.001500  best=0.002900  (early_stop@14, trial=2s, avg=2s/trial, total=8s, ETA=12s)
[TRIAL_METRICS] cur_best_mrr20=0.001500 cur_best_hr10=0.008800 cur_test_mrr20=0.000000 cur_test_hr10=0.000000 run_best_mrr20=0.002900 run_best_hr10=0.008800 run_test_mrr20=0.001500 run_test_hr10=0.008800

[5/10] MAX_ITEM_LIST_LENGTH=24, dropout_prob=0.4, embedding_size=192, hidden_size=192, learning_rate=0.0004353, weight_decay=0
  -> MRR@20=0.001300  best=0.002900  (early_stop@6, trial=1s, avg=2s/trial, total=9s, ETA=9s)
[TRIAL_METRICS] cur_best_mrr20=0.001300 cur_best_hr10=0.008800 cur_test_mrr20=0.002200 cur_test_hr10=0.008800 run_best_mrr20=0.002900 run_best_hr10=0.008800 run_test_mrr20=0.001500 run_test_hr10=0.008800

[6/10] MAX_ITEM_LIST_LENGTH=32, dropout_prob=0.4, embedding_size=64, hidden_size=128, learning_rate=0.001113, weight_decay=1e-05
  -> MRR@20=0.000000  best=0.002900  (early_stop@6, trial=1s, avg=2s/trial, total=10s, ETA=7s)
[TRIAL_METRICS] cur_best_mrr20=0.000000 cur_best_hr10=0.000000 cur_test_mrr20=0.000000 cur_test_hr10=0.000000 run_best_mrr20=0.002900 run_best_hr10=0.008800 run_test_mrr20=0.001500 run_test_hr10=0.008800

[7/10] MAX_ITEM_LIST_LENGTH=50, dropout_prob=0.3, embedding_size=192, hidden_size=64, learning_rate=0.0003341, weight_decay=0.0001
  -> MRR@20=0.001900  best=0.002900  (early_stop@19, trial=3s, avg=2s/trial, total=13s, ETA=6s)
[TRIAL_METRICS] cur_best_mrr20=0.001900 cur_best_hr10=0.008800 cur_test_mrr20=0.001300 cur_test_hr10=0.000000 run_best_mrr20=0.002900 run_best_hr10=0.008800 run_test_mrr20=0.001500 run_test_hr10=0.008800

[8/10] MAX_ITEM_LIST_LENGTH=50, dropout_prob=0.2, embedding_size=64, hidden_size=192, learning_rate=0.00058, weight_decay=0
  -> MRR@20=0.004900  best=0.004900  (early_stop@12, trial=2s, avg=2s/trial, total=16s, ETA=4s)
[TRIAL_METRICS] cur_best_mrr20=0.004900 cur_best_hr10=0.008800 cur_test_mrr20=0.002200 cur_test_hr10=0.008800 run_best_mrr20=0.004900 run_best_hr10=0.008800 run_test_mrr20=0.002200 run_test_hr10=0.008800

[9/10] MAX_ITEM_LIST_LENGTH=32, dropout_prob=0.2, embedding_size=64, hidden_size=128, learning_rate=0.0003251, weight_decay=0
  -> MRR@20=0.000000  best=0.004900  (early_stop@6, trial=1s, avg=2s/trial, total=17s, ETA=2s)
[TRIAL_METRICS] cur_best_mrr20=0.000000 cur_best_hr10=0.000000 cur_test_mrr20=0.000500 cur_test_hr10=0.000000 run_best_mrr20=0.004900 run_best_hr10=0.008800 run_test_mrr20=0.002200 run_test_hr10=0.008800

[10/10] MAX_ITEM_LIST_LENGTH=24, dropout_prob=0.3, embedding_size=64, hidden_size=64, learning_rate=0.0003028, weight_decay=0.0001
  -> MRR@20=0.001700  best=0.004900  (early_stop@6, trial=1s, avg=2s/trial, total=18s, ETA=0s)
[TRIAL_METRICS] cur_best_mrr20=0.001700 cur_best_hr10=0.008800 cur_test_mrr20=0.000500 cur_test_hr10=0.000000 run_best_mrr20=0.004900 run_best_hr10=0.008800 run_test_mrr20=0.002200 run_test_hr10=0.008800

=================================================================
  DONE  |  GRU4Rec x amazon_beauty
  Best MRR@20 = 0.004900  |  10/10 trials OK
  Best HR@10  = 0.008800
  Test MRR@20 = 0.002200  (best-valid checkpoint)
  Test HR@10  = 0.008800  (best-valid checkpoint)
[RUN_METRICS] best_valid_mrr20=0.004900 best_valid_hr10=0.008800 test_mrr20=0.002200 test_hr10=0.008800
  Total time: 0.3 min
  Best params:
    MAX_ITEM_LIST_LENGTH: 50
    dropout_prob: 0.2
    embedding_size: 64
    hidden_size: 192
    learning_rate: 0.000580049
    weight_decay: 0
  Results -> /workspace/FeaturedMoE/experiments/run/artifacts/results/baseline/amazon_beauty_GRU4Rec_p24_s3_i1s3_d02_mgru4rec_c06_i1s3_gru4rec_classic_single_layer_ctrl_s1_20260413_073242_986073_pid552137.json
  Normal mirror -> /workspace/FeaturedMoE/experiments/run/artifacts/results/baseline/normal/stagei_progressiverecovery_anchor2_core5/P24/amazon_beauty/GRU4Rec/amazon_beauty_GRU4Rec_p24_s3_i1s3_d02_mgru4rec_c06_i1s3_gru4rec_classic_single_layer_ctrl_s1_20260413_073242_986073_pid552137.json
  Special result -> /workspace/FeaturedMoE/experiments/run/artifacts/results/baseline/special/stagei_progressiverecovery_anchor2_core5/P24/amazon_beauty/GRU4Rec/amazon_beauty_GRU4Rec_p24_s3_i1s3_d02_mgru4rec_c06_i1s3_gru4rec_classic_single_layer_ctrl_s1_20260413_073242_986073_pid552137_special_metrics.json
  Special log -> /workspace/FeaturedMoE/experiments/run/artifacts/logs/baseline/special/stagei_progressiverecovery_anchor2_core5/P24/amazon_beauty/GRU4Rec/amazon_beauty_GRU4Rec_p24_s3_i1s3_d02_mgru4rec_c06_i1s3_gru4rec_classic_single_layer_ctrl_s1_20260413_073242_986073_pid552137_special_metrics.json
=================================================================

[RUN_STATUS] END status=normal pid=552137 start=2026-04-13T07:32:42 end=2026-04-13T07:33:00
