[FINAL_ALL_DATASETS_SETTING_HEADER]
run_phase=P14_FAD_A5_FOURSQUARE_H2_S2 exp_brief=A5_NO_CATEGORY_NO_TIMESTAMP phase_id=P14 axis_id=FAD setting_id=A5_NO_CATEGORY_NO_TIMESTAMP_H2_S2 hparam_id=H2 seed=2
desc=A5_NO_CATEGORY_NO_TIMESTAMP_H2_S2
dataset=foursquare gpu=1 order=96
max_evals=20 tune_epochs=100 tune_patience=10
seed=91003

[COMMAND]
- /venv/FMoE/bin/python hyperopt_tune.py --config-name config --max-evals 20 --tune-epochs 100 --tune-patience 10 --seed 91003 --run-group fmoe_n3 --run-axis Final_all_datasets --run-phase P14_FAD_A5_FOURSQUARE_H2_S2 model=featured_moe_n3_tune dataset=foursquare eval_mode=session_fixed feature_mode=full_v3 gpu_id=1 log_wandb=false enable_tf32=true fmoe_debug_logging=false fmoe_diag_logging=true fmoe_special_logging=true fmoe_feature_ablation_logging=false fmoe_eval_logging_timing=final_only ++fmoe_logging_output_root="run/artifacts/logging" ++fmoe_logging_layout="axis_dataset_arch_hparam" ++fmoe_architecture_id="A5" ++fmoe_architecture_key="A5_NO_CATEGORY_NO_TIMESTAMP" ++fmoe_hparam_id="H2" ++fmoe_phase="P14" MAX_ITEM_LIST_LENGTH=20 train_batch_size=4096 eval_batch_size=4096 embedding_size=160 num_heads=4 attn_dropout_prob=0.1 d_ff=320 d_feat_emb=16 d_expert_hidden=160 d_router_hidden=80 expert_scale=3 ++search.learning_rate=[0.00015,0.008] ++search.weight_decay=[5e-07] ++search.hidden_dropout_prob=[0.12] ++search.lr_scheduler_type=["warmup_cosine"] ++search_space_type_overrides.learning_rate=loguniform ++search_space_type_overrides.weight_decay=choice ++search_space_type_overrides.hidden_dropout_prob=choice ++search_space_type_overrides.lr_scheduler_type=choice ++phase_run_type="final" ++phase_axis_id="FAD" ++phase_axis_desc="final_all_datasets" ++phase_setting_id="A5_NO_CATEGORY_NO_TIMESTAMP_H2_S2" ++phase_setting_key="A5_NO_CATEGORY_NO_TIMESTAMP" ++phase_hparam_id="H2" ++phase_seed_id=2 ++phase_run_id="FAD_A5_FOURSQUARE_H2_S2" ++layer_layout=["macro","mid","micro"] ++stage_compute_mode={macro:"moe",mid:"moe",micro:"moe"} ++stage_router_mode={macro:"learned",mid:"learned",micro:"learned"} ++stage_router_source={macro:"both",mid:"both",micro:"both"} ++stage_feature_injection={macro:"none",mid:"none",micro:"none"} ++topk_scope_mode="global_flat" ++moe_top_k=0 ++balance_loss_lambda=0.0 ++z_loss_lambda=0.0002 ++gate_entropy_lambda=0.0 ++route_smoothness_lambda=0.0 ++route_consistency_lambda=0.0008 ++route_sharpness_lambda=0.0 ++route_monopoly_lambda=0.0 ++route_monopoly_tau=0.25 ++route_prior_lambda=0.0 ++group_prior_align_lambda=0.0 ++factored_group_balance_lambda=0.0 ++rule_agreement_lambda=0.0 ++group_coverage_lambda=0.0 ++feature_group_bias_lambda=0.05 ++rule_bias_scale=0.1 ++primitive_balance_lambda=0.0 ++wrapper_group_feature_align_lambda=0.0 ++stage_router_primitives={macro:{a_joint:{source:"feature",temperature:1.0,top_k:0},b_group:{source:"feature",temperature:1.0,top_k:0},c_shared:{source:"feature",temperature:1.0,top_k:0},d_cond:{source:"feature",temperature:1.0,top_k:0},e_scalar:{source:"feature",temperature:1.0,top_k:0},wrapper:{alpha_d:1.0,alpha_struct:1.0,alpha_a:1.0}},mid:{a_joint:{source:"feature",temperature:1.0,top_k:0},b_group:{source:"feature",temperature:1.0,top_k:0},c_shared:{source:"feature",temperature:1.0,top_k:0},d_cond:{source:"feature",temperature:1.0,top_k:0},e_scalar:{source:"feature",temperature:1.0,top_k:0},wrapper:{alpha_d:1.0,alpha_struct:1.0,alpha_a:1.0}},micro:{a_joint:{source:"feature",temperature:1.0,top_k:0},b_group:{source:"feature",temperature:1.0,top_k:0},c_shared:{source:"feature",temperature:1.0,top_k:0},d_cond:{source:"feature",temperature:1.0,top_k:0},e_scalar:{source:"feature",temperature:1.0,top_k:0},wrapper:{alpha_d:1.0,alpha_struct:1.0,alpha_a:1.0}}} ++stage_router_wrapper={macro:"w4_bxd",mid:"w6_bxd_plus_a",micro:"w1_flat"} ++macro_history_window=5 ++stage_router_granularity={macro:"session",mid:"session",micro:"token"} ++stage_family_dropout_prob={macro:0.1,mid:0.1,micro:0.1} ++stage_feature_dropout_prob={macro:0.0,mid:0.0,micro:0.0} ++stage_feature_dropout_scope={macro:"token",mid:"token",micro:"token"} ++route_consistency_pairs=1 ++route_consistency_min_sim=0.995 ++stage_feature_drop_keywords=["cat","theme","timestamp","gap","pace","int_","_int","sess_age","ctx_valid_r","valid_r","delta_vs_mid"]
/venv/FMoE/lib/python3.10/site-packages/ray/_private/parameter.py:4: UserWarning: pkg_resources is deprecated as an API. See https://setuptools.pypa.io/en/latest/pkg_resources.html. The pkg_resources package is slated for removal as early as 2025-11-30. Refrain from using this package or pin to Setuptools<81.
  import pkg_resources
[RUN_STATUS] START pid=81405 ts=2026-04-03T16:57:08

=================================================================
  Hyperopt TPE  |  FeaturedMoE_N3 x foursquare
  max_evals=20  epochs=100  patience=10  wandb=off
  batch_size(train/valid/test)=4096/4096/4096
  track=fmoe_n3  axis=final_all_datasets  phase=P14_FAD_A5_FOURSQUARE_H2_S2
=================================================================
Changed knobs: learning_rate
Tuned params(len>1): 1  (~1 discrete combos)
Tuned groups: 1
  [optimization]
    learning_rate                   [0.00015, 0.008]                          -> loguniform
Fixed params(singleton/non-list): 3
Fixed groups: 3
  [optimization]
    hidden_dropout_prob             0.12                                    
    weight_decay                    5e-07                                   
  [other]
    lr_scheduler_type               warmup_cosine                           

[Wandb] disabled for this hyperopt run

[1/20] learning_rate=0.0001998
  -> MRR@20=0.111100  best=0.111100  (early_stop@81, trial=6.4min, avg=6.5min/trial, total=6.5min, ETA=2.05h)
[TRIAL_METRICS] cur_best_mrr20=0.111100 cur_best_hr10=0.199200 cur_test_mrr20=0.109200 cur_test_hr10=0.201500 run_best_mrr20=0.111100 run_best_hr10=0.199200 run_test_mrr20=0.109200 run_test_hr10=0.201500

[2/20] learning_rate=0.001366
  -> MRR@20=0.103600  best=0.111100  (early_stop@21, trial=1.7min, avg=4.1min/trial, total=8.2min, ETA=1.22h)
[TRIAL_METRICS] cur_best_mrr20=0.103600 cur_best_hr10=0.191900 cur_test_mrr20=0.102100 cur_test_hr10=0.188600 run_best_mrr20=0.111100 run_best_hr10=0.199200 run_test_mrr20=0.109200 run_test_hr10=0.201500

[3/20] learning_rate=0.006567
  -> MRR@20=0.061400  best=0.111100  (early_stop@79, trial=6.3min, avg=4.8min/trial, total=14.5min, ETA=1.37h)
[TRIAL_METRICS] cur_best_mrr20=0.061400 cur_best_hr10=0.119300 cur_test_mrr20=0.058100 cur_test_hr10=0.118800 run_best_mrr20=0.111100 run_best_hr10=0.199200 run_test_mrr20=0.109200 run_test_hr10=0.201500

[4/20] learning_rate=0.004024
  -> MRR@20=0.094900  best=0.111100  (early_stop@13, trial=1.0min, avg=3.9min/trial, total=15.5min, ETA=1.03h)
[TRIAL_METRICS] cur_best_mrr20=0.094900 cur_best_hr10=0.185800 cur_test_mrr20=0.099700 cur_test_hr10=0.191500 run_best_mrr20=0.111100 run_best_hr10=0.199200 run_test_mrr20=0.109200 run_test_hr10=0.201500

[5/20] learning_rate=0.005096
  -> MRR@20=0.087400  best=0.111100  (early_stop@14, trial=1.1min, avg=3.3min/trial, total=16.6min, ETA=49.9min)
[TRIAL_METRICS] cur_best_mrr20=0.087400 cur_best_hr10=0.176600 cur_test_mrr20=0.090200 cur_test_hr10=0.175200 run_best_mrr20=0.111100 run_best_hr10=0.199200 run_test_mrr20=0.109200 run_test_hr10=0.201500

[6/20] learning_rate=0.001331
  -> MRR@20=0.103000  best=0.111100  (early_stop@17, trial=1.4min, avg=3.0min/trial, total=18.0min, ETA=42.1min)
[TRIAL_METRICS] cur_best_mrr20=0.103000 cur_best_hr10=0.195800 cur_test_mrr20=0.105600 cur_test_hr10=0.198100 run_best_mrr20=0.111100 run_best_hr10=0.199200 run_test_mrr20=0.109200 run_test_hr10=0.201500

[7/20] learning_rate=0.0002202
  -> MRR@20=0.111900  best=0.111900  (early_stop@91, trial=7.4min, avg=3.6min/trial, total=25.4min, ETA=47.2min)
[TRIAL_METRICS] cur_best_mrr20=0.111900 cur_best_hr10=0.201600 cur_test_mrr20=0.108300 cur_test_hr10=0.199400 run_best_mrr20=0.111900 run_best_hr10=0.201600 run_test_mrr20=0.108300 run_test_hr10=0.199400

[8/20] learning_rate=0.0005565
  -> MRR@20=0.113400  best=0.113400  (early_stop@37, trial=3.0min, avg=3.6min/trial, total=28.4min, ETA=42.6min)
[TRIAL_METRICS] cur_best_mrr20=0.113400 cur_best_hr10=0.202900 cur_test_mrr20=0.105000 cur_test_hr10=0.195500 run_best_mrr20=0.113400 run_best_hr10=0.202900 run_test_mrr20=0.105000 run_test_hr10=0.195500

[9/20] learning_rate=0.0002555
  -> MRR@20=0.113800  best=0.113800  (early_stop@73, trial=5.8min, avg=3.8min/trial, total=34.3min, ETA=41.9min)
[TRIAL_METRICS] cur_best_mrr20=0.113800 cur_best_hr10=0.203900 cur_test_mrr20=0.108300 cur_test_hr10=0.201500 run_best_mrr20=0.113800 run_best_hr10=0.203900 run_test_mrr20=0.108300 run_test_hr10=0.201500

[10/20] learning_rate=0.0002584
  -> MRR@20=0.113800  best=0.113800  (early_stop@57, trial=4.6min, avg=3.9min/trial, total=38.9min, ETA=38.9min)
[TRIAL_METRICS] cur_best_mrr20=0.113800 cur_best_hr10=0.201300 cur_test_mrr20=0.110400 cur_test_hr10=0.204700 run_best_mrr20=0.113800 run_best_hr10=0.201300 run_test_mrr20=0.110400 run_test_hr10=0.204700

[11/20] learning_rate=0.001272
  -> MRR@20=0.103400  best=0.113800  (early_stop@18, trial=1.4min, avg=3.7min/trial, total=40.3min, ETA=33.0min)
[TRIAL_METRICS] cur_best_mrr20=0.103400 cur_best_hr10=0.194000 cur_test_mrr20=0.104100 cur_test_hr10=0.196800 run_best_mrr20=0.113800 run_best_hr10=0.203900 run_test_mrr20=0.108300 run_test_hr10=0.201500

[12/20] learning_rate=0.001306
  -> MRR@20=0.103200  best=0.113800  (early_stop@17, trial=1.3min, avg=3.5min/trial, total=41.7min, ETA=27.8min)
[TRIAL_METRICS] cur_best_mrr20=0.103200 cur_best_hr10=0.196100 cur_test_mrr20=0.105300 cur_test_hr10=0.197800 run_best_mrr20=0.113800 run_best_hr10=0.203900 run_test_mrr20=0.108300 run_test_hr10=0.201500

[13/20] learning_rate=0.003053
  -> MRR@20=0.097900  best=0.113800  (early_stop@15, trial=1.2min, avg=3.3min/trial, total=42.9min, ETA=23.1min)
[TRIAL_METRICS] cur_best_mrr20=0.097900 cur_best_hr10=0.187400 cur_test_mrr20=0.096400 cur_test_hr10=0.183700 run_best_mrr20=0.113800 run_best_hr10=0.203900 run_test_mrr20=0.108300 run_test_hr10=0.201500

[14/20] learning_rate=0.003959
  -> MRR@20=0.101300  best=0.113800  (early_stop@13, trial=1.0min, avg=3.1min/trial, total=43.9min, ETA=18.8min)
[TRIAL_METRICS] cur_best_mrr20=0.101300 cur_best_hr10=0.191900 cur_test_mrr20=0.101100 cur_test_hr10=0.195700 run_best_mrr20=0.113800 run_best_hr10=0.203900 run_test_mrr20=0.108300 run_test_hr10=0.201500

[15/20] learning_rate=0.0003162
  -> MRR@20=0.118200  best=0.118200  (early_stop@58, trial=4.6min, avg=3.2min/trial, total=48.6min, ETA=16.2min)
[TRIAL_METRICS] cur_best_mrr20=0.118200 cur_best_hr10=0.209700 cur_test_mrr20=0.110900 cur_test_hr10=0.202800 run_best_mrr20=0.118200 run_best_hr10=0.209700 run_test_mrr20=0.110900 run_test_hr10=0.202800

[16/20] learning_rate=0.002098
  -> MRR@20=0.102900  best=0.118200  (early_stop@15, trial=1.2min, avg=3.1min/trial, total=49.8min, ETA=12.4min)
[TRIAL_METRICS] cur_best_mrr20=0.102900 cur_best_hr10=0.198200 cur_test_mrr20=0.103700 cur_test_hr10=0.204400 run_best_mrr20=0.118200 run_best_hr10=0.209700 run_test_mrr20=0.110900 run_test_hr10=0.202800

[17/20] learning_rate=0.002031
  -> MRR@20=0.102700  best=0.118200  (early_stop@15, trial=1.2min, avg=3.0min/trial, total=51.0min, ETA=9.0min)
[TRIAL_METRICS] cur_best_mrr20=0.102700 cur_best_hr10=0.199700 cur_test_mrr20=0.102900 cur_test_hr10=0.201800 run_best_mrr20=0.118200 run_best_hr10=0.209700 run_test_mrr20=0.110900 run_test_hr10=0.202800

[18/20] learning_rate=0.0002325
  -> MRR@20=0.111500  best=0.118200  (early_stop@76, trial=6.2min, avg=3.2min/trial, total=57.2min, ETA=6.4min)
[TRIAL_METRICS] cur_best_mrr20=0.111500 cur_best_hr10=0.199500 cur_test_mrr20=0.107700 cur_test_hr10=0.200200 run_best_mrr20=0.118200 run_best_hr10=0.209700 run_test_mrr20=0.110900 run_test_hr10=0.202800

[19/20] learning_rate=0.003794
  -> MRR@20=0.098000  best=0.118200  (early_stop@14, trial=1.1min, avg=3.1min/trial, total=58.3min, ETA=3.1min)
[TRIAL_METRICS] cur_best_mrr20=0.098000 cur_best_hr10=0.193400 cur_test_mrr20=0.101100 cur_test_hr10=0.190200 run_best_mrr20=0.118200 run_best_hr10=0.209700 run_test_mrr20=0.110900 run_test_hr10=0.202800

[20/20] learning_rate=0.003441
  -> MRR@20=0.098900  best=0.118200  (early_stop@15, trial=1.2min, avg=3.0min/trial, total=59.5min, ETA=0s)
[TRIAL_METRICS] cur_best_mrr20=0.098900 cur_best_hr10=0.187400 cur_test_mrr20=0.094800 cur_test_hr10=0.186000 run_best_mrr20=0.118200 run_best_hr10=0.209700 run_test_mrr20=0.110900 run_test_hr10=0.202800
[1;35mEvaluate   [0m:   0%|                                                            | 0/1 [00:00<?, ?it/s][0m[1;35mEvaluate   [0m:   0%|                                   | 0/1 [00:01<?, ?it/s, [1;33mGPU RAM: 8.77 G/23.56 G[0m][0m[1;35mEvaluate   [0m: 100%|███████████████████████████| 1/1 [00:01<00:00,  1.43s/it, [1;33mGPU RAM: 8.77 G/23.56 G[0m][0m                                                                                                    [1;35mEvaluate   [0m:   0%|                                                            | 0/1 [00:00<?, ?it/s][0m[1;35mEvaluate   [0m:   0%|                                   | 0/1 [00:01<?, ?it/s, [1;33mGPU RAM: 8.77 G/23.56 G[0m][0m[1;35mEvaluate   [0m: 100%|███████████████████████████| 1/1 [00:01<00:00,  1.41s/it, [1;33mGPU RAM: 8.77 G/23.56 G[0m][0m                                                                                                    [1;35mEvaluate   [0m:   0%|                                                            | 0/1 [00:00<?, ?it/s][0m[1;35mEvaluate   [0m:   0%|                                   | 0/1 [00:01<?, ?it/s, [1;33mGPU RAM: 8.77 G/23.56 G[0m][0m[1;35mEvaluate   [0m: 100%|███████████████████████████| 1/1 [00:01<00:00,  1.42s/it, [1;33mGPU RAM: 8.77 G/23.56 G[0m][0m                                                                                                    
=================================================================
  DONE  |  FeaturedMoE_N3 x foursquare
  Best MRR@20 = 0.118200  |  20/20 trials OK
  Best HR@10  = 0.209700
  Test MRR@20 = 0.110900  (best-valid checkpoint)
  Test HR@10  = 0.202800  (best-valid checkpoint)
[RUN_METRICS] best_valid_mrr20=0.118200 best_valid_hr10=0.209700 test_mrr20=0.110900 test_hr10=0.202800
  Total time: 59.6 min
  Best params:
    learning_rate: 0.000316171
  Results -> /workspace/jy1559/FMoE/experiments/run/artifacts/results/fmoe_n3/foursquare_FeaturedMoE_N3_p14_fad_a5_foursquare_h2_s2_20260403_165709_192568_pid81405.json
  Normal mirror -> /workspace/jy1559/FMoE/experiments/run/artifacts/results/fmoe_n3/normal/final_all_datasets/P14/foursquare/FMoEN3/foursquare_FeaturedMoE_N3_p14_fad_a5_foursquare_h2_s2_20260403_165709_192568_pid81405.json
  Special result -> /workspace/jy1559/FMoE/experiments/run/artifacts/results/fmoe_n3/special/final_all_datasets/P14/foursquare/FMoEN3/foursquare_FeaturedMoE_N3_p14_fad_a5_foursquare_h2_s2_20260403_165709_192568_pid81405_special_metrics.json
  Special log -> /workspace/jy1559/FMoE/experiments/run/artifacts/logs/fmoe_n3/special/final_all_datasets/P14/foursquare/FMoEN3/foursquare_FeaturedMoE_N3_p14_fad_a5_foursquare_h2_s2_20260403_165709_192568_pid81405_special_metrics.json
=================================================================

[RUN_STATUS] END status=normal pid=81405 start=2026-04-03T16:57:08 end=2026-04-03T17:56:44
