# CMD
/venv/FMoE/bin/python hyperopt_tune.py --config-name tune_fs --space-yaml /workspace/FeaturedMoE/experiments/run/artifacts/logs/baseline_2/PAIR60_ADDTUNING5/spaces/foursquare_difsr_K5.yaml --max-evals 15 --tune-epochs 100 --tune-patience 10 --search-algo tpe --seed 2026042905 --run-group baseline_2 --run-axis pair60_addtuning5 --run-phase BASELINE2_ADDTUNE5_FOURSQUARE_DIFSR_K5 model=difsr dataset=foursquare eval_mode=session_fixed feature_mode=full_v4 ++history_input_mode=session_only gpu_id=4 log_wandb=false show_progress=false ++seed=2026042905 ++eval_sampling.mode=full ++eval_sampling.auto_full_threshold=999999999 ++special_logging=true ++exclude_unseen_target_from_main_eval=true ++log_unseen_target_metrics=true

/venv/FMoE/lib/python3.10/site-packages/ray/_private/parameter.py:4: UserWarning: pkg_resources is deprecated as an API. See https://setuptools.pypa.io/en/latest/pkg_resources.html. The pkg_resources package is slated for removal as early as 2025-11-30. Refrain from using this package or pin to Setuptools<81.
  import pkg_resources
[RUN_STATUS] START pid=393557 ts=2026-04-16T16:33:30
[SpaceYAML] loaded: /workspace/FeaturedMoE/experiments/run/artifacts/logs/baseline_2/PAIR60_ADDTUNING5/spaces/foursquare_difsr_K5.yaml (fixed=13, search=2)

=================================================================
  Hyperopt  |  DIFSR x foursquare
  max_evals=15  epochs=100  patience=10  wandb=off
  search_algo=tpe
  batch_size(train/valid/test)=4096/4096/4096
  track=baseline_2  axis=pair60_addtuning5  phase=BASELINE2_ADDTUNE5_FOURSQUARE_DIFSR_K5
=================================================================
Changed knobs: fusion_type, learning_rate
Tuned params(len>1): 2  (~2 discrete combos)
Tuned groups: 2
  [optimization]
    learning_rate                   [0.003, 0.024]                            -> loguniform
  [other]
    fusion_type                     ['gate', 'concat']                        -> choice
Fixed params(singleton/non-list): 0
Fixed groups: 0
  (none)

[Wandb] disabled for this hyperopt run

[1/15] fusion_type=gate, learning_rate=0.01273
  -> MRR@20=0.183200  best=0.183200  (early_stop@80, trial=3.8min, avg=4.0min/trial, total=4.0min, ETA=55.6min)
[TRIAL_METRICS] cur_best_mrr20=0.183200 cur_best_hr10=0.306000 cur_test_mrr20=0.141000 cur_test_hr10=0.253800 run_best_mrr20=0.183200 run_best_hr10=0.306000 run_test_mrr20=0.141000 run_test_hr10=0.253800

[2/15] fusion_type=gate, learning_rate=0.01552
  -> MRR@20=0.013800  best=0.183200  (early_stop@16, trial=45s, avg=2.4min/trial, total=4.7min, ETA=30.8min)
[TRIAL_METRICS] cur_best_mrr20=0.013800 cur_best_hr10=0.026600 cur_test_mrr20=0.014900 cur_test_hr10=0.028400 run_best_mrr20=0.183200 run_best_hr10=0.306000 run_test_mrr20=0.141000 run_test_hr10=0.253800

[3/15] fusion_type=concat, learning_rate=0.003227
  -> MRR@20=0.203400  best=0.203400  (early_stop@52, trial=2.5min, avg=2.4min/trial, total=7.2min, ETA=28.9min)
[TRIAL_METRICS] cur_best_mrr20=0.203400 cur_best_hr10=0.341900 cur_test_mrr20=0.161100 cur_test_hr10=0.291800 run_best_mrr20=0.203400 run_best_hr10=0.341900 run_test_mrr20=0.161100 run_test_hr10=0.291800

[4/15] fusion_type=concat, learning_rate=0.003355
  -> MRR@20=0.206900  best=0.206900  (early_stop@52, trial=2.5min, avg=2.4min/trial, total=9.7min, ETA=26.7min)
[TRIAL_METRICS] cur_best_mrr20=0.206900 cur_best_hr10=0.340400 cur_test_mrr20=0.162600 cur_test_hr10=0.288600 run_best_mrr20=0.206900 run_best_hr10=0.340400 run_test_mrr20=0.162600 run_test_hr10=0.288600

[5/15] fusion_type=concat, learning_rate=0.01122
  -> MRR@20=0.181200  best=0.206900  (early_stop@63, trial=2.9min, avg=2.5min/trial, total=12.7min, ETA=25.3min)
[TRIAL_METRICS] cur_best_mrr20=0.181200 cur_best_hr10=0.316500 cur_test_mrr20=0.152700 cur_test_hr10=0.264600 run_best_mrr20=0.206900 run_best_hr10=0.340400 run_test_mrr20=0.162600 run_test_hr10=0.288600

[6/15] fusion_type=concat, learning_rate=0.01189
  -> MRR@20=0.178200  best=0.206900  (early_stop@63, trial=2.9min, avg=2.6min/trial, total=15.6min, ETA=23.4min)
[TRIAL_METRICS] cur_best_mrr20=0.178200 cur_best_hr10=0.298500 cur_test_mrr20=0.144100 cur_test_hr10=0.254600 run_best_mrr20=0.206900 run_best_hr10=0.340400 run_test_mrr20=0.162600 run_test_hr10=0.288600

[7/15] fusion_type=concat, learning_rate=0.02365
  -> MRR@20=0.014200  best=0.206900  (early_stop@21, trial=58s, avg=2.4min/trial, total=16.6min, ETA=19.0min)
[TRIAL_METRICS] cur_best_mrr20=0.014200 cur_best_hr10=0.025100 cur_test_mrr20=0.015300 cur_test_hr10=0.023600 run_best_mrr20=0.206900 run_best_hr10=0.340400 run_test_mrr20=0.162600 run_test_hr10=0.288600

[8/15] fusion_type=gate, learning_rate=0.01393
  -> MRR@20=0.014000  best=0.206900  (early_stop@21, trial=60s, avg=2.2min/trial, total=17.6min, ETA=15.4min)
[TRIAL_METRICS] cur_best_mrr20=0.014000 cur_best_hr10=0.024700 cur_test_mrr20=0.015000 cur_test_hr10=0.023600 run_best_mrr20=0.206900 run_best_hr10=0.340400 run_test_mrr20=0.162600 run_test_hr10=0.288600

[9/15] fusion_type=concat, learning_rate=0.003861
  -> MRR@20=0.199600  best=0.206900  (early_stop@46, trial=2.2min, avg=2.2min/trial, total=19.8min, ETA=13.2min)
[TRIAL_METRICS] cur_best_mrr20=0.199600 cur_best_hr10=0.336300 cur_test_mrr20=0.162400 cur_test_hr10=0.290200 run_best_mrr20=0.206900 run_best_hr10=0.340400 run_test_mrr20=0.162600 run_test_hr10=0.288600

[10/15] fusion_type=concat, learning_rate=0.006171
  -> MRR@20=0.195700  best=0.206900  (early_stop@35, trial=1.6min, avg=2.1min/trial, total=21.4min, ETA=10.7min)
[TRIAL_METRICS] cur_best_mrr20=0.195700 cur_best_hr10=0.343800 cur_test_mrr20=0.165200 cur_test_hr10=0.297000 run_best_mrr20=0.206900 run_best_hr10=0.340400 run_test_mrr20=0.162600 run_test_hr10=0.288600

[11/15] fusion_type=gate, learning_rate=0.005482
  -> MRR@20=0.013900  best=0.206900  (early_stop@20, trial=57s, avg=2.0min/trial, total=22.4min, ETA=8.1min)
[TRIAL_METRICS] cur_best_mrr20=0.013900 cur_best_hr10=0.027300 cur_test_mrr20=0.015100 cur_test_hr10=0.029200 run_best_mrr20=0.206900 run_best_hr10=0.340400 run_test_mrr20=0.162600 run_test_hr10=0.288600

[12/15] fusion_type=gate, learning_rate=0.01149
  -> MRR@20=0.014000  best=0.206900  (early_stop@16, trial=45s, avg=1.9min/trial, total=23.2min, ETA=5.8min)
[TRIAL_METRICS] cur_best_mrr20=0.014000 cur_best_hr10=0.029200 cur_test_mrr20=0.015200 cur_test_hr10=0.032800 run_best_mrr20=0.206900 run_best_hr10=0.340400 run_test_mrr20=0.162600 run_test_hr10=0.288600

[13/15] fusion_type=gate, learning_rate=0.00587
  -> MRR@20=0.013800  best=0.206900  (early_stop@20, trial=57s, avg=1.9min/trial, total=24.1min, ETA=3.7min)
[TRIAL_METRICS] cur_best_mrr20=0.013800 cur_best_hr10=0.025100 cur_test_mrr20=0.015100 cur_test_hr10=0.026000 run_best_mrr20=0.206900 run_best_hr10=0.340400 run_test_mrr20=0.162600 run_test_hr10=0.288600

[14/15] fusion_type=concat, learning_rate=0.006337
  -> MRR@20=0.013700  best=0.206900  (early_stop@19, trial=53s, avg=1.8min/trial, total=25.0min, ETA=1.8min)
[TRIAL_METRICS] cur_best_mrr20=0.013700 cur_best_hr10=0.026200 cur_test_mrr20=0.014500 cur_test_hr10=0.029200 run_best_mrr20=0.206900 run_best_hr10=0.340400 run_test_mrr20=0.162600 run_test_hr10=0.288600

[15/15] fusion_type=concat, learning_rate=0.003661
  -> MRR@20=0.201000  best=0.206900  (early_stop@49, trial=2.4min, avg=1.8min/trial, total=27.4min, ETA=0s)
[TRIAL_METRICS] cur_best_mrr20=0.201000 cur_best_hr10=0.339300 cur_test_mrr20=0.164600 cur_test_hr10=0.292200 run_best_mrr20=0.206900 run_best_hr10=0.340400 run_test_mrr20=0.162600 run_test_hr10=0.288600

=================================================================
  DONE  |  DIFSR x foursquare
  Best MRR@20 = 0.206900  |  15/15 trials OK
  Best HR@10  = 0.340400
  Test MRR@20 = 0.162600  (best-valid checkpoint)
  Test HR@10  = 0.288600  (best-valid checkpoint)
[RUN_METRICS] best_valid_mrr20=0.206900 best_valid_hr10=0.340400 test_mrr20=0.162600 test_hr10=0.288600
  Total time: 27.4 min
  Best params:
    fusion_type: concat
    learning_rate: 0.00335477
  Results -> /workspace/FeaturedMoE/experiments/run/artifacts/results/baseline_2/foursquare_DIFSR_baseline2_addtune5_foursquare_difsr_k5_20260416_163330_725965_pid393557.json
  Normal mirror -> /workspace/FeaturedMoE/experiments/run/artifacts/results/baseline_2/normal/pair60_addtuning5/BASELINE2/foursquare/DIFSR/foursquare_DIFSR_baseline2_addtune5_foursquare_difsr_k5_20260416_163330_725965_pid393557.json
  Special result -> /workspace/FeaturedMoE/experiments/run/artifacts/results/baseline_2/special/pair60_addtuning5/BASELINE2/foursquare/DIFSR/foursquare_DIFSR_baseline2_addtune5_foursquare_difsr_k5_20260416_163330_725965_pid393557_special_metrics.json
  Special log -> /workspace/FeaturedMoE/experiments/run/artifacts/logs/baseline_2/special/pair60_addtuning5/BASELINE2/foursquare/DIFSR/foursquare_DIFSR_baseline2_addtune5_foursquare_difsr_k5_20260416_163330_725965_pid393557_special_metrics.json
=================================================================

[RUN_STATUS] END status=normal pid=393557 start=2026-04-16T16:33:30 end=2026-04-16T17:00:53
