# CMD
/venv/FMoE/bin/python hyperopt_tune.py --config-name tune_fs --space-yaml /workspace/FeaturedMoE/experiments/run/artifacts/logs/baseline_2/PAIR60_ADDTUNING5/spaces/foursquare_difsr_K2.yaml --max-evals 15 --tune-epochs 100 --tune-patience 10 --search-algo tpe --seed 2026042902 --run-group baseline_2 --run-axis pair60_addtuning5 --run-phase BASELINE2_ADDTUNE5_FOURSQUARE_DIFSR_K2 model=difsr dataset=foursquare eval_mode=session_fixed feature_mode=full_v4 ++history_input_mode=session_only gpu_id=1 log_wandb=false show_progress=false ++seed=2026042902 ++eval_sampling.mode=full ++eval_sampling.auto_full_threshold=999999999 ++special_logging=true ++exclude_unseen_target_from_main_eval=true ++log_unseen_target_metrics=true

/venv/FMoE/lib/python3.10/site-packages/ray/_private/parameter.py:4: UserWarning: pkg_resources is deprecated as an API. See https://setuptools.pypa.io/en/latest/pkg_resources.html. The pkg_resources package is slated for removal as early as 2025-11-30. Refrain from using this package or pin to Setuptools<81.
  import pkg_resources
[RUN_STATUS] START pid=393553 ts=2026-04-16T16:33:30
[SpaceYAML] loaded: /workspace/FeaturedMoE/experiments/run/artifacts/logs/baseline_2/PAIR60_ADDTUNING5/spaces/foursquare_difsr_K2.yaml (fixed=13, search=1)

=================================================================
  Hyperopt  |  DIFSR x foursquare
  max_evals=15  epochs=100  patience=10  wandb=off
  search_algo=tpe
  batch_size(train/valid/test)=4096/4096/4096
  track=baseline_2  axis=pair60_addtuning5  phase=BASELINE2_ADDTUNE5_FOURSQUARE_DIFSR_K2
=================================================================
Changed knobs: learning_rate
Tuned params(len>1): 1  (~1 discrete combos)
Tuned groups: 1
  [optimization]
    learning_rate                   [0.0015, 0.005]                           -> loguniform
Fixed params(singleton/non-list): 0
Fixed groups: 0
  (none)

[Wandb] disabled for this hyperopt run

[1/15] learning_rate=0.003779
  -> MRR@20=0.206200  best=0.206200  (early_stop@48, trial=1.4min, avg=1.5min/trial, total=1.5min, ETA=21.7min)
[TRIAL_METRICS] cur_best_mrr20=0.206200 cur_best_hr10=0.343800 cur_test_mrr20=0.169400 cur_test_hr10=0.299000 run_best_mrr20=0.206200 run_best_hr10=0.343800 run_test_mrr20=0.169400 run_test_hr10=0.299000

[2/15] learning_rate=0.001837
  -> MRR@20=0.206800  best=0.206800  (early_stop@80, trial=2.3min, avg=2.0min/trial, total=3.9min, ETA=25.4min)
[TRIAL_METRICS] cur_best_mrr20=0.206800 cur_best_hr10=0.341900 cur_test_mrr20=0.164900 cur_test_hr10=0.291000 run_best_mrr20=0.206800 run_best_hr10=0.341900 run_test_mrr20=0.164900 run_test_hr10=0.291000

[3/15] learning_rate=0.002229
  -> MRR@20=0.202600  best=0.206800  (early_stop@65, trial=1.9min, avg=1.9min/trial, total=5.8min, ETA=23.3min)
[TRIAL_METRICS] cur_best_mrr20=0.202600 cur_best_hr10=0.340400 cur_test_mrr20=0.165800 cur_test_hr10=0.287800 run_best_mrr20=0.206800 run_best_hr10=0.341900 run_test_mrr20=0.164900 run_test_hr10=0.291000

[4/15] learning_rate=0.001904
  -> MRR@20=0.205200  best=0.206800  (early_stop@80, trial=2.3min, avg=2.0min/trial, total=8.2min, ETA=22.5min)
[TRIAL_METRICS] cur_best_mrr20=0.205200 cur_best_hr10=0.344600 cur_test_mrr20=0.166100 cur_test_hr10=0.289400 run_best_mrr20=0.206800 run_best_hr10=0.341900 run_test_mrr20=0.164900 run_test_hr10=0.291000

[5/15] learning_rate=0.004106
  -> MRR@20=0.207600  best=0.207600  (early_stop@42, trial=1.2min, avg=1.9min/trial, total=9.4min, ETA=18.8min)
[TRIAL_METRICS] cur_best_mrr20=0.207600 cur_best_hr10=0.345700 cur_test_mrr20=0.169000 cur_test_hr10=0.303400 run_best_mrr20=0.207600 run_best_hr10=0.345700 run_test_mrr20=0.169000 run_test_hr10=0.303400

[6/15] learning_rate=0.003434
  -> MRR@20=0.205800  best=0.207600  (early_stop@50, trial=1.5min, avg=1.8min/trial, total=10.9min, ETA=16.3min)
[TRIAL_METRICS] cur_best_mrr20=0.205800 cur_best_hr10=0.345700 cur_test_mrr20=0.165600 cur_test_hr10=0.295800 run_best_mrr20=0.207600 run_best_hr10=0.345700 run_test_mrr20=0.169000 run_test_hr10=0.303400

[7/15] learning_rate=0.001856
  -> MRR@20=0.205200  best=0.207600  (early_stop@80, trial=2.4min, avg=1.9min/trial, total=13.2min, ETA=15.1min)
[TRIAL_METRICS] cur_best_mrr20=0.205200 cur_best_hr10=0.342700 cur_test_mrr20=0.165600 cur_test_hr10=0.291800 run_best_mrr20=0.207600 run_best_hr10=0.345700 run_test_mrr20=0.169000 run_test_hr10=0.303400

[8/15] learning_rate=0.003834
  -> MRR@20=0.205300  best=0.207600  (early_stop@45, trial=1.3min, avg=1.8min/trial, total=14.6min, ETA=12.7min)
[TRIAL_METRICS] cur_best_mrr20=0.205300 cur_best_hr10=0.341600 cur_test_mrr20=0.166700 cur_test_hr10=0.300600 run_best_mrr20=0.207600 run_best_hr10=0.345700 run_test_mrr20=0.169000 run_test_hr10=0.303400

[9/15] learning_rate=0.004709
  -> MRR@20=0.202500  best=0.207600  (early_stop@42, trial=1.2min, avg=1.8min/trial, total=15.8min, ETA=10.5min)
[TRIAL_METRICS] cur_best_mrr20=0.202500 cur_best_hr10=0.343400 cur_test_mrr20=0.163600 cur_test_hr10=0.302200 run_best_mrr20=0.207600 run_best_hr10=0.345700 run_test_mrr20=0.169000 run_test_hr10=0.303400

[10/15] learning_rate=0.003329
  -> MRR@20=0.207100  best=0.207600  (early_stop@50, trial=1.5min, avg=1.7min/trial, total=17.3min, ETA=8.6min)
[TRIAL_METRICS] cur_best_mrr20=0.207100 cur_best_hr10=0.348700 cur_test_mrr20=0.163200 cur_test_hr10=0.297800 run_best_mrr20=0.207600 run_best_hr10=0.345700 run_test_mrr20=0.169000 run_test_hr10=0.303400

[11/15] learning_rate=0.002333
  -> MRR@20=0.205500  best=0.207600  (early_stop@65, trial=1.9min, avg=1.7min/trial, total=19.2min, ETA=7.0min)
[TRIAL_METRICS] cur_best_mrr20=0.205500 cur_best_hr10=0.347500 cur_test_mrr20=0.165500 cur_test_hr10=0.292200 run_best_mrr20=0.207600 run_best_hr10=0.345700 run_test_mrr20=0.169000 run_test_hr10=0.303400

[12/15] learning_rate=0.002874
  -> MRR@20=0.203900  best=0.207600  (early_stop@55, trial=1.6min, avg=1.7min/trial, total=20.8min, ETA=5.2min)
[TRIAL_METRICS] cur_best_mrr20=0.203900 cur_best_hr10=0.344600 cur_test_mrr20=0.172800 cur_test_hr10=0.294200 run_best_mrr20=0.207600 run_best_hr10=0.345700 run_test_mrr20=0.169000 run_test_hr10=0.303400

[13/15] learning_rate=0.00349
  -> MRR@20=0.207500  best=0.207600  (early_stop@50, trial=1.5min, avg=1.7min/trial, total=22.3min, ETA=3.4min)
[TRIAL_METRICS] cur_best_mrr20=0.207500 cur_best_hr10=0.349000 cur_test_mrr20=0.163400 cur_test_hr10=0.297800 run_best_mrr20=0.207600 run_best_hr10=0.345700 run_test_mrr20=0.169000 run_test_hr10=0.303400

[14/15] learning_rate=0.003426
  -> MRR@20=0.206700  best=0.207600  (early_stop@50, trial=1.5min, avg=1.7min/trial, total=23.8min, ETA=1.7min)
[TRIAL_METRICS] cur_best_mrr20=0.206700 cur_best_hr10=0.340100 cur_test_mrr20=0.165700 cur_test_hr10=0.295000 run_best_mrr20=0.207600 run_best_hr10=0.345700 run_test_mrr20=0.169000 run_test_hr10=0.303400

[15/15] learning_rate=0.004978
  -> MRR@20=0.204000  best=0.207600  (early_stop@42, trial=1.2min, avg=1.7min/trial, total=25.0min, ETA=0s)
[TRIAL_METRICS] cur_best_mrr20=0.204000 cur_best_hr10=0.347900 cur_test_mrr20=0.163500 cur_test_hr10=0.300200 run_best_mrr20=0.207600 run_best_hr10=0.345700 run_test_mrr20=0.169000 run_test_hr10=0.303400

=================================================================
  DONE  |  DIFSR x foursquare
  Best MRR@20 = 0.207600  |  15/15 trials OK
  Best HR@10  = 0.345700
  Test MRR@20 = 0.169000  (best-valid checkpoint)
  Test HR@10  = 0.303400  (best-valid checkpoint)
[RUN_METRICS] best_valid_mrr20=0.207600 best_valid_hr10=0.345700 test_mrr20=0.169000 test_hr10=0.303400
  Total time: 25.0 min
  Best params:
    learning_rate: 0.00410601
  Results -> /workspace/FeaturedMoE/experiments/run/artifacts/results/baseline_2/foursquare_DIFSR_baseline2_addtune5_foursquare_difsr_k2_20260416_163330_507624_pid393553.json
  Normal mirror -> /workspace/FeaturedMoE/experiments/run/artifacts/results/baseline_2/normal/pair60_addtuning5/BASELINE2/foursquare/DIFSR/foursquare_DIFSR_baseline2_addtune5_foursquare_difsr_k2_20260416_163330_507624_pid393553.json
  Special result -> /workspace/FeaturedMoE/experiments/run/artifacts/results/baseline_2/special/pair60_addtuning5/BASELINE2/foursquare/DIFSR/foursquare_DIFSR_baseline2_addtune5_foursquare_difsr_k2_20260416_163330_507624_pid393553_special_metrics.json
  Special log -> /workspace/FeaturedMoE/experiments/run/artifacts/logs/baseline_2/special/pair60_addtuning5/BASELINE2/foursquare/DIFSR/foursquare_DIFSR_baseline2_addtune5_foursquare_difsr_k2_20260416_163330_507624_pid393553_special_metrics.json
=================================================================

[RUN_STATUS] END status=normal pid=393553 start=2026-04-16T16:33:30 end=2026-04-16T16:58:31
