[FMOE_FULL_HISTORY_PORTFOLIO_SETTING_HEADER]
run_phase=FH1_FH_BEAUTY_B03_H3_MIDAUX_S1 exp_brief=A12_ATTN_MICRO_BEFORE_NO_BIAS_ALL_W5 phase_id=FH1 axis_id=FH8 setting_id=B03_h3_midaux hparam_id= seed=1
desc=H3 mid-cap line that held valid while lifting test close to the best band
dataset=beauty gpu=2 order=3
max_evals= tune_epochs= tune_patience=
seed=260502

[COMMAND]
- /venv/FMoE/bin/python hyperopt_tune.py --config-name config --search-algo tpe --max-evals 8 --tune-epochs 100 --tune-patience 10 --seed 260502 --run-group fmoe_full --run-axis FullHistory_Portfolio8 --run-phase FH1_FH_BEAUTY_B03_H3_MIDAUX_S1 model=featured_moe_n3_tune dataset=beauty eval_mode=session_fixed feature_mode=full_v4 ++history_input_mode=full_history_session_targets ++history_eval_policy=strict_train_prefix ++history_group_field=user_id ++target_group_field=session_id ++load_col.inter=["session_id","item_id","timestamp","user_id"] ++eval_sampling.mode=full ++eval_sampling.auto_full_threshold=999999999 ++special_logging=true ++exclude_unseen_target_from_main_eval=true ++log_unseen_target_metrics=true ++main_eval_target_mode="seen_target" gpu_id=2 log_wandb=false enable_tf32=true fmoe_debug_logging=false fmoe_diag_logging=true fmoe_special_logging=true fmoe_feature_ablation_logging=false fmoe_eval_logging_timing=final_only ++fmoe_logging_output_root="run/artifacts/logging" ++fmoe_logging_layout="axis_dataset_arch_hparam" ++fmoe_architecture_id="A12" ++fmoe_architecture_key="A12_ATTN_MICRO_BEFORE_NO_BIAS_ALL_W5" ++fmoe_hparam_id="H3" ++fmoe_phase="FH1" train_batch_size=2304 eval_batch_size=3072 ++phase_run_type="full_history" ++phase_axis_id="FH8" ++phase_axis_desc="full_history_portfolio8" ++phase_setting_id="B03_h3_midaux" ++phase_setting_key="B03_h3_midaux" ++phase_hparam_id="H3" ++phase_seed_id=1 ++phase_run_id="FH_BEAUTY_B03_H3_MIDAUX_S1" ++layer_layout=["attn","macro_ffn","mid_ffn","attn","micro_ffn"] ++stage_compute_mode={macro:"moe",mid:"moe",micro:"moe"} ++stage_router_mode={macro:"learned",mid:"learned",micro:"learned"} ++stage_router_source={macro:"both",mid:"both",micro:"both"} ++stage_feature_injection={macro:"none",mid:"none",micro:"none"} ++topk_scope_mode="global_flat" ++moe_top_k=0 ++balance_loss_lambda=0.0 ++z_loss_lambda=5e-05 ++gate_entropy_lambda=0.0 ++route_smoothness_lambda=0.0 ++route_consistency_lambda=0.00025 ++route_sharpness_lambda=0.0 ++route_monopoly_lambda=0.0 ++route_monopoly_tau=0.25 ++route_prior_lambda=0.0 ++group_prior_align_lambda=0.0 ++factored_group_balance_lambda=0.0 ++rule_agreement_lambda=0.0 ++group_coverage_lambda=0.0 ++feature_group_bias_lambda=0.0 ++rule_bias_scale=0.0 ++primitive_balance_lambda=0.0 ++wrapper_group_feature_align_lambda=0.0 ++stage_router_primitives={macro:{a_joint:{source:"feature",temperature:1.0,top_k:0},b_group:{source:"feature",temperature:1.0,top_k:0},c_shared:{source:"feature",temperature:1.0,top_k:0},d_cond:{source:"feature",temperature:1.0,top_k:0},e_scalar:{source:"feature",temperature:1.0,top_k:0},wrapper:{alpha_d:1.0,alpha_struct:1.0,alpha_a:1.0}},mid:{a_joint:{source:"feature",temperature:1.0,top_k:0},b_group:{source:"feature",temperature:1.0,top_k:0},c_shared:{source:"feature",temperature:1.0,top_k:0},d_cond:{source:"feature",temperature:1.0,top_k:0},e_scalar:{source:"feature",temperature:1.0,top_k:0},wrapper:{alpha_d:1.0,alpha_struct:1.0,alpha_a:1.0}},micro:{a_joint:{source:"feature",temperature:1.0,top_k:0},b_group:{source:"feature",temperature:1.0,top_k:0},c_shared:{source:"feature",temperature:1.0,top_k:0},d_cond:{source:"feature",temperature:1.0,top_k:0},e_scalar:{source:"feature",temperature:1.0,top_k:0},wrapper:{alpha_d:1.0,alpha_struct:1.0,alpha_a:1.0}}} ++stage_router_wrapper={macro:"w5_exd",mid:"w5_exd",micro:"w5_exd"} ++stage_router_granularity={macro:"session",mid:"session",micro:"token"} ++macro_history_window=5 ++route_consistency_pairs=1 ++route_consistency_min_sim=0.995 ++bias_mode="none" ++stage_family_dropout_prob={macro:0.04,mid:0.04,micro:0.04} ++stage_feature_dropout_prob={macro:0.0,mid:0.0,micro:0.0} ++stage_feature_dropout_scope={macro:"token",mid:"token",micro:"token"} ++embedding_size=160 ++d_ff=320 ++d_expert_hidden=160 ++d_router_hidden=80 ++MAX_ITEM_LIST_LENGTH=40 ++d_feat_emb=12 ++expert_scale=2 ++num_heads=4 ++lr_scheduler_type="warmup_cosine" ++attn_dropout_prob=0.08 ++search.learning_rate=[0.00022,0.00048] ++search_space_type_overrides.learning_rate=loguniform ++search.weight_decay=[2.5e-07,5e-07,1e-06] ++search_space_type_overrides.weight_decay=choice ++search.hidden_dropout_prob=[0.16,0.18,0.2] ++search_space_type_overrides.hidden_dropout_prob=choice
/venv/FMoE/lib/python3.10/site-packages/ray/_private/parameter.py:4: UserWarning: pkg_resources is deprecated as an API. See https://setuptools.pypa.io/en/latest/pkg_resources.html. The pkg_resources package is slated for removal as early as 2025-11-30. Refrain from using this package or pin to Setuptools<81.
  import pkg_resources
[RUN_STATUS] START pid=1350097 ts=2026-04-16T11:55:02

=================================================================
  Hyperopt  |  FeaturedMoE_N3 x beauty
  max_evals=8  epochs=100  patience=10  wandb=off
  search_algo=tpe
  batch_size(train/valid/test)=2304/3072/3072
  track=fmoe_full  axis=fullhistory_portfolio8  phase=FH1_FH_BEAUTY_B03_H3_MIDAUX_S1
=================================================================
Changed knobs: hidden_dropout_prob, learning_rate, weight_decay
Tuned params(len>1): 3  (~9 discrete combos)
Tuned groups: 3
  [optimization]
    hidden_dropout_prob             [0.16, 0.18, 0.2]                         -> choice
    learning_rate                   [0.00022, 0.00048]                        -> loguniform
    weight_decay                    [2.5e-07, 5e-07, 1e-06]                   -> choice
Fixed params(singleton/non-list): 0
Fixed groups: 0
  (none)

[Wandb] disabled for this hyperopt run

[1/8] hidden_dropout_prob=0.2, learning_rate=0.0004629, weight_decay=2.5e-07
  -> MRR@20=0.061400  best=0.061400  (early_stop@42, trial=1.1min, avg=1.2min/trial, total=1.2min, ETA=8.2min)
[TRIAL_METRICS] cur_best_mrr20=0.061400 cur_best_hr10=0.140600 cur_test_mrr20=0.060000 cur_test_hr10=0.143300 avg_epoch_time_sec=1.5762 test_eval_time_sec=0.0507 test_eval_batches_per_sec=19.7413 test_eval_targets_per_sec=11785.5791 run_best_mrr20=0.061400 run_best_hr10=0.140600 run_test_mrr20=0.060000 run_test_hr10=0.143300

[2/8] hidden_dropout_prob=0.18, learning_rate=0.0003719, weight_decay=5e-07
  -> MRR@20=0.060800  best=0.061400  (early_stop@47, trial=1.2min, avg=1.2min/trial, total=2.4min, ETA=7.2min)
[TRIAL_METRICS] cur_best_mrr20=0.060800 cur_best_hr10=0.142600 cur_test_mrr20=0.057300 cur_test_hr10=0.137500 avg_epoch_time_sec=1.5603 test_eval_time_sec=0.0506 test_eval_batches_per_sec=19.7721 test_eval_targets_per_sec=11803.9687 run_best_mrr20=0.061400 run_best_hr10=0.140600 run_test_mrr20=0.060000 run_test_hr10=0.143300

[3/8] hidden_dropout_prob=0.2, learning_rate=0.0003621, weight_decay=2.5e-07
  -> MRR@20=0.061700  best=0.061700  (early_stop@48, trial=1.3min, avg=1.2min/trial, total=3.7min, ETA=6.1min)
[TRIAL_METRICS] cur_best_mrr20=0.061700 cur_best_hr10=0.140600 cur_test_mrr20=0.060700 cur_test_hr10=0.140400 avg_epoch_time_sec=1.5792 test_eval_time_sec=0.0501 test_eval_batches_per_sec=19.9429 test_eval_targets_per_sec=11905.8916 run_best_mrr20=0.061700 run_best_hr10=0.140600 run_test_mrr20=0.060700 run_test_hr10=0.140400

[4/8] hidden_dropout_prob=0.18, learning_rate=0.0002538, weight_decay=1e-06
  -> MRR@20=0.061300  best=0.061700  (early_stop@53, trial=1.4min, avg=1.3min/trial, total=5.1min, ETA=5.1min)
[TRIAL_METRICS] cur_best_mrr20=0.061300 cur_best_hr10=0.138600 cur_test_mrr20=0.051500 cur_test_hr10=0.123200 avg_epoch_time_sec=1.5913 test_eval_time_sec=0.0501 test_eval_batches_per_sec=19.9791 test_eval_targets_per_sec=11927.4989 run_best_mrr20=0.061700 run_best_hr10=0.140600 run_test_mrr20=0.060700 run_test_hr10=0.140400

[5/8] hidden_dropout_prob=0.18, learning_rate=0.000369, weight_decay=5e-07
  -> MRR@20=0.060700  best=0.061700  (early_stop@47, trial=1.2min, avg=1.3min/trial, total=6.3min, ETA=3.8min)
[TRIAL_METRICS] cur_best_mrr20=0.060700 cur_best_hr10=0.142600 cur_test_mrr20=0.057300 cur_test_hr10=0.137500 avg_epoch_time_sec=1.5609 test_eval_time_sec=0.0509 test_eval_batches_per_sec=19.6550 test_eval_targets_per_sec=11734.0507 run_best_mrr20=0.061700 run_best_hr10=0.140600 run_test_mrr20=0.060700 run_test_hr10=0.140400

[6/8] hidden_dropout_prob=0.18, learning_rate=0.0004249, weight_decay=1e-06
  -> MRR@20=0.061500  best=0.061700  (early_stop@41, trial=1.1min, avg=1.2min/trial, total=7.4min, ETA=2.5min)
[TRIAL_METRICS] cur_best_mrr20=0.061500 cur_best_hr10=0.144600 cur_test_mrr20=0.058300 cur_test_hr10=0.134700 avg_epoch_time_sec=1.5599 test_eval_time_sec=0.0522 test_eval_batches_per_sec=19.1529 test_eval_targets_per_sec=11434.2575 run_best_mrr20=0.061700 run_best_hr10=0.140600 run_test_mrr20=0.060700 run_test_hr10=0.140400

[7/8] hidden_dropout_prob=0.16, learning_rate=0.000378, weight_decay=2.5e-07
  -> MRR@20=0.059500  best=0.061700  (early_stop@51, trial=1.3min, avg=1.3min/trial, total=8.8min, ETA=1.3min)
[TRIAL_METRICS] cur_best_mrr20=0.059500 cur_best_hr10=0.134500 cur_test_mrr20=0.057900 cur_test_hr10=0.137500 avg_epoch_time_sec=1.5759 test_eval_time_sec=0.0512 test_eval_batches_per_sec=19.5235 test_eval_targets_per_sec=11655.5084 run_best_mrr20=0.061700 run_best_hr10=0.140600 run_test_mrr20=0.060700 run_test_hr10=0.140400

[8/8] hidden_dropout_prob=0.16, learning_rate=0.0003052, weight_decay=1e-06
  -> MRR@20=0.058700  best=0.061700  (early_stop@52, trial=1.4min, avg=1.3min/trial, total=10.1min, ETA=0s)
[TRIAL_METRICS] cur_best_mrr20=0.058700 cur_best_hr10=0.138600 cur_test_mrr20=0.056000 cur_test_hr10=0.128900 avg_epoch_time_sec=1.5766 test_eval_time_sec=0.0508 test_eval_batches_per_sec=19.6782 test_eval_targets_per_sec=11747.8688 run_best_mrr20=0.061700 run_best_hr10=0.140600 run_test_mrr20=0.060700 run_test_hr10=0.140400
[1;35mEvaluate   [0m:   0%|                                                            | 0/1 [00:00<?, ?it/s][0m[1;35mEvaluate   [0m:   0%|                                   | 0/1 [00:00<?, ?it/s, [1;33mGPU RAM: 8.62 G/23.52 G[0m][0m[1;35mEvaluate   [0m: 100%|███████████████████████████| 1/1 [00:00<00:00,  3.56it/s, [1;33mGPU RAM: 8.62 G/23.52 G[0m][0m                                                                                                    [1;35mEvaluate   [0m:   0%|                                                            | 0/1 [00:00<?, ?it/s][0m[1;35mEvaluate   [0m:   0%|                                   | 0/1 [00:00<?, ?it/s, [1;33mGPU RAM: 8.62 G/23.52 G[0m][0m[1;35mEvaluate   [0m: 100%|███████████████████████████| 1/1 [00:00<00:00,  4.09it/s, [1;33mGPU RAM: 8.62 G/23.52 G[0m][0m                                                                                                    [1;35mEvaluate   [0m:   0%|                                                            | 0/1 [00:00<?, ?it/s][0m[1;35mEvaluate   [0m:   0%|                                   | 0/1 [00:00<?, ?it/s, [1;33mGPU RAM: 8.62 G/23.52 G[0m][0m[1;35mEvaluate   [0m: 100%|███████████████████████████| 1/1 [00:00<00:00,  3.77it/s, [1;33mGPU RAM: 8.62 G/23.52 G[0m][0m                                                                                                    
=================================================================
  DONE  |  FeaturedMoE_N3 x beauty
  Best MRR@20 = 0.061700  |  8/8 trials OK
  Best HR@10  = 0.140600
  Test MRR@20 = 0.060700  (best-valid checkpoint)
  Test HR@10  = 0.140400  (best-valid checkpoint)
  Avg epoch time = 1.579 sec/epoch
  Final test eval = 0.050 sec | batches/s=19.943 | targets/s=11905.892
[RUN_METRICS] best_valid_mrr20=0.061700 best_valid_hr10=0.140600 test_mrr20=0.060700 test_hr10=0.140400 avg_epoch_time_sec=1.5792 test_eval_time_sec=0.0501 test_eval_batches_per_sec=19.9429 test_eval_targets_per_sec=11905.8916
  Total time: 10.2 min
  Best params:
    hidden_dropout_prob: 0.2
    learning_rate: 0.000362099
    weight_decay: 2.5e-07
  Results -> /workspace/FeaturedMoE/experiments/run/artifacts/results/fmoe_full/beauty_FeaturedMoE_N3_fh1_fh_beauty_b03_h3_midaux_s1_20260416_115502_666362_pid1350097.json
  Normal mirror -> /workspace/FeaturedMoE/experiments/run/artifacts/results/fmoe_full/normal/fullhistory_portfolio8/FH1/beauty/FMoEN3/beauty_FeaturedMoE_N3_fh1_fh_beauty_b03_h3_midaux_s1_20260416_115502_666362_pid1350097.json
  Special result -> /workspace/FeaturedMoE/experiments/run/artifacts/results/fmoe_full/special/fullhistory_portfolio8/FH1/beauty/FMoEN3/beauty_FeaturedMoE_N3_fh1_fh_beauty_b03_h3_midaux_s1_20260416_115502_666362_pid1350097_special_metrics.json
  Special log -> /workspace/FeaturedMoE/experiments/run/artifacts/logs/fmoe_full/special/fullhistory_portfolio8/FH1/beauty/FMoEN3/beauty_FeaturedMoE_N3_fh1_fh_beauty_b03_h3_midaux_s1_20260416_115502_666362_pid1350097_special_metrics.json
=================================================================

[RUN_STATUS] END status=normal pid=1350097 start=2026-04-16T11:55:02 end=2026-04-16T12:05:12
