[STAGEH_TARGETEDRECOVERY_ANCHOR2_CORE5_SETTING_HEADER]
run_phase=P23_SH_C13_MTISASREC_FAD_H3_R1_WDHI_S1 run_id=SH_FOURSQUARE_TISASREC_FAD_H3_R1_WDHI_S1 phase_id=P23 axis_id=SH model=TiSASRec candidate_id=FAD_H3_R1_WDHI seed=1
dataset=foursquare gpu=7 order=0 candidate_source=stageh_screen_variant source_stage=Final_all_datasets_variant transfer_from_dataset=
max_evals=3 tune_epochs=16 tune_patience=2
seed=230184

[COMMAND]
- /venv/FMoE/bin/python hyperopt_tune.py --config-name tune_fs --max-evals 3 --tune-epochs 16 --tune-patience 2 --seed 230184 --run-group baseline --run-axis StageH_TargetedRecovery_anchor2_core5 --run-phase P23_SH_C13_MTISASREC_FAD_H3_R1_WDHI_S1 model=tisasrec dataset=foursquare eval_mode=session_fixed feature_mode=full_v3 gpu_id=7 log_wandb=false show_progress=false ++special_logging=true ++seed=230184 ++search={learning_rate:[0.0006301531167286248,0.00085295981334875]} ++search_space_type_overrides={learning_rate:"loguniform"} ++weight_decay=0.00036 ++search.weight_decay=[0.00036] ++search_space_type_overrides.weight_decay=choice ++search.n_layers=[2] ++search_space_type_overrides.n_layers=choice ++search.num_layers=[2] ++search_space_type_overrides.num_layers=choice ++search.n_heads=[4] ++search_space_type_overrides.n_heads=choice ++search.num_heads=[4] ++search_space_type_overrides.num_heads=choice ++search.dropout_ratio=[0.15] ++search_space_type_overrides.dropout_ratio=choice ++search.dropout_prob=[0.15] ++search_space_type_overrides.dropout_prob=choice ++search.hidden_dropout_prob=[0.15] ++search_space_type_overrides.hidden_dropout_prob=choice ++search.attn_dropout_prob=[0.15] ++search_space_type_overrides.attn_dropout_prob=choice ++search.hidden_size=[144] ++search_space_type_overrides.hidden_size=choice ++search.embedding_size=[144] ++search_space_type_overrides.embedding_size=choice ++search.inner_size=[288] ++search_space_type_overrides.inner_size=choice ++search.time_span=[384] ++search_space_type_overrides.time_span=choice ++search.num_experts=[8] ++search_space_type_overrides.num_experts=choice ++search.state_size=[32] ++search_space_type_overrides.state_size=choice ++search.conv_kernel=[8] ++search_space_type_overrides.conv_kernel=choice ++search.remaining_ratio=[0.7] ++search_space_type_overrides.remaining_ratio=choice ++search.MAX_ITEM_LIST_LENGTH=[10] ++search_space_type_overrides.MAX_ITEM_LIST_LENGTH=choice ++dropout_ratio=0.15 ++train_batch_size=2048 ++eval_batch_size=3072 ++hidden_size=144 ++embedding_size=144 ++MAX_ITEM_LIST_LENGTH=10 ++n_layers=2 ++num_layers=2 ++n_heads=4 ++num_heads=4 ++inner_size=288 ++time_span=384
/venv/FMoE/lib/python3.10/site-packages/ray/_private/parameter.py:4: UserWarning: pkg_resources is deprecated as an API. See https://setuptools.pypa.io/en/latest/pkg_resources.html. The pkg_resources package is slated for removal as early as 2025-11-30. Refrain from using this package or pin to Setuptools<81.
  import pkg_resources
[RUN_STATUS] START pid=495822 ts=2026-04-09T10:47:51

=================================================================
  Hyperopt TPE  |  TiSASRec x foursquare
  max_evals=3  epochs=16  patience=2  wandb=off
  batch_size(train/valid/test)=2048/3072/3072
  track=baseline  axis=stageh_targetedrecovery_anchor2_core5  phase=P23_SH_C13_MTISASREC_FAD_H3_R1_WDHI_S1
=================================================================
Changed knobs: learning_rate
Tuned params(len>1): 1  (~1 discrete combos)
Tuned groups: 1
  [optimization]
    learning_rate                   [0.0006301531167286248, 0.00085295981334875]  -> loguniform
Fixed params(singleton/non-list): 18
Fixed groups: 18
  [optimization]
    hidden_dropout_prob             0.15                                    
    weight_decay                    0.00036                                 
  [model_core]
    attn_dropout_prob               0.15                                    
    dropout_prob                    0.15                                    
    dropout_ratio                   0.15                                    
    embedding_size                  144                                     
    hidden_size                     144                                     
    inner_size                      288                                     
    num_heads                       4                                       
    num_layers                      2                                       
  [other]
    MAX_ITEM_LIST_LENGTH            10                                      
    conv_kernel                     8                                       
    n_heads                         4                                       
    n_layers                        2                                       
    num_experts                     8                                       
    remaining_ratio                 0.7                                     
    state_size                      32                                      
    time_span                       384                                     

[Wandb] disabled for this hyperopt run

[1/3] learning_rate=0.0007481
  -> MRR@20=0.102100  best=0.102100  (early_stop@15, trial=26s, avg=31s/trial, total=31s, ETA=1.0min)
[TRIAL_METRICS] cur_best_mrr20=0.102100 cur_best_hr10=0.185800 cur_test_mrr20=0.102500 cur_test_hr10=0.186800 run_best_mrr20=0.102100 run_best_hr10=0.185800 run_test_mrr20=0.102500 run_test_hr10=0.186800

[2/3] learning_rate=0.0008157
  -> MRR@20=0.101800  best=0.102100  (early_stop@15, trial=25s, avg=29s/trial, total=57s, ETA=29s)
[TRIAL_METRICS] cur_best_mrr20=0.101800 cur_best_hr10=0.185500 cur_test_mrr20=0.103900 cur_test_hr10=0.187600 run_best_mrr20=0.102100 run_best_hr10=0.185800 run_test_mrr20=0.102500 run_test_hr10=0.186800

[3/3] learning_rate=0.000645
  -> MRR@20=0.101500  best=0.102100  (full@16, trial=27s, avg=28s/trial, total=1.4min, ETA=0s)
[TRIAL_METRICS] cur_best_mrr20=0.101500 cur_best_hr10=0.186600 cur_test_mrr20=0.103300 cur_test_hr10=0.187600 run_best_mrr20=0.102100 run_best_hr10=0.185800 run_test_mrr20=0.102500 run_test_hr10=0.186800

=================================================================
  DONE  |  TiSASRec x foursquare
  Best MRR@20 = 0.102100  |  3/3 trials OK
  Best HR@10  = 0.185800
  Test MRR@20 = 0.102500  (best-valid checkpoint)
  Test HR@10  = 0.186800  (best-valid checkpoint)
[RUN_METRICS] best_valid_mrr20=0.102100 best_valid_hr10=0.185800 test_mrr20=0.102500 test_hr10=0.186800
  Total time: 1.4 min
  Best params:
    learning_rate: 0.000748066
  Results -> /workspace/jy1559/FMoE/experiments/run/artifacts/results/baseline/foursquare_TiSASRec_p23_sh_c13_mtisasrec_fad_h3_r1_wdhi_s1_20260409_104751_770325_pid495822.json
  Normal mirror -> /workspace/jy1559/FMoE/experiments/run/artifacts/results/baseline/normal/stageh_targetedrecovery_anchor2_core5/P23/foursquare/TiSASRec/foursquare_TiSASRec_p23_sh_c13_mtisasrec_fad_h3_r1_wdhi_s1_20260409_104751_770325_pid495822.json
  Special result -> /workspace/jy1559/FMoE/experiments/run/artifacts/results/baseline/special/stageh_targetedrecovery_anchor2_core5/P23/foursquare/TiSASRec/foursquare_TiSASRec_p23_sh_c13_mtisasrec_fad_h3_r1_wdhi_s1_20260409_104751_770325_pid495822_special_metrics.json
  Special log -> /workspace/jy1559/FMoE/experiments/run/artifacts/logs/baseline/special/stageh_targetedrecovery_anchor2_core5/P23/foursquare/TiSASRec/foursquare_TiSASRec_p23_sh_c13_mtisasrec_fad_h3_r1_wdhi_s1_20260409_104751_770325_pid495822_special_metrics.json
=================================================================

[RUN_STATUS] END status=normal pid=495822 start=2026-04-09T10:47:51 end=2026-04-09T10:49:16
