[FINAL_ALL_DATASETS_SETTING_HEADER]
run_phase=P14_FAD_A3_AMAZON_BEAUTY_H8_S2 exp_brief=A3_NO_CATEGORY phase_id=P14 axis_id=FAD setting_id=A3_NO_CATEGORY_H8_S2 hparam_id=H8 seed=2
desc=A3_NO_CATEGORY_H8_S2
dataset=amazon_beauty gpu=3 order=70
max_evals=20 tune_epochs=100 tune_patience=10
seed=91007

[COMMAND]
- /venv/FMoE/bin/python hyperopt_tune.py --config-name config --max-evals 20 --tune-epochs 100 --tune-patience 10 --seed 91007 --run-group fmoe_n3 --run-axis Final_all_datasets --run-phase P14_FAD_A3_AMAZON_BEAUTY_H8_S2 model=featured_moe_n3_tune dataset=amazon_beauty eval_mode=session_fixed feature_mode=full_v3 gpu_id=3 log_wandb=false enable_tf32=true fmoe_debug_logging=false fmoe_diag_logging=true fmoe_special_logging=true fmoe_feature_ablation_logging=false fmoe_eval_logging_timing=final_only ++fmoe_logging_output_root="run/artifacts/logging" ++fmoe_logging_layout="axis_dataset_arch_hparam" ++fmoe_architecture_id="A3" ++fmoe_architecture_key="A3_NO_CATEGORY" ++fmoe_hparam_id="H8" ++fmoe_phase="P14" MAX_ITEM_LIST_LENGTH=20 train_batch_size=4096 eval_batch_size=4096 embedding_size=128 num_heads=4 attn_dropout_prob=0.1 d_ff=256 d_feat_emb=16 d_expert_hidden=128 d_router_hidden=64 expert_scale=3 ++search.learning_rate=[0.00015,0.008] ++search.weight_decay=[2.5e-06] ++search.hidden_dropout_prob=[0.19] ++search.lr_scheduler_type=["warmup_cosine"] ++search_space_type_overrides.learning_rate=loguniform ++search_space_type_overrides.weight_decay=choice ++search_space_type_overrides.hidden_dropout_prob=choice ++search_space_type_overrides.lr_scheduler_type=choice ++phase_run_type="final" ++phase_axis_id="FAD" ++phase_axis_desc="final_all_datasets" ++phase_setting_id="A3_NO_CATEGORY_H8_S2" ++phase_setting_key="A3_NO_CATEGORY" ++phase_hparam_id="H8" ++phase_seed_id=2 ++phase_run_id="FAD_A3_AMAZON_BEAUTY_H8_S2" ++layer_layout=["macro","mid","micro"] ++stage_compute_mode={macro:"moe",mid:"moe",micro:"moe"} ++stage_router_mode={macro:"learned",mid:"learned",micro:"learned"} ++stage_router_source={macro:"both",mid:"both",micro:"both"} ++stage_feature_injection={macro:"none",mid:"none",micro:"none"} ++topk_scope_mode="global_flat" ++moe_top_k=0 ++balance_loss_lambda=0.0 ++z_loss_lambda=0.0002 ++gate_entropy_lambda=0.0 ++route_smoothness_lambda=0.0 ++route_consistency_lambda=0.0008 ++route_sharpness_lambda=0.0 ++route_monopoly_lambda=0.0 ++route_monopoly_tau=0.25 ++route_prior_lambda=0.0 ++group_prior_align_lambda=0.0 ++factored_group_balance_lambda=0.0 ++rule_agreement_lambda=0.0 ++group_coverage_lambda=0.0 ++feature_group_bias_lambda=0.05 ++rule_bias_scale=0.1 ++primitive_balance_lambda=0.0 ++wrapper_group_feature_align_lambda=0.0 ++stage_router_primitives={macro:{a_joint:{source:"feature",temperature:1.0,top_k:0},b_group:{source:"feature",temperature:1.0,top_k:0},c_shared:{source:"feature",temperature:1.0,top_k:0},d_cond:{source:"feature",temperature:1.0,top_k:0},e_scalar:{source:"feature",temperature:1.0,top_k:0},wrapper:{alpha_d:1.0,alpha_struct:1.0,alpha_a:1.0}},mid:{a_joint:{source:"feature",temperature:1.0,top_k:0},b_group:{source:"feature",temperature:1.0,top_k:0},c_shared:{source:"feature",temperature:1.0,top_k:0},d_cond:{source:"feature",temperature:1.0,top_k:0},e_scalar:{source:"feature",temperature:1.0,top_k:0},wrapper:{alpha_d:1.0,alpha_struct:1.0,alpha_a:1.0}},micro:{a_joint:{source:"feature",temperature:1.0,top_k:0},b_group:{source:"feature",temperature:1.0,top_k:0},c_shared:{source:"feature",temperature:1.0,top_k:0},d_cond:{source:"feature",temperature:1.0,top_k:0},e_scalar:{source:"feature",temperature:1.0,top_k:0},wrapper:{alpha_d:1.0,alpha_struct:1.0,alpha_a:1.0}}} ++stage_router_wrapper={macro:"w4_bxd",mid:"w6_bxd_plus_a",micro:"w1_flat"} ++macro_history_window=5 ++stage_router_granularity={macro:"session",mid:"session",micro:"token"} ++stage_family_dropout_prob={macro:0.1,mid:0.1,micro:0.1} ++stage_feature_dropout_prob={macro:0.0,mid:0.0,micro:0.0} ++stage_feature_dropout_scope={macro:"token",mid:"token",micro:"token"} ++route_consistency_pairs=1 ++route_consistency_min_sim=0.995 ++stage_feature_drop_keywords=["cat","theme"]
/venv/FMoE/lib/python3.10/site-packages/ray/_private/parameter.py:4: UserWarning: pkg_resources is deprecated as an API. See https://setuptools.pypa.io/en/latest/pkg_resources.html. The pkg_resources package is slated for removal as early as 2025-11-30. Refrain from using this package or pin to Setuptools<81.
  import pkg_resources
[RUN_STATUS] START pid=80285 ts=2026-04-03T13:25:18

=================================================================
  Hyperopt TPE  |  FeaturedMoE_N3 x amazon_beauty
  max_evals=20  epochs=100  patience=10  wandb=off
  batch_size(train/valid/test)=4096/4096/4096
  track=fmoe_n3  axis=final_all_datasets  phase=P14_FAD_A3_AMAZON_BEAUTY_H8_S2
=================================================================
Changed knobs: learning_rate
Tuned params(len>1): 1  (~1 discrete combos)
Tuned groups: 1
  [optimization]
    learning_rate                   [0.00015, 0.008]                          -> loguniform
Fixed params(singleton/non-list): 3
Fixed groups: 3
  [optimization]
    hidden_dropout_prob             0.19                                    
    weight_decay                    2.5e-06                                 
  [other]
    lr_scheduler_type               warmup_cosine                           

[Wandb] disabled for this hyperopt run

[1/20] learning_rate=0.00258
  -> MRR@20=0.058400  best=0.058400  (early_stop@24, trial=11s, avg=13s/trial, total=13s, ETA=4.2min)
[TRIAL_METRICS] cur_best_mrr20=0.058400 cur_best_hr10=0.106200 cur_test_mrr20=0.036000 cur_test_hr10=0.070200 run_best_mrr20=0.058400 run_best_hr10=0.106200 run_test_mrr20=0.036000 run_test_hr10=0.070200

[2/20] learning_rate=0.003963
  -> MRR@20=0.045700  best=0.058400  (early_stop@21, trial=9s, avg=11s/trial, total=23s, ETA=3.4min)
[TRIAL_METRICS] cur_best_mrr20=0.045700 cur_best_hr10=0.097300 cur_test_mrr20=0.015300 cur_test_hr10=0.052600 run_best_mrr20=0.058400 run_best_hr10=0.106200 run_test_mrr20=0.036000 run_test_hr10=0.070200

[3/20] learning_rate=0.001683
  -> MRR@20=0.075500  best=0.075500  (early_stop@28, trial=12s, avg=12s/trial, total=35s, ETA=3.3min)
[TRIAL_METRICS] cur_best_mrr20=0.075500 cur_best_hr10=0.106200 cur_test_mrr20=0.045000 cur_test_hr10=0.070200 run_best_mrr20=0.075500 run_best_hr10=0.106200 run_test_mrr20=0.045000 run_test_hr10=0.070200

[4/20] learning_rate=0.004656
  -> MRR@20=0.038300  best=0.075500  (early_stop@12, trial=5s, avg=10s/trial, total=40s, ETA=2.7min)
[TRIAL_METRICS] cur_best_mrr20=0.038300 cur_best_hr10=0.044200 cur_test_mrr20=0.009500 cur_test_hr10=0.026300 run_best_mrr20=0.075500 run_best_hr10=0.106200 run_test_mrr20=0.045000 run_test_hr10=0.070200

[5/20] learning_rate=0.0002182
  -> MRR@20=0.037500  best=0.075500  (early_stop@15, trial=6s, avg=9s/trial, total=46s, ETA=2.3min)
[TRIAL_METRICS] cur_best_mrr20=0.037500 cur_best_hr10=0.044200 cur_test_mrr20=0.024700 cur_test_hr10=0.043900 run_best_mrr20=0.075500 run_best_hr10=0.106200 run_test_mrr20=0.045000 run_test_hr10=0.070200

[6/20] learning_rate=0.001174
  -> MRR@20=0.075500  best=0.075500  (early_stop@34, trial=14s, avg=10s/trial, total=1.0min, ETA=2.3min)
[TRIAL_METRICS] cur_best_mrr20=0.075500 cur_best_hr10=0.106200 cur_test_mrr20=0.050900 cur_test_hr10=0.070200 run_best_mrr20=0.075500 run_best_hr10=0.106200 run_test_mrr20=0.050900 run_test_hr10=0.070200

[7/20] learning_rate=0.00374
  -> MRR@20=0.045700  best=0.075500  (early_stop@22, trial=9s, avg=10s/trial, total=1.2min, ETA=2.2min)
[TRIAL_METRICS] cur_best_mrr20=0.045700 cur_best_hr10=0.088500 cur_test_mrr20=0.022300 cur_test_hr10=0.061400 run_best_mrr20=0.075500 run_best_hr10=0.106200 run_test_mrr20=0.045000 run_test_hr10=0.070200

[8/20] learning_rate=0.00196
  -> MRR@20=0.069200  best=0.075500  (early_stop@25, trial=10s, avg=10s/trial, total=1.3min, ETA=2.0min)
[TRIAL_METRICS] cur_best_mrr20=0.069200 cur_best_hr10=0.106200 cur_test_mrr20=0.045600 cur_test_hr10=0.061400 run_best_mrr20=0.075500 run_best_hr10=0.106200 run_test_mrr20=0.045000 run_test_hr10=0.070200

[9/20] learning_rate=0.0008744
  -> MRR@20=0.070100  best=0.075500  (early_stop@38, trial=16s, avg=11s/trial, total=1.6min, ETA=2.0min)
[TRIAL_METRICS] cur_best_mrr20=0.070100 cur_best_hr10=0.115000 cur_test_mrr20=0.047800 cur_test_hr10=0.070200 run_best_mrr20=0.075500 run_best_hr10=0.106200 run_test_mrr20=0.045000 run_test_hr10=0.070200

[10/20] learning_rate=0.0006382
  -> MRR@20=0.076000  best=0.076000  (early_stop@45, trial=19s, avg=12s/trial, total=1.9min, ETA=1.9min)
[TRIAL_METRICS] cur_best_mrr20=0.076000 cur_best_hr10=0.106200 cur_test_mrr20=0.051200 cur_test_hr10=0.070200 run_best_mrr20=0.076000 run_best_hr10=0.106200 run_test_mrr20=0.051200 run_test_hr10=0.070200

[11/20] learning_rate=0.001516
  -> MRR@20=0.077400  best=0.077400  (early_stop@31, trial=13s, avg=12s/trial, total=2.2min, ETA=1.8min)
[TRIAL_METRICS] cur_best_mrr20=0.077400 cur_best_hr10=0.106200 cur_test_mrr20=0.045200 cur_test_hr10=0.070200 run_best_mrr20=0.077400 run_best_hr10=0.106200 run_test_mrr20=0.045200 run_test_hr10=0.070200

[12/20] learning_rate=0.0008102
  -> MRR@20=0.070800  best=0.077400  (early_stop@39, trial=17s, avg=12s/trial, total=2.4min, ETA=1.6min)
[TRIAL_METRICS] cur_best_mrr20=0.070800 cur_best_hr10=0.115000 cur_test_mrr20=0.047600 cur_test_hr10=0.070200 run_best_mrr20=0.077400 run_best_hr10=0.106200 run_test_mrr20=0.045200 run_test_hr10=0.070200

[13/20] learning_rate=0.005166
  -> MRR@20=0.037600  best=0.077400  (early_stop@12, trial=5s, avg=12s/trial, total=2.5min, ETA=1.4min)
[TRIAL_METRICS] cur_best_mrr20=0.037600 cur_best_hr10=0.044200 cur_test_mrr20=0.008300 cur_test_hr10=0.026300 run_best_mrr20=0.077400 run_best_hr10=0.106200 run_test_mrr20=0.045200 run_test_hr10=0.070200

[14/20] learning_rate=0.001233
  -> MRR@20=0.078700  best=0.078700  (early_stop@34, trial=14s, avg=12s/trial, total=2.8min, ETA=1.2min)
[TRIAL_METRICS] cur_best_mrr20=0.078700 cur_best_hr10=0.106200 cur_test_mrr20=0.046200 cur_test_hr10=0.070200 run_best_mrr20=0.078700 run_best_hr10=0.106200 run_test_mrr20=0.046200 run_test_hr10=0.070200

[15/20] learning_rate=0.0006301
  -> MRR@20=0.076000  best=0.078700  (early_stop@46, trial=19s, avg=12s/trial, total=3.1min, ETA=1.0min)
[TRIAL_METRICS] cur_best_mrr20=0.076000 cur_best_hr10=0.106200 cur_test_mrr20=0.051200 cur_test_hr10=0.070200 run_best_mrr20=0.078700 run_best_hr10=0.106200 run_test_mrr20=0.046200 run_test_hr10=0.070200

[16/20] learning_rate=0.001334
  -> MRR@20=0.077700  best=0.078700  (early_stop@32, trial=13s, avg=12s/trial, total=3.3min, ETA=50s)
[TRIAL_METRICS] cur_best_mrr20=0.077700 cur_best_hr10=0.106200 cur_test_mrr20=0.050700 cur_test_hr10=0.070200 run_best_mrr20=0.078700 run_best_hr10=0.106200 run_test_mrr20=0.046200 run_test_hr10=0.070200

[17/20] learning_rate=0.0006166
  -> MRR@20=0.076000  best=0.078700  (early_stop@46, trial=19s, avg=13s/trial, total=3.7min, ETA=39s)
[TRIAL_METRICS] cur_best_mrr20=0.076000 cur_best_hr10=0.106200 cur_test_mrr20=0.051200 cur_test_hr10=0.070200 run_best_mrr20=0.078700 run_best_hr10=0.106200 run_test_mrr20=0.046200 run_test_hr10=0.070200

[18/20] learning_rate=0.0009646
  -> MRR@20=0.073900  best=0.078700  (early_stop@43, trial=17s, avg=13s/trial, total=3.9min, ETA=26s)
[TRIAL_METRICS] cur_best_mrr20=0.073900 cur_best_hr10=0.106200 cur_test_mrr20=0.046600 cur_test_hr10=0.070200 run_best_mrr20=0.078700 run_best_hr10=0.106200 run_test_mrr20=0.046200 run_test_hr10=0.070200

[19/20] learning_rate=0.0008851
  -> MRR@20=0.069900  best=0.078700  (early_stop@38, trial=16s, avg=13s/trial, total=4.2min, ETA=13s)
[TRIAL_METRICS] cur_best_mrr20=0.069900 cur_best_hr10=0.115000 cur_test_mrr20=0.047800 cur_test_hr10=0.070200 run_best_mrr20=0.078700 run_best_hr10=0.106200 run_test_mrr20=0.046200 run_test_hr10=0.070200

[20/20] learning_rate=0.0004822
  -> MRR@20=0.034700  best=0.078700  (early_stop@11, trial=4s, avg=13s/trial, total=4.3min, ETA=0s)
[TRIAL_METRICS] cur_best_mrr20=0.034700 cur_best_hr10=0.053100 cur_test_mrr20=0.030000 cur_test_hr10=0.061400 run_best_mrr20=0.078700 run_best_hr10=0.106200 run_test_mrr20=0.046200 run_test_hr10=0.070200
[1;35mEvaluate   [0m:   0%|                                                            | 0/1 [00:00<?, ?it/s][0m[1;35mEvaluate   [0m:   0%|                                   | 0/1 [00:00<?, ?it/s, [1;33mGPU RAM: 6.77 G/23.56 G[0m][0m                                                                                                    [1;35mEvaluate   [0m:   0%|                                                            | 0/1 [00:00<?, ?it/s][0m[1;35mEvaluate   [0m:   0%|                                   | 0/1 [00:00<?, ?it/s, [1;33mGPU RAM: 6.77 G/23.56 G[0m][0m                                                                                                    [1;35mEvaluate   [0m:   0%|                                                            | 0/1 [00:00<?, ?it/s][0m[1;35mEvaluate   [0m:   0%|                                   | 0/1 [00:00<?, ?it/s, [1;33mGPU RAM: 6.77 G/23.56 G[0m][0m                                                                                                    
=================================================================
  DONE  |  FeaturedMoE_N3 x amazon_beauty
  Best MRR@20 = 0.078700  |  20/20 trials OK
  Best HR@10  = 0.106200
  Test MRR@20 = 0.046200  (best-valid checkpoint)
  Test HR@10  = 0.070200  (best-valid checkpoint)
[RUN_METRICS] best_valid_mrr20=0.078700 best_valid_hr10=0.106200 test_mrr20=0.046200 test_hr10=0.070200
  Total time: 4.3 min
  Best params:
    learning_rate: 0.00123305
  Results -> /workspace/jy1559/FMoE/experiments/run/artifacts/results/fmoe_n3/amazon_beauty_FeaturedMoE_N3_p14_fad_a3_amazon_beauty_h8_s2_20260403_132518_963500_pid80285.json
  Normal mirror -> /workspace/jy1559/FMoE/experiments/run/artifacts/results/fmoe_n3/normal/final_all_datasets/P14/amazon_beauty/FMoEN3/amazon_beauty_FeaturedMoE_N3_p14_fad_a3_amazon_beauty_h8_s2_20260403_132518_963500_pid80285.json
  Special result -> /workspace/jy1559/FMoE/experiments/run/artifacts/results/fmoe_n3/special/final_all_datasets/P14/amazon_beauty/FMoEN3/amazon_beauty_FeaturedMoE_N3_p14_fad_a3_amazon_beauty_h8_s2_20260403_132518_963500_pid80285_special_metrics.json
  Special log -> /workspace/jy1559/FMoE/experiments/run/artifacts/logs/fmoe_n3/special/final_all_datasets/P14/amazon_beauty/FMoEN3/amazon_beauty_FeaturedMoE_N3_p14_fad_a3_amazon_beauty_h8_s2_20260403_132518_963500_pid80285_special_metrics.json
=================================================================

[RUN_STATUS] END status=normal pid=80285 start=2026-04-03T13:25:18 end=2026-04-03T13:29:38
