# pair=P039 dataset=retail_rocket model=fdsa combo=C1 seed=1
# cmd=/venv/FMoE/bin/python hyperopt_tune.py --config-name tune_rr --max-evals 10 --tune-epochs 100 --tune-patience 10 --search-algo random --seed 39 --run-group baseline_3 --run-axis FULL_HISTORY_V4_C4 --run-phase FULL_HISTORY_V4_C4_DRETAIL_ROCKET_MFDSA_P039_C1_S1 model=fdsa dataset=retail_rocket eval_mode=session_fixed feature_mode=full_v4 train_batch_size=4096 eval_batch_size=8192 gpu_id=2 log_wandb=false show_progress=false ++seed=39 ++history_input_mode=full_history_session_targets ++history_group_field=user_id ++target_group_field=session_id ++history_eval_policy=strict_train_prefix ++MAX_ITEM_LIST_LENGTH=30 ++eval_sampling.mode=full ++eval_sampling.auto_full_threshold=999999999 ++special_logging=true ++exclude_unseen_target_from_main_eval=true ++log_unseen_target_metrics=true ++hidden_size=160 ++embedding_size=160 ++n_layers=3 ++num_layers=3 ++n_heads=4 ++num_heads=4 ++inner_size=320 ++dropout_ratio=0.15 ++hidden_dropout_prob=0.15 ++attn_dropout_prob=0.15 ++weight_decay=0.0002 ++attribute_hidden_size=160 ++fusion_type="gate" ++use_attribute_predictor=true ++lambda_attr=0.15 ++selected_features=["category"] ++pooling_mode="mean" ++search={learning_rate:[0.00019049409439665053,0.0009524704719832527],weight_decay:[0.00014,0.00034]} ++search_space_type_overrides={learning_rate:"loguniform",weight_decay:"loguniform"} ++search.MAX_ITEM_LIST_LENGTH=[30] ++search_space_type_overrides.MAX_ITEM_LIST_LENGTH=choice ++search.hidden_size=[160] ++search_space_type_overrides.hidden_size=choice ++search.embedding_size=[160] ++search_space_type_overrides.embedding_size=choice ++search.n_layers=[3] ++search_space_type_overrides.n_layers=choice ++search.num_layers=[3] ++search_space_type_overrides.num_layers=choice ++search.n_heads=[4] ++search_space_type_overrides.n_heads=choice ++search.num_heads=[4] ++search_space_type_overrides.num_heads=choice ++search.inner_size=[320] ++search_space_type_overrides.inner_size=choice ++search.dropout_ratio=[0.15] ++search_space_type_overrides.dropout_ratio=choice ++search.hidden_dropout_prob=[0.15] ++search_space_type_overrides.hidden_dropout_prob=choice ++search.attn_dropout_prob=[0.15] ++search_space_type_overrides.attn_dropout_prob=choice ++search.attribute_hidden_size=[160] ++search_space_type_overrides.attribute_hidden_size=choice ++search.fusion_type=["gate"] ++search_space_type_overrides.fusion_type=choice ++search.use_attribute_predictor=[true] ++search_space_type_overrides.use_attribute_predictor=choice ++search.lambda_attr=[0.15] ++search_space_type_overrides.lambda_attr=choice ++search.selected_features=[["category"]] ++search_space_type_overrides.selected_features=choice ++search.pooling_mode=["mean"] ++search_space_type_overrides.pooling_mode=choice

/venv/FMoE/lib/python3.10/site-packages/ray/_private/parameter.py:4: UserWarning: pkg_resources is deprecated as an API. See https://setuptools.pypa.io/en/latest/pkg_resources.html. The pkg_resources package is slated for removal as early as 2025-11-30. Refrain from using this package or pin to Setuptools<81.
  import pkg_resources
[RUN_STATUS] START pid=370919 ts=2026-04-16T14:06:59

=================================================================
  Hyperopt  |  FDSA x retail_rocket
  max_evals=10  epochs=100  patience=10  wandb=off
  search_algo=random
  batch_size(train/valid/test)=4096/8192/8192
  track=baseline_3  axis=full_history_v4_c4  phase=FULL_HISTORY_V4_C4_DRETAIL_ROCKET_MFDSA_P039_C1_S1
=================================================================
Changed knobs: learning_rate, weight_decay
Tuned params(len>1): 2  (~1 discrete combos)
Tuned groups: 2
  [optimization]
    learning_rate                   [0.00019049409439665053, 0.0009524704719832527]  -> loguniform
    weight_decay                    [0.00014, 0.00034]                        -> loguniform
Fixed params(singleton/non-list): 17
Fixed groups: 17
  [optimization]
    hidden_dropout_prob             0.15                                    
  [model_core]
    attn_dropout_prob               0.15                                    
    dropout_ratio                   0.15                                    
    embedding_size                  160                                     
    hidden_size                     160                                     
    inner_size                      320                                     
    num_heads                       4                                       
    num_layers                      3                                       
  [other]
    MAX_ITEM_LIST_LENGTH            30                                      
    attribute_hidden_size           160                                     
    fusion_type                     gate                                    
    lambda_attr                     0.15                                    
    n_heads                         4                                       
    n_layers                        3                                       
    pooling_mode                    mean                                    
    selected_features               ['category']                            
    use_attribute_predictor         True                                    

[Wandb] disabled for this hyperopt run

[1/10] learning_rate=0.0004673, weight_decay=0.000179
  -> FAILED: CUDA out of memory. Tried to allocate 6.37 GiB. GPU 0 has a total capacity of 23.56 GiB of which 1.60 GiB is free. Process 2760628 has 21.95 GiB memory in use. Of the allocated memory 21.53 GiB is allocated by PyTorch, and 119.25 MiB is reserved by PyTorch but unallocated. If reserved but unallocated memory is large try setting PYTORCH_CUDA_ALLOC_CONF=expandable_segments:True to avoid fragmentation.  See documentation for Memory Management  (https://pytorch.org/docs/stable/notes/cuda.html#environment-variables)
Traceback (most recent call last):
  File "/workspace/FeaturedMoE/experiments/hyperopt_tune.py", line 4241, in objective
    result = train_and_evaluate(cfg_trial, trial_num=trial_num, progress_cb=_wandb_log_live if log_wandb else None)
  File "/workspace/FeaturedMoE/experiments/hyperopt_tune.py", line 2958, in train_and_evaluate
    train_loss = trainer._train_epoch(train_data, epoch_idx=epoch, show_progress=show_progress)
  File "/workspace/FeaturedMoE/experiments/recbole_patch.py", line 1284, in _patched_train_epoch
    return _original_train_epoch(self, *args, **kwargs)
  File "/venv/FMoE/lib/python3.10/site-packages/recbole/trainer/trainer.py", line 261, in _train_epoch
    scaler.scale(loss + sync_loss).backward()
  File "/venv/FMoE/lib/python3.10/site-packages/torch/_tensor.py", line 626, in backward
    torch.autograd.backward(
  File "/venv/FMoE/lib/python3.10/site-packages/torch/autograd/__init__.py", line 347, in backward
    _engine_run_backward(
  File "/venv/FMoE/lib/python3.10/site-packages/torch/autograd/graph.py", line 823, in _engine_run_backward
    return Variable._execution_engine.run_backward(  # Calls into the C++ engine to run the backward pass
torch.OutOfMemoryError: CUDA out of memory. Tried to allocate 6.37 GiB. GPU 0 has a total capacity of 23.56 GiB of which 1.60 GiB is free. Process 2760628 has 21.95 GiB memory in use. Of the allocated memory 21.53 GiB is allocated by PyTorch, and 119.25 MiB is reserved by PyTorch but unallocated. If reserved but unallocated memory is large try setting PYTORCH_CUDA_ALLOC_CONF=expandable_segments:True to avoid fragmentation.  See documentation for Memory Management  (https://pytorch.org/docs/stable/notes/cuda.html#environment-variables)

[2/10] learning_rate=0.0002749, weight_decay=0.0001567
  -> FAILED: CUDA out of memory. Tried to allocate 6.37 GiB. GPU 0 has a total capacity of 23.56 GiB of which 1.97 GiB is free. Process 2760628 has 21.58 GiB memory in use. Of the allocated memory 15.17 GiB is allocated by PyTorch, and 6.11 GiB is reserved by PyTorch but unallocated. If reserved but unallocated memory is large try setting PYTORCH_CUDA_ALLOC_CONF=expandable_segments:True to avoid fragmentation.  See documentation for Memory Management  (https://pytorch.org/docs/stable/notes/cuda.html#environment-variables)
Traceback (most recent call last):
  File "/workspace/FeaturedMoE/experiments/hyperopt_tune.py", line 4241, in objective
    result = train_and_evaluate(cfg_trial, trial_num=trial_num, progress_cb=_wandb_log_live if log_wandb else None)
  File "/workspace/FeaturedMoE/experiments/hyperopt_tune.py", line 2958, in train_and_evaluate
    train_loss = trainer._train_epoch(train_data, epoch_idx=epoch, show_progress=show_progress)
  File "/workspace/FeaturedMoE/experiments/recbole_patch.py", line 1284, in _patched_train_epoch
    return _original_train_epoch(self, *args, **kwargs)
  File "/venv/FMoE/lib/python3.10/site-packages/recbole/trainer/trainer.py", line 245, in _train_epoch
    losses = loss_func(interaction)
  File "/workspace/FeaturedMoE/experiments/models/fdsa.py", line 186, in calculate_loss
    return self.loss_fct(logits, pos_items)
  File "/venv/FMoE/lib/python3.10/site-packages/torch/nn/modules/module.py", line 1739, in _wrapped_call_impl
    return self._call_impl(*args, **kwargs)
  File "/venv/FMoE/lib/python3.10/site-packages/torch/nn/modules/module.py", line 1750, in _call_impl
    return forward_call(*args, **kwargs)
  File "/venv/FMoE/lib/python3.10/site-packages/torch/nn/modules/loss.py", line 1295, in forward
    return F.cross_entropy(
  File "/venv/FMoE/lib/python3.10/site-packages/torch/nn/functional.py", line 3494, in cross_entropy
    return torch._C._nn.cross_entropy_loss(
torch.OutOfMemoryError: CUDA out of memory. Tried to allocate 6.37 GiB. GPU 0 has a total capacity of 23.56 GiB of which 1.97 GiB is free. Process 2760628 has 21.58 GiB memory in use. Of the allocated memory 15.17 GiB is allocated by PyTorch, and 6.11 GiB is reserved by PyTorch but unallocated. If reserved but unallocated memory is large try setting PYTORCH_CUDA_ALLOC_CONF=expandable_segments:True to avoid fragmentation.  See documentation for Memory Management  (https://pytorch.org/docs/stable/notes/cuda.html#environment-variables)

[3/10] learning_rate=0.0003292, weight_decay=0.0001991
  -> FAILED: CUDA out of memory. Tried to allocate 6.37 GiB. GPU 0 has a total capacity of 23.56 GiB of which 2.19 GiB is free. Process 2760628 has 21.36 GiB memory in use. Of the allocated memory 15.17 GiB is allocated by PyTorch, and 5.89 GiB is reserved by PyTorch but unallocated. If reserved but unallocated memory is large try setting PYTORCH_CUDA_ALLOC_CONF=expandable_segments:True to avoid fragmentation.  See documentation for Memory Management  (https://pytorch.org/docs/stable/notes/cuda.html#environment-variables)
Traceback (most recent call last):
  File "/workspace/FeaturedMoE/experiments/hyperopt_tune.py", line 4241, in objective
    result = train_and_evaluate(cfg_trial, trial_num=trial_num, progress_cb=_wandb_log_live if log_wandb else None)
  File "/workspace/FeaturedMoE/experiments/hyperopt_tune.py", line 2958, in train_and_evaluate
    train_loss = trainer._train_epoch(train_data, epoch_idx=epoch, show_progress=show_progress)
  File "/workspace/FeaturedMoE/experiments/recbole_patch.py", line 1284, in _patched_train_epoch
    return _original_train_epoch(self, *args, **kwargs)
  File "/venv/FMoE/lib/python3.10/site-packages/recbole/trainer/trainer.py", line 245, in _train_epoch
    losses = loss_func(interaction)
  File "/workspace/FeaturedMoE/experiments/models/fdsa.py", line 186, in calculate_loss
    return self.loss_fct(logits, pos_items)
  File "/venv/FMoE/lib/python3.10/site-packages/torch/nn/modules/module.py", line 1739, in _wrapped_call_impl
    return self._call_impl(*args, **kwargs)
  File "/venv/FMoE/lib/python3.10/site-packages/torch/nn/modules/module.py", line 1750, in _call_impl
    return forward_call(*args, **kwargs)
  File "/venv/FMoE/lib/python3.10/site-packages/torch/nn/modules/loss.py", line 1295, in forward
    return F.cross_entropy(
  File "/venv/FMoE/lib/python3.10/site-packages/torch/nn/functional.py", line 3494, in cross_entropy
    return torch._C._nn.cross_entropy_loss(
torch.OutOfMemoryError: CUDA out of memory. Tried to allocate 6.37 GiB. GPU 0 has a total capacity of 23.56 GiB of which 2.19 GiB is free. Process 2760628 has 21.36 GiB memory in use. Of the allocated memory 15.17 GiB is allocated by PyTorch, and 5.89 GiB is reserved by PyTorch but unallocated. If reserved but unallocated memory is large try setting PYTORCH_CUDA_ALLOC_CONF=expandable_segments:True to avoid fragmentation.  See documentation for Memory Management  (https://pytorch.org/docs/stable/notes/cuda.html#environment-variables)

[4/10] learning_rate=0.0002238, weight_decay=0.0001721
  -> FAILED: CUDA out of memory. Tried to allocate 6.37 GiB. GPU 0 has a total capacity of 23.56 GiB of which 2.42 GiB is free. Process 2760628 has 21.14 GiB memory in use. Of the allocated memory 15.17 GiB is allocated by PyTorch, and 5.67 GiB is reserved by PyTorch but unallocated. If reserved but unallocated memory is large try setting PYTORCH_CUDA_ALLOC_CONF=expandable_segments:True to avoid fragmentation.  See documentation for Memory Management  (https://pytorch.org/docs/stable/notes/cuda.html#environment-variables)
Traceback (most recent call last):
  File "/workspace/FeaturedMoE/experiments/hyperopt_tune.py", line 4241, in objective
    result = train_and_evaluate(cfg_trial, trial_num=trial_num, progress_cb=_wandb_log_live if log_wandb else None)
  File "/workspace/FeaturedMoE/experiments/hyperopt_tune.py", line 2958, in train_and_evaluate
    train_loss = trainer._train_epoch(train_data, epoch_idx=epoch, show_progress=show_progress)
  File "/workspace/FeaturedMoE/experiments/recbole_patch.py", line 1284, in _patched_train_epoch
    return _original_train_epoch(self, *args, **kwargs)
  File "/venv/FMoE/lib/python3.10/site-packages/recbole/trainer/trainer.py", line 245, in _train_epoch
    losses = loss_func(interaction)
  File "/workspace/FeaturedMoE/experiments/models/fdsa.py", line 186, in calculate_loss
    return self.loss_fct(logits, pos_items)
  File "/venv/FMoE/lib/python3.10/site-packages/torch/nn/modules/module.py", line 1739, in _wrapped_call_impl
    return self._call_impl(*args, **kwargs)
  File "/venv/FMoE/lib/python3.10/site-packages/torch/nn/modules/module.py", line 1750, in _call_impl
    return forward_call(*args, **kwargs)
  File "/venv/FMoE/lib/python3.10/site-packages/torch/nn/modules/loss.py", line 1295, in forward
    return F.cross_entropy(
  File "/venv/FMoE/lib/python3.10/site-packages/torch/nn/functional.py", line 3494, in cross_entropy
    return torch._C._nn.cross_entropy_loss(
torch.OutOfMemoryError: CUDA out of memory. Tried to allocate 6.37 GiB. GPU 0 has a total capacity of 23.56 GiB of which 2.42 GiB is free. Process 2760628 has 21.14 GiB memory in use. Of the allocated memory 15.17 GiB is allocated by PyTorch, and 5.67 GiB is reserved by PyTorch but unallocated. If reserved but unallocated memory is large try setting PYTORCH_CUDA_ALLOC_CONF=expandable_segments:True to avoid fragmentation.  See documentation for Memory Management  (https://pytorch.org/docs/stable/notes/cuda.html#environment-variables)

[5/10] learning_rate=0.000219, weight_decay=0.0001664
  -> FAILED: CUDA out of memory. Tried to allocate 6.37 GiB. GPU 0 has a total capacity of 23.56 GiB of which 2.64 GiB is free. Process 2760628 has 20.92 GiB memory in use. Of the allocated memory 15.16 GiB is allocated by PyTorch, and 5.45 GiB is reserved by PyTorch but unallocated. If reserved but unallocated memory is large try setting PYTORCH_CUDA_ALLOC_CONF=expandable_segments:True to avoid fragmentation.  See documentation for Memory Management  (https://pytorch.org/docs/stable/notes/cuda.html#environment-variables)
Traceback (most recent call last):
  File "/workspace/FeaturedMoE/experiments/hyperopt_tune.py", line 4241, in objective
    result = train_and_evaluate(cfg_trial, trial_num=trial_num, progress_cb=_wandb_log_live if log_wandb else None)
  File "/workspace/FeaturedMoE/experiments/hyperopt_tune.py", line 2958, in train_and_evaluate
    train_loss = trainer._train_epoch(train_data, epoch_idx=epoch, show_progress=show_progress)
  File "/workspace/FeaturedMoE/experiments/recbole_patch.py", line 1284, in _patched_train_epoch
    return _original_train_epoch(self, *args, **kwargs)
  File "/venv/FMoE/lib/python3.10/site-packages/recbole/trainer/trainer.py", line 245, in _train_epoch
    losses = loss_func(interaction)
  File "/workspace/FeaturedMoE/experiments/models/fdsa.py", line 186, in calculate_loss
    return self.loss_fct(logits, pos_items)
  File "/venv/FMoE/lib/python3.10/site-packages/torch/nn/modules/module.py", line 1739, in _wrapped_call_impl
    return self._call_impl(*args, **kwargs)
  File "/venv/FMoE/lib/python3.10/site-packages/torch/nn/modules/module.py", line 1750, in _call_impl
    return forward_call(*args, **kwargs)
  File "/venv/FMoE/lib/python3.10/site-packages/torch/nn/modules/loss.py", line 1295, in forward
    return F.cross_entropy(
  File "/venv/FMoE/lib/python3.10/site-packages/torch/nn/functional.py", line 3494, in cross_entropy
    return torch._C._nn.cross_entropy_loss(
torch.OutOfMemoryError: CUDA out of memory. Tried to allocate 6.37 GiB. GPU 0 has a total capacity of 23.56 GiB of which 2.64 GiB is free. Process 2760628 has 20.92 GiB memory in use. Of the allocated memory 15.16 GiB is allocated by PyTorch, and 5.45 GiB is reserved by PyTorch but unallocated. If reserved but unallocated memory is large try setting PYTORCH_CUDA_ALLOC_CONF=expandable_segments:True to avoid fragmentation.  See documentation for Memory Management  (https://pytorch.org/docs/stable/notes/cuda.html#environment-variables)

[6/10] learning_rate=0.0003414, weight_decay=0.0002115
  -> FAILED: CUDA out of memory. Tried to allocate 6.37 GiB. GPU 0 has a total capacity of 23.56 GiB of which 2.86 GiB is free. Process 2760628 has 20.69 GiB memory in use. Of the allocated memory 15.16 GiB is allocated by PyTorch, and 5.23 GiB is reserved by PyTorch but unallocated. If reserved but unallocated memory is large try setting PYTORCH_CUDA_ALLOC_CONF=expandable_segments:True to avoid fragmentation.  See documentation for Memory Management  (https://pytorch.org/docs/stable/notes/cuda.html#environment-variables)
Traceback (most recent call last):
  File "/workspace/FeaturedMoE/experiments/hyperopt_tune.py", line 4241, in objective
    result = train_and_evaluate(cfg_trial, trial_num=trial_num, progress_cb=_wandb_log_live if log_wandb else None)
  File "/workspace/FeaturedMoE/experiments/hyperopt_tune.py", line 2958, in train_and_evaluate
    train_loss = trainer._train_epoch(train_data, epoch_idx=epoch, show_progress=show_progress)
  File "/workspace/FeaturedMoE/experiments/recbole_patch.py", line 1284, in _patched_train_epoch
    return _original_train_epoch(self, *args, **kwargs)
  File "/venv/FMoE/lib/python3.10/site-packages/recbole/trainer/trainer.py", line 245, in _train_epoch
    losses = loss_func(interaction)
  File "/workspace/FeaturedMoE/experiments/models/fdsa.py", line 186, in calculate_loss
    return self.loss_fct(logits, pos_items)
  File "/venv/FMoE/lib/python3.10/site-packages/torch/nn/modules/module.py", line 1739, in _wrapped_call_impl
    return self._call_impl(*args, **kwargs)
  File "/venv/FMoE/lib/python3.10/site-packages/torch/nn/modules/module.py", line 1750, in _call_impl
    return forward_call(*args, **kwargs)
  File "/venv/FMoE/lib/python3.10/site-packages/torch/nn/modules/loss.py", line 1295, in forward
    return F.cross_entropy(
  File "/venv/FMoE/lib/python3.10/site-packages/torch/nn/functional.py", line 3494, in cross_entropy
    return torch._C._nn.cross_entropy_loss(
torch.OutOfMemoryError: CUDA out of memory. Tried to allocate 6.37 GiB. GPU 0 has a total capacity of 23.56 GiB of which 2.86 GiB is free. Process 2760628 has 20.69 GiB memory in use. Of the allocated memory 15.16 GiB is allocated by PyTorch, and 5.23 GiB is reserved by PyTorch but unallocated. If reserved but unallocated memory is large try setting PYTORCH_CUDA_ALLOC_CONF=expandable_segments:True to avoid fragmentation.  See documentation for Memory Management  (https://pytorch.org/docs/stable/notes/cuda.html#environment-variables)

[7/10] learning_rate=0.0006473, weight_decay=0.0001498
  -> FAILED: CUDA out of memory. Tried to allocate 6.37 GiB. GPU 0 has a total capacity of 23.56 GiB of which 3.08 GiB is free. Process 2760628 has 20.47 GiB memory in use. Of the allocated memory 15.16 GiB is allocated by PyTorch, and 5.01 GiB is reserved by PyTorch but unallocated. If reserved but unallocated memory is large try setting PYTORCH_CUDA_ALLOC_CONF=expandable_segments:True to avoid fragmentation.  See documentation for Memory Management  (https://pytorch.org/docs/stable/notes/cuda.html#environment-variables)
Traceback (most recent call last):
  File "/workspace/FeaturedMoE/experiments/hyperopt_tune.py", line 4241, in objective
    result = train_and_evaluate(cfg_trial, trial_num=trial_num, progress_cb=_wandb_log_live if log_wandb else None)
  File "/workspace/FeaturedMoE/experiments/hyperopt_tune.py", line 2958, in train_and_evaluate
    train_loss = trainer._train_epoch(train_data, epoch_idx=epoch, show_progress=show_progress)
  File "/workspace/FeaturedMoE/experiments/recbole_patch.py", line 1284, in _patched_train_epoch
    return _original_train_epoch(self, *args, **kwargs)
  File "/venv/FMoE/lib/python3.10/site-packages/recbole/trainer/trainer.py", line 245, in _train_epoch
    losses = loss_func(interaction)
  File "/workspace/FeaturedMoE/experiments/models/fdsa.py", line 186, in calculate_loss
    return self.loss_fct(logits, pos_items)
  File "/venv/FMoE/lib/python3.10/site-packages/torch/nn/modules/module.py", line 1739, in _wrapped_call_impl
    return self._call_impl(*args, **kwargs)
  File "/venv/FMoE/lib/python3.10/site-packages/torch/nn/modules/module.py", line 1750, in _call_impl
    return forward_call(*args, **kwargs)
  File "/venv/FMoE/lib/python3.10/site-packages/torch/nn/modules/loss.py", line 1295, in forward
    return F.cross_entropy(
  File "/venv/FMoE/lib/python3.10/site-packages/torch/nn/functional.py", line 3494, in cross_entropy
    return torch._C._nn.cross_entropy_loss(
torch.OutOfMemoryError: CUDA out of memory. Tried to allocate 6.37 GiB. GPU 0 has a total capacity of 23.56 GiB of which 3.08 GiB is free. Process 2760628 has 20.47 GiB memory in use. Of the allocated memory 15.16 GiB is allocated by PyTorch, and 5.01 GiB is reserved by PyTorch but unallocated. If reserved but unallocated memory is large try setting PYTORCH_CUDA_ALLOC_CONF=expandable_segments:True to avoid fragmentation.  See documentation for Memory Management  (https://pytorch.org/docs/stable/notes/cuda.html#environment-variables)

[8/10] learning_rate=0.0004618, weight_decay=0.0001543
  -> FAILED: CUDA out of memory. Tried to allocate 6.37 GiB. GPU 0 has a total capacity of 23.56 GiB of which 3.31 GiB is free. Process 2760628 has 20.25 GiB memory in use. Of the allocated memory 15.15 GiB is allocated by PyTorch, and 4.79 GiB is reserved by PyTorch but unallocated. If reserved but unallocated memory is large try setting PYTORCH_CUDA_ALLOC_CONF=expandable_segments:True to avoid fragmentation.  See documentation for Memory Management  (https://pytorch.org/docs/stable/notes/cuda.html#environment-variables)
Traceback (most recent call last):
  File "/workspace/FeaturedMoE/experiments/hyperopt_tune.py", line 4241, in objective
    result = train_and_evaluate(cfg_trial, trial_num=trial_num, progress_cb=_wandb_log_live if log_wandb else None)
  File "/workspace/FeaturedMoE/experiments/hyperopt_tune.py", line 2958, in train_and_evaluate
    train_loss = trainer._train_epoch(train_data, epoch_idx=epoch, show_progress=show_progress)
  File "/workspace/FeaturedMoE/experiments/recbole_patch.py", line 1284, in _patched_train_epoch
    return _original_train_epoch(self, *args, **kwargs)
  File "/venv/FMoE/lib/python3.10/site-packages/recbole/trainer/trainer.py", line 245, in _train_epoch
    losses = loss_func(interaction)
  File "/workspace/FeaturedMoE/experiments/models/fdsa.py", line 186, in calculate_loss
    return self.loss_fct(logits, pos_items)
  File "/venv/FMoE/lib/python3.10/site-packages/torch/nn/modules/module.py", line 1739, in _wrapped_call_impl
    return self._call_impl(*args, **kwargs)
  File "/venv/FMoE/lib/python3.10/site-packages/torch/nn/modules/module.py", line 1750, in _call_impl
    return forward_call(*args, **kwargs)
  File "/venv/FMoE/lib/python3.10/site-packages/torch/nn/modules/loss.py", line 1295, in forward
    return F.cross_entropy(
  File "/venv/FMoE/lib/python3.10/site-packages/torch/nn/functional.py", line 3494, in cross_entropy
    return torch._C._nn.cross_entropy_loss(
torch.OutOfMemoryError: CUDA out of memory. Tried to allocate 6.37 GiB. GPU 0 has a total capacity of 23.56 GiB of which 3.31 GiB is free. Process 2760628 has 20.25 GiB memory in use. Of the allocated memory 15.15 GiB is allocated by PyTorch, and 4.79 GiB is reserved by PyTorch but unallocated. If reserved but unallocated memory is large try setting PYTORCH_CUDA_ALLOC_CONF=expandable_segments:True to avoid fragmentation.  See documentation for Memory Management  (https://pytorch.org/docs/stable/notes/cuda.html#environment-variables)

[9/10] learning_rate=0.0005362, weight_decay=0.000294
  -> FAILED: CUDA out of memory. Tried to allocate 6.37 GiB. GPU 0 has a total capacity of 23.56 GiB of which 3.53 GiB is free. Process 2760628 has 20.03 GiB memory in use. Of the allocated memory 15.15 GiB is allocated by PyTorch, and 4.57 GiB is reserved by PyTorch but unallocated. If reserved but unallocated memory is large try setting PYTORCH_CUDA_ALLOC_CONF=expandable_segments:True to avoid fragmentation.  See documentation for Memory Management  (https://pytorch.org/docs/stable/notes/cuda.html#environment-variables)
Traceback (most recent call last):
  File "/workspace/FeaturedMoE/experiments/hyperopt_tune.py", line 4241, in objective
    result = train_and_evaluate(cfg_trial, trial_num=trial_num, progress_cb=_wandb_log_live if log_wandb else None)
  File "/workspace/FeaturedMoE/experiments/hyperopt_tune.py", line 2958, in train_and_evaluate
    train_loss = trainer._train_epoch(train_data, epoch_idx=epoch, show_progress=show_progress)
  File "/workspace/FeaturedMoE/experiments/recbole_patch.py", line 1284, in _patched_train_epoch
    return _original_train_epoch(self, *args, **kwargs)
  File "/venv/FMoE/lib/python3.10/site-packages/recbole/trainer/trainer.py", line 245, in _train_epoch
    losses = loss_func(interaction)
  File "/workspace/FeaturedMoE/experiments/models/fdsa.py", line 186, in calculate_loss
    return self.loss_fct(logits, pos_items)
  File "/venv/FMoE/lib/python3.10/site-packages/torch/nn/modules/module.py", line 1739, in _wrapped_call_impl
    return self._call_impl(*args, **kwargs)
  File "/venv/FMoE/lib/python3.10/site-packages/torch/nn/modules/module.py", line 1750, in _call_impl
    return forward_call(*args, **kwargs)
  File "/venv/FMoE/lib/python3.10/site-packages/torch/nn/modules/loss.py", line 1295, in forward
    return F.cross_entropy(
  File "/venv/FMoE/lib/python3.10/site-packages/torch/nn/functional.py", line 3494, in cross_entropy
    return torch._C._nn.cross_entropy_loss(
torch.OutOfMemoryError: CUDA out of memory. Tried to allocate 6.37 GiB. GPU 0 has a total capacity of 23.56 GiB of which 3.53 GiB is free. Process 2760628 has 20.03 GiB memory in use. Of the allocated memory 15.15 GiB is allocated by PyTorch, and 4.57 GiB is reserved by PyTorch but unallocated. If reserved but unallocated memory is large try setting PYTORCH_CUDA_ALLOC_CONF=expandable_segments:True to avoid fragmentation.  See documentation for Memory Management  (https://pytorch.org/docs/stable/notes/cuda.html#environment-variables)

[10/10] learning_rate=0.0007133, weight_decay=0.0001504
  -> FAILED: CUDA out of memory. Tried to allocate 6.37 GiB. GPU 0 has a total capacity of 23.56 GiB of which 3.75 GiB is free. Process 2760628 has 19.80 GiB memory in use. Of the allocated memory 15.15 GiB is allocated by PyTorch, and 4.35 GiB is reserved by PyTorch but unallocated. If reserved but unallocated memory is large try setting PYTORCH_CUDA_ALLOC_CONF=expandable_segments:True to avoid fragmentation.  See documentation for Memory Management  (https://pytorch.org/docs/stable/notes/cuda.html#environment-variables)
Traceback (most recent call last):
  File "/workspace/FeaturedMoE/experiments/hyperopt_tune.py", line 4241, in objective
    result = train_and_evaluate(cfg_trial, trial_num=trial_num, progress_cb=_wandb_log_live if log_wandb else None)
  File "/workspace/FeaturedMoE/experiments/hyperopt_tune.py", line 2958, in train_and_evaluate
    train_loss = trainer._train_epoch(train_data, epoch_idx=epoch, show_progress=show_progress)
  File "/workspace/FeaturedMoE/experiments/recbole_patch.py", line 1284, in _patched_train_epoch
    return _original_train_epoch(self, *args, **kwargs)
  File "/venv/FMoE/lib/python3.10/site-packages/recbole/trainer/trainer.py", line 245, in _train_epoch
    losses = loss_func(interaction)
  File "/workspace/FeaturedMoE/experiments/models/fdsa.py", line 186, in calculate_loss
    return self.loss_fct(logits, pos_items)
  File "/venv/FMoE/lib/python3.10/site-packages/torch/nn/modules/module.py", line 1739, in _wrapped_call_impl
    return self._call_impl(*args, **kwargs)
  File "/venv/FMoE/lib/python3.10/site-packages/torch/nn/modules/module.py", line 1750, in _call_impl
    return forward_call(*args, **kwargs)
  File "/venv/FMoE/lib/python3.10/site-packages/torch/nn/modules/loss.py", line 1295, in forward
    return F.cross_entropy(
  File "/venv/FMoE/lib/python3.10/site-packages/torch/nn/functional.py", line 3494, in cross_entropy
    return torch._C._nn.cross_entropy_loss(
torch.OutOfMemoryError: CUDA out of memory. Tried to allocate 6.37 GiB. GPU 0 has a total capacity of 23.56 GiB of which 3.75 GiB is free. Process 2760628 has 19.80 GiB memory in use. Of the allocated memory 15.15 GiB is allocated by PyTorch, and 4.35 GiB is reserved by PyTorch but unallocated. If reserved but unallocated memory is large try setting PYTORCH_CUDA_ALLOC_CONF=expandable_segments:True to avoid fragmentation.  See documentation for Memory Management  (https://pytorch.org/docs/stable/notes/cuda.html#environment-variables)

[WARN] fmin ended with: 

=================================================================
  DONE  |  FDSA x retail_rocket
  Best MRR@20 = 0.000000  |  0/10 trials OK
  Best HR@10  = 0.000000
  Test MRR@20 = 0.000000  (best-valid checkpoint)
  Test HR@10  = 0.000000  (best-valid checkpoint)
[RUN_METRICS] best_valid_mrr20=0.000000 best_valid_hr10=0.000000 test_mrr20=0.000000 test_hr10=0.000000
  Total time: 0.8 min
  Best params:
  Results -> /workspace/FeaturedMoE/experiments/run/artifacts/results/baseline_3/retail_rocket_FDSA_full_history_v4_c4_dretail_rocket_mfdsa_p039_c1_s1_20260416_140659_374252_pid370919.json
  Normal mirror -> /workspace/FeaturedMoE/experiments/run/artifacts/results/baseline_3/normal/full_history_v4_c4/FULL/retail_rocket/FDSA/retail_rocket_FDSA_full_history_v4_c4_dretail_rocket_mfdsa_p039_c1_s1_20260416_140659_374252_pid370919.json
=================================================================

[RUN_STATUS] END status=normal pid=370919 start=2026-04-16T14:06:59 end=2026-04-16T14:07:45

[FULL_HISTORY_TIMING] avg_epoch_sec=0.0000 avg_epoch_ms=0.0 test_inference_sec=0.0000
