[WIDESEARCH_ANCHOR2_CORE5_SETTING_HEADER]
run_phase=P15_WS_D00_M03_DUOREC_C1D4_S1 run_id=WS_LASTFM0_03_DUOREC_C1D4_S1 phase_id=P15 axis_id=WS model=DuoRec profile_id=C1D4 seed=1
dataset=lastfm0.03 gpu=4 order=0
max_evals=10 tune_epochs=52 tune_patience=10
seed=150035

[COMMAND]
- /venv/FMoE/bin/python hyperopt_tune.py --config-name tune_lfm_small --max-evals 10 --tune-epochs 52 --tune-patience 10 --seed 150035 --run-group baseline --run-axis WideSearch_anchor2_core5 --run-phase P15_WS_D00_M03_DUOREC_C1D4_S1 model=duorec dataset=lastfm0.03 eval_mode=session_fixed feature_mode=full_v3 gpu_id=4 log_wandb=false show_progress=false ++special_logging=true ++seed=150035 ++search={learning_rate:[2.025e-05,0.0005400000000000001]} ++search_space_type_overrides={learning_rate:"loguniform"} ++weight_decay=0.00041999999999999996 ++search.weight_decay=[0.00041999999999999996] ++search_space_type_overrides.weight_decay=choice ++search.hidden_size=[120] ++search_space_type_overrides.hidden_size=choice ++search.embedding_size=[120] ++search_space_type_overrides.embedding_size=choice ++search.inner_size=[480] ++search_space_type_overrides.inner_size=choice ++search.n_layers=[1] ++search_space_type_overrides.n_layers=choice ++search.num_layers=[1] ++search_space_type_overrides.num_layers=choice ++search.n_heads=[2] ++search_space_type_overrides.n_heads=choice ++search.num_heads=[2] ++search_space_type_overrides.num_heads=choice ++search.dropout_ratio=[0.19] ++search_space_type_overrides.dropout_ratio=choice ++search.dropout_prob=[0.19] ++search_space_type_overrides.dropout_prob=choice ++search.hidden_dropout_prob=[0.19] ++search_space_type_overrides.hidden_dropout_prob=choice ++search.attn_dropout_prob=[0.19] ++search_space_type_overrides.attn_dropout_prob=choice ++search.num_experts=[4] ++search_space_type_overrides.num_experts=choice ++dropout_ratio=0.19 ++contrast=un ++tau=0.3 ++lmd=0.06 ++lmd_sem=0.0 ++semantic_sample_max_tries=2 ++train_batch_size=1216 ++eval_batch_size=1824 ++hidden_size=120 ++embedding_size=120 ++MAX_ITEM_LIST_LENGTH=8 ++n_layers=1 ++num_layers=1 ++n_heads=2 ++num_heads=2 ++inner_size=480
/venv/FMoE/lib/python3.10/site-packages/ray/_private/parameter.py:4: UserWarning: pkg_resources is deprecated as an API. See https://setuptools.pypa.io/en/latest/pkg_resources.html. The pkg_resources package is slated for removal as early as 2025-11-30. Refrain from using this package or pin to Setuptools<81.
  import pkg_resources
[RUN_STATUS] START pid=374731 ts=2026-03-28T21:35:46

=================================================================
  Hyperopt TPE  |  DuoRec x lastfm0.03
  max_evals=10  epochs=52  patience=10  wandb=off
  batch_size(train/valid/test)=1216/1824/1824
  track=baseline  axis=widesearch_anchor2_core5  phase=P15_WS_D00_M03_DUOREC_C1D4_S1
=================================================================
Changed knobs: learning_rate
Tuned params(len>1): 1  (~1 discrete combos)
Tuned groups: 1
  [optimization]
    learning_rate                   [2.025e-05, 0.0005400000000000001]        -> loguniform
Fixed params(singleton/non-list): 13
Fixed groups: 13
  [optimization]
    hidden_dropout_prob             0.19                                    
    weight_decay                    0.00041999999999999996                  
  [model_core]
    attn_dropout_prob               0.19                                    
    dropout_prob                    0.19                                    
    dropout_ratio                   0.19                                    
    embedding_size                  120                                     
    hidden_size                     120                                     
    inner_size                      480                                     
    num_heads                       2                                       
    num_layers                      1                                       
  [other]
    n_heads                         2                                       
    n_layers                        1                                       
    num_experts                     4                                       

[Wandb] disabled for this hyperopt run

[1/10] learning_rate=7.559e-05
  -> MRR@20=0.118300  best=0.118300  (full@52, trial=16.8min, avg=17.0min/trial, total=17.0min, ETA=2.55h)
[TRIAL_METRICS] cur_best_mrr20=0.118300 cur_best_hr10=0.239200 cur_test_mrr20=0.115600 cur_test_hr10=0.237000 run_best_mrr20=0.118300 run_best_hr10=0.239200 run_test_mrr20=0.115600 run_test_hr10=0.237000

[2/10] learning_rate=0.0001432
  -> MRR@20=0.159100  best=0.159100  (full@52, trial=16.7min, avg=16.9min/trial, total=33.7min, ETA=2.25h)
[TRIAL_METRICS] cur_best_mrr20=0.159100 cur_best_hr10=0.272100 cur_test_mrr20=0.158200 cur_test_hr10=0.272300 run_best_mrr20=0.159100 run_best_hr10=0.272100 run_test_mrr20=0.158200 run_test_hr10=0.272300

[3/10] learning_rate=0.000424
  -> MRR@20=0.223600  best=0.223600  (full@52, trial=16.7min, avg=16.8min/trial, total=50.4min, ETA=1.96h)
[TRIAL_METRICS] cur_best_mrr20=0.223600 cur_best_hr10=0.301400 cur_test_mrr20=0.224900 cur_test_hr10=0.301300 run_best_mrr20=0.223600 run_best_hr10=0.301400 run_test_mrr20=0.224900 run_test_hr10=0.301300

[4/10] learning_rate=0.0004517
  -> MRR@20=0.224500  best=0.224500  (full@52, trial=16.9min, avg=16.8min/trial, total=1.12h, ETA=1.68h)
[TRIAL_METRICS] cur_best_mrr20=0.224500 cur_best_hr10=0.299800 cur_test_mrr20=0.224100 cur_test_hr10=0.297000 run_best_mrr20=0.224500 run_best_hr10=0.299800 run_test_mrr20=0.224100 run_test_hr10=0.297000

[5/10] learning_rate=0.0001954
  -> MRR@20=0.187700  best=0.224500  (full@52, trial=16.7min, avg=16.8min/trial, total=1.40h, ETA=1.40h)
[TRIAL_METRICS] cur_best_mrr20=0.187700 cur_best_hr10=0.287500 cur_test_mrr20=0.187100 cur_test_hr10=0.287200 run_best_mrr20=0.224500 run_best_hr10=0.299800 run_test_mrr20=0.224100 run_test_hr10=0.297000

[6/10] learning_rate=3.103e-05
  -> MRR@20=0.098900  best=0.224500  (full@52, trial=16.4min, avg=16.8min/trial, total=1.68h, ETA=1.12h)
[TRIAL_METRICS] cur_best_mrr20=0.098900 cur_best_hr10=0.200900 cur_test_mrr20=0.097900 cur_test_hr10=0.195000 run_best_mrr20=0.224500 run_best_hr10=0.299800 run_test_mrr20=0.224100 run_test_hr10=0.297000

[7/10] learning_rate=2.806e-05
  -> MRR@20=0.096200  best=0.224500  (full@52, trial=16.5min, avg=16.7min/trial, total=1.95h, ETA=50.1min)
[TRIAL_METRICS] cur_best_mrr20=0.096200 cur_best_hr10=0.198200 cur_test_mrr20=0.095100 cur_test_hr10=0.193700 run_best_mrr20=0.224500 run_best_hr10=0.299800 run_test_mrr20=0.224100 run_test_hr10=0.297000

[8/10] learning_rate=0.0004191
  -> MRR@20=0.223100  best=0.224500  (full@52, trial=16.5min, avg=16.7min/trial, total=2.23h, ETA=33.4min)
[TRIAL_METRICS] cur_best_mrr20=0.223100 cur_best_hr10=0.298400 cur_test_mrr20=0.224800 cur_test_hr10=0.300200 run_best_mrr20=0.224500 run_best_hr10=0.299800 run_test_mrr20=0.224100 run_test_hr10=0.297000

[9/10] learning_rate=0.0001599
  -> MRR@20=0.170700  best=0.224500  (full@52, trial=16.7min, avg=16.7min/trial, total=2.50h, ETA=16.7min)
[TRIAL_METRICS] cur_best_mrr20=0.170700 cur_best_hr10=0.277200 cur_test_mrr20=0.171400 cur_test_hr10=0.278700 run_best_mrr20=0.224500 run_best_hr10=0.299800 run_test_mrr20=0.224100 run_test_hr10=0.297000

[10/10] learning_rate=7.255e-05
  -> MRR@20=0.116800  best=0.224500  (full@52, trial=16.8min, avg=16.7min/trial, total=2.79h, ETA=0s)
[TRIAL_METRICS] cur_best_mrr20=0.116800 cur_best_hr10=0.237000 cur_test_mrr20=0.112800 cur_test_hr10=0.233000 run_best_mrr20=0.224500 run_best_hr10=0.299800 run_test_mrr20=0.224100 run_test_hr10=0.297000

=================================================================
  DONE  |  DuoRec x lastfm0.03
  Best MRR@20 = 0.224500  |  10/10 trials OK
  Best HR@10  = 0.299800
  Test MRR@20 = 0.224100  (best-valid checkpoint)
  Test HR@10  = 0.297000  (best-valid checkpoint)
[RUN_METRICS] best_valid_mrr20=0.224500 best_valid_hr10=0.299800 test_mrr20=0.224100 test_hr10=0.297000
  Total time: 167.1 min
  Best params:
    learning_rate: 0.000451738
  Results -> /workspace/jy1559/FMoE/experiments/run/artifacts/results/baseline/lastfm0.03_DuoRec_p15_ws_d00_m03_duorec_c1d4_s1_20260328_213546_431274_pid374731.json
  Normal mirror -> /workspace/jy1559/FMoE/experiments/run/artifacts/results/baseline/normal/widesearch_anchor2_core5/P15/lastfm0.03/DuoRec/lastfm0.03_DuoRec_p15_ws_d00_m03_duorec_c1d4_s1_20260328_213546_431274_pid374731.json
  Special result -> /workspace/jy1559/FMoE/experiments/run/artifacts/results/baseline/special/widesearch_anchor2_core5/P15/lastfm0.03/DuoRec/lastfm0.03_DuoRec_p15_ws_d00_m03_duorec_c1d4_s1_20260328_213546_431274_pid374731_special_metrics.json
  Special log -> /workspace/jy1559/FMoE/experiments/run/artifacts/logs/baseline/special/widesearch_anchor2_core5/P15/lastfm0.03/DuoRec/lastfm0.03_DuoRec_p15_ws_d00_m03_duorec_c1d4_s1_20260328_213546_431274_pid374731_special_metrics.json
=================================================================

[RUN_STATUS] END status=normal pid=374731 start=2026-03-28T21:35:46 end=2026-03-29T00:22:54
