
=================================================================
  Hyperopt TPE  |  FeaturedMoE_v2 x movielens1m
  max_evals=5  epochs=80  patience=8  wandb=ON
  batch_size(train/valid/test)=4096/4096/4096
  track=fmoe_v2  axis=hparam  phase=P1S_G7_C1_parallel_L29
=================================================================
Changed knobs: learning_rate, weight_decay
Tuned params(len>1): 2  (~1 discrete combos)
Tuned groups: 2
  [optimization]
    learning_rate                   [0.01, 0.005, 0.0025, 0.001, 0.0005, 0.00025, 0.0001]  -> loguniform
    weight_decay                    [0, 1e-06, 1e-05, 0.0001, 0.001]          -> loguniform_zero
Fixed params(singleton/non-list): 27
Fixed groups: 27
  [optimization]
    balance_loss_lambda             0.01                                    
    hidden_dropout_prob             0.1                                     
  [model_core]
    d_expert_hidden                 128                                     
    d_feat_emb                      16                                      
    d_router_hidden                 64                                      
    embedding_size                  128                                     
    expert_scale                    3                                       
    num_heads                       8                                       
  [layout]
    fmoe_v2_layout_id               29                                      
  [routing_moe]
    micro_router_temperature_start  1.3                                     
    mid_router_temperature_start    1.3                                     
    moe_top_k                       0                                       
    moe_top_k_policy                auto                                    
    moe_top_k_ratio                 0.5                                     
    moe_top_k_start                 0                                       
    moe_top_k_warmup_until          0                                       
  [schedule]
    alpha_warmup_end                1.0                                     
    alpha_warmup_start              0.0                                     
    alpha_warmup_until              0                                       
    fmoe_schedule_enable            False                                   
    temperature_warmup_until        0                                       
  [merge_hir]
    fmoe_v2_parallel_stage_gate_temperature  1.0                                     
    fmoe_v2_parallel_stage_gate_top_k  0                                       
    fmoe_v2_stage_merge_aux_enable  False                                   
    fmoe_v2_stage_merge_aux_lambda_scale  1.0                                     
  [other]
    MAX_ITEM_LIST_LENGTH            10                                      
    fmoe_stage_execution_mode       parallel                                
Layout details:
  execution(fixed)=parallel
  id=29 exec=parallel pre=1 post=0 total_layers=6 total_moe=2 | macro(pass=1,moe=1) | mid(pass=1,moe=1) | micro(pass=1,moe=0)

[Wandb] per-trial mode enabled project=2026_FMoE_hyperopt

[1/5] learning_rate=0.0007106, weight_decay=5.467e-06
[Wandb] trial 1 started project=2026_FMoE_hyperopt name=tune_movielens1m_FeaturedMoE_v2_hparam_P1S_G7_C1_parallel_L29_T001_20260305_120619
    [Device] CUDA_VISIBLE_DEVICES=7 | torch_device=cuda:0 (NVIDIA RTX A5000)
    [DataCache] save_dataset=True save_dataloaders=False | checkpoint_dir=saved/recbole_cache/movielens1m_feature_added_session_len10 | dataloaders_save_path=saved/recbole_cache/movielens1m_feature_added_session_len10/movielens1m-for-dataloader.pth
    [DataPrep] cache_hit=disk_or_build, create_dataset=0.11s, data_preparation=0.50s, n_items=3534
  -> MRR@20=0.0919  best=0.0919  (early_stop@32, trial=9.1min, avg=9.2min/trial, total=9.2min, ETA=36.8min)
[Wandb] trial finished name=tune_movielens1m_FeaturedMoE_v2_hparam_P1S_G7_C1_parallel_L29_T001_20260305_120619

[2/5] learning_rate=0.0004331, weight_decay=0
[Wandb] trial 2 started project=2026_FMoE_hyperopt name=tune_movielens1m_FeaturedMoE_v2_hparam_P1S_G7_C1_parallel_L29_T002_20260305_121531
    [Device] CUDA_VISIBLE_DEVICES=7 | torch_device=cuda:0 (NVIDIA RTX A5000)
    [DataCache] save_dataset=True save_dataloaders=False | checkpoint_dir=saved/recbole_cache/movielens1m_feature_added_session_len10 | dataloaders_save_path=saved/recbole_cache/movielens1m_feature_added_session_len10/movielens1m-for-dataloader.pth
    [DataPrep] cache_hit=memory, create_dataset=0.00s, data_preparation=0.00s, n_items=3534
  -> MRR@20=0.0919  best=0.0919  (early_stop@51, trial=14.5min, avg=11.9min/trial, total=23.8min, ETA=35.7min)
[Wandb] trial finished name=tune_movielens1m_FeaturedMoE_v2_hparam_P1S_G7_C1_parallel_L29_T002_20260305_121531

[3/5] learning_rate=0.004517, weight_decay=0
[Wandb] trial 3 started project=2026_FMoE_hyperopt name=tune_movielens1m_FeaturedMoE_v2_hparam_P1S_G7_C1_parallel_L29_T003_20260305_123010
    [Device] CUDA_VISIBLE_DEVICES=7 | torch_device=cuda:0 (NVIDIA RTX A5000)
    [DataCache] save_dataset=True save_dataloaders=False | checkpoint_dir=saved/recbole_cache/movielens1m_feature_added_session_len10 | dataloaders_save_path=saved/recbole_cache/movielens1m_feature_added_session_len10/movielens1m-for-dataloader.pth
    [DataPrep] cache_hit=memory, create_dataset=0.00s, data_preparation=0.00s, n_items=3534
  -> MRR@20=0.0901  best=0.0919  (early_stop@29, trial=8.3min, avg=10.7min/trial, total=32.2min, ETA=21.5min)
[Wandb] trial finished name=tune_movielens1m_FeaturedMoE_v2_hparam_P1S_G7_C1_parallel_L29_T003_20260305_123010

[4/5] learning_rate=0.002245, weight_decay=0.0007546
[Wandb] trial 4 started project=2026_FMoE_hyperopt name=tune_movielens1m_FeaturedMoE_v2_hparam_P1S_G7_C1_parallel_L29_T004_20260305_123831
    [Device] CUDA_VISIBLE_DEVICES=7 | torch_device=cuda:0 (NVIDIA RTX A5000)
    [DataCache] save_dataset=True save_dataloaders=False | checkpoint_dir=saved/recbole_cache/movielens1m_feature_added_session_len10 | dataloaders_save_path=saved/recbole_cache/movielens1m_feature_added_session_len10/movielens1m-for-dataloader.pth
    [DataPrep] cache_hit=memory, create_dataset=0.00s, data_preparation=0.00s, n_items=3534
  -> MRR@20=0.0904  best=0.0919  (full@80, trial=22.8min, avg=13.8min/trial, total=55.0min, ETA=13.8min)
[Wandb] trial finished name=tune_movielens1m_FeaturedMoE_v2_hparam_P1S_G7_C1_parallel_L29_T004_20260305_123831

[5/5] learning_rate=0.001776, weight_decay=2.544e-05
[Wandb] trial 5 started project=2026_FMoE_hyperopt name=tune_movielens1m_FeaturedMoE_v2_hparam_P1S_G7_C1_parallel_L29_T005_20260305_130120
    [Device] CUDA_VISIBLE_DEVICES=7 | torch_device=cuda:0 (NVIDIA RTX A5000)
    [DataCache] save_dataset=True save_dataloaders=False | checkpoint_dir=saved/recbole_cache/movielens1m_feature_added_session_len10 | dataloaders_save_path=saved/recbole_cache/movielens1m_feature_added_session_len10/movielens1m-for-dataloader.pth
    [DataPrep] cache_hit=memory, create_dataset=0.00s, data_preparation=0.00s, n_items=3534
  -> MRR@20=0.0931  best=0.0931  (early_stop@36, trial=10.3min, avg=13.1min/trial, total=1.09h, ETA=0s)
[Wandb] trial finished name=tune_movielens1m_FeaturedMoE_v2_hparam_P1S_G7_C1_parallel_L29_T005_20260305_130120

=================================================================
  DONE  |  FeaturedMoE_v2 x movielens1m
  Best MRR@20 = 0.0931  |  5/5 trials OK
  Total time: 65.3 min
  Best params:
    learning_rate: 0.00177593
    weight_decay: 2.54388e-05
  Results -> /workspace/jy1559/FMoE/experiments/run/artifacts/results/fmoe_v2/movielens1m_FeaturedMoE_v2_20260305_120618.json
=================================================================

