[STAGEA_LR_ANCHOR2_CORE5_SETTING_HEADER]
run_phase=P16_SA_D00_M02_GRU4REC_LR3_8e4_2.4e3_S1 run_id=SA_LASTFM0_03_GRU4REC_LR3_8e4_2.4e3_S1 phase_id=P16 axis_id=SA model=GRU4Rec profile_id=LR3_8e4_2.4e3 seed=1
dataset=lastfm0.03 gpu=5 order=0 lr_band=LR3 lr_lo=0.000612 lr_hi=0.001836
max_evals=6 tune_epochs=36 tune_patience=5
seed=160008

[COMMAND]
- /venv/FMoE/bin/python hyperopt_tune.py --config-name tune_lfm_small --max-evals 6 --tune-epochs 36 --tune-patience 5 --seed 160008 --run-group baseline --run-axis StageA_LR_anchor2_core5 --run-phase P16_SA_D00_M02_GRU4REC_LR3_8e4_2.4e3_S1 model=gru4rec dataset=lastfm0.03 eval_mode=session_fixed feature_mode=full_v3 gpu_id=5 log_wandb=false show_progress=false ++special_logging=true ++seed=160008 ++search={learning_rate:[0.000612,0.001836]} ++search_space_type_overrides={learning_rate:"loguniform"} ++weight_decay=0.0002 ++MAX_ITEM_LIST_LENGTH=10 ++search.weight_decay=[0.0002] ++search_space_type_overrides.weight_decay=choice ++search.hidden_size=[160] ++search_space_type_overrides.hidden_size=choice ++search.embedding_size=[160] ++search_space_type_overrides.embedding_size=choice ++search.inner_size=[320] ++search_space_type_overrides.inner_size=choice ++search.n_layers=[1] ++search_space_type_overrides.n_layers=choice ++search.num_layers=[1] ++search_space_type_overrides.num_layers=choice ++search.n_heads=[1] ++search_space_type_overrides.n_heads=choice ++search.num_heads=[1] ++search_space_type_overrides.num_heads=choice ++search.dropout_ratio=[0.2] ++search_space_type_overrides.dropout_ratio=choice ++search.dropout_prob=[0.2] ++search_space_type_overrides.dropout_prob=choice ++search.hidden_dropout_prob=[0.2] ++search_space_type_overrides.hidden_dropout_prob=choice ++search.attn_dropout_prob=[0.2] ++search_space_type_overrides.attn_dropout_prob=choice ++search.num_experts=[2] ++search_space_type_overrides.num_experts=choice ++dropout_prob=0.2 ++hidden_size=160 ++embedding_size=160 ++n_layers=1 ++num_layers=1 ++train_batch_size=8192 ++eval_batch_size=10240
/venv/FMoE/lib/python3.10/site-packages/ray/_private/parameter.py:4: UserWarning: pkg_resources is deprecated as an API. See https://setuptools.pypa.io/en/latest/pkg_resources.html. The pkg_resources package is slated for removal as early as 2025-11-30. Refrain from using this package or pin to Setuptools<81.
  import pkg_resources
[RUN_STATUS] START pid=458114 ts=2026-03-29T12:52:29

=================================================================
  Hyperopt TPE  |  GRU4Rec x lastfm0.03
  max_evals=6  epochs=36  patience=5  wandb=off
  batch_size(train/valid/test)=8192/10240/10240
  track=baseline  axis=stagea_lr_anchor2_core5  phase=P16_SA_D00_M02_GRU4REC_LR3_8e4_2.4e3_S1
=================================================================
Changed knobs: learning_rate
Tuned params(len>1): 1  (~1 discrete combos)
Tuned groups: 1
  [optimization]
    learning_rate                   [0.000612, 0.001836]                      -> loguniform
Fixed params(singleton/non-list): 13
Fixed groups: 13
  [optimization]
    hidden_dropout_prob             0.2                                     
    weight_decay                    0.0002                                  
  [model_core]
    attn_dropout_prob               0.2                                     
    dropout_prob                    0.2                                     
    dropout_ratio                   0.2                                     
    embedding_size                  160                                     
    hidden_size                     160                                     
    inner_size                      320                                     
    num_heads                       1                                       
    num_layers                      1                                       
  [other]
    n_heads                         1                                       
    n_layers                        1                                       
    num_experts                     2                                       

[Wandb] disabled for this hyperopt run

[1/6] learning_rate=0.0006898
  -> MRR@20=0.119100  best=0.119100  (full@36, trial=2.2min, avg=2.5min/trial, total=2.5min, ETA=12.4min)
[TRIAL_METRICS] cur_best_mrr20=0.119100 cur_best_hr10=0.175400 cur_test_mrr20=0.114500 cur_test_hr10=0.169800 run_best_mrr20=0.119100 run_best_hr10=0.175400 run_test_mrr20=0.114500 run_test_hr10=0.169800

[2/6] learning_rate=0.0007362
  -> MRR@20=0.001100  best=0.119100  (early_stop@6, trial=21s, avg=1.4min/trial, total=2.8min, ETA=5.7min)
[TRIAL_METRICS] cur_best_mrr20=0.001100 cur_best_hr10=0.005000 cur_test_mrr20=0.001100 cur_test_hr10=0.005600 run_best_mrr20=0.119100 run_best_hr10=0.175400 run_test_mrr20=0.114500 run_test_hr10=0.169800

[3/6] learning_rate=0.0007076
  -> MRR@20=0.001100  best=0.119100  (early_stop@6, trial=21s, avg=1.1min/trial, total=3.2min, ETA=3.2min)
[TRIAL_METRICS] cur_best_mrr20=0.001100 cur_best_hr10=0.005000 cur_test_mrr20=0.001100 cur_test_hr10=0.005300 run_best_mrr20=0.119100 run_best_hr10=0.175400 run_test_mrr20=0.114500 run_test_hr10=0.169800

[4/6] learning_rate=0.00104
  -> MRR@20=0.168100  best=0.168100  (full@36, trial=2.2min, avg=1.4min/trial, total=5.4min, ETA=2.7min)
[TRIAL_METRICS] cur_best_mrr20=0.168100 cur_best_hr10=0.221900 cur_test_mrr20=0.165000 cur_test_hr10=0.214900 run_best_mrr20=0.168100 run_best_hr10=0.221900 run_test_mrr20=0.165000 run_test_hr10=0.214900

[5/6] learning_rate=0.0007048
  -> MRR@20=0.001100  best=0.168100  (early_stop@6, trial=21s, avg=1.2min/trial, total=5.8min, ETA=1.2min)
[TRIAL_METRICS] cur_best_mrr20=0.001100 cur_best_hr10=0.005000 cur_test_mrr20=0.001100 cur_test_hr10=0.005300 run_best_mrr20=0.168100 run_best_hr10=0.221900 run_test_mrr20=0.165000 run_test_hr10=0.214900

[6/6] learning_rate=0.001044
  -> MRR@20=0.168600  best=0.168600  (full@36, trial=2.2min, avg=1.3min/trial, total=8.0min, ETA=0s)
[TRIAL_METRICS] cur_best_mrr20=0.168600 cur_best_hr10=0.222400 cur_test_mrr20=0.165200 cur_test_hr10=0.214900 run_best_mrr20=0.168600 run_best_hr10=0.222400 run_test_mrr20=0.165200 run_test_hr10=0.214900

=================================================================
  DONE  |  GRU4Rec x lastfm0.03
  Best MRR@20 = 0.168600  |  6/6 trials OK
  Best HR@10  = 0.222400
  Test MRR@20 = 0.165200  (best-valid checkpoint)
  Test HR@10  = 0.214900  (best-valid checkpoint)
[RUN_METRICS] best_valid_mrr20=0.168600 best_valid_hr10=0.222400 test_mrr20=0.165200 test_hr10=0.214900
  Total time: 8.0 min
  Best params:
    learning_rate: 0.00104371
  Results -> /workspace/jy1559/FMoE/experiments/run/artifacts/results/baseline/lastfm0.03_GRU4Rec_p16_sa_d00_m02_gru4rec_lr3_8e4_2.4e3_s1_20260329_125229_352867_pid458114.json
  Normal mirror -> /workspace/jy1559/FMoE/experiments/run/artifacts/results/baseline/normal/stagea_lr_anchor2_core5/P16/lastfm0.03/GRU4Rec/lastfm0.03_GRU4Rec_p16_sa_d00_m02_gru4rec_lr3_8e4_2.4e3_s1_20260329_125229_352867_pid458114.json
  Special result -> /workspace/jy1559/FMoE/experiments/run/artifacts/results/baseline/special/stagea_lr_anchor2_core5/P16/lastfm0.03/GRU4Rec/lastfm0.03_GRU4Rec_p16_sa_d00_m02_gru4rec_lr3_8e4_2.4e3_s1_20260329_125229_352867_pid458114_special_metrics.json
  Special log -> /workspace/jy1559/FMoE/experiments/run/artifacts/logs/baseline/special/stagea_lr_anchor2_core5/P16/lastfm0.03/GRU4Rec/lastfm0.03_GRU4Rec_p16_sa_d00_m02_gru4rec_lr3_8e4_2.4e3_s1_20260329_125229_352867_pid458114_special_metrics.json
=================================================================

[RUN_STATUS] END status=normal pid=458114 start=2026-03-29T12:52:29 end=2026-03-29T13:00:29
