# job_id=ADD_STAGE1_FOURSQUARE_FDSA_STRUCTURE dataset=foursquare model=fdsa stage=stage1
# cmd=/venv/FMoE/bin/python /workspace/FeaturedMoE/experiments/hyperopt_tune.py --config-name tune_fs --search-algo tpe --max-evals 7 --tune-epochs 40 --tune-patience 5 --seed 910044 --run-group final_experiment_addtuning --run-axis add_stage1_structure --run-phase ADD_STAGE1_FOURSQUARE_FDSA_STRUCTURE model=fdsa dataset=foursquare eval_mode=session_fixed feature_mode=full_v4 ++eval_sampling.mode=full ++eval_sampling.auto_full_threshold=999999999 ++special_logging=true ++exclude_unseen_target_from_main_eval=true ++log_unseen_target_metrics=true gpu_id=0 log_wandb=false show_progress=false ++seed=910044 --max-run-hours 2 --oom-retry-limit 5 ++search.learning_rate=[0.00019668,0.00019049,0.00028486,0.00042596,0.00063696] ++search_space_type_overrides.learning_rate=choice ++search.n_layers=[4,3] ++search_space_type_overrides.n_layers=choice ++search.n_heads=[8,4] ++search_space_type_overrides.n_heads=choice ++search.attribute_hidden_size=[144,128] ++search_space_type_overrides.attribute_hidden_size=choice ++search.lambda_attr=[0.1,0.09] ++search_space_type_overrides.lambda_attr=choice ++search.num_layers=[1,2] ++search_space_type_overrides.num_layers=choice ++search.num_heads=[1,2] ++search_space_type_overrides.num_heads=choice ++search.inner_size=[320] ++search_space_type_overrides.inner_size=choice ++search.dropout_ratio=[0.12] ++search_space_type_overrides.dropout_ratio=choice ++search.selected_features=[["category"]] ++search_space_type_overrides.selected_features=choice ++search.pooling_mode=["mean"] ++search_space_type_overrides.pooling_mode=choice ++search.weight_decay=[0.0] ++search_space_type_overrides.weight_decay=choice ++search.MAX_ITEM_LIST_LENGTH=[50] ++search_space_type_overrides.MAX_ITEM_LIST_LENGTH=choice ++search.hidden_size=[160] ++search_space_type_overrides.hidden_size=choice ++search.embedding_size=[160] ++search_space_type_overrides.embedding_size=choice ++search.hidden_dropout_prob=[0.12] ++search_space_type_overrides.hidden_dropout_prob=choice ++search.attn_dropout_prob=[0.15] ++search_space_type_overrides.attn_dropout_prob=choice ++search.dropout_prob=[0.1] ++search_space_type_overrides.dropout_prob=choice

/venv/FMoE/lib/python3.10/site-packages/ray/_private/parameter.py:4: UserWarning: pkg_resources is deprecated as an API. See https://setuptools.pypa.io/en/latest/pkg_resources.html. The pkg_resources package is slated for removal as early as 2025-11-30. Refrain from using this package or pin to Setuptools<81.
  import pkg_resources
[RUN_STATUS] START pid=1726168 ts=2026-04-18T16:12:34
[UniqueChoice] enabled: dedupe/remap duplicates across 320 finite combos

=================================================================
  Hyperopt  |  FDSA x foursquare
  max_evals=7  epochs=40  patience=5  wandb=off
  search_algo=tpe
  max_run_hours=2.000  (stop launching new trials after current trial)
  oom_retry_limit=5  (halve train/eval batch size on OOM)
  batch_size(train/valid/test)=4096/4096/4096
  track=final_experiment_addtuning  axis=add_stage1_structure  phase=ADD_STAGE1_FOURSQUARE_FDSA_STRUCTURE
=================================================================
Changed knobs: attribute_hidden_size, lambda_attr, learning_rate, n_heads, n_layers, num_heads, num_layers
Tuned params(len>1): 7  (~320 discrete combos)
Tuned groups: 7
  [optimization]
    learning_rate                   [0.00019668, 0.00019049, 0.00028486, 0.00042596, 0.00063696]  -> choice
  [model_core]
    num_heads                       [1, 2]                                    -> choice
    num_layers                      [1, 2]                                    -> choice
  [other]
    attribute_hidden_size           [144, 128]                                -> choice
    lambda_attr                     [0.1, 0.09]                               -> choice
    n_heads                         [8, 4]                                    -> choice
    n_layers                        [4, 3]                                    -> choice
Fixed params(singleton/non-list): 11
Fixed groups: 11
  [optimization]
    hidden_dropout_prob             0.12                                    
    weight_decay                    0.0                                     
  [model_core]
    attn_dropout_prob               0.15                                    
    dropout_prob                    0.1                                     
    dropout_ratio                   0.12                                    
    embedding_size                  160                                     
    hidden_size                     160                                     
    inner_size                      320                                     
  [other]
    MAX_ITEM_LIST_LENGTH            50                                      
    pooling_mode                    mean                                    
    selected_features               ['category']                            

[Wandb] disabled for this hyperopt run

[1/7] attribute_hidden_size=144, lambda_attr=0.09, learning_rate=0.000426, n_heads=4, n_layers=3, num_heads=1, num_layers=1
  -> MRR@20=0.206800  best=0.206800  (early_stop@30, trial=2.6min, avg=2.7min/trial, total=2.7min, ETA=16.1min)
[TRIAL_METRICS] cur_best_mrr20=0.206800 cur_best_hr10=0.338600 cur_test_mrr20=0.167300 cur_test_hr10=0.299400 avg_epoch_time_sec=5.1780 test_eval_time_sec=0.1295 test_eval_batches_per_sec=7.7199 test_eval_targets_per_sec=27490.5975 run_best_mrr20=0.206800 run_best_hr10=0.338600 run_test_mrr20=0.167300 run_test_hr10=0.299400

[2/7] attribute_hidden_size=144, lambda_attr=0.1, learning_rate=0.0002849, n_heads=4, n_layers=4, num_heads=2, num_layers=2
[OOM_RETRY] trial=2 retry=1/5 train_batch_size 4096 -> 2048 eval_batch_size 4096 -> 2048
  -> MRR@20=0.212200  best=0.212200  (early_stop@30, trial=3.4min, avg=3.1min/trial, total=6.2min, ETA=15.4min)
[TRIAL_METRICS] cur_best_mrr20=0.212200 cur_best_hr10=0.344200 cur_test_mrr20=0.170000 cur_test_hr10=0.297400 avg_epoch_time_sec=6.7477 test_eval_time_sec=0.1484 test_eval_batches_per_sec=13.4796 test_eval_targets_per_sec=24000.4572 run_best_mrr20=0.212200 run_best_hr10=0.344200 run_test_mrr20=0.170000 run_test_hr10=0.297400

[3/7] attribute_hidden_size=128, lambda_attr=0.1, learning_rate=0.0002849, n_heads=4, n_layers=3, num_heads=1, num_layers=1
  -> MRR@20=0.208600  best=0.212200  (full@40, trial=3.5min, avg=3.2min/trial, total=9.7min, ETA=12.9min)
[TRIAL_METRICS] cur_best_mrr20=0.208600 cur_best_hr10=0.339700 cur_test_mrr20=0.167900 cur_test_hr10=0.297800 avg_epoch_time_sec=5.2049 test_eval_time_sec=0.1310 test_eval_batches_per_sec=7.6359 test_eval_targets_per_sec=27191.2639 run_best_mrr20=0.212200 run_best_hr10=0.344200 run_test_mrr20=0.170000 run_test_hr10=0.297400

[4/7] attribute_hidden_size=128, lambda_attr=0.09, learning_rate=0.000637, n_heads=8, n_layers=3, num_heads=2, num_layers=2
  -> MRR@20=0.207400  best=0.212200  (early_stop@22, trial=2.1min, avg=3.0min/trial, total=11.8min, ETA=8.9min)
[TRIAL_METRICS] cur_best_mrr20=0.207400 cur_best_hr10=0.341200 cur_test_mrr20=0.170200 cur_test_hr10=0.296200 avg_epoch_time_sec=5.7223 test_eval_time_sec=0.1370 test_eval_batches_per_sec=7.3011 test_eval_targets_per_sec=25999.2002 run_best_mrr20=0.212200 run_best_hr10=0.344200 run_test_mrr20=0.170000 run_test_hr10=0.297400

[5/7] attribute_hidden_size=128, lambda_attr=0.09, learning_rate=0.000637, n_heads=4, n_layers=3, num_heads=2, num_layers=2
  -> MRR@20=0.206900  best=0.212200  (early_stop@22, trial=1.9min, avg=2.7min/trial, total=13.7min, ETA=5.5min)
[TRIAL_METRICS] cur_best_mrr20=0.206900 cur_best_hr10=0.339300 cur_test_mrr20=0.169400 cur_test_hr10=0.297000 avg_epoch_time_sec=5.1918 test_eval_time_sec=0.1302 test_eval_batches_per_sec=7.6817 test_eval_targets_per_sec=27354.5072 run_best_mrr20=0.212200 run_best_hr10=0.344200 run_test_mrr20=0.170000 run_test_hr10=0.297400

[6/7] attribute_hidden_size=128, lambda_attr=0.1, learning_rate=0.000637, n_heads=8, n_layers=4, num_heads=1, num_layers=1
[OOM_RETRY] trial=6 retry=1/5 train_batch_size 4096 -> 2048 eval_batch_size 4096 -> 2048
  -> MRR@20=0.209400  best=0.212200  (early_stop@16, trial=2.0min, avg=2.6min/trial, total=15.8min, ETA=2.6min)
[TRIAL_METRICS] cur_best_mrr20=0.209400 cur_best_hr10=0.347500 cur_test_mrr20=0.167300 cur_test_hr10=0.294200 avg_epoch_time_sec=7.3757 test_eval_time_sec=0.1605 test_eval_batches_per_sec=12.4593 test_eval_targets_per_sec=22183.7785 run_best_mrr20=0.212200 run_best_hr10=0.344200 run_test_mrr20=0.170000 run_test_hr10=0.297400

[7/7] attribute_hidden_size=128, lambda_attr=0.1, learning_rate=0.0001967, n_heads=8, n_layers=4, num_heads=2, num_layers=1
[OOM_RETRY] trial=7 retry=1/5 train_batch_size 4096 -> 2048 eval_batch_size 4096 -> 2048
  -> MRR@20=0.210900  best=0.212200  (early_stop@38, trial=4.7min, avg=2.9min/trial, total=20.6min, ETA=0s)
[TRIAL_METRICS] cur_best_mrr20=0.210900 cur_best_hr10=0.335600 cur_test_mrr20=0.168700 cur_test_hr10=0.295000 avg_epoch_time_sec=7.4083 test_eval_time_sec=0.1590 test_eval_batches_per_sec=12.5763 test_eval_targets_per_sec=22392.0406 run_best_mrr20=0.212200 run_best_hr10=0.344200 run_test_mrr20=0.170000 run_test_hr10=0.297400

=================================================================
  DONE  |  FDSA x foursquare
  Best MRR@20 = 0.212200  |  7/7 trials OK
  Best HR@10  = 0.344200
  Test MRR@20 = 0.170000  (best-valid checkpoint)
  Test HR@10  = 0.297400  (best-valid checkpoint)
  Avg epoch time = 6.748 sec/epoch
  Final test eval = 0.148 sec | batches/s=13.480 | targets/s=24000.457
[RUN_METRICS] best_valid_mrr20=0.212200 best_valid_hr10=0.344200 test_mrr20=0.170000 test_hr10=0.297400 avg_epoch_time_sec=6.7477 test_eval_time_sec=0.1484 test_eval_batches_per_sec=13.4796 test_eval_targets_per_sec=24000.4572
  Total time: 20.6 min
  Best params:
    attribute_hidden_size: 144
    eval_batch_size: 2048
    lambda_attr: 0.1
    learning_rate: 0.00028486
    n_heads: 4
    n_layers: 4
    num_heads: 2
    num_layers: 2
    train_batch_size: 2048
  Results -> /workspace/FeaturedMoE/experiments/run/artifacts/results/final_experiment_addtuning/foursquare_FDSA_add_stage1_foursquare_fdsa_structure_20260418_161234_225472_pid1726168.json
  Normal mirror -> /workspace/FeaturedMoE/experiments/run/artifacts/results/final_experiment_addtuning/normal/add_stage1_structure/ADD/foursquare/FDSA/foursquare_FDSA_add_stage1_foursquare_fdsa_structure_20260418_161234_225472_pid1726168.json
  Special result -> /workspace/FeaturedMoE/experiments/run/artifacts/results/final_experiment_addtuning/special/add_stage1_structure/ADD/foursquare/FDSA/foursquare_FDSA_add_stage1_foursquare_fdsa_structure_20260418_161234_225472_pid1726168_special_metrics.json
  Special log -> /workspace/FeaturedMoE/experiments/run/artifacts/logs/final_experiment_addtuning/special/add_stage1_structure/ADD/foursquare/FDSA/foursquare_FDSA_add_stage1_foursquare_fdsa_structure_20260418_161234_225472_pid1726168_special_metrics.json
=================================================================

[RUN_STATUS] END status=normal pid=1726168 start=2026-04-18T16:12:34 end=2026-04-18T16:33:07
