# job_id=ADD_STAGE3_MOVIELENS1M_FEAREC_C1_SEED1 dataset=movielens1m model=fearec stage=stage3
# cmd=/venv/FMoE/bin/python /workspace/FeaturedMoE/experiments/hyperopt_tune.py --config-name tune_ml --search-algo tpe --max-evals 1 --tune-epochs 100 --tune-patience 10 --seed 930053 --run-group final_experiment_addtuning --run-axis add_stage3_seed_confirm --run-phase ADD_STAGE3_MOVIELENS1M_FEAREC_C1_SEED1 model=fearec dataset=movielens1m eval_mode=session_fixed feature_mode=full_v4 ++eval_sampling.mode=full ++eval_sampling.auto_full_threshold=999999999 ++special_logging=true ++exclude_unseen_target_from_main_eval=true ++log_unseen_target_metrics=true gpu_id=2 log_wandb=false show_progress=false ++seed=930053 --max-run-hours 2 --oom-retry-limit 5 ++search.dropout_ratio=[0.12] ++search_space_type_overrides.dropout_ratio=choice ++search.MAX_ITEM_LIST_LENGTH=[10] ++search_space_type_overrides.MAX_ITEM_LIST_LENGTH=choice ++search.attn_dropout_prob=[0.12] ++search_space_type_overrides.attn_dropout_prob=choice ++search.embedding_size=[112] ++search_space_type_overrides.embedding_size=choice ++search.hidden_dropout_prob=[0.12] ++search_space_type_overrides.hidden_dropout_prob=choice ++search.hidden_size=[112] ++search_space_type_overrides.hidden_size=choice ++search.inner_size=[224] ++search_space_type_overrides.inner_size=choice ++search.learning_rate=[0.00035026] ++search_space_type_overrides.learning_rate=choice ++search.lmd=[0.04] ++search_space_type_overrides.lmd=choice ++search.lmd_sem=[0.02] ++search_space_type_overrides.lmd_sem=choice ++search.n_heads=[2] ++search_space_type_overrides.n_heads=choice ++search.n_layers=[1] ++search_space_type_overrides.n_layers=choice ++search.tau=[0.16] ++search_space_type_overrides.tau=choice ++search.weight_decay=[1e-06] ++search_space_type_overrides.weight_decay=choice

/venv/FMoE/lib/python3.10/site-packages/ray/_private/parameter.py:4: UserWarning: pkg_resources is deprecated as an API. See https://setuptools.pypa.io/en/latest/pkg_resources.html. The pkg_resources package is slated for removal as early as 2025-11-30. Refrain from using this package or pin to Setuptools<81.
  import pkg_resources
[RUN_STATUS] START pid=1759427 ts=2026-04-19T08:41:12

=================================================================
  Hyperopt  |  FEARec x movielens1m
  max_evals=1  epochs=100  patience=10  wandb=off
  search_algo=tpe
  max_run_hours=2.000  (stop launching new trials after current trial)
  oom_retry_limit=5  (halve train/eval batch size on OOM)
  batch_size(train/valid/test)=4096/4096/4096
  track=final_experiment_addtuning  axis=add_stage3_seed_confirm  phase=ADD_STAGE3_MOVIELENS1M_FEAREC_C1_SEED1
=================================================================
Changed knobs: (none; single-run mode)
Tuned params(len>1): 0  (~1 discrete combos)
Tuned groups: 0
  (none)
Fixed params(singleton/non-list): 14
Fixed groups: 14
  [optimization]
    hidden_dropout_prob             0.12                                    
    learning_rate                   0.00035026                              
    weight_decay                    1e-06                                   
  [model_core]
    attn_dropout_prob               0.12                                    
    dropout_ratio                   0.12                                    
    embedding_size                  112                                     
    hidden_size                     112                                     
    inner_size                      224                                     
  [other]
    MAX_ITEM_LIST_LENGTH            10                                      
    lmd                             0.04                                    
    lmd_sem                         0.02                                    
    n_heads                         2                                       
    n_layers                        1                                       
    tau                             0.16                                    

[Wandb] disabled for this hyperopt run

[1/1] (fixed-only run)
  -> MRR@20=0.052200  best=0.052200  (full@100, trial=33.9min, avg=34.1min/trial, total=34.1min, ETA=0s)
[TRIAL_METRICS] cur_best_mrr20=0.052200 cur_best_hr10=0.139600 cur_test_mrr20=0.039600 cur_test_hr10=0.106900 avg_epoch_time_sec=20.3212 test_eval_time_sec=0.0525 test_eval_batches_per_sec=19.0517 test_eval_targets_per_sec=41132.5814 run_best_mrr20=0.052200 run_best_hr10=0.139600 run_test_mrr20=0.039600 run_test_hr10=0.106900

=================================================================
  DONE  |  FEARec x movielens1m
  Best MRR@20 = 0.052200  |  1/1 trials OK
  Best HR@10  = 0.139600
  Test MRR@20 = 0.039600  (best-valid checkpoint)
  Test HR@10  = 0.106900  (best-valid checkpoint)
  Avg epoch time = 20.321 sec/epoch
  Final test eval = 0.052 sec | batches/s=19.052 | targets/s=41132.581
[RUN_METRICS] best_valid_mrr20=0.052200 best_valid_hr10=0.139600 test_mrr20=0.039600 test_hr10=0.106900 avg_epoch_time_sec=20.3212 test_eval_time_sec=0.0525 test_eval_batches_per_sec=19.0517 test_eval_targets_per_sec=41132.5814
  Total time: 34.1 min
  Best params:
  Results -> /workspace/FeaturedMoE/experiments/run/artifacts/results/final_experiment_addtuning/movielens1m_FEARec_add_stage3_movielens1m_fearec_c1_seed1_20260419_084112_622294_pid1759427.json
  Normal mirror -> /workspace/FeaturedMoE/experiments/run/artifacts/results/final_experiment_addtuning/normal/add_stage3_seed_confirm/ADD/movielens1m/FEARec/movielens1m_FEARec_add_stage3_movielens1m_fearec_c1_seed1_20260419_084112_622294_pid1759427.json
  Special result -> /workspace/FeaturedMoE/experiments/run/artifacts/results/final_experiment_addtuning/special/add_stage3_seed_confirm/ADD/movielens1m/FEARec/movielens1m_FEARec_add_stage3_movielens1m_fearec_c1_seed1_20260419_084112_622294_pid1759427_special_metrics.json
  Special log -> /workspace/FeaturedMoE/experiments/run/artifacts/logs/final_experiment_addtuning/special/add_stage3_seed_confirm/ADD/movielens1m/FEARec/movielens1m_FEARec_add_stage3_movielens1m_fearec_c1_seed1_20260419_084112_622294_pid1759427_special_metrics.json
=================================================================

[RUN_STATUS] END status=normal pid=1759427 start=2026-04-19T08:41:12 end=2026-04-19T09:15:17
