
=================================================================
  Hyperopt TPE  |  FeaturedMoE_v2 x movielens1m
  max_evals=20  epochs=100  patience=10  wandb=off
  batch_size(train/valid/test)=6144/12288/12288
  track=fmoe_v2  axis=hparam  phase=P2DB_G3_C1_serial_L7_E192_R96_B6144
=================================================================
Changed knobs: learning_rate, weight_decay
Tuned params(len>1): 2  (~1 discrete combos)
Tuned groups: 2
  [optimization]
    learning_rate                   [0.0003, 0.0005, 0.00075, 0.001, 0.0015, 0.002, 0.003]  -> loguniform
    weight_decay                    [0, 1e-07, 1e-06, 1e-05, 5e-05, 0.0001]   -> loguniform_zero
Fixed params(singleton/non-list): 27
Fixed groups: 27
  [optimization]
    balance_loss_lambda             0.01                                    
    hidden_dropout_prob             0.1                                     
  [model_core]
    d_expert_hidden                 224                                     
    d_feat_emb                      24                                      
    d_router_hidden                 96                                      
    embedding_size                  192                                     
    expert_scale                    3                                       
    num_heads                       8                                       
  [layout]
    fmoe_v2_layout_id               7                                       
  [routing_moe]
    micro_router_temperature_start  1.3                                     
    mid_router_temperature_start    1.3                                     
    moe_top_k                       0                                       
    moe_top_k_policy                auto                                    
    moe_top_k_ratio                 0.5                                     
    moe_top_k_start                 0                                       
    moe_top_k_warmup_until          0                                       
  [schedule]
    alpha_warmup_end                1.0                                     
    alpha_warmup_start              0.0                                     
    alpha_warmup_until              0                                       
    fmoe_schedule_enable            False                                   
    temperature_warmup_until        0                                       
  [merge_hir]
    fmoe_v2_parallel_stage_gate_temperature  1.0                                     
    fmoe_v2_parallel_stage_gate_top_k  0                                       
    fmoe_v2_stage_merge_aux_enable  False                                   
    fmoe_v2_stage_merge_aux_lambda_scale  1.0                                     
  [other]
    MAX_ITEM_LIST_LENGTH            10                                      
    fmoe_stage_execution_mode       serial                                  
Layout details:
  execution(fixed)=serial
  id=7 exec=serial pre=0 post=0 total_layers=4 total_moe=3 | macro(pass=1,moe=1) | mid(pass=0,moe=1) | micro(pass=0,moe=1)

[Wandb] disabled for this hyperopt run

[1/20] learning_rate=0.0008125, weight_decay=0
    [Device] CUDA_VISIBLE_DEVICES=3 | torch_device=cuda:0 (NVIDIA RTX A5000)
    [DataCache] save_dataset=True save_dataloaders=False | checkpoint_dir=saved/recbole_cache/movielens1m_feature_added_session_len10 | dataloaders_save_path=saved/recbole_cache/movielens1m_feature_added_session_len10/movielens1m-for-dataloader.pth
    [DataPrep] cache_hit=disk_or_build, create_dataset=0.11s, data_preparation=0.73s, n_items=3534
  -> MRR@20=0.0929  best=0.0929  (early_stop@26, trial=8.9min, avg=8.9min/trial, total=8.9min, ETA=2.83h)

[2/20] learning_rate=0.0003226, weight_decay=6.839e-06
    [Device] CUDA_VISIBLE_DEVICES=3 | torch_device=cuda:0 (NVIDIA RTX A5000)
    [DataCache] save_dataset=True save_dataloaders=False | checkpoint_dir=saved/recbole_cache/movielens1m_feature_added_session_len10 | dataloaders_save_path=saved/recbole_cache/movielens1m_feature_added_session_len10/movielens1m-for-dataloader.pth
    [DataPrep] cache_hit=memory, create_dataset=0.00s, data_preparation=0.00s, n_items=3534
  -> MRR@20=0.0945  best=0.0945  (early_stop@37, trial=12.6min, avg=10.8min/trial, total=21.6min, ETA=3.24h)

[3/20] learning_rate=0.0003682, weight_decay=1.883e-06
    [Device] CUDA_VISIBLE_DEVICES=3 | torch_device=cuda:0 (NVIDIA RTX A5000)
    [DataCache] save_dataset=True save_dataloaders=False | checkpoint_dir=saved/recbole_cache/movielens1m_feature_added_session_len10 | dataloaders_save_path=saved/recbole_cache/movielens1m_feature_added_session_len10/movielens1m-for-dataloader.pth
    [DataPrep] cache_hit=memory, create_dataset=0.00s, data_preparation=0.00s, n_items=3534
  -> MRR@20=0.0949  best=0.0949  (early_stop@37, trial=12.7min, avg=11.4min/trial, total=34.2min, ETA=3.23h)

[4/20] learning_rate=0.001313, weight_decay=7.887e-07
    [Device] CUDA_VISIBLE_DEVICES=3 | torch_device=cuda:0 (NVIDIA RTX A5000)
    [DataCache] save_dataset=True save_dataloaders=False | checkpoint_dir=saved/recbole_cache/movielens1m_feature_added_session_len10 | dataloaders_save_path=saved/recbole_cache/movielens1m_feature_added_session_len10/movielens1m-for-dataloader.pth
    [DataPrep] cache_hit=memory, create_dataset=0.00s, data_preparation=0.00s, n_items=3534
  -> MRR@20=0.0920  best=0.0949  (early_stop@24, trial=8.2min, avg=10.6min/trial, total=42.5min, ETA=2.83h)

[5/20] learning_rate=0.001784, weight_decay=8.804e-05
    [Device] CUDA_VISIBLE_DEVICES=3 | torch_device=cuda:0 (NVIDIA RTX A5000)
    [DataCache] save_dataset=True save_dataloaders=False | checkpoint_dir=saved/recbole_cache/movielens1m_feature_added_session_len10 | dataloaders_save_path=saved/recbole_cache/movielens1m_feature_added_session_len10/movielens1m-for-dataloader.pth
    [DataPrep] cache_hit=memory, create_dataset=0.00s, data_preparation=0.00s, n_items=3534
  -> MRR@20=0.0941  best=0.0949  (early_stop@32, trial=11.0min, avg=10.7min/trial, total=53.4min, ETA=2.67h)

[6/20] learning_rate=0.0009019, weight_decay=6.764e-06
    [Device] CUDA_VISIBLE_DEVICES=3 | torch_device=cuda:0 (NVIDIA RTX A5000)
    [DataCache] save_dataset=True save_dataloaders=False | checkpoint_dir=saved/recbole_cache/movielens1m_feature_added_session_len10 | dataloaders_save_path=saved/recbole_cache/movielens1m_feature_added_session_len10/movielens1m-for-dataloader.pth
    [DataPrep] cache_hit=memory, create_dataset=0.00s, data_preparation=0.00s, n_items=3534
  -> MRR@20=0.0933  best=0.0949  (early_stop@28, trial=9.6min, avg=10.5min/trial, total=1.05h, ETA=2.45h)

[7/20] learning_rate=0.0003422, weight_decay=0
    [Device] CUDA_VISIBLE_DEVICES=3 | torch_device=cuda:0 (NVIDIA RTX A5000)
    [DataCache] save_dataset=True save_dataloaders=False | checkpoint_dir=saved/recbole_cache/movielens1m_feature_added_session_len10 | dataloaders_save_path=saved/recbole_cache/movielens1m_feature_added_session_len10/movielens1m-for-dataloader.pth
    [DataPrep] cache_hit=memory, create_dataset=0.00s, data_preparation=0.00s, n_items=3534
  -> MRR@20=0.0946  best=0.0949  (early_stop@37, trial=12.6min, avg=10.8min/trial, total=1.26h, ETA=2.34h)

[8/20] learning_rate=0.002168, weight_decay=3.064e-06
    [Device] CUDA_VISIBLE_DEVICES=3 | torch_device=cuda:0 (NVIDIA RTX A5000)
    [DataCache] save_dataset=True save_dataloaders=False | checkpoint_dir=saved/recbole_cache/movielens1m_feature_added_session_len10 | dataloaders_save_path=saved/recbole_cache/movielens1m_feature_added_session_len10/movielens1m-for-dataloader.pth
    [DataPrep] cache_hit=memory, create_dataset=0.00s, data_preparation=0.00s, n_items=3534
  -> MRR@20=0.0906  best=0.0949  (early_stop@27, trial=9.2min, avg=10.6min/trial, total=1.41h, ETA=2.12h)

[9/20] learning_rate=0.001131, weight_decay=0
    [Device] CUDA_VISIBLE_DEVICES=3 | torch_device=cuda:0 (NVIDIA RTX A5000)
    [DataCache] save_dataset=True save_dataloaders=False | checkpoint_dir=saved/recbole_cache/movielens1m_feature_added_session_len10 | dataloaders_save_path=saved/recbole_cache/movielens1m_feature_added_session_len10/movielens1m-for-dataloader.pth
    [DataPrep] cache_hit=memory, create_dataset=0.00s, data_preparation=0.00s, n_items=3534
  -> MRR@20=0.0917  best=0.0949  (early_stop@25, trial=8.5min, avg=10.4min/trial, total=1.56h, ETA=1.90h)

[10/20] learning_rate=0.0005166, weight_decay=4.043e-06
    [Device] CUDA_VISIBLE_DEVICES=3 | torch_device=cuda:0 (NVIDIA RTX A5000)
    [DataCache] save_dataset=True save_dataloaders=False | checkpoint_dir=saved/recbole_cache/movielens1m_feature_added_session_len10 | dataloaders_save_path=saved/recbole_cache/movielens1m_feature_added_session_len10/movielens1m-for-dataloader.pth
    [DataPrep] cache_hit=memory, create_dataset=0.00s, data_preparation=0.00s, n_items=3534
  -> MRR@20=0.0942  best=0.0949  (early_stop@34, trial=11.6min, avg=10.5min/trial, total=1.75h, ETA=1.75h)

[11/20] learning_rate=0.0009006, weight_decay=0
    [Device] CUDA_VISIBLE_DEVICES=3 | torch_device=cuda:0 (NVIDIA RTX A5000)
    [DataCache] save_dataset=True save_dataloaders=False | checkpoint_dir=saved/recbole_cache/movielens1m_feature_added_session_len10 | dataloaders_save_path=saved/recbole_cache/movielens1m_feature_added_session_len10/movielens1m-for-dataloader.pth
    [DataPrep] cache_hit=memory, create_dataset=0.00s, data_preparation=0.00s, n_items=3534
  -> MRR@20=0.0933  best=0.0949  (early_stop@26, trial=8.9min, avg=10.4min/trial, total=1.90h, ETA=1.55h)

[12/20] learning_rate=0.000357, weight_decay=0
    [Device] CUDA_VISIBLE_DEVICES=3 | torch_device=cuda:0 (NVIDIA RTX A5000)
    [DataCache] save_dataset=True save_dataloaders=False | checkpoint_dir=saved/recbole_cache/movielens1m_feature_added_session_len10 | dataloaders_save_path=saved/recbole_cache/movielens1m_feature_added_session_len10/movielens1m-for-dataloader.pth
    [DataPrep] cache_hit=memory, create_dataset=0.00s, data_preparation=0.00s, n_items=3534
  -> MRR@20=0.0954  best=0.0954  (early_stop@37, trial=12.6min, avg=10.5min/trial, total=2.11h, ETA=1.41h)

[13/20] learning_rate=0.0004449, weight_decay=0
    [Device] CUDA_VISIBLE_DEVICES=3 | torch_device=cuda:0 (NVIDIA RTX A5000)
    [DataCache] save_dataset=True save_dataloaders=False | checkpoint_dir=saved/recbole_cache/movielens1m_feature_added_session_len10 | dataloaders_save_path=saved/recbole_cache/movielens1m_feature_added_session_len10/movielens1m-for-dataloader.pth
    [DataPrep] cache_hit=memory, create_dataset=0.00s, data_preparation=0.00s, n_items=3534
  -> MRR@20=0.0947  best=0.0954  (early_stop@32, trial=10.9min, avg=10.6min/trial, total=2.29h, ETA=1.23h)

[14/20] learning_rate=0.001117, weight_decay=0
    [Device] CUDA_VISIBLE_DEVICES=3 | torch_device=cuda:0 (NVIDIA RTX A5000)
    [DataCache] save_dataset=True save_dataloaders=False | checkpoint_dir=saved/recbole_cache/movielens1m_feature_added_session_len10 | dataloaders_save_path=saved/recbole_cache/movielens1m_feature_added_session_len10/movielens1m-for-dataloader.pth
    [DataPrep] cache_hit=memory, create_dataset=0.00s, data_preparation=0.00s, n_items=3534
  -> MRR@20=0.0918  best=0.0954  (early_stop@24, trial=8.2min, avg=10.4min/trial, total=2.43h, ETA=1.04h)

[15/20] learning_rate=0.0003449, weight_decay=1.255e-07
    [Device] CUDA_VISIBLE_DEVICES=3 | torch_device=cuda:0 (NVIDIA RTX A5000)
    [DataCache] save_dataset=True save_dataloaders=False | checkpoint_dir=saved/recbole_cache/movielens1m_feature_added_session_len10 | dataloaders_save_path=saved/recbole_cache/movielens1m_feature_added_session_len10/movielens1m-for-dataloader.pth
    [DataPrep] cache_hit=memory, create_dataset=0.00s, data_preparation=0.00s, n_items=3534
  -> MRR@20=0.0952  best=0.0954  (early_stop@37, trial=12.6min, avg=10.6min/trial, total=2.64h, ETA=52.8min)

[16/20] learning_rate=0.00296, weight_decay=0
    [Device] CUDA_VISIBLE_DEVICES=3 | torch_device=cuda:0 (NVIDIA RTX A5000)
    [DataCache] save_dataset=True save_dataloaders=False | checkpoint_dir=saved/recbole_cache/movielens1m_feature_added_session_len10 | dataloaders_save_path=saved/recbole_cache/movielens1m_feature_added_session_len10/movielens1m-for-dataloader.pth
    [DataPrep] cache_hit=memory, create_dataset=0.00s, data_preparation=0.00s, n_items=3534
  -> MRR@20=0.0879  best=0.0954  (early_stop@31, trial=10.6min, avg=10.6min/trial, total=2.82h, ETA=42.2min)

[17/20] learning_rate=0.001911, weight_decay=0
    [Device] CUDA_VISIBLE_DEVICES=3 | torch_device=cuda:0 (NVIDIA RTX A5000)
    [DataCache] save_dataset=True save_dataloaders=False | checkpoint_dir=saved/recbole_cache/movielens1m_feature_added_session_len10 | dataloaders_save_path=saved/recbole_cache/movielens1m_feature_added_session_len10/movielens1m-for-dataloader.pth
    [DataPrep] cache_hit=memory, create_dataset=0.00s, data_preparation=0.00s, n_items=3534
  -> MRR@20=0.0910  best=0.0954  (early_stop@27, trial=9.2min, avg=10.5min/trial, total=2.97h, ETA=31.5min)

[18/20] learning_rate=0.0007108, weight_decay=0
    [Device] CUDA_VISIBLE_DEVICES=3 | torch_device=cuda:0 (NVIDIA RTX A5000)
    [DataCache] save_dataset=True save_dataloaders=False | checkpoint_dir=saved/recbole_cache/movielens1m_feature_added_session_len10 | dataloaders_save_path=saved/recbole_cache/movielens1m_feature_added_session_len10/movielens1m-for-dataloader.pth
    [DataPrep] cache_hit=memory, create_dataset=0.00s, data_preparation=0.00s, n_items=3534
  -> MRR@20=0.0935  best=0.0954  (early_stop@28, trial=9.6min, avg=10.4min/trial, total=3.13h, ETA=20.9min)

[19/20] learning_rate=0.0003236, weight_decay=0
    [Device] CUDA_VISIBLE_DEVICES=3 | torch_device=cuda:0 (NVIDIA RTX A5000)
    [DataCache] save_dataset=True save_dataloaders=False | checkpoint_dir=saved/recbole_cache/movielens1m_feature_added_session_len10 | dataloaders_save_path=saved/recbole_cache/movielens1m_feature_added_session_len10/movielens1m-for-dataloader.pth
    [DataPrep] cache_hit=memory, create_dataset=0.00s, data_preparation=0.00s, n_items=3534
  -> MRR@20=0.0942  best=0.0954  (early_stop@39, trial=13.3min, avg=10.6min/trial, total=3.35h, ETA=10.6min)

[20/20] learning_rate=0.002544, weight_decay=1.331e-07
    [Device] CUDA_VISIBLE_DEVICES=3 | torch_device=cuda:0 (NVIDIA RTX A5000)
    [DataCache] save_dataset=True save_dataloaders=False | checkpoint_dir=saved/recbole_cache/movielens1m_feature_added_session_len10 | dataloaders_save_path=saved/recbole_cache/movielens1m_feature_added_session_len10/movielens1m-for-dataloader.pth
    [DataPrep] cache_hit=memory, create_dataset=0.00s, data_preparation=0.00s, n_items=3534
  -> MRR@20=0.0893  best=0.0954  (early_stop@28, trial=9.6min, avg=10.5min/trial, total=3.51h, ETA=0s)

=================================================================
  DONE  |  FeaturedMoE_v2 x movielens1m
  Best MRR@20 = 0.0954  |  20/20 trials OK
  Total time: 210.7 min
  Best params:
    learning_rate: 0.000356958
    weight_decay: 0
  Results -> /workspace/jy1559/FMoE/experiments/run/artifacts/results/fmoe_v2/movielens1m_FeaturedMoE_v2_20260305_162954.json
=================================================================

