
=================================================================
  Hyperopt TPE  |  FeaturedMoE_v2 x movielens1m
  max_evals=20  epochs=100  patience=10  wandb=off
  batch_size(train/valid/test)=4096/8192/8192
  track=fmoe_v2  axis=hparam  phase=P2DB_G5_C3_serial_L7_E96_R192_B4096
=================================================================
Changed knobs: learning_rate, weight_decay
Tuned params(len>1): 2  (~1 discrete combos)
Tuned groups: 2
  [optimization]
    learning_rate                   [0.0003, 0.0005, 0.001, 0.002, 0.003, 0.005, 0.0075]  -> loguniform
    weight_decay                    [0, 1e-06, 1e-05, 0.0001, 0.001, 0.005]   -> loguniform_zero
Fixed params(singleton/non-list): 27
Fixed groups: 27
  [optimization]
    balance_loss_lambda             0.01                                    
    hidden_dropout_prob             0.1                                     
  [model_core]
    d_expert_hidden                 192                                     
    d_feat_emb                      32                                      
    d_router_hidden                 192                                     
    embedding_size                  96                                      
    expert_scale                    3                                       
    num_heads                       8                                       
  [layout]
    fmoe_v2_layout_id               7                                       
  [routing_moe]
    micro_router_temperature_start  1.3                                     
    mid_router_temperature_start    1.3                                     
    moe_top_k                       0                                       
    moe_top_k_policy                auto                                    
    moe_top_k_ratio                 0.5                                     
    moe_top_k_start                 0                                       
    moe_top_k_warmup_until          0                                       
  [schedule]
    alpha_warmup_end                1.0                                     
    alpha_warmup_start              0.0                                     
    alpha_warmup_until              0                                       
    fmoe_schedule_enable            False                                   
    temperature_warmup_until        0                                       
  [merge_hir]
    fmoe_v2_parallel_stage_gate_temperature  1.0                                     
    fmoe_v2_parallel_stage_gate_top_k  0                                       
    fmoe_v2_stage_merge_aux_enable  False                                   
    fmoe_v2_stage_merge_aux_lambda_scale  1.0                                     
  [other]
    MAX_ITEM_LIST_LENGTH            10                                      
    fmoe_stage_execution_mode       serial                                  
Layout details:
  execution(fixed)=serial
  id=7 exec=serial pre=0 post=0 total_layers=4 total_moe=3 | macro(pass=1,moe=1) | mid(pass=0,moe=1) | micro(pass=0,moe=1)

[Wandb] disabled for this hyperopt run

[1/20] learning_rate=0.003276, weight_decay=0
    [Device] CUDA_VISIBLE_DEVICES=5 | torch_device=cuda:0 (NVIDIA RTX A5000)
    [DataCache] save_dataset=True save_dataloaders=False | checkpoint_dir=saved/recbole_cache/movielens1m_feature_added_session_len10 | dataloaders_save_path=saved/recbole_cache/movielens1m_feature_added_session_len10/movielens1m-for-dataloader.pth
    [DataPrep] cache_hit=disk_or_build, create_dataset=0.11s, data_preparation=0.67s, n_items=3534
  -> MRR@20=0.0905  best=0.0905  (early_stop@32, trial=9.6min, avg=9.6min/trial, total=9.6min, ETA=3.04h)

[2/20] learning_rate=0.001972, weight_decay=5.151e-05
    [Device] CUDA_VISIBLE_DEVICES=5 | torch_device=cuda:0 (NVIDIA RTX A5000)
    [DataCache] save_dataset=True save_dataloaders=False | checkpoint_dir=saved/recbole_cache/movielens1m_feature_added_session_len10 | dataloaders_save_path=saved/recbole_cache/movielens1m_feature_added_session_len10/movielens1m-for-dataloader.pth
    [DataPrep] cache_hit=memory, create_dataset=0.00s, data_preparation=0.00s, n_items=3534
  -> MRR@20=0.0944  best=0.0944  (early_stop@38, trial=10.7min, avg=10.1min/trial, total=20.3min, ETA=3.04h)

[3/20] learning_rate=0.004156, weight_decay=1.169e-05
    [Device] CUDA_VISIBLE_DEVICES=5 | torch_device=cuda:0 (NVIDIA RTX A5000)
    [DataCache] save_dataset=True save_dataloaders=False | checkpoint_dir=saved/recbole_cache/movielens1m_feature_added_session_len10 | dataloaders_save_path=saved/recbole_cache/movielens1m_feature_added_session_len10/movielens1m-for-dataloader.pth
    [DataPrep] cache_hit=memory, create_dataset=0.00s, data_preparation=0.00s, n_items=3534
  -> MRR@20=0.0929  best=0.0944  (early_stop@34, trial=9.6min, avg=9.9min/trial, total=29.8min, ETA=2.82h)

[4/20] learning_rate=0.0004094, weight_decay=0
    [Device] CUDA_VISIBLE_DEVICES=5 | torch_device=cuda:0 (NVIDIA RTX A5000)
    [DataCache] save_dataset=True save_dataloaders=False | checkpoint_dir=saved/recbole_cache/movielens1m_feature_added_session_len10 | dataloaders_save_path=saved/recbole_cache/movielens1m_feature_added_session_len10/movielens1m-for-dataloader.pth
    [DataPrep] cache_hit=memory, create_dataset=0.00s, data_preparation=0.00s, n_items=3534
  -> MRR@20=0.0953  best=0.0953  (early_stop@43, trial=12.0min, avg=10.5min/trial, total=41.9min, ETA=2.79h)

[5/20] learning_rate=0.006046, weight_decay=0
    [Device] CUDA_VISIBLE_DEVICES=5 | torch_device=cuda:0 (NVIDIA RTX A5000)
    [DataCache] save_dataset=True save_dataloaders=False | checkpoint_dir=saved/recbole_cache/movielens1m_feature_added_session_len10 | dataloaders_save_path=saved/recbole_cache/movielens1m_feature_added_session_len10/movielens1m-for-dataloader.pth
    [DataPrep] cache_hit=memory, create_dataset=0.00s, data_preparation=0.00s, n_items=3534
  -> MRR@20=0.0906  best=0.0953  (early_stop@37, trial=10.3min, avg=10.4min/trial, total=52.2min, ETA=2.61h)

[6/20] learning_rate=0.002783, weight_decay=0
    [Device] CUDA_VISIBLE_DEVICES=5 | torch_device=cuda:0 (NVIDIA RTX A5000)
    [DataCache] save_dataset=True save_dataloaders=False | checkpoint_dir=saved/recbole_cache/movielens1m_feature_added_session_len10 | dataloaders_save_path=saved/recbole_cache/movielens1m_feature_added_session_len10/movielens1m-for-dataloader.pth
    [DataPrep] cache_hit=memory, create_dataset=0.00s, data_preparation=0.00s, n_items=3534
  -> MRR@20=0.0914  best=0.0953  (early_stop@27, trial=7.5min, avg=10.0min/trial, total=59.8min, ETA=2.32h)

[7/20] learning_rate=0.002203, weight_decay=0
    [Device] CUDA_VISIBLE_DEVICES=5 | torch_device=cuda:0 (NVIDIA RTX A5000)
    [DataCache] save_dataset=True save_dataloaders=False | checkpoint_dir=saved/recbole_cache/movielens1m_feature_added_session_len10 | dataloaders_save_path=saved/recbole_cache/movielens1m_feature_added_session_len10/movielens1m-for-dataloader.pth
    [DataPrep] cache_hit=memory, create_dataset=0.00s, data_preparation=0.00s, n_items=3534
  -> MRR@20=0.0912  best=0.0953  (early_stop@24, trial=6.7min, avg=9.5min/trial, total=1.11h, ETA=2.06h)

[8/20] learning_rate=0.006407, weight_decay=0
    [Device] CUDA_VISIBLE_DEVICES=5 | torch_device=cuda:0 (NVIDIA RTX A5000)
    [DataCache] save_dataset=True save_dataloaders=False | checkpoint_dir=saved/recbole_cache/movielens1m_feature_added_session_len10 | dataloaders_save_path=saved/recbole_cache/movielens1m_feature_added_session_len10/movielens1m-for-dataloader.pth
    [DataPrep] cache_hit=memory, create_dataset=0.00s, data_preparation=0.00s, n_items=3534
  -> MRR@20=0.0895  best=0.0953  (early_stop@38, trial=10.6min, avg=9.6min/trial, total=1.28h, ETA=1.93h)

[9/20] learning_rate=0.0003896, weight_decay=0
    [Device] CUDA_VISIBLE_DEVICES=5 | torch_device=cuda:0 (NVIDIA RTX A5000)
    [DataCache] save_dataset=True save_dataloaders=False | checkpoint_dir=saved/recbole_cache/movielens1m_feature_added_session_len10 | dataloaders_save_path=saved/recbole_cache/movielens1m_feature_added_session_len10/movielens1m-for-dataloader.pth
    [DataPrep] cache_hit=memory, create_dataset=0.00s, data_preparation=0.00s, n_items=3534
  -> MRR@20=0.0950  best=0.0953  (early_stop@43, trial=12.1min, avg=9.9min/trial, total=1.49h, ETA=1.82h)

[10/20] learning_rate=0.002123, weight_decay=1.862e-06
    [Device] CUDA_VISIBLE_DEVICES=5 | torch_device=cuda:0 (NVIDIA RTX A5000)
    [DataCache] save_dataset=True save_dataloaders=False | checkpoint_dir=saved/recbole_cache/movielens1m_feature_added_session_len10 | dataloaders_save_path=saved/recbole_cache/movielens1m_feature_added_session_len10/movielens1m-for-dataloader.pth
    [DataPrep] cache_hit=memory, create_dataset=0.00s, data_preparation=0.00s, n_items=3534
  -> MRR@20=0.0911  best=0.0953  (early_stop@24, trial=6.8min, avg=9.6min/trial, total=1.60h, ETA=1.60h)

[11/20] learning_rate=0.006226, weight_decay=0
    [Device] CUDA_VISIBLE_DEVICES=5 | torch_device=cuda:0 (NVIDIA RTX A5000)
    [DataCache] save_dataset=True save_dataloaders=False | checkpoint_dir=saved/recbole_cache/movielens1m_feature_added_session_len10 | dataloaders_save_path=saved/recbole_cache/movielens1m_feature_added_session_len10/movielens1m-for-dataloader.pth
    [DataPrep] cache_hit=memory, create_dataset=0.00s, data_preparation=0.00s, n_items=3534
  -> MRR@20=0.0895  best=0.0953  (early_stop@33, trial=9.2min, avg=9.6min/trial, total=1.75h, ETA=1.44h)

[12/20] learning_rate=0.001208, weight_decay=1.229e-05
    [Device] CUDA_VISIBLE_DEVICES=5 | torch_device=cuda:0 (NVIDIA RTX A5000)
    [DataCache] save_dataset=True save_dataloaders=False | checkpoint_dir=saved/recbole_cache/movielens1m_feature_added_session_len10 | dataloaders_save_path=saved/recbole_cache/movielens1m_feature_added_session_len10/movielens1m-for-dataloader.pth
    [DataPrep] cache_hit=memory, create_dataset=0.00s, data_preparation=0.00s, n_items=3534
  -> MRR@20=0.0928  best=0.0953  (early_stop@28, trial=7.9min, avg=9.4min/trial, total=1.89h, ETA=1.26h)

[13/20] learning_rate=0.006014, weight_decay=0
    [Device] CUDA_VISIBLE_DEVICES=5 | torch_device=cuda:0 (NVIDIA RTX A5000)
    [DataCache] save_dataset=True save_dataloaders=False | checkpoint_dir=saved/recbole_cache/movielens1m_feature_added_session_len10 | dataloaders_save_path=saved/recbole_cache/movielens1m_feature_added_session_len10/movielens1m-for-dataloader.pth
    [DataPrep] cache_hit=memory, create_dataset=0.00s, data_preparation=0.00s, n_items=3534
  -> MRR@20=0.0897  best=0.0953  (early_stop@40, trial=11.3min, avg=9.6min/trial, total=2.08h, ETA=1.12h)

[14/20] learning_rate=0.0003028, weight_decay=6.907e-06
    [Device] CUDA_VISIBLE_DEVICES=5 | torch_device=cuda:0 (NVIDIA RTX A5000)
    [DataCache] save_dataset=True save_dataloaders=False | checkpoint_dir=saved/recbole_cache/movielens1m_feature_added_session_len10 | dataloaders_save_path=saved/recbole_cache/movielens1m_feature_added_session_len10/movielens1m-for-dataloader.pth
    [DataPrep] cache_hit=memory, create_dataset=0.00s, data_preparation=0.00s, n_items=3534
  -> MRR@20=0.0962  best=0.0962  (early_stop@52, trial=14.6min, avg=9.9min/trial, total=2.32h, ETA=59.6min)

[15/20] learning_rate=0.0004668, weight_decay=9.825e-06
    [Device] CUDA_VISIBLE_DEVICES=5 | torch_device=cuda:0 (NVIDIA RTX A5000)
    [DataCache] save_dataset=True save_dataloaders=False | checkpoint_dir=saved/recbole_cache/movielens1m_feature_added_session_len10 | dataloaders_save_path=saved/recbole_cache/movielens1m_feature_added_session_len10/movielens1m-for-dataloader.pth
    [DataPrep] cache_hit=memory, create_dataset=0.00s, data_preparation=0.00s, n_items=3534
  -> MRR@20=0.0947  best=0.0962  (early_stop@45, trial=12.7min, avg=10.1min/trial, total=2.53h, ETA=50.6min)

[16/20] learning_rate=0.004462, weight_decay=0
    [Device] CUDA_VISIBLE_DEVICES=5 | torch_device=cuda:0 (NVIDIA RTX A5000)
    [DataCache] save_dataset=True save_dataloaders=False | checkpoint_dir=saved/recbole_cache/movielens1m_feature_added_session_len10 | dataloaders_save_path=saved/recbole_cache/movielens1m_feature_added_session_len10/movielens1m-for-dataloader.pth
    [DataPrep] cache_hit=memory, create_dataset=0.00s, data_preparation=0.00s, n_items=3534
  -> MRR@20=0.0913  best=0.0962  (early_stop@29, trial=8.2min, avg=10.0min/trial, total=2.67h, ETA=40.0min)

[17/20] learning_rate=0.0005262, weight_decay=6.085e-06
    [Device] CUDA_VISIBLE_DEVICES=5 | torch_device=cuda:0 (NVIDIA RTX A5000)
    [DataCache] save_dataset=True save_dataloaders=False | checkpoint_dir=saved/recbole_cache/movielens1m_feature_added_session_len10 | dataloaders_save_path=saved/recbole_cache/movielens1m_feature_added_session_len10/movielens1m-for-dataloader.pth
    [DataPrep] cache_hit=memory, create_dataset=0.00s, data_preparation=0.00s, n_items=3534
  -> MRR@20=0.0952  best=0.0962  (early_stop@38, trial=10.6min, avg=10.0min/trial, total=2.85h, ETA=30.1min)

[18/20] learning_rate=0.002296, weight_decay=0.003342
    [Device] CUDA_VISIBLE_DEVICES=5 | torch_device=cuda:0 (NVIDIA RTX A5000)
    [DataCache] save_dataset=True save_dataloaders=False | checkpoint_dir=saved/recbole_cache/movielens1m_feature_added_session_len10 | dataloaders_save_path=saved/recbole_cache/movielens1m_feature_added_session_len10/movielens1m-for-dataloader.pth
    [DataPrep] cache_hit=memory, create_dataset=0.00s, data_preparation=0.00s, n_items=3534
  -> MRR@20=0.0515  best=0.0962  (early_stop@70, trial=19.6min, avg=10.6min/trial, total=3.17h, ETA=21.2min)

[19/20] learning_rate=0.0005173, weight_decay=0.0005523
    [Device] CUDA_VISIBLE_DEVICES=5 | torch_device=cuda:0 (NVIDIA RTX A5000)
    [DataCache] save_dataset=True save_dataloaders=False | checkpoint_dir=saved/recbole_cache/movielens1m_feature_added_session_len10 | dataloaders_save_path=saved/recbole_cache/movielens1m_feature_added_session_len10/movielens1m-for-dataloader.pth
    [DataPrep] cache_hit=memory, create_dataset=0.00s, data_preparation=0.00s, n_items=3534
  -> MRR@20=0.0923  best=0.0962  (full@100, trial=28.4min, avg=11.5min/trial, total=3.65h, ETA=11.5min)

[20/20] learning_rate=0.002658, weight_decay=0
    [Device] CUDA_VISIBLE_DEVICES=5 | torch_device=cuda:0 (NVIDIA RTX A5000)
    [DataCache] save_dataset=True save_dataloaders=False | checkpoint_dir=saved/recbole_cache/movielens1m_feature_added_session_len10 | dataloaders_save_path=saved/recbole_cache/movielens1m_feature_added_session_len10/movielens1m-for-dataloader.pth
    [DataPrep] cache_hit=memory, create_dataset=0.00s, data_preparation=0.00s, n_items=3534
  -> MRR@20=0.0924  best=0.0962  (early_stop@24, trial=6.7min, avg=11.3min/trial, total=3.76h, ETA=0s)

=================================================================
  DONE  |  FeaturedMoE_v2 x movielens1m
  Best MRR@20 = 0.0962  |  20/20 trials OK
  Total time: 225.6 min
  Best params:
    learning_rate: 0.000302754
    weight_decay: 6.90748e-06
  Results -> /workspace/jy1559/FMoE/experiments/run/artifacts/results/fmoe_v2/movielens1m_FeaturedMoE_v2_20260306_025602.json
=================================================================

