[RUN_STATUS] START pid=132776 ts=2026-03-06T08:45:08

=================================================================
  Hyperopt TPE  |  FeaturedMoE_v2 x movielens1m
  max_evals=10  epochs=100  patience=10  wandb=off
  batch_size(train/valid/test)=6144/12288/12288
  track=fmoe_v2  axis=hparam  phase=P2DB_G3_C1_parallel_L13_E128_R64_B6144
=================================================================
Changed knobs: learning_rate, weight_decay
Tuned params(len>1): 2  (~1 discrete combos)
Tuned groups: 2
  [optimization]
    learning_rate                   [0.0003, 0.0005, 0.00075, 0.001, 0.0015, 0.002, 0.003]  -> loguniform
    weight_decay                    [0, 1e-07, 1e-06, 1e-05, 5e-05, 0.0001]   -> loguniform_zero
Fixed params(singleton/non-list): 31
Fixed groups: 31
  [optimization]
    balance_loss_lambda             0.01                                    
    hidden_dropout_prob             0.1                                     
  [model_core]
    d_expert_hidden                 160                                     
    d_feat_emb                      24                                      
    d_router_hidden                 64                                      
    embedding_size                  128                                     
    expert_scale                    3                                       
    num_heads                       8                                       
  [layout]
    fmoe_v2_layout_id               13                                      
  [routing_moe]
    micro_router_temperature_start  1.3                                     
    mid_router_temperature_start    1.3                                     
    moe_top_k                       0                                       
    moe_top_k_policy                auto                                    
    moe_top_k_ratio                 0.5                                     
    moe_top_k_start                 0                                       
    moe_top_k_warmup_until          0                                       
    router_impl                     learned                                 
    router_impl_by_stage            {}                                      
    rule_router.feature_per_expert  4                                       
    rule_router.n_bins              5                                       
  [schedule]
    alpha_warmup_end                1.0                                     
    alpha_warmup_start              0.0                                     
    alpha_warmup_until              0                                       
    fmoe_schedule_enable            False                                   
    temperature_warmup_until        0                                       
  [merge_hir]
    fmoe_v2_parallel_stage_gate_temperature  1.0                                     
    fmoe_v2_parallel_stage_gate_top_k  0                                       
    fmoe_v2_stage_merge_aux_enable  False                                   
    fmoe_v2_stage_merge_aux_lambda_scale  1.0                                     
  [other]
    MAX_ITEM_LIST_LENGTH            10                                      
    fmoe_stage_execution_mode       parallel                                
Layout details:
  execution(fixed)=parallel
  id=13 exec=parallel pre=0 post=0 total_layers=4 total_moe=2 | macro(pass=0,moe=2) | mid(pass=1,moe=0) | micro(pass=1,moe=0)

[Wandb] disabled for this hyperopt run

[1/10] learning_rate=0.002027, weight_decay=1.052e-06
    [Device] CUDA_VISIBLE_DEVICES=3 | torch_device=cuda:0 (NVIDIA RTX A5000)
    [DataCache] save_dataset=True save_dataloaders=False | checkpoint_dir=saved/recbole_cache/movielens1m_feature_added_session_len10 | dataloaders_save_path=saved/recbole_cache/movielens1m_feature_added_session_len10/movielens1m-for-dataloader.pth
    [DataPrep] cache_hit=disk_or_build, create_dataset=0.11s, data_preparation=0.74s, n_items=3534
[RUN_STATUS] TERMINATED signal=SIGTERM(15) pid=132776 ts=2026-03-06T08:45:11
[RUN_STATUS] END status=terminated signal=SIGTERM(15) pid=132776 start=2026-03-06T08:45:08 end=2026-03-06T08:45:11
