
=================================================================
  Hyperopt TPE  |  FeaturedMoE_v2 x movielens1m
  max_evals=20  epochs=100  patience=10  wandb=off
  batch_size(train/valid/test)=8192/16384/16384
  track=fmoe_v2  axis=hparam  phase=P2DB_G4_C3_serial_L7_E128_R64_B8192
=================================================================
Changed knobs: learning_rate, weight_decay
Tuned params(len>1): 2  (~1 discrete combos)
Tuned groups: 2
  [optimization]
    learning_rate                   [0.0003, 0.0005, 0.00075, 0.001, 0.0015, 0.002, 0.003]  -> loguniform
    weight_decay                    [0, 1e-07, 1e-06, 1e-05, 5e-05, 0.0001]   -> loguniform_zero
Fixed params(singleton/non-list): 27
Fixed groups: 27
  [optimization]
    balance_loss_lambda             0.01                                    
    hidden_dropout_prob             0.1                                     
  [model_core]
    d_expert_hidden                 160                                     
    d_feat_emb                      24                                      
    d_router_hidden                 64                                      
    embedding_size                  128                                     
    expert_scale                    3                                       
    num_heads                       8                                       
  [layout]
    fmoe_v2_layout_id               7                                       
  [routing_moe]
    micro_router_temperature_start  1.3                                     
    mid_router_temperature_start    1.3                                     
    moe_top_k                       0                                       
    moe_top_k_policy                auto                                    
    moe_top_k_ratio                 0.5                                     
    moe_top_k_start                 0                                       
    moe_top_k_warmup_until          0                                       
  [schedule]
    alpha_warmup_end                1.0                                     
    alpha_warmup_start              0.0                                     
    alpha_warmup_until              0                                       
    fmoe_schedule_enable            False                                   
    temperature_warmup_until        0                                       
  [merge_hir]
    fmoe_v2_parallel_stage_gate_temperature  1.0                                     
    fmoe_v2_parallel_stage_gate_top_k  0                                       
    fmoe_v2_stage_merge_aux_enable  False                                   
    fmoe_v2_stage_merge_aux_lambda_scale  1.0                                     
  [other]
    MAX_ITEM_LIST_LENGTH            10                                      
    fmoe_stage_execution_mode       serial                                  
Layout details:
  execution(fixed)=serial
  id=7 exec=serial pre=0 post=0 total_layers=4 total_moe=3 | macro(pass=1,moe=1) | mid(pass=0,moe=1) | micro(pass=0,moe=1)

[Wandb] disabled for this hyperopt run

[1/20] learning_rate=0.001424, weight_decay=0
    [Device] CUDA_VISIBLE_DEVICES=4 | torch_device=cuda:0 (NVIDIA RTX A5000)
    [DataCache] save_dataset=True save_dataloaders=False | checkpoint_dir=saved/recbole_cache/movielens1m_feature_added_session_len10 | dataloaders_save_path=saved/recbole_cache/movielens1m_feature_added_session_len10/movielens1m-for-dataloader.pth
    [DataPrep] cache_hit=disk_or_build, create_dataset=0.10s, data_preparation=0.55s, n_items=3534
  -> MRR@20=0.0920  best=0.0920  (early_stop@31, trial=8.3min, avg=8.3min/trial, total=8.3min, ETA=2.64h)

[2/20] learning_rate=0.00249, weight_decay=0
    [Device] CUDA_VISIBLE_DEVICES=4 | torch_device=cuda:0 (NVIDIA RTX A5000)
    [DataCache] save_dataset=True save_dataloaders=False | checkpoint_dir=saved/recbole_cache/movielens1m_feature_added_session_len10 | dataloaders_save_path=saved/recbole_cache/movielens1m_feature_added_session_len10/movielens1m-for-dataloader.pth
    [DataPrep] cache_hit=memory, create_dataset=0.00s, data_preparation=0.00s, n_items=3534
  -> MRR@20=0.0912  best=0.0920  (early_stop@31, trial=8.3min, avg=8.3min/trial, total=16.6min, ETA=2.49h)

[3/20] learning_rate=0.0006919, weight_decay=4.707e-06
    [Device] CUDA_VISIBLE_DEVICES=4 | torch_device=cuda:0 (NVIDIA RTX A5000)
    [DataCache] save_dataset=True save_dataloaders=False | checkpoint_dir=saved/recbole_cache/movielens1m_feature_added_session_len10 | dataloaders_save_path=saved/recbole_cache/movielens1m_feature_added_session_len10/movielens1m-for-dataloader.pth
    [DataPrep] cache_hit=memory, create_dataset=0.00s, data_preparation=0.00s, n_items=3534
  -> MRR@20=0.0940  best=0.0940  (early_stop@40, trial=10.7min, avg=9.1min/trial, total=27.3min, ETA=2.58h)

[4/20] learning_rate=0.002, weight_decay=9.533e-07
    [Device] CUDA_VISIBLE_DEVICES=4 | torch_device=cuda:0 (NVIDIA RTX A5000)
    [DataCache] save_dataset=True save_dataloaders=False | checkpoint_dir=saved/recbole_cache/movielens1m_feature_added_session_len10 | dataloaders_save_path=saved/recbole_cache/movielens1m_feature_added_session_len10/movielens1m-for-dataloader.pth
    [DataPrep] cache_hit=memory, create_dataset=0.00s, data_preparation=0.00s, n_items=3534
  -> MRR@20=0.0912  best=0.0940  (early_stop@27, trial=7.2min, avg=8.6min/trial, total=34.6min, ETA=2.31h)

[5/20] learning_rate=0.000874, weight_decay=1.004e-07
    [Device] CUDA_VISIBLE_DEVICES=4 | torch_device=cuda:0 (NVIDIA RTX A5000)
    [DataCache] save_dataset=True save_dataloaders=False | checkpoint_dir=saved/recbole_cache/movielens1m_feature_added_session_len10 | dataloaders_save_path=saved/recbole_cache/movielens1m_feature_added_session_len10/movielens1m-for-dataloader.pth
    [DataPrep] cache_hit=memory, create_dataset=0.00s, data_preparation=0.00s, n_items=3534
  -> MRR@20=0.0942  best=0.0942  (early_stop@34, trial=9.1min, avg=8.7min/trial, total=43.7min, ETA=2.19h)

[6/20] learning_rate=0.0004209, weight_decay=2.769e-06
    [Device] CUDA_VISIBLE_DEVICES=4 | torch_device=cuda:0 (NVIDIA RTX A5000)
    [DataCache] save_dataset=True save_dataloaders=False | checkpoint_dir=saved/recbole_cache/movielens1m_feature_added_session_len10 | dataloaders_save_path=saved/recbole_cache/movielens1m_feature_added_session_len10/movielens1m-for-dataloader.pth
    [DataPrep] cache_hit=memory, create_dataset=0.00s, data_preparation=0.00s, n_items=3534
  -> MRR@20=0.0954  best=0.0954  (early_stop@56, trial=15.0min, avg=9.8min/trial, total=58.7min, ETA=2.28h)

[7/20] learning_rate=0.001685, weight_decay=0
    [Device] CUDA_VISIBLE_DEVICES=4 | torch_device=cuda:0 (NVIDIA RTX A5000)
    [DataCache] save_dataset=True save_dataloaders=False | checkpoint_dir=saved/recbole_cache/movielens1m_feature_added_session_len10 | dataloaders_save_path=saved/recbole_cache/movielens1m_feature_added_session_len10/movielens1m-for-dataloader.pth
    [DataPrep] cache_hit=memory, create_dataset=0.00s, data_preparation=0.00s, n_items=3534
  -> MRR@20=0.0918  best=0.0954  (early_stop@31, trial=8.3min, avg=9.6min/trial, total=1.12h, ETA=2.08h)

[8/20] learning_rate=0.0004837, weight_decay=0
    [Device] CUDA_VISIBLE_DEVICES=4 | torch_device=cuda:0 (NVIDIA RTX A5000)
    [DataCache] save_dataset=True save_dataloaders=False | checkpoint_dir=saved/recbole_cache/movielens1m_feature_added_session_len10 | dataloaders_save_path=saved/recbole_cache/movielens1m_feature_added_session_len10/movielens1m-for-dataloader.pth
    [DataPrep] cache_hit=memory, create_dataset=0.00s, data_preparation=0.00s, n_items=3534
  -> MRR@20=0.0950  best=0.0954  (early_stop@51, trial=13.7min, avg=10.1min/trial, total=1.35h, ETA=2.02h)

[9/20] learning_rate=0.000426, weight_decay=8.642e-06
    [Device] CUDA_VISIBLE_DEVICES=4 | torch_device=cuda:0 (NVIDIA RTX A5000)
    [DataCache] save_dataset=True save_dataloaders=False | checkpoint_dir=saved/recbole_cache/movielens1m_feature_added_session_len10 | dataloaders_save_path=saved/recbole_cache/movielens1m_feature_added_session_len10/movielens1m-for-dataloader.pth
    [DataPrep] cache_hit=memory, create_dataset=0.00s, data_preparation=0.00s, n_items=3534
  -> MRR@20=0.0948  best=0.0954  (early_stop@56, trial=15.0min, avg=10.6min/trial, total=1.60h, ETA=1.95h)

[10/20] learning_rate=0.0007521, weight_decay=7.243e-05
    [Device] CUDA_VISIBLE_DEVICES=4 | torch_device=cuda:0 (NVIDIA RTX A5000)
    [DataCache] save_dataset=True save_dataloaders=False | checkpoint_dir=saved/recbole_cache/movielens1m_feature_added_session_len10 | dataloaders_save_path=saved/recbole_cache/movielens1m_feature_added_session_len10/movielens1m-for-dataloader.pth
    [DataPrep] cache_hit=memory, create_dataset=0.00s, data_preparation=0.00s, n_items=3534
  -> MRR@20=0.0945  best=0.0954  (early_stop@49, trial=13.1min, avg=10.9min/trial, total=1.82h, ETA=1.82h)

[11/20] learning_rate=0.001326, weight_decay=0
    [Device] CUDA_VISIBLE_DEVICES=4 | torch_device=cuda:0 (NVIDIA RTX A5000)
    [DataCache] save_dataset=True save_dataloaders=False | checkpoint_dir=saved/recbole_cache/movielens1m_feature_added_session_len10 | dataloaders_save_path=saved/recbole_cache/movielens1m_feature_added_session_len10/movielens1m-for-dataloader.pth
    [DataPrep] cache_hit=memory, create_dataset=0.00s, data_preparation=0.00s, n_items=3534
  -> MRR@20=0.0921  best=0.0954  (early_stop@31, trial=8.3min, avg=10.7min/trial, total=1.95h, ETA=1.60h)

[12/20] learning_rate=0.0005482, weight_decay=1.128e-07
    [Device] CUDA_VISIBLE_DEVICES=4 | torch_device=cuda:0 (NVIDIA RTX A5000)
    [DataCache] save_dataset=True save_dataloaders=False | checkpoint_dir=saved/recbole_cache/movielens1m_feature_added_session_len10 | dataloaders_save_path=saved/recbole_cache/movielens1m_feature_added_session_len10/movielens1m-for-dataloader.pth
    [DataPrep] cache_hit=memory, create_dataset=0.00s, data_preparation=0.00s, n_items=3534
  -> MRR@20=0.0954  best=0.0954  (early_stop@49, trial=13.1min, avg=10.9min/trial, total=2.17h, ETA=1.45h)

[13/20] learning_rate=0.001249, weight_decay=3.947e-05
    [Device] CUDA_VISIBLE_DEVICES=4 | torch_device=cuda:0 (NVIDIA RTX A5000)
    [DataCache] save_dataset=True save_dataloaders=False | checkpoint_dir=saved/recbole_cache/movielens1m_feature_added_session_len10 | dataloaders_save_path=saved/recbole_cache/movielens1m_feature_added_session_len10/movielens1m-for-dataloader.pth
    [DataPrep] cache_hit=memory, create_dataset=0.00s, data_preparation=0.00s, n_items=3534
  -> MRR@20=0.0934  best=0.0954  (early_stop@34, trial=9.1min, avg=10.7min/trial, total=2.33h, ETA=1.25h)

[14/20] learning_rate=0.002448, weight_decay=0
    [Device] CUDA_VISIBLE_DEVICES=4 | torch_device=cuda:0 (NVIDIA RTX A5000)
    [DataCache] save_dataset=True save_dataloaders=False | checkpoint_dir=saved/recbole_cache/movielens1m_feature_added_session_len10 | dataloaders_save_path=saved/recbole_cache/movielens1m_feature_added_session_len10/movielens1m-for-dataloader.pth
    [DataPrep] cache_hit=memory, create_dataset=0.00s, data_preparation=0.00s, n_items=3534
  -> MRR@20=0.0908  best=0.0954  (early_stop@27, trial=7.2min, avg=10.5min/trial, total=2.45h, ETA=1.05h)

[15/20] learning_rate=0.0008721, weight_decay=0
    [Device] CUDA_VISIBLE_DEVICES=4 | torch_device=cuda:0 (NVIDIA RTX A5000)
    [DataCache] save_dataset=True save_dataloaders=False | checkpoint_dir=saved/recbole_cache/movielens1m_feature_added_session_len10 | dataloaders_save_path=saved/recbole_cache/movielens1m_feature_added_session_len10/movielens1m-for-dataloader.pth
    [DataPrep] cache_hit=memory, create_dataset=0.00s, data_preparation=0.00s, n_items=3534
  -> MRR@20=0.0939  best=0.0954  (early_stop@34, trial=9.1min, avg=10.4min/trial, total=2.60h, ETA=52.0min)

[16/20] learning_rate=0.000818, weight_decay=0
    [Device] CUDA_VISIBLE_DEVICES=4 | torch_device=cuda:0 (NVIDIA RTX A5000)
    [DataCache] save_dataset=True save_dataloaders=False | checkpoint_dir=saved/recbole_cache/movielens1m_feature_added_session_len10 | dataloaders_save_path=saved/recbole_cache/movielens1m_feature_added_session_len10/movielens1m-for-dataloader.pth
    [DataPrep] cache_hit=memory, create_dataset=0.00s, data_preparation=0.00s, n_items=3534
  -> MRR@20=0.0937  best=0.0954  (early_stop@38, trial=10.2min, avg=10.4min/trial, total=2.77h, ETA=41.5min)

[17/20] learning_rate=0.0005719, weight_decay=9.414e-05
    [Device] CUDA_VISIBLE_DEVICES=4 | torch_device=cuda:0 (NVIDIA RTX A5000)
    [DataCache] save_dataset=True save_dataloaders=False | checkpoint_dir=saved/recbole_cache/movielens1m_feature_added_session_len10 | dataloaders_save_path=saved/recbole_cache/movielens1m_feature_added_session_len10/movielens1m-for-dataloader.pth
    [DataPrep] cache_hit=memory, create_dataset=0.00s, data_preparation=0.00s, n_items=3534
  -> MRR@20=0.0953  best=0.0954  (early_stop@64, trial=17.2min, avg=10.8min/trial, total=3.05h, ETA=32.3min)

[18/20] learning_rate=0.0003533, weight_decay=0
    [Device] CUDA_VISIBLE_DEVICES=4 | torch_device=cuda:0 (NVIDIA RTX A5000)
    [DataCache] save_dataset=True save_dataloaders=False | checkpoint_dir=saved/recbole_cache/movielens1m_feature_added_session_len10 | dataloaders_save_path=saved/recbole_cache/movielens1m_feature_added_session_len10/movielens1m-for-dataloader.pth
    [DataPrep] cache_hit=memory, create_dataset=0.00s, data_preparation=0.00s, n_items=3534
  -> MRR@20=0.0951  best=0.0954  (early_stop@67, trial=18.0min, avg=11.2min/trial, total=3.35h, ETA=22.4min)

[19/20] learning_rate=0.0005323, weight_decay=0
    [Device] CUDA_VISIBLE_DEVICES=4 | torch_device=cuda:0 (NVIDIA RTX A5000)
    [DataCache] save_dataset=True save_dataloaders=False | checkpoint_dir=saved/recbole_cache/movielens1m_feature_added_session_len10 | dataloaders_save_path=saved/recbole_cache/movielens1m_feature_added_session_len10/movielens1m-for-dataloader.pth
    [DataPrep] cache_hit=memory, create_dataset=0.00s, data_preparation=0.00s, n_items=3534
  -> MRR@20=0.0946  best=0.0954  (early_stop@45, trial=12.1min, avg=11.2min/trial, total=3.56h, ETA=11.2min)

[20/20] learning_rate=0.001265, weight_decay=3.504e-05
    [Device] CUDA_VISIBLE_DEVICES=4 | torch_device=cuda:0 (NVIDIA RTX A5000)
    [DataCache] save_dataset=True save_dataloaders=False | checkpoint_dir=saved/recbole_cache/movielens1m_feature_added_session_len10 | dataloaders_save_path=saved/recbole_cache/movielens1m_feature_added_session_len10/movielens1m-for-dataloader.pth
    [DataPrep] cache_hit=memory, create_dataset=0.00s, data_preparation=0.00s, n_items=3534
  -> MRR@20=0.0937  best=0.0954  (early_stop@37, trial=9.9min, avg=11.2min/trial, total=3.72h, ETA=0s)

=================================================================
  DONE  |  FeaturedMoE_v2 x movielens1m
  Best MRR@20 = 0.0954  |  20/20 trials OK
  Total time: 223.2 min
  Best params:
    learning_rate: 0.000420865
    weight_decay: 2.76913e-06
  Results -> /workspace/jy1559/FMoE/experiments/run/artifacts/results/fmoe_v2/movielens1m_FeaturedMoE_v2_20260306_005429.json
=================================================================

