[RUN_STATUS] START pid=134508 ts=2026-03-06T08:45:24

=================================================================
  Hyperopt TPE  |  FeaturedMoE_v2 x movielens1m
  max_evals=20  epochs=100  patience=10  wandb=off
  batch_size(train/valid/test)=4096/8192/8192
  track=fmoe_v2  axis=hparam  phase=P2DB_G1_C1_parallel_L13_E160_R80_B4096
=================================================================
Changed knobs: learning_rate, weight_decay
Tuned params(len>1): 2  (~1 discrete combos)
Tuned groups: 2
  [optimization]
    learning_rate                   [0.0002, 0.0003, 0.0005, 0.00075, 0.001, 0.0015, 0.002]  -> loguniform
    weight_decay                    [0, 1e-07, 1e-06, 1e-05, 5e-05, 0.0001]   -> loguniform_zero
Fixed params(singleton/non-list): 31
Fixed groups: 31
  [optimization]
    balance_loss_lambda             0.01                                    
    hidden_dropout_prob             0.1                                     
  [model_core]
    d_expert_hidden                 160                                     
    d_feat_emb                      16                                      
    d_router_hidden                 80                                      
    embedding_size                  160                                     
    expert_scale                    3                                       
    num_heads                       8                                       
  [layout]
    fmoe_v2_layout_id               13                                      
  [routing_moe]
    micro_router_temperature_start  1.3                                     
    mid_router_temperature_start    1.3                                     
    moe_top_k                       0                                       
    moe_top_k_policy                auto                                    
    moe_top_k_ratio                 0.5                                     
    moe_top_k_start                 0                                       
    moe_top_k_warmup_until          0                                       
    router_impl                     learned                                 
    router_impl_by_stage            {}                                      
    rule_router.feature_per_expert  4                                       
    rule_router.n_bins              5                                       
  [schedule]
    alpha_warmup_end                1.0                                     
    alpha_warmup_start              0.0                                     
    alpha_warmup_until              0                                       
    fmoe_schedule_enable            False                                   
    temperature_warmup_until        0                                       
  [merge_hir]
    fmoe_v2_parallel_stage_gate_temperature  1.0                                     
    fmoe_v2_parallel_stage_gate_top_k  0                                       
    fmoe_v2_stage_merge_aux_enable  False                                   
    fmoe_v2_stage_merge_aux_lambda_scale  1.0                                     
  [other]
    MAX_ITEM_LIST_LENGTH            10                                      
    fmoe_stage_execution_mode       parallel                                
Layout details:
  execution(fixed)=parallel
  id=13 exec=parallel pre=0 post=0 total_layers=4 total_moe=2 | macro(pass=0,moe=2) | mid(pass=1,moe=0) | micro(pass=1,moe=0)

[Wandb] disabled for this hyperopt run

[1/20] learning_rate=0.0003169, weight_decay=0
    [Device] CUDA_VISIBLE_DEVICES=1 | torch_device=cuda:0 (NVIDIA RTX A5000)
    [DataCache] save_dataset=True save_dataloaders=False | checkpoint_dir=saved/recbole_cache/movielens1m_feature_added_session_len10 | dataloaders_save_path=saved/recbole_cache/movielens1m_feature_added_session_len10/movielens1m-for-dataloader.pth
    [DataPrep] cache_hit=disk_or_build, create_dataset=0.11s, data_preparation=0.70s, n_items=3534
  -> MRR@20=0.0942  best=0.0942  (early_stop@46, trial=12.3min, avg=12.3min/trial, total=12.3min, ETA=3.91h)

[2/20] learning_rate=0.0005063, weight_decay=0
    [Device] CUDA_VISIBLE_DEVICES=1 | torch_device=cuda:0 (NVIDIA RTX A5000)
    [DataCache] save_dataset=True save_dataloaders=False | checkpoint_dir=saved/recbole_cache/movielens1m_feature_added_session_len10 | dataloaders_save_path=saved/recbole_cache/movielens1m_feature_added_session_len10/movielens1m-for-dataloader.pth
    [DataPrep] cache_hit=memory, create_dataset=0.00s, data_preparation=0.00s, n_items=3534
  -> MRR@20=0.0929  best=0.0942  (early_stop@41, trial=11.0min, avg=11.7min/trial, total=23.3min, ETA=3.50h)

[3/20] learning_rate=0.001068, weight_decay=0
    [Device] CUDA_VISIBLE_DEVICES=1 | torch_device=cuda:0 (NVIDIA RTX A5000)
    [DataCache] save_dataset=True save_dataloaders=False | checkpoint_dir=saved/recbole_cache/movielens1m_feature_added_session_len10 | dataloaders_save_path=saved/recbole_cache/movielens1m_feature_added_session_len10/movielens1m-for-dataloader.pth
    [DataPrep] cache_hit=memory, create_dataset=0.00s, data_preparation=0.00s, n_items=3534
  -> MRR@20=0.0921  best=0.0942  (early_stop@31, trial=8.3min, avg=10.6min/trial, total=31.7min, ETA=2.99h)

[4/20] learning_rate=0.0005498, weight_decay=1.702e-06
    [Device] CUDA_VISIBLE_DEVICES=1 | torch_device=cuda:0 (NVIDIA RTX A5000)
    [DataCache] save_dataset=True save_dataloaders=False | checkpoint_dir=saved/recbole_cache/movielens1m_feature_added_session_len10 | dataloaders_save_path=saved/recbole_cache/movielens1m_feature_added_session_len10/movielens1m-for-dataloader.pth
    [DataPrep] cache_hit=memory, create_dataset=0.00s, data_preparation=0.00s, n_items=3534
  -> MRR@20=0.0932  best=0.0942  (early_stop@34, trial=9.1min, avg=10.2min/trial, total=40.8min, ETA=2.72h)

[5/20] learning_rate=0.0003853, weight_decay=0
    [Device] CUDA_VISIBLE_DEVICES=1 | torch_device=cuda:0 (NVIDIA RTX A5000)
    [DataCache] save_dataset=True save_dataloaders=False | checkpoint_dir=saved/recbole_cache/movielens1m_feature_added_session_len10 | dataloaders_save_path=saved/recbole_cache/movielens1m_feature_added_session_len10/movielens1m-for-dataloader.pth
    [DataPrep] cache_hit=memory, create_dataset=0.00s, data_preparation=0.00s, n_items=3534
  -> MRR@20=0.0940  best=0.0942  (early_stop@46, trial=12.3min, avg=10.6min/trial, total=53.1min, ETA=2.66h)

[6/20] learning_rate=0.001189, weight_decay=0
    [Device] CUDA_VISIBLE_DEVICES=1 | torch_device=cuda:0 (NVIDIA RTX A5000)
    [DataCache] save_dataset=True save_dataloaders=False | checkpoint_dir=saved/recbole_cache/movielens1m_feature_added_session_len10 | dataloaders_save_path=saved/recbole_cache/movielens1m_feature_added_session_len10/movielens1m-for-dataloader.pth
    [DataPrep] cache_hit=memory, create_dataset=0.00s, data_preparation=0.00s, n_items=3534
  -> MRR@20=0.0926  best=0.0942  (early_stop@26, trial=7.0min, avg=10.0min/trial, total=1.00h, ETA=2.34h)

[7/20] learning_rate=0.001862, weight_decay=1.066e-05
    [Device] CUDA_VISIBLE_DEVICES=1 | torch_device=cuda:0 (NVIDIA RTX A5000)
    [DataCache] save_dataset=True save_dataloaders=False | checkpoint_dir=saved/recbole_cache/movielens1m_feature_added_session_len10 | dataloaders_save_path=saved/recbole_cache/movielens1m_feature_added_session_len10/movielens1m-for-dataloader.pth
    [DataPrep] cache_hit=memory, create_dataset=0.00s, data_preparation=0.00s, n_items=3534
  -> MRR@20=0.0952  best=0.0952  (early_stop@27, trial=7.2min, avg=9.6min/trial, total=1.12h, ETA=2.08h)

[8/20] learning_rate=0.001313, weight_decay=2.092e-07
    [Device] CUDA_VISIBLE_DEVICES=1 | torch_device=cuda:0 (NVIDIA RTX A5000)
    [DataCache] save_dataset=True save_dataloaders=False | checkpoint_dir=saved/recbole_cache/movielens1m_feature_added_session_len10 | dataloaders_save_path=saved/recbole_cache/movielens1m_feature_added_session_len10/movielens1m-for-dataloader.pth
    [DataPrep] cache_hit=memory, create_dataset=0.00s, data_preparation=0.00s, n_items=3534
  -> MRR@20=0.0923  best=0.0952  (early_stop@31, trial=8.3min, avg=9.5min/trial, total=1.26h, ETA=1.89h)

[9/20] learning_rate=0.0002836, weight_decay=9.743e-05
    [Device] CUDA_VISIBLE_DEVICES=1 | torch_device=cuda:0 (NVIDIA RTX A5000)
    [DataCache] save_dataset=True save_dataloaders=False | checkpoint_dir=saved/recbole_cache/movielens1m_feature_added_session_len10 | dataloaders_save_path=saved/recbole_cache/movielens1m_feature_added_session_len10/movielens1m-for-dataloader.pth
    [DataPrep] cache_hit=memory, create_dataset=0.00s, data_preparation=0.00s, n_items=3534
  -> MRR@20=0.0943  best=0.0952  (early_stop@67, trial=18.0min, avg=10.4min/trial, total=1.56h, ETA=1.91h)

[10/20] learning_rate=0.0002978, weight_decay=0
    [Device] CUDA_VISIBLE_DEVICES=1 | torch_device=cuda:0 (NVIDIA RTX A5000)
    [DataCache] save_dataset=True save_dataloaders=False | checkpoint_dir=saved/recbole_cache/movielens1m_feature_added_session_len10 | dataloaders_save_path=saved/recbole_cache/movielens1m_feature_added_session_len10/movielens1m-for-dataloader.pth
    [DataPrep] cache_hit=memory, create_dataset=0.00s, data_preparation=0.00s, n_items=3534
  -> MRR@20=0.0943  best=0.0952  (early_stop@46, trial=12.3min, avg=10.6min/trial, total=1.77h, ETA=1.77h)

[11/20] learning_rate=0.001894, weight_decay=0
    [Device] CUDA_VISIBLE_DEVICES=1 | torch_device=cuda:0 (NVIDIA RTX A5000)
    [DataCache] save_dataset=True save_dataloaders=False | checkpoint_dir=saved/recbole_cache/movielens1m_feature_added_session_len10 | dataloaders_save_path=saved/recbole_cache/movielens1m_feature_added_session_len10/movielens1m-for-dataloader.pth
    [DataPrep] cache_hit=memory, create_dataset=0.00s, data_preparation=0.00s, n_items=3534
  -> MRR@20=0.0945  best=0.0952  (early_stop@22, trial=5.9min, avg=10.2min/trial, total=1.87h, ETA=1.53h)

[12/20] learning_rate=0.0005549, weight_decay=0
    [Device] CUDA_VISIBLE_DEVICES=1 | torch_device=cuda:0 (NVIDIA RTX A5000)
    [DataCache] save_dataset=True save_dataloaders=False | checkpoint_dir=saved/recbole_cache/movielens1m_feature_added_session_len10 | dataloaders_save_path=saved/recbole_cache/movielens1m_feature_added_session_len10/movielens1m-for-dataloader.pth
    [DataPrep] cache_hit=memory, create_dataset=0.00s, data_preparation=0.00s, n_items=3534
  -> MRR@20=0.0933  best=0.0952  (early_stop@34, trial=9.1min, avg=10.1min/trial, total=2.02h, ETA=1.35h)

[13/20] learning_rate=0.000289, weight_decay=1.833e-06
    [Device] CUDA_VISIBLE_DEVICES=1 | torch_device=cuda:0 (NVIDIA RTX A5000)
    [DataCache] save_dataset=True save_dataloaders=False | checkpoint_dir=saved/recbole_cache/movielens1m_feature_added_session_len10 | dataloaders_save_path=saved/recbole_cache/movielens1m_feature_added_session_len10/movielens1m-for-dataloader.pth
    [DataPrep] cache_hit=memory, create_dataset=0.00s, data_preparation=0.00s, n_items=3534
  -> MRR@20=0.0942  best=0.0952  (early_stop@46, trial=12.3min, avg=10.3min/trial, total=2.22h, ETA=1.20h)

[14/20] learning_rate=0.0002789, weight_decay=9.892e-05
    [Device] CUDA_VISIBLE_DEVICES=1 | torch_device=cuda:0 (NVIDIA RTX A5000)
    [DataCache] save_dataset=True save_dataloaders=False | checkpoint_dir=saved/recbole_cache/movielens1m_feature_added_session_len10 | dataloaders_save_path=saved/recbole_cache/movielens1m_feature_added_session_len10/movielens1m-for-dataloader.pth
    [DataPrep] cache_hit=memory, create_dataset=0.00s, data_preparation=0.00s, n_items=3534
  -> MRR@20=0.0943  best=0.0952  (early_stop@67, trial=18.0min, avg=10.8min/trial, total=2.52h, ETA=1.08h)

[15/20] learning_rate=0.0003644, weight_decay=0
    [Device] CUDA_VISIBLE_DEVICES=1 | torch_device=cuda:0 (NVIDIA RTX A5000)
    [DataCache] save_dataset=True save_dataloaders=False | checkpoint_dir=saved/recbole_cache/movielens1m_feature_added_session_len10 | dataloaders_save_path=saved/recbole_cache/movielens1m_feature_added_session_len10/movielens1m-for-dataloader.pth
    [DataPrep] cache_hit=memory, create_dataset=0.00s, data_preparation=0.00s, n_items=3534
  -> MRR@20=0.0939  best=0.0952  (early_stop@49, trial=13.2min, avg=11.0min/trial, total=2.74h, ETA=54.9min)

[16/20] learning_rate=0.0009351, weight_decay=0
    [Device] CUDA_VISIBLE_DEVICES=1 | torch_device=cuda:0 (NVIDIA RTX A5000)
    [DataCache] save_dataset=True save_dataloaders=False | checkpoint_dir=saved/recbole_cache/movielens1m_feature_added_session_len10 | dataloaders_save_path=saved/recbole_cache/movielens1m_feature_added_session_len10/movielens1m-for-dataloader.pth
    [DataPrep] cache_hit=memory, create_dataset=0.00s, data_preparation=0.00s, n_items=3534
  -> MRR@20=0.0925  best=0.0952  (early_stop@33, trial=8.8min, avg=10.8min/trial, total=2.89h, ETA=43.4min)

[17/20] learning_rate=0.0003749, weight_decay=0
    [Device] CUDA_VISIBLE_DEVICES=1 | torch_device=cuda:0 (NVIDIA RTX A5000)
    [DataCache] save_dataset=True save_dataloaders=False | checkpoint_dir=saved/recbole_cache/movielens1m_feature_added_session_len10 | dataloaders_save_path=saved/recbole_cache/movielens1m_feature_added_session_len10/movielens1m-for-dataloader.pth
    [DataPrep] cache_hit=memory, create_dataset=0.00s, data_preparation=0.00s, n_items=3534
  -> MRR@20=0.0938  best=0.0952  (early_stop@49, trial=13.2min, avg=11.0min/trial, total=3.11h, ETA=32.9min)

[18/20] learning_rate=0.001952, weight_decay=0
    [Device] CUDA_VISIBLE_DEVICES=1 | torch_device=cuda:0 (NVIDIA RTX A5000)
    [DataCache] save_dataset=True save_dataloaders=False | checkpoint_dir=saved/recbole_cache/movielens1m_feature_added_session_len10 | dataloaders_save_path=saved/recbole_cache/movielens1m_feature_added_session_len10/movielens1m-for-dataloader.pth
    [DataPrep] cache_hit=memory, create_dataset=0.00s, data_preparation=0.00s, n_items=3534
  -> MRR@20=0.0949  best=0.0952  (early_stop@22, trial=5.9min, avg=10.7min/trial, total=3.21h, ETA=21.4min)

[19/20] learning_rate=0.000514, weight_decay=6.843e-07
    [Device] CUDA_VISIBLE_DEVICES=1 | torch_device=cuda:0 (NVIDIA RTX A5000)
    [DataCache] save_dataset=True save_dataloaders=False | checkpoint_dir=saved/recbole_cache/movielens1m_feature_added_session_len10 | dataloaders_save_path=saved/recbole_cache/movielens1m_feature_added_session_len10/movielens1m-for-dataloader.pth
    [DataPrep] cache_hit=memory, create_dataset=0.00s, data_preparation=0.00s, n_items=3534
  -> MRR@20=0.0927  best=0.0952  (early_stop@34, trial=9.1min, avg=10.6min/trial, total=3.36h, ETA=10.6min)

[20/20] learning_rate=0.0009321, weight_decay=0
    [Device] CUDA_VISIBLE_DEVICES=1 | torch_device=cuda:0 (NVIDIA RTX A5000)
    [DataCache] save_dataset=True save_dataloaders=False | checkpoint_dir=saved/recbole_cache/movielens1m_feature_added_session_len10 | dataloaders_save_path=saved/recbole_cache/movielens1m_feature_added_session_len10/movielens1m-for-dataloader.pth
    [DataPrep] cache_hit=memory, create_dataset=0.00s, data_preparation=0.00s, n_items=3534
  -> MRR@20=0.0930  best=0.0952  (early_stop@33, trial=9.0min, avg=10.5min/trial, total=3.51h, ETA=0s)

=================================================================
  DONE  |  FeaturedMoE_v2 x movielens1m
  Best MRR@20 = 0.0952  |  20/20 trials OK
  Total time: 210.7 min
  Best params:
    learning_rate: 0.00186236
    weight_decay: 1.0659e-05
  Results -> /workspace/jy1559/FMoE/experiments/run/artifacts/results/fmoe_v2/movielens1m_FeaturedMoE_v2_20260306_084524.json
=================================================================

[RUN_STATUS] END status=normal pid=134508 start=2026-03-06T08:45:24 end=2026-03-06T12:16:06
