[RUN_STATUS] START pid=125344 ts=2026-03-06T07:30:49

=================================================================
  Hyperopt TPE  |  FeaturedMoE_v2 x movielens1m
  max_evals=10  epochs=100  patience=10  wandb=off
  batch_size(train/valid/test)=6144/12288/12288
  track=fmoe_v2  axis=hparam  phase=P2DB_G3_C1_parallel_L13_E128_R64_B6144
=================================================================
Changed knobs: learning_rate, weight_decay
Tuned params(len>1): 2  (~1 discrete combos)
Tuned groups: 2
  [optimization]
    learning_rate                   [0.0003, 0.0005, 0.00075, 0.001, 0.0015, 0.002, 0.003]  -> loguniform
    weight_decay                    [0, 1e-07, 1e-06, 1e-05, 5e-05, 0.0001]   -> loguniform_zero
Fixed params(singleton/non-list): 31
Fixed groups: 31
  [optimization]
    balance_loss_lambda             0.01                                    
    hidden_dropout_prob             0.1                                     
  [model_core]
    d_expert_hidden                 160                                     
    d_feat_emb                      24                                      
    d_router_hidden                 64                                      
    embedding_size                  128                                     
    expert_scale                    3                                       
    num_heads                       8                                       
  [layout]
    fmoe_v2_layout_id               13                                      
  [routing_moe]
    micro_router_temperature_start  1.3                                     
    mid_router_temperature_start    1.3                                     
    moe_top_k                       0                                       
    moe_top_k_policy                auto                                    
    moe_top_k_ratio                 0.5                                     
    moe_top_k_start                 0                                       
    moe_top_k_warmup_until          0                                       
    router_impl                     learned                                 
    router_impl_by_stage            {}                                      
    rule_router.feature_per_expert  4                                       
    rule_router.n_bins              5                                       
  [schedule]
    alpha_warmup_end                1.0                                     
    alpha_warmup_start              0.0                                     
    alpha_warmup_until              0                                       
    fmoe_schedule_enable            False                                   
    temperature_warmup_until        0                                       
  [merge_hir]
    fmoe_v2_parallel_stage_gate_temperature  1.0                                     
    fmoe_v2_parallel_stage_gate_top_k  0                                       
    fmoe_v2_stage_merge_aux_enable  False                                   
    fmoe_v2_stage_merge_aux_lambda_scale  1.0                                     
  [other]
    MAX_ITEM_LIST_LENGTH            10                                      
    fmoe_stage_execution_mode       parallel                                
Layout details:
  execution(fixed)=parallel
  id=13 exec=parallel pre=0 post=0 total_layers=4 total_moe=2 | macro(pass=0,moe=2) | mid(pass=1,moe=0) | micro(pass=1,moe=0)

[Wandb] disabled for this hyperopt run

[1/10] learning_rate=0.002027, weight_decay=1.052e-06
    [Device] CUDA_VISIBLE_DEVICES=3 | torch_device=cuda:0 (NVIDIA RTX A5000)
    [DataCache] save_dataset=True save_dataloaders=False | checkpoint_dir=saved/recbole_cache/movielens1m_feature_added_session_len10 | dataloaders_save_path=saved/recbole_cache/movielens1m_feature_added_session_len10/movielens1m-for-dataloader.pth
    [DataPrep] cache_hit=disk_or_build, create_dataset=0.11s, data_preparation=0.80s, n_items=3534
  -> MRR@20=0.0927  best=0.0927  (early_stop@31, trial=7.5min, avg=7.6min/trial, total=7.6min, ETA=1.13h)

[2/10] learning_rate=0.00247, weight_decay=0
    [Device] CUDA_VISIBLE_DEVICES=3 | torch_device=cuda:0 (NVIDIA RTX A5000)
    [DataCache] save_dataset=True save_dataloaders=False | checkpoint_dir=saved/recbole_cache/movielens1m_feature_added_session_len10 | dataloaders_save_path=saved/recbole_cache/movielens1m_feature_added_session_len10/movielens1m-for-dataloader.pth
    [DataPrep] cache_hit=memory, create_dataset=0.00s, data_preparation=0.00s, n_items=3534
  -> MRR@20=0.0944  best=0.0944  (early_stop@28, trial=6.8min, avg=7.2min/trial, total=14.3min, ETA=57.3min)

[3/10] learning_rate=0.002052, weight_decay=0
    [Device] CUDA_VISIBLE_DEVICES=3 | torch_device=cuda:0 (NVIDIA RTX A5000)
    [DataCache] save_dataset=True save_dataloaders=False | checkpoint_dir=saved/recbole_cache/movielens1m_feature_added_session_len10 | dataloaders_save_path=saved/recbole_cache/movielens1m_feature_added_session_len10/movielens1m-for-dataloader.pth
    [DataPrep] cache_hit=memory, create_dataset=0.00s, data_preparation=0.00s, n_items=3534
  -> MRR@20=0.0920  best=0.0944  (early_stop@31, trial=7.5min, avg=7.3min/trial, total=21.9min, ETA=51.0min)

[4/10] learning_rate=0.0003657, weight_decay=7.935e-07
    [Device] CUDA_VISIBLE_DEVICES=3 | torch_device=cuda:0 (NVIDIA RTX A5000)
    [DataCache] save_dataset=True save_dataloaders=False | checkpoint_dir=saved/recbole_cache/movielens1m_feature_added_session_len10 | dataloaders_save_path=saved/recbole_cache/movielens1m_feature_added_session_len10/movielens1m-for-dataloader.pth
    [DataPrep] cache_hit=memory, create_dataset=0.00s, data_preparation=0.00s, n_items=3534
  -> MRR@20=0.0940  best=0.0944  (early_stop@61, trial=14.8min, avg=9.2min/trial, total=36.6min, ETA=54.9min)

[5/10] learning_rate=0.0008144, weight_decay=1.441e-06
    [Device] CUDA_VISIBLE_DEVICES=3 | torch_device=cuda:0 (NVIDIA RTX A5000)
    [DataCache] save_dataset=True save_dataloaders=False | checkpoint_dir=saved/recbole_cache/movielens1m_feature_added_session_len10 | dataloaders_save_path=saved/recbole_cache/movielens1m_feature_added_session_len10/movielens1m-for-dataloader.pth
    [DataPrep] cache_hit=memory, create_dataset=0.00s, data_preparation=0.00s, n_items=3534
  -> MRR@20=0.0934  best=0.0944  (early_stop@34, trial=8.3min, avg=9.0min/trial, total=44.9min, ETA=44.9min)

[6/10] learning_rate=0.002225, weight_decay=0
    [Device] CUDA_VISIBLE_DEVICES=3 | torch_device=cuda:0 (NVIDIA RTX A5000)
    [DataCache] save_dataset=True save_dataloaders=False | checkpoint_dir=saved/recbole_cache/movielens1m_feature_added_session_len10 | dataloaders_save_path=saved/recbole_cache/movielens1m_feature_added_session_len10/movielens1m-for-dataloader.pth
    [DataPrep] cache_hit=memory, create_dataset=0.00s, data_preparation=0.00s, n_items=3534
  -> MRR@20=0.0936  best=0.0944  (early_stop@27, trial=6.6min, avg=8.6min/trial, total=51.5min, ETA=34.4min)

[7/10] learning_rate=0.002149, weight_decay=3.484e-07
    [Device] CUDA_VISIBLE_DEVICES=3 | torch_device=cuda:0 (NVIDIA RTX A5000)
    [DataCache] save_dataset=True save_dataloaders=False | checkpoint_dir=saved/recbole_cache/movielens1m_feature_added_session_len10 | dataloaders_save_path=saved/recbole_cache/movielens1m_feature_added_session_len10/movielens1m-for-dataloader.pth
    [DataPrep] cache_hit=memory, create_dataset=0.00s, data_preparation=0.00s, n_items=3534
  -> MRR@20=0.0930  best=0.0944  (early_stop@31, trial=7.5min, avg=8.4min/trial, total=59.1min, ETA=25.3min)

[8/10] learning_rate=0.002654, weight_decay=0
    [Device] CUDA_VISIBLE_DEVICES=3 | torch_device=cuda:0 (NVIDIA RTX A5000)
    [DataCache] save_dataset=True save_dataloaders=False | checkpoint_dir=saved/recbole_cache/movielens1m_feature_added_session_len10 | dataloaders_save_path=saved/recbole_cache/movielens1m_feature_added_session_len10/movielens1m-for-dataloader.pth
    [DataPrep] cache_hit=memory, create_dataset=0.00s, data_preparation=0.00s, n_items=3534
  -> MRR@20=0.0946  best=0.0946  (early_stop@27, trial=6.6min, avg=8.2min/trial, total=1.09h, ETA=16.4min)

[9/10] learning_rate=0.0006082, weight_decay=0
    [Device] CUDA_VISIBLE_DEVICES=3 | torch_device=cuda:0 (NVIDIA RTX A5000)
    [DataCache] save_dataset=True save_dataloaders=False | checkpoint_dir=saved/recbole_cache/movielens1m_feature_added_session_len10 | dataloaders_save_path=saved/recbole_cache/movielens1m_feature_added_session_len10/movielens1m-for-dataloader.pth
    [DataPrep] cache_hit=memory, create_dataset=0.00s, data_preparation=0.00s, n_items=3534
[RUN_STATUS] TERMINATED signal=SIGINT(2) pid=125344 ts=2026-03-06T08:44:52
[RUN_STATUS] END status=terminated signal=SIGINT(2) pid=125344 start=2026-03-06T07:30:49 end=2026-03-06T08:44:52
