[RUN_STATUS] START pid=137123 ts=2026-03-06T17:06:50

=================================================================
  Hyperopt TPE  |  FeaturedMoE_v2 x movielens1m
  max_evals=20  epochs=100  patience=10  wandb=off
  batch_size(train/valid/test)=4096/8192/8192
  track=fmoe_v2  axis=hparam  phase=P2DB_G0_C3_parallel_L13_E128_R64_B4096
=================================================================
Changed knobs: learning_rate, weight_decay
Tuned params(len>1): 2  (~1 discrete combos)
Tuned groups: 2
  [optimization]
    learning_rate                   [0.0005, 0.001, 0.002, 0.003, 0.005, 0.0075, 0.01]  -> loguniform
    weight_decay                    [0, 1e-06, 1e-05, 0.0001, 0.0005, 0.001]  -> loguniform_zero
Fixed params(singleton/non-list): 31
Fixed groups: 31
  [optimization]
    balance_loss_lambda             0.01                                    
    hidden_dropout_prob             0.1                                     
  [model_core]
    d_expert_hidden                 160                                     
    d_feat_emb                      24                                      
    d_router_hidden                 64                                      
    embedding_size                  128                                     
    expert_scale                    3                                       
    num_heads                       8                                       
  [layout]
    fmoe_v2_layout_id               13                                      
  [routing_moe]
    micro_router_temperature_start  1.3                                     
    mid_router_temperature_start    1.3                                     
    moe_top_k                       0                                       
    moe_top_k_policy                auto                                    
    moe_top_k_ratio                 0.5                                     
    moe_top_k_start                 0                                       
    moe_top_k_warmup_until          0                                       
    router_impl                     learned                                 
    router_impl_by_stage            {}                                      
    rule_router.feature_per_expert  4                                       
    rule_router.n_bins              5                                       
  [schedule]
    alpha_warmup_end                1.0                                     
    alpha_warmup_start              0.0                                     
    alpha_warmup_until              0                                       
    fmoe_schedule_enable            False                                   
    temperature_warmup_until        0                                       
  [merge_hir]
    fmoe_v2_parallel_stage_gate_temperature  1.0                                     
    fmoe_v2_parallel_stage_gate_top_k  0                                       
    fmoe_v2_stage_merge_aux_enable  False                                   
    fmoe_v2_stage_merge_aux_lambda_scale  1.0                                     
  [other]
    MAX_ITEM_LIST_LENGTH            10                                      
    fmoe_stage_execution_mode       parallel                                
Layout details:
  execution(fixed)=parallel
  id=13 exec=parallel pre=0 post=0 total_layers=4 total_moe=2 | macro(pass=0,moe=2) | mid(pass=1,moe=0) | micro(pass=1,moe=0)

[Wandb] disabled for this hyperopt run

[1/20] learning_rate=0.006611, weight_decay=0.0001718
    [Device] CUDA_VISIBLE_DEVICES=0 | torch_device=cuda:0 (NVIDIA RTX A5000)
    [DataCache] save_dataset=True save_dataloaders=False | checkpoint_dir=saved/recbole_cache/movielens1m_feature_added_session_len10 | dataloaders_save_path=saved/recbole_cache/movielens1m_feature_added_session_len10/movielens1m-for-dataloader.pth
    [DataPrep] cache_hit=disk_or_build, create_dataset=0.12s, data_preparation=0.69s, n_items=3534
  -> MRR@20=0.0935  best=0.0935  (early_stop@69, trial=17.6min, avg=17.6min/trial, total=17.6min, ETA=5.59h)

[2/20] learning_rate=0.003174, weight_decay=0
    [Device] CUDA_VISIBLE_DEVICES=0 | torch_device=cuda:0 (NVIDIA RTX A5000)
    [DataCache] save_dataset=True save_dataloaders=False | checkpoint_dir=saved/recbole_cache/movielens1m_feature_added_session_len10 | dataloaders_save_path=saved/recbole_cache/movielens1m_feature_added_session_len10/movielens1m-for-dataloader.pth
    [DataPrep] cache_hit=memory, create_dataset=0.00s, data_preparation=0.00s, n_items=3534
  -> MRR@20=0.0946  best=0.0946  (early_stop@27, trial=6.9min, avg=12.3min/trial, total=24.5min, ETA=3.68h)

[3/20] learning_rate=0.004486, weight_decay=0
    [Device] CUDA_VISIBLE_DEVICES=0 | torch_device=cuda:0 (NVIDIA RTX A5000)
    [DataCache] save_dataset=True save_dataloaders=False | checkpoint_dir=saved/recbole_cache/movielens1m_feature_added_session_len10 | dataloaders_save_path=saved/recbole_cache/movielens1m_feature_added_session_len10/movielens1m-for-dataloader.pth
    [DataPrep] cache_hit=memory, create_dataset=0.00s, data_preparation=0.00s, n_items=3534
  -> MRR@20=0.0951  best=0.0951  (early_stop@35, trial=8.9min, avg=11.2min/trial, total=33.5min, ETA=3.16h)

[4/20] learning_rate=0.007853, weight_decay=1.708e-05
    [Device] CUDA_VISIBLE_DEVICES=0 | torch_device=cuda:0 (NVIDIA RTX A5000)
    [DataCache] save_dataset=True save_dataloaders=False | checkpoint_dir=saved/recbole_cache/movielens1m_feature_added_session_len10 | dataloaders_save_path=saved/recbole_cache/movielens1m_feature_added_session_len10/movielens1m-for-dataloader.pth
    [DataPrep] cache_hit=memory, create_dataset=0.00s, data_preparation=0.00s, n_items=3534
  -> MRR@20=0.0953  best=0.0953  (early_stop@44, trial=11.3min, avg=11.2min/trial, total=44.8min, ETA=2.98h)

[5/20] learning_rate=0.001123, weight_decay=1.962e-05
    [Device] CUDA_VISIBLE_DEVICES=0 | torch_device=cuda:0 (NVIDIA RTX A5000)
    [DataCache] save_dataset=True save_dataloaders=False | checkpoint_dir=saved/recbole_cache/movielens1m_feature_added_session_len10 | dataloaders_save_path=saved/recbole_cache/movielens1m_feature_added_session_len10/movielens1m-for-dataloader.pth
    [DataPrep] cache_hit=memory, create_dataset=0.00s, data_preparation=0.00s, n_items=3534
  -> MRR@20=0.0932  best=0.0953  (early_stop@31, trial=7.9min, avg=10.5min/trial, total=52.6min, ETA=2.63h)

[6/20] learning_rate=0.007676, weight_decay=0
    [Device] CUDA_VISIBLE_DEVICES=0 | torch_device=cuda:0 (NVIDIA RTX A5000)
    [DataCache] save_dataset=True save_dataloaders=False | checkpoint_dir=saved/recbole_cache/movielens1m_feature_added_session_len10 | dataloaders_save_path=saved/recbole_cache/movielens1m_feature_added_session_len10/movielens1m-for-dataloader.pth
    [DataPrep] cache_hit=memory, create_dataset=0.00s, data_preparation=0.00s, n_items=3534
  -> MRR@20=0.0944  best=0.0953  (early_stop@30, trial=7.5min, avg=10.0min/trial, total=1.00h, ETA=2.34h)

[7/20] learning_rate=0.003364, weight_decay=0
    [Device] CUDA_VISIBLE_DEVICES=0 | torch_device=cuda:0 (NVIDIA RTX A5000)
    [DataCache] save_dataset=True save_dataloaders=False | checkpoint_dir=saved/recbole_cache/movielens1m_feature_added_session_len10 | dataloaders_save_path=saved/recbole_cache/movielens1m_feature_added_session_len10/movielens1m-for-dataloader.pth
    [DataPrep] cache_hit=memory, create_dataset=0.00s, data_preparation=0.00s, n_items=3534
  -> MRR@20=0.0945  best=0.0953  (early_stop@27, trial=6.8min, avg=9.6min/trial, total=1.11h, ETA=2.07h)

[8/20] learning_rate=0.00581, weight_decay=0
    [Device] CUDA_VISIBLE_DEVICES=0 | torch_device=cuda:0 (NVIDIA RTX A5000)
    [DataCache] save_dataset=True save_dataloaders=False | checkpoint_dir=saved/recbole_cache/movielens1m_feature_added_session_len10 | dataloaders_save_path=saved/recbole_cache/movielens1m_feature_added_session_len10/movielens1m-for-dataloader.pth
    [DataPrep] cache_hit=memory, create_dataset=0.00s, data_preparation=0.00s, n_items=3534
  -> MRR@20=0.0955  best=0.0955  (early_stop@35, trial=8.8min, avg=9.5min/trial, total=1.26h, ETA=1.89h)

[9/20] learning_rate=0.004764, weight_decay=0
    [Device] CUDA_VISIBLE_DEVICES=0 | torch_device=cuda:0 (NVIDIA RTX A5000)
    [DataCache] save_dataset=True save_dataloaders=False | checkpoint_dir=saved/recbole_cache/movielens1m_feature_added_session_len10 | dataloaders_save_path=saved/recbole_cache/movielens1m_feature_added_session_len10/movielens1m-for-dataloader.pth
    [DataPrep] cache_hit=memory, create_dataset=0.00s, data_preparation=0.00s, n_items=3534
  -> MRR@20=0.0957  best=0.0957  (early_stop@31, trial=7.9min, avg=9.3min/trial, total=1.39h, ETA=1.70h)

[10/20] learning_rate=0.001002, weight_decay=0
    [Device] CUDA_VISIBLE_DEVICES=0 | torch_device=cuda:0 (NVIDIA RTX A5000)
    [DataCache] save_dataset=True save_dataloaders=False | checkpoint_dir=saved/recbole_cache/movielens1m_feature_added_session_len10 | dataloaders_save_path=saved/recbole_cache/movielens1m_feature_added_session_len10/movielens1m-for-dataloader.pth
    [DataPrep] cache_hit=memory, create_dataset=0.00s, data_preparation=0.00s, n_items=3534
  -> MRR@20=0.0929  best=0.0957  (early_stop@28, trial=7.1min, avg=9.1min/trial, total=1.51h, ETA=1.51h)

[11/20] learning_rate=0.001001, weight_decay=0
    [Device] CUDA_VISIBLE_DEVICES=0 | torch_device=cuda:0 (NVIDIA RTX A5000)
    [DataCache] save_dataset=True save_dataloaders=False | checkpoint_dir=saved/recbole_cache/movielens1m_feature_added_session_len10 | dataloaders_save_path=saved/recbole_cache/movielens1m_feature_added_session_len10/movielens1m-for-dataloader.pth
    [DataPrep] cache_hit=memory, create_dataset=0.00s, data_preparation=0.00s, n_items=3534
  -> MRR@20=0.0928  best=0.0957  (early_stop@28, trial=7.1min, avg=8.9min/trial, total=1.63h, ETA=1.33h)

[12/20] learning_rate=0.00315, weight_decay=0
    [Device] CUDA_VISIBLE_DEVICES=0 | torch_device=cuda:0 (NVIDIA RTX A5000)
    [DataCache] save_dataset=True save_dataloaders=False | checkpoint_dir=saved/recbole_cache/movielens1m_feature_added_session_len10 | dataloaders_save_path=saved/recbole_cache/movielens1m_feature_added_session_len10/movielens1m-for-dataloader.pth
    [DataPrep] cache_hit=memory, create_dataset=0.00s, data_preparation=0.00s, n_items=3534
  -> MRR@20=0.0911  best=0.0957  (early_stop@26, trial=6.7min, avg=8.7min/trial, total=1.74h, ETA=1.16h)

[13/20] learning_rate=0.00704, weight_decay=5.872e-05
    [Device] CUDA_VISIBLE_DEVICES=0 | torch_device=cuda:0 (NVIDIA RTX A5000)
    [DataCache] save_dataset=True save_dataloaders=False | checkpoint_dir=saved/recbole_cache/movielens1m_feature_added_session_len10 | dataloaders_save_path=saved/recbole_cache/movielens1m_feature_added_session_len10/movielens1m-for-dataloader.pth
    [DataPrep] cache_hit=memory, create_dataset=0.00s, data_preparation=0.00s, n_items=3534
  -> MRR@20=0.0966  best=0.0966  (early_stop@62, trial=15.8min, avg=9.3min/trial, total=2.01h, ETA=1.08h)

[14/20] learning_rate=0.003769, weight_decay=5.22e-05
    [Device] CUDA_VISIBLE_DEVICES=0 | torch_device=cuda:0 (NVIDIA RTX A5000)
    [DataCache] save_dataset=True save_dataloaders=False | checkpoint_dir=saved/recbole_cache/movielens1m_feature_added_session_len10 | dataloaders_save_path=saved/recbole_cache/movielens1m_feature_added_session_len10/movielens1m-for-dataloader.pth
    [DataPrep] cache_hit=memory, create_dataset=0.00s, data_preparation=0.00s, n_items=3534
  -> MRR@20=0.0956  best=0.0966  (early_stop@38, trial=9.6min, avg=9.3min/trial, total=2.16h, ETA=55.7min)

[15/20] learning_rate=0.001093, weight_decay=0
    [Device] CUDA_VISIBLE_DEVICES=0 | torch_device=cuda:0 (NVIDIA RTX A5000)
    [DataCache] save_dataset=True save_dataloaders=False | checkpoint_dir=saved/recbole_cache/movielens1m_feature_added_session_len10 | dataloaders_save_path=saved/recbole_cache/movielens1m_feature_added_session_len10/movielens1m-for-dataloader.pth
    [DataPrep] cache_hit=memory, create_dataset=0.00s, data_preparation=0.00s, n_items=3534
  -> MRR@20=0.0928  best=0.0966  (early_stop@31, trial=7.8min, avg=9.2min/trial, total=2.30h, ETA=45.9min)

[16/20] learning_rate=0.001299, weight_decay=0.0001897
    [Device] CUDA_VISIBLE_DEVICES=0 | torch_device=cuda:0 (NVIDIA RTX A5000)
    [DataCache] save_dataset=True save_dataloaders=False | checkpoint_dir=saved/recbole_cache/movielens1m_feature_added_session_len10 | dataloaders_save_path=saved/recbole_cache/movielens1m_feature_added_session_len10/movielens1m-for-dataloader.pth
    [DataPrep] cache_hit=memory, create_dataset=0.00s, data_preparation=0.00s, n_items=3534
  -> MRR@20=0.0949  best=0.0966  (early_stop@57, trial=14.9min, avg=9.5min/trial, total=2.54h, ETA=38.2min)

[17/20] learning_rate=0.004028, weight_decay=0.0004297
    [Device] CUDA_VISIBLE_DEVICES=0 | torch_device=cuda:0 (NVIDIA RTX A5000)
    [DataCache] save_dataset=True save_dataloaders=False | checkpoint_dir=saved/recbole_cache/movielens1m_feature_added_session_len10 | dataloaders_save_path=saved/recbole_cache/movielens1m_feature_added_session_len10/movielens1m-for-dataloader.pth
    [DataPrep] cache_hit=memory, create_dataset=0.00s, data_preparation=0.00s, n_items=3534
  -> MRR@20=0.0936  best=0.0966  (early_stop@62, trial=15.8min, avg=9.9min/trial, total=2.81h, ETA=29.7min)

[18/20] learning_rate=0.000951, weight_decay=0
    [Device] CUDA_VISIBLE_DEVICES=0 | torch_device=cuda:0 (NVIDIA RTX A5000)
    [DataCache] save_dataset=True save_dataloaders=False | checkpoint_dir=saved/recbole_cache/movielens1m_feature_added_session_len10 | dataloaders_save_path=saved/recbole_cache/movielens1m_feature_added_session_len10/movielens1m-for-dataloader.pth
    [DataPrep] cache_hit=memory, create_dataset=0.00s, data_preparation=0.00s, n_items=3534
  -> MRR@20=0.0928  best=0.0966  (early_stop@28, trial=7.2min, avg=9.8min/trial, total=2.93h, ETA=19.5min)

[19/20] learning_rate=0.001101, weight_decay=0
    [Device] CUDA_VISIBLE_DEVICES=0 | torch_device=cuda:0 (NVIDIA RTX A5000)
    [DataCache] save_dataset=True save_dataloaders=False | checkpoint_dir=saved/recbole_cache/movielens1m_feature_added_session_len10 | dataloaders_save_path=saved/recbole_cache/movielens1m_feature_added_session_len10/movielens1m-for-dataloader.pth
    [DataPrep] cache_hit=memory, create_dataset=0.00s, data_preparation=0.00s, n_items=3534
  -> MRR@20=0.0926  best=0.0966  (early_stop@31, trial=8.0min, avg=9.7min/trial, total=3.06h, ETA=9.7min)

[20/20] learning_rate=0.009254, weight_decay=0
    [Device] CUDA_VISIBLE_DEVICES=0 | torch_device=cuda:0 (NVIDIA RTX A5000)
    [DataCache] save_dataset=True save_dataloaders=False | checkpoint_dir=saved/recbole_cache/movielens1m_feature_added_session_len10 | dataloaders_save_path=saved/recbole_cache/movielens1m_feature_added_session_len10/movielens1m-for-dataloader.pth
    [DataPrep] cache_hit=memory, create_dataset=0.00s, data_preparation=0.00s, n_items=3534
  -> MRR@20=0.0880  best=0.0966  (early_stop@53, trial=14.5min, avg=9.9min/trial, total=3.30h, ETA=0s)

=================================================================
  DONE  |  FeaturedMoE_v2 x movielens1m
  Best MRR@20 = 0.0966  |  20/20 trials OK
  Total time: 198.1 min
  Best params:
    learning_rate: 0.00704024
    weight_decay: 5.87244e-05
  Results -> /workspace/jy1559/FMoE/experiments/run/artifacts/results/fmoe_v2/movielens1m_FeaturedMoE_v2_20260306_170650.json
=================================================================

[RUN_STATUS] END status=normal pid=137123 start=2026-03-06T17:06:50 end=2026-03-06T20:24:54
