[STAGEC_FOCUS_ANCHOR2_CORE5_SETTING_HEADER]
run_phase=P18_SC_D01_M05_P02_FAME_B2_C4_S1 run_id=SC_AMAZON_BEAUTY_FAME_B2_C4_S1 phase_id=P18 axis_id=SC model=FAME profile_id=C4 parent_profile_id=B2 seed=1
dataset=amazon_beauty gpu=6 order=0 lr_band=LR6,LR4 lr_lo=0.0015018666666666667 lr_hi=0.0076032
max_evals=5 tune_epochs=36 tune_patience=5
seed=180057

[COMMAND]
- /venv/FMoE/bin/python hyperopt_tune.py --config-name tune_ab --max-evals 5 --tune-epochs 36 --tune-patience 5 --seed 180057 --run-group baseline --run-axis StageC_Focus_anchor2_core5 --run-phase P18_SC_D01_M05_P02_FAME_B2_C4_S1 model=fame dataset=amazon_beauty eval_mode=session_fixed feature_mode=full_v3 gpu_id=6 log_wandb=false show_progress=false ++special_logging=true ++seed=180057 ++search={learning_rate:[0.0015018666666666667,0.0076032]} ++search_space_type_overrides={learning_rate:"loguniform"} ++MAX_ITEM_LIST_LENGTH=20 ++weight_decay=0.0005099999999999999 ++search.weight_decay=[0.0005099999999999999] ++search_space_type_overrides.weight_decay=choice ++search.hidden_size=[128] ++search_space_type_overrides.hidden_size=choice ++search.embedding_size=[128] ++search_space_type_overrides.embedding_size=choice ++search.n_layers=[1] ++search_space_type_overrides.n_layers=choice ++search.num_layers=[1] ++search_space_type_overrides.num_layers=choice ++search.dropout_ratio=[0.25] ++search_space_type_overrides.dropout_ratio=choice ++search.dropout_prob=[0.25] ++search_space_type_overrides.dropout_prob=choice ++search.hidden_dropout_prob=[0.25] ++search_space_type_overrides.hidden_dropout_prob=choice ++search.attn_dropout_prob=[0.25] ++search_space_type_overrides.attn_dropout_prob=choice ++search.inner_size=[256] ++search_space_type_overrides.inner_size=choice ++search.n_heads=[4] ++search_space_type_overrides.n_heads=choice ++search.num_heads=[4] ++search_space_type_overrides.num_heads=choice ++search.num_experts=[6] ++search_space_type_overrides.num_experts=choice ++dropout_ratio=0.25 ++hidden_size=128 ++embedding_size=128 ++n_layers=1 ++num_layers=1 ++n_heads=4 ++num_heads=4 ++inner_size=256 ++num_experts=6 ++train_batch_size=1536 ++eval_batch_size=2304
/venv/FMoE/lib/python3.10/site-packages/ray/_private/parameter.py:4: UserWarning: pkg_resources is deprecated as an API. See https://setuptools.pypa.io/en/latest/pkg_resources.html. The pkg_resources package is slated for removal as early as 2025-11-30. Refrain from using this package or pin to Setuptools<81.
  import pkg_resources
[RUN_STATUS] START pid=577213 ts=2026-03-30T11:41:02

=================================================================
  Hyperopt TPE  |  FAME x amazon_beauty
  max_evals=5  epochs=36  patience=5  wandb=off
  batch_size(train/valid/test)=1536/2304/2304
  track=baseline  axis=stagec_focus_anchor2_core5  phase=P18_SC_D01_M05_P02_FAME_B2_C4_S1
=================================================================
Changed knobs: MAX_ITEM_LIST_LENGTH, learning_rate
Tuned params(len>1): 2  (~4 discrete combos)
Tuned groups: 2
  [optimization]
    learning_rate                   [0.0015018666666666667, 0.0076032]        -> loguniform
  [other]
    MAX_ITEM_LIST_LENGTH            [5, 10, 30, 50]                           -> choice
Fixed params(singleton/non-list): 13
Fixed groups: 13
  [optimization]
    hidden_dropout_prob             0.25                                    
    weight_decay                    0.0005099999999999999                   
  [model_core]
    attn_dropout_prob               0.25                                    
    dropout_prob                    0.25                                    
    dropout_ratio                   0.25                                    
    embedding_size                  128                                     
    hidden_size                     128                                     
    inner_size                      256                                     
    num_heads                       4                                       
    num_layers                      1                                       
  [other]
    n_heads                         4                                       
    n_layers                        1                                       
    num_experts                     6                                       

[Wandb] disabled for this hyperopt run

[1/5] MAX_ITEM_LIST_LENGTH=50, learning_rate=0.001619
  -> MRR@20=0.000000  best=0.000000  (early_stop@6, trial=7s, avg=9s/trial, total=9s, ETA=36s)
[TRIAL_METRICS] cur_best_mrr20=0.000000 cur_best_hr10=0.000000 cur_test_mrr20=0.008800 cur_test_hr10=0.008800 run_best_mrr20=0.000000 run_best_hr10=0.000000 run_test_mrr20=0.008800 run_test_hr10=0.008800

[2/5] MAX_ITEM_LIST_LENGTH=30, learning_rate=0.003544
  -> MRR@20=0.009900  best=0.009900  (early_stop@12, trial=11s, avg=10s/trial, total=21s, ETA=31s)
[TRIAL_METRICS] cur_best_mrr20=0.009900 cur_best_hr10=0.008800 cur_test_mrr20=0.000000 cur_test_hr10=0.000000 run_best_mrr20=0.009900 run_best_hr10=0.008800 run_test_mrr20=0.000000 run_test_hr10=0.000000

[3/5] MAX_ITEM_LIST_LENGTH=30, learning_rate=0.006995
  -> MRR@20=0.009300  best=0.009900  (early_stop@14, trial=13s, avg=11s/trial, total=34s, ETA=23s)
[TRIAL_METRICS] cur_best_mrr20=0.009300 cur_best_hr10=0.008800 cur_test_mrr20=0.000600 cur_test_hr10=0.000000 run_best_mrr20=0.009900 run_best_hr10=0.008800 run_test_mrr20=0.000000 run_test_hr10=0.000000

[4/5] MAX_ITEM_LIST_LENGTH=5, learning_rate=0.005487
  -> MRR@20=0.010600  best=0.010600  (early_stop@13, trial=11s, avg=11s/trial, total=45s, ETA=11s)
[TRIAL_METRICS] cur_best_mrr20=0.010600 cur_best_hr10=0.017700 cur_test_mrr20=0.003700 cur_test_hr10=0.017500 run_best_mrr20=0.010600 run_best_hr10=0.017700 run_test_mrr20=0.003700 run_test_hr10=0.017500

[5/5] MAX_ITEM_LIST_LENGTH=50, learning_rate=0.002643
  -> MRR@20=0.006200  best=0.010600  (early_stop@16, trial=16s, avg=12s/trial, total=1.0min, ETA=0s)
[TRIAL_METRICS] cur_best_mrr20=0.006200 cur_best_hr10=0.017700 cur_test_mrr20=0.000400 cur_test_hr10=0.000000 run_best_mrr20=0.010600 run_best_hr10=0.017700 run_test_mrr20=0.003700 run_test_hr10=0.017500

=================================================================
  DONE  |  FAME x amazon_beauty
  Best MRR@20 = 0.010600  |  5/5 trials OK
  Best HR@10  = 0.017700
  Test MRR@20 = 0.003700  (best-valid checkpoint)
  Test HR@10  = 0.017500  (best-valid checkpoint)
[RUN_METRICS] best_valid_mrr20=0.010600 best_valid_hr10=0.017700 test_mrr20=0.003700 test_hr10=0.017500
  Total time: 1.0 min
  Best params:
    MAX_ITEM_LIST_LENGTH: 5
    learning_rate: 0.00548734
  Results -> /workspace/jy1559/FMoE/experiments/run/artifacts/results/baseline/amazon_beauty_FAME_p18_sc_d01_m05_p02_fame_b2_c4_s1_20260330_114102_473177_pid577213.json
  Normal mirror -> /workspace/jy1559/FMoE/experiments/run/artifacts/results/baseline/normal/stagec_focus_anchor2_core5/P18/amazon_beauty/FAME/amazon_beauty_FAME_p18_sc_d01_m05_p02_fame_b2_c4_s1_20260330_114102_473177_pid577213.json
  Special result -> /workspace/jy1559/FMoE/experiments/run/artifacts/results/baseline/special/stagec_focus_anchor2_core5/P18/amazon_beauty/FAME/amazon_beauty_FAME_p18_sc_d01_m05_p02_fame_b2_c4_s1_20260330_114102_473177_pid577213_special_metrics.json
  Special log -> /workspace/jy1559/FMoE/experiments/run/artifacts/logs/baseline/special/stagec_focus_anchor2_core5/P18/amazon_beauty/FAME/amazon_beauty_FAME_p18_sc_d01_m05_p02_fame_b2_c4_s1_20260330_114102_473177_pid577213_special_metrics.json
=================================================================

[RUN_STATUS] END status=normal pid=577213 start=2026-03-30T11:41:02 end=2026-03-30T11:42:04
