[STAGEC_FOCUS_ANCHOR2_CORE5_SETTING_HEADER]
run_phase=P18_SC_D01_M04_P02_FAME_B7_C7_S1 run_id=SC_AMAZON_BEAUTY_FAME_B7_C7_S1 phase_id=P18 axis_id=SC model=FAME profile_id=C7 parent_profile_id=B7 seed=1
dataset=amazon_beauty gpu=7 order=0 lr_band=LR6,LR4 lr_lo=0.0011345818362282877 lr_hi=0.01
max_evals=10 tune_epochs=52 tune_patience=8
seed=180062

[COMMAND]
- /venv/FMoE/bin/python hyperopt_tune.py --config-name tune_ab --max-evals 10 --tune-epochs 52 --tune-patience 8 --seed 180062 --run-group baseline --run-axis StageC_Focus_anchor2_core5 --run-phase P18_SC_D01_M04_P02_FAME_B7_C7_S1 model=fame dataset=amazon_beauty eval_mode=session_fixed feature_mode=full_v3 gpu_id=7 log_wandb=false show_progress=false ++special_logging=true ++seed=180062 ++search={learning_rate:[0.0011345818362282877,0.01]} ++search_space_type_overrides={learning_rate:"loguniform"} ++MAX_ITEM_LIST_LENGTH=20 ++weight_decay=9.075000000000001e-05 ++search.weight_decay=[9.075000000000001e-05] ++search_space_type_overrides.weight_decay=choice ++search.hidden_size=[208] ++search_space_type_overrides.hidden_size=choice ++search.embedding_size=[208] ++search_space_type_overrides.embedding_size=choice ++search.n_layers=[1] ++search_space_type_overrides.n_layers=choice ++search.num_layers=[1] ++search_space_type_overrides.num_layers=choice ++search.dropout_ratio=[0.08000000000000002] ++search_space_type_overrides.dropout_ratio=choice ++search.dropout_prob=[0.08000000000000002] ++search_space_type_overrides.dropout_prob=choice ++search.hidden_dropout_prob=[0.08000000000000002] ++search_space_type_overrides.hidden_dropout_prob=choice ++search.attn_dropout_prob=[0.08000000000000002] ++search_space_type_overrides.attn_dropout_prob=choice ++search.inner_size=[832] ++search_space_type_overrides.inner_size=choice ++search.n_heads=[8] ++search_space_type_overrides.n_heads=choice ++search.num_heads=[8] ++search_space_type_overrides.num_heads=choice ++search.num_experts=[5] ++search_space_type_overrides.num_experts=choice ++dropout_ratio=0.08000000000000002 ++hidden_size=208 ++embedding_size=208 ++n_layers=1 ++num_layers=1 ++n_heads=8 ++num_heads=8 ++inner_size=832 ++num_experts=5 ++train_batch_size=1536 ++eval_batch_size=2304
/venv/FMoE/lib/python3.10/site-packages/ray/_private/parameter.py:4: UserWarning: pkg_resources is deprecated as an API. See https://setuptools.pypa.io/en/latest/pkg_resources.html. The pkg_resources package is slated for removal as early as 2025-11-30. Refrain from using this package or pin to Setuptools<81.
  import pkg_resources
[RUN_STATUS] START pid=28408 ts=2026-03-31T14:50:24

=================================================================
  Hyperopt TPE  |  FAME x amazon_beauty
  max_evals=10  epochs=52  patience=8  wandb=off
  batch_size(train/valid/test)=1536/2304/2304
  track=baseline  axis=stagec_focus_anchor2_core5  phase=P18_SC_D01_M04_P02_FAME_B7_C7_S1
=================================================================
Changed knobs: MAX_ITEM_LIST_LENGTH, learning_rate
Tuned params(len>1): 2  (~4 discrete combos)
Tuned groups: 2
  [optimization]
    learning_rate                   [0.0011345818362282877, 0.01]             -> loguniform
  [other]
    MAX_ITEM_LIST_LENGTH            [5, 10, 30, 50]                           -> choice
Fixed params(singleton/non-list): 13
Fixed groups: 13
  [optimization]
    hidden_dropout_prob             0.08000000000000002                     
    weight_decay                    9.075000000000001e-05                   
  [model_core]
    attn_dropout_prob               0.08000000000000002                     
    dropout_prob                    0.08000000000000002                     
    dropout_ratio                   0.08000000000000002                     
    embedding_size                  208                                     
    hidden_size                     208                                     
    inner_size                      832                                     
    num_heads                       8                                       
    num_layers                      1                                       
  [other]
    n_heads                         8                                       
    n_layers                        1                                       
    num_experts                     5                                       

[Wandb] disabled for this hyperopt run

[1/10] MAX_ITEM_LIST_LENGTH=50, learning_rate=0.007246
/venv/FMoE/lib/python3.10/site-packages/torch/cuda/__init__.py:129: UserWarning: CUDA initialization: CUDA unknown error - this may be due to an incorrectly set up environment, e.g. changing env variable CUDA_VISIBLE_DEVICES after program start. Setting the available devices to be zero. (Triggered internally at /pytorch/c10/cuda/CUDAFunctions.cpp:109.)
  return torch._C._cuda_getDeviceCount() > 0
  -> MRR@20=0.020000  best=0.020000  (early_stop@14, trial=8.4min, avg=8.4min/trial, total=8.4min, ETA=1.26h)
[TRIAL_METRICS] cur_best_mrr20=0.020000 cur_best_hr10=0.026500 cur_test_mrr20=0.000500 cur_test_hr10=0.000000 run_best_mrr20=0.020000 run_best_hr10=0.026500 run_test_mrr20=0.000500 run_test_hr10=0.000000

[2/10] MAX_ITEM_LIST_LENGTH=10, learning_rate=0.008188
  -> MRR@20=0.008800  best=0.020000  (early_stop@9, trial=1.1min, avg=4.8min/trial, total=9.5min, ETA=38.1min)
[TRIAL_METRICS] cur_best_mrr20=0.008800 cur_best_hr10=0.008800 cur_test_mrr20=0.000000 cur_test_hr10=0.000000 run_best_mrr20=0.020000 run_best_hr10=0.026500 run_test_mrr20=0.000500 run_test_hr10=0.000000

[3/10] MAX_ITEM_LIST_LENGTH=50, learning_rate=0.002651
  -> MRR@20=0.013700  best=0.020000  (early_stop@18, trial=11.0min, avg=6.9min/trial, total=20.6min, ETA=48.0min)
[TRIAL_METRICS] cur_best_mrr20=0.013700 cur_best_hr10=0.017700 cur_test_mrr20=0.001300 cur_test_hr10=0.008800 run_best_mrr20=0.020000 run_best_hr10=0.026500 run_test_mrr20=0.000500 run_test_hr10=0.000000

[4/10] MAX_ITEM_LIST_LENGTH=50, learning_rate=0.001417
  -> MRR@20=0.004400  best=0.020000  (early_stop@9, trial=5.3min, avg=6.5min/trial, total=25.9min, ETA=38.8min)
[TRIAL_METRICS] cur_best_mrr20=0.004400 cur_best_hr10=0.008800 cur_test_mrr20=0.000000 cur_test_hr10=0.000000 run_best_mrr20=0.020000 run_best_hr10=0.026500 run_test_mrr20=0.000500 run_test_hr10=0.000000

[5/10] MAX_ITEM_LIST_LENGTH=30, learning_rate=0.007548
  -> MRR@20=0.004900  best=0.020000  (early_stop@22, trial=5.2min, avg=6.2min/trial, total=31.1min, ETA=31.1min)
[TRIAL_METRICS] cur_best_mrr20=0.004900 cur_best_hr10=0.008800 cur_test_mrr20=0.000700 cur_test_hr10=0.000000 run_best_mrr20=0.020000 run_best_hr10=0.026500 run_test_mrr20=0.000500 run_test_hr10=0.000000

[6/10] MAX_ITEM_LIST_LENGTH=30, learning_rate=0.002254
  -> MRR@20=0.010600  best=0.020000  (early_stop@36, trial=8.6min, avg=6.6min/trial, total=39.7min, ETA=26.5min)
[TRIAL_METRICS] cur_best_mrr20=0.010600 cur_best_hr10=0.017700 cur_test_mrr20=0.000000 cur_test_hr10=0.000000 run_best_mrr20=0.020000 run_best_hr10=0.026500 run_test_mrr20=0.000500 run_test_hr10=0.000000

[7/10] MAX_ITEM_LIST_LENGTH=5, learning_rate=0.008511
  -> MRR@20=0.008800  best=0.020000  (early_stop@11, trial=55s, avg=5.8min/trial, total=40.6min, ETA=17.4min)
[TRIAL_METRICS] cur_best_mrr20=0.008800 cur_best_hr10=0.008800 cur_test_mrr20=0.000000 cur_test_hr10=0.000000 run_best_mrr20=0.020000 run_best_hr10=0.026500 run_test_mrr20=0.000500 run_test_hr10=0.000000

[8/10] MAX_ITEM_LIST_LENGTH=5, learning_rate=0.006488
  -> MRR@20=0.011200  best=0.020000  (early_stop@14, trial=1.0min, avg=5.2min/trial, total=41.6min, ETA=10.4min)
[TRIAL_METRICS] cur_best_mrr20=0.011200 cur_best_hr10=0.017700 cur_test_mrr20=0.000900 cur_test_hr10=0.008800 run_best_mrr20=0.020000 run_best_hr10=0.026500 run_test_mrr20=0.000500 run_test_hr10=0.000000

[9/10] MAX_ITEM_LIST_LENGTH=30, learning_rate=0.001504
  -> MRR@20=0.004400  best=0.020000  (early_stop@20, trial=4.9min, avg=5.2min/trial, total=46.5min, ETA=5.2min)
[TRIAL_METRICS] cur_best_mrr20=0.004400 cur_best_hr10=0.008800 cur_test_mrr20=0.000000 cur_test_hr10=0.000000 run_best_mrr20=0.020000 run_best_hr10=0.026500 run_test_mrr20=0.000500 run_test_hr10=0.000000

[10/10] MAX_ITEM_LIST_LENGTH=50, learning_rate=0.002246
  -> MRR@20=0.013700  best=0.020000  (early_stop@22, trial=11.1min, avg=5.8min/trial, total=57.6min, ETA=0s)
[TRIAL_METRICS] cur_best_mrr20=0.013700 cur_best_hr10=0.017700 cur_test_mrr20=0.000500 cur_test_hr10=0.000000 run_best_mrr20=0.020000 run_best_hr10=0.026500 run_test_mrr20=0.000500 run_test_hr10=0.000000

=================================================================
  DONE  |  FAME x amazon_beauty
  Best MRR@20 = 0.020000  |  10/10 trials OK
  Best HR@10  = 0.026500
  Test MRR@20 = 0.000500  (best-valid checkpoint)
  Test HR@10  = 0.000000  (best-valid checkpoint)
[RUN_METRICS] best_valid_mrr20=0.020000 best_valid_hr10=0.026500 test_mrr20=0.000500 test_hr10=0.000000
  Total time: 57.6 min
  Best params:
    MAX_ITEM_LIST_LENGTH: 50
    learning_rate: 0.0072463
  Results -> /workspace/jy1559/FMoE/experiments/run/artifacts/results/baseline/amazon_beauty_FAME_p18_sc_d01_m04_p02_fame_b7_c7_s1_20260331_145024_699580_pid28408.json
  Normal mirror -> /workspace/jy1559/FMoE/experiments/run/artifacts/results/baseline/normal/stagec_focus_anchor2_core5/P18/amazon_beauty/FAME/amazon_beauty_FAME_p18_sc_d01_m04_p02_fame_b7_c7_s1_20260331_145024_699580_pid28408.json
  Special result -> /workspace/jy1559/FMoE/experiments/run/artifacts/results/baseline/special/stagec_focus_anchor2_core5/P18/amazon_beauty/FAME/amazon_beauty_FAME_p18_sc_d01_m04_p02_fame_b7_c7_s1_20260331_145024_699580_pid28408_special_metrics.json
  Special log -> /workspace/jy1559/FMoE/experiments/run/artifacts/logs/baseline/special/stagec_focus_anchor2_core5/P18/amazon_beauty/FAME/amazon_beauty_FAME_p18_sc_d01_m04_p02_fame_b7_c7_s1_20260331_145024_699580_pid28408_special_metrics.json
=================================================================

[RUN_STATUS] END status=normal pid=28408 start=2026-03-31T14:50:24 end=2026-03-31T15:48:01
