# pair=P033 dataset=foursquare model=tisasrec combo=C1 seed=1
# cmd=/venv/FMoE/bin/python hyperopt_tune.py --config-name tune_fs --max-evals 6 --tune-epochs 70 --tune-patience 6 --search-algo random --seed 65 --run-group baseline_2 --run-axis PAIR60_V4 --run-phase PAIR60_V4_DFOURSQUARE_MTISASREC_P033_C1_S1 model=tisasrec dataset=foursquare eval_mode=session_fixed feature_mode=full_v4 gpu_id=4 log_wandb=false show_progress=false ++seed=65 ++MAX_ITEM_LIST_LENGTH=20 ++eval_sampling.mode=full ++eval_sampling.auto_full_threshold=999999999 ++special_logging=true ++exclude_unseen_target_from_main_eval=true ++log_unseen_target_metrics=true ++hidden_size=128 ++embedding_size=128 ++n_layers=2 ++num_layers=2 ++n_heads=2 ++num_heads=2 ++inner_size=256 ++dropout_ratio=0.2 ++hidden_dropout_prob=0.2 ++attn_dropout_prob=0.2 ++weight_decay=0.0001 ++time_span=256 ++search={learning_rate:[0.00020264994448555864,0.0008511297668393464]} ++search_space_type_overrides={learning_rate:"loguniform"} ++search.MAX_ITEM_LIST_LENGTH=[20] ++search_space_type_overrides.MAX_ITEM_LIST_LENGTH=choice ++search.weight_decay=[0.0001] ++search_space_type_overrides.weight_decay=choice ++search.hidden_size=[128] ++search_space_type_overrides.hidden_size=choice ++search.embedding_size=[128] ++search_space_type_overrides.embedding_size=choice ++search.n_layers=[2] ++search_space_type_overrides.n_layers=choice ++search.num_layers=[2] ++search_space_type_overrides.num_layers=choice ++search.n_heads=[2] ++search_space_type_overrides.n_heads=choice ++search.num_heads=[2] ++search_space_type_overrides.num_heads=choice ++search.inner_size=[256] ++search_space_type_overrides.inner_size=choice ++search.dropout_ratio=[0.2] ++search_space_type_overrides.dropout_ratio=choice ++search.hidden_dropout_prob=[0.2] ++search_space_type_overrides.hidden_dropout_prob=choice ++search.attn_dropout_prob=[0.2] ++search_space_type_overrides.attn_dropout_prob=choice ++search.time_span=[256] ++search_space_type_overrides.time_span=choice

/venv/FMoE/lib/python3.10/site-packages/ray/_private/parameter.py:4: UserWarning: pkg_resources is deprecated as an API. See https://setuptools.pypa.io/en/latest/pkg_resources.html. The pkg_resources package is slated for removal as early as 2025-11-30. Refrain from using this package or pin to Setuptools<81.
  import pkg_resources
[RUN_STATUS] START pid=1161855 ts=2026-04-15T07:21:49

=================================================================
  Hyperopt  |  TiSASRec x foursquare
  max_evals=6  epochs=70  patience=6  wandb=off
  search_algo=random
  batch_size(train/valid/test)=4096/4096/4096
  track=baseline_2  axis=pair60_v4  phase=PAIR60_V4_DFOURSQUARE_MTISASREC_P033_C1_S1
=================================================================
Changed knobs: learning_rate
Tuned params(len>1): 1  (~1 discrete combos)
Tuned groups: 1
  [optimization]
    learning_rate                   [0.00020264994448555864, 0.0008511297668393464]  -> loguniform
Fixed params(singleton/non-list): 13
Fixed groups: 13
  [optimization]
    hidden_dropout_prob             0.2                                     
    weight_decay                    0.0001                                  
  [model_core]
    attn_dropout_prob               0.2                                     
    dropout_ratio                   0.2                                     
    embedding_size                  128                                     
    hidden_size                     128                                     
    inner_size                      256                                     
    num_heads                       2                                       
    num_layers                      2                                       
  [other]
    MAX_ITEM_LIST_LENGTH            20                                      
    n_heads                         2                                       
    n_layers                        2                                       
    time_span                       256                                     

[Wandb] disabled for this hyperopt run

[1/6] learning_rate=0.0002469
  -> MRR@20=0.199800  best=0.199800  (full@70, trial=4.2min, avg=4.2min/trial, total=4.2min, ETA=21.2min)
[TRIAL_METRICS] cur_best_mrr20=0.199800 cur_best_hr10=0.355000 cur_test_mrr20=0.160400 cur_test_hr10=0.306600 run_best_mrr20=0.199800 run_best_hr10=0.355000 run_test_mrr20=0.160400 run_test_hr10=0.306600

[2/6] learning_rate=0.0002222
  -> MRR@20=0.198100  best=0.199800  (full@70, trial=4.2min, avg=4.2min/trial, total=8.4min, ETA=16.8min)
[TRIAL_METRICS] cur_best_mrr20=0.198100 cur_best_hr10=0.354300 cur_test_mrr20=0.159500 cur_test_hr10=0.303000 run_best_mrr20=0.199800 run_best_hr10=0.355000 run_test_mrr20=0.160400 run_test_hr10=0.306600

[3/6] learning_rate=0.0005864
  -> MRR@20=0.199400  best=0.199800  (early_stop@40, trial=2.4min, avg=3.6min/trial, total=10.8min, ETA=10.8min)
[TRIAL_METRICS] cur_best_mrr20=0.199400 cur_best_hr10=0.350500 cur_test_mrr20=0.158700 cur_test_hr10=0.311800 run_best_mrr20=0.199800 run_best_hr10=0.355000 run_test_mrr20=0.160400 run_test_hr10=0.306600

[4/6] learning_rate=0.0003003
  -> MRR@20=0.200100  best=0.200100  (early_stop@58, trial=3.5min, avg=3.6min/trial, total=14.3min, ETA=7.1min)
[TRIAL_METRICS] cur_best_mrr20=0.200100 cur_best_hr10=0.353500 cur_test_mrr20=0.159200 cur_test_hr10=0.306200 run_best_mrr20=0.200100 run_best_hr10=0.353500 run_test_mrr20=0.159200 run_test_hr10=0.306200

[5/6] learning_rate=0.0002076
  -> MRR@20=0.197100  best=0.200100  (full@70, trial=4.2min, avg=3.7min/trial, total=18.4min, ETA=3.7min)
[TRIAL_METRICS] cur_best_mrr20=0.197100 cur_best_hr10=0.355400 cur_test_mrr20=0.157500 cur_test_hr10=0.301800 run_best_mrr20=0.200100 run_best_hr10=0.353500 run_test_mrr20=0.159200 run_test_hr10=0.306200

[6/6] learning_rate=0.0002575
  -> MRR@20=0.198800  best=0.200100  (early_stop@66, trial=3.9min, avg=3.7min/trial, total=22.4min, ETA=0s)
[TRIAL_METRICS] cur_best_mrr20=0.198800 cur_best_hr10=0.352000 cur_test_mrr20=0.160300 cur_test_hr10=0.305400 run_best_mrr20=0.200100 run_best_hr10=0.353500 run_test_mrr20=0.159200 run_test_hr10=0.306200

=================================================================
  DONE  |  TiSASRec x foursquare
  Best MRR@20 = 0.200100  |  6/6 trials OK
  Best HR@10  = 0.353500
  Test MRR@20 = 0.159200  (best-valid checkpoint)
  Test HR@10  = 0.306200  (best-valid checkpoint)
[RUN_METRICS] best_valid_mrr20=0.200100 best_valid_hr10=0.353500 test_mrr20=0.159200 test_hr10=0.306200
  Total time: 22.4 min
  Best params:
    learning_rate: 0.000300309
  Results -> /workspace/FeaturedMoE/experiments/run/artifacts/results/baseline_2/foursquare_TiSASRec_pair60_v4_dfoursquare_mtisasrec_p033_c1_s1_20260415_072150_051020_pid1161855.json
  Normal mirror -> /workspace/FeaturedMoE/experiments/run/artifacts/results/baseline_2/normal/pair60_v4/PAIR60/foursquare/TiSASRec/foursquare_TiSASRec_pair60_v4_dfoursquare_mtisasrec_p033_c1_s1_20260415_072150_051020_pid1161855.json
  Special result -> /workspace/FeaturedMoE/experiments/run/artifacts/results/baseline_2/special/pair60_v4/PAIR60/foursquare/TiSASRec/foursquare_TiSASRec_pair60_v4_dfoursquare_mtisasrec_p033_c1_s1_20260415_072150_051020_pid1161855_special_metrics.json
  Special log -> /workspace/FeaturedMoE/experiments/run/artifacts/logs/baseline_2/special/pair60_v4/PAIR60/foursquare/TiSASRec/foursquare_TiSASRec_pair60_v4_dfoursquare_mtisasrec_p033_c1_s1_20260415_072150_051020_pid1161855_special_metrics.json
=================================================================

[RUN_STATUS] END status=normal pid=1161855 start=2026-04-15T07:21:49 end=2026-04-15T07:44:12
