[FINAL_ALL_DATASETS_SETTING_HEADER]
run_phase=P14_FAD_A3_AMAZON_BEAUTY_H2_S2 exp_brief=A3_NO_CATEGORY phase_id=P14 axis_id=FAD setting_id=A3_NO_CATEGORY_H2_S2 hparam_id=H2 seed=2
desc=A3_NO_CATEGORY_H2_S2
dataset=amazon_beauty gpu=3 order=66
max_evals=20 tune_epochs=100 tune_patience=10
seed=91003

[COMMAND]
- /venv/FMoE/bin/python hyperopt_tune.py --config-name config --max-evals 20 --tune-epochs 100 --tune-patience 10 --seed 91003 --run-group fmoe_n3 --run-axis Final_all_datasets --run-phase P14_FAD_A3_AMAZON_BEAUTY_H2_S2 model=featured_moe_n3_tune dataset=amazon_beauty eval_mode=session_fixed feature_mode=full_v3 gpu_id=3 log_wandb=false enable_tf32=true fmoe_debug_logging=false fmoe_diag_logging=true fmoe_special_logging=true fmoe_feature_ablation_logging=false fmoe_eval_logging_timing=final_only ++fmoe_logging_output_root="run/artifacts/logging" ++fmoe_logging_layout="axis_dataset_arch_hparam" ++fmoe_architecture_id="A3" ++fmoe_architecture_key="A3_NO_CATEGORY" ++fmoe_hparam_id="H2" ++fmoe_phase="P14" MAX_ITEM_LIST_LENGTH=20 train_batch_size=4096 eval_batch_size=4096 embedding_size=160 num_heads=4 attn_dropout_prob=0.1 d_ff=320 d_feat_emb=16 d_expert_hidden=160 d_router_hidden=80 expert_scale=3 ++search.learning_rate=[0.00015,0.008] ++search.weight_decay=[5e-07] ++search.hidden_dropout_prob=[0.12] ++search.lr_scheduler_type=["warmup_cosine"] ++search_space_type_overrides.learning_rate=loguniform ++search_space_type_overrides.weight_decay=choice ++search_space_type_overrides.hidden_dropout_prob=choice ++search_space_type_overrides.lr_scheduler_type=choice ++phase_run_type="final" ++phase_axis_id="FAD" ++phase_axis_desc="final_all_datasets" ++phase_setting_id="A3_NO_CATEGORY_H2_S2" ++phase_setting_key="A3_NO_CATEGORY" ++phase_hparam_id="H2" ++phase_seed_id=2 ++phase_run_id="FAD_A3_AMAZON_BEAUTY_H2_S2" ++layer_layout=["macro","mid","micro"] ++stage_compute_mode={macro:"moe",mid:"moe",micro:"moe"} ++stage_router_mode={macro:"learned",mid:"learned",micro:"learned"} ++stage_router_source={macro:"both",mid:"both",micro:"both"} ++stage_feature_injection={macro:"none",mid:"none",micro:"none"} ++topk_scope_mode="global_flat" ++moe_top_k=0 ++balance_loss_lambda=0.0 ++z_loss_lambda=0.0002 ++gate_entropy_lambda=0.0 ++route_smoothness_lambda=0.0 ++route_consistency_lambda=0.0008 ++route_sharpness_lambda=0.0 ++route_monopoly_lambda=0.0 ++route_monopoly_tau=0.25 ++route_prior_lambda=0.0 ++group_prior_align_lambda=0.0 ++factored_group_balance_lambda=0.0 ++rule_agreement_lambda=0.0 ++group_coverage_lambda=0.0 ++feature_group_bias_lambda=0.05 ++rule_bias_scale=0.1 ++primitive_balance_lambda=0.0 ++wrapper_group_feature_align_lambda=0.0 ++stage_router_primitives={macro:{a_joint:{source:"feature",temperature:1.0,top_k:0},b_group:{source:"feature",temperature:1.0,top_k:0},c_shared:{source:"feature",temperature:1.0,top_k:0},d_cond:{source:"feature",temperature:1.0,top_k:0},e_scalar:{source:"feature",temperature:1.0,top_k:0},wrapper:{alpha_d:1.0,alpha_struct:1.0,alpha_a:1.0}},mid:{a_joint:{source:"feature",temperature:1.0,top_k:0},b_group:{source:"feature",temperature:1.0,top_k:0},c_shared:{source:"feature",temperature:1.0,top_k:0},d_cond:{source:"feature",temperature:1.0,top_k:0},e_scalar:{source:"feature",temperature:1.0,top_k:0},wrapper:{alpha_d:1.0,alpha_struct:1.0,alpha_a:1.0}},micro:{a_joint:{source:"feature",temperature:1.0,top_k:0},b_group:{source:"feature",temperature:1.0,top_k:0},c_shared:{source:"feature",temperature:1.0,top_k:0},d_cond:{source:"feature",temperature:1.0,top_k:0},e_scalar:{source:"feature",temperature:1.0,top_k:0},wrapper:{alpha_d:1.0,alpha_struct:1.0,alpha_a:1.0}}} ++stage_router_wrapper={macro:"w4_bxd",mid:"w6_bxd_plus_a",micro:"w1_flat"} ++macro_history_window=5 ++stage_router_granularity={macro:"session",mid:"session",micro:"token"} ++stage_family_dropout_prob={macro:0.1,mid:0.1,micro:0.1} ++stage_feature_dropout_prob={macro:0.0,mid:0.0,micro:0.0} ++stage_feature_dropout_scope={macro:"token",mid:"token",micro:"token"} ++route_consistency_pairs=1 ++route_consistency_min_sim=0.995 ++stage_feature_drop_keywords=["cat","theme"]
/venv/FMoE/lib/python3.10/site-packages/ray/_private/parameter.py:4: UserWarning: pkg_resources is deprecated as an API. See https://setuptools.pypa.io/en/latest/pkg_resources.html. The pkg_resources package is slated for removal as early as 2025-11-30. Refrain from using this package or pin to Setuptools<81.
  import pkg_resources
[RUN_STATUS] START pid=80112 ts=2026-04-03T13:11:02

=================================================================
  Hyperopt TPE  |  FeaturedMoE_N3 x amazon_beauty
  max_evals=20  epochs=100  patience=10  wandb=off
  batch_size(train/valid/test)=4096/4096/4096
  track=fmoe_n3  axis=final_all_datasets  phase=P14_FAD_A3_AMAZON_BEAUTY_H2_S2
=================================================================
Changed knobs: learning_rate
Tuned params(len>1): 1  (~1 discrete combos)
Tuned groups: 1
  [optimization]
    learning_rate                   [0.00015, 0.008]                          -> loguniform
Fixed params(singleton/non-list): 3
Fixed groups: 3
  [optimization]
    hidden_dropout_prob             0.12                                    
    weight_decay                    5e-07                                   
  [other]
    lr_scheduler_type               warmup_cosine                           

[Wandb] disabled for this hyperopt run

[1/20] learning_rate=0.0001998
  -> MRR@20=0.087000  best=0.087000  (early_stop@11, trial=6s, avg=8s/trial, total=8s, ETA=2.5min)
[TRIAL_METRICS] cur_best_mrr20=0.087000 cur_best_hr10=0.097300 cur_test_mrr20=0.055100 cur_test_hr10=0.061400 run_best_mrr20=0.087000 run_best_hr10=0.097300 run_test_mrr20=0.055100 run_test_hr10=0.061400

[2/20] learning_rate=0.001366
  -> MRR@20=0.100400  best=0.100400  (early_stop@26, trial=12s, avg=10s/trial, total=20s, ETA=3.0min)
[TRIAL_METRICS] cur_best_mrr20=0.100400 cur_best_hr10=0.141600 cur_test_mrr20=0.067300 cur_test_hr10=0.105300 run_best_mrr20=0.100400 run_best_hr10=0.141600 run_test_mrr20=0.067300 run_test_hr10=0.105300

[3/20] learning_rate=0.006567
  -> MRR@20=0.047700  best=0.100400  (early_stop@23, trial=10s, avg=10s/trial, total=31s, ETA=2.9min)
[TRIAL_METRICS] cur_best_mrr20=0.047700 cur_best_hr10=0.053100 cur_test_mrr20=0.005800 cur_test_hr10=0.017500 run_best_mrr20=0.100400 run_best_hr10=0.141600 run_test_mrr20=0.067300 run_test_hr10=0.105300

[4/20] learning_rate=0.004024
  -> MRR@20=0.077000  best=0.100400  (early_stop@13, trial=6s, avg=9s/trial, total=37s, ETA=2.5min)
[TRIAL_METRICS] cur_best_mrr20=0.077000 cur_best_hr10=0.097300 cur_test_mrr20=0.042200 cur_test_hr10=0.070200 run_best_mrr20=0.100400 run_best_hr10=0.141600 run_test_mrr20=0.067300 run_test_hr10=0.105300

[5/20] learning_rate=0.005096
  -> MRR@20=0.047600  best=0.100400  (early_stop@12, trial=5s, avg=9s/trial, total=43s, ETA=2.1min)
[TRIAL_METRICS] cur_best_mrr20=0.047600 cur_best_hr10=0.070800 cur_test_mrr20=0.029500 cur_test_hr10=0.052600 run_best_mrr20=0.100400 run_best_hr10=0.141600 run_test_mrr20=0.067300 run_test_hr10=0.105300

[6/20] learning_rate=0.001331
  -> MRR@20=0.100800  best=0.100800  (early_stop@27, trial=12s, avg=9s/trial, total=55s, ETA=2.1min)
[TRIAL_METRICS] cur_best_mrr20=0.100800 cur_best_hr10=0.141600 cur_test_mrr20=0.073800 cur_test_hr10=0.105300 run_best_mrr20=0.100800 run_best_hr10=0.141600 run_test_mrr20=0.073800 run_test_hr10=0.105300

[7/20] learning_rate=0.0002202
  -> MRR@20=0.087000  best=0.100800  (early_stop@11, trial=5s, avg=9s/trial, total=1.0min, ETA=1.9min)
[TRIAL_METRICS] cur_best_mrr20=0.087000 cur_best_hr10=0.097300 cur_test_mrr20=0.050700 cur_test_hr10=0.061400 run_best_mrr20=0.100800 run_best_hr10=0.141600 run_test_mrr20=0.073800 run_test_hr10=0.105300

[8/20] learning_rate=0.0005565
  -> MRR@20=0.099600  best=0.100800  (early_stop@23, trial=10s, avg=9s/trial, total=1.2min, ETA=1.8min)
[TRIAL_METRICS] cur_best_mrr20=0.099600 cur_best_hr10=0.106200 cur_test_mrr20=0.057200 cur_test_hr10=0.070200 run_best_mrr20=0.100800 run_best_hr10=0.141600 run_test_mrr20=0.073800 run_test_hr10=0.105300

[9/20] learning_rate=0.0002555
  -> MRR@20=0.087000  best=0.100800  (early_stop@11, trial=5s, avg=8s/trial, total=1.3min, ETA=1.5min)
[TRIAL_METRICS] cur_best_mrr20=0.087000 cur_best_hr10=0.097300 cur_test_mrr20=0.050400 cur_test_hr10=0.061400 run_best_mrr20=0.100800 run_best_hr10=0.141600 run_test_mrr20=0.073800 run_test_hr10=0.105300

[10/20] learning_rate=0.0002584
  -> MRR@20=0.087000  best=0.100800  (early_stop@11, trial=5s, avg=8s/trial, total=1.3min, ETA=1.3min)
[TRIAL_METRICS] cur_best_mrr20=0.087000 cur_best_hr10=0.097300 cur_test_mrr20=0.050400 cur_test_hr10=0.061400 run_best_mrr20=0.100800 run_best_hr10=0.141600 run_test_mrr20=0.073800 run_test_hr10=0.105300

[11/20] learning_rate=0.001272
  -> MRR@20=0.100000  best=0.100800  (early_stop@27, trial=12s, avg=8s/trial, total=1.5min, ETA=1.3min)
[TRIAL_METRICS] cur_best_mrr20=0.100000 cur_best_hr10=0.141600 cur_test_mrr20=0.069700 cur_test_hr10=0.105300 run_best_mrr20=0.100800 run_best_hr10=0.141600 run_test_mrr20=0.073800 run_test_hr10=0.105300

[12/20] learning_rate=0.001306
  -> MRR@20=0.100500  best=0.100800  (early_stop@27, trial=12s, avg=9s/trial, total=1.7min, ETA=1.2min)
[TRIAL_METRICS] cur_best_mrr20=0.100500 cur_best_hr10=0.141600 cur_test_mrr20=0.072200 cur_test_hr10=0.105300 run_best_mrr20=0.100800 run_best_hr10=0.141600 run_test_mrr20=0.073800 run_test_hr10=0.105300

[13/20] learning_rate=0.003053
  -> MRR@20=0.089200  best=0.100800  (early_stop@17, trial=8s, avg=9s/trial, total=1.9min, ETA=1.0min)
[TRIAL_METRICS] cur_best_mrr20=0.089200 cur_best_hr10=0.123900 cur_test_mrr20=0.057600 cur_test_hr10=0.078900 run_best_mrr20=0.100800 run_best_hr10=0.141600 run_test_mrr20=0.073800 run_test_hr10=0.105300

[14/20] learning_rate=0.003959
  -> MRR@20=0.077400  best=0.100800  (early_stop@13, trial=6s, avg=9s/trial, total=2.0min, ETA=51s)
[TRIAL_METRICS] cur_best_mrr20=0.077400 cur_best_hr10=0.097300 cur_test_mrr20=0.042300 cur_test_hr10=0.070200 run_best_mrr20=0.100800 run_best_hr10=0.141600 run_test_mrr20=0.073800 run_test_hr10=0.105300

[15/20] learning_rate=0.0003162
  -> MRR@20=0.087000  best=0.100800  (early_stop@11, trial=5s, avg=8s/trial, total=2.1min, ETA=42s)
[TRIAL_METRICS] cur_best_mrr20=0.087000 cur_best_hr10=0.097300 cur_test_mrr20=0.050500 cur_test_hr10=0.061400 run_best_mrr20=0.100800 run_best_hr10=0.141600 run_test_mrr20=0.073800 run_test_hr10=0.105300

[16/20] learning_rate=0.002098
  -> MRR@20=0.100300  best=0.100800  (early_stop@21, trial=10s, avg=8s/trial, total=2.2min, ETA=34s)
[TRIAL_METRICS] cur_best_mrr20=0.100300 cur_best_hr10=0.132700 cur_test_mrr20=0.071800 cur_test_hr10=0.105300 run_best_mrr20=0.100800 run_best_hr10=0.141600 run_test_mrr20=0.073800 run_test_hr10=0.105300

[17/20] learning_rate=0.002031
  -> MRR@20=0.099200  best=0.100800  (early_stop@21, trial=10s, avg=9s/trial, total=2.4min, ETA=26s)
[TRIAL_METRICS] cur_best_mrr20=0.099200 cur_best_hr10=0.132700 cur_test_mrr20=0.070400 cur_test_hr10=0.105300 run_best_mrr20=0.100800 run_best_hr10=0.141600 run_test_mrr20=0.073800 run_test_hr10=0.105300

[18/20] learning_rate=0.0002325
  -> MRR@20=0.087000  best=0.100800  (early_stop@11, trial=5s, avg=8s/trial, total=2.5min, ETA=17s)
[TRIAL_METRICS] cur_best_mrr20=0.087000 cur_best_hr10=0.097300 cur_test_mrr20=0.050700 cur_test_hr10=0.061400 run_best_mrr20=0.100800 run_best_hr10=0.141600 run_test_mrr20=0.073800 run_test_hr10=0.105300

[19/20] learning_rate=0.003794
  -> MRR@20=0.082700  best=0.100800  (early_stop@17, trial=8s, avg=8s/trial, total=2.6min, ETA=8s)
[TRIAL_METRICS] cur_best_mrr20=0.082700 cur_best_hr10=0.132700 cur_test_mrr20=0.053200 cur_test_hr10=0.087700 run_best_mrr20=0.100800 run_best_hr10=0.141600 run_test_mrr20=0.073800 run_test_hr10=0.105300

[20/20] learning_rate=0.003441
  -> MRR@20=0.086600  best=0.100800  (early_stop@14, trial=6s, avg=8s/trial, total=2.8min, ETA=0s)
[TRIAL_METRICS] cur_best_mrr20=0.086600 cur_best_hr10=0.106200 cur_test_mrr20=0.050900 cur_test_hr10=0.061400 run_best_mrr20=0.100800 run_best_hr10=0.141600 run_test_mrr20=0.073800 run_test_hr10=0.105300
[1;35mEvaluate   [0m:   0%|                                                            | 0/1 [00:00<?, ?it/s][0m[1;35mEvaluate   [0m:   0%|                                   | 0/1 [00:00<?, ?it/s, [1;33mGPU RAM: 8.39 G/23.56 G[0m][0m                                                                                                    [1;35mEvaluate   [0m:   0%|                                                            | 0/1 [00:00<?, ?it/s][0m[1;35mEvaluate   [0m:   0%|                                   | 0/1 [00:00<?, ?it/s, [1;33mGPU RAM: 8.39 G/23.56 G[0m][0m                                                                                                    [1;35mEvaluate   [0m:   0%|                                                            | 0/1 [00:00<?, ?it/s][0m[1;35mEvaluate   [0m:   0%|                                   | 0/1 [00:00<?, ?it/s, [1;33mGPU RAM: 8.39 G/23.56 G[0m][0m                                                                                                    
=================================================================
  DONE  |  FeaturedMoE_N3 x amazon_beauty
  Best MRR@20 = 0.100800  |  20/20 trials OK
  Best HR@10  = 0.141600
  Test MRR@20 = 0.073800  (best-valid checkpoint)
  Test HR@10  = 0.105300  (best-valid checkpoint)
[RUN_METRICS] best_valid_mrr20=0.100800 best_valid_hr10=0.141600 test_mrr20=0.073800 test_hr10=0.105300
  Total time: 2.8 min
  Best params:
    learning_rate: 0.001331
  Results -> /workspace/jy1559/FMoE/experiments/run/artifacts/results/fmoe_n3/amazon_beauty_FeaturedMoE_N3_p14_fad_a3_amazon_beauty_h2_s2_20260403_131102_720804_pid80112.json
  Normal mirror -> /workspace/jy1559/FMoE/experiments/run/artifacts/results/fmoe_n3/normal/final_all_datasets/P14/amazon_beauty/FMoEN3/amazon_beauty_FeaturedMoE_N3_p14_fad_a3_amazon_beauty_h2_s2_20260403_131102_720804_pid80112.json
  Special result -> /workspace/jy1559/FMoE/experiments/run/artifacts/results/fmoe_n3/special/final_all_datasets/P14/amazon_beauty/FMoEN3/amazon_beauty_FeaturedMoE_N3_p14_fad_a3_amazon_beauty_h2_s2_20260403_131102_720804_pid80112_special_metrics.json
  Special log -> /workspace/jy1559/FMoE/experiments/run/artifacts/logs/fmoe_n3/special/final_all_datasets/P14/amazon_beauty/FMoEN3/amazon_beauty_FeaturedMoE_N3_p14_fad_a3_amazon_beauty_h2_s2_20260403_131102_720804_pid80112_special_metrics.json
=================================================================

[RUN_STATUS] END status=normal pid=80112 start=2026-04-03T13:11:02 end=2026-04-03T13:13:48
