[FINAL_ALL_DATASETS_SETTING_HEADER]
run_phase=P14_FAD_D01_M07_FEAREC_H2_S1 run_id=FAD_LASTFM0_03_FEAREC_H2_S1 phase_id=P14 axis_id=FAD model=FEARec hparam_id=H2 seed=1
dataset=lastfm0.03 gpu=6 order=0
max_evals=10 tune_epochs=60 tune_patience=8
seed=120013

[COMMAND]
- /venv/FMoE/bin/python hyperopt_tune.py --config-name tune_lfm_small --max-evals 10 --tune-epochs 40 --tune-patience 6 --seed 120013 --run-group baseline --run-axis Final_all_datasets --run-phase P14_FAD_D01_M07_FEAREC_H2_S1 model=fearec dataset=lastfm0.03 eval_mode=session_fixed feature_mode=full_v3 gpu_id=6 log_wandb=false show_progress=false special_logging=true ++seed=120013 search={learning_rate:[8.146027252593747e-05,0.0003258410901037499]} search_space_type_overrides={learning_rate:"loguniform"} ++weight_decay=0.00015 ++search.weight_decay=[0.00015] ++search_space_type_overrides.weight_decay=choice ++search.n_layers=[2] ++search_space_type_overrides.n_layers=choice ++search.num_layers=[2] ++search_space_type_overrides.num_layers=choice ++search.n_heads=[2] ++search_space_type_overrides.n_heads=choice ++search.num_heads=[2] ++search_space_type_overrides.num_heads=choice ++search.dropout_ratio=[0.12] ++search_space_type_overrides.dropout_ratio=choice ++search.dropout_prob=[0.12] ++search_space_type_overrides.dropout_prob=choice ++search.hidden_dropout_prob=[0.12] ++search_space_type_overrides.hidden_dropout_prob=choice ++search.attn_dropout_prob=[0.12] ++search_space_type_overrides.attn_dropout_prob=choice ++search.hidden_size=[128] ++search_space_type_overrides.hidden_size=choice ++search.embedding_size=[128] ++search_space_type_overrides.embedding_size=choice ++search.inner_size=[256] ++search_space_type_overrides.inner_size=choice ++search.time_span=[384] ++search_space_type_overrides.time_span=choice ++search.num_experts=[6] ++search_space_type_overrides.num_experts=choice ++search.state_size=[24] ++search_space_type_overrides.state_size=choice ++search.conv_kernel=[6] ++search_space_type_overrides.conv_kernel=choice ++search.remaining_ratio=[0.6] ++search_space_type_overrides.remaining_ratio=choice ++dropout_ratio=0.12 ++contrast=un ++tau=0.2 ++lmd=0.04 ++lmd_sem=0.0 ++global_ratio=0.85 ++semantic_sample_max_tries=2 ++train_batch_size=768 ++eval_batch_size=1024 ++hidden_size=128 ++embedding_size=128 ++MAX_ITEM_LIST_LENGTH=22 ++n_layers=2 ++num_layers=2 ++n_heads=2 ++num_heads=2 ++inner_size=256
/venv/FMoE/lib/python3.10/site-packages/ray/_private/parameter.py:4: UserWarning: pkg_resources is deprecated as an API. See https://setuptools.pypa.io/en/latest/pkg_resources.html. The pkg_resources package is slated for removal as early as 2025-11-30. Refrain from using this package or pin to Setuptools<81.
  import pkg_resources
[RUN_STATUS] START pid=319791 ts=2026-03-27T22:56:31

=================================================================
  Hyperopt TPE  |  FEARec x lastfm0.03
  max_evals=10  epochs=40  patience=6  wandb=off
  batch_size(train/valid/test)=768/1024/1024
  track=baseline  axis=final_all_datasets  phase=P14_FAD_D01_M07_FEAREC_H2_S1
=================================================================
Changed knobs: learning_rate
Tuned params(len>1): 1  (~1 discrete combos)
Tuned groups: 1
  [optimization]
    learning_rate                   [8.146027252593747e-05, 0.0003258410901037499]  -> loguniform
Fixed params(singleton/non-list): 17
Fixed groups: 17
  [optimization]
    hidden_dropout_prob             0.12                                    
    weight_decay                    0.00015                                 
  [model_core]
    attn_dropout_prob               0.12                                    
    dropout_prob                    0.12                                    
    dropout_ratio                   0.12                                    
    embedding_size                  128                                     
    hidden_size                     128                                     
    inner_size                      256                                     
    num_heads                       2                                       
    num_layers                      2                                       
  [other]
    conv_kernel                     6                                       
    n_heads                         2                                       
    n_layers                        2                                       
    num_experts                     6                                       
    remaining_ratio                 0.6                                     
    state_size                      24                                      
    time_span                       384                                     

[Wandb] disabled for this hyperopt run

[1/10] learning_rate=0.0001566
  -> MRR@20=0.236300  best=0.236300  (full@40, trial=11.4min, avg=11.6min/trial, total=11.6min, ETA=1.74h)
[TRIAL_METRICS] cur_best_mrr20=0.236300 cur_best_hr10=0.315700 cur_test_mrr20=0.204500 cur_test_hr10=0.279000 run_best_mrr20=0.236300 run_best_hr10=0.315700 run_test_mrr20=0.204500 run_test_hr10=0.279000

[2/10] learning_rate=0.0001354
  -> MRR@20=0.230700  best=0.236300  (full@40, trial=11.4min, avg=11.5min/trial, total=23.0min, ETA=1.53h)
[TRIAL_METRICS] cur_best_mrr20=0.230700 cur_best_hr10=0.315200 cur_test_mrr20=0.202500 cur_test_hr10=0.278400 run_best_mrr20=0.236300 run_best_hr10=0.315700 run_test_mrr20=0.204500 run_test_hr10=0.279000

[3/10] learning_rate=8.557e-05
  -> MRR@20=0.196200  best=0.236300  (full@40, trial=11.4min, avg=11.5min/trial, total=34.4min, ETA=1.34h)
[TRIAL_METRICS] cur_best_mrr20=0.196200 cur_best_hr10=0.308300 cur_test_mrr20=0.171400 cur_test_hr10=0.275800 run_best_mrr20=0.236300 run_best_hr10=0.315700 run_test_mrr20=0.204500 run_test_hr10=0.279000

[4/10] learning_rate=0.0001155
  -> MRR@20=0.217200  best=0.236300  (full@40, trial=11.4min, avg=11.5min/trial, total=45.8min, ETA=1.15h)
[TRIAL_METRICS] cur_best_mrr20=0.217200 cur_best_hr10=0.314100 cur_test_mrr20=0.191300 cur_test_hr10=0.276800 run_best_mrr20=0.236300 run_best_hr10=0.315700 run_test_mrr20=0.204500 run_test_hr10=0.279000

[5/10] learning_rate=0.0001963
  -> MRR@20=0.238500  best=0.238500  (full@40, trial=11.3min, avg=11.4min/trial, total=57.1min, ETA=57.1min)
[TRIAL_METRICS] cur_best_mrr20=0.238500 cur_best_hr10=0.312500 cur_test_mrr20=0.204400 cur_test_hr10=0.279200 run_best_mrr20=0.238500 run_best_hr10=0.312500 run_test_mrr20=0.204400 run_test_hr10=0.279200

[6/10] learning_rate=0.0001608
  -> MRR@20=0.238900  best=0.238900  (full@40, trial=11.5min, avg=11.4min/trial, total=1.14h, ETA=45.7min)
[TRIAL_METRICS] cur_best_mrr20=0.238900 cur_best_hr10=0.313300 cur_test_mrr20=0.205800 cur_test_hr10=0.277400 run_best_mrr20=0.238900 run_best_hr10=0.313300 run_test_mrr20=0.205800 run_test_hr10=0.277400

[7/10] learning_rate=0.0001727
  -> MRR@20=0.236000  best=0.238900  (full@40, trial=11.4min, avg=11.4min/trial, total=1.33h, ETA=34.3min)
[TRIAL_METRICS] cur_best_mrr20=0.236000 cur_best_hr10=0.311200 cur_test_mrr20=0.204500 cur_test_hr10=0.276800 run_best_mrr20=0.238900 run_best_hr10=0.313300 run_test_mrr20=0.205800 run_test_hr10=0.277400

[8/10] learning_rate=9.146e-05
  -> MRR@20=0.201000  best=0.238900  (full@40, trial=11.8min, avg=11.5min/trial, total=1.53h, ETA=23.0min)
[TRIAL_METRICS] cur_best_mrr20=0.201000 cur_best_hr10=0.310100 cur_test_mrr20=0.176700 cur_test_hr10=0.276300 run_best_mrr20=0.238900 run_best_hr10=0.313300 run_test_mrr20=0.205800 run_test_hr10=0.277400

[9/10] learning_rate=0.0001266
  -> MRR@20=0.226100  best=0.238900  (full@40, trial=11.7min, avg=11.5min/trial, total=1.73h, ETA=11.5min)
[TRIAL_METRICS] cur_best_mrr20=0.226100 cur_best_hr10=0.314900 cur_test_mrr20=0.197400 cur_test_hr10=0.278200 run_best_mrr20=0.238900 run_best_hr10=0.313300 run_test_mrr20=0.205800 run_test_hr10=0.277400

[10/10] learning_rate=0.0001106
  -> MRR@20=0.210400  best=0.238900  (full@40, trial=11.5min, avg=11.5min/trial, total=1.92h, ETA=0s)
[TRIAL_METRICS] cur_best_mrr20=0.210400 cur_best_hr10=0.313600 cur_test_mrr20=0.184700 cur_test_hr10=0.276800 run_best_mrr20=0.238900 run_best_hr10=0.313300 run_test_mrr20=0.205800 run_test_hr10=0.277400

=================================================================
  DONE  |  FEARec x lastfm0.03
  Best MRR@20 = 0.238900  |  10/10 trials OK
  Best HR@10  = 0.313300
  Test MRR@20 = 0.205800  (best-valid checkpoint)
  Test HR@10  = 0.277400  (best-valid checkpoint)
[RUN_METRICS] best_valid_mrr20=0.238900 best_valid_hr10=0.313300 test_mrr20=0.205800 test_hr10=0.277400
  Total time: 115.0 min
  Best params:
    learning_rate: 0.000160838
  Results -> /workspace/jy1559/FMoE/experiments/run/artifacts/results/baseline/lastfm0.03_FEARec_p14_fad_d01_m07_fearec_h2_s1_20260327_225631_861687_pid319791.json
  Normal mirror -> /workspace/jy1559/FMoE/experiments/run/artifacts/results/baseline/normal/final_all_datasets/P14/lastfm0.03/FEARec/lastfm0.03_FEARec_p14_fad_d01_m07_fearec_h2_s1_20260327_225631_861687_pid319791.json
  Special result -> /workspace/jy1559/FMoE/experiments/run/artifacts/results/baseline/special/final_all_datasets/P14/lastfm0.03/FEARec/lastfm0.03_FEARec_p14_fad_d01_m07_fearec_h2_s1_20260327_225631_861687_pid319791_special_metrics.json
  Special log -> /workspace/jy1559/FMoE/experiments/run/artifacts/logs/baseline/special/final_all_datasets/P14/lastfm0.03/FEARec/lastfm0.03_FEARec_p14_fad_d01_m07_fearec_h2_s1_20260327_225631_861687_pid319791_special_metrics.json
=================================================================

[RUN_STATUS] END status=normal pid=319791 start=2026-03-27T22:56:31 end=2026-03-28T00:51:33
