[STAGEE_RELRSEED_ANCHOR2_CORE5_SETTING_HEADER]
run_phase=P20_SC_D01_M01_P02_GRU4REC_D2_E4_S1 run_id=SC_AMAZON_BEAUTY_GRU4REC_D2_E4_S1 phase_id=P20 axis_id=SC model=GRU4Rec profile_id=E4 parent_profile_id=D2 seed=1
dataset=amazon_beauty gpu=7 order=0 lr_band=LR4,LR5 lr_lo=0.0007669655263571992 lr_hi=0.004682769408000001
max_evals=8 tune_epochs=68 tune_patience=10
seed=200016

[COMMAND]
- /venv/FMoE/bin/python hyperopt_tune.py --config-name tune_ab --max-evals 8 --tune-epochs 68 --tune-patience 10 --seed 200016 --run-group baseline --run-axis StageE_ReLRSeed_anchor2_core5 --run-phase P20_SC_D01_M01_P02_GRU4REC_D2_E4_S1 model=gru4rec dataset=amazon_beauty eval_mode=session_fixed feature_mode=full_v3 gpu_id=7 log_wandb=false show_progress=false ++special_logging=true ++seed=200016 ++search={learning_rate:[0.0007669655263571992,0.004682769408000001]} ++search_space_type_overrides={learning_rate:"loguniform"} ++MAX_ITEM_LIST_LENGTH=10 ++weight_decay=0.00021175000000000008 ++search.weight_decay=[0.00021175000000000008] ++search_space_type_overrides.weight_decay=choice ++search.hidden_size=[264] ++search_space_type_overrides.hidden_size=choice ++search.embedding_size=[264] ++search_space_type_overrides.embedding_size=choice ++search.n_layers=[2] ++search_space_type_overrides.n_layers=choice ++search.num_layers=[2] ++search_space_type_overrides.num_layers=choice ++search.dropout_ratio=[0.23] ++search_space_type_overrides.dropout_ratio=choice ++search.dropout_prob=[0.23] ++search_space_type_overrides.dropout_prob=choice ++search.hidden_dropout_prob=[0.23] ++search_space_type_overrides.hidden_dropout_prob=choice ++search.attn_dropout_prob=[0.23] ++search_space_type_overrides.attn_dropout_prob=choice ++dropout_prob=0.23 ++num_layers=2 ++hidden_size=264 ++embedding_size=264 ++n_layers=2 ++num_layers=2 ++train_batch_size=8192 ++eval_batch_size=10240
/venv/FMoE/lib/python3.10/site-packages/ray/_private/parameter.py:4: UserWarning: pkg_resources is deprecated as an API. See https://setuptools.pypa.io/en/latest/pkg_resources.html. The pkg_resources package is slated for removal as early as 2025-11-30. Refrain from using this package or pin to Setuptools<81.
  import pkg_resources
[RUN_STATUS] START pid=165063 ts=2026-04-05T10:07:09

=================================================================
  Hyperopt TPE  |  GRU4Rec x amazon_beauty
  max_evals=8  epochs=68  patience=10  wandb=off
  batch_size(train/valid/test)=8192/10240/10240
  track=baseline  axis=stagee_relrseed_anchor2_core5  phase=P20_SC_D01_M01_P02_GRU4REC_D2_E4_S1
=================================================================
Changed knobs: MAX_ITEM_LIST_LENGTH, learning_rate
Tuned params(len>1): 2  (~4 discrete combos)
Tuned groups: 2
  [optimization]
    learning_rate                   [0.0007669655263571992, 0.004682769408000001]  -> loguniform
  [other]
    MAX_ITEM_LIST_LENGTH            [5, 10, 30, 50]                           -> choice
Fixed params(singleton/non-list): 9
Fixed groups: 9
  [optimization]
    hidden_dropout_prob             0.23                                    
    weight_decay                    0.00021175000000000008                  
  [model_core]
    attn_dropout_prob               0.23                                    
    dropout_prob                    0.23                                    
    dropout_ratio                   0.23                                    
    embedding_size                  264                                     
    hidden_size                     264                                     
    num_layers                      2                                       
  [other]
    n_layers                        2                                       

[Wandb] disabled for this hyperopt run

[1/8] MAX_ITEM_LIST_LENGTH=10, learning_rate=0.0008942
  -> MRR@20=0.001500  best=0.001500  (early_stop@16, trial=2s, avg=4s/trial, total=4s, ETA=31s)
[TRIAL_METRICS] cur_best_mrr20=0.001500 cur_best_hr10=0.008800 cur_test_mrr20=0.002400 cur_test_hr10=0.017500 run_best_mrr20=0.001500 run_best_hr10=0.008800 run_test_mrr20=0.002400 run_test_hr10=0.017500

[2/8] MAX_ITEM_LIST_LENGTH=50, learning_rate=0.0032
  -> MRR@20=0.003600  best=0.003600  (early_stop@18, trial=3s, avg=4s/trial, total=9s, ETA=26s)
[TRIAL_METRICS] cur_best_mrr20=0.003600 cur_best_hr10=0.008800 cur_test_mrr20=0.000000 cur_test_hr10=0.000000 run_best_mrr20=0.003600 run_best_hr10=0.008800 run_test_mrr20=0.000000 run_test_hr10=0.000000

[3/8] MAX_ITEM_LIST_LENGTH=10, learning_rate=0.002032
  -> MRR@20=0.002500  best=0.003600  (early_stop@22, trial=2s, avg=4s/trial, total=11s, ETA=19s)
[TRIAL_METRICS] cur_best_mrr20=0.002500 cur_best_hr10=0.008800 cur_test_mrr20=0.000000 cur_test_hr10=0.000000 run_best_mrr20=0.003600 run_best_hr10=0.008800 run_test_mrr20=0.000000 run_test_hr10=0.000000

[4/8] MAX_ITEM_LIST_LENGTH=10, learning_rate=0.004541
  -> MRR@20=0.002600  best=0.003600  (early_stop@15, trial=1s, avg=3s/trial, total=13s, ETA=13s)
[TRIAL_METRICS] cur_best_mrr20=0.002600 cur_best_hr10=0.008800 cur_test_mrr20=0.001000 cur_test_hr10=0.000000 run_best_mrr20=0.003600 run_best_hr10=0.008800 run_test_mrr20=0.000000 run_test_hr10=0.000000

[5/8] MAX_ITEM_LIST_LENGTH=5, learning_rate=0.004102
  -> MRR@20=0.003200  best=0.003600  (early_stop@16, trial=1s, avg=3s/trial, total=15s, ETA=9s)
[TRIAL_METRICS] cur_best_mrr20=0.003200 cur_best_hr10=0.026500 cur_test_mrr20=0.000500 cur_test_hr10=0.000000 run_best_mrr20=0.003600 run_best_hr10=0.008800 run_test_mrr20=0.000000 run_test_hr10=0.000000

[6/8] MAX_ITEM_LIST_LENGTH=10, learning_rate=0.003389
  -> MRR@20=0.003000  best=0.003600  (early_stop@18, trial=2s, avg=3s/trial, total=17s, ETA=6s)
[TRIAL_METRICS] cur_best_mrr20=0.003000 cur_best_hr10=0.008800 cur_test_mrr20=0.000000 cur_test_hr10=0.000000 run_best_mrr20=0.003600 run_best_hr10=0.008800 run_test_mrr20=0.000000 run_test_hr10=0.000000

[7/8] MAX_ITEM_LIST_LENGTH=50, learning_rate=0.00268
  -> MRR@20=0.002800  best=0.003600  (early_stop@18, trial=3s, avg=3s/trial, total=21s, ETA=3s)
[TRIAL_METRICS] cur_best_mrr20=0.002800 cur_best_hr10=0.008800 cur_test_mrr20=0.000900 cur_test_hr10=0.000000 run_best_mrr20=0.003600 run_best_hr10=0.008800 run_test_mrr20=0.000000 run_test_hr10=0.000000

[8/8] MAX_ITEM_LIST_LENGTH=5, learning_rate=0.004545
  -> MRR@20=0.002500  best=0.003600  (early_stop@16, trial=1s, avg=3s/trial, total=23s, ETA=0s)
[TRIAL_METRICS] cur_best_mrr20=0.002500 cur_best_hr10=0.017700 cur_test_mrr20=0.000600 cur_test_hr10=0.000000 run_best_mrr20=0.003600 run_best_hr10=0.008800 run_test_mrr20=0.000000 run_test_hr10=0.000000

=================================================================
  DONE  |  GRU4Rec x amazon_beauty
  Best MRR@20 = 0.003600  |  8/8 trials OK
  Best HR@10  = 0.008800
  Test MRR@20 = 0.000000  (best-valid checkpoint)
  Test HR@10  = 0.000000  (best-valid checkpoint)
[RUN_METRICS] best_valid_mrr20=0.003600 best_valid_hr10=0.008800 test_mrr20=0.000000 test_hr10=0.000000
  Total time: 0.4 min
  Best params:
    MAX_ITEM_LIST_LENGTH: 50
    learning_rate: 0.00319956
  Results -> /workspace/jy1559/FMoE/experiments/run/artifacts/results/baseline/amazon_beauty_GRU4Rec_p20_sc_d01_m01_p02_gru4rec_d2_e4_s1_20260405_100709_623376_pid165063.json
  Normal mirror -> /workspace/jy1559/FMoE/experiments/run/artifacts/results/baseline/normal/stagee_relrseed_anchor2_core5/P20/amazon_beauty/GRU4Rec/amazon_beauty_GRU4Rec_p20_sc_d01_m01_p02_gru4rec_d2_e4_s1_20260405_100709_623376_pid165063.json
  Special result -> /workspace/jy1559/FMoE/experiments/run/artifacts/results/baseline/special/stagee_relrseed_anchor2_core5/P20/amazon_beauty/GRU4Rec/amazon_beauty_GRU4Rec_p20_sc_d01_m01_p02_gru4rec_d2_e4_s1_20260405_100709_623376_pid165063_special_metrics.json
  Special log -> /workspace/jy1559/FMoE/experiments/run/artifacts/logs/baseline/special/stagee_relrseed_anchor2_core5/P20/amazon_beauty/GRU4Rec/amazon_beauty_GRU4Rec_p20_sc_d01_m01_p02_gru4rec_d2_e4_s1_20260405_100709_623376_pid165063_special_metrics.json
=================================================================

[RUN_STATUS] END status=normal pid=165063 start=2026-04-05T10:07:09 end=2026-04-05T10:07:32
