[STAGEB_STRUCTURE_ANCHOR2_CORE5_SETTING_HEADER]
run_phase=P17_SB_D00_M04_DIFSR_B6_S1 run_id=SB_LASTFM0_03_DIFSR_B6_S1 phase_id=P17 axis_id=SB model=DIFSR profile_id=B6 seed=1
dataset=lastfm0.03 gpu=5 order=0 lr_band=LR4,LR3 lr_lo=0.0005826666666666667 lr_hi=0.006371460000000001
max_evals=6 tune_epochs=40 tune_patience=6
seed=170023

[COMMAND]
- /venv/FMoE/bin/python hyperopt_tune.py --config-name tune_lfm_small --max-evals 6 --tune-epochs 40 --tune-patience 6 --seed 170023 --run-group baseline --run-axis StageB_Structure_anchor2_core5 --run-phase P17_SB_D00_M04_DIFSR_B6_S1 model=difsr dataset=lastfm0.03 eval_mode=session_fixed feature_mode=full_v3 gpu_id=5 log_wandb=false show_progress=false ++special_logging=true ++seed=170023 ++search={learning_rate:[0.0005826666666666667,0.006371460000000001]} ++search_space_type_overrides={learning_rate:"loguniform"} ++MAX_ITEM_LIST_LENGTH=10 ++weight_decay=0.00014 ++search.weight_decay=[0.00014] ++search_space_type_overrides.weight_decay=choice ++search.hidden_size=[176] ++search_space_type_overrides.hidden_size=choice ++search.embedding_size=[176] ++search_space_type_overrides.embedding_size=choice ++search.n_layers=[1] ++search_space_type_overrides.n_layers=choice ++search.num_layers=[1] ++search_space_type_overrides.num_layers=choice ++search.dropout_ratio=[0.17] ++search_space_type_overrides.dropout_ratio=choice ++search.dropout_prob=[0.17] ++search_space_type_overrides.dropout_prob=choice ++search.hidden_dropout_prob=[0.17] ++search_space_type_overrides.hidden_dropout_prob=choice ++search.attn_dropout_prob=[0.17] ++search_space_type_overrides.attn_dropout_prob=choice ++search.inner_size=[704] ++search_space_type_overrides.inner_size=choice ++search.n_heads=[4] ++search_space_type_overrides.n_heads=choice ++search.num_heads=[4] ++search_space_type_overrides.num_heads=choice ++dropout_ratio=0.17 ++hidden_size=176 ++embedding_size=176 ++n_layers=1 ++num_layers=1 ++n_heads=4 ++num_heads=4 ++inner_size=704 ++attribute_hidden_size=176 ++fusion_type=gate ++use_attribute_predictor=true ++lambda_attr=0.1 ++train_batch_size=3072 ++eval_batch_size=4096
/venv/FMoE/lib/python3.10/site-packages/ray/_private/parameter.py:4: UserWarning: pkg_resources is deprecated as an API. See https://setuptools.pypa.io/en/latest/pkg_resources.html. The pkg_resources package is slated for removal as early as 2025-11-30. Refrain from using this package or pin to Setuptools<81.
  import pkg_resources
[RUN_STATUS] START pid=519140 ts=2026-03-29T20:10:13

=================================================================
  Hyperopt TPE  |  DIFSR x lastfm0.03
  max_evals=6  epochs=40  patience=6  wandb=off
  batch_size(train/valid/test)=3072/4096/4096
  track=baseline  axis=stageb_structure_anchor2_core5  phase=P17_SB_D00_M04_DIFSR_B6_S1
=================================================================
Changed knobs: fusion_type, learning_rate
Tuned params(len>1): 2  (~2 discrete combos)
Tuned groups: 2
  [optimization]
    learning_rate                   [0.0005826666666666667, 0.006371460000000001]  -> loguniform
  [other]
    fusion_type                     ['sum', 'gate']                           -> choice
Fixed params(singleton/non-list): 12
Fixed groups: 12
  [optimization]
    hidden_dropout_prob             0.17                                    
    weight_decay                    0.00014                                 
  [model_core]
    attn_dropout_prob               0.17                                    
    dropout_prob                    0.17                                    
    dropout_ratio                   0.17                                    
    embedding_size                  176                                     
    hidden_size                     176                                     
    inner_size                      704                                     
    num_heads                       4                                       
    num_layers                      1                                       
  [other]
    n_heads                         4                                       
    n_layers                        1                                       

[Wandb] disabled for this hyperopt run

[1/6] fusion_type=sum, learning_rate=0.001666
  -> MRR@20=0.232300  best=0.232300  (early_stop@38, trial=4.6min, avg=4.8min/trial, total=4.8min, ETA=23.9min)
[TRIAL_METRICS] cur_best_mrr20=0.232300 cur_best_hr10=0.275000 cur_test_mrr20=0.233800 cur_test_hr10=0.276800 run_best_mrr20=0.232300 run_best_hr10=0.275000 run_test_mrr20=0.233800 run_test_hr10=0.276800

[2/6] fusion_type=gate, learning_rate=0.002598
  -> MRR@20=0.223900  best=0.232300  (early_stop@35, trial=4.5min, avg=4.7min/trial, total=9.3min, ETA=18.6min)
[TRIAL_METRICS] cur_best_mrr20=0.223900 cur_best_hr10=0.271900 cur_test_mrr20=0.226100 cur_test_hr10=0.269900 run_best_mrr20=0.232300 run_best_hr10=0.275000 run_test_mrr20=0.233800 run_test_hr10=0.276800

[3/6] fusion_type=sum, learning_rate=0.001966
  -> MRR@20=0.228100  best=0.232300  (early_stop@38, trial=4.5min, avg=4.6min/trial, total=13.9min, ETA=13.9min)
[TRIAL_METRICS] cur_best_mrr20=0.228100 cur_best_hr10=0.274500 cur_test_mrr20=0.232700 cur_test_hr10=0.274400 run_best_mrr20=0.232300 run_best_hr10=0.275000 run_test_mrr20=0.233800 run_test_hr10=0.276800

[4/6] fusion_type=sum, learning_rate=0.0009356
  -> MRR@20=0.228300  best=0.232300  (full@40, trial=4.9min, avg=4.7min/trial, total=18.7min, ETA=9.4min)
[TRIAL_METRICS] cur_best_mrr20=0.228300 cur_best_hr10=0.287500 cur_test_mrr20=0.229900 cur_test_hr10=0.286900 run_best_mrr20=0.232300 run_best_hr10=0.275000 run_test_mrr20=0.233800 run_test_hr10=0.276800

[5/6] fusion_type=gate, learning_rate=0.001203
  -> MRR@20=0.234400  best=0.234400  (full@40, trial=5.0min, avg=4.8min/trial, total=23.8min, ETA=4.8min)
[TRIAL_METRICS] cur_best_mrr20=0.234400 cur_best_hr10=0.287000 cur_test_mrr20=0.234500 cur_test_hr10=0.282700 run_best_mrr20=0.234400 run_best_hr10=0.287000 run_test_mrr20=0.234500 run_test_hr10=0.282700

[6/6] fusion_type=gate, learning_rate=0.004543
  -> MRR@20=0.213000  best=0.234400  (early_stop@25, trial=3.1min, avg=4.5min/trial, total=26.9min, ETA=0s)
[TRIAL_METRICS] cur_best_mrr20=0.213000 cur_best_hr10=0.268400 cur_test_mrr20=0.206200 cur_test_hr10=0.260900 run_best_mrr20=0.234400 run_best_hr10=0.287000 run_test_mrr20=0.234500 run_test_hr10=0.282700

=================================================================
  DONE  |  DIFSR x lastfm0.03
  Best MRR@20 = 0.234400  |  6/6 trials OK
  Best HR@10  = 0.287000
  Test MRR@20 = 0.234500  (best-valid checkpoint)
  Test HR@10  = 0.282700  (best-valid checkpoint)
[RUN_METRICS] best_valid_mrr20=0.234400 best_valid_hr10=0.287000 test_mrr20=0.234500 test_hr10=0.282700
  Total time: 26.9 min
  Best params:
    fusion_type: gate
    learning_rate: 0.00120307
  Results -> /workspace/jy1559/FMoE/experiments/run/artifacts/results/baseline/lastfm0.03_DIFSR_p17_sb_d00_m04_difsr_b6_s1_20260329_201013_980233_pid519140.json
  Normal mirror -> /workspace/jy1559/FMoE/experiments/run/artifacts/results/baseline/normal/stageb_structure_anchor2_core5/P17/lastfm0.03/DIFSR/lastfm0.03_DIFSR_p17_sb_d00_m04_difsr_b6_s1_20260329_201013_980233_pid519140.json
  Special result -> /workspace/jy1559/FMoE/experiments/run/artifacts/results/baseline/special/stageb_structure_anchor2_core5/P17/lastfm0.03/DIFSR/lastfm0.03_DIFSR_p17_sb_d00_m04_difsr_b6_s1_20260329_201013_980233_pid519140_special_metrics.json
  Special log -> /workspace/jy1559/FMoE/experiments/run/artifacts/logs/baseline/special/stageb_structure_anchor2_core5/P17/lastfm0.03/DIFSR/lastfm0.03_DIFSR_p17_sb_d00_m04_difsr_b6_s1_20260329_201013_980233_pid519140_special_metrics.json
=================================================================

[RUN_STATUS] END status=normal pid=519140 start=2026-03-29T20:10:13 end=2026-03-29T20:37:09
