[STAGEB_STRUCTURE_ANCHOR2_CORE5_SETTING_HEADER]
run_phase=P17_SB_D00_M03_DIFSR_B7_S1 run_id=SB_LASTFM0_03_DIFSR_B7_S1 phase_id=P17 axis_id=SB model=DIFSR profile_id=B7 seed=1
dataset=lastfm0.03 gpu=4 order=0 lr_band=LR4,LR3 lr_lo=0.0005383741935483872 lr_hi=0.0077606640000000005
max_evals=10 tune_epochs=56 tune_patience=8
seed=170022

[COMMAND]
- /venv/FMoE/bin/python hyperopt_tune.py --config-name tune_lfm_small --max-evals 10 --tune-epochs 56 --tune-patience 8 --seed 170022 --run-group baseline --run-axis StageB_Structure_anchor2_core5 --run-phase P17_SB_D00_M03_DIFSR_B7_S1 model=difsr dataset=lastfm0.03 eval_mode=session_fixed feature_mode=full_v3 gpu_id=4 log_wandb=false show_progress=false ++special_logging=true ++seed=170022 ++search={learning_rate:[0.0005383741935483872,0.0077606640000000005]} ++search_space_type_overrides={learning_rate:"loguniform"} ++MAX_ITEM_LIST_LENGTH=10 ++weight_decay=0.00011000000000000002 ++search.weight_decay=[0.00011000000000000002] ++search_space_type_overrides.weight_decay=choice ++search.hidden_size=[208] ++search_space_type_overrides.hidden_size=choice ++search.embedding_size=[208] ++search_space_type_overrides.embedding_size=choice ++search.n_layers=[1] ++search_space_type_overrides.n_layers=choice ++search.num_layers=[1] ++search_space_type_overrides.num_layers=choice ++search.dropout_ratio=[0.14] ++search_space_type_overrides.dropout_ratio=choice ++search.dropout_prob=[0.14] ++search_space_type_overrides.dropout_prob=choice ++search.hidden_dropout_prob=[0.14] ++search_space_type_overrides.hidden_dropout_prob=choice ++search.attn_dropout_prob=[0.14] ++search_space_type_overrides.attn_dropout_prob=choice ++search.inner_size=[1040] ++search_space_type_overrides.inner_size=choice ++search.n_heads=[4] ++search_space_type_overrides.n_heads=choice ++search.num_heads=[4] ++search_space_type_overrides.num_heads=choice ++dropout_ratio=0.14 ++hidden_size=208 ++embedding_size=208 ++n_layers=1 ++num_layers=1 ++n_heads=4 ++num_heads=4 ++inner_size=1040 ++attribute_hidden_size=208 ++fusion_type=gate ++use_attribute_predictor=true ++lambda_attr=0.1 ++train_batch_size=3072 ++eval_batch_size=4096
/venv/FMoE/lib/python3.10/site-packages/ray/_private/parameter.py:4: UserWarning: pkg_resources is deprecated as an API. See https://setuptools.pypa.io/en/latest/pkg_resources.html. The pkg_resources package is slated for removal as early as 2025-11-30. Refrain from using this package or pin to Setuptools<81.
  import pkg_resources
[RUN_STATUS] START pid=597764 ts=2026-03-30T12:55:10

=================================================================
  Hyperopt TPE  |  DIFSR x lastfm0.03
  max_evals=10  epochs=56  patience=8  wandb=off
  batch_size(train/valid/test)=3072/4096/4096
  track=baseline  axis=stageb_structure_anchor2_core5  phase=P17_SB_D00_M03_DIFSR_B7_S1
=================================================================
Changed knobs: fusion_type, learning_rate
Tuned params(len>1): 2  (~2 discrete combos)
Tuned groups: 2
  [optimization]
    learning_rate                   [0.0005383741935483872, 0.0077606640000000005]  -> loguniform
  [other]
    fusion_type                     ['sum', 'gate']                           -> choice
Fixed params(singleton/non-list): 12
Fixed groups: 12
  [optimization]
    hidden_dropout_prob             0.14                                    
    weight_decay                    0.00011000000000000002                  
  [model_core]
    attn_dropout_prob               0.14                                    
    dropout_prob                    0.14                                    
    dropout_ratio                   0.14                                    
    embedding_size                  208                                     
    hidden_size                     208                                     
    inner_size                      1040                                    
    num_heads                       4                                       
    num_layers                      1                                       
  [other]
    n_heads                         4                                       
    n_layers                        1                                       

[Wandb] disabled for this hyperopt run

[1/10] fusion_type=sum, learning_rate=0.0009637
  -> MRR@20=0.239000  best=0.239000  (early_stop@53, trial=6.9min, avg=7.1min/trial, total=7.1min, ETA=1.07h)
[TRIAL_METRICS] cur_best_mrr20=0.239000 cur_best_hr10=0.280900 cur_test_mrr20=0.242100 cur_test_hr10=0.281300 run_best_mrr20=0.239000 run_best_hr10=0.280900 run_test_mrr20=0.242100 run_test_hr10=0.281300

[2/10] fusion_type=sum, learning_rate=0.002286
  -> MRR@20=0.228100  best=0.239000  (early_stop@31, trial=4.0min, avg=5.6min/trial, total=11.1min, ETA=44.5min)
[TRIAL_METRICS] cur_best_mrr20=0.228100 cur_best_hr10=0.272700 cur_test_mrr20=0.232500 cur_test_hr10=0.275500 run_best_mrr20=0.239000 run_best_hr10=0.280900 run_test_mrr20=0.242100 run_test_hr10=0.281300

[3/10] fusion_type=gate, learning_rate=0.004872
  -> MRR@20=0.212000  best=0.239000  (early_stop@31, trial=4.2min, avg=5.1min/trial, total=15.3min, ETA=35.7min)
[TRIAL_METRICS] cur_best_mrr20=0.212000 cur_best_hr10=0.260700 cur_test_mrr20=0.213200 cur_test_hr10=0.259000 run_best_mrr20=0.239000 run_best_hr10=0.280900 run_test_mrr20=0.242100 run_test_hr10=0.281300

[4/10] fusion_type=sum, learning_rate=0.001325
  -> MRR@20=0.237100  best=0.239000  (early_stop@44, trial=5.7min, avg=5.3min/trial, total=21.1min, ETA=31.6min)
[TRIAL_METRICS] cur_best_mrr20=0.237100 cur_best_hr10=0.276100 cur_test_mrr20=0.237500 cur_test_hr10=0.276300 run_best_mrr20=0.239000 run_best_hr10=0.280900 run_test_mrr20=0.242100 run_test_hr10=0.281300

[5/10] fusion_type=sum, learning_rate=0.004689
  -> MRR@20=0.217500  best=0.239000  (early_stop@29, trial=3.7min, avg=5.0min/trial, total=24.8min, ETA=24.8min)
[TRIAL_METRICS] cur_best_mrr20=0.217500 cur_best_hr10=0.263400 cur_test_mrr20=0.217600 cur_test_hr10=0.259300 run_best_mrr20=0.239000 run_best_hr10=0.280900 run_test_mrr20=0.242100 run_test_hr10=0.281300

[6/10] fusion_type=sum, learning_rate=0.0009802
  -> MRR@20=0.241000  best=0.241000  (early_stop@53, trial=6.9min, avg=5.3min/trial, total=31.6min, ETA=21.1min)
[TRIAL_METRICS] cur_best_mrr20=0.241000 cur_best_hr10=0.281400 cur_test_mrr20=0.242600 cur_test_hr10=0.283500 run_best_mrr20=0.241000 run_best_hr10=0.281400 run_test_mrr20=0.242600 run_test_hr10=0.283500

[7/10] fusion_type=sum, learning_rate=0.0007062
  -> MRR@20=0.237100  best=0.241000  (full@56, trial=7.2min, avg=5.5min/trial, total=38.8min, ETA=16.6min)
[TRIAL_METRICS] cur_best_mrr20=0.237100 cur_best_hr10=0.283300 cur_test_mrr20=0.242300 cur_test_hr10=0.284500 run_best_mrr20=0.241000 run_best_hr10=0.281400 run_test_mrr20=0.242600 run_test_hr10=0.283500

[8/10] fusion_type=gate, learning_rate=0.00596
  -> MRR@20=0.218100  best=0.241000  (early_stop@47, trial=6.3min, avg=5.6min/trial, total=45.2min, ETA=11.3min)
[TRIAL_METRICS] cur_best_mrr20=0.218100 cur_best_hr10=0.259900 cur_test_mrr20=0.215800 cur_test_hr10=0.256100 run_best_mrr20=0.241000 run_best_hr10=0.281400 run_test_mrr20=0.242600 run_test_hr10=0.283500

[9/10] fusion_type=gate, learning_rate=0.003751
  -> MRR@20=0.216600  best=0.241000  (early_stop@30, trial=3.9min, avg=5.5min/trial, total=49.1min, ETA=5.5min)
[TRIAL_METRICS] cur_best_mrr20=0.216600 cur_best_hr10=0.258000 cur_test_mrr20=0.216900 cur_test_hr10=0.265400 run_best_mrr20=0.241000 run_best_hr10=0.281400 run_test_mrr20=0.242600 run_test_hr10=0.283500

[10/10] fusion_type=gate, learning_rate=0.0009969
  -> MRR@20=0.236300  best=0.241000  (early_stop@50, trial=6.6min, avg=5.6min/trial, total=55.7min, ETA=0s)
[TRIAL_METRICS] cur_best_mrr20=0.236300 cur_best_hr10=0.278800 cur_test_mrr20=0.240100 cur_test_hr10=0.281300 run_best_mrr20=0.241000 run_best_hr10=0.281400 run_test_mrr20=0.242600 run_test_hr10=0.283500

=================================================================
  DONE  |  DIFSR x lastfm0.03
  Best MRR@20 = 0.241000  |  10/10 trials OK
  Best HR@10  = 0.281400
  Test MRR@20 = 0.242600  (best-valid checkpoint)
  Test HR@10  = 0.283500  (best-valid checkpoint)
[RUN_METRICS] best_valid_mrr20=0.241000 best_valid_hr10=0.281400 test_mrr20=0.242600 test_hr10=0.283500
  Total time: 55.7 min
  Best params:
    fusion_type: sum
    learning_rate: 0.000980217
  Results -> /workspace/jy1559/FMoE/experiments/run/artifacts/results/baseline/lastfm0.03_DIFSR_p17_sb_d00_m03_difsr_b7_s1_20260330_125510_713380_pid597764.json
  Normal mirror -> /workspace/jy1559/FMoE/experiments/run/artifacts/results/baseline/normal/stageb_structure_anchor2_core5/P17/lastfm0.03/DIFSR/lastfm0.03_DIFSR_p17_sb_d00_m03_difsr_b7_s1_20260330_125510_713380_pid597764.json
  Special result -> /workspace/jy1559/FMoE/experiments/run/artifacts/results/baseline/special/stageb_structure_anchor2_core5/P17/lastfm0.03/DIFSR/lastfm0.03_DIFSR_p17_sb_d00_m03_difsr_b7_s1_20260330_125510_713380_pid597764_special_metrics.json
  Special log -> /workspace/jy1559/FMoE/experiments/run/artifacts/logs/baseline/special/stageb_structure_anchor2_core5/P17/lastfm0.03/DIFSR/lastfm0.03_DIFSR_p17_sb_d00_m03_difsr_b7_s1_20260330_125510_713380_pid597764_special_metrics.json
=================================================================

[RUN_STATUS] END status=normal pid=597764 start=2026-03-30T12:55:10 end=2026-03-30T13:50:54
