[RUN_STATUS] START pid=236260 ts=2026-03-07T21:32:05

=================================================================
  Hyperopt TPE  |  FeaturedMoE_v2 x retail_rocket
  max_evals=12  epochs=50  patience=10  wandb=ON
  batch_size(train/valid/test)=4096/4096/4096
  track=fmoe_v2  axis=hparam  phase=P1S_G2_C3_serial_L17
=================================================================
Changed knobs: learning_rate, weight_decay
Tuned params(len>1): 2  (~1 discrete combos)
Tuned groups: 2
  [optimization]
    learning_rate                   [0.01, 0.005, 0.0025, 0.001, 0.0005, 0.00025, 0.0001]  -> loguniform
    weight_decay                    [0, 1e-06, 1e-05, 0.0001, 0.001]          -> loguniform_zero
Fixed params(singleton/non-list): 33
Fixed groups: 33
  [optimization]
    balance_loss_lambda             0.01                                    
    hidden_dropout_prob             0.1                                     
  [model_core]
    d_expert_hidden                 128                                     
    d_feat_emb                      16                                      
    d_router_hidden                 64                                      
    embedding_size                  128                                     
    expert_scale                    3                                       
    num_heads                       8                                       
  [layout]
    fmoe_v2_layout_id               17                                      
  [routing_moe]
    micro_router_temperature_start  1.3                                     
    mid_router_temperature_start    1.3                                     
    moe_top_k                       0                                       
    moe_top_k_policy                auto                                    
    moe_top_k_ratio                 0.5                                     
    moe_top_k_start                 0                                       
    moe_top_k_warmup_until          0                                       
    router_impl                     learned                                 
    router_impl_by_stage            {}                                      
    rule_router.feature_per_expert  4                                       
    rule_router.n_bins              5                                       
  [schedule]
    alpha_warmup_end                1.0                                     
    alpha_warmup_start              0.0                                     
    alpha_warmup_until              0                                       
    fmoe_schedule_enable            False                                   
    temperature_warmup_until        0                                       
  [merge_hir]
    fmoe_v2_parallel_stage_gate_temperature  1.0                                     
    fmoe_v2_parallel_stage_gate_top_k  0                                       
    fmoe_v2_stage_merge_aux_enable  False                                   
    fmoe_v2_stage_merge_aux_lambda_scale  1.0                                     
  [other]
    MAX_ITEM_LIST_LENGTH            10                                      
    fmoe_stage_execution_mode       serial                                  
    fmoe_v2_feature_spec_aux_enable  False                                   
    fmoe_v2_feature_spec_aux_lambda  0.0                                     
Layout details:
  execution(fixed)=serial
  id=17 exec=serial pre=0 post=0 total_layers=6 total_moe=3 | macro(pass=1,moe=2) | mid(pass=1,moe=1) | micro(pass=1,moe=0)

[Wandb] per-trial mode enabled project=2026_FMoE_hyperopt

[1/12] learning_rate=0.003089, weight_decay=0.0008341
[Wandb] trial 1 started project=2026_FMoE_hyperopt name=tune_retail_rocket_FeaturedMoE_v2_hparam_P1S_G2_C3_serial_L17_T001_20260307_213206
    [Device] CUDA_VISIBLE_DEVICES=2 | torch_device=cuda:0 (NVIDIA RTX A5000)
    [DataCache] save_dataset=True save_dataloaders=False | checkpoint_dir=saved/recbole_cache/retail_rocket_feature_added_session_len10 | dataloaders_save_path=saved/recbole_cache/retail_rocket_feature_added_session_len10/retail_rocket-for-dataloader.pth
    [DataPrep] cache_hit=disk_or_build, create_dataset=0.44s, data_preparation=1.26s, n_items=90212
  -> MRR@20=0.2380  best=0.2380  (full@50, trial=19.1min, avg=19.1min/trial, total=19.1min, ETA=3.51h)
[Wandb] trial finished name=tune_retail_rocket_FeaturedMoE_v2_hparam_P1S_G2_C3_serial_L17_T001_20260307_213206

[2/12] learning_rate=0.0004981, weight_decay=0
[Wandb] trial 2 started project=2026_FMoE_hyperopt name=tune_retail_rocket_FeaturedMoE_v2_hparam_P1S_G2_C3_serial_L17_T002_20260307_215115
    [Device] CUDA_VISIBLE_DEVICES=2 | torch_device=cuda:0 (NVIDIA RTX A5000)
    [DataCache] save_dataset=True save_dataloaders=False | checkpoint_dir=saved/recbole_cache/retail_rocket_feature_added_session_len10 | dataloaders_save_path=saved/recbole_cache/retail_rocket_feature_added_session_len10/retail_rocket-for-dataloader.pth
    [DataPrep] cache_hit=memory, create_dataset=0.00s, data_preparation=0.00s, n_items=90212
  -> MRR@20=0.2656  best=0.2656  (early_stop@29, trial=11.1min, avg=15.1min/trial, total=30.3min, ETA=2.52h)
[Wandb] trial finished name=tune_retail_rocket_FeaturedMoE_v2_hparam_P1S_G2_C3_serial_L17_T002_20260307_215115

[3/12] learning_rate=0.001397, weight_decay=0.0001534
[Wandb] trial 3 started project=2026_FMoE_hyperopt name=tune_retail_rocket_FeaturedMoE_v2_hparam_P1S_G2_C3_serial_L17_T003_20260307_220222
    [Device] CUDA_VISIBLE_DEVICES=2 | torch_device=cuda:0 (NVIDIA RTX A5000)
    [DataCache] save_dataset=True save_dataloaders=False | checkpoint_dir=saved/recbole_cache/retail_rocket_feature_added_session_len10 | dataloaders_save_path=saved/recbole_cache/retail_rocket_feature_added_session_len10/retail_rocket-for-dataloader.pth
    [DataPrep] cache_hit=memory, create_dataset=0.00s, data_preparation=0.00s, n_items=90212
  -> MRR@20=0.2633  best=0.2656  (early_stop@26, trial=9.9min, avg=13.4min/trial, total=40.3min, ETA=2.01h)
[Wandb] trial finished name=tune_retail_rocket_FeaturedMoE_v2_hparam_P1S_G2_C3_serial_L17_T003_20260307_220222

[4/12] learning_rate=0.001938, weight_decay=0
[Wandb] trial 4 started project=2026_FMoE_hyperopt name=tune_retail_rocket_FeaturedMoE_v2_hparam_P1S_G2_C3_serial_L17_T004_20260307_221221
    [Device] CUDA_VISIBLE_DEVICES=2 | torch_device=cuda:0 (NVIDIA RTX A5000)
    [DataCache] save_dataset=True save_dataloaders=False | checkpoint_dir=saved/recbole_cache/retail_rocket_feature_added_session_len10 | dataloaders_save_path=saved/recbole_cache/retail_rocket_feature_added_session_len10/retail_rocket-for-dataloader.pth
    [DataPrep] cache_hit=memory, create_dataset=0.00s, data_preparation=0.00s, n_items=90212
  -> MRR@20=0.2553  best=0.2656  (early_stop@17, trial=6.5min, avg=11.7min/trial, total=46.8min, ETA=1.56h)
[Wandb] trial finished name=tune_retail_rocket_FeaturedMoE_v2_hparam_P1S_G2_C3_serial_L17_T004_20260307_221221

[5/12] learning_rate=0.006574, weight_decay=0
[Wandb] trial 5 started project=2026_FMoE_hyperopt name=tune_retail_rocket_FeaturedMoE_v2_hparam_P1S_G2_C3_serial_L17_T005_20260307_221854
    [Device] CUDA_VISIBLE_DEVICES=2 | torch_device=cuda:0 (NVIDIA RTX A5000)
    [DataCache] save_dataset=True save_dataloaders=False | checkpoint_dir=saved/recbole_cache/retail_rocket_feature_added_session_len10 | dataloaders_save_path=saved/recbole_cache/retail_rocket_feature_added_session_len10/retail_rocket-for-dataloader.pth
    [DataPrep] cache_hit=memory, create_dataset=0.00s, data_preparation=0.00s, n_items=90212
  -> MRR@20=0.0266  best=0.2656  (full@50, trial=19.1min, avg=13.2min/trial, total=1.10h, ETA=1.54h)
[Wandb] trial finished name=tune_retail_rocket_FeaturedMoE_v2_hparam_P1S_G2_C3_serial_L17_T005_20260307_221854

[6/12] learning_rate=0.0002783, weight_decay=0
[Wandb] trial 6 started project=2026_FMoE_hyperopt name=tune_retail_rocket_FeaturedMoE_v2_hparam_P1S_G2_C3_serial_L17_T006_20260307_223801
    [Device] CUDA_VISIBLE_DEVICES=2 | torch_device=cuda:0 (NVIDIA RTX A5000)
    [DataCache] save_dataset=True save_dataloaders=False | checkpoint_dir=saved/recbole_cache/retail_rocket_feature_added_session_len10 | dataloaders_save_path=saved/recbole_cache/retail_rocket_feature_added_session_len10/retail_rocket-for-dataloader.pth
    [DataPrep] cache_hit=memory, create_dataset=0.00s, data_preparation=0.00s, n_items=90212
  -> MRR@20=0.2657  best=0.2657  (early_stop@47, trial=18.0min, avg=14.0min/trial, total=1.40h, ETA=1.40h)
[Wandb] trial finished name=tune_retail_rocket_FeaturedMoE_v2_hparam_P1S_G2_C3_serial_L17_T006_20260307_223801

[7/12] learning_rate=0.004009, weight_decay=1.537e-06
[Wandb] trial 7 started project=2026_FMoE_hyperopt name=tune_retail_rocket_FeaturedMoE_v2_hparam_P1S_G2_C3_serial_L17_T007_20260307_225602
    [Device] CUDA_VISIBLE_DEVICES=2 | torch_device=cuda:0 (NVIDIA RTX A5000)
    [DataCache] save_dataset=True save_dataloaders=False | checkpoint_dir=saved/recbole_cache/retail_rocket_feature_added_session_len10 | dataloaders_save_path=saved/recbole_cache/retail_rocket_feature_added_session_len10/retail_rocket-for-dataloader.pth
    [DataPrep] cache_hit=memory, create_dataset=0.00s, data_preparation=0.00s, n_items=90212
  -> MRR@20=0.1616  best=0.2657  (full@50, trial=19.1min, avg=14.7min/trial, total=1.72h, ETA=1.23h)
[Wandb] trial finished name=tune_retail_rocket_FeaturedMoE_v2_hparam_P1S_G2_C3_serial_L17_T007_20260307_225602

[8/12] learning_rate=0.0008549, weight_decay=0
[Wandb] trial 8 started project=2026_FMoE_hyperopt name=tune_retail_rocket_FeaturedMoE_v2_hparam_P1S_G2_C3_serial_L17_T008_20260307_231512
    [Device] CUDA_VISIBLE_DEVICES=2 | torch_device=cuda:0 (NVIDIA RTX A5000)
    [DataCache] save_dataset=True save_dataloaders=False | checkpoint_dir=saved/recbole_cache/retail_rocket_feature_added_session_len10 | dataloaders_save_path=saved/recbole_cache/retail_rocket_feature_added_session_len10/retail_rocket-for-dataloader.pth
    [DataPrep] cache_hit=memory, create_dataset=0.00s, data_preparation=0.00s, n_items=90212
  -> MRR@20=0.2647  best=0.2657  (early_stop@22, trial=8.4min, avg=13.9min/trial, total=1.86h, ETA=55.8min)
[Wandb] trial finished name=tune_retail_rocket_FeaturedMoE_v2_hparam_P1S_G2_C3_serial_L17_T008_20260307_231512

[9/12] learning_rate=0.003111, weight_decay=1.33e-05
[Wandb] trial 9 started project=2026_FMoE_hyperopt name=tune_retail_rocket_FeaturedMoE_v2_hparam_P1S_G2_C3_serial_L17_T009_20260307_232339
    [Device] CUDA_VISIBLE_DEVICES=2 | torch_device=cuda:0 (NVIDIA RTX A5000)
    [DataCache] save_dataset=True save_dataloaders=False | checkpoint_dir=saved/recbole_cache/retail_rocket_feature_added_session_len10 | dataloaders_save_path=saved/recbole_cache/retail_rocket_feature_added_session_len10/retail_rocket-for-dataloader.pth
    [DataPrep] cache_hit=memory, create_dataset=0.00s, data_preparation=0.00s, n_items=90212
  -> MRR@20=0.2403  best=0.2657  (early_stop@18, trial=6.9min, avg=13.2min/trial, total=1.97h, ETA=39.5min)
[Wandb] trial finished name=tune_retail_rocket_FeaturedMoE_v2_hparam_P1S_G2_C3_serial_L17_T009_20260307_232339

[10/12] learning_rate=0.0003642, weight_decay=0
[Wandb] trial 10 started project=2026_FMoE_hyperopt name=tune_retail_rocket_FeaturedMoE_v2_hparam_P1S_G2_C3_serial_L17_T010_20260307_233036
    [Device] CUDA_VISIBLE_DEVICES=2 | torch_device=cuda:0 (NVIDIA RTX A5000)
    [DataCache] save_dataset=True save_dataloaders=False | checkpoint_dir=saved/recbole_cache/retail_rocket_feature_added_session_len10 | dataloaders_save_path=saved/recbole_cache/retail_rocket_feature_added_session_len10/retail_rocket-for-dataloader.pth
    [DataPrep] cache_hit=memory, create_dataset=0.00s, data_preparation=0.00s, n_items=90212
  -> MRR@20=0.2657  best=0.2657  (early_stop@40, trial=15.3min, avg=13.4min/trial, total=2.23h, ETA=26.8min)
[Wandb] trial finished name=tune_retail_rocket_FeaturedMoE_v2_hparam_P1S_G2_C3_serial_L17_T010_20260307_233036

[11/12] learning_rate=0.0006986, weight_decay=0
[Wandb] trial 11 started project=2026_FMoE_hyperopt name=tune_retail_rocket_FeaturedMoE_v2_hparam_P1S_G2_C3_serial_L17_T011_20260307_234556
    [Device] CUDA_VISIBLE_DEVICES=2 | torch_device=cuda:0 (NVIDIA RTX A5000)
    [DataCache] save_dataset=True save_dataloaders=False | checkpoint_dir=saved/recbole_cache/retail_rocket_feature_added_session_len10 | dataloaders_save_path=saved/recbole_cache/retail_rocket_feature_added_session_len10/retail_rocket-for-dataloader.pth
    [DataPrep] cache_hit=memory, create_dataset=0.00s, data_preparation=0.00s, n_items=90212
  -> MRR@20=0.2653  best=0.2657  (early_stop@26, trial=9.9min, avg=13.1min/trial, total=2.40h, ETA=13.1min)
[Wandb] trial finished name=tune_retail_rocket_FeaturedMoE_v2_hparam_P1S_G2_C3_serial_L17_T011_20260307_234556

[12/12] learning_rate=0.004238, weight_decay=1.447e-06
[Wandb] trial 12 started project=2026_FMoE_hyperopt name=tune_retail_rocket_FeaturedMoE_v2_hparam_P1S_G2_C3_serial_L17_T012_20260307_235555
    [Device] CUDA_VISIBLE_DEVICES=2 | torch_device=cuda:0 (NVIDIA RTX A5000)
    [DataCache] save_dataset=True save_dataloaders=False | checkpoint_dir=saved/recbole_cache/retail_rocket_feature_added_session_len10 | dataloaders_save_path=saved/recbole_cache/retail_rocket_feature_added_session_len10/retail_rocket-for-dataloader.pth
    [DataPrep] cache_hit=memory, create_dataset=0.00s, data_preparation=0.00s, n_items=90212
  -> MRR@20=0.0449  best=0.2657  (full@50, trial=19.1min, avg=13.6min/trial, total=2.72h, ETA=0s)
[Wandb] trial finished name=tune_retail_rocket_FeaturedMoE_v2_hparam_P1S_G2_C3_serial_L17_T012_20260307_235555

=================================================================
  DONE  |  FeaturedMoE_v2 x retail_rocket
  Best MRR@20 = 0.2657  |  12/12 trials OK
  Total time: 163.1 min
  Best params:
    learning_rate: 0.000278342
    weight_decay: 0
  Results -> /workspace/jy1559/FMoE/experiments/run/artifacts/results/fmoe_v2/retail_rocket_FeaturedMoE_v2_p1s_g2_c3_serial_l17_20260307_213205_432859_pid236260.json
=================================================================

[RUN_STATUS] END status=normal pid=236260 start=2026-03-07T21:32:05 end=2026-03-08T00:15:09
