[RUN_STATUS] START pid=247382 ts=2026-03-08T03:26:32

=================================================================
  Hyperopt TPE  |  FeaturedMoE_v2 x retail_rocket
  max_evals=12  epochs=50  patience=10  wandb=ON
  batch_size(train/valid/test)=4096/4096/4096
  track=fmoe_v2  axis=hparam  phase=P1S_G0_C7_serial_L6
=================================================================
Changed knobs: learning_rate, weight_decay
Tuned params(len>1): 2  (~1 discrete combos)
Tuned groups: 2
  [optimization]
    learning_rate                   [0.01, 0.005, 0.0025, 0.001, 0.0005, 0.00025, 0.0001]  -> loguniform
    weight_decay                    [0, 1e-06, 1e-05, 0.0001, 0.001]          -> loguniform_zero
Fixed params(singleton/non-list): 33
Fixed groups: 33
  [optimization]
    balance_loss_lambda             0.01                                    
    hidden_dropout_prob             0.1                                     
  [model_core]
    d_expert_hidden                 128                                     
    d_feat_emb                      16                                      
    d_router_hidden                 64                                      
    embedding_size                  128                                     
    expert_scale                    3                                       
    num_heads                       8                                       
  [layout]
    fmoe_v2_layout_id               6                                       
  [routing_moe]
    micro_router_temperature_start  1.3                                     
    mid_router_temperature_start    1.3                                     
    moe_top_k                       0                                       
    moe_top_k_policy                auto                                    
    moe_top_k_ratio                 0.5                                     
    moe_top_k_start                 0                                       
    moe_top_k_warmup_until          0                                       
    router_impl                     learned                                 
    router_impl_by_stage            {}                                      
    rule_router.feature_per_expert  4                                       
    rule_router.n_bins              5                                       
  [schedule]
    alpha_warmup_end                1.0                                     
    alpha_warmup_start              0.0                                     
    alpha_warmup_until              0                                       
    fmoe_schedule_enable            False                                   
    temperature_warmup_until        0                                       
  [merge_hir]
    fmoe_v2_parallel_stage_gate_temperature  1.0                                     
    fmoe_v2_parallel_stage_gate_top_k  0                                       
    fmoe_v2_stage_merge_aux_enable  False                                   
    fmoe_v2_stage_merge_aux_lambda_scale  1.0                                     
  [other]
    MAX_ITEM_LIST_LENGTH            10                                      
    fmoe_stage_execution_mode       serial                                  
    fmoe_v2_feature_spec_aux_enable  False                                   
    fmoe_v2_feature_spec_aux_lambda  0.0                                     
Layout details:
  execution(fixed)=serial
  id=6 exec=serial pre=0 post=0 total_layers=4 total_moe=3 | macro(pass=0,moe=2) | mid(pass=0,moe=1) | micro(pass=1,moe=0)

[Wandb] per-trial mode enabled project=2026_FMoE_hyperopt

[1/12] learning_rate=0.008641, weight_decay=0
[Wandb] trial 1 started project=2026_FMoE_hyperopt name=tune_retail_rocket_FeaturedMoE_v2_hparam_P1S_G0_C7_serial_L6_T001_20260308_032633
    [Device] CUDA_VISIBLE_DEVICES=0 | torch_device=cuda:0 (NVIDIA RTX A5000)
    [DataCache] save_dataset=True save_dataloaders=False | checkpoint_dir=saved/recbole_cache/retail_rocket_feature_added_session_len10 | dataloaders_save_path=saved/recbole_cache/retail_rocket_feature_added_session_len10/retail_rocket-for-dataloader.pth
    [DataPrep] cache_hit=disk_or_build, create_dataset=0.47s, data_preparation=1.34s, n_items=90212
  -> MRR@20=0.1919  best=0.1919  (early_stop@49, trial=16.5min, avg=16.6min/trial, total=16.6min, ETA=3.05h)
[Wandb] trial finished name=tune_retail_rocket_FeaturedMoE_v2_hparam_P1S_G0_C7_serial_L6_T001_20260308_032633

[2/12] learning_rate=0.0002067, weight_decay=1.171e-05
[Wandb] trial 2 started project=2026_FMoE_hyperopt name=tune_retail_rocket_FeaturedMoE_v2_hparam_P1S_G0_C7_serial_L6_T002_20260308_034312
    [Device] CUDA_VISIBLE_DEVICES=0 | torch_device=cuda:0 (NVIDIA RTX A5000)
    [DataCache] save_dataset=True save_dataloaders=False | checkpoint_dir=saved/recbole_cache/retail_rocket_feature_added_session_len10 | dataloaders_save_path=saved/recbole_cache/retail_rocket_feature_added_session_len10/retail_rocket-for-dataloader.pth
    [DataPrep] cache_hit=memory, create_dataset=0.00s, data_preparation=0.00s, n_items=90212
  -> MRR@20=0.2664  best=0.2664  (full@50, trial=16.9min, avg=16.8min/trial, total=33.6min, ETA=2.80h)
[Wandb] trial finished name=tune_retail_rocket_FeaturedMoE_v2_hparam_P1S_G0_C7_serial_L6_T002_20260308_034312

[3/12] learning_rate=0.001783, weight_decay=0
[Wandb] trial 3 started project=2026_FMoE_hyperopt name=tune_retail_rocket_FeaturedMoE_v2_hparam_P1S_G0_C7_serial_L6_T003_20260308_040011
    [Device] CUDA_VISIBLE_DEVICES=0 | torch_device=cuda:0 (NVIDIA RTX A5000)
    [DataCache] save_dataset=True save_dataloaders=False | checkpoint_dir=saved/recbole_cache/retail_rocket_feature_added_session_len10 | dataloaders_save_path=saved/recbole_cache/retail_rocket_feature_added_session_len10/retail_rocket-for-dataloader.pth
    [DataPrep] cache_hit=memory, create_dataset=0.00s, data_preparation=0.00s, n_items=90212
  -> MRR@20=0.2612  best=0.2664  (early_stop@17, trial=5.6min, avg=13.1min/trial, total=39.3min, ETA=1.97h)
[Wandb] trial finished name=tune_retail_rocket_FeaturedMoE_v2_hparam_P1S_G0_C7_serial_L6_T003_20260308_040011

[4/12] learning_rate=0.0001102, weight_decay=2.735e-06
[Wandb] trial 4 started project=2026_FMoE_hyperopt name=tune_retail_rocket_FeaturedMoE_v2_hparam_P1S_G0_C7_serial_L6_T004_20260308_040553
    [Device] CUDA_VISIBLE_DEVICES=0 | torch_device=cuda:0 (NVIDIA RTX A5000)
    [DataCache] save_dataset=True save_dataloaders=False | checkpoint_dir=saved/recbole_cache/retail_rocket_feature_added_session_len10 | dataloaders_save_path=saved/recbole_cache/retail_rocket_feature_added_session_len10/retail_rocket-for-dataloader.pth
    [DataPrep] cache_hit=memory, create_dataset=0.00s, data_preparation=0.00s, n_items=90212
  -> MRR@20=0.2569  best=0.2664  (full@50, trial=16.7min, avg=14.0min/trial, total=56.1min, ETA=1.87h)
[Wandb] trial finished name=tune_retail_rocket_FeaturedMoE_v2_hparam_P1S_G0_C7_serial_L6_T004_20260308_040553

[5/12] learning_rate=0.0001664, weight_decay=1.387e-06
[Wandb] trial 5 started project=2026_FMoE_hyperopt name=tune_retail_rocket_FeaturedMoE_v2_hparam_P1S_G0_C7_serial_L6_T005_20260308_042237
    [Device] CUDA_VISIBLE_DEVICES=0 | torch_device=cuda:0 (NVIDIA RTX A5000)
    [DataCache] save_dataset=True save_dataloaders=False | checkpoint_dir=saved/recbole_cache/retail_rocket_feature_added_session_len10 | dataloaders_save_path=saved/recbole_cache/retail_rocket_feature_added_session_len10/retail_rocket-for-dataloader.pth
    [DataPrep] cache_hit=memory, create_dataset=0.00s, data_preparation=0.00s, n_items=90212
  -> MRR@20=0.2643  best=0.2664  (full@50, trial=16.5min, avg=14.5min/trial, total=1.21h, ETA=1.69h)
[Wandb] trial finished name=tune_retail_rocket_FeaturedMoE_v2_hparam_P1S_G0_C7_serial_L6_T005_20260308_042237

[6/12] learning_rate=0.002966, weight_decay=3.364e-05
[Wandb] trial 6 started project=2026_FMoE_hyperopt name=tune_retail_rocket_FeaturedMoE_v2_hparam_P1S_G0_C7_serial_L6_T006_20260308_043912
    [Device] CUDA_VISIBLE_DEVICES=0 | torch_device=cuda:0 (NVIDIA RTX A5000)
    [DataCache] save_dataset=True save_dataloaders=False | checkpoint_dir=saved/recbole_cache/retail_rocket_feature_added_session_len10 | dataloaders_save_path=saved/recbole_cache/retail_rocket_feature_added_session_len10/retail_rocket-for-dataloader.pth
    [DataPrep] cache_hit=memory, create_dataset=0.00s, data_preparation=0.00s, n_items=90212
  -> MRR@20=0.2552  best=0.2664  (early_stop@15, trial=5.0min, avg=12.9min/trial, total=1.29h, ETA=1.29h)
[Wandb] trial finished name=tune_retail_rocket_FeaturedMoE_v2_hparam_P1S_G0_C7_serial_L6_T006_20260308_043912

[7/12] learning_rate=0.005757, weight_decay=0
[Wandb] trial 7 started project=2026_FMoE_hyperopt name=tune_retail_rocket_FeaturedMoE_v2_hparam_P1S_G0_C7_serial_L6_T007_20260308_044413
    [Device] CUDA_VISIBLE_DEVICES=0 | torch_device=cuda:0 (NVIDIA RTX A5000)
    [DataCache] save_dataset=True save_dataloaders=False | checkpoint_dir=saved/recbole_cache/retail_rocket_feature_added_session_len10 | dataloaders_save_path=saved/recbole_cache/retail_rocket_feature_added_session_len10/retail_rocket-for-dataloader.pth
    [DataPrep] cache_hit=memory, create_dataset=0.00s, data_preparation=0.00s, n_items=90212
  -> MRR@20=0.2413  best=0.2664  (early_stop@20, trial=6.6min, avg=12.0min/trial, total=1.41h, ETA=1.00h)
[Wandb] trial finished name=tune_retail_rocket_FeaturedMoE_v2_hparam_P1S_G0_C7_serial_L6_T007_20260308_044413

[8/12] learning_rate=0.001178, weight_decay=0
[Wandb] trial 8 started project=2026_FMoE_hyperopt name=tune_retail_rocket_FeaturedMoE_v2_hparam_P1S_G0_C7_serial_L6_T008_20260308_045053
    [Device] CUDA_VISIBLE_DEVICES=0 | torch_device=cuda:0 (NVIDIA RTX A5000)
    [DataCache] save_dataset=True save_dataloaders=False | checkpoint_dir=saved/recbole_cache/retail_rocket_feature_added_session_len10 | dataloaders_save_path=saved/recbole_cache/retail_rocket_feature_added_session_len10/retail_rocket-for-dataloader.pth
    [DataPrep] cache_hit=memory, create_dataset=0.00s, data_preparation=0.00s, n_items=90212
  -> MRR@20=0.2629  best=0.2664  (early_stop@20, trial=6.6min, avg=11.4min/trial, total=1.52h, ETA=45.5min)
[Wandb] trial finished name=tune_retail_rocket_FeaturedMoE_v2_hparam_P1S_G0_C7_serial_L6_T008_20260308_045053

[9/12] learning_rate=0.003548, weight_decay=0
[Wandb] trial 9 started project=2026_FMoE_hyperopt name=tune_retail_rocket_FeaturedMoE_v2_hparam_P1S_G0_C7_serial_L6_T009_20260308_045731
    [Device] CUDA_VISIBLE_DEVICES=0 | torch_device=cuda:0 (NVIDIA RTX A5000)
    [DataCache] save_dataset=True save_dataloaders=False | checkpoint_dir=saved/recbole_cache/retail_rocket_feature_added_session_len10 | dataloaders_save_path=saved/recbole_cache/retail_rocket_feature_added_session_len10/retail_rocket-for-dataloader.pth
    [DataPrep] cache_hit=memory, create_dataset=0.00s, data_preparation=0.00s, n_items=90212
  -> MRR@20=0.2529  best=0.2664  (early_stop@14, trial=4.6min, avg=10.6min/trial, total=1.59h, ETA=31.9min)
[Wandb] trial finished name=tune_retail_rocket_FeaturedMoE_v2_hparam_P1S_G0_C7_serial_L6_T009_20260308_045731

[10/12] learning_rate=0.001245, weight_decay=0
[Wandb] trial 10 started project=2026_FMoE_hyperopt name=tune_retail_rocket_FeaturedMoE_v2_hparam_P1S_G0_C7_serial_L6_T010_20260308_050212
    [Device] CUDA_VISIBLE_DEVICES=0 | torch_device=cuda:0 (NVIDIA RTX A5000)
    [DataCache] save_dataset=True save_dataloaders=False | checkpoint_dir=saved/recbole_cache/retail_rocket_feature_added_session_len10 | dataloaders_save_path=saved/recbole_cache/retail_rocket_feature_added_session_len10/retail_rocket-for-dataloader.pth
    [DataPrep] cache_hit=memory, create_dataset=0.00s, data_preparation=0.00s, n_items=90212
  -> MRR@20=0.2627  best=0.2664  (early_stop@20, trial=6.6min, avg=10.2min/trial, total=1.70h, ETA=20.5min)
[Wandb] trial finished name=tune_retail_rocket_FeaturedMoE_v2_hparam_P1S_G0_C7_serial_L6_T010_20260308_050212

[11/12] learning_rate=0.0003022, weight_decay=0
[Wandb] trial 11 started project=2026_FMoE_hyperopt name=tune_retail_rocket_FeaturedMoE_v2_hparam_P1S_G0_C7_serial_L6_T011_20260308_050851
    [Device] CUDA_VISIBLE_DEVICES=0 | torch_device=cuda:0 (NVIDIA RTX A5000)
    [DataCache] save_dataset=True save_dataloaders=False | checkpoint_dir=saved/recbole_cache/retail_rocket_feature_added_session_len10 | dataloaders_save_path=saved/recbole_cache/retail_rocket_feature_added_session_len10/retail_rocket-for-dataloader.pth
    [DataPrep] cache_hit=memory, create_dataset=0.00s, data_preparation=0.00s, n_items=90212
  -> MRR@20=0.2655  best=0.2664  (early_stop@44, trial=14.5min, avg=10.6min/trial, total=1.95h, ETA=10.6min)
[Wandb] trial finished name=tune_retail_rocket_FeaturedMoE_v2_hparam_P1S_G0_C7_serial_L6_T011_20260308_050851

[12/12] learning_rate=0.00561, weight_decay=3.124e-06
[Wandb] trial 12 started project=2026_FMoE_hyperopt name=tune_retail_rocket_FeaturedMoE_v2_hparam_P1S_G0_C7_serial_L6_T012_20260308_052323
    [Device] CUDA_VISIBLE_DEVICES=0 | torch_device=cuda:0 (NVIDIA RTX A5000)
    [DataCache] save_dataset=True save_dataloaders=False | checkpoint_dir=saved/recbole_cache/retail_rocket_feature_added_session_len10 | dataloaders_save_path=saved/recbole_cache/retail_rocket_feature_added_session_len10/retail_rocket-for-dataloader.pth
    [DataPrep] cache_hit=memory, create_dataset=0.00s, data_preparation=0.00s, n_items=90212
  -> MRR@20=0.2471  best=0.2664  (early_stop@20, trial=6.6min, avg=10.3min/trial, total=2.06h, ETA=0s)
[Wandb] trial finished name=tune_retail_rocket_FeaturedMoE_v2_hparam_P1S_G0_C7_serial_L6_T012_20260308_052323

=================================================================
  DONE  |  FeaturedMoE_v2 x retail_rocket
  Best MRR@20 = 0.2664  |  12/12 trials OK
  Total time: 123.5 min
  Best params:
    learning_rate: 0.000206726
    weight_decay: 1.17075e-05
  Results -> /workspace/jy1559/FMoE/experiments/run/artifacts/results/fmoe_v2/retail_rocket_FeaturedMoE_v2_p1s_g0_c7_serial_l6_20260308_032632_464559_pid247382.json
=================================================================

[RUN_STATUS] END status=normal pid=247382 start=2026-03-08T03:26:32 end=2026-03-08T05:30:03
