[RUN_STATUS] START pid=225877 ts=2026-03-07T16:50:21

=================================================================
  Hyperopt TPE  |  FeaturedMoE_v2 x retail_rocket
  max_evals=12  epochs=50  patience=10  wandb=ON
  batch_size(train/valid/test)=4096/4096/4096
  track=fmoe_v2  axis=hparam  phase=P1S_G2_C1_serial_L15
=================================================================
Changed knobs: learning_rate, weight_decay
Tuned params(len>1): 2  (~1 discrete combos)
Tuned groups: 2
  [optimization]
    learning_rate                   [0.01, 0.005, 0.0025, 0.001, 0.0005, 0.00025, 0.0001]  -> loguniform
    weight_decay                    [0, 1e-06, 1e-05, 0.0001, 0.001]          -> loguniform_zero
Fixed params(singleton/non-list): 33
Fixed groups: 33
  [optimization]
    balance_loss_lambda             0.01                                    
    hidden_dropout_prob             0.1                                     
  [model_core]
    d_expert_hidden                 128                                     
    d_feat_emb                      16                                      
    d_router_hidden                 64                                      
    embedding_size                  128                                     
    expert_scale                    3                                       
    num_heads                       8                                       
  [layout]
    fmoe_v2_layout_id               15                                      
  [routing_moe]
    micro_router_temperature_start  1.3                                     
    mid_router_temperature_start    1.3                                     
    moe_top_k                       0                                       
    moe_top_k_policy                auto                                    
    moe_top_k_ratio                 0.5                                     
    moe_top_k_start                 0                                       
    moe_top_k_warmup_until          0                                       
    router_impl                     learned                                 
    router_impl_by_stage            {}                                      
    rule_router.feature_per_expert  4                                       
    rule_router.n_bins              5                                       
  [schedule]
    alpha_warmup_end                1.0                                     
    alpha_warmup_start              0.0                                     
    alpha_warmup_until              0                                       
    fmoe_schedule_enable            False                                   
    temperature_warmup_until        0                                       
  [merge_hir]
    fmoe_v2_parallel_stage_gate_temperature  1.0                                     
    fmoe_v2_parallel_stage_gate_top_k  0                                       
    fmoe_v2_stage_merge_aux_enable  False                                   
    fmoe_v2_stage_merge_aux_lambda_scale  1.0                                     
  [other]
    MAX_ITEM_LIST_LENGTH            10                                      
    fmoe_stage_execution_mode       serial                                  
    fmoe_v2_feature_spec_aux_enable  False                                   
    fmoe_v2_feature_spec_aux_lambda  0.0                                     
Layout details:
  execution(fixed)=serial
  id=15 exec=serial pre=0 post=0 total_layers=5 total_moe=2 | macro(pass=1,moe=2) | mid(pass=1,moe=0) | micro(pass=1,moe=0)

[Wandb] per-trial mode enabled project=2026_FMoE_hyperopt

[1/12] learning_rate=0.0001065, weight_decay=1.153e-05
[Wandb] trial 1 started project=2026_FMoE_hyperopt name=tune_retail_rocket_FeaturedMoE_v2_hparam_P1S_G2_C1_serial_L15_T001_20260307_165022
    [Device] CUDA_VISIBLE_DEVICES=2 | torch_device=cuda:0 (NVIDIA RTX A5000)
    [DataCache] save_dataset=True save_dataloaders=False | checkpoint_dir=saved/recbole_cache/retail_rocket_feature_added_session_len10 | dataloaders_save_path=saved/recbole_cache/retail_rocket_feature_added_session_len10/retail_rocket-for-dataloader.pth
    [DataPrep] cache_hit=disk_or_build, create_dataset=29.07s, data_preparation=23.85s, n_items=90212
  -> MRR@20=0.2552  best=0.2552  (full@50, trial=15.9min, avg=16.8min/trial, total=16.8min, ETA=3.09h)
[Wandb] trial finished name=tune_retail_rocket_FeaturedMoE_v2_hparam_P1S_G2_C1_serial_L15_T001_20260307_165022

[2/12] learning_rate=0.0001626, weight_decay=1.391e-05
[Wandb] trial 2 started project=2026_FMoE_hyperopt name=tune_retail_rocket_FeaturedMoE_v2_hparam_P1S_G2_C1_serial_L15_T002_20260307_170758
    [Device] CUDA_VISIBLE_DEVICES=2 | torch_device=cuda:0 (NVIDIA RTX A5000)
    [DataCache] save_dataset=True save_dataloaders=False | checkpoint_dir=saved/recbole_cache/retail_rocket_feature_added_session_len10 | dataloaders_save_path=saved/recbole_cache/retail_rocket_feature_added_session_len10/retail_rocket-for-dataloader.pth
    [DataPrep] cache_hit=memory, create_dataset=0.00s, data_preparation=0.00s, n_items=90212
  -> MRR@20=0.2644  best=0.2644  (full@50, trial=15.9min, avg=16.8min/trial, total=33.6min, ETA=2.80h)
[Wandb] trial finished name=tune_retail_rocket_FeaturedMoE_v2_hparam_P1S_G2_C1_serial_L15_T002_20260307_170758

[3/12] learning_rate=0.000182, weight_decay=1.166e-06
[Wandb] trial 3 started project=2026_FMoE_hyperopt name=tune_retail_rocket_FeaturedMoE_v2_hparam_P1S_G2_C1_serial_L15_T003_20260307_172358
    [Device] CUDA_VISIBLE_DEVICES=2 | torch_device=cuda:0 (NVIDIA RTX A5000)
    [DataCache] save_dataset=True save_dataloaders=False | checkpoint_dir=saved/recbole_cache/retail_rocket_feature_added_session_len10 | dataloaders_save_path=saved/recbole_cache/retail_rocket_feature_added_session_len10/retail_rocket-for-dataloader.pth
    [DataPrep] cache_hit=memory, create_dataset=0.00s, data_preparation=0.00s, n_items=90212
  -> MRR@20=0.2655  best=0.2655  (full@50, trial=15.9min, avg=16.5min/trial, total=49.5min, ETA=2.48h)
[Wandb] trial finished name=tune_retail_rocket_FeaturedMoE_v2_hparam_P1S_G2_C1_serial_L15_T003_20260307_172358

[4/12] learning_rate=0.004846, weight_decay=1.647e-05
[Wandb] trial 4 started project=2026_FMoE_hyperopt name=tune_retail_rocket_FeaturedMoE_v2_hparam_P1S_G2_C1_serial_L15_T004_20260307_173952
    [Device] CUDA_VISIBLE_DEVICES=2 | torch_device=cuda:0 (NVIDIA RTX A5000)
    [DataCache] save_dataset=True save_dataloaders=False | checkpoint_dir=saved/recbole_cache/retail_rocket_feature_added_session_len10 | dataloaders_save_path=saved/recbole_cache/retail_rocket_feature_added_session_len10/retail_rocket-for-dataloader.pth
    [DataPrep] cache_hit=memory, create_dataset=0.00s, data_preparation=0.00s, n_items=90212
  -> MRR@20=0.2466  best=0.2655  (early_stop@23, trial=7.3min, avg=14.2min/trial, total=56.8min, ETA=1.89h)
[Wandb] trial finished name=tune_retail_rocket_FeaturedMoE_v2_hparam_P1S_G2_C1_serial_L15_T004_20260307_173952

[5/12] learning_rate=0.000946, weight_decay=3.448e-06
[Wandb] trial 5 started project=2026_FMoE_hyperopt name=tune_retail_rocket_FeaturedMoE_v2_hparam_P1S_G2_C1_serial_L15_T005_20260307_174712
    [Device] CUDA_VISIBLE_DEVICES=2 | torch_device=cuda:0 (NVIDIA RTX A5000)
    [DataCache] save_dataset=True save_dataloaders=False | checkpoint_dir=saved/recbole_cache/retail_rocket_feature_added_session_len10 | dataloaders_save_path=saved/recbole_cache/retail_rocket_feature_added_session_len10/retail_rocket-for-dataloader.pth
    [DataPrep] cache_hit=memory, create_dataset=0.00s, data_preparation=0.00s, n_items=90212
  -> MRR@20=0.2644  best=0.2655  (early_stop@22, trial=7.0min, avg=12.8min/trial, total=1.06h, ETA=1.49h)
[Wandb] trial finished name=tune_retail_rocket_FeaturedMoE_v2_hparam_P1S_G2_C1_serial_L15_T005_20260307_174712

[6/12] learning_rate=0.001594, weight_decay=0
[Wandb] trial 6 started project=2026_FMoE_hyperopt name=tune_retail_rocket_FeaturedMoE_v2_hparam_P1S_G2_C1_serial_L15_T006_20260307_175412
    [Device] CUDA_VISIBLE_DEVICES=2 | torch_device=cuda:0 (NVIDIA RTX A5000)
    [DataCache] save_dataset=True save_dataloaders=False | checkpoint_dir=saved/recbole_cache/retail_rocket_feature_added_session_len10 | dataloaders_save_path=saved/recbole_cache/retail_rocket_feature_added_session_len10/retail_rocket-for-dataloader.pth
    [DataPrep] cache_hit=memory, create_dataset=0.00s, data_preparation=0.00s, n_items=90212
  -> MRR@20=0.2627  best=0.2655  (early_stop@18, trial=5.7min, avg=11.6min/trial, total=1.16h, ETA=1.16h)
[Wandb] trial finished name=tune_retail_rocket_FeaturedMoE_v2_hparam_P1S_G2_C1_serial_L15_T006_20260307_175412

[7/12] learning_rate=0.003822, weight_decay=1.191e-06
[Wandb] trial 7 started project=2026_FMoE_hyperopt name=tune_retail_rocket_FeaturedMoE_v2_hparam_P1S_G2_C1_serial_L15_T007_20260307_175958
    [Device] CUDA_VISIBLE_DEVICES=2 | torch_device=cuda:0 (NVIDIA RTX A5000)
    [DataCache] save_dataset=True save_dataloaders=False | checkpoint_dir=saved/recbole_cache/retail_rocket_feature_added_session_len10 | dataloaders_save_path=saved/recbole_cache/retail_rocket_feature_added_session_len10/retail_rocket-for-dataloader.pth
    [DataPrep] cache_hit=memory, create_dataset=0.00s, data_preparation=0.00s, n_items=90212
  -> MRR@20=0.2521  best=0.2655  (early_stop@17, trial=5.4min, avg=10.7min/trial, total=1.25h, ETA=53.6min)
[Wandb] trial finished name=tune_retail_rocket_FeaturedMoE_v2_hparam_P1S_G2_C1_serial_L15_T007_20260307_175958

[8/12] learning_rate=0.001838, weight_decay=0.0002062
[Wandb] trial 8 started project=2026_FMoE_hyperopt name=tune_retail_rocket_FeaturedMoE_v2_hparam_P1S_G2_C1_serial_L15_T008_20260307_180523
    [Device] CUDA_VISIBLE_DEVICES=2 | torch_device=cuda:0 (NVIDIA RTX A5000)
    [DataCache] save_dataset=True save_dataloaders=False | checkpoint_dir=saved/recbole_cache/retail_rocket_feature_added_session_len10 | dataloaders_save_path=saved/recbole_cache/retail_rocket_feature_added_session_len10/retail_rocket-for-dataloader.pth
    [DataPrep] cache_hit=memory, create_dataset=0.00s, data_preparation=0.00s, n_items=90212
  -> MRR@20=0.2599  best=0.2655  (early_stop@26, trial=8.2min, avg=10.4min/trial, total=1.39h, ETA=41.6min)
[Wandb] trial finished name=tune_retail_rocket_FeaturedMoE_v2_hparam_P1S_G2_C1_serial_L15_T008_20260307_180523

[9/12] learning_rate=0.0001458, weight_decay=2.126e-05
[Wandb] trial 9 started project=2026_FMoE_hyperopt name=tune_retail_rocket_FeaturedMoE_v2_hparam_P1S_G2_C1_serial_L15_T009_20260307_181340
    [Device] CUDA_VISIBLE_DEVICES=2 | torch_device=cuda:0 (NVIDIA RTX A5000)
    [DataCache] save_dataset=True save_dataloaders=False | checkpoint_dir=saved/recbole_cache/retail_rocket_feature_added_session_len10 | dataloaders_save_path=saved/recbole_cache/retail_rocket_feature_added_session_len10/retail_rocket-for-dataloader.pth
    [DataPrep] cache_hit=memory, create_dataset=0.00s, data_preparation=0.00s, n_items=90212
  -> MRR@20=0.2625  best=0.2655  (full@50, trial=15.8min, avg=11.0min/trial, total=1.65h, ETA=33.0min)
[Wandb] trial finished name=tune_retail_rocket_FeaturedMoE_v2_hparam_P1S_G2_C1_serial_L15_T009_20260307_181340

[10/12] learning_rate=0.0007171, weight_decay=0
[Wandb] trial 10 started project=2026_FMoE_hyperopt name=tune_retail_rocket_FeaturedMoE_v2_hparam_P1S_G2_C1_serial_L15_T010_20260307_182931
    [Device] CUDA_VISIBLE_DEVICES=2 | torch_device=cuda:0 (NVIDIA RTX A5000)
    [DataCache] save_dataset=True save_dataloaders=False | checkpoint_dir=saved/recbole_cache/retail_rocket_feature_added_session_len10 | dataloaders_save_path=saved/recbole_cache/retail_rocket_feature_added_session_len10/retail_rocket-for-dataloader.pth
    [DataPrep] cache_hit=memory, create_dataset=0.00s, data_preparation=0.00s, n_items=90212
  -> MRR@20=0.2652  best=0.2655  (early_stop@27, trial=8.5min, avg=10.8min/trial, total=1.80h, ETA=21.5min)
[Wandb] trial finished name=tune_retail_rocket_FeaturedMoE_v2_hparam_P1S_G2_C1_serial_L15_T010_20260307_182931

[11/12] learning_rate=0.005609, weight_decay=0.0005685
[Wandb] trial 11 started project=2026_FMoE_hyperopt name=tune_retail_rocket_FeaturedMoE_v2_hparam_P1S_G2_C1_serial_L15_T011_20260307_183805
    [Device] CUDA_VISIBLE_DEVICES=2 | torch_device=cuda:0 (NVIDIA RTX A5000)
    [DataCache] save_dataset=True save_dataloaders=False | checkpoint_dir=saved/recbole_cache/retail_rocket_feature_added_session_len10 | dataloaders_save_path=saved/recbole_cache/retail_rocket_feature_added_session_len10/retail_rocket-for-dataloader.pth
    [DataPrep] cache_hit=memory, create_dataset=0.00s, data_preparation=0.00s, n_items=90212
  -> MRR@20=0.1919  best=0.2655  (full@50, trial=15.8min, avg=11.2min/trial, total=2.06h, ETA=11.2min)
[Wandb] trial finished name=tune_retail_rocket_FeaturedMoE_v2_hparam_P1S_G2_C1_serial_L15_T011_20260307_183805

[12/12] learning_rate=0.007205, weight_decay=0.0002692
[Wandb] trial 12 started project=2026_FMoE_hyperopt name=tune_retail_rocket_FeaturedMoE_v2_hparam_P1S_G2_C1_serial_L15_T012_20260307_185356
    [Device] CUDA_VISIBLE_DEVICES=2 | torch_device=cuda:0 (NVIDIA RTX A5000)
    [DataCache] save_dataset=True save_dataloaders=False | checkpoint_dir=saved/recbole_cache/retail_rocket_feature_added_session_len10 | dataloaders_save_path=saved/recbole_cache/retail_rocket_feature_added_session_len10/retail_rocket-for-dataloader.pth
    [DataPrep] cache_hit=memory, create_dataset=0.00s, data_preparation=0.00s, n_items=90212
  -> MRR@20=0.2006  best=0.2655  (full@50, trial=15.8min, avg=11.6min/trial, total=2.32h, ETA=0s)
[Wandb] trial finished name=tune_retail_rocket_FeaturedMoE_v2_hparam_P1S_G2_C1_serial_L15_T012_20260307_185356

=================================================================
  DONE  |  FeaturedMoE_v2 x retail_rocket
  Best MRR@20 = 0.2655  |  12/12 trials OK
  Total time: 139.4 min
  Best params:
    learning_rate: 0.00018204
    weight_decay: 1.16635e-06
  Results -> /workspace/jy1559/FMoE/experiments/run/artifacts/results/fmoe_v2/retail_rocket_FeaturedMoE_v2_p1s_g2_c1_serial_l15_20260307_165021_498891_pid225877.json
=================================================================

[RUN_STATUS] END status=normal pid=225877 start=2026-03-07T16:50:21 end=2026-03-07T19:09:46
