[RUN_STATUS] START pid=245048 ts=2026-03-08T01:56:38

=================================================================
  Hyperopt TPE  |  FeaturedMoE_v2 x retail_rocket
  max_evals=12  epochs=50  patience=10  wandb=ON
  batch_size(train/valid/test)=4096/4096/4096
  track=fmoe_v2  axis=hparam  phase=P1S_G1_C5_serial_L9
=================================================================
Changed knobs: learning_rate, weight_decay
Tuned params(len>1): 2  (~1 discrete combos)
Tuned groups: 2
  [optimization]
    learning_rate                   [0.01, 0.005, 0.0025, 0.001, 0.0005, 0.00025, 0.0001]  -> loguniform
    weight_decay                    [0, 1e-06, 1e-05, 0.0001, 0.001]          -> loguniform_zero
Fixed params(singleton/non-list): 33
Fixed groups: 33
  [optimization]
    balance_loss_lambda             0.01                                    
    hidden_dropout_prob             0.1                                     
  [model_core]
    d_expert_hidden                 128                                     
    d_feat_emb                      16                                      
    d_router_hidden                 64                                      
    embedding_size                  128                                     
    expert_scale                    3                                       
    num_heads                       8                                       
  [layout]
    fmoe_v2_layout_id               9                                       
  [routing_moe]
    micro_router_temperature_start  1.3                                     
    mid_router_temperature_start    1.3                                     
    moe_top_k                       0                                       
    moe_top_k_policy                auto                                    
    moe_top_k_ratio                 0.5                                     
    moe_top_k_start                 0                                       
    moe_top_k_warmup_until          0                                       
    router_impl                     learned                                 
    router_impl_by_stage            {}                                      
    rule_router.feature_per_expert  4                                       
    rule_router.n_bins              5                                       
  [schedule]
    alpha_warmup_end                1.0                                     
    alpha_warmup_start              0.0                                     
    alpha_warmup_until              0                                       
    fmoe_schedule_enable            False                                   
    temperature_warmup_until        0                                       
  [merge_hir]
    fmoe_v2_parallel_stage_gate_temperature  1.0                                     
    fmoe_v2_parallel_stage_gate_top_k  0                                       
    fmoe_v2_stage_merge_aux_enable  False                                   
    fmoe_v2_stage_merge_aux_lambda_scale  1.0                                     
  [other]
    MAX_ITEM_LIST_LENGTH            10                                      
    fmoe_stage_execution_mode       serial                                  
    fmoe_v2_feature_spec_aux_enable  False                                   
    fmoe_v2_feature_spec_aux_lambda  0.0                                     
Layout details:
  execution(fixed)=serial
  id=9 exec=serial pre=0 post=0 total_layers=4 total_moe=2 | macro(pass=1,moe=1) | mid(pass=1,moe=0) | micro(pass=0,moe=1)

[Wandb] per-trial mode enabled project=2026_FMoE_hyperopt

[1/12] learning_rate=0.00763, weight_decay=1.299e-06
[Wandb] trial 1 started project=2026_FMoE_hyperopt name=tune_retail_rocket_FeaturedMoE_v2_hparam_P1S_G1_C5_serial_L9_T001_20260308_015639
    [Device] CUDA_VISIBLE_DEVICES=1 | torch_device=cuda:0 (NVIDIA RTX A5000)
    [DataCache] save_dataset=True save_dataloaders=False | checkpoint_dir=saved/recbole_cache/retail_rocket_feature_added_session_len10 | dataloaders_save_path=saved/recbole_cache/retail_rocket_feature_added_session_len10/retail_rocket-for-dataloader.pth
    [DataPrep] cache_hit=disk_or_build, create_dataset=0.45s, data_preparation=1.49s, n_items=90212
  -> MRR@20=0.0209  best=0.0209  (full@50, trial=15.1min, avg=15.2min/trial, total=15.2min, ETA=2.78h)
[Wandb] trial finished name=tune_retail_rocket_FeaturedMoE_v2_hparam_P1S_G1_C5_serial_L9_T001_20260308_015639

[2/12] learning_rate=0.0001187, weight_decay=0
[Wandb] trial 2 started project=2026_FMoE_hyperopt name=tune_retail_rocket_FeaturedMoE_v2_hparam_P1S_G1_C5_serial_L9_T002_20260308_021151
    [Device] CUDA_VISIBLE_DEVICES=1 | torch_device=cuda:0 (NVIDIA RTX A5000)
    [DataCache] save_dataset=True save_dataloaders=False | checkpoint_dir=saved/recbole_cache/retail_rocket_feature_added_session_len10 | dataloaders_save_path=saved/recbole_cache/retail_rocket_feature_added_session_len10/retail_rocket-for-dataloader.pth
    [DataPrep] cache_hit=memory, create_dataset=0.00s, data_preparation=0.00s, n_items=90212
  -> MRR@20=0.2587  best=0.2587  (full@50, trial=15.3min, avg=15.3min/trial, total=30.5min, ETA=2.54h)
[Wandb] trial finished name=tune_retail_rocket_FeaturedMoE_v2_hparam_P1S_G1_C5_serial_L9_T002_20260308_021151

[3/12] learning_rate=0.0002647, weight_decay=0.0006727
[Wandb] trial 3 started project=2026_FMoE_hyperopt name=tune_retail_rocket_FeaturedMoE_v2_hparam_P1S_G1_C5_serial_L9_T003_20260308_022710
    [Device] CUDA_VISIBLE_DEVICES=1 | torch_device=cuda:0 (NVIDIA RTX A5000)
    [DataCache] save_dataset=True save_dataloaders=False | checkpoint_dir=saved/recbole_cache/retail_rocket_feature_added_session_len10 | dataloaders_save_path=saved/recbole_cache/retail_rocket_feature_added_session_len10/retail_rocket-for-dataloader.pth
    [DataPrep] cache_hit=memory, create_dataset=0.00s, data_preparation=0.00s, n_items=90212
  -> MRR@20=0.2267  best=0.2587  (full@50, trial=15.4min, avg=15.3min/trial, total=45.9min, ETA=2.30h)
[Wandb] trial finished name=tune_retail_rocket_FeaturedMoE_v2_hparam_P1S_G1_C5_serial_L9_T003_20260308_022710

[4/12] learning_rate=0.0003107, weight_decay=1.386e-05
[Wandb] trial 4 started project=2026_FMoE_hyperopt name=tune_retail_rocket_FeaturedMoE_v2_hparam_P1S_G1_C5_serial_L9_T004_20260308_024235
    [Device] CUDA_VISIBLE_DEVICES=1 | torch_device=cuda:0 (NVIDIA RTX A5000)
    [DataCache] save_dataset=True save_dataloaders=False | checkpoint_dir=saved/recbole_cache/retail_rocket_feature_added_session_len10 | dataloaders_save_path=saved/recbole_cache/retail_rocket_feature_added_session_len10/retail_rocket-for-dataloader.pth
    [DataPrep] cache_hit=memory, create_dataset=0.00s, data_preparation=0.00s, n_items=90212
  -> MRR@20=0.2675  best=0.2675  (early_stop@47, trial=13.7min, avg=14.9min/trial, total=59.7min, ETA=1.99h)
[Wandb] trial finished name=tune_retail_rocket_FeaturedMoE_v2_hparam_P1S_G1_C5_serial_L9_T004_20260308_024235

[5/12] learning_rate=0.0001207, weight_decay=0
[Wandb] trial 5 started project=2026_FMoE_hyperopt name=tune_retail_rocket_FeaturedMoE_v2_hparam_P1S_G1_C5_serial_L9_T005_20260308_025623
    [Device] CUDA_VISIBLE_DEVICES=1 | torch_device=cuda:0 (NVIDIA RTX A5000)
    [DataCache] save_dataset=True save_dataloaders=False | checkpoint_dir=saved/recbole_cache/retail_rocket_feature_added_session_len10 | dataloaders_save_path=saved/recbole_cache/retail_rocket_feature_added_session_len10/retail_rocket-for-dataloader.pth
    [DataPrep] cache_hit=memory, create_dataset=0.00s, data_preparation=0.00s, n_items=90212
  -> MRR@20=0.2589  best=0.2675  (full@50, trial=14.4min, avg=14.8min/trial, total=1.24h, ETA=1.73h)
[Wandb] trial finished name=tune_retail_rocket_FeaturedMoE_v2_hparam_P1S_G1_C5_serial_L9_T005_20260308_025623

[6/12] learning_rate=0.0001719, weight_decay=0.000165
[Wandb] trial 6 started project=2026_FMoE_hyperopt name=tune_retail_rocket_FeaturedMoE_v2_hparam_P1S_G1_C5_serial_L9_T006_20260308_031050
    [Device] CUDA_VISIBLE_DEVICES=1 | torch_device=cuda:0 (NVIDIA RTX A5000)
    [DataCache] save_dataset=True save_dataloaders=False | checkpoint_dir=saved/recbole_cache/retail_rocket_feature_added_session_len10 | dataloaders_save_path=saved/recbole_cache/retail_rocket_feature_added_session_len10/retail_rocket-for-dataloader.pth
    [DataPrep] cache_hit=memory, create_dataset=0.00s, data_preparation=0.00s, n_items=90212
  -> MRR@20=0.2532  best=0.2675  (full@50, trial=14.5min, avg=14.8min/trial, total=1.48h, ETA=1.48h)
[Wandb] trial finished name=tune_retail_rocket_FeaturedMoE_v2_hparam_P1S_G1_C5_serial_L9_T006_20260308_031050

[7/12] learning_rate=0.0005815, weight_decay=0
[Wandb] trial 7 started project=2026_FMoE_hyperopt name=tune_retail_rocket_FeaturedMoE_v2_hparam_P1S_G1_C5_serial_L9_T007_20260308_032525
    [Device] CUDA_VISIBLE_DEVICES=1 | torch_device=cuda:0 (NVIDIA RTX A5000)
    [DataCache] save_dataset=True save_dataloaders=False | checkpoint_dir=saved/recbole_cache/retail_rocket_feature_added_session_len10 | dataloaders_save_path=saved/recbole_cache/retail_rocket_feature_added_session_len10/retail_rocket-for-dataloader.pth
    [DataPrep] cache_hit=memory, create_dataset=0.00s, data_preparation=0.00s, n_items=90212
  -> MRR@20=0.2656  best=0.2675  (early_stop@29, trial=8.4min, avg=13.9min/trial, total=1.62h, ETA=1.16h)
[Wandb] trial finished name=tune_retail_rocket_FeaturedMoE_v2_hparam_P1S_G1_C5_serial_L9_T007_20260308_032525

[8/12] learning_rate=0.004085, weight_decay=0
[Wandb] trial 8 started project=2026_FMoE_hyperopt name=tune_retail_rocket_FeaturedMoE_v2_hparam_P1S_G1_C5_serial_L9_T008_20260308_033353
    [Device] CUDA_VISIBLE_DEVICES=1 | torch_device=cuda:0 (NVIDIA RTX A5000)
    [DataCache] save_dataset=True save_dataloaders=False | checkpoint_dir=saved/recbole_cache/retail_rocket_feature_added_session_len10 | dataloaders_save_path=saved/recbole_cache/retail_rocket_feature_added_session_len10/retail_rocket-for-dataloader.pth
    [DataPrep] cache_hit=memory, create_dataset=0.00s, data_preparation=0.00s, n_items=90212
  -> MRR@20=0.2530  best=0.2675  (early_stop@15, trial=4.4min, avg=12.7min/trial, total=1.69h, ETA=50.8min)
[Wandb] trial finished name=tune_retail_rocket_FeaturedMoE_v2_hparam_P1S_G1_C5_serial_L9_T008_20260308_033353

[9/12] learning_rate=0.0004943, weight_decay=0.0001711
[Wandb] trial 9 started project=2026_FMoE_hyperopt name=tune_retail_rocket_FeaturedMoE_v2_hparam_P1S_G1_C5_serial_L9_T009_20260308_033818
    [Device] CUDA_VISIBLE_DEVICES=1 | torch_device=cuda:0 (NVIDIA RTX A5000)
    [DataCache] save_dataset=True save_dataloaders=False | checkpoint_dir=saved/recbole_cache/retail_rocket_feature_added_session_len10 | dataloaders_save_path=saved/recbole_cache/retail_rocket_feature_added_session_len10/retail_rocket-for-dataloader.pth
    [DataPrep] cache_hit=memory, create_dataset=0.00s, data_preparation=0.00s, n_items=90212
  -> MRR@20=0.2667  best=0.2675  (full@50, trial=14.5min, avg=12.9min/trial, total=1.94h, ETA=38.7min)
[Wandb] trial finished name=tune_retail_rocket_FeaturedMoE_v2_hparam_P1S_G1_C5_serial_L9_T009_20260308_033818

[10/12] learning_rate=0.00111, weight_decay=0
[Wandb] trial 10 started project=2026_FMoE_hyperopt name=tune_retail_rocket_FeaturedMoE_v2_hparam_P1S_G1_C5_serial_L9_T010_20260308_035248
    [Device] CUDA_VISIBLE_DEVICES=1 | torch_device=cuda:0 (NVIDIA RTX A5000)
    [DataCache] save_dataset=True save_dataloaders=False | checkpoint_dir=saved/recbole_cache/retail_rocket_feature_added_session_len10 | dataloaders_save_path=saved/recbole_cache/retail_rocket_feature_added_session_len10/retail_rocket-for-dataloader.pth
    [DataPrep] cache_hit=memory, create_dataset=0.00s, data_preparation=0.00s, n_items=90212
  -> MRR@20=0.2649  best=0.2675  (early_stop@22, trial=6.3min, avg=12.3min/trial, total=2.04h, ETA=24.5min)
[Wandb] trial finished name=tune_retail_rocket_FeaturedMoE_v2_hparam_P1S_G1_C5_serial_L9_T010_20260308_035248

[11/12] learning_rate=0.001653, weight_decay=0
[Wandb] trial 11 started project=2026_FMoE_hyperopt name=tune_retail_rocket_FeaturedMoE_v2_hparam_P1S_G1_C5_serial_L9_T011_20260308_035912
    [Device] CUDA_VISIBLE_DEVICES=1 | torch_device=cuda:0 (NVIDIA RTX A5000)
    [DataCache] save_dataset=True save_dataloaders=False | checkpoint_dir=saved/recbole_cache/retail_rocket_feature_added_session_len10 | dataloaders_save_path=saved/recbole_cache/retail_rocket_feature_added_session_len10/retail_rocket-for-dataloader.pth
    [DataPrep] cache_hit=memory, create_dataset=0.00s, data_preparation=0.00s, n_items=90212
  -> MRR@20=0.2626  best=0.2675  (early_stop@17, trial=4.9min, avg=11.6min/trial, total=2.12h, ETA=11.6min)
[Wandb] trial finished name=tune_retail_rocket_FeaturedMoE_v2_hparam_P1S_G1_C5_serial_L9_T011_20260308_035912

[12/12] learning_rate=0.000132, weight_decay=3.992e-05
[Wandb] trial 12 started project=2026_FMoE_hyperopt name=tune_retail_rocket_FeaturedMoE_v2_hparam_P1S_G1_C5_serial_L9_T012_20260308_040408
    [Device] CUDA_VISIBLE_DEVICES=1 | torch_device=cuda:0 (NVIDIA RTX A5000)
    [DataCache] save_dataset=True save_dataloaders=False | checkpoint_dir=saved/recbole_cache/retail_rocket_feature_added_session_len10 | dataloaders_save_path=saved/recbole_cache/retail_rocket_feature_added_session_len10/retail_rocket-for-dataloader.pth
    [DataPrep] cache_hit=memory, create_dataset=0.00s, data_preparation=0.00s, n_items=90212
  -> MRR@20=0.2590  best=0.2675  (full@50, trial=14.5min, avg=11.8min/trial, total=2.37h, ETA=0s)
[Wandb] trial finished name=tune_retail_rocket_FeaturedMoE_v2_hparam_P1S_G1_C5_serial_L9_T012_20260308_040408

=================================================================
  DONE  |  FeaturedMoE_v2 x retail_rocket
  Best MRR@20 = 0.2675  |  12/12 trials OK
  Total time: 142.0 min
  Best params:
    learning_rate: 0.000310668
    weight_decay: 1.38616e-05
  Results -> /workspace/jy1559/FMoE/experiments/run/artifacts/results/fmoe_v2/retail_rocket_FeaturedMoE_v2_p1s_g1_c5_serial_l9_20260308_015638_867955_pid245048.json
=================================================================

[RUN_STATUS] END status=normal pid=245048 start=2026-03-08T01:56:38 end=2026-03-08T04:18:39
