# pair=P030 dataset=foursquare model=featured_moe_n3 combo=C1 seed=1
# cmd=/venv/FMoE/bin/python hyperopt_tune.py --config-name tune_fs --max-evals 10 --tune-epochs 100 --tune-patience 10 --search-algo random --seed 30 --run-group baseline_3 --run-axis FULL_HISTORY_V4_C4 --run-phase FULL_HISTORY_V4_C4_DFOURSQUARE_MFEATURED_MOE_N3_P030_C1_S1 model=featured_moe_n3 dataset=foursquare eval_mode=session_fixed feature_mode=full_v4 train_batch_size=4096 eval_batch_size=8192 gpu_id=5 log_wandb=false show_progress=false ++seed=30 ++history_input_mode=full_history_session_targets ++history_group_field=user_id ++target_group_field=session_id ++history_eval_policy=strict_train_prefix ++MAX_ITEM_LIST_LENGTH=20 ++eval_sampling.mode=full ++eval_sampling.auto_full_threshold=999999999 ++special_logging=true ++exclude_unseen_target_from_main_eval=true ++log_unseen_target_metrics=true ++embedding_size=224 ++hidden_size=224 ++num_heads=4 ++d_ff=448 ++d_expert_hidden=224 ++d_router_hidden=112 ++d_feat_emb=16 ++expert_scale=2 ++fixed_hidden_dropout_prob=0.16 ++fixed_weight_decay=6e-07 ++fmoe_v2_layout_id=0 ++fmoe_stage_execution_mode="serial" ++router_impl="learned" ++router_use_hidden=true ++router_use_feature=true ++fmoe_special_logging=true ++fmoe_diag_logging=true ++fmoe_architecture_id="A12" ++search={learning_rate:[0.00026030751045638315,0.0010412300418255326],fixed_weight_decay:[4.1999999999999995e-07,1.02e-06]} ++search_space_type_overrides={learning_rate:"loguniform",fixed_weight_decay:"loguniform"} ++search.MAX_ITEM_LIST_LENGTH=[20] ++search_space_type_overrides.MAX_ITEM_LIST_LENGTH=choice ++search.weight_decay=[6e-07] ++search_space_type_overrides.weight_decay=choice ++search.embedding_size=[224] ++search_space_type_overrides.embedding_size=choice ++search.hidden_size=[224] ++search_space_type_overrides.hidden_size=choice ++search.num_heads=[4] ++search_space_type_overrides.num_heads=choice ++search.d_ff=[448] ++search_space_type_overrides.d_ff=choice ++search.d_expert_hidden=[224] ++search_space_type_overrides.d_expert_hidden=choice ++search.d_router_hidden=[112] ++search_space_type_overrides.d_router_hidden=choice ++search.d_feat_emb=[16] ++search_space_type_overrides.d_feat_emb=choice ++search.expert_scale=[2] ++search_space_type_overrides.expert_scale=choice ++search.fixed_hidden_dropout_prob=[0.16] ++search_space_type_overrides.fixed_hidden_dropout_prob=choice ++search.fmoe_v2_layout_id=[0] ++search_space_type_overrides.fmoe_v2_layout_id=choice ++search.fmoe_architecture_id=["A12"] ++search_space_type_overrides.fmoe_architecture_id=choice

/venv/FMoE/lib/python3.10/site-packages/ray/_private/parameter.py:4: UserWarning: pkg_resources is deprecated as an API. See https://setuptools.pypa.io/en/latest/pkg_resources.html. The pkg_resources package is slated for removal as early as 2025-11-30. Refrain from using this package or pin to Setuptools<81.
  import pkg_resources
[RUN_STATUS] START pid=363491 ts=2026-04-16T13:08:59

=================================================================
  Hyperopt  |  FeaturedMoE_N3 x foursquare
  max_evals=10  epochs=100  patience=10  wandb=off
  search_algo=random
  batch_size(train/valid/test)=4096/8192/8192
  track=baseline_3  axis=full_history_v4_c4  phase=FULL_HISTORY_V4_C4_DFOURSQUARE_MFEATURED_MOE_N3_P030_C1_S1
=================================================================
Changed knobs: fixed_weight_decay, hidden_dropout_prob, learning_rate
Tuned params(len>1): 3  (~1 discrete combos)
Tuned groups: 3
  [optimization]
    hidden_dropout_prob             [0.0, 0.1, 0.2, 0.3]                      -> uniform
    learning_rate                   [0.00026030751045638315, 0.0010412300418255326]  -> loguniform
  [other]
    fixed_weight_decay              [4.1999999999999995e-07, 1.02e-06]        -> loguniform
Fixed params(singleton/non-list): 13
Fixed groups: 13
  [optimization]
    weight_decay                    6e-07                                   
  [model_core]
    d_expert_hidden                 224                                     
    d_feat_emb                      16                                      
    d_ff                            448                                     
    d_router_hidden                 112                                     
    embedding_size                  224                                     
    expert_scale                    2                                       
    fixed_hidden_dropout_prob       0.16                                    
    hidden_size                     224                                     
    num_heads                       4                                       
  [layout]
    fmoe_v2_layout_id               0                                       
  [other]
    MAX_ITEM_LIST_LENGTH            20                                      
    fmoe_architecture_id            A12                                     
Layout details:
  execution(fixed)=serial
  layout_ids=[0] (catalog not found in cfg)

[Wandb] disabled for this hyperopt run

[1/10] fixed_weight_decay=5.913e-07, hidden_dropout_prob=0.02122, learning_rate=0.0003689
  -> MRR@20=0.256600  best=0.256600  (early_stop@30, trial=1.9min, avg=2.1min/trial, total=2.1min, ETA=19.1min)
[TRIAL_METRICS] cur_best_mrr20=0.256600 cur_best_hr10=0.431000 cur_test_mrr20=0.231900 cur_test_hr10=0.392100 run_best_mrr20=0.256600 run_best_hr10=0.431000 run_test_mrr20=0.231900 run_test_hr10=0.392100

[2/10] fixed_weight_decay=5.315e-07, hidden_dropout_prob=0.1818, learning_rate=0.0007282
  -> MRR@20=0.263600  best=0.263600  (early_stop@21, trial=1.3min, avg=1.7min/trial, total=3.4min, ETA=13.8min)
[TRIAL_METRICS] cur_best_mrr20=0.263600 cur_best_hr10=0.454500 cur_test_mrr20=0.231000 cur_test_hr10=0.418100 run_best_mrr20=0.263600 run_best_hr10=0.454500 run_test_mrr20=0.231000 run_test_hr10=0.418100

[3/10] fixed_weight_decay=7.466e-07, hidden_dropout_prob=0.1401, learning_rate=0.0003887
  -> MRR@20=0.261300  best=0.263600  (early_stop@33, trial=2.1min, avg=1.9min/trial, total=5.6min, ETA=13.0min)
[TRIAL_METRICS] cur_best_mrr20=0.261300 cur_best_hr10=0.450800 cur_test_mrr20=0.233500 cur_test_hr10=0.409700 run_best_mrr20=0.263600 run_best_hr10=0.454500 run_test_mrr20=0.231000 run_test_hr10=0.418100

[4/10] fixed_weight_decay=4.902e-07, hidden_dropout_prob=0.2421, learning_rate=0.0008757
  -> MRR@20=0.267900  best=0.267900  (early_stop@22, trial=1.4min, avg=1.7min/trial, total=7.0min, ETA=10.5min)
[TRIAL_METRICS] cur_best_mrr20=0.267900 cur_best_hr10=0.468000 cur_test_mrr20=0.236600 cur_test_hr10=0.426100 run_best_mrr20=0.267900 run_best_hr10=0.468000 run_test_mrr20=0.236600 run_test_hr10=0.426100

[5/10] fixed_weight_decay=8.491e-07, hidden_dropout_prob=0.192, learning_rate=0.0003511
  -> MRR@20=0.261600  best=0.267900  (early_stop@35, trial=2.3min, avg=1.8min/trial, total=9.2min, ETA=9.2min)
[TRIAL_METRICS] cur_best_mrr20=0.261600 cur_best_hr10=0.456400 cur_test_mrr20=0.232900 cur_test_hr10=0.413300 run_best_mrr20=0.267900 run_best_hr10=0.468000 run_test_mrr20=0.236600 run_test_hr10=0.426100

[6/10] fixed_weight_decay=6.077e-07, hidden_dropout_prob=0.05803, learning_rate=0.000627
  -> MRR@20=0.260100  best=0.267900  (early_stop@22, trial=1.5min, avg=1.8min/trial, total=10.7min, ETA=7.1min)
[TRIAL_METRICS] cur_best_mrr20=0.260100 cur_best_hr10=0.443700 cur_test_mrr20=0.230400 cur_test_hr10=0.402900 run_best_mrr20=0.267900 run_best_hr10=0.468000 run_test_mrr20=0.236600 run_test_hr10=0.426100

[7/10] fixed_weight_decay=6.703e-07, hidden_dropout_prob=0.05396, learning_rate=0.0004431
  -> MRR@20=0.257700  best=0.267900  (early_stop@27, trial=1.9min, avg=1.8min/trial, total=12.6min, ETA=5.4min)
[TRIAL_METRICS] cur_best_mrr20=0.257700 cur_best_hr10=0.441100 cur_test_mrr20=0.229600 cur_test_hr10=0.399300 run_best_mrr20=0.267900 run_best_hr10=0.468000 run_test_mrr20=0.236600 run_test_hr10=0.426100

[8/10] fixed_weight_decay=5.474e-07, hidden_dropout_prob=0.2389, learning_rate=0.0006431
  -> MRR@20=0.262100  best=0.267900  (early_stop@25, trial=1.7min, avg=1.8min/trial, total=14.3min, ETA=3.6min)
[TRIAL_METRICS] cur_best_mrr20=0.262100 cur_best_hr10=0.463900 cur_test_mrr20=0.232600 cur_test_hr10=0.418900 run_best_mrr20=0.267900 run_best_hr10=0.468000 run_test_mrr20=0.236600 run_test_hr10=0.426100

[9/10] fixed_weight_decay=7.315e-07, hidden_dropout_prob=0.02338, learning_rate=0.0004824
  -> MRR@20=0.257300  best=0.267900  (early_stop@25, trial=1.7min, avg=1.8min/trial, total=15.9min, ETA=1.8min)
[TRIAL_METRICS] cur_best_mrr20=0.257300 cur_best_hr10=0.433200 cur_test_mrr20=0.231900 cur_test_hr10=0.394900 run_best_mrr20=0.267900 run_best_hr10=0.468000 run_test_mrr20=0.236600 run_test_hr10=0.426100

[10/10] fixed_weight_decay=7.544e-07, hidden_dropout_prob=0.1707, learning_rate=0.00035
  -> MRR@20=0.261400  best=0.267900  (early_stop@35, trial=2.4min, avg=1.8min/trial, total=18.3min, ETA=0s)
[TRIAL_METRICS] cur_best_mrr20=0.261400 cur_best_hr10=0.457900 cur_test_mrr20=0.232000 cur_test_hr10=0.412100 run_best_mrr20=0.267900 run_best_hr10=0.468000 run_test_mrr20=0.236600 run_test_hr10=0.426100

=================================================================
  DONE  |  FeaturedMoE_N3 x foursquare
  Best MRR@20 = 0.267900  |  10/10 trials OK
  Best HR@10  = 0.468000
  Test MRR@20 = 0.236600  (best-valid checkpoint)
  Test HR@10  = 0.426100  (best-valid checkpoint)
[RUN_METRICS] best_valid_mrr20=0.267900 best_valid_hr10=0.468000 test_mrr20=0.236600 test_hr10=0.426100
  Total time: 18.3 min
  Best params:
    fixed_weight_decay: 4.90151e-07
    hidden_dropout_prob: 0.242081
    learning_rate: 0.000875696
  Results -> /workspace/FeaturedMoE/experiments/run/artifacts/results/baseline_3/foursquare_FeaturedMoE_N3_full_history_v4_c4_dfoursquare_mfeatured_moe_n3_p030_c1_s1_20260416_130900_120435_pid363491.json
  Normal mirror -> /workspace/FeaturedMoE/experiments/run/artifacts/results/baseline_3/normal/full_history_v4_c4/FULL/foursquare/FMoEN3/foursquare_FeaturedMoE_N3_full_history_v4_c4_dfoursquare_mfeatured_moe_n3_p030_c1_s1_20260416_130900_120435_pid363491.json
  Special result -> /workspace/FeaturedMoE/experiments/run/artifacts/results/baseline_3/special/full_history_v4_c4/FULL/foursquare/FMoEN3/foursquare_FeaturedMoE_N3_full_history_v4_c4_dfoursquare_mfeatured_moe_n3_p030_c1_s1_20260416_130900_120435_pid363491_special_metrics.json
  Special log -> /workspace/FeaturedMoE/experiments/run/artifacts/logs/baseline_3/special/full_history_v4_c4/FULL/foursquare/FMoEN3/foursquare_FeaturedMoE_N3_full_history_v4_c4_dfoursquare_mfeatured_moe_n3_p030_c1_s1_20260416_130900_120435_pid363491_special_metrics.json
=================================================================

[RUN_STATUS] END status=normal pid=363491 start=2026-04-16T13:08:59 end=2026-04-16T13:27:18

[FULL_HISTORY_TIMING] avg_epoch_sec=3.8082 avg_epoch_ms=3808.2 test_inference_sec=0.1972
