# job_id=ADD_STAGE3_MOVIELENS1M_BSAREC_C1_SEED1 dataset=movielens1m model=bsarec stage=stage3
# cmd=/venv/FMoE/bin/python /workspace/FeaturedMoE/experiments/hyperopt_tune.py --config-name tune_ml --search-algo tpe --max-evals 1 --tune-epochs 100 --tune-patience 10 --seed 930043 --run-group final_experiment_addtuning --run-axis add_stage3_seed_confirm --run-phase ADD_STAGE3_MOVIELENS1M_BSAREC_C1_SEED1 model=bsarec dataset=movielens1m eval_mode=session_fixed feature_mode=full_v4 ++eval_sampling.mode=full ++eval_sampling.auto_full_threshold=999999999 ++special_logging=true ++exclude_unseen_target_from_main_eval=true ++log_unseen_target_metrics=true gpu_id=1 log_wandb=false show_progress=false ++seed=930043 --max-run-hours 2 --oom-retry-limit 5 ++search.dropout_ratio=[0.12] ++search_space_type_overrides.dropout_ratio=choice ++search.MAX_ITEM_LIST_LENGTH=[10] ++search_space_type_overrides.MAX_ITEM_LIST_LENGTH=choice ++search.attn_dropout_prob=[0.15] ++search_space_type_overrides.attn_dropout_prob=choice ++search.bsarec_alpha=[0.55] ++search_space_type_overrides.bsarec_alpha=choice ++search.bsarec_c=[2] ++search_space_type_overrides.bsarec_c=choice ++search.embedding_size=[112] ++search_space_type_overrides.embedding_size=choice ++search.hidden_dropout_prob=[0.13] ++search_space_type_overrides.hidden_dropout_prob=choice ++search.hidden_size=[64] ++search_space_type_overrides.hidden_size=choice ++search.inner_size=[256] ++search_space_type_overrides.inner_size=choice ++search.learning_rate=[0.00137668] ++search_space_type_overrides.learning_rate=choice ++search.num_heads=[2] ++search_space_type_overrides.num_heads=choice ++search.num_layers=[1] ++search_space_type_overrides.num_layers=choice ++search.weight_decay=[1e-05] ++search_space_type_overrides.weight_decay=choice

/venv/FMoE/lib/python3.10/site-packages/ray/_private/parameter.py:4: UserWarning: pkg_resources is deprecated as an API. See https://setuptools.pypa.io/en/latest/pkg_resources.html. The pkg_resources package is slated for removal as early as 2025-11-30. Refrain from using this package or pin to Setuptools<81.
  import pkg_resources
[RUN_STATUS] START pid=1758253 ts=2026-04-19T08:30:51

=================================================================
  Hyperopt  |  BSARec x movielens1m
  max_evals=1  epochs=100  patience=10  wandb=off
  search_algo=tpe
  max_run_hours=2.000  (stop launching new trials after current trial)
  oom_retry_limit=5  (halve train/eval batch size on OOM)
  batch_size(train/valid/test)=4096/4096/4096
  track=final_experiment_addtuning  axis=add_stage3_seed_confirm  phase=ADD_STAGE3_MOVIELENS1M_BSAREC_C1_SEED1
=================================================================
Changed knobs: (none; single-run mode)
Tuned params(len>1): 0  (~1 discrete combos)
Tuned groups: 0
  (none)
Fixed params(singleton/non-list): 13
Fixed groups: 13
  [optimization]
    hidden_dropout_prob             0.13                                    
    learning_rate                   0.00137668                              
    weight_decay                    1e-05                                   
  [model_core]
    attn_dropout_prob               0.15                                    
    dropout_ratio                   0.12                                    
    embedding_size                  112                                     
    hidden_size                     64                                      
    inner_size                      256                                     
    num_heads                       2                                       
    num_layers                      1                                       
  [other]
    MAX_ITEM_LIST_LENGTH            10                                      
    bsarec_alpha                    0.55                                    
    bsarec_c                        2                                       

[Wandb] disabled for this hyperopt run

[1/1] (fixed-only run)
  -> MRR@20=0.093400  best=0.093400  (early_stop@76, trial=4.8min, avg=5.0min/trial, total=5.0min, ETA=0s)
[TRIAL_METRICS] cur_best_mrr20=0.093400 cur_best_hr10=0.201800 cur_test_mrr20=0.063900 cur_test_hr10=0.147300 avg_epoch_time_sec=3.7510 test_eval_time_sec=0.0539 test_eval_batches_per_sec=18.5405 test_eval_targets_per_sec=40028.9197 run_best_mrr20=0.093400 run_best_hr10=0.201800 run_test_mrr20=0.063900 run_test_hr10=0.147300

=================================================================
  DONE  |  BSARec x movielens1m
  Best MRR@20 = 0.093400  |  1/1 trials OK
  Best HR@10  = 0.201800
  Test MRR@20 = 0.063900  (best-valid checkpoint)
  Test HR@10  = 0.147300  (best-valid checkpoint)
  Avg epoch time = 3.751 sec/epoch
  Final test eval = 0.054 sec | batches/s=18.540 | targets/s=40028.920
[RUN_METRICS] best_valid_mrr20=0.093400 best_valid_hr10=0.201800 test_mrr20=0.063900 test_hr10=0.147300 avg_epoch_time_sec=3.7510 test_eval_time_sec=0.0539 test_eval_batches_per_sec=18.5405 test_eval_targets_per_sec=40028.9197
  Total time: 5.0 min
  Best params:
  Results -> /workspace/FeaturedMoE/experiments/run/artifacts/results/final_experiment_addtuning/movielens1m_BSARec_add_stage3_movielens1m_bsarec_c1_seed1_20260419_083052_138176_pid1758253.json
  Normal mirror -> /workspace/FeaturedMoE/experiments/run/artifacts/results/final_experiment_addtuning/normal/add_stage3_seed_confirm/ADD/movielens1m/BSARec/movielens1m_BSARec_add_stage3_movielens1m_bsarec_c1_seed1_20260419_083052_138176_pid1758253.json
  Special result -> /workspace/FeaturedMoE/experiments/run/artifacts/results/final_experiment_addtuning/special/add_stage3_seed_confirm/ADD/movielens1m/BSARec/movielens1m_BSARec_add_stage3_movielens1m_bsarec_c1_seed1_20260419_083052_138176_pid1758253_special_metrics.json
  Special log -> /workspace/FeaturedMoE/experiments/run/artifacts/logs/final_experiment_addtuning/special/add_stage3_seed_confirm/ADD/movielens1m/BSARec/movielens1m_BSARec_add_stage3_movielens1m_bsarec_c1_seed1_20260419_083052_138176_pid1758253_special_metrics.json
=================================================================

[RUN_STATUS] END status=normal pid=1758253 start=2026-04-19T08:30:51 end=2026-04-19T08:35:49
