[STAGEH_TARGETEDRECOVERY_ANCHOR2_CORE5_SETTING_HEADER]
run_phase=P23_SH_C17_MGRU4REC_RR_GRU_STAGEH_REC2_LRHI_S1 run_id=SH_RETAIL_ROCKET_GRU4REC_RR_GRU_STAGEH_REC2_LRHI_S1 phase_id=P23 axis_id=SH model=GRU4Rec candidate_id=RR_GRU_STAGEH_REC2_LRHI seed=1
dataset=retail_rocket gpu=0 order=0 candidate_source=stageh_screen_variant source_stage=stageh_manual_bank_variant transfer_from_dataset=retail_rocket
max_evals=6 tune_epochs=40 tune_patience=5
seed=230279

[COMMAND]
- /venv/FMoE/bin/python hyperopt_tune.py --config-name tune_rr --max-evals 6 --tune-epochs 40 --tune-patience 5 --seed 230279 --run-group baseline --run-axis StageH_TargetedRecovery_anchor2_core5 --run-phase P23_SH_C17_MGRU4REC_RR_GRU_STAGEH_REC2_LRHI_S1 model=gru4rec dataset=retail_rocket eval_mode=session_fixed feature_mode=full_v3 gpu_id=0 log_wandb=false show_progress=false ++special_logging=true ++seed=230279 ++search={learning_rate:[0.0011447401451857972,0.0033700799999999997]} ++search_space_type_overrides={learning_rate:"loguniform"} ++weight_decay=8e-05 ++search.weight_decay=[8e-05] ++search_space_type_overrides.weight_decay=choice ++search.n_layers=[2] ++search_space_type_overrides.n_layers=choice ++search.num_layers=[2] ++search_space_type_overrides.num_layers=choice ++search.n_heads=[4] ++search_space_type_overrides.n_heads=choice ++search.num_heads=[4] ++search_space_type_overrides.num_heads=choice ++search.dropout_ratio=[0.06] ++search_space_type_overrides.dropout_ratio=choice ++search.dropout_prob=[0.06] ++search_space_type_overrides.dropout_prob=choice ++search.hidden_dropout_prob=[0.06] ++search_space_type_overrides.hidden_dropout_prob=choice ++search.attn_dropout_prob=[0.06] ++search_space_type_overrides.attn_dropout_prob=choice ++search.hidden_size=[128] ++search_space_type_overrides.hidden_size=choice ++search.embedding_size=[128] ++search_space_type_overrides.embedding_size=choice ++search.inner_size=[288] ++search_space_type_overrides.inner_size=choice ++search.time_span=[384] ++search_space_type_overrides.time_span=choice ++search.num_experts=[6] ++search_space_type_overrides.num_experts=choice ++search.state_size=[24] ++search_space_type_overrides.state_size=choice ++search.conv_kernel=[6] ++search_space_type_overrides.conv_kernel=choice ++search.remaining_ratio=[0.6] ++search_space_type_overrides.remaining_ratio=choice ++search.MAX_ITEM_LIST_LENGTH=[8] ++search_space_type_overrides.MAX_ITEM_LIST_LENGTH=choice ++dropout_prob=0.06 ++train_batch_size=10240 ++eval_batch_size=12288 ++hidden_size=128 ++embedding_size=128 ++MAX_ITEM_LIST_LENGTH=8 ++num_layers=2
/venv/FMoE/lib/python3.10/site-packages/ray/_private/parameter.py:4: UserWarning: pkg_resources is deprecated as an API. See https://setuptools.pypa.io/en/latest/pkg_resources.html. The pkg_resources package is slated for removal as early as 2025-11-30. Refrain from using this package or pin to Setuptools<81.
  import pkg_resources
[RUN_STATUS] START pid=53269 ts=2026-04-12T04:10:00

=================================================================
  Hyperopt TPE  |  GRU4Rec x retail_rocket
  max_evals=6  epochs=40  patience=5  wandb=off
  batch_size(train/valid/test)=10240/12288/12288
  track=baseline  axis=stageh_targetedrecovery_anchor2_core5  phase=P23_SH_C17_MGRU4REC_RR_GRU_STAGEH_REC2_LRHI_S1
=================================================================
Changed knobs: learning_rate
Tuned params(len>1): 1  (~1 discrete combos)
Tuned groups: 1
  [optimization]
    learning_rate                   [0.0011447401451857972, 0.0033700799999999997]  -> loguniform
Fixed params(singleton/non-list): 18
Fixed groups: 18
  [optimization]
    hidden_dropout_prob             0.06                                    
    weight_decay                    8e-05                                   
  [model_core]
    attn_dropout_prob               0.06                                    
    dropout_prob                    0.06                                    
    dropout_ratio                   0.06                                    
    embedding_size                  128                                     
    hidden_size                     128                                     
    inner_size                      288                                     
    num_heads                       4                                       
    num_layers                      2                                       
  [other]
    MAX_ITEM_LIST_LENGTH            8                                       
    conv_kernel                     6                                       
    n_heads                         4                                       
    n_layers                        2                                       
    num_experts                     6                                       
    remaining_ratio                 0.6                                     
    state_size                      24                                      
    time_span                       384                                     

[Wandb] disabled for this hyperopt run

[1/6] learning_rate=0.001694
  -> MRR@20=0.187800  best=0.187800  (full@40, trial=3.5min, avg=3.8min/trial, total=3.8min, ETA=19.0min)
[TRIAL_METRICS] cur_best_mrr20=0.187800 cur_best_hr10=0.314800 cur_test_mrr20=0.189300 cur_test_hr10=0.315600 run_best_mrr20=0.187800 run_best_hr10=0.314800 run_test_mrr20=0.189300 run_test_hr10=0.315600

[2/6] learning_rate=0.002676
  -> MRR@20=0.192600  best=0.192600  (early_stop@35, trial=2.7min, avg=3.3min/trial, total=6.5min, ETA=13.0min)
[TRIAL_METRICS] cur_best_mrr20=0.192600 cur_best_hr10=0.319500 cur_test_mrr20=0.194700 cur_test_hr10=0.324800 run_best_mrr20=0.192600 run_best_hr10=0.319500 run_test_mrr20=0.194700 run_test_hr10=0.324800

[3/6] learning_rate=0.001221
  -> MRR@20=0.180900  best=0.192600  (full@40, trial=3.1min, avg=3.2min/trial, total=9.6min, ETA=9.6min)
[TRIAL_METRICS] cur_best_mrr20=0.180900 cur_best_hr10=0.308900 cur_test_mrr20=0.181600 cur_test_hr10=0.309200 run_best_mrr20=0.192600 run_best_hr10=0.319500 run_test_mrr20=0.194700 run_test_hr10=0.324800

[4/6] learning_rate=0.001412
  -> MRR@20=0.180600  best=0.192600  (full@40, trial=3.1min, avg=3.2min/trial, total=12.8min, ETA=6.4min)
[TRIAL_METRICS] cur_best_mrr20=0.180600 cur_best_hr10=0.311900 cur_test_mrr20=0.182700 cur_test_hr10=0.309300 run_best_mrr20=0.192600 run_best_hr10=0.319500 run_test_mrr20=0.194700 run_test_hr10=0.324800

[5/6] learning_rate=0.001537
  -> MRR@20=0.185100  best=0.192600  (full@40, trial=3.1min, avg=3.2min/trial, total=15.9min, ETA=3.2min)
[TRIAL_METRICS] cur_best_mrr20=0.185100 cur_best_hr10=0.312800 cur_test_mrr20=0.182900 cur_test_hr10=0.311200 run_best_mrr20=0.192600 run_best_hr10=0.319500 run_test_mrr20=0.194700 run_test_hr10=0.324800

[6/6] learning_rate=0.001299
  -> MRR@20=0.183400  best=0.192600  (full@40, trial=3.1min, avg=3.2min/trial, total=19.0min, ETA=0s)
[TRIAL_METRICS] cur_best_mrr20=0.183400 cur_best_hr10=0.312400 cur_test_mrr20=0.182900 cur_test_hr10=0.308700 run_best_mrr20=0.192600 run_best_hr10=0.319500 run_test_mrr20=0.194700 run_test_hr10=0.324800

=================================================================
  DONE  |  GRU4Rec x retail_rocket
  Best MRR@20 = 0.192600  |  6/6 trials OK
  Best HR@10  = 0.319500
  Test MRR@20 = 0.194700  (best-valid checkpoint)
  Test HR@10  = 0.324800  (best-valid checkpoint)
[RUN_METRICS] best_valid_mrr20=0.192600 best_valid_hr10=0.319500 test_mrr20=0.194700 test_hr10=0.324800
  Total time: 19.0 min
  Best params:
    learning_rate: 0.00267585
  Results -> /workspace/FeaturedMoE/experiments/run/artifacts/results/baseline/retail_rocket_GRU4Rec_p23_sh_c17_mgru4rec_rr_gru_stageh_rec2_lrhi_s1_20260412_041001_085987_pid53269.json
  Normal mirror -> /workspace/FeaturedMoE/experiments/run/artifacts/results/baseline/normal/stageh_targetedrecovery_anchor2_core5/P23/retail_rocket/GRU4Rec/retail_rocket_GRU4Rec_p23_sh_c17_mgru4rec_rr_gru_stageh_rec2_lrhi_s1_20260412_041001_085987_pid53269.json
  Special result -> /workspace/FeaturedMoE/experiments/run/artifacts/results/baseline/special/stageh_targetedrecovery_anchor2_core5/P23/retail_rocket/GRU4Rec/retail_rocket_GRU4Rec_p23_sh_c17_mgru4rec_rr_gru_stageh_rec2_lrhi_s1_20260412_041001_085987_pid53269_special_metrics.json
  Special log -> /workspace/FeaturedMoE/experiments/run/artifacts/logs/baseline/special/stageh_targetedrecovery_anchor2_core5/P23/retail_rocket/GRU4Rec/retail_rocket_GRU4Rec_p23_sh_c17_mgru4rec_rr_gru_stageh_rec2_lrhi_s1_20260412_041001_085987_pid53269_special_metrics.json
=================================================================

[RUN_STATUS] END status=normal pid=53269 start=2026-04-12T04:10:00 end=2026-04-12T04:29:00
