# job_id=ADD_STAGE1_BEAUTY_FAME_REGULARIZATION dataset=beauty model=fame stage=stage1
# cmd=/venv/FMoE/bin/python /workspace/FeaturedMoE/experiments/hyperopt_tune.py --config-name tune_ab --search-algo tpe --max-evals 18 --tune-epochs 40 --tune-patience 5 --seed 910009 --run-group final_experiment_addtuning --run-axis add_stage1_regularization --run-phase ADD_STAGE1_BEAUTY_FAME_REGULARIZATION model=fame dataset=beauty eval_mode=session_fixed feature_mode=full_v4 ++eval_sampling.mode=full ++eval_sampling.auto_full_threshold=999999999 ++special_logging=true ++exclude_unseen_target_from_main_eval=true ++log_unseen_target_metrics=true gpu_id=6 log_wandb=false show_progress=false ++seed=910009 --max-run-hours 2 --oom-retry-limit 5 ++search.learning_rate=[0.00243852,0.00067918,0.00048025,0.00033959,0.00024012] ++search_space_type_overrides.learning_rate=choice ++search.weight_decay=[0.0001504868294019483,0.00015,0.0002] ++search_space_type_overrides.weight_decay=choice ++search.MAX_ITEM_LIST_LENGTH=[10,20,30] ++search_space_type_overrides.MAX_ITEM_LIST_LENGTH=choice ++search.inner_size=[256] ++search_space_type_overrides.inner_size=choice ++search.dropout_ratio=[0.12] ++search_space_type_overrides.dropout_ratio=choice ++search.hidden_size=[64] ++search_space_type_overrides.hidden_size=choice ++search.embedding_size=[160] ++search_space_type_overrides.embedding_size=choice ++search.num_layers=[1] ++search_space_type_overrides.num_layers=choice ++search.num_heads=[1] ++search_space_type_overrides.num_heads=choice ++search.hidden_dropout_prob=[0.12] ++search_space_type_overrides.hidden_dropout_prob=choice ++search.attn_dropout_prob=[0.08] ++search_space_type_overrides.attn_dropout_prob=choice ++search.num_experts=[5] ++search_space_type_overrides.num_experts=choice ++search.n_layers=[1] ++search_space_type_overrides.n_layers=choice ++search.n_heads=[1] ++search_space_type_overrides.n_heads=choice ++search.dropout_prob=[0.1] ++search_space_type_overrides.dropout_prob=choice

/venv/FMoE/lib/python3.10/site-packages/ray/_private/parameter.py:4: UserWarning: pkg_resources is deprecated as an API. See https://setuptools.pypa.io/en/latest/pkg_resources.html. The pkg_resources package is slated for removal as early as 2025-11-30. Refrain from using this package or pin to Setuptools<81.
  import pkg_resources
[RUN_STATUS] START pid=1721003 ts=2026-04-18T15:42:01
[UniqueChoice] enabled: dedupe/remap duplicates across 45 finite combos

=================================================================
  Hyperopt  |  FAME x beauty
  max_evals=18  epochs=40  patience=5  wandb=off
  search_algo=tpe
  max_run_hours=2.000  (stop launching new trials after current trial)
  oom_retry_limit=5  (halve train/eval batch size on OOM)
  batch_size(train/valid/test)=4096/8192/8192
  track=final_experiment_addtuning  axis=add_stage1_regularization  phase=ADD_STAGE1_BEAUTY_FAME_REGULARIZATION
=================================================================
Changed knobs: MAX_ITEM_LIST_LENGTH, learning_rate, weight_decay
Tuned params(len>1): 3  (~45 discrete combos)
Tuned groups: 3
  [optimization]
    learning_rate                   [0.00243852, 0.00067918, 0.00048025, 0.00033959, 0.00024012]  -> choice
    weight_decay                    [0.0001504868294019483, 0.00015, 0.0002]  -> choice
  [other]
    MAX_ITEM_LIST_LENGTH            [10, 20, 30]                              -> choice
Fixed params(singleton/non-list): 12
Fixed groups: 12
  [optimization]
    hidden_dropout_prob             0.12                                    
  [model_core]
    attn_dropout_prob               0.08                                    
    dropout_prob                    0.1                                     
    dropout_ratio                   0.12                                    
    embedding_size                  160                                     
    hidden_size                     64                                      
    inner_size                      256                                     
    num_heads                       1                                       
    num_layers                      1                                       
  [other]
    n_heads                         1                                       
    n_layers                        1                                       
    num_experts                     5                                       

[Wandb] disabled for this hyperopt run

[1/18] MAX_ITEM_LIST_LENGTH=30, learning_rate=0.0004802, weight_decay=0.00015
  -> MRR@20=0.001300  best=0.001300  (early_stop@8, trial=4s, avg=7s/trial, total=7s, ETA=1.9min)
[TRIAL_METRICS] cur_best_mrr20=0.001300 cur_best_hr10=0.004000 cur_test_mrr20=0.001400 cur_test_hr10=0.005700 avg_epoch_time_sec=0.5275 test_eval_time_sec=0.0142 test_eval_batches_per_sec=70.5696 test_eval_targets_per_sec=42130.0494 run_best_mrr20=0.001300 run_best_hr10=0.004000 run_test_mrr20=0.001400 run_test_hr10=0.005700

[2/18] MAX_ITEM_LIST_LENGTH=10, learning_rate=0.0006792, weight_decay=0.0002
  -> MRR@20=0.003600  best=0.003600  (early_stop@6, trial=2s, avg=5s/trial, total=10s, ETA=1.3min)
[TRIAL_METRICS] cur_best_mrr20=0.003600 cur_best_hr10=0.006000 cur_test_mrr20=0.002000 cur_test_hr10=0.005700 avg_epoch_time_sec=0.3493 test_eval_time_sec=0.0139 test_eval_batches_per_sec=71.8215 test_eval_targets_per_sec=42877.4378 run_best_mrr20=0.003600 run_best_hr10=0.006000 run_test_mrr20=0.002000 run_test_hr10=0.005700

[3/18] MAX_ITEM_LIST_LENGTH=30, learning_rate=0.0006792, weight_decay=0.00015
  -> MRR@20=0.001300  best=0.003600  (early_stop@7, trial=3s, avg=5s/trial, total=14s, ETA=1.2min)
[TRIAL_METRICS] cur_best_mrr20=0.001300 cur_best_hr10=0.006000 cur_test_mrr20=0.001500 cur_test_hr10=0.005700 avg_epoch_time_sec=0.4028 test_eval_time_sec=0.0138 test_eval_batches_per_sec=72.2633 test_eval_targets_per_sec=43141.1648 run_best_mrr20=0.003600 run_best_hr10=0.006000 run_test_mrr20=0.002000 run_test_hr10=0.005700

[4/18] MAX_ITEM_LIST_LENGTH=20, learning_rate=0.0004802, weight_decay=0.00015
  -> MRR@20=0.003300  best=0.003600  (early_stop@19, trial=8s, avg=6s/trial, total=22s, ETA=1.3min)
[TRIAL_METRICS] cur_best_mrr20=0.003300 cur_best_hr10=0.004000 cur_test_mrr20=0.001100 cur_test_hr10=0.002900 avg_epoch_time_sec=0.3893 test_eval_time_sec=0.0141 test_eval_batches_per_sec=70.7911 test_eval_targets_per_sec=42262.3080 run_best_mrr20=0.003600 run_best_hr10=0.006000 run_test_mrr20=0.002000 run_test_hr10=0.005700

[5/18] MAX_ITEM_LIST_LENGTH=10, learning_rate=0.0002401, weight_decay=0.00015
  -> MRR@20=0.003800  best=0.003800  (early_stop@8, trial=3s, avg=5s/trial, total=26s, ETA=1.1min)
[TRIAL_METRICS] cur_best_mrr20=0.003800 cur_best_hr10=0.006000 cur_test_mrr20=0.002000 cur_test_hr10=0.005700 avg_epoch_time_sec=0.3838 test_eval_time_sec=0.0137 test_eval_batches_per_sec=73.0550 test_eval_targets_per_sec=43613.8068 run_best_mrr20=0.003800 run_best_hr10=0.006000 run_test_mrr20=0.002000 run_test_hr10=0.005700

[6/18] MAX_ITEM_LIST_LENGTH=10, learning_rate=0.0002401, weight_decay=0.0002
  -> MRR@20=0.003800  best=0.003800  (early_stop@8, trial=3s, avg=5s/trial, total=29s, ETA=59s)
[TRIAL_METRICS] cur_best_mrr20=0.003800 cur_best_hr10=0.006000 cur_test_mrr20=0.002000 cur_test_hr10=0.005700 avg_epoch_time_sec=0.3619 test_eval_time_sec=0.0137 test_eval_batches_per_sec=73.0308 test_eval_targets_per_sec=43599.3782 run_best_mrr20=0.003800 run_best_hr10=0.006000 run_test_mrr20=0.002000 run_test_hr10=0.005700

[7/18] MAX_ITEM_LIST_LENGTH=10, learning_rate=0.0003396, weight_decay=0.0001505
  -> MRR@20=0.003700  best=0.003800  (early_stop@7, trial=3s, avg=5s/trial, total=32s, ETA=51s)
[TRIAL_METRICS] cur_best_mrr20=0.003700 cur_best_hr10=0.006000 cur_test_mrr20=0.002000 cur_test_hr10=0.005700 avg_epoch_time_sec=0.3838 test_eval_time_sec=0.0136 test_eval_batches_per_sec=73.3347 test_eval_targets_per_sec=43780.8072 run_best_mrr20=0.003800 run_best_hr10=0.006000 run_test_mrr20=0.002000 run_test_hr10=0.005700
[UniqueChoice] remap duplicate suggestion -> {'MAX_ITEM_LIST_LENGTH': 10, 'learning_rate': 0.00243852, 'weight_decay': 0.0001504868294019483}

[8/18] MAX_ITEM_LIST_LENGTH=10, learning_rate=0.002439, weight_decay=0.0001505
  -> MRR@20=0.004300  best=0.004300  (early_stop@9, trial=4s, avg=5s/trial, total=36s, ETA=46s)
[TRIAL_METRICS] cur_best_mrr20=0.004300 cur_best_hr10=0.004000 cur_test_mrr20=0.003400 cur_test_hr10=0.011500 avg_epoch_time_sec=0.4073 test_eval_time_sec=0.0138 test_eval_batches_per_sec=72.3580 test_eval_targets_per_sec=43197.7278 run_best_mrr20=0.004300 run_best_hr10=0.004000 run_test_mrr20=0.003400 run_test_hr10=0.011500

[9/18] MAX_ITEM_LIST_LENGTH=30, learning_rate=0.002439, weight_decay=0.00015
  -> MRR@20=0.011300  best=0.011300  (early_stop@24, trial=11s, avg=5s/trial, total=48s, ETA=48s)
[TRIAL_METRICS] cur_best_mrr20=0.011300 cur_best_hr10=0.026100 cur_test_mrr20=0.010700 cur_test_hr10=0.028700 avg_epoch_time_sec=0.4313 test_eval_time_sec=0.0137 test_eval_batches_per_sec=72.8064 test_eval_targets_per_sec=43465.4219 run_best_mrr20=0.011300 run_best_hr10=0.026100 run_test_mrr20=0.010700 run_test_hr10=0.028700

[10/18] MAX_ITEM_LIST_LENGTH=30, learning_rate=0.0002401, weight_decay=0.0001505
  -> MRR@20=0.001800  best=0.011300  (early_stop@12, trial=6s, avg=5s/trial, total=54s, ETA=43s)
[TRIAL_METRICS] cur_best_mrr20=0.001800 cur_best_hr10=0.004000 cur_test_mrr20=0.001500 cur_test_hr10=0.005700 avg_epoch_time_sec=0.4603 test_eval_time_sec=0.0136 test_eval_batches_per_sec=73.3321 test_eval_targets_per_sec=43779.2763 run_best_mrr20=0.011300 run_best_hr10=0.026100 run_test_mrr20=0.010700 run_test_hr10=0.028700

[11/18] MAX_ITEM_LIST_LENGTH=30, learning_rate=0.0003396, weight_decay=0.00015
  -> MRR@20=0.001700  best=0.011300  (early_stop@10, trial=4s, avg=5s/trial, total=58s, ETA=37s)
[TRIAL_METRICS] cur_best_mrr20=0.001700 cur_best_hr10=0.004000 cur_test_mrr20=0.001300 cur_test_hr10=0.005700 avg_epoch_time_sec=0.4264 test_eval_time_sec=0.0137 test_eval_batches_per_sec=73.1237 test_eval_targets_per_sec=43654.8665 run_best_mrr20=0.011300 run_best_hr10=0.026100 run_test_mrr20=0.010700 run_test_hr10=0.028700

[12/18] MAX_ITEM_LIST_LENGTH=10, learning_rate=0.0004802, weight_decay=0.0002
  -> MRR@20=0.004700  best=0.011300  (early_stop@7, trial=3s, avg=5s/trial, total=1.0min, ETA=31s)
[TRIAL_METRICS] cur_best_mrr20=0.004700 cur_best_hr10=0.006000 cur_test_mrr20=0.003500 cur_test_hr10=0.005700 avg_epoch_time_sec=0.3677 test_eval_time_sec=0.0138 test_eval_batches_per_sec=72.3792 test_eval_targets_per_sec=43210.4003 run_best_mrr20=0.011300 run_best_hr10=0.026100 run_test_mrr20=0.010700 run_test_hr10=0.028700

[13/18] MAX_ITEM_LIST_LENGTH=10, learning_rate=0.0006792, weight_decay=0.00015
  -> MRR@20=0.003600  best=0.011300  (early_stop@6, trial=2s, avg=5s/trial, total=1.1min, ETA=25s)
[TRIAL_METRICS] cur_best_mrr20=0.003600 cur_best_hr10=0.006000 cur_test_mrr20=0.002000 cur_test_hr10=0.005700 avg_epoch_time_sec=0.3517 test_eval_time_sec=0.0139 test_eval_batches_per_sec=72.0015 test_eval_targets_per_sec=42984.9019 run_best_mrr20=0.011300 run_best_hr10=0.026100 run_test_mrr20=0.010700 run_test_hr10=0.028700

[14/18] MAX_ITEM_LIST_LENGTH=20, learning_rate=0.0004802, weight_decay=0.0002
  -> MRR@20=0.003300  best=0.011300  (early_stop@19, trial=8s, avg=5s/trial, total=1.2min, ETA=21s)
[TRIAL_METRICS] cur_best_mrr20=0.003300 cur_best_hr10=0.004000 cur_test_mrr20=0.001100 cur_test_hr10=0.002900 avg_epoch_time_sec=0.4108 test_eval_time_sec=0.0138 test_eval_batches_per_sec=72.5244 test_eval_targets_per_sec=43297.0707 run_best_mrr20=0.011300 run_best_hr10=0.026100 run_test_mrr20=0.010700 run_test_hr10=0.028700

[15/18] MAX_ITEM_LIST_LENGTH=10, learning_rate=0.002439, weight_decay=0.0002
  -> MRR@20=0.004300  best=0.011300  (early_stop@9, trial=4s, avg=5s/trial, total=1.3min, ETA=15s)
[TRIAL_METRICS] cur_best_mrr20=0.004300 cur_best_hr10=0.004000 cur_test_mrr20=0.003400 cur_test_hr10=0.011500 avg_epoch_time_sec=0.3888 test_eval_time_sec=0.0137 test_eval_batches_per_sec=73.2067 test_eval_targets_per_sec=43704.3929 run_best_mrr20=0.011300 run_best_hr10=0.026100 run_test_mrr20=0.010700 run_test_hr10=0.028700
[UniqueChoice] remap duplicate suggestion -> {'MAX_ITEM_LIST_LENGTH': 10, 'learning_rate': 0.00243852, 'weight_decay': 0.00015}

[16/18] MAX_ITEM_LIST_LENGTH=10, learning_rate=0.002439, weight_decay=0.00015
  -> MRR@20=0.004300  best=0.011300  (early_stop@9, trial=4s, avg=5s/trial, total=1.4min, ETA=10s)
[TRIAL_METRICS] cur_best_mrr20=0.004300 cur_best_hr10=0.004000 cur_test_mrr20=0.003500 cur_test_hr10=0.011500 avg_epoch_time_sec=0.3877 test_eval_time_sec=0.0136 test_eval_batches_per_sec=73.3462 test_eval_targets_per_sec=43787.6976 run_best_mrr20=0.011300 run_best_hr10=0.026100 run_test_mrr20=0.010700 run_test_hr10=0.028700
[UniqueChoice] remap duplicate suggestion -> {'MAX_ITEM_LIST_LENGTH': 10, 'learning_rate': 0.00067918, 'weight_decay': 0.0001504868294019483}

[17/18] MAX_ITEM_LIST_LENGTH=10, learning_rate=0.0006792, weight_decay=0.0001505
  -> MRR@20=0.003600  best=0.011300  (early_stop@6, trial=2s, avg=5s/trial, total=1.4min, ETA=5s)
[TRIAL_METRICS] cur_best_mrr20=0.003600 cur_best_hr10=0.006000 cur_test_mrr20=0.002000 cur_test_hr10=0.005700 avg_epoch_time_sec=0.3594 test_eval_time_sec=0.0136 test_eval_batches_per_sec=73.4194 test_eval_targets_per_sec=43831.3872 run_best_mrr20=0.011300 run_best_hr10=0.026100 run_test_mrr20=0.010700 run_test_hr10=0.028700
[UniqueChoice] remap duplicate suggestion -> {'MAX_ITEM_LIST_LENGTH': 10, 'learning_rate': 0.00048025, 'weight_decay': 0.0001504868294019483}

[18/18] MAX_ITEM_LIST_LENGTH=10, learning_rate=0.0004802, weight_decay=0.0001505
  -> MRR@20=0.004700  best=0.011300  (early_stop@7, trial=3s, avg=5s/trial, total=1.5min, ETA=0s)
[TRIAL_METRICS] cur_best_mrr20=0.004700 cur_best_hr10=0.006000 cur_test_mrr20=0.003500 cur_test_hr10=0.005700 avg_epoch_time_sec=0.3903 test_eval_time_sec=0.0137 test_eval_batches_per_sec=73.1505 test_eval_targets_per_sec=43670.8551 run_best_mrr20=0.011300 run_best_hr10=0.026100 run_test_mrr20=0.010700 run_test_hr10=0.028700

=================================================================
  DONE  |  FAME x beauty
  Best MRR@20 = 0.011300  |  18/18 trials OK
  Best HR@10  = 0.026100
  Test MRR@20 = 0.010700  (best-valid checkpoint)
  Test HR@10  = 0.028700  (best-valid checkpoint)
  Avg epoch time = 0.431 sec/epoch
  Final test eval = 0.014 sec | batches/s=72.806 | targets/s=43465.422
[RUN_METRICS] best_valid_mrr20=0.011300 best_valid_hr10=0.026100 test_mrr20=0.010700 test_hr10=0.028700 avg_epoch_time_sec=0.4313 test_eval_time_sec=0.0137 test_eval_batches_per_sec=72.8064 test_eval_targets_per_sec=43465.4219
  Total time: 1.5 min
  Best params:
    MAX_ITEM_LIST_LENGTH: 30
    learning_rate: 0.00243852
    weight_decay: 0.00015
  Results -> /workspace/FeaturedMoE/experiments/run/artifacts/results/final_experiment_addtuning/beauty_FAME_add_stage1_beauty_fame_regularization_20260418_154201_791626_pid1721003.json
  Normal mirror -> /workspace/FeaturedMoE/experiments/run/artifacts/results/final_experiment_addtuning/normal/add_stage1_regularization/ADD/beauty/FAME/beauty_FAME_add_stage1_beauty_fame_regularization_20260418_154201_791626_pid1721003.json
  Special result -> /workspace/FeaturedMoE/experiments/run/artifacts/results/final_experiment_addtuning/special/add_stage1_regularization/ADD/beauty/FAME/beauty_FAME_add_stage1_beauty_fame_regularization_20260418_154201_791626_pid1721003_special_metrics.json
  Special log -> /workspace/FeaturedMoE/experiments/run/artifacts/logs/final_experiment_addtuning/special/add_stage1_regularization/ADD/beauty/FAME/beauty_FAME_add_stage1_beauty_fame_regularization_20260418_154201_791626_pid1721003_special_metrics.json
=================================================================

[RUN_STATUS] END status=normal pid=1721003 start=2026-04-18T15:42:01 end=2026-04-18T15:43:29
