# stage=A dataset=lastfm0.03 model=sasrec candidate=A028_L02
# cmd=/venv/FMoE/bin/python hyperopt_tune.py --config-name tune_lfm_small --max-evals 1 --tune-epochs 18 --tune-patience 4 --search-algo random --seed 1 --run-group baseline_2 --run-axis ABCD_v1 --run-phase ABCD_v1_A_DLASTFM0.03_MSASREC_A028_L02_S1 model=sasrec dataset=lastfm0.03 eval_mode=session_fixed feature_mode=full_v4 gpu_id=0 log_wandb=false show_progress=false ++MAX_ITEM_LIST_LENGTH=50 ++eval_sampling.mode=full ++eval_sampling.auto_full_threshold=999999999 ++special_logging=true ++exclude_unseen_target_from_main_eval=true ++log_unseen_target_metrics=true ++hidden_size=192 ++embedding_size=192 ++n_layers=2 ++num_layers=2 ++n_heads=1 ++num_heads=1 ++inner_size=384 ++dropout_ratio=0.25 ++seed=1 ++search.MAX_ITEM_LIST_LENGTH=[50] ++search.weight_decay=[0.0005] ++search.hidden_size=[192] ++search.embedding_size=[192] ++search.n_layers=[2] ++search.num_layers=[2] ++search.n_heads=[1] ++search.num_heads=[1] ++search.inner_size=[384] ++search.learning_rate=[0.0002] ++search.dropout_ratio=[0.25] ++search.hidden_dropout_prob=[0.25] ++search.attn_dropout_prob=[0.25] ++search_space_type_overrides.MAX_ITEM_LIST_LENGTH=choice ++search_space_type_overrides.weight_decay=choice ++search_space_type_overrides.hidden_size=choice ++search_space_type_overrides.embedding_size=choice ++search_space_type_overrides.n_layers=choice ++search_space_type_overrides.num_layers=choice ++search_space_type_overrides.n_heads=choice ++search_space_type_overrides.num_heads=choice ++search_space_type_overrides.inner_size=choice ++search_space_type_overrides.learning_rate=choice ++search_space_type_overrides.dropout_ratio=choice ++search_space_type_overrides.hidden_dropout_prob=choice ++search_space_type_overrides.attn_dropout_prob=choice

Traceback (most recent call last):
  File "/workspace/FeaturedMoE/experiments/hyperopt_tune.py", line 86, in <module>
    import recbole_patch  # noqa: F401
  File "/workspace/FeaturedMoE/experiments/recbole_patch.py", line 66, in <module>
    import recbole.quick_start.quick_start as quick_start_module
  File "/venv/FMoE/lib/python3.10/site-packages/recbole/quick_start/__init__.py", line 1, in <module>
    from recbole.quick_start.quick_start import (
  File "/venv/FMoE/lib/python3.10/site-packages/recbole/quick_start/quick_start.py", line 20, in <module>
    from ray import tune
  File "/venv/FMoE/lib/python3.10/site-packages/ray/__init__.py", line 123, in <module>
    from ray._private.worker import (  # noqa: E402,F401
  File "/venv/FMoE/lib/python3.10/site-packages/ray/_private/worker.py", line 47, in <module>
    import ray._private.parameter
  File "/venv/FMoE/lib/python3.10/site-packages/ray/_private/parameter.py", line 4, in <module>
    import pkg_resources
  File "/venv/FMoE/lib/python3.10/site-packages/pkg_resources/__init__.py", line 85, in <module>
    import packaging.markers
  File "/venv/FMoE/lib/python3.10/site-packages/packaging/markers.py", line 13, in <module>
    from ._parser import MarkerAtom, MarkerList, Op, Value, Variable
  File "/venv/FMoE/lib/python3.10/site-packages/packaging/_parser.py", line 12, in <module>
    from ._tokenizer import DEFAULT_RULES, Tokenizer
  File "/venv/FMoE/lib/python3.10/site-packages/packaging/_tokenizer.py", line 8, in <module>
    from .specifiers import Specifier
  File "/venv/FMoE/lib/python3.10/site-packages/packaging/specifiers.py", line 18, in <module>
    from .utils import canonicalize_version
  File "/venv/FMoE/lib/python3.10/site-packages/packaging/utils.py", line 11, in <module>
    from .version import InvalidVersion, Version, _TrimmedRelease
  File "/venv/FMoE/lib/python3.10/site-packages/packaging/version.py", line 310, in <module>
    class Version(_BaseVersion):
  File "/venv/FMoE/lib/python3.10/site-packages/packaging/version.py", line 337, in Version
    _regex = re.compile(r"\s*" + VERSION_PATTERN + r"\s*", re.VERBOSE | re.IGNORECASE)
  File "/venv/FMoE/lib/python3.10/re.py", line 251, in compile
    return _compile(pattern, flags)
  File "/venv/FMoE/lib/python3.10/re.py", line 303, in _compile
    p = sre_compile.compile(pattern, flags)
  File "/venv/FMoE/lib/python3.10/sre_compile.py", line 788, in compile
    p = sre_parse.parse(p, flags)
  File "/venv/FMoE/lib/python3.10/sre_parse.py", line 955, in parse
    p = _parse_sub(source, state, flags & SRE_FLAG_VERBOSE, 0)
  File "/venv/FMoE/lib/python3.10/sre_parse.py", line 444, in _parse_sub
    itemsappend(_parse(source, state, verbose, nested + 1,
  File "/venv/FMoE/lib/python3.10/sre_parse.py", line 841, in _parse
    p = _parse_sub(source, state, sub_verbose, nested + 1)
  File "/venv/FMoE/lib/python3.10/sre_parse.py", line 444, in _parse_sub
    itemsappend(_parse(source, state, verbose, nested + 1,
  File "/venv/FMoE/lib/python3.10/sre_parse.py", line 841, in _parse
    p = _parse_sub(source, state, sub_verbose, nested + 1)
  File "/venv/FMoE/lib/python3.10/sre_parse.py", line 444, in _parse_sub
    itemsappend(_parse(source, state, verbose, nested + 1,
  File "/venv/FMoE/lib/python3.10/sre_parse.py", line 512, in _parse
    sourceget()
  File "/venv/FMoE/lib/python3.10/sre_parse.py", line 257, in get
    self.__next()
KeyboardInterrupt
