# job_id=ADD_STAGE1_RETAIL_ROCKET_BSAREC_REGULARIZATION dataset=retail_rocket model=bsarec stage=stage1
# cmd=/venv/FMoE/bin/python /workspace/FeaturedMoE/experiments/hyperopt_tune.py --config-name tune_rr --search-algo tpe --max-evals 7 --tune-epochs 40 --tune-patience 5 --seed 910121 --run-group final_experiment_addtuning --run-axis add_stage1_regularization --run-phase ADD_STAGE1_RETAIL_ROCKET_BSAREC_REGULARIZATION model=bsarec dataset=retail_rocket eval_mode=session_fixed feature_mode=full_v4 ++eval_sampling.mode=full ++eval_sampling.auto_full_threshold=999999999 ++special_logging=true ++exclude_unseen_target_from_main_eval=true ++log_unseen_target_metrics=true gpu_id=6 log_wandb=false show_progress=false ++seed=910121 --max-run-hours 2 --oom-retry-limit 5 ++search.learning_rate=[0.00022945,0.0003591,0.00056203,0.00087962,0.00137668] ++search_space_type_overrides.learning_rate=choice ++search.weight_decay=[5e-05,1e-05,1e-06] ++search_space_type_overrides.weight_decay=choice ++search.MAX_ITEM_LIST_LENGTH=[20,10,30] ++search_space_type_overrides.MAX_ITEM_LIST_LENGTH=choice ++search.inner_size=[256] ++search_space_type_overrides.inner_size=choice ++search.dropout_ratio=[0.12] ++search_space_type_overrides.dropout_ratio=choice ++search.hidden_size=[96] ++search_space_type_overrides.hidden_size=choice ++search.embedding_size=[160] ++search_space_type_overrides.embedding_size=choice ++search.num_layers=[1] ++search_space_type_overrides.num_layers=choice ++search.num_heads=[4] ++search_space_type_overrides.num_heads=choice ++search.hidden_dropout_prob=[0.15] ++search_space_type_overrides.hidden_dropout_prob=choice ++search.attn_dropout_prob=[0.1] ++search_space_type_overrides.attn_dropout_prob=choice ++search.bsarec_alpha=[0.5] ++search_space_type_overrides.bsarec_alpha=choice ++search.bsarec_c=[3] ++search_space_type_overrides.bsarec_c=choice ++search.n_layers=[1] ++search_space_type_overrides.n_layers=choice ++search.n_heads=[1] ++search_space_type_overrides.n_heads=choice ++search.dropout_prob=[0.1] ++search_space_type_overrides.dropout_prob=choice

/venv/FMoE/lib/python3.10/site-packages/ray/_private/parameter.py:4: UserWarning: pkg_resources is deprecated as an API. See https://setuptools.pypa.io/en/latest/pkg_resources.html. The pkg_resources package is slated for removal as early as 2025-11-30. Refrain from using this package or pin to Setuptools<81.
  import pkg_resources
[RUN_STATUS] START pid=1727908 ts=2026-04-18T18:42:43
[UniqueChoice] enabled: dedupe/remap duplicates across 45 finite combos

=================================================================
  Hyperopt  |  BSARec x retail_rocket
  max_evals=7  epochs=40  patience=5  wandb=off
  search_algo=tpe
  max_run_hours=2.000  (stop launching new trials after current trial)
  oom_retry_limit=5  (halve train/eval batch size on OOM)
  batch_size(train/valid/test)=4096/8192/8192
  track=final_experiment_addtuning  axis=add_stage1_regularization  phase=ADD_STAGE1_RETAIL_ROCKET_BSAREC_REGULARIZATION
=================================================================
Changed knobs: MAX_ITEM_LIST_LENGTH, learning_rate, weight_decay
Tuned params(len>1): 3  (~45 discrete combos)
Tuned groups: 3
  [optimization]
    learning_rate                   [0.00022945, 0.0003591, 0.00056203, 0.00087962, 0.00137668]  -> choice
    weight_decay                    [5e-05, 1e-05, 1e-06]                     -> choice
  [other]
    MAX_ITEM_LIST_LENGTH            [20, 10, 30]                              -> choice
Fixed params(singleton/non-list): 13
Fixed groups: 13
  [optimization]
    hidden_dropout_prob             0.15                                    
  [model_core]
    attn_dropout_prob               0.1                                     
    dropout_prob                    0.1                                     
    dropout_ratio                   0.12                                    
    embedding_size                  160                                     
    hidden_size                     96                                      
    inner_size                      256                                     
    num_heads                       4                                       
    num_layers                      1                                       
  [other]
    bsarec_alpha                    0.5                                     
    bsarec_c                        3                                       
    n_heads                         1                                       
    n_layers                        1                                       

[Wandb] disabled for this hyperopt run

[1/7] MAX_ITEM_LIST_LENGTH=30, learning_rate=0.0002294, weight_decay=1e-06
  -> MRR@20=0.357500  best=0.357500  (full@40, trial=3.5min, avg=3.8min/trial, total=3.8min, ETA=22.7min)
[TRIAL_METRICS] cur_best_mrr20=0.357500 cur_best_hr10=0.437800 cur_test_mrr20=0.359200 cur_test_hr10=0.434200 avg_epoch_time_sec=5.1737 test_eval_time_sec=0.5497 test_eval_batches_per_sec=5.4579 test_eval_targets_per_sec=38169.1184 run_best_mrr20=0.357500 run_best_hr10=0.437800 run_test_mrr20=0.359200 run_test_hr10=0.434200

[2/7] MAX_ITEM_LIST_LENGTH=10, learning_rate=0.0008796, weight_decay=5e-05
  -> FAILED: 
Traceback (most recent call last):
  File "/workspace/FeaturedMoE/experiments/hyperopt_tune.py", line 4404, in objective
    result = train_and_evaluate(
  File "/workspace/FeaturedMoE/experiments/hyperopt_tune.py", line 2903, in train_and_evaluate
    dataset = create_dataset(config)
  File "/workspace/FeaturedMoE/experiments/recbole_patch.py", line 333, in _patched_create_dataset
    return _original_create_dataset(config)
  File "/venv/FMoE/lib/python3.10/site-packages/recbole/data/utils.py", line 61, in create_dataset
    dataset = pickle.load(f)
MemoryError

[3/7] MAX_ITEM_LIST_LENGTH=20, learning_rate=0.0003591, weight_decay=1e-05
  -> MRR@20=0.340800  best=0.357500  (early_stop@21, trial=1.5min, avg=1.9min/trial, total=5.6min, ETA=7.4min)
[TRIAL_METRICS] cur_best_mrr20=0.340800 cur_best_hr10=0.413600 cur_test_mrr20=0.343300 cur_test_hr10=0.410800 avg_epoch_time_sec=4.2122 test_eval_time_sec=0.5210 test_eval_batches_per_sec=5.7585 test_eval_targets_per_sec=40271.3933 run_best_mrr20=0.357500 run_best_hr10=0.437800 run_test_mrr20=0.359200 run_test_hr10=0.434200

[4/7] MAX_ITEM_LIST_LENGTH=10, learning_rate=0.0002294, weight_decay=5e-05
  -> FAILED: 
Traceback (most recent call last):
  File "/workspace/FeaturedMoE/experiments/hyperopt_tune.py", line 4404, in objective
    result = train_and_evaluate(
  File "/workspace/FeaturedMoE/experiments/hyperopt_tune.py", line 2903, in train_and_evaluate
    dataset = create_dataset(config)
  File "/workspace/FeaturedMoE/experiments/recbole_patch.py", line 333, in _patched_create_dataset
    return _original_create_dataset(config)
  File "/venv/FMoE/lib/python3.10/site-packages/recbole/data/utils.py", line 61, in create_dataset
    dataset = pickle.load(f)
MemoryError

[5/7] MAX_ITEM_LIST_LENGTH=10, learning_rate=0.0002294, weight_decay=1e-05
  -> FAILED: 
Traceback (most recent call last):
  File "/workspace/FeaturedMoE/experiments/hyperopt_tune.py", line 4404, in objective
    result = train_and_evaluate(
  File "/workspace/FeaturedMoE/experiments/hyperopt_tune.py", line 2903, in train_and_evaluate
    dataset = create_dataset(config)
  File "/workspace/FeaturedMoE/experiments/recbole_patch.py", line 333, in _patched_create_dataset
    return _original_create_dataset(config)
  File "/venv/FMoE/lib/python3.10/site-packages/recbole/data/utils.py", line 61, in create_dataset
    dataset = pickle.load(f)
MemoryError

[6/7] MAX_ITEM_LIST_LENGTH=30, learning_rate=0.0008796, weight_decay=1e-05
  -> MRR@20=0.341800  best=0.357500  (early_stop@12, trial=1.0min, avg=1.1min/trial, total=6.6min, ETA=1.1min)
[TRIAL_METRICS] cur_best_mrr20=0.341800 cur_best_hr10=0.414000 cur_test_mrr20=0.343500 cur_test_hr10=0.413000 avg_epoch_time_sec=5.0639 test_eval_time_sec=0.5493 test_eval_batches_per_sec=5.4615 test_eval_targets_per_sec=38193.9854 run_best_mrr20=0.357500 run_best_hr10=0.437800 run_test_mrr20=0.359200 run_test_hr10=0.434200

[7/7] MAX_ITEM_LIST_LENGTH=20, learning_rate=0.0008796, weight_decay=5e-05
  -> MRR@20=0.364500  best=0.364500  (early_stop@27, trial=1.9min, avg=1.2min/trial, total=8.6min, ETA=0s)
[TRIAL_METRICS] cur_best_mrr20=0.364500 cur_best_hr10=0.522900 cur_test_mrr20=0.365200 cur_test_hr10=0.510100 avg_epoch_time_sec=4.1850 test_eval_time_sec=0.5220 test_eval_batches_per_sec=5.7470 test_eval_targets_per_sec=40190.6840 run_best_mrr20=0.364500 run_best_hr10=0.522900 run_test_mrr20=0.365200 run_test_hr10=0.510100

=================================================================
  DONE  |  BSARec x retail_rocket
  Best MRR@20 = 0.364500  |  4/7 trials OK
  Best HR@10  = 0.522900
  Test MRR@20 = 0.365200  (best-valid checkpoint)
  Test HR@10  = 0.510100  (best-valid checkpoint)
  Avg epoch time = 4.185 sec/epoch
  Final test eval = 0.522 sec | batches/s=5.747 | targets/s=40190.684
[RUN_METRICS] best_valid_mrr20=0.364500 best_valid_hr10=0.522900 test_mrr20=0.365200 test_hr10=0.510100 avg_epoch_time_sec=4.1850 test_eval_time_sec=0.5220 test_eval_batches_per_sec=5.7470 test_eval_targets_per_sec=40190.6840
  Total time: 8.6 min
  Best params:
    MAX_ITEM_LIST_LENGTH: 20
    learning_rate: 0.00087962
    weight_decay: 5e-05
  Results -> /workspace/FeaturedMoE/experiments/run/artifacts/results/final_experiment_addtuning/retail_rocket_BSARec_add_stage1_retail_rocket_bsarec_regularization_20260418_184243_798054_pid1727908.json
  Normal mirror -> /workspace/FeaturedMoE/experiments/run/artifacts/results/final_experiment_addtuning/normal/add_stage1_regularization/ADD/retail_rocket/BSARec/retail_rocket_BSARec_add_stage1_retail_rocket_bsarec_regularization_20260418_184243_798054_pid1727908.json
  Special result -> /workspace/FeaturedMoE/experiments/run/artifacts/results/final_experiment_addtuning/special/add_stage1_regularization/ADD/retail_rocket/BSARec/retail_rocket_BSARec_add_stage1_retail_rocket_bsarec_regularization_20260418_184243_798054_pid1727908_special_metrics.json
  Special log -> /workspace/FeaturedMoE/experiments/run/artifacts/logs/final_experiment_addtuning/special/add_stage1_regularization/ADD/retail_rocket/BSARec/retail_rocket_BSARec_add_stage1_retail_rocket_bsarec_regularization_20260418_184243_798054_pid1727908_special_metrics.json
=================================================================

[RUN_STATUS] END status=normal pid=1727908 start=2026-04-18T18:42:43 end=2026-04-18T18:51:18
