[STAGEI_PROGRESSIVE_RECOVERY_ANCHOR2_CORE5_SETTING_HEADER]
run_phase=P24_S2_I1S2_D01_MBSAREC_C20_I1S2_BSAREC_LONG_SPARSE_WIDTH_S1 run_id=I1S2_AMAZON_BEAUTY_BSAREC_I1S2_BSAREC_LONG_SPARSE_WIDTH_S1 phase_id=P24 axis_id=SI step_name=step2 pass_name=pass1 model=BSARec candidate_id=I1S2_BSAREC_LONG_SPARSE_WIDTH seed=1
dataset=amazon_beauty gpu=5 candidate_source=root_cause_hypothesis source_stage=step2_hypothesis_bank anchor_run_id=SH_AMAZON_BEAUTY_BSAREC_FAD_H3_R1_PASS5_DIM320_XHI_S1 hypothesis_family=long_sparse root_cause_tag=bsarec_short_len_bias batch_profile=step2:pass1:bs2304/2816
max_evals=10 tune_epochs=100 tune_patience=5
seed=240019

[COMMAND]
- /venv/FMoE/bin/python hyperopt_tune.py --config-name tune_ab --max-evals 10 --tune-epochs 100 --tune-patience 5 --seed 240019 --run-group baseline --run-axis StageI_ProgressiveRecovery_anchor2_core5 --run-phase P24_S2_I1S2_D01_MBSAREC_C20_I1S2_BSAREC_LONG_SPARSE_WIDTH_S1 model=bsarec dataset=amazon_beauty eval_mode=session_fixed feature_mode=full_v3 gpu_id=5 log_wandb=false show_progress=false ++special_logging=true ++seed=240019 ++search={learning_rate:[0.0002306965075575376,0.0005458699923007903]} ++search_space_type_overrides={learning_rate:"loguniform"} ++weight_decay=0.00016 ++search.weight_decay=[0.00016] ++search_space_type_overrides.weight_decay=choice ++search.n_layers=[2] ++search_space_type_overrides.n_layers=choice ++search.num_layers=[2] ++search_space_type_overrides.num_layers=choice ++search.n_heads=[4] ++search_space_type_overrides.n_heads=choice ++search.num_heads=[4] ++search_space_type_overrides.num_heads=choice ++search.dropout_ratio=[0.12] ++search_space_type_overrides.dropout_ratio=choice ++search.dropout_prob=[0.12] ++search_space_type_overrides.dropout_prob=choice ++search.hidden_dropout_prob=[0.12] ++search_space_type_overrides.hidden_dropout_prob=choice ++search.attn_dropout_prob=[0.12] ++search_space_type_overrides.attn_dropout_prob=choice ++search.hidden_size=[176] ++search_space_type_overrides.hidden_size=choice ++search.embedding_size=[176] ++search_space_type_overrides.embedding_size=choice ++search.inner_size=[368] ++search_space_type_overrides.inner_size=choice ++search.time_span=[512] ++search_space_type_overrides.time_span=choice ++search.num_experts=[8] ++search_space_type_overrides.num_experts=choice ++search.state_size=[32] ++search_space_type_overrides.state_size=choice ++search.conv_kernel=[8] ++search_space_type_overrides.conv_kernel=choice ++search.remaining_ratio=[0.7] ++search_space_type_overrides.remaining_ratio=choice ++search.MAX_ITEM_LIST_LENGTH=[20] ++search_space_type_overrides.MAX_ITEM_LIST_LENGTH=choice ++dropout_ratio=0.12 ++bsarec_alpha=0.35 ++train_batch_size=2304 ++eval_batch_size=2816 ++hidden_size=176 ++embedding_size=176 ++MAX_ITEM_LIST_LENGTH=20 ++num_layers=2 ++n_layers=2 ++num_heads=4 ++n_heads=4 ++inner_size=368
/venv/FMoE/lib/python3.10/site-packages/ray/_private/parameter.py:4: UserWarning: pkg_resources is deprecated as an API. See https://setuptools.pypa.io/en/latest/pkg_resources.html. The pkg_resources package is slated for removal as early as 2025-11-30. Refrain from using this package or pin to Setuptools<81.
  import pkg_resources
[RUN_STATUS] START pid=347803 ts=2026-04-13T02:49:47

=================================================================
  Hyperopt TPE  |  BSARec x amazon_beauty
  max_evals=10  epochs=100  patience=5  wandb=off
  batch_size(train/valid/test)=2304/2816/2816
  track=baseline  axis=stagei_progressiverecovery_anchor2_core5  phase=P24_S2_I1S2_D01_MBSAREC_C20_I1S2_BSAREC_LONG_SPARSE_WIDTH_S1
=================================================================
Changed knobs: learning_rate
Tuned params(len>1): 1  (~1 discrete combos)
Tuned groups: 1
  [optimization]
    learning_rate                   [0.0002306965075575376, 0.0005458699923007903]  -> loguniform
Fixed params(singleton/non-list): 18
Fixed groups: 18
  [optimization]
    hidden_dropout_prob             0.12                                    
    weight_decay                    0.00016                                 
  [model_core]
    attn_dropout_prob               0.12                                    
    dropout_prob                    0.12                                    
    dropout_ratio                   0.12                                    
    embedding_size                  176                                     
    hidden_size                     176                                     
    inner_size                      368                                     
    num_heads                       4                                       
    num_layers                      2                                       
  [other]
    MAX_ITEM_LIST_LENGTH            20                                      
    conv_kernel                     8                                       
    n_heads                         4                                       
    n_layers                        2                                       
    num_experts                     8                                       
    remaining_ratio                 0.7                                     
    state_size                      32                                      
    time_span                       512                                     

[Wandb] disabled for this hyperopt run

[1/10] learning_rate=0.0003118
  -> MRR@20=0.000000  best=0.000000  (early_stop@6, trial=1s, avg=3s/trial, total=3s, ETA=30s)
[TRIAL_METRICS] cur_best_mrr20=0.000000 cur_best_hr10=0.000000 cur_test_mrr20=0.000000 cur_test_hr10=0.000000 run_best_mrr20=0.000000 run_best_hr10=0.000000 run_test_mrr20=0.000000 run_test_hr10=0.000000

[2/10] learning_rate=0.0002642
  -> MRR@20=0.000000  best=0.000000  (early_stop@6, trial=1s, avg=2s/trial, total=4s, ETA=18s)
[TRIAL_METRICS] cur_best_mrr20=0.000000 cur_best_hr10=0.000000 cur_test_mrr20=0.000000 cur_test_hr10=0.000000 run_best_mrr20=0.000000 run_best_hr10=0.000000 run_test_mrr20=0.000000 run_test_hr10=0.000000

[3/10] learning_rate=0.0002349
  -> MRR@20=0.000000  best=0.000000  (early_stop@6, trial=1s, avg=2s/trial, total=6s, ETA=13s)
[TRIAL_METRICS] cur_best_mrr20=0.000000 cur_best_hr10=0.000000 cur_test_mrr20=0.000000 cur_test_hr10=0.000000 run_best_mrr20=0.000000 run_best_hr10=0.000000 run_test_mrr20=0.000000 run_test_hr10=0.000000

[4/10] learning_rate=0.0002345
  -> MRR@20=0.000000  best=0.000000  (early_stop@6, trial=1s, avg=2s/trial, total=7s, ETA=10s)
[TRIAL_METRICS] cur_best_mrr20=0.000000 cur_best_hr10=0.000000 cur_test_mrr20=0.000000 cur_test_hr10=0.000000 run_best_mrr20=0.000000 run_best_hr10=0.000000 run_test_mrr20=0.000000 run_test_hr10=0.000000

[5/10] learning_rate=0.0003547
  -> MRR@20=0.000000  best=0.000000  (early_stop@6, trial=1s, avg=2s/trial, total=8s, ETA=8s)
[TRIAL_METRICS] cur_best_mrr20=0.000000 cur_best_hr10=0.000000 cur_test_mrr20=0.000000 cur_test_hr10=0.000000 run_best_mrr20=0.000000 run_best_hr10=0.000000 run_test_mrr20=0.000000 run_test_hr10=0.000000

[6/10] learning_rate=0.000449
  -> MRR@20=0.002700  best=0.002700  (early_stop@19, trial=2s, avg=2s/trial, total=10s, ETA=7s)
[TRIAL_METRICS] cur_best_mrr20=0.002700 cur_best_hr10=0.017700 cur_test_mrr20=0.000600 cur_test_hr10=0.000000 run_best_mrr20=0.002700 run_best_hr10=0.017700 run_test_mrr20=0.000600 run_test_hr10=0.000000

[7/10] learning_rate=0.0002476
  -> MRR@20=0.000000  best=0.002700  (early_stop@6, trial=1s, avg=2s/trial, total=11s, ETA=5s)
[TRIAL_METRICS] cur_best_mrr20=0.000000 cur_best_hr10=0.000000 cur_test_mrr20=0.000000 cur_test_hr10=0.000000 run_best_mrr20=0.002700 run_best_hr10=0.017700 run_test_mrr20=0.000600 run_test_hr10=0.000000

[8/10] learning_rate=0.0003
  -> MRR@20=0.000000  best=0.002700  (early_stop@6, trial=1s, avg=2s/trial, total=12s, ETA=3s)
[TRIAL_METRICS] cur_best_mrr20=0.000000 cur_best_hr10=0.000000 cur_test_mrr20=0.000000 cur_test_hr10=0.000000 run_best_mrr20=0.002700 run_best_hr10=0.017700 run_test_mrr20=0.000600 run_test_hr10=0.000000

[9/10] learning_rate=0.0004294
  -> MRR@20=0.000000  best=0.002700  (early_stop@6, trial=1s, avg=1s/trial, total=13s, ETA=1s)
[TRIAL_METRICS] cur_best_mrr20=0.000000 cur_best_hr10=0.000000 cur_test_mrr20=0.000000 cur_test_hr10=0.000000 run_best_mrr20=0.002700 run_best_hr10=0.017700 run_test_mrr20=0.000600 run_test_hr10=0.000000

[10/10] learning_rate=0.0005383
  -> MRR@20=0.002800  best=0.002800  (early_stop@13, trial=2s, avg=2s/trial, total=15s, ETA=0s)
[TRIAL_METRICS] cur_best_mrr20=0.002800 cur_best_hr10=0.008800 cur_test_mrr20=0.000000 cur_test_hr10=0.000000 run_best_mrr20=0.002800 run_best_hr10=0.008800 run_test_mrr20=0.000000 run_test_hr10=0.000000

=================================================================
  DONE  |  BSARec x amazon_beauty
  Best MRR@20 = 0.002800  |  10/10 trials OK
  Best HR@10  = 0.008800
  Test MRR@20 = 0.000000  (best-valid checkpoint)
  Test HR@10  = 0.000000  (best-valid checkpoint)
[RUN_METRICS] best_valid_mrr20=0.002800 best_valid_hr10=0.008800 test_mrr20=0.000000 test_hr10=0.000000
  Total time: 0.3 min
  Best params:
    learning_rate: 0.000538274
  Results -> /workspace/FeaturedMoE/experiments/run/artifacts/results/baseline/amazon_beauty_BSARec_p24_s2_i1s2_d01_mbsarec_c20_i1s2_bsarec_long_sparse_width_s1_20260413_024947_337572_pid347803.json
  Normal mirror -> /workspace/FeaturedMoE/experiments/run/artifacts/results/baseline/normal/stagei_progressiverecovery_anchor2_core5/P24/amazon_beauty/BSARec/amazon_beauty_BSARec_p24_s2_i1s2_d01_mbsarec_c20_i1s2_bsarec_long_sparse_width_s1_20260413_024947_337572_pid347803.json
  Special result -> /workspace/FeaturedMoE/experiments/run/artifacts/results/baseline/special/stagei_progressiverecovery_anchor2_core5/P24/amazon_beauty/BSARec/amazon_beauty_BSARec_p24_s2_i1s2_d01_mbsarec_c20_i1s2_bsarec_long_sparse_width_s1_20260413_024947_337572_pid347803_special_metrics.json
  Special log -> /workspace/FeaturedMoE/experiments/run/artifacts/logs/baseline/special/stagei_progressiverecovery_anchor2_core5/P24/amazon_beauty/BSARec/amazon_beauty_BSARec_p24_s2_i1s2_d01_mbsarec_c20_i1s2_bsarec_long_sparse_width_s1_20260413_024947_337572_pid347803_special_metrics.json
=================================================================

[RUN_STATUS] END status=normal pid=347803 start=2026-04-13T02:49:47 end=2026-04-13T02:50:02
