# stage=A dataset=retail_rocket model=gru4rec candidate=A025_L01
# cmd=/venv/FMoE/bin/python hyperopt_tune.py --config-name tune_rr --max-evals 1 --tune-epochs 18 --tune-patience 4 --search-algo random --seed 1 --run-group baseline_2 --run-axis ABCD_v1 --run-phase ABCD_v1_A_DRETAIL_ROCKET_MGRU4REC_A025_L01_S1 model=gru4rec dataset=retail_rocket eval_mode=session_fixed feature_mode=full_v4 gpu_id=7 log_wandb=false show_progress=false ++MAX_ITEM_LIST_LENGTH=100 ++eval_sampling.mode=full ++eval_sampling.auto_full_threshold=999999999 ++special_logging=true ++exclude_unseen_target_from_main_eval=true ++log_unseen_target_metrics=true ++hidden_size=192 ++embedding_size=192 ++num_layers=1 ++dropout_prob=0.1 ++seed=1 ++search.MAX_ITEM_LIST_LENGTH=[100] ++search.weight_decay=[1e-06] ++search.hidden_size=[192] ++search.embedding_size=[192] ++search.num_layers=[1] ++search.learning_rate=[8e-05] ++search.dropout_prob=[0.1] ++search.hidden_dropout_prob=[0.1] ++search_space_type_overrides.MAX_ITEM_LIST_LENGTH=choice ++search_space_type_overrides.weight_decay=choice ++search_space_type_overrides.hidden_size=choice ++search_space_type_overrides.embedding_size=choice ++search_space_type_overrides.num_layers=choice ++search_space_type_overrides.learning_rate=choice ++search_space_type_overrides.dropout_prob=choice ++search_space_type_overrides.hidden_dropout_prob=choice

/venv/FMoE/lib/python3.10/site-packages/ray/_private/parameter.py:4: UserWarning: pkg_resources is deprecated as an API. See https://setuptools.pypa.io/en/latest/pkg_resources.html. The pkg_resources package is slated for removal as early as 2025-11-30. Refrain from using this package or pin to Setuptools<81.
  import pkg_resources
[RUN_STATUS] START pid=808164 ts=2026-04-13T18:48:23

=================================================================
  Hyperopt  |  GRU4Rec x retail_rocket
  max_evals=1  epochs=18  patience=4  wandb=off
  search_algo=random
  batch_size(train/valid/test)=4096/8192/8192
  track=baseline_2  axis=abcd_v1  phase=ABCD_v1_A_DRETAIL_ROCKET_MGRU4REC_A025_L01_S1
=================================================================
Changed knobs: (none; single-run mode)
Tuned params(len>1): 0  (~1 discrete combos)
Tuned groups: 0
  (none)
Fixed params(singleton/non-list): 8
Fixed groups: 8
  [optimization]
    hidden_dropout_prob             0.1                                     
    learning_rate                   8e-05                                   
    weight_decay                    1e-06                                   
  [model_core]
    dropout_prob                    0.1                                     
    embedding_size                  192                                     
    hidden_size                     192                                     
    num_layers                      1                                       
  [other]
    MAX_ITEM_LIST_LENGTH            100                                     

[Wandb] disabled for this hyperopt run

[1/1] (fixed-only run)
  -> MRR@20=0.006300  best=0.006300  (full@18, trial=7.6min, avg=7.7min/trial, total=7.7min, ETA=0s)
[TRIAL_METRICS] cur_best_mrr20=0.006300 cur_best_hr10=0.015100 cur_test_mrr20=0.006000 cur_test_hr10=0.014600 run_best_mrr20=0.006300 run_best_hr10=0.015100 run_test_mrr20=0.006000 run_test_hr10=0.014600

=================================================================
  DONE  |  GRU4Rec x retail_rocket
  Best MRR@20 = 0.006300  |  1/1 trials OK
  Best HR@10  = 0.015100
  Test MRR@20 = 0.006000  (best-valid checkpoint)
  Test HR@10  = 0.014600  (best-valid checkpoint)
[RUN_METRICS] best_valid_mrr20=0.006300 best_valid_hr10=0.015100 test_mrr20=0.006000 test_hr10=0.014600
  Total time: 7.7 min
  Best params:
  Results -> /workspace/FeaturedMoE/experiments/run/artifacts/results/baseline_2/retail_rocket_GRU4Rec_abcd_v1_a_dretail_rocket_mgru4rec_a025_l01_s1_20260413_184824_004652_pid808164.json
  Normal mirror -> /workspace/FeaturedMoE/experiments/run/artifacts/results/baseline_2/normal/abcd_v1/ABCD/retail_rocket/GRU4Rec/retail_rocket_GRU4Rec_abcd_v1_a_dretail_rocket_mgru4rec_a025_l01_s1_20260413_184824_004652_pid808164.json
  Special result -> /workspace/FeaturedMoE/experiments/run/artifacts/results/baseline_2/special/abcd_v1/ABCD/retail_rocket/GRU4Rec/retail_rocket_GRU4Rec_abcd_v1_a_dretail_rocket_mgru4rec_a025_l01_s1_20260413_184824_004652_pid808164_special_metrics.json
  Special log -> /workspace/FeaturedMoE/experiments/run/artifacts/logs/baseline_2/special/abcd_v1/ABCD/retail_rocket/GRU4Rec/retail_rocket_GRU4Rec_abcd_v1_a_dretail_rocket_mgru4rec_a025_l01_s1_20260413_184824_004652_pid808164_special_metrics.json
=================================================================

[RUN_STATUS] END status=normal pid=808164 start=2026-04-13T18:48:23 end=2026-04-13T18:56:05
