[FINAL_ALL_DATASETS_SETTING_HEADER]
run_phase=P14_FAD_D03_M04_DUOREC_H2_S1 run_id=FAD_FOURSQUARE_DUOREC_H2_S1 phase_id=P14 axis_id=FAD model=DuoRec hparam_id=H2 seed=1
dataset=foursquare gpu=5 order=0
max_evals=10 tune_epochs=60 tune_patience=8
seed=120007

[COMMAND]
- /venv/FMoE/bin/python hyperopt_tune.py --config-name tune_fs --max-evals 10 --tune-epochs 40 --tune-patience 6 --seed 120007 --run-group baseline --run-axis Final_all_datasets --run-phase P14_FAD_D03_M04_DUOREC_H2_S1 model=duorec dataset=foursquare eval_mode=session_fixed feature_mode=full_v3 gpu_id=5 log_wandb=false show_progress=false ++special_logging=true ++seed=120007 ++search={learning_rate:[0.00014151262841174286,0.0005660505136469714]} ++search_space_type_overrides={learning_rate:"loguniform"} ++weight_decay=0.00015 ++search.weight_decay=[0.00015] ++search_space_type_overrides.weight_decay=choice ++search.n_layers=[2] ++search_space_type_overrides.n_layers=choice ++search.num_layers=[2] ++search_space_type_overrides.num_layers=choice ++search.n_heads=[2] ++search_space_type_overrides.n_heads=choice ++search.num_heads=[2] ++search_space_type_overrides.num_heads=choice ++search.dropout_ratio=[0.12] ++search_space_type_overrides.dropout_ratio=choice ++search.dropout_prob=[0.12] ++search_space_type_overrides.dropout_prob=choice ++search.hidden_dropout_prob=[0.12] ++search_space_type_overrides.hidden_dropout_prob=choice ++search.attn_dropout_prob=[0.12] ++search_space_type_overrides.attn_dropout_prob=choice ++search.hidden_size=[128] ++search_space_type_overrides.hidden_size=choice ++search.embedding_size=[128] ++search_space_type_overrides.embedding_size=choice ++search.inner_size=[256] ++search_space_type_overrides.inner_size=choice ++search.time_span=[384] ++search_space_type_overrides.time_span=choice ++search.num_experts=[6] ++search_space_type_overrides.num_experts=choice ++search.state_size=[24] ++search_space_type_overrides.state_size=choice ++search.conv_kernel=[6] ++search_space_type_overrides.conv_kernel=choice ++search.remaining_ratio=[0.6] ++search_space_type_overrides.remaining_ratio=choice ++dropout_ratio=0.12 ++contrast=un ++tau=0.2 ++lmd=0.04 ++lmd_sem=0.0 ++semantic_sample_max_tries=2 ++train_batch_size=768 ++eval_batch_size=1024 ++hidden_size=128 ++embedding_size=128 ++MAX_ITEM_LIST_LENGTH=22 ++n_layers=2 ++num_layers=2 ++n_heads=2 ++num_heads=2 ++inner_size=256
/venv/FMoE/lib/python3.10/site-packages/ray/_private/parameter.py:4: UserWarning: pkg_resources is deprecated as an API. See https://setuptools.pypa.io/en/latest/pkg_resources.html. The pkg_resources package is slated for removal as early as 2025-11-30. Refrain from using this package or pin to Setuptools<81.
  import pkg_resources
[RUN_STATUS] START pid=337471 ts=2026-03-28T08:44:41

=================================================================
  Hyperopt TPE  |  DuoRec x foursquare
  max_evals=10  epochs=40  patience=6  wandb=off
  batch_size(train/valid/test)=768/1024/1024
  track=baseline  axis=final_all_datasets  phase=P14_FAD_D03_M04_DUOREC_H2_S1
=================================================================
Changed knobs: MAX_ITEM_LIST_LENGTH, learning_rate
Tuned params(len>1): 2  (~3 discrete combos)
Tuned groups: 2
  [optimization]
    learning_rate                   [0.00014151262841174286, 0.0005660505136469714]  -> loguniform
  [other]
    MAX_ITEM_LIST_LENGTH            [5, 10, 30]                               -> choice
Fixed params(singleton/non-list): 17
Fixed groups: 17
  [optimization]
    hidden_dropout_prob             0.12                                    
    weight_decay                    0.00015                                 
  [model_core]
    attn_dropout_prob               0.12                                    
    dropout_prob                    0.12                                    
    dropout_ratio                   0.12                                    
    embedding_size                  128                                     
    hidden_size                     128                                     
    inner_size                      256                                     
    num_heads                       2                                       
    num_layers                      2                                       
  [other]
    conv_kernel                     6                                       
    n_heads                         2                                       
    n_layers                        2                                       
    num_experts                     6                                       
    remaining_ratio                 0.6                                     
    state_size                      24                                      
    time_span                       384                                     

[Wandb] disabled for this hyperopt run

[1/10] MAX_ITEM_LIST_LENGTH=10, learning_rate=0.0002992
  -> MRR@20=0.119000  best=0.119000  (early_stop@30, trial=5.9min, avg=6.0min/trial, total=6.0min, ETA=54.4min)
[TRIAL_METRICS] cur_best_mrr20=0.119000 cur_best_hr10=0.226300 cur_test_mrr20=0.096200 cur_test_hr10=0.184700 run_best_mrr20=0.119000 run_best_hr10=0.226300 run_test_mrr20=0.096200 run_test_hr10=0.184700

[2/10] MAX_ITEM_LIST_LENGTH=10, learning_rate=0.0002842
  -> MRR@20=0.118200  best=0.119000  (early_stop@30, trial=5.9min, avg=6.0min/trial, total=12.0min, ETA=47.8min)
[TRIAL_METRICS] cur_best_mrr20=0.118200 cur_best_hr10=0.228900 cur_test_mrr20=0.094000 cur_test_hr10=0.186000 run_best_mrr20=0.119000 run_best_hr10=0.226300 run_test_mrr20=0.096200 run_test_hr10=0.184700

[3/10] MAX_ITEM_LIST_LENGTH=30, learning_rate=0.0002143
  -> MRR@20=0.119900  best=0.119900  (full@40, trial=8.7min, avg=6.9min/trial, total=20.7min, ETA=48.3min)
[TRIAL_METRICS] cur_best_mrr20=0.119900 cur_best_hr10=0.226000 cur_test_mrr20=0.092200 cur_test_hr10=0.178900 run_best_mrr20=0.119900 run_best_hr10=0.226000 run_test_mrr20=0.092200 run_test_hr10=0.178900

[4/10] MAX_ITEM_LIST_LENGTH=10, learning_rate=0.0004667
  -> MRR@20=0.118700  best=0.119900  (early_stop@25, trial=5.0min, avg=6.5min/trial, total=25.8min, ETA=38.7min)
[TRIAL_METRICS] cur_best_mrr20=0.118700 cur_best_hr10=0.220000 cur_test_mrr20=0.096700 cur_test_hr10=0.175800 run_best_mrr20=0.119900 run_best_hr10=0.226000 run_test_mrr20=0.092200 run_test_hr10=0.178900

[5/10] MAX_ITEM_LIST_LENGTH=10, learning_rate=0.0005546
  -> MRR@20=0.117900  best=0.119900  (early_stop@21, trial=4.1min, avg=6.0min/trial, total=29.9min, ETA=29.9min)
[TRIAL_METRICS] cur_best_mrr20=0.117900 cur_best_hr10=0.225500 cur_test_mrr20=0.097300 cur_test_hr10=0.182100 run_best_mrr20=0.119900 run_best_hr10=0.226000 run_test_mrr20=0.092200 run_test_hr10=0.178900

[6/10] MAX_ITEM_LIST_LENGTH=5, learning_rate=0.000196
  -> MRR@20=0.116900  best=0.119900  (full@40, trial=7.7min, avg=6.3min/trial, total=37.7min, ETA=25.1min)
[TRIAL_METRICS] cur_best_mrr20=0.116900 cur_best_hr10=0.228900 cur_test_mrr20=0.098100 cur_test_hr10=0.187900 run_best_mrr20=0.119900 run_best_hr10=0.226000 run_test_mrr20=0.092200 run_test_hr10=0.178900

[7/10] MAX_ITEM_LIST_LENGTH=5, learning_rate=0.0001488
  -> MRR@20=0.113100  best=0.119900  (full@40, trial=7.8min, avg=6.5min/trial, total=45.5min, ETA=19.5min)
[TRIAL_METRICS] cur_best_mrr20=0.113100 cur_best_hr10=0.226300 cur_test_mrr20=0.093900 cur_test_hr10=0.183400 run_best_mrr20=0.119900 run_best_hr10=0.226000 run_test_mrr20=0.092200 run_test_hr10=0.178900

[8/10] MAX_ITEM_LIST_LENGTH=5, learning_rate=0.0005303
  -> MRR@20=0.120000  best=0.120000  (early_stop@22, trial=4.2min, avg=6.2min/trial, total=49.7min, ETA=12.4min)
[TRIAL_METRICS] cur_best_mrr20=0.120000 cur_best_hr10=0.225500 cur_test_mrr20=0.094100 cur_test_hr10=0.183900 run_best_mrr20=0.120000 run_best_hr10=0.225500 run_test_mrr20=0.094100 run_test_hr10=0.183900

[9/10] MAX_ITEM_LIST_LENGTH=30, learning_rate=0.0001843
  -> MRR@20=0.118400  best=0.120000  (full@40, trial=8.5min, avg=6.5min/trial, total=58.3min, ETA=6.5min)
[TRIAL_METRICS] cur_best_mrr20=0.118400 cur_best_hr10=0.227100 cur_test_mrr20=0.092000 cur_test_hr10=0.179500 run_best_mrr20=0.120000 run_best_hr10=0.225500 run_test_mrr20=0.094100 run_test_hr10=0.183900

[10/10] MAX_ITEM_LIST_LENGTH=5, learning_rate=0.0004432
  -> MRR@20=0.119200  best=0.120000  (early_stop@24, trial=4.6min, avg=6.3min/trial, total=1.05h, ETA=0s)
[TRIAL_METRICS] cur_best_mrr20=0.119200 cur_best_hr10=0.226800 cur_test_mrr20=0.095100 cur_test_hr10=0.183400 run_best_mrr20=0.120000 run_best_hr10=0.225500 run_test_mrr20=0.094100 run_test_hr10=0.183900

=================================================================
  DONE  |  DuoRec x foursquare
  Best MRR@20 = 0.120000  |  10/10 trials OK
  Best HR@10  = 0.225500
  Test MRR@20 = 0.094100  (best-valid checkpoint)
  Test HR@10  = 0.183900  (best-valid checkpoint)
[RUN_METRICS] best_valid_mrr20=0.120000 best_valid_hr10=0.225500 test_mrr20=0.094100 test_hr10=0.183900
  Total time: 62.9 min
  Best params:
    MAX_ITEM_LIST_LENGTH: 5
    learning_rate: 0.000530309
  Results -> /workspace/jy1559/FMoE/experiments/run/artifacts/results/baseline/foursquare_DuoRec_p14_fad_d03_m04_duorec_h2_s1_20260328_084441_517178_pid337471.json
  Normal mirror -> /workspace/jy1559/FMoE/experiments/run/artifacts/results/baseline/normal/final_all_datasets/P14/foursquare/DuoRec/foursquare_DuoRec_p14_fad_d03_m04_duorec_h2_s1_20260328_084441_517178_pid337471.json
  Special result -> /workspace/jy1559/FMoE/experiments/run/artifacts/results/baseline/special/final_all_datasets/P14/foursquare/DuoRec/foursquare_DuoRec_p14_fad_d03_m04_duorec_h2_s1_20260328_084441_517178_pid337471_special_metrics.json
  Special log -> /workspace/jy1559/FMoE/experiments/run/artifacts/logs/baseline/special/final_all_datasets/P14/foursquare/DuoRec/foursquare_DuoRec_p14_fad_d03_m04_duorec_h2_s1_20260328_084441_517178_pid337471_special_metrics.json
=================================================================

[RUN_STATUS] END status=normal pid=337471 start=2026-03-28T08:44:41 end=2026-03-28T09:47:35
