# pair=P028 dataset=foursquare model=difsr combo=C1 seed=1
# cmd=/venv/FMoE/bin/python hyperopt_tune.py --config-name tune_fs --max-evals 10 --tune-epochs 100 --tune-patience 10 --search-algo random --seed 28 --run-group baseline_3 --run-axis FULL_HISTORY_V4_C4 --run-phase FULL_HISTORY_V4_C4_DFOURSQUARE_MDIFSR_P028_C1_S1 model=difsr dataset=foursquare eval_mode=session_fixed feature_mode=full_v4 train_batch_size=4096 eval_batch_size=8192 gpu_id=2 log_wandb=false show_progress=false ++seed=28 ++history_input_mode=full_history_session_targets ++history_group_field=user_id ++target_group_field=session_id ++history_eval_policy=strict_train_prefix ++MAX_ITEM_LIST_LENGTH=30 ++eval_sampling.mode=full ++eval_sampling.auto_full_threshold=999999999 ++special_logging=true ++exclude_unseen_target_from_main_eval=true ++log_unseen_target_metrics=true ++hidden_size=160 ++embedding_size=160 ++n_layers=3 ++num_layers=3 ++n_heads=4 ++num_heads=4 ++inner_size=320 ++dropout_ratio=0.15 ++hidden_dropout_prob=0.15 ++attn_dropout_prob=0.15 ++weight_decay=0.0002 ++attribute_hidden_size=160 ++fusion_type="gate" ++use_attribute_predictor=true ++lambda_attr=0.15 ++search={learning_rate:[0.0001787269798696698,0.0010723618792180185],weight_decay:[0.00014,0.00034]} ++search_space_type_overrides={learning_rate:"loguniform",weight_decay:"loguniform"} ++search.MAX_ITEM_LIST_LENGTH=[30] ++search_space_type_overrides.MAX_ITEM_LIST_LENGTH=choice ++search.hidden_size=[160] ++search_space_type_overrides.hidden_size=choice ++search.embedding_size=[160] ++search_space_type_overrides.embedding_size=choice ++search.n_layers=[3] ++search_space_type_overrides.n_layers=choice ++search.num_layers=[3] ++search_space_type_overrides.num_layers=choice ++search.n_heads=[4] ++search_space_type_overrides.n_heads=choice ++search.num_heads=[4] ++search_space_type_overrides.num_heads=choice ++search.inner_size=[320] ++search_space_type_overrides.inner_size=choice ++search.dropout_ratio=[0.15] ++search_space_type_overrides.dropout_ratio=choice ++search.hidden_dropout_prob=[0.15] ++search_space_type_overrides.hidden_dropout_prob=choice ++search.attn_dropout_prob=[0.15] ++search_space_type_overrides.attn_dropout_prob=choice ++search.attribute_hidden_size=[160] ++search_space_type_overrides.attribute_hidden_size=choice ++search.fusion_type=["gate"] ++search_space_type_overrides.fusion_type=choice ++search.use_attribute_predictor=[true] ++search_space_type_overrides.use_attribute_predictor=choice ++search.lambda_attr=[0.15] ++search_space_type_overrides.lambda_attr=choice

/venv/FMoE/lib/python3.10/site-packages/ray/_private/parameter.py:4: UserWarning: pkg_resources is deprecated as an API. See https://setuptools.pypa.io/en/latest/pkg_resources.html. The pkg_resources package is slated for removal as early as 2025-11-30. Refrain from using this package or pin to Setuptools<81.
  import pkg_resources
[RUN_STATUS] START pid=363329 ts=2026-04-16T13:02:11

=================================================================
  Hyperopt  |  DIFSR x foursquare
  max_evals=10  epochs=100  patience=10  wandb=off
  search_algo=random
  batch_size(train/valid/test)=4096/8192/8192
  track=baseline_3  axis=full_history_v4_c4  phase=FULL_HISTORY_V4_C4_DFOURSQUARE_MDIFSR_P028_C1_S1
=================================================================
Changed knobs: learning_rate, weight_decay
Tuned params(len>1): 2  (~1 discrete combos)
Tuned groups: 2
  [optimization]
    learning_rate                   [0.0001787269798696698, 0.0010723618792180185]  -> loguniform
    weight_decay                    [0.00014, 0.00034]                        -> loguniform
Fixed params(singleton/non-list): 15
Fixed groups: 15
  [optimization]
    hidden_dropout_prob             0.15                                    
  [model_core]
    attn_dropout_prob               0.15                                    
    dropout_ratio                   0.15                                    
    embedding_size                  160                                     
    hidden_size                     160                                     
    inner_size                      320                                     
    num_heads                       4                                       
    num_layers                      3                                       
  [other]
    MAX_ITEM_LIST_LENGTH            30                                      
    attribute_hidden_size           160                                     
    fusion_type                     gate                                    
    lambda_attr                     0.15                                    
    n_heads                         4                                       
    n_layers                        3                                       
    use_attribute_predictor         True                                    

[Wandb] disabled for this hyperopt run

[1/10] learning_rate=0.0003589, weight_decay=0.0002477
  -> MRR@20=0.213800  best=0.213800  (full@100, trial=6.4min, avg=6.5min/trial, total=6.5min, ETA=58.7min)
[TRIAL_METRICS] cur_best_mrr20=0.213800 cur_best_hr10=0.310500 cur_test_mrr20=0.201600 cur_test_hr10=0.294200 run_best_mrr20=0.213800 run_best_hr10=0.310500 run_test_mrr20=0.201600 run_test_hr10=0.294200

[2/10] learning_rate=0.000517, weight_decay=0.0002794
  -> MRR@20=0.223100  best=0.223100  (full@100, trial=6.4min, avg=6.5min/trial, total=13.0min, ETA=51.9min)
[TRIAL_METRICS] cur_best_mrr20=0.223100 cur_best_hr10=0.334800 cur_test_mrr20=0.207200 cur_test_hr10=0.310600 run_best_mrr20=0.223100 run_best_hr10=0.334800 run_test_mrr20=0.207200 run_test_hr10=0.310600

[3/10] learning_rate=0.0008731, weight_decay=0.0001687
  -> MRR@20=0.240700  best=0.240700  (full@100, trial=6.3min, avg=6.4min/trial, total=19.3min, ETA=45.1min)
[TRIAL_METRICS] cur_best_mrr20=0.240700 cur_best_hr10=0.378200 cur_test_mrr20=0.214400 cur_test_hr10=0.347700 run_best_mrr20=0.240700 run_best_hr10=0.378200 run_test_mrr20=0.214400 run_test_hr10=0.347700

[4/10] learning_rate=0.0008685, weight_decay=0.0002238
  -> MRR@20=0.241500  best=0.241500  (full@100, trial=6.3min, avg=6.4min/trial, total=25.7min, ETA=38.5min)
[TRIAL_METRICS] cur_best_mrr20=0.241500 cur_best_hr10=0.390600 cur_test_mrr20=0.217600 cur_test_hr10=0.352100 run_best_mrr20=0.241500 run_best_hr10=0.390600 run_test_mrr20=0.217600 run_test_hr10=0.352100

[5/10] learning_rate=0.0005787, weight_decay=0.0002163
  -> MRR@20=0.229000  best=0.241500  (full@100, trial=6.3min, avg=6.4min/trial, total=32.0min, ETA=32.0min)
[TRIAL_METRICS] cur_best_mrr20=0.229000 cur_best_hr10=0.349400 cur_test_mrr20=0.206200 cur_test_hr10=0.311400 run_best_mrr20=0.241500 run_best_hr10=0.390600 run_test_mrr20=0.217600 run_test_hr10=0.352100

[6/10] learning_rate=0.0009701, weight_decay=0.0001452
  -> MRR@20=0.238400  best=0.241500  (early_stop@89, trial=5.6min, avg=6.3min/trial, total=37.7min, ETA=25.1min)
[TRIAL_METRICS] cur_best_mrr20=0.238400 cur_best_hr10=0.379300 cur_test_mrr20=0.207900 cur_test_hr10=0.344900 run_best_mrr20=0.241500 run_best_hr10=0.390600 run_test_mrr20=0.217600 run_test_hr10=0.352100

[7/10] learning_rate=0.0004751, weight_decay=0.0002753
  -> MRR@20=0.223900  best=0.241500  (full@100, trial=6.4min, avg=6.3min/trial, total=44.1min, ETA=18.9min)
[TRIAL_METRICS] cur_best_mrr20=0.223900 cur_best_hr10=0.328500 cur_test_mrr20=0.205300 cur_test_hr10=0.306200 run_best_mrr20=0.241500 run_best_hr10=0.390600 run_test_mrr20=0.217600 run_test_hr10=0.352100

[8/10] learning_rate=0.0004677, weight_decay=0.0002208
  -> MRR@20=0.222700  best=0.241500  (full@100, trial=6.4min, avg=6.3min/trial, total=50.5min, ETA=12.6min)
[TRIAL_METRICS] cur_best_mrr20=0.222700 cur_best_hr10=0.329600 cur_test_mrr20=0.203600 cur_test_hr10=0.307800 run_best_mrr20=0.241500 run_best_hr10=0.390600 run_test_mrr20=0.217600 run_test_hr10=0.352100

[9/10] learning_rate=0.000947, weight_decay=0.0003071
  -> MRR@20=0.243000  best=0.243000  (full@100, trial=6.4min, avg=6.3min/trial, total=56.9min, ETA=6.3min)
[TRIAL_METRICS] cur_best_mrr20=0.243000 cur_best_hr10=0.396200 cur_test_mrr20=0.221700 cur_test_hr10=0.357300 run_best_mrr20=0.243000 run_best_hr10=0.396200 run_test_mrr20=0.221700 run_test_hr10=0.357300

[10/10] learning_rate=0.000383, weight_decay=0.0001603
  -> MRR@20=0.220100  best=0.243000  (full@100, trial=6.4min, avg=6.3min/trial, total=1.06h, ETA=0s)
[TRIAL_METRICS] cur_best_mrr20=0.220100 cur_best_hr10=0.324000 cur_test_mrr20=0.201400 cur_test_hr10=0.303800 run_best_mrr20=0.243000 run_best_hr10=0.396200 run_test_mrr20=0.221700 run_test_hr10=0.357300

=================================================================
  DONE  |  DIFSR x foursquare
  Best MRR@20 = 0.243000  |  10/10 trials OK
  Best HR@10  = 0.396200
  Test MRR@20 = 0.221700  (best-valid checkpoint)
  Test HR@10  = 0.357300  (best-valid checkpoint)
[RUN_METRICS] best_valid_mrr20=0.243000 best_valid_hr10=0.396200 test_mrr20=0.221700 test_hr10=0.357300
  Total time: 63.3 min
  Best params:
    learning_rate: 0.000946963
    weight_decay: 0.000307101
  Results -> /workspace/FeaturedMoE/experiments/run/artifacts/results/baseline_3/foursquare_DIFSR_full_history_v4_c4_dfoursquare_mdifsr_p028_c1_s1_20260416_130211_282580_pid363329.json
  Normal mirror -> /workspace/FeaturedMoE/experiments/run/artifacts/results/baseline_3/normal/full_history_v4_c4/FULL/foursquare/DIFSR/foursquare_DIFSR_full_history_v4_c4_dfoursquare_mdifsr_p028_c1_s1_20260416_130211_282580_pid363329.json
  Special result -> /workspace/FeaturedMoE/experiments/run/artifacts/results/baseline_3/special/full_history_v4_c4/FULL/foursquare/DIFSR/foursquare_DIFSR_full_history_v4_c4_dfoursquare_mdifsr_p028_c1_s1_20260416_130211_282580_pid363329_special_metrics.json
  Special log -> /workspace/FeaturedMoE/experiments/run/artifacts/logs/baseline_3/special/full_history_v4_c4/FULL/foursquare/DIFSR/foursquare_DIFSR_full_history_v4_c4_dfoursquare_mdifsr_p028_c1_s1_20260416_130211_282580_pid363329_special_metrics.json
=================================================================

[RUN_STATUS] END status=normal pid=363329 start=2026-04-16T13:02:11 end=2026-04-16T14:05:32

[FULL_HISTORY_TIMING] avg_epoch_sec=3.8220 avg_epoch_ms=3822.0 test_inference_sec=0.1365
