[STAGEI_PROGRESSIVE_RECOVERY_ANCHOR2_CORE5_SETTING_HEADER]
run_phase=P24_I1_D02_MGRU4REC_C04_I1_GRU4REC_H4_S1 run_id=I1_AMAZON_BEAUTY_GRU4REC_I1_GRU4REC_H4_S1 phase_id=P24 axis_id=SI pass_name=pass1 model=GRU4Rec candidate_id=I1_GRU4REC_H4 seed=1
dataset=amazon_beauty gpu=4 candidate_source=manual_rebuild source_stage=general_hparam_bank anchor_run_id= batch_profile=pass1:bs8960/11264
max_evals=10 tune_epochs=100 tune_patience=5
seed=240027

[COMMAND]
- /venv/FMoE/bin/python hyperopt_tune.py --config-name tune_ab --max-evals 10 --tune-epochs 100 --tune-patience 5 --seed 240027 --run-group baseline --run-axis StageI_ProgressiveRecovery_anchor2_core5 --run-phase P24_I1_D02_MGRU4REC_C04_I1_GRU4REC_H4_S1 model=gru4rec dataset=amazon_beauty eval_mode=session_fixed feature_mode=full_v3 gpu_id=4 log_wandb=false show_progress=false ++special_logging=true ++seed=240027 ++search={learning_rate:[9.63851771600781e-05,0.0017493909654554176]} ++search_space_type_overrides={learning_rate:"loguniform"} ++weight_decay=0.0005 ++search.weight_decay=[0.0005] ++search_space_type_overrides.weight_decay=choice ++search.n_layers=[2] ++search_space_type_overrides.n_layers=choice ++search.num_layers=[2] ++search_space_type_overrides.num_layers=choice ++search.n_heads=[4] ++search_space_type_overrides.n_heads=choice ++search.num_heads=[4] ++search_space_type_overrides.num_heads=choice ++search.dropout_ratio=[0.3] ++search_space_type_overrides.dropout_ratio=choice ++search.dropout_prob=[0.3] ++search_space_type_overrides.dropout_prob=choice ++search.hidden_dropout_prob=[0.3] ++search_space_type_overrides.hidden_dropout_prob=choice ++search.attn_dropout_prob=[0.3] ++search_space_type_overrides.attn_dropout_prob=choice ++search.hidden_size=[112] ++search_space_type_overrides.hidden_size=choice ++search.embedding_size=[112] ++search_space_type_overrides.embedding_size=choice ++search.inner_size=[224] ++search_space_type_overrides.inner_size=choice ++search.time_span=[1024] ++search_space_type_overrides.time_span=choice ++search.num_experts=[2] ++search_space_type_overrides.num_experts=choice ++search.state_size=[8] ++search_space_type_overrides.state_size=choice ++search.conv_kernel=[8] ++search_space_type_overrides.conv_kernel=choice ++search.remaining_ratio=[0.9] ++search_space_type_overrides.remaining_ratio=choice ++search.MAX_ITEM_LIST_LENGTH=[10] ++search_space_type_overrides.MAX_ITEM_LIST_LENGTH=choice ++dropout_prob=0.3 ++train_batch_size=8960 ++eval_batch_size=11264 ++hidden_size=112 ++embedding_size=112 ++MAX_ITEM_LIST_LENGTH=10 ++num_layers=2
/venv/FMoE/lib/python3.10/site-packages/ray/_private/parameter.py:4: UserWarning: pkg_resources is deprecated as an API. See https://setuptools.pypa.io/en/latest/pkg_resources.html. The pkg_resources package is slated for removal as early as 2025-11-30. Refrain from using this package or pin to Setuptools<81.
  import pkg_resources
[RUN_STATUS] START pid=208097 ts=2026-04-12T15:47:29

=================================================================
  Hyperopt TPE  |  GRU4Rec x amazon_beauty
  max_evals=10  epochs=100  patience=5  wandb=off
  batch_size(train/valid/test)=8960/11264/11264
  track=baseline  axis=stagei_progressiverecovery_anchor2_core5  phase=P24_I1_D02_MGRU4REC_C04_I1_GRU4REC_H4_S1
=================================================================
Changed knobs: learning_rate
Tuned params(len>1): 1  (~1 discrete combos)
Tuned groups: 1
  [optimization]
    learning_rate                   [9.63851771600781e-05, 0.0017493909654554176]  -> loguniform
Fixed params(singleton/non-list): 18
Fixed groups: 18
  [optimization]
    hidden_dropout_prob             0.3                                     
    weight_decay                    0.0005                                  
  [model_core]
    attn_dropout_prob               0.3                                     
    dropout_prob                    0.3                                     
    dropout_ratio                   0.3                                     
    embedding_size                  112                                     
    hidden_size                     112                                     
    inner_size                      224                                     
    num_heads                       4                                       
    num_layers                      2                                       
  [other]
    MAX_ITEM_LIST_LENGTH            10                                      
    conv_kernel                     8                                       
    n_heads                         4                                       
    n_layers                        2                                       
    num_experts                     2                                       
    remaining_ratio                 0.9                                     
    state_size                      8                                       
    time_span                       1024                                    

[Wandb] disabled for this hyperopt run

[1/10] learning_rate=0.0007148
  -> MRR@20=0.000700  best=0.000700  (early_stop@18, trial=2s, avg=4s/trial, total=4s, ETA=35s)
[TRIAL_METRICS] cur_best_mrr20=0.000700 cur_best_hr10=0.000000 cur_test_mrr20=0.000500 cur_test_hr10=0.000000 run_best_mrr20=0.000700 run_best_hr10=0.000000 run_test_mrr20=0.000500 run_test_hr10=0.000000

[2/10] learning_rate=0.0001478
  -> MRR@20=0.000000  best=0.000700  (early_stop@6, trial=1s, avg=2s/trial, total=5s, ETA=19s)
[TRIAL_METRICS] cur_best_mrr20=0.000000 cur_best_hr10=0.000000 cur_test_mrr20=0.000000 cur_test_hr10=0.000000 run_best_mrr20=0.000700 run_best_hr10=0.000000 run_test_mrr20=0.000500 run_test_hr10=0.000000

[3/10] learning_rate=0.0009395
  -> MRR@20=0.000700  best=0.000700  (early_stop@15, trial=1s, avg=2s/trial, total=6s, ETA=14s)
[TRIAL_METRICS] cur_best_mrr20=0.000700 cur_best_hr10=0.000000 cur_test_mrr20=0.000500 cur_test_hr10=0.000000 run_best_mrr20=0.000700 run_best_hr10=0.000000 run_test_mrr20=0.000500 run_test_hr10=0.000000

[4/10] learning_rate=0.001645
  -> MRR@20=0.000800  best=0.000800  (early_stop@15, trial=1s, avg=2s/trial, total=8s, ETA=12s)
[TRIAL_METRICS] cur_best_mrr20=0.000800 cur_best_hr10=0.000000 cur_test_mrr20=0.000000 cur_test_hr10=0.000000 run_best_mrr20=0.000800 run_best_hr10=0.000000 run_test_mrr20=0.000000 run_test_hr10=0.000000

[5/10] learning_rate=0.0004734
  -> MRR@20=0.000000  best=0.000800  (early_stop@6, trial=0s, avg=2s/trial, total=9s, ETA=9s)
[TRIAL_METRICS] cur_best_mrr20=0.000000 cur_best_hr10=0.000000 cur_test_mrr20=0.000000 cur_test_hr10=0.000000 run_best_mrr20=0.000800 run_best_hr10=0.000000 run_test_mrr20=0.000000 run_test_hr10=0.000000

[6/10] learning_rate=0.0005588
  -> MRR@20=0.000500  best=0.000800  (early_stop@11, trial=1s, avg=2s/trial, total=10s, ETA=6s)
[TRIAL_METRICS] cur_best_mrr20=0.000500 cur_best_hr10=0.000000 cur_test_mrr20=0.000700 cur_test_hr10=0.000000 run_best_mrr20=0.000800 run_best_hr10=0.000000 run_test_mrr20=0.000000 run_test_hr10=0.000000

[7/10] learning_rate=0.0002887
  -> MRR@20=0.000000  best=0.000800  (early_stop@6, trial=0s, avg=1s/trial, total=10s, ETA=4s)
[TRIAL_METRICS] cur_best_mrr20=0.000000 cur_best_hr10=0.000000 cur_test_mrr20=0.000000 cur_test_hr10=0.000000 run_best_mrr20=0.000800 run_best_hr10=0.000000 run_test_mrr20=0.000000 run_test_hr10=0.000000

[8/10] learning_rate=0.0002926
  -> MRR@20=0.000000  best=0.000800  (early_stop@6, trial=0s, avg=1s/trial, total=11s, ETA=3s)
[TRIAL_METRICS] cur_best_mrr20=0.000000 cur_best_hr10=0.000000 cur_test_mrr20=0.000000 cur_test_hr10=0.000000 run_best_mrr20=0.000800 run_best_hr10=0.000000 run_test_mrr20=0.000000 run_test_hr10=0.000000

[9/10] learning_rate=0.001245
  -> MRR@20=0.000700  best=0.000800  (early_stop@13, trial=1s, avg=1s/trial, total=12s, ETA=1s)
[TRIAL_METRICS] cur_best_mrr20=0.000700 cur_best_hr10=0.000000 cur_test_mrr20=0.000500 cur_test_hr10=0.000000 run_best_mrr20=0.000800 run_best_hr10=0.000000 run_test_mrr20=0.000000 run_test_hr10=0.000000

[10/10] learning_rate=0.0002071
  -> MRR@20=0.000000  best=0.000800  (early_stop@6, trial=0s, avg=1s/trial, total=13s, ETA=0s)
[TRIAL_METRICS] cur_best_mrr20=0.000000 cur_best_hr10=0.000000 cur_test_mrr20=0.000000 cur_test_hr10=0.000000 run_best_mrr20=0.000800 run_best_hr10=0.000000 run_test_mrr20=0.000000 run_test_hr10=0.000000

=================================================================
  DONE  |  GRU4Rec x amazon_beauty
  Best MRR@20 = 0.000800  |  10/10 trials OK
  Best HR@10  = 0.000000
  Test MRR@20 = 0.000000  (best-valid checkpoint)
  Test HR@10  = 0.000000  (best-valid checkpoint)
[RUN_METRICS] best_valid_mrr20=0.000800 best_valid_hr10=0.000000 test_mrr20=0.000000 test_hr10=0.000000
  Total time: 0.2 min
  Best params:
    learning_rate: 0.00164539
  Results -> /workspace/FeaturedMoE/experiments/run/artifacts/results/baseline/amazon_beauty_GRU4Rec_p24_i1_d02_mgru4rec_c04_i1_gru4rec_h4_s1_20260412_154729_754067_pid208097.json
  Normal mirror -> /workspace/FeaturedMoE/experiments/run/artifacts/results/baseline/normal/stagei_progressiverecovery_anchor2_core5/P24/amazon_beauty/GRU4Rec/amazon_beauty_GRU4Rec_p24_i1_d02_mgru4rec_c04_i1_gru4rec_h4_s1_20260412_154729_754067_pid208097.json
  Special result -> /workspace/FeaturedMoE/experiments/run/artifacts/results/baseline/special/stagei_progressiverecovery_anchor2_core5/P24/amazon_beauty/GRU4Rec/amazon_beauty_GRU4Rec_p24_i1_d02_mgru4rec_c04_i1_gru4rec_h4_s1_20260412_154729_754067_pid208097_special_metrics.json
  Special log -> /workspace/FeaturedMoE/experiments/run/artifacts/logs/baseline/special/stagei_progressiverecovery_anchor2_core5/P24/amazon_beauty/GRU4Rec/amazon_beauty_GRU4Rec_p24_i1_d02_mgru4rec_c04_i1_gru4rec_h4_s1_20260412_154729_754067_pid208097_special_metrics.json
=================================================================

[RUN_STATUS] END status=normal pid=208097 start=2026-04-12T15:47:29 end=2026-04-12T15:47:43
