[RUN_STATUS] START pid=122608 ts=2026-03-13T00:52:32

=================================================================
  Hyperopt TPE  |  FAME x lastfm0.03
  max_evals=10  epochs=100  patience=10  wandb=off
  batch_size(train/valid/test)=512/1024/1024
  track=baseline  axis=hparam  phase=P0_FULL_pair02_C4
=================================================================
Changed knobs: dropout_ratio, learning_rate, weight_decay
Tuned params(len>1): 3  (~28 discrete combos)
Tuned groups: 3
  [optimization]
    learning_rate                   [1e-05, 0.0005]                           -> loguniform
    weight_decay                    [0.0, 1e-07, 1e-06, 1e-05, 5e-05, 0.0001, 0.0005]  -> choice
  [model_core]
    dropout_ratio                   [0.1, 0.15, 0.2, 0.25]                    -> choice
Fixed params(singleton/non-list): 3
Fixed groups: 3
  [model_core]
    num_heads                       4                                       
    num_layers                      3                                       
  [other]
    num_experts                     4                                       

[Wandb] disabled for this hyperopt run

[1/10] dropout_ratio=0.25, learning_rate=0.0001131, weight_decay=0
[RUN_STATUS] TERMINATED signal=SIGINT(2) pid=122608 ts=2026-03-13T02:56:38
[RUN_STATUS] TERMINATED signal=SIGTERM(15) pid=122608 ts=2026-03-13T02:56:38
[RUN_STATUS] END status=terminated signal=SIGTERM(15) pid=122608 start=2026-03-13T00:52:32 end=2026-03-13T02:56:38
