[RUN_STATUS] START pid=12280 ts=2026-03-12T06:35:12

=================================================================
  Hyperopt TPE  |  SASRec x lastfm0.03
  max_evals=10  epochs=100  patience=10  wandb=off
  batch_size(train/valid/test)=2048/4096/4096
  track=baseline  axis=hparam  phase=P0_A_pair01_C2
=================================================================
Changed knobs: dropout_ratio, learning_rate, weight_decay
Tuned params(len>1): 3  (~28 discrete combos)
Tuned groups: 3
  [optimization]
    learning_rate                   [5e-05, 0.003]                            -> loguniform
    weight_decay                    [0.0, 1e-07, 1e-06, 1e-05, 5e-05, 0.0001, 0.0005]  -> choice
  [model_core]
    dropout_ratio                   [0.05, 0.1, 0.15, 0.2]                    -> choice
Fixed params(singleton/non-list): 2
Fixed groups: 2
  [model_core]
    attn_dropout_prob               0.1                                     
    num_layers                      1                                       

[Wandb] disabled for this hyperopt run

[1/10] dropout_ratio=0.2, learning_rate=0.0006333, weight_decay=0
  -> MRR@20=0.4000  best=0.4000  (early_stop@41, trial=6.1min, avg=6.1min/trial, total=6.1min, ETA=55.0min)
[TRIAL_METRICS] cur_best_mrr20=0.4000 cur_best_hr10=0.4727 cur_test_mrr20=0.3781 cur_test_hr10=0.4504 run_best_mrr20=0.4000 run_best_hr10=0.4727 run_test_mrr20=0.3781 run_test_hr10=0.4504

[2/10] dropout_ratio=0.1, learning_rate=0.0006033, weight_decay=0.0001
  -> MRR@20=0.4004  best=0.4004  (early_stop@42, trial=6.2min, avg=6.2min/trial, total=12.3min, ETA=49.4min)
[TRIAL_METRICS] cur_best_mrr20=0.4004 cur_best_hr10=0.4696 cur_test_mrr20=0.3761 cur_test_hr10=0.4439 run_best_mrr20=0.4004 run_best_hr10=0.4696 run_test_mrr20=0.3761 run_test_hr10=0.4439

[3/10] dropout_ratio=0.05, learning_rate=6.76e-05, weight_decay=0
  -> MRR@20=0.3729  best=0.4004  (full@100, trial=14.8min, avg=9.1min/trial, total=27.2min, ETA=1.06h)
[TRIAL_METRICS] cur_best_mrr20=0.3729 cur_best_hr10=0.4759 cur_test_mrr20=0.3574 cur_test_hr10=0.4545 run_best_mrr20=0.4004 run_best_hr10=0.4696 run_test_mrr20=0.3761 run_test_hr10=0.4439

[4/10] dropout_ratio=0.1, learning_rate=0.0001192, weight_decay=5e-05
  -> MRR@20=0.3983  best=0.4004  (full@100, trial=14.8min, avg=10.5min/trial, total=42.0min, ETA=1.05h)
[TRIAL_METRICS] cur_best_mrr20=0.3983 cur_best_hr10=0.4751 cur_test_mrr20=0.3771 cur_test_hr10=0.4522 run_best_mrr20=0.4004 run_best_hr10=0.4696 run_test_mrr20=0.3761 run_test_hr10=0.4439

[5/10] dropout_ratio=0.15, learning_rate=7.427e-05, weight_decay=1e-06
  -> MRR@20=0.3642  best=0.4004  (full@100, trial=14.8min, avg=11.4min/trial, total=56.8min, ETA=56.8min)
[TRIAL_METRICS] cur_best_mrr20=0.3642 cur_best_hr10=0.4796 cur_test_mrr20=0.3507 cur_test_hr10=0.4594 run_best_mrr20=0.4004 run_best_hr10=0.4696 run_test_mrr20=0.3761 run_test_hr10=0.4439

[6/10] dropout_ratio=0.2, learning_rate=9.667e-05, weight_decay=0.0001
  -> MRR@20=0.3568  best=0.4004  (full@100, trial=14.9min, avg=12.0min/trial, total=1.20h, ETA=47.8min)
[TRIAL_METRICS] cur_best_mrr20=0.3568 cur_best_hr10=0.4769 cur_test_mrr20=0.3427 cur_test_hr10=0.4549 run_best_mrr20=0.4004 run_best_hr10=0.4696 run_test_mrr20=0.3761 run_test_hr10=0.4439

[7/10] dropout_ratio=0.15, learning_rate=0.002963, weight_decay=0.0001
  -> MRR@20=0.3798  best=0.4004  (early_stop@51, trial=7.5min, avg=11.3min/trial, total=1.32h, ETA=33.9min)
[TRIAL_METRICS] cur_best_mrr20=0.3798 cur_best_hr10=0.4479 cur_test_mrr20=0.3555 cur_test_hr10=0.4215 run_best_mrr20=0.4004 run_best_hr10=0.4696 run_test_mrr20=0.3761 run_test_hr10=0.4439

[8/10] dropout_ratio=0.05, learning_rate=0.001496, weight_decay=1e-05
  -> MRR@20=0.3893  best=0.4004  (early_stop@19, trial=2.8min, avg=10.2min/trial, total=1.37h, ETA=20.5min)
[TRIAL_METRICS] cur_best_mrr20=0.3893 cur_best_hr10=0.4667 cur_test_mrr20=0.3676 cur_test_hr10=0.4446 run_best_mrr20=0.4004 run_best_hr10=0.4696 run_test_mrr20=0.3761 run_test_hr10=0.4439

[9/10] dropout_ratio=0.15, learning_rate=0.001177, weight_decay=0
  -> MRR@20=0.3944  best=0.4004  (early_stop@26, trial=3.8min, avg=9.5min/trial, total=1.43h, ETA=9.5min)
[TRIAL_METRICS] cur_best_mrr20=0.3944 cur_best_hr10=0.4689 cur_test_mrr20=0.3728 cur_test_hr10=0.4453 run_best_mrr20=0.4004 run_best_hr10=0.4696 run_test_mrr20=0.3761 run_test_hr10=0.4439

[10/10] dropout_ratio=0.1, learning_rate=0.0003577, weight_decay=0.0005
  -> MRR@20=0.3969  best=0.4004  (early_stop@97, trial=14.3min, avg=10.0min/trial, total=1.67h, ETA=0s)
[TRIAL_METRICS] cur_best_mrr20=0.3969 cur_best_hr10=0.4700 cur_test_mrr20=0.3752 cur_test_hr10=0.4461 run_best_mrr20=0.4004 run_best_hr10=0.4696 run_test_mrr20=0.3761 run_test_hr10=0.4439

=================================================================
  DONE  |  SASRec x lastfm0.03
  Best MRR@20 = 0.4004  |  10/10 trials OK
  Best HR@10  = 0.4696
  Test MRR@20 = 0.3761  (best-valid checkpoint)
  Test HR@10  = 0.4439  (best-valid checkpoint)
[RUN_METRICS] best_valid_mrr20=0.4004 best_valid_hr10=0.4696 test_mrr20=0.3761 test_hr10=0.4439
  Total time: 100.1 min
  Best params:
    dropout_ratio: 0.1
    learning_rate: 0.000603294
    weight_decay: 0.0001
  Results -> /workspace/jy1559/FMoE/experiments/run/artifacts/results/baseline/lastfm0.03_SASRec_p0_a_pair01_c2_20260312_063512_913668_pid12280.json
  Normal mirror -> /workspace/jy1559/FMoE/experiments/run/artifacts/results/baseline/normal/hparam/P0/LF03/SASRec/lastfm0.03_SASRec_p0_a_pair01_c2_20260312_063512_913668_pid12280.json
  Special result -> /workspace/jy1559/FMoE/experiments/run/artifacts/results/baseline/special/hparam/P0/LF03/SASRec/lastfm0.03_SASRec_p0_a_pair01_c2_20260312_063512_913668_pid12280_special_metrics.json
  Special log -> /workspace/jy1559/FMoE/experiments/run/artifacts/logs/baseline/special/hparam/P0/LF03/SASRec/lastfm0.03_SASRec_p0_a_pair01_c2_20260312_063512_913668_pid12280_special_metrics.json
=================================================================

[RUN_STATUS] END status=normal pid=12280 start=2026-03-12T06:35:12 end=2026-03-12T08:15:18
