[RUN_STATUS] START pid=185688 ts=2026-03-13T10:59:19

=================================================================
  Hyperopt TPE  |  SRGNN x lastfm0.03
  max_evals=10  epochs=100  patience=10  wandb=off
  batch_size(train/valid/test)=2048/4096/4096
  track=baseline  axis=hparam  phase=P0_FULL_pair04_C2
=================================================================
Changed knobs: dropout_ratio, learning_rate, weight_decay
Tuned params(len>1): 3  (~28 discrete combos)
Tuned groups: 3
  [optimization]
    learning_rate                   [3e-05, 0.002]                            -> loguniform
    weight_decay                    [0.0, 1e-07, 1e-06, 1e-05, 5e-05, 0.0001, 0.0005]  -> choice
  [model_core]
    dropout_ratio                   [0.05, 0.1, 0.15, 0.2]                    -> choice
Fixed params(singleton/non-list): 1
Fixed groups: 1
  [other]
    step                            2                                       

[Wandb] disabled for this hyperopt run

[1/10] dropout_ratio=0.2, learning_rate=0.0004057, weight_decay=0
  -> MRR@20=0.3518  best=0.3518  (early_stop@24, trial=16.9min, avg=17.0min/trial, total=17.0min, ETA=2.54h)
[TRIAL_METRICS] cur_best_mrr20=0.3518 cur_best_hr10=0.4177 cur_test_mrr20=0.3287 cur_test_hr10=0.3895 run_best_mrr20=0.3518 run_best_hr10=0.4177 run_test_mrr20=0.3287 run_test_hr10=0.3895

[2/10] dropout_ratio=0.1, learning_rate=0.0003859, weight_decay=0.0001
  -> MRR@20=0.3422  best=0.3518  (early_stop@28, trial=19.7min, avg=18.3min/trial, total=36.7min, ETA=2.44h)
[TRIAL_METRICS] cur_best_mrr20=0.3422 cur_best_hr10=0.4088 cur_test_mrr20=0.3183 cur_test_hr10=0.3800 run_best_mrr20=0.3518 run_best_hr10=0.4177 run_test_mrr20=0.3287 run_test_hr10=0.3895

[3/10] dropout_ratio=0.05, learning_rate=4.088e-05, weight_decay=0
  -> MRR@20=0.3080  best=0.3518  (full@100, trial=1.17h, avg=35.5min/trial, total=1.78h, ETA=4.15h)
[TRIAL_METRICS] cur_best_mrr20=0.3080 cur_best_hr10=0.3914 cur_test_mrr20=0.2909 cur_test_hr10=0.3643 run_best_mrr20=0.3518 run_best_hr10=0.4177 run_test_mrr20=0.3287 run_test_hr10=0.3895

[4/10] dropout_ratio=0.1, learning_rate=7.315e-05, weight_decay=5e-05
  -> MRR@20=0.3200  best=0.3518  (early_stop@75, trial=52.5min, avg=39.8min/trial, total=2.65h, ETA=3.98h)
[TRIAL_METRICS] cur_best_mrr20=0.3200 cur_best_hr10=0.3986 cur_test_mrr20=0.2989 cur_test_hr10=0.3710 run_best_mrr20=0.3518 run_best_hr10=0.4177 run_test_mrr20=0.3287 run_test_hr10=0.3895

[5/10] dropout_ratio=0.15, learning_rate=4.502e-05, weight_decay=1e-06
