[FMOE_N4_CROSS_DATASET_A12_PORTFOLIO_SETTING_HEADER]
run_phase=P4XD_XD_BEAUTY_B28_LR_H8_HIGHAUX_SEEN_S1 exp_brief=A12_ATTN_MICRO_BEFORE_NO_BIAS_ALL_W5 phase_id=P4XD axis_id=N4XDA12 setting_id=B28_lr_h8_highaux_seen hparam_id= seed=1
desc=B28_lr_h8_highaux_seen
dataset=beauty gpu=3 order=4
max_evals=24 tune_epochs=100 tune_patience=10
seed=264003

[COMMAND]
- /venv/FMoE/bin/python hyperopt_tune.py --config-name config --search-algo tpe --max-evals 24 --tune-epochs 100 --tune-patience 10 --seed 264003 --run-group fmoe_n4 --run-axis CrossDataset_A12_Portfolio --run-phase P4XD_XD_BEAUTY_B28_LR_H8_HIGHAUX_SEEN_S1 model=featured_moe_n3_tune dataset=beauty eval_mode=session_fixed feature_mode=full_v3 ++eval_sampling.mode=full ++eval_sampling.auto_full_threshold=999999999 ++special_logging=true ++exclude_unseen_target_from_main_eval=true ++log_unseen_target_metrics=true gpu_id=3 log_wandb=false enable_tf32=true fmoe_debug_logging=false fmoe_diag_logging=true fmoe_special_logging=true fmoe_feature_ablation_logging=false fmoe_eval_logging_timing=final_only ++fmoe_logging_output_root="run/artifacts/logging" ++fmoe_logging_layout="axis_dataset_arch_hparam" ++fmoe_architecture_id="A12" ++fmoe_architecture_key="A12_ATTN_MICRO_BEFORE_NO_BIAS_ALL_W5" ++fmoe_hparam_id="H8" ++fmoe_phase="P4XD" train_batch_size=3584 eval_batch_size=4608 ++phase_run_type="stage1" ++phase_axis_id="N4XDA12" ++phase_axis_desc="cross_dataset_a12_portfolio" ++phase_setting_id="B28_lr_h8_highaux_seen" ++phase_setting_key="B28_lr_h8_highaux_seen" ++phase_hparam_id="H8" ++phase_seed_id=1 ++phase_run_id="XD_BEAUTY_B28_LR_H8_HIGHAUX_SEEN_S1" ++layer_layout=["attn","macro_ffn","mid_ffn","attn","micro_ffn"] ++stage_compute_mode={macro:"moe",mid:"moe",micro:"moe"} ++stage_router_mode={macro:"learned",mid:"learned",micro:"learned"} ++stage_router_source={macro:"both",mid:"both",micro:"both"} ++stage_feature_injection={macro:"none",mid:"none",micro:"none"} ++topk_scope_mode="global_flat" ++moe_top_k=0 ++balance_loss_lambda=0.0 ++z_loss_lambda=0.0002 ++gate_entropy_lambda=0.0 ++route_smoothness_lambda=0.0 ++route_consistency_lambda=0.0008 ++route_sharpness_lambda=0.0 ++route_monopoly_lambda=0.0 ++route_monopoly_tau=0.25 ++route_prior_lambda=0.0 ++group_prior_align_lambda=0.0 ++factored_group_balance_lambda=0.0 ++rule_agreement_lambda=0.0 ++group_coverage_lambda=0.0 ++feature_group_bias_lambda=0.0 ++rule_bias_scale=0.0 ++primitive_balance_lambda=0.0 ++wrapper_group_feature_align_lambda=0.0 ++stage_router_primitives={macro:{a_joint:{source:"feature",temperature:1.0,top_k:0},b_group:{source:"feature",temperature:1.0,top_k:0},c_shared:{source:"feature",temperature:1.0,top_k:0},d_cond:{source:"feature",temperature:1.0,top_k:0},e_scalar:{source:"feature",temperature:1.0,top_k:0},wrapper:{alpha_d:1.0,alpha_struct:1.0,alpha_a:1.0}},mid:{a_joint:{source:"feature",temperature:1.0,top_k:0},b_group:{source:"feature",temperature:1.0,top_k:0},c_shared:{source:"feature",temperature:1.0,top_k:0},d_cond:{source:"feature",temperature:1.0,top_k:0},e_scalar:{source:"feature",temperature:1.0,top_k:0},wrapper:{alpha_d:1.0,alpha_struct:1.0,alpha_a:1.0}},micro:{a_joint:{source:"feature",temperature:1.0,top_k:0},b_group:{source:"feature",temperature:1.0,top_k:0},c_shared:{source:"feature",temperature:1.0,top_k:0},d_cond:{source:"feature",temperature:1.0,top_k:0},e_scalar:{source:"feature",temperature:1.0,top_k:0},wrapper:{alpha_d:1.0,alpha_struct:1.0,alpha_a:1.0}}} ++stage_router_wrapper={macro:"w5_exd",mid:"w5_exd",micro:"w5_exd"} ++stage_router_granularity={macro:"session",mid:"session",micro:"token"} ++macro_history_window=5 ++route_consistency_pairs=1 ++route_consistency_min_sim=0.995 ++bias_mode="none" ++stage_family_dropout_prob={macro:0.05,mid:0.05,micro:0.05} ++stage_feature_dropout_prob={macro:0.02,mid:0.02,micro:0.02} ++stage_feature_dropout_scope={macro:"token",mid:"token",micro:"token"} ++embedding_size=128 ++d_ff=256 ++d_expert_hidden=128 ++d_router_hidden=64 ++MAX_ITEM_LIST_LENGTH=20 ++d_feat_emb=8 ++expert_scale=2 ++lr_scheduler_type="warmup_cosine" ++num_heads=4 ++search.learning_rate=[0.0002,0.008] ++search_space_type_overrides.learning_rate=loguniform ++search.hidden_dropout_prob=[0.18,0.22] ++search_space_type_overrides.hidden_dropout_prob=choice ++search.attn_dropout_prob=[0.1] ++search_space_type_overrides.attn_dropout_prob=choice ++search.weight_decay=[3.125e-07] ++search_space_type_overrides.weight_decay=choice ++search.MAX_ITEM_LIST_LENGTH=[20,30] ++search_space_type_overrides.MAX_ITEM_LIST_LENGTH=choice ++search.d_feat_emb=[8,12] ++search_space_type_overrides.d_feat_emb=choice ++search.route_consistency_lambda=[0.0008,0.0012] ++search_space_type_overrides.route_consistency_lambda=choice ++search.stage_family_dropout_prob=[{macro:0.04,mid:0.04,micro:0.04},{macro:0.05,mid:0.05,micro:0.05}] ++search_space_type_overrides.stage_family_dropout_prob=choice
/venv/FMoE/lib/python3.10/site-packages/ray/_private/parameter.py:4: UserWarning: pkg_resources is deprecated as an API. See https://setuptools.pypa.io/en/latest/pkg_resources.html. The pkg_resources package is slated for removal as early as 2025-11-30. Refrain from using this package or pin to Setuptools<81.
  import pkg_resources
[RUN_STATUS] START pid=244353 ts=2026-04-16T03:02:00

=================================================================
  Hyperopt  |  FeaturedMoE_N3 x beauty
  max_evals=24  epochs=100  patience=10  wandb=off
  search_algo=tpe
  batch_size(train/valid/test)=3584/4608/4608
  track=fmoe_n4  axis=crossdataset_a12_portfolio  phase=P4XD_XD_BEAUTY_B28_LR_H8_HIGHAUX_SEEN_S1
=================================================================
Changed knobs: MAX_ITEM_LIST_LENGTH, d_feat_emb, hidden_dropout_prob, learning_rate, route_consistency_lambda, stage_family_dropout_prob
Tuned params(len>1): 6  (~32 discrete combos)
Tuned groups: 6
  [optimization]
    hidden_dropout_prob             [0.18, 0.22]                              -> choice
    learning_rate                   [0.0002, 0.008]                           -> loguniform
  [model_core]
    d_feat_emb                      [8, 12]                                   -> choice
    stage_family_dropout_prob       [{'macro': 0.04, 'mid': 0.04, 'micro': 0.04}, {'macro': 0.05, 'mid': 0.05, 'micro': 0.05}]  -> choice
  [other]
    MAX_ITEM_LIST_LENGTH            [20, 30]                                  -> choice
    route_consistency_lambda        [0.0008, 0.0012]                          -> choice
Fixed params(singleton/non-list): 2
Fixed groups: 2
  [optimization]
    weight_decay                    3.125e-07                               
  [model_core]
    attn_dropout_prob               0.1                                     

[Wandb] disabled for this hyperopt run

[1/24] MAX_ITEM_LIST_LENGTH=30, d_feat_emb=8, hidden_dropout_prob=0.18, learning_rate=0.003869, route_consistency_lambda=0.0012, stage_family_dropout_prob={'macro': 0.05, 'micro': 0.05, 'mid': 0.05}
  -> MRR@20=0.059800  best=0.059800  (early_stop@23, trial=35s, avg=40s/trial, total=40s, ETA=15.3min)
[TRIAL_METRICS] cur_best_mrr20=0.059800 cur_best_hr10=0.135500 cur_test_mrr20=0.056300 cur_test_hr10=0.140500 run_best_mrr20=0.059800 run_best_hr10=0.135500 run_test_mrr20=0.056300 run_test_hr10=0.140500

[2/24] MAX_ITEM_LIST_LENGTH=30, d_feat_emb=8, hidden_dropout_prob=0.22, learning_rate=0.001925, route_consistency_lambda=0.0008, stage_family_dropout_prob={'macro': 0.05, 'micro': 0.05, 'mid': 0.05}
  -> MRR@20=0.064000  best=0.064000  (early_stop@27, trial=42s, avg=41s/trial, total=1.4min, ETA=15.0min)
[TRIAL_METRICS] cur_best_mrr20=0.064000 cur_best_hr10=0.126200 cur_test_mrr20=0.064000 cur_test_hr10=0.152200 run_best_mrr20=0.064000 run_best_hr10=0.126200 run_test_mrr20=0.064000 run_test_hr10=0.152200

[3/24] MAX_ITEM_LIST_LENGTH=30, d_feat_emb=12, hidden_dropout_prob=0.22, learning_rate=0.001171, route_consistency_lambda=0.0012, stage_family_dropout_prob={'macro': 0.04, 'micro': 0.04, 'mid': 0.04}
  -> MRR@20=0.069600  best=0.069600  (early_stop@48, trial=1.2min, avg=51s/trial, total=2.5min, ETA=17.8min)
[TRIAL_METRICS] cur_best_mrr20=0.069600 cur_best_hr10=0.123800 cur_test_mrr20=0.071500 cur_test_hr10=0.142900 run_best_mrr20=0.069600 run_best_hr10=0.123800 run_test_mrr20=0.071500 run_test_hr10=0.142900

[4/24] MAX_ITEM_LIST_LENGTH=30, d_feat_emb=12, hidden_dropout_prob=0.22, learning_rate=0.004637, route_consistency_lambda=0.0012, stage_family_dropout_prob={'macro': 0.04, 'micro': 0.04, 'mid': 0.04}
  -> MRR@20=0.060700  best=0.069600  (early_stop@22, trial=32s, avg=46s/trial, total=3.1min, ETA=15.4min)
[TRIAL_METRICS] cur_best_mrr20=0.060700 cur_best_hr10=0.119200 cur_test_mrr20=0.065600 cur_test_hr10=0.138200 run_best_mrr20=0.069600 run_best_hr10=0.123800 run_test_mrr20=0.071500 run_test_hr10=0.142900

[5/24] MAX_ITEM_LIST_LENGTH=20, d_feat_emb=12, hidden_dropout_prob=0.22, learning_rate=0.006034, route_consistency_lambda=0.0008, stage_family_dropout_prob={'macro': 0.04, 'micro': 0.04, 'mid': 0.04}
  -> MRR@20=0.056500  best=0.069600  (early_stop@28, trial=38s, avg=45s/trial, total=3.7min, ETA=14.2min)
[TRIAL_METRICS] cur_best_mrr20=0.056500 cur_best_hr10=0.100500 cur_test_mrr20=0.050600 cur_test_hr10=0.091300 run_best_mrr20=0.069600 run_best_hr10=0.123800 run_test_mrr20=0.071500 run_test_hr10=0.142900

[6/24] MAX_ITEM_LIST_LENGTH=20, d_feat_emb=8, hidden_dropout_prob=0.22, learning_rate=0.0002464, route_consistency_lambda=0.0008, stage_family_dropout_prob={'macro': 0.05, 'micro': 0.05, 'mid': 0.05}
  -> MRR@20=0.063600  best=0.069600  (early_stop@85, trial=1.9min, avg=57s/trial, total=5.7min, ETA=17.0min)
[TRIAL_METRICS] cur_best_mrr20=0.063600 cur_best_hr10=0.126200 cur_test_mrr20=0.053000 cur_test_hr10=0.128800 run_best_mrr20=0.069600 run_best_hr10=0.123800 run_test_mrr20=0.071500 run_test_hr10=0.142900

[7/24] MAX_ITEM_LIST_LENGTH=30, d_feat_emb=8, hidden_dropout_prob=0.22, learning_rate=0.00591, route_consistency_lambda=0.0012, stage_family_dropout_prob={'macro': 0.05, 'micro': 0.05, 'mid': 0.05}
  -> MRR@20=0.061100  best=0.069600  (early_stop@21, trial=30s, avg=53s/trial, total=6.2min, ETA=15.0min)
[TRIAL_METRICS] cur_best_mrr20=0.061100 cur_best_hr10=0.109800 cur_test_mrr20=0.079900 cur_test_hr10=0.154600 run_best_mrr20=0.069600 run_best_hr10=0.123800 run_test_mrr20=0.071500 run_test_hr10=0.142900

[8/24] MAX_ITEM_LIST_LENGTH=30, d_feat_emb=8, hidden_dropout_prob=0.18, learning_rate=0.002349, route_consistency_lambda=0.0008, stage_family_dropout_prob={'macro': 0.05, 'micro': 0.05, 'mid': 0.05}
  -> MRR@20=0.066400  best=0.069600  (early_stop@27, trial=41s, avg=51s/trial, total=6.9min, ETA=13.7min)
[TRIAL_METRICS] cur_best_mrr20=0.066400 cur_best_hr10=0.133200 cur_test_mrr20=0.073100 cur_test_hr10=0.149900 run_best_mrr20=0.069600 run_best_hr10=0.123800 run_test_mrr20=0.071500 run_test_hr10=0.142900

[9/24] MAX_ITEM_LIST_LENGTH=30, d_feat_emb=12, hidden_dropout_prob=0.18, learning_rate=0.0002846, route_consistency_lambda=0.0008, stage_family_dropout_prob={'macro': 0.05, 'micro': 0.05, 'mid': 0.05}
  -> MRR@20=0.056700  best=0.069600  (early_stop@77, trial=1.9min, avg=58s/trial, total=8.8min, ETA=14.6min)
[TRIAL_METRICS] cur_best_mrr20=0.056700 cur_best_hr10=0.140200 cur_test_mrr20=0.056100 cur_test_hr10=0.133500 run_best_mrr20=0.069600 run_best_hr10=0.123800 run_test_mrr20=0.071500 run_test_hr10=0.142900

[10/24] MAX_ITEM_LIST_LENGTH=20, d_feat_emb=12, hidden_dropout_prob=0.18, learning_rate=0.0002346, route_consistency_lambda=0.0012, stage_family_dropout_prob={'macro': 0.05, 'micro': 0.05, 'mid': 0.05}
  -> MRR@20=0.073300  best=0.073300  (early_stop@71, trial=1.6min, avg=1.0min/trial, total=10.4min, ETA=14.5min)
[TRIAL_METRICS] cur_best_mrr20=0.073300 cur_best_hr10=0.126200 cur_test_mrr20=0.065500 cur_test_hr10=0.140500 run_best_mrr20=0.073300 run_best_hr10=0.126200 run_test_mrr20=0.065500 run_test_hr10=0.140500

[11/24] MAX_ITEM_LIST_LENGTH=30, d_feat_emb=12, hidden_dropout_prob=0.18, learning_rate=0.001513, route_consistency_lambda=0.0008, stage_family_dropout_prob={'macro': 0.04, 'micro': 0.04, 'mid': 0.04}
  -> MRR@20=0.065500  best=0.073300  (early_stop@27, trial=40s, avg=1.0min/trial, total=11.0min, ETA=13.1min)
[TRIAL_METRICS] cur_best_mrr20=0.065500 cur_best_hr10=0.137900 cur_test_mrr20=0.059800 cur_test_hr10=0.135800 run_best_mrr20=0.073300 run_best_hr10=0.126200 run_test_mrr20=0.065500 run_test_hr10=0.140500

[12/24] MAX_ITEM_LIST_LENGTH=20, d_feat_emb=8, hidden_dropout_prob=0.22, learning_rate=0.00542, route_consistency_lambda=0.0012, stage_family_dropout_prob={'macro': 0.05, 'micro': 0.05, 'mid': 0.05}
  -> MRR@20=0.055400  best=0.073300  (early_stop@32, trial=43s, avg=59s/trial, total=11.8min, ETA=11.8min)
[TRIAL_METRICS] cur_best_mrr20=0.055400 cur_best_hr10=0.105100 cur_test_mrr20=0.038300 cur_test_hr10=0.093700 run_best_mrr20=0.073300 run_best_hr10=0.126200 run_test_mrr20=0.065500 run_test_hr10=0.140500

[13/24] MAX_ITEM_LIST_LENGTH=30, d_feat_emb=8, hidden_dropout_prob=0.22, learning_rate=0.0006227, route_consistency_lambda=0.0012, stage_family_dropout_prob={'macro': 0.05, 'micro': 0.05, 'mid': 0.05}
  -> MRR@20=0.062900  best=0.073300  (early_stop@84, trial=2.0min, avg=1.1min/trial, total=13.8min, ETA=11.7min)
[TRIAL_METRICS] cur_best_mrr20=0.062900 cur_best_hr10=0.123800 cur_test_mrr20=0.057500 cur_test_hr10=0.138200 run_best_mrr20=0.073300 run_best_hr10=0.126200 run_test_mrr20=0.065500 run_test_hr10=0.140500

[14/24] MAX_ITEM_LIST_LENGTH=30, d_feat_emb=8, hidden_dropout_prob=0.18, learning_rate=0.001475, route_consistency_lambda=0.0008, stage_family_dropout_prob={'macro': 0.05, 'micro': 0.05, 'mid': 0.05}
  -> MRR@20=0.060900  best=0.073300  (early_stop@48, trial=1.1min, avg=1.1min/trial, total=15.0min, ETA=10.7min)
[TRIAL_METRICS] cur_best_mrr20=0.060900 cur_best_hr10=0.128500 cur_test_mrr20=0.063100 cur_test_hr10=0.124100 run_best_mrr20=0.073300 run_best_hr10=0.126200 run_test_mrr20=0.065500 run_test_hr10=0.140500

[15/24] MAX_ITEM_LIST_LENGTH=30, d_feat_emb=12, hidden_dropout_prob=0.22, learning_rate=0.0009769, route_consistency_lambda=0.0012, stage_family_dropout_prob={'macro': 0.05, 'micro': 0.05, 'mid': 0.05}
  -> MRR@20=0.069600  best=0.073300  (early_stop@45, trial=1.1min, avg=1.1min/trial, total=16.1min, ETA=9.7min)
[TRIAL_METRICS] cur_best_mrr20=0.069600 cur_best_hr10=0.133200 cur_test_mrr20=0.068800 cur_test_hr10=0.154600 run_best_mrr20=0.073300 run_best_hr10=0.126200 run_test_mrr20=0.065500 run_test_hr10=0.140500

[16/24] MAX_ITEM_LIST_LENGTH=30, d_feat_emb=12, hidden_dropout_prob=0.18, learning_rate=0.001153, route_consistency_lambda=0.0008, stage_family_dropout_prob={'macro': 0.04, 'micro': 0.04, 'mid': 0.04}
  -> MRR@20=0.069400  best=0.073300  (early_stop@45, trial=1.1min, avg=1.1min/trial, total=17.2min, ETA=8.6min)
[TRIAL_METRICS] cur_best_mrr20=0.069400 cur_best_hr10=0.126200 cur_test_mrr20=0.067100 cur_test_hr10=0.131100 run_best_mrr20=0.073300 run_best_hr10=0.126200 run_test_mrr20=0.065500 run_test_hr10=0.140500

[17/24] MAX_ITEM_LIST_LENGTH=30, d_feat_emb=8, hidden_dropout_prob=0.22, learning_rate=0.000283, route_consistency_lambda=0.0012, stage_family_dropout_prob={'macro': 0.05, 'micro': 0.05, 'mid': 0.05}
  -> MRR@20=0.046100  best=0.073300  (early_stop@60, trial=1.5min, avg=1.1min/trial, total=18.7min, ETA=7.7min)
[TRIAL_METRICS] cur_best_mrr20=0.046100 cur_best_hr10=0.109800 cur_test_mrr20=0.041500 cur_test_hr10=0.103000 run_best_mrr20=0.073300 run_best_hr10=0.126200 run_test_mrr20=0.065500 run_test_hr10=0.140500

[18/24] MAX_ITEM_LIST_LENGTH=30, d_feat_emb=12, hidden_dropout_prob=0.22, learning_rate=0.0008153, route_consistency_lambda=0.0008, stage_family_dropout_prob={'macro': 0.04, 'micro': 0.04, 'mid': 0.04}
  -> MRR@20=0.074000  best=0.074000  (early_stop@46, trial=1.1min, avg=1.1min/trial, total=19.8min, ETA=6.6min)
[TRIAL_METRICS] cur_best_mrr20=0.074000 cur_best_hr10=0.137900 cur_test_mrr20=0.076600 cur_test_hr10=0.152200 run_best_mrr20=0.074000 run_best_hr10=0.137900 run_test_mrr20=0.076600 run_test_hr10=0.152200

[19/24] MAX_ITEM_LIST_LENGTH=30, d_feat_emb=8, hidden_dropout_prob=0.18, learning_rate=0.0005749, route_consistency_lambda=0.0008, stage_family_dropout_prob={'macro': 0.04, 'micro': 0.04, 'mid': 0.04}
  -> MRR@20=0.058900  best=0.074000  (early_stop@67, trial=1.6min, avg=1.1min/trial, total=21.5min, ETA=5.7min)
[TRIAL_METRICS] cur_best_mrr20=0.058900 cur_best_hr10=0.123800 cur_test_mrr20=0.054000 cur_test_hr10=0.135800 run_best_mrr20=0.074000 run_best_hr10=0.137900 run_test_mrr20=0.076600 run_test_hr10=0.152200

[20/24] MAX_ITEM_LIST_LENGTH=20, d_feat_emb=8, hidden_dropout_prob=0.18, learning_rate=0.0002584, route_consistency_lambda=0.0008, stage_family_dropout_prob={'macro': 0.04, 'micro': 0.04, 'mid': 0.04}
  -> MRR@20=0.060900  best=0.074000  (early_stop@84, trial=1.9min, avg=1.2min/trial, total=23.4min, ETA=4.7min)
[TRIAL_METRICS] cur_best_mrr20=0.060900 cur_best_hr10=0.119200 cur_test_mrr20=0.053100 cur_test_hr10=0.131100 run_best_mrr20=0.074000 run_best_hr10=0.137900 run_test_mrr20=0.076600 run_test_hr10=0.152200

[21/24] MAX_ITEM_LIST_LENGTH=20, d_feat_emb=12, hidden_dropout_prob=0.18, learning_rate=0.000468, route_consistency_lambda=0.0012, stage_family_dropout_prob={'macro': 0.04, 'micro': 0.04, 'mid': 0.04}
  -> MRR@20=0.081400  best=0.081400  (early_stop@69, trial=1.5min, avg=1.2min/trial, total=24.9min, ETA=3.6min)
[TRIAL_METRICS] cur_best_mrr20=0.081400 cur_best_hr10=0.144900 cur_test_mrr20=0.071900 cur_test_hr10=0.140500 run_best_mrr20=0.081400 run_best_hr10=0.144900 run_test_mrr20=0.071900 run_test_hr10=0.140500

[22/24] MAX_ITEM_LIST_LENGTH=20, d_feat_emb=12, hidden_dropout_prob=0.18, learning_rate=0.0004714, route_consistency_lambda=0.0012, stage_family_dropout_prob={'macro': 0.04, 'micro': 0.04, 'mid': 0.04}
  -> MRR@20=0.077400  best=0.081400  (early_stop@51, trial=1.1min, avg=1.2min/trial, total=26.0min, ETA=2.4min)
[TRIAL_METRICS] cur_best_mrr20=0.077400 cur_best_hr10=0.144900 cur_test_mrr20=0.071900 cur_test_hr10=0.138200 run_best_mrr20=0.081400 run_best_hr10=0.144900 run_test_mrr20=0.071900 run_test_hr10=0.140500

[23/24] MAX_ITEM_LIST_LENGTH=20, d_feat_emb=12, hidden_dropout_prob=0.18, learning_rate=0.0004209, route_consistency_lambda=0.0012, stage_family_dropout_prob={'macro': 0.04, 'micro': 0.04, 'mid': 0.04}
  -> MRR@20=0.075400  best=0.081400  (early_stop@41, trial=53s, avg=1.2min/trial, total=26.9min, ETA=1.2min)
[TRIAL_METRICS] cur_best_mrr20=0.075400 cur_best_hr10=0.130800 cur_test_mrr20=0.067300 cur_test_hr10=0.140500 run_best_mrr20=0.081400 run_best_hr10=0.144900 run_test_mrr20=0.071900 run_test_hr10=0.140500

[24/24] MAX_ITEM_LIST_LENGTH=20, d_feat_emb=12, hidden_dropout_prob=0.18, learning_rate=0.0005386, route_consistency_lambda=0.0012, stage_family_dropout_prob={'macro': 0.04, 'micro': 0.04, 'mid': 0.04}
  -> MRR@20=0.078600  best=0.081400  (early_stop@45, trial=59s, avg=1.2min/trial, total=27.9min, ETA=0s)
[TRIAL_METRICS] cur_best_mrr20=0.078600 cur_best_hr10=0.149500 cur_test_mrr20=0.071600 cur_test_hr10=0.138200 run_best_mrr20=0.081400 run_best_hr10=0.144900 run_test_mrr20=0.071900 run_test_hr10=0.140500
[1;35mEvaluate   [0m:   0%|                                                            | 0/1 [00:00<?, ?it/s][0m[1;35mEvaluate   [0m:   0%|                                   | 0/1 [00:00<?, ?it/s, [1;33mGPU RAM: 7.67 G/23.56 G[0m][0m[1;35mEvaluate   [0m: 100%|███████████████████████████| 1/1 [00:00<00:00,  3.19it/s, [1;33mGPU RAM: 7.67 G/23.56 G[0m][0m                                                                                                    [1;35mEvaluate   [0m:   0%|                                                            | 0/1 [00:00<?, ?it/s][0m[1;35mEvaluate   [0m:   0%|                                   | 0/1 [00:00<?, ?it/s, [1;33mGPU RAM: 7.67 G/23.56 G[0m][0m[1;35mEvaluate   [0m: 100%|███████████████████████████| 1/1 [00:00<00:00,  3.28it/s, [1;33mGPU RAM: 7.67 G/23.56 G[0m][0m                                                                                                    [1;35mEvaluate   [0m:   0%|                                                            | 0/1 [00:00<?, ?it/s][0m[1;35mEvaluate   [0m:   0%|                                   | 0/1 [00:00<?, ?it/s, [1;33mGPU RAM: 7.67 G/23.56 G[0m][0m[1;35mEvaluate   [0m: 100%|███████████████████████████| 1/1 [00:00<00:00,  3.28it/s, [1;33mGPU RAM: 7.67 G/23.56 G[0m][0m                                                                                                    
=================================================================
  DONE  |  FeaturedMoE_N3 x beauty
  Best MRR@20 = 0.081400  |  24/24 trials OK
  Best HR@10  = 0.144900
  Test MRR@20 = 0.071900  (best-valid checkpoint)
  Test HR@10  = 0.140500  (best-valid checkpoint)
[RUN_METRICS] best_valid_mrr20=0.081400 best_valid_hr10=0.144900 test_mrr20=0.071900 test_hr10=0.140500
  Total time: 27.9 min
  Best params:
    MAX_ITEM_LIST_LENGTH: 20
    d_feat_emb: 12
    hidden_dropout_prob: 0.18
    learning_rate: 0.000467957
    route_consistency_lambda: 0.0012
    stage_family_dropout_prob: {'macro': 0.04, 'micro': 0.04, 'mid': 0.04}
  Results -> /workspace/FeaturedMoE/experiments/run/artifacts/results/fmoe_n4/beauty_FeaturedMoE_N3_p4xd_xd_beauty_b28_lr_h8_highaux_seen_s1_20260416_030201_013968_pid244353.json
  Normal mirror -> /workspace/FeaturedMoE/experiments/run/artifacts/results/fmoe_n4/normal/crossdataset_a12_portfolio/P4XD/beauty/FMoEN3/beauty_FeaturedMoE_N3_p4xd_xd_beauty_b28_lr_h8_highaux_seen_s1_20260416_030201_013968_pid244353.json
  Special result -> /workspace/FeaturedMoE/experiments/run/artifacts/results/fmoe_n4/special/crossdataset_a12_portfolio/P4XD/beauty/FMoEN3/beauty_FeaturedMoE_N3_p4xd_xd_beauty_b28_lr_h8_highaux_seen_s1_20260416_030201_013968_pid244353_special_metrics.json
  Special log -> /workspace/FeaturedMoE/experiments/run/artifacts/logs/fmoe_n4/special/crossdataset_a12_portfolio/P4XD/beauty/FMoEN3/beauty_FeaturedMoE_N3_p4xd_xd_beauty_b28_lr_h8_highaux_seen_s1_20260416_030201_013968_pid244353_special_metrics.json
=================================================================

[RUN_STATUS] END status=normal pid=244353 start=2026-04-16T03:02:00 end=2026-04-16T03:29:53
