[FINAL_ALL_DATASETS_SETTING_HEADER]
run_phase=P14_FAD_A2_FOURSQUARE_H2_S2 exp_brief=A2_INTRA_FEATURE_NN_STRICT_ZLOSS phase_id=P14 axis_id=FAD setting_id=A2_INTRA_NN_ZLOSS_H2_S2 hparam_id=H2 seed=2
desc=A2_INTRA_NN_ZLOSS_H2_S2
dataset=foursquare gpu=3 order=20
max_evals=20 tune_epochs=100 tune_patience=10
seed=91003

[COMMAND]
- /venv/FMoE/bin/python hyperopt_tune.py --config-name config --max-evals 20 --tune-epochs 100 --tune-patience 10 --seed 91003 --run-group fmoe_n3 --run-axis Final_all_datasets --run-phase P14_FAD_A2_FOURSQUARE_H2_S2 model=featured_moe_n3_tune dataset=foursquare eval_mode=session_fixed feature_mode=full_v3 gpu_id=3 log_wandb=false enable_tf32=true fmoe_debug_logging=false fmoe_diag_logging=true fmoe_special_logging=true fmoe_feature_ablation_logging=false fmoe_eval_logging_timing=final_only ++fmoe_logging_output_root="run/artifacts/logging" ++fmoe_logging_layout="axis_dataset_arch_hparam" ++fmoe_architecture_id="A2" ++fmoe_architecture_key="A2_INTRA_NN_ZLOSS" ++fmoe_hparam_id="H2" ++fmoe_phase="P14" MAX_ITEM_LIST_LENGTH=20 train_batch_size=4096 eval_batch_size=4096 embedding_size=160 num_heads=4 attn_dropout_prob=0.1 d_ff=320 d_feat_emb=16 d_expert_hidden=160 d_router_hidden=80 expert_scale=3 ++search.learning_rate=[0.00015,0.008] ++search.weight_decay=[5e-07] ++search.hidden_dropout_prob=[0.12] ++search.lr_scheduler_type=["warmup_cosine"] ++search_space_type_overrides.learning_rate=loguniform ++search_space_type_overrides.weight_decay=choice ++search_space_type_overrides.hidden_dropout_prob=choice ++search_space_type_overrides.lr_scheduler_type=choice ++phase_run_type="final" ++phase_axis_id="FAD" ++phase_axis_desc="final_all_datasets" ++phase_setting_id="A2_INTRA_NN_ZLOSS_H2_S2" ++phase_setting_key="A2_INTRA_NN_ZLOSS" ++phase_hparam_id="H2" ++phase_seed_id=2 ++phase_run_id="FAD_A2_FOURSQUARE_H2_S2" ++layer_layout=["macro","mid","micro"] ++stage_compute_mode={macro:"moe",mid:"moe",micro:"moe"} ++stage_router_mode={macro:"learned",mid:"learned",micro:"learned"} ++stage_router_source={macro:"both",mid:"both",micro:"both"} ++stage_feature_injection={macro:"none",mid:"none",micro:"none"} ++topk_scope_mode="global_flat" ++moe_top_k=0 ++balance_loss_lambda=0.0 ++z_loss_lambda=0.0002 ++gate_entropy_lambda=0.0 ++route_smoothness_lambda=0.0 ++route_consistency_lambda=0.0008 ++route_sharpness_lambda=0.0 ++route_monopoly_lambda=0.0 ++route_monopoly_tau=0.25 ++route_prior_lambda=0.0 ++group_prior_align_lambda=0.0 ++factored_group_balance_lambda=0.0 ++rule_agreement_lambda=0.0 ++group_coverage_lambda=0.0 ++feature_group_bias_lambda=0.05 ++rule_bias_scale=0.1 ++primitive_balance_lambda=0.0 ++wrapper_group_feature_align_lambda=0.0 ++stage_router_primitives={macro:{a_joint:{source:"feature",temperature:1.0,top_k:0},b_group:{source:"feature",temperature:1.0,top_k:0},c_shared:{source:"feature",temperature:1.0,top_k:0},d_cond:{source:"feature",temperature:1.0,top_k:0},e_scalar:{source:"feature",temperature:1.0,top_k:0},wrapper:{alpha_d:1.0,alpha_struct:1.0,alpha_a:1.0}},mid:{a_joint:{source:"feature",temperature:1.0,top_k:0},b_group:{source:"feature",temperature:1.0,top_k:0},c_shared:{source:"feature",temperature:1.0,top_k:0},d_cond:{source:"feature",temperature:1.0,top_k:0},e_scalar:{source:"feature",temperature:1.0,top_k:0},wrapper:{alpha_d:1.0,alpha_struct:1.0,alpha_a:1.0}},micro:{a_joint:{source:"feature",temperature:1.0,top_k:0},b_group:{source:"feature",temperature:1.0,top_k:0},c_shared:{source:"feature",temperature:1.0,top_k:0},d_cond:{source:"feature",temperature:1.0,top_k:0},e_scalar:{source:"feature",temperature:1.0,top_k:0},wrapper:{alpha_d:1.0,alpha_struct:1.0,alpha_a:1.0}}} ++stage_router_wrapper={macro:"w4_bxd",mid:"w6_bxd_plus_a",micro:"w1_flat"} ++macro_history_window=5 ++stage_router_granularity={macro:"session",mid:"session",micro:"token"} ++stage_family_dropout_prob={macro:0.1,mid:0.1,micro:0.1} ++stage_feature_dropout_prob={macro:0.0,mid:0.0,micro:0.0} ++stage_feature_dropout_scope={macro:"token",mid:"token",micro:"token"} ++route_consistency_pairs=1 ++route_consistency_min_sim=0.995
/venv/FMoE/lib/python3.10/site-packages/ray/_private/parameter.py:4: UserWarning: pkg_resources is deprecated as an API. See https://setuptools.pypa.io/en/latest/pkg_resources.html. The pkg_resources package is slated for removal as early as 2025-11-30. Refrain from using this package or pin to Setuptools<81.
  import pkg_resources
[RUN_STATUS] START pid=6916 ts=2026-03-31T09:06:05

=================================================================
  Hyperopt TPE  |  FeaturedMoE_N3 x foursquare
  max_evals=20  epochs=100  patience=10  wandb=off
  batch_size(train/valid/test)=4096/4096/4096
  track=fmoe_n3  axis=final_all_datasets  phase=P14_FAD_A2_FOURSQUARE_H2_S2
=================================================================
Changed knobs: learning_rate
Tuned params(len>1): 1  (~1 discrete combos)
Tuned groups: 1
  [optimization]
    learning_rate                   [0.00015, 0.008]                          -> loguniform
Fixed params(singleton/non-list): 3
Fixed groups: 3
  [optimization]
    hidden_dropout_prob             0.12                                    
    weight_decay                    5e-07                                   
  [other]
    lr_scheduler_type               warmup_cosine                           

[Wandb] disabled for this hyperopt run

[1/20] learning_rate=0.0001998
  -> MRR@20=0.113100  best=0.113100  (early_stop@73, trial=6.9min, avg=7.0min/trial, total=7.0min, ETA=2.21h)
[TRIAL_METRICS] cur_best_mrr20=0.113100 cur_best_hr10=0.203700 cur_test_mrr20=0.114800 cur_test_hr10=0.202600 run_best_mrr20=0.113100 run_best_hr10=0.203700 run_test_mrr20=0.114800 run_test_hr10=0.202600

[2/20] learning_rate=0.001366
  -> MRR@20=0.106400  best=0.113100  (early_stop@20, trial=1.9min, avg=4.4min/trial, total=8.9min, ETA=1.33h)
[TRIAL_METRICS] cur_best_mrr20=0.106400 cur_best_hr10=0.197600 cur_test_mrr20=0.105900 cur_test_hr10=0.196500 run_best_mrr20=0.113100 run_best_hr10=0.203700 run_test_mrr20=0.114800 run_test_hr10=0.202600

[3/20] learning_rate=0.006567
  -> MRR@20=0.088000  best=0.113100  (early_stop@13, trial=1.2min, avg=3.4min/trial, total=10.1min, ETA=57.3min)
[TRIAL_METRICS] cur_best_mrr20=0.088000 cur_best_hr10=0.178700 cur_test_mrr20=0.089700 cur_test_hr10=0.177100 run_best_mrr20=0.113100 run_best_hr10=0.203700 run_test_mrr20=0.114800 run_test_hr10=0.202600

[4/20] learning_rate=0.004024
  -> MRR@20=0.096300  best=0.113100  (early_stop@13, trial=1.2min, avg=2.8min/trial, total=11.3min, ETA=45.3min)
[TRIAL_METRICS] cur_best_mrr20=0.096300 cur_best_hr10=0.190300 cur_test_mrr20=0.098400 cur_test_hr10=0.184400 run_best_mrr20=0.113100 run_best_hr10=0.203700 run_test_mrr20=0.114800 run_test_hr10=0.202600

[5/20] learning_rate=0.005096
  -> MRR@20=0.092800  best=0.113100  (early_stop@17, trial=1.6min, avg=2.6min/trial, total=12.9min, ETA=38.7min)
[TRIAL_METRICS] cur_best_mrr20=0.092800 cur_best_hr10=0.154800 cur_test_mrr20=0.085400 cur_test_hr10=0.148200 run_best_mrr20=0.113100 run_best_hr10=0.203700 run_test_mrr20=0.114800 run_test_hr10=0.202600

[6/20] learning_rate=0.001331
  -> MRR@20=0.106300  best=0.113100  (early_stop@20, trial=1.9min, avg=2.5min/trial, total=14.8min, ETA=34.5min)
[TRIAL_METRICS] cur_best_mrr20=0.106300 cur_best_hr10=0.197900 cur_test_mrr20=0.106300 cur_test_hr10=0.196500 run_best_mrr20=0.113100 run_best_hr10=0.203700 run_test_mrr20=0.114800 run_test_hr10=0.202600

[7/20] learning_rate=0.0002202
  -> MRR@20=0.113600  best=0.113600  (early_stop@69, trial=6.5min, avg=3.0min/trial, total=21.3min, ETA=39.6min)
[TRIAL_METRICS] cur_best_mrr20=0.113600 cur_best_hr10=0.204200 cur_test_mrr20=0.113400 cur_test_hr10=0.202600 run_best_mrr20=0.113600 run_best_hr10=0.204200 run_test_mrr20=0.113400 run_test_hr10=0.202600

[8/20] learning_rate=0.0005565
  -> MRR@20=0.115200  best=0.115200  (early_stop@30, trial=2.9min, avg=3.0min/trial, total=24.2min, ETA=36.3min)
[TRIAL_METRICS] cur_best_mrr20=0.115200 cur_best_hr10=0.208400 cur_test_mrr20=0.113500 cur_test_hr10=0.208900 run_best_mrr20=0.115200 run_best_hr10=0.208400 run_test_mrr20=0.113500 run_test_hr10=0.208900

[9/20] learning_rate=0.0002555
  -> MRR@20=0.113900  best=0.115200  (early_stop@61, trial=5.8min, avg=3.3min/trial, total=30.0min, ETA=36.7min)
[TRIAL_METRICS] cur_best_mrr20=0.113900 cur_best_hr10=0.204700 cur_test_mrr20=0.114500 cur_test_hr10=0.204700 run_best_mrr20=0.115200 run_best_hr10=0.208400 run_test_mrr20=0.113500 run_test_hr10=0.208900

[10/20] learning_rate=0.0002584
  -> MRR@20=0.113700  best=0.115200  (early_stop@61, trial=5.8min, avg=3.6min/trial, total=35.9min, ETA=35.9min)
[TRIAL_METRICS] cur_best_mrr20=0.113700 cur_best_hr10=0.204500 cur_test_mrr20=0.114300 cur_test_hr10=0.203100 run_best_mrr20=0.115200 run_best_hr10=0.208400 run_test_mrr20=0.113500 run_test_hr10=0.208900

[11/20] learning_rate=0.001272
  -> MRR@20=0.105900  best=0.115200  (early_stop@21, trial=2.0min, avg=3.4min/trial, total=37.9min, ETA=31.0min)
[TRIAL_METRICS] cur_best_mrr20=0.105900 cur_best_hr10=0.197400 cur_test_mrr20=0.104000 cur_test_hr10=0.198400 run_best_mrr20=0.115200 run_best_hr10=0.208400 run_test_mrr20=0.113500 run_test_hr10=0.208900

[12/20] learning_rate=0.001306
  -> MRR@20=0.106300  best=0.115200  (early_stop@20, trial=1.9min, avg=3.3min/trial, total=39.8min, ETA=26.5min)
[TRIAL_METRICS] cur_best_mrr20=0.106300 cur_best_hr10=0.196600 cur_test_mrr20=0.106100 cur_test_hr10=0.196300 run_best_mrr20=0.115200 run_best_hr10=0.208400 run_test_mrr20=0.113500 run_test_hr10=0.208900

[13/20] learning_rate=0.003053
  -> MRR@20=0.098300  best=0.115200  (early_stop@15, trial=1.4min, avg=3.2min/trial, total=41.2min, ETA=22.2min)
[TRIAL_METRICS] cur_best_mrr20=0.098300 cur_best_hr10=0.189200 cur_test_mrr20=0.097600 cur_test_hr10=0.191300 run_best_mrr20=0.115200 run_best_hr10=0.208400 run_test_mrr20=0.113500 run_test_hr10=0.208900

[14/20] learning_rate=0.003959
  -> MRR@20=0.097300  best=0.115200  (early_stop@13, trial=1.2min, avg=3.0min/trial, total=42.4min, ETA=18.2min)
[TRIAL_METRICS] cur_best_mrr20=0.097300 cur_best_hr10=0.185800 cur_test_mrr20=0.098500 cur_test_hr10=0.184700 run_best_mrr20=0.115200 run_best_hr10=0.208400 run_test_mrr20=0.113500 run_test_hr10=0.208900

[15/20] learning_rate=0.0003162
  -> MRR@20=0.113500  best=0.115200  (early_stop@42, trial=4.0min, avg=3.1min/trial, total=46.4min, ETA=15.5min)
[TRIAL_METRICS] cur_best_mrr20=0.113500 cur_best_hr10=0.203900 cur_test_mrr20=0.115000 cur_test_hr10=0.203400 run_best_mrr20=0.115200 run_best_hr10=0.208400 run_test_mrr20=0.113500 run_test_hr10=0.208900

[16/20] learning_rate=0.002098
  -> MRR@20=0.105000  best=0.115200  (early_stop@15, trial=1.4min, avg=3.0min/trial, total=47.9min, ETA=12.0min)
[TRIAL_METRICS] cur_best_mrr20=0.105000 cur_best_hr10=0.204200 cur_test_mrr20=0.105500 cur_test_hr10=0.202800 run_best_mrr20=0.115200 run_best_hr10=0.208400 run_test_mrr20=0.113500 run_test_hr10=0.208900

[17/20] learning_rate=0.002031
  -> MRR@20=0.107100  best=0.115200  (early_stop@15, trial=1.4min, avg=2.9min/trial, total=49.3min, ETA=8.7min)
[TRIAL_METRICS] cur_best_mrr20=0.107100 cur_best_hr10=0.202100 cur_test_mrr20=0.107100 cur_test_hr10=0.204700 run_best_mrr20=0.115200 run_best_hr10=0.208400 run_test_mrr20=0.113500 run_test_hr10=0.208900

[18/20] learning_rate=0.0002325
  -> MRR@20=0.114100  best=0.115200  (early_stop@75, trial=7.1min, avg=3.1min/trial, total=56.4min, ETA=6.3min)
[TRIAL_METRICS] cur_best_mrr20=0.114100 cur_best_hr10=0.205300 cur_test_mrr20=0.113800 cur_test_hr10=0.202300 run_best_mrr20=0.115200 run_best_hr10=0.208400 run_test_mrr20=0.113500 run_test_hr10=0.208900

[19/20] learning_rate=0.003794
  -> MRR@20=0.098400  best=0.115200  (early_stop@15, trial=1.4min, avg=3.0min/trial, total=57.8min, ETA=3.0min)
[TRIAL_METRICS] cur_best_mrr20=0.098400 cur_best_hr10=0.189500 cur_test_mrr20=0.100400 cur_test_hr10=0.191000 run_best_mrr20=0.115200 run_best_hr10=0.208400 run_test_mrr20=0.113500 run_test_hr10=0.208900

[20/20] learning_rate=0.003441
  -> MRR@20=0.096900  best=0.115200  (early_stop@14, trial=1.4min, avg=3.0min/trial, total=59.2min, ETA=0s)
[TRIAL_METRICS] cur_best_mrr20=0.096900 cur_best_hr10=0.188700 cur_test_mrr20=0.098500 cur_test_hr10=0.185200 run_best_mrr20=0.115200 run_best_hr10=0.208400 run_test_mrr20=0.113500 run_test_hr10=0.208900
[1;35mEvaluate   [0m:   0%|                                                            | 0/1 [00:00<?, ?it/s][0m[1;35mEvaluate   [0m:   0%|                                  | 0/1 [00:01<?, ?it/s, [1;33mGPU RAM: 12.68 G/23.56 G[0m][0m[1;35mEvaluate   [0m: 100%|██████████████████████████| 1/1 [00:01<00:00,  1.45s/it, [1;33mGPU RAM: 12.68 G/23.56 G[0m][0m                                                                                                    [1;35mEvaluate   [0m:   0%|                                                            | 0/1 [00:00<?, ?it/s][0m[1;35mEvaluate   [0m:   0%|                                  | 0/1 [00:01<?, ?it/s, [1;33mGPU RAM: 12.68 G/23.56 G[0m][0m[1;35mEvaluate   [0m: 100%|██████████████████████████| 1/1 [00:01<00:00,  1.53s/it, [1;33mGPU RAM: 12.68 G/23.56 G[0m][0m                                                                                                    [1;35mEvaluate   [0m:   0%|                                                            | 0/1 [00:00<?, ?it/s][0m[1;35mEvaluate   [0m:   0%|                                  | 0/1 [00:01<?, ?it/s, [1;33mGPU RAM: 12.68 G/23.56 G[0m][0m[1;35mEvaluate   [0m: 100%|██████████████████████████| 1/1 [00:01<00:00,  1.55s/it, [1;33mGPU RAM: 12.68 G/23.56 G[0m][0m                                                                                                    
=================================================================
  DONE  |  FeaturedMoE_N3 x foursquare
  Best MRR@20 = 0.115200  |  20/20 trials OK
  Best HR@10  = 0.208400
  Test MRR@20 = 0.113500  (best-valid checkpoint)
  Test HR@10  = 0.208900  (best-valid checkpoint)
[RUN_METRICS] best_valid_mrr20=0.115200 best_valid_hr10=0.208400 test_mrr20=0.113500 test_hr10=0.208900
  Total time: 59.3 min
  Best params:
    learning_rate: 0.000556454
  Results -> /workspace/jy1559/FMoE/experiments/run/artifacts/results/fmoe_n3/foursquare_FeaturedMoE_N3_p14_fad_a2_foursquare_h2_s2_20260331_090605_504445_pid6916.json
  Normal mirror -> /workspace/jy1559/FMoE/experiments/run/artifacts/results/fmoe_n3/normal/final_all_datasets/P14/foursquare/FMoEN3/foursquare_FeaturedMoE_N3_p14_fad_a2_foursquare_h2_s2_20260331_090605_504445_pid6916.json
  Special result -> /workspace/jy1559/FMoE/experiments/run/artifacts/results/fmoe_n3/special/final_all_datasets/P14/foursquare/FMoEN3/foursquare_FeaturedMoE_N3_p14_fad_a2_foursquare_h2_s2_20260331_090605_504445_pid6916_special_metrics.json
  Special log -> /workspace/jy1559/FMoE/experiments/run/artifacts/logs/fmoe_n3/special/final_all_datasets/P14/foursquare/FMoEN3/foursquare_FeaturedMoE_N3_p14_fad_a2_foursquare_h2_s2_20260331_090605_504445_pid6916_special_metrics.json
=================================================================

[RUN_STATUS] END status=normal pid=6916 start=2026-03-31T09:06:05 end=2026-03-31T10:05:21
