[STAGEH_TARGETEDRECOVERY_ANCHOR2_CORE5_SETTING_HEADER]
run_phase=P23_SH_C16_MSASREC_RR_SAS_STAGEH_REC1_PASS3_MAXI_S1 run_id=SH_RETAIL_ROCKET_SASREC_RR_SAS_STAGEH_REC1_PASS3_MAXI_S1 phase_id=P23 axis_id=SH model=SASRec candidate_id=RR_SAS_STAGEH_REC1_PASS3_MAXI seed=1
dataset=retail_rocket gpu=3 order=0 candidate_source=stageh_screen_variant source_stage=stageh_manual_bank_variant transfer_from_dataset=retail_rocket
max_evals=5 tune_epochs=34 tune_patience=5
seed=230257

[COMMAND]
- /venv/FMoE/bin/python hyperopt_tune.py --config-name tune_rr --max-evals 5 --tune-epochs 34 --tune-patience 5 --seed 230257 --run-group baseline --run-axis StageH_TargetedRecovery_anchor2_core5 --run-phase P23_SH_C16_MSASREC_RR_SAS_STAGEH_REC1_PASS3_MAXI_S1 model=sasrec dataset=retail_rocket eval_mode=session_fixed feature_mode=full_v3 gpu_id=3 log_wandb=false show_progress=false ++special_logging=true ++seed=230257 ++search={learning_rate:[0.0010615453263992075,0.004435199999999999]} ++search_space_type_overrides={learning_rate:"loguniform"} ++weight_decay=0.0001 ++search.weight_decay=[0.0001] ++search_space_type_overrides.weight_decay=choice ++search.n_layers=[3] ++search_space_type_overrides.n_layers=choice ++search.num_layers=[3] ++search_space_type_overrides.num_layers=choice ++search.n_heads=[2] ++search_space_type_overrides.n_heads=choice ++search.num_heads=[2] ++search_space_type_overrides.num_heads=choice ++search.dropout_ratio=[0.13999999999999999] ++search_space_type_overrides.dropout_ratio=choice ++search.dropout_prob=[0.13999999999999999] ++search_space_type_overrides.dropout_prob=choice ++search.hidden_dropout_prob=[0.13999999999999999] ++search_space_type_overrides.hidden_dropout_prob=choice ++search.attn_dropout_prob=[0.13999999999999999] ++search_space_type_overrides.attn_dropout_prob=choice ++search.hidden_size=[200] ++search_space_type_overrides.hidden_size=choice ++search.embedding_size=[200] ++search_space_type_overrides.embedding_size=choice ++search.inner_size=[500] ++search_space_type_overrides.inner_size=choice ++search.time_span=[384] ++search_space_type_overrides.time_span=choice ++search.num_experts=[6] ++search_space_type_overrides.num_experts=choice ++search.state_size=[24] ++search_space_type_overrides.state_size=choice ++search.conv_kernel=[6] ++search_space_type_overrides.conv_kernel=choice ++search.remaining_ratio=[0.6] ++search_space_type_overrides.remaining_ratio=choice ++search.MAX_ITEM_LIST_LENGTH=[8] ++search_space_type_overrides.MAX_ITEM_LIST_LENGTH=choice ++dropout_ratio=0.13999999999999999 ++train_batch_size=4505 ++eval_batch_size=5406 ++hidden_size=200 ++embedding_size=200 ++MAX_ITEM_LIST_LENGTH=8 ++n_layers=3 ++num_layers=3 ++n_heads=2 ++num_heads=2 ++inner_size=500
/venv/FMoE/lib/python3.10/site-packages/ray/_private/parameter.py:4: UserWarning: pkg_resources is deprecated as an API. See https://setuptools.pypa.io/en/latest/pkg_resources.html. The pkg_resources package is slated for removal as early as 2025-11-30. Refrain from using this package or pin to Setuptools<81.
  import pkg_resources
[RUN_STATUS] START pid=58242 ts=2026-04-12T04:52:50

=================================================================
  Hyperopt TPE  |  SASRec x retail_rocket
  max_evals=5  epochs=34  patience=5  wandb=off
  batch_size(train/valid/test)=4505/5406/5406
  track=baseline  axis=stageh_targetedrecovery_anchor2_core5  phase=P23_SH_C16_MSASREC_RR_SAS_STAGEH_REC1_PASS3_MAXI_S1
=================================================================
Changed knobs: learning_rate
Tuned params(len>1): 1  (~1 discrete combos)
Tuned groups: 1
  [optimization]
    learning_rate                   [0.0010615453263992075, 0.004435199999999999]  -> loguniform
Fixed params(singleton/non-list): 18
Fixed groups: 18
  [optimization]
    hidden_dropout_prob             0.13999999999999999                     
    weight_decay                    0.0001                                  
  [model_core]
    attn_dropout_prob               0.13999999999999999                     
    dropout_prob                    0.13999999999999999                     
    dropout_ratio                   0.13999999999999999                     
    embedding_size                  200                                     
    hidden_size                     200                                     
    inner_size                      500                                     
    num_heads                       2                                       
    num_layers                      3                                       
  [other]
    MAX_ITEM_LIST_LENGTH            8                                       
    conv_kernel                     6                                       
    n_heads                         2                                       
    n_layers                        3                                       
    num_experts                     6                                       
    remaining_ratio                 0.6                                     
    state_size                      24                                      
    time_span                       384                                     

[Wandb] disabled for this hyperopt run

[1/5] learning_rate=0.001347
  -> MRR@20=0.268500  best=0.268500  (early_stop@10, trial=1.9min, avg=2.3min/trial, total=2.3min, ETA=9.2min)
[TRIAL_METRICS] cur_best_mrr20=0.268500 cur_best_hr10=0.427100 cur_test_mrr20=0.269900 cur_test_hr10=0.427600 run_best_mrr20=0.268500 run_best_hr10=0.427100 run_test_mrr20=0.269900 run_test_hr10=0.427600

[2/5] learning_rate=0.003401
  -> MRR@20=0.270700  best=0.270700  (early_stop@10, trial=1.9min, avg=2.1min/trial, total=4.2min, ETA=6.4min)
[TRIAL_METRICS] cur_best_mrr20=0.270700 cur_best_hr10=0.417500 cur_test_mrr20=0.272200 cur_test_hr10=0.418500 run_best_mrr20=0.270700 run_best_hr10=0.417500 run_test_mrr20=0.272200 run_test_hr10=0.418500

[3/5] learning_rate=0.004046
  -> MRR@20=0.267600  best=0.270700  (early_stop@7, trial=1.4min, avg=1.9min/trial, total=5.6min, ETA=3.7min)
[TRIAL_METRICS] cur_best_mrr20=0.267600 cur_best_hr10=0.422600 cur_test_mrr20=0.267400 cur_test_hr10=0.423400 run_best_mrr20=0.270700 run_best_hr10=0.417500 run_test_mrr20=0.272200 run_test_hr10=0.418500

[4/5] learning_rate=0.001782
  -> MRR@20=0.271200  best=0.271200  (early_stop@10, trial=1.9min, avg=1.9min/trial, total=7.5min, ETA=1.9min)
[TRIAL_METRICS] cur_best_mrr20=0.271200 cur_best_hr10=0.427600 cur_test_mrr20=0.272700 cur_test_hr10=0.429800 run_best_mrr20=0.271200 run_best_hr10=0.427600 run_test_mrr20=0.272700 run_test_hr10=0.429800

[5/5] learning_rate=0.002553
  -> MRR@20=0.267500  best=0.271200  (early_stop@10, trial=1.9min, avg=1.9min/trial, total=9.5min, ETA=0s)
[TRIAL_METRICS] cur_best_mrr20=0.267500 cur_best_hr10=0.422400 cur_test_mrr20=0.269600 cur_test_hr10=0.424000 run_best_mrr20=0.271200 run_best_hr10=0.427600 run_test_mrr20=0.272700 run_test_hr10=0.429800

=================================================================
  DONE  |  SASRec x retail_rocket
  Best MRR@20 = 0.271200  |  5/5 trials OK
  Best HR@10  = 0.427600
  Test MRR@20 = 0.272700  (best-valid checkpoint)
  Test HR@10  = 0.429800  (best-valid checkpoint)
[RUN_METRICS] best_valid_mrr20=0.271200 best_valid_hr10=0.427600 test_mrr20=0.272700 test_hr10=0.429800
  Total time: 9.5 min
  Best params:
    learning_rate: 0.0017818
  Results -> /workspace/FeaturedMoE/experiments/run/artifacts/results/baseline/retail_rocket_SASRec_p23_sh_c16_msasrec_rr_sas_stageh_rec1_pass3_maxi_s1_20260412_045250_948526_pid58242.json
  Normal mirror -> /workspace/FeaturedMoE/experiments/run/artifacts/results/baseline/normal/stageh_targetedrecovery_anchor2_core5/P23/retail_rocket/SASRec/retail_rocket_SASRec_p23_sh_c16_msasrec_rr_sas_stageh_rec1_pass3_maxi_s1_20260412_045250_948526_pid58242.json
  Special result -> /workspace/FeaturedMoE/experiments/run/artifacts/results/baseline/special/stageh_targetedrecovery_anchor2_core5/P23/retail_rocket/SASRec/retail_rocket_SASRec_p23_sh_c16_msasrec_rr_sas_stageh_rec1_pass3_maxi_s1_20260412_045250_948526_pid58242_special_metrics.json
  Special log -> /workspace/FeaturedMoE/experiments/run/artifacts/logs/baseline/special/stageh_targetedrecovery_anchor2_core5/P23/retail_rocket/SASRec/retail_rocket_SASRec_p23_sh_c16_msasrec_rr_sas_stageh_rec1_pass3_maxi_s1_20260412_045250_948526_pid58242_special_metrics.json
=================================================================

[RUN_STATUS] END status=normal pid=58242 start=2026-04-12T04:52:50 end=2026-04-12T05:02:20
