[STAGEH_TARGETEDRECOVERY_ANCHOR2_CORE5_SETTING_HEADER]
run_phase=P23_SH_C22_MFAME_GLOBAL_1_FAD_H3_R1_DROP_S1 run_id=SH_FOURSQUARE_FAME_GLOBAL_1_FAD_H3_R1_DROP_S1 phase_id=P23 axis_id=SH model=FAME candidate_id=GLOBAL_1_FAD_H3_R1_DROP seed=1
dataset=foursquare gpu=6 order=0 candidate_source=stageh_screen_variant source_stage=Final_all_datasets_variant transfer_from_dataset=GLOBAL
max_evals=6 tune_epochs=40 tune_patience=5
seed=230348

[COMMAND]
- /venv/FMoE/bin/python hyperopt_tune.py --config-name tune_fs --max-evals 6 --tune-epochs 40 --tune-patience 5 --seed 230348 --run-group baseline --run-axis StageH_TargetedRecovery_anchor2_core5 --run-phase P23_SH_C22_MFAME_GLOBAL_1_FAD_H3_R1_DROP_S1 model=fame dataset=foursquare eval_mode=session_fixed feature_mode=full_v3 gpu_id=6 log_wandb=false show_progress=false ++special_logging=true ++seed=230348 ++search={learning_rate:[0.00015120075437778308,0.00028092377029349417]} ++search_space_type_overrides={learning_rate:"loguniform"} ++weight_decay=0.0002 ++search.weight_decay=[0.0002] ++search_space_type_overrides.weight_decay=choice ++search.n_layers=[2] ++search_space_type_overrides.n_layers=choice ++search.num_layers=[2] ++search_space_type_overrides.num_layers=choice ++search.n_heads=[4] ++search_space_type_overrides.n_heads=choice ++search.num_heads=[4] ++search_space_type_overrides.num_heads=choice ++search.dropout_ratio=[0.18] ++search_space_type_overrides.dropout_ratio=choice ++search.dropout_prob=[0.18] ++search_space_type_overrides.dropout_prob=choice ++search.hidden_dropout_prob=[0.18] ++search_space_type_overrides.hidden_dropout_prob=choice ++search.attn_dropout_prob=[0.18] ++search_space_type_overrides.attn_dropout_prob=choice ++search.hidden_size=[160] ++search_space_type_overrides.hidden_size=choice ++search.embedding_size=[160] ++search_space_type_overrides.embedding_size=choice ++search.inner_size=[320] ++search_space_type_overrides.inner_size=choice ++search.time_span=[512] ++search_space_type_overrides.time_span=choice ++search.num_experts=[4] ++search_space_type_overrides.num_experts=choice ++search.state_size=[32] ++search_space_type_overrides.state_size=choice ++search.conv_kernel=[8] ++search_space_type_overrides.conv_kernel=choice ++search.remaining_ratio=[0.7] ++search_space_type_overrides.remaining_ratio=choice ++search.MAX_ITEM_LIST_LENGTH=[10] ++search_space_type_overrides.MAX_ITEM_LIST_LENGTH=choice ++dropout_ratio=0.18 ++num_experts=4 ++train_batch_size=1443 ++eval_batch_size=2165 ++hidden_size=160 ++embedding_size=160 ++MAX_ITEM_LIST_LENGTH=10 ++num_layers=2 ++n_layers=2 ++num_heads=4 ++n_heads=4 ++inner_size=320 ++num_experts=4
/venv/FMoE/lib/python3.10/site-packages/ray/_private/parameter.py:4: UserWarning: pkg_resources is deprecated as an API. See https://setuptools.pypa.io/en/latest/pkg_resources.html. The pkg_resources package is slated for removal as early as 2025-11-30. Refrain from using this package or pin to Setuptools<81.
  import pkg_resources
[RUN_STATUS] START pid=533780 ts=2026-04-10T04:58:49

=================================================================
  Hyperopt TPE  |  FAME x foursquare
  max_evals=6  epochs=40  patience=5  wandb=off
  batch_size(train/valid/test)=1443/2165/2165
  track=baseline  axis=stageh_targetedrecovery_anchor2_core5  phase=P23_SH_C22_MFAME_GLOBAL_1_FAD_H3_R1_DROP_S1
=================================================================
Changed knobs: learning_rate
Tuned params(len>1): 1  (~1 discrete combos)
Tuned groups: 1
  [optimization]
    learning_rate                   [0.00015120075437778308, 0.00028092377029349417]  -> loguniform
Fixed params(singleton/non-list): 18
Fixed groups: 18
  [optimization]
    hidden_dropout_prob             0.18                                    
    weight_decay                    0.0002                                  
  [model_core]
    attn_dropout_prob               0.18                                    
    dropout_prob                    0.18                                    
    dropout_ratio                   0.18                                    
    embedding_size                  160                                     
    hidden_size                     160                                     
    inner_size                      320                                     
    num_heads                       4                                       
    num_layers                      2                                       
  [other]
    MAX_ITEM_LIST_LENGTH            10                                      
    conv_kernel                     8                                       
    n_heads                         4                                       
    n_layers                        2                                       
    num_experts                     4                                       
    remaining_ratio                 0.7                                     
    state_size                      32                                      
    time_span                       512                                     

[Wandb] disabled for this hyperopt run

[1/6] learning_rate=0.0002302
  -> MRR@20=0.003800  best=0.003800  (early_stop@7, trial=20s, avg=26s/trial, total=26s, ETA=2.1min)
[TRIAL_METRICS] cur_best_mrr20=0.003800 cur_best_hr10=0.006600 cur_test_mrr20=0.001700 cur_test_hr10=0.003700 run_best_mrr20=0.003800 run_best_hr10=0.006600 run_test_mrr20=0.001700 run_test_hr10=0.003700

[2/6] learning_rate=0.0002154
  -> MRR@20=0.052400  best=0.052400  (full@40, trial=1.9min, avg=1.2min/trial, total=2.3min, ETA=4.6min)
[TRIAL_METRICS] cur_best_mrr20=0.052400 cur_best_hr10=0.082000 cur_test_mrr20=0.046100 cur_test_hr10=0.072000 run_best_mrr20=0.052400 run_best_hr10=0.082000 run_test_mrr20=0.046100 run_test_hr10=0.072000

[3/6] learning_rate=0.0002175
  -> MRR@20=0.052300  best=0.052400  (full@40, trial=1.9min, avg=1.4min/trial, total=4.2min, ETA=4.2min)
[TRIAL_METRICS] cur_best_mrr20=0.052300 cur_best_hr10=0.083300 cur_test_mrr20=0.045500 cur_test_hr10=0.069900 run_best_mrr20=0.052400 run_best_hr10=0.082000 run_test_mrr20=0.046100 run_test_hr10=0.072000

[4/6] learning_rate=0.0002615
  -> MRR@20=0.058900  best=0.058900  (full@40, trial=1.9min, avg=1.5min/trial, total=6.0min, ETA=3.0min)
[TRIAL_METRICS] cur_best_mrr20=0.058900 cur_best_hr10=0.089400 cur_test_mrr20=0.051000 cur_test_hr10=0.080400 run_best_mrr20=0.058900 run_best_hr10=0.089400 run_test_mrr20=0.051000 run_test_hr10=0.080400

[5/6] learning_rate=0.0002441
  -> MRR@20=0.056900  best=0.058900  (full@40, trial=1.9min, avg=1.6min/trial, total=8.0min, ETA=1.6min)
[TRIAL_METRICS] cur_best_mrr20=0.056900 cur_best_hr10=0.086700 cur_test_mrr20=0.049200 cur_test_hr10=0.076700 run_best_mrr20=0.058900 run_best_hr10=0.089400 run_test_mrr20=0.051000 run_test_hr10=0.080400

[6/6] learning_rate=0.0002324
  -> MRR@20=0.003900  best=0.058900  (early_stop@7, trial=20s, avg=1.4min/trial, total=8.3min, ETA=0s)
[TRIAL_METRICS] cur_best_mrr20=0.003900 cur_best_hr10=0.006600 cur_test_mrr20=0.001700 cur_test_hr10=0.003700 run_best_mrr20=0.058900 run_best_hr10=0.089400 run_test_mrr20=0.051000 run_test_hr10=0.080400

=================================================================
  DONE  |  FAME x foursquare
  Best MRR@20 = 0.058900  |  6/6 trials OK
  Best HR@10  = 0.089400
  Test MRR@20 = 0.051000  (best-valid checkpoint)
  Test HR@10  = 0.080400  (best-valid checkpoint)
[RUN_METRICS] best_valid_mrr20=0.058900 best_valid_hr10=0.089400 test_mrr20=0.051000 test_hr10=0.080400
  Total time: 8.3 min
  Best params:
    learning_rate: 0.000261454
  Results -> /workspace/jy1559/FMoE/experiments/run/artifacts/results/baseline/foursquare_FAME_p23_sh_c22_mfame_global_1_fad_h3_r1_drop_s1_20260410_045849_877570_pid533780.json
  Normal mirror -> /workspace/jy1559/FMoE/experiments/run/artifacts/results/baseline/normal/stageh_targetedrecovery_anchor2_core5/P23/foursquare/FAME/foursquare_FAME_p23_sh_c22_mfame_global_1_fad_h3_r1_drop_s1_20260410_045849_877570_pid533780.json
  Special result -> /workspace/jy1559/FMoE/experiments/run/artifacts/results/baseline/special/stageh_targetedrecovery_anchor2_core5/P23/foursquare/FAME/foursquare_FAME_p23_sh_c22_mfame_global_1_fad_h3_r1_drop_s1_20260410_045849_877570_pid533780_special_metrics.json
  Special log -> /workspace/jy1559/FMoE/experiments/run/artifacts/logs/baseline/special/stageh_targetedrecovery_anchor2_core5/P23/foursquare/FAME/foursquare_FAME_p23_sh_c22_mfame_global_1_fad_h3_r1_drop_s1_20260410_045849_877570_pid533780_special_metrics.json
=================================================================

[RUN_STATUS] END status=normal pid=533780 start=2026-04-10T04:58:49 end=2026-04-10T05:07:08
