# job_id=S3_BEAUTY_FAME_C2_SEED2 dataset=beauty model=fame stage=stage3
# cmd=/venv/FMoE/bin/python hyperopt_tune.py --config-name tune_ab --search-algo tpe --max-evals 1 --tune-epochs 100 --tune-patience 10 --seed 810017 --run-group final_experiment --run-axis stage3_seed_confirm --run-phase S3_BEAUTY_FAME_C2_SEED2 model=fame dataset=beauty eval_mode=session_fixed feature_mode=full_v4 ++eval_sampling.mode=full ++eval_sampling.auto_full_threshold=999999999 ++special_logging=true ++exclude_unseen_target_from_main_eval=true ++log_unseen_target_metrics=true gpu_id=6 log_wandb=false show_progress=false ++seed=810017 --max-run-hours 2 --oom-retry-limit 2 ++search.inner_size=[256] ++search_space_type_overrides.inner_size=choice ++search.dropout_ratio=[0.12] ++search_space_type_overrides.dropout_ratio=choice ++search.MAX_ITEM_LIST_LENGTH=[30] ++search_space_type_overrides.MAX_ITEM_LIST_LENGTH=choice ++search.attn_dropout_prob=[0.12] ++search_space_type_overrides.attn_dropout_prob=choice ++search.embedding_size=[160] ++search_space_type_overrides.embedding_size=choice ++search.hidden_dropout_prob=[0.1] ++search_space_type_overrides.hidden_dropout_prob=choice ++search.hidden_size=[128] ++search_space_type_overrides.hidden_size=choice ++search.learning_rate=[0.0021183] ++search_space_type_overrides.learning_rate=choice ++search.num_experts=[5] ++search_space_type_overrides.num_experts=choice ++search.num_heads=[2] ++search_space_type_overrides.num_heads=choice ++search.num_layers=[3] ++search_space_type_overrides.num_layers=choice ++search.weight_decay=[0.00012] ++search_space_type_overrides.weight_decay=choice

/venv/FMoE/lib/python3.10/site-packages/ray/_private/parameter.py:4: UserWarning: pkg_resources is deprecated as an API. See https://setuptools.pypa.io/en/latest/pkg_resources.html. The pkg_resources package is slated for removal as early as 2025-11-30. Refrain from using this package or pin to Setuptools<81.
  import pkg_resources
[RUN_STATUS] START pid=628119 ts=2026-04-18T12:54:19

=================================================================
  Hyperopt  |  FAME x beauty
  max_evals=1  epochs=100  patience=10  wandb=off
  search_algo=tpe
  max_run_hours=2.000  (stop launching new trials after current trial)
  oom_retry_limit=2  (halve train/eval batch size on OOM)
  batch_size(train/valid/test)=4096/8192/8192
  track=final_experiment  axis=stage3_seed_confirm  phase=S3_BEAUTY_FAME_C2_SEED2
=================================================================
Changed knobs: (none; single-run mode)
Tuned params(len>1): 0  (~1 discrete combos)
Tuned groups: 0
  (none)
Fixed params(singleton/non-list): 12
Fixed groups: 12
  [optimization]
    hidden_dropout_prob             0.1                                     
    learning_rate                   0.0021183                               
    weight_decay                    0.00012                                 
  [model_core]
    attn_dropout_prob               0.12                                    
    dropout_ratio                   0.12                                    
    embedding_size                  160                                     
    hidden_size                     128                                     
    inner_size                      256                                     
    num_heads                       2                                       
    num_layers                      3                                       
  [other]
    MAX_ITEM_LIST_LENGTH            30                                      
    num_experts                     5                                       

[Wandb] disabled for this hyperopt run

[1/1] (fixed-only run)
  -> MRR@20=0.011100  best=0.011100  (early_stop@17, trial=10s, avg=13s/trial, total=13s, ETA=0s)
[TRIAL_METRICS] cur_best_mrr20=0.011100 cur_best_hr10=0.020100 cur_test_mrr20=0.006800 cur_test_hr10=0.008600 avg_epoch_time_sec=0.5902 test_eval_time_sec=0.0277 test_eval_batches_per_sec=36.1659 test_eval_targets_per_sec=21591.0419 run_best_mrr20=0.011100 run_best_hr10=0.020100 run_test_mrr20=0.006800 run_test_hr10=0.008600

=================================================================
  DONE  |  FAME x beauty
  Best MRR@20 = 0.011100  |  1/1 trials OK
  Best HR@10  = 0.020100
  Test MRR@20 = 0.006800  (best-valid checkpoint)
  Test HR@10  = 0.008600  (best-valid checkpoint)
  Avg epoch time = 0.590 sec/epoch
  Final test eval = 0.028 sec | batches/s=36.166 | targets/s=21591.042
[RUN_METRICS] best_valid_mrr20=0.011100 best_valid_hr10=0.020100 test_mrr20=0.006800 test_hr10=0.008600 avg_epoch_time_sec=0.5902 test_eval_time_sec=0.0277 test_eval_batches_per_sec=36.1659 test_eval_targets_per_sec=21591.0419
  Total time: 0.2 min
  Best params:
  Results -> /workspace/FeaturedMoE/experiments/run/artifacts/results/final_experiment/beauty_FAME_s3_beauty_fame_c2_seed2_20260418_125420_064143_pid628119.json
  Normal mirror -> /workspace/FeaturedMoE/experiments/run/artifacts/results/final_experiment/normal/stage3_seed_confirm/S3/beauty/FAME/beauty_FAME_s3_beauty_fame_c2_seed2_20260418_125420_064143_pid628119.json
  Special result -> /workspace/FeaturedMoE/experiments/run/artifacts/results/final_experiment/special/stage3_seed_confirm/S3/beauty/FAME/beauty_FAME_s3_beauty_fame_c2_seed2_20260418_125420_064143_pid628119_special_metrics.json
  Special log -> /workspace/FeaturedMoE/experiments/run/artifacts/logs/final_experiment/special/stage3_seed_confirm/S3/beauty/FAME/beauty_FAME_s3_beauty_fame_c2_seed2_20260418_125420_064143_pid628119_special_metrics.json
=================================================================

[RUN_STATUS] END status=normal pid=628119 start=2026-04-18T12:54:19 end=2026-04-18T12:54:33
