[STAGEC_FOCUS_ANCHOR2_CORE5_SETTING_HEADER]
run_phase=P18_SC_D00_M01_P02_GRU4REC_B8_C7_S1 run_id=SC_LASTFM0_03_GRU4REC_B8_C7_S1 phase_id=P18 axis_id=SC model=GRU4Rec profile_id=C7 parent_profile_id=B8 seed=1
dataset=lastfm0.03 gpu=6 order=0 lr_band=LR6,LR5 lr_lo=0.001172442652519894 lr_hi=0.01
max_evals=10 tune_epochs=60 tune_patience=9
seed=180014

[COMMAND]
- /venv/FMoE/bin/python hyperopt_tune.py --config-name tune_lfm_small --max-evals 10 --tune-epochs 60 --tune-patience 9 --seed 180014 --run-group baseline --run-axis StageC_Focus_anchor2_core5 --run-phase P18_SC_D00_M01_P02_GRU4REC_B8_C7_S1 model=gru4rec dataset=lastfm0.03 eval_mode=session_fixed feature_mode=full_v3 gpu_id=6 log_wandb=false show_progress=false ++special_logging=true ++seed=180014 ++search={learning_rate:[0.001172442652519894,0.01]} ++search_space_type_overrides={learning_rate:"loguniform"} ++MAX_ITEM_LIST_LENGTH=20 ++weight_decay=0.000253 ++search.weight_decay=[0.000253] ++search_space_type_overrides.weight_decay=choice ++search.hidden_size=[112] ++search_space_type_overrides.hidden_size=choice ++search.embedding_size=[112] ++search_space_type_overrides.embedding_size=choice ++search.n_layers=[3] ++search_space_type_overrides.n_layers=choice ++search.num_layers=[3] ++search_space_type_overrides.num_layers=choice ++search.dropout_ratio=[0.23000000000000004] ++search_space_type_overrides.dropout_ratio=choice ++search.dropout_prob=[0.23000000000000004] ++search_space_type_overrides.dropout_prob=choice ++search.hidden_dropout_prob=[0.23000000000000004] ++search_space_type_overrides.hidden_dropout_prob=choice ++search.attn_dropout_prob=[0.23000000000000004] ++search_space_type_overrides.attn_dropout_prob=choice ++dropout_prob=0.23000000000000004 ++num_layers=3 ++hidden_size=112 ++embedding_size=112 ++n_layers=3 ++num_layers=3 ++train_batch_size=8192 ++eval_batch_size=10240
/venv/FMoE/lib/python3.10/site-packages/ray/_private/parameter.py:4: UserWarning: pkg_resources is deprecated as an API. See https://setuptools.pypa.io/en/latest/pkg_resources.html. The pkg_resources package is slated for removal as early as 2025-11-30. Refrain from using this package or pin to Setuptools<81.
  import pkg_resources
[RUN_STATUS] START pid=611814 ts=2026-03-30T18:07:22

=================================================================
  Hyperopt TPE  |  GRU4Rec x lastfm0.03
  max_evals=10  epochs=60  patience=9  wandb=off
  batch_size(train/valid/test)=8192/10240/10240
  track=baseline  axis=stagec_focus_anchor2_core5  phase=P18_SC_D00_M01_P02_GRU4REC_B8_C7_S1
=================================================================
Changed knobs: learning_rate
Tuned params(len>1): 1  (~1 discrete combos)
Tuned groups: 1
  [optimization]
    learning_rate                   [0.001172442652519894, 0.01]              -> loguniform
Fixed params(singleton/non-list): 9
Fixed groups: 9
  [optimization]
    hidden_dropout_prob             0.23000000000000004                     
    weight_decay                    0.000253                                
  [model_core]
    attn_dropout_prob               0.23000000000000004                     
    dropout_prob                    0.23000000000000004                     
    dropout_ratio                   0.23000000000000004                     
    embedding_size                  112                                     
    hidden_size                     112                                     
    num_layers                      3                                       
  [other]
    n_layers                        3                                       

[Wandb] disabled for this hyperopt run

[1/10] learning_rate=0.00494
  -> MRR@20=0.187900  best=0.187900  (full@60, trial=3.9min, avg=4.2min/trial, total=4.2min, ETA=37.6min)
[TRIAL_METRICS] cur_best_mrr20=0.187900 cur_best_hr10=0.231500 cur_test_mrr20=0.188700 cur_test_hr10=0.233300 run_best_mrr20=0.187900 run_best_hr10=0.231500 run_test_mrr20=0.188700 run_test_hr10=0.233300

[2/10] learning_rate=0.002899
  -> MRR@20=0.189600  best=0.189600  (full@60, trial=3.9min, avg=4.0min/trial, total=8.1min, ETA=32.3min)
[TRIAL_METRICS] cur_best_mrr20=0.189600 cur_best_hr10=0.226100 cur_test_mrr20=0.185400 cur_test_hr10=0.222900 run_best_mrr20=0.189600 run_best_hr10=0.226100 run_test_mrr20=0.185400 run_test_hr10=0.222900

[3/10] learning_rate=0.001487
  -> MRR@20=0.174800  best=0.189600  (full@60, trial=3.9min, avg=4.0min/trial, total=12.0min, ETA=28.0min)
[TRIAL_METRICS] cur_best_mrr20=0.174800 cur_best_hr10=0.214500 cur_test_mrr20=0.171500 cur_test_hr10=0.208800 run_best_mrr20=0.189600 run_best_hr10=0.226100 run_test_mrr20=0.185400 run_test_hr10=0.222900

[4/10] learning_rate=0.006445
  -> MRR@20=0.187000  best=0.189600  (full@60, trial=3.9min, avg=4.0min/trial, total=15.9min, ETA=23.8min)
[TRIAL_METRICS] cur_best_mrr20=0.187000 cur_best_hr10=0.235500 cur_test_mrr20=0.178500 cur_test_hr10=0.226100 run_best_mrr20=0.189600 run_best_hr10=0.226100 run_test_mrr20=0.185400 run_test_hr10=0.222900

[5/10] learning_rate=0.003597
  -> MRR@20=0.187900  best=0.189600  (full@60, trial=3.9min, avg=4.0min/trial, total=19.8min, ETA=19.8min)
[TRIAL_METRICS] cur_best_mrr20=0.187900 cur_best_hr10=0.229100 cur_test_mrr20=0.185500 cur_test_hr10=0.220200 run_best_mrr20=0.189600 run_best_hr10=0.226100 run_test_mrr20=0.185400 run_test_hr10=0.222900

[6/10] learning_rate=0.005488
  -> MRR@20=0.185000  best=0.189600  (full@60, trial=3.9min, avg=4.0min/trial, total=23.7min, ETA=15.8min)
[TRIAL_METRICS] cur_best_mrr20=0.185000 cur_best_hr10=0.231500 cur_test_mrr20=0.183800 cur_test_hr10=0.226600 run_best_mrr20=0.189600 run_best_hr10=0.226100 run_test_mrr20=0.185400 run_test_hr10=0.222900

[7/10] learning_rate=0.007005
  -> MRR@20=0.182200  best=0.189600  (full@60, trial=3.9min, avg=3.9min/trial, total=27.6min, ETA=11.8min)
[TRIAL_METRICS] cur_best_mrr20=0.182200 cur_best_hr10=0.233900 cur_test_mrr20=0.177000 cur_test_hr10=0.227200 run_best_mrr20=0.189600 run_best_hr10=0.226100 run_test_mrr20=0.185400 run_test_hr10=0.222900

[8/10] learning_rate=0.005157
  -> MRR@20=0.185100  best=0.189600  (full@60, trial=4.0min, avg=3.9min/trial, total=31.6min, ETA=7.9min)
[TRIAL_METRICS] cur_best_mrr20=0.185100 cur_best_hr10=0.222400 cur_test_mrr20=0.179100 cur_test_hr10=0.226900 run_best_mrr20=0.189600 run_best_hr10=0.226100 run_test_mrr20=0.185400 run_test_hr10=0.222900

[9/10] learning_rate=0.003855
  -> MRR@20=0.186200  best=0.189600  (full@60, trial=4.0min, avg=4.0min/trial, total=35.6min, ETA=4.0min)
[TRIAL_METRICS] cur_best_mrr20=0.186200 cur_best_hr10=0.224600 cur_test_mrr20=0.179300 cur_test_hr10=0.218700 run_best_mrr20=0.189600 run_best_hr10=0.226100 run_test_mrr20=0.185400 run_test_hr10=0.222900

[10/10] learning_rate=0.006079
  -> MRR@20=0.182900  best=0.189600  (full@60, trial=3.9min, avg=3.9min/trial, total=39.5min, ETA=0s)
[TRIAL_METRICS] cur_best_mrr20=0.182900 cur_best_hr10=0.229100 cur_test_mrr20=0.176700 cur_test_hr10=0.226600 run_best_mrr20=0.189600 run_best_hr10=0.226100 run_test_mrr20=0.185400 run_test_hr10=0.222900

=================================================================
  DONE  |  GRU4Rec x lastfm0.03
  Best MRR@20 = 0.189600  |  10/10 trials OK
  Best HR@10  = 0.226100
  Test MRR@20 = 0.185400  (best-valid checkpoint)
  Test HR@10  = 0.222900  (best-valid checkpoint)
[RUN_METRICS] best_valid_mrr20=0.189600 best_valid_hr10=0.226100 test_mrr20=0.185400 test_hr10=0.222900
  Total time: 39.5 min
  Best params:
    learning_rate: 0.00289889
  Results -> /workspace/jy1559/FMoE/experiments/run/artifacts/results/baseline/lastfm0.03_GRU4Rec_p18_sc_d00_m01_p02_gru4rec_b8_c7_s1_20260330_180722_412785_pid611814.json
  Normal mirror -> /workspace/jy1559/FMoE/experiments/run/artifacts/results/baseline/normal/stagec_focus_anchor2_core5/P18/lastfm0.03/GRU4Rec/lastfm0.03_GRU4Rec_p18_sc_d00_m01_p02_gru4rec_b8_c7_s1_20260330_180722_412785_pid611814.json
  Special result -> /workspace/jy1559/FMoE/experiments/run/artifacts/results/baseline/special/stagec_focus_anchor2_core5/P18/lastfm0.03/GRU4Rec/lastfm0.03_GRU4Rec_p18_sc_d00_m01_p02_gru4rec_b8_c7_s1_20260330_180722_412785_pid611814_special_metrics.json
  Special log -> /workspace/jy1559/FMoE/experiments/run/artifacts/logs/baseline/special/stagec_focus_anchor2_core5/P18/lastfm0.03/GRU4Rec/lastfm0.03_GRU4Rec_p18_sc_d00_m01_p02_gru4rec_b8_c7_s1_20260330_180722_412785_pid611814_special_metrics.json
=================================================================

[RUN_STATUS] END status=normal pid=611814 start=2026-03-30T18:07:22 end=2026-03-30T18:46:51
