===============================================================================
HGRv4 Hyperopt Run
phase: R0HGRv4_distill4_C00_L15_D0_off
what: HGRv4 R0: feature-aware outer restored, group-stat inner teacher, 4-way distill level comparison. layout=15 merge=serial outer=hybrid(hidden=true,feature=true) inner_mode=off lambda=0.0 tau=1.5 until=0.2 dims=128/16/160/64 bs=4096/8192
focus: arch_layout_id,group_router_mode,embedding_size,d_expert_hidden,d_router_hidden,expert_scale,inner_rule_mode,inner_rule_lambda,inner_rule_temperature,inner_rule_until,learning_rate

core_setup:
  layout=15 | merge=serial | outer=hybrid:legacy_concat(hidden=true,feature=true) | inner=legacy_concat
  dims=128/16/160/64 | expert_scale=4
  batch(train/eval)=4096/8192
  group_top_k=0 | expert_top_k=1

teacher_setup:
  teacher_kind=group_stat_soft
  inner_rule_mode=off
  lambda=0.0 | temperature=1.5 | until=0.2
  bias_scale=0.0 | bin_sharpness=16.0

search_space:
  lr=1e-4,4e-4,7e-4,1.0e-3,1.3e-3,1.7e-3,2.2e-3,3.0e-3,4.5e-3,8e-3
  wd=1e-5
  dropout=0.10
  balance=0.0
===============================================================================

[RUN_STATUS] START pid=5615 ts=2026-03-10T14:29:07

=================================================================
  Hyperopt TPE  |  FeaturedMoE_HGRv4 x movielens1m
  max_evals=10  epochs=40  patience=5  wandb=off
  batch_size(train/valid/test)=4096/8192/8192
  track=fmoe_hgr_v4  axis=hparam  phase=R0HGRv4_distill4_C00_L15_D0_off
=================================================================
Changed knobs: learning_rate
Tuned params(len>1): 1  (~10 discrete combos)
Tuned groups: 1
  [optimization]
    learning_rate                   [0.0001, 0.0004, 0.0007, 0.001, 0.0013, 0.0017, 0.0022, 0.003, 0.0045, 0.008]  -> choice
Fixed params(singleton/non-list): 45
Fixed groups: 45
  [optimization]
    balance_loss_lambda             0.0                                     
    hidden_dropout_prob             0.1                                     
    weight_decay                    1e-05                                   
  [model_core]
    d_expert_hidden                 160                                     
    d_feat_emb                      16                                      
    d_router_hidden                 64                                      
    embedding_size                  128                                     
    expert_scale                    4                                       
    hidden_size                     128                                     
    num_heads                       8                                       
    num_layers                      -1                                      
  [layout]
    arch_layout_id                  15                                      
  [routing_moe]
    group_router_mode               hybrid                                  
    inner_router_design             legacy_concat                           
    inner_router_use_feature        True                                    
    inner_router_use_hidden         True                                    
    macro_routing_scope             session                                 
    macro_session_pooling           query                                   
    outer_router_design             legacy_concat                           
    outer_router_use_feature        True                                    
    outer_router_use_hidden         True                                    
    router_design                   legacy_concat                           
  [schedule]
    fmoe_schedule_enable            False                                   
  [merge_hir]
    stage_merge_mode                serial                                  
  [other]
    MAX_ITEM_LIST_LENGTH            10                                      
    eval_every                      1                                       
    expert_top_k                    1                                       
    expert_use_feature              False                                   
    group_balance_lambda            0.0                                     
    group_feature_spec_aux_enable   True                                    
    group_feature_spec_aux_lambda   0.0001                                  
    group_feature_spec_min_tokens   8                                       
    group_feature_spec_stages       ['mid']                                 
    group_top_k                     0                                       
    inner_rule_apply_stages         ['macro', 'mid', 'micro']               
    inner_rule_bias_scale           0.0                                     
    inner_rule_bin_sharpness        16.0                                    
    inner_rule_enable               True                                    
    inner_rule_group_feature_pool   mean_ratio                              
    inner_rule_lambda               0.0                                     
    inner_rule_mode                 off                                     
    inner_rule_teacher_kind         group_stat_soft                         
    inner_rule_temperature          1.5                                     
    inner_rule_until                0.2                                     
    intra_balance_lambda            0.0                                     
Layout details:
  execution(fixed)=serial
  id=15 raw=[1, 0, 2, 0, 1, 0, 0, 0]

[Wandb] disabled for this hyperopt run

[1/10] learning_rate=0.001
    [Device] CUDA_VISIBLE_DEVICES=4 | torch_device=cuda:0 (NVIDIA RTX A5000)
    [DataCache] save_dataset=True save_dataloaders=False | checkpoint_dir=saved/recbole_cache/movielens1m_feature_added_session_len10 | dataloaders_save_path=saved/recbole_cache/movielens1m_feature_added_session_len10/movielens1m-for-dataloader.pth
    [DataPrep] cache_hit=disk_or_build, create_dataset=0.11s, data_preparation=0.57s, n_items=3534
[FeaturedMoE_HGRv3 Layout] arch_layout_id=15 selected_layout=[1, 0, 2, 0, 1, 0, 0, 0] global_pre=1 stage_pass={'macro': 0, 'mid': 0, 'micro': 0} stage_moe={'macro': 2, 'mid': 1, 'micro': 0} global_post=0
  -> MRR@20=0.0937  best=0.0937  (early_stop@34, trial=12.4min, avg=12.5min/trial, total=12.5min, ETA=1.87h)

[2/10] learning_rate=0.0045
    [Device] CUDA_VISIBLE_DEVICES=4 | torch_device=cuda:0 (NVIDIA RTX A5000)
    [DataCache] save_dataset=True save_dataloaders=False | checkpoint_dir=saved/recbole_cache/movielens1m_feature_added_session_len10 | dataloaders_save_path=saved/recbole_cache/movielens1m_feature_added_session_len10/movielens1m-for-dataloader.pth
    [DataPrep] cache_hit=memory, create_dataset=0.00s, data_preparation=0.00s, n_items=3534
[FeaturedMoE_HGRv3 Layout] arch_layout_id=15 selected_layout=[1, 0, 2, 0, 1, 0, 0, 0] global_pre=1 stage_pass={'macro': 0, 'mid': 0, 'micro': 0} stage_moe={'macro': 2, 'mid': 1, 'micro': 0} global_post=0
  -> MRR@20=0.0153  best=0.0937  (early_stop@13, trial=4.7min, avg=8.6min/trial, total=17.2min, ETA=1.14h)

[3/10] learning_rate=0.0007
    [Device] CUDA_VISIBLE_DEVICES=4 | torch_device=cuda:0 (NVIDIA RTX A5000)
    [DataCache] save_dataset=True save_dataloaders=False | checkpoint_dir=saved/recbole_cache/movielens1m_feature_added_session_len10 | dataloaders_save_path=saved/recbole_cache/movielens1m_feature_added_session_len10/movielens1m-for-dataloader.pth
    [DataPrep] cache_hit=memory, create_dataset=0.00s, data_preparation=0.00s, n_items=3534
[FeaturedMoE_HGRv3 Layout] arch_layout_id=15 selected_layout=[1, 0, 2, 0, 1, 0, 0, 0] global_pre=1 stage_pass={'macro': 0, 'mid': 0, 'micro': 0} stage_moe={'macro': 2, 'mid': 1, 'micro': 0} global_post=0
  -> MRR@20=0.0942  best=0.0942  (early_stop@38, trial=13.7min, avg=10.3min/trial, total=30.8min, ETA=1.20h)

[4/10] learning_rate=0.0001
    [Device] CUDA_VISIBLE_DEVICES=4 | torch_device=cuda:0 (NVIDIA RTX A5000)
    [DataCache] save_dataset=True save_dataloaders=False | checkpoint_dir=saved/recbole_cache/movielens1m_feature_added_session_len10 | dataloaders_save_path=saved/recbole_cache/movielens1m_feature_added_session_len10/movielens1m-for-dataloader.pth
    [DataPrep] cache_hit=memory, create_dataset=0.00s, data_preparation=0.00s, n_items=3534
[FeaturedMoE_HGRv3 Layout] arch_layout_id=15 selected_layout=[1, 0, 2, 0, 1, 0, 0, 0] global_pre=1 stage_pass={'macro': 0, 'mid': 0, 'micro': 0} stage_moe={'macro': 2, 'mid': 1, 'micro': 0} global_post=0
  -> MRR@20=0.0760  best=0.0942  (full@40, trial=14.4min, avg=11.3min/trial, total=45.2min, ETA=1.13h)

[5/10] learning_rate=0.0004
    [Device] CUDA_VISIBLE_DEVICES=4 | torch_device=cuda:0 (NVIDIA RTX A5000)
    [DataCache] save_dataset=True save_dataloaders=False | checkpoint_dir=saved/recbole_cache/movielens1m_feature_added_session_len10 | dataloaders_save_path=saved/recbole_cache/movielens1m_feature_added_session_len10/movielens1m-for-dataloader.pth
    [DataPrep] cache_hit=memory, create_dataset=0.00s, data_preparation=0.00s, n_items=3534
[FeaturedMoE_HGRv3 Layout] arch_layout_id=15 selected_layout=[1, 0, 2, 0, 1, 0, 0, 0] global_pre=1 stage_pass={'macro': 0, 'mid': 0, 'micro': 0} stage_moe={'macro': 2, 'mid': 1, 'micro': 0} global_post=0
  -> MRR@20=0.0938  best=0.0942  (full@40, trial=14.5min, avg=11.9min/trial, total=59.7min, ETA=59.7min)

[6/10] learning_rate=0.001
    [Device] CUDA_VISIBLE_DEVICES=4 | torch_device=cuda:0 (NVIDIA RTX A5000)
    [DataCache] save_dataset=True save_dataloaders=False | checkpoint_dir=saved/recbole_cache/movielens1m_feature_added_session_len10 | dataloaders_save_path=saved/recbole_cache/movielens1m_feature_added_session_len10/movielens1m-for-dataloader.pth
    [DataPrep] cache_hit=memory, create_dataset=0.00s, data_preparation=0.00s, n_items=3534
[FeaturedMoE_HGRv3 Layout] arch_layout_id=15 selected_layout=[1, 0, 2, 0, 1, 0, 0, 0] global_pre=1 stage_pass={'macro': 0, 'mid': 0, 'micro': 0} stage_moe={'macro': 2, 'mid': 1, 'micro': 0} global_post=0
  -> MRR@20=0.0937  best=0.0942  (early_stop@34, trial=12.3min, avg=12.0min/trial, total=1.20h, ETA=48.0min)

[7/10] learning_rate=0.0001
    [Device] CUDA_VISIBLE_DEVICES=4 | torch_device=cuda:0 (NVIDIA RTX A5000)
    [DataCache] save_dataset=True save_dataloaders=False | checkpoint_dir=saved/recbole_cache/movielens1m_feature_added_session_len10 | dataloaders_save_path=saved/recbole_cache/movielens1m_feature_added_session_len10/movielens1m-for-dataloader.pth
    [DataPrep] cache_hit=memory, create_dataset=0.00s, data_preparation=0.00s, n_items=3534
[FeaturedMoE_HGRv3 Layout] arch_layout_id=15 selected_layout=[1, 0, 2, 0, 1, 0, 0, 0] global_pre=1 stage_pass={'macro': 0, 'mid': 0, 'micro': 0} stage_moe={'macro': 2, 'mid': 1, 'micro': 0} global_post=0
  -> MRR@20=0.0760  best=0.0942  (full@40, trial=14.4min, avg=12.3min/trial, total=1.44h, ETA=37.0min)

[8/10] learning_rate=0.008
    [Device] CUDA_VISIBLE_DEVICES=4 | torch_device=cuda:0 (NVIDIA RTX A5000)
    [DataCache] save_dataset=True save_dataloaders=False | checkpoint_dir=saved/recbole_cache/movielens1m_feature_added_session_len10 | dataloaders_save_path=saved/recbole_cache/movielens1m_feature_added_session_len10/movielens1m-for-dataloader.pth
    [DataPrep] cache_hit=memory, create_dataset=0.00s, data_preparation=0.00s, n_items=3534
[FeaturedMoE_HGRv3 Layout] arch_layout_id=15 selected_layout=[1, 0, 2, 0, 1, 0, 0, 0] global_pre=1 stage_pass={'macro': 0, 'mid': 0, 'micro': 0} stage_moe={'macro': 2, 'mid': 1, 'micro': 0} global_post=0
  -> MRR@20=0.0814  best=0.0942  (full@40, trial=14.7min, avg=12.6min/trial, total=1.69h, ETA=25.3min)

[9/10] learning_rate=0.003
    [Device] CUDA_VISIBLE_DEVICES=4 | torch_device=cuda:0 (NVIDIA RTX A5000)
    [DataCache] save_dataset=True save_dataloaders=False | checkpoint_dir=saved/recbole_cache/movielens1m_feature_added_session_len10 | dataloaders_save_path=saved/recbole_cache/movielens1m_feature_added_session_len10/movielens1m-for-dataloader.pth
    [DataPrep] cache_hit=memory, create_dataset=0.00s, data_preparation=0.00s, n_items=3534
[FeaturedMoE_HGRv3 Layout] arch_layout_id=15 selected_layout=[1, 0, 2, 0, 1, 0, 0, 0] global_pre=1 stage_pass={'macro': 0, 'mid': 0, 'micro': 0} stage_moe={'macro': 2, 'mid': 1, 'micro': 0} global_post=0
  -> MRR@20=0.0882  best=0.0942  (full@40, trial=14.5min, avg=12.8min/trial, total=1.93h, ETA=12.8min)

[10/10] learning_rate=0.0045
    [Device] CUDA_VISIBLE_DEVICES=4 | torch_device=cuda:0 (NVIDIA RTX A5000)
    [DataCache] save_dataset=True save_dataloaders=False | checkpoint_dir=saved/recbole_cache/movielens1m_feature_added_session_len10 | dataloaders_save_path=saved/recbole_cache/movielens1m_feature_added_session_len10/movielens1m-for-dataloader.pth
    [DataPrep] cache_hit=memory, create_dataset=0.00s, data_preparation=0.00s, n_items=3534
[FeaturedMoE_HGRv3 Layout] arch_layout_id=15 selected_layout=[1, 0, 2, 0, 1, 0, 0, 0] global_pre=1 stage_pass={'macro': 0, 'mid': 0, 'micro': 0} stage_moe={'macro': 2, 'mid': 1, 'micro': 0} global_post=0
  -> MRR@20=0.0153  best=0.0942  (early_stop@13, trial=4.7min, avg=12.0min/trial, total=2.01h, ETA=0s)

=================================================================
  DONE  |  FeaturedMoE_HGRv4 x movielens1m
  Best MRR@20 = 0.0942  |  10/10 trials OK
  Total time: 120.4 min
  Best params:
    learning_rate: 0.0007
  Results -> /workspace/jy1559/FMoE/experiments/run/artifacts/results/fmoe_hgr_v4/movielens1m_FeaturedMoE_HGRv4_r0hgrv4_distill4_c00_l15_d0_off_20260310_142907_583764_pid5615.json
=================================================================

[RUN_STATUS] END status=normal pid=5615 start=2026-03-10T14:29:07 end=2026-03-10T16:29:28
