[FINAL_ALL_DATASETS_SETTING_HEADER]
run_phase=P14_FAD_A8_MOVIELENS1M_H8_S1 exp_brief=A8_ATTN_MICRO_BEFORE_NO_BIAS phase_id=P14 axis_id=FAD setting_id=A8_ATTN_MICRO_BEFORE_NO_BIAS_H8_S1 hparam_id=H8 seed=1
desc=A8_ATTN_MICRO_BEFORE_NO_BIAS_H8_S1
dataset=movielens1m gpu=1 order=3
max_evals=12 tune_epochs=100 tune_patience=10
seed=97002

[COMMAND]
- /venv/FMoE/bin/python hyperopt_tune.py --config-name config --max-evals 12 --tune-epochs 100 --tune-patience 10 --seed 97002 --run-group fmoe_n3 --run-axis Final_all_datasets --run-phase P14_FAD_A8_MOVIELENS1M_H8_S1 model=featured_moe_n3_tune dataset=movielens1m eval_mode=session_fixed feature_mode=full_v3 gpu_id=1 log_wandb=false enable_tf32=true fmoe_debug_logging=false fmoe_diag_logging=true fmoe_special_logging=true fmoe_feature_ablation_logging=false fmoe_eval_logging_timing=final_only ++fmoe_logging_output_root="run/artifacts/logging" ++fmoe_logging_layout="axis_dataset_arch_hparam" ++fmoe_architecture_id="A8" ++fmoe_architecture_key="A8_ATTN_MICRO_BEFORE_NO_BIAS" ++fmoe_hparam_id="H8" ++fmoe_phase="P14" MAX_ITEM_LIST_LENGTH=20 train_batch_size=4096 eval_batch_size=4096 embedding_size=128 num_heads=4 attn_dropout_prob=0.1 d_ff=256 d_feat_emb=16 d_expert_hidden=128 d_router_hidden=64 expert_scale=3 ++search.learning_rate=[0.0009,0.006] ++search.weight_decay=[2.5e-06] ++search.hidden_dropout_prob=[0.19] ++search.lr_scheduler_type=["warmup_cosine"] ++search_space_type_overrides.learning_rate=loguniform ++search_space_type_overrides.weight_decay=choice ++search_space_type_overrides.hidden_dropout_prob=choice ++search_space_type_overrides.lr_scheduler_type=choice ++phase_run_type="final" ++phase_axis_id="FAD" ++phase_axis_desc="final_all_datasets" ++phase_setting_id="A8_ATTN_MICRO_BEFORE_NO_BIAS_H8_S1" ++phase_setting_key="A8_ATTN_MICRO_BEFORE_NO_BIAS" ++phase_hparam_id="H8" ++phase_seed_id=1 ++phase_run_id="FAD_A8_MOVIELENS1M_H8_S1" ++layer_layout=["attn","macro_ffn","mid_ffn","attn","micro_ffn"] ++stage_compute_mode={macro:"moe",mid:"moe",micro:"moe"} ++stage_router_mode={macro:"learned",mid:"learned",micro:"learned"} ++stage_router_source={macro:"both",mid:"both",micro:"both"} ++stage_feature_injection={macro:"none",mid:"none",micro:"none"} ++topk_scope_mode="global_flat" ++moe_top_k=0 ++balance_loss_lambda=0.0 ++z_loss_lambda=0.0002 ++gate_entropy_lambda=0.0 ++route_smoothness_lambda=0.0 ++route_consistency_lambda=0.0008 ++route_sharpness_lambda=0.0 ++route_monopoly_lambda=0.0 ++route_monopoly_tau=0.25 ++route_prior_lambda=0.0 ++group_prior_align_lambda=0.0 ++factored_group_balance_lambda=0.0 ++rule_agreement_lambda=0.0 ++group_coverage_lambda=0.0 ++feature_group_bias_lambda=0.0 ++rule_bias_scale=0.0 ++primitive_balance_lambda=0.0 ++wrapper_group_feature_align_lambda=0.0 ++stage_router_primitives={macro:{a_joint:{source:"feature",temperature:1.0,top_k:0},b_group:{source:"feature",temperature:1.0,top_k:0},c_shared:{source:"feature",temperature:1.0,top_k:0},d_cond:{source:"feature",temperature:1.0,top_k:0},e_scalar:{source:"feature",temperature:1.0,top_k:0},wrapper:{alpha_d:1.0,alpha_struct:1.0,alpha_a:1.0}},mid:{a_joint:{source:"feature",temperature:1.0,top_k:0},b_group:{source:"feature",temperature:1.0,top_k:0},c_shared:{source:"feature",temperature:1.0,top_k:0},d_cond:{source:"feature",temperature:1.0,top_k:0},e_scalar:{source:"feature",temperature:1.0,top_k:0},wrapper:{alpha_d:1.0,alpha_struct:1.0,alpha_a:1.0}},micro:{a_joint:{source:"feature",temperature:1.0,top_k:0},b_group:{source:"feature",temperature:1.0,top_k:0},c_shared:{source:"feature",temperature:1.0,top_k:0},d_cond:{source:"feature",temperature:1.0,top_k:0},e_scalar:{source:"feature",temperature:1.0,top_k:0},wrapper:{alpha_d:1.0,alpha_struct:1.0,alpha_a:1.0}}} ++stage_router_wrapper={macro:"w4_bxd",mid:"w6_bxd_plus_a",micro:"w1_flat"} ++macro_history_window=5 ++route_consistency_pairs=1 ++route_consistency_min_sim=0.995 ++stage_router_granularity={macro:"session",mid:"session",micro:"token"} ++stage_family_dropout_prob={macro:0.1,mid:0.1,micro:0.1} ++stage_feature_dropout_prob={macro:0.0,mid:0.0,micro:0.0} ++stage_feature_dropout_scope={macro:"token",mid:"token",micro:"token"} ++bias_mode="none"
/venv/FMoE/lib/python3.10/site-packages/ray/_private/parameter.py:4: UserWarning: pkg_resources is deprecated as an API. See https://setuptools.pypa.io/en/latest/pkg_resources.html. The pkg_resources package is slated for removal as early as 2025-11-30. Refrain from using this package or pin to Setuptools<81.
  import pkg_resources
[RUN_STATUS] START pid=99280 ts=2026-04-12T09:32:33

=================================================================
  Hyperopt TPE  |  FeaturedMoE_N3 x movielens1m
  max_evals=12  epochs=100  patience=10  wandb=off
  batch_size(train/valid/test)=4096/4096/4096
  track=fmoe_n3  axis=final_all_datasets  phase=P14_FAD_A8_MOVIELENS1M_H8_S1
=================================================================
Changed knobs: learning_rate
Tuned params(len>1): 1  (~1 discrete combos)
Tuned groups: 1
  [optimization]
    learning_rate                   [0.0009, 0.006]                           -> loguniform
Fixed params(singleton/non-list): 3
Fixed groups: 3
  [optimization]
    hidden_dropout_prob             0.19                                    
    weight_decay                    2.5e-06                                 
  [other]
    lr_scheduler_type               warmup_cosine                           

[Wandb] disabled for this hyperopt run

[1/12] learning_rate=0.00359
  -> MRR@20=0.081200  best=0.081200  (early_stop@49, trial=16.6min, avg=16.7min/trial, total=16.7min, ETA=3.06h)
[TRIAL_METRICS] cur_best_mrr20=0.081200 cur_best_hr10=0.174500 cur_test_mrr20=0.074900 cur_test_hr10=0.191500 run_best_mrr20=0.081200 run_best_hr10=0.174500 run_test_mrr20=0.074900 run_test_hr10=0.191500

[2/12] learning_rate=0.002552
  -> MRR@20=0.082300  best=0.082300  (early_stop@40, trial=13.4min, avg=15.1min/trial, total=30.2min, ETA=2.51h)
[TRIAL_METRICS] cur_best_mrr20=0.082300 cur_best_hr10=0.191100 cur_test_mrr20=0.070200 cur_test_hr10=0.179000 run_best_mrr20=0.082300 run_best_hr10=0.191100 run_test_mrr20=0.070200 run_test_hr10=0.179000

[3/12] learning_rate=0.002759
  -> MRR@20=0.080200  best=0.082300  (early_stop@30, trial=10.0min, avg=13.4min/trial, total=40.2min, ETA=2.01h)
[TRIAL_METRICS] cur_best_mrr20=0.080200 cur_best_hr10=0.187900 cur_test_mrr20=0.070700 cur_test_hr10=0.174900 run_best_mrr20=0.082300 run_best_hr10=0.191100 run_test_mrr20=0.070200 run_test_hr10=0.179000

[4/12] learning_rate=0.001437
  -> MRR@20=0.079800  best=0.082300  (early_stop@47, trial=15.3min, avg=13.9min/trial, total=55.4min, ETA=1.85h)
[TRIAL_METRICS] cur_best_mrr20=0.079800 cur_best_hr10=0.175000 cur_test_mrr20=0.069800 cur_test_hr10=0.177200 run_best_mrr20=0.082300 run_best_hr10=0.191100 run_test_mrr20=0.070200 run_test_hr10=0.179000

[5/12] learning_rate=0.00394
  -> MRR@20=0.083600  best=0.083600  (early_stop@43, trial=14.4min, avg=14.0min/trial, total=1.16h, ETA=1.63h)
[TRIAL_METRICS] cur_best_mrr20=0.083600 cur_best_hr10=0.188400 cur_test_mrr20=0.075800 cur_test_hr10=0.189700 run_best_mrr20=0.083600 run_best_hr10=0.188400 run_test_mrr20=0.075800 run_test_hr10=0.189700

[6/12] learning_rate=0.001652
  -> MRR@20=0.079000  best=0.083600  (early_stop@31, trial=10.1min, avg=13.3min/trial, total=1.33h, ETA=1.33h)
[TRIAL_METRICS] cur_best_mrr20=0.079000 cur_best_hr10=0.187000 cur_test_mrr20=0.068700 cur_test_hr10=0.181800 run_best_mrr20=0.083600 run_best_hr10=0.188400 run_test_mrr20=0.075800 run_test_hr10=0.189700

[7/12] learning_rate=0.004038
  -> MRR@20=0.082200  best=0.083600  (early_stop@47, trial=15.6min, avg=13.6min/trial, total=1.59h, ETA=1.14h)
[TRIAL_METRICS] cur_best_mrr20=0.082200 cur_best_hr10=0.178700 cur_test_mrr20=0.079300 cur_test_hr10=0.177700 run_best_mrr20=0.083600 run_best_hr10=0.188400 run_test_mrr20=0.075800 run_test_hr10=0.189700

[8/12] learning_rate=0.00251
  -> MRR@20=0.080000  best=0.083600  (early_stop@43, trial=14.1min, avg=13.7min/trial, total=1.83h, ETA=54.8min)
[TRIAL_METRICS] cur_best_mrr20=0.080000 cur_best_hr10=0.184700 cur_test_mrr20=0.073900 cur_test_hr10=0.178600 run_best_mrr20=0.083600 run_best_hr10=0.188400 run_test_mrr20=0.075800 run_test_hr10=0.189700

[9/12] learning_rate=0.003256
  -> MRR@20=0.077400  best=0.083600  (early_stop@30, trial=10.0min, avg=13.3min/trial, total=1.99h, ETA=39.9min)
[TRIAL_METRICS] cur_best_mrr20=0.077400 cur_best_hr10=0.181400 cur_test_mrr20=0.066400 cur_test_hr10=0.175800 run_best_mrr20=0.083600 run_best_hr10=0.188400 run_test_mrr20=0.075800 run_test_hr10=0.189700

[10/12] learning_rate=0.002238
  -> MRR@20=0.078000  best=0.083600  (early_stop@30, trial=9.8min, avg=12.9min/trial, total=2.16h, ETA=25.9min)
[TRIAL_METRICS] cur_best_mrr20=0.078000 cur_best_hr10=0.185100 cur_test_mrr20=0.070300 cur_test_hr10=0.176700 run_best_mrr20=0.083600 run_best_hr10=0.188400 run_test_mrr20=0.075800 run_test_hr10=0.189700

[11/12] learning_rate=0.003512
  -> MRR@20=0.080200  best=0.083600  (early_stop@36, trial=11.9min, avg=12.8min/trial, total=2.36h, ETA=12.8min)
[TRIAL_METRICS] cur_best_mrr20=0.080200 cur_best_hr10=0.187900 cur_test_mrr20=0.072800 cur_test_hr10=0.174000 run_best_mrr20=0.083600 run_best_hr10=0.188400 run_test_mrr20=0.075800 run_test_hr10=0.189700

[12/12] learning_rate=0.001503
  -> MRR@20=0.074900  best=0.083600  (early_stop@47, trial=15.5min, avg=13.1min/trial, total=2.61h, ETA=0s)
[TRIAL_METRICS] cur_best_mrr20=0.074900 cur_best_hr10=0.176800 cur_test_mrr20=0.075400 cur_test_hr10=0.180000 run_best_mrr20=0.083600 run_best_hr10=0.188400 run_test_mrr20=0.075800 run_test_hr10=0.189700
[1;35mEvaluate   [0m:   0%|                                                            | 0/1 [00:00<?, ?it/s][0m[1;35mEvaluate   [0m:   0%|                                   | 0/1 [00:00<?, ?it/s, [1;33mGPU RAM: 8.22 G/23.52 G[0m][0m[1;35mEvaluate   [0m: 100%|███████████████████████████| 1/1 [00:00<00:00,  1.26it/s, [1;33mGPU RAM: 8.22 G/23.52 G[0m][0m                                                                                                    [1;35mEvaluate   [0m:   0%|                                                            | 0/1 [00:00<?, ?it/s][0m[1;35mEvaluate   [0m:   0%|                                   | 0/1 [00:00<?, ?it/s, [1;33mGPU RAM: 8.22 G/23.52 G[0m][0m[1;35mEvaluate   [0m: 100%|███████████████████████████| 1/1 [00:00<00:00,  1.30it/s, [1;33mGPU RAM: 8.22 G/23.52 G[0m][0m                                                                                                    [1;35mEvaluate   [0m:   0%|                                                            | 0/1 [00:00<?, ?it/s][0m[1;35mEvaluate   [0m:   0%|                                   | 0/1 [00:00<?, ?it/s, [1;33mGPU RAM: 8.22 G/23.52 G[0m][0m[1;35mEvaluate   [0m: 100%|███████████████████████████| 1/1 [00:00<00:00,  1.29it/s, [1;33mGPU RAM: 8.22 G/23.52 G[0m][0m                                                                                                    
=================================================================
  DONE  |  FeaturedMoE_N3 x movielens1m
  Best MRR@20 = 0.083600  |  12/12 trials OK
  Best HR@10  = 0.188400
  Test MRR@20 = 0.075800  (best-valid checkpoint)
  Test HR@10  = 0.189700  (best-valid checkpoint)
[RUN_METRICS] best_valid_mrr20=0.083600 best_valid_hr10=0.188400 test_mrr20=0.075800 test_hr10=0.189700
  Total time: 156.9 min
  Best params:
    learning_rate: 0.00394023
  Results -> /workspace/jy1559/FMoE/experiments/run/artifacts/results/fmoe_n3/movielens1m_FeaturedMoE_N3_p14_fad_a8_movielens1m_h8_s1_20260412_093233_700840_pid99280.json
  Normal mirror -> /workspace/FeaturedMoE/experiments/run/artifacts/results/fmoe_n3/normal/final_all_datasets/P14/movielens1m/FMoEN3/movielens1m_FeaturedMoE_N3_p14_fad_a8_movielens1m_h8_s1_20260412_093233_700840_pid99280.json
  Special result -> /workspace/FeaturedMoE/experiments/run/artifacts/results/fmoe_n3/special/final_all_datasets/P14/movielens1m/FMoEN3/movielens1m_FeaturedMoE_N3_p14_fad_a8_movielens1m_h8_s1_20260412_093233_700840_pid99280_special_metrics.json
  Special log -> /workspace/FeaturedMoE/experiments/run/artifacts/logs/fmoe_n3/special/final_all_datasets/P14/movielens1m/FMoEN3/movielens1m_FeaturedMoE_N3_p14_fad_a8_movielens1m_h8_s1_20260412_093233_700840_pid99280_special_metrics.json
=================================================================

[RUN_STATUS] END status=normal pid=99280 start=2026-04-12T09:32:33 end=2026-04-12T12:09:28
