# stage=B dataset=foursquare model=gru4rec candidate=A005_L04
# cmd=/venv/FMoE/bin/python hyperopt_tune.py --config-name tune_fs --max-evals 40 --tune-epochs 45 --tune-patience 5 --search-algo tpe --seed 1 --run-group baseline_2 --run-axis ABCD_v2_lean --run-phase ABCD_v2_lean_B_DFOURSQUARE_MGRU4REC_A005_L04_S1 model=gru4rec dataset=foursquare eval_mode=session_fixed feature_mode=full_v4 gpu_id=5 log_wandb=false show_progress=false ++MAX_ITEM_LIST_LENGTH=50 ++eval_sampling.mode=full ++eval_sampling.auto_full_threshold=999999999 ++special_logging=true ++exclude_unseen_target_from_main_eval=true ++log_unseen_target_metrics=true ++hidden_size=128 ++embedding_size=128 ++num_layers=2 ++dropout_prob=0.2 ++seed=1 ++search.MAX_ITEM_LIST_LENGTH=[50] ++search.weight_decay=[1e-07,1e-05] ++search.hidden_size=[128] ++search.embedding_size=[128] ++search.num_layers=[2] ++search.learning_rate=[0.00075,0.012] ++search.dropout_prob=[0.08,0.32] ++search_space_type_overrides.MAX_ITEM_LIST_LENGTH=choice ++search_space_type_overrides.weight_decay=loguniform ++search_space_type_overrides.hidden_size=choice ++search_space_type_overrides.embedding_size=choice ++search_space_type_overrides.num_layers=choice ++search_space_type_overrides.learning_rate=loguniform ++search_space_type_overrides.dropout_prob=uniform

/venv/FMoE/lib/python3.10/site-packages/ray/_private/parameter.py:4: UserWarning: pkg_resources is deprecated as an API. See https://setuptools.pypa.io/en/latest/pkg_resources.html. The pkg_resources package is slated for removal as early as 2025-11-30. Refrain from using this package or pin to Setuptools<81.
  import pkg_resources
[RUN_STATUS] START pid=1044197 ts=2026-04-14T13:55:59

=================================================================
  Hyperopt  |  GRU4Rec x foursquare
  max_evals=40  epochs=45  patience=5  wandb=off
  search_algo=tpe
  batch_size(train/valid/test)=4096/4096/4096
  track=baseline_2  axis=abcd_v2_lean  phase=ABCD_v2_lean_B_DFOURSQUARE_MGRU4REC_A005_L04_S1
=================================================================
Changed knobs: dropout_prob, hidden_dropout_prob, learning_rate, weight_decay
Tuned params(len>1): 4  (~1 discrete combos)
Tuned groups: 4
  [optimization]
    hidden_dropout_prob             [0.0, 0.1, 0.2, 0.3]                      -> uniform
    learning_rate                   [0.00075, 0.012]                          -> loguniform
    weight_decay                    [1e-07, 1e-05]                            -> loguniform
  [model_core]
    dropout_prob                    [0.08, 0.32]                              -> uniform
Fixed params(singleton/non-list): 4
Fixed groups: 4
  [model_core]
    embedding_size                  128                                     
    hidden_size                     128                                     
    num_layers                      2                                       
  [other]
    MAX_ITEM_LIST_LENGTH            50                                      

[Wandb] disabled for this hyperopt run

[1/40] dropout_prob=0.1344, hidden_dropout_prob=0.1665, learning_rate=0.001959, weight_decay=1.048e-06
  -> MRR@20=0.130800  best=0.130800  (early_stop@30, trial=32s, avg=34s/trial, total=34s, ETA=22.0min)
[TRIAL_METRICS] cur_best_mrr20=0.130800 cur_best_hr10=0.218900 cur_test_mrr20=0.097800 cur_test_hr10=0.171100 run_best_mrr20=0.130800 run_best_hr10=0.218900 run_test_mrr20=0.097800 run_test_hr10=0.171100

[2/40] dropout_prob=0.08406, hidden_dropout_prob=0.2273, learning_rate=0.005068, weight_decay=5.206e-06
  -> MRR@20=0.137100  best=0.137100  (early_stop@27, trial=27s, avg=31s/trial, total=1.0min, ETA=19.5min)
[TRIAL_METRICS] cur_best_mrr20=0.137100 cur_best_hr10=0.216200 cur_test_mrr20=0.101400 cur_test_hr10=0.172300 run_best_mrr20=0.137100 run_best_hr10=0.216200 run_test_mrr20=0.101400 run_test_hr10=0.172300

[3/40] dropout_prob=0.2873, hidden_dropout_prob=0.2666, learning_rate=0.008495, weight_decay=5.265e-06
  -> MRR@20=0.147800  best=0.147800  (early_stop@15, trial=16s, avg=26s/trial, total=1.3min, ETA=15.9min)
[TRIAL_METRICS] cur_best_mrr20=0.147800 cur_best_hr10=0.243200 cur_test_mrr20=0.116600 cur_test_hr10=0.201800 run_best_mrr20=0.147800 run_best_hr10=0.243200 run_test_mrr20=0.116600 run_test_hr10=0.201800

[4/40] dropout_prob=0.2881, hidden_dropout_prob=0.07769, learning_rate=0.006916, weight_decay=4.431e-06
  -> MRR@20=0.151600  best=0.151600  (early_stop@22, trial=22s, avg=25s/trial, total=1.7min, ETA=15.0min)
[TRIAL_METRICS] cur_best_mrr20=0.151600 cur_best_hr10=0.246900 cur_test_mrr20=0.110300 cur_test_hr10=0.197000 run_best_mrr20=0.151600 run_best_hr10=0.246900 run_test_mrr20=0.110300 run_test_hr10=0.197000

[5/40] dropout_prob=0.2462, hidden_dropout_prob=0.235, learning_rate=0.003926, weight_decay=2.235e-07
  -> MRR@20=0.141500  best=0.151600  (early_stop@26, trial=27s, avg=25s/trial, total=2.1min, ETA=14.8min)
[TRIAL_METRICS] cur_best_mrr20=0.141500 cur_best_hr10=0.237200 cur_test_mrr20=0.106800 cur_test_hr10=0.181100 run_best_mrr20=0.151600 run_best_hr10=0.246900 run_test_mrr20=0.110300 run_test_hr10=0.197000

[6/40] dropout_prob=0.3187, hidden_dropout_prob=0.003142, learning_rate=0.008674, weight_decay=1.603e-06
  -> MRR@20=0.148500  best=0.151600  (early_stop@18, trial=18s, avg=24s/trial, total=2.4min, ETA=13.8min)
[TRIAL_METRICS] cur_best_mrr20=0.148500 cur_best_hr10=0.247700 cur_test_mrr20=0.112700 cur_test_hr10=0.195400 run_best_mrr20=0.151600 run_best_hr10=0.246900 run_test_mrr20=0.110300 run_test_hr10=0.197000

[7/40] dropout_prob=0.2575, hidden_dropout_prob=0.1079, learning_rate=0.002449, weight_decay=1.655e-06
  -> MRR@20=0.142200  best=0.151600  (early_stop@29, trial=29s, avg=25s/trial, total=2.9min, ETA=13.7min)
[TRIAL_METRICS] cur_best_mrr20=0.142200 cur_best_hr10=0.231600 cur_test_mrr20=0.105000 cur_test_hr10=0.192600 run_best_mrr20=0.151600 run_best_hr10=0.246900 run_test_mrr20=0.110300 run_test_hr10=0.197000

[8/40] dropout_prob=0.1882, hidden_dropout_prob=0.1957, learning_rate=0.004687, weight_decay=4.642e-07
  -> MRR@20=0.140300  best=0.151600  (early_stop@22, trial=22s, avg=25s/trial, total=3.3min, ETA=13.2min)
[TRIAL_METRICS] cur_best_mrr20=0.140300 cur_best_hr10=0.230100 cur_test_mrr20=0.108100 cur_test_hr10=0.187500 run_best_mrr20=0.151600 run_best_hr10=0.246900 run_test_mrr20=0.110300 run_test_hr10=0.197000

[9/40] dropout_prob=0.2786, hidden_dropout_prob=0.1361, learning_rate=0.003992, weight_decay=1.552e-06
  -> MRR@20=0.142000  best=0.151600  (early_stop@29, trial=30s, avg=25s/trial, total=3.8min, ETA=13.1min)
[TRIAL_METRICS] cur_best_mrr20=0.142000 cur_best_hr10=0.239400 cur_test_mrr20=0.106400 cur_test_hr10=0.190600 run_best_mrr20=0.151600 run_best_hr10=0.246900 run_test_mrr20=0.110300 run_test_hr10=0.197000

[10/40] dropout_prob=0.08366, hidden_dropout_prob=0.2116, learning_rate=0.003429, weight_decay=7.153e-06
  -> MRR@20=0.135800  best=0.151600  (early_stop@28, trial=29s, avg=26s/trial, total=4.3min, ETA=12.8min)
[TRIAL_METRICS] cur_best_mrr20=0.135800 cur_best_hr10=0.223300 cur_test_mrr20=0.102900 cur_test_hr10=0.181900 run_best_mrr20=0.151600 run_best_hr10=0.246900 run_test_mrr20=0.110300 run_test_hr10=0.197000

[11/40] dropout_prob=0.1002, hidden_dropout_prob=0.06621, learning_rate=0.002915, weight_decay=2.586e-06
  -> MRR@20=0.134300  best=0.151600  (early_stop@29, trial=29s, avg=26s/trial, total=4.8min, ETA=12.6min)
[TRIAL_METRICS] cur_best_mrr20=0.134300 cur_best_hr10=0.219200 cur_test_mrr20=0.095700 cur_test_hr10=0.167900 run_best_mrr20=0.151600 run_best_hr10=0.246900 run_test_mrr20=0.110300 run_test_hr10=0.197000

[12/40] dropout_prob=0.1611, hidden_dropout_prob=0.168, learning_rate=0.009462, weight_decay=1.056e-06
  -> MRR@20=0.145800  best=0.151600  (early_stop@18, trial=18s, avg=25s/trial, total=5.1min, ETA=11.8min)
[TRIAL_METRICS] cur_best_mrr20=0.145800 cur_best_hr10=0.235300 cur_test_mrr20=0.105400 cur_test_hr10=0.187800 run_best_mrr20=0.151600 run_best_hr10=0.246900 run_test_mrr20=0.110300 run_test_hr10=0.197000

[13/40] dropout_prob=0.3049, hidden_dropout_prob=0.1545, learning_rate=0.01115, weight_decay=6.908e-07
  -> MRR@20=0.147500  best=0.151600  (early_stop@14, trial=14s, avg=25s/trial, total=5.3min, ETA=11.0min)
[TRIAL_METRICS] cur_best_mrr20=0.147500 cur_best_hr10=0.251800 cur_test_mrr20=0.117600 cur_test_hr10=0.210600 run_best_mrr20=0.151600 run_best_hr10=0.246900 run_test_mrr20=0.110300 run_test_hr10=0.197000

[14/40] dropout_prob=0.2635, hidden_dropout_prob=0.1102, learning_rate=0.003459, weight_decay=1.747e-06
  -> MRR@20=0.144700  best=0.151600  (early_stop@29, trial=31s, avg=25s/trial, total=5.8min, ETA=10.8min)
[TRIAL_METRICS] cur_best_mrr20=0.144700 cur_best_hr10=0.233800 cur_test_mrr20=0.109300 cur_test_hr10=0.188600 run_best_mrr20=0.151600 run_best_hr10=0.246900 run_test_mrr20=0.110300 run_test_hr10=0.197000

[15/40] dropout_prob=0.116, hidden_dropout_prob=0.09087, learning_rate=0.008433, weight_decay=1.99e-07
  -> MRR@20=0.139900  best=0.151600  (early_stop@15, trial=17s, avg=24s/trial, total=6.1min, ETA=10.2min)
[TRIAL_METRICS] cur_best_mrr20=0.139900 cur_best_hr10=0.237200 cur_test_mrr20=0.115000 cur_test_hr10=0.200200 run_best_mrr20=0.151600 run_best_hr10=0.246900 run_test_mrr20=0.110300 run_test_hr10=0.197000

[16/40] dropout_prob=0.3015, hidden_dropout_prob=0.1388, learning_rate=0.00568, weight_decay=2.625e-07
  -> MRR@20=0.141900  best=0.151600  (early_stop@21, trial=23s, avg=24s/trial, total=6.5min, ETA=9.8min)
[TRIAL_METRICS] cur_best_mrr20=0.141900 cur_best_hr10=0.229300 cur_test_mrr20=0.110100 cur_test_hr10=0.200600 run_best_mrr20=0.151600 run_best_hr10=0.246900 run_test_mrr20=0.110300 run_test_hr10=0.197000

[17/40] dropout_prob=0.08867, hidden_dropout_prob=0.2788, learning_rate=0.001035, weight_decay=1.436e-06
  -> MRR@20=0.125600  best=0.151600  (full@45, trial=49s, avg=26s/trial, total=7.3min, ETA=9.9min)
[TRIAL_METRICS] cur_best_mrr20=0.125600 cur_best_hr10=0.203900 cur_test_mrr20=0.090900 cur_test_hr10=0.163900 run_best_mrr20=0.151600 run_best_hr10=0.246900 run_test_mrr20=0.110300 run_test_hr10=0.197000

[18/40] dropout_prob=0.1594, hidden_dropout_prob=0.298, learning_rate=0.004808, weight_decay=1.856e-06
  -> MRR@20=0.139800  best=0.151600  (early_stop@22, trial=24s, avg=26s/trial, total=7.7min, ETA=9.4min)
[TRIAL_METRICS] cur_best_mrr20=0.139800 cur_best_hr10=0.228600 cur_test_mrr20=0.106100 cur_test_hr10=0.180300 run_best_mrr20=0.151600 run_best_hr10=0.246900 run_test_mrr20=0.110300 run_test_hr10=0.197000

[19/40] dropout_prob=0.2555, hidden_dropout_prob=0.1935, learning_rate=0.007808, weight_decay=2.281e-06
  -> MRR@20=0.142400  best=0.151600  (early_stop@19, trial=20s, avg=25s/trial, total=8.1min, ETA=8.9min)
[TRIAL_METRICS] cur_best_mrr20=0.142400 cur_best_hr10=0.237900 cur_test_mrr20=0.113100 cur_test_hr10=0.205400 run_best_mrr20=0.151600 run_best_hr10=0.246900 run_test_mrr20=0.110300 run_test_hr10=0.197000

[20/40] dropout_prob=0.09899, hidden_dropout_prob=0.09759, learning_rate=0.002961, weight_decay=2.027e-07
  -> MRR@20=0.135400  best=0.151600  (early_stop@29, trial=32s, avg=26s/trial, total=8.6min, ETA=8.6min)
[TRIAL_METRICS] cur_best_mrr20=0.135400 cur_best_hr10=0.223300 cur_test_mrr20=0.098300 cur_test_hr10=0.176300 run_best_mrr20=0.151600 run_best_hr10=0.246900 run_test_mrr20=0.110300 run_test_hr10=0.197000

[21/40] dropout_prob=0.2271, hidden_dropout_prob=0.0278, learning_rate=0.006469, weight_decay=9.792e-06
  -> MRR@20=0.148400  best=0.151600  (early_stop@22, trial=23s, avg=26s/trial, total=9.0min, ETA=8.1min)
[TRIAL_METRICS] cur_best_mrr20=0.148400 cur_best_hr10=0.245400 cur_test_mrr20=0.112600 cur_test_hr10=0.194600 run_best_mrr20=0.151600 run_best_hr10=0.246900 run_test_mrr20=0.110300 run_test_hr10=0.197000

[22/40] dropout_prob=0.3175, hidden_dropout_prob=0.01821, learning_rate=0.006626, weight_decay=3.234e-06
  -> MRR@20=0.149100  best=0.151600  (early_stop@22, trial=23s, avg=26s/trial, total=9.4min, ETA=7.7min)
[TRIAL_METRICS] cur_best_mrr20=0.149100 cur_best_hr10=0.246500 cur_test_mrr20=0.112700 cur_test_hr10=0.198200 run_best_mrr20=0.151600 run_best_hr10=0.246900 run_test_mrr20=0.110300 run_test_hr10=0.197000

[23/40] dropout_prob=0.2204, hidden_dropout_prob=0.05232, learning_rate=0.01153, weight_decay=3.259e-06
  -> MRR@20=0.148000  best=0.151600  (early_stop@18, trial=19s, avg=25s/trial, total=9.7min, ETA=7.2min)
[TRIAL_METRICS] cur_best_mrr20=0.148000 cur_best_hr10=0.246200 cur_test_mrr20=0.112000 cur_test_hr10=0.195800 run_best_mrr20=0.151600 run_best_hr10=0.246900 run_test_mrr20=0.110300 run_test_hr10=0.197000

[24/40] dropout_prob=0.3122, hidden_dropout_prob=0.003286, learning_rate=0.00187, weight_decay=3.482e-06
  -> MRR@20=0.141600  best=0.151600  (early_stop@39, trial=41s, avg=26s/trial, total=10.4min, ETA=6.9min)
[TRIAL_METRICS] cur_best_mrr20=0.141600 cur_best_hr10=0.233800 cur_test_mrr20=0.103600 cur_test_hr10=0.188200 run_best_mrr20=0.151600 run_best_hr10=0.246900 run_test_mrr20=0.110300 run_test_hr10=0.197000

[25/40] dropout_prob=0.2868, hidden_dropout_prob=0.03558, learning_rate=0.006442, weight_decay=1.113e-07
  -> MRR@20=0.144100  best=0.151600  (early_stop@18, trial=19s, avg=26s/trial, total=10.7min, ETA=6.4min)
[TRIAL_METRICS] cur_best_mrr20=0.144100 cur_best_hr10=0.246500 cur_test_mrr20=0.116000 cur_test_hr10=0.205400 run_best_mrr20=0.151600 run_best_hr10=0.246900 run_test_mrr20=0.110300 run_test_hr10=0.197000

[26/40] dropout_prob=0.2294, hidden_dropout_prob=0.06371, learning_rate=0.001116, weight_decay=9.785e-06
  -> MRR@20=0.131000  best=0.151600  (full@45, trial=49s, avg=27s/trial, total=11.6min, ETA=6.2min)
[TRIAL_METRICS] cur_best_mrr20=0.131000 cur_best_hr10=0.227500 cur_test_mrr20=0.098400 cur_test_hr10=0.187800 run_best_mrr20=0.151600 run_best_hr10=0.246900 run_test_mrr20=0.110300 run_test_hr10=0.197000

[27/40] dropout_prob=0.1838, hidden_dropout_prob=0.02191, learning_rate=0.006856, weight_decay=4.405e-06
  -> MRR@20=0.143300  best=0.151600  (early_stop@18, trial=18s, avg=26s/trial, total=11.9min, ETA=5.7min)
[TRIAL_METRICS] cur_best_mrr20=0.143300 cur_best_hr10=0.241700 cur_test_mrr20=0.108200 cur_test_hr10=0.195800 run_best_mrr20=0.151600 run_best_hr10=0.246900 run_test_mrr20=0.110300 run_test_hr10=0.197000

[28/40] dropout_prob=0.318, hidden_dropout_prob=0.0762, learning_rate=0.01083, weight_decay=6.539e-06
  -> MRR@20=0.151800  best=0.151800  (early_stop@22, trial=23s, avg=26s/trial, total=12.2min, ETA=5.2min)
[TRIAL_METRICS] cur_best_mrr20=0.151800 cur_best_hr10=0.249200 cur_test_mrr20=0.111900 cur_test_hr10=0.196600 run_best_mrr20=0.151800 run_best_hr10=0.249200 run_test_mrr20=0.111900 run_test_hr10=0.196600

[29/40] dropout_prob=0.2725, hidden_dropout_prob=0.07883, learning_rate=0.00144, weight_decay=7.544e-06
  -> MRR@20=0.136900  best=0.151800  (full@45, trial=48s, avg=27s/trial, total=13.1min, ETA=5.0min)
[TRIAL_METRICS] cur_best_mrr20=0.136900 cur_best_hr10=0.228600 cur_test_mrr20=0.101800 cur_test_hr10=0.182300 run_best_mrr20=0.151800 run_best_hr10=0.249200 run_test_mrr20=0.111900 run_test_hr10=0.196600

[30/40] dropout_prob=0.2069, hidden_dropout_prob=0.1214, learning_rate=0.0116, weight_decay=7.843e-06
  -> MRR@20=0.152400  best=0.152400  (early_stop@15, trial=17s, avg=27s/trial, total=13.3min, ETA=4.4min)
[TRIAL_METRICS] cur_best_mrr20=0.152400 cur_best_hr10=0.252200 cur_test_mrr20=0.113100 cur_test_hr10=0.203400 run_best_mrr20=0.152400 run_best_hr10=0.252200 run_test_mrr20=0.113100 run_test_hr10=0.203400

[31/40] dropout_prob=0.1401, hidden_dropout_prob=0.1221, learning_rate=0.01178, weight_decay=7.568e-06
  -> MRR@20=0.149700  best=0.152400  (early_stop@15, trial=17s, avg=26s/trial, total=13.6min, ETA=4.0min)
[TRIAL_METRICS] cur_best_mrr20=0.149700 cur_best_hr10=0.247700 cur_test_mrr20=0.116200 cur_test_hr10=0.193800 run_best_mrr20=0.152400 run_best_hr10=0.252200 run_test_mrr20=0.113100 run_test_hr10=0.203400

[32/40] dropout_prob=0.2077, hidden_dropout_prob=0.1629, learning_rate=0.0007591, weight_decay=6.472e-06
  -> MRR@20=0.012000  best=0.152400  (early_stop@9, trial=9s, avg=26s/trial, total=13.8min, ETA=3.4min)
[TRIAL_METRICS] cur_best_mrr20=0.012000 cur_best_hr10=0.023600 cur_test_mrr20=0.012500 cur_test_hr10=0.025200 run_best_mrr20=0.152400 run_best_hr10=0.252200 run_test_mrr20=0.113100 run_test_hr10=0.203400

[33/40] dropout_prob=0.1335, hidden_dropout_prob=0.1791, learning_rate=0.01044, weight_decay=9.688e-06
  -> MRR@20=0.147100  best=0.152400  (early_stop@15, trial=17s, avg=26s/trial, total=14.1min, ETA=3.0min)
[TRIAL_METRICS] cur_best_mrr20=0.147100 cur_best_hr10=0.243500 cur_test_mrr20=0.112400 cur_test_hr10=0.191800 run_best_mrr20=0.152400 run_best_hr10=0.252200 run_test_mrr20=0.113100 run_test_hr10=0.203400

[34/40] dropout_prob=0.1797, hidden_dropout_prob=0.04683, learning_rate=0.00203, weight_decay=5.265e-06
  -> MRR@20=0.140200  best=0.152400  (early_stop@37, trial=39s, avg=26s/trial, total=14.7min, ETA=2.6min)
[TRIAL_METRICS] cur_best_mrr20=0.140200 cur_best_hr10=0.229300 cur_test_mrr20=0.102100 cur_test_hr10=0.180300 run_best_mrr20=0.152400 run_best_hr10=0.252200 run_test_mrr20=0.113100 run_test_hr10=0.203400

[35/40] dropout_prob=0.2409, hidden_dropout_prob=0.1249, learning_rate=0.00964, weight_decay=7.196e-07
  -> MRR@20=0.149700  best=0.152400  (early_stop@15, trial=16s, avg=26s/trial, total=15.0min, ETA=2.1min)
[TRIAL_METRICS] cur_best_mrr20=0.149700 cur_best_hr10=0.247300 cur_test_mrr20=0.110200 cur_test_hr10=0.194600 run_best_mrr20=0.152400 run_best_hr10=0.252200 run_test_mrr20=0.113100 run_test_hr10=0.203400

[36/40] dropout_prob=0.1623, hidden_dropout_prob=0.08407, learning_rate=0.007655, weight_decay=4.553e-06
  -> MRR@20=0.141200  best=0.152400  (early_stop@19, trial=20s, avg=26s/trial, total=15.3min, ETA=1.7min)
[TRIAL_METRICS] cur_best_mrr20=0.141200 cur_best_hr10=0.235300 cur_test_mrr20=0.107300 cur_test_hr10=0.186300 run_best_mrr20=0.152400 run_best_hr10=0.252200 run_test_mrr20=0.113100 run_test_hr10=0.203400

[37/40] dropout_prob=0.2062, hidden_dropout_prob=0.142, learning_rate=0.005342, weight_decay=2.449e-06
  -> MRR@20=0.144000  best=0.152400  (early_stop@22, trial=23s, avg=26s/trial, total=15.7min, ETA=1.3min)
[TRIAL_METRICS] cur_best_mrr20=0.144000 cur_best_hr10=0.240900 cur_test_mrr20=0.107000 cur_test_hr10=0.190600 run_best_mrr20=0.152400 run_best_hr10=0.252200 run_test_mrr20=0.113100 run_test_hr10=0.203400

[38/40] dropout_prob=0.2442, hidden_dropout_prob=0.2372, learning_rate=0.00417, weight_decay=3.922e-07
  -> MRR@20=0.141700  best=0.152400  (early_stop@21, trial=23s, avg=25s/trial, total=16.1min, ETA=51s)
[TRIAL_METRICS] cur_best_mrr20=0.141700 cur_best_hr10=0.231600 cur_test_mrr20=0.109800 cur_test_hr10=0.190200 run_best_mrr20=0.152400 run_best_hr10=0.252200 run_test_mrr20=0.113100 run_test_hr10=0.203400

[39/40] dropout_prob=0.1961, hidden_dropout_prob=0.1015, learning_rate=0.009741, weight_decay=9.422e-07
  -> MRR@20=0.143900  best=0.152400  (early_stop@14, trial=15s, avg=25s/trial, total=16.4min, ETA=25s)
[TRIAL_METRICS] cur_best_mrr20=0.143900 cur_best_hr10=0.246500 cur_test_mrr20=0.111600 cur_test_hr10=0.192200 run_best_mrr20=0.152400 run_best_hr10=0.252200 run_test_mrr20=0.113100 run_test_hr10=0.203400

[40/40] dropout_prob=0.1237, hidden_dropout_prob=0.1199, learning_rate=0.002239, weight_decay=6.157e-06
  -> MRR@20=0.134000  best=0.152400  (early_stop@30, trial=32s, avg=25s/trial, total=16.9min, ETA=0s)
[TRIAL_METRICS] cur_best_mrr20=0.134000 cur_best_hr10=0.227800 cur_test_mrr20=0.102700 cur_test_hr10=0.179100 run_best_mrr20=0.152400 run_best_hr10=0.252200 run_test_mrr20=0.113100 run_test_hr10=0.203400

=================================================================
  DONE  |  GRU4Rec x foursquare
  Best MRR@20 = 0.152400  |  40/40 trials OK
  Best HR@10  = 0.252200
  Test MRR@20 = 0.113100  (best-valid checkpoint)
  Test HR@10  = 0.203400  (best-valid checkpoint)
[RUN_METRICS] best_valid_mrr20=0.152400 best_valid_hr10=0.252200 test_mrr20=0.113100 test_hr10=0.203400
  Total time: 16.9 min
  Best params:
    dropout_prob: 0.206899
    hidden_dropout_prob: 0.12144
    learning_rate: 0.0115994
    weight_decay: 7.843e-06
  Results -> /workspace/FeaturedMoE/experiments/run/artifacts/results/baseline_2/foursquare_GRU4Rec_abcd_v2_lean_b_dfoursquare_mgru4rec_a005_l04_s1_20260414_135559_908162_pid1044197.json
  Normal mirror -> /workspace/FeaturedMoE/experiments/run/artifacts/results/baseline_2/normal/abcd_v2_lean/ABCD/foursquare/GRU4Rec/foursquare_GRU4Rec_abcd_v2_lean_b_dfoursquare_mgru4rec_a005_l04_s1_20260414_135559_908162_pid1044197.json
  Special result -> /workspace/FeaturedMoE/experiments/run/artifacts/results/baseline_2/special/abcd_v2_lean/ABCD/foursquare/GRU4Rec/foursquare_GRU4Rec_abcd_v2_lean_b_dfoursquare_mgru4rec_a005_l04_s1_20260414_135559_908162_pid1044197_special_metrics.json
  Special log -> /workspace/FeaturedMoE/experiments/run/artifacts/logs/baseline_2/special/abcd_v2_lean/ABCD/foursquare/GRU4Rec/foursquare_GRU4Rec_abcd_v2_lean_b_dfoursquare_mgru4rec_a005_l04_s1_20260414_135559_908162_pid1044197_special_metrics.json
=================================================================

[RUN_STATUS] END status=normal pid=1044197 start=2026-04-14T13:55:59 end=2026-04-14T14:12:54
