[FMOE_N4_CROSS_DATASET_A12_PORTFOLIO_SETTING_HEADER]
run_phase=P4XD_XD_BEAUTY_B26_LR_H6_DIMWIDE_SEEN_S1 exp_brief=A12_ATTN_MICRO_BEFORE_NO_BIAS_ALL_W5 phase_id=P4XD axis_id=N4XDA12 setting_id=B26_lr_h6_dimwide_seen hparam_id= seed=1
desc=B26_lr_h6_dimwide_seen
dataset=beauty gpu=1 order=2
max_evals=24 tune_epochs=100 tune_patience=10
seed=264001

[COMMAND]
- /venv/FMoE/bin/python hyperopt_tune.py --config-name config --search-algo tpe --max-evals 24 --tune-epochs 100 --tune-patience 10 --seed 264001 --run-group fmoe_n4 --run-axis CrossDataset_A12_Portfolio --run-phase P4XD_XD_BEAUTY_B26_LR_H6_DIMWIDE_SEEN_S1 model=featured_moe_n3_tune dataset=beauty eval_mode=session_fixed feature_mode=full_v3 ++eval_sampling.mode=full ++eval_sampling.auto_full_threshold=999999999 ++special_logging=true ++exclude_unseen_target_from_main_eval=true ++log_unseen_target_metrics=true gpu_id=1 log_wandb=false enable_tf32=true fmoe_debug_logging=false fmoe_diag_logging=true fmoe_special_logging=true fmoe_feature_ablation_logging=false fmoe_eval_logging_timing=final_only ++fmoe_logging_output_root="run/artifacts/logging" ++fmoe_logging_layout="axis_dataset_arch_hparam" ++fmoe_architecture_id="A12" ++fmoe_architecture_key="A12_ATTN_MICRO_BEFORE_NO_BIAS_ALL_W5" ++fmoe_hparam_id="H6" ++fmoe_phase="P4XD" train_batch_size=3584 eval_batch_size=4608 ++phase_run_type="stage1" ++phase_axis_id="N4XDA12" ++phase_axis_desc="cross_dataset_a12_portfolio" ++phase_setting_id="B26_lr_h6_dimwide_seen" ++phase_setting_key="B26_lr_h6_dimwide_seen" ++phase_hparam_id="H6" ++phase_seed_id=1 ++phase_run_id="XD_BEAUTY_B26_LR_H6_DIMWIDE_SEEN_S1" ++layer_layout=["attn","macro_ffn","mid_ffn","attn","micro_ffn"] ++stage_compute_mode={macro:"moe",mid:"moe",micro:"moe"} ++stage_router_mode={macro:"learned",mid:"learned",micro:"learned"} ++stage_router_source={macro:"both",mid:"both",micro:"both"} ++stage_feature_injection={macro:"none",mid:"none",micro:"none"} ++topk_scope_mode="global_flat" ++moe_top_k=0 ++balance_loss_lambda=0.0 ++z_loss_lambda=0.0001 ++gate_entropy_lambda=0.0 ++route_smoothness_lambda=0.0 ++route_consistency_lambda=0.0005 ++route_sharpness_lambda=0.0 ++route_monopoly_lambda=0.0 ++route_monopoly_tau=0.25 ++route_prior_lambda=0.0 ++group_prior_align_lambda=0.0 ++factored_group_balance_lambda=0.0 ++rule_agreement_lambda=0.0 ++group_coverage_lambda=0.0 ++feature_group_bias_lambda=0.0 ++rule_bias_scale=0.0 ++primitive_balance_lambda=0.0 ++wrapper_group_feature_align_lambda=0.0 ++stage_router_primitives={macro:{a_joint:{source:"feature",temperature:1.0,top_k:0},b_group:{source:"feature",temperature:1.0,top_k:0},c_shared:{source:"feature",temperature:1.0,top_k:0},d_cond:{source:"feature",temperature:1.0,top_k:0},e_scalar:{source:"feature",temperature:1.0,top_k:0},wrapper:{alpha_d:1.0,alpha_struct:1.0,alpha_a:1.0}},mid:{a_joint:{source:"feature",temperature:1.0,top_k:0},b_group:{source:"feature",temperature:1.0,top_k:0},c_shared:{source:"feature",temperature:1.0,top_k:0},d_cond:{source:"feature",temperature:1.0,top_k:0},e_scalar:{source:"feature",temperature:1.0,top_k:0},wrapper:{alpha_d:1.0,alpha_struct:1.0,alpha_a:1.0}},micro:{a_joint:{source:"feature",temperature:1.0,top_k:0},b_group:{source:"feature",temperature:1.0,top_k:0},c_shared:{source:"feature",temperature:1.0,top_k:0},d_cond:{source:"feature",temperature:1.0,top_k:0},e_scalar:{source:"feature",temperature:1.0,top_k:0},wrapper:{alpha_d:1.0,alpha_struct:1.0,alpha_a:1.0}}} ++stage_router_wrapper={macro:"w5_exd",mid:"w5_exd",micro:"w5_exd"} ++stage_router_granularity={macro:"session",mid:"session",micro:"token"} ++macro_history_window=5 ++route_consistency_pairs=1 ++route_consistency_min_sim=0.995 ++bias_mode="none" ++stage_family_dropout_prob={macro:0.03,mid:0.03,micro:0.03} ++stage_feature_dropout_prob={macro:0.0,mid:0.0,micro:0.0} ++stage_feature_dropout_scope={macro:"token",mid:"token",micro:"token"} ++embedding_size=144 ++d_ff=288 ++d_expert_hidden=144 ++d_router_hidden=72 ++MAX_ITEM_LIST_LENGTH=20 ++d_feat_emb=12 ++expert_scale=2 ++lr_scheduler_type="warmup_cosine" ++num_heads=4 ++search.learning_rate=[0.0002,0.008] ++search_space_type_overrides.learning_rate=loguniform ++search.hidden_dropout_prob=[0.16,0.18] ++search_space_type_overrides.hidden_dropout_prob=choice ++search.attn_dropout_prob=[0.08] ++search_space_type_overrides.attn_dropout_prob=choice ++search.weight_decay=[1.875e-07] ++search_space_type_overrides.weight_decay=choice ++search.MAX_ITEM_LIST_LENGTH=[20,30] ++search_space_type_overrides.MAX_ITEM_LIST_LENGTH=choice ++search.d_feat_emb=[12,16] ++search_space_type_overrides.d_feat_emb=choice ++search.expert_scale=[2,3] ++search_space_type_overrides.expert_scale=choice
/venv/FMoE/lib/python3.10/site-packages/ray/_private/parameter.py:4: UserWarning: pkg_resources is deprecated as an API. See https://setuptools.pypa.io/en/latest/pkg_resources.html. The pkg_resources package is slated for removal as early as 2025-11-30. Refrain from using this package or pin to Setuptools<81.
  import pkg_resources
[RUN_STATUS] START pid=244351 ts=2026-04-16T03:02:00

=================================================================
  Hyperopt  |  FeaturedMoE_N3 x beauty
  max_evals=24  epochs=100  patience=10  wandb=off
  search_algo=tpe
  batch_size(train/valid/test)=3584/4608/4608
  track=fmoe_n4  axis=crossdataset_a12_portfolio  phase=P4XD_XD_BEAUTY_B26_LR_H6_DIMWIDE_SEEN_S1
=================================================================
Changed knobs: MAX_ITEM_LIST_LENGTH, d_feat_emb, expert_scale, hidden_dropout_prob, learning_rate
Tuned params(len>1): 5  (~16 discrete combos)
Tuned groups: 5
  [optimization]
    hidden_dropout_prob             [0.16, 0.18]                              -> choice
    learning_rate                   [0.0002, 0.008]                           -> loguniform
  [model_core]
    d_feat_emb                      [12, 16]                                  -> choice
    expert_scale                    [2, 3]                                    -> choice
  [other]
    MAX_ITEM_LIST_LENGTH            [20, 30]                                  -> choice
Fixed params(singleton/non-list): 2
Fixed groups: 2
  [optimization]
    weight_decay                    1.875e-07                               
  [model_core]
    attn_dropout_prob               0.08                                    

[Wandb] disabled for this hyperopt run

[1/24] MAX_ITEM_LIST_LENGTH=20, d_feat_emb=16, expert_scale=3, hidden_dropout_prob=0.18, learning_rate=0.0008533
  -> MRR@20=0.070600  best=0.070600  (early_stop@47, trial=1.2min, avg=1.3min/trial, total=1.3min, ETA=29.9min)
[TRIAL_METRICS] cur_best_mrr20=0.070600 cur_best_hr10=0.135500 cur_test_mrr20=0.074200 cur_test_hr10=0.138200 run_best_mrr20=0.070600 run_best_hr10=0.135500 run_test_mrr20=0.074200 run_test_hr10=0.138200

[2/24] MAX_ITEM_LIST_LENGTH=30, d_feat_emb=12, expert_scale=3, hidden_dropout_prob=0.16, learning_rate=0.001469
  -> MRR@20=0.065400  best=0.070600  (early_stop@25, trial=47s, avg=1.0min/trial, total=2.1min, ETA=22.9min)
[TRIAL_METRICS] cur_best_mrr20=0.065400 cur_best_hr10=0.137900 cur_test_mrr20=0.064500 cur_test_hr10=0.142900 run_best_mrr20=0.070600 run_best_hr10=0.135500 run_test_mrr20=0.074200 run_test_hr10=0.138200

[3/24] MAX_ITEM_LIST_LENGTH=30, d_feat_emb=16, expert_scale=2, hidden_dropout_prob=0.16, learning_rate=0.0002981
  -> MRR@20=0.056000  best=0.070600  (early_stop@59, trial=1.6min, avg=1.2min/trial, total=3.7min, ETA=25.8min)
[TRIAL_METRICS] cur_best_mrr20=0.056000 cur_best_hr10=0.123800 cur_test_mrr20=0.048500 cur_test_hr10=0.135800 run_best_mrr20=0.070600 run_best_hr10=0.135500 run_test_mrr20=0.074200 run_test_hr10=0.138200

[4/24] MAX_ITEM_LIST_LENGTH=30, d_feat_emb=16, expert_scale=2, hidden_dropout_prob=0.16, learning_rate=0.0002774
  -> MRR@20=0.061000  best=0.070600  (early_stop@93, trial=2.4min, avg=1.5min/trial, total=6.1min, ETA=30.6min)
[TRIAL_METRICS] cur_best_mrr20=0.061000 cur_best_hr10=0.135500 cur_test_mrr20=0.053300 cur_test_hr10=0.135800 run_best_mrr20=0.070600 run_best_hr10=0.135500 run_test_mrr20=0.074200 run_test_hr10=0.138200

[5/24] MAX_ITEM_LIST_LENGTH=20, d_feat_emb=16, expert_scale=2, hidden_dropout_prob=0.18, learning_rate=0.0004594
  -> MRR@20=0.065200  best=0.070600  (early_stop@79, trial=1.8min, avg=1.6min/trial, total=8.0min, ETA=30.2min)
[TRIAL_METRICS] cur_best_mrr20=0.065200 cur_best_hr10=0.112100 cur_test_mrr20=0.060700 cur_test_hr10=0.135800 run_best_mrr20=0.070600 run_best_hr10=0.135500 run_test_mrr20=0.074200 run_test_hr10=0.138200

[6/24] MAX_ITEM_LIST_LENGTH=20, d_feat_emb=12, expert_scale=2, hidden_dropout_prob=0.18, learning_rate=0.0008279
  -> MRR@20=0.070700  best=0.070700  (early_stop@53, trial=1.2min, avg=1.5min/trial, total=9.2min, ETA=27.5min)
[TRIAL_METRICS] cur_best_mrr20=0.070700 cur_best_hr10=0.130800 cur_test_mrr20=0.076900 cur_test_hr10=0.154600 run_best_mrr20=0.070700 run_best_hr10=0.130800 run_test_mrr20=0.076900 run_test_hr10=0.154600

[7/24] MAX_ITEM_LIST_LENGTH=20, d_feat_emb=12, expert_scale=3, hidden_dropout_prob=0.18, learning_rate=0.0004628
  -> MRR@20=0.067900  best=0.070700  (early_stop@79, trial=2.0min, avg=1.6min/trial, total=11.2min, ETA=27.2min)
[TRIAL_METRICS] cur_best_mrr20=0.067900 cur_best_hr10=0.130800 cur_test_mrr20=0.072200 cur_test_hr10=0.126500 run_best_mrr20=0.070700 run_best_hr10=0.130800 run_test_mrr20=0.076900 run_test_hr10=0.154600

[8/24] MAX_ITEM_LIST_LENGTH=20, d_feat_emb=16, expert_scale=3, hidden_dropout_prob=0.18, learning_rate=0.001763
  -> MRR@20=0.069100  best=0.070700  (early_stop@41, trial=1.0min, avg=1.5min/trial, total=12.2min, ETA=24.5min)
[TRIAL_METRICS] cur_best_mrr20=0.069100 cur_best_hr10=0.128500 cur_test_mrr20=0.068200 cur_test_hr10=0.119400 run_best_mrr20=0.070700 run_best_hr10=0.130800 run_test_mrr20=0.076900 run_test_hr10=0.154600

[9/24] MAX_ITEM_LIST_LENGTH=20, d_feat_emb=16, expert_scale=3, hidden_dropout_prob=0.16, learning_rate=0.0002733
  -> MRR@20=0.060200  best=0.070700  (early_stop@88, trial=2.2min, avg=1.6min/trial, total=14.5min, ETA=24.1min)
[TRIAL_METRICS] cur_best_mrr20=0.060200 cur_best_hr10=0.133200 cur_test_mrr20=0.056100 cur_test_hr10=0.138200 run_best_mrr20=0.070700 run_best_hr10=0.130800 run_test_mrr20=0.076900 run_test_hr10=0.154600

[10/24] MAX_ITEM_LIST_LENGTH=20, d_feat_emb=12, expert_scale=2, hidden_dropout_prob=0.16, learning_rate=0.0003985
  -> MRR@20=0.058400  best=0.070700  (early_stop@60, trial=1.4min, avg=1.6min/trial, total=15.9min, ETA=22.3min)
[TRIAL_METRICS] cur_best_mrr20=0.058400 cur_best_hr10=0.119200 cur_test_mrr20=0.055300 cur_test_hr10=0.138200 run_best_mrr20=0.070700 run_best_hr10=0.130800 run_test_mrr20=0.076900 run_test_hr10=0.154600

[11/24] MAX_ITEM_LIST_LENGTH=30, d_feat_emb=16, expert_scale=2, hidden_dropout_prob=0.16, learning_rate=0.0009085
  -> MRR@20=0.063400  best=0.070700  (early_stop@36, trial=57s, avg=1.5min/trial, total=16.9min, ETA=20.0min)
[TRIAL_METRICS] cur_best_mrr20=0.063400 cur_best_hr10=0.142500 cur_test_mrr20=0.050500 cur_test_hr10=0.142900 run_best_mrr20=0.070700 run_best_hr10=0.130800 run_test_mrr20=0.076900 run_test_hr10=0.154600

[12/24] MAX_ITEM_LIST_LENGTH=30, d_feat_emb=16, expert_scale=3, hidden_dropout_prob=0.16, learning_rate=0.0006342
  -> MRR@20=0.054300  best=0.070700  (early_stop@39, trial=1.2min, avg=1.5min/trial, total=18.1min, ETA=18.1min)
[TRIAL_METRICS] cur_best_mrr20=0.054300 cur_best_hr10=0.135500 cur_test_mrr20=0.050900 cur_test_hr10=0.140500 run_best_mrr20=0.070700 run_best_hr10=0.130800 run_test_mrr20=0.076900 run_test_hr10=0.154600

[13/24] MAX_ITEM_LIST_LENGTH=20, d_feat_emb=16, expert_scale=2, hidden_dropout_prob=0.16, learning_rate=0.0007696
  -> MRR@20=0.068000  best=0.070700  (early_stop@53, trial=1.2min, avg=1.5min/trial, total=19.3min, ETA=16.4min)
[TRIAL_METRICS] cur_best_mrr20=0.068000 cur_best_hr10=0.116800 cur_test_mrr20=0.071800 cur_test_hr10=0.133500 run_best_mrr20=0.070700 run_best_hr10=0.130800 run_test_mrr20=0.076900 run_test_hr10=0.154600

[14/24] MAX_ITEM_LIST_LENGTH=30, d_feat_emb=12, expert_scale=3, hidden_dropout_prob=0.16, learning_rate=0.005924
  -> MRR@20=0.055900  best=0.070700  (early_stop@26, trial=47s, avg=1.4min/trial, total=20.1min, ETA=14.4min)
[TRIAL_METRICS] cur_best_mrr20=0.055900 cur_best_hr10=0.100500 cur_test_mrr20=0.051500 cur_test_hr10=0.082000 run_best_mrr20=0.070700 run_best_hr10=0.130800 run_test_mrr20=0.076900 run_test_hr10=0.154600

[15/24] MAX_ITEM_LIST_LENGTH=20, d_feat_emb=12, expert_scale=3, hidden_dropout_prob=0.16, learning_rate=0.0004957
  -> MRR@20=0.068700  best=0.070700  (early_stop@87, trial=2.2min, avg=1.5min/trial, total=22.3min, ETA=13.4min)
[TRIAL_METRICS] cur_best_mrr20=0.068700 cur_best_hr10=0.126200 cur_test_mrr20=0.070400 cur_test_hr10=0.128800 run_best_mrr20=0.070700 run_best_hr10=0.130800 run_test_mrr20=0.076900 run_test_hr10=0.154600

[16/24] MAX_ITEM_LIST_LENGTH=30, d_feat_emb=12, expert_scale=2, hidden_dropout_prob=0.16, learning_rate=0.002005
  -> MRR@20=0.068200  best=0.070700  (early_stop@31, trial=49s, avg=1.4min/trial, total=23.2min, ETA=11.6min)
[TRIAL_METRICS] cur_best_mrr20=0.068200 cur_best_hr10=0.128500 cur_test_mrr20=0.069000 cur_test_hr10=0.140500 run_best_mrr20=0.070700 run_best_hr10=0.130800 run_test_mrr20=0.076900 run_test_hr10=0.154600

[17/24] MAX_ITEM_LIST_LENGTH=20, d_feat_emb=16, expert_scale=3, hidden_dropout_prob=0.18, learning_rate=0.007394
  -> MRR@20=0.062700  best=0.070700  (early_stop@21, trial=33s, avg=1.4min/trial, total=23.7min, ETA=9.8min)
[TRIAL_METRICS] cur_best_mrr20=0.062700 cur_best_hr10=0.126200 cur_test_mrr20=0.062600 cur_test_hr10=0.124100 run_best_mrr20=0.070700 run_best_hr10=0.130800 run_test_mrr20=0.076900 run_test_hr10=0.154600

[18/24] MAX_ITEM_LIST_LENGTH=20, d_feat_emb=12, expert_scale=2, hidden_dropout_prob=0.18, learning_rate=0.0003982
  -> MRR@20=0.062000  best=0.070700  (early_stop@59, trial=1.3min, avg=1.4min/trial, total=25.0min, ETA=8.3min)
[TRIAL_METRICS] cur_best_mrr20=0.062000 cur_best_hr10=0.126200 cur_test_mrr20=0.057000 cur_test_hr10=0.142900 run_best_mrr20=0.070700 run_best_hr10=0.130800 run_test_mrr20=0.076900 run_test_hr10=0.154600

[19/24] MAX_ITEM_LIST_LENGTH=30, d_feat_emb=16, expert_scale=2, hidden_dropout_prob=0.16, learning_rate=0.000672
  -> MRR@20=0.071000  best=0.071000  (early_stop@51, trial=1.3min, avg=1.4min/trial, total=26.4min, ETA=6.9min)
[TRIAL_METRICS] cur_best_mrr20=0.071000 cur_best_hr10=0.140200 cur_test_mrr20=0.073100 cur_test_hr10=0.147500 run_best_mrr20=0.071000 run_best_hr10=0.140200 run_test_mrr20=0.073100 run_test_hr10=0.147500

[20/24] MAX_ITEM_LIST_LENGTH=20, d_feat_emb=16, expert_scale=2, hidden_dropout_prob=0.16, learning_rate=0.0053
  -> MRR@20=0.059900  best=0.071000  (early_stop@21, trial=28s, avg=1.3min/trial, total=26.8min, ETA=5.4min)
[TRIAL_METRICS] cur_best_mrr20=0.059900 cur_best_hr10=0.114500 cur_test_mrr20=0.064700 cur_test_hr10=0.124100 run_best_mrr20=0.071000 run_best_hr10=0.140200 run_test_mrr20=0.073100 run_test_hr10=0.147500

[21/24] MAX_ITEM_LIST_LENGTH=30, d_feat_emb=12, expert_scale=2, hidden_dropout_prob=0.18, learning_rate=0.002975
  -> MRR@20=0.061600  best=0.071000  (early_stop@31, trial=46s, avg=1.3min/trial, total=27.6min, ETA=3.9min)
[TRIAL_METRICS] cur_best_mrr20=0.061600 cur_best_hr10=0.114500 cur_test_mrr20=0.062200 cur_test_hr10=0.107700 run_best_mrr20=0.071000 run_best_hr10=0.140200 run_test_mrr20=0.073100 run_test_hr10=0.147500

[22/24] MAX_ITEM_LIST_LENGTH=30, d_feat_emb=12, expert_scale=2, hidden_dropout_prob=0.18, learning_rate=0.001141
  -> MRR@20=0.064700  best=0.071000  (early_stop@31, trial=46s, avg=1.3min/trial, total=28.4min, ETA=2.6min)
[TRIAL_METRICS] cur_best_mrr20=0.064700 cur_best_hr10=0.130800 cur_test_mrr20=0.069800 cur_test_hr10=0.135800 run_best_mrr20=0.071000 run_best_hr10=0.140200 run_test_mrr20=0.073100 run_test_hr10=0.147500

[23/24] MAX_ITEM_LIST_LENGTH=30, d_feat_emb=12, expert_scale=2, hidden_dropout_prob=0.18, learning_rate=0.003344
  -> MRR@20=0.060100  best=0.071000  (early_stop@27, trial=39s, avg=1.3min/trial, total=29.1min, ETA=1.3min)
[TRIAL_METRICS] cur_best_mrr20=0.060100 cur_best_hr10=0.107500 cur_test_mrr20=0.063200 cur_test_hr10=0.117100 run_best_mrr20=0.071000 run_best_hr10=0.140200 run_test_mrr20=0.073100 run_test_hr10=0.147500

[24/24] MAX_ITEM_LIST_LENGTH=30, d_feat_emb=12, expert_scale=2, hidden_dropout_prob=0.18, learning_rate=0.001126
  -> MRR@20=0.064300  best=0.071000  (early_stop@31, trial=47s, avg=1.2min/trial, total=29.8min, ETA=0s)
[TRIAL_METRICS] cur_best_mrr20=0.064300 cur_best_hr10=0.128500 cur_test_mrr20=0.070000 cur_test_hr10=0.135800 run_best_mrr20=0.071000 run_best_hr10=0.140200 run_test_mrr20=0.073100 run_test_hr10=0.147500
[1;35mEvaluate   [0m:   0%|                                                            | 0/1 [00:00<?, ?it/s][0m[1;35mEvaluate   [0m:   0%|                                  | 0/1 [00:00<?, ?it/s, [1;33mGPU RAM: 12.21 G/23.56 G[0m][0m[1;35mEvaluate   [0m: 100%|██████████████████████████| 1/1 [00:00<00:00,  3.20it/s, [1;33mGPU RAM: 12.21 G/23.56 G[0m][0m                                                                                                    [1;35mEvaluate   [0m:   0%|                                                            | 0/1 [00:00<?, ?it/s][0m[1;35mEvaluate   [0m:   0%|                                  | 0/1 [00:00<?, ?it/s, [1;33mGPU RAM: 12.21 G/23.56 G[0m][0m[1;35mEvaluate   [0m: 100%|██████████████████████████| 1/1 [00:00<00:00,  3.28it/s, [1;33mGPU RAM: 12.21 G/23.56 G[0m][0m                                                                                                    [1;35mEvaluate   [0m:   0%|                                                            | 0/1 [00:00<?, ?it/s][0m[1;35mEvaluate   [0m:   0%|                                  | 0/1 [00:00<?, ?it/s, [1;33mGPU RAM: 12.21 G/23.56 G[0m][0m[1;35mEvaluate   [0m: 100%|██████████████████████████| 1/1 [00:00<00:00,  3.28it/s, [1;33mGPU RAM: 12.21 G/23.56 G[0m][0m                                                                                                    
=================================================================
  DONE  |  FeaturedMoE_N3 x beauty
  Best MRR@20 = 0.071000  |  24/24 trials OK
  Best HR@10  = 0.140200
  Test MRR@20 = 0.073100  (best-valid checkpoint)
  Test HR@10  = 0.147500  (best-valid checkpoint)
[RUN_METRICS] best_valid_mrr20=0.071000 best_valid_hr10=0.140200 test_mrr20=0.073100 test_hr10=0.147500
  Total time: 29.9 min
  Best params:
    MAX_ITEM_LIST_LENGTH: 30
    d_feat_emb: 16
    expert_scale: 2
    hidden_dropout_prob: 0.16
    learning_rate: 0.000672025
  Results -> /workspace/FeaturedMoE/experiments/run/artifacts/results/fmoe_n4/beauty_FeaturedMoE_N3_p4xd_xd_beauty_b26_lr_h6_dimwide_seen_s1_20260416_030201_001501_pid244351.json
  Normal mirror -> /workspace/FeaturedMoE/experiments/run/artifacts/results/fmoe_n4/normal/crossdataset_a12_portfolio/P4XD/beauty/FMoEN3/beauty_FeaturedMoE_N3_p4xd_xd_beauty_b26_lr_h6_dimwide_seen_s1_20260416_030201_001501_pid244351.json
  Special result -> /workspace/FeaturedMoE/experiments/run/artifacts/results/fmoe_n4/special/crossdataset_a12_portfolio/P4XD/beauty/FMoEN3/beauty_FeaturedMoE_N3_p4xd_xd_beauty_b26_lr_h6_dimwide_seen_s1_20260416_030201_001501_pid244351_special_metrics.json
  Special log -> /workspace/FeaturedMoE/experiments/run/artifacts/logs/fmoe_n4/special/crossdataset_a12_portfolio/P4XD/beauty/FMoEN3/beauty_FeaturedMoE_N3_p4xd_xd_beauty_b26_lr_h6_dimwide_seen_s1_20260416_030201_001501_pid244351_special_metrics.json
=================================================================

[RUN_STATUS] END status=normal pid=244351 start=2026-04-16T03:02:00 end=2026-04-16T03:31:53
