# condition=hidden_only  dataset=KuaiRec  new_arch=True
# router_use_feature=False → hidden state만으로 routing (핵심 비교)
# cmd=/venv/FMoE/bin/python hyperopt_tune.py --config-name tune_kuai_cikm --search-algo tpe --max-evals 1 --tune-epochs 100 --tune-patience 10 --seed 42 --run-group cikm --run-axis cikm_cue_perturb_train --run-phase P1-cue model=featured_moe_n3_tune dataset=KuaiRec eval_mode=session_fixed feature_mode=final ++dataset=KuaiRec ++dataset_root=/workspace/FeaturedMoE/Datasets/processed gpu_id=1 log_wandb=false show_progress=false ++seed=42 ++eval_sampling.mode=full ++eval_sampling.auto_full_threshold=999999999 ++exclude_unseen_target_from_main_eval=true ++search.learning_rate=0.001 ++search.weight_decay=0 ++MAX_ITEM_LIST_LENGTH=10 ++hidden_dropout_prob=0.1 ++search.hidden_dropout_prob=0.1 ++attn_dropout_prob=0.1 ++search.attn_dropout_prob=0.1 ++router_use_feature=false ++router_use_hidden=true ++search.router_use_feature=false ++search.router_use_hidden=true

[RUN_STATUS] START pid=868176 ts=2026-05-11T17:43:09

=================================================================
  Hyperopt  |  FeaturedMoE_N3 x KuaiRec
  max_evals=1  epochs=100  patience=10  wandb=off
  search_algo=tpe
  batch_size(train/valid/test)=2048/2048/2048
  track=cikm  axis=cikm_cue_perturb_train  phase=P1-cue
=================================================================
Changed knobs: (none; single-run mode)
Tuned params(len>1): 0  (~1 discrete combos)
Tuned groups: 0
  (none)
Fixed params(singleton/non-list): 6
Fixed groups: 6
  [optimization]
    hidden_dropout_prob             0.1                                     
    learning_rate                   0.001                                   
    weight_decay                    0                                       
  [model_core]
    attn_dropout_prob               0.1                                     
  [routing_moe]
    router_use_feature              False                                   
    router_use_hidden               True                                    

[Wandb] disabled for this hyperopt run

[1/1] (fixed-only run)
  -> MRR@20=0.016100  best=0.016100  (early_stop@22, trial=57.2min, avg=1.02h/trial, total=1.02h, ETA=0s)
[TRIAL_METRICS] cur_best_mrr20=0.016100 cur_best_hr10=0.030900 cur_test_mrr20=0.316100 cur_test_hr10=0.367900 avg_epoch_time_sec=155.7430 test_eval_time_sec=1.6920 test_eval_batches_per_sec=8.8651 test_eval_targets_per_sec=17298.1498 run_best_mrr20=0.016100 run_best_hr10=0.030900 run_test_mrr20=0.316100 run_test_hr10=0.367900

=================================================================
  DONE  |  FeaturedMoE_N3 x KuaiRec
  Best MRR@20 = 0.016100  |  1/1 trials OK
  Best HR@10  = 0.030900
  Test MRR@20 = 0.316100  (best-valid checkpoint)
  Test HR@10  = 0.367900  (best-valid checkpoint)
  Avg epoch time = 155.743 sec/epoch
  Final test eval = 1.692 sec | batches/s=8.865 | targets/s=17298.150
[RUN_METRICS] best_valid_mrr20=0.016100 best_valid_hr10=0.030900 test_mrr20=0.316100 test_hr10=0.367900 avg_epoch_time_sec=155.7430 test_eval_time_sec=1.6920 test_eval_batches_per_sec=8.8651 test_eval_targets_per_sec=17298.1498
  Total time: 61.5 min
  Best params:
  Results -> /workspace/FeaturedMoE/experiments/run/CIKM/exp_cue_perturb/artifacts/results/cikm/KuaiRec_FeaturedMoE_N3_p1-cue_20260511_174309_907447_pid868176.json
  Normal mirror -> /workspace/FeaturedMoE/experiments/run/CIKM/exp_cue_perturb/artifacts/results/cikm/normal/cikm_cue_perturb_train/P1-cue/KuaiRec/FMoEN3/KuaiRec_FeaturedMoE_N3_p1-cue_20260511_174309_907447_pid868176.json
  Special result -> /workspace/FeaturedMoE/experiments/run/CIKM/exp_cue_perturb/artifacts/results/cikm/special/cikm_cue_perturb_train/P1-cue/KuaiRec/FMoEN3/KuaiRec_FeaturedMoE_N3_p1-cue_20260511_174309_907447_pid868176_special_metrics.json
  Special log -> /workspace/FeaturedMoE/experiments/run/CIKM/exp_cue_perturb/artifacts/logs/cikm/special/cikm_cue_perturb_train/P1-cue/KuaiRec/FMoEN3/KuaiRec_FeaturedMoE_N3_p1-cue_20260511_174309_907447_pid868176_special_metrics.json
=================================================================

[RUN_STATUS] END status=normal pid=868176 start=2026-05-11T17:43:09 end=2026-05-11T18:44:42
