# pair=P035 dataset=foursquare model=bsarec combo=C1 seed=1
# cmd=/venv/FMoE/bin/python hyperopt_tune.py --config-name tune_fs --max-evals 6 --tune-epochs 70 --tune-patience 6 --search-algo random --seed 69 --run-group baseline_2 --run-axis PAIR60_V4 --run-phase PAIR60_V4_DFOURSQUARE_MBSAREC_P035_C1_S1 model=bsarec dataset=foursquare eval_mode=session_fixed feature_mode=full_v4 gpu_id=6 log_wandb=false show_progress=false ++seed=69 ++MAX_ITEM_LIST_LENGTH=50 ++eval_sampling.mode=full ++eval_sampling.auto_full_threshold=999999999 ++special_logging=true ++exclude_unseen_target_from_main_eval=true ++log_unseen_target_metrics=true ++hidden_size=112 ++embedding_size=112 ++n_layers=1 ++num_layers=1 ++n_heads=4 ++num_heads=4 ++inner_size=224 ++dropout_ratio=0.25 ++hidden_dropout_prob=0.25 ++attn_dropout_prob=0.25 ++weight_decay=0.0005 ++search={learning_rate:[0.00018585190676987957,0.0011151114406192772]} ++search_space_type_overrides={learning_rate:"loguniform"} ++search.MAX_ITEM_LIST_LENGTH=[50] ++search_space_type_overrides.MAX_ITEM_LIST_LENGTH=choice ++search.weight_decay=[0.0005] ++search_space_type_overrides.weight_decay=choice ++search.hidden_size=[112] ++search_space_type_overrides.hidden_size=choice ++search.embedding_size=[112] ++search_space_type_overrides.embedding_size=choice ++search.n_layers=[1] ++search_space_type_overrides.n_layers=choice ++search.num_layers=[1] ++search_space_type_overrides.num_layers=choice ++search.n_heads=[4] ++search_space_type_overrides.n_heads=choice ++search.num_heads=[4] ++search_space_type_overrides.num_heads=choice ++search.inner_size=[224] ++search_space_type_overrides.inner_size=choice ++search.dropout_ratio=[0.25] ++search_space_type_overrides.dropout_ratio=choice ++search.hidden_dropout_prob=[0.25] ++search_space_type_overrides.hidden_dropout_prob=choice ++search.attn_dropout_prob=[0.25] ++search_space_type_overrides.attn_dropout_prob=choice

/venv/FMoE/lib/python3.10/site-packages/ray/_private/parameter.py:4: UserWarning: pkg_resources is deprecated as an API. See https://setuptools.pypa.io/en/latest/pkg_resources.html. The pkg_resources package is slated for removal as early as 2025-11-30. Refrain from using this package or pin to Setuptools<81.
  import pkg_resources
[RUN_STATUS] START pid=1162450 ts=2026-04-15T07:29:32

=================================================================
  Hyperopt  |  BSARec x foursquare
  max_evals=6  epochs=70  patience=6  wandb=off
  search_algo=random
  batch_size(train/valid/test)=4096/4096/4096
  track=baseline_2  axis=pair60_v4  phase=PAIR60_V4_DFOURSQUARE_MBSAREC_P035_C1_S1
=================================================================
Changed knobs: learning_rate
Tuned params(len>1): 1  (~1 discrete combos)
Tuned groups: 1
  [optimization]
    learning_rate                   [0.00018585190676987957, 0.0011151114406192772]  -> loguniform
Fixed params(singleton/non-list): 12
Fixed groups: 12
  [optimization]
    hidden_dropout_prob             0.25                                    
    weight_decay                    0.0005                                  
  [model_core]
    attn_dropout_prob               0.25                                    
    dropout_ratio                   0.25                                    
    embedding_size                  112                                     
    hidden_size                     112                                     
    inner_size                      224                                     
    num_heads                       4                                       
    num_layers                      1                                       
  [other]
    MAX_ITEM_LIST_LENGTH            50                                      
    n_heads                         4                                       
    n_layers                        1                                       

[Wandb] disabled for this hyperopt run

[1/6] learning_rate=0.0002031
  -> MRR@20=0.000200  best=0.000200  (early_stop@12, trial=23s, avg=28s/trial, total=28s, ETA=2.3min)
[TRIAL_METRICS] cur_best_mrr20=0.000200 cur_best_hr10=0.001100 cur_test_mrr20=0.000000 cur_test_hr10=0.000000 run_best_mrr20=0.000200 run_best_hr10=0.001100 run_test_mrr20=0.000000 run_test_hr10=0.000000

[2/6] learning_rate=0.0008443
  -> MRR@20=0.095000  best=0.095000  (full@70, trial=2.2min, avg=1.3min/trial, total=2.7min, ETA=5.4min)
[TRIAL_METRICS] cur_best_mrr20=0.095000 cur_best_hr10=0.153000 cur_test_mrr20=0.077900 cur_test_hr10=0.132300 run_best_mrr20=0.095000 run_best_hr10=0.153000 run_test_mrr20=0.077900 run_test_hr10=0.132300

[3/6] learning_rate=0.000406
  -> MRR@20=0.000400  best=0.095000  (early_stop@10, trial=19s, avg=60s/trial, total=3.0min, ETA=3.0min)
[TRIAL_METRICS] cur_best_mrr20=0.000400 cur_best_hr10=0.001100 cur_test_mrr20=0.000200 cur_test_hr10=0.000800 run_best_mrr20=0.095000 run_best_hr10=0.153000 run_test_mrr20=0.077900 run_test_hr10=0.132300

[4/6] learning_rate=0.0002208
  -> MRR@20=0.000300  best=0.095000  (early_stop@12, trial=21s, avg=50s/trial, total=3.4min, ETA=1.7min)
[TRIAL_METRICS] cur_best_mrr20=0.000300 cur_best_hr10=0.001100 cur_test_mrr20=0.000000 cur_test_hr10=0.000000 run_best_mrr20=0.095000 run_best_hr10=0.153000 run_test_mrr20=0.077900 run_test_hr10=0.132300

[5/6] learning_rate=0.001023
  -> MRR@20=0.117500  best=0.117500  (full@70, trial=2.2min, avg=1.1min/trial, total=5.6min, ETA=1.1min)
[TRIAL_METRICS] cur_best_mrr20=0.117500 cur_best_hr10=0.187400 cur_test_mrr20=0.097200 cur_test_hr10=0.162700 run_best_mrr20=0.117500 run_best_hr10=0.187400 run_test_mrr20=0.097200 run_test_hr10=0.162700

[6/6] learning_rate=0.0005282
  -> MRR@20=0.002500  best=0.117500  (early_stop@23, trial=41s, avg=1.0min/trial, total=6.3min, ETA=0s)
[TRIAL_METRICS] cur_best_mrr20=0.002500 cur_best_hr10=0.004900 cur_test_mrr20=0.003100 cur_test_hr10=0.008400 run_best_mrr20=0.117500 run_best_hr10=0.187400 run_test_mrr20=0.097200 run_test_hr10=0.162700

=================================================================
  DONE  |  BSARec x foursquare
  Best MRR@20 = 0.117500  |  6/6 trials OK
  Best HR@10  = 0.187400
  Test MRR@20 = 0.097200  (best-valid checkpoint)
  Test HR@10  = 0.162700  (best-valid checkpoint)
[RUN_METRICS] best_valid_mrr20=0.117500 best_valid_hr10=0.187400 test_mrr20=0.097200 test_hr10=0.162700
  Total time: 6.3 min
  Best params:
    learning_rate: 0.00102292
  Results -> /workspace/FeaturedMoE/experiments/run/artifacts/results/baseline_2/foursquare_BSARec_pair60_v4_dfoursquare_mbsarec_p035_c1_s1_20260415_072933_133752_pid1162450.json
  Normal mirror -> /workspace/FeaturedMoE/experiments/run/artifacts/results/baseline_2/normal/pair60_v4/PAIR60/foursquare/BSARec/foursquare_BSARec_pair60_v4_dfoursquare_mbsarec_p035_c1_s1_20260415_072933_133752_pid1162450.json
  Special result -> /workspace/FeaturedMoE/experiments/run/artifacts/results/baseline_2/special/pair60_v4/PAIR60/foursquare/BSARec/foursquare_BSARec_pair60_v4_dfoursquare_mbsarec_p035_c1_s1_20260415_072933_133752_pid1162450_special_metrics.json
  Special log -> /workspace/FeaturedMoE/experiments/run/artifacts/logs/baseline_2/special/pair60_v4/PAIR60/foursquare/BSARec/foursquare_BSARec_pair60_v4_dfoursquare_mbsarec_p035_c1_s1_20260415_072933_133752_pid1162450_special_metrics.json
=================================================================

[RUN_STATUS] END status=normal pid=1162450 start=2026-04-15T07:29:32 end=2026-04-15T07:35:48
