# job_id=S1_BEAUTY_R12 dataset=beauty model=featured_moe_n3 stage=stage1
# cmd=/venv/FMoE/bin/python hyperopt_tune.py --config-name config --search-algo tpe --max-evals 20 --tune-epochs 100 --tune-patience 10 --seed 610016 --run-group final_experiment --run-axis stage1_broad_search --run-phase S1_BEAUTY_FEATURED_MOE_N3_R12 model=featured_moe_n3_tune dataset=beauty eval_mode=session_fixed feature_mode=full_v4 ++eval_sampling.mode=full ++eval_sampling.auto_full_threshold=999999999 ++special_logging=true ++exclude_unseen_target_from_main_eval=true ++log_unseen_target_metrics=true gpu_id=0 log_wandb=false enable_tf32=true fmoe_debug_logging=false fmoe_diag_logging=true fmoe_special_logging=true fmoe_feature_ablation_logging=false fmoe_eval_logging_timing=final_only ++fmoe_logging_output_root="run/artifacts/logging" ++fmoe_logging_layout="axis_dataset_arch_hparam" ++fmoe_architecture_id="A12" ++fmoe_architecture_key="A12_ATTN_MICRO_BEFORE_NO_BIAS_ALL_W5" ++fmoe_phase="STAGE1" ++phase_run_type="stage1" ++phase_axis_id="stage1_broad_search" ++phase_setting_id="R12" ++phase_hparam_id="H16" ++phase_seed_id=1 ++phase_run_id="S1_BEAUTY_R12" --max-run-hours 2 --oom-retry-limit 2 ++layer_layout=["attn","macro_ffn","mid_ffn","attn","micro_ffn"] ++stage_compute_mode={macro:"moe",mid:"moe",micro:"moe"} ++stage_router_mode={macro:"learned",mid:"learned",micro:"learned"} ++stage_router_source={macro:"both",mid:"both",micro:"both"} ++stage_feature_injection={macro:"none",mid:"none",micro:"none"} ++topk_scope_mode="global_flat" ++moe_top_k=0 ++balance_loss_lambda=0.0 ++z_loss_lambda=0.0 ++gate_entropy_lambda=0.0 ++route_smoothness_lambda=0.0 ++route_consistency_lambda=0.0 ++route_sharpness_lambda=0.0 ++route_monopoly_lambda=0.0 ++route_monopoly_tau=0.25 ++route_prior_lambda=0.0 ++group_prior_align_lambda=0.0 ++factored_group_balance_lambda=0.0 ++rule_agreement_lambda=0.0 ++group_coverage_lambda=0.0 ++feature_group_bias_lambda=0.0 ++rule_bias_scale=0.0 ++primitive_balance_lambda=0.0 ++wrapper_group_feature_align_lambda=0.0 ++stage_router_primitives={macro:{a_joint:{source:"feature",temperature:1.0,top_k:0},b_group:{source:"feature",temperature:1.0,top_k:0},c_shared:{source:"feature",temperature:1.0,top_k:0},d_cond:{source:"feature",temperature:1.0,top_k:0},e_scalar:{source:"feature",temperature:1.0,top_k:0},wrapper:{alpha_d:1.0,alpha_struct:1.0,alpha_a:1.0}},mid:{a_joint:{source:"feature",temperature:1.0,top_k:0},b_group:{source:"feature",temperature:1.0,top_k:0},c_shared:{source:"feature",temperature:1.0,top_k:0},d_cond:{source:"feature",temperature:1.0,top_k:0},e_scalar:{source:"feature",temperature:1.0,top_k:0},wrapper:{alpha_d:1.0,alpha_struct:1.0,alpha_a:1.0}},micro:{a_joint:{source:"feature",temperature:1.0,top_k:0},b_group:{source:"feature",temperature:1.0,top_k:0},c_shared:{source:"feature",temperature:1.0,top_k:0},d_cond:{source:"feature",temperature:1.0,top_k:0},e_scalar:{source:"feature",temperature:1.0,top_k:0},wrapper:{alpha_d:1.0,alpha_struct:1.0,alpha_a:1.0}}} ++stage_router_wrapper={macro:"w5_exd",mid:"w5_exd",micro:"w5_exd"} ++stage_router_granularity={macro:"session",mid:"session",micro:"token"} ++macro_history_window=5 ++route_consistency_pairs=1 ++route_consistency_min_sim=0.995 ++bias_mode="none" ++search.learning_rate=[0.00035731,0.00045018,0.0005672,0.00071462,0.00090037,0.00113439,0.00142924] ++search_space_type_overrides.learning_rate=choice ++search.weight_decay=[5e-07,1e-06,2e-06,5e-06] ++search_space_type_overrides.weight_decay=choice ++search.MAX_ITEM_LIST_LENGTH=[10,20,30] ++search_space_type_overrides.MAX_ITEM_LIST_LENGTH=choice ++search.expert_scale=[2,3,4] ++search_space_type_overrides.expert_scale=choice ++search.d_router_hidden=[32,64,96,128] ++search_space_type_overrides.d_router_hidden=choice ++search.stage_feature_dropout_prob=[0.0,0.03,0.05,0.1] ++search_space_type_overrides.stage_feature_dropout_prob=choice ++search.attn_dropout_prob=[0.05,0.08,0.1,0.12] ++search_space_type_overrides.attn_dropout_prob=choice ++search.route_consistency_lambda=[0.00025,0.0005,0.0008,0.0012] ++search_space_type_overrides.route_consistency_lambda=choice ++search.z_loss_lambda=[5e-05,0.0001,0.0002] ++search_space_type_overrides.z_loss_lambda=choice ++search.embedding_size=[144] ++search_space_type_overrides.embedding_size=choice ++search.hidden_size=[144] ++search_space_type_overrides.hidden_size=choice ++search.d_ff=[216] ++search_space_type_overrides.d_ff=choice ++search.d_expert_hidden=[216] ++search_space_type_overrides.d_expert_hidden=choice ++search.d_feat_emb=[16] ++search_space_type_overrides.d_feat_emb=choice ++search.hidden_dropout_prob=[0.2] ++search_space_type_overrides.hidden_dropout_prob=choice ++search.fixed_hidden_dropout_prob=[0.2] ++search_space_type_overrides.fixed_hidden_dropout_prob=choice ++search.stage_family_dropout_prob=[{macro:0.02,mid:0.02,micro:0.02}] ++search_space_type_overrides.stage_family_dropout_prob=choice ++search.router_feature_proj_dim=[0] ++search_space_type_overrides.router_feature_proj_dim=choice ++search.router_use_hidden=[true] ++search_space_type_overrides.router_use_hidden=choice ++search.router_use_feature=[true] ++search_space_type_overrides.router_use_feature=choice ++search.router_impl=["learned"] ++search_space_type_overrides.router_impl=choice ++search.lr_scheduler_type=["warmup_cosine"] ++search_space_type_overrides.lr_scheduler_type=choice

/venv/FMoE/lib/python3.10/site-packages/ray/_private/parameter.py:4: UserWarning: pkg_resources is deprecated as an API. See https://setuptools.pypa.io/en/latest/pkg_resources.html. The pkg_resources package is slated for removal as early as 2025-11-30. Refrain from using this package or pin to Setuptools<81.
  import pkg_resources
[RUN_STATUS] START pid=1608534 ts=2026-04-17T16:56:02
[UniqueChoice] enabled: dedupe/remap duplicates across 193536 finite combos

=================================================================
  Hyperopt  |  FeaturedMoE_N3 x beauty
  max_evals=20  epochs=100  patience=10  wandb=off
  search_algo=tpe
  max_run_hours=2.000  (stop launching new trials after current trial)
  oom_retry_limit=2  (halve train/eval batch size on OOM)
  batch_size(train/valid/test)=2048/2048/2048
  track=final_experiment  axis=stage1_broad_search  phase=S1_BEAUTY_FEATURED_MOE_N3_R12
=================================================================
Changed knobs: MAX_ITEM_LIST_LENGTH, attn_dropout_prob, d_router_hidden, expert_scale, learning_rate, route_consistency_lambda, stage_feature_dropout_prob, weight_decay, z_loss_lambda
Tuned params(len>1): 9  (~193536 discrete combos)
Tuned groups: 9
  [optimization]
    learning_rate                   [0.00035731, 0.00045018, 0.0005672, 0.00071462, 0.00090037, 0.00113439, 0.00142924]  -> choice
    weight_decay                    [5e-07, 1e-06, 2e-06, 5e-06]              -> choice
  [model_core]
    attn_dropout_prob               [0.05, 0.08, 0.1, 0.12]                   -> choice
    d_router_hidden                 [32, 64, 96, 128]                         -> choice
    expert_scale                    [2, 3, 4]                                 -> choice
    stage_feature_dropout_prob      [0.0, 0.03, 0.05, 0.1]                    -> choice
  [other]
    MAX_ITEM_LIST_LENGTH            [10, 20, 30]                              -> choice
    route_consistency_lambda        [0.00025, 0.0005, 0.0008, 0.0012]         -> choice
    z_loss_lambda                   [5e-05, 0.0001, 0.0002]                   -> choice
Fixed params(singleton/non-list): 13
Fixed groups: 13
  [optimization]
    hidden_dropout_prob             0.2                                     
  [model_core]
    d_expert_hidden                 216                                     
    d_feat_emb                      16                                      
    d_ff                            216                                     
    embedding_size                  144                                     
    fixed_hidden_dropout_prob       0.2                                     
    hidden_size                     144                                     
    stage_family_dropout_prob       {'macro': 0.02, 'mid': 0.02, 'micro': 0.02}
  [routing_moe]
    router_feature_proj_dim         0                                       
    router_impl                     learned                                 
    router_use_feature              True                                    
    router_use_hidden               True                                    
  [other]
    lr_scheduler_type               warmup_cosine                           

[Wandb] disabled for this hyperopt run

[1/20] MAX_ITEM_LIST_LENGTH=30, attn_dropout_prob=0.05, d_router_hidden=64, expert_scale=2, learning_rate=0.001134, route_consistency_lambda=0.0008, stage_feature_dropout_prob=0.1, weight_decay=5e-06, z_loss_lambda=5e-05
  -> MRR@20=0.066700  best=0.066700  (early_stop@29, trial=47s, avg=50s/trial, total=50s, ETA=15.9min)
[TRIAL_METRICS] cur_best_mrr20=0.066700 cur_best_hr10=0.148600 cur_test_mrr20=0.066600 cur_test_hr10=0.143300 avg_epoch_time_sec=1.5922 test_eval_time_sec=0.0532 test_eval_batches_per_sec=18.8106 test_eval_targets_per_sec=11229.9562 run_best_mrr20=0.066700 run_best_hr10=0.148600 run_test_mrr20=0.066600 run_test_hr10=0.143300

[2/20] MAX_ITEM_LIST_LENGTH=30, attn_dropout_prob=0.08, d_router_hidden=32, expert_scale=4, learning_rate=0.001429, route_consistency_lambda=0.00025, stage_feature_dropout_prob=0.03, weight_decay=5e-06, z_loss_lambda=0.0001
  -> MRR@20=0.065000  best=0.066700  (early_stop@24, trial=43s, avg=47s/trial, total=1.6min, ETA=14.1min)
[TRIAL_METRICS] cur_best_mrr20=0.065000 cur_best_hr10=0.136500 cur_test_mrr20=0.073100 cur_test_hr10=0.157600 avg_epoch_time_sec=1.7887 test_eval_time_sec=0.0568 test_eval_batches_per_sec=17.5990 test_eval_targets_per_sec=10506.6148 run_best_mrr20=0.066700 run_best_hr10=0.148600 run_test_mrr20=0.066600 run_test_hr10=0.143300

[3/20] MAX_ITEM_LIST_LENGTH=10, attn_dropout_prob=0.12, d_router_hidden=32, expert_scale=4, learning_rate=0.0003573, route_consistency_lambda=0.00025, stage_feature_dropout_prob=0.03, weight_decay=5e-06, z_loss_lambda=0.0001
  -> MRR@20=0.092300  best=0.092300  (early_stop@46, trial=1.1min, avg=54s/trial, total=2.7min, ETA=15.4min)
[TRIAL_METRICS] cur_best_mrr20=0.092300 cur_best_hr10=0.164700 cur_test_mrr20=0.062600 cur_test_hr10=0.140400 avg_epoch_time_sec=1.4898 test_eval_time_sec=0.0516 test_eval_batches_per_sec=19.3963 test_eval_targets_per_sec=11579.5632 run_best_mrr20=0.092300 run_best_hr10=0.164700 run_test_mrr20=0.062600 run_test_hr10=0.140400

[4/20] MAX_ITEM_LIST_LENGTH=10, attn_dropout_prob=0.05, d_router_hidden=32, expert_scale=3, learning_rate=0.001134, route_consistency_lambda=0.00025, stage_feature_dropout_prob=0.03, weight_decay=1e-06, z_loss_lambda=5e-05
  -> MRR@20=0.087700  best=0.092300  (early_stop@21, trial=28s, avg=48s/trial, total=3.2min, ETA=12.8min)
[TRIAL_METRICS] cur_best_mrr20=0.087700 cur_best_hr10=0.164700 cur_test_mrr20=0.056300 cur_test_hr10=0.131800 avg_epoch_time_sec=1.3298 test_eval_time_sec=0.0481 test_eval_batches_per_sec=20.7768 test_eval_targets_per_sec=12403.7741 run_best_mrr20=0.092300 run_best_hr10=0.164700 run_test_mrr20=0.062600 run_test_hr10=0.140400

[5/20] MAX_ITEM_LIST_LENGTH=10, attn_dropout_prob=0.1, d_router_hidden=96, expert_scale=4, learning_rate=0.0003573, route_consistency_lambda=0.0008, stage_feature_dropout_prob=0.05, weight_decay=2e-06, z_loss_lambda=0.0002
  -> MRR@20=0.089800  best=0.092300  (early_stop@50, trial=1.3min, avg=54s/trial, total=4.5min, ETA=13.4min)
[TRIAL_METRICS] cur_best_mrr20=0.089800 cur_best_hr10=0.162700 cur_test_mrr20=0.064700 cur_test_hr10=0.134700 avg_epoch_time_sec=1.5197 test_eval_time_sec=0.0501 test_eval_batches_per_sec=19.9507 test_eval_targets_per_sec=11910.5920 run_best_mrr20=0.092300 run_best_hr10=0.164700 run_test_mrr20=0.062600 run_test_hr10=0.140400

[6/20] MAX_ITEM_LIST_LENGTH=30, attn_dropout_prob=0.08, d_router_hidden=96, expert_scale=3, learning_rate=0.001134, route_consistency_lambda=0.0008, stage_feature_dropout_prob=0.05, weight_decay=5e-06, z_loss_lambda=5e-05
  -> MRR@20=0.071700  best=0.092300  (early_stop@32, trial=48s, avg=53s/trial, total=5.3min, ETA=12.3min)
[TRIAL_METRICS] cur_best_mrr20=0.071700 cur_best_hr10=0.156600 cur_test_mrr20=0.068100 cur_test_hr10=0.134700 avg_epoch_time_sec=1.5014 test_eval_time_sec=0.0516 test_eval_batches_per_sec=19.3928 test_eval_targets_per_sec=11577.4752 run_best_mrr20=0.092300 run_best_hr10=0.164700 run_test_mrr20=0.062600 run_test_hr10=0.140400

[7/20] MAX_ITEM_LIST_LENGTH=10, attn_dropout_prob=0.12, d_router_hidden=96, expert_scale=3, learning_rate=0.0009004, route_consistency_lambda=0.0012, stage_feature_dropout_prob=0, weight_decay=1e-06, z_loss_lambda=0.0002
  -> MRR@20=0.089200  best=0.092300  (early_stop@39, trial=56s, avg=54s/trial, total=6.2min, ETA=11.6min)
[TRIAL_METRICS] cur_best_mrr20=0.089200 cur_best_hr10=0.170700 cur_test_mrr20=0.072200 cur_test_hr10=0.140400 avg_epoch_time_sec=1.4402 test_eval_time_sec=0.0484 test_eval_batches_per_sec=20.6651 test_eval_targets_per_sec=12337.0391 run_best_mrr20=0.092300 run_best_hr10=0.164700 run_test_mrr20=0.062600 run_test_hr10=0.140400

[8/20] MAX_ITEM_LIST_LENGTH=10, attn_dropout_prob=0.08, d_router_hidden=32, expert_scale=4, learning_rate=0.0003573, route_consistency_lambda=0.0012, stage_feature_dropout_prob=0, weight_decay=1e-06, z_loss_lambda=0.0002
  -> MRR@20=0.092600  best=0.092600  (early_stop@43, trial=1.1min, avg=55s/trial, total=7.3min, ETA=11.0min)
[TRIAL_METRICS] cur_best_mrr20=0.092600 cur_best_hr10=0.170700 cur_test_mrr20=0.060200 cur_test_hr10=0.131800 avg_epoch_time_sec=1.4915 test_eval_time_sec=0.0492 test_eval_batches_per_sec=20.3105 test_eval_targets_per_sec=12125.3770 run_best_mrr20=0.092600 run_best_hr10=0.170700 run_test_mrr20=0.060200 run_test_hr10=0.131800

[9/20] MAX_ITEM_LIST_LENGTH=10, attn_dropout_prob=0.12, d_router_hidden=96, expert_scale=2, learning_rate=0.0007146, route_consistency_lambda=0.0012, stage_feature_dropout_prob=0.03, weight_decay=5e-07, z_loss_lambda=5e-05
  -> MRR@20=0.089600  best=0.092600  (early_stop@62, trial=1.4min, avg=58s/trial, total=8.8min, ETA=10.7min)
[TRIAL_METRICS] cur_best_mrr20=0.089600 cur_best_hr10=0.148600 cur_test_mrr20=0.070800 cur_test_hr10=0.146100 avg_epoch_time_sec=1.3756 test_eval_time_sec=0.0471 test_eval_batches_per_sec=21.2254 test_eval_targets_per_sec=12671.5492 run_best_mrr20=0.092600 run_best_hr10=0.170700 run_test_mrr20=0.060200 run_test_hr10=0.131800

[10/20] MAX_ITEM_LIST_LENGTH=20, attn_dropout_prob=0.08, d_router_hidden=32, expert_scale=4, learning_rate=0.0007146, route_consistency_lambda=0.0012, stage_feature_dropout_prob=0.03, weight_decay=2e-06, z_loss_lambda=0.0001
  -> MRR@20=0.073300  best=0.092600  (early_stop@29, trial=46s, avg=57s/trial, total=9.5min, ETA=9.5min)
[TRIAL_METRICS] cur_best_mrr20=0.073300 cur_best_hr10=0.168700 cur_test_mrr20=0.076400 cur_test_hr10=0.177700 avg_epoch_time_sec=1.5740 test_eval_time_sec=0.0514 test_eval_batches_per_sec=19.4585 test_eval_targets_per_sec=11616.7380 run_best_mrr20=0.092600 run_best_hr10=0.170700 run_test_mrr20=0.060200 run_test_hr10=0.131800

[11/20] MAX_ITEM_LIST_LENGTH=30, attn_dropout_prob=0.08, d_router_hidden=64, expert_scale=3, learning_rate=0.0007146, route_consistency_lambda=0.0012, stage_feature_dropout_prob=0, weight_decay=5e-06, z_loss_lambda=0.0001
  -> MRR@20=0.064700  best=0.092600  (early_stop@42, trial=1.1min, avg=58s/trial, total=10.6min, ETA=8.7min)
[TRIAL_METRICS] cur_best_mrr20=0.064700 cur_best_hr10=0.148600 cur_test_mrr20=0.068200 cur_test_hr10=0.140400 avg_epoch_time_sec=1.5523 test_eval_time_sec=0.0505 test_eval_batches_per_sec=19.8082 test_eval_targets_per_sec=11825.4866 run_best_mrr20=0.092600 run_best_hr10=0.170700 run_test_mrr20=0.060200 run_test_hr10=0.131800

[12/20] MAX_ITEM_LIST_LENGTH=20, attn_dropout_prob=0.1, d_router_hidden=32, expert_scale=4, learning_rate=0.0004502, route_consistency_lambda=0.00025, stage_feature_dropout_prob=0, weight_decay=1e-06, z_loss_lambda=5e-05
  -> MRR@20=0.074300  best=0.092600  (early_stop@37, trial=56s, avg=58s/trial, total=11.6min, ETA=7.7min)
[TRIAL_METRICS] cur_best_mrr20=0.074300 cur_best_hr10=0.152600 cur_test_mrr20=0.071300 cur_test_hr10=0.169100 avg_epoch_time_sec=1.5010 test_eval_time_sec=0.0517 test_eval_batches_per_sec=19.3547 test_eval_targets_per_sec=11554.7697 run_best_mrr20=0.092600 run_best_hr10=0.170700 run_test_mrr20=0.060200 run_test_hr10=0.131800

[13/20] MAX_ITEM_LIST_LENGTH=30, attn_dropout_prob=0.05, d_router_hidden=32, expert_scale=3, learning_rate=0.0007146, route_consistency_lambda=0.00025, stage_feature_dropout_prob=0, weight_decay=2e-06, z_loss_lambda=0.0002
  -> MRR@20=0.070200  best=0.092600  (early_stop@31, trial=49s, avg=57s/trial, total=12.4min, ETA=6.7min)
[TRIAL_METRICS] cur_best_mrr20=0.070200 cur_best_hr10=0.164700 cur_test_mrr20=0.070400 cur_test_hr10=0.143300 avg_epoch_time_sec=1.5729 test_eval_time_sec=0.0507 test_eval_batches_per_sec=19.7280 test_eval_targets_per_sec=11777.5966 run_best_mrr20=0.092600 run_best_hr10=0.170700 run_test_mrr20=0.060200 run_test_hr10=0.131800

[14/20] MAX_ITEM_LIST_LENGTH=10, attn_dropout_prob=0.12, d_router_hidden=96, expert_scale=2, learning_rate=0.0005672, route_consistency_lambda=0.0008, stage_feature_dropout_prob=0.05, weight_decay=5e-07, z_loss_lambda=0.0002
  -> MRR@20=0.070400  best=0.092600  (early_stop@22, trial=31s, avg=55s/trial, total=12.9min, ETA=5.5min)
[TRIAL_METRICS] cur_best_mrr20=0.070400 cur_best_hr10=0.126500 cur_test_mrr20=0.035400 cur_test_hr10=0.106000 avg_epoch_time_sec=1.3871 test_eval_time_sec=0.0469 test_eval_batches_per_sec=21.3133 test_eval_targets_per_sec=12724.0272 run_best_mrr20=0.092600 run_best_hr10=0.170700 run_test_mrr20=0.060200 run_test_hr10=0.131800

[15/20] MAX_ITEM_LIST_LENGTH=20, attn_dropout_prob=0.08, d_router_hidden=96, expert_scale=3, learning_rate=0.0004502, route_consistency_lambda=0.00025, stage_feature_dropout_prob=0.03, weight_decay=5e-06, z_loss_lambda=0.0002
  -> MRR@20=0.069900  best=0.092600  (early_stop@52, trial=1.2min, avg=56s/trial, total=14.1min, ETA=4.7min)
[TRIAL_METRICS] cur_best_mrr20=0.069900 cur_best_hr10=0.160600 cur_test_mrr20=0.072200 cur_test_hr10=0.160500 avg_epoch_time_sec=1.3574 test_eval_time_sec=0.0490 test_eval_batches_per_sec=20.4167 test_eval_targets_per_sec=12188.7677 run_best_mrr20=0.092600 run_best_hr10=0.170700 run_test_mrr20=0.060200 run_test_hr10=0.131800

[16/20] MAX_ITEM_LIST_LENGTH=10, attn_dropout_prob=0.05, d_router_hidden=64, expert_scale=3, learning_rate=0.001134, route_consistency_lambda=0.00025, stage_feature_dropout_prob=0.05, weight_decay=2e-06, z_loss_lambda=5e-05
  -> MRR@20=0.089900  best=0.092600  (early_stop@55, trial=1.2min, avg=57s/trial, total=15.3min, ETA=3.8min)
[TRIAL_METRICS] cur_best_mrr20=0.089900 cur_best_hr10=0.136500 cur_test_mrr20=0.072300 cur_test_hr10=0.140400 avg_epoch_time_sec=1.2935 test_eval_time_sec=0.0481 test_eval_batches_per_sec=20.7719 test_eval_targets_per_sec=12400.8255 run_best_mrr20=0.092600 run_best_hr10=0.170700 run_test_mrr20=0.060200 run_test_hr10=0.131800

[17/20] MAX_ITEM_LIST_LENGTH=10, attn_dropout_prob=0.12, d_router_hidden=128, expert_scale=3, learning_rate=0.0003573, route_consistency_lambda=0.0012, stage_feature_dropout_prob=0.1, weight_decay=1e-06, z_loss_lambda=0.0001
  -> MRR@20=0.090000  best=0.092600  (early_stop@49, trial=1.1min, avg=58s/trial, total=16.4min, ETA=2.9min)
[TRIAL_METRICS] cur_best_mrr20=0.090000 cur_best_hr10=0.168700 cur_test_mrr20=0.058900 cur_test_hr10=0.146100 avg_epoch_time_sec=1.3804 test_eval_time_sec=0.0480 test_eval_batches_per_sec=20.8332 test_eval_targets_per_sec=12437.4130 run_best_mrr20=0.092600 run_best_hr10=0.170700 run_test_mrr20=0.060200 run_test_hr10=0.131800

[18/20] MAX_ITEM_LIST_LENGTH=30, attn_dropout_prob=0.1, d_router_hidden=96, expert_scale=4, learning_rate=0.0009004, route_consistency_lambda=0.0012, stage_feature_dropout_prob=0.03, weight_decay=2e-06, z_loss_lambda=0.0001
  -> MRR@20=0.073400  best=0.092600  (early_stop@37, trial=1.0min, avg=58s/trial, total=17.5min, ETA=1.9min)
[TRIAL_METRICS] cur_best_mrr20=0.073400 cur_best_hr10=0.164700 cur_test_mrr20=0.077200 cur_test_hr10=0.137500 avg_epoch_time_sec=1.6901 test_eval_time_sec=0.0537 test_eval_batches_per_sec=18.6199 test_eval_targets_per_sec=11116.0908 run_best_mrr20=0.092600 run_best_hr10=0.170700 run_test_mrr20=0.060200 run_test_hr10=0.131800

[19/20] MAX_ITEM_LIST_LENGTH=10, attn_dropout_prob=0.1, d_router_hidden=128, expert_scale=4, learning_rate=0.0003573, route_consistency_lambda=0.0008, stage_feature_dropout_prob=0.05, weight_decay=2e-06, z_loss_lambda=0.0001
  -> MRR@20=0.074600  best=0.092600  (early_stop@62, trial=1.5min, avg=1.0min/trial, total=19.0min, ETA=1.0min)
[TRIAL_METRICS] cur_best_mrr20=0.074600 cur_best_hr10=0.158600 cur_test_mrr20=0.061300 cur_test_hr10=0.131800 avg_epoch_time_sec=1.4711 test_eval_time_sec=0.0496 test_eval_batches_per_sec=20.1410 test_eval_targets_per_sec=12024.1804 run_best_mrr20=0.092600 run_best_hr10=0.170700 run_test_mrr20=0.060200 run_test_hr10=0.131800

[20/20] MAX_ITEM_LIST_LENGTH=20, attn_dropout_prob=0.08, d_router_hidden=128, expert_scale=3, learning_rate=0.0003573, route_consistency_lambda=0.0005, stage_feature_dropout_prob=0.1, weight_decay=5e-07, z_loss_lambda=0.0002
  -> MRR@20=0.073400  best=0.092600  (early_stop@54, trial=1.3min, avg=1.0min/trial, total=20.4min, ETA=0s)
[TRIAL_METRICS] cur_best_mrr20=0.073400 cur_best_hr10=0.170700 cur_test_mrr20=0.074900 cur_test_hr10=0.154700 avg_epoch_time_sec=1.4669 test_eval_time_sec=0.0489 test_eval_batches_per_sec=20.4581 test_eval_targets_per_sec=12213.4997 run_best_mrr20=0.092600 run_best_hr10=0.170700 run_test_mrr20=0.060200 run_test_hr10=0.131800
[1;35mEvaluate   [0m:   0%|                                                            | 0/1 [00:00<?, ?it/s][0m[1;35mEvaluate   [0m:   0%|                                  | 0/1 [00:00<?, ?it/s, [1;33mGPU RAM: 11.16 G/23.52 G[0m][0m[1;35mEvaluate   [0m: 100%|██████████████████████████| 1/1 [00:00<00:00,  3.36it/s, [1;33mGPU RAM: 11.16 G/23.52 G[0m][0m                                                                                                    [1;35mEvaluate   [0m:   0%|                                                            | 0/1 [00:00<?, ?it/s][0m[1;35mEvaluate   [0m:   0%|                                  | 0/1 [00:00<?, ?it/s, [1;33mGPU RAM: 11.16 G/23.52 G[0m][0m[1;35mEvaluate   [0m: 100%|██████████████████████████| 1/1 [00:00<00:00,  3.96it/s, [1;33mGPU RAM: 11.16 G/23.52 G[0m][0m                                                                                                    [1;35mEvaluate   [0m:   0%|                                                            | 0/1 [00:00<?, ?it/s][0m[1;35mEvaluate   [0m:   0%|                                  | 0/1 [00:00<?, ?it/s, [1;33mGPU RAM: 11.16 G/23.52 G[0m][0m[1;35mEvaluate   [0m: 100%|██████████████████████████| 1/1 [00:00<00:00,  3.63it/s, [1;33mGPU RAM: 11.16 G/23.52 G[0m][0m                                                                                                    
=================================================================
  DONE  |  FeaturedMoE_N3 x beauty
  Best MRR@20 = 0.092600  |  20/20 trials OK
  Best HR@10  = 0.170700
  Test MRR@20 = 0.060200  (best-valid checkpoint)
  Test HR@10  = 0.131800  (best-valid checkpoint)
  Avg epoch time = 1.491 sec/epoch
  Final test eval = 0.049 sec | batches/s=20.311 | targets/s=12125.377
[RUN_METRICS] best_valid_mrr20=0.092600 best_valid_hr10=0.170700 test_mrr20=0.060200 test_hr10=0.131800 avg_epoch_time_sec=1.4915 test_eval_time_sec=0.0492 test_eval_batches_per_sec=20.3105 test_eval_targets_per_sec=12125.3770
  Total time: 20.4 min
  Best params:
    MAX_ITEM_LIST_LENGTH: 10
    attn_dropout_prob: 0.08
    d_router_hidden: 32
    expert_scale: 4
    learning_rate: 0.00035731
    route_consistency_lambda: 0.0012
    stage_feature_dropout_prob: 0
    weight_decay: 1e-06
    z_loss_lambda: 0.0002
  Results -> /workspace/FeaturedMoE/experiments/run/artifacts/results/final_experiment/beauty_FeaturedMoE_N3_s1_beauty_featured_moe_n3_r12_20260417_165602_971633_pid1608534.json
  Normal mirror -> /workspace/FeaturedMoE/experiments/run/artifacts/results/final_experiment/normal/stage1_broad_search/S1/beauty/FMoEN3/beauty_FeaturedMoE_N3_s1_beauty_featured_moe_n3_r12_20260417_165602_971633_pid1608534.json
  Special result -> /workspace/FeaturedMoE/experiments/run/artifacts/results/final_experiment/special/stage1_broad_search/S1/beauty/FMoEN3/beauty_FeaturedMoE_N3_s1_beauty_featured_moe_n3_r12_20260417_165602_971633_pid1608534_special_metrics.json
  Special log -> /workspace/FeaturedMoE/experiments/run/artifacts/logs/final_experiment/special/stage1_broad_search/S1/beauty/FMoEN3/beauty_FeaturedMoE_N3_s1_beauty_featured_moe_n3_r12_20260417_165602_971633_pid1608534_special_metrics.json
=================================================================

[RUN_STATUS] END status=normal pid=1608534 start=2026-04-17T16:56:02 end=2026-04-17T17:16:26
