# job_id=S1_BEAUTY_R18 dataset=beauty model=featured_moe_n3 stage=stage1
# cmd=/venv/FMoE/bin/python hyperopt_tune.py --config-name config --search-algo tpe --max-evals 20 --tune-epochs 100 --tune-patience 10 --seed 610022 --run-group final_experiment --run-axis stage1_broad_search --run-phase S1_BEAUTY_FEATURED_MOE_N3_R18 model=featured_moe_n3_tune dataset=beauty eval_mode=session_fixed feature_mode=full_v4 ++eval_sampling.mode=full ++eval_sampling.auto_full_threshold=999999999 ++special_logging=true ++exclude_unseen_target_from_main_eval=true ++log_unseen_target_metrics=true gpu_id=6 log_wandb=false enable_tf32=true fmoe_debug_logging=false fmoe_diag_logging=true fmoe_special_logging=true fmoe_feature_ablation_logging=false fmoe_eval_logging_timing=final_only ++fmoe_logging_output_root="run/artifacts/logging" ++fmoe_logging_layout="axis_dataset_arch_hparam" ++fmoe_architecture_id="A12" ++fmoe_architecture_key="A12_ATTN_MICRO_BEFORE_NO_BIAS_ALL_W5" ++fmoe_phase="STAGE1" ++phase_run_type="stage1" ++phase_axis_id="stage1_broad_search" ++phase_setting_id="R18" ++phase_hparam_id="H2" ++phase_seed_id=1 ++phase_run_id="S1_BEAUTY_R18" --max-run-hours 2 --oom-retry-limit 2 ++layer_layout=["attn","macro_ffn","mid_ffn","attn","micro_ffn"] ++stage_compute_mode={macro:"moe",mid:"moe",micro:"moe"} ++stage_router_mode={macro:"learned",mid:"learned",micro:"learned"} ++stage_router_source={macro:"both",mid:"both",micro:"both"} ++stage_feature_injection={macro:"none",mid:"none",micro:"none"} ++topk_scope_mode="global_flat" ++moe_top_k=0 ++balance_loss_lambda=0.0 ++z_loss_lambda=0.0 ++gate_entropy_lambda=0.0 ++route_smoothness_lambda=0.0 ++route_consistency_lambda=0.0 ++route_sharpness_lambda=0.0 ++route_monopoly_lambda=0.0 ++route_monopoly_tau=0.25 ++route_prior_lambda=0.0 ++group_prior_align_lambda=0.0 ++factored_group_balance_lambda=0.0 ++rule_agreement_lambda=0.0 ++group_coverage_lambda=0.0 ++feature_group_bias_lambda=0.0 ++rule_bias_scale=0.0 ++primitive_balance_lambda=0.0 ++wrapper_group_feature_align_lambda=0.0 ++stage_router_primitives={macro:{a_joint:{source:"feature",temperature:1.0,top_k:0},b_group:{source:"feature",temperature:1.0,top_k:0},c_shared:{source:"feature",temperature:1.0,top_k:0},d_cond:{source:"feature",temperature:1.0,top_k:0},e_scalar:{source:"feature",temperature:1.0,top_k:0},wrapper:{alpha_d:1.0,alpha_struct:1.0,alpha_a:1.0}},mid:{a_joint:{source:"feature",temperature:1.0,top_k:0},b_group:{source:"feature",temperature:1.0,top_k:0},c_shared:{source:"feature",temperature:1.0,top_k:0},d_cond:{source:"feature",temperature:1.0,top_k:0},e_scalar:{source:"feature",temperature:1.0,top_k:0},wrapper:{alpha_d:1.0,alpha_struct:1.0,alpha_a:1.0}},micro:{a_joint:{source:"feature",temperature:1.0,top_k:0},b_group:{source:"feature",temperature:1.0,top_k:0},c_shared:{source:"feature",temperature:1.0,top_k:0},d_cond:{source:"feature",temperature:1.0,top_k:0},e_scalar:{source:"feature",temperature:1.0,top_k:0},wrapper:{alpha_d:1.0,alpha_struct:1.0,alpha_a:1.0}}} ++stage_router_wrapper={macro:"w5_exd",mid:"w5_exd",micro:"w5_exd"} ++stage_router_granularity={macro:"session",mid:"session",micro:"token"} ++macro_history_window=5 ++route_consistency_pairs=1 ++route_consistency_min_sim=0.995 ++bias_mode="none" ++search.learning_rate=[0.00035731,0.00045018,0.0005672,0.00071462,0.00090037,0.00113439,0.00142924] ++search_space_type_overrides.learning_rate=choice ++search.weight_decay=[5e-07,1e-06,2e-06,5e-06] ++search_space_type_overrides.weight_decay=choice ++search.MAX_ITEM_LIST_LENGTH=[10,20,30] ++search_space_type_overrides.MAX_ITEM_LIST_LENGTH=choice ++search.expert_scale=[2,3,4] ++search_space_type_overrides.expert_scale=choice ++search.d_router_hidden=[32,64,96,128] ++search_space_type_overrides.d_router_hidden=choice ++search.stage_feature_dropout_prob=[0.0,0.03,0.05,0.1] ++search_space_type_overrides.stage_feature_dropout_prob=choice ++search.attn_dropout_prob=[0.05,0.08,0.1,0.12] ++search_space_type_overrides.attn_dropout_prob=choice ++search.route_consistency_lambda=[0.00025,0.0005,0.0008,0.0012] ++search_space_type_overrides.route_consistency_lambda=choice ++search.z_loss_lambda=[5e-05,0.0001,0.0002] ++search_space_type_overrides.z_loss_lambda=choice ++search.embedding_size=[160] ++search_space_type_overrides.embedding_size=choice ++search.hidden_size=[160] ++search_space_type_overrides.hidden_size=choice ++search.d_ff=[320] ++search_space_type_overrides.d_ff=choice ++search.d_expert_hidden=[160] ++search_space_type_overrides.d_expert_hidden=choice ++search.d_feat_emb=[12] ++search_space_type_overrides.d_feat_emb=choice ++search.hidden_dropout_prob=[0.15] ++search_space_type_overrides.hidden_dropout_prob=choice ++search.fixed_hidden_dropout_prob=[0.15] ++search_space_type_overrides.fixed_hidden_dropout_prob=choice ++search.stage_family_dropout_prob=[{macro:0.02,mid:0.02,micro:0.02}] ++search_space_type_overrides.stage_family_dropout_prob=choice ++search.router_feature_proj_dim=[0] ++search_space_type_overrides.router_feature_proj_dim=choice ++search.router_use_hidden=[true] ++search_space_type_overrides.router_use_hidden=choice ++search.router_use_feature=[true] ++search_space_type_overrides.router_use_feature=choice ++search.router_impl=["learned"] ++search_space_type_overrides.router_impl=choice ++search.lr_scheduler_type=["warmup_cosine"] ++search_space_type_overrides.lr_scheduler_type=choice

/venv/FMoE/lib/python3.10/site-packages/ray/_private/parameter.py:4: UserWarning: pkg_resources is deprecated as an API. See https://setuptools.pypa.io/en/latest/pkg_resources.html. The pkg_resources package is slated for removal as early as 2025-11-30. Refrain from using this package or pin to Setuptools<81.
  import pkg_resources
[RUN_STATUS] START pid=1608545 ts=2026-04-17T16:56:02
[UniqueChoice] enabled: dedupe/remap duplicates across 193536 finite combos

=================================================================
  Hyperopt  |  FeaturedMoE_N3 x beauty
  max_evals=20  epochs=100  patience=10  wandb=off
  search_algo=tpe
  max_run_hours=2.000  (stop launching new trials after current trial)
  oom_retry_limit=2  (halve train/eval batch size on OOM)
  batch_size(train/valid/test)=2048/2048/2048
  track=final_experiment  axis=stage1_broad_search  phase=S1_BEAUTY_FEATURED_MOE_N3_R18
=================================================================
Changed knobs: MAX_ITEM_LIST_LENGTH, attn_dropout_prob, d_router_hidden, expert_scale, learning_rate, route_consistency_lambda, stage_feature_dropout_prob, weight_decay, z_loss_lambda
Tuned params(len>1): 9  (~193536 discrete combos)
Tuned groups: 9
  [optimization]
    learning_rate                   [0.00035731, 0.00045018, 0.0005672, 0.00071462, 0.00090037, 0.00113439, 0.00142924]  -> choice
    weight_decay                    [5e-07, 1e-06, 2e-06, 5e-06]              -> choice
  [model_core]
    attn_dropout_prob               [0.05, 0.08, 0.1, 0.12]                   -> choice
    d_router_hidden                 [32, 64, 96, 128]                         -> choice
    expert_scale                    [2, 3, 4]                                 -> choice
    stage_feature_dropout_prob      [0.0, 0.03, 0.05, 0.1]                    -> choice
  [other]
    MAX_ITEM_LIST_LENGTH            [10, 20, 30]                              -> choice
    route_consistency_lambda        [0.00025, 0.0005, 0.0008, 0.0012]         -> choice
    z_loss_lambda                   [5e-05, 0.0001, 0.0002]                   -> choice
Fixed params(singleton/non-list): 13
Fixed groups: 13
  [optimization]
    hidden_dropout_prob             0.15                                    
  [model_core]
    d_expert_hidden                 160                                     
    d_feat_emb                      12                                      
    d_ff                            320                                     
    embedding_size                  160                                     
    fixed_hidden_dropout_prob       0.15                                    
    hidden_size                     160                                     
    stage_family_dropout_prob       {'macro': 0.02, 'mid': 0.02, 'micro': 0.02}
  [routing_moe]
    router_feature_proj_dim         0                                       
    router_impl                     learned                                 
    router_use_feature              True                                    
    router_use_hidden               True                                    
  [other]
    lr_scheduler_type               warmup_cosine                           

[Wandb] disabled for this hyperopt run

[1/20] MAX_ITEM_LIST_LENGTH=10, attn_dropout_prob=0.12, d_router_hidden=64, expert_scale=2, learning_rate=0.0005672, route_consistency_lambda=0.0008, stage_feature_dropout_prob=0.05, weight_decay=2e-06, z_loss_lambda=5e-05
  -> MRR@20=0.069800  best=0.069800  (early_stop@29, trial=40s, avg=43s/trial, total=43s, ETA=13.7min)
[TRIAL_METRICS] cur_best_mrr20=0.069800 cur_best_hr10=0.168700 cur_test_mrr20=0.055300 cur_test_hr10=0.126100 avg_epoch_time_sec=1.3619 test_eval_time_sec=0.0452 test_eval_batches_per_sec=22.1408 test_eval_targets_per_sec=13218.0423 run_best_mrr20=0.069800 run_best_hr10=0.168700 run_test_mrr20=0.055300 run_test_hr10=0.126100

[2/20] MAX_ITEM_LIST_LENGTH=30, attn_dropout_prob=0.05, d_router_hidden=32, expert_scale=4, learning_rate=0.0005672, route_consistency_lambda=0.0012, stage_feature_dropout_prob=0, weight_decay=2e-06, z_loss_lambda=0.0002
  -> MRR@20=0.065700  best=0.069800  (early_stop@28, trial=48s, avg=46s/trial, total=1.5min, ETA=13.8min)
[TRIAL_METRICS] cur_best_mrr20=0.065700 cur_best_hr10=0.142600 cur_test_mrr20=0.057200 cur_test_hr10=0.137500 avg_epoch_time_sec=1.6976 test_eval_time_sec=0.0513 test_eval_batches_per_sec=19.5067 test_eval_targets_per_sec=11645.4801 run_best_mrr20=0.069800 run_best_hr10=0.168700 run_test_mrr20=0.055300 run_test_hr10=0.126100

[3/20] MAX_ITEM_LIST_LENGTH=10, attn_dropout_prob=0.08, d_router_hidden=128, expert_scale=4, learning_rate=0.0005672, route_consistency_lambda=0.0012, stage_feature_dropout_prob=0.1, weight_decay=5e-07, z_loss_lambda=0.0001
  -> MRR@20=0.074200  best=0.074200  (early_stop@39, trial=56s, avg=49s/trial, total=2.5min, ETA=14.0min)
[TRIAL_METRICS] cur_best_mrr20=0.074200 cur_best_hr10=0.164700 cur_test_mrr20=0.078200 cur_test_hr10=0.137500 avg_epoch_time_sec=1.4324 test_eval_time_sec=0.0485 test_eval_batches_per_sec=20.6330 test_eval_targets_per_sec=12317.9219 run_best_mrr20=0.074200 run_best_hr10=0.164700 run_test_mrr20=0.078200 run_test_hr10=0.137500

[4/20] MAX_ITEM_LIST_LENGTH=10, attn_dropout_prob=0.05, d_router_hidden=128, expert_scale=2, learning_rate=0.0009004, route_consistency_lambda=0.00025, stage_feature_dropout_prob=0.05, weight_decay=5e-07, z_loss_lambda=5e-05
  -> MRR@20=0.068400  best=0.074200  (early_stop@21, trial=29s, avg=44s/trial, total=3.0min, ETA=11.8min)
[TRIAL_METRICS] cur_best_mrr20=0.068400 cur_best_hr10=0.172700 cur_test_mrr20=0.046100 cur_test_hr10=0.114600 avg_epoch_time_sec=1.3498 test_eval_time_sec=0.0446 test_eval_batches_per_sec=22.4297 test_eval_targets_per_sec=13390.5148 run_best_mrr20=0.074200 run_best_hr10=0.164700 run_test_mrr20=0.078200 run_test_hr10=0.137500

[5/20] MAX_ITEM_LIST_LENGTH=20, attn_dropout_prob=0.08, d_router_hidden=96, expert_scale=3, learning_rate=0.0009004, route_consistency_lambda=0.00025, stage_feature_dropout_prob=0.1, weight_decay=2e-06, z_loss_lambda=0.0001
  -> MRR@20=0.092900  best=0.092900  (early_stop@32, trial=46s, avg=45s/trial, total=3.7min, ETA=11.2min)
[TRIAL_METRICS] cur_best_mrr20=0.092900 cur_best_hr10=0.162700 cur_test_mrr20=0.068400 cur_test_hr10=0.143300 avg_epoch_time_sec=1.4342 test_eval_time_sec=0.0472 test_eval_batches_per_sec=21.1992 test_eval_targets_per_sec=12655.9220 run_best_mrr20=0.092900 run_best_hr10=0.162700 run_test_mrr20=0.068400 run_test_hr10=0.143300

[6/20] MAX_ITEM_LIST_LENGTH=30, attn_dropout_prob=0.05, d_router_hidden=96, expert_scale=3, learning_rate=0.001134, route_consistency_lambda=0.0008, stage_feature_dropout_prob=0.05, weight_decay=1e-06, z_loss_lambda=5e-05
  -> MRR@20=0.080100  best=0.092900  (early_stop@45, trial=1.1min, avg=49s/trial, total=4.9min, ETA=11.4min)
[TRIAL_METRICS] cur_best_mrr20=0.080100 cur_best_hr10=0.132500 cur_test_mrr20=0.056200 cur_test_hr10=0.120300 avg_epoch_time_sec=1.5129 test_eval_time_sec=0.0493 test_eval_batches_per_sec=20.2924 test_eval_targets_per_sec=12114.5829 run_best_mrr20=0.092900 run_best_hr10=0.162700 run_test_mrr20=0.068400 run_test_hr10=0.143300

[7/20] MAX_ITEM_LIST_LENGTH=10, attn_dropout_prob=0.08, d_router_hidden=128, expert_scale=3, learning_rate=0.0004502, route_consistency_lambda=0.0012, stage_feature_dropout_prob=0, weight_decay=5e-06, z_loss_lambda=5e-05
  -> MRR@20=0.068800  best=0.092900  (early_stop@48, trial=1.1min, avg=51s/trial, total=6.0min, ETA=11.1min)
[TRIAL_METRICS] cur_best_mrr20=0.068800 cur_best_hr10=0.162700 cur_test_mrr20=0.071200 cur_test_hr10=0.140400 avg_epoch_time_sec=1.3759 test_eval_time_sec=0.0453 test_eval_batches_per_sec=22.0649 test_eval_targets_per_sec=13172.7743 run_best_mrr20=0.092900 run_best_hr10=0.162700 run_test_mrr20=0.068400 run_test_hr10=0.143300

[8/20] MAX_ITEM_LIST_LENGTH=30, attn_dropout_prob=0.08, d_router_hidden=32, expert_scale=3, learning_rate=0.001134, route_consistency_lambda=0.0008, stage_feature_dropout_prob=0.05, weight_decay=5e-06, z_loss_lambda=0.0001
  -> MRR@20=0.088000  best=0.092900  (early_stop@44, trial=1.1min, avg=54s/trial, total=7.1min, ETA=10.7min)
[TRIAL_METRICS] cur_best_mrr20=0.088000 cur_best_hr10=0.138600 cur_test_mrr20=0.064100 cur_test_hr10=0.120300 avg_epoch_time_sec=1.5480 test_eval_time_sec=0.0480 test_eval_batches_per_sec=20.8214 test_eval_targets_per_sec=12430.3744 run_best_mrr20=0.092900 run_best_hr10=0.162700 run_test_mrr20=0.068400 run_test_hr10=0.143300

[9/20] MAX_ITEM_LIST_LENGTH=10, attn_dropout_prob=0.1, d_router_hidden=128, expert_scale=4, learning_rate=0.0004502, route_consistency_lambda=0.0005, stage_feature_dropout_prob=0.05, weight_decay=5e-06, z_loss_lambda=5e-05
  -> MRR@20=0.072100  best=0.092900  (early_stop@45, trial=1.1min, avg=55s/trial, total=8.2min, ETA=10.1min)
[TRIAL_METRICS] cur_best_mrr20=0.072100 cur_best_hr10=0.164700 cur_test_mrr20=0.074100 cur_test_hr10=0.137500 avg_epoch_time_sec=1.4271 test_eval_time_sec=0.0479 test_eval_batches_per_sec=20.8597 test_eval_targets_per_sec=12453.2480 run_best_mrr20=0.092900 run_best_hr10=0.162700 run_test_mrr20=0.068400 run_test_hr10=0.143300

[10/20] MAX_ITEM_LIST_LENGTH=10, attn_dropout_prob=0.1, d_router_hidden=96, expert_scale=4, learning_rate=0.0007146, route_consistency_lambda=0.0005, stage_feature_dropout_prob=0.05, weight_decay=1e-06, z_loss_lambda=0.0001
  -> MRR@20=0.085700  best=0.092900  (early_stop@45, trial=1.1min, avg=56s/trial, total=9.3min, ETA=9.3min)
[TRIAL_METRICS] cur_best_mrr20=0.085700 cur_best_hr10=0.144600 cur_test_mrr20=0.061500 cur_test_hr10=0.117500 avg_epoch_time_sec=1.4358 test_eval_time_sec=0.0466 test_eval_batches_per_sec=21.4758 test_eval_targets_per_sec=12821.0354 run_best_mrr20=0.092900 run_best_hr10=0.162700 run_test_mrr20=0.068400 run_test_hr10=0.143300

[11/20] MAX_ITEM_LIST_LENGTH=20, attn_dropout_prob=0.08, d_router_hidden=96, expert_scale=2, learning_rate=0.0003573, route_consistency_lambda=0.0005, stage_feature_dropout_prob=0.03, weight_decay=5e-07, z_loss_lambda=0.0002
  -> MRR@20=0.061500  best=0.092900  (early_stop@29, trial=41s, avg=55s/trial, total=10.0min, ETA=8.2min)
[TRIAL_METRICS] cur_best_mrr20=0.061500 cur_best_hr10=0.146600 cur_test_mrr20=0.046700 cur_test_hr10=0.117500 avg_epoch_time_sec=1.3869 test_eval_time_sec=0.0458 test_eval_batches_per_sec=21.8123 test_eval_targets_per_sec=13021.9276 run_best_mrr20=0.092900 run_best_hr10=0.162700 run_test_mrr20=0.068400 run_test_hr10=0.143300

[12/20] MAX_ITEM_LIST_LENGTH=20, attn_dropout_prob=0.05, d_router_hidden=64, expert_scale=2, learning_rate=0.0004502, route_consistency_lambda=0.0008, stage_feature_dropout_prob=0, weight_decay=5e-06, z_loss_lambda=0.0002
  -> MRR@20=0.086500  best=0.092900  (early_stop@56, trial=1.2min, avg=56s/trial, total=11.2min, ETA=7.5min)
[TRIAL_METRICS] cur_best_mrr20=0.086500 cur_best_hr10=0.146600 cur_test_mrr20=0.065900 cur_test_hr10=0.128900 avg_epoch_time_sec=1.3257 test_eval_time_sec=0.0451 test_eval_batches_per_sec=22.1573 test_eval_targets_per_sec=13227.8879 run_best_mrr20=0.092900 run_best_hr10=0.162700 run_test_mrr20=0.068400 run_test_hr10=0.143300

[13/20] MAX_ITEM_LIST_LENGTH=10, attn_dropout_prob=0.05, d_router_hidden=32, expert_scale=4, learning_rate=0.0009004, route_consistency_lambda=0.0008, stage_feature_dropout_prob=0.1, weight_decay=1e-06, z_loss_lambda=0.0001
  -> MRR@20=0.085200  best=0.092900  (early_stop@34, trial=47s, avg=56s/trial, total=12.0min, ETA=6.5min)
[TRIAL_METRICS] cur_best_mrr20=0.085200 cur_best_hr10=0.150600 cur_test_mrr20=0.073500 cur_test_hr10=0.137500 avg_epoch_time_sec=1.3859 test_eval_time_sec=0.0476 test_eval_batches_per_sec=21.0300 test_eval_targets_per_sec=12554.9001 run_best_mrr20=0.092900 run_best_hr10=0.162700 run_test_mrr20=0.068400 run_test_hr10=0.143300

[14/20] MAX_ITEM_LIST_LENGTH=30, attn_dropout_prob=0.12, d_router_hidden=64, expert_scale=3, learning_rate=0.0009004, route_consistency_lambda=0.0012, stage_feature_dropout_prob=0, weight_decay=2e-06, z_loss_lambda=0.0002
  -> MRR@20=0.063500  best=0.092900  (early_stop@26, trial=39s, avg=54s/trial, total=12.7min, ETA=5.4min)
[TRIAL_METRICS] cur_best_mrr20=0.063500 cur_best_hr10=0.148600 cur_test_mrr20=0.062900 cur_test_hr10=0.154700 avg_epoch_time_sec=1.5044 test_eval_time_sec=0.0495 test_eval_batches_per_sec=20.2037 test_eval_targets_per_sec=12061.5965 run_best_mrr20=0.092900 run_best_hr10=0.162700 run_test_mrr20=0.068400 run_test_hr10=0.143300

[15/20] MAX_ITEM_LIST_LENGTH=10, attn_dropout_prob=0.12, d_router_hidden=32, expert_scale=3, learning_rate=0.0004502, route_consistency_lambda=0.0005, stage_feature_dropout_prob=0.03, weight_decay=5e-06, z_loss_lambda=5e-05
  -> MRR@20=0.089100  best=0.092900  (early_stop@61, trial=1.3min, avg=56s/trial, total=14.0min, ETA=4.7min)
[TRIAL_METRICS] cur_best_mrr20=0.089100 cur_best_hr10=0.162700 cur_test_mrr20=0.083500 cur_test_hr10=0.143300 avg_epoch_time_sec=1.2918 test_eval_time_sec=0.0468 test_eval_batches_per_sec=21.3814 test_eval_targets_per_sec=12764.6967 run_best_mrr20=0.092900 run_best_hr10=0.162700 run_test_mrr20=0.068400 run_test_hr10=0.143300

[16/20] MAX_ITEM_LIST_LENGTH=20, attn_dropout_prob=0.05, d_router_hidden=96, expert_scale=3, learning_rate=0.0005672, route_consistency_lambda=0.00025, stage_feature_dropout_prob=0.05, weight_decay=5e-07, z_loss_lambda=5e-05
  -> MRR@20=0.092700  best=0.092900  (early_stop@42, trial=57s, avg=56s/trial, total=15.0min, ETA=3.7min)
[TRIAL_METRICS] cur_best_mrr20=0.092700 cur_best_hr10=0.166700 cur_test_mrr20=0.063400 cur_test_hr10=0.149000 avg_epoch_time_sec=1.3578 test_eval_time_sec=0.0477 test_eval_batches_per_sec=20.9655 test_eval_targets_per_sec=12516.4303 run_best_mrr20=0.092900 run_best_hr10=0.162700 run_test_mrr20=0.068400 run_test_hr10=0.143300

[17/20] MAX_ITEM_LIST_LENGTH=30, attn_dropout_prob=0.08, d_router_hidden=64, expert_scale=3, learning_rate=0.0005672, route_consistency_lambda=0.0012, stage_feature_dropout_prob=0.03, weight_decay=5e-06, z_loss_lambda=0.0001
  -> MRR@20=0.066700  best=0.092900  (early_stop@34, trial=50s, avg=56s/trial, total=15.8min, ETA=2.8min)
[TRIAL_METRICS] cur_best_mrr20=0.066700 cur_best_hr10=0.150600 cur_test_mrr20=0.060500 cur_test_hr10=0.151900 avg_epoch_time_sec=1.4639 test_eval_time_sec=0.0489 test_eval_batches_per_sec=20.4387 test_eval_targets_per_sec=12201.8941 run_best_mrr20=0.092900 run_best_hr10=0.162700 run_test_mrr20=0.068400 run_test_hr10=0.143300

[18/20] MAX_ITEM_LIST_LENGTH=30, attn_dropout_prob=0.1, d_router_hidden=32, expert_scale=4, learning_rate=0.001134, route_consistency_lambda=0.0012, stage_feature_dropout_prob=0.05, weight_decay=5e-06, z_loss_lambda=0.0001
  -> MRR@20=0.065800  best=0.092900  (early_stop@30, trial=47s, avg=55s/trial, total=16.6min, ETA=1.8min)
[TRIAL_METRICS] cur_best_mrr20=0.065800 cur_best_hr10=0.138600 cur_test_mrr20=0.054000 cur_test_hr10=0.143300 avg_epoch_time_sec=1.5592 test_eval_time_sec=0.0510 test_eval_batches_per_sec=19.6141 test_eval_targets_per_sec=11709.6323 run_best_mrr20=0.092900 run_best_hr10=0.162700 run_test_mrr20=0.068400 run_test_hr10=0.143300

[19/20] MAX_ITEM_LIST_LENGTH=30, attn_dropout_prob=0.08, d_router_hidden=128, expert_scale=2, learning_rate=0.001429, route_consistency_lambda=0.00025, stage_feature_dropout_prob=0.1, weight_decay=1e-06, z_loss_lambda=0.0002
  -> MRR@20=0.068300  best=0.092900  (early_stop@18, trial=25s, avg=54s/trial, total=17.1min, ETA=54s)
[TRIAL_METRICS] cur_best_mrr20=0.068300 cur_best_hr10=0.158600 cur_test_mrr20=0.047400 cur_test_hr10=0.123200 avg_epoch_time_sec=1.3859 test_eval_time_sec=0.0485 test_eval_batches_per_sec=20.5987 test_eval_targets_per_sec=12297.4142 run_best_mrr20=0.092900 run_best_hr10=0.162700 run_test_mrr20=0.068400 run_test_hr10=0.143300

[20/20] MAX_ITEM_LIST_LENGTH=30, attn_dropout_prob=0.05, d_router_hidden=96, expert_scale=3, learning_rate=0.0003573, route_consistency_lambda=0.00025, stage_feature_dropout_prob=0, weight_decay=1e-06, z_loss_lambda=0.0002
  -> MRR@20=0.065600  best=0.092900  (early_stop@62, trial=1.6min, avg=56s/trial, total=18.7min, ETA=0s)
[TRIAL_METRICS] cur_best_mrr20=0.065600 cur_best_hr10=0.148600 cur_test_mrr20=0.067200 cur_test_hr10=0.140400 avg_epoch_time_sec=1.5395 test_eval_time_sec=0.0478 test_eval_batches_per_sec=20.9090 test_eval_targets_per_sec=12482.6742 run_best_mrr20=0.092900 run_best_hr10=0.162700 run_test_mrr20=0.068400 run_test_hr10=0.143300
[1;35mEvaluate   [0m:   0%|                                                            | 0/1 [00:00<?, ?it/s][0m[1;35mEvaluate   [0m:   0%|                                   | 0/1 [00:00<?, ?it/s, [1;33mGPU RAM: 8.91 G/23.52 G[0m][0m[1;35mEvaluate   [0m: 100%|███████████████████████████| 1/1 [00:00<00:00,  3.53it/s, [1;33mGPU RAM: 8.91 G/23.52 G[0m][0m                                                                                                    [1;35mEvaluate   [0m:   0%|                                                            | 0/1 [00:00<?, ?it/s][0m[1;35mEvaluate   [0m:   0%|                                   | 0/1 [00:00<?, ?it/s, [1;33mGPU RAM: 8.91 G/23.52 G[0m][0m[1;35mEvaluate   [0m: 100%|███████████████████████████| 1/1 [00:00<00:00,  4.12it/s, [1;33mGPU RAM: 8.91 G/23.52 G[0m][0m                                                                                                    [1;35mEvaluate   [0m:   0%|                                                            | 0/1 [00:00<?, ?it/s][0m[1;35mEvaluate   [0m:   0%|                                   | 0/1 [00:00<?, ?it/s, [1;33mGPU RAM: 8.91 G/23.52 G[0m][0m[1;35mEvaluate   [0m: 100%|███████████████████████████| 1/1 [00:00<00:00,  3.80it/s, [1;33mGPU RAM: 8.91 G/23.52 G[0m][0m                                                                                                    
=================================================================
  DONE  |  FeaturedMoE_N3 x beauty
  Best MRR@20 = 0.092900  |  20/20 trials OK
  Best HR@10  = 0.162700
  Test MRR@20 = 0.068400  (best-valid checkpoint)
  Test HR@10  = 0.143300  (best-valid checkpoint)
  Avg epoch time = 1.434 sec/epoch
  Final test eval = 0.047 sec | batches/s=21.199 | targets/s=12655.922
[RUN_METRICS] best_valid_mrr20=0.092900 best_valid_hr10=0.162700 test_mrr20=0.068400 test_hr10=0.143300 avg_epoch_time_sec=1.4342 test_eval_time_sec=0.0472 test_eval_batches_per_sec=21.1992 test_eval_targets_per_sec=12655.9220
  Total time: 18.7 min
  Best params:
    MAX_ITEM_LIST_LENGTH: 20
    attn_dropout_prob: 0.08
    d_router_hidden: 96
    expert_scale: 3
    learning_rate: 0.00090037
    route_consistency_lambda: 0.00025
    stage_feature_dropout_prob: 0.1
    weight_decay: 2e-06
    z_loss_lambda: 0.0001
  Results -> /workspace/FeaturedMoE/experiments/run/artifacts/results/final_experiment/beauty_FeaturedMoE_N3_s1_beauty_featured_moe_n3_r18_20260417_165602_991352_pid1608545.json
  Normal mirror -> /workspace/FeaturedMoE/experiments/run/artifacts/results/final_experiment/normal/stage1_broad_search/S1/beauty/FMoEN3/beauty_FeaturedMoE_N3_s1_beauty_featured_moe_n3_r18_20260417_165602_991352_pid1608545.json
  Special result -> /workspace/FeaturedMoE/experiments/run/artifacts/results/final_experiment/special/stage1_broad_search/S1/beauty/FMoEN3/beauty_FeaturedMoE_N3_s1_beauty_featured_moe_n3_r18_20260417_165602_991352_pid1608545_special_metrics.json
  Special log -> /workspace/FeaturedMoE/experiments/run/artifacts/logs/final_experiment/special/stage1_broad_search/S1/beauty/FMoEN3/beauty_FeaturedMoE_N3_s1_beauty_featured_moe_n3_r18_20260417_165602_991352_pid1608545_special_metrics.json
=================================================================

[RUN_STATUS] END status=normal pid=1608545 start=2026-04-17T16:56:02 end=2026-04-17T17:14:44
