# job_id=S1_BEAUTY_R06 dataset=beauty model=featured_moe_n3 stage=stage1
# cmd=/venv/FMoE/bin/python hyperopt_tune.py --config-name config --search-algo tpe --max-evals 20 --tune-epochs 100 --tune-patience 10 --seed 610010 --run-group final_experiment --run-axis stage1_broad_search --run-phase S1_BEAUTY_FEATURED_MOE_N3_R06 model=featured_moe_n3_tune dataset=beauty eval_mode=session_fixed feature_mode=full_v4 ++eval_sampling.mode=full ++eval_sampling.auto_full_threshold=999999999 ++special_logging=true ++exclude_unseen_target_from_main_eval=true ++log_unseen_target_metrics=true gpu_id=2 log_wandb=false enable_tf32=true fmoe_debug_logging=false fmoe_diag_logging=true fmoe_special_logging=true fmoe_feature_ablation_logging=false fmoe_eval_logging_timing=final_only ++fmoe_logging_output_root="run/artifacts/logging" ++fmoe_logging_layout="axis_dataset_arch_hparam" ++fmoe_architecture_id="A12" ++fmoe_architecture_key="A12_ATTN_MICRO_BEFORE_NO_BIAS_ALL_W5" ++fmoe_phase="STAGE1" ++phase_run_type="stage1" ++phase_axis_id="stage1_broad_search" ++phase_setting_id="R06" ++phase_hparam_id="H8" ++phase_seed_id=1 ++phase_run_id="S1_BEAUTY_R06" ++layer_layout=["attn","macro_ffn","mid_ffn","attn","micro_ffn"] ++stage_compute_mode={macro:"moe",mid:"moe",micro:"moe"} ++stage_router_mode={macro:"learned",mid:"learned",micro:"learned"} ++stage_router_source={macro:"both",mid:"both",micro:"both"} ++stage_feature_injection={macro:"none",mid:"none",micro:"none"} ++topk_scope_mode="global_flat" ++moe_top_k=0 ++balance_loss_lambda=0.0 ++z_loss_lambda=0.0 ++gate_entropy_lambda=0.0 ++route_smoothness_lambda=0.0 ++route_consistency_lambda=0.0 ++route_sharpness_lambda=0.0 ++route_monopoly_lambda=0.0 ++route_monopoly_tau=0.25 ++route_prior_lambda=0.0 ++group_prior_align_lambda=0.0 ++factored_group_balance_lambda=0.0 ++rule_agreement_lambda=0.0 ++group_coverage_lambda=0.0 ++feature_group_bias_lambda=0.0 ++rule_bias_scale=0.0 ++primitive_balance_lambda=0.0 ++wrapper_group_feature_align_lambda=0.0 ++stage_router_primitives={macro:{a_joint:{source:"feature",temperature:1.0,top_k:0},b_group:{source:"feature",temperature:1.0,top_k:0},c_shared:{source:"feature",temperature:1.0,top_k:0},d_cond:{source:"feature",temperature:1.0,top_k:0},e_scalar:{source:"feature",temperature:1.0,top_k:0},wrapper:{alpha_d:1.0,alpha_struct:1.0,alpha_a:1.0}},mid:{a_joint:{source:"feature",temperature:1.0,top_k:0},b_group:{source:"feature",temperature:1.0,top_k:0},c_shared:{source:"feature",temperature:1.0,top_k:0},d_cond:{source:"feature",temperature:1.0,top_k:0},e_scalar:{source:"feature",temperature:1.0,top_k:0},wrapper:{alpha_d:1.0,alpha_struct:1.0,alpha_a:1.0}},micro:{a_joint:{source:"feature",temperature:1.0,top_k:0},b_group:{source:"feature",temperature:1.0,top_k:0},c_shared:{source:"feature",temperature:1.0,top_k:0},d_cond:{source:"feature",temperature:1.0,top_k:0},e_scalar:{source:"feature",temperature:1.0,top_k:0},wrapper:{alpha_d:1.0,alpha_struct:1.0,alpha_a:1.0}}} ++stage_router_wrapper={macro:"w5_exd",mid:"w5_exd",micro:"w5_exd"} ++stage_router_granularity={macro:"session",mid:"session",micro:"token"} ++macro_history_window=5 ++route_consistency_pairs=1 ++route_consistency_min_sim=0.995 ++bias_mode="none" ++search.learning_rate=[0.00035731,0.00045018,0.0005672,0.00071462,0.00090037,0.00113439,0.00142924] ++search_space_type_overrides.learning_rate=choice ++search.weight_decay=[5e-07,1e-06,2e-06,5e-06] ++search_space_type_overrides.weight_decay=choice ++search.MAX_ITEM_LIST_LENGTH=[10,20,30] ++search_space_type_overrides.MAX_ITEM_LIST_LENGTH=choice ++search.expert_scale=[2,3,4] ++search_space_type_overrides.expert_scale=choice ++search.d_router_hidden=[32,64,96,128] ++search_space_type_overrides.d_router_hidden=choice ++search.stage_feature_dropout_prob=[0.0,0.03,0.05,0.1] ++search_space_type_overrides.stage_feature_dropout_prob=choice ++search.attn_dropout_prob=[0.05,0.08,0.1,0.12] ++search_space_type_overrides.attn_dropout_prob=choice ++search.route_consistency_lambda=[0.00025,0.0005,0.0008,0.0012] ++search_space_type_overrides.route_consistency_lambda=choice ++search.z_loss_lambda=[5e-05,0.0001,0.0002] ++search_space_type_overrides.z_loss_lambda=choice ++search.embedding_size=[128] ++search_space_type_overrides.embedding_size=choice ++search.hidden_size=[128] ++search_space_type_overrides.hidden_size=choice ++search.d_ff=[256] ++search_space_type_overrides.d_ff=choice ++search.d_expert_hidden=[128] ++search_space_type_overrides.d_expert_hidden=choice ++search.d_feat_emb=[16] ++search_space_type_overrides.d_feat_emb=choice ++search.hidden_dropout_prob=[0.19] ++search_space_type_overrides.hidden_dropout_prob=choice ++search.fixed_hidden_dropout_prob=[0.19] ++search_space_type_overrides.fixed_hidden_dropout_prob=choice ++search.stage_family_dropout_prob=[{macro:0.02,mid:0.02,micro:0.02}] ++search_space_type_overrides.stage_family_dropout_prob=choice ++search.router_feature_proj_dim=[0] ++search_space_type_overrides.router_feature_proj_dim=choice ++search.router_use_hidden=[true] ++search_space_type_overrides.router_use_hidden=choice ++search.router_use_feature=[true] ++search_space_type_overrides.router_use_feature=choice ++search.router_impl=["learned"] ++search_space_type_overrides.router_impl=choice ++search.lr_scheduler_type=["warmup_cosine"] ++search_space_type_overrides.lr_scheduler_type=choice

/venv/FMoE/lib/python3.10/site-packages/ray/_private/parameter.py:4: UserWarning: pkg_resources is deprecated as an API. See https://setuptools.pypa.io/en/latest/pkg_resources.html. The pkg_resources package is slated for removal as early as 2025-11-30. Refrain from using this package or pin to Setuptools<81.
  import pkg_resources
[RUN_STATUS] START pid=1595222 ts=2026-04-17T16:01:56
[UniqueChoice] enabled: dedupe/remap duplicates across 193536 finite combos

=================================================================
  Hyperopt  |  FeaturedMoE_N3 x beauty
  max_evals=20  epochs=100  patience=10  wandb=off
  search_algo=tpe
  batch_size(train/valid/test)=2048/2048/2048
  track=final_experiment  axis=stage1_broad_search  phase=S1_BEAUTY_FEATURED_MOE_N3_R06
=================================================================
Changed knobs: MAX_ITEM_LIST_LENGTH, attn_dropout_prob, d_router_hidden, expert_scale, learning_rate, route_consistency_lambda, stage_feature_dropout_prob, weight_decay, z_loss_lambda
Tuned params(len>1): 9  (~193536 discrete combos)
Tuned groups: 9
  [optimization]
    learning_rate                   [0.00035731, 0.00045018, 0.0005672, 0.00071462, 0.00090037, 0.00113439, 0.00142924]  -> choice
    weight_decay                    [5e-07, 1e-06, 2e-06, 5e-06]              -> choice
  [model_core]
    attn_dropout_prob               [0.05, 0.08, 0.1, 0.12]                   -> choice
    d_router_hidden                 [32, 64, 96, 128]                         -> choice
    expert_scale                    [2, 3, 4]                                 -> choice
    stage_feature_dropout_prob      [0.0, 0.03, 0.05, 0.1]                    -> choice
  [other]
    MAX_ITEM_LIST_LENGTH            [10, 20, 30]                              -> choice
    route_consistency_lambda        [0.00025, 0.0005, 0.0008, 0.0012]         -> choice
    z_loss_lambda                   [5e-05, 0.0001, 0.0002]                   -> choice
Fixed params(singleton/non-list): 13
Fixed groups: 13
  [optimization]
    hidden_dropout_prob             0.19                                    
  [model_core]
    d_expert_hidden                 128                                     
    d_feat_emb                      16                                      
    d_ff                            256                                     
    embedding_size                  128                                     
    fixed_hidden_dropout_prob       0.19                                    
    hidden_size                     128                                     
    stage_family_dropout_prob       {'macro': 0.02, 'mid': 0.02, 'micro': 0.02}
  [routing_moe]
    router_feature_proj_dim         0                                       
    router_impl                     learned                                 
    router_use_feature              True                                    
    router_use_hidden               True                                    
  [other]
    lr_scheduler_type               warmup_cosine                           

[Wandb] disabled for this hyperopt run

[1/20] MAX_ITEM_LIST_LENGTH=20, attn_dropout_prob=0.1, d_router_hidden=64, expert_scale=3, learning_rate=0.0005672, route_consistency_lambda=0.0005, stage_feature_dropout_prob=0.05, weight_decay=5e-06, z_loss_lambda=0.0001
  -> MRR@20=0.088700  best=0.088700  (early_stop@53, trial=3.6min, avg=3.7min/trial, total=3.7min, ETA=1.16h)
[TRIAL_METRICS] cur_best_mrr20=0.088700 cur_best_hr10=0.160600 cur_test_mrr20=0.061600 cur_test_hr10=0.154700 avg_epoch_time_sec=4.0686 test_eval_time_sec=0.0541 test_eval_batches_per_sec=18.4918 test_eval_targets_per_sec=11039.5886 run_best_mrr20=0.088700 run_best_hr10=0.160600 run_test_mrr20=0.061600 run_test_hr10=0.154700

[2/20] MAX_ITEM_LIST_LENGTH=10, attn_dropout_prob=0.12, d_router_hidden=96, expert_scale=2, learning_rate=0.001429, route_consistency_lambda=0.0012, stage_feature_dropout_prob=0.1, weight_decay=5e-07, z_loss_lambda=5e-05
  -> MRR@20=0.068300  best=0.088700  (early_stop@28, trial=1.6min, avg=2.7min/trial, total=5.3min, ETA=48.0min)
[TRIAL_METRICS] cur_best_mrr20=0.068300 cur_best_hr10=0.156600 cur_test_mrr20=0.060500 cur_test_hr10=0.131800 avg_epoch_time_sec=3.5174 test_eval_time_sec=0.0528 test_eval_batches_per_sec=18.9239 test_eval_targets_per_sec=11297.5974 run_best_mrr20=0.088700 run_best_hr10=0.160600 run_test_mrr20=0.061600 run_test_hr10=0.154700

[3/20] MAX_ITEM_LIST_LENGTH=20, attn_dropout_prob=0.12, d_router_hidden=64, expert_scale=4, learning_rate=0.001429, route_consistency_lambda=0.0008, stage_feature_dropout_prob=0.1, weight_decay=5e-06, z_loss_lambda=0.0002
  -> MRR@20=0.087600  best=0.088700  (early_stop@40, trial=3.0min, avg=2.8min/trial, total=8.4min, ETA=47.4min)
[TRIAL_METRICS] cur_best_mrr20=0.087600 cur_best_hr10=0.140600 cur_test_mrr20=0.076800 cur_test_hr10=0.137500 avg_epoch_time_sec=4.5199 test_eval_time_sec=0.0564 test_eval_batches_per_sec=17.7443 test_eval_targets_per_sec=10593.3347 run_best_mrr20=0.088700 run_best_hr10=0.160600 run_test_mrr20=0.061600 run_test_hr10=0.154700

[4/20] MAX_ITEM_LIST_LENGTH=10, attn_dropout_prob=0.1, d_router_hidden=64, expert_scale=2, learning_rate=0.0007146, route_consistency_lambda=0.0005, stage_feature_dropout_prob=0.03, weight_decay=5e-07, z_loss_lambda=0.0002
  -> MRR@20=0.077000  best=0.088700  (early_stop@27, trial=1.6min, avg=2.5min/trial, total=10.0min, ETA=39.8min)
[TRIAL_METRICS] cur_best_mrr20=0.077000 cur_best_hr10=0.154600 cur_test_mrr20=0.056800 cur_test_hr10=0.120300 avg_epoch_time_sec=3.5226 test_eval_time_sec=0.0484 test_eval_batches_per_sec=20.6650 test_eval_targets_per_sec=12336.9784 run_best_mrr20=0.088700 run_best_hr10=0.160600 run_test_mrr20=0.061600 run_test_hr10=0.154700

[5/20] MAX_ITEM_LIST_LENGTH=20, attn_dropout_prob=0.05, d_router_hidden=32, expert_scale=2, learning_rate=0.0004502, route_consistency_lambda=0.0005, stage_feature_dropout_prob=0, weight_decay=5e-07, z_loss_lambda=0.0001
  -> MRR@20=0.082200  best=0.088700  (early_stop@57, trial=3.4min, avg=2.7min/trial, total=13.3min, ETA=40.0min)
[TRIAL_METRICS] cur_best_mrr20=0.082200 cur_best_hr10=0.154600 cur_test_mrr20=0.058000 cur_test_hr10=0.137500 avg_epoch_time_sec=3.5447 test_eval_time_sec=0.0473 test_eval_batches_per_sec=21.1381 test_eval_targets_per_sec=12619.4386 run_best_mrr20=0.088700 run_best_hr10=0.160600 run_test_mrr20=0.061600 run_test_hr10=0.154700

[6/20] MAX_ITEM_LIST_LENGTH=10, attn_dropout_prob=0.1, d_router_hidden=128, expert_scale=2, learning_rate=0.0003573, route_consistency_lambda=0.0008, stage_feature_dropout_prob=0, weight_decay=1e-06, z_loss_lambda=0.0002
  -> MRR@20=0.085000  best=0.088700  (early_stop@54, trial=3.2min, avg=2.8min/trial, total=16.5min, ETA=38.5min)
[TRIAL_METRICS] cur_best_mrr20=0.085000 cur_best_hr10=0.144600 cur_test_mrr20=0.053700 cur_test_hr10=0.140400 avg_epoch_time_sec=3.5124 test_eval_time_sec=0.0471 test_eval_batches_per_sec=21.2152 test_eval_targets_per_sec=12665.4603 run_best_mrr20=0.088700 run_best_hr10=0.160600 run_test_mrr20=0.061600 run_test_hr10=0.154700

[7/20] MAX_ITEM_LIST_LENGTH=30, attn_dropout_prob=0.08, d_router_hidden=128, expert_scale=4, learning_rate=0.0004502, route_consistency_lambda=0.0008, stage_feature_dropout_prob=0.1, weight_decay=2e-06, z_loss_lambda=0.0001
  -> MRR@20=0.074800  best=0.088700  (early_stop@36, trial=2.8min, avg=2.8min/trial, total=19.3min, ETA=35.9min)
[TRIAL_METRICS] cur_best_mrr20=0.074800 cur_best_hr10=0.170700 cur_test_mrr20=0.064000 cur_test_hr10=0.114600 avg_epoch_time_sec=4.6253 test_eval_time_sec=0.0551 test_eval_batches_per_sec=18.1618 test_eval_targets_per_sec=10842.5939 run_best_mrr20=0.088700 run_best_hr10=0.160600 run_test_mrr20=0.061600 run_test_hr10=0.154700

[8/20] MAX_ITEM_LIST_LENGTH=20, attn_dropout_prob=0.1, d_router_hidden=32, expert_scale=2, learning_rate=0.0009004, route_consistency_lambda=0.0012, stage_feature_dropout_prob=0.05, weight_decay=1e-06, z_loss_lambda=0.0002
  -> MRR@20=0.086000  best=0.088700  (early_stop@40, trial=2.4min, avg=2.7min/trial, total=21.8min, ETA=32.7min)
[TRIAL_METRICS] cur_best_mrr20=0.086000 cur_best_hr10=0.146600 cur_test_mrr20=0.061400 cur_test_hr10=0.140400 avg_epoch_time_sec=3.6328 test_eval_time_sec=0.0472 test_eval_batches_per_sec=21.1740 test_eval_targets_per_sec=12640.9077 run_best_mrr20=0.088700 run_best_hr10=0.160600 run_test_mrr20=0.061600 run_test_hr10=0.154700

[9/20] MAX_ITEM_LIST_LENGTH=30, attn_dropout_prob=0.08, d_router_hidden=64, expert_scale=2, learning_rate=0.001429, route_consistency_lambda=0.0012, stage_feature_dropout_prob=0, weight_decay=1e-06, z_loss_lambda=0.0002
  -> MRR@20=0.086500  best=0.088700  (early_stop@37, trial=2.3min, avg=2.7min/trial, total=24.1min, ETA=29.5min)
[TRIAL_METRICS] cur_best_mrr20=0.086500 cur_best_hr10=0.154600 cur_test_mrr20=0.073900 cur_test_hr10=0.137500 avg_epoch_time_sec=3.7309 test_eval_time_sec=0.0482 test_eval_batches_per_sec=20.7654 test_eval_targets_per_sec=12396.9576 run_best_mrr20=0.088700 run_best_hr10=0.160600 run_test_mrr20=0.061600 run_test_hr10=0.154700

[10/20] MAX_ITEM_LIST_LENGTH=30, attn_dropout_prob=0.1, d_router_hidden=128, expert_scale=3, learning_rate=0.001134, route_consistency_lambda=0.0005, stage_feature_dropout_prob=0, weight_decay=5e-07, z_loss_lambda=5e-05
  -> MRR@20=0.069100  best=0.088700  (early_stop@31, trial=2.2min, avg=2.6min/trial, total=26.3min, ETA=26.3min)
[TRIAL_METRICS] cur_best_mrr20=0.069100 cur_best_hr10=0.172700 cur_test_mrr20=0.080200 cur_test_hr10=0.154700 avg_epoch_time_sec=4.2065 test_eval_time_sec=0.0514 test_eval_batches_per_sec=19.4389 test_eval_targets_per_sec=11605.0011 run_best_mrr20=0.088700 run_best_hr10=0.160600 run_test_mrr20=0.061600 run_test_hr10=0.154700

[11/20] MAX_ITEM_LIST_LENGTH=30, attn_dropout_prob=0.08, d_router_hidden=128, expert_scale=2, learning_rate=0.0005672, route_consistency_lambda=0.0012, stage_feature_dropout_prob=0.03, weight_decay=5e-06, z_loss_lambda=0.0001
  -> MRR@20=0.068500  best=0.088700  (early_stop@34, trial=2.2min, avg=2.6min/trial, total=28.5min, ETA=23.3min)
[TRIAL_METRICS] cur_best_mrr20=0.068500 cur_best_hr10=0.156600 cur_test_mrr20=0.057000 cur_test_hr10=0.140400 avg_epoch_time_sec=3.7881 test_eval_time_sec=0.0473 test_eval_batches_per_sec=21.1297 test_eval_targets_per_sec=12614.4163 run_best_mrr20=0.088700 run_best_hr10=0.160600 run_test_mrr20=0.061600 run_test_hr10=0.154700

[12/20] MAX_ITEM_LIST_LENGTH=20, attn_dropout_prob=0.12, d_router_hidden=128, expert_scale=3, learning_rate=0.0009004, route_consistency_lambda=0.00025, stage_feature_dropout_prob=0.05, weight_decay=1e-06, z_loss_lambda=5e-05
  -> MRR@20=0.072300  best=0.088700  (early_stop@30, trial=2.0min, avg=2.5min/trial, total=30.5min, ETA=20.3min)
[TRIAL_METRICS] cur_best_mrr20=0.072300 cur_best_hr10=0.150600 cur_test_mrr20=0.060000 cur_test_hr10=0.157600 avg_epoch_time_sec=4.0392 test_eval_time_sec=0.0488 test_eval_batches_per_sec=20.5093 test_eval_targets_per_sec=12244.0772 run_best_mrr20=0.088700 run_best_hr10=0.160600 run_test_mrr20=0.061600 run_test_hr10=0.154700

[13/20] MAX_ITEM_LIST_LENGTH=10, attn_dropout_prob=0.1, d_router_hidden=128, expert_scale=3, learning_rate=0.0007146, route_consistency_lambda=0.0008, stage_feature_dropout_prob=0.03, weight_decay=5e-07, z_loss_lambda=0.0001
  -> MRR@20=0.086400  best=0.088700  (early_stop@39, trial=2.6min, avg=2.5min/trial, total=33.1min, ETA=17.8min)
[TRIAL_METRICS] cur_best_mrr20=0.086400 cur_best_hr10=0.158600 cur_test_mrr20=0.073000 cur_test_hr10=0.157600 avg_epoch_time_sec=3.9451 test_eval_time_sec=0.0516 test_eval_batches_per_sec=19.3835 test_eval_targets_per_sec=11571.9643 run_best_mrr20=0.088700 run_best_hr10=0.160600 run_test_mrr20=0.061600 run_test_hr10=0.154700

[14/20] MAX_ITEM_LIST_LENGTH=30, attn_dropout_prob=0.12, d_router_hidden=32, expert_scale=2, learning_rate=0.001134, route_consistency_lambda=0.00025, stage_feature_dropout_prob=0.1, weight_decay=5e-06, z_loss_lambda=5e-05
  -> MRR@20=0.063600  best=0.088700  (early_stop@22, trial=1.4min, avg=2.5min/trial, total=34.5min, ETA=14.8min)
[TRIAL_METRICS] cur_best_mrr20=0.063600 cur_best_hr10=0.156600 cur_test_mrr20=0.066900 cur_test_hr10=0.126100 avg_epoch_time_sec=3.8034 test_eval_time_sec=0.0523 test_eval_batches_per_sec=19.1107 test_eval_targets_per_sec=11409.0940 run_best_mrr20=0.088700 run_best_hr10=0.160600 run_test_mrr20=0.061600 run_test_hr10=0.154700

[15/20] MAX_ITEM_LIST_LENGTH=20, attn_dropout_prob=0.05, d_router_hidden=128, expert_scale=2, learning_rate=0.0005672, route_consistency_lambda=0.0005, stage_feature_dropout_prob=0.05, weight_decay=5e-06, z_loss_lambda=0.0001
  -> MRR@20=0.089000  best=0.089000  (early_stop@36, trial=2.2min, avg=2.4min/trial, total=36.7min, ETA=12.2min)
[TRIAL_METRICS] cur_best_mrr20=0.089000 cur_best_hr10=0.160600 cur_test_mrr20=0.061000 cur_test_hr10=0.146100 avg_epoch_time_sec=3.6063 test_eval_time_sec=0.0481 test_eval_batches_per_sec=20.7830 test_eval_targets_per_sec=12407.4618 run_best_mrr20=0.089000 run_best_hr10=0.160600 run_test_mrr20=0.061000 run_test_hr10=0.146100

[16/20] MAX_ITEM_LIST_LENGTH=10, attn_dropout_prob=0.08, d_router_hidden=96, expert_scale=2, learning_rate=0.0005672, route_consistency_lambda=0.0005, stage_feature_dropout_prob=0, weight_decay=5e-07, z_loss_lambda=5e-05
  -> MRR@20=0.087000  best=0.089000  (early_stop@48, trial=2.9min, avg=2.5min/trial, total=39.6min, ETA=9.9min)
[TRIAL_METRICS] cur_best_mrr20=0.087000 cur_best_hr10=0.156600 cur_test_mrr20=0.049900 cur_test_hr10=0.134700 avg_epoch_time_sec=3.6446 test_eval_time_sec=0.0505 test_eval_batches_per_sec=19.8183 test_eval_targets_per_sec=11831.5212 run_best_mrr20=0.089000 run_best_hr10=0.160600 run_test_mrr20=0.061000 run_test_hr10=0.146100

[17/20] MAX_ITEM_LIST_LENGTH=10, attn_dropout_prob=0.12, d_router_hidden=128, expert_scale=2, learning_rate=0.0005672, route_consistency_lambda=0.00025, stage_feature_dropout_prob=0.1, weight_decay=1e-06, z_loss_lambda=5e-05
  -> MRR@20=0.088000  best=0.089000  (early_stop@47, trial=2.8min, avg=2.5min/trial, total=42.4min, ETA=7.5min)
[TRIAL_METRICS] cur_best_mrr20=0.088000 cur_best_hr10=0.132500 cur_test_mrr20=0.070500 cur_test_hr10=0.154700 avg_epoch_time_sec=3.5583 test_eval_time_sec=0.0462 test_eval_batches_per_sec=21.6313 test_eval_targets_per_sec=12913.8705 run_best_mrr20=0.089000 run_best_hr10=0.160600 run_test_mrr20=0.061000 run_test_hr10=0.146100

[18/20] MAX_ITEM_LIST_LENGTH=20, attn_dropout_prob=0.12, d_router_hidden=128, expert_scale=2, learning_rate=0.001429, route_consistency_lambda=0.00025, stage_feature_dropout_prob=0, weight_decay=1e-06, z_loss_lambda=0.0001
  -> MRR@20=0.088000  best=0.089000  (early_stop@25, trial=1.5min, avg=2.4min/trial, total=43.9min, ETA=4.9min)
[TRIAL_METRICS] cur_best_mrr20=0.088000 cur_best_hr10=0.170700 cur_test_mrr20=0.067700 cur_test_hr10=0.143300 avg_epoch_time_sec=3.6082 test_eval_time_sec=0.0507 test_eval_batches_per_sec=19.7227 test_eval_targets_per_sec=11774.4399 run_best_mrr20=0.089000 run_best_hr10=0.160600 run_test_mrr20=0.061000 run_test_hr10=0.146100

[19/20] MAX_ITEM_LIST_LENGTH=10, attn_dropout_prob=0.08, d_router_hidden=32, expert_scale=3, learning_rate=0.001429, route_consistency_lambda=0.0008, stage_feature_dropout_prob=0.1, weight_decay=5e-07, z_loss_lambda=5e-05
  -> MRR@20=0.087700  best=0.089000  (early_stop@23, trial=1.5min, avg=2.4min/trial, total=45.4min, ETA=2.4min)
[TRIAL_METRICS] cur_best_mrr20=0.087700 cur_best_hr10=0.156600 cur_test_mrr20=0.067800 cur_test_hr10=0.151900 avg_epoch_time_sec=3.9501 test_eval_time_sec=0.0478 test_eval_batches_per_sec=20.9072 test_eval_targets_per_sec=12481.6165 run_best_mrr20=0.089000 run_best_hr10=0.160600 run_test_mrr20=0.061000 run_test_hr10=0.146100

[20/20] MAX_ITEM_LIST_LENGTH=10, attn_dropout_prob=0.08, d_router_hidden=64, expert_scale=4, learning_rate=0.0007146, route_consistency_lambda=0.0012, stage_feature_dropout_prob=0, weight_decay=1e-06, z_loss_lambda=0.0002
  -> MRR@20=0.091700  best=0.091700  (early_stop@53, trial=3.8min, avg=2.5min/trial, total=49.2min, ETA=0s)
[TRIAL_METRICS] cur_best_mrr20=0.091700 cur_best_hr10=0.160600 cur_test_mrr20=0.066000 cur_test_hr10=0.131800 avg_epoch_time_sec=4.3204 test_eval_time_sec=0.0490 test_eval_batches_per_sec=20.4026 test_eval_targets_per_sec=12180.3484 run_best_mrr20=0.091700 run_best_hr10=0.160600 run_test_mrr20=0.066000 run_test_hr10=0.131800
[1;35mEvaluate   [0m:   0%|                                                            | 0/1 [00:00<?, ?it/s][0m[1;35mEvaluate   [0m:   0%|                                   | 0/1 [00:00<?, ?it/s, [1;33mGPU RAM: 7.84 G/23.52 G[0m][0m[1;35mEvaluate   [0m: 100%|███████████████████████████| 1/1 [00:00<00:00,  3.29it/s, [1;33mGPU RAM: 7.84 G/23.52 G[0m][0m                                                                                                    [1;35mEvaluate   [0m:   0%|                                                            | 0/1 [00:00<?, ?it/s][0m[1;35mEvaluate   [0m:   0%|                                   | 0/1 [00:00<?, ?it/s, [1;33mGPU RAM: 7.84 G/23.52 G[0m][0m[1;35mEvaluate   [0m: 100%|███████████████████████████| 1/1 [00:00<00:00,  3.95it/s, [1;33mGPU RAM: 7.84 G/23.52 G[0m][0m                                                                                                    [1;35mEvaluate   [0m:   0%|                                                            | 0/1 [00:00<?, ?it/s][0m[1;35mEvaluate   [0m:   0%|                                   | 0/1 [00:00<?, ?it/s, [1;33mGPU RAM: 7.84 G/23.52 G[0m][0m[1;35mEvaluate   [0m: 100%|███████████████████████████| 1/1 [00:00<00:00,  3.64it/s, [1;33mGPU RAM: 7.84 G/23.52 G[0m][0m                                                                                                    
=================================================================
  DONE  |  FeaturedMoE_N3 x beauty
  Best MRR@20 = 0.091700  |  20/20 trials OK
  Best HR@10  = 0.160600
  Test MRR@20 = 0.066000  (best-valid checkpoint)
  Test HR@10  = 0.131800  (best-valid checkpoint)
  Avg epoch time = 4.320 sec/epoch
  Final test eval = 0.049 sec | batches/s=20.403 | targets/s=12180.348
[RUN_METRICS] best_valid_mrr20=0.091700 best_valid_hr10=0.160600 test_mrr20=0.066000 test_hr10=0.131800 avg_epoch_time_sec=4.3204 test_eval_time_sec=0.0490 test_eval_batches_per_sec=20.4026 test_eval_targets_per_sec=12180.3484
  Total time: 49.3 min
  Best params:
    MAX_ITEM_LIST_LENGTH: 10
    attn_dropout_prob: 0.08
    d_router_hidden: 64
    expert_scale: 4
    learning_rate: 0.00071462
    route_consistency_lambda: 0.0012
    stage_feature_dropout_prob: 0
    weight_decay: 1e-06
    z_loss_lambda: 0.0002
  Results -> /workspace/FeaturedMoE/experiments/run/artifacts/results/final_experiment/beauty_FeaturedMoE_N3_s1_beauty_featured_moe_n3_r06_20260417_160157_391503_pid1595222.json
  Normal mirror -> /workspace/FeaturedMoE/experiments/run/artifacts/results/final_experiment/normal/stage1_broad_search/S1/beauty/FMoEN3/beauty_FeaturedMoE_N3_s1_beauty_featured_moe_n3_r06_20260417_160157_391503_pid1595222.json
  Special result -> /workspace/FeaturedMoE/experiments/run/artifacts/results/final_experiment/special/stage1_broad_search/S1/beauty/FMoEN3/beauty_FeaturedMoE_N3_s1_beauty_featured_moe_n3_r06_20260417_160157_391503_pid1595222_special_metrics.json
  Special log -> /workspace/FeaturedMoE/experiments/run/artifacts/logs/final_experiment/special/stage1_broad_search/S1/beauty/FMoEN3/beauty_FeaturedMoE_N3_s1_beauty_featured_moe_n3_r06_20260417_160157_391503_pid1595222_special_metrics.json
=================================================================

[RUN_STATUS] END status=normal pid=1595222 start=2026-04-17T16:01:56 end=2026-04-17T16:51:14
