[STAGEG_CROSS6X9_ANCHOR2_CORE5_SETTING_HEADER]
run_phase=P22_SG_D02_M02_C01_GRU4REC_MANUAL_AB_GRU_RECOVER_G_S2 run_id=SG_AMAZON_BEAUTY_GRU4REC_MANUAL_AB_GRU_RECOVER_G_S2 phase_id=P22 axis_id=SG model=GRU4Rec candidate_id=MANUAL_AB_GRU_RECOVER_G seed=2
dataset=amazon_beauty gpu=6 order=0 candidate_source=manual source_stage=manual_bank transfer_from_dataset=
max_evals=7 tune_epochs=48 tune_patience=7
seed=220004

[COMMAND]
- /venv/FMoE/bin/python hyperopt_tune.py --config-name tune_ab --max-evals 7 --tune-epochs 48 --tune-patience 7 --seed 220004 --run-group baseline --run-axis StageG_Cross6x9_anchor2_core5 --run-phase P22_SG_D02_M02_C01_GRU4REC_MANUAL_AB_GRU_RECOVER_G_S2 model=gru4rec dataset=amazon_beauty eval_mode=session_fixed feature_mode=full_v3 gpu_id=6 log_wandb=false show_progress=false ++special_logging=true ++seed=220004 ++search={learning_rate:[0.0012,0.009]} ++search_space_type_overrides={learning_rate:"loguniform"} ++weight_decay=4.84e-05 ++search.weight_decay=[4.84e-05] ++search_space_type_overrides.weight_decay=choice ++search.n_layers=[3] ++search_space_type_overrides.n_layers=choice ++search.num_layers=[3] ++search_space_type_overrides.num_layers=choice ++search.n_heads=[4] ++search_space_type_overrides.n_heads=choice ++search.num_heads=[4] ++search_space_type_overrides.num_heads=choice ++search.dropout_ratio=[0.06] ++search_space_type_overrides.dropout_ratio=choice ++search.dropout_prob=[0.06] ++search_space_type_overrides.dropout_prob=choice ++search.hidden_dropout_prob=[0.06] ++search_space_type_overrides.hidden_dropout_prob=choice ++search.attn_dropout_prob=[0.06] ++search_space_type_overrides.attn_dropout_prob=choice ++search.hidden_size=[264] ++search_space_type_overrides.hidden_size=choice ++search.embedding_size=[264] ++search_space_type_overrides.embedding_size=choice ++search.inner_size=[288] ++search_space_type_overrides.inner_size=choice ++search.time_span=[384] ++search_space_type_overrides.time_span=choice ++search.num_experts=[6] ++search_space_type_overrides.num_experts=choice ++search.state_size=[24] ++search_space_type_overrides.state_size=choice ++search.conv_kernel=[6] ++search_space_type_overrides.conv_kernel=choice ++search.remaining_ratio=[0.6] ++search_space_type_overrides.remaining_ratio=choice ++search.MAX_ITEM_LIST_LENGTH=[10] ++search_space_type_overrides.MAX_ITEM_LIST_LENGTH=choice ++dropout_prob=0.06 ++train_batch_size=3379 ++eval_batch_size=4505 ++hidden_size=264 ++embedding_size=264 ++MAX_ITEM_LIST_LENGTH=10 ++num_layers=3
/venv/FMoE/lib/python3.10/site-packages/ray/_private/parameter.py:4: UserWarning: pkg_resources is deprecated as an API. See https://setuptools.pypa.io/en/latest/pkg_resources.html. The pkg_resources package is slated for removal as early as 2025-11-30. Refrain from using this package or pin to Setuptools<81.
  import pkg_resources
[RUN_STATUS] START pid=335108 ts=2026-04-07T13:02:32

=================================================================
  Hyperopt TPE  |  GRU4Rec x amazon_beauty
  max_evals=7  epochs=48  patience=7  wandb=off
  batch_size(train/valid/test)=3379/4505/4505
  track=baseline  axis=stageg_cross6x9_anchor2_core5  phase=P22_SG_D02_M02_C01_GRU4REC_MANUAL_AB_GRU_RECOVER_G_S2
=================================================================
Changed knobs: learning_rate
Tuned params(len>1): 1  (~1 discrete combos)
Tuned groups: 1
  [optimization]
    learning_rate                   [0.0012, 0.009]                           -> loguniform
Fixed params(singleton/non-list): 18
Fixed groups: 18
  [optimization]
    hidden_dropout_prob             0.06                                    
    weight_decay                    4.84e-05                                
  [model_core]
    attn_dropout_prob               0.06                                    
    dropout_prob                    0.06                                    
    dropout_ratio                   0.06                                    
    embedding_size                  264                                     
    hidden_size                     264                                     
    inner_size                      288                                     
    num_heads                       4                                       
    num_layers                      3                                       
  [other]
    MAX_ITEM_LIST_LENGTH            10                                      
    conv_kernel                     6                                       
    n_heads                         4                                       
    n_layers                        3                                       
    num_experts                     6                                       
    remaining_ratio                 0.6                                     
    state_size                      24                                      
    time_span                       384                                     

[Wandb] disabled for this hyperopt run

[1/7] learning_rate=0.004386
  -> MRR@20=0.001500  best=0.001500  (early_stop@14, trial=3s, avg=5s/trial, total=5s, ETA=31s)
[TRIAL_METRICS] cur_best_mrr20=0.001500 cur_best_hr10=0.008800 cur_test_mrr20=0.000400 cur_test_hr10=0.000000 run_best_mrr20=0.001500 run_best_hr10=0.008800 run_test_mrr20=0.000400 run_test_hr10=0.000000

[2/7] learning_rate=0.003824
  -> MRR@20=0.004700  best=0.004700  (early_stop@11, trial=1s, avg=3s/trial, total=7s, ETA=17s)
[TRIAL_METRICS] cur_best_mrr20=0.004700 cur_best_hr10=0.017700 cur_test_mrr20=0.000000 cur_test_hr10=0.000000 run_best_mrr20=0.004700 run_best_hr10=0.017700 run_test_mrr20=0.000000 run_test_hr10=0.000000

[3/7] learning_rate=0.006049
  -> MRR@20=0.001800  best=0.004700  (early_stop@14, trial=2s, avg=3s/trial, total=9s, ETA=12s)
[TRIAL_METRICS] cur_best_mrr20=0.001800 cur_best_hr10=0.017700 cur_test_mrr20=0.001300 cur_test_hr10=0.008800 run_best_mrr20=0.004700 run_best_hr10=0.017700 run_test_mrr20=0.000000 run_test_hr10=0.000000

[4/7] learning_rate=0.005086
  -> MRR@20=0.002200  best=0.004700  (early_stop@10, trial=1s, avg=3s/trial, total=11s, ETA=8s)
[TRIAL_METRICS] cur_best_mrr20=0.002200 cur_best_hr10=0.008800 cur_test_mrr20=0.001900 cur_test_hr10=0.008800 run_best_mrr20=0.004700 run_best_hr10=0.017700 run_test_mrr20=0.000000 run_test_hr10=0.000000

[5/7] learning_rate=0.002699
  -> MRR@20=0.001100  best=0.004700  (early_stop@14, trial=2s, avg=3s/trial, total=13s, ETA=5s)
[TRIAL_METRICS] cur_best_mrr20=0.001100 cur_best_hr10=0.008800 cur_test_mrr20=0.000000 cur_test_hr10=0.000000 run_best_mrr20=0.004700 run_best_hr10=0.017700 run_test_mrr20=0.000000 run_test_hr10=0.000000

[6/7] learning_rate=0.001459
  -> MRR@20=0.001500  best=0.004700  (early_stop@11, trial=2s, avg=2s/trial, total=15s, ETA=2s)
[TRIAL_METRICS] cur_best_mrr20=0.001500 cur_best_hr10=0.000000 cur_test_mrr20=0.000000 cur_test_hr10=0.000000 run_best_mrr20=0.004700 run_best_hr10=0.017700 run_test_mrr20=0.000000 run_test_hr10=0.000000

[7/7] learning_rate=0.002679
  -> MRR@20=0.002200  best=0.004700  (early_stop@20, trial=2s, avg=2s/trial, total=17s, ETA=0s)
[TRIAL_METRICS] cur_best_mrr20=0.002200 cur_best_hr10=0.008800 cur_test_mrr20=0.000000 cur_test_hr10=0.000000 run_best_mrr20=0.004700 run_best_hr10=0.017700 run_test_mrr20=0.000000 run_test_hr10=0.000000

=================================================================
  DONE  |  GRU4Rec x amazon_beauty
  Best MRR@20 = 0.004700  |  7/7 trials OK
  Best HR@10  = 0.017700
  Test MRR@20 = 0.000000  (best-valid checkpoint)
  Test HR@10  = 0.000000  (best-valid checkpoint)
[RUN_METRICS] best_valid_mrr20=0.004700 best_valid_hr10=0.017700 test_mrr20=0.000000 test_hr10=0.000000
  Total time: 0.3 min
  Best params:
    learning_rate: 0.00382405
  Results -> /workspace/jy1559/FMoE/experiments/run/artifacts/results/baseline/amazon_beauty_GRU4Rec_p22_sg_d02_m02_c01_gru4rec_manual_ab_gru_recover_g_s2_20260407_130232_500536_pid335108.json
  Normal mirror -> /workspace/jy1559/FMoE/experiments/run/artifacts/results/baseline/normal/stageg_cross6x9_anchor2_core5/P22/amazon_beauty/GRU4Rec/amazon_beauty_GRU4Rec_p22_sg_d02_m02_c01_gru4rec_manual_ab_gru_recover_g_s2_20260407_130232_500536_pid335108.json
  Special result -> /workspace/jy1559/FMoE/experiments/run/artifacts/results/baseline/special/stageg_cross6x9_anchor2_core5/P22/amazon_beauty/GRU4Rec/amazon_beauty_GRU4Rec_p22_sg_d02_m02_c01_gru4rec_manual_ab_gru_recover_g_s2_20260407_130232_500536_pid335108_special_metrics.json
  Special log -> /workspace/jy1559/FMoE/experiments/run/artifacts/logs/baseline/special/stageg_cross6x9_anchor2_core5/P22/amazon_beauty/GRU4Rec/amazon_beauty_GRU4Rec_p22_sg_d02_m02_c01_gru4rec_manual_ab_gru_recover_g_s2_20260407_130232_500536_pid335108_special_metrics.json
=================================================================

[RUN_STATUS] END status=normal pid=335108 start=2026-04-07T13:02:32 end=2026-04-07T13:02:49
