[FMOE_N4_CROSS_DATASET_A12_PORTFOLIO_SETTING_HEADER]
run_phase=P4XD_XD_BEAUTY_B25_LR_H8_SEEN_ANCHOR_S1 exp_brief=A12_ATTN_MICRO_BEFORE_NO_BIAS_ALL_W5 phase_id=P4XD axis_id=N4XDA12 setting_id=B25_lr_h8_seen_anchor hparam_id= seed=1
desc=B25_lr_h8_seen_anchor
dataset=beauty gpu=0 order=1
max_evals=24 tune_epochs=100 tune_patience=10
seed=264000

[COMMAND]
- /venv/FMoE/bin/python hyperopt_tune.py --config-name config --search-algo tpe --max-evals 24 --tune-epochs 100 --tune-patience 10 --seed 264000 --run-group fmoe_n4 --run-axis CrossDataset_A12_Portfolio --run-phase P4XD_XD_BEAUTY_B25_LR_H8_SEEN_ANCHOR_S1 model=featured_moe_n3_tune dataset=beauty eval_mode=session_fixed feature_mode=full_v3 ++eval_sampling.mode=full ++eval_sampling.auto_full_threshold=999999999 ++special_logging=true ++exclude_unseen_target_from_main_eval=true ++log_unseen_target_metrics=true gpu_id=0 log_wandb=false enable_tf32=true fmoe_debug_logging=false fmoe_diag_logging=true fmoe_special_logging=true fmoe_feature_ablation_logging=false fmoe_eval_logging_timing=final_only ++fmoe_logging_output_root="run/artifacts/logging" ++fmoe_logging_layout="axis_dataset_arch_hparam" ++fmoe_architecture_id="A12" ++fmoe_architecture_key="A12_ATTN_MICRO_BEFORE_NO_BIAS_ALL_W5" ++fmoe_hparam_id="H8" ++fmoe_phase="P4XD" train_batch_size=3584 eval_batch_size=4608 ++phase_run_type="stage1" ++phase_axis_id="N4XDA12" ++phase_axis_desc="cross_dataset_a12_portfolio" ++phase_setting_id="B25_lr_h8_seen_anchor" ++phase_setting_key="B25_lr_h8_seen_anchor" ++phase_hparam_id="H8" ++phase_seed_id=1 ++phase_run_id="XD_BEAUTY_B25_LR_H8_SEEN_ANCHOR_S1" ++layer_layout=["attn","macro_ffn","mid_ffn","attn","micro_ffn"] ++stage_compute_mode={macro:"moe",mid:"moe",micro:"moe"} ++stage_router_mode={macro:"learned",mid:"learned",micro:"learned"} ++stage_router_source={macro:"both",mid:"both",micro:"both"} ++stage_feature_injection={macro:"none",mid:"none",micro:"none"} ++topk_scope_mode="global_flat" ++moe_top_k=0 ++balance_loss_lambda=0.0 ++z_loss_lambda=0.0002 ++gate_entropy_lambda=0.0 ++route_smoothness_lambda=0.0 ++route_consistency_lambda=0.0008 ++route_sharpness_lambda=0.0 ++route_monopoly_lambda=0.0 ++route_monopoly_tau=0.25 ++route_prior_lambda=0.0 ++group_prior_align_lambda=0.0 ++factored_group_balance_lambda=0.0 ++rule_agreement_lambda=0.0 ++group_coverage_lambda=0.0 ++feature_group_bias_lambda=0.0 ++rule_bias_scale=0.0 ++primitive_balance_lambda=0.0 ++wrapper_group_feature_align_lambda=0.0 ++stage_router_primitives={macro:{a_joint:{source:"feature",temperature:1.0,top_k:0},b_group:{source:"feature",temperature:1.0,top_k:0},c_shared:{source:"feature",temperature:1.0,top_k:0},d_cond:{source:"feature",temperature:1.0,top_k:0},e_scalar:{source:"feature",temperature:1.0,top_k:0},wrapper:{alpha_d:1.0,alpha_struct:1.0,alpha_a:1.0}},mid:{a_joint:{source:"feature",temperature:1.0,top_k:0},b_group:{source:"feature",temperature:1.0,top_k:0},c_shared:{source:"feature",temperature:1.0,top_k:0},d_cond:{source:"feature",temperature:1.0,top_k:0},e_scalar:{source:"feature",temperature:1.0,top_k:0},wrapper:{alpha_d:1.0,alpha_struct:1.0,alpha_a:1.0}},micro:{a_joint:{source:"feature",temperature:1.0,top_k:0},b_group:{source:"feature",temperature:1.0,top_k:0},c_shared:{source:"feature",temperature:1.0,top_k:0},d_cond:{source:"feature",temperature:1.0,top_k:0},e_scalar:{source:"feature",temperature:1.0,top_k:0},wrapper:{alpha_d:1.0,alpha_struct:1.0,alpha_a:1.0}}} ++stage_router_wrapper={macro:"w5_exd",mid:"w5_exd",micro:"w5_exd"} ++stage_router_granularity={macro:"session",mid:"session",micro:"token"} ++macro_history_window=5 ++route_consistency_pairs=1 ++route_consistency_min_sim=0.995 ++bias_mode="none" ++stage_family_dropout_prob={macro:0.04,mid:0.04,micro:0.04} ++stage_feature_dropout_prob={macro:0.0,mid:0.0,micro:0.0} ++stage_feature_dropout_scope={macro:"token",mid:"token",micro:"token"} ++embedding_size=128 ++d_ff=256 ++d_expert_hidden=128 ++d_router_hidden=64 ++MAX_ITEM_LIST_LENGTH=20 ++d_feat_emb=12 ++expert_scale=2 ++lr_scheduler_type="warmup_cosine" ++num_heads=4 ++search.learning_rate=[0.0002,0.008] ++search_space_type_overrides.learning_rate=loguniform ++search.hidden_dropout_prob=[0.18,0.2] ++search_space_type_overrides.hidden_dropout_prob=choice ++search.attn_dropout_prob=[0.1] ++search_space_type_overrides.attn_dropout_prob=choice ++search.weight_decay=[3.125e-07] ++search_space_type_overrides.weight_decay=choice ++search.MAX_ITEM_LIST_LENGTH=[20,30] ++search_space_type_overrides.MAX_ITEM_LIST_LENGTH=choice ++search.stage_family_dropout_prob=[{macro:0.03,mid:0.03,micro:0.03},{macro:0.04,mid:0.04,micro:0.04}] ++search_space_type_overrides.stage_family_dropout_prob=choice ++search.d_feat_emb=[12,16] ++search_space_type_overrides.d_feat_emb=choice ++search.expert_scale=[2,3] ++search_space_type_overrides.expert_scale=choice ++search.lr_scheduler_min_lr_ratio=[0.05,0.1] ++search_space_type_overrides.lr_scheduler_min_lr_ratio=choice
/venv/FMoE/lib/python3.10/site-packages/ray/_private/parameter.py:4: UserWarning: pkg_resources is deprecated as an API. See https://setuptools.pypa.io/en/latest/pkg_resources.html. The pkg_resources package is slated for removal as early as 2025-11-30. Refrain from using this package or pin to Setuptools<81.
  import pkg_resources
[RUN_STATUS] START pid=244350 ts=2026-04-16T03:02:00

=================================================================
  Hyperopt  |  FeaturedMoE_N3 x beauty
  max_evals=24  epochs=100  patience=10  wandb=off
  search_algo=tpe
  batch_size(train/valid/test)=3584/4608/4608
  track=fmoe_n4  axis=crossdataset_a12_portfolio  phase=P4XD_XD_BEAUTY_B25_LR_H8_SEEN_ANCHOR_S1
=================================================================
Changed knobs: MAX_ITEM_LIST_LENGTH, d_feat_emb, expert_scale, hidden_dropout_prob, learning_rate, lr_scheduler_min_lr_ratio, stage_family_dropout_prob
Tuned params(len>1): 7  (~64 discrete combos)
Tuned groups: 7
  [optimization]
    hidden_dropout_prob             [0.18, 0.2]                               -> choice
    learning_rate                   [0.0002, 0.008]                           -> loguniform
  [model_core]
    d_feat_emb                      [12, 16]                                  -> choice
    expert_scale                    [2, 3]                                    -> choice
    stage_family_dropout_prob       [{'macro': 0.03, 'mid': 0.03, 'micro': 0.03}, {'macro': 0.04, 'mid': 0.04, 'micro': 0.04}]  -> choice
  [other]
    MAX_ITEM_LIST_LENGTH            [20, 30]                                  -> choice
    lr_scheduler_min_lr_ratio       [0.05, 0.1]                               -> choice
Fixed params(singleton/non-list): 2
Fixed groups: 2
  [optimization]
    weight_decay                    3.125e-07                               
  [model_core]
    attn_dropout_prob               0.1                                     

[Wandb] disabled for this hyperopt run

[1/24] MAX_ITEM_LIST_LENGTH=30, d_feat_emb=12, expert_scale=3, hidden_dropout_prob=0.2, learning_rate=0.004574, lr_scheduler_min_lr_ratio=0.1, stage_family_dropout_prob={'macro': 0.04, 'micro': 0.04, 'mid': 0.04}
  -> MRR@20=0.059400  best=0.059400  (early_stop@25, trial=42s, avg=47s/trial, total=47s, ETA=17.9min)
[TRIAL_METRICS] cur_best_mrr20=0.059400 cur_best_hr10=0.109800 cur_test_mrr20=0.071300 cur_test_hr10=0.126500 run_best_mrr20=0.059400 run_best_hr10=0.109800 run_test_mrr20=0.071300 run_test_hr10=0.126500

[2/24] MAX_ITEM_LIST_LENGTH=20, d_feat_emb=12, expert_scale=3, hidden_dropout_prob=0.18, learning_rate=0.005063, lr_scheduler_min_lr_ratio=0.05, stage_family_dropout_prob={'macro': 0.03, 'micro': 0.03, 'mid': 0.03}
  -> MRR@20=0.062700  best=0.062700  (early_stop@16, trial=24s, avg=35s/trial, total=1.2min, ETA=13.0min)
[TRIAL_METRICS] cur_best_mrr20=0.062700 cur_best_hr10=0.133200 cur_test_mrr20=0.067500 cur_test_hr10=0.135800 run_best_mrr20=0.062700 run_best_hr10=0.133200 run_test_mrr20=0.067500 run_test_hr10=0.135800

[3/24] MAX_ITEM_LIST_LENGTH=30, d_feat_emb=16, expert_scale=3, hidden_dropout_prob=0.18, learning_rate=0.0008697, lr_scheduler_min_lr_ratio=0.05, stage_family_dropout_prob={'macro': 0.04, 'micro': 0.04, 'mid': 0.04}
  -> MRR@20=0.062100  best=0.062700  (early_stop@37, trial=1.0min, avg=44s/trial, total=2.2min, ETA=15.5min)
[TRIAL_METRICS] cur_best_mrr20=0.062100 cur_best_hr10=0.128500 cur_test_mrr20=0.072400 cur_test_hr10=0.126500 run_best_mrr20=0.062700 run_best_hr10=0.133200 run_test_mrr20=0.067500 run_test_hr10=0.135800

[4/24] MAX_ITEM_LIST_LENGTH=30, d_feat_emb=16, expert_scale=2, hidden_dropout_prob=0.18, learning_rate=0.0004293, lr_scheduler_min_lr_ratio=0.1, stage_family_dropout_prob={'macro': 0.04, 'micro': 0.04, 'mid': 0.04}
  -> MRR@20=0.058900  best=0.062700  (early_stop@51, trial=1.3min, avg=52s/trial, total=3.5min, ETA=17.3min)
[TRIAL_METRICS] cur_best_mrr20=0.058900 cur_best_hr10=0.137900 cur_test_mrr20=0.058900 cur_test_hr10=0.128800 run_best_mrr20=0.062700 run_best_hr10=0.133200 run_test_mrr20=0.067500 run_test_hr10=0.135800

[5/24] MAX_ITEM_LIST_LENGTH=30, d_feat_emb=12, expert_scale=2, hidden_dropout_prob=0.2, learning_rate=0.006235, lr_scheduler_min_lr_ratio=0.05, stage_family_dropout_prob={'macro': 0.03, 'micro': 0.03, 'mid': 0.03}
  -> MRR@20=0.056200  best=0.062700  (early_stop@21, trial=31s, avg=48s/trial, total=4.0min, ETA=15.2min)
[TRIAL_METRICS] cur_best_mrr20=0.056200 cur_best_hr10=0.121500 cur_test_mrr20=0.075000 cur_test_hr10=0.140500 run_best_mrr20=0.062700 run_best_hr10=0.133200 run_test_mrr20=0.067500 run_test_hr10=0.135800

[6/24] MAX_ITEM_LIST_LENGTH=30, d_feat_emb=16, expert_scale=2, hidden_dropout_prob=0.2, learning_rate=0.0003188, lr_scheduler_min_lr_ratio=0.1, stage_family_dropout_prob={'macro': 0.04, 'micro': 0.04, 'mid': 0.04}
  -> MRR@20=0.052900  best=0.062700  (early_stop@53, trial=1.3min, avg=53s/trial, total=5.3min, ETA=16.0min)
[TRIAL_METRICS] cur_best_mrr20=0.052900 cur_best_hr10=0.121500 cur_test_mrr20=0.055200 cur_test_hr10=0.131100 run_best_mrr20=0.062700 run_best_hr10=0.133200 run_test_mrr20=0.067500 run_test_hr10=0.135800

[7/24] MAX_ITEM_LIST_LENGTH=20, d_feat_emb=16, expert_scale=2, hidden_dropout_prob=0.2, learning_rate=0.0005178, lr_scheduler_min_lr_ratio=0.05, stage_family_dropout_prob={'macro': 0.03, 'micro': 0.03, 'mid': 0.03}
  -> MRR@20=0.071100  best=0.071100  (early_stop@42, trial=56s, avg=54s/trial, total=6.3min, ETA=15.3min)
[TRIAL_METRICS] cur_best_mrr20=0.071100 cur_best_hr10=0.126200 cur_test_mrr20=0.067600 cur_test_hr10=0.140500 run_best_mrr20=0.071100 run_best_hr10=0.126200 run_test_mrr20=0.067600 run_test_hr10=0.140500

[8/24] MAX_ITEM_LIST_LENGTH=20, d_feat_emb=12, expert_scale=2, hidden_dropout_prob=0.2, learning_rate=0.001334, lr_scheduler_min_lr_ratio=0.1, stage_family_dropout_prob={'macro': 0.04, 'micro': 0.04, 'mid': 0.04}
  -> MRR@20=0.077100  best=0.077100  (early_stop@32, trial=44s, avg=53s/trial, total=7.0min, ETA=14.0min)
[TRIAL_METRICS] cur_best_mrr20=0.077100 cur_best_hr10=0.144900 cur_test_mrr20=0.074900 cur_test_hr10=0.140500 run_best_mrr20=0.077100 run_best_hr10=0.144900 run_test_mrr20=0.074900 run_test_hr10=0.140500

[9/24] MAX_ITEM_LIST_LENGTH=30, d_feat_emb=12, expert_scale=3, hidden_dropout_prob=0.18, learning_rate=0.0002315, lr_scheduler_min_lr_ratio=0.05, stage_family_dropout_prob={'macro': 0.03, 'micro': 0.03, 'mid': 0.03}
  -> MRR@20=0.047000  best=0.077100  (full@100, trial=2.7min, avg=1.1min/trial, total=9.7min, ETA=16.2min)
[TRIAL_METRICS] cur_best_mrr20=0.047000 cur_best_hr10=0.116800 cur_test_mrr20=0.049000 cur_test_hr10=0.124100 run_best_mrr20=0.077100 run_best_hr10=0.144900 run_test_mrr20=0.074900 run_test_hr10=0.140500

[10/24] MAX_ITEM_LIST_LENGTH=30, d_feat_emb=12, expert_scale=3, hidden_dropout_prob=0.2, learning_rate=0.001051, lr_scheduler_min_lr_ratio=0.1, stage_family_dropout_prob={'macro': 0.04, 'micro': 0.04, 'mid': 0.04}
  -> MRR@20=0.068500  best=0.077100  (early_stop@55, trial=1.5min, avg=1.1min/trial, total=11.2min, ETA=15.7min)
[TRIAL_METRICS] cur_best_mrr20=0.068500 cur_best_hr10=0.130800 cur_test_mrr20=0.073200 cur_test_hr10=0.138200 run_best_mrr20=0.077100 run_best_hr10=0.144900 run_test_mrr20=0.074900 run_test_hr10=0.140500

[11/24] MAX_ITEM_LIST_LENGTH=30, d_feat_emb=12, expert_scale=3, hidden_dropout_prob=0.2, learning_rate=0.0006391, lr_scheduler_min_lr_ratio=0.1, stage_family_dropout_prob={'macro': 0.03, 'micro': 0.03, 'mid': 0.03}
  -> MRR@20=0.067300  best=0.077100  (early_stop@61, trial=1.6min, avg=1.2min/trial, total=12.8min, ETA=15.2min)
[TRIAL_METRICS] cur_best_mrr20=0.067300 cur_best_hr10=0.133200 cur_test_mrr20=0.069700 cur_test_hr10=0.133500 run_best_mrr20=0.077100 run_best_hr10=0.144900 run_test_mrr20=0.074900 run_test_hr10=0.140500

[12/24] MAX_ITEM_LIST_LENGTH=20, d_feat_emb=16, expert_scale=2, hidden_dropout_prob=0.2, learning_rate=0.0005097, lr_scheduler_min_lr_ratio=0.1, stage_family_dropout_prob={'macro': 0.04, 'micro': 0.04, 'mid': 0.04}
  -> MRR@20=0.074800  best=0.077100  (early_stop@74, trial=1.7min, avg=1.2min/trial, total=14.5min, ETA=14.5min)
[TRIAL_METRICS] cur_best_mrr20=0.074800 cur_best_hr10=0.133200 cur_test_mrr20=0.070800 cur_test_hr10=0.133500 run_best_mrr20=0.077100 run_best_hr10=0.144900 run_test_mrr20=0.074900 run_test_hr10=0.140500

[13/24] MAX_ITEM_LIST_LENGTH=30, d_feat_emb=16, expert_scale=2, hidden_dropout_prob=0.2, learning_rate=0.006803, lr_scheduler_min_lr_ratio=0.1, stage_family_dropout_prob={'macro': 0.04, 'micro': 0.04, 'mid': 0.04}
  -> MRR@20=0.052300  best=0.077100  (early_stop@21, trial=32s, avg=1.2min/trial, total=15.0min, ETA=12.7min)
[TRIAL_METRICS] cur_best_mrr20=0.052300 cur_best_hr10=0.098100 cur_test_mrr20=0.055800 cur_test_hr10=0.117100 run_best_mrr20=0.077100 run_best_hr10=0.144900 run_test_mrr20=0.074900 run_test_hr10=0.140500

[14/24] MAX_ITEM_LIST_LENGTH=30, d_feat_emb=12, expert_scale=2, hidden_dropout_prob=0.2, learning_rate=0.001172, lr_scheduler_min_lr_ratio=0.1, stage_family_dropout_prob={'macro': 0.04, 'micro': 0.04, 'mid': 0.04}
  -> MRR@20=0.064800  best=0.077100  (early_stop@33, trial=48s, avg=1.1min/trial, total=15.8min, ETA=11.3min)
[TRIAL_METRICS] cur_best_mrr20=0.064800 cur_best_hr10=0.149500 cur_test_mrr20=0.058300 cur_test_hr10=0.135800 run_best_mrr20=0.077100 run_best_hr10=0.144900 run_test_mrr20=0.074900 run_test_hr10=0.140500

[15/24] MAX_ITEM_LIST_LENGTH=20, d_feat_emb=16, expert_scale=2, hidden_dropout_prob=0.2, learning_rate=0.000324, lr_scheduler_min_lr_ratio=0.05, stage_family_dropout_prob={'macro': 0.04, 'micro': 0.04, 'mid': 0.04}
  -> MRR@20=0.069700  best=0.077100  (early_stop@77, trial=1.7min, avg=1.2min/trial, total=17.6min, ETA=10.5min)
[TRIAL_METRICS] cur_best_mrr20=0.069700 cur_best_hr10=0.126200 cur_test_mrr20=0.066800 cur_test_hr10=0.142900 run_best_mrr20=0.077100 run_best_hr10=0.144900 run_test_mrr20=0.074900 run_test_hr10=0.140500

[16/24] MAX_ITEM_LIST_LENGTH=30, d_feat_emb=12, expert_scale=3, hidden_dropout_prob=0.18, learning_rate=0.0002667, lr_scheduler_min_lr_ratio=0.1, stage_family_dropout_prob={'macro': 0.04, 'micro': 0.04, 'mid': 0.04}
  -> MRR@20=0.054200  best=0.077100  (full@100, trial=2.7min, avg=1.3min/trial, total=20.3min, ETA=10.1min)
[TRIAL_METRICS] cur_best_mrr20=0.054200 cur_best_hr10=0.123800 cur_test_mrr20=0.053400 cur_test_hr10=0.128800 run_best_mrr20=0.077100 run_best_hr10=0.144900 run_test_mrr20=0.074900 run_test_hr10=0.140500

[17/24] MAX_ITEM_LIST_LENGTH=20, d_feat_emb=12, expert_scale=3, hidden_dropout_prob=0.18, learning_rate=0.003132, lr_scheduler_min_lr_ratio=0.05, stage_family_dropout_prob={'macro': 0.03, 'micro': 0.03, 'mid': 0.03}
  -> MRR@20=0.080400  best=0.080400  (early_stop@20, trial=29s, avg=1.2min/trial, total=20.8min, ETA=8.6min)
[TRIAL_METRICS] cur_best_mrr20=0.080400 cur_best_hr10=0.142500 cur_test_mrr20=0.076500 cur_test_hr10=0.149900 run_best_mrr20=0.080400 run_best_hr10=0.142500 run_test_mrr20=0.076500 run_test_hr10=0.149900

[18/24] MAX_ITEM_LIST_LENGTH=20, d_feat_emb=16, expert_scale=2, hidden_dropout_prob=0.2, learning_rate=0.0006362, lr_scheduler_min_lr_ratio=0.1, stage_family_dropout_prob={'macro': 0.03, 'micro': 0.03, 'mid': 0.03}
  -> MRR@20=0.074000  best=0.080400  (early_stop@53, trial=1.2min, avg=1.2min/trial, total=22.0min, ETA=7.3min)
[TRIAL_METRICS] cur_best_mrr20=0.074000 cur_best_hr10=0.140200 cur_test_mrr20=0.072200 cur_test_hr10=0.131100 run_best_mrr20=0.080400 run_best_hr10=0.142500 run_test_mrr20=0.076500 run_test_hr10=0.149900

[19/24] MAX_ITEM_LIST_LENGTH=20, d_feat_emb=12, expert_scale=3, hidden_dropout_prob=0.18, learning_rate=0.002296, lr_scheduler_min_lr_ratio=0.1, stage_family_dropout_prob={'macro': 0.04, 'micro': 0.04, 'mid': 0.04}
  -> MRR@20=0.081200  best=0.081200  (early_stop@21, trial=30s, avg=1.2min/trial, total=22.5min, ETA=5.9min)
[TRIAL_METRICS] cur_best_mrr20=0.081200 cur_best_hr10=0.149500 cur_test_mrr20=0.079100 cur_test_hr10=0.161600 run_best_mrr20=0.081200 run_best_hr10=0.149500 run_test_mrr20=0.079100 run_test_hr10=0.161600

[20/24] MAX_ITEM_LIST_LENGTH=30, d_feat_emb=16, expert_scale=3, hidden_dropout_prob=0.18, learning_rate=0.0008383, lr_scheduler_min_lr_ratio=0.1, stage_family_dropout_prob={'macro': 0.03, 'micro': 0.03, 'mid': 0.03}
  -> MRR@20=0.063900  best=0.081200  (early_stop@38, trial=1.0min, avg=1.2min/trial, total=23.6min, ETA=4.7min)
[TRIAL_METRICS] cur_best_mrr20=0.063900 cur_best_hr10=0.126200 cur_test_mrr20=0.075000 cur_test_hr10=0.128800 run_best_mrr20=0.081200 run_best_hr10=0.149500 run_test_mrr20=0.079100 run_test_hr10=0.161600

[21/24] MAX_ITEM_LIST_LENGTH=20, d_feat_emb=12, expert_scale=3, hidden_dropout_prob=0.18, learning_rate=0.00221, lr_scheduler_min_lr_ratio=0.05, stage_family_dropout_prob={'macro': 0.03, 'micro': 0.03, 'mid': 0.03}
  -> MRR@20=0.083400  best=0.083400  (early_stop@25, trial=35s, avg=1.2min/trial, total=24.2min, ETA=3.5min)
[TRIAL_METRICS] cur_best_mrr20=0.083400 cur_best_hr10=0.144900 cur_test_mrr20=0.080100 cur_test_hr10=0.159300 run_best_mrr20=0.083400 run_best_hr10=0.144900 run_test_mrr20=0.080100 run_test_hr10=0.159300

[22/24] MAX_ITEM_LIST_LENGTH=20, d_feat_emb=12, expert_scale=3, hidden_dropout_prob=0.18, learning_rate=0.001992, lr_scheduler_min_lr_ratio=0.05, stage_family_dropout_prob={'macro': 0.03, 'micro': 0.03, 'mid': 0.03}
  -> MRR@20=0.083900  best=0.083900  (early_stop@25, trial=36s, avg=1.1min/trial, total=24.8min, ETA=2.3min)
[TRIAL_METRICS] cur_best_mrr20=0.083900 cur_best_hr10=0.144900 cur_test_mrr20=0.079700 cur_test_hr10=0.168600 run_best_mrr20=0.083900 run_best_hr10=0.144900 run_test_mrr20=0.079700 run_test_hr10=0.168600

[23/24] MAX_ITEM_LIST_LENGTH=20, d_feat_emb=12, expert_scale=3, hidden_dropout_prob=0.18, learning_rate=0.001758, lr_scheduler_min_lr_ratio=0.05, stage_family_dropout_prob={'macro': 0.03, 'micro': 0.03, 'mid': 0.03}
  -> MRR@20=0.085400  best=0.085400  (early_stop@25, trial=36s, avg=1.1min/trial, total=25.4min, ETA=1.1min)
[TRIAL_METRICS] cur_best_mrr20=0.085400 cur_best_hr10=0.147200 cur_test_mrr20=0.082100 cur_test_hr10=0.163900 run_best_mrr20=0.085400 run_best_hr10=0.147200 run_test_mrr20=0.082100 run_test_hr10=0.163900

[24/24] MAX_ITEM_LIST_LENGTH=20, d_feat_emb=12, expert_scale=3, hidden_dropout_prob=0.18, learning_rate=0.001842, lr_scheduler_min_lr_ratio=0.05, stage_family_dropout_prob={'macro': 0.03, 'micro': 0.03, 'mid': 0.03}
  -> MRR@20=0.086500  best=0.086500  (early_stop@25, trial=35s, avg=1.1min/trial, total=26.0min, ETA=0s)
[TRIAL_METRICS] cur_best_mrr20=0.086500 cur_best_hr10=0.144900 cur_test_mrr20=0.082200 cur_test_hr10=0.161600 run_best_mrr20=0.086500 run_best_hr10=0.144900 run_test_mrr20=0.082200 run_test_hr10=0.161600
[1;35mEvaluate   [0m:   0%|                                                            | 0/1 [00:00<?, ?it/s][0m[1;35mEvaluate   [0m:   0%|                                  | 0/1 [00:00<?, ?it/s, [1;33mGPU RAM: 10.97 G/23.56 G[0m][0m[1;35mEvaluate   [0m: 100%|██████████████████████████| 1/1 [00:00<00:00,  2.85it/s, [1;33mGPU RAM: 10.97 G/23.56 G[0m][0m                                                                                                    [1;35mEvaluate   [0m:   0%|                                                            | 0/1 [00:00<?, ?it/s][0m[1;35mEvaluate   [0m:   0%|                                  | 0/1 [00:00<?, ?it/s, [1;33mGPU RAM: 10.97 G/23.56 G[0m][0m[1;35mEvaluate   [0m: 100%|██████████████████████████| 1/1 [00:00<00:00,  3.09it/s, [1;33mGPU RAM: 10.97 G/23.56 G[0m][0m                                                                                                    [1;35mEvaluate   [0m:   0%|                                                            | 0/1 [00:00<?, ?it/s][0m[1;35mEvaluate   [0m:   0%|                                  | 0/1 [00:00<?, ?it/s, [1;33mGPU RAM: 10.97 G/23.56 G[0m][0m[1;35mEvaluate   [0m: 100%|██████████████████████████| 1/1 [00:00<00:00,  3.10it/s, [1;33mGPU RAM: 10.97 G/23.56 G[0m][0m                                                                                                    
=================================================================
  DONE  |  FeaturedMoE_N3 x beauty
  Best MRR@20 = 0.086500  |  24/24 trials OK
  Best HR@10  = 0.144900
  Test MRR@20 = 0.082200  (best-valid checkpoint)
  Test HR@10  = 0.161600  (best-valid checkpoint)
[RUN_METRICS] best_valid_mrr20=0.086500 best_valid_hr10=0.144900 test_mrr20=0.082200 test_hr10=0.161600
  Total time: 26.0 min
  Best params:
    MAX_ITEM_LIST_LENGTH: 20
    d_feat_emb: 12
    expert_scale: 3
    hidden_dropout_prob: 0.18
    learning_rate: 0.00184191
    lr_scheduler_min_lr_ratio: 0.05
    stage_family_dropout_prob: {'macro': 0.03, 'micro': 0.03, 'mid': 0.03}
  Results -> /workspace/FeaturedMoE/experiments/run/artifacts/results/fmoe_n4/beauty_FeaturedMoE_N3_p4xd_xd_beauty_b25_lr_h8_seen_anchor_s1_20260416_030201_046233_pid244350.json
  Normal mirror -> /workspace/FeaturedMoE/experiments/run/artifacts/results/fmoe_n4/normal/crossdataset_a12_portfolio/P4XD/beauty/FMoEN3/beauty_FeaturedMoE_N3_p4xd_xd_beauty_b25_lr_h8_seen_anchor_s1_20260416_030201_046233_pid244350.json
  Special result -> /workspace/FeaturedMoE/experiments/run/artifacts/results/fmoe_n4/special/crossdataset_a12_portfolio/P4XD/beauty/FMoEN3/beauty_FeaturedMoE_N3_p4xd_xd_beauty_b25_lr_h8_seen_anchor_s1_20260416_030201_046233_pid244350_special_metrics.json
  Special log -> /workspace/FeaturedMoE/experiments/run/artifacts/logs/fmoe_n4/special/crossdataset_a12_portfolio/P4XD/beauty/FMoEN3/beauty_FeaturedMoE_N3_p4xd_xd_beauty_b25_lr_h8_seen_anchor_s1_20260416_030201_046233_pid244350_special_metrics.json
=================================================================

[RUN_STATUS] END status=normal pid=244350 start=2026-04-16T03:02:00 end=2026-04-16T03:28:01
