[STAGEG_CROSS6X9_ANCHOR2_CORE5_SETTING_HEADER]
run_phase=P22_SG_D05_M01_C02_SASREC_XFER_AMAZON_BEAUTY_FAD_H3_R1_C1_S2 run_id=SG_RETAIL_ROCKET_SASREC_XFER_AMAZON_BEAUTY_FAD_H3_R1_C1_S2 phase_id=P22 axis_id=SG model=SASRec candidate_id=XFER_amazon_beauty_FAD_H3_R1_C1 seed=2
dataset=retail_rocket gpu=5 order=0 candidate_source=final_transfer source_stage=Final_all_datasets transfer_from_dataset=amazon_beauty
max_evals=6 tune_epochs=44 tune_patience=6
seed=220004

[COMMAND]
- /venv/FMoE/bin/python hyperopt_tune.py --config-name tune_rr --max-evals 6 --tune-epochs 44 --tune-patience 6 --seed 220004 --run-group baseline --run-axis StageG_Cross6x9_anchor2_core5 --run-phase P22_SG_D05_M01_C02_SASREC_XFER_AMAZON_BEAUTY_FAD_H3_R1_C1_S2 model=sasrec dataset=retail_rocket eval_mode=session_fixed feature_mode=full_v3 gpu_id=5 log_wandb=false show_progress=false ++special_logging=true ++seed=220004 ++search={learning_rate:[0.0005757165494174267,0.0007488314244596633]} ++search_space_type_overrides={learning_rate:"loguniform"} ++weight_decay=0.0002 ++search.weight_decay=[0.0002] ++search_space_type_overrides.weight_decay=choice ++search.n_layers=[3] ++search_space_type_overrides.n_layers=choice ++search.num_layers=[3] ++search_space_type_overrides.num_layers=choice ++search.n_heads=[4] ++search_space_type_overrides.n_heads=choice ++search.num_heads=[4] ++search_space_type_overrides.num_heads=choice ++search.dropout_ratio=[0.15] ++search_space_type_overrides.dropout_ratio=choice ++search.dropout_prob=[0.15] ++search_space_type_overrides.dropout_prob=choice ++search.hidden_dropout_prob=[0.15] ++search_space_type_overrides.hidden_dropout_prob=choice ++search.attn_dropout_prob=[0.15] ++search_space_type_overrides.attn_dropout_prob=choice ++search.hidden_size=[160] ++search_space_type_overrides.hidden_size=choice ++search.embedding_size=[160] ++search_space_type_overrides.embedding_size=choice ++search.inner_size=[320] ++search_space_type_overrides.inner_size=choice ++search.time_span=[512] ++search_space_type_overrides.time_span=choice ++search.num_experts=[8] ++search_space_type_overrides.num_experts=choice ++search.state_size=[32] ++search_space_type_overrides.state_size=choice ++search.conv_kernel=[8] ++search_space_type_overrides.conv_kernel=choice ++search.remaining_ratio=[0.7] ++search_space_type_overrides.remaining_ratio=choice ++search.MAX_ITEM_LIST_LENGTH=[30] ++search_space_type_overrides.MAX_ITEM_LIST_LENGTH=choice ++dropout_ratio=0.15 ++train_batch_size=2611 ++eval_batch_size=3481 ++hidden_size=160 ++embedding_size=160 ++MAX_ITEM_LIST_LENGTH=30 ++n_layers=3 ++num_layers=3 ++n_heads=4 ++num_heads=4 ++inner_size=320
/venv/FMoE/lib/python3.10/site-packages/ray/_private/parameter.py:4: UserWarning: pkg_resources is deprecated as an API. See https://setuptools.pypa.io/en/latest/pkg_resources.html. The pkg_resources package is slated for removal as early as 2025-11-30. Refrain from using this package or pin to Setuptools<81.
  import pkg_resources
[RUN_STATUS] START pid=397770 ts=2026-04-08T13:07:48

=================================================================
  Hyperopt TPE  |  SASRec x retail_rocket
  max_evals=6  epochs=44  patience=6  wandb=off
  batch_size(train/valid/test)=2611/3481/3481
  track=baseline  axis=stageg_cross6x9_anchor2_core5  phase=P22_SG_D05_M01_C02_SASREC_XFER_AMAZON_BEAUTY_FAD_H3_R1_C1_S2
=================================================================
Changed knobs: learning_rate
Tuned params(len>1): 1  (~1 discrete combos)
Tuned groups: 1
  [optimization]
    learning_rate                   [0.0005757165494174267, 0.0007488314244596633]  -> loguniform
Fixed params(singleton/non-list): 18
Fixed groups: 18
  [optimization]
    hidden_dropout_prob             0.15                                    
    weight_decay                    0.0002                                  
  [model_core]
    attn_dropout_prob               0.15                                    
    dropout_prob                    0.15                                    
    dropout_ratio                   0.15                                    
    embedding_size                  160                                     
    hidden_size                     160                                     
    inner_size                      320                                     
    num_heads                       4                                       
    num_layers                      3                                       
  [other]
    MAX_ITEM_LIST_LENGTH            30                                      
    conv_kernel                     8                                       
    n_heads                         4                                       
    n_layers                        3                                       
    num_experts                     8                                       
    remaining_ratio                 0.7                                     
    state_size                      32                                      
    time_span                       512                                     

[Wandb] disabled for this hyperopt run

[1/6] learning_rate=0.0006818
  -> MRR@20=0.260600  best=0.260600  (early_stop@22, trial=10.8min, avg=11.3min/trial, total=11.3min, ETA=56.4min)
[TRIAL_METRICS] cur_best_mrr20=0.260600 cur_best_hr10=0.417600 cur_test_mrr20=0.262600 cur_test_hr10=0.421700 run_best_mrr20=0.260600 run_best_hr10=0.417600 run_test_mrr20=0.262600 run_test_hr10=0.421700

[2/6] learning_rate=0.0006697
  -> MRR@20=0.260700  best=0.260700  (early_stop@22, trial=10.9min, avg=11.1min/trial, total=22.2min, ETA=44.4min)
[TRIAL_METRICS] cur_best_mrr20=0.260700 cur_best_hr10=0.417400 cur_test_mrr20=0.262500 cur_test_hr10=0.421400 run_best_mrr20=0.260700 run_best_hr10=0.417400 run_test_mrr20=0.262500 run_test_hr10=0.421400

[3/6] learning_rate=0.000711
  -> MRR@20=0.260700  best=0.260700  (early_stop@19, trial=9.3min, avg=10.5min/trial, total=31.5min, ETA=31.5min)
[TRIAL_METRICS] cur_best_mrr20=0.260700 cur_best_hr10=0.416100 cur_test_mrr20=0.262900 cur_test_hr10=0.420500 run_best_mrr20=0.260700 run_best_hr10=0.416100 run_test_mrr20=0.262900 run_test_hr10=0.420500

[4/6] learning_rate=0.0006951
  -> MRR@20=0.260600  best=0.260700  (early_stop@19, trial=9.2min, avg=10.2min/trial, total=40.7min, ETA=20.4min)
[TRIAL_METRICS] cur_best_mrr20=0.260600 cur_best_hr10=0.415400 cur_test_mrr20=0.262600 cur_test_hr10=0.420300 run_best_mrr20=0.260700 run_best_hr10=0.417400 run_test_mrr20=0.262500 run_test_hr10=0.421400

[5/6] learning_rate=0.0006399
  -> MRR@20=0.260300  best=0.260700  (early_stop@22, trial=10.7min, avg=10.3min/trial, total=51.4min, ETA=10.3min)
[TRIAL_METRICS] cur_best_mrr20=0.260300 cur_best_hr10=0.416700 cur_test_mrr20=0.262600 cur_test_hr10=0.420200 run_best_mrr20=0.260700 run_best_hr10=0.417400 run_test_mrr20=0.262500 run_test_hr10=0.421400

[6/6] learning_rate=0.0005906
  -> MRR@20=0.260300  best=0.260700  (early_stop@22, trial=10.7min, avg=10.4min/trial, total=1.04h, ETA=0s)
[TRIAL_METRICS] cur_best_mrr20=0.260300 cur_best_hr10=0.415900 cur_test_mrr20=0.263000 cur_test_hr10=0.419800 run_best_mrr20=0.260700 run_best_hr10=0.417400 run_test_mrr20=0.262500 run_test_hr10=0.421400

=================================================================
  DONE  |  SASRec x retail_rocket
  Best MRR@20 = 0.260700  |  6/6 trials OK
  Best HR@10  = 0.417400
  Test MRR@20 = 0.262500  (best-valid checkpoint)
  Test HR@10  = 0.421400  (best-valid checkpoint)
[RUN_METRICS] best_valid_mrr20=0.260700 best_valid_hr10=0.417400 test_mrr20=0.262500 test_hr10=0.421400
  Total time: 62.1 min
  Best params:
    learning_rate: 0.000669705
  Results -> /workspace/jy1559/FMoE/experiments/run/artifacts/results/baseline/retail_rocket_SASRec_p22_sg_d05_m01_c02_sasrec_xfer_amazon_beauty_fad_h3_r1_c1_s2_20260408_130748_420947_pid397770.json
  Normal mirror -> /workspace/jy1559/FMoE/experiments/run/artifacts/results/baseline/normal/stageg_cross6x9_anchor2_core5/P22/retail_rocket/SASRec/retail_rocket_SASRec_p22_sg_d05_m01_c02_sasrec_xfer_amazon_beauty_fad_h3_r1_c1_s2_20260408_130748_420947_pid397770.json
  Special result -> /workspace/jy1559/FMoE/experiments/run/artifacts/results/baseline/special/stageg_cross6x9_anchor2_core5/P22/retail_rocket/SASRec/retail_rocket_SASRec_p22_sg_d05_m01_c02_sasrec_xfer_amazon_beauty_fad_h3_r1_c1_s2_20260408_130748_420947_pid397770_special_metrics.json
  Special log -> /workspace/jy1559/FMoE/experiments/run/artifacts/logs/baseline/special/stageg_cross6x9_anchor2_core5/P22/retail_rocket/SASRec/retail_rocket_SASRec_p22_sg_d05_m01_c02_sasrec_xfer_amazon_beauty_fad_h3_r1_c1_s2_20260408_130748_420947_pid397770_special_metrics.json
=================================================================

[RUN_STATUS] END status=normal pid=397770 start=2026-04-08T13:07:48 end=2026-04-08T14:09:55
