[FINAL_ALL_DATASETS_SETTING_HEADER]
run_phase=P14_FAD_A6_MOVIELENS1M_H1_S2 exp_brief=A6_NO_BIAS phase_id=P14 axis_id=FAD setting_id=A6_NO_BIAS_H1_S2 hparam_id=H1 seed=2
desc=A6_NO_BIAS_H1_S2
dataset=movielens1m gpu=1 order=146
max_evals=20 tune_epochs=100 tune_patience=10
seed=91001

[COMMAND]
- /venv/FMoE/bin/python hyperopt_tune.py --config-name config --max-evals 20 --tune-epochs 100 --tune-patience 10 --seed 91001 --run-group fmoe_n3 --run-axis Final_all_datasets --run-phase P14_FAD_A6_MOVIELENS1M_H1_S2 model=featured_moe_n3_tune dataset=movielens1m eval_mode=session_fixed feature_mode=full_v3 gpu_id=1 log_wandb=false enable_tf32=true fmoe_debug_logging=false fmoe_diag_logging=true fmoe_special_logging=true fmoe_feature_ablation_logging=false fmoe_eval_logging_timing=final_only ++fmoe_logging_output_root="run/artifacts/logging" ++fmoe_logging_layout="axis_dataset_arch_hparam" ++fmoe_architecture_id="A6" ++fmoe_architecture_key="A6_NO_BIAS" ++fmoe_hparam_id="H1" ++fmoe_phase="P14" MAX_ITEM_LIST_LENGTH=20 train_batch_size=4096 eval_batch_size=4096 embedding_size=128 num_heads=4 attn_dropout_prob=0.1 d_ff=256 d_feat_emb=16 d_expert_hidden=128 d_router_hidden=64 expert_scale=3 ++search.learning_rate=[0.00015,0.008] ++search.weight_decay=[1e-06] ++search.hidden_dropout_prob=[0.15] ++search.lr_scheduler_type=["warmup_cosine"] ++search_space_type_overrides.learning_rate=loguniform ++search_space_type_overrides.weight_decay=choice ++search_space_type_overrides.hidden_dropout_prob=choice ++search_space_type_overrides.lr_scheduler_type=choice ++phase_run_type="final" ++phase_axis_id="FAD" ++phase_axis_desc="final_all_datasets" ++phase_setting_id="A6_NO_BIAS_H1_S2" ++phase_setting_key="A6_NO_BIAS" ++phase_hparam_id="H1" ++phase_seed_id=2 ++phase_run_id="FAD_A6_MOVIELENS1M_H1_S2" ++layer_layout=["macro","mid","micro"] ++stage_compute_mode={macro:"moe",mid:"moe",micro:"moe"} ++stage_router_mode={macro:"learned",mid:"learned",micro:"learned"} ++stage_router_source={macro:"both",mid:"both",micro:"both"} ++stage_feature_injection={macro:"none",mid:"none",micro:"none"} ++topk_scope_mode="global_flat" ++moe_top_k=0 ++balance_loss_lambda=0.0 ++z_loss_lambda=0.0002 ++gate_entropy_lambda=0.0 ++route_smoothness_lambda=0.0 ++route_consistency_lambda=0.0008 ++route_sharpness_lambda=0.0 ++route_monopoly_lambda=0.0 ++route_monopoly_tau=0.25 ++route_prior_lambda=0.0 ++group_prior_align_lambda=0.0 ++factored_group_balance_lambda=0.0 ++rule_agreement_lambda=0.0 ++group_coverage_lambda=0.0 ++feature_group_bias_lambda=0.0 ++rule_bias_scale=0.0 ++primitive_balance_lambda=0.0 ++wrapper_group_feature_align_lambda=0.0 ++stage_router_primitives={macro:{a_joint:{source:"feature",temperature:1.0,top_k:0},b_group:{source:"feature",temperature:1.0,top_k:0},c_shared:{source:"feature",temperature:1.0,top_k:0},d_cond:{source:"feature",temperature:1.0,top_k:0},e_scalar:{source:"feature",temperature:1.0,top_k:0},wrapper:{alpha_d:1.0,alpha_struct:1.0,alpha_a:1.0}},mid:{a_joint:{source:"feature",temperature:1.0,top_k:0},b_group:{source:"feature",temperature:1.0,top_k:0},c_shared:{source:"feature",temperature:1.0,top_k:0},d_cond:{source:"feature",temperature:1.0,top_k:0},e_scalar:{source:"feature",temperature:1.0,top_k:0},wrapper:{alpha_d:1.0,alpha_struct:1.0,alpha_a:1.0}},micro:{a_joint:{source:"feature",temperature:1.0,top_k:0},b_group:{source:"feature",temperature:1.0,top_k:0},c_shared:{source:"feature",temperature:1.0,top_k:0},d_cond:{source:"feature",temperature:1.0,top_k:0},e_scalar:{source:"feature",temperature:1.0,top_k:0},wrapper:{alpha_d:1.0,alpha_struct:1.0,alpha_a:1.0}}} ++stage_router_wrapper={macro:"w4_bxd",mid:"w6_bxd_plus_a",micro:"w1_flat"} ++macro_history_window=5 ++stage_router_granularity={macro:"session",mid:"session",micro:"token"} ++stage_family_dropout_prob={macro:0.1,mid:0.1,micro:0.1} ++stage_feature_dropout_prob={macro:0.0,mid:0.0,micro:0.0} ++stage_feature_dropout_scope={macro:"token",mid:"token",micro:"token"} ++route_consistency_pairs=1 ++route_consistency_min_sim=0.995 ++bias_mode="none"
/venv/FMoE/lib/python3.10/site-packages/ray/_private/parameter.py:4: UserWarning: pkg_resources is deprecated as an API. See https://setuptools.pypa.io/en/latest/pkg_resources.html. The pkg_resources package is slated for removal as early as 2025-11-30. Refrain from using this package or pin to Setuptools<81.
  import pkg_resources
[RUN_STATUS] START pid=260644 ts=2026-04-06T16:31:42

=================================================================
  Hyperopt TPE  |  FeaturedMoE_N3 x movielens1m
  max_evals=20  epochs=100  patience=10  wandb=off
  batch_size(train/valid/test)=4096/4096/4096
  track=fmoe_n3  axis=final_all_datasets  phase=P14_FAD_A6_MOVIELENS1M_H1_S2
=================================================================
Changed knobs: learning_rate
Tuned params(len>1): 1  (~1 discrete combos)
Tuned groups: 1
  [optimization]
    learning_rate                   [0.00015, 0.008]                          -> loguniform
Fixed params(singleton/non-list): 3
Fixed groups: 3
  [optimization]
    hidden_dropout_prob             0.15                                    
    weight_decay                    1e-06                                   
  [other]
    lr_scheduler_type               warmup_cosine                           

[Wandb] disabled for this hyperopt run

[1/20] learning_rate=0.006219
  -> MRR@20=0.036900  best=0.036900  (early_stop@84, trial=28.9min, avg=28.9min/trial, total=28.9min, ETA=9.16h)
[TRIAL_METRICS] cur_best_mrr20=0.036900 cur_best_hr10=0.097400 cur_test_mrr20=0.034300 cur_test_hr10=0.085800 run_best_mrr20=0.036900 run_best_hr10=0.097400 run_test_mrr20=0.034300 run_test_hr10=0.085800

[2/20] learning_rate=0.002883
  -> MRR@20=0.075700  best=0.075700  (early_stop@30, trial=10.3min, avg=19.6min/trial, total=39.3min, ETA=5.89h)
[TRIAL_METRICS] cur_best_mrr20=0.075700 cur_best_hr10=0.170800 cur_test_mrr20=0.067100 cur_test_hr10=0.163800 run_best_mrr20=0.075700 run_best_hr10=0.170800 run_test_mrr20=0.067100 run_test_hr10=0.163800

[3/20] learning_rate=0.0002053
  -> MRR@20=0.070400  best=0.075700  (early_stop@58, trial=20.0min, avg=19.8min/trial, total=59.3min, ETA=5.60h)
[TRIAL_METRICS] cur_best_mrr20=0.070400 cur_best_hr10=0.166700 cur_test_mrr20=0.067500 cur_test_hr10=0.176300 run_best_mrr20=0.075700 run_best_hr10=0.170800 run_test_mrr20=0.067100 run_test_hr10=0.163800

[4/20] learning_rate=0.000221
  -> MRR@20=0.070600  best=0.075700  (early_stop@55, trial=19.5min, avg=19.7min/trial, total=1.31h, ETA=5.25h)
[TRIAL_METRICS] cur_best_mrr20=0.070600 cur_best_hr10=0.167100 cur_test_mrr20=0.068700 cur_test_hr10=0.176300 run_best_mrr20=0.075700 run_best_hr10=0.170800 run_test_mrr20=0.067100 run_test_hr10=0.163800

[5/20] learning_rate=0.004854
  -> MRR@20=0.060700  best=0.075700  (early_stop@46, trial=16.3min, avg=19.0min/trial, total=1.59h, ETA=4.76h)
[TRIAL_METRICS] cur_best_mrr20=0.060700 cur_best_hr10=0.152800 cur_test_mrr20=0.057200 cur_test_hr10=0.152700 run_best_mrr20=0.075700 run_best_hr10=0.170800 run_test_mrr20=0.067100 run_test_hr10=0.163800

[6/20] learning_rate=0.004877
  -> MRR@20=0.065100  best=0.075700  (early_stop@62, trial=22.0min, avg=19.5min/trial, total=1.95h, ETA=4.56h)
[TRIAL_METRICS] cur_best_mrr20=0.065100 cur_best_hr10=0.161600 cur_test_mrr20=0.060100 cur_test_hr10=0.149100 run_best_mrr20=0.075700 run_best_hr10=0.170800 run_test_mrr20=0.067100 run_test_hr10=0.163800

[7/20] learning_rate=0.001265
  -> MRR@20=0.075900  best=0.075900  (early_stop@30, trial=10.3min, avg=18.2min/trial, total=2.12h, ETA=3.95h)
[TRIAL_METRICS] cur_best_mrr20=0.075900 cur_best_hr10=0.179100 cur_test_mrr20=0.071500 cur_test_hr10=0.177200 run_best_mrr20=0.075900 run_best_hr10=0.179100 run_test_mrr20=0.071500 run_test_hr10=0.177200

[8/20] learning_rate=0.003814
  -> MRR@20=0.075800  best=0.075900  (early_stop@43, trial=14.7min, avg=17.8min/trial, total=2.37h, ETA=3.56h)
[TRIAL_METRICS] cur_best_mrr20=0.075800 cur_best_hr10=0.172200 cur_test_mrr20=0.078100 cur_test_hr10=0.183700 run_best_mrr20=0.075900 run_best_hr10=0.179100 run_test_mrr20=0.071500 run_test_hr10=0.177200

[9/20] learning_rate=0.0002193
  -> MRR@20=0.070700  best=0.075900  (early_stop@55, trial=19.6min, avg=18.0min/trial, total=2.70h, ETA=3.30h)
[TRIAL_METRICS] cur_best_mrr20=0.070700 cur_best_hr10=0.167600 cur_test_mrr20=0.068900 cur_test_hr10=0.177200 run_best_mrr20=0.075900 run_best_hr10=0.179100 run_test_mrr20=0.071500 run_test_hr10=0.177200

[10/20] learning_rate=0.0009609
  -> MRR@20=0.075500  best=0.075900  (early_stop@41, trial=14.2min, avg=17.6min/trial, total=2.93h, ETA=2.93h)
[TRIAL_METRICS] cur_best_mrr20=0.075500 cur_best_hr10=0.175000 cur_test_mrr20=0.070700 cur_test_hr10=0.176300 run_best_mrr20=0.075900 run_best_hr10=0.179100 run_test_mrr20=0.071500 run_test_hr10=0.177200

[11/20] learning_rate=0.0007462
  -> MRR@20=0.074100  best=0.075900  (early_stop@37, trial=12.8min, avg=17.2min/trial, total=3.15h, ETA=2.57h)
[TRIAL_METRICS] cur_best_mrr20=0.074100 cur_best_hr10=0.181400 cur_test_mrr20=0.072600 cur_test_hr10=0.178100 run_best_mrr20=0.075900 run_best_hr10=0.179100 run_test_mrr20=0.071500 run_test_hr10=0.177200

[12/20] learning_rate=0.00546
  -> MRR@20=0.056500  best=0.075900  (early_stop@46, trial=15.7min, avg=17.0min/trial, total=3.41h, ETA=2.27h)
[TRIAL_METRICS] cur_best_mrr20=0.056500 cur_best_hr10=0.139400 cur_test_mrr20=0.053100 cur_test_hr10=0.129200 run_best_mrr20=0.075900 run_best_hr10=0.179100 run_test_mrr20=0.071500 run_test_hr10=0.177200

[13/20] learning_rate=0.000179
  -> MRR@20=0.069400  best=0.075900  (early_stop@61, trial=21.0min, avg=17.3min/trial, total=3.76h, ETA=2.02h)
[TRIAL_METRICS] cur_best_mrr20=0.069400 cur_best_hr10=0.164400 cur_test_mrr20=0.067000 cur_test_hr10=0.177700 run_best_mrr20=0.075900 run_best_hr10=0.179100 run_test_mrr20=0.071500 run_test_hr10=0.177200

[14/20] learning_rate=0.0005682
  -> MRR@20=0.075500  best=0.075900  (early_stop@53, trial=18.2min, avg=17.4min/trial, total=4.06h, ETA=1.74h)
[TRIAL_METRICS] cur_best_mrr20=0.075500 cur_best_hr10=0.178200 cur_test_mrr20=0.072400 cur_test_hr10=0.180400 run_best_mrr20=0.075900 run_best_hr10=0.179100 run_test_mrr20=0.071500 run_test_hr10=0.177200

[15/20] learning_rate=0.002774
  -> MRR@20=0.076500  best=0.076500  (early_stop@33, trial=11.5min, avg=17.0min/trial, total=4.25h, ETA=1.42h)
[TRIAL_METRICS] cur_best_mrr20=0.076500 cur_best_hr10=0.174100 cur_test_mrr20=0.074200 cur_test_hr10=0.184100 run_best_mrr20=0.076500 run_best_hr10=0.174100 run_test_mrr20=0.074200 run_test_hr10=0.184100

[16/20] learning_rate=0.006844
  -> MRR@20=0.017800  best=0.076500  (early_stop@26, trial=8.9min, avg=16.5min/trial, total=4.40h, ETA=1.10h)
[TRIAL_METRICS] cur_best_mrr20=0.017800 cur_best_hr10=0.043900 cur_test_mrr20=0.013900 cur_test_hr10=0.039200 run_best_mrr20=0.076500 run_best_hr10=0.174100 run_test_mrr20=0.074200 run_test_hr10=0.184100

[17/20] learning_rate=0.001044
  -> MRR@20=0.078000  best=0.078000  (early_stop@39, trial=13.1min, avg=16.3min/trial, total=4.62h, ETA=48.9min)
[TRIAL_METRICS] cur_best_mrr20=0.078000 cur_best_hr10=0.177700 cur_test_mrr20=0.073700 cur_test_hr10=0.181800 run_best_mrr20=0.078000 run_best_hr10=0.177700 run_test_mrr20=0.073700 run_test_hr10=0.181800

[18/20] learning_rate=0.00139
  -> MRR@20=0.075700  best=0.078000  (early_stop@25, trial=8.4min, avg=15.9min/trial, total=4.76h, ETA=31.7min)
[TRIAL_METRICS] cur_best_mrr20=0.075700 cur_best_hr10=0.182400 cur_test_mrr20=0.073800 cur_test_hr10=0.184600 run_best_mrr20=0.078000 run_best_hr10=0.177700 run_test_mrr20=0.073700 run_test_hr10=0.181800

[19/20] learning_rate=0.000434
  -> MRR@20=0.071700  best=0.078000  (early_stop@60, trial=20.4min, avg=16.1min/trial, total=5.10h, ETA=16.1min)
[TRIAL_METRICS] cur_best_mrr20=0.071700 cur_best_hr10=0.175000 cur_test_mrr20=0.075400 cur_test_hr10=0.182300 run_best_mrr20=0.078000 run_best_hr10=0.177700 run_test_mrr20=0.073700 run_test_hr10=0.181800

[20/20] learning_rate=0.0006056
  -> MRR@20=0.076300  best=0.078000  (early_stop@47, trial=16.2min, avg=16.1min/trial, total=5.37h, ETA=0s)
[TRIAL_METRICS] cur_best_mrr20=0.076300 cur_best_hr10=0.175900 cur_test_mrr20=0.071100 cur_test_hr10=0.177200 run_best_mrr20=0.078000 run_best_hr10=0.177700 run_test_mrr20=0.073700 run_test_hr10=0.181800
[1;35mEvaluate   [0m:   0%|                                                            | 0/1 [00:00<?, ?it/s][0m[1;35mEvaluate   [0m:   0%|                                   | 0/1 [00:00<?, ?it/s, [1;33mGPU RAM: 8.52 G/23.56 G[0m][0m[1;35mEvaluate   [0m: 100%|███████████████████████████| 1/1 [00:00<00:00,  1.21it/s, [1;33mGPU RAM: 8.52 G/23.56 G[0m][0m                                                                                                    [1;35mEvaluate   [0m:   0%|                                                            | 0/1 [00:00<?, ?it/s][0m[1;35mEvaluate   [0m:   0%|                                   | 0/1 [00:00<?, ?it/s, [1;33mGPU RAM: 8.52 G/23.56 G[0m][0m[1;35mEvaluate   [0m: 100%|███████████████████████████| 1/1 [00:00<00:00,  1.18it/s, [1;33mGPU RAM: 8.52 G/23.56 G[0m][0m                                                                                                    [1;35mEvaluate   [0m:   0%|                                                            | 0/1 [00:00<?, ?it/s][0m[1;35mEvaluate   [0m:   0%|                                   | 0/1 [00:00<?, ?it/s, [1;33mGPU RAM: 8.52 G/23.56 G[0m][0m[1;35mEvaluate   [0m: 100%|███████████████████████████| 1/1 [00:00<00:00,  1.24it/s, [1;33mGPU RAM: 8.52 G/23.56 G[0m][0m                                                                                                    
=================================================================
  DONE  |  FeaturedMoE_N3 x movielens1m
  Best MRR@20 = 0.078000  |  20/20 trials OK
  Best HR@10  = 0.177700
  Test MRR@20 = 0.073700  (best-valid checkpoint)
  Test HR@10  = 0.181800  (best-valid checkpoint)
[RUN_METRICS] best_valid_mrr20=0.078000 best_valid_hr10=0.177700 test_mrr20=0.073700 test_hr10=0.181800
  Total time: 322.4 min
  Best params:
    learning_rate: 0.00104424
  Results -> /workspace/jy1559/FMoE/experiments/run/artifacts/results/fmoe_n3/movielens1m_FeaturedMoE_N3_p14_fad_a6_movielens1m_h1_s2_20260406_163142_744702_pid260644.json
  Normal mirror -> /workspace/jy1559/FMoE/experiments/run/artifacts/results/fmoe_n3/normal/final_all_datasets/P14/movielens1m/FMoEN3/movielens1m_FeaturedMoE_N3_p14_fad_a6_movielens1m_h1_s2_20260406_163142_744702_pid260644.json
  Special result -> /workspace/jy1559/FMoE/experiments/run/artifacts/results/fmoe_n3/special/final_all_datasets/P14/movielens1m/FMoEN3/movielens1m_FeaturedMoE_N3_p14_fad_a6_movielens1m_h1_s2_20260406_163142_744702_pid260644_special_metrics.json
  Special log -> /workspace/jy1559/FMoE/experiments/run/artifacts/logs/fmoe_n3/special/final_all_datasets/P14/movielens1m/FMoEN3/movielens1m_FeaturedMoE_N3_p14_fad_a6_movielens1m_h1_s2_20260406_163142_744702_pid260644_special_metrics.json
=================================================================

[RUN_STATUS] END status=normal pid=260644 start=2026-04-06T16:31:42 end=2026-04-06T21:54:08
