# job_id=ADD_STAGE3_RETAIL_ROCKET_DIFSR_C2_SEED1 dataset=retail_rocket model=difsr stage=stage3
# cmd=/venv/FMoE/bin/python /workspace/FeaturedMoE/experiments/hyperopt_tune.py --config-name tune_rr --search-algo tpe --max-evals 1 --tune-epochs 100 --tune-patience 10 --seed 930058 --run-group final_experiment_addtuning --run-axis add_stage3_seed_confirm --run-phase ADD_STAGE3_RETAIL_ROCKET_DIFSR_C2_SEED1 model=difsr dataset=retail_rocket eval_mode=session_fixed feature_mode=full_v4 ++eval_sampling.mode=full ++eval_sampling.auto_full_threshold=999999999 ++special_logging=true ++exclude_unseen_target_from_main_eval=true ++log_unseen_target_metrics=true gpu_id=6 log_wandb=false show_progress=false ++seed=930058 --max-run-hours 2 --oom-retry-limit 5 ++search.dropout_ratio=[0.12] ++search_space_type_overrides.dropout_ratio=choice ++search.use_attribute_predictor=[true] ++search_space_type_overrides.use_attribute_predictor=choice ++search.selected_features=["category"] ++search_space_type_overrides.selected_features=choice ++search.MAX_ITEM_LIST_LENGTH=[10] ++search_space_type_overrides.MAX_ITEM_LIST_LENGTH=choice ++search.attn_dropout_prob=[0.15] ++search_space_type_overrides.attn_dropout_prob=choice ++search.attribute_hidden_size=[160] ++search_space_type_overrides.attribute_hidden_size=choice ++search.fusion_type=["concat"] ++search_space_type_overrides.fusion_type=choice ++search.hidden_dropout_prob=[0.12] ++search_space_type_overrides.hidden_dropout_prob=choice ++search.hidden_size=[112] ++search_space_type_overrides.hidden_size=choice ++search.inner_size=[320] ++search_space_type_overrides.inner_size=choice ++search.lambda_attr=[0.1] ++search_space_type_overrides.lambda_attr=choice ++search.learning_rate=[0.00017873] ++search_space_type_overrides.learning_rate=choice ++search.num_heads=[4] ++search_space_type_overrides.num_heads=choice ++search.num_layers=[3] ++search_space_type_overrides.num_layers=choice ++search.weight_decay=[5e-07] ++search_space_type_overrides.weight_decay=choice ++search.train_batch_size=[1024] ++search_space_type_overrides.train_batch_size=choice ++search.eval_batch_size=[2048] ++search_space_type_overrides.eval_batch_size=choice

/venv/FMoE/lib/python3.10/site-packages/ray/_private/parameter.py:4: UserWarning: pkg_resources is deprecated as an API. See https://setuptools.pypa.io/en/latest/pkg_resources.html. The pkg_resources package is slated for removal as early as 2025-11-30. Refrain from using this package or pin to Setuptools<81.
  import pkg_resources
[RUN_STATUS] START pid=1760052 ts=2026-04-19T08:44:48

=================================================================
  Hyperopt  |  DIFSR x retail_rocket
  max_evals=1  epochs=100  patience=10  wandb=off
  search_algo=tpe
  max_run_hours=2.000  (stop launching new trials after current trial)
  oom_retry_limit=5  (halve train/eval batch size on OOM)
  batch_size(train/valid/test)=1024/2048/2048
  track=final_experiment_addtuning  axis=add_stage3_seed_confirm  phase=ADD_STAGE3_RETAIL_ROCKET_DIFSR_C2_SEED1
  search.train_batch_size=[1024]
  search.eval_batch_size=[2048]
=================================================================
Changed knobs: (none; single-run mode)
Tuned params(len>1): 0  (~1 discrete combos)
Tuned groups: 0
  (none)
Fixed params(singleton/non-list): 17
Fixed groups: 17
  [optimization]
    eval_batch_size                 2048                                    
    hidden_dropout_prob             0.12                                    
    learning_rate                   0.00017873                              
    train_batch_size                1024                                    
    weight_decay                    5e-07                                   
  [model_core]
    attn_dropout_prob               0.15                                    
    dropout_ratio                   0.12                                    
    hidden_size                     112                                     
    inner_size                      320                                     
    num_heads                       4                                       
    num_layers                      3                                       
  [other]
    MAX_ITEM_LIST_LENGTH            10                                      
    attribute_hidden_size           160                                     
    fusion_type                     concat                                  
    lambda_attr                     0.1                                     
    selected_features               category                                
    use_attribute_predictor         True                                    

[Wandb] disabled for this hyperopt run

[1/1] (fixed-only run)
[CacheRecover] moved corrupted dataset cache -> saved/recbole_cache/retail_rocket_feature_added_session_len10/retail_rocket-SequentialDataset.pth.corrupt_1776588289
[CacheRecover] rebuilding dataset after cache load failure: pickle data was truncated
  -> MRR@20=0.382500  best=0.382500  (early_stop@75, trial=24.5min, avg=24.8min/trial, total=24.8min, ETA=0s)
[TRIAL_METRICS] cur_best_mrr20=0.382500 cur_best_hr10=0.486400 cur_test_mrr20=0.383500 cur_test_hr10=0.478300 avg_epoch_time_sec=19.5408 test_eval_time_sec=1.1930 test_eval_batches_per_sec=9.2206 test_eval_targets_per_sec=17586.1768 run_best_mrr20=0.382500 run_best_hr10=0.486400 run_test_mrr20=0.383500 run_test_hr10=0.478300

=================================================================
  DONE  |  DIFSR x retail_rocket
  Best MRR@20 = 0.382500  |  1/1 trials OK
  Best HR@10  = 0.486400
  Test MRR@20 = 0.383500  (best-valid checkpoint)
  Test HR@10  = 0.478300  (best-valid checkpoint)
  Avg epoch time = 19.541 sec/epoch
  Final test eval = 1.193 sec | batches/s=9.221 | targets/s=17586.177
[RUN_METRICS] best_valid_mrr20=0.382500 best_valid_hr10=0.486400 test_mrr20=0.383500 test_hr10=0.478300 avg_epoch_time_sec=19.5408 test_eval_time_sec=1.1930 test_eval_batches_per_sec=9.2206 test_eval_targets_per_sec=17586.1768
  Total time: 24.8 min
  Best params:
  Results -> /workspace/FeaturedMoE/experiments/run/artifacts/results/final_experiment_addtuning/retail_rocket_DIFSR_add_stage3_retail_rocket_difsr_c2_seed1_20260419_084448_351152_pid1760052.json
  Normal mirror -> /workspace/FeaturedMoE/experiments/run/artifacts/results/final_experiment_addtuning/normal/add_stage3_seed_confirm/ADD/retail_rocket/DIFSR/retail_rocket_DIFSR_add_stage3_retail_rocket_difsr_c2_seed1_20260419_084448_351152_pid1760052.json
  Special result -> /workspace/FeaturedMoE/experiments/run/artifacts/results/final_experiment_addtuning/special/add_stage3_seed_confirm/ADD/retail_rocket/DIFSR/retail_rocket_DIFSR_add_stage3_retail_rocket_difsr_c2_seed1_20260419_084448_351152_pid1760052_special_metrics.json
  Special log -> /workspace/FeaturedMoE/experiments/run/artifacts/logs/final_experiment_addtuning/special/add_stage3_seed_confirm/ADD/retail_rocket/DIFSR/retail_rocket_DIFSR_add_stage3_retail_rocket_difsr_c2_seed1_20260419_084448_351152_pid1760052_special_metrics.json
=================================================================

[RUN_STATUS] END status=normal pid=1760052 start=2026-04-19T08:44:48 end=2026-04-19T09:09:38
