[STAGEB_STRUCTURE_ANCHOR2_CORE5_SETTING_HEADER]
run_phase=P17_SB_D00_M03_DUOREC_B3_S1 run_id=SB_LASTFM0_03_DUOREC_B3_S1 phase_id=P17 axis_id=SB model=DuoRec profile_id=B3 seed=1
dataset=lastfm0.03 gpu=5 order=0 lr_band=LR2,LR3 lr_lo=0.0003092727272727273 lr_hi=0.0022453200000000003
max_evals=4 tune_epochs=28 tune_patience=4
seed=170014

[COMMAND]
- /venv/FMoE/bin/python hyperopt_tune.py --config-name tune_lfm_small --max-evals 4 --tune-epochs 28 --tune-patience 4 --seed 170014 --run-group baseline --run-axis StageB_Structure_anchor2_core5 --run-phase P17_SB_D00_M03_DUOREC_B3_S1 model=duorec dataset=lastfm0.03 eval_mode=session_fixed feature_mode=full_v3 gpu_id=5 log_wandb=false show_progress=false ++special_logging=true ++seed=170014 ++search={learning_rate:[0.0003092727272727273,0.0022453200000000003]} ++search_space_type_overrides={learning_rate:"loguniform"} ++MAX_ITEM_LIST_LENGTH=10 ++weight_decay=0.00025499999999999996 ++search.weight_decay=[0.00025499999999999996] ++search_space_type_overrides.weight_decay=choice ++search.hidden_size=[120] ++search_space_type_overrides.hidden_size=choice ++search.embedding_size=[120] ++search_space_type_overrides.embedding_size=choice ++search.n_layers=[2] ++search_space_type_overrides.n_layers=choice ++search.num_layers=[2] ++search_space_type_overrides.num_layers=choice ++search.dropout_ratio=[0.18000000000000002] ++search_space_type_overrides.dropout_ratio=choice ++search.dropout_prob=[0.18000000000000002] ++search_space_type_overrides.dropout_prob=choice ++search.hidden_dropout_prob=[0.18000000000000002] ++search_space_type_overrides.hidden_dropout_prob=choice ++search.attn_dropout_prob=[0.18000000000000002] ++search_space_type_overrides.attn_dropout_prob=choice ++search.inner_size=[360] ++search_space_type_overrides.inner_size=choice ++search.n_heads=[2] ++search_space_type_overrides.n_heads=choice ++search.num_heads=[2] ++search_space_type_overrides.num_heads=choice ++dropout_ratio=0.18000000000000002 ++hidden_size=120 ++embedding_size=120 ++n_layers=2 ++num_layers=2 ++n_heads=2 ++num_heads=2 ++inner_size=360 ++contrast=un ++tau=0.3 ++lmd=0.04 ++lmd_sem=0.0 ++semantic_sample_max_tries=2 ++train_batch_size=1024 ++eval_batch_size=1536
/venv/FMoE/lib/python3.10/site-packages/ray/_private/parameter.py:4: UserWarning: pkg_resources is deprecated as an API. See https://setuptools.pypa.io/en/latest/pkg_resources.html. The pkg_resources package is slated for removal as early as 2025-11-30. Refrain from using this package or pin to Setuptools<81.
  import pkg_resources
[RUN_STATUS] START pid=513253 ts=2026-03-29T18:22:51

=================================================================
  Hyperopt TPE  |  DuoRec x lastfm0.03
  max_evals=4  epochs=28  patience=4  wandb=off
  batch_size(train/valid/test)=1024/1536/1536
  track=baseline  axis=stageb_structure_anchor2_core5  phase=P17_SB_D00_M03_DUOREC_B3_S1
=================================================================
Changed knobs: learning_rate
Tuned params(len>1): 1  (~1 discrete combos)
Tuned groups: 1
  [optimization]
    learning_rate                   [0.0003092727272727273, 0.0022453200000000003]  -> loguniform
Fixed params(singleton/non-list): 12
Fixed groups: 12
  [optimization]
    hidden_dropout_prob             0.18000000000000002                     
    weight_decay                    0.00025499999999999996                  
  [model_core]
    attn_dropout_prob               0.18000000000000002                     
    dropout_prob                    0.18000000000000002                     
    dropout_ratio                   0.18000000000000002                     
    embedding_size                  120                                     
    hidden_size                     120                                     
    inner_size                      360                                     
    num_heads                       2                                       
    num_layers                      2                                       
  [other]
    n_heads                         2                                       
    n_layers                        2                                       

[Wandb] disabled for this hyperopt run

[1/4] learning_rate=0.001262
  -> MRR@20=0.213900  best=0.213900  (early_stop@17, trial=9.7min, avg=9.9min/trial, total=9.9min, ETA=29.8min)
[TRIAL_METRICS] cur_best_mrr20=0.213900 cur_best_hr10=0.289700 cur_test_mrr20=0.210800 cur_test_hr10=0.284800 run_best_mrr20=0.213900 run_best_hr10=0.289700 run_test_mrr20=0.210800 run_test_hr10=0.284800

[2/4] learning_rate=0.0009783
  -> MRR@20=0.219200  best=0.219200  (early_stop@28, trial=16.2min, avg=13.1min/trial, total=26.1min, ETA=26.1min)
[TRIAL_METRICS] cur_best_mrr20=0.219200 cur_best_hr10=0.282000 cur_test_mrr20=0.218600 cur_test_hr10=0.279800 run_best_mrr20=0.219200 run_best_hr10=0.282000 run_test_mrr20=0.218600 run_test_hr10=0.279800

[3/4] learning_rate=0.0004511
  -> MRR@20=0.224700  best=0.224700  (full@28, trial=15.7min, avg=14.0min/trial, total=41.9min, ETA=14.0min)
[TRIAL_METRICS] cur_best_mrr20=0.224700 cur_best_hr10=0.293900 cur_test_mrr20=0.223100 cur_test_hr10=0.295200 run_best_mrr20=0.224700 run_best_hr10=0.293900 run_test_mrr20=0.223100 run_test_hr10=0.295200

[4/4] learning_rate=0.0005327
  -> MRR@20=0.224300  best=0.224700  (full@28, trial=15.6min, avg=14.4min/trial, total=57.6min, ETA=0s)
[TRIAL_METRICS] cur_best_mrr20=0.224300 cur_best_hr10=0.293900 cur_test_mrr20=0.224500 cur_test_hr10=0.293300 run_best_mrr20=0.224700 run_best_hr10=0.293900 run_test_mrr20=0.223100 run_test_hr10=0.295200

=================================================================
  DONE  |  DuoRec x lastfm0.03
  Best MRR@20 = 0.224700  |  4/4 trials OK
  Best HR@10  = 0.293900
  Test MRR@20 = 0.223100  (best-valid checkpoint)
  Test HR@10  = 0.295200  (best-valid checkpoint)
[RUN_METRICS] best_valid_mrr20=0.224700 best_valid_hr10=0.293900 test_mrr20=0.223100 test_hr10=0.295200
  Total time: 57.6 min
  Best params:
    learning_rate: 0.000451058
  Results -> /workspace/jy1559/FMoE/experiments/run/artifacts/results/baseline/lastfm0.03_DuoRec_p17_sb_d00_m03_duorec_b3_s1_20260329_182251_886887_pid513253.json
  Normal mirror -> /workspace/jy1559/FMoE/experiments/run/artifacts/results/baseline/normal/stageb_structure_anchor2_core5/P17/lastfm0.03/DuoRec/lastfm0.03_DuoRec_p17_sb_d00_m03_duorec_b3_s1_20260329_182251_886887_pid513253.json
  Special result -> /workspace/jy1559/FMoE/experiments/run/artifacts/results/baseline/special/stageb_structure_anchor2_core5/P17/lastfm0.03/DuoRec/lastfm0.03_DuoRec_p17_sb_d00_m03_duorec_b3_s1_20260329_182251_886887_pid513253_special_metrics.json
  Special log -> /workspace/jy1559/FMoE/experiments/run/artifacts/logs/baseline/special/stageb_structure_anchor2_core5/P17/lastfm0.03/DuoRec/lastfm0.03_DuoRec_p17_sb_d00_m03_duorec_b3_s1_20260329_182251_886887_pid513253_special_metrics.json
=================================================================

[RUN_STATUS] END status=normal pid=513253 start=2026-03-29T18:22:51 end=2026-03-29T19:20:25
