[STAGEB_STRUCTURE_ANCHOR2_CORE5_SETTING_HEADER]
run_phase=P17_SB_D00_M03_DUOREC_B5_S1 run_id=SB_LASTFM0_03_DUOREC_B5_S1 phase_id=P17 axis_id=SB model=DuoRec profile_id=B5 seed=1
dataset=lastfm0.03 gpu=6 order=0 lr_band=LR2,LR3 lr_lo=0.00020736000000000005 lr_hi=0.0019440000000000002
max_evals=4 tune_epochs=28 tune_patience=4
seed=170016

[COMMAND]
- /venv/FMoE/bin/python hyperopt_tune.py --config-name tune_lfm_small --max-evals 4 --tune-epochs 28 --tune-patience 4 --seed 170016 --run-group baseline --run-axis StageB_Structure_anchor2_core5 --run-phase P17_SB_D00_M03_DUOREC_B5_S1 model=duorec dataset=lastfm0.03 eval_mode=session_fixed feature_mode=full_v3 gpu_id=6 log_wandb=false show_progress=false ++special_logging=true ++seed=170016 ++search={learning_rate:[0.00020736000000000005,0.0019440000000000002]} ++search_space_type_overrides={learning_rate:"loguniform"} ++MAX_ITEM_LIST_LENGTH=10 ++weight_decay=0.00054 ++search.weight_decay=[0.00054] ++search_space_type_overrides.weight_decay=choice ++search.hidden_size=[80] ++search_space_type_overrides.hidden_size=choice ++search.embedding_size=[80] ++search_space_type_overrides.embedding_size=choice ++search.n_layers=[3] ++search_space_type_overrides.n_layers=choice ++search.num_layers=[3] ++search_space_type_overrides.num_layers=choice ++search.dropout_ratio=[0.25] ++search_space_type_overrides.dropout_ratio=choice ++search.dropout_prob=[0.25] ++search_space_type_overrides.dropout_prob=choice ++search.hidden_dropout_prob=[0.25] ++search_space_type_overrides.hidden_dropout_prob=choice ++search.attn_dropout_prob=[0.25] ++search_space_type_overrides.attn_dropout_prob=choice ++search.inner_size=[160] ++search_space_type_overrides.inner_size=choice ++search.n_heads=[1] ++search_space_type_overrides.n_heads=choice ++search.num_heads=[1] ++search_space_type_overrides.num_heads=choice ++dropout_ratio=0.25 ++hidden_size=80 ++embedding_size=80 ++n_layers=3 ++num_layers=3 ++n_heads=1 ++num_heads=1 ++inner_size=160 ++contrast=un ++tau=0.3 ++lmd=0.04 ++lmd_sem=0.0 ++semantic_sample_max_tries=2 ++train_batch_size=1024 ++eval_batch_size=1536
/venv/FMoE/lib/python3.10/site-packages/ray/_private/parameter.py:4: UserWarning: pkg_resources is deprecated as an API. See https://setuptools.pypa.io/en/latest/pkg_resources.html. The pkg_resources package is slated for removal as early as 2025-11-30. Refrain from using this package or pin to Setuptools<81.
  import pkg_resources
[RUN_STATUS] START pid=514598 ts=2026-03-29T18:49:15

=================================================================
  Hyperopt TPE  |  DuoRec x lastfm0.03
  max_evals=4  epochs=28  patience=4  wandb=off
  batch_size(train/valid/test)=1024/1536/1536
  track=baseline  axis=stageb_structure_anchor2_core5  phase=P17_SB_D00_M03_DUOREC_B5_S1
=================================================================
Changed knobs: learning_rate
Tuned params(len>1): 1  (~1 discrete combos)
Tuned groups: 1
  [optimization]
    learning_rate                   [0.00020736000000000005, 0.0019440000000000002]  -> loguniform
Fixed params(singleton/non-list): 12
Fixed groups: 12
  [optimization]
    hidden_dropout_prob             0.25                                    
    weight_decay                    0.00054                                 
  [model_core]
    attn_dropout_prob               0.25                                    
    dropout_prob                    0.25                                    
    dropout_ratio                   0.25                                    
    embedding_size                  80                                      
    hidden_size                     80                                      
    inner_size                      160                                     
    num_heads                       1                                       
    num_layers                      3                                       
  [other]
    n_heads                         1                                       
    n_layers                        3                                       

[Wandb] disabled for this hyperopt run

[1/4] learning_rate=0.0002504
  -> MRR@20=0.122100  best=0.122100  (full@28, trial=20.5min, avg=20.8min/trial, total=20.8min, ETA=1.04h)
[TRIAL_METRICS] cur_best_mrr20=0.122100 cur_best_hr10=0.241600 cur_test_mrr20=0.122600 cur_test_hr10=0.241500 run_best_mrr20=0.122100 run_best_hr10=0.241600 run_test_mrr20=0.122600 run_test_hr10=0.241500

[2/4] learning_rate=0.0004706
  -> MRR@20=0.173000  best=0.173000  (full@28, trial=20.1min, avg=20.4min/trial, total=40.9min, ETA=40.9min)
[TRIAL_METRICS] cur_best_mrr20=0.173000 cur_best_hr10=0.272900 cur_test_mrr20=0.170800 cur_test_hr10=0.276800 run_best_mrr20=0.173000 run_best_hr10=0.272900 run_test_mrr20=0.170800 run_test_hr10=0.276800

[3/4] learning_rate=0.000457
  -> MRR@20=0.170900  best=0.173000  (full@28, trial=20.2min, avg=20.3min/trial, total=1.02h, ETA=20.3min)
[TRIAL_METRICS] cur_best_mrr20=0.170900 cur_best_hr10=0.270000 cur_test_mrr20=0.169100 cur_test_hr10=0.276300 run_best_mrr20=0.173000 run_best_hr10=0.272900 run_test_mrr20=0.170800 run_test_hr10=0.276800

[4/4] learning_rate=0.0005571
  -> MRR@20=0.183100  best=0.183100  (full@28, trial=20.1min, avg=20.3min/trial, total=1.35h, ETA=0s)
[TRIAL_METRICS] cur_best_mrr20=0.183100 cur_best_hr10=0.280100 cur_test_mrr20=0.184900 cur_test_hr10=0.281300 run_best_mrr20=0.183100 run_best_hr10=0.280100 run_test_mrr20=0.184900 run_test_hr10=0.281300

=================================================================
  DONE  |  DuoRec x lastfm0.03
  Best MRR@20 = 0.183100  |  4/4 trials OK
  Best HR@10  = 0.280100
  Test MRR@20 = 0.184900  (best-valid checkpoint)
  Test HR@10  = 0.281300  (best-valid checkpoint)
[RUN_METRICS] best_valid_mrr20=0.183100 best_valid_hr10=0.280100 test_mrr20=0.184900 test_hr10=0.281300
  Total time: 81.1 min
  Best params:
    learning_rate: 0.000557083
  Results -> /workspace/jy1559/FMoE/experiments/run/artifacts/results/baseline/lastfm0.03_DuoRec_p17_sb_d00_m03_duorec_b5_s1_20260329_184915_824662_pid514598.json
  Normal mirror -> /workspace/jy1559/FMoE/experiments/run/artifacts/results/baseline/normal/stageb_structure_anchor2_core5/P17/lastfm0.03/DuoRec/lastfm0.03_DuoRec_p17_sb_d00_m03_duorec_b5_s1_20260329_184915_824662_pid514598.json
  Special result -> /workspace/jy1559/FMoE/experiments/run/artifacts/results/baseline/special/stageb_structure_anchor2_core5/P17/lastfm0.03/DuoRec/lastfm0.03_DuoRec_p17_sb_d00_m03_duorec_b5_s1_20260329_184915_824662_pid514598_special_metrics.json
  Special log -> /workspace/jy1559/FMoE/experiments/run/artifacts/logs/baseline/special/stageb_structure_anchor2_core5/P17/lastfm0.03/DuoRec/lastfm0.03_DuoRec_p17_sb_d00_m03_duorec_b5_s1_20260329_184915_824662_pid514598_special_metrics.json
=================================================================

[RUN_STATUS] END status=normal pid=514598 start=2026-03-29T18:49:15 end=2026-03-29T20:10:24
