[FINAL_ALL_DATASETS_SETTING_HEADER]
run_phase=P14_FAD_A12_MOVIELENS1M_H5_S1 exp_brief=A12_ATTN_MICRO_BEFORE_NO_BIAS_ALL_W5 phase_id=P14 axis_id=FAD setting_id=A12_ATTN_MICRO_BEFORE_NO_BIAS_ALL_W5_H5_S1 hparam_id=H5 seed=1
desc=A12_ATTN_MICRO_BEFORE_NO_BIAS_ALL_W5_H5_S1
dataset=movielens1m gpu=0 order=14
max_evals=12 tune_epochs=100 tune_patience=10
seed=97001

[COMMAND]
- /venv/FMoE/bin/python hyperopt_tune.py --config-name config --max-evals 12 --tune-epochs 100 --tune-patience 10 --seed 97001 --run-group fmoe_n3 --run-axis Final_all_datasets --run-phase P14_FAD_A12_MOVIELENS1M_H5_S1 model=featured_moe_n3_tune dataset=movielens1m eval_mode=session_fixed feature_mode=full_v3 gpu_id=0 log_wandb=false enable_tf32=true fmoe_debug_logging=false fmoe_diag_logging=true fmoe_special_logging=true fmoe_feature_ablation_logging=false fmoe_eval_logging_timing=final_only ++fmoe_logging_output_root="run/artifacts/logging" ++fmoe_logging_layout="axis_dataset_arch_hparam" ++fmoe_architecture_id="A12" ++fmoe_architecture_key="A12_ATTN_MICRO_BEFORE_NO_BIAS_ALL_W5" ++fmoe_hparam_id="H5" ++fmoe_phase="P14" MAX_ITEM_LIST_LENGTH=20 train_batch_size=4096 eval_batch_size=4096 embedding_size=168 num_heads=4 attn_dropout_prob=0.1 d_ff=336 d_feat_emb=16 d_expert_hidden=168 d_router_hidden=84 expert_scale=3 ++search.learning_rate=[0.0009,0.006] ++search.weight_decay=[1e-06] ++search.hidden_dropout_prob=[0.15] ++search.lr_scheduler_type=["warmup_cosine"] ++search_space_type_overrides.learning_rate=loguniform ++search_space_type_overrides.weight_decay=choice ++search_space_type_overrides.hidden_dropout_prob=choice ++search_space_type_overrides.lr_scheduler_type=choice ++phase_run_type="final" ++phase_axis_id="FAD" ++phase_axis_desc="final_all_datasets" ++phase_setting_id="A12_ATTN_MICRO_BEFORE_NO_BIAS_ALL_W5_H5_S1" ++phase_setting_key="A12_ATTN_MICRO_BEFORE_NO_BIAS_ALL_W5" ++phase_hparam_id="H5" ++phase_seed_id=1 ++phase_run_id="FAD_A12_MOVIELENS1M_H5_S1" ++layer_layout=["attn","macro_ffn","mid_ffn","attn","micro_ffn"] ++stage_compute_mode={macro:"moe",mid:"moe",micro:"moe"} ++stage_router_mode={macro:"learned",mid:"learned",micro:"learned"} ++stage_router_source={macro:"both",mid:"both",micro:"both"} ++stage_feature_injection={macro:"none",mid:"none",micro:"none"} ++topk_scope_mode="global_flat" ++moe_top_k=0 ++balance_loss_lambda=0.0 ++z_loss_lambda=0.0002 ++gate_entropy_lambda=0.0 ++route_smoothness_lambda=0.0 ++route_consistency_lambda=0.0008 ++route_sharpness_lambda=0.0 ++route_monopoly_lambda=0.0 ++route_monopoly_tau=0.25 ++route_prior_lambda=0.0 ++group_prior_align_lambda=0.0 ++factored_group_balance_lambda=0.0 ++rule_agreement_lambda=0.0 ++group_coverage_lambda=0.0 ++feature_group_bias_lambda=0.0 ++rule_bias_scale=0.0 ++primitive_balance_lambda=0.0 ++wrapper_group_feature_align_lambda=0.0 ++stage_router_primitives={macro:{a_joint:{source:"feature",temperature:1.0,top_k:0},b_group:{source:"feature",temperature:1.0,top_k:0},c_shared:{source:"feature",temperature:1.0,top_k:0},d_cond:{source:"feature",temperature:1.0,top_k:0},e_scalar:{source:"feature",temperature:1.0,top_k:0},wrapper:{alpha_d:1.0,alpha_struct:1.0,alpha_a:1.0}},mid:{a_joint:{source:"feature",temperature:1.0,top_k:0},b_group:{source:"feature",temperature:1.0,top_k:0},c_shared:{source:"feature",temperature:1.0,top_k:0},d_cond:{source:"feature",temperature:1.0,top_k:0},e_scalar:{source:"feature",temperature:1.0,top_k:0},wrapper:{alpha_d:1.0,alpha_struct:1.0,alpha_a:1.0}},micro:{a_joint:{source:"feature",temperature:1.0,top_k:0},b_group:{source:"feature",temperature:1.0,top_k:0},c_shared:{source:"feature",temperature:1.0,top_k:0},d_cond:{source:"feature",temperature:1.0,top_k:0},e_scalar:{source:"feature",temperature:1.0,top_k:0},wrapper:{alpha_d:1.0,alpha_struct:1.0,alpha_a:1.0}}} ++stage_router_wrapper={macro:"w5_exd",mid:"w5_exd",micro:"w5_exd"} ++macro_history_window=5 ++route_consistency_pairs=1 ++route_consistency_min_sim=0.995 ++stage_router_granularity={macro:"session",mid:"session",micro:"token"} ++stage_family_dropout_prob={macro:0.1,mid:0.1,micro:0.1} ++stage_feature_dropout_prob={macro:0.0,mid:0.0,micro:0.0} ++stage_feature_dropout_scope={macro:"token",mid:"token",micro:"token"} ++bias_mode="none"
/venv/FMoE/lib/python3.10/site-packages/ray/_private/parameter.py:4: UserWarning: pkg_resources is deprecated as an API. See https://setuptools.pypa.io/en/latest/pkg_resources.html. The pkg_resources package is slated for removal as early as 2025-11-30. Refrain from using this package or pin to Setuptools<81.
  import pkg_resources
[RUN_STATUS] START pid=216421 ts=2026-04-12T17:07:17

=================================================================
  Hyperopt TPE  |  FeaturedMoE_N3 x movielens1m
  max_evals=12  epochs=100  patience=10  wandb=off
  batch_size(train/valid/test)=4096/4096/4096
  track=fmoe_n3  axis=final_all_datasets  phase=P14_FAD_A12_MOVIELENS1M_H5_S1
=================================================================
Changed knobs: learning_rate
Tuned params(len>1): 1  (~1 discrete combos)
Tuned groups: 1
  [optimization]
    learning_rate                   [0.0009, 0.006]                           -> loguniform
Fixed params(singleton/non-list): 3
Fixed groups: 3
  [optimization]
    hidden_dropout_prob             0.15                                    
    weight_decay                    1e-06                                   
  [other]
    lr_scheduler_type               warmup_cosine                           

[Wandb] disabled for this hyperopt run

[1/12] learning_rate=0.005095
  -> MRR@20=0.049500  best=0.049500  (early_stop@67, trial=24.0min, avg=24.1min/trial, total=24.1min, ETA=4.42h)
[TRIAL_METRICS] cur_best_mrr20=0.049500 cur_best_hr10=0.126000 cur_test_mrr20=0.043400 cur_test_hr10=0.110800 run_best_mrr20=0.049500 run_best_hr10=0.126000 run_test_mrr20=0.043400 run_test_hr10=0.110800

[2/12] learning_rate=0.001873
  -> MRR@20=0.076600  best=0.076600  (early_stop@28, trial=10.1min, avg=17.1min/trial, total=34.2min, ETA=2.85h)
[TRIAL_METRICS] cur_best_mrr20=0.076600 cur_best_hr10=0.173600 cur_test_mrr20=0.072300 cur_test_hr10=0.180900 run_best_mrr20=0.076600 run_best_hr10=0.173600 run_test_mrr20=0.072300 run_test_hr10=0.180900

[3/12] learning_rate=0.003575
  -> MRR@20=0.078600  best=0.078600  (early_stop@38, trial=13.5min, avg=15.9min/trial, total=47.8min, ETA=2.39h)
[TRIAL_METRICS] cur_best_mrr20=0.078600 cur_best_hr10=0.182800 cur_test_mrr20=0.069500 cur_test_hr10=0.167100 run_best_mrr20=0.078600 run_best_hr10=0.182800 run_test_mrr20=0.069500 run_test_hr10=0.167100

[4/12] learning_rate=0.001285
  -> MRR@20=0.075200  best=0.078600  (early_stop@29, trial=10.4min, avg=14.5min/trial, total=58.1min, ETA=1.94h)
[TRIAL_METRICS] cur_best_mrr20=0.075200 cur_best_hr10=0.173600 cur_test_mrr20=0.073700 cur_test_hr10=0.174000 run_best_mrr20=0.078600 run_best_hr10=0.182800 run_test_mrr20=0.069500 run_test_hr10=0.167100

[5/12] learning_rate=0.00473
  -> MRR@20=0.073300  best=0.078600  (early_stop@43, trial=15.5min, avg=14.7min/trial, total=1.23h, ETA=1.72h)
[TRIAL_METRICS] cur_best_mrr20=0.073300 cur_best_hr10=0.180500 cur_test_mrr20=0.068100 cur_test_hr10=0.179500 run_best_mrr20=0.078600 run_best_hr10=0.182800 run_test_mrr20=0.069500 run_test_hr10=0.167100

[6/12] learning_rate=0.002369
  -> MRR@20=0.073800  best=0.078600  (early_stop@25, trial=8.8min, avg=13.7min/trial, total=1.37h, ETA=1.37h)
[TRIAL_METRICS] cur_best_mrr20=0.073800 cur_best_hr10=0.179100 cur_test_mrr20=0.073200 cur_test_hr10=0.174900 run_best_mrr20=0.078600 run_best_hr10=0.182800 run_test_mrr20=0.069500 run_test_hr10=0.167100

[7/12] learning_rate=0.002957
  -> MRR@20=0.076300  best=0.078600  (early_stop@37, trial=13.4min, avg=13.7min/trial, total=1.60h, ETA=1.14h)
[TRIAL_METRICS] cur_best_mrr20=0.076300 cur_best_hr10=0.171300 cur_test_mrr20=0.072100 cur_test_hr10=0.179000 run_best_mrr20=0.078600 run_best_hr10=0.182800 run_test_mrr20=0.069500 run_test_hr10=0.167100

[8/12] learning_rate=0.002187
  -> MRR@20=0.074000  best=0.078600  (early_stop@25, trial=9.1min, avg=13.1min/trial, total=1.75h, ETA=52.4min)
[TRIAL_METRICS] cur_best_mrr20=0.074000 cur_best_hr10=0.180500 cur_test_mrr20=0.069900 cur_test_hr10=0.174400 run_best_mrr20=0.078600 run_best_hr10=0.182800 run_test_mrr20=0.069500 run_test_hr10=0.167100

[9/12] learning_rate=0.003529
  -> MRR@20=0.076200  best=0.078600  (early_stop@40, trial=14.5min, avg=13.3min/trial, total=1.99h, ETA=39.8min)
[TRIAL_METRICS] cur_best_mrr20=0.076200 cur_best_hr10=0.173100 cur_test_mrr20=0.075200 cur_test_hr10=0.168900 run_best_mrr20=0.078600 run_best_hr10=0.182800 run_test_mrr20=0.069500 run_test_hr10=0.167100

[10/12] learning_rate=0.002612
  -> MRR@20=0.080000  best=0.080000  (early_stop@40, trial=14.4min, avg=13.4min/trial, total=2.23h, ETA=26.8min)
[TRIAL_METRICS] cur_best_mrr20=0.080000 cur_best_hr10=0.174100 cur_test_mrr20=0.068300 cur_test_hr10=0.160600 run_best_mrr20=0.080000 run_best_hr10=0.174100 run_test_mrr20=0.068300 run_test_hr10=0.160600

[11/12] learning_rate=0.005156
  -> MRR@20=0.042400  best=0.080000  (early_stop@43, trial=15.5min, avg=13.6min/trial, total=2.49h, ETA=13.6min)
[TRIAL_METRICS] cur_best_mrr20=0.042400 cur_best_hr10=0.109900 cur_test_mrr20=0.037600 cur_test_hr10=0.102900 run_best_mrr20=0.080000 run_best_hr10=0.174100 run_test_mrr20=0.068300 run_test_hr10=0.160600

[12/12] learning_rate=0.002341
  -> MRR@20=0.077400  best=0.080000  (early_stop@25, trial=9.0min, avg=13.2min/trial, total=2.64h, ETA=0s)
[TRIAL_METRICS] cur_best_mrr20=0.077400 cur_best_hr10=0.178200 cur_test_mrr20=0.071800 cur_test_hr10=0.177200 run_best_mrr20=0.080000 run_best_hr10=0.174100 run_test_mrr20=0.068300 run_test_hr10=0.160600
[1;35mEvaluate   [0m:   0%|                                                            | 0/1 [00:00<?, ?it/s][0m[1;35mEvaluate   [0m:   0%|                                  | 0/1 [00:00<?, ?it/s, [1;33mGPU RAM: 10.83 G/23.52 G[0m][0m[1;35mEvaluate   [0m: 100%|██████████████████████████| 1/1 [00:00<00:00,  1.26it/s, [1;33mGPU RAM: 10.83 G/23.52 G[0m][0m                                                                                                    [1;35mEvaluate   [0m:   0%|                                                            | 0/1 [00:00<?, ?it/s][0m[1;35mEvaluate   [0m:   0%|                                  | 0/1 [00:00<?, ?it/s, [1;33mGPU RAM: 10.83 G/23.52 G[0m][0m[1;35mEvaluate   [0m: 100%|██████████████████████████| 1/1 [00:00<00:00,  1.27it/s, [1;33mGPU RAM: 10.83 G/23.52 G[0m][0m                                                                                                    [1;35mEvaluate   [0m:   0%|                                                            | 0/1 [00:00<?, ?it/s][0m[1;35mEvaluate   [0m:   0%|                                  | 0/1 [00:00<?, ?it/s, [1;33mGPU RAM: 10.83 G/23.52 G[0m][0m[1;35mEvaluate   [0m: 100%|██████████████████████████| 1/1 [00:00<00:00,  1.25it/s, [1;33mGPU RAM: 10.83 G/23.52 G[0m][0m                                                                                                    
=================================================================
  DONE  |  FeaturedMoE_N3 x movielens1m
  Best MRR@20 = 0.080000  |  12/12 trials OK
  Best HR@10  = 0.174100
  Test MRR@20 = 0.068300  (best-valid checkpoint)
  Test HR@10  = 0.160600  (best-valid checkpoint)
[RUN_METRICS] best_valid_mrr20=0.080000 best_valid_hr10=0.174100 test_mrr20=0.068300 test_hr10=0.160600
  Total time: 158.4 min
  Best params:
    learning_rate: 0.00261226
  Results -> /workspace/jy1559/FMoE/experiments/run/artifacts/results/fmoe_n3/movielens1m_FeaturedMoE_N3_p14_fad_a12_movielens1m_h5_s1_20260412_170717_524947_pid216421.json
  Normal mirror -> /workspace/FeaturedMoE/experiments/run/artifacts/results/fmoe_n3/normal/final_all_datasets/P14/movielens1m/FMoEN3/movielens1m_FeaturedMoE_N3_p14_fad_a12_movielens1m_h5_s1_20260412_170717_524947_pid216421.json
  Special result -> /workspace/FeaturedMoE/experiments/run/artifacts/results/fmoe_n3/special/final_all_datasets/P14/movielens1m/FMoEN3/movielens1m_FeaturedMoE_N3_p14_fad_a12_movielens1m_h5_s1_20260412_170717_524947_pid216421_special_metrics.json
  Special log -> /workspace/FeaturedMoE/experiments/run/artifacts/logs/fmoe_n3/special/final_all_datasets/P14/movielens1m/FMoEN3/movielens1m_FeaturedMoE_N3_p14_fad_a12_movielens1m_h5_s1_20260412_170717_524947_pid216421_special_metrics.json
=================================================================

[RUN_STATUS] END status=normal pid=216421 start=2026-04-12T17:07:17 end=2026-04-12T19:45:43
