# job_id=ADD_STAGE1_LASTFM0_03_FDSA_STRUCTURE dataset=lastfm0.03 model=fdsa stage=stage1
# cmd=/venv/FMoE/bin/python /workspace/FeaturedMoE/experiments/hyperopt_tune.py --config-name tune_lfm_small --search-algo tpe --max-evals 4 --tune-epochs 40 --tune-patience 5 --seed 910092 --run-group final_experiment_addtuning --run-axis add_stage1_structure --run-phase ADD_STAGE1_LASTFM0_03_FDSA_STRUCTURE model=fdsa dataset=lastfm0.03 eval_mode=session_fixed feature_mode=full_v4 ++eval_sampling.mode=full ++eval_sampling.auto_full_threshold=999999999 ++special_logging=true ++exclude_unseen_target_from_main_eval=true ++log_unseen_target_metrics=true gpu_id=0 log_wandb=false show_progress=false ++seed=910092 --max-run-hours 2 --oom-retry-limit 5 ++search.learning_rate=[0.00050234,0.00050912,0.00034047,0.00022768,0.00015226] ++search_space_type_overrides.learning_rate=choice ++search.n_layers=[3,2] ++search_space_type_overrides.n_layers=choice ++search.n_heads=[2,1] ++search_space_type_overrides.n_heads=choice ++search.attribute_hidden_size=[96,128] ++search_space_type_overrides.attribute_hidden_size=choice ++search.lambda_attr=[0.16,0.15] ++search_space_type_overrides.lambda_attr=choice ++search.num_layers=[1,2] ++search_space_type_overrides.num_layers=choice ++search.num_heads=[1,2] ++search_space_type_overrides.num_heads=choice ++search.inner_size=[320] ++search_space_type_overrides.inner_size=choice ++search.dropout_ratio=[0.12] ++search_space_type_overrides.dropout_ratio=choice ++search.selected_features=[["category"]] ++search_space_type_overrides.selected_features=choice ++search.pooling_mode=["mean"] ++search_space_type_overrides.pooling_mode=choice ++search.weight_decay=[1e-06] ++search_space_type_overrides.weight_decay=choice ++search.MAX_ITEM_LIST_LENGTH=[20] ++search_space_type_overrides.MAX_ITEM_LIST_LENGTH=choice ++search.hidden_size=[112] ++search_space_type_overrides.hidden_size=choice ++search.embedding_size=[160] ++search_space_type_overrides.embedding_size=choice ++search.hidden_dropout_prob=[0.2] ++search_space_type_overrides.hidden_dropout_prob=choice ++search.attn_dropout_prob=[0.12] ++search_space_type_overrides.attn_dropout_prob=choice ++search.dropout_prob=[0.1] ++search_space_type_overrides.dropout_prob=choice

/venv/FMoE/lib/python3.10/site-packages/ray/_private/parameter.py:4: UserWarning: pkg_resources is deprecated as an API. See https://setuptools.pypa.io/en/latest/pkg_resources.html. The pkg_resources package is slated for removal as early as 2025-11-30. Refrain from using this package or pin to Setuptools<81.
  import pkg_resources
[RUN_STATUS] START pid=1727281 ts=2026-04-18T17:22:58
[UniqueChoice] enabled: dedupe/remap duplicates across 320 finite combos

=================================================================
  Hyperopt  |  FDSA x lastfm0.03
  max_evals=4  epochs=40  patience=5  wandb=off
  search_algo=tpe
  max_run_hours=2.000  (stop launching new trials after current trial)
  oom_retry_limit=5  (halve train/eval batch size on OOM)
  batch_size(train/valid/test)=2048/4096/4096
  track=final_experiment_addtuning  axis=add_stage1_structure  phase=ADD_STAGE1_LASTFM0_03_FDSA_STRUCTURE
=================================================================
Changed knobs: attribute_hidden_size, lambda_attr, learning_rate, n_heads, n_layers, num_heads, num_layers
Tuned params(len>1): 7  (~320 discrete combos)
Tuned groups: 7
  [optimization]
    learning_rate                   [0.00050234, 0.00050912, 0.00034047, 0.00022768, 0.00015226]  -> choice
  [model_core]
    num_heads                       [1, 2]                                    -> choice
    num_layers                      [1, 2]                                    -> choice
  [other]
    attribute_hidden_size           [96, 128]                                 -> choice
    lambda_attr                     [0.16, 0.15]                              -> choice
    n_heads                         [2, 1]                                    -> choice
    n_layers                        [3, 2]                                    -> choice
Fixed params(singleton/non-list): 11
Fixed groups: 11
  [optimization]
    hidden_dropout_prob             0.2                                     
    weight_decay                    1e-06                                   
  [model_core]
    attn_dropout_prob               0.12                                    
    dropout_prob                    0.1                                     
    dropout_ratio                   0.12                                    
    embedding_size                  160                                     
    hidden_size                     112                                     
    inner_size                      320                                     
  [other]
    MAX_ITEM_LIST_LENGTH            20                                      
    pooling_mode                    mean                                    
    selected_features               ['category']                            

[Wandb] disabled for this hyperopt run

[1/4] attribute_hidden_size=128, lambda_attr=0.16, learning_rate=0.0001523, n_heads=1, n_layers=2, num_heads=1, num_layers=1
  -> MRR@20=0.294200  best=0.294200  (full@40, trial=3.1min, avg=3.3min/trial, total=3.3min, ETA=9.8min)
[TRIAL_METRICS] cur_best_mrr20=0.294200 cur_best_hr10=0.360000 cur_test_mrr20=0.294700 cur_test_hr10=0.364200 avg_epoch_time_sec=4.6063 test_eval_time_sec=0.0895 test_eval_batches_per_sec=11.1682 test_eval_targets_per_sec=38407.4137 run_best_mrr20=0.294200 run_best_hr10=0.360000 run_test_mrr20=0.294700 run_test_hr10=0.364200

[2/4] attribute_hidden_size=96, lambda_attr=0.16, learning_rate=0.0002277, n_heads=2, n_layers=2, num_heads=2, num_layers=2
  -> MRR@20=0.307500  best=0.307500  (full@40, trial=3.3min, avg=3.3min/trial, total=6.5min, ETA=6.5min)
[TRIAL_METRICS] cur_best_mrr20=0.307500 cur_best_hr10=0.367800 cur_test_mrr20=0.306900 cur_test_hr10=0.377600 avg_epoch_time_sec=4.8873 test_eval_time_sec=0.0960 test_eval_batches_per_sec=10.4152 test_eval_targets_per_sec=35817.7737 run_best_mrr20=0.307500 run_best_hr10=0.367800 run_test_mrr20=0.306900 run_test_hr10=0.377600

[3/4] attribute_hidden_size=128, lambda_attr=0.15, learning_rate=0.0002277, n_heads=2, n_layers=3, num_heads=1, num_layers=2
  -> MRR@20=0.310500  best=0.310500  (full@40, trial=3.9min, avg=3.5min/trial, total=10.5min, ETA=3.5min)
[TRIAL_METRICS] cur_best_mrr20=0.310500 cur_best_hr10=0.371000 cur_test_mrr20=0.309700 cur_test_hr10=0.377600 avg_epoch_time_sec=5.8684 test_eval_time_sec=0.0932 test_eval_batches_per_sec=10.7253 test_eval_targets_per_sec=36884.2461 run_best_mrr20=0.310500 run_best_hr10=0.371000 run_test_mrr20=0.309700 run_test_hr10=0.377600

[4/4] attribute_hidden_size=96, lambda_attr=0.15, learning_rate=0.0005023, n_heads=2, n_layers=3, num_heads=2, num_layers=1
  -> MRR@20=0.312400  best=0.312400  (early_stop@29, trial=3.4min, avg=3.5min/trial, total=13.8min, ETA=0s)
[TRIAL_METRICS] cur_best_mrr20=0.312400 cur_best_hr10=0.370300 cur_test_mrr20=0.306900 cur_test_hr10=0.374400 avg_epoch_time_sec=6.9302 test_eval_time_sec=0.0934 test_eval_batches_per_sec=10.7054 test_eval_targets_per_sec=36815.9928 run_best_mrr20=0.312400 run_best_hr10=0.370300 run_test_mrr20=0.306900 run_test_hr10=0.374400

=================================================================
  DONE  |  FDSA x lastfm0.03
  Best MRR@20 = 0.312400  |  4/4 trials OK
  Best HR@10  = 0.370300
  Test MRR@20 = 0.306900  (best-valid checkpoint)
  Test HR@10  = 0.374400  (best-valid checkpoint)
  Avg epoch time = 6.930 sec/epoch
  Final test eval = 0.093 sec | batches/s=10.705 | targets/s=36815.993
[RUN_METRICS] best_valid_mrr20=0.312400 best_valid_hr10=0.370300 test_mrr20=0.306900 test_hr10=0.374400 avg_epoch_time_sec=6.9302 test_eval_time_sec=0.0934 test_eval_batches_per_sec=10.7054 test_eval_targets_per_sec=36815.9928
  Total time: 13.8 min
  Best params:
    attribute_hidden_size: 96
    lambda_attr: 0.15
    learning_rate: 0.00050234
    n_heads: 2
    n_layers: 3
    num_heads: 2
    num_layers: 1
  Results -> /workspace/FeaturedMoE/experiments/run/artifacts/results/final_experiment_addtuning/lastfm0.03_FDSA_add_stage1_lastfm0_03_fdsa_structure_20260418_172259_059943_pid1727281.json
  Normal mirror -> /workspace/FeaturedMoE/experiments/run/artifacts/results/final_experiment_addtuning/normal/add_stage1_structure/ADD/lastfm0.03/FDSA/lastfm0.03_FDSA_add_stage1_lastfm0_03_fdsa_structure_20260418_172259_059943_pid1727281.json
  Special result -> /workspace/FeaturedMoE/experiments/run/artifacts/results/final_experiment_addtuning/special/add_stage1_structure/ADD/lastfm0.03/FDSA/lastfm0.03_FDSA_add_stage1_lastfm0_03_fdsa_structure_20260418_172259_059943_pid1727281_special_metrics.json
  Special log -> /workspace/FeaturedMoE/experiments/run/artifacts/logs/final_experiment_addtuning/special/add_stage1_structure/ADD/lastfm0.03/FDSA/lastfm0.03_FDSA_add_stage1_lastfm0_03_fdsa_structure_20260418_172259_059943_pid1727281_special_metrics.json
=================================================================

[RUN_STATUS] END status=normal pid=1727281 start=2026-04-18T17:22:58 end=2026-04-18T17:36:48
