[RUN_STATUS] START pid=585030 ts=2026-03-10T05:30:01

=================================================================
  Hyperopt TPE  |  FeaturedMoE_v3 x movielens1m
  max_evals=10  epochs=40  patience=5  wandb=off
  batch_size(train/valid/test)=3072/6144/6144
  track=fmoe_v3  axis=hparam  phase=P2DISTILL_base_plain_cmp
=================================================================
Changed knobs: learning_rate, weight_decay
Tuned params(len>1): 2  (~1 discrete combos)
Tuned groups: 2
  [optimization]
    learning_rate                   [0.0012, 0.0018, 0.0028, 0.004, 0.006]    -> loguniform
    weight_decay                    [0, 1e-06, 0.0001]                        -> loguniform_zero
Fixed params(singleton/non-list): 42
Fixed groups: 42
  [optimization]
    balance_loss_lambda             0.005                                   
    hidden_dropout_prob             0.1                                     
  [model_core]
    d_expert_hidden                 512                                     
    d_feat_emb                      16                                      
    d_router_hidden                 64                                      
    embedding_size                  128                                     
    expert_scale                    3                                       
    num_heads                       8                                       
  [layout]
    fmoe_v2_layout_id               7                                       
  [routing_moe]
    micro_router_temperature_start  1.3                                     
    mid_router_temperature_start    1.3                                     
    moe_top_k                       0                                       
    moe_top_k_policy                auto                                    
    moe_top_k_ratio                 0.5                                     
    moe_top_k_start                 0                                       
    moe_top_k_warmup_until          0                                       
    router_clone_residual_scale     0.5                                     
    router_design                   flat_hidden_group_clone12               
    router_distill_enable           False                                   
    router_distill_lambda_clone     0.0                                     
    router_distill_lambda_group     0.0                                     
    router_distill_mode             none                                    
    router_distill_temperature      1.5                                     
    router_distill_until            0.2                                     
    router_group_bias_scale         0.5                                     
    router_impl                     learned                                 
    router_impl_by_stage            {}                                      
    rule_router.feature_per_expert  4                                       
    rule_router.n_bins              5                                       
  [schedule]
    alpha_warmup_end                1.0                                     
    alpha_warmup_start              0.0                                     
    alpha_warmup_until              0                                       
    fmoe_schedule_enable            False                                   
    temperature_warmup_until        0                                       
  [merge_hir]
    fmoe_v2_parallel_stage_gate_temperature  1.0                                     
    fmoe_v2_parallel_stage_gate_top_k  0                                       
    fmoe_v2_stage_merge_aux_enable  False                                   
    fmoe_v2_stage_merge_aux_lambda_scale  1.0                                     
  [other]
    MAX_ITEM_LIST_LENGTH            10                                      
    fmoe_stage_execution_mode       serial                                  
    fmoe_v2_feature_spec_aux_enable  False                                   
    fmoe_v2_feature_spec_aux_lambda  0.0                                     
Layout details:
  execution(fixed)=serial
  id=7 exec=serial pre=0 post=0 total_layers=4 total_moe=3 | macro(pass=1,moe=1) | mid(pass=0,moe=1) | micro(pass=0,moe=1)

[Wandb] disabled for this hyperopt run

[1/10] learning_rate=0.001835, weight_decay=5.452e-05
    [Device] CUDA_VISIBLE_DEVICES=6 | torch_device=cuda:0 (NVIDIA RTX A5000)
    [DataCache] save_dataset=True save_dataloaders=False | checkpoint_dir=saved/recbole_cache/movielens1m_feature_added_session_len10 | dataloaders_save_path=saved/recbole_cache/movielens1m_feature_added_session_len10/movielens1m-for-dataloader.pth
    [DataPrep] cache_hit=disk_or_build, create_dataset=0.10s, data_preparation=0.66s, n_items=3534
  -> MRR@20=0.0953  best=0.0953  (early_stop@26, trial=10.9min, avg=11.0min/trial, total=11.0min, ETA=1.64h)

[2/10] learning_rate=0.002524, weight_decay=0
    [Device] CUDA_VISIBLE_DEVICES=6 | torch_device=cuda:0 (NVIDIA RTX A5000)
    [DataCache] save_dataset=True save_dataloaders=False | checkpoint_dir=saved/recbole_cache/movielens1m_feature_added_session_len10 | dataloaders_save_path=saved/recbole_cache/movielens1m_feature_added_session_len10/movielens1m-for-dataloader.pth
    [DataPrep] cache_hit=memory, create_dataset=0.00s, data_preparation=0.00s, n_items=3534
  -> MRR@20=0.0881  best=0.0953  (early_stop@18, trial=7.6min, avg=9.3min/trial, total=18.5min, ETA=1.24h)

[3/10] learning_rate=0.003077, weight_decay=0
    [Device] CUDA_VISIBLE_DEVICES=6 | torch_device=cuda:0 (NVIDIA RTX A5000)
    [DataCache] save_dataset=True save_dataloaders=False | checkpoint_dir=saved/recbole_cache/movielens1m_feature_added_session_len10 | dataloaders_save_path=saved/recbole_cache/movielens1m_feature_added_session_len10/movielens1m-for-dataloader.pth
    [DataPrep] cache_hit=memory, create_dataset=0.00s, data_preparation=0.00s, n_items=3534
  -> MRR@20=0.0881  best=0.0953  (early_stop@20, trial=8.4min, avg=9.0min/trial, total=26.9min, ETA=1.05h)

[4/10] learning_rate=0.001407, weight_decay=1.04e-05
    [Device] CUDA_VISIBLE_DEVICES=6 | torch_device=cuda:0 (NVIDIA RTX A5000)
    [DataCache] save_dataset=True save_dataloaders=False | checkpoint_dir=saved/recbole_cache/movielens1m_feature_added_session_len10 | dataloaders_save_path=saved/recbole_cache/movielens1m_feature_added_session_len10/movielens1m-for-dataloader.pth
    [DataPrep] cache_hit=memory, create_dataset=0.00s, data_preparation=0.00s, n_items=3534
  -> MRR@20=0.0923  best=0.0953  (early_stop@19, trial=8.0min, avg=8.7min/trial, total=34.9min, ETA=52.4min)

[5/10] learning_rate=0.004676, weight_decay=0
    [Device] CUDA_VISIBLE_DEVICES=6 | torch_device=cuda:0 (NVIDIA RTX A5000)
    [DataCache] save_dataset=True save_dataloaders=False | checkpoint_dir=saved/recbole_cache/movielens1m_feature_added_session_len10 | dataloaders_save_path=saved/recbole_cache/movielens1m_feature_added_session_len10/movielens1m-for-dataloader.pth
    [DataPrep] cache_hit=memory, create_dataset=0.00s, data_preparation=0.00s, n_items=3534
  -> MRR@20=0.0847  best=0.0953  (early_stop@33, trial=13.9min, avg=9.8min/trial, total=48.8min, ETA=48.8min)

[6/10] learning_rate=0.005711, weight_decay=0
    [Device] CUDA_VISIBLE_DEVICES=6 | torch_device=cuda:0 (NVIDIA RTX A5000)
    [DataCache] save_dataset=True save_dataloaders=False | checkpoint_dir=saved/recbole_cache/movielens1m_feature_added_session_len10 | dataloaders_save_path=saved/recbole_cache/movielens1m_feature_added_session_len10/movielens1m-for-dataloader.pth
    [DataPrep] cache_hit=memory, create_dataset=0.00s, data_preparation=0.00s, n_items=3534
  -> MRR@20=0.0703  best=0.0953  (early_stop@33, trial=13.9min, avg=10.4min/trial, total=1.04h, ETA=41.8min)

[7/10] learning_rate=0.003988, weight_decay=1.81e-05
    [Device] CUDA_VISIBLE_DEVICES=6 | torch_device=cuda:0 (NVIDIA RTX A5000)
    [DataCache] save_dataset=True save_dataloaders=False | checkpoint_dir=saved/recbole_cache/movielens1m_feature_added_session_len10 | dataloaders_save_path=saved/recbole_cache/movielens1m_feature_added_session_len10/movielens1m-for-dataloader.pth
    [DataPrep] cache_hit=memory, create_dataset=0.00s, data_preparation=0.00s, n_items=3534
  -> MRR@20=0.0944  best=0.0953  (early_stop@30, trial=12.6min, avg=10.8min/trial, total=1.26h, ETA=32.3min)

[8/10] learning_rate=0.004704, weight_decay=5.418e-05
    [Device] CUDA_VISIBLE_DEVICES=6 | torch_device=cuda:0 (NVIDIA RTX A5000)
    [DataCache] save_dataset=True save_dataloaders=False | checkpoint_dir=saved/recbole_cache/movielens1m_feature_added_session_len10 | dataloaders_save_path=saved/recbole_cache/movielens1m_feature_added_session_len10/movielens1m-for-dataloader.pth
    [DataPrep] cache_hit=memory, create_dataset=0.00s, data_preparation=0.00s, n_items=3534
  -> MRR@20=0.0715  best=0.0953  (early_stop@36, trial=15.3min, avg=11.3min/trial, total=1.51h, ETA=22.7min)

[9/10] learning_rate=0.002003, weight_decay=0
    [Device] CUDA_VISIBLE_DEVICES=6 | torch_device=cuda:0 (NVIDIA RTX A5000)
    [DataCache] save_dataset=True save_dataloaders=False | checkpoint_dir=saved/recbole_cache/movielens1m_feature_added_session_len10 | dataloaders_save_path=saved/recbole_cache/movielens1m_feature_added_session_len10/movielens1m-for-dataloader.pth
    [DataPrep] cache_hit=memory, create_dataset=0.00s, data_preparation=0.00s, n_items=3534
  -> MRR@20=0.0892  best=0.0953  (early_stop@18, trial=7.6min, avg=10.9min/trial, total=1.64h, ETA=10.9min)

[10/10] learning_rate=0.004418, weight_decay=0
    [Device] CUDA_VISIBLE_DEVICES=6 | torch_device=cuda:0 (NVIDIA RTX A5000)
    [DataCache] save_dataset=True save_dataloaders=False | checkpoint_dir=saved/recbole_cache/movielens1m_feature_added_session_len10 | dataloaders_save_path=saved/recbole_cache/movielens1m_feature_added_session_len10/movielens1m-for-dataloader.pth
    [DataPrep] cache_hit=memory, create_dataset=0.00s, data_preparation=0.00s, n_items=3534
  -> MRR@20=0.0643  best=0.0953  (early_stop@23, trial=9.7min, avg=10.8min/trial, total=1.80h, ETA=0s)

=================================================================
  DONE  |  FeaturedMoE_v3 x movielens1m
  Best MRR@20 = 0.0953  |  10/10 trials OK
  Total time: 107.9 min
  Best params:
    learning_rate: 0.0018354
    weight_decay: 5.452e-05
  Results -> /workspace/jy1559/FMoE/experiments/run/artifacts/results/fmoe_v3/movielens1m_FeaturedMoE_v3_p2distill_base_plain_cmp_20260310_053001_695125_pid585030.json
=================================================================

[RUN_STATUS] END status=normal pid=585030 start=2026-03-10T05:30:01 end=2026-03-10T07:17:57
