[FINAL_ALL_DATASETS_SETTING_HEADER]
run_phase=P14_FAD_MOVIELENS1M_H1_S3 exp_brief=A1_MAIN_ATTN_MICRO_BEFORE phase_id=P14 axis_id=FAD setting_id=FINAL_MAIN_H1_S3 hparam_id=H1 seed=3
desc=FINAL_MAIN_ATTN_MICRO_BEFORE_H1_S3
dataset=movielens1m gpu=2 order=3
max_evals=20 tune_epochs=100 tune_patience=10
seed=91002

[COMMAND]
- /venv/FMoE/bin/python hyperopt_tune.py --config-name config --max-evals 20 --tune-epochs 100 --tune-patience 10 --seed 91002 --run-group fmoe_n3 --run-axis Final_all_datasets --run-phase P14_FAD_MOVIELENS1M_H1_S3 model=featured_moe_n3_tune dataset=movielens1m eval_mode=session_fixed feature_mode=full_v3 gpu_id=2 log_wandb=false enable_tf32=true fmoe_debug_logging=false fmoe_diag_logging=true fmoe_special_logging=true fmoe_feature_ablation_logging=false fmoe_eval_logging_timing=final_only ++fmoe_logging_output_root="run/artifacts/logging" ++fmoe_logging_layout="axis_dataset_arch_hparam" ++fmoe_architecture_id="A1" ++fmoe_architecture_key="FINAL_MAIN" ++fmoe_hparam_id="H1" ++fmoe_phase="P14" MAX_ITEM_LIST_LENGTH=20 train_batch_size=4096 eval_batch_size=4096 embedding_size=128 num_heads=4 attn_dropout_prob=0.1 d_ff=256 d_feat_emb=16 d_expert_hidden=128 d_router_hidden=64 expert_scale=3 ++search.learning_rate=[0.00015,0.008] ++search.weight_decay=[1e-06] ++search.hidden_dropout_prob=[0.15] ++search.lr_scheduler_type=["warmup_cosine"] ++search_space_type_overrides.learning_rate=loguniform ++search_space_type_overrides.weight_decay=choice ++search_space_type_overrides.hidden_dropout_prob=choice ++search_space_type_overrides.lr_scheduler_type=choice ++phase_run_type="final" ++phase_axis_id="FAD" ++phase_axis_desc="final_all_datasets" ++phase_setting_id="FINAL_MAIN_H1_S3" ++phase_setting_key="FINAL_MAIN_ATTN_MICRO_BEFORE" ++phase_hparam_id="H1" ++phase_seed_id=3 ++phase_run_id="FAD_MOVIELENS1M_H1_S3" ++layer_layout=["attn","macro_ffn","mid_ffn","attn","micro_ffn"] ++stage_compute_mode={macro:"moe",mid:"moe",micro:"moe"} ++stage_router_mode={macro:"learned",mid:"learned",micro:"learned"} ++stage_router_source={macro:"both",mid:"both",micro:"both"} ++stage_feature_injection={macro:"none",mid:"none",micro:"none"} ++topk_scope_mode="global_flat" ++moe_top_k=0 ++balance_loss_lambda=0.0 ++z_loss_lambda=0.0001 ++gate_entropy_lambda=0.0 ++route_smoothness_lambda=0.0 ++route_consistency_lambda=0.0 ++route_sharpness_lambda=0.0 ++route_monopoly_lambda=0.0 ++route_monopoly_tau=0.25 ++route_prior_lambda=0.0 ++group_prior_align_lambda=0.0 ++factored_group_balance_lambda=0.0 ++rule_agreement_lambda=0.0 ++group_coverage_lambda=0.0 ++feature_group_bias_lambda=0.05 ++rule_bias_scale=0.1 ++primitive_balance_lambda=0.0 ++wrapper_group_feature_align_lambda=0.0 ++stage_router_primitives={macro:{a_joint:{source:"feature",temperature:1.0,top_k:0},b_group:{source:"feature",temperature:1.0,top_k:0},c_shared:{source:"feature",temperature:1.0,top_k:0},d_cond:{source:"feature",temperature:1.0,top_k:0},e_scalar:{source:"feature",temperature:1.0,top_k:0},wrapper:{alpha_d:1.0,alpha_struct:1.0,alpha_a:1.0}},mid:{a_joint:{source:"feature",temperature:1.0,top_k:0},b_group:{source:"feature",temperature:1.0,top_k:0},c_shared:{source:"feature",temperature:1.0,top_k:0},d_cond:{source:"feature",temperature:1.0,top_k:0},e_scalar:{source:"feature",temperature:1.0,top_k:0},wrapper:{alpha_d:1.0,alpha_struct:1.0,alpha_a:1.0}},micro:{a_joint:{source:"feature",temperature:1.0,top_k:0},b_group:{source:"feature",temperature:1.0,top_k:0},c_shared:{source:"feature",temperature:1.0,top_k:0},d_cond:{source:"feature",temperature:1.0,top_k:0},e_scalar:{source:"feature",temperature:1.0,top_k:0},wrapper:{alpha_d:1.0,alpha_struct:1.0,alpha_a:1.0}}} ++stage_router_wrapper={macro:"w4_bxd",mid:"w6_bxd_plus_a",micro:"w1_flat"} ++macro_history_window=5 ++stage_router_granularity={macro:"session",mid:"session",micro:"token"} ++stage_family_dropout_prob={macro:0.1,mid:0.1,micro:0.1} ++stage_feature_dropout_prob={macro:0.0,mid:0.0,micro:0.0} ++stage_feature_dropout_scope={macro:"token",mid:"token",micro:"token"}
/venv/FMoE/lib/python3.10/site-packages/ray/_private/parameter.py:4: UserWarning: pkg_resources is deprecated as an API. See https://setuptools.pypa.io/en/latest/pkg_resources.html. The pkg_resources package is slated for removal as early as 2025-11-30. Refrain from using this package or pin to Setuptools<81.
  import pkg_resources
[RUN_STATUS] START pid=315933 ts=2026-03-27T19:38:10

=================================================================
  Hyperopt TPE  |  FeaturedMoE_N3 x movielens1m
  max_evals=20  epochs=100  patience=10  wandb=off
  batch_size(train/valid/test)=4096/4096/4096
  track=fmoe_n3  axis=final_all_datasets  phase=P14_FAD_MOVIELENS1M_H1_S3
=================================================================
Changed knobs: learning_rate
Tuned params(len>1): 1  (~1 discrete combos)
Tuned groups: 1
  [optimization]
    learning_rate                   [0.00015, 0.008]                          -> loguniform
Fixed params(singleton/non-list): 3
Fixed groups: 3
  [optimization]
    hidden_dropout_prob             0.15                                    
    weight_decay                    1e-06                                   
  [other]
    lr_scheduler_type               warmup_cosine                           

[Wandb] disabled for this hyperopt run

[1/20] learning_rate=0.00769
  -> MRR@20=0.077600  best=0.077600  (early_stop@54, trial=19.4min, avg=20.1min/trial, total=20.1min, ETA=6.36h)
[TRIAL_METRICS] cur_best_mrr20=0.077600 cur_best_hr10=0.197500 cur_test_mrr20=0.054400 cur_test_hr10=0.140200 run_best_mrr20=0.077600 run_best_hr10=0.197500 run_test_mrr20=0.054400 run_test_hr10=0.140200

[2/20] learning_rate=0.0003708
  -> MRR@20=0.081800  best=0.081800  (early_stop@58, trial=20.5min, avg=20.3min/trial, total=40.6min, ETA=6.09h)
[TRIAL_METRICS] cur_best_mrr20=0.081800 cur_best_hr10=0.214500 cur_test_mrr20=0.058300 cur_test_hr10=0.153200 run_best_mrr20=0.081800 run_best_hr10=0.214500 run_test_mrr20=0.058300 run_test_hr10=0.153200

[3/20] learning_rate=0.0002375
  -> MRR@20=0.079900  best=0.081800  (early_stop@74, trial=26.6min, avg=22.4min/trial, total=1.12h, ETA=6.34h)
[TRIAL_METRICS] cur_best_mrr20=0.079900 cur_best_hr10=0.215500 cur_test_mrr20=0.060300 cur_test_hr10=0.157300 run_best_mrr20=0.081800 run_best_hr10=0.214500 run_test_mrr20=0.058300 run_test_hr10=0.153200

[4/20] learning_rate=0.00373
  -> MRR@20=0.094600  best=0.094600  (early_stop@38, trial=13.5min, avg=20.2min/trial, total=1.34h, ETA=5.38h)
[TRIAL_METRICS] cur_best_mrr20=0.094600 cur_best_hr10=0.214100 cur_test_mrr20=0.058400 cur_test_hr10=0.143900 run_best_mrr20=0.094600 run_best_hr10=0.214100 run_test_mrr20=0.058400 run_test_hr10=0.143900

[5/20] learning_rate=0.001112
  -> MRR@20=0.087800  best=0.094600  (early_stop@33, trial=11.8min, avg=18.5min/trial, total=1.54h, ETA=4.62h)
[TRIAL_METRICS] cur_best_mrr20=0.087800 cur_best_hr10=0.210900 cur_test_mrr20=0.057300 cur_test_hr10=0.140200 run_best_mrr20=0.094600 run_best_hr10=0.214100 run_test_mrr20=0.058400 run_test_hr10=0.143900

[6/20] learning_rate=0.0008311
  -> MRR@20=0.090500  best=0.094600  (early_stop@53, trial=18.4min, avg=18.5min/trial, total=1.85h, ETA=4.31h)
[TRIAL_METRICS] cur_best_mrr20=0.090500 cur_best_hr10=0.214100 cur_test_mrr20=0.058600 cur_test_hr10=0.149500 run_best_mrr20=0.094600 run_best_hr10=0.214100 run_test_mrr20=0.058400 run_test_hr10=0.143900

[7/20] learning_rate=0.0002591
  -> MRR@20=0.081300  best=0.094600  (early_stop@75, trial=25.8min, avg=19.5min/trial, total=2.28h, ETA=4.23h)
[TRIAL_METRICS] cur_best_mrr20=0.081300 cur_best_hr10=0.214500 cur_test_mrr20=0.061200 cur_test_hr10=0.155500 run_best_mrr20=0.094600 run_best_hr10=0.214100 run_test_mrr20=0.058400 run_test_hr10=0.143900

[8/20] learning_rate=0.00631
  -> MRR@20=0.086000  best=0.094600  (early_stop@54, trial=19.2min, avg=19.5min/trial, total=2.60h, ETA=3.90h)
[TRIAL_METRICS] cur_best_mrr20=0.086000 cur_best_hr10=0.207600 cur_test_mrr20=0.058200 cur_test_hr10=0.142500 run_best_mrr20=0.094600 run_best_hr10=0.214100 run_test_mrr20=0.058400 run_test_hr10=0.143900

[9/20] learning_rate=0.0004385
  -> MRR@20=0.088100  best=0.094600  (early_stop@80, trial=28.8min, avg=20.5min/trial, total=3.08h, ETA=3.76h)
[TRIAL_METRICS] cur_best_mrr20=0.088100 cur_best_hr10=0.217300 cur_test_mrr20=0.057300 cur_test_hr10=0.148100 run_best_mrr20=0.094600 run_best_hr10=0.214100 run_test_mrr20=0.058400 run_test_hr10=0.143900

[10/20] learning_rate=0.0002165
  -> MRR@20=0.078800  best=0.094600  (early_stop@74, trial=26.4min, avg=21.1min/trial, total=3.52h, ETA=3.52h)
[TRIAL_METRICS] cur_best_mrr20=0.078800 cur_best_hr10=0.209500 cur_test_mrr20=0.059600 cur_test_hr10=0.157800 run_best_mrr20=0.094600 run_best_hr10=0.214100 run_test_mrr20=0.058400 run_test_hr10=0.143900

[11/20] learning_rate=0.0003729
  -> MRR@20=0.081800  best=0.094600  (early_stop@58, trial=20.6min, avg=21.1min/trial, total=3.86h, ETA=3.16h)
[TRIAL_METRICS] cur_best_mrr20=0.081800 cur_best_hr10=0.215000 cur_test_mrr20=0.058400 cur_test_hr10=0.152700 run_best_mrr20=0.094600 run_best_hr10=0.214100 run_test_mrr20=0.058400 run_test_hr10=0.143900

[12/20] learning_rate=0.0005582
  -> MRR@20=0.089200  best=0.094600  (early_stop@62, trial=22.3min, avg=21.2min/trial, total=4.24h, ETA=2.82h)
[TRIAL_METRICS] cur_best_mrr20=0.089200 cur_best_hr10=0.219200 cur_test_mrr20=0.057500 cur_test_hr10=0.148100 run_best_mrr20=0.094600 run_best_hr10=0.214100 run_test_mrr20=0.058400 run_test_hr10=0.143900

[13/20] learning_rate=0.001542
  -> MRR@20=0.087100  best=0.094600  (early_stop@25, trial=9.1min, avg=20.3min/trial, total=4.39h, ETA=2.36h)
[TRIAL_METRICS] cur_best_mrr20=0.087100 cur_best_hr10=0.215500 cur_test_mrr20=0.059000 cur_test_hr10=0.151300 run_best_mrr20=0.094600 run_best_hr10=0.214100 run_test_mrr20=0.058400 run_test_hr10=0.143900

[14/20] learning_rate=0.002479
  -> MRR@20=0.094600  best=0.094600  (early_stop@41, trial=15.3min, avg=19.9min/trial, total=4.64h, ETA=1.99h)
[TRIAL_METRICS] cur_best_mrr20=0.094600 cur_best_hr10=0.202600 cur_test_mrr20=0.056300 cur_test_hr10=0.138400 run_best_mrr20=0.094600 run_best_hr10=0.202600 run_test_mrr20=0.056300 run_test_hr10=0.138400

[15/20] learning_rate=0.0005878
  -> MRR@20=0.089300  best=0.094600  (early_stop@62, trial=22.7min, avg=20.1min/trial, total=5.02h, ETA=1.67h)
[TRIAL_METRICS] cur_best_mrr20=0.089300 cur_best_hr10=0.222800 cur_test_mrr20=0.058000 cur_test_hr10=0.149900 run_best_mrr20=0.094600 run_best_hr10=0.214100 run_test_mrr20=0.058400 run_test_hr10=0.143900

[16/20] learning_rate=0.00184
  -> MRR@20=0.089900  best=0.094600  (early_stop@35, trial=12.6min, avg=19.6min/trial, total=5.23h, ETA=1.31h)
[TRIAL_METRICS] cur_best_mrr20=0.089900 cur_best_hr10=0.219200 cur_test_mrr20=0.055600 cur_test_hr10=0.137900 run_best_mrr20=0.094600 run_best_hr10=0.214100 run_test_mrr20=0.058400 run_test_hr10=0.143900

[17/20] learning_rate=0.0006297
  -> MRR@20=0.090600  best=0.094600  (early_stop@72, trial=25.9min, avg=20.0min/trial, total=5.66h, ETA=59.9min)
[TRIAL_METRICS] cur_best_mrr20=0.090600 cur_best_hr10=0.210900 cur_test_mrr20=0.057700 cur_test_hr10=0.148500 run_best_mrr20=0.094600 run_best_hr10=0.214100 run_test_mrr20=0.058400 run_test_hr10=0.143900

[18/20] learning_rate=0.0001952
  -> MRR@20=0.075900  best=0.094600  (early_stop@67, trial=23.8min, avg=20.2min/trial, total=6.06h, ETA=40.4min)
[TRIAL_METRICS] cur_best_mrr20=0.075900 cur_best_hr10=0.202600 cur_test_mrr20=0.059800 cur_test_hr10=0.153200 run_best_mrr20=0.094600 run_best_hr10=0.214100 run_test_mrr20=0.058400 run_test_hr10=0.143900

[19/20] learning_rate=0.0001885
  -> MRR@20=0.075800  best=0.094600  (early_stop@67, trial=24.5min, avg=20.4min/trial, total=6.47h, ETA=20.4min)
[TRIAL_METRICS] cur_best_mrr20=0.075800 cur_best_hr10=0.202100 cur_test_mrr20=0.059900 cur_test_hr10=0.149900 run_best_mrr20=0.094600 run_best_hr10=0.214100 run_test_mrr20=0.058400 run_test_hr10=0.143900

[20/20] learning_rate=0.0001626
  -> MRR@20=0.075700  best=0.094600  (early_stop@79, trial=27.9min, avg=20.8min/trial, total=6.93h, ETA=0s)
[TRIAL_METRICS] cur_best_mrr20=0.075700 cur_best_hr10=0.199400 cur_test_mrr20=0.057300 cur_test_hr10=0.146200 run_best_mrr20=0.094600 run_best_hr10=0.214100 run_test_mrr20=0.058400 run_test_hr10=0.143900
[1;35mEvaluate   [0m:   0%|                                                            | 0/1 [00:00<?, ?it/s][0m[1;35mEvaluate   [0m:   0%|                                   | 0/1 [00:00<?, ?it/s, [1;33mGPU RAM: 8.23 G/23.56 G[0m][0m[1;35mEvaluate   [0m: 100%|███████████████████████████| 1/1 [00:00<00:00,  1.11it/s, [1;33mGPU RAM: 8.23 G/23.56 G[0m][0m                                                                                                    [1;35mEvaluate   [0m:   0%|                                                            | 0/1 [00:00<?, ?it/s][0m[1;35mEvaluate   [0m:   0%|                                   | 0/1 [00:00<?, ?it/s, [1;33mGPU RAM: 8.23 G/23.56 G[0m][0m[1;35mEvaluate   [0m: 100%|███████████████████████████| 1/1 [00:00<00:00,  1.15it/s, [1;33mGPU RAM: 8.23 G/23.56 G[0m][0m                                                                                                    [1;35mEvaluate   [0m:   0%|                                                            | 0/1 [00:00<?, ?it/s][0m[1;35mEvaluate   [0m:   0%|                                   | 0/1 [00:00<?, ?it/s, [1;33mGPU RAM: 8.23 G/23.56 G[0m][0m[1;35mEvaluate   [0m: 100%|███████████████████████████| 1/1 [00:00<00:00,  1.08it/s, [1;33mGPU RAM: 8.23 G/23.56 G[0m][0m                                                                                                    
=================================================================
  DONE  |  FeaturedMoE_N3 x movielens1m
  Best MRR@20 = 0.094600  |  20/20 trials OK
  Best HR@10  = 0.214100
  Test MRR@20 = 0.058400  (best-valid checkpoint)
  Test HR@10  = 0.143900  (best-valid checkpoint)
[RUN_METRICS] best_valid_mrr20=0.094600 best_valid_hr10=0.214100 test_mrr20=0.058400 test_hr10=0.143900
  Total time: 416.0 min
  Best params:
    learning_rate: 0.00373023
  Results -> /workspace/jy1559/FMoE/experiments/run/artifacts/results/fmoe_n3/movielens1m_FeaturedMoE_N3_p14_fad_movielens1m_h1_s3_20260327_193810_576371_pid315933.json
  Normal mirror -> /workspace/jy1559/FMoE/experiments/run/artifacts/results/fmoe_n3/normal/final_all_datasets/P14/movielens1m/FMoEN3/movielens1m_FeaturedMoE_N3_p14_fad_movielens1m_h1_s3_20260327_193810_576371_pid315933.json
  Special result -> /workspace/jy1559/FMoE/experiments/run/artifacts/results/fmoe_n3/special/final_all_datasets/P14/movielens1m/FMoEN3/movielens1m_FeaturedMoE_N3_p14_fad_movielens1m_h1_s3_20260327_193810_576371_pid315933_special_metrics.json
  Special log -> /workspace/jy1559/FMoE/experiments/run/artifacts/logs/fmoe_n3/special/final_all_datasets/P14/movielens1m/FMoEN3/movielens1m_FeaturedMoE_N3_p14_fad_movielens1m_h1_s3_20260327_193810_576371_pid315933_special_metrics.json
=================================================================

[RUN_STATUS] END status=normal pid=315933 start=2026-03-27T19:38:10 end=2026-03-28T02:34:10
