[STAGEC_FOCUS_ANCHOR2_CORE5_SETTING_HEADER]
run_phase=P18_SC_D00_M05_P02_FAME_B6_C2_S1 run_id=SC_LASTFM0_03_FAME_B6_C2_S1 phase_id=P18 axis_id=SC model=FAME profile_id=C2 parent_profile_id=B6 seed=1
dataset=lastfm0.03 gpu=4 order=0 lr_band=LR3,LR4 lr_lo=0.0005451851851851851 lr_hi=0.004828896
max_evals=5 tune_epochs=36 tune_patience=5
seed=180055

[COMMAND]
- /venv/FMoE/bin/python hyperopt_tune.py --config-name tune_lfm_small --max-evals 5 --tune-epochs 36 --tune-patience 5 --seed 180055 --run-group baseline --run-axis StageC_Focus_anchor2_core5 --run-phase P18_SC_D00_M05_P02_FAME_B6_C2_S1 model=fame dataset=lastfm0.03 eval_mode=session_fixed feature_mode=full_v3 gpu_id=4 log_wandb=false show_progress=false ++special_logging=true ++seed=180055 ++search={learning_rate:[0.0005451851851851851,0.004828896]} ++search_space_type_overrides={learning_rate:"loguniform"} ++MAX_ITEM_LIST_LENGTH=10 ++weight_decay=0.00020999999999999998 ++search.weight_decay=[0.00020999999999999998] ++search_space_type_overrides.weight_decay=choice ++search.hidden_size=[176] ++search_space_type_overrides.hidden_size=choice ++search.embedding_size=[176] ++search_space_type_overrides.embedding_size=choice ++search.n_layers=[1] ++search_space_type_overrides.n_layers=choice ++search.num_layers=[1] ++search_space_type_overrides.num_layers=choice ++search.dropout_ratio=[0.17] ++search_space_type_overrides.dropout_ratio=choice ++search.dropout_prob=[0.17] ++search_space_type_overrides.dropout_prob=choice ++search.hidden_dropout_prob=[0.17] ++search_space_type_overrides.hidden_dropout_prob=choice ++search.attn_dropout_prob=[0.17] ++search_space_type_overrides.attn_dropout_prob=choice ++search.inner_size=[352] ++search_space_type_overrides.inner_size=choice ++search.n_heads=[4] ++search_space_type_overrides.n_heads=choice ++search.num_heads=[4] ++search_space_type_overrides.num_heads=choice ++search.num_experts=[3] ++search_space_type_overrides.num_experts=choice ++dropout_ratio=0.17 ++hidden_size=176 ++embedding_size=176 ++n_layers=1 ++num_layers=1 ++n_heads=4 ++num_heads=4 ++inner_size=352 ++num_experts=3 ++train_batch_size=1536 ++eval_batch_size=2304
/venv/FMoE/lib/python3.10/site-packages/ray/_private/parameter.py:4: UserWarning: pkg_resources is deprecated as an API. See https://setuptools.pypa.io/en/latest/pkg_resources.html. The pkg_resources package is slated for removal as early as 2025-11-30. Refrain from using this package or pin to Setuptools<81.
  import pkg_resources
[RUN_STATUS] START pid=564047 ts=2026-03-30T07:45:52

=================================================================
  Hyperopt TPE  |  FAME x lastfm0.03
  max_evals=5  epochs=36  patience=5  wandb=off
  batch_size(train/valid/test)=1536/2304/2304
  track=baseline  axis=stagec_focus_anchor2_core5  phase=P18_SC_D00_M05_P02_FAME_B6_C2_S1
=================================================================
Changed knobs: learning_rate
Tuned params(len>1): 1  (~1 discrete combos)
Tuned groups: 1
  [optimization]
    learning_rate                   [0.0005451851851851851, 0.004828896]      -> loguniform
Fixed params(singleton/non-list): 13
Fixed groups: 13
  [optimization]
    hidden_dropout_prob             0.17                                    
    weight_decay                    0.00020999999999999998                  
  [model_core]
    attn_dropout_prob               0.17                                    
    dropout_prob                    0.17                                    
    dropout_ratio                   0.17                                    
    embedding_size                  176                                     
    hidden_size                     176                                     
    inner_size                      352                                     
    num_heads                       4                                       
    num_layers                      1                                       
  [other]
    n_heads                         4                                       
    n_layers                        1                                       
    num_experts                     3                                       

[Wandb] disabled for this hyperopt run

[1/5] learning_rate=0.001628
  -> MRR@20=0.205600  best=0.205600  (early_stop@22, trial=11.9min, avg=12.2min/trial, total=12.2min, ETA=48.7min)
[TRIAL_METRICS] cur_best_mrr20=0.205600 cur_best_hr10=0.248700 cur_test_mrr20=0.207900 cur_test_hr10=0.252400 run_best_mrr20=0.205600 run_best_hr10=0.248700 run_test_mrr20=0.207900 run_test_hr10=0.252400

[2/5] learning_rate=0.0005975
  -> MRR@20=0.219200  best=0.219200  (full@36, trial=19.1min, avg=15.6min/trial, total=31.3min, ETA=46.9min)
[TRIAL_METRICS] cur_best_mrr20=0.219200 cur_best_hr10=0.265700 cur_test_mrr20=0.220900 cur_test_hr10=0.263000 run_best_mrr20=0.219200 run_best_hr10=0.265700 run_test_mrr20=0.220900 run_test_hr10=0.263000

[3/5] learning_rate=0.002761
  -> MRR@20=0.200000  best=0.219200  (full@36, trial=18.8min, avg=16.7min/trial, total=50.1min, ETA=33.4min)
[TRIAL_METRICS] cur_best_mrr20=0.200000 cur_best_hr10=0.240200 cur_test_mrr20=0.197400 cur_test_hr10=0.241500 run_best_mrr20=0.219200 run_best_hr10=0.265700 run_test_mrr20=0.220900 run_test_hr10=0.263000

[4/5] learning_rate=0.0005486
  -> MRR@20=0.217300  best=0.219200  (full@36, trial=19.2min, avg=17.3min/trial, total=1.16h, ETA=17.3min)
[TRIAL_METRICS] cur_best_mrr20=0.217300 cur_best_hr10=0.263900 cur_test_mrr20=0.221900 cur_test_hr10=0.264600 run_best_mrr20=0.219200 run_best_hr10=0.265700 run_test_mrr20=0.220900 run_test_hr10=0.263000

[5/5] learning_rate=0.0008614
  -> MRR@20=0.214200  best=0.219200  (early_stop@29, trial=15.4min, avg=16.9min/trial, total=1.41h, ETA=0s)
[TRIAL_METRICS] cur_best_mrr20=0.214200 cur_best_hr10=0.263600 cur_test_mrr20=0.220200 cur_test_hr10=0.263500 run_best_mrr20=0.219200 run_best_hr10=0.265700 run_test_mrr20=0.220900 run_test_hr10=0.263000

=================================================================
  DONE  |  FAME x lastfm0.03
  Best MRR@20 = 0.219200  |  5/5 trials OK
  Best HR@10  = 0.265700
  Test MRR@20 = 0.220900  (best-valid checkpoint)
  Test HR@10  = 0.263000  (best-valid checkpoint)
[RUN_METRICS] best_valid_mrr20=0.219200 best_valid_hr10=0.265700 test_mrr20=0.220900 test_hr10=0.263000
  Total time: 84.7 min
  Best params:
    learning_rate: 0.000597499
  Results -> /workspace/jy1559/FMoE/experiments/run/artifacts/results/baseline/lastfm0.03_FAME_p18_sc_d00_m05_p02_fame_b6_c2_s1_20260330_074552_391772_pid564047.json
  Normal mirror -> /workspace/jy1559/FMoE/experiments/run/artifacts/results/baseline/normal/stagec_focus_anchor2_core5/P18/lastfm0.03/FAME/lastfm0.03_FAME_p18_sc_d00_m05_p02_fame_b6_c2_s1_20260330_074552_391772_pid564047.json
  Special result -> /workspace/jy1559/FMoE/experiments/run/artifacts/results/baseline/special/stagec_focus_anchor2_core5/P18/lastfm0.03/FAME/lastfm0.03_FAME_p18_sc_d00_m05_p02_fame_b6_c2_s1_20260330_074552_391772_pid564047_special_metrics.json
  Special log -> /workspace/jy1559/FMoE/experiments/run/artifacts/logs/baseline/special/stagec_focus_anchor2_core5/P18/lastfm0.03/FAME/lastfm0.03_FAME_p18_sc_d00_m05_p02_fame_b6_c2_s1_20260330_074552_391772_pid564047_special_metrics.json
=================================================================

[RUN_STATUS] END status=normal pid=564047 start=2026-03-30T07:45:52 end=2026-03-30T09:10:33
