[STAGEH_TARGETEDRECOVERY_ANCHOR2_CORE5_SETTING_HEADER]
run_phase=P23_SH_C19_MGRU4REC_FSQ_GRU_STAGEH_REC1_DROP_S1 run_id=SH_FOURSQUARE_GRU4REC_FSQ_GRU_STAGEH_REC1_DROP_S1 phase_id=P23 axis_id=SH model=GRU4Rec candidate_id=FSQ_GRU_STAGEH_REC1_DROP seed=1
dataset=foursquare gpu=1 order=0 candidate_source=stageh_screen_variant source_stage=stageh_manual_bank_variant transfer_from_dataset=foursquare
max_evals=6 tune_epochs=40 tune_patience=5
seed=230313

[COMMAND]
- /venv/FMoE/bin/python hyperopt_tune.py --config-name tune_fs --max-evals 6 --tune-epochs 40 --tune-patience 5 --seed 230313 --run-group baseline --run-axis StageH_TargetedRecovery_anchor2_core5 --run-phase P23_SH_C19_MGRU4REC_FSQ_GRU_STAGEH_REC1_DROP_S1 model=gru4rec dataset=foursquare eval_mode=session_fixed feature_mode=full_v3 gpu_id=1 log_wandb=false show_progress=false ++special_logging=true ++seed=230313 ++search={learning_rate:[0.002024,0.004998000000000002]} ++search_space_type_overrides={learning_rate:"loguniform"} ++weight_decay=2.5e-05 ++search.weight_decay=[2.5e-05] ++search_space_type_overrides.weight_decay=choice ++search.n_layers=[2] ++search_space_type_overrides.n_layers=choice ++search.num_layers=[2] ++search_space_type_overrides.num_layers=choice ++search.n_heads=[4] ++search_space_type_overrides.n_heads=choice ++search.num_heads=[4] ++search_space_type_overrides.num_heads=choice ++search.dropout_ratio=[0.07] ++search_space_type_overrides.dropout_ratio=choice ++search.dropout_prob=[0.07] ++search_space_type_overrides.dropout_prob=choice ++search.hidden_dropout_prob=[0.07] ++search_space_type_overrides.hidden_dropout_prob=choice ++search.attn_dropout_prob=[0.07] ++search_space_type_overrides.attn_dropout_prob=choice ++search.hidden_size=[192] ++search_space_type_overrides.hidden_size=choice ++search.embedding_size=[192] ++search_space_type_overrides.embedding_size=choice ++search.inner_size=[288] ++search_space_type_overrides.inner_size=choice ++search.time_span=[384] ++search_space_type_overrides.time_span=choice ++search.num_experts=[6] ++search_space_type_overrides.num_experts=choice ++search.state_size=[24] ++search_space_type_overrides.state_size=choice ++search.conv_kernel=[6] ++search_space_type_overrides.conv_kernel=choice ++search.remaining_ratio=[0.6] ++search_space_type_overrides.remaining_ratio=choice ++search.MAX_ITEM_LIST_LENGTH=[10] ++search_space_type_overrides.MAX_ITEM_LIST_LENGTH=choice ++dropout_prob=0.07 ++train_batch_size=9011 ++eval_batch_size=10813 ++hidden_size=192 ++embedding_size=192 ++MAX_ITEM_LIST_LENGTH=10 ++num_layers=2
/venv/FMoE/lib/python3.10/site-packages/ray/_private/parameter.py:4: UserWarning: pkg_resources is deprecated as an API. See https://setuptools.pypa.io/en/latest/pkg_resources.html. The pkg_resources package is slated for removal as early as 2025-11-30. Refrain from using this package or pin to Setuptools<81.
  import pkg_resources
[RUN_STATUS] START pid=60799 ts=2026-04-12T05:14:26

=================================================================
  Hyperopt TPE  |  GRU4Rec x foursquare
  max_evals=6  epochs=40  patience=5  wandb=off
  batch_size(train/valid/test)=9011/10813/10813
  track=baseline  axis=stageh_targetedrecovery_anchor2_core5  phase=P23_SH_C19_MGRU4REC_FSQ_GRU_STAGEH_REC1_DROP_S1
=================================================================
Changed knobs: learning_rate
Tuned params(len>1): 1  (~1 discrete combos)
Tuned groups: 1
  [optimization]
    learning_rate                   [0.002024, 0.004998000000000002]          -> loguniform
Fixed params(singleton/non-list): 18
Fixed groups: 18
  [optimization]
    hidden_dropout_prob             0.07                                    
    weight_decay                    2.5e-05                                 
  [model_core]
    attn_dropout_prob               0.07                                    
    dropout_prob                    0.07                                    
    dropout_ratio                   0.07                                    
    embedding_size                  192                                     
    hidden_size                     192                                     
    inner_size                      288                                     
    num_heads                       4                                       
    num_layers                      2                                       
  [other]
    MAX_ITEM_LIST_LENGTH            10                                      
    conv_kernel                     6                                       
    n_heads                         4                                       
    n_layers                        2                                       
    num_experts                     6                                       
    remaining_ratio                 0.6                                     
    state_size                      24                                      
    time_span                       384                                     

[Wandb] disabled for this hyperopt run

[1/6] learning_rate=0.00312
  -> MRR@20=0.075000  best=0.075000  (early_stop@38, trial=42s, avg=47s/trial, total=47s, ETA=3.9min)
[TRIAL_METRICS] cur_best_mrr20=0.075000 cur_best_hr10=0.123500 cur_test_mrr20=0.073000 cur_test_hr10=0.125100 run_best_mrr20=0.075000 run_best_hr10=0.123500 run_test_mrr20=0.073000 run_test_hr10=0.125100

[2/6] learning_rate=0.003024
  -> MRR@20=0.072700  best=0.075000  (early_stop@35, trial=38s, avg=43s/trial, total=1.4min, ETA=2.9min)
[TRIAL_METRICS] cur_best_mrr20=0.072700 cur_best_hr10=0.123800 cur_test_mrr20=0.067700 cur_test_hr10=0.125600 run_best_mrr20=0.075000 run_best_hr10=0.123500 run_test_mrr20=0.073000 run_test_hr10=0.125100

[3/6] learning_rate=0.002907
  -> MRR@20=0.073100  best=0.075000  (early_stop@38, trial=41s, avg=42s/trial, total=2.1min, ETA=2.1min)
[TRIAL_METRICS] cur_best_mrr20=0.073100 cur_best_hr10=0.119300 cur_test_mrr20=0.070100 cur_test_hr10=0.122400 run_best_mrr20=0.075000 run_best_hr10=0.123500 run_test_mrr20=0.073000 run_test_hr10=0.125100

[4/6] learning_rate=0.003174
  -> MRR@20=0.077100  best=0.077100  (early_stop@38, trial=41s, avg=42s/trial, total=2.8min, ETA=1.4min)
[TRIAL_METRICS] cur_best_mrr20=0.077100 cur_best_hr10=0.124000 cur_test_mrr20=0.071100 cur_test_hr10=0.124300 run_best_mrr20=0.077100 run_best_hr10=0.124000 run_test_mrr20=0.071100 run_test_hr10=0.124300

[5/6] learning_rate=0.004393
  -> MRR@20=0.074600  best=0.077100  (early_stop@29, trial=31s, avg=40s/trial, total=3.3min, ETA=40s)
[TRIAL_METRICS] cur_best_mrr20=0.074600 cur_best_hr10=0.129000 cur_test_mrr20=0.070700 cur_test_hr10=0.124500 run_best_mrr20=0.077100 run_best_hr10=0.124000 run_test_mrr20=0.071100 run_test_hr10=0.124300

[6/6] learning_rate=0.002643
  -> MRR@20=0.071900  best=0.077100  (early_stop@38, trial=42s, avg=40s/trial, total=4.0min, ETA=0s)
[TRIAL_METRICS] cur_best_mrr20=0.071900 cur_best_hr10=0.119600 cur_test_mrr20=0.067700 cur_test_hr10=0.120300 run_best_mrr20=0.077100 run_best_hr10=0.124000 run_test_mrr20=0.071100 run_test_hr10=0.124300

=================================================================
  DONE  |  GRU4Rec x foursquare
  Best MRR@20 = 0.077100  |  6/6 trials OK
  Best HR@10  = 0.124000
  Test MRR@20 = 0.071100  (best-valid checkpoint)
  Test HR@10  = 0.124300  (best-valid checkpoint)
[RUN_METRICS] best_valid_mrr20=0.077100 best_valid_hr10=0.124000 test_mrr20=0.071100 test_hr10=0.124300
  Total time: 4.0 min
  Best params:
    learning_rate: 0.0031745
  Results -> /workspace/FeaturedMoE/experiments/run/artifacts/results/baseline/foursquare_GRU4Rec_p23_sh_c19_mgru4rec_fsq_gru_stageh_rec1_drop_s1_20260412_051426_467691_pid60799.json
  Normal mirror -> /workspace/FeaturedMoE/experiments/run/artifacts/results/baseline/normal/stageh_targetedrecovery_anchor2_core5/P23/foursquare/GRU4Rec/foursquare_GRU4Rec_p23_sh_c19_mgru4rec_fsq_gru_stageh_rec1_drop_s1_20260412_051426_467691_pid60799.json
  Special result -> /workspace/FeaturedMoE/experiments/run/artifacts/results/baseline/special/stageh_targetedrecovery_anchor2_core5/P23/foursquare/GRU4Rec/foursquare_GRU4Rec_p23_sh_c19_mgru4rec_fsq_gru_stageh_rec1_drop_s1_20260412_051426_467691_pid60799_special_metrics.json
  Special log -> /workspace/FeaturedMoE/experiments/run/artifacts/logs/baseline/special/stageh_targetedrecovery_anchor2_core5/P23/foursquare/GRU4Rec/foursquare_GRU4Rec_p23_sh_c19_mgru4rec_fsq_gru_stageh_rec1_drop_s1_20260412_051426_467691_pid60799_special_metrics.json
=================================================================

[RUN_STATUS] END status=normal pid=60799 start=2026-04-12T05:14:26 end=2026-04-12T05:18:29
