[RUN_STATUS] START pid=211527 ts=2026-03-07T14:28:58

=================================================================
  Hyperopt TPE  |  FeaturedMoE_ProtoX x movielens1m
  max_evals=12  epochs=100  patience=10  wandb=off
  batch_size(train/valid/test)=6144/12288/12288
  track=fmoe_protox  axis=hparam  phase=PROTOX_ML1_G7_C1_C1_R2_R1
  search.train_batch_size=[6144]
  search.eval_batch_size=[12288]
=================================================================
Changed knobs: balance_loss_lambda, hidden_dropout_prob, learning_rate, proto_entropy_lambda, proto_usage_lambda, weight_decay
Tuned params(len>1): 6  (~3125 discrete combos)
Tuned groups: 6
  [optimization]
    balance_loss_lambda             [0.003, 0.01, 0.03, 0.05, 0.1]            -> choice
    hidden_dropout_prob             [0.05, 0.1, 0.15, 0.2, 0.25]              -> choice
    learning_rate                   [0.0001, 0.02]                            -> loguniform
    weight_decay                    [0.0, 1e-06, 1e-05, 0.0001, 0.001]        -> choice
  [merge_hir]
    proto_entropy_lambda            [0.0, 0.0001, 0.0003, 0.001, 0.003]       -> choice
    proto_usage_lambda              [0.0, 0.0001, 0.0003, 0.001, 0.003]       -> choice
Fixed params(singleton/non-list): 32
Fixed groups: 32
  [optimization]
    eval_batch_size                 12288                                   
    train_batch_size                6144                                    
  [model_core]
    d_expert_hidden                 192                                     
    d_feat_emb                      24                                      
    d_router_hidden                 96                                      
    embedding_size                  160                                     
    expert_scale                    3                                       
    micro_router_feature_dropout    0.1                                     
    mid_router_feature_dropout      0.1                                     
    num_heads                       8                                       
  [routing_moe]
    macro_router_temperature        1.0                                     
    micro_router_temperature        1.3                                     
    mid_router_temperature          1.3                                     
    moe_top_k                       0                                       
    proto_router_use_feature        True                                    
    proto_router_use_hidden         True                                    
  [schedule]
    proto_temperature_start         1.0                                     
  [merge_hir]
    proto_dim                       48                                      
    proto_num                       8                                       
    proto_pooling                   query                                   
    proto_temperature_end           0.8                                     
    proto_top_k                     2                                       
    protox_global_post_layers       0                                       
    protox_global_pre_layers        0                                       
    protox_macro_pre_layers         0                                       
    protox_micro_pre_layers         0                                       
    protox_mid_pre_layers           0                                       
    protox_stage_merge_mode         serial_weighted                         
    stage_delta_scale               2.0                                     
    stage_weight_floor              0.1                                     
  [other]
    MAX_ITEM_LIST_LENGTH            10                                      
    use_valid_ratio_gating          True                                    

[Wandb] disabled for this hyperopt run

[1/12] balance_loss_lambda=0.01, hidden_dropout_prob=0.05, learning_rate=0.01661, proto_entropy_lambda=0.0003, proto_usage_lambda=0, weight_decay=1e-06
    [Device] CUDA_VISIBLE_DEVICES=7 | torch_device=cuda:0 (NVIDIA RTX A5000)
    [DataCache] save_dataset=True save_dataloaders=False | checkpoint_dir=saved/recbole_cache/movielens1m_feature_added_session_len10 | dataloaders_save_path=saved/recbole_cache/movielens1m_feature_added_session_len10/movielens1m-for-dataloader.pth
    [DataPrep] cache_hit=disk_or_build, create_dataset=0.10s, data_preparation=0.65s, n_items=3534
  -> MRR@20=0.0650  best=0.0650  (early_stop@23, trial=5.4min, avg=5.5min/trial, total=5.5min, ETA=1.00h)

[2/12] balance_loss_lambda=0.01, hidden_dropout_prob=0.05, learning_rate=0.0006174, proto_entropy_lambda=0.003, proto_usage_lambda=0.003, weight_decay=0.001
    [Device] CUDA_VISIBLE_DEVICES=7 | torch_device=cuda:0 (NVIDIA RTX A5000)
    [DataCache] save_dataset=True save_dataloaders=False | checkpoint_dir=saved/recbole_cache/movielens1m_feature_added_session_len10 | dataloaders_save_path=saved/recbole_cache/movielens1m_feature_added_session_len10/movielens1m-for-dataloader.pth
    [DataPrep] cache_hit=memory, create_dataset=0.00s, data_preparation=0.00s, n_items=3534
  -> MRR@20=0.0701  best=0.0701  (full@100, trial=23.3min, avg=14.4min/trial, total=28.8min, ETA=2.40h)

[3/12] balance_loss_lambda=0.003, hidden_dropout_prob=0.05, learning_rate=0.003225, proto_entropy_lambda=0, proto_usage_lambda=0.0001, weight_decay=1e-06
    [Device] CUDA_VISIBLE_DEVICES=7 | torch_device=cuda:0 (NVIDIA RTX A5000)
    [DataCache] save_dataset=True save_dataloaders=False | checkpoint_dir=saved/recbole_cache/movielens1m_feature_added_session_len10 | dataloaders_save_path=saved/recbole_cache/movielens1m_feature_added_session_len10/movielens1m-for-dataloader.pth
    [DataPrep] cache_hit=memory, create_dataset=0.00s, data_preparation=0.00s, n_items=3534
  -> MRR@20=0.0662  best=0.0701  (early_stop@20, trial=4.7min, avg=11.2min/trial, total=33.5min, ETA=1.67h)

[4/12] balance_loss_lambda=0.05, hidden_dropout_prob=0.15, learning_rate=0.0009465, proto_entropy_lambda=0, proto_usage_lambda=0.003, weight_decay=1e-05
    [Device] CUDA_VISIBLE_DEVICES=7 | torch_device=cuda:0 (NVIDIA RTX A5000)
    [DataCache] save_dataset=True save_dataloaders=False | checkpoint_dir=saved/recbole_cache/movielens1m_feature_added_session_len10 | dataloaders_save_path=saved/recbole_cache/movielens1m_feature_added_session_len10/movielens1m-for-dataloader.pth
    [DataPrep] cache_hit=memory, create_dataset=0.00s, data_preparation=0.00s, n_items=3534
  -> MRR@20=0.0653  best=0.0701  (early_stop@29, trial=6.8min, avg=10.1min/trial, total=40.3min, ETA=1.34h)

[5/12] balance_loss_lambda=0.01, hidden_dropout_prob=0.15, learning_rate=0.0003405, proto_entropy_lambda=0, proto_usage_lambda=0.0003, weight_decay=0.001
    [Device] CUDA_VISIBLE_DEVICES=7 | torch_device=cuda:0 (NVIDIA RTX A5000)
    [DataCache] save_dataset=True save_dataloaders=False | checkpoint_dir=saved/recbole_cache/movielens1m_feature_added_session_len10 | dataloaders_save_path=saved/recbole_cache/movielens1m_feature_added_session_len10/movielens1m-for-dataloader.pth
    [DataPrep] cache_hit=memory, create_dataset=0.00s, data_preparation=0.00s, n_items=3534
  -> MRR@20=0.0668  best=0.0701  (full@100, trial=23.3min, avg=12.7min/trial, total=1.06h, ETA=1.48h)

[6/12] balance_loss_lambda=0.01, hidden_dropout_prob=0.2, learning_rate=0.0001083, proto_entropy_lambda=0.003, proto_usage_lambda=0, weight_decay=1e-06
    [Device] CUDA_VISIBLE_DEVICES=7 | torch_device=cuda:0 (NVIDIA RTX A5000)
    [DataCache] save_dataset=True save_dataloaders=False | checkpoint_dir=saved/recbole_cache/movielens1m_feature_added_session_len10 | dataloaders_save_path=saved/recbole_cache/movielens1m_feature_added_session_len10/movielens1m-for-dataloader.pth
    [DataPrep] cache_hit=memory, create_dataset=0.00s, data_preparation=0.00s, n_items=3534
[RUN_STATUS] TERMINATED signal=SIGINT(2) pid=211527 ts=2026-03-07T15:53:31
[RUN_STATUS] END status=terminated signal=SIGINT(2) pid=211527 start=2026-03-07T14:28:58 end=2026-03-07T15:53:31
