# job_id=ADD_STAGE1_FOURSQUARE_FAME_ARCHITECTURE dataset=foursquare model=fame stage=stage1
# cmd=/venv/FMoE/bin/python /workspace/FeaturedMoE/experiments/hyperopt_tune.py --config-name tune_fs --search-algo tpe --max-evals 10 --tune-epochs 40 --tune-patience 5 --seed 910035 --run-group final_experiment_addtuning --run-axis add_stage1_architecture --run-phase ADD_STAGE1_FOURSQUARE_FAME_ARCHITECTURE model=fame dataset=foursquare eval_mode=session_fixed feature_mode=full_v4 ++eval_sampling.mode=full ++eval_sampling.auto_full_threshold=999999999 ++special_logging=true ++exclude_unseen_target_from_main_eval=true ++log_unseen_target_metrics=true gpu_id=3 log_wandb=false show_progress=false ++seed=910035 --max-run-hours 2 --oom-retry-limit 5 ++search.learning_rate=[0.00113349,0.00073359,0.00051873,0.0003668,0.00025936] ++search_space_type_overrides.learning_rate=choice ++search.hidden_size=[160,128] ++search_space_type_overrides.hidden_size=choice ++search.embedding_size=[96,112] ++search_space_type_overrides.embedding_size=choice ++search.inner_size=[256,224] ++search_space_type_overrides.inner_size=choice ++search.dropout_ratio=[0.12] ++search_space_type_overrides.dropout_ratio=choice ++search.weight_decay=[0.0001] ++search_space_type_overrides.weight_decay=choice ++search.MAX_ITEM_LIST_LENGTH=[10] ++search_space_type_overrides.MAX_ITEM_LIST_LENGTH=choice ++search.num_layers=[1] ++search_space_type_overrides.num_layers=choice ++search.num_heads=[1] ++search_space_type_overrides.num_heads=choice ++search.hidden_dropout_prob=[0.1] ++search_space_type_overrides.hidden_dropout_prob=choice ++search.attn_dropout_prob=[0.12] ++search_space_type_overrides.attn_dropout_prob=choice ++search.num_experts=[5] ++search_space_type_overrides.num_experts=choice ++search.n_layers=[1] ++search_space_type_overrides.n_layers=choice ++search.n_heads=[1] ++search_space_type_overrides.n_heads=choice ++search.dropout_prob=[0.1] ++search_space_type_overrides.dropout_prob=choice

/venv/FMoE/lib/python3.10/site-packages/ray/_private/parameter.py:4: UserWarning: pkg_resources is deprecated as an API. See https://setuptools.pypa.io/en/latest/pkg_resources.html. The pkg_resources package is slated for removal as early as 2025-11-30. Refrain from using this package or pin to Setuptools<81.
  import pkg_resources
[RUN_STATUS] START pid=1724526 ts=2026-04-18T15:57:50
[UniqueChoice] enabled: dedupe/remap duplicates across 40 finite combos

=================================================================
  Hyperopt  |  FAME x foursquare
  max_evals=10  epochs=40  patience=5  wandb=off
  search_algo=tpe
  max_run_hours=2.000  (stop launching new trials after current trial)
  oom_retry_limit=5  (halve train/eval batch size on OOM)
  batch_size(train/valid/test)=4096/4096/4096
  track=final_experiment_addtuning  axis=add_stage1_architecture  phase=ADD_STAGE1_FOURSQUARE_FAME_ARCHITECTURE
=================================================================
Changed knobs: embedding_size, hidden_size, inner_size, learning_rate
Tuned params(len>1): 4  (~40 discrete combos)
Tuned groups: 4
  [optimization]
    learning_rate                   [0.00113349, 0.00073359, 0.00051873, 0.0003668, 0.00025936]  -> choice
  [model_core]
    embedding_size                  [96, 112]                                 -> choice
    hidden_size                     [160, 128]                                -> choice
    inner_size                      [256, 224]                                -> choice
Fixed params(singleton/non-list): 11
Fixed groups: 11
  [optimization]
    hidden_dropout_prob             0.1                                     
    weight_decay                    0.0001                                  
  [model_core]
    attn_dropout_prob               0.12                                    
    dropout_prob                    0.1                                     
    dropout_ratio                   0.12                                    
    num_heads                       1                                       
    num_layers                      1                                       
  [other]
    MAX_ITEM_LIST_LENGTH            10                                      
    n_heads                         1                                       
    n_layers                        1                                       
    num_experts                     5                                       

[Wandb] disabled for this hyperopt run

[1/10] embedding_size=96, hidden_size=160, inner_size=256, learning_rate=0.0003668
  -> MRR@20=0.062800  best=0.062800  (full@40, trial=1.2min, avg=1.3min/trial, total=1.3min, ETA=11.6min)
[TRIAL_METRICS] cur_best_mrr20=0.062800 cur_best_hr10=0.093900 cur_test_mrr20=0.049200 cur_test_hr10=0.070700 avg_epoch_time_sec=1.8050 test_eval_time_sec=0.0722 test_eval_batches_per_sec=13.8480 test_eval_targets_per_sec=49312.6582 run_best_mrr20=0.062800 run_best_hr10=0.093900 run_test_mrr20=0.049200 run_test_hr10=0.070700

[2/10] embedding_size=96, hidden_size=128, inner_size=256, learning_rate=0.0002594
  -> MRR@20=0.038500  best=0.062800  (full@40, trial=1.2min, avg=1.2min/trial, total=2.5min, ETA=10.0min)
[TRIAL_METRICS] cur_best_mrr20=0.038500 cur_best_hr10=0.056900 cur_test_mrr20=0.035500 cur_test_hr10=0.051600 avg_epoch_time_sec=1.7889 test_eval_time_sec=0.0721 test_eval_batches_per_sec=13.8671 test_eval_targets_per_sec=49380.8074 run_best_mrr20=0.062800 run_best_hr10=0.093900 run_test_mrr20=0.049200 run_test_hr10=0.070700

[3/10] embedding_size=112, hidden_size=160, inner_size=224, learning_rate=0.0005187
  -> MRR@20=0.088800  best=0.088800  (full@40, trial=1.2min, avg=1.2min/trial, total=3.7min, ETA=8.6min)
[TRIAL_METRICS] cur_best_mrr20=0.088800 cur_best_hr10=0.130600 cur_test_mrr20=0.066300 cur_test_hr10=0.101100 avg_epoch_time_sec=1.8100 test_eval_time_sec=0.0722 test_eval_batches_per_sec=13.8564 test_eval_targets_per_sec=49342.7967 run_best_mrr20=0.088800 run_best_hr10=0.130600 run_test_mrr20=0.066300 run_test_hr10=0.101100

[4/10] embedding_size=96, hidden_size=160, inner_size=256, learning_rate=0.001133
  -> MRR@20=0.134300  best=0.134300  (full@40, trial=1.2min, avg=1.2min/trial, total=4.9min, ETA=7.4min)
[TRIAL_METRICS] cur_best_mrr20=0.134300 cur_best_hr10=0.208400 cur_test_mrr20=0.102700 cur_test_hr10=0.164700 avg_epoch_time_sec=1.8404 test_eval_time_sec=0.0734 test_eval_batches_per_sec=13.6299 test_eval_targets_per_sec=48536.0986 run_best_mrr20=0.134300 run_best_hr10=0.208400 run_test_mrr20=0.102700 run_test_hr10=0.164700

[5/10] embedding_size=96, hidden_size=128, inner_size=224, learning_rate=0.0003668
  -> MRR@20=0.055100  best=0.134300  (full@40, trial=1.2min, avg=1.2min/trial, total=6.2min, ETA=6.2min)
[TRIAL_METRICS] cur_best_mrr20=0.055100 cur_best_hr10=0.080100 cur_test_mrr20=0.047700 cur_test_hr10=0.064700 avg_epoch_time_sec=1.8307 test_eval_time_sec=0.0722 test_eval_batches_per_sec=13.8565 test_eval_targets_per_sec=49343.1228 run_best_mrr20=0.134300 run_best_hr10=0.208400 run_test_mrr20=0.102700 run_test_hr10=0.164700

[6/10] embedding_size=96, hidden_size=128, inner_size=224, learning_rate=0.0007336
  -> MRR@20=0.093400  best=0.134300  (full@40, trial=1.2min, avg=1.2min/trial, total=7.4min, ETA=4.9min)
[TRIAL_METRICS] cur_best_mrr20=0.093400 cur_best_hr10=0.143700 cur_test_mrr20=0.074800 cur_test_hr10=0.124700 avg_epoch_time_sec=1.8296 test_eval_time_sec=0.0719 test_eval_batches_per_sec=13.9087 test_eval_targets_per_sec=49529.0028 run_best_mrr20=0.134300 run_best_hr10=0.208400 run_test_mrr20=0.102700 run_test_hr10=0.164700

[7/10] embedding_size=96, hidden_size=128, inner_size=224, learning_rate=0.001133
  -> MRR@20=0.131200  best=0.134300  (full@40, trial=1.2min, avg=1.2min/trial, total=8.6min, ETA=3.7min)
[TRIAL_METRICS] cur_best_mrr20=0.131200 cur_best_hr10=0.205400 cur_test_mrr20=0.101400 cur_test_hr10=0.167100 avg_epoch_time_sec=1.8032 test_eval_time_sec=0.0732 test_eval_batches_per_sec=13.6661 test_eval_targets_per_sec=48664.9850 run_best_mrr20=0.134300 run_best_hr10=0.208400 run_test_mrr20=0.102700 run_test_hr10=0.164700
[UniqueChoice] remap duplicate suggestion -> {'embedding_size': 96, 'hidden_size': 160, 'inner_size': 256, 'learning_rate': 0.00073359}

[8/10] embedding_size=96, hidden_size=160, inner_size=256, learning_rate=0.0007336
  -> MRR@20=0.101400  best=0.134300  (full@40, trial=1.3min, avg=1.2min/trial, total=9.9min, ETA=2.5min)
[TRIAL_METRICS] cur_best_mrr20=0.101400 cur_best_hr10=0.157100 cur_test_mrr20=0.080100 cur_test_hr10=0.127500 avg_epoch_time_sec=1.8717 test_eval_time_sec=0.0723 test_eval_batches_per_sec=13.8328 test_eval_targets_per_sec=49258.6640 run_best_mrr20=0.134300 run_best_hr10=0.208400 run_test_mrr20=0.102700 run_test_hr10=0.164700

[9/10] embedding_size=112, hidden_size=128, inner_size=256, learning_rate=0.0005187
  -> MRR@20=0.078100  best=0.134300  (full@40, trial=1.2min, avg=1.2min/trial, total=11.0min, ETA=1.2min)
[TRIAL_METRICS] cur_best_mrr20=0.078100 cur_best_hr10=0.119000 cur_test_mrr20=0.060800 cur_test_hr10=0.096700 avg_epoch_time_sec=1.7255 test_eval_time_sec=0.0721 test_eval_batches_per_sec=13.8705 test_eval_targets_per_sec=49392.8918 run_best_mrr20=0.134300 run_best_hr10=0.208400 run_test_mrr20=0.102700 run_test_hr10=0.164700

[10/10] embedding_size=112, hidden_size=128, inner_size=224, learning_rate=0.0002594
  -> MRR@20=0.049000  best=0.134300  (full@40, trial=1.2min, avg=1.2min/trial, total=12.2min, ETA=0s)
[TRIAL_METRICS] cur_best_mrr20=0.049000 cur_best_hr10=0.069600 cur_test_mrr20=0.042200 cur_test_hr10=0.061600 avg_epoch_time_sec=1.7558 test_eval_time_sec=0.0730 test_eval_batches_per_sec=13.6943 test_eval_targets_per_sec=48765.4035 run_best_mrr20=0.134300 run_best_hr10=0.208400 run_test_mrr20=0.102700 run_test_hr10=0.164700

=================================================================
  DONE  |  FAME x foursquare
  Best MRR@20 = 0.134300  |  10/10 trials OK
  Best HR@10  = 0.208400
  Test MRR@20 = 0.102700  (best-valid checkpoint)
  Test HR@10  = 0.164700  (best-valid checkpoint)
  Avg epoch time = 1.840 sec/epoch
  Final test eval = 0.073 sec | batches/s=13.630 | targets/s=48536.099
[RUN_METRICS] best_valid_mrr20=0.134300 best_valid_hr10=0.208400 test_mrr20=0.102700 test_hr10=0.164700 avg_epoch_time_sec=1.8404 test_eval_time_sec=0.0734 test_eval_batches_per_sec=13.6299 test_eval_targets_per_sec=48536.0986
  Total time: 12.2 min
  Best params:
    embedding_size: 96
    hidden_size: 160
    inner_size: 256
    learning_rate: 0.00113349
  Results -> /workspace/FeaturedMoE/experiments/run/artifacts/results/final_experiment_addtuning/foursquare_FAME_add_stage1_foursquare_fame_architecture_20260418_155750_881107_pid1724526.json
  Normal mirror -> /workspace/FeaturedMoE/experiments/run/artifacts/results/final_experiment_addtuning/normal/add_stage1_architecture/ADD/foursquare/FAME/foursquare_FAME_add_stage1_foursquare_fame_architecture_20260418_155750_881107_pid1724526.json
  Special result -> /workspace/FeaturedMoE/experiments/run/artifacts/results/final_experiment_addtuning/special/add_stage1_architecture/ADD/foursquare/FAME/foursquare_FAME_add_stage1_foursquare_fame_architecture_20260418_155750_881107_pid1724526_special_metrics.json
  Special log -> /workspace/FeaturedMoE/experiments/run/artifacts/logs/final_experiment_addtuning/special/add_stage1_architecture/ADD/foursquare/FAME/foursquare_FAME_add_stage1_foursquare_fame_architecture_20260418_155750_881107_pid1724526_special_metrics.json
=================================================================

[RUN_STATUS] END status=normal pid=1724526 start=2026-04-18T15:57:50 end=2026-04-18T16:10:03
