[STAGEG_CROSS6X9_ANCHOR2_CORE5_SETTING_HEADER]
run_phase=P22_SG_D01_M09_C01_FAME_OLD_D6_E5_S3 run_id=SG_LASTFM0_03_FAME_OLD_D6_E5_S3 phase_id=P22 axis_id=SG model=FAME candidate_id=OLD_D6_E5 seed=3
dataset=lastfm0.03 gpu=6 order=0 candidate_source=stage_summary source_stage=StageE_ReLRSeed_anchor2_core5 transfer_from_dataset=
max_evals=7 tune_epochs=48 tune_patience=7
seed=220038

[COMMAND]
- /venv/FMoE/bin/python hyperopt_tune.py --config-name tune_lfm_small --max-evals 7 --tune-epochs 48 --tune-patience 7 --seed 220038 --run-group baseline --run-axis StageG_Cross6x9_anchor2_core5 --run-phase P22_SG_D01_M09_C01_FAME_OLD_D6_E5_S3 model=fame dataset=lastfm0.03 eval_mode=session_fixed feature_mode=full_v3 gpu_id=6 log_wandb=false show_progress=false ++special_logging=true ++seed=220038 ++search={learning_rate:[0.0003043869075192586,0.0007792304832493021]} ++search_space_type_overrides={learning_rate:"loguniform"} ++weight_decay=0.00032257499999999997 ++search.weight_decay=[0.00032257499999999997] ++search_space_type_overrides.weight_decay=choice ++search.n_layers=[1] ++search_space_type_overrides.n_layers=choice ++search.num_layers=[1] ++search_space_type_overrides.num_layers=choice ++search.n_heads=[2] ++search_space_type_overrides.n_heads=choice ++search.num_heads=[2] ++search_space_type_overrides.num_heads=choice ++search.dropout_ratio=[0.22999999999999998] ++search_space_type_overrides.dropout_ratio=choice ++search.dropout_prob=[0.22999999999999998] ++search_space_type_overrides.dropout_prob=choice ++search.hidden_dropout_prob=[0.22999999999999998] ++search_space_type_overrides.hidden_dropout_prob=choice ++search.attn_dropout_prob=[0.22999999999999998] ++search_space_type_overrides.attn_dropout_prob=choice ++search.hidden_size=[208] ++search_space_type_overrides.hidden_size=choice ++search.embedding_size=[208] ++search_space_type_overrides.embedding_size=choice ++search.inner_size=[416] ++search_space_type_overrides.inner_size=choice ++search.time_span=[384] ++search_space_type_overrides.time_span=choice ++search.num_experts=[4] ++search_space_type_overrides.num_experts=choice ++search.state_size=[24] ++search_space_type_overrides.state_size=choice ++search.conv_kernel=[6] ++search_space_type_overrides.conv_kernel=choice ++search.remaining_ratio=[0.6] ++search_space_type_overrides.remaining_ratio=choice ++search.MAX_ITEM_LIST_LENGTH=[24] ++search_space_type_overrides.MAX_ITEM_LIST_LENGTH=choice ++dropout_ratio=0.22999999999999998 ++num_experts=4 ++train_batch_size=537 ++eval_batch_size=716 ++hidden_size=208 ++embedding_size=208 ++MAX_ITEM_LIST_LENGTH=24 ++num_layers=1 ++n_layers=1 ++num_heads=2 ++n_heads=2 ++inner_size=416 ++num_experts=4
/venv/FMoE/lib/python3.10/site-packages/ray/_private/parameter.py:4: UserWarning: pkg_resources is deprecated as an API. See https://setuptools.pypa.io/en/latest/pkg_resources.html. The pkg_resources package is slated for removal as early as 2025-11-30. Refrain from using this package or pin to Setuptools<81.
  import pkg_resources
[RUN_STATUS] START pid=302415 ts=2026-04-07T04:24:02

=================================================================
  Hyperopt TPE  |  FAME x lastfm0.03
  max_evals=7  epochs=48  patience=7  wandb=off
  batch_size(train/valid/test)=537/716/716
  track=baseline  axis=stageg_cross6x9_anchor2_core5  phase=P22_SG_D01_M09_C01_FAME_OLD_D6_E5_S3
=================================================================
Changed knobs: learning_rate
Tuned params(len>1): 1  (~1 discrete combos)
Tuned groups: 1
  [optimization]
    learning_rate                   [0.0003043869075192586, 0.0007792304832493021]  -> loguniform
Fixed params(singleton/non-list): 18
Fixed groups: 18
  [optimization]
    hidden_dropout_prob             0.22999999999999998                     
    weight_decay                    0.00032257499999999997                  
  [model_core]
    attn_dropout_prob               0.22999999999999998                     
    dropout_prob                    0.22999999999999998                     
    dropout_ratio                   0.22999999999999998                     
    embedding_size                  208                                     
    hidden_size                     208                                     
    inner_size                      416                                     
    num_heads                       2                                       
    num_layers                      1                                       
  [other]
    MAX_ITEM_LIST_LENGTH            24                                      
    conv_kernel                     6                                       
    n_heads                         2                                       
    n_layers                        1                                       
    num_experts                     4                                       
    remaining_ratio                 0.6                                     
    state_size                      24                                      
    time_span                       384                                     

[Wandb] disabled for this hyperopt run

[1/7] learning_rate=0.0003969
  -> MRR@20=0.197300  best=0.197300  (early_stop@27, trial=7.7min, avg=8.0min/trial, total=8.0min, ETA=47.8min)
[TRIAL_METRICS] cur_best_mrr20=0.197300 cur_best_hr10=0.255400 cur_test_mrr20=0.205700 cur_test_hr10=0.256600 run_best_mrr20=0.197300 run_best_hr10=0.255400 run_test_mrr20=0.205700 run_test_hr10=0.256600

[2/7] learning_rate=0.0005219
  -> MRR@20=0.195600  best=0.197300  (early_stop@23, trial=6.7min, avg=7.4min/trial, total=14.7min, ETA=36.8min)
[TRIAL_METRICS] cur_best_mrr20=0.195600 cur_best_hr10=0.251100 cur_test_mrr20=0.202500 cur_test_hr10=0.257700 run_best_mrr20=0.197300 run_best_hr10=0.255400 run_test_mrr20=0.205700 run_test_hr10=0.256600

[3/7] learning_rate=0.0004195
  -> MRR@20=0.195000  best=0.197300  (early_stop@27, trial=8.0min, avg=7.6min/trial, total=22.7min, ETA=30.2min)
[TRIAL_METRICS] cur_best_mrr20=0.195000 cur_best_hr10=0.254300 cur_test_mrr20=0.203100 cur_test_hr10=0.255600 run_best_mrr20=0.197300 run_best_hr10=0.255400 run_test_mrr20=0.205700 run_test_hr10=0.256600

[4/7] learning_rate=0.0007202
  -> MRR@20=0.195800  best=0.197300  (early_stop@20, trial=5.6min, avg=7.1min/trial, total=28.3min, ETA=21.2min)
[TRIAL_METRICS] cur_best_mrr20=0.195800 cur_best_hr10=0.243200 cur_test_mrr20=0.196400 cur_test_hr10=0.249500 run_best_mrr20=0.197300 run_best_hr10=0.255400 run_test_mrr20=0.205700 run_test_hr10=0.256600

[5/7] learning_rate=0.0006147
  -> MRR@20=0.195100  best=0.197300  (early_stop@20, trial=5.9min, avg=6.8min/trial, total=34.2min, ETA=13.7min)
[TRIAL_METRICS] cur_best_mrr20=0.195100 cur_best_hr10=0.246900 cur_test_mrr20=0.197900 cur_test_hr10=0.254300 run_best_mrr20=0.197300 run_best_hr10=0.255400 run_test_mrr20=0.205700 run_test_hr10=0.256600

[6/7] learning_rate=0.0005125
  -> MRR@20=0.197600  best=0.197600  (early_stop@23, trial=6.5min, avg=6.8min/trial, total=40.8min, ETA=6.8min)
[TRIAL_METRICS] cur_best_mrr20=0.197600 cur_best_hr10=0.250300 cur_test_mrr20=0.202500 cur_test_hr10=0.257700 run_best_mrr20=0.197600 run_best_hr10=0.250300 run_test_mrr20=0.202500 run_test_hr10=0.257700

[7/7] learning_rate=0.000478
  -> MRR@20=0.196000  best=0.197600  (early_stop@23, trial=6.5min, avg=6.8min/trial, total=47.3min, ETA=0s)
[TRIAL_METRICS] cur_best_mrr20=0.196000 cur_best_hr10=0.250100 cur_test_mrr20=0.200300 cur_test_hr10=0.255000 run_best_mrr20=0.197600 run_best_hr10=0.250300 run_test_mrr20=0.202500 run_test_hr10=0.257700

=================================================================
  DONE  |  FAME x lastfm0.03
  Best MRR@20 = 0.197600  |  7/7 trials OK
  Best HR@10  = 0.250300
  Test MRR@20 = 0.202500  (best-valid checkpoint)
  Test HR@10  = 0.257700  (best-valid checkpoint)
[RUN_METRICS] best_valid_mrr20=0.197600 best_valid_hr10=0.250300 test_mrr20=0.202500 test_hr10=0.257700
  Total time: 47.3 min
  Best params:
    learning_rate: 0.000512477
  Results -> /workspace/jy1559/FMoE/experiments/run/artifacts/results/baseline/lastfm0.03_FAME_p22_sg_d01_m09_c01_fame_old_d6_e5_s3_20260407_042402_823650_pid302415.json
  Normal mirror -> /workspace/jy1559/FMoE/experiments/run/artifacts/results/baseline/normal/stageg_cross6x9_anchor2_core5/P22/lastfm0.03/FAME/lastfm0.03_FAME_p22_sg_d01_m09_c01_fame_old_d6_e5_s3_20260407_042402_823650_pid302415.json
  Special result -> /workspace/jy1559/FMoE/experiments/run/artifacts/results/baseline/special/stageg_cross6x9_anchor2_core5/P22/lastfm0.03/FAME/lastfm0.03_FAME_p22_sg_d01_m09_c01_fame_old_d6_e5_s3_20260407_042402_823650_pid302415_special_metrics.json
  Special log -> /workspace/jy1559/FMoE/experiments/run/artifacts/logs/baseline/special/stageg_cross6x9_anchor2_core5/P22/lastfm0.03/FAME/lastfm0.03_FAME_p22_sg_d01_m09_c01_fame_old_d6_e5_s3_20260407_042402_823650_pid302415_special_metrics.json
=================================================================

[RUN_STATUS] END status=normal pid=302415 start=2026-04-07T04:24:02 end=2026-04-07T05:11:19
