[STAGEG_CROSS6X9_ANCHOR2_CORE5_SETTING_HEADER]
run_phase=P22_SG_D01_M09_C01_FAME_OLD_D6_E5_S1 run_id=SG_LASTFM0_03_FAME_OLD_D6_E5_S1 phase_id=P22 axis_id=SG model=FAME candidate_id=OLD_D6_E5 seed=1
dataset=lastfm0.03 gpu=4 order=0 candidate_source=stage_summary source_stage=StageE_ReLRSeed_anchor2_core5 transfer_from_dataset=
max_evals=7 tune_epochs=48 tune_patience=7
seed=220036

[COMMAND]
- /venv/FMoE/bin/python hyperopt_tune.py --config-name tune_lfm_small --max-evals 7 --tune-epochs 48 --tune-patience 7 --seed 220036 --run-group baseline --run-axis StageG_Cross6x9_anchor2_core5 --run-phase P22_SG_D01_M09_C01_FAME_OLD_D6_E5_S1 model=fame dataset=lastfm0.03 eval_mode=session_fixed feature_mode=full_v3 gpu_id=4 log_wandb=false show_progress=false ++special_logging=true ++seed=220036 ++search={learning_rate:[0.0003043869075192586,0.0007792304832493021]} ++search_space_type_overrides={learning_rate:"loguniform"} ++weight_decay=0.00032257499999999997 ++search.weight_decay=[0.00032257499999999997] ++search_space_type_overrides.weight_decay=choice ++search.n_layers=[1] ++search_space_type_overrides.n_layers=choice ++search.num_layers=[1] ++search_space_type_overrides.num_layers=choice ++search.n_heads=[2] ++search_space_type_overrides.n_heads=choice ++search.num_heads=[2] ++search_space_type_overrides.num_heads=choice ++search.dropout_ratio=[0.22999999999999998] ++search_space_type_overrides.dropout_ratio=choice ++search.dropout_prob=[0.22999999999999998] ++search_space_type_overrides.dropout_prob=choice ++search.hidden_dropout_prob=[0.22999999999999998] ++search_space_type_overrides.hidden_dropout_prob=choice ++search.attn_dropout_prob=[0.22999999999999998] ++search_space_type_overrides.attn_dropout_prob=choice ++search.hidden_size=[208] ++search_space_type_overrides.hidden_size=choice ++search.embedding_size=[208] ++search_space_type_overrides.embedding_size=choice ++search.inner_size=[416] ++search_space_type_overrides.inner_size=choice ++search.time_span=[384] ++search_space_type_overrides.time_span=choice ++search.num_experts=[4] ++search_space_type_overrides.num_experts=choice ++search.state_size=[24] ++search_space_type_overrides.state_size=choice ++search.conv_kernel=[6] ++search_space_type_overrides.conv_kernel=choice ++search.remaining_ratio=[0.6] ++search_space_type_overrides.remaining_ratio=choice ++search.MAX_ITEM_LIST_LENGTH=[24] ++search_space_type_overrides.MAX_ITEM_LIST_LENGTH=choice ++dropout_ratio=0.22999999999999998 ++num_experts=4 ++train_batch_size=537 ++eval_batch_size=716 ++hidden_size=208 ++embedding_size=208 ++MAX_ITEM_LIST_LENGTH=24 ++num_layers=1 ++n_layers=1 ++num_heads=2 ++n_heads=2 ++inner_size=416 ++num_experts=4
/venv/FMoE/lib/python3.10/site-packages/ray/_private/parameter.py:4: UserWarning: pkg_resources is deprecated as an API. See https://setuptools.pypa.io/en/latest/pkg_resources.html. The pkg_resources package is slated for removal as early as 2025-11-30. Refrain from using this package or pin to Setuptools<81.
  import pkg_resources
[RUN_STATUS] START pid=302413 ts=2026-04-07T04:24:02

=================================================================
  Hyperopt TPE  |  FAME x lastfm0.03
  max_evals=7  epochs=48  patience=7  wandb=off
  batch_size(train/valid/test)=537/716/716
  track=baseline  axis=stageg_cross6x9_anchor2_core5  phase=P22_SG_D01_M09_C01_FAME_OLD_D6_E5_S1
=================================================================
Changed knobs: learning_rate
Tuned params(len>1): 1  (~1 discrete combos)
Tuned groups: 1
  [optimization]
    learning_rate                   [0.0003043869075192586, 0.0007792304832493021]  -> loguniform
Fixed params(singleton/non-list): 18
Fixed groups: 18
  [optimization]
    hidden_dropout_prob             0.22999999999999998                     
    weight_decay                    0.00032257499999999997                  
  [model_core]
    attn_dropout_prob               0.22999999999999998                     
    dropout_prob                    0.22999999999999998                     
    dropout_ratio                   0.22999999999999998                     
    embedding_size                  208                                     
    hidden_size                     208                                     
    inner_size                      416                                     
    num_heads                       2                                       
    num_layers                      1                                       
  [other]
    MAX_ITEM_LIST_LENGTH            24                                      
    conv_kernel                     6                                       
    n_heads                         2                                       
    n_layers                        1                                       
    num_experts                     4                                       
    remaining_ratio                 0.6                                     
    state_size                      24                                      
    time_span                       384                                     

[Wandb] disabled for this hyperopt run

[1/7] learning_rate=0.0004109
  -> MRR@20=0.200100  best=0.200100  (early_stop@26, trial=7.3min, avg=7.5min/trial, total=7.5min, ETA=45.0min)
[TRIAL_METRICS] cur_best_mrr20=0.200100 cur_best_hr10=0.255100 cur_test_mrr20=0.207600 cur_test_hr10=0.261400 run_best_mrr20=0.200100 run_best_hr10=0.255100 run_test_mrr20=0.207600 run_test_hr10=0.261400

[2/7] learning_rate=0.0006424
  -> MRR@20=0.194600  best=0.200100  (early_stop@23, trial=6.7min, avg=7.1min/trial, total=14.2min, ETA=35.4min)
[TRIAL_METRICS] cur_best_mrr20=0.194600 cur_best_hr10=0.244500 cur_test_mrr20=0.199300 cur_test_hr10=0.253700 run_best_mrr20=0.200100 run_best_hr10=0.255100 run_test_mrr20=0.207600 run_test_hr10=0.261400

[3/7] learning_rate=0.0005993
  -> MRR@20=0.195700  best=0.200100  (early_stop@23, trial=7.0min, avg=7.1min/trial, total=21.2min, ETA=28.2min)
[TRIAL_METRICS] cur_best_mrr20=0.195700 cur_best_hr10=0.247900 cur_test_mrr20=0.202700 cur_test_hr10=0.258800 run_best_mrr20=0.200100 run_best_hr10=0.255100 run_test_mrr20=0.207600 run_test_hr10=0.261400

[4/7] learning_rate=0.0003047
  -> MRR@20=0.203100  best=0.203100  (early_stop@33, trial=9.6min, avg=7.7min/trial, total=30.8min, ETA=23.1min)
[TRIAL_METRICS] cur_best_mrr20=0.203100 cur_best_hr10=0.258600 cur_test_mrr20=0.212300 cur_test_hr10=0.264100 run_best_mrr20=0.203100 run_best_hr10=0.258600 run_test_mrr20=0.212300 run_test_hr10=0.264100

[5/7] learning_rate=0.0005564
  -> MRR@20=0.198700  best=0.203100  (early_stop@22, trial=6.5min, avg=7.5min/trial, total=37.3min, ETA=14.9min)
[TRIAL_METRICS] cur_best_mrr20=0.198700 cur_best_hr10=0.255100 cur_test_mrr20=0.202200 cur_test_hr10=0.260400 run_best_mrr20=0.203100 run_best_hr10=0.258600 run_test_mrr20=0.212300 run_test_hr10=0.264100

[6/7] learning_rate=0.0006674
  -> MRR@20=0.195300  best=0.203100  (early_stop@23, trial=6.7min, avg=7.3min/trial, total=44.0min, ETA=7.3min)
[TRIAL_METRICS] cur_best_mrr20=0.195300 cur_best_hr10=0.242600 cur_test_mrr20=0.199800 cur_test_hr10=0.253200 run_best_mrr20=0.203100 run_best_hr10=0.258600 run_test_mrr20=0.212300 run_test_hr10=0.264100

[7/7] learning_rate=0.0005714
  -> MRR@20=0.197500  best=0.203100  (early_stop@22, trial=6.4min, avg=7.2min/trial, total=50.4min, ETA=0s)
[TRIAL_METRICS] cur_best_mrr20=0.197500 cur_best_hr10=0.251900 cur_test_mrr20=0.202700 cur_test_hr10=0.258800 run_best_mrr20=0.203100 run_best_hr10=0.258600 run_test_mrr20=0.212300 run_test_hr10=0.264100

=================================================================
  DONE  |  FAME x lastfm0.03
  Best MRR@20 = 0.203100  |  7/7 trials OK
  Best HR@10  = 0.258600
  Test MRR@20 = 0.212300  (best-valid checkpoint)
  Test HR@10  = 0.264100  (best-valid checkpoint)
[RUN_METRICS] best_valid_mrr20=0.203100 best_valid_hr10=0.258600 test_mrr20=0.212300 test_hr10=0.264100
  Total time: 50.4 min
  Best params:
    learning_rate: 0.000304651
  Results -> /workspace/jy1559/FMoE/experiments/run/artifacts/results/baseline/lastfm0.03_FAME_p22_sg_d01_m09_c01_fame_old_d6_e5_s1_20260407_042402_846762_pid302413.json
  Normal mirror -> /workspace/jy1559/FMoE/experiments/run/artifacts/results/baseline/normal/stageg_cross6x9_anchor2_core5/P22/lastfm0.03/FAME/lastfm0.03_FAME_p22_sg_d01_m09_c01_fame_old_d6_e5_s1_20260407_042402_846762_pid302413.json
  Special result -> /workspace/jy1559/FMoE/experiments/run/artifacts/results/baseline/special/stageg_cross6x9_anchor2_core5/P22/lastfm0.03/FAME/lastfm0.03_FAME_p22_sg_d01_m09_c01_fame_old_d6_e5_s1_20260407_042402_846762_pid302413_special_metrics.json
  Special log -> /workspace/jy1559/FMoE/experiments/run/artifacts/logs/baseline/special/stageg_cross6x9_anchor2_core5/P22/lastfm0.03/FAME/lastfm0.03_FAME_p22_sg_d01_m09_c01_fame_old_d6_e5_s1_20260407_042402_846762_pid302413_special_metrics.json
=================================================================

[RUN_STATUS] END status=normal pid=302413 start=2026-04-07T04:24:02 end=2026-04-07T05:14:24
