[STAGED_MICROWIDE_ANCHOR2_CORE5_SETTING_HEADER]
run_phase=P19_SC_D01_M02_P02_DUOREC_C8_D3_S1 run_id=SC_AMAZON_BEAUTY_DUOREC_C8_D3_S1 phase_id=P19 axis_id=SC model=DuoRec profile_id=D3 parent_profile_id=C8 seed=1
dataset=amazon_beauty gpu=4 order=0 lr_band=LR3,LR2 lr_lo=0.0001253192014519056 lr_hi=0.0020545398835199995
max_evals=12 tune_epochs=52 tune_patience=8
seed=190026

[COMMAND]
- /venv/FMoE/bin/python hyperopt_tune.py --config-name tune_ab --max-evals 12 --tune-epochs 52 --tune-patience 8 --seed 190026 --run-group baseline --run-axis StageD_MicroWide_anchor2_core5 --run-phase P19_SC_D01_M02_P02_DUOREC_C8_D3_S1 model=duorec dataset=amazon_beauty eval_mode=session_fixed feature_mode=full_v3 gpu_id=4 log_wandb=false show_progress=false ++special_logging=true ++seed=190026 ++search={learning_rate:[0.0001253192014519056,0.0020545398835199995]} ++search_space_type_overrides={learning_rate:"loguniform"} ++MAX_ITEM_LIST_LENGTH=20 ++weight_decay=0.0027599999999999994 ++search.weight_decay=[0.0027599999999999994] ++search_space_type_overrides.weight_decay=choice ++search.hidden_size=[64] ++search_space_type_overrides.hidden_size=choice ++search.embedding_size=[64] ++search_space_type_overrides.embedding_size=choice ++search.n_layers=[3] ++search_space_type_overrides.n_layers=choice ++search.num_layers=[3] ++search_space_type_overrides.num_layers=choice ++search.dropout_ratio=[0.45] ++search_space_type_overrides.dropout_ratio=choice ++search.dropout_prob=[0.45] ++search_space_type_overrides.dropout_prob=choice ++search.hidden_dropout_prob=[0.45] ++search_space_type_overrides.hidden_dropout_prob=choice ++search.attn_dropout_prob=[0.45] ++search_space_type_overrides.attn_dropout_prob=choice ++search.inner_size=[128] ++search_space_type_overrides.inner_size=choice ++search.n_heads=[1] ++search_space_type_overrides.n_heads=choice ++search.num_heads=[1] ++search_space_type_overrides.num_heads=choice ++dropout_ratio=0.45 ++hidden_size=64 ++embedding_size=64 ++n_layers=3 ++num_layers=3 ++n_heads=1 ++num_heads=1 ++inner_size=128 ++contrast=un ++tau=0.6 ++lmd=0.04 ++lmd_sem=0.02 ++semantic_sample_max_tries=2 ++train_batch_size=1024 ++eval_batch_size=1536
/venv/FMoE/lib/python3.10/site-packages/ray/_private/parameter.py:4: UserWarning: pkg_resources is deprecated as an API. See https://setuptools.pypa.io/en/latest/pkg_resources.html. The pkg_resources package is slated for removal as early as 2025-11-30. Refrain from using this package or pin to Setuptools<81.
  import pkg_resources
[RUN_STATUS] START pid=89651 ts=2026-04-04T05:21:05

=================================================================
  Hyperopt TPE  |  DuoRec x amazon_beauty
  max_evals=12  epochs=52  patience=8  wandb=off
  batch_size(train/valid/test)=1024/1536/1536
  track=baseline  axis=staged_microwide_anchor2_core5  phase=P19_SC_D01_M02_P02_DUOREC_C8_D3_S1
=================================================================
Changed knobs: MAX_ITEM_LIST_LENGTH, learning_rate
Tuned params(len>1): 2  (~4 discrete combos)
Tuned groups: 2
  [optimization]
    learning_rate                   [0.0001253192014519056, 0.0020545398835199995]  -> loguniform
  [other]
    MAX_ITEM_LIST_LENGTH            [5, 10, 30, 50]                           -> choice
Fixed params(singleton/non-list): 12
Fixed groups: 12
  [optimization]
    hidden_dropout_prob             0.45                                    
    weight_decay                    0.0027599999999999994                   
  [model_core]
    attn_dropout_prob               0.45                                    
    dropout_prob                    0.45                                    
    dropout_ratio                   0.45                                    
    embedding_size                  64                                      
    hidden_size                     64                                      
    inner_size                      128                                     
    num_heads                       1                                       
    num_layers                      3                                       
  [other]
    n_heads                         1                                       
    n_layers                        3                                       

[Wandb] disabled for this hyperopt run

[1/12] MAX_ITEM_LIST_LENGTH=10, learning_rate=0.0004155
  -> MRR@20=0.098000  best=0.098000  (early_stop@18, trial=16s, avg=19s/trial, total=19s, ETA=3.4min)
[TRIAL_METRICS] cur_best_mrr20=0.098000 cur_best_hr10=0.097300 cur_test_mrr20=0.082000 cur_test_hr10=0.096500 run_best_mrr20=0.098000 run_best_hr10=0.097300 run_test_mrr20=0.082000 run_test_hr10=0.096500

[2/12] MAX_ITEM_LIST_LENGTH=50, learning_rate=0.001978
  -> MRR@20=0.087800  best=0.098000  (early_stop@11, trial=11s, avg=15s/trial, total=30s, ETA=2.5min)
[TRIAL_METRICS] cur_best_mrr20=0.087800 cur_best_hr10=0.097300 cur_test_mrr20=0.050000 cur_test_hr10=0.087700 run_best_mrr20=0.098000 run_best_hr10=0.097300 run_test_mrr20=0.082000 run_test_hr10=0.096500

[3/12] MAX_ITEM_LIST_LENGTH=10, learning_rate=0.00113
  -> MRR@20=0.097300  best=0.098000  (early_stop@9, trial=8s, avg=13s/trial, total=39s, ETA=1.9min)
[TRIAL_METRICS] cur_best_mrr20=0.097300 cur_best_hr10=0.097300 cur_test_mrr20=0.079700 cur_test_hr10=0.078900 run_best_mrr20=0.098000 run_best_hr10=0.097300 run_test_mrr20=0.082000 run_test_hr10=0.096500

[4/12] MAX_ITEM_LIST_LENGTH=5, learning_rate=0.0001534
  -> MRR@20=0.097800  best=0.098000  (early_stop@10, trial=9s, avg=12s/trial, total=48s, ETA=1.6min)
[TRIAL_METRICS] cur_best_mrr20=0.097800 cur_best_hr10=0.097300 cur_test_mrr20=0.078900 cur_test_hr10=0.078900 run_best_mrr20=0.098000 run_best_hr10=0.097300 run_test_mrr20=0.082000 run_test_hr10=0.096500

[5/12] MAX_ITEM_LIST_LENGTH=5, learning_rate=0.0004141
  -> MRR@20=0.103200  best=0.103200  (early_stop@26, trial=24s, avg=14s/trial, total=1.2min, ETA=1.7min)
[TRIAL_METRICS] cur_best_mrr20=0.103200 cur_best_hr10=0.115000 cur_test_mrr20=0.080000 cur_test_hr10=0.078900 run_best_mrr20=0.103200 run_best_hr10=0.115000 run_test_mrr20=0.080000 run_test_hr10=0.078900

[6/12] MAX_ITEM_LIST_LENGTH=50, learning_rate=0.000989
  -> MRR@20=0.092900  best=0.103200  (early_stop@9, trial=9s, avg=14s/trial, total=1.4min, ETA=1.4min)
[TRIAL_METRICS] cur_best_mrr20=0.092900 cur_best_hr10=0.097300 cur_test_mrr20=0.078900 cur_test_hr10=0.078900 run_best_mrr20=0.103200 run_best_hr10=0.115000 run_test_mrr20=0.080000 run_test_hr10=0.078900

[7/12] MAX_ITEM_LIST_LENGTH=10, learning_rate=0.000475
  -> MRR@20=0.098000  best=0.103200  (early_stop@17, trial=15s, avg=14s/trial, total=1.6min, ETA=1.2min)
[TRIAL_METRICS] cur_best_mrr20=0.098000 cur_best_hr10=0.097300 cur_test_mrr20=0.081400 cur_test_hr10=0.087700 run_best_mrr20=0.103200 run_best_hr10=0.115000 run_test_mrr20=0.080000 run_test_hr10=0.078900

[8/12] MAX_ITEM_LIST_LENGTH=5, learning_rate=0.0004466
  -> MRR@20=0.103100  best=0.103200  (early_stop@29, trial=25s, avg=15s/trial, total=2.0min, ETA=1.0min)
[TRIAL_METRICS] cur_best_mrr20=0.103100 cur_best_hr10=0.115000 cur_test_mrr20=0.076300 cur_test_hr10=0.087700 run_best_mrr20=0.103200 run_best_hr10=0.115000 run_test_mrr20=0.080000 run_test_hr10=0.078900

[9/12] MAX_ITEM_LIST_LENGTH=10, learning_rate=0.0003771
[CacheRecover] moved corrupted dataset cache -> saved/recbole_cache/amazon_beauty_feature_added_session_len10/amazon_beauty-SequentialDataset.pth.corrupt_1775280188
[CacheRecover] rebuilding dataset after cache load failure: Ran out of input
  -> MRR@20=0.097300  best=0.103200  (early_stop@9, trial=8s, avg=15s/trial, total=2.2min, ETA=44s)
[TRIAL_METRICS] cur_best_mrr20=0.097300 cur_best_hr10=0.097300 cur_test_mrr20=0.081500 cur_test_hr10=0.096500 run_best_mrr20=0.103200 run_best_hr10=0.115000 run_test_mrr20=0.080000 run_test_hr10=0.078900

[10/12] MAX_ITEM_LIST_LENGTH=30, learning_rate=0.0001315
  -> MRR@20=0.098100  best=0.103200  (early_stop@9, trial=8s, avg=14s/trial, total=2.3min, ETA=28s)
[TRIAL_METRICS] cur_best_mrr20=0.098100 cur_best_hr10=0.097300 cur_test_mrr20=0.078900 cur_test_hr10=0.078900 run_best_mrr20=0.103200 run_best_hr10=0.115000 run_test_mrr20=0.080000 run_test_hr10=0.078900

[11/12] MAX_ITEM_LIST_LENGTH=50, learning_rate=0.000351
  -> MRR@20=0.097300  best=0.103200  (early_stop@9, trial=9s, avg=14s/trial, total=2.5min, ETA=14s)
[TRIAL_METRICS] cur_best_mrr20=0.097300 cur_best_hr10=0.097300 cur_test_mrr20=0.078900 cur_test_hr10=0.078900 run_best_mrr20=0.103200 run_best_hr10=0.115000 run_test_mrr20=0.080000 run_test_hr10=0.078900

[12/12] MAX_ITEM_LIST_LENGTH=50, learning_rate=0.0002279
  -> MRR@20=0.097300  best=0.103200  (early_stop@9, trial=9s, avg=13s/trial, total=2.6min, ETA=0s)
[TRIAL_METRICS] cur_best_mrr20=0.097300 cur_best_hr10=0.097300 cur_test_mrr20=0.078900 cur_test_hr10=0.078900 run_best_mrr20=0.103200 run_best_hr10=0.115000 run_test_mrr20=0.080000 run_test_hr10=0.078900

=================================================================
  DONE  |  DuoRec x amazon_beauty
  Best MRR@20 = 0.103200  |  12/12 trials OK
  Best HR@10  = 0.115000
  Test MRR@20 = 0.080000  (best-valid checkpoint)
  Test HR@10  = 0.078900  (best-valid checkpoint)
[RUN_METRICS] best_valid_mrr20=0.103200 best_valid_hr10=0.115000 test_mrr20=0.080000 test_hr10=0.078900
  Total time: 2.6 min
  Best params:
    MAX_ITEM_LIST_LENGTH: 5
    learning_rate: 0.000414114
  Results -> /workspace/jy1559/FMoE/experiments/run/artifacts/results/baseline/amazon_beauty_DuoRec_p19_sc_d01_m02_p02_duorec_c8_d3_s1_20260404_052105_387645_pid89651.json
  Normal mirror -> /workspace/jy1559/FMoE/experiments/run/artifacts/results/baseline/normal/staged_microwide_anchor2_core5/P19/amazon_beauty/DuoRec/amazon_beauty_DuoRec_p19_sc_d01_m02_p02_duorec_c8_d3_s1_20260404_052105_387645_pid89651.json
  Special result -> /workspace/jy1559/FMoE/experiments/run/artifacts/results/baseline/special/staged_microwide_anchor2_core5/P19/amazon_beauty/DuoRec/amazon_beauty_DuoRec_p19_sc_d01_m02_p02_duorec_c8_d3_s1_20260404_052105_387645_pid89651_special_metrics.json
  Special log -> /workspace/jy1559/FMoE/experiments/run/artifacts/logs/baseline/special/staged_microwide_anchor2_core5/P19/amazon_beauty/DuoRec/amazon_beauty_DuoRec_p19_sc_d01_m02_p02_duorec_c8_d3_s1_20260404_052105_387645_pid89651_special_metrics.json
=================================================================

[RUN_STATUS] END status=normal pid=89651 start=2026-04-04T05:21:05 end=2026-04-04T05:23:43
