[STAGED_MICROWIDE_ANCHOR2_CORE5_SETTING_HEADER]
run_phase=P19_SC_D01_M02_P02_DUOREC_C8_D7_S1 run_id=SC_AMAZON_BEAUTY_DUOREC_C8_D7_S1 phase_id=P19 axis_id=SC model=DuoRec profile_id=D7 parent_profile_id=C8 seed=1
dataset=amazon_beauty gpu=5 order=0 lr_band=LR3,LR2 lr_lo=0.00012747114733542317 lr_hi=0.002801863747584
max_evals=12 tune_epochs=52 tune_patience=8
seed=190030

[COMMAND]
- /venv/FMoE/bin/python hyperopt_tune.py --config-name tune_ab --max-evals 12 --tune-epochs 52 --tune-patience 8 --seed 190030 --run-group baseline --run-axis StageD_MicroWide_anchor2_core5 --run-phase P19_SC_D01_M02_P02_DUOREC_C8_D7_S1 model=duorec dataset=amazon_beauty eval_mode=session_fixed feature_mode=full_v3 gpu_id=5 log_wandb=false show_progress=false ++special_logging=true ++seed=190030 ++search={learning_rate:[0.00012747114733542317,0.002801863747584]} ++search_space_type_overrides={learning_rate:"loguniform"} ++MAX_ITEM_LIST_LENGTH=20 ++weight_decay=0.0013799999999999997 ++search.weight_decay=[0.0013799999999999997] ++search_space_type_overrides.weight_decay=choice ++search.hidden_size=[64] ++search_space_type_overrides.hidden_size=choice ++search.embedding_size=[64] ++search_space_type_overrides.embedding_size=choice ++search.n_layers=[3] ++search_space_type_overrides.n_layers=choice ++search.num_layers=[3] ++search_space_type_overrides.num_layers=choice ++search.dropout_ratio=[0.38] ++search_space_type_overrides.dropout_ratio=choice ++search.dropout_prob=[0.38] ++search_space_type_overrides.dropout_prob=choice ++search.hidden_dropout_prob=[0.38] ++search_space_type_overrides.hidden_dropout_prob=choice ++search.attn_dropout_prob=[0.38] ++search_space_type_overrides.attn_dropout_prob=choice ++search.inner_size=[192] ++search_space_type_overrides.inner_size=choice ++search.n_heads=[2] ++search_space_type_overrides.n_heads=choice ++search.num_heads=[2] ++search_space_type_overrides.num_heads=choice ++dropout_ratio=0.38 ++hidden_size=64 ++embedding_size=64 ++n_layers=3 ++num_layers=3 ++n_heads=2 ++num_heads=2 ++inner_size=192 ++contrast=su ++tau=0.35 ++lmd=0.03 ++lmd_sem=0.1 ++semantic_sample_max_tries=2 ++train_batch_size=1024 ++eval_batch_size=1536
/venv/FMoE/lib/python3.10/site-packages/ray/_private/parameter.py:4: UserWarning: pkg_resources is deprecated as an API. See https://setuptools.pypa.io/en/latest/pkg_resources.html. The pkg_resources package is slated for removal as early as 2025-11-30. Refrain from using this package or pin to Setuptools<81.
  import pkg_resources
[RUN_STATUS] START pid=90099 ts=2026-04-04T05:24:05

=================================================================
  Hyperopt TPE  |  DuoRec x amazon_beauty
  max_evals=12  epochs=52  patience=8  wandb=off
  batch_size(train/valid/test)=1024/1536/1536
  track=baseline  axis=staged_microwide_anchor2_core5  phase=P19_SC_D01_M02_P02_DUOREC_C8_D7_S1
=================================================================
Changed knobs: MAX_ITEM_LIST_LENGTH, learning_rate
Tuned params(len>1): 2  (~4 discrete combos)
Tuned groups: 2
  [optimization]
    learning_rate                   [0.00012747114733542317, 0.002801863747584]  -> loguniform
  [other]
    MAX_ITEM_LIST_LENGTH            [5, 10, 30, 50]                           -> choice
Fixed params(singleton/non-list): 12
Fixed groups: 12
  [optimization]
    hidden_dropout_prob             0.38                                    
    weight_decay                    0.0013799999999999997                   
  [model_core]
    attn_dropout_prob               0.38                                    
    dropout_prob                    0.38                                    
    dropout_ratio                   0.38                                    
    embedding_size                  64                                      
    hidden_size                     64                                      
    inner_size                      192                                     
    num_heads                       2                                       
    num_layers                      3                                       
  [other]
    n_heads                         2                                       
    n_layers                        3                                       

[Wandb] disabled for this hyperopt run

[1/12] MAX_ITEM_LIST_LENGTH=10, learning_rate=0.0005581
  -> MRR@20=0.097300  best=0.097300  (early_stop@9, trial=10s, avg=12s/trial, total=12s, ETA=2.2min)
[TRIAL_METRICS] cur_best_mrr20=0.097300 cur_best_hr10=0.097300 cur_test_mrr20=0.079600 cur_test_hr10=0.078900 run_best_mrr20=0.097300 run_best_hr10=0.097300 run_test_mrr20=0.079600 run_test_hr10=0.078900

[2/12] MAX_ITEM_LIST_LENGTH=30, learning_rate=0.001204
  -> MRR@20=0.078300  best=0.097300  (early_stop@9, trial=10s, avg=11s/trial, total=22s, ETA=1.9min)
[TRIAL_METRICS] cur_best_mrr20=0.078300 cur_best_hr10=0.097300 cur_test_mrr20=0.045900 cur_test_hr10=0.078900 run_best_mrr20=0.097300 run_best_hr10=0.097300 run_test_mrr20=0.079600 run_test_hr10=0.078900

[3/12] MAX_ITEM_LIST_LENGTH=5, learning_rate=0.001047
  -> MRR@20=0.071400  best=0.097300  (early_stop@19, trial=19s, avg=14s/trial, total=42s, ETA=2.1min)
[TRIAL_METRICS] cur_best_mrr20=0.071400 cur_best_hr10=0.070800 cur_test_mrr20=0.054800 cur_test_hr10=0.061400 run_best_mrr20=0.097300 run_best_hr10=0.097300 run_test_mrr20=0.079600 run_test_hr10=0.078900

[4/12] MAX_ITEM_LIST_LENGTH=50, learning_rate=0.0006414
  -> MRR@20=0.091400  best=0.097300  (early_stop@9, trial=10s, avg=13s/trial, total=52s, ETA=1.7min)
[TRIAL_METRICS] cur_best_mrr20=0.091400 cur_best_hr10=0.097300 cur_test_mrr20=0.071600 cur_test_hr10=0.078900 run_best_mrr20=0.097300 run_best_hr10=0.097300 run_test_mrr20=0.079600 run_test_hr10=0.078900

[5/12] MAX_ITEM_LIST_LENGTH=10, learning_rate=0.000366
  -> MRR@20=0.097300  best=0.097300  (early_stop@9, trial=9s, avg=12s/trial, total=1.0min, ETA=1.4min)
[TRIAL_METRICS] cur_best_mrr20=0.097300 cur_best_hr10=0.097300 cur_test_mrr20=0.080200 cur_test_hr10=0.087700 run_best_mrr20=0.097300 run_best_hr10=0.097300 run_test_mrr20=0.080200 run_test_hr10=0.087700

[6/12] MAX_ITEM_LIST_LENGTH=5, learning_rate=0.0009104
  -> MRR@20=0.079600  best=0.097300  (early_stop@19, trial=19s, avg=13s/trial, total=1.3min, ETA=1.3min)
[TRIAL_METRICS] cur_best_mrr20=0.079600 cur_best_hr10=0.079600 cur_test_mrr20=0.061400 cur_test_hr10=0.061400 run_best_mrr20=0.097300 run_best_hr10=0.097300 run_test_mrr20=0.079600 run_test_hr10=0.078900

[7/12] MAX_ITEM_LIST_LENGTH=50, learning_rate=0.0005053
  -> MRR@20=0.092900  best=0.097300  (early_stop@9, trial=10s, avg=13s/trial, total=1.5min, ETA=1.1min)
[TRIAL_METRICS] cur_best_mrr20=0.092900 cur_best_hr10=0.097300 cur_test_mrr20=0.072400 cur_test_hr10=0.078900 run_best_mrr20=0.097300 run_best_hr10=0.097300 run_test_mrr20=0.079600 run_test_hr10=0.078900

[8/12] MAX_ITEM_LIST_LENGTH=30, learning_rate=0.000771
  -> MRR@20=0.092900  best=0.097300  (early_stop@9, trial=9s, avg=13s/trial, total=1.7min, ETA=51s)
[TRIAL_METRICS] cur_best_mrr20=0.092900 cur_best_hr10=0.097300 cur_test_mrr20=0.076300 cur_test_hr10=0.087700 run_best_mrr20=0.097300 run_best_hr10=0.097300 run_test_mrr20=0.079600 run_test_hr10=0.078900

[9/12] MAX_ITEM_LIST_LENGTH=5, learning_rate=0.0003894
  -> MRR@20=0.084600  best=0.097300  (early_stop@9, trial=9s, avg=12s/trial, total=1.8min, ETA=37s)
[TRIAL_METRICS] cur_best_mrr20=0.084600 cur_best_hr10=0.088500 cur_test_mrr20=0.072400 cur_test_hr10=0.078900 run_best_mrr20=0.097300 run_best_hr10=0.097300 run_test_mrr20=0.079600 run_test_hr10=0.078900

[10/12] MAX_ITEM_LIST_LENGTH=10, learning_rate=0.001623
  -> MRR@20=0.059000  best=0.097300  (early_stop@14, trial=15s, avg=13s/trial, total=2.1min, ETA=25s)
[TRIAL_METRICS] cur_best_mrr20=0.059000 cur_best_hr10=0.070800 cur_test_mrr20=0.038000 cur_test_hr10=0.043900 run_best_mrr20=0.097300 run_best_hr10=0.097300 run_test_mrr20=0.079600 run_test_hr10=0.078900

[11/12] MAX_ITEM_LIST_LENGTH=10, learning_rate=0.000692
  -> MRR@20=0.097300  best=0.097300  (early_stop@9, trial=9s, avg=12s/trial, total=2.3min, ETA=12s)
[TRIAL_METRICS] cur_best_mrr20=0.097300 cur_best_hr10=0.097300 cur_test_mrr20=0.078900 cur_test_hr10=0.078900 run_best_mrr20=0.097300 run_best_hr10=0.097300 run_test_mrr20=0.078900 run_test_hr10=0.078900

[12/12] MAX_ITEM_LIST_LENGTH=10, learning_rate=0.0001321
  -> MRR@20=0.097300  best=0.097300  (early_stop@9, trial=9s, avg=12s/trial, total=2.4min, ETA=0s)
[TRIAL_METRICS] cur_best_mrr20=0.097300 cur_best_hr10=0.097300 cur_test_mrr20=0.080700 cur_test_hr10=0.087700 run_best_mrr20=0.097300 run_best_hr10=0.097300 run_test_mrr20=0.080700 run_test_hr10=0.087700

=================================================================
  DONE  |  DuoRec x amazon_beauty
  Best MRR@20 = 0.097300  |  12/12 trials OK
  Best HR@10  = 0.097300
  Test MRR@20 = 0.079600  (best-valid checkpoint)
  Test HR@10  = 0.078900  (best-valid checkpoint)
[RUN_METRICS] best_valid_mrr20=0.097300 best_valid_hr10=0.097300 test_mrr20=0.079600 test_hr10=0.078900
  Total time: 2.4 min
  Best params:
    MAX_ITEM_LIST_LENGTH: 10
    learning_rate: 0.000558077
  Results -> /workspace/jy1559/FMoE/experiments/run/artifacts/results/baseline/amazon_beauty_DuoRec_p19_sc_d01_m02_p02_duorec_c8_d7_s1_20260404_052406_041954_pid90099.json
  Normal mirror -> /workspace/jy1559/FMoE/experiments/run/artifacts/results/baseline/normal/staged_microwide_anchor2_core5/P19/amazon_beauty/DuoRec/amazon_beauty_DuoRec_p19_sc_d01_m02_p02_duorec_c8_d7_s1_20260404_052406_041954_pid90099.json
  Special result -> /workspace/jy1559/FMoE/experiments/run/artifacts/results/baseline/special/staged_microwide_anchor2_core5/P19/amazon_beauty/DuoRec/amazon_beauty_DuoRec_p19_sc_d01_m02_p02_duorec_c8_d7_s1_20260404_052406_041954_pid90099_special_metrics.json
  Special log -> /workspace/jy1559/FMoE/experiments/run/artifacts/logs/baseline/special/staged_microwide_anchor2_core5/P19/amazon_beauty/DuoRec/amazon_beauty_DuoRec_p19_sc_d01_m02_p02_duorec_c8_d7_s1_20260404_052406_041954_pid90099_special_metrics.json
=================================================================

[RUN_STATUS] END status=normal pid=90099 start=2026-04-04T05:24:05 end=2026-04-04T05:26:30
