[STAGEG_CROSS6X9_ANCHOR2_CORE5_SETTING_HEADER]
run_phase=P22_SG_D05_M01_C01_SASREC_XFER_FOURSQUARE_FAD_H3_R1_C2_S3 run_id=SG_RETAIL_ROCKET_SASREC_XFER_FOURSQUARE_FAD_H3_R1_C2_S3 phase_id=P22 axis_id=SG model=SASRec candidate_id=XFER_foursquare_FAD_H3_R1_C2 seed=3
dataset=retail_rocket gpu=4 order=0 candidate_source=final_transfer source_stage=Final_all_datasets transfer_from_dataset=foursquare
max_evals=6 tune_epochs=44 tune_patience=6
seed=220002

[COMMAND]
- /venv/FMoE/bin/python hyperopt_tune.py --config-name tune_rr --max-evals 6 --tune-epochs 44 --tune-patience 6 --seed 220002 --run-group baseline --run-axis StageG_Cross6x9_anchor2_core5 --run-phase P22_SG_D05_M01_C01_SASREC_XFER_FOURSQUARE_FAD_H3_R1_C2_S3 model=sasrec dataset=retail_rocket eval_mode=session_fixed feature_mode=full_v3 gpu_id=4 log_wandb=false show_progress=false ++special_logging=true ++seed=220002 ++search={learning_rate:[0.00032576508027020053,0.0007376699533912916]} ++search_space_type_overrides={learning_rate:"loguniform"} ++weight_decay=0.0002 ++search.weight_decay=[0.0002] ++search_space_type_overrides.weight_decay=choice ++search.n_layers=[3] ++search_space_type_overrides.n_layers=choice ++search.num_layers=[3] ++search_space_type_overrides.num_layers=choice ++search.n_heads=[4] ++search_space_type_overrides.n_heads=choice ++search.num_heads=[4] ++search_space_type_overrides.num_heads=choice ++search.dropout_ratio=[0.15] ++search_space_type_overrides.dropout_ratio=choice ++search.dropout_prob=[0.15] ++search_space_type_overrides.dropout_prob=choice ++search.hidden_dropout_prob=[0.15] ++search_space_type_overrides.hidden_dropout_prob=choice ++search.attn_dropout_prob=[0.15] ++search_space_type_overrides.attn_dropout_prob=choice ++search.hidden_size=[160] ++search_space_type_overrides.hidden_size=choice ++search.embedding_size=[160] ++search_space_type_overrides.embedding_size=choice ++search.inner_size=[320] ++search_space_type_overrides.inner_size=choice ++search.time_span=[512] ++search_space_type_overrides.time_span=choice ++search.num_experts=[8] ++search_space_type_overrides.num_experts=choice ++search.state_size=[32] ++search_space_type_overrides.state_size=choice ++search.conv_kernel=[8] ++search_space_type_overrides.conv_kernel=choice ++search.remaining_ratio=[0.7] ++search_space_type_overrides.remaining_ratio=choice ++search.MAX_ITEM_LIST_LENGTH=[30] ++search_space_type_overrides.MAX_ITEM_LIST_LENGTH=choice ++dropout_ratio=0.15 ++train_batch_size=2611 ++eval_batch_size=3481 ++hidden_size=160 ++embedding_size=160 ++MAX_ITEM_LIST_LENGTH=30 ++n_layers=3 ++num_layers=3 ++n_heads=4 ++num_heads=4 ++inner_size=320
/venv/FMoE/lib/python3.10/site-packages/ray/_private/parameter.py:4: UserWarning: pkg_resources is deprecated as an API. See https://setuptools.pypa.io/en/latest/pkg_resources.html. The pkg_resources package is slated for removal as early as 2025-11-30. Refrain from using this package or pin to Setuptools<81.
  import pkg_resources
[RUN_STATUS] START pid=395518 ts=2026-04-08T12:21:52

=================================================================
  Hyperopt TPE  |  SASRec x retail_rocket
  max_evals=6  epochs=44  patience=6  wandb=off
  batch_size(train/valid/test)=2611/3481/3481
  track=baseline  axis=stageg_cross6x9_anchor2_core5  phase=P22_SG_D05_M01_C01_SASREC_XFER_FOURSQUARE_FAD_H3_R1_C2_S3
=================================================================
Changed knobs: learning_rate
Tuned params(len>1): 1  (~1 discrete combos)
Tuned groups: 1
  [optimization]
    learning_rate                   [0.00032576508027020053, 0.0007376699533912916]  -> loguniform
Fixed params(singleton/non-list): 18
Fixed groups: 18
  [optimization]
    hidden_dropout_prob             0.15                                    
    weight_decay                    0.0002                                  
  [model_core]
    attn_dropout_prob               0.15                                    
    dropout_prob                    0.15                                    
    dropout_ratio                   0.15                                    
    embedding_size                  160                                     
    hidden_size                     160                                     
    inner_size                      320                                     
    num_heads                       4                                       
    num_layers                      3                                       
  [other]
    MAX_ITEM_LIST_LENGTH            30                                      
    conv_kernel                     8                                       
    n_heads                         4                                       
    n_layers                        3                                       
    num_experts                     8                                       
    remaining_ratio                 0.7                                     
    state_size                      32                                      
    time_span                       512                                     

[Wandb] disabled for this hyperopt run

[1/6] learning_rate=0.0004765
  -> MRR@20=0.261800  best=0.261800  (early_stop@27, trial=12.8min, avg=13.2min/trial, total=13.2min, ETA=1.10h)
[TRIAL_METRICS] cur_best_mrr20=0.261800 cur_best_hr10=0.416900 cur_test_mrr20=0.263800 cur_test_hr10=0.421200 run_best_mrr20=0.261800 run_best_hr10=0.416900 run_test_mrr20=0.263800 run_test_hr10=0.421200

[2/6] learning_rate=0.000701
  -> MRR@20=0.262900  best=0.262900  (early_stop@19, trial=9.0min, avg=11.1min/trial, total=22.2min, ETA=44.5min)
[TRIAL_METRICS] cur_best_mrr20=0.262900 cur_best_hr10=0.417500 cur_test_mrr20=0.263500 cur_test_hr10=0.422500 run_best_mrr20=0.262900 run_best_hr10=0.417500 run_test_mrr20=0.263500 run_test_hr10=0.422500

[3/6] learning_rate=0.0004999
  -> MRR@20=0.261500  best=0.262900  (early_stop@27, trial=12.7min, avg=11.7min/trial, total=35.0min, ETA=35.0min)
[TRIAL_METRICS] cur_best_mrr20=0.261500 cur_best_hr10=0.416200 cur_test_mrr20=0.263900 cur_test_hr10=0.420300 run_best_mrr20=0.262900 run_best_hr10=0.417500 run_test_mrr20=0.263500 run_test_hr10=0.422500

[4/6] learning_rate=0.0005695
  -> MRR@20=0.261000  best=0.262900  (early_stop@24, trial=11.4min, avg=11.6min/trial, total=46.4min, ETA=23.2min)
[TRIAL_METRICS] cur_best_mrr20=0.261000 cur_best_hr10=0.416100 cur_test_mrr20=0.263200 cur_test_hr10=0.421100 run_best_mrr20=0.262900 run_best_hr10=0.417500 run_test_mrr20=0.263500 run_test_hr10=0.422500

[5/6] learning_rate=0.0003512
  -> MRR@20=0.261100  best=0.262900  (early_stop@30, trial=14.5min, avg=12.2min/trial, total=1.02h, ETA=12.2min)
[TRIAL_METRICS] cur_best_mrr20=0.261100 cur_best_hr10=0.413100 cur_test_mrr20=0.262000 cur_test_hr10=0.417900 run_best_mrr20=0.262900 run_best_hr10=0.417500 run_test_mrr20=0.263500 run_test_hr10=0.422500

[6/6] learning_rate=0.0007291
  -> MRR@20=0.262200  best=0.262900  (early_stop@19, trial=9.1min, avg=11.7min/trial, total=1.17h, ETA=0s)
[TRIAL_METRICS] cur_best_mrr20=0.262200 cur_best_hr10=0.417300 cur_test_mrr20=0.263100 cur_test_hr10=0.422300 run_best_mrr20=0.262900 run_best_hr10=0.417500 run_test_mrr20=0.263500 run_test_hr10=0.422500

=================================================================
  DONE  |  SASRec x retail_rocket
  Best MRR@20 = 0.262900  |  6/6 trials OK
  Best HR@10  = 0.417500
  Test MRR@20 = 0.263500  (best-valid checkpoint)
  Test HR@10  = 0.422500  (best-valid checkpoint)
[RUN_METRICS] best_valid_mrr20=0.262900 best_valid_hr10=0.417500 test_mrr20=0.263500 test_hr10=0.422500
  Total time: 70.1 min
  Best params:
    learning_rate: 0.000701002
  Results -> /workspace/jy1559/FMoE/experiments/run/artifacts/results/baseline/retail_rocket_SASRec_p22_sg_d05_m01_c01_sasrec_xfer_foursquare_fad_h3_r1_c2_s3_20260408_122152_375750_pid395518.json
  Normal mirror -> /workspace/jy1559/FMoE/experiments/run/artifacts/results/baseline/normal/stageg_cross6x9_anchor2_core5/P22/retail_rocket/SASRec/retail_rocket_SASRec_p22_sg_d05_m01_c01_sasrec_xfer_foursquare_fad_h3_r1_c2_s3_20260408_122152_375750_pid395518.json
  Special result -> /workspace/jy1559/FMoE/experiments/run/artifacts/results/baseline/special/stageg_cross6x9_anchor2_core5/P22/retail_rocket/SASRec/retail_rocket_SASRec_p22_sg_d05_m01_c01_sasrec_xfer_foursquare_fad_h3_r1_c2_s3_20260408_122152_375750_pid395518_special_metrics.json
  Special log -> /workspace/jy1559/FMoE/experiments/run/artifacts/logs/baseline/special/stageg_cross6x9_anchor2_core5/P22/retail_rocket/SASRec/retail_rocket_SASRec_p22_sg_d05_m01_c01_sasrec_xfer_foursquare_fad_h3_r1_c2_s3_20260408_122152_375750_pid395518_special_metrics.json
=================================================================

[RUN_STATUS] END status=normal pid=395518 start=2026-04-08T12:21:52 end=2026-04-08T13:31:58
