[FMOE_N4_MOVIELENS_V4_SESSION_FIXED_2_SETTING_HEADER]
run_phase=P4ML2_ML2_MOVIELENS1M_ML206_H7_COMPACT40_FEAT16_EXPERT4_S1 exp_brief=A12_ATTN_MICRO_BEFORE_NO_BIAS_ALL_W5 phase_id=P4ML2 axis_id=N4MLV4_2 setting_id=ML206_h7_compact40_feat16_expert4 hparam_id= seed=1
desc=ML206_h7_compact40_feat16_expert4
dataset=movielens1m gpu=5 order=6
max_evals=12 tune_epochs=100 tune_patience=10
seed=267005

[COMMAND]
- /venv/FMoE/bin/python hyperopt_tune.py --config-name config --search-algo tpe --max-evals 12 --tune-epochs 100 --tune-patience 10 --seed 267005 --run-group fmoe_n4 --run-axis MovieLens_V4_SessionFixed_Portfolio_2 --run-phase P4ML2_ML2_MOVIELENS1M_ML206_H7_COMPACT40_FEAT16_EXPERT4_S1 model=featured_moe_n3_tune dataset=movielens1m eval_mode=session_fixed feature_mode=full_v4 ++eval_sampling.mode=full ++eval_sampling.auto_full_threshold=999999999 ++special_logging=true ++exclude_unseen_target_from_main_eval=true ++log_unseen_target_metrics=true gpu_id=5 log_wandb=false enable_tf32=true fmoe_debug_logging=false fmoe_diag_logging=true fmoe_special_logging=true fmoe_feature_ablation_logging=false fmoe_eval_logging_timing=final_only ++fmoe_logging_output_root="run/artifacts/logging" ++fmoe_logging_layout="axis_dataset_arch_hparam" ++fmoe_architecture_id="A12" ++fmoe_architecture_key="A12_ATTN_MICRO_BEFORE_NO_BIAS_ALL_W5" ++fmoe_hparam_id="H7" ++fmoe_phase="P4ML2" train_batch_size=3072 eval_batch_size=4096 ++phase_run_type="stage1" ++phase_axis_id="N4MLV4_2" ++phase_axis_desc="movielens_v4_session_fixed_portfolio_2" ++phase_setting_id="ML206_h7_compact40_feat16_expert4" ++phase_setting_key="ML206_h7_compact40_feat16_expert4" ++phase_hparam_id="H7" ++phase_seed_id=1 ++phase_run_id="ML2_MOVIELENS1M_ML206_H7_COMPACT40_FEAT16_EXPERT4_S1" ++layer_layout=["attn","macro_ffn","mid_ffn","attn","micro_ffn"] ++stage_compute_mode={macro:"moe",mid:"moe",micro:"moe"} ++stage_router_mode={macro:"learned",mid:"learned",micro:"learned"} ++stage_router_source={macro:"both",mid:"both",micro:"both"} ++stage_feature_injection={macro:"none",mid:"none",micro:"none"} ++topk_scope_mode="global_flat" ++moe_top_k=0 ++balance_loss_lambda=0.0 ++z_loss_lambda=6e-05 ++gate_entropy_lambda=0.0 ++route_smoothness_lambda=0.0 ++route_consistency_lambda=0.00025 ++route_sharpness_lambda=0.0 ++route_monopoly_lambda=0.0 ++route_monopoly_tau=0.25 ++route_prior_lambda=0.0 ++group_prior_align_lambda=0.0 ++factored_group_balance_lambda=0.0 ++rule_agreement_lambda=0.0 ++group_coverage_lambda=0.0 ++feature_group_bias_lambda=0.0 ++rule_bias_scale=0.0 ++primitive_balance_lambda=0.0 ++wrapper_group_feature_align_lambda=0.0 ++stage_router_primitives={macro:{a_joint:{source:"feature",temperature:1.0,top_k:0},b_group:{source:"feature",temperature:1.0,top_k:0},c_shared:{source:"feature",temperature:1.0,top_k:0},d_cond:{source:"feature",temperature:1.0,top_k:0},e_scalar:{source:"feature",temperature:1.0,top_k:0},wrapper:{alpha_d:1.0,alpha_struct:1.0,alpha_a:1.0}},mid:{a_joint:{source:"feature",temperature:1.0,top_k:0},b_group:{source:"feature",temperature:1.0,top_k:0},c_shared:{source:"feature",temperature:1.0,top_k:0},d_cond:{source:"feature",temperature:1.0,top_k:0},e_scalar:{source:"feature",temperature:1.0,top_k:0},wrapper:{alpha_d:1.0,alpha_struct:1.0,alpha_a:1.0}},micro:{a_joint:{source:"feature",temperature:1.0,top_k:0},b_group:{source:"feature",temperature:1.0,top_k:0},c_shared:{source:"feature",temperature:1.0,top_k:0},d_cond:{source:"feature",temperature:1.0,top_k:0},e_scalar:{source:"feature",temperature:1.0,top_k:0},wrapper:{alpha_d:1.0,alpha_struct:1.0,alpha_a:1.0}}} ++stage_router_wrapper={macro:"w5_exd",mid:"w5_exd",micro:"w5_exd"} ++stage_router_granularity={macro:"session",mid:"session",micro:"token"} ++macro_history_window=5 ++route_consistency_pairs=1 ++route_consistency_min_sim=0.995 ++bias_mode="none" ++stage_family_dropout_prob={macro:0.02,mid:0.02,micro:0.02} ++stage_feature_dropout_prob={macro:0.0,mid:0.0,micro:0.0} ++stage_feature_dropout_scope={macro:"token",mid:"token",micro:"token"} ++embedding_size=160 ++d_ff=320 ++d_expert_hidden=160 ++d_router_hidden=80 ++MAX_ITEM_LIST_LENGTH=40 ++d_feat_emb=16 ++expert_scale=4 ++lr_scheduler_type="warmup_cosine" ++num_heads=4 ++hidden_dropout_prob=0.17 ++attn_dropout_prob=0.1 ++weight_decay=0.00028 ++search.learning_rate=[0.00017,0.00085] ++search_space_type_overrides.learning_rate=loguniform
/venv/FMoE/lib/python3.10/site-packages/ray/_private/parameter.py:4: UserWarning: pkg_resources is deprecated as an API. See https://setuptools.pypa.io/en/latest/pkg_resources.html. The pkg_resources package is slated for removal as early as 2025-11-30. Refrain from using this package or pin to Setuptools<81.
  import pkg_resources
[RUN_STATUS] START pid=461858 ts=2026-04-17T08:00:16

=================================================================
  Hyperopt  |  FeaturedMoE_N3 x movielens1m
  max_evals=12  epochs=100  patience=10  wandb=off
  search_algo=tpe
  batch_size(train/valid/test)=3072/4096/4096
  track=fmoe_n4  axis=movielens_v4_sessionfixed_portfolio_2  phase=P4ML2_ML2_MOVIELENS1M_ML206_H7_COMPACT40_FEAT16_EXPERT4_S1
=================================================================
Changed knobs: learning_rate
Tuned params(len>1): 1  (~1 discrete combos)
Tuned groups: 1
  [optimization]
    learning_rate                   [0.00017, 0.00085]                        -> loguniform
Fixed params(singleton/non-list): 0
Fixed groups: 0
  (none)

[Wandb] disabled for this hyperopt run

[1/12] learning_rate=0.0007009
  -> MRR@20=0.085900  best=0.085900  (early_stop@58, trial=46.3min, avg=47.0min/trial, total=47.0min, ETA=8.61h)
[TRIAL_METRICS] cur_best_mrr20=0.085900 cur_best_hr10=0.211500 cur_test_mrr20=0.056200 cur_test_hr10=0.147800 run_best_mrr20=0.085900 run_best_hr10=0.211500 run_test_mrr20=0.056200 run_test_hr10=0.147800

[2/12] learning_rate=0.0004664
  -> MRR@20=0.079400  best=0.085900  (early_stop@58, trial=46.3min, avg=46.6min/trial, total=1.55h, ETA=7.77h)
[TRIAL_METRICS] cur_best_mrr20=0.079400 cur_best_hr10=0.206000 cur_test_mrr20=0.057300 cur_test_hr10=0.152900 run_best_mrr20=0.085900 run_best_hr10=0.211500 run_test_mrr20=0.056200 run_test_hr10=0.147800

[3/12] learning_rate=0.0005479
  -> MRR@20=0.081300  best=0.085900  (early_stop@58, trial=46.3min, avg=46.5min/trial, total=2.33h, ETA=6.98h)
[TRIAL_METRICS] cur_best_mrr20=0.081300 cur_best_hr10=0.211100 cur_test_mrr20=0.058200 cur_test_hr10=0.148700 run_best_mrr20=0.085900 run_best_hr10=0.211500 run_test_mrr20=0.056200 run_test_hr10=0.147800

[4/12] learning_rate=0.0005698
  -> MRR@20=0.083500  best=0.085900  (early_stop@85, trial=1.13h, avg=51.9min/trial, total=3.46h, ETA=6.92h)
[TRIAL_METRICS] cur_best_mrr20=0.083500 cur_best_hr10=0.204100 cur_test_mrr20=0.061200 cur_test_hr10=0.158900 run_best_mrr20=0.085900 run_best_hr10=0.211500 run_test_mrr20=0.056200 run_test_hr10=0.147800

[5/12] learning_rate=0.0002245
  -> MRR@20=0.070400  best=0.085900  (early_stop@69, trial=55.0min, avg=52.5min/trial, total=4.37h, ETA=6.12h)
[TRIAL_METRICS] cur_best_mrr20=0.070400 cur_best_hr10=0.199100 cur_test_mrr20=0.053200 cur_test_hr10=0.148700 run_best_mrr20=0.085900 run_best_hr10=0.211500 run_test_mrr20=0.056200 run_test_hr10=0.147800

[6/12] learning_rate=0.0007705
  -> MRR@20=0.089500  best=0.089500  (early_stop@72, trial=57.4min, avg=53.3min/trial, total=5.33h, ETA=5.33h)
[TRIAL_METRICS] cur_best_mrr20=0.089500 cur_best_hr10=0.204100 cur_test_mrr20=0.061300 cur_test_hr10=0.152400 run_best_mrr20=0.089500 run_best_hr10=0.204100 run_test_mrr20=0.061300 run_test_hr10=0.152400

[7/12] learning_rate=0.0004506
  -> MRR@20=0.078700  best=0.089500  (early_stop@58, trial=46.1min, avg=52.3min/trial, total=6.10h, ETA=4.36h)
[TRIAL_METRICS] cur_best_mrr20=0.078700 cur_best_hr10=0.207400 cur_test_mrr20=0.057300 cur_test_hr10=0.152900 run_best_mrr20=0.089500 run_best_hr10=0.204100 run_test_mrr20=0.061300 run_test_hr10=0.152400

[8/12] learning_rate=0.0002645
  -> MRR@20=0.070900  best=0.089500  (early_stop@46, trial=36.5min, avg=50.3min/trial, total=6.71h, ETA=3.35h)
[TRIAL_METRICS] cur_best_mrr20=0.070900 cur_best_hr10=0.194900 cur_test_mrr20=0.053300 cur_test_hr10=0.145900 run_best_mrr20=0.089500 run_best_hr10=0.204100 run_test_mrr20=0.061300 run_test_hr10=0.152400

[9/12] learning_rate=0.0007215
[RUN_STATUS] TERMINATED signal=SIGINT(2) pid=461858 ts=2026-04-17T15:46:30
[RUN_STATUS] END status=terminated signal=SIGINT(2) pid=461858 start=2026-04-17T08:00:16 end=2026-04-17T15:46:30
