[STAGEE_RELRSEED_ANCHOR2_CORE5_SETTING_HEADER]
run_phase=P20_SC_D01_M03_P01_DIFSR_D1_E4_S1 run_id=SC_AMAZON_BEAUTY_DIFSR_D1_E4_S1 phase_id=P20 axis_id=SC model=DIFSR profile_id=E4 parent_profile_id=D1 seed=1
dataset=amazon_beauty gpu=4 order=0 lr_band=LR4,LR6 lr_lo=0.0008403889850511409 lr_hi=0.004095014399999999
max_evals=8 tune_epochs=68 tune_patience=10
seed=200046

[COMMAND]
- /venv/FMoE/bin/python hyperopt_tune.py --config-name tune_ab --max-evals 8 --tune-epochs 68 --tune-patience 10 --seed 200046 --run-group baseline --run-axis StageE_ReLRSeed_anchor2_core5 --run-phase P20_SC_D01_M03_P01_DIFSR_D1_E4_S1 model=difsr dataset=amazon_beauty eval_mode=session_fixed feature_mode=full_v3 gpu_id=4 log_wandb=false show_progress=false ++special_logging=true ++seed=200046 ++search={learning_rate:[0.0008403889850511409,0.004095014399999999]} ++search_space_type_overrides={learning_rate:"loguniform"} ++MAX_ITEM_LIST_LENGTH=10 ++weight_decay=0.0003025000000000001 ++search.weight_decay=[0.0003025000000000001] ++search_space_type_overrides.weight_decay=choice ++search.hidden_size=[208] ++search_space_type_overrides.hidden_size=choice ++search.embedding_size=[208] ++search_space_type_overrides.embedding_size=choice ++search.n_layers=[1] ++search_space_type_overrides.n_layers=choice ++search.num_layers=[1] ++search_space_type_overrides.num_layers=choice ++search.dropout_ratio=[0.26] ++search_space_type_overrides.dropout_ratio=choice ++search.dropout_prob=[0.26] ++search_space_type_overrides.dropout_prob=choice ++search.hidden_dropout_prob=[0.26] ++search_space_type_overrides.hidden_dropout_prob=choice ++search.attn_dropout_prob=[0.26] ++search_space_type_overrides.attn_dropout_prob=choice ++search.inner_size=[416] ++search_space_type_overrides.inner_size=choice ++search.n_heads=[2] ++search_space_type_overrides.n_heads=choice ++search.num_heads=[2] ++search_space_type_overrides.num_heads=choice ++dropout_ratio=0.26 ++hidden_size=208 ++embedding_size=208 ++n_layers=1 ++num_layers=1 ++n_heads=2 ++num_heads=2 ++inner_size=416 ++attribute_hidden_size=208 ++fusion_type=gate ++use_attribute_predictor=true ++lambda_attr=0.1 ++train_batch_size=3072 ++eval_batch_size=4096
/venv/FMoE/lib/python3.10/site-packages/ray/_private/parameter.py:4: UserWarning: pkg_resources is deprecated as an API. See https://setuptools.pypa.io/en/latest/pkg_resources.html. The pkg_resources package is slated for removal as early as 2025-11-30. Refrain from using this package or pin to Setuptools<81.
  import pkg_resources
[RUN_STATUS] START pid=165906 ts=2026-04-05T10:15:43

=================================================================
  Hyperopt TPE  |  DIFSR x amazon_beauty
  max_evals=8  epochs=68  patience=10  wandb=off
  batch_size(train/valid/test)=3072/4096/4096
  track=baseline  axis=stagee_relrseed_anchor2_core5  phase=P20_SC_D01_M03_P01_DIFSR_D1_E4_S1
=================================================================
Changed knobs: MAX_ITEM_LIST_LENGTH, fusion_type, learning_rate
Tuned params(len>1): 3  (~8 discrete combos)
Tuned groups: 3
  [optimization]
    learning_rate                   [0.0008403889850511409, 0.004095014399999999]  -> loguniform
  [other]
    MAX_ITEM_LIST_LENGTH            [5, 10, 30, 50]                           -> choice
    fusion_type                     ['sum', 'gate']                           -> choice
Fixed params(singleton/non-list): 12
Fixed groups: 12
  [optimization]
    hidden_dropout_prob             0.26                                    
    weight_decay                    0.0003025000000000001                   
  [model_core]
    attn_dropout_prob               0.26                                    
    dropout_prob                    0.26                                    
    dropout_ratio                   0.26                                    
    embedding_size                  208                                     
    hidden_size                     208                                     
    inner_size                      416                                     
    num_heads                       2                                       
    num_layers                      1                                       
  [other]
    n_heads                         2                                       
    n_layers                        1                                       

[Wandb] disabled for this hyperopt run

[1/8] MAX_ITEM_LIST_LENGTH=30, fusion_type=gate, learning_rate=0.00166
  -> MRR@20=0.098200  best=0.098200  (early_stop@14, trial=3s, avg=6s/trial, total=6s, ETA=39s)
[TRIAL_METRICS] cur_best_mrr20=0.098200 cur_best_hr10=0.106200 cur_test_mrr20=0.081000 cur_test_hr10=0.096500 run_best_mrr20=0.098200 run_best_hr10=0.106200 run_test_mrr20=0.081000 run_test_hr10=0.096500

[2/8] MAX_ITEM_LIST_LENGTH=5, fusion_type=gate, learning_rate=0.002746
  -> MRR@20=0.097300  best=0.098200  (early_stop@11, trial=1s, avg=4s/trial, total=7s, ETA=22s)
[TRIAL_METRICS] cur_best_mrr20=0.097300 cur_best_hr10=0.097300 cur_test_mrr20=0.081300 cur_test_hr10=0.096500 run_best_mrr20=0.098200 run_best_hr10=0.106200 run_test_mrr20=0.081000 run_test_hr10=0.096500

[3/8] MAX_ITEM_LIST_LENGTH=5, fusion_type=sum, learning_rate=0.002443
  -> MRR@20=0.097300  best=0.098200  (early_stop@11, trial=1s, avg=3s/trial, total=9s, ETA=15s)
[TRIAL_METRICS] cur_best_mrr20=0.097300 cur_best_hr10=0.097300 cur_test_mrr20=0.079400 cur_test_hr10=0.078900 run_best_mrr20=0.098200 run_best_hr10=0.106200 run_test_mrr20=0.081000 run_test_hr10=0.096500

[4/8] MAX_ITEM_LIST_LENGTH=50, fusion_type=sum, learning_rate=0.003178
  -> MRR@20=0.098200  best=0.098200  (early_stop@11, trial=2s, avg=3s/trial, total=12s, ETA=12s)
[TRIAL_METRICS] cur_best_mrr20=0.098200 cur_best_hr10=0.106200 cur_test_mrr20=0.079500 cur_test_hr10=0.078900 run_best_mrr20=0.098200 run_best_hr10=0.106200 run_test_mrr20=0.079500 run_test_hr10=0.078900

[5/8] MAX_ITEM_LIST_LENGTH=10, fusion_type=gate, learning_rate=0.001781
  -> MRR@20=0.097300  best=0.098200  (early_stop@11, trial=2s, avg=3s/trial, total=14s, ETA=8s)
[TRIAL_METRICS] cur_best_mrr20=0.097300 cur_best_hr10=0.097300 cur_test_mrr20=0.079400 cur_test_hr10=0.078900 run_best_mrr20=0.098200 run_best_hr10=0.106200 run_test_mrr20=0.081000 run_test_hr10=0.096500

[6/8] MAX_ITEM_LIST_LENGTH=5, fusion_type=sum, learning_rate=0.002253
  -> MRR@20=0.097300  best=0.098200  (early_stop@11, trial=1s, avg=3s/trial, total=16s, ETA=5s)
[TRIAL_METRICS] cur_best_mrr20=0.097300 cur_best_hr10=0.097300 cur_test_mrr20=0.078900 cur_test_hr10=0.078900 run_best_mrr20=0.098200 run_best_hr10=0.106200 run_test_mrr20=0.081000 run_test_hr10=0.096500

[7/8] MAX_ITEM_LIST_LENGTH=30, fusion_type=gate, learning_rate=0.001781
  -> MRR@20=0.098200  best=0.098200  (early_stop@14, trial=3s, avg=3s/trial, total=19s, ETA=3s)
[TRIAL_METRICS] cur_best_mrr20=0.098200 cur_best_hr10=0.106200 cur_test_mrr20=0.080800 cur_test_hr10=0.096500 run_best_mrr20=0.098200 run_best_hr10=0.106200 run_test_mrr20=0.080800 run_test_hr10=0.096500

[8/8] MAX_ITEM_LIST_LENGTH=50, fusion_type=gate, learning_rate=0.0016
  -> MRR@20=0.097800  best=0.098200  (early_stop@13, trial=3s, avg=3s/trial, total=22s, ETA=0s)
[TRIAL_METRICS] cur_best_mrr20=0.097800 cur_best_hr10=0.097300 cur_test_mrr20=0.078900 cur_test_hr10=0.078900 run_best_mrr20=0.098200 run_best_hr10=0.106200 run_test_mrr20=0.081000 run_test_hr10=0.096500

=================================================================
  DONE  |  DIFSR x amazon_beauty
  Best MRR@20 = 0.098200  |  8/8 trials OK
  Best HR@10  = 0.106200
  Test MRR@20 = 0.081000  (best-valid checkpoint)
  Test HR@10  = 0.096500  (best-valid checkpoint)
[RUN_METRICS] best_valid_mrr20=0.098200 best_valid_hr10=0.106200 test_mrr20=0.081000 test_hr10=0.096500
  Total time: 0.4 min
  Best params:
    MAX_ITEM_LIST_LENGTH: 30
    fusion_type: gate
    learning_rate: 0.00165966
  Results -> /workspace/jy1559/FMoE/experiments/run/artifacts/results/baseline/amazon_beauty_DIFSR_p20_sc_d01_m03_p01_difsr_d1_e4_s1_20260405_101543_362324_pid165906.json
  Normal mirror -> /workspace/jy1559/FMoE/experiments/run/artifacts/results/baseline/normal/stagee_relrseed_anchor2_core5/P20/amazon_beauty/DIFSR/amazon_beauty_DIFSR_p20_sc_d01_m03_p01_difsr_d1_e4_s1_20260405_101543_362324_pid165906.json
  Special result -> /workspace/jy1559/FMoE/experiments/run/artifacts/results/baseline/special/stagee_relrseed_anchor2_core5/P20/amazon_beauty/DIFSR/amazon_beauty_DIFSR_p20_sc_d01_m03_p01_difsr_d1_e4_s1_20260405_101543_362324_pid165906_special_metrics.json
  Special log -> /workspace/jy1559/FMoE/experiments/run/artifacts/logs/baseline/special/stagee_relrseed_anchor2_core5/P20/amazon_beauty/DIFSR/amazon_beauty_DIFSR_p20_sc_d01_m03_p01_difsr_d1_e4_s1_20260405_101543_362324_pid165906_special_metrics.json
=================================================================

[RUN_STATUS] END status=normal pid=165906 start=2026-04-05T10:15:43 end=2026-04-05T10:16:05
