[FINAL_ALL_DATASETS_SETTING_HEADER]
run_phase=P14_FAD_A6_LASTFM0_03_H2_S2 exp_brief=A6_NO_BIAS phase_id=P14 axis_id=FAD setting_id=A6_NO_BIAS_H2_S2 hparam_id=H2 seed=2
desc=A6_NO_BIAS_H2_S2
dataset=lastfm0.03 gpu=2 order=58
max_evals=20 tune_epochs=100 tune_patience=10
seed=91003

[COMMAND]
- /venv/FMoE/bin/python hyperopt_tune.py --config-name config --max-evals 20 --tune-epochs 100 --tune-patience 10 --seed 91003 --run-group fmoe_n3 --run-axis Final_all_datasets --run-phase P14_FAD_A6_LASTFM0_03_H2_S2 model=featured_moe_n3_tune dataset=lastfm0.03 eval_mode=session_fixed feature_mode=full_v3 gpu_id=2 log_wandb=false enable_tf32=true fmoe_debug_logging=false fmoe_diag_logging=true fmoe_special_logging=true fmoe_feature_ablation_logging=false fmoe_eval_logging_timing=final_only ++fmoe_logging_output_root="run/artifacts/logging" ++fmoe_logging_layout="axis_dataset_arch_hparam" ++fmoe_architecture_id="A6" ++fmoe_architecture_key="A6_NO_BIAS" ++fmoe_hparam_id="H2" ++fmoe_phase="P14" MAX_ITEM_LIST_LENGTH=20 train_batch_size=4096 eval_batch_size=4096 embedding_size=160 num_heads=4 attn_dropout_prob=0.1 d_ff=320 d_feat_emb=16 d_expert_hidden=160 d_router_hidden=80 expert_scale=3 ++search.learning_rate=[0.00015,0.008] ++search.weight_decay=[5e-07] ++search.hidden_dropout_prob=[0.12] ++search.lr_scheduler_type=["warmup_cosine"] ++search_space_type_overrides.learning_rate=loguniform ++search_space_type_overrides.weight_decay=choice ++search_space_type_overrides.hidden_dropout_prob=choice ++search_space_type_overrides.lr_scheduler_type=choice ++phase_run_type="final" ++phase_axis_id="FAD" ++phase_axis_desc="final_all_datasets" ++phase_setting_id="A6_NO_BIAS_H2_S2" ++phase_setting_key="A6_NO_BIAS" ++phase_hparam_id="H2" ++phase_seed_id=2 ++phase_run_id="FAD_A6_LASTFM0_03_H2_S2" ++layer_layout=["macro","mid","micro"] ++stage_compute_mode={macro:"moe",mid:"moe",micro:"moe"} ++stage_router_mode={macro:"learned",mid:"learned",micro:"learned"} ++stage_router_source={macro:"both",mid:"both",micro:"both"} ++stage_feature_injection={macro:"none",mid:"none",micro:"none"} ++topk_scope_mode="global_flat" ++moe_top_k=0 ++balance_loss_lambda=0.0 ++z_loss_lambda=0.0002 ++gate_entropy_lambda=0.0 ++route_smoothness_lambda=0.0 ++route_consistency_lambda=0.0008 ++route_sharpness_lambda=0.0 ++route_monopoly_lambda=0.0 ++route_monopoly_tau=0.25 ++route_prior_lambda=0.0 ++group_prior_align_lambda=0.0 ++factored_group_balance_lambda=0.0 ++rule_agreement_lambda=0.0 ++group_coverage_lambda=0.0 ++feature_group_bias_lambda=0.0 ++rule_bias_scale=0.0 ++primitive_balance_lambda=0.0 ++wrapper_group_feature_align_lambda=0.0 ++stage_router_primitives={macro:{a_joint:{source:"feature",temperature:1.0,top_k:0},b_group:{source:"feature",temperature:1.0,top_k:0},c_shared:{source:"feature",temperature:1.0,top_k:0},d_cond:{source:"feature",temperature:1.0,top_k:0},e_scalar:{source:"feature",temperature:1.0,top_k:0},wrapper:{alpha_d:1.0,alpha_struct:1.0,alpha_a:1.0}},mid:{a_joint:{source:"feature",temperature:1.0,top_k:0},b_group:{source:"feature",temperature:1.0,top_k:0},c_shared:{source:"feature",temperature:1.0,top_k:0},d_cond:{source:"feature",temperature:1.0,top_k:0},e_scalar:{source:"feature",temperature:1.0,top_k:0},wrapper:{alpha_d:1.0,alpha_struct:1.0,alpha_a:1.0}},micro:{a_joint:{source:"feature",temperature:1.0,top_k:0},b_group:{source:"feature",temperature:1.0,top_k:0},c_shared:{source:"feature",temperature:1.0,top_k:0},d_cond:{source:"feature",temperature:1.0,top_k:0},e_scalar:{source:"feature",temperature:1.0,top_k:0},wrapper:{alpha_d:1.0,alpha_struct:1.0,alpha_a:1.0}}} ++stage_router_wrapper={macro:"w4_bxd",mid:"w6_bxd_plus_a",micro:"w1_flat"} ++macro_history_window=5 ++stage_router_granularity={macro:"session",mid:"session",micro:"token"} ++stage_family_dropout_prob={macro:0.1,mid:0.1,micro:0.1} ++stage_feature_dropout_prob={macro:0.0,mid:0.0,micro:0.0} ++stage_feature_dropout_scope={macro:"token",mid:"token",micro:"token"} ++route_consistency_pairs=1 ++route_consistency_min_sim=0.995 ++bias_mode="none"
/venv/FMoE/lib/python3.10/site-packages/ray/_private/parameter.py:4: UserWarning: pkg_resources is deprecated as an API. See https://setuptools.pypa.io/en/latest/pkg_resources.html. The pkg_resources package is slated for removal as early as 2025-11-30. Refrain from using this package or pin to Setuptools<81.
  import pkg_resources
[RUN_STATUS] START pid=63270 ts=2026-04-03T07:16:55

=================================================================
  Hyperopt TPE  |  FeaturedMoE_N3 x lastfm0.03
  max_evals=20  epochs=100  patience=10  wandb=off
  batch_size(train/valid/test)=4096/4096/4096
  track=fmoe_n3  axis=final_all_datasets  phase=P14_FAD_A6_LASTFM0_03_H2_S2
=================================================================
Changed knobs: learning_rate
Tuned params(len>1): 1  (~1 discrete combos)
Tuned groups: 1
  [optimization]
    learning_rate                   [0.00015, 0.008]                          -> loguniform
Fixed params(singleton/non-list): 3
Fixed groups: 3
  [optimization]
    hidden_dropout_prob             0.12                                    
    weight_decay                    5e-07                                   
  [other]
    lr_scheduler_type               warmup_cosine                           

[Wandb] disabled for this hyperopt run

[1/20] learning_rate=0.0001998
  -> MRR@20=0.232600  best=0.232600  (full@100, trial=33.7min, avg=33.8min/trial, total=33.8min, ETA=10.70h)
[TRIAL_METRICS] cur_best_mrr20=0.232600 cur_best_hr10=0.297100 cur_test_mrr20=0.237200 cur_test_hr10=0.294600 run_best_mrr20=0.232600 run_best_hr10=0.297100 run_test_mrr20=0.237200 run_test_hr10=0.294600

[2/20] learning_rate=0.001366
  -> MRR@20=0.231800  best=0.232600  (early_stop@19, trial=6.3min, avg=20.1min/trial, total=40.1min, ETA=6.02h)
[TRIAL_METRICS] cur_best_mrr20=0.231800 cur_best_hr10=0.294400 cur_test_mrr20=0.236000 cur_test_hr10=0.293800 run_best_mrr20=0.232600 run_best_hr10=0.297100 run_test_mrr20=0.237200 run_test_hr10=0.294600

[3/20] learning_rate=0.006567
  -> MRR@20=0.218400  best=0.232600  (early_stop@15, trial=5.1min, avg=15.1min/trial, total=45.2min, ETA=4.27h)
[TRIAL_METRICS] cur_best_mrr20=0.218400 cur_best_hr10=0.268100 cur_test_mrr20=0.222900 cur_test_hr10=0.269400 run_best_mrr20=0.232600 run_best_hr10=0.297100 run_test_mrr20=0.237200 run_test_hr10=0.294600

[4/20] learning_rate=0.004024
  -> MRR@20=0.220000  best=0.232600  (early_stop@15, trial=5.0min, avg=12.6min/trial, total=50.2min, ETA=3.35h)
[TRIAL_METRICS] cur_best_mrr20=0.220000 cur_best_hr10=0.282000 cur_test_mrr20=0.219400 cur_test_hr10=0.273100 run_best_mrr20=0.232600 run_best_hr10=0.297100 run_test_mrr20=0.237200 run_test_hr10=0.294600

[5/20] learning_rate=0.005096
  -> MRR@20=0.216700  best=0.232600  (early_stop@16, trial=5.3min, avg=11.1min/trial, total=55.6min, ETA=2.78h)
[TRIAL_METRICS] cur_best_mrr20=0.216700 cur_best_hr10=0.262000 cur_test_mrr20=0.217600 cur_test_hr10=0.268100 run_best_mrr20=0.232600 run_best_hr10=0.297100 run_test_mrr20=0.237200 run_test_hr10=0.294600

[6/20] learning_rate=0.001331
  -> MRR@20=0.231300  best=0.232600  (early_stop@21, trial=7.1min, avg=10.4min/trial, total=1.04h, ETA=2.44h)
[TRIAL_METRICS] cur_best_mrr20=0.231300 cur_best_hr10=0.288300 cur_test_mrr20=0.235500 cur_test_hr10=0.291200 run_best_mrr20=0.232600 run_best_hr10=0.297100 run_test_mrr20=0.237200 run_test_hr10=0.294600

[7/20] learning_rate=0.0002202
  -> MRR@20=0.235000  best=0.235000  (full@100, trial=33.5min, avg=13.7min/trial, total=1.60h, ETA=2.98h)
[TRIAL_METRICS] cur_best_mrr20=0.235000 cur_best_hr10=0.294400 cur_test_mrr20=0.238500 cur_test_hr10=0.293000 run_best_mrr20=0.235000 run_best_hr10=0.294400 run_test_mrr20=0.238500 run_test_hr10=0.293000

[8/20] learning_rate=0.0005565
  -> MRR@20=0.235700  best=0.235700  (early_stop@41, trial=13.8min, avg=13.8min/trial, total=1.83h, ETA=2.75h)
[TRIAL_METRICS] cur_best_mrr20=0.235700 cur_best_hr10=0.285700 cur_test_mrr20=0.235400 cur_test_hr10=0.282400 run_best_mrr20=0.235700 run_best_hr10=0.285700 run_test_mrr20=0.235400 run_test_hr10=0.282400

[9/20] learning_rate=0.0002555
  -> MRR@20=0.237500  best=0.237500  (early_stop@96, trial=32.1min, avg=15.8min/trial, total=2.37h, ETA=2.90h)
[TRIAL_METRICS] cur_best_mrr20=0.237500 cur_best_hr10=0.292300 cur_test_mrr20=0.239400 cur_test_hr10=0.290900 run_best_mrr20=0.237500 run_best_hr10=0.292300 run_test_mrr20=0.239400 run_test_hr10=0.290900

[10/20] learning_rate=0.0002584
  -> MRR@20=0.237400  best=0.237500  (early_stop@96, trial=31.9min, avg=17.4min/trial, total=2.90h, ETA=2.90h)
[TRIAL_METRICS] cur_best_mrr20=0.237400 cur_best_hr10=0.292100 cur_test_mrr20=0.239800 cur_test_hr10=0.290900 run_best_mrr20=0.237500 run_best_hr10=0.292300 run_test_mrr20=0.239400 run_test_hr10=0.290900

[11/20] learning_rate=0.001272
  -> MRR@20=0.231100  best=0.237500  (early_stop@21, trial=7.2min, avg=16.5min/trial, total=3.02h, ETA=2.47h)
[TRIAL_METRICS] cur_best_mrr20=0.231100 cur_best_hr10=0.288100 cur_test_mrr20=0.236100 cur_test_hr10=0.293300 run_best_mrr20=0.237500 run_best_hr10=0.292300 run_test_mrr20=0.239400 run_test_hr10=0.290900

[12/20] learning_rate=0.001306
  -> MRR@20=0.231100  best=0.237500  (early_stop@21, trial=7.0min, avg=15.7min/trial, total=3.14h, ETA=2.09h)
[TRIAL_METRICS] cur_best_mrr20=0.231100 cur_best_hr10=0.289700 cur_test_mrr20=0.236000 cur_test_hr10=0.292500 run_best_mrr20=0.237500 run_best_hr10=0.292300 run_test_mrr20=0.239400 run_test_hr10=0.290900

[13/20] learning_rate=0.003053
  -> MRR@20=0.223800  best=0.237500  (early_stop@18, trial=6.1min, avg=15.0min/trial, total=3.24h, ETA=1.74h)
[TRIAL_METRICS] cur_best_mrr20=0.223800 cur_best_hr10=0.278200 cur_test_mrr20=0.224700 cur_test_hr10=0.270700 run_best_mrr20=0.237500 run_best_hr10=0.292300 run_test_mrr20=0.239400 run_test_hr10=0.290900

[14/20] learning_rate=0.003959
  -> MRR@20=0.220700  best=0.237500  (early_stop@15, trial=5.0min, avg=14.2min/trial, total=3.32h, ETA=1.42h)
[TRIAL_METRICS] cur_best_mrr20=0.220700 cur_best_hr10=0.286200 cur_test_mrr20=0.222800 cur_test_hr10=0.275500 run_best_mrr20=0.237500 run_best_hr10=0.292300 run_test_mrr20=0.239400 run_test_hr10=0.290900

[15/20] learning_rate=0.0003162
  -> MRR@20=0.236600  best=0.237500  (early_stop@64, trial=21.7min, avg=14.7min/trial, total=3.69h, ETA=1.23h)
[TRIAL_METRICS] cur_best_mrr20=0.236600 cur_best_hr10=0.293100 cur_test_mrr20=0.238400 cur_test_hr10=0.291200 run_best_mrr20=0.237500 run_best_hr10=0.292300 run_test_mrr20=0.239400 run_test_hr10=0.290900

[16/20] learning_rate=0.002098
  -> MRR@20=0.234600  best=0.237500  (early_stop@18, trial=6.1min, avg=14.2min/trial, total=3.79h, ETA=56.8min)
[TRIAL_METRICS] cur_best_mrr20=0.234600 cur_best_hr10=0.285700 cur_test_mrr20=0.232800 cur_test_hr10=0.285300 run_best_mrr20=0.237500 run_best_hr10=0.292300 run_test_mrr20=0.239400 run_test_hr10=0.290900

[17/20] learning_rate=0.002031
  -> MRR@20=0.231900  best=0.237500  (early_stop@18, trial=6.3min, avg=13.7min/trial, total=3.89h, ETA=41.2min)
[TRIAL_METRICS] cur_best_mrr20=0.231900 cur_best_hr10=0.284900 cur_test_mrr20=0.230600 cur_test_hr10=0.283500 run_best_mrr20=0.237500 run_best_hr10=0.292300 run_test_mrr20=0.239400 run_test_hr10=0.290900

[18/20] learning_rate=0.0002325
  -> MRR@20=0.236400  best=0.237500  (full@100, trial=33.5min, avg=14.8min/trial, total=4.45h, ETA=29.7min)
[TRIAL_METRICS] cur_best_mrr20=0.236400 cur_best_hr10=0.293900 cur_test_mrr20=0.238500 cur_test_hr10=0.291700 run_best_mrr20=0.237500 run_best_hr10=0.292300 run_test_mrr20=0.239400 run_test_hr10=0.290900

[19/20] learning_rate=0.003794
  -> MRR@20=0.221600  best=0.237500  (early_stop@15, trial=4.9min, avg=14.3min/trial, total=4.53h, ETA=14.3min)
[TRIAL_METRICS] cur_best_mrr20=0.221600 cur_best_hr10=0.286200 cur_test_mrr20=0.222000 cur_test_hr10=0.280800 run_best_mrr20=0.237500 run_best_hr10=0.292300 run_test_mrr20=0.239400 run_test_hr10=0.290900

[20/20] learning_rate=0.003441
  -> MRR@20=0.224200  best=0.237500  (early_stop@15, trial=5.0min, avg=13.8min/trial, total=4.62h, ETA=0s)
[TRIAL_METRICS] cur_best_mrr20=0.224200 cur_best_hr10=0.285700 cur_test_mrr20=0.223300 cur_test_hr10=0.280600 run_best_mrr20=0.237500 run_best_hr10=0.292300 run_test_mrr20=0.239400 run_test_hr10=0.290900
[1;35mEvaluate   [0m:   0%|                                                            | 0/1 [00:00<?, ?it/s][0m[1;35mEvaluate   [0m:   0%|                                  | 0/1 [00:01<?, ?it/s, [1;33mGPU RAM: 13.32 G/23.56 G[0m][0m[1;35mEvaluate   [0m: 100%|██████████████████████████| 1/1 [00:01<00:00,  1.51s/it, [1;33mGPU RAM: 13.32 G/23.56 G[0m][0m                                                                                                    [1;35mEvaluate   [0m:   0%|                                                            | 0/1 [00:00<?, ?it/s][0m[1;35mEvaluate   [0m:   0%|                                  | 0/1 [00:01<?, ?it/s, [1;33mGPU RAM: 13.32 G/23.56 G[0m][0m[1;35mEvaluate   [0m: 100%|██████████████████████████| 1/1 [00:01<00:00,  1.54s/it, [1;33mGPU RAM: 13.32 G/23.56 G[0m][0m                                                                                                    [1;35mEvaluate   [0m:   0%|                                                            | 0/1 [00:00<?, ?it/s][0m[1;35mEvaluate   [0m:   0%|                                  | 0/1 [00:01<?, ?it/s, [1;33mGPU RAM: 13.32 G/23.56 G[0m][0m[1;35mEvaluate   [0m: 100%|██████████████████████████| 1/1 [00:01<00:00,  1.54s/it, [1;33mGPU RAM: 13.32 G/23.56 G[0m][0m                                                                                                    
=================================================================
  DONE  |  FeaturedMoE_N3 x lastfm0.03
  Best MRR@20 = 0.237500  |  20/20 trials OK
  Best HR@10  = 0.292300
  Test MRR@20 = 0.239400  (best-valid checkpoint)
  Test HR@10  = 0.290900  (best-valid checkpoint)
[RUN_METRICS] best_valid_mrr20=0.237500 best_valid_hr10=0.292300 test_mrr20=0.239400 test_hr10=0.290900
  Total time: 277.0 min
  Best params:
    learning_rate: 0.000255492
  Results -> /workspace/jy1559/FMoE/experiments/run/artifacts/results/fmoe_n3/lastfm0.03_FeaturedMoE_N3_p14_fad_a6_lastfm0_03_h2_s2_20260403_071655_547050_pid63270.json
  Normal mirror -> /workspace/jy1559/FMoE/experiments/run/artifacts/results/fmoe_n3/normal/final_all_datasets/P14/lastfm0.03/FMoEN3/lastfm0.03_FeaturedMoE_N3_p14_fad_a6_lastfm0_03_h2_s2_20260403_071655_547050_pid63270.json
  Special result -> /workspace/jy1559/FMoE/experiments/run/artifacts/results/fmoe_n3/special/final_all_datasets/P14/lastfm0.03/FMoEN3/lastfm0.03_FeaturedMoE_N3_p14_fad_a6_lastfm0_03_h2_s2_20260403_071655_547050_pid63270_special_metrics.json
  Special log -> /workspace/jy1559/FMoE/experiments/run/artifacts/logs/fmoe_n3/special/final_all_datasets/P14/lastfm0.03/FMoEN3/lastfm0.03_FeaturedMoE_N3_p14_fad_a6_lastfm0_03_h2_s2_20260403_071655_547050_pid63270_special_metrics.json
=================================================================

[RUN_STATUS] END status=normal pid=63270 start=2026-04-03T07:16:55 end=2026-04-03T11:53:57
