[FMOE_N4_CROSS_DATASET_A12_PORTFOLIO_SETTING_HEADER]
run_phase=P4XD_XD_AMAZON_BEAUTY_A08_H6_E2_COMPACT_S1 exp_brief=A12_ATTN_MICRO_BEFORE_NO_BIAS_ALL_W5 phase_id=P4XD axis_id=N4XDA12 setting_id=A08_h6_e2_compact hparam_id= seed=1
desc=A08_h6_e2_compact
dataset=amazon_beauty gpu=7 order=8
max_evals=12 tune_epochs=100 tune_patience=
seed=264007

[COMMAND]
- /venv/FMoE/bin/python hyperopt_tune.py --config-name config --search-algo tpe --max-evals 12 --tune-epochs 100 --tune-patience 6 --seed 264007 --run-group fmoe_n4 --run-axis CrossDataset_A12_Portfolio --run-phase P4XD_XD_AMAZON_BEAUTY_A08_H6_E2_COMPACT_S1 model=featured_moe_n3_tune dataset=amazon_beauty eval_mode=session_fixed feature_mode=full_v4 ++eval_sampling.mode=full ++eval_sampling.auto_full_threshold=999999999 ++special_logging=true ++exclude_unseen_target_from_main_eval=true ++log_unseen_target_metrics=true gpu_id=7 log_wandb=false enable_tf32=true fmoe_debug_logging=false fmoe_diag_logging=true fmoe_special_logging=true fmoe_feature_ablation_logging=false fmoe_eval_logging_timing=final_only ++fmoe_logging_output_root="run/artifacts/logging" ++fmoe_logging_layout="axis_dataset_arch_hparam" ++fmoe_architecture_id="A12" ++fmoe_architecture_key="A12_ATTN_MICRO_BEFORE_NO_BIAS_ALL_W5" ++fmoe_hparam_id="H6" ++fmoe_phase="P4XD" train_batch_size=4096 eval_batch_size=6144 ++phase_run_type="cross_dataset" ++phase_axis_id="N4XDA12" ++phase_axis_desc="cross_dataset_a12_portfolio" ++phase_setting_id="A08_h6_e2_compact" ++phase_setting_key="A08_h6_e2_compact" ++phase_hparam_id="H6" ++phase_seed_id=1 ++phase_run_id="XD_AMAZON_BEAUTY_A08_H6_E2_COMPACT_S1" ++layer_layout=["attn","macro_ffn","mid_ffn","attn","micro_ffn"] ++stage_compute_mode={macro:"moe",mid:"moe",micro:"moe"} ++stage_router_mode={macro:"learned",mid:"learned",micro:"learned"} ++stage_router_source={macro:"both",mid:"both",micro:"both"} ++stage_feature_injection={macro:"none",mid:"none",micro:"none"} ++topk_scope_mode="global_flat" ++moe_top_k=0 ++balance_loss_lambda=0.0 ++z_loss_lambda=0.0001 ++gate_entropy_lambda=0.0 ++route_smoothness_lambda=0.0 ++route_consistency_lambda=0.0005 ++route_sharpness_lambda=0.0 ++route_monopoly_lambda=0.0 ++route_monopoly_tau=0.25 ++route_prior_lambda=0.0 ++group_prior_align_lambda=0.0 ++factored_group_balance_lambda=0.0 ++rule_agreement_lambda=0.0 ++group_coverage_lambda=0.0 ++feature_group_bias_lambda=0.0 ++rule_bias_scale=0.0 ++primitive_balance_lambda=0.0 ++wrapper_group_feature_align_lambda=0.0 ++stage_router_primitives={macro:{a_joint:{source:"feature",temperature:1.0,top_k:0},b_group:{source:"feature",temperature:1.0,top_k:0},c_shared:{source:"feature",temperature:1.0,top_k:0},d_cond:{source:"feature",temperature:1.0,top_k:0},e_scalar:{source:"feature",temperature:1.0,top_k:0},wrapper:{alpha_d:1.0,alpha_struct:1.0,alpha_a:1.0}},mid:{a_joint:{source:"feature",temperature:1.0,top_k:0},b_group:{source:"feature",temperature:1.0,top_k:0},c_shared:{source:"feature",temperature:1.0,top_k:0},d_cond:{source:"feature",temperature:1.0,top_k:0},e_scalar:{source:"feature",temperature:1.0,top_k:0},wrapper:{alpha_d:1.0,alpha_struct:1.0,alpha_a:1.0}},micro:{a_joint:{source:"feature",temperature:1.0,top_k:0},b_group:{source:"feature",temperature:1.0,top_k:0},c_shared:{source:"feature",temperature:1.0,top_k:0},d_cond:{source:"feature",temperature:1.0,top_k:0},e_scalar:{source:"feature",temperature:1.0,top_k:0},wrapper:{alpha_d:1.0,alpha_struct:1.0,alpha_a:1.0}}} ++stage_router_wrapper={macro:"w5_exd",mid:"w5_exd",micro:"w5_exd"} ++stage_router_granularity={macro:"session",mid:"session",micro:"token"} ++macro_history_window=5 ++route_consistency_pairs=1 ++route_consistency_min_sim=0.995 ++bias_mode="none" ++stage_family_dropout_prob={macro:0.02,mid:0.02,micro:0.02} ++stage_feature_dropout_prob={macro:0.0,mid:0.0,micro:0.0} ++stage_feature_dropout_scope={macro:"token",mid:"token",micro:"token"} ++embedding_size=144 ++d_ff=288 ++d_expert_hidden=144 ++d_router_hidden=72 ++MAX_ITEM_LIST_LENGTH=20 ++d_feat_emb=12 ++expert_scale=2 ++lr_scheduler_type="warmup_cosine" ++num_heads=4 ++search.learning_rate=[0.00022,0.00075] ++search_space_type_overrides.learning_rate=loguniform ++search.hidden_dropout_prob=[0.15,0.17] ++search_space_type_overrides.hidden_dropout_prob=choice ++search.attn_dropout_prob=[0.08,0.1] ++search_space_type_overrides.attn_dropout_prob=choice ++search.weight_decay=[1.5e-06,3e-06,6e-06] ++search_space_type_overrides.weight_decay=choice ++search.d_feat_emb=[12,16] ++search_space_type_overrides.d_feat_emb=choice ++search.expert_scale=[1,2] ++search_space_type_overrides.expert_scale=choice
/venv/FMoE/lib/python3.10/site-packages/ray/_private/parameter.py:4: UserWarning: pkg_resources is deprecated as an API. See https://setuptools.pypa.io/en/latest/pkg_resources.html. The pkg_resources package is slated for removal as early as 2025-11-30. Refrain from using this package or pin to Setuptools<81.
  import pkg_resources
[RUN_STATUS] START pid=138258 ts=2026-04-15T11:12:30

=================================================================
  Hyperopt  |  FeaturedMoE_N3 x amazon_beauty
  max_evals=12  epochs=100  patience=6  wandb=off
  search_algo=tpe
  batch_size(train/valid/test)=4096/6144/6144
  track=fmoe_n4  axis=crossdataset_a12_portfolio  phase=P4XD_XD_AMAZON_BEAUTY_A08_H6_E2_COMPACT_S1
=================================================================
Changed knobs: attn_dropout_prob, d_feat_emb, expert_scale, hidden_dropout_prob, learning_rate, weight_decay
Tuned params(len>1): 6  (~48 discrete combos)
Tuned groups: 6
  [optimization]
    hidden_dropout_prob             [0.15, 0.17]                              -> choice
    learning_rate                   [0.00022, 0.00075]                        -> loguniform
    weight_decay                    [1.5e-06, 3e-06, 6e-06]                   -> choice
  [model_core]
    attn_dropout_prob               [0.08, 0.1]                               -> choice
    d_feat_emb                      [12, 16]                                  -> choice
    expert_scale                    [1, 2]                                    -> choice
Fixed params(singleton/non-list): 0
Fixed groups: 0
  (none)

[Wandb] disabled for this hyperopt run

[1/12] attn_dropout_prob=0.08, d_feat_emb=12, expert_scale=2, hidden_dropout_prob=0.17, learning_rate=0.0005357, weight_decay=3e-06
  -> MRR@20=0.059500  best=0.059500  (early_stop@51, trial=28s, avg=33s/trial, total=33s, ETA=6.1min)
[TRIAL_METRICS] cur_best_mrr20=0.059500 cur_best_hr10=0.111100 cur_test_mrr20=0.014200 cur_test_hr10=0.083300 run_best_mrr20=0.059500 run_best_hr10=0.111100 run_test_mrr20=0.014200 run_test_hr10=0.083300

[2/12] attn_dropout_prob=0.1, d_feat_emb=12, expert_scale=2, hidden_dropout_prob=0.17, learning_rate=0.0002408, weight_decay=1.5e-06
  -> MRR@20=0.015900  best=0.059500  (early_stop@7, trial=4s, avg=19s/trial, total=38s, ETA=3.1min)
[TRIAL_METRICS] cur_best_mrr20=0.015900 cur_best_hr10=0.015900 cur_test_mrr20=0.000000 cur_test_hr10=0.000000 run_best_mrr20=0.059500 run_best_hr10=0.111100 run_test_mrr20=0.014200 run_test_hr10=0.083300

[3/12] attn_dropout_prob=0.08, d_feat_emb=12, expert_scale=1, hidden_dropout_prob=0.17, learning_rate=0.00058, weight_decay=3e-06
  -> MRR@20=0.065200  best=0.065200  (early_stop@81, trial=38s, avg=25s/trial, total=1.3min, ETA=3.8min)
[TRIAL_METRICS] cur_best_mrr20=0.065200 cur_best_hr10=0.127000 cur_test_mrr20=0.017900 cur_test_hr10=0.083300 run_best_mrr20=0.065200 run_best_hr10=0.127000 run_test_mrr20=0.017900 run_test_hr10=0.083300

[4/12] attn_dropout_prob=0.08, d_feat_emb=12, expert_scale=2, hidden_dropout_prob=0.15, learning_rate=0.0006565, weight_decay=1.5e-06
  -> MRR@20=0.060800  best=0.065200  (early_stop@51, trial=27s, avg=26s/trial, total=1.7min, ETA=3.4min)
[TRIAL_METRICS] cur_best_mrr20=0.060800 cur_best_hr10=0.111100 cur_test_mrr20=0.016000 cur_test_hr10=0.055600 run_best_mrr20=0.065200 run_best_hr10=0.127000 run_test_mrr20=0.017900 run_test_hr10=0.083300

[5/12] attn_dropout_prob=0.1, d_feat_emb=16, expert_scale=2, hidden_dropout_prob=0.17, learning_rate=0.0002665, weight_decay=3e-06
  -> MRR@20=0.021200  best=0.065200  (early_stop@11, trial=6s, avg=22s/trial, total=1.8min, ETA=2.5min)
[TRIAL_METRICS] cur_best_mrr20=0.021200 cur_best_hr10=0.031700 cur_test_mrr20=0.000000 cur_test_hr10=0.000000 run_best_mrr20=0.065200 run_best_hr10=0.127000 run_test_mrr20=0.017900 run_test_hr10=0.083300

[6/12] attn_dropout_prob=0.08, d_feat_emb=12, expert_scale=1, hidden_dropout_prob=0.15, learning_rate=0.000351, weight_decay=6e-06
  -> MRR@20=0.046800  best=0.065200  (early_stop@64, trial=31s, avg=23s/trial, total=2.3min, ETA=2.3min)
[TRIAL_METRICS] cur_best_mrr20=0.046800 cur_best_hr10=0.095200 cur_test_mrr20=0.010200 cur_test_hr10=0.055600 run_best_mrr20=0.065200 run_best_hr10=0.127000 run_test_mrr20=0.017900 run_test_hr10=0.083300

[7/12] attn_dropout_prob=0.1, d_feat_emb=12, expert_scale=1, hidden_dropout_prob=0.17, learning_rate=0.0005991, weight_decay=3e-06
  -> MRR@20=0.064400  best=0.065200  (early_stop@79, trial=37s, avg=25s/trial, total=3.0min, ETA=2.1min)
[TRIAL_METRICS] cur_best_mrr20=0.064400 cur_best_hr10=0.127000 cur_test_mrr20=0.019900 cur_test_hr10=0.083300 run_best_mrr20=0.065200 run_best_hr10=0.127000 run_test_mrr20=0.017900 run_test_hr10=0.083300

[8/12] attn_dropout_prob=0.08, d_feat_emb=16, expert_scale=2, hidden_dropout_prob=0.15, learning_rate=0.0004727, weight_decay=6e-06
  -> MRR@20=0.021200  best=0.065200  (early_stop@9, trial=5s, avg=23s/trial, total=3.1min, ETA=1.5min)
[TRIAL_METRICS] cur_best_mrr20=0.021200 cur_best_hr10=0.031700 cur_test_mrr20=0.000000 cur_test_hr10=0.000000 run_best_mrr20=0.065200 run_best_hr10=0.127000 run_test_mrr20=0.017900 run_test_hr10=0.083300

[9/12] attn_dropout_prob=0.08, d_feat_emb=12, expert_scale=2, hidden_dropout_prob=0.15, learning_rate=0.000539, weight_decay=3e-06
  -> MRR@20=0.058700  best=0.065200  (early_stop@51, trial=28s, avg=23s/trial, total=3.5min, ETA=1.2min)
[TRIAL_METRICS] cur_best_mrr20=0.058700 cur_best_hr10=0.111100 cur_test_mrr20=0.014800 cur_test_hr10=0.083300 run_best_mrr20=0.065200 run_best_hr10=0.127000 run_test_mrr20=0.017900 run_test_hr10=0.083300

[10/12] attn_dropout_prob=0.08, d_feat_emb=12, expert_scale=2, hidden_dropout_prob=0.15, learning_rate=0.0002263, weight_decay=3e-06
  -> MRR@20=0.015900  best=0.065200  (early_stop@7, trial=3s, avg=21s/trial, total=3.6min, ETA=43s)
[TRIAL_METRICS] cur_best_mrr20=0.015900 cur_best_hr10=0.015900 cur_test_mrr20=0.000000 cur_test_hr10=0.000000 run_best_mrr20=0.065200 run_best_hr10=0.127000 run_test_mrr20=0.017900 run_test_hr10=0.083300

[11/12] attn_dropout_prob=0.08, d_feat_emb=12, expert_scale=2, hidden_dropout_prob=0.17, learning_rate=0.0007354, weight_decay=6e-06
  -> MRR@20=0.060800  best=0.065200  (early_stop@46, trial=25s, avg=22s/trial, total=4.0min, ETA=22s)
[TRIAL_METRICS] cur_best_mrr20=0.060800 cur_best_hr10=0.111100 cur_test_mrr20=0.013900 cur_test_hr10=0.055600 run_best_mrr20=0.065200 run_best_hr10=0.127000 run_test_mrr20=0.017900 run_test_hr10=0.083300

[12/12] attn_dropout_prob=0.1, d_feat_emb=16, expert_scale=2, hidden_dropout_prob=0.15, learning_rate=0.0002427, weight_decay=3e-06
  -> MRR@20=0.021200  best=0.065200  (early_stop@11, trial=6s, avg=21s/trial, total=4.1min, ETA=0s)
[TRIAL_METRICS] cur_best_mrr20=0.021200 cur_best_hr10=0.031700 cur_test_mrr20=0.000000 cur_test_hr10=0.000000 run_best_mrr20=0.065200 run_best_hr10=0.127000 run_test_mrr20=0.017900 run_test_hr10=0.083300
[1;35mEvaluate   [0m:   0%|                                                            | 0/1 [00:00<?, ?it/s][0m[1;35mEvaluate   [0m:   0%|                                   | 0/1 [00:00<?, ?it/s, [1;33mGPU RAM: 6.41 G/23.56 G[0m][0m                                                                                                    [1;35mEvaluate   [0m:   0%|                                                            | 0/1 [00:00<?, ?it/s][0m[1;35mEvaluate   [0m:   0%|                                   | 0/1 [00:00<?, ?it/s, [1;33mGPU RAM: 6.41 G/23.56 G[0m][0m                                                                                                    [1;35mEvaluate   [0m:   0%|                                                            | 0/1 [00:00<?, ?it/s][0m[1;35mEvaluate   [0m:   0%|                                   | 0/1 [00:00<?, ?it/s, [1;33mGPU RAM: 6.41 G/23.56 G[0m][0m                                                                                                    
=================================================================
  DONE  |  FeaturedMoE_N3 x amazon_beauty
  Best MRR@20 = 0.065200  |  12/12 trials OK
  Best HR@10  = 0.127000
  Test MRR@20 = 0.017900  (best-valid checkpoint)
  Test HR@10  = 0.083300  (best-valid checkpoint)
[RUN_METRICS] best_valid_mrr20=0.065200 best_valid_hr10=0.127000 test_mrr20=0.017900 test_hr10=0.083300
  Total time: 4.1 min
  Best params:
    attn_dropout_prob: 0.08
    d_feat_emb: 12
    expert_scale: 1
    hidden_dropout_prob: 0.17
    learning_rate: 0.00058003
    weight_decay: 3e-06
  Results -> /workspace/FeaturedMoE/experiments/run/artifacts/results/fmoe_n4/amazon_beauty_FeaturedMoE_N3_p4xd_xd_amazon_beauty_a08_h6_e2_compact_s1_20260415_111230_742337_pid138258.json
  Normal mirror -> /workspace/FeaturedMoE/experiments/run/artifacts/results/fmoe_n4/normal/crossdataset_a12_portfolio/P4XD/amazon_beauty/FMoEN3/amazon_beauty_FeaturedMoE_N3_p4xd_xd_amazon_beauty_a08_h6_e2_compact_s1_20260415_111230_742337_pid138258.json
  Special result -> /workspace/FeaturedMoE/experiments/run/artifacts/results/fmoe_n4/special/crossdataset_a12_portfolio/P4XD/amazon_beauty/FMoEN3/amazon_beauty_FeaturedMoE_N3_p4xd_xd_amazon_beauty_a08_h6_e2_compact_s1_20260415_111230_742337_pid138258_special_metrics.json
  Special log -> /workspace/FeaturedMoE/experiments/run/artifacts/logs/fmoe_n4/special/crossdataset_a12_portfolio/P4XD/amazon_beauty/FMoEN3/amazon_beauty_FeaturedMoE_N3_p4xd_xd_amazon_beauty_a08_h6_e2_compact_s1_20260415_111230_742337_pid138258_special_metrics.json
=================================================================

[RUN_STATUS] END status=normal pid=138258 start=2026-04-15T11:12:30 end=2026-04-15T11:16:38
