[RUN_STATUS] START pid=259007 ts=2026-03-08T06:14:40

=================================================================
  Hyperopt TPE  |  FeaturedMoE_ProtoX x movielens1m
  max_evals=10  epochs=25  patience=10  wandb=off
  batch_size(train/valid/test)=6144/12288/12288
  track=fmoe_protox  axis=hparam  phase=P1_fast_wide_ML1_R1_G7_C14_D03
  search.train_batch_size=[6144]
  search.eval_batch_size=[12288]
=================================================================
Changed knobs: balance_loss_lambda, hidden_dropout_prob, learning_rate, proto_entropy_lambda, proto_usage_lambda, weight_decay
Tuned params(len>1): 6  (~19208 discrete combos)
Tuned groups: 6
  [optimization]
    balance_loss_lambda             [0.001, 0.003, 0.01, 0.03, 0.05, 0.1, 0.2]  -> choice
    hidden_dropout_prob             [0.0, 0.05, 0.1, 0.15, 0.2, 0.25, 0.3]    -> choice
    learning_rate                   [5e-05, 0.05]                             -> loguniform
    weight_decay                    [0.0, 1e-07, 1e-06, 1e-05, 0.0001, 0.0005, 0.001, 0.005]  -> choice
  [merge_hir]
    proto_entropy_lambda            [0.0, 1e-05, 0.0001, 0.0003, 0.001, 0.003, 0.01]  -> choice
    proto_usage_lambda              [0.0, 1e-05, 0.0001, 0.0003, 0.001, 0.003, 0.01]  -> choice
Fixed params(singleton/non-list): 32
Fixed groups: 32
  [optimization]
    eval_batch_size                 12288                                   
    train_batch_size                6144                                    
  [model_core]
    d_expert_hidden                 192                                     
    d_feat_emb                      16                                      
    d_router_hidden                 96                                      
    embedding_size                  160                                     
    expert_scale                    3                                       
    micro_router_feature_dropout    0.1                                     
    mid_router_feature_dropout      0.1                                     
    num_heads                       8                                       
  [routing_moe]
    macro_router_temperature        1.0                                     
    micro_router_temperature        1.3                                     
    mid_router_temperature          1.3                                     
    moe_top_k                       0                                       
    proto_router_use_feature        True                                    
    proto_router_use_hidden         True                                    
  [schedule]
    proto_temperature_start         0.9                                     
  [merge_hir]
    proto_dim                       64                                      
    proto_num                       8                                       
    proto_pooling                   query                                   
    proto_temperature_end           0.7                                     
    proto_top_k                     2                                       
    protox_global_post_layers       0                                       
    protox_global_pre_layers        1                                       
    protox_macro_pre_layers         1                                       
    protox_micro_pre_layers         0                                       
    protox_mid_pre_layers           1                                       
    protox_stage_merge_mode         parallel_weighted                       
    stage_delta_scale               2.0                                     
    stage_weight_floor              0.1                                     
  [other]
    MAX_ITEM_LIST_LENGTH            10                                      
    use_valid_ratio_gating          True                                    

[Wandb] disabled for this hyperopt run

[1/10] balance_loss_lambda=0.05, hidden_dropout_prob=0.1, learning_rate=0.03904, proto_entropy_lambda=0.001, proto_usage_lambda=0.0003, weight_decay=1e-05
    [Device] CUDA_VISIBLE_DEVICES=7 | torch_device=cuda:0 (NVIDIA RTX A5000)
    [DataCache] save_dataset=True save_dataloaders=False | checkpoint_dir=saved/recbole_cache/movielens1m_feature_added_session_len10 | dataloaders_save_path=saved/recbole_cache/movielens1m_feature_added_session_len10/movielens1m-for-dataloader.pth
    [DataPrep] cache_hit=disk_or_build, create_dataset=0.11s, data_preparation=0.68s, n_items=3534
  -> MRR@20=0.0579  best=0.0579  (full@25, trial=7.2min, avg=7.3min/trial, total=7.3min, ETA=1.09h)

[2/10] balance_loss_lambda=0.01, hidden_dropout_prob=0.25, learning_rate=0.001995, proto_entropy_lambda=0, proto_usage_lambda=0.01, weight_decay=0
    [Device] CUDA_VISIBLE_DEVICES=7 | torch_device=cuda:0 (NVIDIA RTX A5000)
    [DataCache] save_dataset=True save_dataloaders=False | checkpoint_dir=saved/recbole_cache/movielens1m_feature_added_session_len10 | dataloaders_save_path=saved/recbole_cache/movielens1m_feature_added_session_len10/movielens1m-for-dataloader.pth
    [DataPrep] cache_hit=memory, create_dataset=0.00s, data_preparation=0.00s, n_items=3534
  -> MRR@20=0.0699  best=0.0699  (full@25, trial=7.2min, avg=7.2min/trial, total=14.5min, ETA=57.9min)

[3/10] balance_loss_lambda=0.03, hidden_dropout_prob=0.3, learning_rate=0.002274, proto_entropy_lambda=1e-05, proto_usage_lambda=0.001, weight_decay=0
    [Device] CUDA_VISIBLE_DEVICES=7 | torch_device=cuda:0 (NVIDIA RTX A5000)
    [DataCache] save_dataset=True save_dataloaders=False | checkpoint_dir=saved/recbole_cache/movielens1m_feature_added_session_len10 | dataloaders_save_path=saved/recbole_cache/movielens1m_feature_added_session_len10/movielens1m-for-dataloader.pth
    [DataPrep] cache_hit=memory, create_dataset=0.00s, data_preparation=0.00s, n_items=3534
  -> MRR@20=0.0699  best=0.0699  (full@25, trial=7.2min, avg=7.2min/trial, total=21.7min, ETA=50.6min)

[4/10] balance_loss_lambda=0.2, hidden_dropout_prob=0.3, learning_rate=0.001606, proto_entropy_lambda=0.001, proto_usage_lambda=0.0003, weight_decay=0.0001
    [Device] CUDA_VISIBLE_DEVICES=7 | torch_device=cuda:0 (NVIDIA RTX A5000)
    [DataCache] save_dataset=True save_dataloaders=False | checkpoint_dir=saved/recbole_cache/movielens1m_feature_added_session_len10 | dataloaders_save_path=saved/recbole_cache/movielens1m_feature_added_session_len10/movielens1m-for-dataloader.pth
    [DataPrep] cache_hit=memory, create_dataset=0.00s, data_preparation=0.00s, n_items=3534
  -> MRR@20=0.0645  best=0.0699  (full@25, trial=7.2min, avg=7.2min/trial, total=28.9min, ETA=43.4min)

[5/10] balance_loss_lambda=0.2, hidden_dropout_prob=0, learning_rate=0.0002367, proto_entropy_lambda=0.001, proto_usage_lambda=0.001, weight_decay=0
    [Device] CUDA_VISIBLE_DEVICES=7 | torch_device=cuda:0 (NVIDIA RTX A5000)
    [DataCache] save_dataset=True save_dataloaders=False | checkpoint_dir=saved/recbole_cache/movielens1m_feature_added_session_len10 | dataloaders_save_path=saved/recbole_cache/movielens1m_feature_added_session_len10/movielens1m-for-dataloader.pth
    [DataPrep] cache_hit=memory, create_dataset=0.00s, data_preparation=0.00s, n_items=3534
  -> MRR@20=0.0711  best=0.0711  (full@25, trial=6.6min, avg=7.1min/trial, total=35.5min, ETA=35.5min)

[6/10] balance_loss_lambda=0.1, hidden_dropout_prob=0.3, learning_rate=0.02246, proto_entropy_lambda=1e-05, proto_usage_lambda=0, weight_decay=0.0001
    [Device] CUDA_VISIBLE_DEVICES=7 | torch_device=cuda:0 (NVIDIA RTX A5000)
    [DataCache] save_dataset=True save_dataloaders=False | checkpoint_dir=saved/recbole_cache/movielens1m_feature_added_session_len10 | dataloaders_save_path=saved/recbole_cache/movielens1m_feature_added_session_len10/movielens1m-for-dataloader.pth
    [DataPrep] cache_hit=memory, create_dataset=0.00s, data_preparation=0.00s, n_items=3534
  -> MRR@20=0.0590  best=0.0711  (full@25, trial=7.2min, avg=7.1min/trial, total=42.7min, ETA=28.5min)

[7/10] balance_loss_lambda=0.1, hidden_dropout_prob=0.15, learning_rate=0.01014, proto_entropy_lambda=0.0003, proto_usage_lambda=1e-05, weight_decay=1e-06
    [Device] CUDA_VISIBLE_DEVICES=7 | torch_device=cuda:0 (NVIDIA RTX A5000)
    [DataCache] save_dataset=True save_dataloaders=False | checkpoint_dir=saved/recbole_cache/movielens1m_feature_added_session_len10 | dataloaders_save_path=saved/recbole_cache/movielens1m_feature_added_session_len10/movielens1m-for-dataloader.pth
    [DataPrep] cache_hit=memory, create_dataset=0.00s, data_preparation=0.00s, n_items=3534
  -> MRR@20=0.0711  best=0.0711  (full@25, trial=7.2min, avg=7.1min/trial, total=50.0min, ETA=21.4min)

[8/10] balance_loss_lambda=0.03, hidden_dropout_prob=0.3, learning_rate=0.000269, proto_entropy_lambda=0.003, proto_usage_lambda=0.001, weight_decay=0
    [Device] CUDA_VISIBLE_DEVICES=7 | torch_device=cuda:0 (NVIDIA RTX A5000)
    [DataCache] save_dataset=True save_dataloaders=False | checkpoint_dir=saved/recbole_cache/movielens1m_feature_added_session_len10 | dataloaders_save_path=saved/recbole_cache/movielens1m_feature_added_session_len10/movielens1m-for-dataloader.pth
    [DataPrep] cache_hit=memory, create_dataset=0.00s, data_preparation=0.00s, n_items=3534
  -> MRR@20=0.0599  best=0.0711  (full@25, trial=7.2min, avg=7.1min/trial, total=57.2min, ETA=14.3min)

[9/10] balance_loss_lambda=0.2, hidden_dropout_prob=0.15, learning_rate=0.001842, proto_entropy_lambda=0.003, proto_usage_lambda=0.001, weight_decay=0.005
    [Device] CUDA_VISIBLE_DEVICES=7 | torch_device=cuda:0 (NVIDIA RTX A5000)
    [DataCache] save_dataset=True save_dataloaders=False | checkpoint_dir=saved/recbole_cache/movielens1m_feature_added_session_len10 | dataloaders_save_path=saved/recbole_cache/movielens1m_feature_added_session_len10/movielens1m-for-dataloader.pth
    [DataPrep] cache_hit=memory, create_dataset=0.00s, data_preparation=0.00s, n_items=3534
  -> MRR@20=0.0464  best=0.0711  (full@25, trial=7.2min, avg=7.2min/trial, total=1.07h, ETA=7.2min)

[10/10] balance_loss_lambda=0.003, hidden_dropout_prob=0.3, learning_rate=0.002735, proto_entropy_lambda=1e-05, proto_usage_lambda=0, weight_decay=0.005
    [Device] CUDA_VISIBLE_DEVICES=7 | torch_device=cuda:0 (NVIDIA RTX A5000)
    [DataCache] save_dataset=True save_dataloaders=False | checkpoint_dir=saved/recbole_cache/movielens1m_feature_added_session_len10 | dataloaders_save_path=saved/recbole_cache/movielens1m_feature_added_session_len10/movielens1m-for-dataloader.pth
    [DataPrep] cache_hit=memory, create_dataset=0.00s, data_preparation=0.00s, n_items=3534
  -> MRR@20=0.0455  best=0.0711  (full@25, trial=7.2min, avg=7.2min/trial, total=1.19h, ETA=0s)

=================================================================
  DONE  |  FeaturedMoE_ProtoX x movielens1m
  Best MRR@20 = 0.0711  |  10/10 trials OK
  Total time: 71.6 min
  Best params:
    balance_loss_lambda: 0.2
    hidden_dropout_prob: 0
    learning_rate: 0.00023668
    proto_entropy_lambda: 0.001
    proto_usage_lambda: 0.001
    weight_decay: 0
  Results -> /workspace/jy1559/FMoE/experiments/run/artifacts/results/fmoe_protox/movielens1m_FeaturedMoE_ProtoX_p1_fast_wide_ml1_r1_g7_c14_d03_20260308_061440_842027_pid259007.json
=================================================================

[RUN_STATUS] END status=normal pid=259007 start=2026-03-08T06:14:40 end=2026-03-08T07:26:14
