[RUN_STATUS] START pid=224843 ts=2026-03-07T16:47:36

=================================================================
  Hyperopt TPE  |  FeaturedMoE_ProtoX x movielens1m
  max_evals=10  epochs=25  patience=10  wandb=off
  batch_size(train/valid/test)=6144/12288/12288
  track=fmoe_protox  axis=hparam  phase=P1_fast_wide_ML1_R1_G6_C01_L00
  search.train_batch_size=[6144]
  search.eval_batch_size=[12288]
=================================================================
Changed knobs: balance_loss_lambda, hidden_dropout_prob, learning_rate, proto_entropy_lambda, proto_usage_lambda, weight_decay
Tuned params(len>1): 6  (~19208 discrete combos)
Tuned groups: 6
  [optimization]
    balance_loss_lambda             [0.001, 0.003, 0.01, 0.03, 0.05, 0.1, 0.2]  -> choice
    hidden_dropout_prob             [0.0, 0.05, 0.1, 0.15, 0.2, 0.25, 0.3]    -> choice
    learning_rate                   [5e-05, 0.05]                             -> loguniform
    weight_decay                    [0.0, 1e-07, 1e-06, 1e-05, 0.0001, 0.0005, 0.001, 0.005]  -> choice
  [merge_hir]
    proto_entropy_lambda            [0.0, 1e-05, 0.0001, 0.0003, 0.001, 0.003, 0.01]  -> choice
    proto_usage_lambda              [0.0, 1e-05, 0.0001, 0.0003, 0.001, 0.003, 0.01]  -> choice
Fixed params(singleton/non-list): 32
Fixed groups: 32
  [optimization]
    eval_batch_size                 12288                                   
    train_batch_size                6144                                    
  [model_core]
    d_expert_hidden                 160                                     
    d_feat_emb                      16                                      
    d_router_hidden                 80                                      
    embedding_size                  160                                     
    expert_scale                    3                                       
    micro_router_feature_dropout    0.1                                     
    mid_router_feature_dropout      0.1                                     
    num_heads                       8                                       
  [routing_moe]
    macro_router_temperature        1.0                                     
    micro_router_temperature        1.3                                     
    mid_router_temperature          1.3                                     
    moe_top_k                       0                                       
    proto_router_use_feature        True                                    
    proto_router_use_hidden         True                                    
  [schedule]
    proto_temperature_start         1.2                                     
  [merge_hir]
    proto_dim                       48                                      
    proto_num                       8                                       
    proto_pooling                   query                                   
    proto_temperature_end           1.0                                     
    proto_top_k                     0                                       
    protox_global_post_layers       0                                       
    protox_global_pre_layers        0                                       
    protox_macro_pre_layers         0                                       
    protox_micro_pre_layers         0                                       
    protox_mid_pre_layers           0                                       
    protox_stage_merge_mode         serial_weighted                         
    stage_delta_scale               1.0                                     
    stage_weight_floor              0.0                                     
  [other]
    MAX_ITEM_LIST_LENGTH            10                                      
    use_valid_ratio_gating          True                                    

[Wandb] disabled for this hyperopt run

[1/10] balance_loss_lambda=0.03, hidden_dropout_prob=0.15, learning_rate=0.02012, proto_entropy_lambda=0.001, proto_usage_lambda=0.01, weight_decay=0
    [Device] CUDA_VISIBLE_DEVICES=6 | torch_device=cuda:0 (NVIDIA RTX A5000)
    [DataCache] save_dataset=True save_dataloaders=False | checkpoint_dir=saved/recbole_cache/movielens1m_feature_added_session_len10 | dataloaders_save_path=saved/recbole_cache/movielens1m_feature_added_session_len10/movielens1m-for-dataloader.pth
    [DataPrep] cache_hit=disk_or_build, create_dataset=0.11s, data_preparation=0.67s, n_items=3534
  -> MRR@20=0.0651  best=0.0651  (full@25, trial=5.7min, avg=5.8min/trial, total=5.8min, ETA=51.8min)

[2/10] balance_loss_lambda=0.03, hidden_dropout_prob=0.15, learning_rate=0.0003289, proto_entropy_lambda=0.003, proto_usage_lambda=0, weight_decay=1e-07
    [Device] CUDA_VISIBLE_DEVICES=6 | torch_device=cuda:0 (NVIDIA RTX A5000)
    [DataCache] save_dataset=True save_dataloaders=False | checkpoint_dir=saved/recbole_cache/movielens1m_feature_added_session_len10 | dataloaders_save_path=saved/recbole_cache/movielens1m_feature_added_session_len10/movielens1m-for-dataloader.pth
    [DataPrep] cache_hit=memory, create_dataset=0.00s, data_preparation=0.00s, n_items=3534
  -> MRR@20=0.0611  best=0.0651  (full@25, trial=5.8min, avg=5.8min/trial, total=11.6min, ETA=46.4min)

[3/10] balance_loss_lambda=0.001, hidden_dropout_prob=0.2, learning_rate=0.03798, proto_entropy_lambda=0, proto_usage_lambda=0.003, weight_decay=0.005
    [Device] CUDA_VISIBLE_DEVICES=6 | torch_device=cuda:0 (NVIDIA RTX A5000)
    [DataCache] save_dataset=True save_dataloaders=False | checkpoint_dir=saved/recbole_cache/movielens1m_feature_added_session_len10 | dataloaders_save_path=saved/recbole_cache/movielens1m_feature_added_session_len10/movielens1m-for-dataloader.pth
    [DataPrep] cache_hit=memory, create_dataset=0.00s, data_preparation=0.00s, n_items=3534
  -> MRR@20=0.0329  best=0.0651  (early_stop@13, trial=3.0min, avg=4.9min/trial, total=14.6min, ETA=34.1min)

[4/10] balance_loss_lambda=0.2, hidden_dropout_prob=0.1, learning_rate=0.0002192, proto_entropy_lambda=0.0001, proto_usage_lambda=1e-05, weight_decay=1e-05
    [Device] CUDA_VISIBLE_DEVICES=6 | torch_device=cuda:0 (NVIDIA RTX A5000)
    [DataCache] save_dataset=True save_dataloaders=False | checkpoint_dir=saved/recbole_cache/movielens1m_feature_added_session_len10 | dataloaders_save_path=saved/recbole_cache/movielens1m_feature_added_session_len10/movielens1m-for-dataloader.pth
    [DataPrep] cache_hit=memory, create_dataset=0.00s, data_preparation=0.00s, n_items=3534
  -> MRR@20=0.0584  best=0.0651  (full@25, trial=5.9min, avg=5.1min/trial, total=20.5min, ETA=30.8min)

[5/10] balance_loss_lambda=0.2, hidden_dropout_prob=0.1, learning_rate=0.01485, proto_entropy_lambda=0.003, proto_usage_lambda=0.003, weight_decay=0.005
    [Device] CUDA_VISIBLE_DEVICES=6 | torch_device=cuda:0 (NVIDIA RTX A5000)
    [DataCache] save_dataset=True save_dataloaders=False | checkpoint_dir=saved/recbole_cache/movielens1m_feature_added_session_len10 | dataloaders_save_path=saved/recbole_cache/movielens1m_feature_added_session_len10/movielens1m-for-dataloader.pth
    [DataPrep] cache_hit=memory, create_dataset=0.00s, data_preparation=0.00s, n_items=3534
  -> MRR@20=0.0392  best=0.0651  (full@25, trial=5.9min, avg=5.3min/trial, total=26.4min, ETA=26.4min)

[6/10] balance_loss_lambda=0.003, hidden_dropout_prob=0.25, learning_rate=0.0006726, proto_entropy_lambda=0.01, proto_usage_lambda=0, weight_decay=1e-05
    [Device] CUDA_VISIBLE_DEVICES=6 | torch_device=cuda:0 (NVIDIA RTX A5000)
    [DataCache] save_dataset=True save_dataloaders=False | checkpoint_dir=saved/recbole_cache/movielens1m_feature_added_session_len10 | dataloaders_save_path=saved/recbole_cache/movielens1m_feature_added_session_len10/movielens1m-for-dataloader.pth
    [DataPrep] cache_hit=memory, create_dataset=0.00s, data_preparation=0.00s, n_items=3534
  -> MRR@20=0.0624  best=0.0651  (full@25, trial=5.9min, avg=5.4min/trial, total=32.2min, ETA=21.5min)

[7/10] balance_loss_lambda=0.2, hidden_dropout_prob=0.15, learning_rate=0.006207, proto_entropy_lambda=0.0001, proto_usage_lambda=0.0003, weight_decay=1e-07
    [Device] CUDA_VISIBLE_DEVICES=6 | torch_device=cuda:0 (NVIDIA RTX A5000)
    [DataCache] save_dataset=True save_dataloaders=False | checkpoint_dir=saved/recbole_cache/movielens1m_feature_added_session_len10 | dataloaders_save_path=saved/recbole_cache/movielens1m_feature_added_session_len10/movielens1m-for-dataloader.pth
    [DataPrep] cache_hit=memory, create_dataset=0.00s, data_preparation=0.00s, n_items=3534
  -> MRR@20=0.0659  best=0.0659  (full@25, trial=5.8min, avg=5.4min/trial, total=38.1min, ETA=16.3min)

[8/10] balance_loss_lambda=0.2, hidden_dropout_prob=0, learning_rate=0.007671, proto_entropy_lambda=0.01, proto_usage_lambda=0.0001, weight_decay=0
    [Device] CUDA_VISIBLE_DEVICES=6 | torch_device=cuda:0 (NVIDIA RTX A5000)
    [DataCache] save_dataset=True save_dataloaders=False | checkpoint_dir=saved/recbole_cache/movielens1m_feature_added_session_len10 | dataloaders_save_path=saved/recbole_cache/movielens1m_feature_added_session_len10/movielens1m-for-dataloader.pth
    [DataPrep] cache_hit=memory, create_dataset=0.00s, data_preparation=0.00s, n_items=3534
  -> MRR@20=0.0626  best=0.0659  (early_stop@16, trial=3.5min, avg=5.2min/trial, total=41.6min, ETA=10.4min)

[9/10] balance_loss_lambda=0.001, hidden_dropout_prob=0.3, learning_rate=0.0001449, proto_entropy_lambda=0.001, proto_usage_lambda=0.01, weight_decay=0.005
    [Device] CUDA_VISIBLE_DEVICES=6 | torch_device=cuda:0 (NVIDIA RTX A5000)
    [DataCache] save_dataset=True save_dataloaders=False | checkpoint_dir=saved/recbole_cache/movielens1m_feature_added_session_len10 | dataloaders_save_path=saved/recbole_cache/movielens1m_feature_added_session_len10/movielens1m-for-dataloader.pth
    [DataPrep] cache_hit=memory, create_dataset=0.00s, data_preparation=0.00s, n_items=3534
  -> MRR@20=0.0426  best=0.0659  (full@25, trial=5.8min, avg=5.3min/trial, total=47.4min, ETA=5.3min)

[10/10] balance_loss_lambda=0.01, hidden_dropout_prob=0.2, learning_rate=0.04689, proto_entropy_lambda=0.003, proto_usage_lambda=0.0001, weight_decay=1e-07
    [Device] CUDA_VISIBLE_DEVICES=6 | torch_device=cuda:0 (NVIDIA RTX A5000)
    [DataCache] save_dataset=True save_dataloaders=False | checkpoint_dir=saved/recbole_cache/movielens1m_feature_added_session_len10 | dataloaders_save_path=saved/recbole_cache/movielens1m_feature_added_session_len10/movielens1m-for-dataloader.pth
    [DataPrep] cache_hit=memory, create_dataset=0.00s, data_preparation=0.00s, n_items=3534
  -> MRR@20=0.0680  best=0.0680  (full@25, trial=5.8min, avg=5.3min/trial, total=53.2min, ETA=0s)

=================================================================
  DONE  |  FeaturedMoE_ProtoX x movielens1m
  Best MRR@20 = 0.0680  |  10/10 trials OK
  Total time: 53.2 min
  Best params:
    balance_loss_lambda: 0.01
    hidden_dropout_prob: 0.2
    learning_rate: 0.0468939
    proto_entropy_lambda: 0.003
    proto_usage_lambda: 0.0001
    weight_decay: 1e-07
  Results -> /workspace/jy1559/FMoE/experiments/run/artifacts/results/fmoe_protox/movielens1m_FeaturedMoE_ProtoX_p1_fast_wide_ml1_r1_g6_c01_l00_20260307_164736_331071_pid224843.json
=================================================================

[RUN_STATUS] END status=normal pid=224843 start=2026-03-07T16:47:36 end=2026-03-07T17:40:48
