[RUN_STATUS] START pid=259700 ts=2026-03-08T06:22:03

=================================================================
  Hyperopt TPE  |  FeaturedMoE_ProtoX x movielens1m
  max_evals=10  epochs=25  patience=10  wandb=off
  batch_size(train/valid/test)=6144/12288/12288
  track=fmoe_protox  axis=hparam  phase=P1_fast_wide_ML1_R1_G5_C14_D03
  search.train_batch_size=[6144]
  search.eval_batch_size=[12288]
=================================================================
Changed knobs: balance_loss_lambda, hidden_dropout_prob, learning_rate, proto_entropy_lambda, proto_usage_lambda, weight_decay
Tuned params(len>1): 6  (~19208 discrete combos)
Tuned groups: 6
  [optimization]
    balance_loss_lambda             [0.001, 0.003, 0.01, 0.03, 0.05, 0.1, 0.2]  -> choice
    hidden_dropout_prob             [0.0, 0.05, 0.1, 0.15, 0.2, 0.25, 0.3]    -> choice
    learning_rate                   [5e-05, 0.05]                             -> loguniform
    weight_decay                    [0.0, 1e-07, 1e-06, 1e-05, 0.0001, 0.0005, 0.001, 0.005]  -> choice
  [merge_hir]
    proto_entropy_lambda            [0.0, 1e-05, 0.0001, 0.0003, 0.001, 0.003, 0.01]  -> choice
    proto_usage_lambda              [0.0, 1e-05, 0.0001, 0.0003, 0.001, 0.003, 0.01]  -> choice
Fixed params(singleton/non-list): 32
Fixed groups: 32
  [optimization]
    eval_batch_size                 12288                                   
    train_batch_size                6144                                    
  [model_core]
    d_expert_hidden                 192                                     
    d_feat_emb                      16                                      
    d_router_hidden                 96                                      
    embedding_size                  160                                     
    expert_scale                    3                                       
    micro_router_feature_dropout    0.1                                     
    mid_router_feature_dropout      0.1                                     
    num_heads                       8                                       
  [routing_moe]
    macro_router_temperature        1.0                                     
    micro_router_temperature        1.3                                     
    mid_router_temperature          1.3                                     
    moe_top_k                       0                                       
    proto_router_use_feature        True                                    
    proto_router_use_hidden         True                                    
  [schedule]
    proto_temperature_start         0.9                                     
  [merge_hir]
    proto_dim                       64                                      
    proto_num                       8                                       
    proto_pooling                   query                                   
    proto_temperature_end           0.7                                     
    proto_top_k                     2                                       
    protox_global_post_layers       0                                       
    protox_global_pre_layers        1                                       
    protox_macro_pre_layers         1                                       
    protox_micro_pre_layers         0                                       
    protox_mid_pre_layers           1                                       
    protox_stage_merge_mode         parallel_weighted                       
    stage_delta_scale               2.0                                     
    stage_weight_floor              0.1                                     
  [other]
    MAX_ITEM_LIST_LENGTH            10                                      
    use_valid_ratio_gating          True                                    

[Wandb] disabled for this hyperopt run

[1/10] balance_loss_lambda=0.01, hidden_dropout_prob=0.15, learning_rate=6.278e-05, proto_entropy_lambda=0.001, proto_usage_lambda=0.0003, weight_decay=0.0001
    [Device] CUDA_VISIBLE_DEVICES=5 | torch_device=cuda:0 (NVIDIA RTX A5000)
    [DataCache] save_dataset=True save_dataloaders=False | checkpoint_dir=saved/recbole_cache/movielens1m_feature_added_session_len10 | dataloaders_save_path=saved/recbole_cache/movielens1m_feature_added_session_len10/movielens1m-for-dataloader.pth
    [DataPrep] cache_hit=disk_or_build, create_dataset=0.11s, data_preparation=0.69s, n_items=3534
  -> MRR@20=0.0444  best=0.0444  (full@25, trial=7.4min, avg=7.4min/trial, total=7.4min, ETA=1.11h)

[2/10] balance_loss_lambda=0.05, hidden_dropout_prob=0.25, learning_rate=0.0007826, proto_entropy_lambda=0, proto_usage_lambda=1e-05, weight_decay=1e-07
    [Device] CUDA_VISIBLE_DEVICES=5 | torch_device=cuda:0 (NVIDIA RTX A5000)
    [DataCache] save_dataset=True save_dataloaders=False | checkpoint_dir=saved/recbole_cache/movielens1m_feature_added_session_len10 | dataloaders_save_path=saved/recbole_cache/movielens1m_feature_added_session_len10/movielens1m-for-dataloader.pth
    [DataPrep] cache_hit=memory, create_dataset=0.00s, data_preparation=0.00s, n_items=3534
  -> MRR@20=0.0692  best=0.0692  (full@25, trial=7.4min, avg=7.4min/trial, total=14.8min, ETA=59.3min)

[3/10] balance_loss_lambda=0.01, hidden_dropout_prob=0.25, learning_rate=0.0001628, proto_entropy_lambda=0.001, proto_usage_lambda=0.0003, weight_decay=0.0005
    [Device] CUDA_VISIBLE_DEVICES=5 | torch_device=cuda:0 (NVIDIA RTX A5000)
    [DataCache] save_dataset=True save_dataloaders=False | checkpoint_dir=saved/recbole_cache/movielens1m_feature_added_session_len10 | dataloaders_save_path=saved/recbole_cache/movielens1m_feature_added_session_len10/movielens1m-for-dataloader.pth
    [DataPrep] cache_hit=memory, create_dataset=0.00s, data_preparation=0.00s, n_items=3534
  -> MRR@20=0.0505  best=0.0692  (full@25, trial=7.4min, avg=7.4min/trial, total=22.2min, ETA=51.8min)

[4/10] balance_loss_lambda=0.01, hidden_dropout_prob=0, learning_rate=0.0001229, proto_entropy_lambda=1e-05, proto_usage_lambda=0, weight_decay=0.005
    [Device] CUDA_VISIBLE_DEVICES=5 | torch_device=cuda:0 (NVIDIA RTX A5000)
    [DataCache] save_dataset=True save_dataloaders=False | checkpoint_dir=saved/recbole_cache/movielens1m_feature_added_session_len10 | dataloaders_save_path=saved/recbole_cache/movielens1m_feature_added_session_len10/movielens1m-for-dataloader.pth
    [DataPrep] cache_hit=memory, create_dataset=0.00s, data_preparation=0.00s, n_items=3534
  -> MRR@20=0.0448  best=0.0692  (full@25, trial=6.8min, avg=7.3min/trial, total=29.0min, ETA=43.6min)

[5/10] balance_loss_lambda=0.03, hidden_dropout_prob=0.05, learning_rate=0.004217, proto_entropy_lambda=0.0001, proto_usage_lambda=0.003, weight_decay=0.0005
    [Device] CUDA_VISIBLE_DEVICES=5 | torch_device=cuda:0 (NVIDIA RTX A5000)
    [DataCache] save_dataset=True save_dataloaders=False | checkpoint_dir=saved/recbole_cache/movielens1m_feature_added_session_len10 | dataloaders_save_path=saved/recbole_cache/movielens1m_feature_added_session_len10/movielens1m-for-dataloader.pth
    [DataPrep] cache_hit=memory, create_dataset=0.00s, data_preparation=0.00s, n_items=3534
  -> MRR@20=0.0680  best=0.0692  (full@25, trial=7.4min, avg=7.3min/trial, total=36.4min, ETA=36.4min)

[6/10] balance_loss_lambda=0.001, hidden_dropout_prob=0.3, learning_rate=0.0001659, proto_entropy_lambda=0.0001, proto_usage_lambda=0, weight_decay=0
    [Device] CUDA_VISIBLE_DEVICES=5 | torch_device=cuda:0 (NVIDIA RTX A5000)
    [DataCache] save_dataset=True save_dataloaders=False | checkpoint_dir=saved/recbole_cache/movielens1m_feature_added_session_len10 | dataloaders_save_path=saved/recbole_cache/movielens1m_feature_added_session_len10/movielens1m-for-dataloader.pth
    [DataPrep] cache_hit=memory, create_dataset=0.00s, data_preparation=0.00s, n_items=3534
  -> MRR@20=0.0551  best=0.0692  (full@25, trial=7.4min, avg=7.3min/trial, total=43.8min, ETA=29.2min)

[7/10] balance_loss_lambda=0.03, hidden_dropout_prob=0.15, learning_rate=0.007789, proto_entropy_lambda=0.0003, proto_usage_lambda=1e-05, weight_decay=0.0005
    [Device] CUDA_VISIBLE_DEVICES=5 | torch_device=cuda:0 (NVIDIA RTX A5000)
    [DataCache] save_dataset=True save_dataloaders=False | checkpoint_dir=saved/recbole_cache/movielens1m_feature_added_session_len10 | dataloaders_save_path=saved/recbole_cache/movielens1m_feature_added_session_len10/movielens1m-for-dataloader.pth
    [DataPrep] cache_hit=memory, create_dataset=0.00s, data_preparation=0.00s, n_items=3534
  -> MRR@20=0.0619  best=0.0692  (full@25, trial=7.4min, avg=7.3min/trial, total=51.3min, ETA=22.0min)

[8/10] balance_loss_lambda=0.05, hidden_dropout_prob=0.1, learning_rate=0.003583, proto_entropy_lambda=0, proto_usage_lambda=0.0001, weight_decay=0.0001
    [Device] CUDA_VISIBLE_DEVICES=5 | torch_device=cuda:0 (NVIDIA RTX A5000)
    [DataCache] save_dataset=True save_dataloaders=False | checkpoint_dir=saved/recbole_cache/movielens1m_feature_added_session_len10 | dataloaders_save_path=saved/recbole_cache/movielens1m_feature_added_session_len10/movielens1m-for-dataloader.pth
    [DataPrep] cache_hit=memory, create_dataset=0.00s, data_preparation=0.00s, n_items=3534
  -> MRR@20=0.0688  best=0.0692  (full@25, trial=7.4min, avg=7.3min/trial, total=58.7min, ETA=14.7min)

[9/10] balance_loss_lambda=0.2, hidden_dropout_prob=0.3, learning_rate=0.01004, proto_entropy_lambda=0.01, proto_usage_lambda=0, weight_decay=0
    [Device] CUDA_VISIBLE_DEVICES=5 | torch_device=cuda:0 (NVIDIA RTX A5000)
    [DataCache] save_dataset=True save_dataloaders=False | checkpoint_dir=saved/recbole_cache/movielens1m_feature_added_session_len10 | dataloaders_save_path=saved/recbole_cache/movielens1m_feature_added_session_len10/movielens1m-for-dataloader.pth
    [DataPrep] cache_hit=memory, create_dataset=0.00s, data_preparation=0.00s, n_items=3534
  -> MRR@20=0.0685  best=0.0692  (full@25, trial=7.5min, avg=7.4min/trial, total=1.10h, ETA=7.4min)

[10/10] balance_loss_lambda=0.2, hidden_dropout_prob=0.1, learning_rate=0.02496, proto_entropy_lambda=1e-05, proto_usage_lambda=0.0001, weight_decay=0.0005
    [Device] CUDA_VISIBLE_DEVICES=5 | torch_device=cuda:0 (NVIDIA RTX A5000)
    [DataCache] save_dataset=True save_dataloaders=False | checkpoint_dir=saved/recbole_cache/movielens1m_feature_added_session_len10 | dataloaders_save_path=saved/recbole_cache/movielens1m_feature_added_session_len10/movielens1m-for-dataloader.pth
    [DataPrep] cache_hit=memory, create_dataset=0.00s, data_preparation=0.00s, n_items=3534
  -> MRR@20=0.0519  best=0.0692  (full@25, trial=7.4min, avg=7.4min/trial, total=1.23h, ETA=0s)

=================================================================
  DONE  |  FeaturedMoE_ProtoX x movielens1m
  Best MRR@20 = 0.0692  |  10/10 trials OK
  Total time: 73.6 min
  Best params:
    balance_loss_lambda: 0.05
    hidden_dropout_prob: 0.25
    learning_rate: 0.000782586
    proto_entropy_lambda: 0
    proto_usage_lambda: 1e-05
    weight_decay: 1e-07
  Results -> /workspace/jy1559/FMoE/experiments/run/artifacts/results/fmoe_protox/movielens1m_FeaturedMoE_ProtoX_p1_fast_wide_ml1_r1_g5_c14_d03_20260308_062203_613709_pid259700.json
=================================================================

[RUN_STATUS] END status=normal pid=259700 start=2026-03-08T06:22:03 end=2026-03-08T07:35:41
