[RUN_STATUS] START pid=278813 ts=2026-03-08T09:48:24

=================================================================
  Hyperopt TPE  |  FeaturedMoE_ProtoX x movielens1m
  max_evals=10  epochs=25  patience=10  wandb=off
  batch_size(train/valid/test)=6144/12288/12288
  track=fmoe_protox  axis=hparam  phase=P1_fast_wide_ML1_R1_G6_C17_D06
  search.train_batch_size=[6144]
  search.eval_batch_size=[12288]
=================================================================
Changed knobs: balance_loss_lambda, hidden_dropout_prob, learning_rate, proto_entropy_lambda, proto_usage_lambda, weight_decay
Tuned params(len>1): 6  (~19208 discrete combos)
Tuned groups: 6
  [optimization]
    balance_loss_lambda             [0.001, 0.003, 0.01, 0.03, 0.05, 0.1, 0.2]  -> choice
    hidden_dropout_prob             [0.0, 0.05, 0.1, 0.15, 0.2, 0.25, 0.3]    -> choice
    learning_rate                   [5e-05, 0.05]                             -> loguniform
    weight_decay                    [0.0, 1e-07, 1e-06, 1e-05, 0.0001, 0.0005, 0.001, 0.005]  -> choice
  [merge_hir]
    proto_entropy_lambda            [0.0, 1e-05, 0.0001, 0.0003, 0.001, 0.003, 0.01]  -> choice
    proto_usage_lambda              [0.0, 1e-05, 0.0001, 0.0003, 0.001, 0.003, 0.01]  -> choice
Fixed params(singleton/non-list): 32
Fixed groups: 32
  [optimization]
    eval_batch_size                 12288                                   
    train_batch_size                6144                                    
  [model_core]
    d_expert_hidden                 384                                     
    d_feat_emb                      16                                      
    d_router_hidden                 128                                     
    embedding_size                  160                                     
    expert_scale                    3                                       
    micro_router_feature_dropout    0.1                                     
    mid_router_feature_dropout      0.1                                     
    num_heads                       8                                       
  [routing_moe]
    macro_router_temperature        1.0                                     
    micro_router_temperature        1.3                                     
    mid_router_temperature          1.3                                     
    moe_top_k                       0                                       
    proto_router_use_feature        True                                    
    proto_router_use_hidden         True                                    
  [schedule]
    proto_temperature_start         0.9                                     
  [merge_hir]
    proto_dim                       64                                      
    proto_num                       8                                       
    proto_pooling                   query                                   
    proto_temperature_end           0.7                                     
    proto_top_k                     2                                       
    protox_global_post_layers       2                                       
    protox_global_pre_layers        0                                       
    protox_macro_pre_layers         0                                       
    protox_micro_pre_layers         1                                       
    protox_mid_pre_layers           1                                       
    protox_stage_merge_mode         serial_weighted                         
    stage_delta_scale               2.0                                     
    stage_weight_floor              0.1                                     
  [other]
    MAX_ITEM_LIST_LENGTH            10                                      
    use_valid_ratio_gating          True                                    

[Wandb] disabled for this hyperopt run

[1/10] balance_loss_lambda=0.2, hidden_dropout_prob=0.05, learning_rate=0.0005098, proto_entropy_lambda=0.01, proto_usage_lambda=0.001, weight_decay=0.0005
    [Device] CUDA_VISIBLE_DEVICES=6 | torch_device=cuda:0 (NVIDIA RTX A5000)
    [DataCache] save_dataset=True save_dataloaders=False | checkpoint_dir=saved/recbole_cache/movielens1m_feature_added_session_len10 | dataloaders_save_path=saved/recbole_cache/movielens1m_feature_added_session_len10/movielens1m-for-dataloader.pth
    [DataPrep] cache_hit=disk_or_build, create_dataset=0.12s, data_preparation=0.72s, n_items=3534
[RUN_STATUS] TERMINATED signal=SIGTERM(15) pid=278813 ts=2026-03-08T09:48:47
[RUN_STATUS] END status=terminated signal=SIGTERM(15) pid=278813 start=2026-03-08T09:48:24 end=2026-03-08T09:48:47
