[RUN_STATUS] START pid=246247 ts=2026-03-08T02:51:00

=================================================================
  Hyperopt TPE  |  FeaturedMoE_ProtoX x movielens1m
  max_evals=10  epochs=25  patience=10  wandb=off
  batch_size(train/valid/test)=6144/12288/12288
  track=fmoe_protox  axis=hparam  phase=P1_fast_wide_ML1_R1_G5_C11_D00
  search.train_batch_size=[6144]
  search.eval_batch_size=[12288]
=================================================================
Changed knobs: balance_loss_lambda, hidden_dropout_prob, learning_rate, proto_entropy_lambda, proto_usage_lambda, weight_decay
Tuned params(len>1): 6  (~19208 discrete combos)
Tuned groups: 6
  [optimization]
    balance_loss_lambda             [0.001, 0.003, 0.01, 0.03, 0.05, 0.1, 0.2]  -> choice
    hidden_dropout_prob             [0.0, 0.05, 0.1, 0.15, 0.2, 0.25, 0.3]    -> choice
    learning_rate                   [5e-05, 0.05]                             -> loguniform
    weight_decay                    [0.0, 1e-07, 1e-06, 1e-05, 0.0001, 0.0005, 0.001, 0.005]  -> choice
  [merge_hir]
    proto_entropy_lambda            [0.0, 1e-05, 0.0001, 0.0003, 0.001, 0.003, 0.01]  -> choice
    proto_usage_lambda              [0.0, 1e-05, 0.0001, 0.0003, 0.001, 0.003, 0.01]  -> choice
Fixed params(singleton/non-list): 32
Fixed groups: 32
  [optimization]
    eval_batch_size                 12288                                   
    train_batch_size                6144                                    
  [model_core]
    d_expert_hidden                 128                                     
    d_feat_emb                      16                                      
    d_router_hidden                 64                                      
    embedding_size                  160                                     
    expert_scale                    3                                       
    micro_router_feature_dropout    0.1                                     
    mid_router_feature_dropout      0.1                                     
    num_heads                       8                                       
  [routing_moe]
    macro_router_temperature        1.0                                     
    micro_router_temperature        1.3                                     
    mid_router_temperature          1.3                                     
    moe_top_k                       0                                       
    proto_router_use_feature        True                                    
    proto_router_use_hidden         True                                    
  [schedule]
    proto_temperature_start         1.2                                     
  [merge_hir]
    proto_dim                       32                                      
    proto_num                       8                                       
    proto_pooling                   query                                   
    proto_temperature_end           1.0                                     
    proto_top_k                     2                                       
    protox_global_post_layers       1                                       
    protox_global_pre_layers        0                                       
    protox_macro_pre_layers         0                                       
    protox_micro_pre_layers         1                                       
    protox_mid_pre_layers           1                                       
    protox_stage_merge_mode         serial_weighted                         
    stage_delta_scale               1.0                                     
    stage_weight_floor              0.0                                     
  [other]
    MAX_ITEM_LIST_LENGTH            10                                      
    use_valid_ratio_gating          True                                    

[Wandb] disabled for this hyperopt run

[1/10] balance_loss_lambda=0.01, hidden_dropout_prob=0.05, learning_rate=0.0002158, proto_entropy_lambda=0.01, proto_usage_lambda=0.003, weight_decay=0.0001
    [Device] CUDA_VISIBLE_DEVICES=5 | torch_device=cuda:0 (NVIDIA RTX A5000)
    [DataCache] save_dataset=True save_dataloaders=False | checkpoint_dir=saved/recbole_cache/movielens1m_feature_added_session_len10 | dataloaders_save_path=saved/recbole_cache/movielens1m_feature_added_session_len10/movielens1m-for-dataloader.pth
    [DataPrep] cache_hit=disk_or_build, create_dataset=0.10s, data_preparation=0.60s, n_items=3534
  -> MRR@20=0.0607  best=0.0607  (full@25, trial=6.9min, avg=7.0min/trial, total=7.0min, ETA=1.04h)

[2/10] balance_loss_lambda=0.1, hidden_dropout_prob=0.2, learning_rate=0.0001941, proto_entropy_lambda=0, proto_usage_lambda=0.01, weight_decay=1e-05
    [Device] CUDA_VISIBLE_DEVICES=5 | torch_device=cuda:0 (NVIDIA RTX A5000)
    [DataCache] save_dataset=True save_dataloaders=False | checkpoint_dir=saved/recbole_cache/movielens1m_feature_added_session_len10 | dataloaders_save_path=saved/recbole_cache/movielens1m_feature_added_session_len10/movielens1m-for-dataloader.pth
    [DataPrep] cache_hit=memory, create_dataset=0.00s, data_preparation=0.00s, n_items=3534
  -> MRR@20=0.0554  best=0.0607  (full@25, trial=7.0min, avg=7.0min/trial, total=14.0min, ETA=56.1min)

[3/10] balance_loss_lambda=0.001, hidden_dropout_prob=0.3, learning_rate=0.007799, proto_entropy_lambda=0.0003, proto_usage_lambda=0.003, weight_decay=0
    [Device] CUDA_VISIBLE_DEVICES=5 | torch_device=cuda:0 (NVIDIA RTX A5000)
    [DataCache] save_dataset=True save_dataloaders=False | checkpoint_dir=saved/recbole_cache/movielens1m_feature_added_session_len10 | dataloaders_save_path=saved/recbole_cache/movielens1m_feature_added_session_len10/movielens1m-for-dataloader.pth
    [DataPrep] cache_hit=memory, create_dataset=0.00s, data_preparation=0.00s, n_items=3534
  -> MRR@20=0.0668  best=0.0668  (full@25, trial=7.0min, avg=7.0min/trial, total=21.0min, ETA=49.0min)

[4/10] balance_loss_lambda=0.1, hidden_dropout_prob=0.05, learning_rate=0.005068, proto_entropy_lambda=0.01, proto_usage_lambda=0.003, weight_decay=1e-06
    [Device] CUDA_VISIBLE_DEVICES=5 | torch_device=cuda:0 (NVIDIA RTX A5000)
    [DataCache] save_dataset=True save_dataloaders=False | checkpoint_dir=saved/recbole_cache/movielens1m_feature_added_session_len10 | dataloaders_save_path=saved/recbole_cache/movielens1m_feature_added_session_len10/movielens1m-for-dataloader.pth
    [DataPrep] cache_hit=memory, create_dataset=0.00s, data_preparation=0.00s, n_items=3534
  -> MRR@20=0.0655  best=0.0668  (early_stop@24, trial=6.8min, avg=7.0min/trial, total=27.8min, ETA=41.7min)

[5/10] balance_loss_lambda=0.003, hidden_dropout_prob=0, learning_rate=0.01215, proto_entropy_lambda=0.01, proto_usage_lambda=0.001, weight_decay=0.0001
    [Device] CUDA_VISIBLE_DEVICES=5 | torch_device=cuda:0 (NVIDIA RTX A5000)
    [DataCache] save_dataset=True save_dataloaders=False | checkpoint_dir=saved/recbole_cache/movielens1m_feature_added_session_len10 | dataloaders_save_path=saved/recbole_cache/movielens1m_feature_added_session_len10/movielens1m-for-dataloader.pth
    [DataPrep] cache_hit=memory, create_dataset=0.00s, data_preparation=0.00s, n_items=3534
  -> MRR@20=0.0706  best=0.0706  (full@25, trial=6.6min, avg=6.9min/trial, total=34.5min, ETA=34.5min)

[6/10] balance_loss_lambda=0.01, hidden_dropout_prob=0.3, learning_rate=0.0222, proto_entropy_lambda=0.001, proto_usage_lambda=0.0003, weight_decay=1e-07
    [Device] CUDA_VISIBLE_DEVICES=5 | torch_device=cuda:0 (NVIDIA RTX A5000)
    [DataCache] save_dataset=True save_dataloaders=False | checkpoint_dir=saved/recbole_cache/movielens1m_feature_added_session_len10 | dataloaders_save_path=saved/recbole_cache/movielens1m_feature_added_session_len10/movielens1m-for-dataloader.pth
    [DataPrep] cache_hit=memory, create_dataset=0.00s, data_preparation=0.00s, n_items=3534
  -> MRR@20=0.0559  best=0.0706  (full@25, trial=7.0min, avg=6.9min/trial, total=41.5min, ETA=27.6min)

[7/10] balance_loss_lambda=0.003, hidden_dropout_prob=0.05, learning_rate=0.001701, proto_entropy_lambda=0.01, proto_usage_lambda=0.01, weight_decay=1e-06
    [Device] CUDA_VISIBLE_DEVICES=5 | torch_device=cuda:0 (NVIDIA RTX A5000)
    [DataCache] save_dataset=True save_dataloaders=False | checkpoint_dir=saved/recbole_cache/movielens1m_feature_added_session_len10 | dataloaders_save_path=saved/recbole_cache/movielens1m_feature_added_session_len10/movielens1m-for-dataloader.pth
    [DataPrep] cache_hit=memory, create_dataset=0.00s, data_preparation=0.00s, n_items=3534
  -> MRR@20=0.0659  best=0.0706  (early_stop@23, trial=6.5min, avg=6.9min/trial, total=48.0min, ETA=20.6min)

[8/10] balance_loss_lambda=0.003, hidden_dropout_prob=0.2, learning_rate=0.02663, proto_entropy_lambda=1e-05, proto_usage_lambda=0.0003, weight_decay=0.005
    [Device] CUDA_VISIBLE_DEVICES=5 | torch_device=cuda:0 (NVIDIA RTX A5000)
    [DataCache] save_dataset=True save_dataloaders=False | checkpoint_dir=saved/recbole_cache/movielens1m_feature_added_session_len10 | dataloaders_save_path=saved/recbole_cache/movielens1m_feature_added_session_len10/movielens1m-for-dataloader.pth
    [DataPrep] cache_hit=memory, create_dataset=0.00s, data_preparation=0.00s, n_items=3534
  -> MRR@20=0.0353  best=0.0706  (early_stop@19, trial=5.3min, avg=6.7min/trial, total=53.3min, ETA=13.3min)

[9/10] balance_loss_lambda=0.001, hidden_dropout_prob=0.3, learning_rate=0.0009474, proto_entropy_lambda=0.01, proto_usage_lambda=0.01, weight_decay=1e-05
    [Device] CUDA_VISIBLE_DEVICES=5 | torch_device=cuda:0 (NVIDIA RTX A5000)
    [DataCache] save_dataset=True save_dataloaders=False | checkpoint_dir=saved/recbole_cache/movielens1m_feature_added_session_len10 | dataloaders_save_path=saved/recbole_cache/movielens1m_feature_added_session_len10/movielens1m-for-dataloader.pth
    [DataPrep] cache_hit=memory, create_dataset=0.00s, data_preparation=0.00s, n_items=3534
  -> MRR@20=0.0630  best=0.0706  (full@25, trial=7.1min, avg=6.7min/trial, total=1.01h, ETA=6.7min)

[10/10] balance_loss_lambda=0.003, hidden_dropout_prob=0.3, learning_rate=0.001017, proto_entropy_lambda=1e-05, proto_usage_lambda=0.001, weight_decay=1e-06
    [Device] CUDA_VISIBLE_DEVICES=5 | torch_device=cuda:0 (NVIDIA RTX A5000)
    [DataCache] save_dataset=True save_dataloaders=False | checkpoint_dir=saved/recbole_cache/movielens1m_feature_added_session_len10 | dataloaders_save_path=saved/recbole_cache/movielens1m_feature_added_session_len10/movielens1m-for-dataloader.pth
    [DataPrep] cache_hit=memory, create_dataset=0.00s, data_preparation=0.00s, n_items=3534
  -> MRR@20=0.0641  best=0.0706  (full@25, trial=7.1min, avg=6.7min/trial, total=1.12h, ETA=0s)

=================================================================
  DONE  |  FeaturedMoE_ProtoX x movielens1m
  Best MRR@20 = 0.0706  |  10/10 trials OK
  Total time: 67.4 min
  Best params:
    balance_loss_lambda: 0.003
    hidden_dropout_prob: 0
    learning_rate: 0.0121492
    proto_entropy_lambda: 0.01
    proto_usage_lambda: 0.001
    weight_decay: 0.0001
  Results -> /workspace/jy1559/FMoE/experiments/run/artifacts/results/fmoe_protox/movielens1m_FeaturedMoE_ProtoX_p1_fast_wide_ml1_r1_g5_c11_d00_20260308_025100_902260_pid246247.json
=================================================================

[RUN_STATUS] END status=normal pid=246247 start=2026-03-08T02:51:00 end=2026-03-08T03:58:27
