[RUN_STATUS] START pid=244603 ts=2026-03-08T01:41:55

=================================================================
  Hyperopt TPE  |  FeaturedMoE_ProtoX x movielens1m
  max_evals=10  epochs=25  patience=10  wandb=off
  batch_size(train/valid/test)=6144/12288/12288
  track=fmoe_protox  axis=hparam  phase=P1_fast_wide_ML1_R1_G4_C10_L09
  search.train_batch_size=[6144]
  search.eval_batch_size=[12288]
=================================================================
Changed knobs: balance_loss_lambda, hidden_dropout_prob, learning_rate, proto_entropy_lambda, proto_usage_lambda, weight_decay
Tuned params(len>1): 6  (~19208 discrete combos)
Tuned groups: 6
  [optimization]
    balance_loss_lambda             [0.001, 0.003, 0.01, 0.03, 0.05, 0.1, 0.2]  -> choice
    hidden_dropout_prob             [0.0, 0.05, 0.1, 0.15, 0.2, 0.25, 0.3]    -> choice
    learning_rate                   [5e-05, 0.05]                             -> loguniform
    weight_decay                    [0.0, 1e-07, 1e-06, 1e-05, 0.0001, 0.0005, 0.001, 0.005]  -> choice
  [merge_hir]
    proto_entropy_lambda            [0.0, 1e-05, 0.0001, 0.0003, 0.001, 0.003, 0.01]  -> choice
    proto_usage_lambda              [0.0, 1e-05, 0.0001, 0.0003, 0.001, 0.003, 0.01]  -> choice
Fixed params(singleton/non-list): 32
Fixed groups: 32
  [optimization]
    eval_batch_size                 12288                                   
    train_batch_size                6144                                    
  [model_core]
    d_expert_hidden                 160                                     
    d_feat_emb                      16                                      
    d_router_hidden                 80                                      
    embedding_size                  160                                     
    expert_scale                    3                                       
    micro_router_feature_dropout    0.1                                     
    mid_router_feature_dropout      0.1                                     
    num_heads                       8                                       
  [routing_moe]
    macro_router_temperature        1.0                                     
    micro_router_temperature        1.3                                     
    mid_router_temperature          1.3                                     
    moe_top_k                       0                                       
    proto_router_use_feature        True                                    
    proto_router_use_hidden         True                                    
  [schedule]
    proto_temperature_start         1.1                                     
  [merge_hir]
    proto_dim                       48                                      
    proto_num                       8                                       
    proto_pooling                   query                                   
    proto_temperature_end           0.9                                     
    proto_top_k                     0                                       
    protox_global_post_layers       2                                       
    protox_global_pre_layers        0                                       
    protox_macro_pre_layers         0                                       
    protox_micro_pre_layers         1                                       
    protox_mid_pre_layers           1                                       
    protox_stage_merge_mode         serial_weighted                         
    stage_delta_scale               1.0                                     
    stage_weight_floor              0.0                                     
  [other]
    MAX_ITEM_LIST_LENGTH            10                                      
    use_valid_ratio_gating          True                                    

[Wandb] disabled for this hyperopt run

[1/10] balance_loss_lambda=0.003, hidden_dropout_prob=0.05, learning_rate=0.0003763, proto_entropy_lambda=0.003, proto_usage_lambda=0.0003, weight_decay=0
    [Device] CUDA_VISIBLE_DEVICES=4 | torch_device=cuda:0 (NVIDIA RTX A5000)
    [DataCache] save_dataset=True save_dataloaders=False | checkpoint_dir=saved/recbole_cache/movielens1m_feature_added_session_len10 | dataloaders_save_path=saved/recbole_cache/movielens1m_feature_added_session_len10/movielens1m-for-dataloader.pth
    [DataPrep] cache_hit=disk_or_build, create_dataset=0.12s, data_preparation=0.64s, n_items=3534
  -> MRR@20=0.0668  best=0.0668  (full@25, trial=8.0min, avg=8.0min/trial, total=8.0min, ETA=1.21h)

[2/10] balance_loss_lambda=0.05, hidden_dropout_prob=0, learning_rate=0.0002838, proto_entropy_lambda=0, proto_usage_lambda=0.01, weight_decay=0
    [Device] CUDA_VISIBLE_DEVICES=4 | torch_device=cuda:0 (NVIDIA RTX A5000)
    [DataCache] save_dataset=True save_dataloaders=False | checkpoint_dir=saved/recbole_cache/movielens1m_feature_added_session_len10 | dataloaders_save_path=saved/recbole_cache/movielens1m_feature_added_session_len10/movielens1m-for-dataloader.pth
    [DataPrep] cache_hit=memory, create_dataset=0.00s, data_preparation=0.00s, n_items=3534
  -> MRR@20=0.0675  best=0.0675  (full@25, trial=7.5min, avg=7.8min/trial, total=15.6min, ETA=1.04h)

[3/10] balance_loss_lambda=0.03, hidden_dropout_prob=0, learning_rate=0.001105, proto_entropy_lambda=0, proto_usage_lambda=0.001, weight_decay=1e-05
    [Device] CUDA_VISIBLE_DEVICES=4 | torch_device=cuda:0 (NVIDIA RTX A5000)
    [DataCache] save_dataset=True save_dataloaders=False | checkpoint_dir=saved/recbole_cache/movielens1m_feature_added_session_len10 | dataloaders_save_path=saved/recbole_cache/movielens1m_feature_added_session_len10/movielens1m-for-dataloader.pth
    [DataPrep] cache_hit=memory, create_dataset=0.00s, data_preparation=0.00s, n_items=3534
  -> MRR@20=0.0688  best=0.0688  (early_stop@21, trial=6.3min, avg=7.3min/trial, total=21.9min, ETA=51.0min)

[4/10] balance_loss_lambda=0.003, hidden_dropout_prob=0.3, learning_rate=0.0002379, proto_entropy_lambda=0.001, proto_usage_lambda=0.003, weight_decay=0.0001
    [Device] CUDA_VISIBLE_DEVICES=4 | torch_device=cuda:0 (NVIDIA RTX A5000)
    [DataCache] save_dataset=True save_dataloaders=False | checkpoint_dir=saved/recbole_cache/movielens1m_feature_added_session_len10 | dataloaders_save_path=saved/recbole_cache/movielens1m_feature_added_session_len10/movielens1m-for-dataloader.pth
    [DataPrep] cache_hit=memory, create_dataset=0.00s, data_preparation=0.00s, n_items=3534
  -> MRR@20=0.0527  best=0.0688  (full@25, trial=8.0min, avg=7.5min/trial, total=29.9min, ETA=44.9min)

[5/10] balance_loss_lambda=0.01, hidden_dropout_prob=0.2, learning_rate=0.04562, proto_entropy_lambda=0.0003, proto_usage_lambda=0.001, weight_decay=0.0005
    [Device] CUDA_VISIBLE_DEVICES=4 | torch_device=cuda:0 (NVIDIA RTX A5000)
    [DataCache] save_dataset=True save_dataloaders=False | checkpoint_dir=saved/recbole_cache/movielens1m_feature_added_session_len10 | dataloaders_save_path=saved/recbole_cache/movielens1m_feature_added_session_len10/movielens1m-for-dataloader.pth
    [DataPrep] cache_hit=memory, create_dataset=0.00s, data_preparation=0.00s, n_items=3534
  -> MRR@20=0.0410  best=0.0688  (full@25, trial=8.0min, avg=7.6min/trial, total=37.9min, ETA=37.9min)

[6/10] balance_loss_lambda=0.05, hidden_dropout_prob=0.1, learning_rate=0.03403, proto_entropy_lambda=0.001, proto_usage_lambda=0.0003, weight_decay=0.0001
    [Device] CUDA_VISIBLE_DEVICES=4 | torch_device=cuda:0 (NVIDIA RTX A5000)
    [DataCache] save_dataset=True save_dataloaders=False | checkpoint_dir=saved/recbole_cache/movielens1m_feature_added_session_len10 | dataloaders_save_path=saved/recbole_cache/movielens1m_feature_added_session_len10/movielens1m-for-dataloader.pth
    [DataPrep] cache_hit=memory, create_dataset=0.00s, data_preparation=0.00s, n_items=3534
  -> MRR@20=0.0604  best=0.0688  (full@25, trial=8.0min, avg=7.7min/trial, total=46.0min, ETA=30.7min)

[7/10] balance_loss_lambda=0.1, hidden_dropout_prob=0.25, learning_rate=0.03918, proto_entropy_lambda=0.0001, proto_usage_lambda=0.01, weight_decay=1e-06
    [Device] CUDA_VISIBLE_DEVICES=4 | torch_device=cuda:0 (NVIDIA RTX A5000)
    [DataCache] save_dataset=True save_dataloaders=False | checkpoint_dir=saved/recbole_cache/movielens1m_feature_added_session_len10 | dataloaders_save_path=saved/recbole_cache/movielens1m_feature_added_session_len10/movielens1m-for-dataloader.pth
    [DataPrep] cache_hit=memory, create_dataset=0.00s, data_preparation=0.00s, n_items=3534
  -> MRR@20=0.0479  best=0.0688  (full@25, trial=8.0min, avg=7.7min/trial, total=54.0min, ETA=23.1min)

[8/10] balance_loss_lambda=0.003, hidden_dropout_prob=0.1, learning_rate=0.01311, proto_entropy_lambda=0, proto_usage_lambda=0.01, weight_decay=0.005
    [Device] CUDA_VISIBLE_DEVICES=4 | torch_device=cuda:0 (NVIDIA RTX A5000)
    [DataCache] save_dataset=True save_dataloaders=False | checkpoint_dir=saved/recbole_cache/movielens1m_feature_added_session_len10 | dataloaders_save_path=saved/recbole_cache/movielens1m_feature_added_session_len10/movielens1m-for-dataloader.pth
    [DataPrep] cache_hit=memory, create_dataset=0.00s, data_preparation=0.00s, n_items=3534
  -> MRR@20=0.0404  best=0.0688  (full@25, trial=8.0min, avg=7.7min/trial, total=1.03h, ETA=15.5min)

[9/10] balance_loss_lambda=0.2, hidden_dropout_prob=0, learning_rate=0.001204, proto_entropy_lambda=0.001, proto_usage_lambda=0, weight_decay=0
    [Device] CUDA_VISIBLE_DEVICES=4 | torch_device=cuda:0 (NVIDIA RTX A5000)
    [DataCache] save_dataset=True save_dataloaders=False | checkpoint_dir=saved/recbole_cache/movielens1m_feature_added_session_len10 | dataloaders_save_path=saved/recbole_cache/movielens1m_feature_added_session_len10/movielens1m-for-dataloader.pth
    [DataPrep] cache_hit=memory, create_dataset=0.00s, data_preparation=0.00s, n_items=3534
  -> MRR@20=0.0667  best=0.0688  (early_stop@20, trial=6.0min, avg=7.6min/trial, total=1.13h, ETA=7.6min)

[10/10] balance_loss_lambda=0.001, hidden_dropout_prob=0.25, learning_rate=0.002877, proto_entropy_lambda=1e-05, proto_usage_lambda=1e-05, weight_decay=1e-06
    [Device] CUDA_VISIBLE_DEVICES=4 | torch_device=cuda:0 (NVIDIA RTX A5000)
    [DataCache] save_dataset=True save_dataloaders=False | checkpoint_dir=saved/recbole_cache/movielens1m_feature_added_session_len10 | dataloaders_save_path=saved/recbole_cache/movielens1m_feature_added_session_len10/movielens1m-for-dataloader.pth
    [DataPrep] cache_hit=memory, create_dataset=0.00s, data_preparation=0.00s, n_items=3534
  -> MRR@20=0.0697  best=0.0697  (full@25, trial=8.0min, avg=7.6min/trial, total=1.27h, ETA=0s)

=================================================================
  DONE  |  FeaturedMoE_ProtoX x movielens1m
  Best MRR@20 = 0.0697  |  10/10 trials OK
  Total time: 76.0 min
  Best params:
    balance_loss_lambda: 0.001
    hidden_dropout_prob: 0.25
    learning_rate: 0.00287692
    proto_entropy_lambda: 1e-05
    proto_usage_lambda: 1e-05
    weight_decay: 1e-06
  Results -> /workspace/jy1559/FMoE/experiments/run/artifacts/results/fmoe_protox/movielens1m_FeaturedMoE_ProtoX_p1_fast_wide_ml1_r1_g4_c10_l09_20260308_014156_148892_pid244603.json
=================================================================

[RUN_STATUS] END status=normal pid=244603 start=2026-03-08T01:41:55 end=2026-03-08T02:57:56
