[STAGEG_CROSS6X9_ANCHOR2_CORE5_SETTING_HEADER]
run_phase=P22_SG_D02_M06_C02_BSAREC_FAD_H4_R2_S2 run_id=SG_AMAZON_BEAUTY_BSAREC_FAD_H4_R2_S2 phase_id=P22 axis_id=SG model=BSARec candidate_id=FAD_H4_R2 seed=2
dataset=amazon_beauty gpu=4 order=0 candidate_source=final_same_dataset source_stage=Final_all_datasets transfer_from_dataset=
max_evals=6 tune_epochs=44 tune_patience=6
seed=220025

[COMMAND]
- /venv/FMoE/bin/python hyperopt_tune.py --config-name tune_ab --max-evals 6 --tune-epochs 44 --tune-patience 6 --seed 220025 --run-group baseline --run-axis StageG_Cross6x9_anchor2_core5 --run-phase P22_SG_D02_M06_C02_BSAREC_FAD_H4_R2_S2 model=bsarec dataset=amazon_beauty eval_mode=session_fixed feature_mode=full_v3 gpu_id=4 log_wandb=false show_progress=false ++special_logging=true ++seed=220025 ++search={learning_rate:[0.0002270346237058174,0.0008950182206779662]} ++search_space_type_overrides={learning_rate:"loguniform"} ++weight_decay=0.0005 ++search.weight_decay=[0.0005] ++search_space_type_overrides.weight_decay=choice ++search.n_layers=[1] ++search_space_type_overrides.n_layers=choice ++search.num_layers=[1] ++search_space_type_overrides.num_layers=choice ++search.n_heads=[4] ++search_space_type_overrides.n_heads=choice ++search.num_heads=[4] ++search_space_type_overrides.num_heads=choice ++search.dropout_ratio=[0.25] ++search_space_type_overrides.dropout_ratio=choice ++search.dropout_prob=[0.25] ++search_space_type_overrides.dropout_prob=choice ++search.hidden_dropout_prob=[0.25] ++search_space_type_overrides.hidden_dropout_prob=choice ++search.attn_dropout_prob=[0.25] ++search_space_type_overrides.attn_dropout_prob=choice ++search.hidden_size=[112] ++search_space_type_overrides.hidden_size=choice ++search.embedding_size=[112] ++search_space_type_overrides.embedding_size=choice ++search.inner_size=[224] ++search_space_type_overrides.inner_size=choice ++search.time_span=[1024] ++search_space_type_overrides.time_span=choice ++search.num_experts=[2] ++search_space_type_overrides.num_experts=choice ++search.state_size=[8] ++search_space_type_overrides.state_size=choice ++search.conv_kernel=[8] ++search_space_type_overrides.conv_kernel=choice ++search.remaining_ratio=[0.9] ++search_space_type_overrides.remaining_ratio=choice ++search.MAX_ITEM_LIST_LENGTH=[30] ++search_space_type_overrides.MAX_ITEM_LIST_LENGTH=choice ++dropout_ratio=0.25 ++train_batch_size=2048 ++eval_batch_size=3072 ++hidden_size=112 ++embedding_size=112 ++MAX_ITEM_LIST_LENGTH=30 ++num_layers=1 ++n_layers=1 ++num_heads=4 ++n_heads=4 ++inner_size=224
/venv/FMoE/lib/python3.10/site-packages/ray/_private/parameter.py:4: UserWarning: pkg_resources is deprecated as an API. See https://setuptools.pypa.io/en/latest/pkg_resources.html. The pkg_resources package is slated for removal as early as 2025-11-30. Refrain from using this package or pin to Setuptools<81.
  import pkg_resources
[RUN_STATUS] START pid=335038 ts=2026-04-07T13:02:10

=================================================================
  Hyperopt TPE  |  BSARec x amazon_beauty
  max_evals=6  epochs=44  patience=6  wandb=off
  batch_size(train/valid/test)=2048/3072/3072
  track=baseline  axis=stageg_cross6x9_anchor2_core5  phase=P22_SG_D02_M06_C02_BSAREC_FAD_H4_R2_S2
=================================================================
Changed knobs: learning_rate
Tuned params(len>1): 1  (~1 discrete combos)
Tuned groups: 1
  [optimization]
    learning_rate                   [0.0002270346237058174, 0.0008950182206779662]  -> loguniform
Fixed params(singleton/non-list): 18
Fixed groups: 18
  [optimization]
    hidden_dropout_prob             0.25                                    
    weight_decay                    0.0005                                  
  [model_core]
    attn_dropout_prob               0.25                                    
    dropout_prob                    0.25                                    
    dropout_ratio                   0.25                                    
    embedding_size                  112                                     
    hidden_size                     112                                     
    inner_size                      224                                     
    num_heads                       4                                       
    num_layers                      1                                       
  [other]
    MAX_ITEM_LIST_LENGTH            30                                      
    conv_kernel                     8                                       
    n_heads                         4                                       
    n_layers                        1                                       
    num_experts                     2                                       
    remaining_ratio                 0.9                                     
    state_size                      8                                       
    time_span                       1024                                    

[Wandb] disabled for this hyperopt run

[1/6] learning_rate=0.0007408
  -> MRR@20=0.000000  best=0.000000  (early_stop@7, trial=2s, avg=4s/trial, total=4s, ETA=22s)
[TRIAL_METRICS] cur_best_mrr20=0.000000 cur_best_hr10=0.000000 cur_test_mrr20=0.000000 cur_test_hr10=0.000000 run_best_mrr20=0.000000 run_best_hr10=0.000000 run_test_mrr20=0.000000 run_test_hr10=0.000000

[2/6] learning_rate=0.0007145
  -> MRR@20=0.000000  best=0.000000  (early_stop@7, trial=2s, avg=3s/trial, total=6s, ETA=12s)
[TRIAL_METRICS] cur_best_mrr20=0.000000 cur_best_hr10=0.000000 cur_test_mrr20=0.000000 cur_test_hr10=0.000000 run_best_mrr20=0.000000 run_best_hr10=0.000000 run_test_mrr20=0.000000 run_test_hr10=0.000000

[3/6] learning_rate=0.0002868
  -> MRR@20=0.000000  best=0.000000  (early_stop@7, trial=2s, avg=3s/trial, total=8s, ETA=8s)
[TRIAL_METRICS] cur_best_mrr20=0.000000 cur_best_hr10=0.000000 cur_test_mrr20=0.000000 cur_test_hr10=0.000000 run_best_mrr20=0.000000 run_best_hr10=0.000000 run_test_mrr20=0.000000 run_test_hr10=0.000000

[4/6] learning_rate=0.0004421
  -> MRR@20=0.000000  best=0.000000  (early_stop@7, trial=1s, avg=2s/trial, total=10s, ETA=5s)
[TRIAL_METRICS] cur_best_mrr20=0.000000 cur_best_hr10=0.000000 cur_test_mrr20=0.000000 cur_test_hr10=0.000000 run_best_mrr20=0.000000 run_best_hr10=0.000000 run_test_mrr20=0.000000 run_test_hr10=0.000000

[5/6] learning_rate=0.0006498
  -> MRR@20=0.000000  best=0.000000  (early_stop@7, trial=1s, avg=2s/trial, total=11s, ETA=2s)
[TRIAL_METRICS] cur_best_mrr20=0.000000 cur_best_hr10=0.000000 cur_test_mrr20=0.000000 cur_test_hr10=0.000000 run_best_mrr20=0.000000 run_best_hr10=0.000000 run_test_mrr20=0.000000 run_test_hr10=0.000000

[6/6] learning_rate=0.0004431
  -> MRR@20=0.000000  best=0.000000  (early_stop@7, trial=2s, avg=2s/trial, total=13s, ETA=0s)
[TRIAL_METRICS] cur_best_mrr20=0.000000 cur_best_hr10=0.000000 cur_test_mrr20=0.000000 cur_test_hr10=0.000000 run_best_mrr20=0.000000 run_best_hr10=0.000000 run_test_mrr20=0.000000 run_test_hr10=0.000000

=================================================================
  DONE  |  BSARec x amazon_beauty
  Best MRR@20 = 0.000000  |  6/6 trials OK
  Best HR@10  = 0.000000
  Test MRR@20 = 0.000000  (best-valid checkpoint)
  Test HR@10  = 0.000000  (best-valid checkpoint)
[RUN_METRICS] best_valid_mrr20=0.000000 best_valid_hr10=0.000000 test_mrr20=0.000000 test_hr10=0.000000
  Total time: 0.2 min
  Best params:
    learning_rate: 0.000740847
  Results -> /workspace/jy1559/FMoE/experiments/run/artifacts/results/baseline/amazon_beauty_BSARec_p22_sg_d02_m06_c02_bsarec_fad_h4_r2_s2_20260407_130210_226979_pid335038.json
  Normal mirror -> /workspace/jy1559/FMoE/experiments/run/artifacts/results/baseline/normal/stageg_cross6x9_anchor2_core5/P22/amazon_beauty/BSARec/amazon_beauty_BSARec_p22_sg_d02_m06_c02_bsarec_fad_h4_r2_s2_20260407_130210_226979_pid335038.json
  Special result -> /workspace/jy1559/FMoE/experiments/run/artifacts/results/baseline/special/stageg_cross6x9_anchor2_core5/P22/amazon_beauty/BSARec/amazon_beauty_BSARec_p22_sg_d02_m06_c02_bsarec_fad_h4_r2_s2_20260407_130210_226979_pid335038_special_metrics.json
  Special log -> /workspace/jy1559/FMoE/experiments/run/artifacts/logs/baseline/special/stageg_cross6x9_anchor2_core5/P22/amazon_beauty/BSARec/amazon_beauty_BSARec_p22_sg_d02_m06_c02_bsarec_fad_h4_r2_s2_20260407_130210_226979_pid335038_special_metrics.json
=================================================================

[RUN_STATUS] END status=normal pid=335038 start=2026-04-07T13:02:10 end=2026-04-07T13:02:23
