# CMD
/venv/FMoE/bin/python hyperopt_tune.py --config-name tune_ab --space-yaml /workspace/FeaturedMoE/experiments/run/artifacts/logs/baseline_2/PAIR60_ADDTUNING3/spaces/beauty_bsarec_K3.yaml --max-evals 15 --tune-epochs 100 --tune-patience 7 --search-algo tpe --seed 2026041763 --run-group baseline_2 --run-axis pair60_addtuning3 --run-phase BASELINE2_ADDTUNE3_BEAUTY_BSAREC_K3 model=bsarec dataset=beauty eval_mode=session_fixed feature_mode=full_v4 gpu_id=1 log_wandb=false show_progress=false ++seed=2026041763 ++eval_sampling.mode=full ++eval_sampling.auto_full_threshold=999999999 ++special_logging=true ++exclude_unseen_target_from_main_eval=true ++log_unseen_target_metrics=true

/venv/FMoE/lib/python3.10/site-packages/ray/_private/parameter.py:4: UserWarning: pkg_resources is deprecated as an API. See https://setuptools.pypa.io/en/latest/pkg_resources.html. The pkg_resources package is slated for removal as early as 2025-11-30. Refrain from using this package or pin to Setuptools<81.
  import pkg_resources
[RUN_STATUS] START pid=1272139 ts=2026-04-16T05:08:19
[SpaceYAML] loaded: /workspace/FeaturedMoE/experiments/run/artifacts/logs/baseline_2/PAIR60_ADDTUNING3/spaces/beauty_bsarec_K3.yaml (fixed=11, search=3)

=================================================================
  Hyperopt  |  BSARec x beauty
  max_evals=15  epochs=100  patience=7  wandb=off
  search_algo=tpe
  batch_size(train/valid/test)=4096/8192/8192
  track=baseline_2  axis=pair60_addtuning3  phase=BASELINE2_ADDTUNE3_BEAUTY_BSAREC_K3
=================================================================
Changed knobs: bsarec_alpha, learning_rate, weight_decay
Tuned params(len>1): 3  (~9 discrete combos)
Tuned groups: 3
  [optimization]
    learning_rate                   [0.00026017, 0.00305894]                  -> loguniform
    weight_decay                    [7.8e-05, 0.00013, 0.000234]              -> choice
  [other]
    bsarec_alpha                    [0.43, 0.51, 0.59]                        -> choice
Fixed params(singleton/non-list): 0
Fixed groups: 0
  (none)

[Wandb] disabled for this hyperopt run

[1/15] bsarec_alpha=0.51, learning_rate=0.0007821, weight_decay=0.00013
  -> MRR@20=0.005900  best=0.005900  (early_stop@18, trial=5s, avg=7s/trial, total=7s, ETA=1.7min)
[TRIAL_METRICS] cur_best_mrr20=0.005900 cur_best_hr10=0.012000 cur_test_mrr20=0.001100 cur_test_hr10=0.002900 run_best_mrr20=0.005900 run_best_hr10=0.012000 run_test_mrr20=0.001100 run_test_hr10=0.002900

[2/15] bsarec_alpha=0.59, learning_rate=0.0009469, weight_decay=7.8e-05
  -> MRR@20=0.005300  best=0.005900  (early_stop@17, trial=4s, avg=6s/trial, total=11s, ETA=1.2min)
[TRIAL_METRICS] cur_best_mrr20=0.005300 cur_best_hr10=0.008000 cur_test_mrr20=0.001400 cur_test_hr10=0.002900 run_best_mrr20=0.005900 run_best_hr10=0.012000 run_test_mrr20=0.001100 run_test_hr10=0.002900

[3/15] bsarec_alpha=0.51, learning_rate=0.0003943, weight_decay=0.00013
  -> MRR@20=0.005800  best=0.005900  (early_stop@26, trial=6s, avg=6s/trial, total=18s, ETA=1.2min)
[TRIAL_METRICS] cur_best_mrr20=0.005800 cur_best_hr10=0.018100 cur_test_mrr20=0.000600 cur_test_hr10=0.002900 run_best_mrr20=0.005900 run_best_hr10=0.012000 run_test_mrr20=0.001100 run_test_hr10=0.002900

[4/15] bsarec_alpha=0.51, learning_rate=0.001463, weight_decay=0.000234
  -> MRR@20=0.006600  best=0.006600  (early_stop@19, trial=5s, avg=6s/trial, total=23s, ETA=1.0min)
[TRIAL_METRICS] cur_best_mrr20=0.006600 cur_best_hr10=0.010000 cur_test_mrr20=0.003200 cur_test_hr10=0.008600 run_best_mrr20=0.006600 run_best_hr10=0.010000 run_test_mrr20=0.003200 run_test_hr10=0.008600

[5/15] bsarec_alpha=0.59, learning_rate=0.002661, weight_decay=7.8e-05
  -> MRR@20=0.007100  best=0.007100  (early_stop@12, trial=3s, avg=5s/trial, total=26s, ETA=52s)
[TRIAL_METRICS] cur_best_mrr20=0.007100 cur_best_hr10=0.010000 cur_test_mrr20=0.000600 cur_test_hr10=0.002900 run_best_mrr20=0.007100 run_best_hr10=0.010000 run_test_mrr20=0.000600 run_test_hr10=0.002900

[6/15] bsarec_alpha=0.51, learning_rate=0.000375, weight_decay=0.000234
  -> MRR@20=0.004600  best=0.007100  (early_stop@18, trial=4s, avg=5s/trial, total=30s, ETA=45s)
[TRIAL_METRICS] cur_best_mrr20=0.004600 cur_best_hr10=0.006000 cur_test_mrr20=0.000500 cur_test_hr10=0.002900 run_best_mrr20=0.007100 run_best_hr10=0.010000 run_test_mrr20=0.000600 run_test_hr10=0.002900

[7/15] bsarec_alpha=0.59, learning_rate=0.002723, weight_decay=0.000234
  -> MRR@20=0.007100  best=0.007100  (early_stop@12, trial=3s, avg=5s/trial, total=33s, ETA=38s)
[TRIAL_METRICS] cur_best_mrr20=0.007100 cur_best_hr10=0.012000 cur_test_mrr20=0.000700 cur_test_hr10=0.002900 run_best_mrr20=0.007100 run_best_hr10=0.012000 run_test_mrr20=0.000700 run_test_hr10=0.002900

[8/15] bsarec_alpha=0.43, learning_rate=0.001107, weight_decay=0.000234
  -> MRR@20=0.021900  best=0.021900  (early_stop@68, trial=16s, avg=6s/trial, total=49s, ETA=43s)
[TRIAL_METRICS] cur_best_mrr20=0.021900 cur_best_hr10=0.034100 cur_test_mrr20=0.007900 cur_test_hr10=0.031500 run_best_mrr20=0.021900 run_best_hr10=0.034100 run_test_mrr20=0.007900 run_test_hr10=0.031500

[9/15] bsarec_alpha=0.59, learning_rate=0.0003874, weight_decay=7.8e-05
  -> MRR@20=0.005300  best=0.021900  (early_stop@21, trial=5s, avg=6s/trial, total=54s, ETA=36s)
[TRIAL_METRICS] cur_best_mrr20=0.005300 cur_best_hr10=0.012000 cur_test_mrr20=0.000600 cur_test_hr10=0.002900 run_best_mrr20=0.021900 run_best_hr10=0.034100 run_test_mrr20=0.007900 run_test_hr10=0.031500

[10/15] bsarec_alpha=0.43, learning_rate=0.001184, weight_decay=0.000234
  -> MRR@20=0.005900  best=0.021900  (early_stop@16, trial=4s, avg=6s/trial, total=58s, ETA=29s)
[TRIAL_METRICS] cur_best_mrr20=0.005900 cur_best_hr10=0.004000 cur_test_mrr20=0.000900 cur_test_hr10=0.002900 run_best_mrr20=0.021900 run_best_hr10=0.034100 run_test_mrr20=0.007900 run_test_hr10=0.031500

[11/15] bsarec_alpha=0.51, learning_rate=0.001925, weight_decay=7.8e-05
  -> MRR@20=0.007500  best=0.021900  (early_stop@13, trial=3s, avg=6s/trial, total=1.0min, ETA=22s)
[TRIAL_METRICS] cur_best_mrr20=0.007500 cur_best_hr10=0.016100 cur_test_mrr20=0.004100 cur_test_hr10=0.011500 run_best_mrr20=0.021900 run_best_hr10=0.034100 run_test_mrr20=0.007900 run_test_hr10=0.031500

[12/15] bsarec_alpha=0.43, learning_rate=0.000407, weight_decay=0.000234
  -> MRR@20=0.004900  best=0.021900  (early_stop@18, trial=4s, avg=5s/trial, total=1.1min, ETA=16s)
[TRIAL_METRICS] cur_best_mrr20=0.004900 cur_best_hr10=0.006000 cur_test_mrr20=0.000500 cur_test_hr10=0.002900 run_best_mrr20=0.021900 run_best_hr10=0.034100 run_test_mrr20=0.007900 run_test_hr10=0.031500

[13/15] bsarec_alpha=0.59, learning_rate=0.000804, weight_decay=0.000234
  -> MRR@20=0.006200  best=0.021900  (early_stop@18, trial=4s, avg=5s/trial, total=1.2min, ETA=11s)
[TRIAL_METRICS] cur_best_mrr20=0.006200 cur_best_hr10=0.010000 cur_test_mrr20=0.001300 cur_test_hr10=0.005700 run_best_mrr20=0.021900 run_best_hr10=0.034100 run_test_mrr20=0.007900 run_test_hr10=0.031500

[14/15] bsarec_alpha=0.51, learning_rate=0.0003753, weight_decay=0.000234
  -> MRR@20=0.004600  best=0.021900  (early_stop@18, trial=4s, avg=5s/trial, total=1.2min, ETA=5s)
[TRIAL_METRICS] cur_best_mrr20=0.004600 cur_best_hr10=0.006000 cur_test_mrr20=0.000500 cur_test_hr10=0.002900 run_best_mrr20=0.021900 run_best_hr10=0.034100 run_test_mrr20=0.007900 run_test_hr10=0.031500

[15/15] bsarec_alpha=0.51, learning_rate=0.00199, weight_decay=0.000234
  -> MRR@20=0.006600  best=0.021900  (early_stop@13, trial=3s, avg=5s/trial, total=1.3min, ETA=0s)
[TRIAL_METRICS] cur_best_mrr20=0.006600 cur_best_hr10=0.014100 cur_test_mrr20=0.004400 cur_test_hr10=0.011500 run_best_mrr20=0.021900 run_best_hr10=0.034100 run_test_mrr20=0.007900 run_test_hr10=0.031500

=================================================================
  DONE  |  BSARec x beauty
  Best MRR@20 = 0.021900  |  15/15 trials OK
  Best HR@10  = 0.034100
  Test MRR@20 = 0.007900  (best-valid checkpoint)
  Test HR@10  = 0.031500  (best-valid checkpoint)
[RUN_METRICS] best_valid_mrr20=0.021900 best_valid_hr10=0.034100 test_mrr20=0.007900 test_hr10=0.031500
  Total time: 1.3 min
  Best params:
    bsarec_alpha: 0.43
    learning_rate: 0.0011067
    weight_decay: 0.000234
  Results -> /workspace/FeaturedMoE/experiments/run/artifacts/results/baseline_2/beauty_BSARec_baseline2_addtune3_beauty_bsarec_k3_20260416_050819_785577_pid1272139.json
  Normal mirror -> /workspace/FeaturedMoE/experiments/run/artifacts/results/baseline_2/normal/pair60_addtuning3/BASELINE2/beauty/BSARec/beauty_BSARec_baseline2_addtune3_beauty_bsarec_k3_20260416_050819_785577_pid1272139.json
  Special result -> /workspace/FeaturedMoE/experiments/run/artifacts/results/baseline_2/special/pair60_addtuning3/BASELINE2/beauty/BSARec/beauty_BSARec_baseline2_addtune3_beauty_bsarec_k3_20260416_050819_785577_pid1272139_special_metrics.json
  Special log -> /workspace/FeaturedMoE/experiments/run/artifacts/logs/baseline_2/special/pair60_addtuning3/BASELINE2/beauty/BSARec/beauty_BSARec_baseline2_addtune3_beauty_bsarec_k3_20260416_050819_785577_pid1272139_special_metrics.json
=================================================================

[RUN_STATUS] END status=normal pid=1272139 start=2026-04-16T05:08:19 end=2026-04-16T05:09:37
