# CMD
/venv/FMoE/bin/python hyperopt_tune.py --config-name tune_ab --space-yaml /workspace/FeaturedMoE/experiments/run/artifacts/logs/baseline_2/PAIR60_ADDTUNING3/spaces/beauty_fearec_K8.yaml --max-evals 11 --tune-epochs 100 --tune-patience 7 --search-algo tpe --seed 2026041888 --run-group baseline_2 --run-axis pair60_addtuning3 --run-phase BASELINE2_ADDTUNE3_BEAUTY_FEAREC_K8 model=fearec dataset=beauty eval_mode=session_fixed feature_mode=full_v4 gpu_id=4 log_wandb=false show_progress=false ++seed=2026041888 ++eval_sampling.mode=full ++eval_sampling.auto_full_threshold=999999999 ++special_logging=true ++exclude_unseen_target_from_main_eval=true ++log_unseen_target_metrics=true

/venv/FMoE/lib/python3.10/site-packages/ray/_private/parameter.py:4: UserWarning: pkg_resources is deprecated as an API. See https://setuptools.pypa.io/en/latest/pkg_resources.html. The pkg_resources package is slated for removal as early as 2025-11-30. Refrain from using this package or pin to Setuptools<81.
  import pkg_resources
[RUN_STATUS] START pid=1278455 ts=2026-04-16T05:24:33
[SpaceYAML] loaded: /workspace/FeaturedMoE/experiments/run/artifacts/logs/baseline_2/PAIR60_ADDTUNING3/spaces/beauty_fearec_K8.yaml (fixed=14, search=3)

=================================================================
  Hyperopt  |  FEARec x beauty
  max_evals=11  epochs=100  patience=7  wandb=off
  search_algo=tpe
  batch_size(train/valid/test)=4096/8192/8192
  track=baseline_2  axis=pair60_addtuning3  phase=BASELINE2_ADDTUNE3_BEAUTY_FEAREC_K8
=================================================================
Changed knobs: learning_rate, tau, weight_decay
Tuned params(len>1): 3  (~9 discrete combos)
Tuned groups: 3
  [optimization]
    learning_rate                   [0.0003, 0.0022]                          -> loguniform
    weight_decay                    [0.000117, 0.000195, 0.000351]            -> choice
  [other]
    tau                             [0.3346, 0.408, 0.4814]                   -> choice
Fixed params(singleton/non-list): 0
Fixed groups: 0
  (none)

[Wandb] disabled for this hyperopt run

[1/11] learning_rate=0.0005642, tau=0.408, weight_decay=0.000195
  -> MRR@20=0.012900  best=0.012900  (early_stop@19, trial=18s, avg=20s/trial, total=20s, ETA=3.3min)
[TRIAL_METRICS] cur_best_mrr20=0.012900 cur_best_hr10=0.022100 cur_test_mrr20=0.005100 cur_test_hr10=0.008600 run_best_mrr20=0.012900 run_best_hr10=0.022100 run_test_mrr20=0.005100 run_test_hr10=0.008600

[2/11] learning_rate=0.0003807, tau=0.3346, weight_decay=0.000117
  -> MRR@20=0.014500  best=0.014500  (early_stop@24, trial=22s, avg=21s/trial, total=42s, ETA=3.2min)
[TRIAL_METRICS] cur_best_mrr20=0.014500 cur_best_hr10=0.018100 cur_test_mrr20=0.005600 cur_test_hr10=0.008600 run_best_mrr20=0.014500 run_best_hr10=0.018100 run_test_mrr20=0.005600 run_test_hr10=0.008600

[3/11] learning_rate=0.001449, tau=0.3346, weight_decay=0.000195
  -> MRR@20=0.016300  best=0.016300  (early_stop@10, trial=9s, avg=17s/trial, total=52s, ETA=2.3min)
[TRIAL_METRICS] cur_best_mrr20=0.016300 cur_best_hr10=0.020100 cur_test_mrr20=0.009700 cur_test_hr10=0.008600 run_best_mrr20=0.016300 run_best_hr10=0.020100 run_test_mrr20=0.009700 run_test_hr10=0.008600

[4/11] learning_rate=0.0011, tau=0.4814, weight_decay=0.000195
  -> MRR@20=0.016200  best=0.016300  (early_stop@12, trial=11s, avg=16s/trial, total=1.0min, ETA=1.8min)
[TRIAL_METRICS] cur_best_mrr20=0.016200 cur_best_hr10=0.028100 cur_test_mrr20=0.009900 cur_test_hr10=0.017200 run_best_mrr20=0.016300 run_best_hr10=0.020100 run_test_mrr20=0.009700 run_test_hr10=0.008600

[5/11] learning_rate=0.001229, tau=0.3346, weight_decay=0.000117
  -> MRR@20=0.014400  best=0.016300  (early_stop@11, trial=10s, avg=15s/trial, total=1.2min, ETA=1.5min)
[TRIAL_METRICS] cur_best_mrr20=0.014400 cur_best_hr10=0.030100 cur_test_mrr20=0.008500 cur_test_hr10=0.020100 run_best_mrr20=0.016300 run_best_hr10=0.020100 run_test_mrr20=0.009700 run_test_hr10=0.008600

[6/11] learning_rate=0.001448, tau=0.3346, weight_decay=0.000195
  -> MRR@20=0.016300  best=0.016300  (early_stop@10, trial=9s, avg=14s/trial, total=1.4min, ETA=1.2min)
[TRIAL_METRICS] cur_best_mrr20=0.016300 cur_best_hr10=0.020100 cur_test_mrr20=0.009700 cur_test_hr10=0.008600 run_best_mrr20=0.016300 run_best_hr10=0.020100 run_test_mrr20=0.009700 run_test_hr10=0.008600

[7/11] learning_rate=0.0006846, tau=0.408, weight_decay=0.000117
  -> MRR@20=0.013100  best=0.016300  (early_stop@17, trial=15s, avg=14s/trial, total=1.6min, ETA=56s)
[TRIAL_METRICS] cur_best_mrr20=0.013100 cur_best_hr10=0.018100 cur_test_mrr20=0.005000 cur_test_hr10=0.008600 run_best_mrr20=0.016300 run_best_hr10=0.020100 run_test_mrr20=0.009700 run_test_hr10=0.008600

[8/11] learning_rate=0.0006294, tau=0.408, weight_decay=0.000351
  -> MRR@20=0.013200  best=0.016300  (early_stop@18, trial=17s, avg=15s/trial, total=1.9min, ETA=44s)
[TRIAL_METRICS] cur_best_mrr20=0.013200 cur_best_hr10=0.022100 cur_test_mrr20=0.005100 cur_test_hr10=0.008600 run_best_mrr20=0.016300 run_best_hr10=0.020100 run_test_mrr20=0.009700 run_test_hr10=0.008600

[9/11] learning_rate=0.0004543, tau=0.408, weight_decay=0.000351
  -> MRR@20=0.014400  best=0.016300  (early_stop@22, trial=21s, avg=15s/trial, total=2.3min, ETA=30s)
[TRIAL_METRICS] cur_best_mrr20=0.014400 cur_best_hr10=0.020100 cur_test_mrr20=0.005500 cur_test_hr10=0.008600 run_best_mrr20=0.016300 run_best_hr10=0.020100 run_test_mrr20=0.009700 run_test_hr10=0.008600

[10/11] learning_rate=0.0003181, tau=0.408, weight_decay=0.000195
  -> MRR@20=0.013400  best=0.016300  (early_stop@25, trial=23s, avg=16s/trial, total=2.7min, ETA=16s)
[TRIAL_METRICS] cur_best_mrr20=0.013400 cur_best_hr10=0.026100 cur_test_mrr20=0.008200 cur_test_hr10=0.020100 run_best_mrr20=0.016300 run_best_hr10=0.020100 run_test_mrr20=0.009700 run_test_hr10=0.008600

[11/11] learning_rate=0.001992, tau=0.3346, weight_decay=0.000351
  -> MRR@20=0.016800  best=0.016800  (early_stop@10, trial=9s, avg=15s/trial, total=2.8min, ETA=0s)
[TRIAL_METRICS] cur_best_mrr20=0.016800 cur_best_hr10=0.032100 cur_test_mrr20=0.010200 cur_test_hr10=0.020100 run_best_mrr20=0.016800 run_best_hr10=0.032100 run_test_mrr20=0.010200 run_test_hr10=0.020100

=================================================================
  DONE  |  FEARec x beauty
  Best MRR@20 = 0.016800  |  11/11 trials OK
  Best HR@10  = 0.032100
  Test MRR@20 = 0.010200  (best-valid checkpoint)
  Test HR@10  = 0.020100  (best-valid checkpoint)
[RUN_METRICS] best_valid_mrr20=0.016800 best_valid_hr10=0.032100 test_mrr20=0.010200 test_hr10=0.020100
  Total time: 2.8 min
  Best params:
    learning_rate: 0.00199247
    tau: 0.3346
    weight_decay: 0.000351
  Results -> /workspace/FeaturedMoE/experiments/run/artifacts/results/baseline_2/beauty_FEARec_baseline2_addtune3_beauty_fearec_k8_20260416_052433_311072_pid1278455.json
  Normal mirror -> /workspace/FeaturedMoE/experiments/run/artifacts/results/baseline_2/normal/pair60_addtuning3/BASELINE2/beauty/FEARec/beauty_FEARec_baseline2_addtune3_beauty_fearec_k8_20260416_052433_311072_pid1278455.json
  Special result -> /workspace/FeaturedMoE/experiments/run/artifacts/results/baseline_2/special/pair60_addtuning3/BASELINE2/beauty/FEARec/beauty_FEARec_baseline2_addtune3_beauty_fearec_k8_20260416_052433_311072_pid1278455_special_metrics.json
  Special log -> /workspace/FeaturedMoE/experiments/run/artifacts/logs/baseline_2/special/pair60_addtuning3/BASELINE2/beauty/FEARec/beauty_FEARec_baseline2_addtune3_beauty_fearec_k8_20260416_052433_311072_pid1278455_special_metrics.json
=================================================================

[RUN_STATUS] END status=normal pid=1278455 start=2026-04-16T05:24:33 end=2026-04-16T05:27:23
