# CMD
/venv/FMoE/bin/python hyperopt_tune.py --config-name tune_ab --space-yaml /workspace/FeaturedMoE/experiments/run/artifacts/logs/baseline_2/PAIR60_ADDTUNING3/spaces/beauty_fdsa_K1.yaml --max-evals 11 --tune-epochs 100 --tune-patience 7 --search-algo tpe --seed 2026041941 --run-group baseline_2 --run-axis pair60_addtuning3 --run-phase BASELINE2_ADDTUNE3_BEAUTY_FDSA_K1 model=fdsa dataset=beauty eval_mode=session_fixed feature_mode=full_v4 gpu_id=5 log_wandb=false show_progress=false ++seed=2026041941 ++eval_sampling.mode=full ++eval_sampling.auto_full_threshold=999999999 ++special_logging=true ++exclude_unseen_target_from_main_eval=true ++log_unseen_target_metrics=true

/venv/FMoE/lib/python3.10/site-packages/ray/_private/parameter.py:4: UserWarning: pkg_resources is deprecated as an API. See https://setuptools.pypa.io/en/latest/pkg_resources.html. The pkg_resources package is slated for removal as early as 2025-11-30. Refrain from using this package or pin to Setuptools<81.
  import pkg_resources
[RUN_STATUS] START pid=1280947 ts=2026-04-16T05:34:52
[SpaceYAML] loaded: /workspace/FeaturedMoE/experiments/run/artifacts/logs/baseline_2/PAIR60_ADDTUNING3/spaces/beauty_fdsa_K1.yaml (fixed=15, search=3)

=================================================================
  Hyperopt  |  FDSA x beauty
  max_evals=11  epochs=100  patience=7  wandb=off
  search_algo=tpe
  batch_size(train/valid/test)=4096/8192/8192
  track=baseline_2  axis=pair60_addtuning3  phase=BASELINE2_ADDTUNE3_BEAUTY_FDSA_K1
=================================================================
Changed knobs: MAX_ITEM_LIST_LENGTH, lambda_attr, learning_rate
Tuned params(len>1): 3  (~6 discrete combos)
Tuned groups: 3
  [optimization]
    learning_rate                   [0.0002, 0.0016]                          -> loguniform
  [other]
    MAX_ITEM_LIST_LENGTH            [12, 14]                                  -> choice
    lambda_attr                     [0.14, 0.17, 0.2]                         -> choice
Fixed params(singleton/non-list): 0
Fixed groups: 0
  (none)

[Wandb] disabled for this hyperopt run

[1/11] MAX_ITEM_LIST_LENGTH=14, lambda_attr=0.2, learning_rate=0.0004371
  -> MRR@20=0.093500  best=0.093500  (early_stop@55, trial=27s, avg=29s/trial, total=29s, ETA=4.8min)
[TRIAL_METRICS] cur_best_mrr20=0.093500 cur_best_hr10=0.128500 cur_test_mrr20=0.081400 cur_test_hr10=0.117500 run_best_mrr20=0.093500 run_best_hr10=0.128500 run_test_mrr20=0.081400 run_test_hr10=0.117500

[2/11] MAX_ITEM_LIST_LENGTH=14, lambda_attr=0.14, learning_rate=0.0002803
  -> MRR@20=0.095300  best=0.095300  (early_stop@58, trial=30s, avg=30s/trial, total=59s, ETA=4.4min)
[TRIAL_METRICS] cur_best_mrr20=0.095300 cur_best_hr10=0.136500 cur_test_mrr20=0.082000 cur_test_hr10=0.128900 run_best_mrr20=0.095300 run_best_hr10=0.136500 run_test_mrr20=0.082000 run_test_hr10=0.128900

[3/11] MAX_ITEM_LIST_LENGTH=14, lambda_attr=0.2, learning_rate=0.000704
  -> MRR@20=0.090500  best=0.095300  (early_stop@44, trial=22s, avg=27s/trial, total=1.4min, ETA=3.6min)
[TRIAL_METRICS] cur_best_mrr20=0.090500 cur_best_hr10=0.126500 cur_test_mrr20=0.082400 cur_test_hr10=0.123200 run_best_mrr20=0.095300 run_best_hr10=0.136500 run_test_mrr20=0.082000 run_test_hr10=0.128900

[4/11] MAX_ITEM_LIST_LENGTH=12, lambda_attr=0.14, learning_rate=0.0002874
  -> MRR@20=0.094300  best=0.095300  (early_stop@63, trial=30s, avg=28s/trial, total=1.9min, ETA=3.3min)
[TRIAL_METRICS] cur_best_mrr20=0.094300 cur_best_hr10=0.146600 cur_test_mrr20=0.079800 cur_test_hr10=0.120300 run_best_mrr20=0.095300 run_best_hr10=0.136500 run_test_mrr20=0.082000 run_test_hr10=0.128900

[5/11] MAX_ITEM_LIST_LENGTH=14, lambda_attr=0.14, learning_rate=0.0007857
  -> MRR@20=0.091200  best=0.095300  (early_stop@41, trial=21s, avg=27s/trial, total=2.2min, ETA=2.7min)
[TRIAL_METRICS] cur_best_mrr20=0.091200 cur_best_hr10=0.126500 cur_test_mrr20=0.080000 cur_test_hr10=0.123200 run_best_mrr20=0.095300 run_best_hr10=0.136500 run_test_mrr20=0.082000 run_test_hr10=0.128900

[6/11] MAX_ITEM_LIST_LENGTH=14, lambda_attr=0.17, learning_rate=0.0003016
  -> MRR@20=0.095400  best=0.095400  (early_stop@57, trial=28s, avg=27s/trial, total=2.7min, ETA=2.3min)
[TRIAL_METRICS] cur_best_mrr20=0.095400 cur_best_hr10=0.134500 cur_test_mrr20=0.080800 cur_test_hr10=0.126100 run_best_mrr20=0.095400 run_best_hr10=0.134500 run_test_mrr20=0.080800 run_test_hr10=0.126100

[7/11] MAX_ITEM_LIST_LENGTH=14, lambda_attr=0.2, learning_rate=0.0007001
  -> MRR@20=0.090500  best=0.095400  (early_stop@44, trial=21s, avg=26s/trial, total=3.1min, ETA=1.8min)
[TRIAL_METRICS] cur_best_mrr20=0.090500 cur_best_hr10=0.126500 cur_test_mrr20=0.082400 cur_test_hr10=0.123200 run_best_mrr20=0.095400 run_best_hr10=0.134500 run_test_mrr20=0.080800 run_test_hr10=0.126100

[8/11] MAX_ITEM_LIST_LENGTH=12, lambda_attr=0.17, learning_rate=0.0003582
  -> MRR@20=0.094600  best=0.095400  (early_stop@50, trial=25s, avg=26s/trial, total=3.5min, ETA=1.3min)
[TRIAL_METRICS] cur_best_mrr20=0.094600 cur_best_hr10=0.148600 cur_test_mrr20=0.077600 cur_test_hr10=0.117500 run_best_mrr20=0.095400 run_best_hr10=0.134500 run_test_mrr20=0.080800 run_test_hr10=0.126100

[9/11] MAX_ITEM_LIST_LENGTH=14, lambda_attr=0.2, learning_rate=0.0004228
  -> MRR@20=0.094800  best=0.095400  (early_stop@55, trial=26s, avg=26s/trial, total=4.0min, ETA=53s)
[TRIAL_METRICS] cur_best_mrr20=0.094800 cur_best_hr10=0.130500 cur_test_mrr20=0.080500 cur_test_hr10=0.117500 run_best_mrr20=0.095400 run_best_hr10=0.134500 run_test_mrr20=0.080800 run_test_hr10=0.126100

[10/11] MAX_ITEM_LIST_LENGTH=12, lambda_attr=0.17, learning_rate=0.0004644
  -> MRR@20=0.095100  best=0.095400  (early_stop@42, trial=20s, avg=26s/trial, total=4.3min, ETA=26s)
[TRIAL_METRICS] cur_best_mrr20=0.095100 cur_best_hr10=0.154600 cur_test_mrr20=0.079000 cur_test_hr10=0.120300 run_best_mrr20=0.095400 run_best_hr10=0.134500 run_test_mrr20=0.080800 run_test_hr10=0.126100

[11/11] MAX_ITEM_LIST_LENGTH=12, lambda_attr=0.14, learning_rate=0.001118
  -> MRR@20=0.090400  best=0.095400  (early_stop@26, trial=13s, avg=25s/trial, total=4.5min, ETA=0s)
[TRIAL_METRICS] cur_best_mrr20=0.090400 cur_best_hr10=0.144600 cur_test_mrr20=0.077800 cur_test_hr10=0.123200 run_best_mrr20=0.095400 run_best_hr10=0.134500 run_test_mrr20=0.080800 run_test_hr10=0.126100

=================================================================
  DONE  |  FDSA x beauty
  Best MRR@20 = 0.095400  |  11/11 trials OK
  Best HR@10  = 0.134500
  Test MRR@20 = 0.080800  (best-valid checkpoint)
  Test HR@10  = 0.126100  (best-valid checkpoint)
[RUN_METRICS] best_valid_mrr20=0.095400 best_valid_hr10=0.134500 test_mrr20=0.080800 test_hr10=0.126100
  Total time: 4.5 min
  Best params:
    MAX_ITEM_LIST_LENGTH: 14
    lambda_attr: 0.17
    learning_rate: 0.000301587
  Results -> /workspace/FeaturedMoE/experiments/run/artifacts/results/baseline_2/beauty_FDSA_baseline2_addtune3_beauty_fdsa_k1_20260416_053452_668486_pid1280947.json
  Normal mirror -> /workspace/FeaturedMoE/experiments/run/artifacts/results/baseline_2/normal/pair60_addtuning3/BASELINE2/beauty/FDSA/beauty_FDSA_baseline2_addtune3_beauty_fdsa_k1_20260416_053452_668486_pid1280947.json
  Special result -> /workspace/FeaturedMoE/experiments/run/artifacts/results/baseline_2/special/pair60_addtuning3/BASELINE2/beauty/FDSA/beauty_FDSA_baseline2_addtune3_beauty_fdsa_k1_20260416_053452_668486_pid1280947_special_metrics.json
  Special log -> /workspace/FeaturedMoE/experiments/run/artifacts/logs/baseline_2/special/pair60_addtuning3/BASELINE2/beauty/FDSA/beauty_FDSA_baseline2_addtune3_beauty_fdsa_k1_20260416_053452_668486_pid1280947_special_metrics.json
=================================================================

[RUN_STATUS] END status=normal pid=1280947 start=2026-04-16T05:34:52 end=2026-04-16T05:39:23
