# CMD
/venv/FMoE/bin/python hyperopt_tune.py --config-name tune_ab --space-yaml /workspace/FeaturedMoE/experiments/run/artifacts/logs/baseline_2/PAIR60_ADDTUNING3/spaces/beauty_sasrec_K6.yaml --max-evals 11 --tune-epochs 100 --tune-patience 7 --search-algo tpe --seed 2026041916 --run-group baseline_2 --run-axis pair60_addtuning3 --run-phase BASELINE2_ADDTUNE3_BEAUTY_SASREC_K6 model=sasrec dataset=beauty eval_mode=session_fixed feature_mode=full_v4 gpu_id=4 log_wandb=false show_progress=false ++seed=2026041916 ++eval_sampling.mode=full ++eval_sampling.auto_full_threshold=999999999 ++special_logging=true ++exclude_unseen_target_from_main_eval=true ++log_unseen_target_metrics=true

/venv/FMoE/lib/python3.10/site-packages/ray/_private/parameter.py:4: UserWarning: pkg_resources is deprecated as an API. See https://setuptools.pypa.io/en/latest/pkg_resources.html. The pkg_resources package is slated for removal as early as 2025-11-30. Refrain from using this package or pin to Setuptools<81.
  import pkg_resources
[RUN_STATUS] START pid=1280651 ts=2026-04-16T05:33:17
[SpaceYAML] loaded: /workspace/FeaturedMoE/experiments/run/artifacts/logs/baseline_2/PAIR60_ADDTUNING3/spaces/beauty_sasrec_K6.yaml (fixed=9, search=3)

=================================================================
  Hyperopt  |  SASRec x beauty
  max_evals=11  epochs=100  patience=7  wandb=off
  search_algo=tpe
  batch_size(train/valid/test)=4096/8192/8192
  track=baseline_2  axis=pair60_addtuning3  phase=BASELINE2_ADDTUNE3_BEAUTY_SASREC_K6
=================================================================
Changed knobs: MAX_ITEM_LIST_LENGTH, learning_rate, num_layers
Tuned params(len>1): 3  (~4 discrete combos)
Tuned groups: 3
  [optimization]
    learning_rate                   [0.00024648, 0.00295161]                  -> loguniform
  [model_core]
    num_layers                      [1, 2]                                    -> choice
  [other]
    MAX_ITEM_LIST_LENGTH            [12, 14]                                  -> choice
Fixed params(singleton/non-list): 0
Fixed groups: 0
  (none)

[Wandb] disabled for this hyperopt run

[1/11] MAX_ITEM_LIST_LENGTH=14, learning_rate=0.001502, num_layers=2
  -> MRR@20=0.064900  best=0.064900  (early_stop@20, trial=10s, avg=12s/trial, total=12s, ETA=2.1min)
[TRIAL_METRICS] cur_best_mrr20=0.064900 cur_best_hr10=0.146600 cur_test_mrr20=0.055900 cur_test_hr10=0.126100 run_best_mrr20=0.064900 run_best_hr10=0.146600 run_test_mrr20=0.055900 run_test_hr10=0.126100

[2/11] MAX_ITEM_LIST_LENGTH=12, learning_rate=0.0004229, num_layers=1
  -> MRR@20=0.062800  best=0.064900  (early_stop@48, trial=20s, avg=17s/trial, total=33s, ETA=2.5min)
[TRIAL_METRICS] cur_best_mrr20=0.062800 cur_best_hr10=0.156600 cur_test_mrr20=0.054800 cur_test_hr10=0.128900 run_best_mrr20=0.064900 run_best_hr10=0.146600 run_test_mrr20=0.055900 run_test_hr10=0.126100

[3/11] MAX_ITEM_LIST_LENGTH=12, learning_rate=0.00103, num_layers=1
  -> MRR@20=0.081000  best=0.081000  (early_stop@35, trial=13s, avg=16s/trial, total=47s, ETA=2.1min)
[TRIAL_METRICS] cur_best_mrr20=0.081000 cur_best_hr10=0.162700 cur_test_mrr20=0.052800 cur_test_hr10=0.137500 run_best_mrr20=0.081000 run_best_hr10=0.162700 run_test_mrr20=0.052800 run_test_hr10=0.137500

[4/11] MAX_ITEM_LIST_LENGTH=14, learning_rate=0.001355, num_layers=1
  -> MRR@20=0.062900  best=0.081000  (early_stop@20, trial=8s, avg=14s/trial, total=55s, ETA=1.6min)
[TRIAL_METRICS] cur_best_mrr20=0.062900 cur_best_hr10=0.154600 cur_test_mrr20=0.054800 cur_test_hr10=0.128900 run_best_mrr20=0.081000 run_best_hr10=0.162700 run_test_mrr20=0.052800 run_test_hr10=0.137500

[5/11] MAX_ITEM_LIST_LENGTH=14, learning_rate=0.0005068, num_layers=1
  -> MRR@20=0.063700  best=0.081000  (early_stop@42, trial=16s, avg=14s/trial, total=1.2min, ETA=1.4min)
[TRIAL_METRICS] cur_best_mrr20=0.063700 cur_best_hr10=0.162700 cur_test_mrr20=0.054800 cur_test_hr10=0.126100 run_best_mrr20=0.081000 run_best_hr10=0.162700 run_test_mrr20=0.052800 run_test_hr10=0.137500

[6/11] MAX_ITEM_LIST_LENGTH=14, learning_rate=0.002098, num_layers=2
  -> MRR@20=0.081100  best=0.081100  (early_stop@26, trial=10s, avg=14s/trial, total=1.4min, ETA=1.1min)
[TRIAL_METRICS] cur_best_mrr20=0.081100 cur_best_hr10=0.152600 cur_test_mrr20=0.056100 cur_test_hr10=0.134700 run_best_mrr20=0.081100 run_best_hr10=0.152600 run_test_mrr20=0.056100 run_test_hr10=0.134700

[7/11] MAX_ITEM_LIST_LENGTH=12, learning_rate=0.0002848, num_layers=2
  -> MRR@20=0.059600  best=0.081100  (early_stop@53, trial=22s, avg=15s/trial, total=1.7min, ETA=60s)
[TRIAL_METRICS] cur_best_mrr20=0.059600 cur_best_hr10=0.150600 cur_test_mrr20=0.052100 cur_test_hr10=0.123200 run_best_mrr20=0.081100 run_best_hr10=0.152600 run_test_mrr20=0.056100 run_test_hr10=0.134700

[8/11] MAX_ITEM_LIST_LENGTH=14, learning_rate=0.0006849, num_layers=2
  -> MRR@20=0.063900  best=0.081100  (early_stop@29, trial=12s, avg=15s/trial, total=2.0min, ETA=44s)
[TRIAL_METRICS] cur_best_mrr20=0.063900 cur_best_hr10=0.156600 cur_test_mrr20=0.050000 cur_test_hr10=0.131800 run_best_mrr20=0.081100 run_best_hr10=0.152600 run_test_mrr20=0.056100 run_test_hr10=0.134700

[9/11] MAX_ITEM_LIST_LENGTH=12, learning_rate=0.002804, num_layers=2
  -> MRR@20=0.083200  best=0.083200  (early_stop@20, trial=8s, avg=14s/trial, total=2.1min, ETA=28s)
[TRIAL_METRICS] cur_best_mrr20=0.083200 cur_best_hr10=0.160600 cur_test_mrr20=0.049800 cur_test_hr10=0.131800 run_best_mrr20=0.083200 run_best_hr10=0.160600 run_test_mrr20=0.049800 run_test_hr10=0.131800

[10/11] MAX_ITEM_LIST_LENGTH=12, learning_rate=0.001284, num_layers=2
  -> MRR@20=0.079000  best=0.083200  (early_stop@35, trial=14s, avg=14s/trial, total=2.3min, ETA=14s)
[TRIAL_METRICS] cur_best_mrr20=0.079000 cur_best_hr10=0.158600 cur_test_mrr20=0.054700 cur_test_hr10=0.131800 run_best_mrr20=0.083200 run_best_hr10=0.160600 run_test_mrr20=0.049800 run_test_hr10=0.131800

[11/11] MAX_ITEM_LIST_LENGTH=12, learning_rate=0.0004955, num_layers=2
  -> MRR@20=0.063700  best=0.083200  (early_stop@45, trial=19s, avg=15s/trial, total=2.7min, ETA=0s)
[TRIAL_METRICS] cur_best_mrr20=0.063700 cur_best_hr10=0.154600 cur_test_mrr20=0.056000 cur_test_hr10=0.131800 run_best_mrr20=0.083200 run_best_hr10=0.160600 run_test_mrr20=0.049800 run_test_hr10=0.131800

=================================================================
  DONE  |  SASRec x beauty
  Best MRR@20 = 0.083200  |  11/11 trials OK
  Best HR@10  = 0.160600
  Test MRR@20 = 0.049800  (best-valid checkpoint)
  Test HR@10  = 0.131800  (best-valid checkpoint)
[RUN_METRICS] best_valid_mrr20=0.083200 best_valid_hr10=0.160600 test_mrr20=0.049800 test_hr10=0.131800
  Total time: 2.7 min
  Best params:
    MAX_ITEM_LIST_LENGTH: 12
    learning_rate: 0.00280433
    num_layers: 2
  Results -> /workspace/FeaturedMoE/experiments/run/artifacts/results/baseline_2/beauty_SASRec_baseline2_addtune3_beauty_sasrec_k6_20260416_053317_348862_pid1280651.json
  Normal mirror -> /workspace/FeaturedMoE/experiments/run/artifacts/results/baseline_2/normal/pair60_addtuning3/BASELINE2/beauty/SASRec/beauty_SASRec_baseline2_addtune3_beauty_sasrec_k6_20260416_053317_348862_pid1280651.json
  Special result -> /workspace/FeaturedMoE/experiments/run/artifacts/results/baseline_2/special/pair60_addtuning3/BASELINE2/beauty/SASRec/beauty_SASRec_baseline2_addtune3_beauty_sasrec_k6_20260416_053317_348862_pid1280651_special_metrics.json
  Special log -> /workspace/FeaturedMoE/experiments/run/artifacts/logs/baseline_2/special/pair60_addtuning3/BASELINE2/beauty/SASRec/beauty_SASRec_baseline2_addtune3_beauty_sasrec_k6_20260416_053317_348862_pid1280651_special_metrics.json
=================================================================

[RUN_STATUS] END status=normal pid=1280651 start=2026-04-16T05:33:17 end=2026-04-16T05:35:57
