# CMD
/venv/FMoE/bin/python hyperopt_tune.py --config-name tune_ab --space-yaml /workspace/FeaturedMoE/experiments/run/artifacts/logs/baseline_2/PAIR60_ADDTUNING3/spaces/beauty_fame_K5.yaml --max-evals 13 --tune-epochs 100 --tune-patience 7 --search-algo tpe --seed 2026041735 --run-group baseline_2 --run-axis pair60_addtuning3 --run-phase BASELINE2_ADDTUNE3_BEAUTY_FAME_K5 model=fame dataset=beauty eval_mode=session_fixed feature_mode=full_v4 gpu_id=5 log_wandb=false show_progress=false ++seed=2026041735 ++eval_sampling.mode=full ++eval_sampling.auto_full_threshold=999999999 ++special_logging=true ++exclude_unseen_target_from_main_eval=true ++log_unseen_target_metrics=true

/venv/FMoE/lib/python3.10/site-packages/ray/_private/parameter.py:4: UserWarning: pkg_resources is deprecated as an API. See https://setuptools.pypa.io/en/latest/pkg_resources.html. The pkg_resources package is slated for removal as early as 2025-11-30. Refrain from using this package or pin to Setuptools<81.
  import pkg_resources
[RUN_STATUS] START pid=1274541 ts=2026-04-16T05:13:20
[SpaceYAML] loaded: /workspace/FeaturedMoE/experiments/run/artifacts/logs/baseline_2/PAIR60_ADDTUNING3/spaces/beauty_fame_K5.yaml (fixed=10, search=3)

=================================================================
  Hyperopt  |  FAME x beauty
  max_evals=13  epochs=100  patience=7  wandb=off
  search_algo=tpe
  batch_size(train/valid/test)=4096/8192/8192
  track=baseline_2  axis=pair60_addtuning3  phase=BASELINE2_ADDTUNE3_BEAUTY_FAME_K5
=================================================================
Changed knobs: learning_rate, num_experts, weight_decay
Tuned params(len>1): 3  (~6 discrete combos)
Tuned groups: 3
  [optimization]
    learning_rate                   [0.0003, 0.0024]                          -> loguniform
    weight_decay                    [0.000138, 0.00023, 0.000414]             -> choice
  [other]
    num_experts                     [5, 6]                                    -> choice
Fixed params(singleton/non-list): 0
Fixed groups: 0
  (none)

[Wandb] disabled for this hyperopt run

[1/13] learning_rate=0.000514, num_experts=5, weight_decay=0.000414
  -> MRR@20=0.002600  best=0.002600  (early_stop@10, trial=3s, avg=6s/trial, total=6s, ETA=1.2min)
[TRIAL_METRICS] cur_best_mrr20=0.002600 cur_best_hr10=0.002000 cur_test_mrr20=0.002200 cur_test_hr10=0.005700 run_best_mrr20=0.002600 run_best_hr10=0.002000 run_test_mrr20=0.002200 run_test_hr10=0.005700

[2/13] learning_rate=0.001616, num_experts=6, weight_decay=0.000414
  -> MRR@20=0.008800  best=0.008800  (early_stop@21, trial=7s, avg=6s/trial, total=13s, ETA=1.2min)
[TRIAL_METRICS] cur_best_mrr20=0.008800 cur_best_hr10=0.018100 cur_test_mrr20=0.004900 cur_test_hr10=0.011500 run_best_mrr20=0.008800 run_best_hr10=0.018100 run_test_mrr20=0.004900 run_test_hr10=0.011500

[3/13] learning_rate=0.001745, num_experts=5, weight_decay=0.000414
  -> MRR@20=0.009200  best=0.009200  (early_stop@23, trial=7s, avg=7s/trial, total=20s, ETA=1.1min)
[TRIAL_METRICS] cur_best_mrr20=0.009200 cur_best_hr10=0.014100 cur_test_mrr20=0.005000 cur_test_hr10=0.011500 run_best_mrr20=0.009200 run_best_hr10=0.014100 run_test_mrr20=0.005000 run_test_hr10=0.011500

[4/13] learning_rate=0.001224, num_experts=6, weight_decay=0.000414
  -> MRR@20=0.008300  best=0.009200  (early_stop@22, trial=7s, avg=7s/trial, total=28s, ETA=1.0min)
[TRIAL_METRICS] cur_best_mrr20=0.008300 cur_best_hr10=0.016100 cur_test_mrr20=0.004100 cur_test_hr10=0.011500 run_best_mrr20=0.009200 run_best_hr10=0.014100 run_test_mrr20=0.005000 run_test_hr10=0.011500

[5/13] learning_rate=0.001557, num_experts=5, weight_decay=0.000414
  -> MRR@20=0.009300  best=0.009300  (early_stop@23, trial=8s, avg=7s/trial, total=36s, ETA=58s)
[TRIAL_METRICS] cur_best_mrr20=0.009300 cur_best_hr10=0.014100 cur_test_mrr20=0.004800 cur_test_hr10=0.011500 run_best_mrr20=0.009300 run_best_hr10=0.014100 run_test_mrr20=0.004800 run_test_hr10=0.011500

[6/13] learning_rate=0.001865, num_experts=6, weight_decay=0.000138
  -> MRR@20=0.010800  best=0.010800  (early_stop@18, trial=6s, avg=7s/trial, total=43s, ETA=50s)
[TRIAL_METRICS] cur_best_mrr20=0.010800 cur_best_hr10=0.020100 cur_test_mrr20=0.005600 cur_test_hr10=0.017200 run_best_mrr20=0.010800 run_best_hr10=0.020100 run_test_mrr20=0.005600 run_test_hr10=0.017200

[7/13] learning_rate=0.0006979, num_experts=6, weight_decay=0.000414
  -> MRR@20=0.007400  best=0.010800  (early_stop@28, trial=9s, avg=7s/trial, total=52s, ETA=45s)
[TRIAL_METRICS] cur_best_mrr20=0.007400 cur_best_hr10=0.016100 cur_test_mrr20=0.003100 cur_test_hr10=0.011500 run_best_mrr20=0.010800 run_best_hr10=0.020100 run_test_mrr20=0.005600 run_test_hr10=0.017200

[8/13] learning_rate=0.0005097, num_experts=6, weight_decay=0.000414
  -> MRR@20=0.003300  best=0.010800  (early_stop@13, trial=4s, avg=7s/trial, total=56s, ETA=35s)
[TRIAL_METRICS] cur_best_mrr20=0.003300 cur_best_hr10=0.006000 cur_test_mrr20=0.004100 cur_test_hr10=0.008600 run_best_mrr20=0.010800 run_best_hr10=0.020100 run_test_mrr20=0.005600 run_test_hr10=0.017200

[9/13] learning_rate=0.001592, num_experts=6, weight_decay=0.000138
  -> MRR@20=0.010000  best=0.010800  (early_stop@17, trial=6s, avg=7s/trial, total=1.0min, ETA=28s)
[TRIAL_METRICS] cur_best_mrr20=0.010000 cur_best_hr10=0.018100 cur_test_mrr20=0.004300 cur_test_hr10=0.008600 run_best_mrr20=0.010800 run_best_hr10=0.020100 run_test_mrr20=0.005600 run_test_hr10=0.017200

[10/13] learning_rate=0.001887, num_experts=5, weight_decay=0.000138
  -> MRR@20=0.009900  best=0.010800  (early_stop@19, trial=6s, avg=7s/trial, total=1.1min, ETA=21s)
[TRIAL_METRICS] cur_best_mrr20=0.009900 cur_best_hr10=0.024100 cur_test_mrr20=0.004900 cur_test_hr10=0.014300 run_best_mrr20=0.010800 run_best_hr10=0.020100 run_test_mrr20=0.005600 run_test_hr10=0.017200

[11/13] learning_rate=0.0003199, num_experts=5, weight_decay=0.000138
  -> MRR@20=0.002600  best=0.010800  (early_stop@9, trial=3s, avg=7s/trial, total=1.2min, ETA=13s)
[TRIAL_METRICS] cur_best_mrr20=0.002600 cur_best_hr10=0.002000 cur_test_mrr20=0.002200 cur_test_hr10=0.005700 run_best_mrr20=0.010800 run_best_hr10=0.020100 run_test_mrr20=0.005600 run_test_hr10=0.017200

[12/13] learning_rate=0.0008377, num_experts=5, weight_decay=0.000414
  -> MRR@20=0.007900  best=0.010800  (early_stop@30, trial=9s, avg=7s/trial, total=1.4min, ETA=7s)
[TRIAL_METRICS] cur_best_mrr20=0.007900 cur_best_hr10=0.010000 cur_test_mrr20=0.003700 cur_test_hr10=0.011500 run_best_mrr20=0.010800 run_best_hr10=0.020100 run_test_mrr20=0.005600 run_test_hr10=0.017200

[13/13] learning_rate=0.000739, num_experts=5, weight_decay=0.000138
  -> MRR@20=0.008300  best=0.010800  (early_stop@35, trial=9s, avg=7s/trial, total=1.5min, ETA=0s)
[TRIAL_METRICS] cur_best_mrr20=0.008300 cur_best_hr10=0.016100 cur_test_mrr20=0.004500 cur_test_hr10=0.011500 run_best_mrr20=0.010800 run_best_hr10=0.020100 run_test_mrr20=0.005600 run_test_hr10=0.017200

=================================================================
  DONE  |  FAME x beauty
  Best MRR@20 = 0.010800  |  13/13 trials OK
  Best HR@10  = 0.020100
  Test MRR@20 = 0.005600  (best-valid checkpoint)
  Test HR@10  = 0.017200  (best-valid checkpoint)
[RUN_METRICS] best_valid_mrr20=0.010800 best_valid_hr10=0.020100 test_mrr20=0.005600 test_hr10=0.017200
  Total time: 1.5 min
  Best params:
    learning_rate: 0.00186455
    num_experts: 6
    weight_decay: 0.000138
  Results -> /workspace/FeaturedMoE/experiments/run/artifacts/results/baseline_2/beauty_FAME_baseline2_addtune3_beauty_fame_k5_20260416_051320_211076_pid1274541.json
  Normal mirror -> /workspace/FeaturedMoE/experiments/run/artifacts/results/baseline_2/normal/pair60_addtuning3/BASELINE2/beauty/FAME/beauty_FAME_baseline2_addtune3_beauty_fame_k5_20260416_051320_211076_pid1274541.json
  Special result -> /workspace/FeaturedMoE/experiments/run/artifacts/results/baseline_2/special/pair60_addtuning3/BASELINE2/beauty/FAME/beauty_FAME_baseline2_addtune3_beauty_fame_k5_20260416_051320_211076_pid1274541_special_metrics.json
  Special log -> /workspace/FeaturedMoE/experiments/run/artifacts/logs/baseline_2/special/pair60_addtuning3/BASELINE2/beauty/FAME/beauty_FAME_baseline2_addtune3_beauty_fame_k5_20260416_051320_211076_pid1274541_special_metrics.json
=================================================================

[RUN_STATUS] END status=normal pid=1274541 start=2026-04-16T05:13:20 end=2026-04-16T05:14:51
