# CMD
/venv/FMoE/bin/python hyperopt_tune.py --config-name tune_ab --space-yaml /workspace/FeaturedMoE/experiments/run/artifacts/logs/baseline_2/PAIR60_ADDTUNING3/spaces/beauty_fame_K10.yaml --max-evals 13 --tune-epochs 100 --tune-patience 7 --search-algo tpe --seed 2026041740 --run-group baseline_2 --run-axis pair60_addtuning3 --run-phase BASELINE2_ADDTUNE3_BEAUTY_FAME_K10 model=fame dataset=beauty eval_mode=session_fixed feature_mode=full_v4 gpu_id=5 log_wandb=false show_progress=false ++seed=2026041740 ++eval_sampling.mode=full ++eval_sampling.auto_full_threshold=999999999 ++special_logging=true ++exclude_unseen_target_from_main_eval=true ++log_unseen_target_metrics=true

/venv/FMoE/lib/python3.10/site-packages/ray/_private/parameter.py:4: UserWarning: pkg_resources is deprecated as an API. See https://setuptools.pypa.io/en/latest/pkg_resources.html. The pkg_resources package is slated for removal as early as 2025-11-30. Refrain from using this package or pin to Setuptools<81.
  import pkg_resources
[RUN_STATUS] START pid=1254807 ts=2026-04-16T04:38:01
[SpaceYAML] loaded: /workspace/FeaturedMoE/experiments/run/artifacts/logs/baseline_2/PAIR60_ADDTUNING3/spaces/beauty_fame_K10.yaml (fixed=10, search=3)
[UniqueChoice] enabled: dedupe/remap duplicates across 30 finite combos

=================================================================
  Hyperopt  |  FAME x beauty
  max_evals=13  epochs=100  patience=7  wandb=off
  search_algo=tpe
  batch_size(train/valid/test)=4096/8192/8192
  track=baseline_2  axis=pair60_addtuning3  phase=BASELINE2_ADDTUNE3_BEAUTY_FAME_K10
=================================================================
Changed knobs: learning_rate, num_experts, weight_decay
Tuned params(len>1): 3  (~30 discrete combos)
Tuned groups: 3
  [optimization]
    learning_rate                   [0.00015281, 0.00023771, 0.00033959, 0.00047542, 0.00067918]  -> choice
    weight_decay                    ['8e-05', 0.00016, 0.00032]               -> choice
  [other]
    num_experts                     [2, 3]                                    -> choice
Fixed params(singleton/non-list): 0
Fixed groups: 0
  (none)

[Wandb] disabled for this hyperopt run

[1/13] learning_rate=0.0004754, num_experts=3, weight_decay=0.00016
  -> MRR@20=0.005800  best=0.005800  (early_stop@23, trial=17s, avg=19s/trial, total=19s, ETA=3.8min)
[TRIAL_METRICS] cur_best_mrr20=0.005800 cur_best_hr10=0.008000 cur_test_mrr20=0.001800 cur_test_hr10=0.005700 run_best_mrr20=0.005800 run_best_hr10=0.008000 run_test_mrr20=0.001800 run_test_hr10=0.005700

[2/13] learning_rate=0.0001528, num_experts=2, weight_decay=0.00016
  -> MRR@20=0.001600  best=0.005800  (early_stop@8, trial=4s, avg=12s/trial, total=23s, ETA=2.1min)
[TRIAL_METRICS] cur_best_mrr20=0.001600 cur_best_hr10=0.006000 cur_test_mrr20=0.000000 cur_test_hr10=0.000000 run_best_mrr20=0.005800 run_best_hr10=0.008000 run_test_mrr20=0.001800 run_test_hr10=0.005700

[3/13] learning_rate=0.0006792, num_experts=3, weight_decay=8e-05
  -> MRR@20=0.008900  best=0.008900  (early_stop@36, trial=26s, avg=16s/trial, total=49s, ETA=2.7min)
[TRIAL_METRICS] cur_best_mrr20=0.008900 cur_best_hr10=0.014100 cur_test_mrr20=0.003600 cur_test_hr10=0.008600 run_best_mrr20=0.008900 run_best_hr10=0.014100 run_test_mrr20=0.003600 run_test_hr10=0.008600

[4/13] learning_rate=0.0001528, num_experts=3, weight_decay=0.00032
  -> MRR@20=0.002800  best=0.008900  (early_stop@9, trial=6s, avg=14s/trial, total=56s, ETA=2.1min)
[TRIAL_METRICS] cur_best_mrr20=0.002800 cur_best_hr10=0.010000 cur_test_mrr20=0.000900 cur_test_hr10=0.005700 run_best_mrr20=0.008900 run_best_hr10=0.014100 run_test_mrr20=0.003600 run_test_hr10=0.008600

[5/13] learning_rate=0.0002377, num_experts=3, weight_decay=0.00032
  -> MRR@20=0.002800  best=0.008900  (early_stop@8, trial=5s, avg=12s/trial, total=1.0min, ETA=1.6min)
[TRIAL_METRICS] cur_best_mrr20=0.002800 cur_best_hr10=0.010000 cur_test_mrr20=0.000900 cur_test_hr10=0.005700 run_best_mrr20=0.008900 run_best_hr10=0.014100 run_test_mrr20=0.003600 run_test_hr10=0.008600

[6/13] learning_rate=0.0002377, num_experts=2, weight_decay=8e-05
  -> MRR@20=0.001600  best=0.008900  (early_stop@9, trial=5s, avg=11s/trial, total=1.1min, ETA=1.3min)
[TRIAL_METRICS] cur_best_mrr20=0.001600 cur_best_hr10=0.006000 cur_test_mrr20=0.000200 cur_test_hr10=0.000000 run_best_mrr20=0.008900 run_best_hr10=0.014100 run_test_mrr20=0.003600 run_test_hr10=0.008600

[7/13] learning_rate=0.0001528, num_experts=3, weight_decay=8e-05
  -> MRR@20=0.002800  best=0.008900  (early_stop@9, trial=6s, avg=10s/trial, total=1.2min, ETA=1.0min)
[TRIAL_METRICS] cur_best_mrr20=0.002800 cur_best_hr10=0.010000 cur_test_mrr20=0.000900 cur_test_hr10=0.005700 run_best_mrr20=0.008900 run_best_hr10=0.014100 run_test_mrr20=0.003600 run_test_hr10=0.008600

[8/13] learning_rate=0.0004754, num_experts=2, weight_decay=0.00032
  -> MRR@20=0.001700  best=0.008900  (early_stop@8, trial=4s, avg=10s/trial, total=1.3min, ETA=48s)
[TRIAL_METRICS] cur_best_mrr20=0.001700 cur_best_hr10=0.006000 cur_test_mrr20=0.000200 cur_test_hr10=0.000000 run_best_mrr20=0.008900 run_best_hr10=0.014100 run_test_mrr20=0.003600 run_test_hr10=0.008600

[9/13] learning_rate=0.0001528, num_experts=2, weight_decay=0.00032
  -> MRR@20=0.001600  best=0.008900  (early_stop@8, trial=4s, avg=9s/trial, total=1.4min, ETA=36s)
[TRIAL_METRICS] cur_best_mrr20=0.001600 cur_best_hr10=0.006000 cur_test_mrr20=0.000000 cur_test_hr10=0.000000 run_best_mrr20=0.008900 run_best_hr10=0.014100 run_test_mrr20=0.003600 run_test_hr10=0.008600

[10/13] learning_rate=0.0002377, num_experts=2, weight_decay=0.00016
  -> MRR@20=0.001600  best=0.008900  (early_stop@9, trial=5s, avg=9s/trial, total=1.5min, ETA=26s)
[TRIAL_METRICS] cur_best_mrr20=0.001600 cur_best_hr10=0.006000 cur_test_mrr20=0.000200 cur_test_hr10=0.000000 run_best_mrr20=0.008900 run_best_hr10=0.014100 run_test_mrr20=0.003600 run_test_hr10=0.008600

[11/13] learning_rate=0.0002377, num_experts=3, weight_decay=0.00016
  -> MRR@20=0.002800  best=0.008900  (early_stop@8, trial=5s, avg=8s/trial, total=1.5min, ETA=17s)
[TRIAL_METRICS] cur_best_mrr20=0.002800 cur_best_hr10=0.010000 cur_test_mrr20=0.000900 cur_test_hr10=0.005700 run_best_mrr20=0.008900 run_best_hr10=0.014100 run_test_mrr20=0.003600 run_test_hr10=0.008600

[12/13] learning_rate=0.0002377, num_experts=3, weight_decay=8e-05
  -> MRR@20=0.002800  best=0.008900  (early_stop@8, trial=5s, avg=8s/trial, total=1.6min, ETA=8s)
[TRIAL_METRICS] cur_best_mrr20=0.002800 cur_best_hr10=0.010000 cur_test_mrr20=0.000900 cur_test_hr10=0.005700 run_best_mrr20=0.008900 run_best_hr10=0.014100 run_test_mrr20=0.003600 run_test_hr10=0.008600

[13/13] learning_rate=0.0006792, num_experts=3, weight_decay=0.00016
  -> MRR@20=0.008500  best=0.008900  (early_stop@33, trial=24s, avg=9s/trial, total=2.0min, ETA=0s)
[TRIAL_METRICS] cur_best_mrr20=0.008500 cur_best_hr10=0.012000 cur_test_mrr20=0.002000 cur_test_hr10=0.005700 run_best_mrr20=0.008900 run_best_hr10=0.014100 run_test_mrr20=0.003600 run_test_hr10=0.008600

=================================================================
  DONE  |  FAME x beauty
  Best MRR@20 = 0.008900  |  13/13 trials OK
  Best HR@10  = 0.014100
  Test MRR@20 = 0.003600  (best-valid checkpoint)
  Test HR@10  = 0.008600  (best-valid checkpoint)
[RUN_METRICS] best_valid_mrr20=0.008900 best_valid_hr10=0.014100 test_mrr20=0.003600 test_hr10=0.008600
  Total time: 2.0 min
  Best params:
    learning_rate: 0.00067918
    num_experts: 3
    weight_decay: 8e-05
  Results -> /workspace/FeaturedMoE/experiments/run/artifacts/results/baseline_2/beauty_FAME_baseline2_addtune3_beauty_fame_k10_20260416_043801_630347_pid1254807.json
  Normal mirror -> /workspace/FeaturedMoE/experiments/run/artifacts/results/baseline_2/normal/pair60_addtuning3/BASELINE2/beauty/FAME/beauty_FAME_baseline2_addtune3_beauty_fame_k10_20260416_043801_630347_pid1254807.json
  Special result -> /workspace/FeaturedMoE/experiments/run/artifacts/results/baseline_2/special/pair60_addtuning3/BASELINE2/beauty/FAME/beauty_FAME_baseline2_addtune3_beauty_fame_k10_20260416_043801_630347_pid1254807_special_metrics.json
  Special log -> /workspace/FeaturedMoE/experiments/run/artifacts/logs/baseline_2/special/pair60_addtuning3/BASELINE2/beauty/FAME/beauty_FAME_baseline2_addtune3_beauty_fame_k10_20260416_043801_630347_pid1254807_special_metrics.json
=================================================================

[RUN_STATUS] END status=normal pid=1254807 start=2026-04-16T04:38:01 end=2026-04-16T04:40:03
