# CMD
/venv/FMoE/bin/python hyperopt_tune.py --config-name tune_ab --space-yaml /workspace/FeaturedMoE/experiments/run/artifacts/logs/baseline_2/PAIR60_ADDTUNING3/spaces/beauty_difsr_K6.yaml --max-evals 15 --tune-epochs 100 --tune-patience 7 --search-algo tpe --seed 2026041706 --run-group baseline_2 --run-axis pair60_addtuning3 --run-phase BASELINE2_ADDTUNE3_BEAUTY_DIFSR_K6 model=difsr dataset=beauty eval_mode=session_fixed feature_mode=full_v4 gpu_id=5 log_wandb=false show_progress=false ++seed=2026041706 ++eval_sampling.mode=full ++eval_sampling.auto_full_threshold=999999999 ++special_logging=true ++exclude_unseen_target_from_main_eval=true ++log_unseen_target_metrics=true

/venv/FMoE/lib/python3.10/site-packages/ray/_private/parameter.py:4: UserWarning: pkg_resources is deprecated as an API. See https://setuptools.pypa.io/en/latest/pkg_resources.html. The pkg_resources package is slated for removal as early as 2025-11-30. Refrain from using this package or pin to Setuptools<81.
  import pkg_resources
[RUN_STATUS] START pid=1271476 ts=2026-04-16T05:07:09
[SpaceYAML] loaded: /workspace/FeaturedMoE/experiments/run/artifacts/logs/baseline_2/PAIR60_ADDTUNING3/spaces/beauty_difsr_K6.yaml (fixed=13, search=3)

=================================================================
  Hyperopt  |  DIFSR x beauty
  max_evals=15  epochs=100  patience=7  wandb=off
  search_algo=tpe
  batch_size(train/valid/test)=4096/8192/8192
  track=baseline_2  axis=pair60_addtuning3  phase=BASELINE2_ADDTUNE3_BEAUTY_DIFSR_K6
=================================================================
Changed knobs: MAX_ITEM_LIST_LENGTH, lambda_attr, learning_rate
Tuned params(len>1): 3  (~6 discrete combos)
Tuned groups: 3
  [optimization]
    learning_rate                   [0.0002, 0.00198563]                      -> loguniform
  [other]
    MAX_ITEM_LIST_LENGTH            [12, 14]                                  -> choice
    lambda_attr                     [0.14, 0.17, 0.2]                         -> choice
Fixed params(singleton/non-list): 0
Fixed groups: 0
  (none)

[Wandb] disabled for this hyperopt run

[1/15] MAX_ITEM_LIST_LENGTH=12, lambda_attr=0.17, learning_rate=0.001838
  -> MRR@20=0.004400  best=0.004400  (early_stop@16, trial=4s, avg=6s/trial, total=6s, ETA=1.4min)
[TRIAL_METRICS] cur_best_mrr20=0.004400 cur_best_hr10=0.004000 cur_test_mrr20=0.000500 cur_test_hr10=0.000000 run_best_mrr20=0.004400 run_best_hr10=0.004000 run_test_mrr20=0.000500 run_test_hr10=0.000000

[2/15] MAX_ITEM_LIST_LENGTH=14, lambda_attr=0.14, learning_rate=0.0007479
  -> MRR@20=0.001000  best=0.004400  (early_stop@8, trial=1s, avg=4s/trial, total=8s, ETA=53s)
[TRIAL_METRICS] cur_best_mrr20=0.001000 cur_best_hr10=0.006000 cur_test_mrr20=0.000200 cur_test_hr10=0.000000 run_best_mrr20=0.004400 run_best_hr10=0.004000 run_test_mrr20=0.000500 run_test_hr10=0.000000

[3/15] MAX_ITEM_LIST_LENGTH=14, lambda_attr=0.2, learning_rate=0.0007769
  -> MRR@20=0.000900  best=0.004400  (early_stop@8, trial=1s, avg=3s/trial, total=10s, ETA=39s)
[TRIAL_METRICS] cur_best_mrr20=0.000900 cur_best_hr10=0.006000 cur_test_mrr20=0.000200 cur_test_hr10=0.000000 run_best_mrr20=0.004400 run_best_hr10=0.004000 run_test_mrr20=0.000500 run_test_hr10=0.000000

[4/15] MAX_ITEM_LIST_LENGTH=12, lambda_attr=0.17, learning_rate=0.0005113
  -> MRR@20=0.001000  best=0.004400  (early_stop@8, trial=1s, avg=3s/trial, total=11s, ETA=31s)
[TRIAL_METRICS] cur_best_mrr20=0.001000 cur_best_hr10=0.002000 cur_test_mrr20=0.000200 cur_test_hr10=0.000000 run_best_mrr20=0.004400 run_best_hr10=0.004000 run_test_mrr20=0.000500 run_test_hr10=0.000000

[5/15] MAX_ITEM_LIST_LENGTH=14, lambda_attr=0.17, learning_rate=0.0002215
  -> MRR@20=0.001600  best=0.004400  (early_stop@8, trial=1s, avg=3s/trial, total=13s, ETA=26s)
[TRIAL_METRICS] cur_best_mrr20=0.001600 cur_best_hr10=0.006000 cur_test_mrr20=0.000200 cur_test_hr10=0.000000 run_best_mrr20=0.004400 run_best_hr10=0.004000 run_test_mrr20=0.000500 run_test_hr10=0.000000

[6/15] MAX_ITEM_LIST_LENGTH=12, lambda_attr=0.2, learning_rate=0.001451
  -> MRR@20=0.004500  best=0.004500  (early_stop@18, trial=3s, avg=3s/trial, total=16s, ETA=24s)
[TRIAL_METRICS] cur_best_mrr20=0.004500 cur_best_hr10=0.004000 cur_test_mrr20=0.000400 cur_test_hr10=0.002900 run_best_mrr20=0.004500 run_best_hr10=0.004000 run_test_mrr20=0.000400 run_test_hr10=0.002900

[7/15] MAX_ITEM_LIST_LENGTH=14, lambda_attr=0.14, learning_rate=0.0007886
  -> MRR@20=0.000900  best=0.004500  (early_stop@8, trial=1s, avg=2s/trial, total=17s, ETA=20s)
[TRIAL_METRICS] cur_best_mrr20=0.000900 cur_best_hr10=0.006000 cur_test_mrr20=0.000200 cur_test_hr10=0.000000 run_best_mrr20=0.004500 run_best_hr10=0.004000 run_test_mrr20=0.000400 run_test_hr10=0.002900

[8/15] MAX_ITEM_LIST_LENGTH=14, lambda_attr=0.14, learning_rate=0.0008202
  -> MRR@20=0.000900  best=0.004500  (early_stop@8, trial=1s, avg=2s/trial, total=19s, ETA=17s)
[TRIAL_METRICS] cur_best_mrr20=0.000900 cur_best_hr10=0.006000 cur_test_mrr20=0.000200 cur_test_hr10=0.000000 run_best_mrr20=0.004500 run_best_hr10=0.004000 run_test_mrr20=0.000400 run_test_hr10=0.002900

[9/15] MAX_ITEM_LIST_LENGTH=12, lambda_attr=0.14, learning_rate=0.0009236
  -> MRR@20=0.001000  best=0.004500  (early_stop@8, trial=1s, avg=2s/trial, total=21s, ETA=14s)
[TRIAL_METRICS] cur_best_mrr20=0.001000 cur_best_hr10=0.002000 cur_test_mrr20=0.000000 cur_test_hr10=0.000000 run_best_mrr20=0.004500 run_best_hr10=0.004000 run_test_mrr20=0.000400 run_test_hr10=0.002900

[10/15] MAX_ITEM_LIST_LENGTH=12, lambda_attr=0.14, learning_rate=0.0007413
  -> MRR@20=0.001000  best=0.004500  (early_stop@8, trial=1s, avg=2s/trial, total=22s, ETA=11s)
[TRIAL_METRICS] cur_best_mrr20=0.001000 cur_best_hr10=0.002000 cur_test_mrr20=0.000200 cur_test_hr10=0.000000 run_best_mrr20=0.004500 run_best_hr10=0.004000 run_test_mrr20=0.000400 run_test_hr10=0.002900

[11/15] MAX_ITEM_LIST_LENGTH=14, lambda_attr=0.2, learning_rate=0.001325
  -> MRR@20=0.007500  best=0.007500  (early_stop@21, trial=3s, avg=2s/trial, total=26s, ETA=10s)
[TRIAL_METRICS] cur_best_mrr20=0.007500 cur_best_hr10=0.018100 cur_test_mrr20=0.001800 cur_test_hr10=0.008600 run_best_mrr20=0.007500 run_best_hr10=0.018100 run_test_mrr20=0.001800 run_test_hr10=0.008600

[12/15] MAX_ITEM_LIST_LENGTH=12, lambda_attr=0.2, learning_rate=0.000437
  -> MRR@20=0.001100  best=0.007500  (early_stop@10, trial=2s, avg=2s/trial, total=29s, ETA=7s)
[TRIAL_METRICS] cur_best_mrr20=0.001100 cur_best_hr10=0.002000 cur_test_mrr20=0.000200 cur_test_hr10=0.000000 run_best_mrr20=0.007500 run_best_hr10=0.018100 run_test_mrr20=0.001800 run_test_hr10=0.008600

[13/15] MAX_ITEM_LIST_LENGTH=14, lambda_attr=0.14, learning_rate=0.0009656
  -> MRR@20=0.000900  best=0.007500  (early_stop@8, trial=1s, avg=2s/trial, total=31s, ETA=5s)
[TRIAL_METRICS] cur_best_mrr20=0.000900 cur_best_hr10=0.006000 cur_test_mrr20=0.000200 cur_test_hr10=0.000000 run_best_mrr20=0.007500 run_best_hr10=0.018100 run_test_mrr20=0.001800 run_test_hr10=0.008600

[14/15] MAX_ITEM_LIST_LENGTH=14, lambda_attr=0.17, learning_rate=0.001138
  -> MRR@20=0.006900  best=0.007500  (early_stop@23, trial=4s, avg=2s/trial, total=35s, ETA=2s)
[TRIAL_METRICS] cur_best_mrr20=0.006900 cur_best_hr10=0.014100 cur_test_mrr20=0.001600 cur_test_hr10=0.008600 run_best_mrr20=0.007500 run_best_hr10=0.018100 run_test_mrr20=0.001800 run_test_hr10=0.008600

[15/15] MAX_ITEM_LIST_LENGTH=14, lambda_attr=0.2, learning_rate=0.0004177
  -> MRR@20=0.001600  best=0.007500  (early_stop@8, trial=1s, avg=2s/trial, total=36s, ETA=0s)
[TRIAL_METRICS] cur_best_mrr20=0.001600 cur_best_hr10=0.006000 cur_test_mrr20=0.000200 cur_test_hr10=0.000000 run_best_mrr20=0.007500 run_best_hr10=0.018100 run_test_mrr20=0.001800 run_test_hr10=0.008600

=================================================================
  DONE  |  DIFSR x beauty
  Best MRR@20 = 0.007500  |  15/15 trials OK
  Best HR@10  = 0.018100
  Test MRR@20 = 0.001800  (best-valid checkpoint)
  Test HR@10  = 0.008600  (best-valid checkpoint)
[RUN_METRICS] best_valid_mrr20=0.007500 best_valid_hr10=0.018100 test_mrr20=0.001800 test_hr10=0.008600
  Total time: 0.6 min
  Best params:
    MAX_ITEM_LIST_LENGTH: 14
    lambda_attr: 0.2
    learning_rate: 0.0013245
  Results -> /workspace/FeaturedMoE/experiments/run/artifacts/results/baseline_2/beauty_DIFSR_baseline2_addtune3_beauty_difsr_k6_20260416_050709_523495_pid1271476.json
  Normal mirror -> /workspace/FeaturedMoE/experiments/run/artifacts/results/baseline_2/normal/pair60_addtuning3/BASELINE2/beauty/DIFSR/beauty_DIFSR_baseline2_addtune3_beauty_difsr_k6_20260416_050709_523495_pid1271476.json
  Special result -> /workspace/FeaturedMoE/experiments/run/artifacts/results/baseline_2/special/pair60_addtuning3/BASELINE2/beauty/DIFSR/beauty_DIFSR_baseline2_addtune3_beauty_difsr_k6_20260416_050709_523495_pid1271476_special_metrics.json
  Special log -> /workspace/FeaturedMoE/experiments/run/artifacts/logs/baseline_2/special/pair60_addtuning3/BASELINE2/beauty/DIFSR/beauty_DIFSR_baseline2_addtune3_beauty_difsr_k6_20260416_050709_523495_pid1271476_special_metrics.json
=================================================================

[RUN_STATUS] END status=normal pid=1271476 start=2026-04-16T05:07:09 end=2026-04-16T05:07:45
