# CMD
/venv/FMoE/bin/python hyperopt_tune.py --config-name tune_ab --space-yaml /workspace/FeaturedMoE/experiments/run/artifacts/logs/baseline_2/PAIR60_ADDTUNING3/spaces/beauty_gru4rec_K1.yaml --max-evals 15 --tune-epochs 100 --tune-patience 7 --search-algo tpe --seed 2026041791 --run-group baseline_2 --run-axis pair60_addtuning3 --run-phase BASELINE2_ADDTUNE3_BEAUTY_GRU4REC_K1 model=gru4rec dataset=beauty eval_mode=session_fixed feature_mode=full_v4 gpu_id=1 log_wandb=false show_progress=false ++seed=2026041791 ++eval_sampling.mode=full ++eval_sampling.auto_full_threshold=999999999 ++special_logging=true ++exclude_unseen_target_from_main_eval=true ++log_unseen_target_metrics=true

/venv/FMoE/lib/python3.10/site-packages/ray/_private/parameter.py:4: UserWarning: pkg_resources is deprecated as an API. See https://setuptools.pypa.io/en/latest/pkg_resources.html. The pkg_resources package is slated for removal as early as 2025-11-30. Refrain from using this package or pin to Setuptools<81.
  import pkg_resources
[RUN_STATUS] START pid=1272833 ts=2026-04-16T05:09:48
[SpaceYAML] loaded: /workspace/FeaturedMoE/experiments/run/artifacts/logs/baseline_2/PAIR60_ADDTUNING3/spaces/beauty_gru4rec_K1.yaml (fixed=7, search=3)

=================================================================
  Hyperopt  |  GRU4Rec x beauty
  max_evals=15  epochs=100  patience=7  wandb=off
  search_algo=tpe
  batch_size(train/valid/test)=4096/8192/8192
  track=baseline_2  axis=pair60_addtuning3  phase=BASELINE2_ADDTUNE3_BEAUTY_GRU4REC_K1
=================================================================
Changed knobs: MAX_ITEM_LIST_LENGTH, learning_rate, num_layers
Tuned params(len>1): 3  (~4 discrete combos)
Tuned groups: 3
  [optimization]
    learning_rate                   [0.00028949, 0.00362424]                  -> loguniform
  [model_core]
    num_layers                      [1, 2]                                    -> choice
  [other]
    MAX_ITEM_LIST_LENGTH            [12, 14]                                  -> choice
Fixed params(singleton/non-list): 0
Fixed groups: 0
  (none)

[Wandb] disabled for this hyperopt run

[1/15] MAX_ITEM_LIST_LENGTH=14, learning_rate=0.001205, num_layers=1
  -> MRR@20=0.007200  best=0.007200  (early_stop@13, trial=3s, avg=6s/trial, total=6s, ETA=1.4min)
[TRIAL_METRICS] cur_best_mrr20=0.007200 cur_best_hr10=0.018100 cur_test_mrr20=0.039500 cur_test_hr10=0.043000 run_best_mrr20=0.007200 run_best_hr10=0.018100 run_test_mrr20=0.039500 run_test_hr10=0.043000

[2/15] MAX_ITEM_LIST_LENGTH=12, learning_rate=0.001201, num_layers=1
  -> MRR@20=0.007500  best=0.007500  (early_stop@13, trial=3s, avg=5s/trial, total=9s, ETA=59s)
[TRIAL_METRICS] cur_best_mrr20=0.007500 cur_best_hr10=0.020100 cur_test_mrr20=0.033800 cur_test_hr10=0.043000 run_best_mrr20=0.007500 run_best_hr10=0.020100 run_test_mrr20=0.033800 run_test_hr10=0.043000

[3/15] MAX_ITEM_LIST_LENGTH=14, learning_rate=0.0004836, num_layers=2
  -> MRR@20=0.005300  best=0.007500  (early_stop@15, trial=5s, avg=5s/trial, total=15s, ETA=59s)
[TRIAL_METRICS] cur_best_mrr20=0.005300 cur_best_hr10=0.008000 cur_test_mrr20=0.002400 cur_test_hr10=0.005700 run_best_mrr20=0.007500 run_best_hr10=0.020100 run_test_mrr20=0.033800 run_test_hr10=0.043000

[4/15] MAX_ITEM_LIST_LENGTH=12, learning_rate=0.00305, num_layers=2
  -> MRR@20=0.043000  best=0.043000  (early_stop@34, trial=11s, avg=6s/trial, total=26s, ETA=1.2min)
[TRIAL_METRICS] cur_best_mrr20=0.043000 cur_best_hr10=0.090400 cur_test_mrr20=0.020800 cur_test_hr10=0.063000 run_best_mrr20=0.043000 run_best_hr10=0.090400 run_test_mrr20=0.020800 run_test_hr10=0.063000

[5/15] MAX_ITEM_LIST_LENGTH=12, learning_rate=0.0005348, num_layers=1
  -> MRR@20=0.004200  best=0.043000  (early_stop@9, trial=2s, avg=6s/trial, total=28s, ETA=56s)
[TRIAL_METRICS] cur_best_mrr20=0.004200 cur_best_hr10=0.018100 cur_test_mrr20=0.002800 cur_test_hr10=0.014300 run_best_mrr20=0.043000 run_best_hr10=0.090400 run_test_mrr20=0.020800 run_test_hr10=0.063000

[6/15] MAX_ITEM_LIST_LENGTH=14, learning_rate=0.003422, num_layers=1
  -> MRR@20=0.055000  best=0.055000  (early_stop@28, trial=7s, avg=6s/trial, total=35s, ETA=53s)
[TRIAL_METRICS] cur_best_mrr20=0.055000 cur_best_hr10=0.124500 cur_test_mrr20=0.022300 cur_test_hr10=0.051600 run_best_mrr20=0.055000 run_best_hr10=0.124500 run_test_mrr20=0.022300 run_test_hr10=0.051600

[7/15] MAX_ITEM_LIST_LENGTH=12, learning_rate=0.001623, num_layers=1
  -> MRR@20=0.004700  best=0.055000  (early_stop@12, trial=2s, avg=6s/trial, total=39s, ETA=44s)
[TRIAL_METRICS] cur_best_mrr20=0.004700 cur_best_hr10=0.010000 cur_test_mrr20=0.002300 cur_test_hr10=0.002900 run_best_mrr20=0.055000 run_best_hr10=0.124500 run_test_mrr20=0.022300 run_test_hr10=0.051600

[8/15] MAX_ITEM_LIST_LENGTH=14, learning_rate=0.0008252, num_layers=1
  -> MRR@20=0.006300  best=0.055000  (early_stop@14, trial=3s, avg=5s/trial, total=42s, ETA=37s)
[TRIAL_METRICS] cur_best_mrr20=0.006300 cur_best_hr10=0.020100 cur_test_mrr20=0.018700 cur_test_hr10=0.043000 run_best_mrr20=0.055000 run_best_hr10=0.124500 run_test_mrr20=0.022300 run_test_hr10=0.051600

[9/15] MAX_ITEM_LIST_LENGTH=12, learning_rate=0.0006829, num_layers=2
  -> MRR@20=0.005300  best=0.055000  (early_stop@13, trial=4s, avg=5s/trial, total=46s, ETA=31s)
[TRIAL_METRICS] cur_best_mrr20=0.005300 cur_best_hr10=0.010000 cur_test_mrr20=0.006100 cur_test_hr10=0.017200 run_best_mrr20=0.055000 run_best_hr10=0.124500 run_test_mrr20=0.022300 run_test_hr10=0.051600

[10/15] MAX_ITEM_LIST_LENGTH=14, learning_rate=0.0005753, num_layers=1
  -> MRR@20=0.004600  best=0.055000  (early_stop@16, trial=3s, avg=5s/trial, total=50s, ETA=25s)
[TRIAL_METRICS] cur_best_mrr20=0.004600 cur_best_hr10=0.020100 cur_test_mrr20=0.010500 cur_test_hr10=0.043000 run_best_mrr20=0.055000 run_best_hr10=0.124500 run_test_mrr20=0.022300 run_test_hr10=0.051600

[11/15] MAX_ITEM_LIST_LENGTH=12, learning_rate=0.0009682, num_layers=2
  -> MRR@20=0.004400  best=0.055000  (early_stop@12, trial=3s, avg=5s/trial, total=53s, ETA=19s)
[TRIAL_METRICS] cur_best_mrr20=0.004400 cur_best_hr10=0.016100 cur_test_mrr20=0.003100 cur_test_hr10=0.008600 run_best_mrr20=0.055000 run_best_hr10=0.124500 run_test_mrr20=0.022300 run_test_hr10=0.051600

[12/15] MAX_ITEM_LIST_LENGTH=12, learning_rate=0.0007945, num_layers=1
  -> MRR@20=0.006100  best=0.055000  (early_stop@14, trial=2s, avg=5s/trial, total=56s, ETA=14s)
[TRIAL_METRICS] cur_best_mrr20=0.006100 cur_best_hr10=0.016100 cur_test_mrr20=0.017800 cur_test_hr10=0.043000 run_best_mrr20=0.055000 run_best_hr10=0.124500 run_test_mrr20=0.022300 run_test_hr10=0.051600

[13/15] MAX_ITEM_LIST_LENGTH=12, learning_rate=0.000348, num_layers=1
  -> MRR@20=0.004400  best=0.055000  (early_stop@9, trial=2s, avg=4s/trial, total=58s, ETA=9s)
[TRIAL_METRICS] cur_best_mrr20=0.004400 cur_best_hr10=0.018100 cur_test_mrr20=0.002700 cur_test_hr10=0.014300 run_best_mrr20=0.055000 run_best_hr10=0.124500 run_test_mrr20=0.022300 run_test_hr10=0.051600

[14/15] MAX_ITEM_LIST_LENGTH=12, learning_rate=0.003503, num_layers=1
  -> MRR@20=0.053500  best=0.055000  (early_stop@34, trial=8s, avg=5s/trial, total=1.1min, ETA=5s)
[TRIAL_METRICS] cur_best_mrr20=0.053500 cur_best_hr10=0.120500 cur_test_mrr20=0.025300 cur_test_hr10=0.045800 run_best_mrr20=0.055000 run_best_hr10=0.124500 run_test_mrr20=0.022300 run_test_hr10=0.051600

[15/15] MAX_ITEM_LIST_LENGTH=14, learning_rate=0.0008796, num_layers=2
  -> MRR@20=0.006200  best=0.055000  (early_stop@12, trial=4s, avg=5s/trial, total=1.2min, ETA=0s)
[TRIAL_METRICS] cur_best_mrr20=0.006200 cur_best_hr10=0.010000 cur_test_mrr20=0.002700 cur_test_hr10=0.011500 run_best_mrr20=0.055000 run_best_hr10=0.124500 run_test_mrr20=0.022300 run_test_hr10=0.051600

=================================================================
  DONE  |  GRU4Rec x beauty
  Best MRR@20 = 0.055000  |  15/15 trials OK
  Best HR@10  = 0.124500
  Test MRR@20 = 0.022300  (best-valid checkpoint)
  Test HR@10  = 0.051600  (best-valid checkpoint)
[RUN_METRICS] best_valid_mrr20=0.055000 best_valid_hr10=0.124500 test_mrr20=0.022300 test_hr10=0.051600
  Total time: 1.2 min
  Best params:
    MAX_ITEM_LIST_LENGTH: 14
    learning_rate: 0.00342247
    num_layers: 1
  Results -> /workspace/FeaturedMoE/experiments/run/artifacts/results/baseline_2/beauty_GRU4Rec_baseline2_addtune3_beauty_gru4rec_k1_20260416_050948_491380_pid1272833.json
  Normal mirror -> /workspace/FeaturedMoE/experiments/run/artifacts/results/baseline_2/normal/pair60_addtuning3/BASELINE2/beauty/GRU4Rec/beauty_GRU4Rec_baseline2_addtune3_beauty_gru4rec_k1_20260416_050948_491380_pid1272833.json
  Special result -> /workspace/FeaturedMoE/experiments/run/artifacts/results/baseline_2/special/pair60_addtuning3/BASELINE2/beauty/GRU4Rec/beauty_GRU4Rec_baseline2_addtune3_beauty_gru4rec_k1_20260416_050948_491380_pid1272833_special_metrics.json
  Special log -> /workspace/FeaturedMoE/experiments/run/artifacts/logs/baseline_2/special/pair60_addtuning3/BASELINE2/beauty/GRU4Rec/beauty_GRU4Rec_baseline2_addtune3_beauty_gru4rec_k1_20260416_050948_491380_pid1272833_special_metrics.json
=================================================================

[RUN_STATUS] END status=normal pid=1272833 start=2026-04-16T05:09:48 end=2026-04-16T05:10:58
