# CMD
/venv/FMoE/bin/python hyperopt_tune.py --config-name tune_ab --space-yaml /workspace/FeaturedMoE/experiments/run/artifacts/logs/baseline_2/PAIR60_ADDTUNING3/spaces/beauty_fame_K12.yaml --max-evals 13 --tune-epochs 100 --tune-patience 7 --search-algo tpe --seed 2026041742 --run-group baseline_2 --run-axis pair60_addtuning3 --run-phase BASELINE2_ADDTUNE3_BEAUTY_FAME_K12 model=fame dataset=beauty eval_mode=session_fixed feature_mode=full_v4 gpu_id=1 log_wandb=false show_progress=false ++seed=2026041742 ++eval_sampling.mode=full ++eval_sampling.auto_full_threshold=999999999 ++special_logging=true ++exclude_unseen_target_from_main_eval=true ++log_unseen_target_metrics=true

/venv/FMoE/lib/python3.10/site-packages/ray/_private/parameter.py:4: UserWarning: pkg_resources is deprecated as an API. See https://setuptools.pypa.io/en/latest/pkg_resources.html. The pkg_resources package is slated for removal as early as 2025-11-30. Refrain from using this package or pin to Setuptools<81.
  import pkg_resources
[RUN_STATUS] START pid=1274226 ts=2026-04-16T05:12:49
[SpaceYAML] loaded: /workspace/FeaturedMoE/experiments/run/artifacts/logs/baseline_2/PAIR60_ADDTUNING3/spaces/beauty_fame_K12.yaml (fixed=10, search=3)

=================================================================
  Hyperopt  |  FAME x beauty
  max_evals=13  epochs=100  patience=7  wandb=off
  search_algo=tpe
  batch_size(train/valid/test)=4096/8192/8192
  track=baseline_2  axis=pair60_addtuning3  phase=BASELINE2_ADDTUNE3_BEAUTY_FAME_K12
=================================================================
Changed knobs: learning_rate, num_experts, weight_decay
Tuned params(len>1): 3  (~6 discrete combos)
Tuned groups: 3
  [optimization]
    learning_rate                   [0.0002, 0.0018]                          -> loguniform
    weight_decay                    [7.5e-05, 0.000125, 0.000225]             -> choice
  [other]
    num_experts                     [2, 3]                                    -> choice
Fixed params(singleton/non-list): 0
Fixed groups: 0
  (none)

[Wandb] disabled for this hyperopt run

[1/13] learning_rate=0.0002205, num_experts=2, weight_decay=0.000125
  -> MRR@20=0.002500  best=0.002500  (early_stop@29, trial=17s, avg=19s/trial, total=19s, ETA=3.9min)
[TRIAL_METRICS] cur_best_mrr20=0.002500 cur_best_hr10=0.004000 cur_test_mrr20=0.003300 cur_test_hr10=0.014300 run_best_mrr20=0.002500 run_best_hr10=0.004000 run_test_mrr20=0.003300 run_test_hr10=0.014300

[2/13] learning_rate=0.0002576, num_experts=2, weight_decay=0.000125
  -> MRR@20=0.002500  best=0.002500  (early_stop@24, trial=13s, avg=16s/trial, total=32s, ETA=3.0min)
[TRIAL_METRICS] cur_best_mrr20=0.002500 cur_best_hr10=0.004000 cur_test_mrr20=0.003200 cur_test_hr10=0.011500 run_best_mrr20=0.002500 run_best_hr10=0.004000 run_test_mrr20=0.003200 run_test_hr10=0.011500

[3/13] learning_rate=0.0003092, num_experts=2, weight_decay=7.5e-05
  -> MRR@20=0.002700  best=0.002700  (early_stop@24, trial=16s, avg=16s/trial, total=48s, ETA=2.7min)
[TRIAL_METRICS] cur_best_mrr20=0.002700 cur_best_hr10=0.004000 cur_test_mrr20=0.005400 cur_test_hr10=0.014300 run_best_mrr20=0.002700 run_best_hr10=0.004000 run_test_mrr20=0.005400 run_test_hr10=0.014300

[4/13] learning_rate=0.0002287, num_experts=3, weight_decay=7.5e-05
  -> MRR@20=0.000500  best=0.002700  (early_stop@8, trial=6s, avg=14s/trial, total=54s, ETA=2.0min)
[TRIAL_METRICS] cur_best_mrr20=0.000500 cur_best_hr10=0.002000 cur_test_mrr20=0.003200 cur_test_hr10=0.011500 run_best_mrr20=0.002700 run_best_hr10=0.004000 run_test_mrr20=0.005400 run_test_hr10=0.014300

[5/13] learning_rate=0.001093, num_experts=2, weight_decay=0.000125
  -> MRR@20=0.006600  best=0.006600  (early_stop@29, trial=18s, avg=14s/trial, total=1.2min, ETA=1.9min)
[TRIAL_METRICS] cur_best_mrr20=0.006600 cur_best_hr10=0.014100 cur_test_mrr20=0.011900 cur_test_hr10=0.022900 run_best_mrr20=0.006600 run_best_hr10=0.014100 run_test_mrr20=0.011900 run_test_hr10=0.022900

[6/13] learning_rate=0.0003479, num_experts=2, weight_decay=0.000125
  -> MRR@20=0.004700  best=0.006600  (early_stop@45, trial=28s, avg=17s/trial, total=1.7min, ETA=2.0min)
[TRIAL_METRICS] cur_best_mrr20=0.004700 cur_best_hr10=0.012000 cur_test_mrr20=0.007800 cur_test_hr10=0.022900 run_best_mrr20=0.006600 run_best_hr10=0.014100 run_test_mrr20=0.011900 run_test_hr10=0.022900

[7/13] learning_rate=0.0009042, num_experts=3, weight_decay=0.000125
  -> MRR@20=0.011100  best=0.011100  (early_stop@48, trial=34s, avg=19s/trial, total=2.3min, ETA=1.9min)
[TRIAL_METRICS] cur_best_mrr20=0.011100 cur_best_hr10=0.016100 cur_test_mrr20=0.006200 cur_test_hr10=0.017200 run_best_mrr20=0.011100 run_best_hr10=0.016100 run_test_mrr20=0.006200 run_test_hr10=0.017200

[8/13] learning_rate=0.0002087, num_experts=3, weight_decay=0.000225
  -> MRR@20=0.000600  best=0.011100  (early_stop@9, trial=6s, avg=18s/trial, total=2.4min, ETA=1.5min)
[TRIAL_METRICS] cur_best_mrr20=0.000600 cur_best_hr10=0.002000 cur_test_mrr20=0.003200 cur_test_hr10=0.011500 run_best_mrr20=0.011100 run_best_hr10=0.016100 run_test_mrr20=0.006200 run_test_hr10=0.017200

[9/13] learning_rate=0.0004292, num_experts=3, weight_decay=0.000225
  -> MRR@20=0.002600  best=0.011100  (early_stop@26, trial=18s, avg=18s/trial, total=2.7min, ETA=1.2min)
[TRIAL_METRICS] cur_best_mrr20=0.002600 cur_best_hr10=0.004000 cur_test_mrr20=0.008400 cur_test_hr10=0.020100 run_best_mrr20=0.011100 run_best_hr10=0.016100 run_test_mrr20=0.006200 run_test_hr10=0.017200

[10/13] learning_rate=0.0009266, num_experts=3, weight_decay=0.000225
  -> MRR@20=0.001600  best=0.011100  (early_stop@15, trial=11s, avg=17s/trial, total=2.8min, ETA=51s)
[TRIAL_METRICS] cur_best_mrr20=0.001600 cur_best_hr10=0.004000 cur_test_mrr20=0.007100 cur_test_hr10=0.020100 run_best_mrr20=0.011100 run_best_hr10=0.016100 run_test_mrr20=0.006200 run_test_hr10=0.017200

[11/13] learning_rate=0.0002976, num_experts=2, weight_decay=0.000225
  -> MRR@20=0.001700  best=0.011100  (early_stop@25, trial=15s, avg=17s/trial, total=3.1min, ETA=34s)
[TRIAL_METRICS] cur_best_mrr20=0.001700 cur_best_hr10=0.004000 cur_test_mrr20=0.003700 cur_test_hr10=0.011500 run_best_mrr20=0.011100 run_best_hr10=0.016100 run_test_mrr20=0.006200 run_test_hr10=0.017200

[12/13] learning_rate=0.0004315, num_experts=2, weight_decay=7.5e-05
  -> MRR@20=0.002700  best=0.011100  (early_stop@18, trial=11s, avg=16s/trial, total=3.3min, ETA=16s)
[TRIAL_METRICS] cur_best_mrr20=0.002700 cur_best_hr10=0.004000 cur_test_mrr20=0.005800 cur_test_hr10=0.014300 run_best_mrr20=0.011100 run_best_hr10=0.016100 run_test_mrr20=0.006200 run_test_hr10=0.017200

[13/13] learning_rate=0.001064, num_experts=3, weight_decay=0.000125
  -> MRR@20=0.002400  best=0.011100  (early_stop@14, trial=10s, avg=16s/trial, total=3.4min, ETA=0s)
[TRIAL_METRICS] cur_best_mrr20=0.002400 cur_best_hr10=0.004000 cur_test_mrr20=0.008500 cur_test_hr10=0.020100 run_best_mrr20=0.011100 run_best_hr10=0.016100 run_test_mrr20=0.006200 run_test_hr10=0.017200

=================================================================
  DONE  |  FAME x beauty
  Best MRR@20 = 0.011100  |  13/13 trials OK
  Best HR@10  = 0.016100
  Test MRR@20 = 0.006200  (best-valid checkpoint)
  Test HR@10  = 0.017200  (best-valid checkpoint)
[RUN_METRICS] best_valid_mrr20=0.011100 best_valid_hr10=0.016100 test_mrr20=0.006200 test_hr10=0.017200
  Total time: 3.4 min
  Best params:
    learning_rate: 0.000904164
    num_experts: 3
    weight_decay: 0.000125
  Results -> /workspace/FeaturedMoE/experiments/run/artifacts/results/baseline_2/beauty_FAME_baseline2_addtune3_beauty_fame_k12_20260416_051249_914345_pid1274226.json
  Normal mirror -> /workspace/FeaturedMoE/experiments/run/artifacts/results/baseline_2/normal/pair60_addtuning3/BASELINE2/beauty/FAME/beauty_FAME_baseline2_addtune3_beauty_fame_k12_20260416_051249_914345_pid1274226.json
  Special result -> /workspace/FeaturedMoE/experiments/run/artifacts/results/baseline_2/special/pair60_addtuning3/BASELINE2/beauty/FAME/beauty_FAME_baseline2_addtune3_beauty_fame_k12_20260416_051249_914345_pid1274226_special_metrics.json
  Special log -> /workspace/FeaturedMoE/experiments/run/artifacts/logs/baseline_2/special/pair60_addtuning3/BASELINE2/beauty/FAME/beauty_FAME_baseline2_addtune3_beauty_fame_k12_20260416_051249_914345_pid1274226_special_metrics.json
=================================================================

[RUN_STATUS] END status=normal pid=1274226 start=2026-04-16T05:12:49 end=2026-04-16T05:16:16
