# CMD
/venv/FMoE/bin/python hyperopt_tune.py --config-name tune_ab --space-yaml /workspace/FeaturedMoE/experiments/run/artifacts/logs/baseline_2/PAIR60_ADDTUNING3/spaces/beauty_gru4rec_K4.yaml --max-evals 15 --tune-epochs 100 --tune-patience 7 --search-algo tpe --seed 2026041794 --run-group baseline_2 --run-axis pair60_addtuning3 --run-phase BASELINE2_ADDTUNE3_BEAUTY_GRU4REC_K4 model=gru4rec dataset=beauty eval_mode=session_fixed feature_mode=full_v4 gpu_id=7 log_wandb=false show_progress=false ++seed=2026041794 ++eval_sampling.mode=full ++eval_sampling.auto_full_threshold=999999999 ++special_logging=true ++exclude_unseen_target_from_main_eval=true ++log_unseen_target_metrics=true

/venv/FMoE/lib/python3.10/site-packages/ray/_private/parameter.py:4: UserWarning: pkg_resources is deprecated as an API. See https://setuptools.pypa.io/en/latest/pkg_resources.html. The pkg_resources package is slated for removal as early as 2025-11-30. Refrain from using this package or pin to Setuptools<81.
  import pkg_resources
[RUN_STATUS] START pid=1273179 ts=2026-04-16T05:10:41
[SpaceYAML] loaded: /workspace/FeaturedMoE/experiments/run/artifacts/logs/baseline_2/PAIR60_ADDTUNING3/spaces/beauty_gru4rec_K4.yaml (fixed=7, search=3)

=================================================================
  Hyperopt  |  GRU4Rec x beauty
  max_evals=15  epochs=100  patience=7  wandb=off
  search_algo=tpe
  batch_size(train/valid/test)=4096/8192/8192
  track=baseline_2  axis=pair60_addtuning3  phase=BASELINE2_ADDTUNE3_BEAUTY_GRU4REC_K4
=================================================================
Changed knobs: learning_rate, num_layers, weight_decay
Tuned params(len>1): 3  (~4 discrete combos)
Tuned groups: 3
  [optimization]
    learning_rate                   [0.00038598, 0.00472727]                  -> loguniform
    weight_decay                    ['1e-06', 1.8e-06]                        -> choice
  [model_core]
    num_layers                      [3, 4]                                    -> choice
Fixed params(singleton/non-list): 0
Fixed groups: 0
  (none)

[Wandb] disabled for this hyperopt run

[1/15] learning_rate=0.002683, num_layers=3, weight_decay=1e-06
  -> MRR@20=0.035400  best=0.035400  (early_stop@33, trial=7s, avg=9s/trial, total=9s, ETA=2.2min)
[TRIAL_METRICS] cur_best_mrr20=0.035400 cur_best_hr10=0.080300 cur_test_mrr20=0.014100 cur_test_hr10=0.048700 run_best_mrr20=0.035400 run_best_hr10=0.080300 run_test_mrr20=0.014100 run_test_hr10=0.048700

[2/15] learning_rate=0.001116, num_layers=4, weight_decay=1.8e-06
  -> MRR@20=0.036200  best=0.036200  (early_stop@42, trial=10s, avg=10s/trial, total=19s, ETA=2.1min)
[TRIAL_METRICS] cur_best_mrr20=0.036200 cur_best_hr10=0.056200 cur_test_mrr20=0.015200 cur_test_hr10=0.045800 run_best_mrr20=0.036200 run_best_hr10=0.056200 run_test_mrr20=0.015200 run_test_hr10=0.045800

[3/15] learning_rate=0.002915, num_layers=4, weight_decay=1e-06
  -> MRR@20=0.035500  best=0.036200  (early_stop@25, trial=6s, avg=9s/trial, total=26s, ETA=1.7min)
[TRIAL_METRICS] cur_best_mrr20=0.035500 cur_best_hr10=0.074300 cur_test_mrr20=0.023800 cur_test_hr10=0.051600 run_best_mrr20=0.036200 run_best_hr10=0.056200 run_test_mrr20=0.015200 run_test_hr10=0.045800

[4/15] learning_rate=0.0005419, num_layers=4, weight_decay=1e-06
  -> MRR@20=0.024700  best=0.036200  (early_stop@37, trial=9s, avg=9s/trial, total=35s, ETA=1.6min)
[TRIAL_METRICS] cur_best_mrr20=0.024700 cur_best_hr10=0.048200 cur_test_mrr20=0.015500 cur_test_hr10=0.037200 run_best_mrr20=0.036200 run_best_hr10=0.056200 run_test_mrr20=0.015200 run_test_hr10=0.045800

[5/15] learning_rate=0.002801, num_layers=4, weight_decay=1.8e-06
  -> MRR@20=0.031300  best=0.036200  (early_stop@30, trial=6s, avg=8s/trial, total=42s, ETA=1.4min)
[TRIAL_METRICS] cur_best_mrr20=0.031300 cur_best_hr10=0.068300 cur_test_mrr20=0.017600 cur_test_hr10=0.040100 run_best_mrr20=0.036200 run_best_hr10=0.056200 run_test_mrr20=0.015200 run_test_hr10=0.045800

[6/15] learning_rate=0.002591, num_layers=3, weight_decay=1.8e-06
  -> MRR@20=0.033500  best=0.036200  (early_stop@30, trial=6s, avg=8s/trial, total=48s, ETA=1.2min)
[TRIAL_METRICS] cur_best_mrr20=0.033500 cur_best_hr10=0.078300 cur_test_mrr20=0.022900 cur_test_hr10=0.054400 run_best_mrr20=0.036200 run_best_hr10=0.056200 run_test_mrr20=0.015200 run_test_hr10=0.045800

[7/15] learning_rate=0.001373, num_layers=3, weight_decay=1e-06
  -> MRR@20=0.035800  best=0.036200  (early_stop@33, trial=6s, avg=8s/trial, total=54s, ETA=1.0min)
[TRIAL_METRICS] cur_best_mrr20=0.035800 cur_best_hr10=0.102400 cur_test_mrr20=0.014800 cur_test_hr10=0.034400 run_best_mrr20=0.036200 run_best_hr10=0.056200 run_test_mrr20=0.015200 run_test_hr10=0.045800

[8/15] learning_rate=0.004343, num_layers=3, weight_decay=1e-06
  -> MRR@20=0.040800  best=0.040800  (early_stop@20, trial=5s, avg=7s/trial, total=59s, ETA=52s)
[TRIAL_METRICS] cur_best_mrr20=0.040800 cur_best_hr10=0.088400 cur_test_mrr20=0.020200 cur_test_hr10=0.048700 run_best_mrr20=0.040800 run_best_hr10=0.088400 run_test_mrr20=0.020200 run_test_hr10=0.048700

[9/15] learning_rate=0.0007324, num_layers=3, weight_decay=1.8e-06
  -> MRR@20=0.016700  best=0.040800  (early_stop@22, trial=4s, avg=7s/trial, total=1.1min, ETA=42s)
[TRIAL_METRICS] cur_best_mrr20=0.016700 cur_best_hr10=0.030100 cur_test_mrr20=0.013600 cur_test_hr10=0.031500 run_best_mrr20=0.040800 run_best_hr10=0.088400 run_test_mrr20=0.020200 run_test_hr10=0.048700

[10/15] learning_rate=0.0004389, num_layers=4, weight_decay=1e-06
  -> MRR@20=0.015500  best=0.040800  (early_stop@17, trial=4s, avg=7s/trial, total=1.1min, ETA=34s)
[TRIAL_METRICS] cur_best_mrr20=0.015500 cur_best_hr10=0.022100 cur_test_mrr20=0.008600 cur_test_hr10=0.008600 run_best_mrr20=0.040800 run_best_hr10=0.088400 run_test_mrr20=0.020200 run_test_hr10=0.048700

[11/15] learning_rate=0.001064, num_layers=3, weight_decay=1.8e-06
  -> MRR@20=0.017600  best=0.040800  (early_stop@19, trial=3s, avg=6s/trial, total=1.2min, ETA=26s)
[TRIAL_METRICS] cur_best_mrr20=0.017600 cur_best_hr10=0.036100 cur_test_mrr20=0.013500 cur_test_hr10=0.028700 run_best_mrr20=0.040800 run_best_hr10=0.088400 run_test_mrr20=0.020200 run_test_hr10=0.048700

[12/15] learning_rate=0.001807, num_layers=4, weight_decay=1e-06
  -> MRR@20=0.032600  best=0.040800  (early_stop@43, trial=9s, avg=7s/trial, total=1.3min, ETA=20s)
[TRIAL_METRICS] cur_best_mrr20=0.032600 cur_best_hr10=0.066300 cur_test_mrr20=0.012300 cur_test_hr10=0.045800 run_best_mrr20=0.040800 run_best_hr10=0.088400 run_test_mrr20=0.020200 run_test_hr10=0.048700

[13/15] learning_rate=0.002618, num_layers=3, weight_decay=1.8e-06
  -> MRR@20=0.031700  best=0.040800  (early_stop@33, trial=7s, avg=7s/trial, total=1.5min, ETA=13s)
[TRIAL_METRICS] cur_best_mrr20=0.031700 cur_best_hr10=0.068300 cur_test_mrr20=0.019100 cur_test_hr10=0.048700 run_best_mrr20=0.040800 run_best_hr10=0.088400 run_test_mrr20=0.020200 run_test_hr10=0.048700

[14/15] learning_rate=0.001434, num_layers=4, weight_decay=1e-06
  -> MRR@20=0.028700  best=0.040800  (early_stop@33, trial=8s, avg=7s/trial, total=1.6min, ETA=7s)
[TRIAL_METRICS] cur_best_mrr20=0.028700 cur_best_hr10=0.056200 cur_test_mrr20=0.012300 cur_test_hr10=0.028700 run_best_mrr20=0.040800 run_best_hr10=0.088400 run_test_mrr20=0.020200 run_test_hr10=0.048700

[15/15] learning_rate=0.001387, num_layers=3, weight_decay=1e-06
  -> MRR@20=0.035300  best=0.040800  (early_stop@33, trial=6s, avg=7s/trial, total=1.7min, ETA=0s)
[TRIAL_METRICS] cur_best_mrr20=0.035300 cur_best_hr10=0.102400 cur_test_mrr20=0.014900 cur_test_hr10=0.034400 run_best_mrr20=0.040800 run_best_hr10=0.088400 run_test_mrr20=0.020200 run_test_hr10=0.048700

=================================================================
  DONE  |  GRU4Rec x beauty
  Best MRR@20 = 0.040800  |  15/15 trials OK
  Best HR@10  = 0.088400
  Test MRR@20 = 0.020200  (best-valid checkpoint)
  Test HR@10  = 0.048700  (best-valid checkpoint)
[RUN_METRICS] best_valid_mrr20=0.040800 best_valid_hr10=0.088400 test_mrr20=0.020200 test_hr10=0.048700
  Total time: 1.7 min
  Best params:
    learning_rate: 0.00434326
    num_layers: 3
    weight_decay: 1e-06
  Results -> /workspace/FeaturedMoE/experiments/run/artifacts/results/baseline_2/beauty_GRU4Rec_baseline2_addtune3_beauty_gru4rec_k4_20260416_051041_194124_pid1273179.json
  Normal mirror -> /workspace/FeaturedMoE/experiments/run/artifacts/results/baseline_2/normal/pair60_addtuning3/BASELINE2/beauty/GRU4Rec/beauty_GRU4Rec_baseline2_addtune3_beauty_gru4rec_k4_20260416_051041_194124_pid1273179.json
  Special result -> /workspace/FeaturedMoE/experiments/run/artifacts/results/baseline_2/special/pair60_addtuning3/BASELINE2/beauty/GRU4Rec/beauty_GRU4Rec_baseline2_addtune3_beauty_gru4rec_k4_20260416_051041_194124_pid1273179_special_metrics.json
  Special log -> /workspace/FeaturedMoE/experiments/run/artifacts/logs/baseline_2/special/pair60_addtuning3/BASELINE2/beauty/GRU4Rec/beauty_GRU4Rec_baseline2_addtune3_beauty_gru4rec_k4_20260416_051041_194124_pid1273179_special_metrics.json
=================================================================

[RUN_STATUS] END status=normal pid=1273179 start=2026-04-16T05:10:41 end=2026-04-16T05:12:23
