# CMD
/venv/FMoE/bin/python hyperopt_tune.py --config-name tune_ab --space-yaml /workspace/FeaturedMoE/experiments/run/artifacts/logs/baseline_2/PAIR60_ADDTUNING3/spaces/beauty_tisasrec_K7.yaml --max-evals 13 --tune-epochs 100 --tune-patience 7 --search-algo tpe --seed 2026041827 --run-group baseline_2 --run-axis pair60_addtuning3 --run-phase BASELINE2_ADDTUNE3_BEAUTY_TISASREC_K7 model=tisasrec dataset=beauty eval_mode=session_fixed feature_mode=full_v4 gpu_id=7 log_wandb=false show_progress=false ++seed=2026041827 ++eval_sampling.mode=full ++eval_sampling.auto_full_threshold=999999999 ++special_logging=true ++exclude_unseen_target_from_main_eval=true ++log_unseen_target_metrics=true

/venv/FMoE/lib/python3.10/site-packages/ray/_private/parameter.py:4: UserWarning: pkg_resources is deprecated as an API. See https://setuptools.pypa.io/en/latest/pkg_resources.html. The pkg_resources package is slated for removal as early as 2025-11-30. Refrain from using this package or pin to Setuptools<81.
  import pkg_resources
[RUN_STATUS] START pid=1276772 ts=2026-04-16T05:20:02
[SpaceYAML] loaded: /workspace/FeaturedMoE/experiments/run/artifacts/logs/baseline_2/PAIR60_ADDTUNING3/spaces/beauty_tisasrec_K7.yaml (fixed=10, search=3)

=================================================================
  Hyperopt  |  TiSASRec x beauty
  max_evals=13  epochs=100  patience=7  wandb=off
  search_algo=tpe
  batch_size(train/valid/test)=4096/8192/8192
  track=baseline_2  axis=pair60_addtuning3  phase=BASELINE2_ADDTUNE3_BEAUTY_TISASREC_K7
=================================================================
Changed knobs: learning_rate, time_span, weight_decay
Tuned params(len>1): 3  (~9 discrete combos)
Tuned groups: 3
  [optimization]
    learning_rate                   [0.0002, 0.00192621]                      -> loguniform
    weight_decay                    [0.000117, 0.000195, 0.000351]            -> choice
  [other]
    time_span                       [64, 128, 256]                            -> choice
Fixed params(singleton/non-list): 0
Fixed groups: 0
  (none)

[Wandb] disabled for this hyperopt run

[1/13] learning_rate=0.0002538, time_span=64, weight_decay=0.000351
  -> MRR@20=0.090800  best=0.090800  (early_stop@56, trial=18s, avg=21s/trial, total=21s, ETA=4.1min)
[TRIAL_METRICS] cur_best_mrr20=0.090800 cur_best_hr10=0.160600 cur_test_mrr20=0.058500 cur_test_hr10=0.128900 run_best_mrr20=0.090800 run_best_hr10=0.160600 run_test_mrr20=0.058500 run_test_hr10=0.128900

[2/13] learning_rate=0.001079, time_span=64, weight_decay=0.000195
  -> MRR@20=0.094600  best=0.094600  (early_stop@27, trial=9s, avg=15s/trial, total=30s, ETA=2.7min)
[TRIAL_METRICS] cur_best_mrr20=0.094600 cur_best_hr10=0.160600 cur_test_mrr20=0.067700 cur_test_hr10=0.143300 run_best_mrr20=0.094600 run_best_hr10=0.160600 run_test_mrr20=0.067700 run_test_hr10=0.143300

[3/13] learning_rate=0.0003763, time_span=256, weight_decay=0.000117
  -> MRR@20=0.075300  best=0.094600  (early_stop@55, trial=19s, avg=16s/trial, total=49s, ETA=2.7min)
[TRIAL_METRICS] cur_best_mrr20=0.075300 cur_best_hr10=0.170700 cur_test_mrr20=0.064700 cur_test_hr10=0.134700 run_best_mrr20=0.094600 run_best_hr10=0.160600 run_test_mrr20=0.067700 run_test_hr10=0.143300

[4/13] learning_rate=0.0003244, time_span=256, weight_decay=0.000117
  -> MRR@20=0.073900  best=0.094600  (early_stop@61, trial=20s, avg=17s/trial, total=1.2min, ETA=2.6min)
[TRIAL_METRICS] cur_best_mrr20=0.073900 cur_best_hr10=0.164700 cur_test_mrr20=0.064900 cur_test_hr10=0.131800 run_best_mrr20=0.094600 run_best_hr10=0.160600 run_test_mrr20=0.067700 run_test_hr10=0.143300

[5/13] learning_rate=0.0005099, time_span=256, weight_decay=0.000195
  -> MRR@20=0.092800  best=0.094600  (early_stop@53, trial=16s, avg=17s/trial, total=1.4min, ETA=2.3min)
[TRIAL_METRICS] cur_best_mrr20=0.092800 cur_best_hr10=0.166700 cur_test_mrr20=0.070700 cur_test_hr10=0.140400 run_best_mrr20=0.094600 run_best_hr10=0.160600 run_test_mrr20=0.067700 run_test_hr10=0.143300

[6/13] learning_rate=0.0004263, time_span=64, weight_decay=0.000117
  -> MRR@20=0.094500  best=0.094600  (early_stop@53, trial=16s, avg=17s/trial, total=1.7min, ETA=2.0min)
[TRIAL_METRICS] cur_best_mrr20=0.094500 cur_best_hr10=0.166700 cur_test_mrr20=0.068400 cur_test_hr10=0.126100 run_best_mrr20=0.094600 run_best_hr10=0.160600 run_test_mrr20=0.067700 run_test_hr10=0.143300

[7/13] learning_rate=0.00175, time_span=64, weight_decay=0.000117
  -> MRR@20=0.096000  best=0.096000  (early_stop@16, trial=5s, avg=15s/trial, total=1.8min, ETA=1.5min)
[TRIAL_METRICS] cur_best_mrr20=0.096000 cur_best_hr10=0.164700 cur_test_mrr20=0.048600 cur_test_hr10=0.120300 run_best_mrr20=0.096000 run_best_hr10=0.164700 run_test_mrr20=0.048600 run_test_hr10=0.120300

[8/13] learning_rate=0.0012, time_span=256, weight_decay=0.000117
  -> MRR@20=0.076200  best=0.096000  (early_stop@39, trial=12s, avg=15s/trial, total=2.0min, ETA=1.2min)
[TRIAL_METRICS] cur_best_mrr20=0.076200 cur_best_hr10=0.154600 cur_test_mrr20=0.076100 cur_test_hr10=0.151900 run_best_mrr20=0.096000 run_best_hr10=0.164700 run_test_mrr20=0.048600 run_test_hr10=0.120300

[9/13] learning_rate=0.0009895, time_span=128, weight_decay=0.000117
  -> MRR@20=0.087300  best=0.096000  (early_stop@41, trial=12s, avg=15s/trial, total=2.2min, ETA=59s)
[TRIAL_METRICS] cur_best_mrr20=0.087300 cur_best_hr10=0.158600 cur_test_mrr20=0.070600 cur_test_hr10=0.137500 run_best_mrr20=0.096000 run_best_hr10=0.164700 run_test_mrr20=0.048600 run_test_hr10=0.120300

[10/13] learning_rate=0.001666, time_span=64, weight_decay=0.000351
  -> MRR@20=0.095000  best=0.096000  (early_stop@16, trial=5s, avg=14s/trial, total=2.3min, ETA=41s)
[TRIAL_METRICS] cur_best_mrr20=0.095000 cur_best_hr10=0.164700 cur_test_mrr20=0.050600 cur_test_hr10=0.117500 run_best_mrr20=0.096000 run_best_hr10=0.164700 run_test_mrr20=0.048600 run_test_hr10=0.120300

[11/13] learning_rate=0.0003584, time_span=128, weight_decay=0.000351
  -> MRR@20=0.064700  best=0.096000  (early_stop@44, trial=15s, avg=14s/trial, total=2.5min, ETA=28s)
[TRIAL_METRICS] cur_best_mrr20=0.064700 cur_best_hr10=0.164700 cur_test_mrr20=0.047800 cur_test_hr10=0.117500 run_best_mrr20=0.096000 run_best_hr10=0.164700 run_test_mrr20=0.048600 run_test_hr10=0.120300

[12/13] learning_rate=0.0003199, time_span=256, weight_decay=0.000195
  -> MRR@20=0.073800  best=0.096000  (early_stop@61, trial=19s, avg=14s/trial, total=2.9min, ETA=14s)
[TRIAL_METRICS] cur_best_mrr20=0.073800 cur_best_hr10=0.166700 cur_test_mrr20=0.063600 cur_test_hr10=0.131800 run_best_mrr20=0.096000 run_best_hr10=0.164700 run_test_mrr20=0.048600 run_test_hr10=0.120300

[13/13] learning_rate=0.0007445, time_span=64, weight_decay=0.000117
  -> MRR@20=0.096500  best=0.096500  (early_stop@26, trial=8s, avg=14s/trial, total=3.0min, ETA=0s)
[TRIAL_METRICS] cur_best_mrr20=0.096500 cur_best_hr10=0.160600 cur_test_mrr20=0.060100 cur_test_hr10=0.120300 run_best_mrr20=0.096500 run_best_hr10=0.160600 run_test_mrr20=0.060100 run_test_hr10=0.120300

=================================================================
  DONE  |  TiSASRec x beauty
  Best MRR@20 = 0.096500  |  13/13 trials OK
  Best HR@10  = 0.160600
  Test MRR@20 = 0.060100  (best-valid checkpoint)
  Test HR@10  = 0.120300  (best-valid checkpoint)
[RUN_METRICS] best_valid_mrr20=0.096500 best_valid_hr10=0.160600 test_mrr20=0.060100 test_hr10=0.120300
  Total time: 3.0 min
  Best params:
    learning_rate: 0.000744539
    time_span: 64
    weight_decay: 0.000117
  Results -> /workspace/FeaturedMoE/experiments/run/artifacts/results/baseline_2/beauty_TiSASRec_baseline2_addtune3_beauty_tisasrec_k7_20260416_052003_102411_pid1276772.json
  Normal mirror -> /workspace/FeaturedMoE/experiments/run/artifacts/results/baseline_2/normal/pair60_addtuning3/BASELINE2/beauty/TiSASRec/beauty_TiSASRec_baseline2_addtune3_beauty_tisasrec_k7_20260416_052003_102411_pid1276772.json
  Special result -> /workspace/FeaturedMoE/experiments/run/artifacts/results/baseline_2/special/pair60_addtuning3/BASELINE2/beauty/TiSASRec/beauty_TiSASRec_baseline2_addtune3_beauty_tisasrec_k7_20260416_052003_102411_pid1276772_special_metrics.json
  Special log -> /workspace/FeaturedMoE/experiments/run/artifacts/logs/baseline_2/special/pair60_addtuning3/BASELINE2/beauty/TiSASRec/beauty_TiSASRec_baseline2_addtune3_beauty_tisasrec_k7_20260416_052003_102411_pid1276772_special_metrics.json
=================================================================

[RUN_STATUS] END status=normal pid=1276772 start=2026-04-16T05:20:02 end=2026-04-16T05:23:04
