# CMD
/venv/FMoE/bin/python hyperopt_tune.py --config-name tune_ab --space-yaml /workspace/FeaturedMoE/experiments/run/artifacts/logs/baseline_2/PAIR60_ADDTUNING3/spaces/beauty_bsarec_K1.yaml --max-evals 15 --tune-epochs 100 --tune-patience 7 --search-algo tpe --seed 2026041761 --run-group baseline_2 --run-axis pair60_addtuning3 --run-phase BASELINE2_ADDTUNE3_BEAUTY_BSAREC_K1 model=bsarec dataset=beauty eval_mode=session_fixed feature_mode=full_v4 gpu_id=2 log_wandb=false show_progress=false ++seed=2026041761 ++eval_sampling.mode=full ++eval_sampling.auto_full_threshold=999999999 ++special_logging=true ++exclude_unseen_target_from_main_eval=true ++log_unseen_target_metrics=true

/venv/FMoE/lib/python3.10/site-packages/ray/_private/parameter.py:4: UserWarning: pkg_resources is deprecated as an API. See https://setuptools.pypa.io/en/latest/pkg_resources.html. The pkg_resources package is slated for removal as early as 2025-11-30. Refrain from using this package or pin to Setuptools<81.
  import pkg_resources
[RUN_STATUS] START pid=1271713 ts=2026-04-16T05:07:28
[SpaceYAML] loaded: /workspace/FeaturedMoE/experiments/run/artifacts/logs/baseline_2/PAIR60_ADDTUNING3/spaces/beauty_bsarec_K1.yaml (fixed=11, search=3)

=================================================================
  Hyperopt  |  BSARec x beauty
  max_evals=15  epochs=100  patience=7  wandb=off
  search_algo=tpe
  batch_size(train/valid/test)=4096/8192/8192
  track=baseline_2  axis=pair60_addtuning3  phase=BASELINE2_ADDTUNE3_BEAUTY_BSAREC_K1
=================================================================
Changed knobs: MAX_ITEM_LIST_LENGTH, bsarec_alpha, learning_rate
Tuned params(len>1): 3  (~6 discrete combos)
Tuned groups: 3
  [optimization]
    learning_rate                   [0.00026017, 0.00305894]                  -> loguniform
  [other]
    MAX_ITEM_LIST_LENGTH            [12, 14]                                  -> choice
    bsarec_alpha                    [0.43, 0.51, 0.59]                        -> choice
Fixed params(singleton/non-list): 0
Fixed groups: 0
  (none)

[Wandb] disabled for this hyperopt run

[1/15] MAX_ITEM_LIST_LENGTH=12, bsarec_alpha=0.59, learning_rate=0.00135
  -> MRR@20=0.008000  best=0.008000  (early_stop@16, trial=4s, avg=6s/trial, total=6s, ETA=1.4min)
[TRIAL_METRICS] cur_best_mrr20=0.008000 cur_best_hr10=0.012000 cur_test_mrr20=0.004900 cur_test_hr10=0.008600 run_best_mrr20=0.008000 run_best_hr10=0.012000 run_test_mrr20=0.004900 run_test_hr10=0.008600

[2/15] MAX_ITEM_LIST_LENGTH=14, bsarec_alpha=0.59, learning_rate=0.002955
  -> MRR@20=0.011200  best=0.011200  (early_stop@11, trial=2s, avg=5s/trial, total=9s, ETA=60s)
[TRIAL_METRICS] cur_best_mrr20=0.011200 cur_best_hr10=0.022100 cur_test_mrr20=0.008000 cur_test_hr10=0.014300 run_best_mrr20=0.011200 run_best_hr10=0.022100 run_test_mrr20=0.008000 run_test_hr10=0.014300

[3/15] MAX_ITEM_LIST_LENGTH=12, bsarec_alpha=0.51, learning_rate=0.001547
  -> MRR@20=0.018500  best=0.018500  (early_stop@39, trial=7s, avg=6s/trial, total=17s, ETA=1.1min)
[TRIAL_METRICS] cur_best_mrr20=0.018500 cur_best_hr10=0.034100 cur_test_mrr20=0.017500 cur_test_hr10=0.022900 run_best_mrr20=0.018500 run_best_hr10=0.034100 run_test_mrr20=0.017500 run_test_hr10=0.022900

[4/15] MAX_ITEM_LIST_LENGTH=12, bsarec_alpha=0.51, learning_rate=0.001293
  -> MRR@20=0.009700  best=0.018500  (early_stop@23, trial=4s, avg=5s/trial, total=21s, ETA=58s)
[TRIAL_METRICS] cur_best_mrr20=0.009700 cur_best_hr10=0.016100 cur_test_mrr20=0.001900 cur_test_hr10=0.005700 run_best_mrr20=0.018500 run_best_hr10=0.034100 run_test_mrr20=0.017500 run_test_hr10=0.022900

[5/15] MAX_ITEM_LIST_LENGTH=14, bsarec_alpha=0.59, learning_rate=0.001534
  -> MRR@20=0.010600  best=0.018500  (early_stop@16, trial=3s, avg=5s/trial, total=25s, ETA=50s)
[TRIAL_METRICS] cur_best_mrr20=0.010600 cur_best_hr10=0.014100 cur_test_mrr20=0.004600 cur_test_hr10=0.008600 run_best_mrr20=0.018500 run_best_hr10=0.034100 run_test_mrr20=0.017500 run_test_hr10=0.022900

[6/15] MAX_ITEM_LIST_LENGTH=12, bsarec_alpha=0.59, learning_rate=0.0004952
  -> MRR@20=0.004900  best=0.018500  (early_stop@13, trial=3s, avg=5s/trial, total=29s, ETA=43s)
[TRIAL_METRICS] cur_best_mrr20=0.004900 cur_best_hr10=0.006000 cur_test_mrr20=0.000700 cur_test_hr10=0.002900 run_best_mrr20=0.018500 run_best_hr10=0.034100 run_test_mrr20=0.017500 run_test_hr10=0.022900

[7/15] MAX_ITEM_LIST_LENGTH=14, bsarec_alpha=0.43, learning_rate=0.0009501
  -> MRR@20=0.012700  best=0.018500  (early_stop@16, trial=3s, avg=5s/trial, total=33s, ETA=38s)
[TRIAL_METRICS] cur_best_mrr20=0.012700 cur_best_hr10=0.020100 cur_test_mrr20=0.008500 cur_test_hr10=0.014300 run_best_mrr20=0.018500 run_best_hr10=0.034100 run_test_mrr20=0.017500 run_test_hr10=0.022900

[8/15] MAX_ITEM_LIST_LENGTH=14, bsarec_alpha=0.51, learning_rate=0.0003107
  -> MRR@20=0.008000  best=0.018500  (early_stop@29, trial=6s, avg=5s/trial, total=39s, ETA=34s)
[TRIAL_METRICS] cur_best_mrr20=0.008000 cur_best_hr10=0.014100 cur_test_mrr20=0.004800 cur_test_hr10=0.008600 run_best_mrr20=0.018500 run_best_hr10=0.034100 run_test_mrr20=0.017500 run_test_hr10=0.022900

[9/15] MAX_ITEM_LIST_LENGTH=12, bsarec_alpha=0.51, learning_rate=0.0004899
  -> MRR@20=0.004000  best=0.018500  (early_stop@12, trial=2s, avg=5s/trial, total=41s, ETA=27s)
[TRIAL_METRICS] cur_best_mrr20=0.004000 cur_best_hr10=0.004000 cur_test_mrr20=0.000000 cur_test_hr10=0.000000 run_best_mrr20=0.018500 run_best_hr10=0.034100 run_test_mrr20=0.017500 run_test_hr10=0.022900

[10/15] MAX_ITEM_LIST_LENGTH=12, bsarec_alpha=0.59, learning_rate=0.0003032
  -> MRR@20=0.004300  best=0.018500  (early_stop@14, trial=2s, avg=4s/trial, total=44s, ETA=22s)
[TRIAL_METRICS] cur_best_mrr20=0.004300 cur_best_hr10=0.004000 cur_test_mrr20=0.000200 cur_test_hr10=0.000000 run_best_mrr20=0.018500 run_best_hr10=0.034100 run_test_mrr20=0.017500 run_test_hr10=0.022900

[11/15] MAX_ITEM_LIST_LENGTH=14, bsarec_alpha=0.59, learning_rate=0.000648
  -> MRR@20=0.008000  best=0.018500  (early_stop@21, trial=4s, avg=4s/trial, total=48s, ETA=17s)
[TRIAL_METRICS] cur_best_mrr20=0.008000 cur_best_hr10=0.016100 cur_test_mrr20=0.006500 cur_test_hr10=0.008600 run_best_mrr20=0.018500 run_best_hr10=0.034100 run_test_mrr20=0.017500 run_test_hr10=0.022900

[12/15] MAX_ITEM_LIST_LENGTH=12, bsarec_alpha=0.59, learning_rate=0.0008473
  -> MRR@20=0.015500  best=0.018500  (early_stop@44, trial=7s, avg=5s/trial, total=56s, ETA=14s)
[TRIAL_METRICS] cur_best_mrr20=0.015500 cur_best_hr10=0.022100 cur_test_mrr20=0.010300 cur_test_hr10=0.014300 run_best_mrr20=0.018500 run_best_hr10=0.034100 run_test_mrr20=0.017500 run_test_hr10=0.022900

[13/15] MAX_ITEM_LIST_LENGTH=12, bsarec_alpha=0.51, learning_rate=0.0004943
  -> MRR@20=0.004800  best=0.018500  (early_stop@13, trial=2s, avg=4s/trial, total=58s, ETA=9s)
[TRIAL_METRICS] cur_best_mrr20=0.004800 cur_best_hr10=0.006000 cur_test_mrr20=0.001300 cur_test_hr10=0.002900 run_best_mrr20=0.018500 run_best_hr10=0.034100 run_test_mrr20=0.017500 run_test_hr10=0.022900

[14/15] MAX_ITEM_LIST_LENGTH=12, bsarec_alpha=0.43, learning_rate=0.001842
  -> MRR@20=0.011800  best=0.018500  (early_stop@13, trial=2s, avg=4s/trial, total=1.0min, ETA=4s)
[TRIAL_METRICS] cur_best_mrr20=0.011800 cur_best_hr10=0.016100 cur_test_mrr20=0.006200 cur_test_hr10=0.008600 run_best_mrr20=0.018500 run_best_hr10=0.034100 run_test_mrr20=0.017500 run_test_hr10=0.022900

[15/15] MAX_ITEM_LIST_LENGTH=12, bsarec_alpha=0.51, learning_rate=0.0004844
  -> MRR@20=0.004000  best=0.018500  (early_stop@12, trial=2s, avg=4s/trial, total=1.1min, ETA=0s)
[TRIAL_METRICS] cur_best_mrr20=0.004000 cur_best_hr10=0.004000 cur_test_mrr20=0.000000 cur_test_hr10=0.000000 run_best_mrr20=0.018500 run_best_hr10=0.034100 run_test_mrr20=0.017500 run_test_hr10=0.022900

=================================================================
  DONE  |  BSARec x beauty
  Best MRR@20 = 0.018500  |  15/15 trials OK
  Best HR@10  = 0.034100
  Test MRR@20 = 0.017500  (best-valid checkpoint)
  Test HR@10  = 0.022900  (best-valid checkpoint)
[RUN_METRICS] best_valid_mrr20=0.018500 best_valid_hr10=0.034100 test_mrr20=0.017500 test_hr10=0.022900
  Total time: 1.1 min
  Best params:
    MAX_ITEM_LIST_LENGTH: 12
    bsarec_alpha: 0.51
    learning_rate: 0.00154715
  Results -> /workspace/FeaturedMoE/experiments/run/artifacts/results/baseline_2/beauty_BSARec_baseline2_addtune3_beauty_bsarec_k1_20260416_050728_895429_pid1271713.json
  Normal mirror -> /workspace/FeaturedMoE/experiments/run/artifacts/results/baseline_2/normal/pair60_addtuning3/BASELINE2/beauty/BSARec/beauty_BSARec_baseline2_addtune3_beauty_bsarec_k1_20260416_050728_895429_pid1271713.json
  Special result -> /workspace/FeaturedMoE/experiments/run/artifacts/results/baseline_2/special/pair60_addtuning3/BASELINE2/beauty/BSARec/beauty_BSARec_baseline2_addtune3_beauty_bsarec_k1_20260416_050728_895429_pid1271713_special_metrics.json
  Special log -> /workspace/FeaturedMoE/experiments/run/artifacts/logs/baseline_2/special/pair60_addtuning3/BASELINE2/beauty/BSARec/beauty_BSARec_baseline2_addtune3_beauty_bsarec_k1_20260416_050728_895429_pid1271713_special_metrics.json
=================================================================

[RUN_STATUS] END status=normal pid=1271713 start=2026-04-16T05:07:28 end=2026-04-16T05:08:32
