# job_id=S3_MOVIELENS1M_GRU4REC_C2_SEED2 dataset=movielens1m model=gru4rec stage=stage3
# cmd=/venv/FMoE/bin/python hyperopt_tune.py --config-name tune_ml --search-algo tpe --max-evals 1 --tune-epochs 100 --tune-patience 10 --seed 810130 --run-group final_experiment --run-axis stage3_seed_confirm --run-phase S3_MOVIELENS1M_GRU4REC_C2_SEED2 model=gru4rec dataset=movielens1m eval_mode=session_fixed feature_mode=full_v4 ++eval_sampling.mode=full ++eval_sampling.auto_full_threshold=999999999 ++special_logging=true ++exclude_unseen_target_from_main_eval=true ++log_unseen_target_metrics=true gpu_id=2 log_wandb=false show_progress=false ++seed=810130 --max-run-hours 2 --oom-retry-limit 2 ++search.hidden_dropout_prob=[0.3] ++search_space_type_overrides.hidden_dropout_prob=choice ++search.inner_size=[384] ++search_space_type_overrides.inner_size=choice ++search.MAX_ITEM_LIST_LENGTH=[20] ++search_space_type_overrides.MAX_ITEM_LIST_LENGTH=choice ++search.dropout_prob=[0.25] ++search_space_type_overrides.dropout_prob=choice ++search.embedding_size=[128] ++search_space_type_overrides.embedding_size=choice ++search.hidden_size=[224] ++search_space_type_overrides.hidden_size=choice ++search.learning_rate=[0.00351277] ++search_space_type_overrides.learning_rate=choice ++search.num_layers=[1] ++search_space_type_overrides.num_layers=choice ++search.weight_decay=[1e-06] ++search_space_type_overrides.weight_decay=choice

/venv/FMoE/lib/python3.10/site-packages/ray/_private/parameter.py:4: UserWarning: pkg_resources is deprecated as an API. See https://setuptools.pypa.io/en/latest/pkg_resources.html. The pkg_resources package is slated for removal as early as 2025-11-30. Refrain from using this package or pin to Setuptools<81.
  import pkg_resources
[RUN_STATUS] START pid=653217 ts=2026-04-18T15:08:53

=================================================================
  Hyperopt  |  GRU4Rec x movielens1m
  max_evals=1  epochs=100  patience=10  wandb=off
  search_algo=tpe
  max_run_hours=2.000  (stop launching new trials after current trial)
  oom_retry_limit=2  (halve train/eval batch size on OOM)
  batch_size(train/valid/test)=4096/4096/4096
  track=final_experiment  axis=stage3_seed_confirm  phase=S3_MOVIELENS1M_GRU4REC_C2_SEED2
=================================================================
Changed knobs: (none; single-run mode)
Tuned params(len>1): 0  (~1 discrete combos)
Tuned groups: 0
  (none)
Fixed params(singleton/non-list): 9
Fixed groups: 9
  [optimization]
    hidden_dropout_prob             0.3                                     
    learning_rate                   0.00351277                              
    weight_decay                    1e-06                                   
  [model_core]
    dropout_prob                    0.25                                    
    embedding_size                  128                                     
    hidden_size                     224                                     
    inner_size                      384                                     
    num_layers                      1                                       
  [other]
    MAX_ITEM_LIST_LENGTH            20                                      

[Wandb] disabled for this hyperopt run

[1/1] (fixed-only run)
  -> MRR@20=0.093700  best=0.093700  (early_stop@26, trial=1.4min, avg=1.6min/trial, total=1.6min, ETA=0s)
[TRIAL_METRICS] cur_best_mrr20=0.093700 cur_best_hr10=0.212400 cur_test_mrr20=0.057300 cur_test_hr10=0.136600 avg_epoch_time_sec=3.1822 test_eval_time_sec=0.0543 test_eval_batches_per_sec=18.4168 test_eval_targets_per_sec=39761.9349 run_best_mrr20=0.093700 run_best_hr10=0.212400 run_test_mrr20=0.057300 run_test_hr10=0.136600

=================================================================
  DONE  |  GRU4Rec x movielens1m
  Best MRR@20 = 0.093700  |  1/1 trials OK
  Best HR@10  = 0.212400
  Test MRR@20 = 0.057300  (best-valid checkpoint)
  Test HR@10  = 0.136600  (best-valid checkpoint)
  Avg epoch time = 3.182 sec/epoch
  Final test eval = 0.054 sec | batches/s=18.417 | targets/s=39761.935
[RUN_METRICS] best_valid_mrr20=0.093700 best_valid_hr10=0.212400 test_mrr20=0.057300 test_hr10=0.136600 avg_epoch_time_sec=3.1822 test_eval_time_sec=0.0543 test_eval_batches_per_sec=18.4168 test_eval_targets_per_sec=39761.9349
  Total time: 1.6 min
  Best params:
  Results -> /workspace/FeaturedMoE/experiments/run/artifacts/results/final_experiment/movielens1m_GRU4Rec_s3_movielens1m_gru4rec_c2_seed2_20260418_150853_495667_pid653217.json
  Normal mirror -> /workspace/FeaturedMoE/experiments/run/artifacts/results/final_experiment/normal/stage3_seed_confirm/S3/movielens1m/GRU4Rec/movielens1m_GRU4Rec_s3_movielens1m_gru4rec_c2_seed2_20260418_150853_495667_pid653217.json
  Special result -> /workspace/FeaturedMoE/experiments/run/artifacts/results/final_experiment/special/stage3_seed_confirm/S3/movielens1m/GRU4Rec/movielens1m_GRU4Rec_s3_movielens1m_gru4rec_c2_seed2_20260418_150853_495667_pid653217_special_metrics.json
  Special log -> /workspace/FeaturedMoE/experiments/run/artifacts/logs/final_experiment/special/stage3_seed_confirm/S3/movielens1m/GRU4Rec/movielens1m_GRU4Rec_s3_movielens1m_gru4rec_c2_seed2_20260418_150853_495667_pid653217_special_metrics.json
=================================================================

[RUN_STATUS] END status=normal pid=653217 start=2026-04-18T15:08:53 end=2026-04-18T15:10:30
