# pair=P003 dataset=beauty model=difsr combo=C13 seed=1
# cmd=/venv/FMoE/bin/python hyperopt_tune.py --config-name tune_ab --max-evals 16 --tune-epochs 100 --tune-patience 10 --search-algo random --seed 3138 --run-group baseline_3 --run-axis BEAUTY_3MODEL_AGGR16 --run-phase BEAUTY_3MODEL_AGGR16_DBEAUTY_MDIFSR_P003_C13_S1 model=difsr dataset=beauty eval_mode=session_fixed feature_mode=full_v4 train_batch_size=2048 eval_batch_size=4096 gpu_id=2 log_wandb=false show_progress=false ++seed=3138 ++history_input_mode=full_history_session_targets ++history_group_field=user_id ++target_group_field=session_id ++history_eval_policy=strict_train_prefix ++MAX_ITEM_LIST_LENGTH=48 ++eval_sampling.mode=full ++eval_sampling.auto_full_threshold=999999999 ++special_logging=true ++exclude_unseen_target_from_main_eval=true ++log_unseen_target_metrics=true ++hidden_size=256 ++embedding_size=256 ++n_layers=1 ++num_layers=1 ++n_heads=2 ++num_heads=2 ++inner_size=704 ++dropout_ratio=0.19 ++hidden_dropout_prob=0.19 ++attn_dropout_prob=0.19 ++weight_decay=0.000247 ++attribute_hidden_size=256 ++fusion_type="gate" ++use_attribute_predictor=true ++lambda_attr=0.21 ++search={learning_rate:[8.190717001581732e-05,0.0014296524220942656],weight_decay:[6.175e-05,0.0008644999999999999]} ++search_space_type_overrides={learning_rate:"loguniform",weight_decay:"loguniform"} ++search.MAX_ITEM_LIST_LENGTH=[48] ++search_space_type_overrides.MAX_ITEM_LIST_LENGTH=choice ++search.hidden_size=[256] ++search_space_type_overrides.hidden_size=choice ++search.embedding_size=[256] ++search_space_type_overrides.embedding_size=choice ++search.n_layers=[1] ++search_space_type_overrides.n_layers=choice ++search.num_layers=[1] ++search_space_type_overrides.num_layers=choice ++search.n_heads=[2] ++search_space_type_overrides.n_heads=choice ++search.num_heads=[2] ++search_space_type_overrides.num_heads=choice ++search.inner_size=[704] ++search_space_type_overrides.inner_size=choice ++search.dropout_ratio=[0.19] ++search_space_type_overrides.dropout_ratio=choice ++search.hidden_dropout_prob=[0.19] ++search_space_type_overrides.hidden_dropout_prob=choice ++search.attn_dropout_prob=[0.19] ++search_space_type_overrides.attn_dropout_prob=choice ++search.attribute_hidden_size=[256] ++search_space_type_overrides.attribute_hidden_size=choice ++search.fusion_type=["gate"] ++search_space_type_overrides.fusion_type=choice ++search.use_attribute_predictor=[true] ++search_space_type_overrides.use_attribute_predictor=choice ++search.lambda_attr=[0.21] ++search_space_type_overrides.lambda_attr=choice

/venv/FMoE/lib/python3.10/site-packages/ray/_private/parameter.py:4: UserWarning: pkg_resources is deprecated as an API. See https://setuptools.pypa.io/en/latest/pkg_resources.html. The pkg_resources package is slated for removal as early as 2025-11-30. Refrain from using this package or pin to Setuptools<81.
  import pkg_resources
[RUN_STATUS] START pid=392307 ts=2026-04-16T16:27:48

=================================================================
  Hyperopt  |  DIFSR x beauty
  max_evals=16  epochs=100  patience=10  wandb=off
  search_algo=random
  batch_size(train/valid/test)=2048/4096/4096
  track=baseline_3  axis=beauty_3model_aggr16  phase=BEAUTY_3MODEL_AGGR16_DBEAUTY_MDIFSR_P003_C13_S1
=================================================================
Changed knobs: learning_rate, weight_decay
Tuned params(len>1): 2  (~1 discrete combos)
Tuned groups: 2
  [optimization]
    learning_rate                   [8.190717001581732e-05, 0.0014296524220942656]  -> loguniform
    weight_decay                    [6.175e-05, 0.0008644999999999999]        -> loguniform
Fixed params(singleton/non-list): 15
Fixed groups: 15
  [optimization]
    hidden_dropout_prob             0.19                                    
  [model_core]
    attn_dropout_prob               0.19                                    
    dropout_ratio                   0.19                                    
    embedding_size                  256                                     
    hidden_size                     256                                     
    inner_size                      704                                     
    num_heads                       2                                       
    num_layers                      1                                       
  [other]
    MAX_ITEM_LIST_LENGTH            48                                      
    attribute_hidden_size           256                                     
    fusion_type                     gate                                    
    lambda_attr                     0.21                                    
    n_heads                         2                                       
    n_layers                        1                                       
    use_attribute_predictor         True                                    

[Wandb] disabled for this hyperopt run

[1/16] learning_rate=0.0005337, weight_decay=0.0001484
  -> MRR@20=0.008900  best=0.008900  (early_stop@32, trial=21s, avg=24s/trial, total=24s, ETA=6.0min)
[TRIAL_METRICS] cur_best_mrr20=0.008900 cur_best_hr10=0.022100 cur_test_mrr20=0.008900 cur_test_hr10=0.020100 run_best_mrr20=0.008900 run_best_hr10=0.022100 run_test_mrr20=0.008900 run_test_hr10=0.020100

[2/16] learning_rate=0.00116, weight_decay=7.715e-05
  -> MRR@20=0.014100  best=0.014100  (early_stop@39, trial=25s, avg=24s/trial, total=49s, ETA=5.7min)
[TRIAL_METRICS] cur_best_mrr20=0.014100 cur_best_hr10=0.034100 cur_test_mrr20=0.007900 cur_test_hr10=0.017200 run_best_mrr20=0.014100 run_best_hr10=0.034100 run_test_mrr20=0.007900 run_test_hr10=0.017200

[3/16] learning_rate=0.0002158, weight_decay=0.0001647
  -> MRR@20=0.003000  best=0.014100  (early_stop@20, trial=13s, avg=21s/trial, total=1.0min, ETA=4.5min)
[TRIAL_METRICS] cur_best_mrr20=0.003000 cur_best_hr10=0.006000 cur_test_mrr20=0.007300 cur_test_hr10=0.014300 run_best_mrr20=0.014100 run_best_hr10=0.034100 run_test_mrr20=0.007900 run_test_hr10=0.017200

[4/16] learning_rate=0.0002922, weight_decay=0.0002464
  -> MRR@20=0.003500  best=0.014100  (early_stop@18, trial=12s, avg=19s/trial, total=1.2min, ETA=3.7min)
[TRIAL_METRICS] cur_best_mrr20=0.003500 cur_best_hr10=0.006000 cur_test_mrr20=0.008500 cur_test_hr10=0.011500 run_best_mrr20=0.014100 run_best_hr10=0.034100 run_test_mrr20=0.007900 run_test_hr10=0.017200

[5/16] learning_rate=0.000973, weight_decay=0.0001809
  -> MRR@20=0.007600  best=0.014100  (early_stop@22, trial=14s, avg=18s/trial, total=1.5min, ETA=3.3min)
[TRIAL_METRICS] cur_best_mrr20=0.007600 cur_best_hr10=0.020100 cur_test_mrr20=0.010000 cur_test_hr10=0.020100 run_best_mrr20=0.014100 run_best_hr10=0.034100 run_test_mrr20=0.007900 run_test_hr10=0.017200

[6/16] learning_rate=0.0005557, weight_decay=0.0001982
  -> MRR@20=0.009100  best=0.014100  (early_stop@32, trial=21s, avg=18s/trial, total=1.8min, ETA=3.0min)
[TRIAL_METRICS] cur_best_mrr20=0.009100 cur_best_hr10=0.020100 cur_test_mrr20=0.009000 cur_test_hr10=0.020100 run_best_mrr20=0.014100 run_best_hr10=0.034100 run_test_mrr20=0.007900 run_test_hr10=0.017200

[7/16] learning_rate=0.000117, weight_decay=0.0004102
  -> MRR@20=0.003200  best=0.014100  (early_stop@26, trial=16s, avg=18s/trial, total=2.1min, ETA=2.7min)
[TRIAL_METRICS] cur_best_mrr20=0.003200 cur_best_hr10=0.004000 cur_test_mrr20=0.006300 cur_test_hr10=0.014300 run_best_mrr20=0.014100 run_best_hr10=0.034100 run_test_mrr20=0.007900 run_test_hr10=0.017200

[8/16] learning_rate=0.0008502, weight_decay=0.0005948
  -> MRR@20=0.019200  best=0.019200  (early_stop@82, trial=51s, avg=22s/trial, total=3.0min, ETA=3.0min)
[TRIAL_METRICS] cur_best_mrr20=0.019200 cur_best_hr10=0.044200 cur_test_mrr20=0.010600 cur_test_hr10=0.025800 run_best_mrr20=0.019200 run_best_hr10=0.044200 run_test_mrr20=0.010600 run_test_hr10=0.025800

[9/16] learning_rate=0.0006357, weight_decay=0.00076
  -> MRR@20=0.018100  best=0.019200  (early_stop@73, trial=45s, avg=25s/trial, total=3.7min, ETA=2.9min)
[TRIAL_METRICS] cur_best_mrr20=0.018100 cur_best_hr10=0.048200 cur_test_mrr20=0.007400 cur_test_hr10=0.025800 run_best_mrr20=0.019200 run_best_hr10=0.044200 run_test_mrr20=0.010600 run_test_hr10=0.025800

[10/16] learning_rate=0.0002074, weight_decay=0.0003866
  -> MRR@20=0.003000  best=0.019200  (early_stop@20, trial=13s, avg=24s/trial, total=3.9min, ETA=2.4min)
[TRIAL_METRICS] cur_best_mrr20=0.003000 cur_best_hr10=0.004000 cur_test_mrr20=0.006800 cur_test_hr10=0.014300 run_best_mrr20=0.019200 run_best_hr10=0.044200 run_test_mrr20=0.010600 run_test_hr10=0.025800

[11/16] learning_rate=0.0007054, weight_decay=0.0003379
  -> MRR@20=0.016200  best=0.019200  (early_stop@67, trial=42s, avg=25s/trial, total=4.7min, ETA=2.1min)
[TRIAL_METRICS] cur_best_mrr20=0.016200 cur_best_hr10=0.044200 cur_test_mrr20=0.009100 cur_test_hr10=0.028700 run_best_mrr20=0.019200 run_best_hr10=0.044200 run_test_mrr20=0.010600 run_test_hr10=0.025800

[12/16] learning_rate=0.0001245, weight_decay=0.0001497
  -> MRR@20=0.002100  best=0.019200  (early_stop@25, trial=16s, avg=25s/trial, total=4.9min, ETA=1.6min)
[TRIAL_METRICS] cur_best_mrr20=0.002100 cur_best_hr10=0.004000 cur_test_mrr20=0.006000 cur_test_hr10=0.014300 run_best_mrr20=0.019200 run_best_hr10=0.044200 run_test_mrr20=0.010600 run_test_hr10=0.025800

[13/16] learning_rate=0.001316, weight_decay=0.0001168
[RUN_STATUS] TERMINATED signal=SIGINT(2) pid=392307 ts=2026-04-16T16:32:53
[RUN_STATUS] TERMINATED signal=SIGTERM(15) pid=392307 ts=2026-04-16T16:32:53
[RUN_STATUS] TERMINATED signal=SIGINT(2) pid=392307 ts=2026-04-16T16:32:53
[RUN_STATUS] TERMINATED signal=SIGTERM(15) pid=392307 ts=2026-04-16T16:32:53
[RUN_STATUS] END status=terminated signal=SIGTERM(15) pid=392307 start=2026-04-16T16:27:48 end=2026-04-16T16:32:53

[FULL_HISTORY_TIMING] avg_epoch_sec=0.0000 avg_epoch_ms=0.0 test_inference_sec=0.0000
