# job_id=ADD_STAGE1_MOVIELENS1M_FAME_REGULARIZATION dataset=movielens1m model=fame stage=stage1
# cmd=/venv/FMoE/bin/python /workspace/FeaturedMoE/experiments/hyperopt_tune.py --config-name tune_ml --search-algo tpe --max-evals 5 --tune-epochs 40 --tune-patience 5 --seed 910105 --run-group final_experiment_addtuning --run-axis add_stage1_regularization --run-phase ADD_STAGE1_MOVIELENS1M_FAME_REGULARIZATION model=fame dataset=movielens1m eval_mode=session_fixed feature_mode=full_v4 ++eval_sampling.mode=full ++eval_sampling.auto_full_threshold=999999999 ++special_logging=true ++exclude_unseen_target_from_main_eval=true ++log_unseen_target_metrics=true gpu_id=4 log_wandb=false show_progress=false ++seed=910105 --max-run-hours 2 --oom-retry-limit 5 ++search.learning_rate=[0.0004293,0.0003668,0.00051873,0.00025936,0.0001834] ++search_space_type_overrides.learning_rate=choice ++search.weight_decay=[0.0001,0.00015,5e-05] ++search_space_type_overrides.weight_decay=choice ++search.MAX_ITEM_LIST_LENGTH=[30,20,10] ++search_space_type_overrides.MAX_ITEM_LIST_LENGTH=choice ++search.inner_size=[256] ++search_space_type_overrides.inner_size=choice ++search.dropout_ratio=[0.12] ++search_space_type_overrides.dropout_ratio=choice ++search.hidden_size=[128] ++search_space_type_overrides.hidden_size=choice ++search.embedding_size=[160] ++search_space_type_overrides.embedding_size=choice ++search.num_layers=[2] ++search_space_type_overrides.num_layers=choice ++search.num_heads=[2] ++search_space_type_overrides.num_heads=choice ++search.hidden_dropout_prob=[0.1] ++search_space_type_overrides.hidden_dropout_prob=choice ++search.attn_dropout_prob=[0.15] ++search_space_type_overrides.attn_dropout_prob=choice ++search.num_experts=[4] ++search_space_type_overrides.num_experts=choice ++search.n_layers=[1] ++search_space_type_overrides.n_layers=choice ++search.n_heads=[1] ++search_space_type_overrides.n_heads=choice ++search.dropout_prob=[0.1] ++search_space_type_overrides.dropout_prob=choice

/venv/FMoE/lib/python3.10/site-packages/ray/_private/parameter.py:4: UserWarning: pkg_resources is deprecated as an API. See https://setuptools.pypa.io/en/latest/pkg_resources.html. The pkg_resources package is slated for removal as early as 2025-11-30. Refrain from using this package or pin to Setuptools<81.
  import pkg_resources
[RUN_STATUS] START pid=1727547 ts=2026-04-18T18:03:07
[UniqueChoice] enabled: dedupe/remap duplicates across 45 finite combos

=================================================================
  Hyperopt  |  FAME x movielens1m
  max_evals=5  epochs=40  patience=5  wandb=off
  search_algo=tpe
  max_run_hours=2.000  (stop launching new trials after current trial)
  oom_retry_limit=5  (halve train/eval batch size on OOM)
  batch_size(train/valid/test)=4096/4096/4096
  track=final_experiment_addtuning  axis=add_stage1_regularization  phase=ADD_STAGE1_MOVIELENS1M_FAME_REGULARIZATION
=================================================================
Changed knobs: MAX_ITEM_LIST_LENGTH, learning_rate, weight_decay
Tuned params(len>1): 3  (~45 discrete combos)
Tuned groups: 3
  [optimization]
    learning_rate                   [0.0004293, 0.0003668, 0.00051873, 0.00025936, 0.0001834]  -> choice
    weight_decay                    [0.0001, 0.00015, 5e-05]                  -> choice
  [other]
    MAX_ITEM_LIST_LENGTH            [30, 20, 10]                              -> choice
Fixed params(singleton/non-list): 12
Fixed groups: 12
  [optimization]
    hidden_dropout_prob             0.1                                     
  [model_core]
    attn_dropout_prob               0.15                                    
    dropout_prob                    0.1                                     
    dropout_ratio                   0.12                                    
    embedding_size                  160                                     
    hidden_size                     128                                     
    inner_size                      256                                     
    num_heads                       2                                       
    num_layers                      2                                       
  [other]
    n_heads                         1                                       
    n_layers                        1                                       
    num_experts                     4                                       

[Wandb] disabled for this hyperopt run

[1/5] MAX_ITEM_LIST_LENGTH=30, learning_rate=0.0004293, weight_decay=0.0001
  -> MRR@20=0.079900  best=0.079900  (full@40, trial=2.9min, avg=3.1min/trial, total=3.1min, ETA=12.3min)
[TRIAL_METRICS] cur_best_mrr20=0.079900 cur_best_hr10=0.175600 cur_test_mrr20=0.050900 cur_test_hr10=0.118500 avg_epoch_time_sec=4.3218 test_eval_time_sec=0.0502 test_eval_batches_per_sec=19.9163 test_eval_targets_per_sec=42999.1991 run_best_mrr20=0.079900 run_best_hr10=0.175600 run_test_mrr20=0.050900 run_test_hr10=0.118500

[2/5] MAX_ITEM_LIST_LENGTH=30, learning_rate=0.0001834, weight_decay=0.0001
  -> MRR@20=0.053500  best=0.079900  (full@40, trial=3.0min, avg=3.0min/trial, total=6.0min, ETA=9.1min)
[TRIAL_METRICS] cur_best_mrr20=0.053500 cur_best_hr10=0.128600 cur_test_mrr20=0.040500 cur_test_hr10=0.098000 avg_epoch_time_sec=4.4276 test_eval_time_sec=0.0524 test_eval_batches_per_sec=19.0997 test_eval_targets_per_sec=41236.3494 run_best_mrr20=0.079900 run_best_hr10=0.175600 run_test_mrr20=0.050900 run_test_hr10=0.118500

[3/5] MAX_ITEM_LIST_LENGTH=10, learning_rate=0.0002594, weight_decay=0.00015
  -> MRR@20=0.065200  best=0.079900  (full@40, trial=6.5min, avg=4.3min/trial, total=12.8min, ETA=8.5min)
[TRIAL_METRICS] cur_best_mrr20=0.065200 cur_best_hr10=0.151200 cur_test_mrr20=0.050100 cur_test_hr10=0.115200 avg_epoch_time_sec=9.8131 test_eval_time_sec=0.0466 test_eval_batches_per_sec=21.4628 test_eval_targets_per_sec=46338.1929 run_best_mrr20=0.079900 run_best_hr10=0.175600 run_test_mrr20=0.050900 run_test_hr10=0.118500

[4/5] MAX_ITEM_LIST_LENGTH=10, learning_rate=0.0002594, weight_decay=0.0001
  -> MRR@20=0.066300  best=0.079900  (full@40, trial=6.5min, avg=4.8min/trial, total=19.3min, ETA=4.8min)
[TRIAL_METRICS] cur_best_mrr20=0.066300 cur_best_hr10=0.154800 cur_test_mrr20=0.052400 cur_test_hr10=0.116200 avg_epoch_time_sec=9.8089 test_eval_time_sec=0.0465 test_eval_batches_per_sec=21.4859 test_eval_targets_per_sec=46388.0414 run_best_mrr20=0.079900 run_best_hr10=0.175600 run_test_mrr20=0.050900 run_test_hr10=0.118500

[5/5] MAX_ITEM_LIST_LENGTH=30, learning_rate=0.0004293, weight_decay=0.00015
  -> MRR@20=0.077700  best=0.079900  (full@40, trial=7.8min, avg=5.5min/trial, total=27.3min, ETA=0s)
[TRIAL_METRICS] cur_best_mrr20=0.077700 cur_best_hr10=0.180200 cur_test_mrr20=0.051200 cur_test_hr10=0.125900 avg_epoch_time_sec=11.7357 test_eval_time_sec=0.0486 test_eval_batches_per_sec=20.5686 test_eval_targets_per_sec=44407.5674 run_best_mrr20=0.079900 run_best_hr10=0.175600 run_test_mrr20=0.050900 run_test_hr10=0.118500

=================================================================
  DONE  |  FAME x movielens1m
  Best MRR@20 = 0.079900  |  5/5 trials OK
  Best HR@10  = 0.175600
  Test MRR@20 = 0.050900  (best-valid checkpoint)
  Test HR@10  = 0.118500  (best-valid checkpoint)
  Avg epoch time = 4.322 sec/epoch
  Final test eval = 0.050 sec | batches/s=19.916 | targets/s=42999.199
[RUN_METRICS] best_valid_mrr20=0.079900 best_valid_hr10=0.175600 test_mrr20=0.050900 test_hr10=0.118500 avg_epoch_time_sec=4.3218 test_eval_time_sec=0.0502 test_eval_batches_per_sec=19.9163 test_eval_targets_per_sec=42999.1991
  Total time: 27.3 min
  Best params:
    MAX_ITEM_LIST_LENGTH: 30
    learning_rate: 0.0004293
    weight_decay: 0.0001
  Results -> /workspace/FeaturedMoE/experiments/run/artifacts/results/final_experiment_addtuning/movielens1m_FAME_add_stage1_movielens1m_fame_regularization_20260418_180307_939074_pid1727547.json
  Normal mirror -> /workspace/FeaturedMoE/experiments/run/artifacts/results/final_experiment_addtuning/normal/add_stage1_regularization/ADD/movielens1m/FAME/movielens1m_FAME_add_stage1_movielens1m_fame_regularization_20260418_180307_939074_pid1727547.json
  Special result -> /workspace/FeaturedMoE/experiments/run/artifacts/results/final_experiment_addtuning/special/add_stage1_regularization/ADD/movielens1m/FAME/movielens1m_FAME_add_stage1_movielens1m_fame_regularization_20260418_180307_939074_pid1727547_special_metrics.json
  Special log -> /workspace/FeaturedMoE/experiments/run/artifacts/logs/final_experiment_addtuning/special/add_stage1_regularization/ADD/movielens1m/FAME/movielens1m_FAME_add_stage1_movielens1m_fame_regularization_20260418_180307_939074_pid1727547_special_metrics.json
=================================================================

[RUN_STATUS] END status=normal pid=1727547 start=2026-04-18T18:03:07 end=2026-04-18T18:30:27
