[STAGEH_TARGETEDRECOVERY_ANCHOR2_CORE5_SETTING_HEADER]
run_phase=P23_SH_C02_MDUOREC_FB_18_S1 run_id=SH_RETAIL_ROCKET_DUOREC_FB_18_S1 phase_id=P23 axis_id=SH model=DuoRec candidate_id=FB_18 seed=1
dataset=retail_rocket gpu=6 order=0 candidate_source=global_fallback source_stage=fallback transfer_from_dataset=
max_evals=5 tune_epochs=36 tune_patience=5
seed=230027

[COMMAND]
- /venv/FMoE/bin/python hyperopt_tune.py --config-name tune_rr --max-evals 5 --tune-epochs 36 --tune-patience 5 --seed 230027 --run-group baseline --run-axis StageH_TargetedRecovery_anchor2_core5 --run-phase P23_SH_C02_MDUOREC_FB_18_S1 model=duorec dataset=retail_rocket eval_mode=session_fixed feature_mode=full_v3 gpu_id=6 log_wandb=false show_progress=false ++special_logging=true ++seed=230027 ++search={learning_rate:[0.00015640869456034738,0.0006022777465203777]} ++search_space_type_overrides={learning_rate:"loguniform"} ++weight_decay=0.00015 ++search.weight_decay=[0.00015] ++search_space_type_overrides.weight_decay=choice ++search.n_layers=[2] ++search_space_type_overrides.n_layers=choice ++search.num_layers=[2] ++search_space_type_overrides.num_layers=choice ++search.n_heads=[2] ++search_space_type_overrides.n_heads=choice ++search.num_heads=[2] ++search_space_type_overrides.num_heads=choice ++search.dropout_ratio=[0.12] ++search_space_type_overrides.dropout_ratio=choice ++search.dropout_prob=[0.12] ++search_space_type_overrides.dropout_prob=choice ++search.hidden_dropout_prob=[0.12] ++search_space_type_overrides.hidden_dropout_prob=choice ++search.attn_dropout_prob=[0.12] ++search_space_type_overrides.attn_dropout_prob=choice ++search.hidden_size=[128] ++search_space_type_overrides.hidden_size=choice ++search.embedding_size=[128] ++search_space_type_overrides.embedding_size=choice ++search.inner_size=[256] ++search_space_type_overrides.inner_size=choice ++search.time_span=[384] ++search_space_type_overrides.time_span=choice ++search.num_experts=[6] ++search_space_type_overrides.num_experts=choice ++search.state_size=[24] ++search_space_type_overrides.state_size=choice ++search.conv_kernel=[6] ++search_space_type_overrides.conv_kernel=choice ++search.remaining_ratio=[0.6] ++search_space_type_overrides.remaining_ratio=choice ++search.MAX_ITEM_LIST_LENGTH=[10] ++search_space_type_overrides.MAX_ITEM_LIST_LENGTH=choice ++dropout_ratio=0.12 ++contrast=un ++tau=0.3 ++lmd=0.04 ++lmd_sem=0.0 ++semantic_sample_max_tries=2 ++train_batch_size=3584 ++eval_batch_size=9216 ++hidden_size=128 ++embedding_size=128 ++MAX_ITEM_LIST_LENGTH=10 ++n_layers=2 ++num_layers=2 ++n_heads=2 ++num_heads=2 ++inner_size=256
/venv/FMoE/lib/python3.10/site-packages/ray/_private/parameter.py:4: UserWarning: pkg_resources is deprecated as an API. See https://setuptools.pypa.io/en/latest/pkg_resources.html. The pkg_resources package is slated for removal as early as 2025-11-30. Refrain from using this package or pin to Setuptools<81.
  import pkg_resources
[RUN_STATUS] START pid=549483 ts=2026-04-10T10:08:22

=================================================================
  Hyperopt TPE  |  DuoRec x retail_rocket
  max_evals=5  epochs=36  patience=5  wandb=off
  batch_size(train/valid/test)=3584/9216/9216
  track=baseline  axis=stageh_targetedrecovery_anchor2_core5  phase=P23_SH_C02_MDUOREC_FB_18_S1
=================================================================
Changed knobs: learning_rate
Tuned params(len>1): 1  (~1 discrete combos)
Tuned groups: 1
  [optimization]
    learning_rate                   [0.00015640869456034738, 0.0006022777465203777]  -> loguniform
Fixed params(singleton/non-list): 18
Fixed groups: 18
  [optimization]
    hidden_dropout_prob             0.12                                    
    weight_decay                    0.00015                                 
  [model_core]
    attn_dropout_prob               0.12                                    
    dropout_prob                    0.12                                    
    dropout_ratio                   0.12                                    
    embedding_size                  128                                     
    hidden_size                     128                                     
    inner_size                      256                                     
    num_heads                       2                                       
    num_layers                      2                                       
  [other]
    MAX_ITEM_LIST_LENGTH            10                                      
    conv_kernel                     6                                       
    n_heads                         2                                       
    n_layers                        2                                       
    num_experts                     6                                       
    remaining_ratio                 0.6                                     
    state_size                      24                                      
    time_span                       384                                     

[Wandb] disabled for this hyperopt run

[1/5] learning_rate=0.0002067
  -> MRR@20=0.160800  best=0.160800  (early_stop@6, trial=1.5min, avg=1.9min/trial, total=1.9min, ETA=7.6min)
[TRIAL_METRICS] cur_best_mrr20=0.160800 cur_best_hr10=0.212900 cur_test_mrr20=0.163200 cur_test_hr10=0.214300 run_best_mrr20=0.160800 run_best_hr10=0.212900 run_test_mrr20=0.163200 run_test_hr10=0.214300

[2/5] learning_rate=0.0002593
  -> MRR@20=0.263300  best=0.263300  (full@36, trial=9.2min, avg=5.6min/trial, total=11.1min, ETA=16.7min)
[TRIAL_METRICS] cur_best_mrr20=0.263300 cur_best_hr10=0.416800 cur_test_mrr20=0.264500 cur_test_hr10=0.419500 run_best_mrr20=0.263300 run_best_hr10=0.416800 run_test_mrr20=0.264500 run_test_hr10=0.419500

[3/5] learning_rate=0.0002936
  -> MRR@20=0.264700  best=0.264700  (full@36, trial=9.2min, avg=6.8min/trial, total=20.4min, ETA=13.6min)
[TRIAL_METRICS] cur_best_mrr20=0.264700 cur_best_hr10=0.418200 cur_test_mrr20=0.267400 cur_test_hr10=0.420300 run_best_mrr20=0.264700 run_best_hr10=0.418200 run_test_mrr20=0.267400 run_test_hr10=0.420300

[4/5] learning_rate=0.000362
  -> MRR@20=0.267800  best=0.267800  (full@36, trial=9.3min, avg=7.4min/trial, total=29.7min, ETA=7.4min)
[TRIAL_METRICS] cur_best_mrr20=0.267800 cur_best_hr10=0.419100 cur_test_mrr20=0.270400 cur_test_hr10=0.423300 run_best_mrr20=0.267800 run_best_hr10=0.419100 run_test_mrr20=0.270400 run_test_hr10=0.423300

[5/5] learning_rate=0.0003685
  -> MRR@20=0.267700  best=0.267800  (full@36, trial=9.2min, avg=7.8min/trial, total=39.0min, ETA=0s)
[TRIAL_METRICS] cur_best_mrr20=0.267700 cur_best_hr10=0.419000 cur_test_mrr20=0.270800 cur_test_hr10=0.423400 run_best_mrr20=0.267800 run_best_hr10=0.419100 run_test_mrr20=0.270400 run_test_hr10=0.423300

=================================================================
  DONE  |  DuoRec x retail_rocket
  Best MRR@20 = 0.267800  |  5/5 trials OK
  Best HR@10  = 0.419100
  Test MRR@20 = 0.270400  (best-valid checkpoint)
  Test HR@10  = 0.423300  (best-valid checkpoint)
[RUN_METRICS] best_valid_mrr20=0.267800 best_valid_hr10=0.419100 test_mrr20=0.270400 test_hr10=0.423300
  Total time: 39.0 min
  Best params:
    learning_rate: 0.000362042
  Results -> /workspace/jy1559/FMoE/experiments/run/artifacts/results/baseline/retail_rocket_DuoRec_p23_sh_c02_mduorec_fb_18_s1_20260410_100822_945774_pid549483.json
  Normal mirror -> /workspace/jy1559/FMoE/experiments/run/artifacts/results/baseline/normal/stageh_targetedrecovery_anchor2_core5/P23/retail_rocket/DuoRec/retail_rocket_DuoRec_p23_sh_c02_mduorec_fb_18_s1_20260410_100822_945774_pid549483.json
  Special result -> /workspace/jy1559/FMoE/experiments/run/artifacts/results/baseline/special/stageh_targetedrecovery_anchor2_core5/P23/retail_rocket/DuoRec/retail_rocket_DuoRec_p23_sh_c02_mduorec_fb_18_s1_20260410_100822_945774_pid549483_special_metrics.json
  Special log -> /workspace/jy1559/FMoE/experiments/run/artifacts/logs/baseline/special/stageh_targetedrecovery_anchor2_core5/P23/retail_rocket/DuoRec/retail_rocket_DuoRec_p23_sh_c02_mduorec_fb_18_s1_20260410_100822_945774_pid549483_special_metrics.json
=================================================================

[RUN_STATUS] END status=normal pid=549483 start=2026-04-10T10:08:22 end=2026-04-10T10:47:20
