# pair=P024 dataset=beauty model=duorec combo=C3 seed=1
# cmd=/venv/FMoE/bin/python hyperopt_tune.py --config-name tune_ab --max-evals 10 --tune-epochs 100 --tune-patience 10 --search-algo tpe --seed 72 --run-group baseline_2 --run-axis PAIR60_V3_LR10 --run-phase PAIR60_V3_LR10_DBEAUTY_MDUOREC_P024_C3_S1 model=duorec dataset=beauty eval_mode=session_fixed feature_mode=full_v3 gpu_id=6 log_wandb=false show_progress=false ++seed=72 ++MAX_ITEM_LIST_LENGTH=20 ++eval_sampling.mode=full ++eval_sampling.auto_full_threshold=999999999 ++special_logging=true ++exclude_unseen_target_from_main_eval=true ++log_unseen_target_metrics=true ++hidden_size=128 ++embedding_size=128 ++n_layers=1 ++num_layers=1 ++n_heads=2 ++num_heads=2 ++inner_size=256 ++dropout_ratio=0.15 ++hidden_dropout_prob=0.15 ++attn_dropout_prob=0.15 ++weight_decay=0.00015 ++contrast="su" ++tau=0.24 ++lmd=0.0 ++lmd_sem=0.02 ++semantic_sample_max_tries=2 ++search={learning_rate:[0.0001686985477115912,0.0006747941908463648]} ++search_space_type_overrides={learning_rate:"loguniform"} ++search.MAX_ITEM_LIST_LENGTH=[20] ++search_space_type_overrides.MAX_ITEM_LIST_LENGTH=choice ++search.weight_decay=[0.00015] ++search_space_type_overrides.weight_decay=choice ++search.hidden_size=[128] ++search_space_type_overrides.hidden_size=choice ++search.embedding_size=[128] ++search_space_type_overrides.embedding_size=choice ++search.n_layers=[1] ++search_space_type_overrides.n_layers=choice ++search.num_layers=[1] ++search_space_type_overrides.num_layers=choice ++search.n_heads=[2] ++search_space_type_overrides.n_heads=choice ++search.num_heads=[2] ++search_space_type_overrides.num_heads=choice ++search.inner_size=[256] ++search_space_type_overrides.inner_size=choice ++search.dropout_ratio=[0.15] ++search_space_type_overrides.dropout_ratio=choice ++search.hidden_dropout_prob=[0.15] ++search_space_type_overrides.hidden_dropout_prob=choice ++search.attn_dropout_prob=[0.15] ++search_space_type_overrides.attn_dropout_prob=choice ++search.contrast=["su"] ++search_space_type_overrides.contrast=choice ++search.tau=[0.24] ++search_space_type_overrides.tau=choice ++search.lmd=[0.0] ++search_space_type_overrides.lmd=choice ++search.lmd_sem=[0.02] ++search_space_type_overrides.lmd_sem=choice ++search.semantic_sample_max_tries=[2] ++search_space_type_overrides.semantic_sample_max_tries=choice

/venv/FMoE/lib/python3.10/site-packages/ray/_private/parameter.py:4: UserWarning: pkg_resources is deprecated as an API. See https://setuptools.pypa.io/en/latest/pkg_resources.html. The pkg_resources package is slated for removal as early as 2025-11-30. Refrain from using this package or pin to Setuptools<81.
  import pkg_resources
[RUN_STATUS] START pid=1133534 ts=2026-04-15T02:49:46

=================================================================
  Hyperopt  |  DuoRec x beauty
  max_evals=10  epochs=100  patience=10  wandb=off
  search_algo=tpe
  batch_size(train/valid/test)=4096/8192/8192
  track=baseline_2  axis=pair60_v3_lr10  phase=PAIR60_V3_LR10_DBEAUTY_MDUOREC_P024_C3_S1
=================================================================
Changed knobs: learning_rate
Tuned params(len>1): 1  (~1 discrete combos)
Tuned groups: 1
  [optimization]
    learning_rate                   [0.0001686985477115912, 0.0006747941908463648]  -> loguniform
Fixed params(singleton/non-list): 17
Fixed groups: 17
  [optimization]
    hidden_dropout_prob             0.15                                    
    weight_decay                    0.00015                                 
  [model_core]
    attn_dropout_prob               0.15                                    
    dropout_ratio                   0.15                                    
    embedding_size                  128                                     
    hidden_size                     128                                     
    inner_size                      256                                     
    num_heads                       2                                       
    num_layers                      1                                       
  [other]
    MAX_ITEM_LIST_LENGTH            20                                      
    contrast                        su                                      
    lmd                             0.0                                     
    lmd_sem                         0.02                                    
    n_heads                         2                                       
    n_layers                        1                                       
    semantic_sample_max_tries       2                                       
    tau                             0.24                                    

[Wandb] disabled for this hyperopt run

[1/10] learning_rate=0.0001774
  -> MRR@20=0.011900  best=0.011900  (early_stop@49, trial=40s, avg=43s/trial, total=43s, ETA=6.4min)
[TRIAL_METRICS] cur_best_mrr20=0.011900 cur_best_hr10=0.023400 cur_test_mrr20=0.008400 cur_test_hr10=0.014100 run_best_mrr20=0.011900 run_best_hr10=0.023400 run_test_mrr20=0.008400 run_test_hr10=0.014100

[2/10] learning_rate=0.000203
  -> MRR@20=0.011400  best=0.011900  (early_stop@46, trial=37s, avg=40s/trial, total=1.3min, ETA=5.3min)
[TRIAL_METRICS] cur_best_mrr20=0.011400 cur_best_hr10=0.023400 cur_test_mrr20=0.007900 cur_test_hr10=0.014100 run_best_mrr20=0.011900 run_best_hr10=0.023400 run_test_mrr20=0.008400 run_test_hr10=0.014100

[3/10] learning_rate=0.0001901
  -> MRR@20=0.011500  best=0.011900  (early_stop@48, trial=38s, avg=40s/trial, total=2.0min, ETA=4.6min)
[TRIAL_METRICS] cur_best_mrr20=0.011500 cur_best_hr10=0.023400 cur_test_mrr20=0.007900 cur_test_hr10=0.014100 run_best_mrr20=0.011900 run_best_hr10=0.023400 run_test_mrr20=0.008400 run_test_hr10=0.014100

[4/10] learning_rate=0.0004505
  -> MRR@20=0.011300  best=0.011900  (early_stop@29, trial=23s, avg=36s/trial, total=2.4min, ETA=3.6min)
[TRIAL_METRICS] cur_best_mrr20=0.011300 cur_best_hr10=0.023400 cur_test_mrr20=0.007500 cur_test_hr10=0.014100 run_best_mrr20=0.011900 run_best_hr10=0.023400 run_test_mrr20=0.008400 run_test_hr10=0.014100

[5/10] learning_rate=0.0002392
  -> MRR@20=0.011800  best=0.011900  (early_stop@41, trial=32s, avg=35s/trial, total=2.9min, ETA=2.9min)
[TRIAL_METRICS] cur_best_mrr20=0.011800 cur_best_hr10=0.023400 cur_test_mrr20=0.007900 cur_test_hr10=0.014100 run_best_mrr20=0.011900 run_best_hr10=0.023400 run_test_mrr20=0.008400 run_test_hr10=0.014100

[6/10] learning_rate=0.0002474
  -> MRR@20=0.011400  best=0.011900  (early_stop@40, trial=32s, avg=34s/trial, total=3.4min, ETA=2.3min)
[TRIAL_METRICS] cur_best_mrr20=0.011400 cur_best_hr10=0.023400 cur_test_mrr20=0.007900 cur_test_hr10=0.014100 run_best_mrr20=0.011900 run_best_hr10=0.023400 run_test_mrr20=0.008400 run_test_hr10=0.014100

[7/10] learning_rate=0.0003121
  -> MRR@20=0.011400  best=0.011900  (early_stop@34, trial=26s, avg=33s/trial, total=3.9min, ETA=1.7min)
[TRIAL_METRICS] cur_best_mrr20=0.011400 cur_best_hr10=0.023400 cur_test_mrr20=0.007900 cur_test_hr10=0.014100 run_best_mrr20=0.011900 run_best_hr10=0.023400 run_test_mrr20=0.008400 run_test_hr10=0.014100

[8/10] learning_rate=0.0001764
  -> MRR@20=0.011900  best=0.011900  (early_stop@49, trial=38s, avg=34s/trial, total=4.5min, ETA=1.1min)
[TRIAL_METRICS] cur_best_mrr20=0.011900 cur_best_hr10=0.023400 cur_test_mrr20=0.008400 cur_test_hr10=0.014100 run_best_mrr20=0.011900 run_best_hr10=0.023400 run_test_mrr20=0.008400 run_test_hr10=0.014100

[9/10] learning_rate=0.0001729
  -> MRR@20=0.011900  best=0.011900  (early_stop@50, trial=40s, avg=35s/trial, total=5.2min, ETA=35s)
[TRIAL_METRICS] cur_best_mrr20=0.011900 cur_best_hr10=0.023400 cur_test_mrr20=0.008000 cur_test_hr10=0.014100 run_best_mrr20=0.011900 run_best_hr10=0.023400 run_test_mrr20=0.008000 run_test_hr10=0.014100

[10/10] learning_rate=0.000494
  -> MRR@20=0.011400  best=0.011900  (early_stop@29, trial=23s, avg=34s/trial, total=5.6min, ETA=0s)
[TRIAL_METRICS] cur_best_mrr20=0.011400 cur_best_hr10=0.023400 cur_test_mrr20=0.006100 cur_test_hr10=0.014100 run_best_mrr20=0.011900 run_best_hr10=0.023400 run_test_mrr20=0.008400 run_test_hr10=0.014100

=================================================================
  DONE  |  DuoRec x beauty
  Best MRR@20 = 0.011900  |  10/10 trials OK
  Best HR@10  = 0.023400
  Test MRR@20 = 0.008400  (best-valid checkpoint)
  Test HR@10  = 0.014100  (best-valid checkpoint)
[RUN_METRICS] best_valid_mrr20=0.011900 best_valid_hr10=0.023400 test_mrr20=0.008400 test_hr10=0.014100
  Total time: 5.6 min
  Best params:
    learning_rate: 0.000177359
  Results -> /workspace/FeaturedMoE/experiments/run/artifacts/results/baseline_2/beauty_DuoRec_pair60_v3_lr10_dbeauty_mduorec_p024_c3_s1_20260415_024946_680138_pid1133534.json
  Normal mirror -> /workspace/FeaturedMoE/experiments/run/artifacts/results/baseline_2/normal/pair60_v3_lr10/PAIR60/beauty/DuoRec/beauty_DuoRec_pair60_v3_lr10_dbeauty_mduorec_p024_c3_s1_20260415_024946_680138_pid1133534.json
  Special result -> /workspace/FeaturedMoE/experiments/run/artifacts/results/baseline_2/special/pair60_v3_lr10/PAIR60/beauty/DuoRec/beauty_DuoRec_pair60_v3_lr10_dbeauty_mduorec_p024_c3_s1_20260415_024946_680138_pid1133534_special_metrics.json
  Special log -> /workspace/FeaturedMoE/experiments/run/artifacts/logs/baseline_2/special/pair60_v3_lr10/PAIR60/beauty/DuoRec/beauty_DuoRec_pair60_v3_lr10_dbeauty_mduorec_p024_c3_s1_20260415_024946_680138_pid1133534_special_metrics.json
=================================================================

[RUN_STATUS] END status=normal pid=1133534 start=2026-04-15T02:49:46 end=2026-04-15T02:55:22
