[RUN_STATUS] START pid=389302 ts=2026-03-14T23:37:19

=================================================================
  Hyperopt TPE  |  BSARec x lastfm0.03
  max_evals=30  epochs=100  patience=10  wandb=off
  batch_size(train/valid/test)=2048/4096/4096
  track=baseline  axis=hparam  phase=P1_FIXREG_W1_D01_BSAREC_C2
=================================================================
Changed knobs: learning_rate
Tuned params(len>1): 1  (~1 discrete combos)
Tuned groups: 1
  [optimization]
    learning_rate                   [8e-05, 0.0015]                           -> loguniform
Fixed params(singleton/non-list): 4
Fixed groups: 4
  [optimization]
    weight_decay                    0.0005                                  
  [model_core]
    dropout_ratio                   0.1                                     
    num_heads                       4                                       
    num_layers                      2                                       

[Wandb] disabled for this hyperopt run

[1/30] learning_rate=0.0001168
  -> MRR@20=0.1252  best=0.1252  (full@100, trial=17.4min, avg=17.4min/trial, total=17.4min, ETA=8.43h)
[TRIAL_METRICS] cur_best_mrr20=0.1252 cur_best_hr10=0.1470 cur_test_mrr20=0.1176 cur_test_hr10=0.1389 run_best_mrr20=0.1252 run_best_hr10=0.1470 run_test_mrr20=0.1176 run_test_hr10=0.1389

[2/30] learning_rate=0.0001319
  -> MRR@20=0.1812  best=0.1812  (full@100, trial=17.4min, avg=17.4min/trial, total=34.8min, ETA=8.13h)
[TRIAL_METRICS] cur_best_mrr20=0.1812 cur_best_hr10=0.2122 cur_test_mrr20=0.1696 cur_test_hr10=0.1991 run_best_mrr20=0.1812 run_best_hr10=0.2122 run_test_mrr20=0.1696 run_test_hr10=0.1991

[3/30] learning_rate=0.001122
  -> MRR@20=0.3719  best=0.3719  (early_stop@36, trial=6.2min, avg=13.7min/trial, total=41.1min, ETA=6.16h)
[TRIAL_METRICS] cur_best_mrr20=0.3719 cur_best_hr10=0.4386 cur_test_mrr20=0.3491 cur_test_hr10=0.4125 run_best_mrr20=0.3719 run_best_hr10=0.4386 run_test_mrr20=0.3491 run_test_hr10=0.4125

[4/30] learning_rate=0.0001039
  -> MRR@20=0.0925  best=0.3719  (full@100, trial=17.4min, avg=14.6min/trial, total=58.5min, ETA=6.33h)
[TRIAL_METRICS] cur_best_mrr20=0.0925 cur_best_hr10=0.1079 cur_test_mrr20=0.0867 cur_test_hr10=0.1016 run_best_mrr20=0.3719 run_best_hr10=0.4386 run_test_mrr20=0.3491 run_test_hr10=0.4125

[5/30] learning_rate=0.0009162
  -> MRR@20=0.3767  best=0.3767  (early_stop@39, trial=6.7min, avg=13.0min/trial, total=1.09h, ETA=5.43h)
[TRIAL_METRICS] cur_best_mrr20=0.3767 cur_best_hr10=0.4436 cur_test_mrr20=0.3550 cur_test_hr10=0.4184 run_best_mrr20=0.3767 run_best_hr10=0.4436 run_test_mrr20=0.3550 run_test_hr10=0.4184

[6/30] learning_rate=0.0008549
  -> MRR@20=0.3784  best=0.3784  (early_stop@46, trial=7.9min, avg=12.2min/trial, total=1.22h, ETA=4.88h)
[TRIAL_METRICS] cur_best_mrr20=0.3784 cur_best_hr10=0.4353 cur_test_mrr20=0.3519 cur_test_hr10=0.4074 run_best_mrr20=0.3784 run_best_hr10=0.4353 run_test_mrr20=0.3519 run_test_hr10=0.4074

[7/30] learning_rate=0.0007841
  -> MRR@20=0.3804  best=0.3804  (early_stop@44, trial=7.6min, avg=11.5min/trial, total=1.35h, ETA=4.42h)
[TRIAL_METRICS] cur_best_mrr20=0.3804 cur_best_hr10=0.4426 cur_test_mrr20=0.3573 cur_test_hr10=0.4171 run_best_mrr20=0.3804 run_best_hr10=0.4426 run_test_mrr20=0.3573 run_test_hr10=0.4171

[8/30] learning_rate=9.998e-05
  -> MRR@20=0.0852  best=0.3804  (full@100, trial=17.2min, avg=12.2min/trial, total=1.63h, ETA=4.49h)
[TRIAL_METRICS] cur_best_mrr20=0.0852 cur_best_hr10=0.0990 cur_test_mrr20=0.0801 cur_test_hr10=0.0937 run_best_mrr20=0.3804 run_best_hr10=0.4426 run_test_mrr20=0.3573 run_test_hr10=0.4171

[9/30] learning_rate=0.0005551
  -> MRR@20=0.3868  best=0.3868  (early_stop@51, trial=8.8min, avg=11.9min/trial, total=1.78h, ETA=4.15h)
[TRIAL_METRICS] cur_best_mrr20=0.3868 cur_best_hr10=0.4483 cur_test_mrr20=0.3639 cur_test_hr10=0.4221 run_best_mrr20=0.3868 run_best_hr10=0.4483 run_test_mrr20=0.3639 run_test_hr10=0.4221

[10/30] learning_rate=0.0004708
  -> MRR@20=0.3899  best=0.3899  (early_stop@59, trial=10.3min, avg=11.7min/trial, total=1.95h, ETA=3.90h)
[TRIAL_METRICS] cur_best_mrr20=0.3899 cur_best_hr10=0.4476 cur_test_mrr20=0.3650 cur_test_hr10=0.4204 run_best_mrr20=0.3899 run_best_hr10=0.4476 run_test_mrr20=0.3650 run_test_hr10=0.4204

[11/30] learning_rate=0.001072
  -> MRR@20=0.3729  best=0.3899  (early_stop@36, trial=6.3min, avg=11.2min/trial, total=2.05h, ETA=3.55h)
[TRIAL_METRICS] cur_best_mrr20=0.3729 cur_best_hr10=0.4403 cur_test_mrr20=0.3504 cur_test_hr10=0.4151 run_best_mrr20=0.3899 run_best_hr10=0.4476 run_test_mrr20=0.3650 run_test_hr10=0.4204

[12/30] learning_rate=0.0001131
  -> MRR@20=0.1140  best=0.3899  (full@100, trial=17.4min, avg=11.7min/trial, total=2.34h, ETA=3.52h)
[TRIAL_METRICS] cur_best_mrr20=0.1140 cur_best_hr10=0.1330 cur_test_mrr20=0.1071 cur_test_hr10=0.1259 run_best_mrr20=0.3899 run_best_hr10=0.4476 run_test_mrr20=0.3650 run_test_hr10=0.4204

[13/30] learning_rate=0.0002672
  -> MRR@20=0.3951  best=0.3951  (early_stop@93, trial=16.2min, avg=12.1min/trial, total=2.61h, ETA=3.42h)
[TRIAL_METRICS] cur_best_mrr20=0.3951 cur_best_hr10=0.4496 cur_test_mrr20=0.3710 cur_test_hr10=0.4217 run_best_mrr20=0.3951 run_best_hr10=0.4496 run_test_mrr20=0.3710 run_test_hr10=0.4217

[14/30] learning_rate=0.0002945
  -> MRR@20=0.3944  best=0.3951  (early_stop@83, trial=14.5min, avg=12.2min/trial, total=2.86h, ETA=3.26h)
[TRIAL_METRICS] cur_best_mrr20=0.3944 cur_best_hr10=0.4504 cur_test_mrr20=0.3702 cur_test_hr10=0.4236 run_best_mrr20=0.3951 run_best_hr10=0.4496 run_test_mrr20=0.3710 run_test_hr10=0.4217

[15/30] learning_rate=0.0002168
  -> MRR@20=0.3957  best=0.3957  (full@100, trial=17.5min, avg=12.6min/trial, total=3.15h, ETA=3.15h)
[TRIAL_METRICS] cur_best_mrr20=0.3957 cur_best_hr10=0.4488 cur_test_mrr20=0.3704 cur_test_hr10=0.4223 run_best_mrr20=0.3957 run_best_hr10=0.4488 run_test_mrr20=0.3704 run_test_hr10=0.4223

[16/30] learning_rate=0.0002874
  -> MRR@20=0.3948  best=0.3957  (early_stop@91, trial=15.9min, avg=12.8min/trial, total=3.41h, ETA=2.99h)
[TRIAL_METRICS] cur_best_mrr20=0.3948 cur_best_hr10=0.4497 cur_test_mrr20=0.3695 cur_test_hr10=0.4218 run_best_mrr20=0.3957 run_best_hr10=0.4488 run_test_mrr20=0.3704 run_test_hr10=0.4223

[17/30] learning_rate=0.0002703
  -> MRR@20=0.3953  best=0.3957  (early_stop@91, trial=15.9min, avg=13.0min/trial, total=3.68h, ETA=2.81h)
[TRIAL_METRICS] cur_best_mrr20=0.3953 cur_best_hr10=0.4502 cur_test_mrr20=0.3704 cur_test_hr10=0.4232 run_best_mrr20=0.3957 run_best_hr10=0.4488 run_test_mrr20=0.3704 run_test_hr10=0.4223

[18/30] learning_rate=0.0001737
  -> MRR@20=0.3592  best=0.3957  (full@100, trial=17.6min, avg=13.2min/trial, total=3.97h, ETA=2.65h)
[TRIAL_METRICS] cur_best_mrr20=0.3592 cur_best_hr10=0.4142 cur_test_mrr20=0.3352 cur_test_hr10=0.3885 run_best_mrr20=0.3957 run_best_hr10=0.4488 run_test_mrr20=0.3704 run_test_hr10=0.4223

[19/30] learning_rate=0.0005721
  -> MRR@20=0.3868  best=0.3957  (early_stop@59, trial=10.3min, avg=13.1min/trial, total=4.14h, ETA=2.40h)
[TRIAL_METRICS] cur_best_mrr20=0.3868 cur_best_hr10=0.4405 cur_test_mrr20=0.3605 cur_test_hr10=0.4121 run_best_mrr20=0.3957 run_best_hr10=0.4488 run_test_mrr20=0.3704 run_test_hr10=0.4223

[20/30] learning_rate=0.0006575
  -> MRR@20=0.3845  best=0.3957  (early_stop@51, trial=8.9min, avg=12.9min/trial, total=4.29h, ETA=2.15h)
[TRIAL_METRICS] cur_best_mrr20=0.3845 cur_best_hr10=0.4417 cur_test_mrr20=0.3586 cur_test_hr10=0.4145 run_best_mrr20=0.3957 run_best_hr10=0.4488 run_test_mrr20=0.3704 run_test_hr10=0.4223

[21/30] learning_rate=0.0002136
  -> MRR@20=0.3957  best=0.3957  (full@100, trial=17.4min, avg=13.1min/trial, total=4.58h, ETA=1.96h)
[TRIAL_METRICS] cur_best_mrr20=0.3957 cur_best_hr10=0.4493 cur_test_mrr20=0.3706 cur_test_hr10=0.4219 run_best_mrr20=0.3957 run_best_hr10=0.4493 run_test_mrr20=0.3706 run_test_hr10=0.4219

[22/30] learning_rate=0.0001893
  -> MRR@20=0.3861  best=0.3957  (full@100, trial=17.4min, avg=13.3min/trial, total=4.87h, ETA=1.77h)
[TRIAL_METRICS] cur_best_mrr20=0.3861 cur_best_hr10=0.4417 cur_test_mrr20=0.3629 cur_test_hr10=0.4176 run_best_mrr20=0.3957 run_best_hr10=0.4488 run_test_mrr20=0.3704 run_test_hr10=0.4223

[23/30] learning_rate=0.0003981
  -> MRR@20=0.3922  best=0.3957  (early_stop@69, trial=12.1min, avg=13.2min/trial, total=5.07h, ETA=1.54h)
[TRIAL_METRICS] cur_best_mrr20=0.3922 cur_best_hr10=0.4484 cur_test_mrr20=0.3666 cur_test_hr10=0.4200 run_best_mrr20=0.3957 run_best_hr10=0.4488 run_test_mrr20=0.3704 run_test_hr10=0.4223

[24/30] learning_rate=0.0001841
  -> MRR@20=0.3793  best=0.3957  (full@100, trial=17.3min, avg=13.4min/trial, total=5.36h, ETA=1.34h)
[TRIAL_METRICS] cur_best_mrr20=0.3793 cur_best_hr10=0.4356 cur_test_mrr20=0.3557 cur_test_hr10=0.4121 run_best_mrr20=0.3957 run_best_hr10=0.4488 run_test_mrr20=0.3704 run_test_hr10=0.4223

[25/30] learning_rate=8.285e-05
  -> MRR@20=0.0004  best=0.3957  (early_stop@16, trial=2.7min, avg=13.0min/trial, total=5.41h, ETA=1.08h)
[TRIAL_METRICS] cur_best_mrr20=0.0004 cur_best_hr10=0.0006 cur_test_mrr20=0.0004 cur_test_hr10=0.0005 run_best_mrr20=0.3957 run_best_hr10=0.4488 run_test_mrr20=0.3704 run_test_hr10=0.4223

[26/30] learning_rate=0.0002274
  -> MRR@20=0.3950  best=0.3957  (full@100, trial=17.4min, avg=13.1min/trial, total=5.70h, ETA=52.6min)
[TRIAL_METRICS] cur_best_mrr20=0.3950 cur_best_hr10=0.4491 cur_test_mrr20=0.3695 cur_test_hr10=0.4209 run_best_mrr20=0.3957 run_best_hr10=0.4488 run_test_mrr20=0.3704 run_test_hr10=0.4223

[27/30] learning_rate=0.0003857
  -> MRR@20=0.3927  best=0.3957  (early_stop@69, trial=12.0min, avg=13.1min/trial, total=5.90h, ETA=39.3min)
[TRIAL_METRICS] cur_best_mrr20=0.3927 cur_best_hr10=0.4499 cur_test_mrr20=0.3676 cur_test_hr10=0.4214 run_best_mrr20=0.3957 run_best_hr10=0.4488 run_test_mrr20=0.3704 run_test_hr10=0.4223

[28/30] learning_rate=0.0001573
  -> MRR@20=0.3000  best=0.3957  (full@100, trial=17.3min, avg=13.3min/trial, total=6.19h, ETA=26.5min)
[TRIAL_METRICS] cur_best_mrr20=0.3000 cur_best_hr10=0.3478 cur_test_mrr20=0.2797 cur_test_hr10=0.3257 run_best_mrr20=0.3957 run_best_hr10=0.4488 run_test_mrr20=0.3704 run_test_hr10=0.4223

[29/30] learning_rate=0.0001461
  -> MRR@20=0.2471  best=0.3957  (full@100, trial=17.3min, avg=13.4min/trial, total=6.48h, ETA=13.4min)
[TRIAL_METRICS] cur_best_mrr20=0.2471 cur_best_hr10=0.2874 cur_test_mrr20=0.2308 cur_test_hr10=0.2707 run_best_mrr20=0.3957 run_best_hr10=0.4488 run_test_mrr20=0.3704 run_test_hr10=0.4223

[30/30] learning_rate=0.0002143
  -> MRR@20=0.3955  best=0.3957  (full@100, trial=17.4min, avg=13.5min/trial, total=6.77h, ETA=0s)
[TRIAL_METRICS] cur_best_mrr20=0.3955 cur_best_hr10=0.4491 cur_test_mrr20=0.3702 cur_test_hr10=0.4222 run_best_mrr20=0.3957 run_best_hr10=0.4488 run_test_mrr20=0.3704 run_test_hr10=0.4223

=================================================================
  DONE  |  BSARec x lastfm0.03
  Best MRR@20 = 0.3957  |  30/30 trials OK
  Best HR@10  = 0.4488
  Test MRR@20 = 0.3704  (best-valid checkpoint)
  Test HR@10  = 0.4223  (best-valid checkpoint)
[RUN_METRICS] best_valid_mrr20=0.3957 best_valid_hr10=0.4488 test_mrr20=0.3704 test_hr10=0.4223
  Total time: 405.9 min
  Best params:
    learning_rate: 0.000216804
  Results -> /workspace/jy1559/FMoE/experiments/run/artifacts/results/baseline/lastfm0.03_BSARec_p1_fixreg_w1_d01_bsarec_c2_20260314_233719_922129_pid389302.json
  Normal mirror -> /workspace/jy1559/FMoE/experiments/run/artifacts/results/baseline/normal/hparam/P1/lastfm0.03/BSARec/lastfm0.03_BSARec_p1_fixreg_w1_d01_bsarec_c2_20260314_233719_922129_pid389302.json
  Special result -> /workspace/jy1559/FMoE/experiments/run/artifacts/results/baseline/special/hparam/P1/lastfm0.03/BSARec/lastfm0.03_BSARec_p1_fixreg_w1_d01_bsarec_c2_20260314_233719_922129_pid389302_special_metrics.json
  Special log -> /workspace/jy1559/FMoE/experiments/run/artifacts/logs/baseline/special/hparam/P1/lastfm0.03/BSARec/lastfm0.03_BSARec_p1_fixreg_w1_d01_bsarec_c2_20260314_233719_922129_pid389302_special_metrics.json
=================================================================

[RUN_STATUS] END status=normal pid=389302 start=2026-03-14T23:37:19 end=2026-03-15T06:23:14
