[RUN_STATUS] START pid=400380 ts=2026-03-15T14:19:10

=================================================================
  Hyperopt TPE  |  FENRec x lastfm0.03
  max_evals=19  epochs=100  patience=10  wandb=off
  batch_size(train/valid/test)=2048/4096/4096
  track=baseline  axis=hparam  phase=P1_FIXREG_W1_D01_FENREC_C1
=================================================================
Changed knobs: learning_rate
Tuned params(len>1): 1  (~1 discrete combos)
Tuned groups: 1
  [optimization]
    learning_rate                   [8e-05, 0.001]                            -> loguniform
Fixed params(singleton/non-list): 5
Fixed groups: 5
  [optimization]
    weight_decay                    0.0                                     
  [model_core]
    dropout_ratio                   0.2                                     
    num_layers                      1                                       
  [other]
    cl_temperature                  0.2                                     
    cl_weight                       0.05                                    

[Wandb] disabled for this hyperopt run

[1/19] learning_rate=0.0001919
  -> MRR@20=0.2468  best=0.2468  (full@100, trial=14.9min, avg=15.0min/trial, total=15.0min, ETA=4.49h)
[TRIAL_METRICS] cur_best_mrr20=0.2468 cur_best_hr10=0.2929 cur_test_mrr20=0.2337 cur_test_hr10=0.2789 run_best_mrr20=0.2468 run_best_hr10=0.2929 run_test_mrr20=0.2337 run_test_hr10=0.2789

[2/19] learning_rate=0.0006341
  -> MRR@20=0.3976  best=0.3976  (full@100, trial=15.0min, avg=15.0min/trial, total=29.9min, ETA=4.24h)
[TRIAL_METRICS] cur_best_mrr20=0.3976 cur_best_hr10=0.4503 cur_test_mrr20=0.3772 cur_test_hr10=0.4293 run_best_mrr20=0.3976 run_best_hr10=0.4503 run_test_mrr20=0.3772 run_test_hr10=0.4293

[3/19] learning_rate=0.0006431
  -> MRR@20=0.3980  best=0.3980  (full@100, trial=15.1min, avg=15.0min/trial, total=45.1min, ETA=4.01h)
[TRIAL_METRICS] cur_best_mrr20=0.3980 cur_best_hr10=0.4509 cur_test_mrr20=0.3777 cur_test_hr10=0.4297 run_best_mrr20=0.3980 run_best_hr10=0.4509 run_test_mrr20=0.3777 run_test_hr10=0.4297

[4/19] learning_rate=0.0001182
  -> MRR@20=0.1504  best=0.3980  (full@100, trial=15.1min, avg=15.1min/trial, total=1.00h, ETA=3.76h)
[TRIAL_METRICS] cur_best_mrr20=0.1504 cur_best_hr10=0.1887 cur_test_mrr20=0.1424 cur_test_hr10=0.1813 run_best_mrr20=0.3980 run_best_hr10=0.4509 run_test_mrr20=0.3777 run_test_hr10=0.4297

[5/19] learning_rate=0.0007131
  -> MRR@20=0.4007  best=0.4007  (full@100, trial=15.1min, avg=15.1min/trial, total=1.26h, ETA=3.51h)
[TRIAL_METRICS] cur_best_mrr20=0.4007 cur_best_hr10=0.4538 cur_test_mrr20=0.3798 cur_test_hr10=0.4328 run_best_mrr20=0.4007 run_best_hr10=0.4538 run_test_mrr20=0.3798 run_test_hr10=0.4328

[6/19] learning_rate=0.0007571
  -> MRR@20=0.4018  best=0.4018  (full@100, trial=15.2min, avg=15.1min/trial, total=1.51h, ETA=3.27h)
[TRIAL_METRICS] cur_best_mrr20=0.4018 cur_best_hr10=0.4554 cur_test_mrr20=0.3806 cur_test_hr10=0.4339 run_best_mrr20=0.4018 run_best_hr10=0.4554 run_test_mrr20=0.3806 run_test_hr10=0.4339

[7/19] learning_rate=0.0002143
  -> MRR@20=0.2697  best=0.4018  (full@100, trial=15.1min, avg=15.1min/trial, total=1.76h, ETA=3.02h)
[TRIAL_METRICS] cur_best_mrr20=0.2697 cur_best_hr10=0.3179 cur_test_mrr20=0.2562 cur_test_hr10=0.3020 run_best_mrr20=0.4018 run_best_hr10=0.4554 run_test_mrr20=0.3806 run_test_hr10=0.4339

[8/19] learning_rate=0.0007855
  -> MRR@20=0.4023  best=0.4023  (full@100, trial=15.1min, avg=15.1min/trial, total=2.01h, ETA=2.77h)
[TRIAL_METRICS] cur_best_mrr20=0.4023 cur_best_hr10=0.4561 cur_test_mrr20=0.3814 cur_test_hr10=0.4338 run_best_mrr20=0.4023 run_best_hr10=0.4561 run_test_mrr20=0.3814 run_test_hr10=0.4338

[9/19] learning_rate=0.0001083
  -> MRR@20=0.1365  best=0.4023  (full@100, trial=15.1min, avg=15.1min/trial, total=2.26h, ETA=2.51h)
[TRIAL_METRICS] cur_best_mrr20=0.1365 cur_best_hr10=0.1723 cur_test_mrr20=0.1297 cur_test_hr10=0.1651 run_best_mrr20=0.4023 run_best_hr10=0.4561 run_test_mrr20=0.3814 run_test_hr10=0.4338

[10/19] learning_rate=0.0004439
  -> MRR@20=0.3784  best=0.4023  (full@100, trial=15.0min, avg=15.1min/trial, total=2.51h, ETA=2.26h)
[TRIAL_METRICS] cur_best_mrr20=0.3784 cur_best_hr10=0.4295 cur_test_mrr20=0.3597 cur_test_hr10=0.4102 run_best_mrr20=0.4023 run_best_hr10=0.4561 run_test_mrr20=0.3814 run_test_hr10=0.4338

[11/19] learning_rate=0.0001565
  -> MRR@20=0.2035  best=0.4023  (full@100, trial=15.0min, avg=15.1min/trial, total=2.76h, ETA=2.01h)
[TRIAL_METRICS] cur_best_mrr20=0.2035 cur_best_hr10=0.2469 cur_test_mrr20=0.1928 cur_test_hr10=0.2355 run_best_mrr20=0.4023 run_best_hr10=0.4561 run_test_mrr20=0.3814 run_test_hr10=0.4338

[12/19] learning_rate=9.556e-05
  -> MRR@20=0.1179  best=0.4023  (full@100, trial=15.0min, avg=15.1min/trial, total=3.01h, ETA=1.76h)
[TRIAL_METRICS] cur_best_mrr20=0.1179 cur_best_hr10=0.1506 cur_test_mrr20=0.1122 cur_test_hr10=0.1444 run_best_mrr20=0.4023 run_best_hr10=0.4561 run_test_mrr20=0.3814 run_test_hr10=0.4338

[13/19] learning_rate=0.0005275
  -> MRR@20=0.3904  best=0.4023  (full@100, trial=15.0min, avg=15.1min/trial, total=3.26h, ETA=1.51h)
[TRIAL_METRICS] cur_best_mrr20=0.3904 cur_best_hr10=0.4422 cur_test_mrr20=0.3708 cur_test_hr10=0.4222 run_best_mrr20=0.4023 run_best_hr10=0.4561 run_test_mrr20=0.3814 run_test_hr10=0.4338

[14/19] learning_rate=0.0002303
  -> MRR@20=0.2847  best=0.4023  (full@100, trial=14.9min, avg=15.0min/trial, total=3.51h, ETA=1.25h)
[TRIAL_METRICS] cur_best_mrr20=0.2847 cur_best_hr10=0.3331 cur_test_mrr20=0.2702 cur_test_hr10=0.3169 run_best_mrr20=0.4023 run_best_hr10=0.4561 run_test_mrr20=0.3814 run_test_hr10=0.4338

[15/19] learning_rate=0.0006327
  -> MRR@20=0.3975  best=0.4023  (full@100, trial=14.8min, avg=15.0min/trial, total=3.76h, ETA=1.00h)
[TRIAL_METRICS] cur_best_mrr20=0.3975 cur_best_hr10=0.4502 cur_test_mrr20=0.3771 cur_test_hr10=0.4293 run_best_mrr20=0.4023 run_best_hr10=0.4561 run_test_mrr20=0.3814 run_test_hr10=0.4338

[16/19] learning_rate=0.0005645
  -> MRR@20=0.3938  best=0.4023  (full@100, trial=14.8min, avg=15.0min/trial, total=4.00h, ETA=45.1min)
[TRIAL_METRICS] cur_best_mrr20=0.3938 cur_best_hr10=0.4459 cur_test_mrr20=0.3740 cur_test_hr10=0.4256 run_best_mrr20=0.4023 run_best_hr10=0.4561 run_test_mrr20=0.3814 run_test_hr10=0.4338

[17/19] learning_rate=0.0009532
  -> MRR@20=0.4038  best=0.4038  (full@100, trial=14.7min, avg=15.0min/trial, total=4.25h, ETA=30.0min)
[TRIAL_METRICS] cur_best_mrr20=0.4038 cur_best_hr10=0.4587 cur_test_mrr20=0.3823 cur_test_hr10=0.4359 run_best_mrr20=0.4038 run_best_hr10=0.4587 run_test_mrr20=0.3823 run_test_hr10=0.4359

[18/19] learning_rate=0.0001615
  -> MRR@20=0.2102  best=0.4038  (full@100, trial=14.8min, avg=15.0min/trial, total=4.50h, ETA=15.0min)
[TRIAL_METRICS] cur_best_mrr20=0.2102 cur_best_hr10=0.2533 cur_test_mrr20=0.1986 cur_test_hr10=0.2424 run_best_mrr20=0.4038 run_best_hr10=0.4587 run_test_mrr20=0.3823 run_test_hr10=0.4359

[19/19] learning_rate=0.0001588
  -> MRR@20=0.2065  best=0.4038  (full@100, trial=14.9min, avg=15.0min/trial, total=4.75h, ETA=0s)
[TRIAL_METRICS] cur_best_mrr20=0.2065 cur_best_hr10=0.2496 cur_test_mrr20=0.1955 cur_test_hr10=0.2387 run_best_mrr20=0.4038 run_best_hr10=0.4587 run_test_mrr20=0.3823 run_test_hr10=0.4359

=================================================================
  DONE  |  FENRec x lastfm0.03
  Best MRR@20 = 0.4038  |  19/19 trials OK
  Best HR@10  = 0.4587
  Test MRR@20 = 0.3823  (best-valid checkpoint)
  Test HR@10  = 0.4359  (best-valid checkpoint)
[RUN_METRICS] best_valid_mrr20=0.4038 best_valid_hr10=0.4587 test_mrr20=0.3823 test_hr10=0.4359
  Total time: 284.7 min
  Best params:
    learning_rate: 0.000953245
  Results -> /workspace/jy1559/FMoE/experiments/run/artifacts/results/baseline/lastfm0.03_FENRec_p1_fixreg_w1_d01_fenrec_c1_20260315_141910_150004_pid400380.json
  Normal mirror -> /workspace/jy1559/FMoE/experiments/run/artifacts/results/baseline/normal/hparam/P1/lastfm0.03/FENRec/lastfm0.03_FENRec_p1_fixreg_w1_d01_fenrec_c1_20260315_141910_150004_pid400380.json
  Special result -> /workspace/jy1559/FMoE/experiments/run/artifacts/results/baseline/special/hparam/P1/lastfm0.03/FENRec/lastfm0.03_FENRec_p1_fixreg_w1_d01_fenrec_c1_20260315_141910_150004_pid400380_special_metrics.json
  Special log -> /workspace/jy1559/FMoE/experiments/run/artifacts/logs/baseline/special/hparam/P1/lastfm0.03/FENRec/lastfm0.03_FENRec_p1_fixreg_w1_d01_fenrec_c1_20260315_141910_150004_pid400380_special_metrics.json
=================================================================

[RUN_STATUS] END status=normal pid=400380 start=2026-03-15T14:19:10 end=2026-03-15T19:03:52
