[STAGEF_TAILBOOST_ANCHOR2_CORE5_SETTING_HEADER]
run_phase=P21_SC_D01_M01_P02_GRU4REC_MANUAL_AB_GRU_ALT_F1_S1 run_id=SC_AMAZON_BEAUTY_GRU4REC_MANUAL_AB_GRU_ALT_F1_S1 phase_id=P21 axis_id=SC model=GRU4Rec profile_id=F1 parent_profile_id=MANUAL_AB_GRU_ALT seed=1
dataset=amazon_beauty gpu=5 order=0 lr_band=M_GRU_AB_2 lr_lo=0.0013235294117647056 lr_hi=0.003536
max_evals=12 tune_epochs=72 tune_patience=9
seed=210016

[COMMAND]
- /venv/FMoE/bin/python hyperopt_tune.py --config-name tune_ab --max-evals 12 --tune-epochs 72 --tune-patience 9 --seed 210016 --run-group baseline --run-axis StageF_TailBoost_anchor2_core5 --run-phase P21_SC_D01_M01_P02_GRU4REC_MANUAL_AB_GRU_ALT_F1_S1 model=gru4rec dataset=amazon_beauty eval_mode=session_fixed feature_mode=full_v3 gpu_id=5 log_wandb=false show_progress=false ++special_logging=true ++seed=210016 ++search={learning_rate:[0.0013235294117647056,0.003536]} ++search_space_type_overrides={learning_rate:"loguniform"} ++MAX_ITEM_LIST_LENGTH=10 ++weight_decay=0.0002 ++search.weight_decay=[0.0002] ++search_space_type_overrides.weight_decay=choice ++search.hidden_size=[160] ++search_space_type_overrides.hidden_size=choice ++search.embedding_size=[160] ++search_space_type_overrides.embedding_size=choice ++search.n_layers=[2] ++search_space_type_overrides.n_layers=choice ++search.num_layers=[2] ++search_space_type_overrides.num_layers=choice ++search.dropout_ratio=[0.18] ++search_space_type_overrides.dropout_ratio=choice ++search.dropout_prob=[0.18] ++search_space_type_overrides.dropout_prob=choice ++search.hidden_dropout_prob=[0.18] ++search_space_type_overrides.hidden_dropout_prob=choice ++search.attn_dropout_prob=[0.18] ++search_space_type_overrides.attn_dropout_prob=choice ++dropout_prob=0.18 ++num_layers=2 ++hidden_size=160 ++embedding_size=160 ++n_layers=2 ++num_layers=2 ++train_batch_size=8192 ++eval_batch_size=10240 ++search.MAX_ITEM_LIST_LENGTH=[10] ++search_space_type_overrides.MAX_ITEM_LIST_LENGTH=choice
/venv/FMoE/lib/python3.10/site-packages/ray/_private/parameter.py:4: UserWarning: pkg_resources is deprecated as an API. See https://setuptools.pypa.io/en/latest/pkg_resources.html. The pkg_resources package is slated for removal as early as 2025-11-30. Refrain from using this package or pin to Setuptools<81.
  import pkg_resources
[RUN_STATUS] START pid=261482 ts=2026-04-07T00:06:11

=================================================================
  Hyperopt TPE  |  GRU4Rec x amazon_beauty
  max_evals=12  epochs=72  patience=9  wandb=off
  batch_size(train/valid/test)=8192/10240/10240
  track=baseline  axis=stagef_tailboost_anchor2_core5  phase=P21_SC_D01_M01_P02_GRU4REC_MANUAL_AB_GRU_ALT_F1_S1
=================================================================
Changed knobs: learning_rate
Tuned params(len>1): 1  (~1 discrete combos)
Tuned groups: 1
  [optimization]
    learning_rate                   [0.0013235294117647056, 0.003536]         -> loguniform
Fixed params(singleton/non-list): 10
Fixed groups: 10
  [optimization]
    hidden_dropout_prob             0.18                                    
    weight_decay                    0.0002                                  
  [model_core]
    attn_dropout_prob               0.18                                    
    dropout_prob                    0.18                                    
    dropout_ratio                   0.18                                    
    embedding_size                  160                                     
    hidden_size                     160                                     
    num_layers                      2                                       
  [other]
    MAX_ITEM_LIST_LENGTH            10                                      
    n_layers                        2                                       

[Wandb] disabled for this hyperopt run

[1/12] learning_rate=0.001688
  -> MRR@20=0.000900  best=0.000900  (early_stop@11, trial=2s, avg=4s/trial, total=4s, ETA=42s)
[TRIAL_METRICS] cur_best_mrr20=0.000900 cur_best_hr10=0.000000 cur_test_mrr20=0.001900 cur_test_hr10=0.008800 run_best_mrr20=0.000900 run_best_hr10=0.000000 run_test_mrr20=0.001900 run_test_hr10=0.008800

[2/12] learning_rate=0.001634
  -> MRR@20=0.000900  best=0.000900  (early_stop@11, trial=1s, avg=3s/trial, total=5s, ETA=26s)
[TRIAL_METRICS] cur_best_mrr20=0.000900 cur_best_hr10=0.000000 cur_test_mrr20=0.001900 cur_test_hr10=0.008800 run_best_mrr20=0.000900 run_best_hr10=0.000000 run_test_mrr20=0.001900 run_test_hr10=0.008800

[3/12] learning_rate=0.003068
  -> MRR@20=0.002200  best=0.002200  (early_stop@19, trial=2s, avg=2s/trial, total=7s, ETA=22s)
[TRIAL_METRICS] cur_best_mrr20=0.002200 cur_best_hr10=0.008800 cur_test_mrr20=0.004600 cur_test_hr10=0.017500 run_best_mrr20=0.002200 run_best_hr10=0.008800 run_test_mrr20=0.004600 run_test_hr10=0.017500

[4/12] learning_rate=0.001677
  -> MRR@20=0.000900  best=0.002200  (early_stop@11, trial=1s, avg=2s/trial, total=9s, ETA=17s)
[TRIAL_METRICS] cur_best_mrr20=0.000900 cur_best_hr10=0.000000 cur_test_mrr20=0.001900 cur_test_hr10=0.008800 run_best_mrr20=0.002200 run_best_hr10=0.008800 run_test_mrr20=0.004600 run_test_hr10=0.017500

[5/12] learning_rate=0.00349
  -> MRR@20=0.002200  best=0.002200  (early_stop@18, trial=1s, avg=2s/trial, total=11s, ETA=15s)
[TRIAL_METRICS] cur_best_mrr20=0.002200 cur_best_hr10=0.008800 cur_test_mrr20=0.004700 cur_test_hr10=0.017500 run_best_mrr20=0.002200 run_best_hr10=0.008800 run_test_mrr20=0.004700 run_test_hr10=0.017500

[6/12] learning_rate=0.001769
  -> MRR@20=0.000900  best=0.002200  (early_stop@11, trial=1s, avg=2s/trial, total=12s, ETA=12s)
[TRIAL_METRICS] cur_best_mrr20=0.000900 cur_best_hr10=0.000000 cur_test_mrr20=0.001900 cur_test_hr10=0.008800 run_best_mrr20=0.002200 run_best_hr10=0.008800 run_test_mrr20=0.004600 run_test_hr10=0.017500

[7/12] learning_rate=0.003253
  -> MRR@20=0.002200  best=0.002200  (early_stop@17, trial=1s, avg=2s/trial, total=14s, ETA=10s)
[TRIAL_METRICS] cur_best_mrr20=0.002200 cur_best_hr10=0.008800 cur_test_mrr20=0.003000 cur_test_hr10=0.008800 run_best_mrr20=0.002200 run_best_hr10=0.008800 run_test_mrr20=0.003000 run_test_hr10=0.008800

[8/12] learning_rate=0.002763
  -> MRR@20=0.001800  best=0.002200  (early_stop@20, trial=2s, avg=2s/trial, total=16s, ETA=8s)
[TRIAL_METRICS] cur_best_mrr20=0.001800 cur_best_hr10=0.008800 cur_test_mrr20=0.004600 cur_test_hr10=0.017500 run_best_mrr20=0.002200 run_best_hr10=0.008800 run_test_mrr20=0.004600 run_test_hr10=0.017500

[9/12] learning_rate=0.001961
  -> MRR@20=0.000900  best=0.002200  (early_stop@11, trial=1s, avg=2s/trial, total=17s, ETA=6s)
[TRIAL_METRICS] cur_best_mrr20=0.000900 cur_best_hr10=0.000000 cur_test_mrr20=0.001900 cur_test_hr10=0.008800 run_best_mrr20=0.002200 run_best_hr10=0.008800 run_test_mrr20=0.004600 run_test_hr10=0.017500

[10/12] learning_rate=0.001773
  -> MRR@20=0.000900  best=0.002200  (early_stop@11, trial=1s, avg=2s/trial, total=18s, ETA=4s)
[TRIAL_METRICS] cur_best_mrr20=0.000900 cur_best_hr10=0.000000 cur_test_mrr20=0.001900 cur_test_hr10=0.008800 run_best_mrr20=0.002200 run_best_hr10=0.008800 run_test_mrr20=0.004600 run_test_hr10=0.017500

[11/12] learning_rate=0.002461
  -> MRR@20=0.001500  best=0.002200  (early_stop@21, trial=2s, avg=2s/trial, total=21s, ETA=2s)
[TRIAL_METRICS] cur_best_mrr20=0.001500 cur_best_hr10=0.008800 cur_test_mrr20=0.005900 cur_test_hr10=0.008800 run_best_mrr20=0.002200 run_best_hr10=0.008800 run_test_mrr20=0.004600 run_test_hr10=0.017500

[12/12] learning_rate=0.002068
  -> MRR@20=0.000900  best=0.002200  (early_stop@11, trial=1s, avg=2s/trial, total=22s, ETA=0s)
[TRIAL_METRICS] cur_best_mrr20=0.000900 cur_best_hr10=0.000000 cur_test_mrr20=0.001900 cur_test_hr10=0.008800 run_best_mrr20=0.002200 run_best_hr10=0.008800 run_test_mrr20=0.004600 run_test_hr10=0.017500

=================================================================
  DONE  |  GRU4Rec x amazon_beauty
  Best MRR@20 = 0.002200  |  12/12 trials OK
  Best HR@10  = 0.008800
  Test MRR@20 = 0.004600  (best-valid checkpoint)
  Test HR@10  = 0.017500  (best-valid checkpoint)
[RUN_METRICS] best_valid_mrr20=0.002200 best_valid_hr10=0.008800 test_mrr20=0.004600 test_hr10=0.017500
  Total time: 0.4 min
  Best params:
    learning_rate: 0.00306807
  Results -> /workspace/jy1559/FMoE/experiments/run/artifacts/results/baseline/amazon_beauty_GRU4Rec_p21_sc_d01_m01_p02_gru4rec_manual_ab_gru_alt_f1_s1_20260407_000611_312071_pid261482.json
  Normal mirror -> /workspace/jy1559/FMoE/experiments/run/artifacts/results/baseline/normal/stagef_tailboost_anchor2_core5/P21/amazon_beauty/GRU4Rec/amazon_beauty_GRU4Rec_p21_sc_d01_m01_p02_gru4rec_manual_ab_gru_alt_f1_s1_20260407_000611_312071_pid261482.json
  Special result -> /workspace/jy1559/FMoE/experiments/run/artifacts/results/baseline/special/stagef_tailboost_anchor2_core5/P21/amazon_beauty/GRU4Rec/amazon_beauty_GRU4Rec_p21_sc_d01_m01_p02_gru4rec_manual_ab_gru_alt_f1_s1_20260407_000611_312071_pid261482_special_metrics.json
  Special log -> /workspace/jy1559/FMoE/experiments/run/artifacts/logs/baseline/special/stagef_tailboost_anchor2_core5/P21/amazon_beauty/GRU4Rec/amazon_beauty_GRU4Rec_p21_sc_d01_m01_p02_gru4rec_manual_ab_gru_alt_f1_s1_20260407_000611_312071_pid261482_special_metrics.json
=================================================================

[RUN_STATUS] END status=normal pid=261482 start=2026-04-07T00:06:11 end=2026-04-07T00:06:33
