[STAGEF_TAILBOOST_ANCHOR2_CORE5_SETTING_HEADER]
run_phase=P21_SC_D01_M01_P03_GRU4REC_C7_D7_F3_S2 run_id=SC_AMAZON_BEAUTY_GRU4REC_C7_D7_F3_S2 phase_id=P21 axis_id=SC model=GRU4Rec profile_id=F3 parent_profile_id=C7>D7 seed=2
dataset=amazon_beauty gpu=6 order=0 lr_band=LR4,LR5 lr_lo=0.0013607982000000002 lr_hi=0.005739999999999999
max_evals=12 tune_epochs=72 tune_patience=9
seed=210037

[COMMAND]
- /venv/FMoE/bin/python hyperopt_tune.py --config-name tune_ab --max-evals 12 --tune-epochs 72 --tune-patience 9 --seed 210037 --run-group baseline --run-axis StageF_TailBoost_anchor2_core5 --run-phase P21_SC_D01_M01_P03_GRU4REC_C7_D7_F3_S2 model=gru4rec dataset=amazon_beauty eval_mode=session_fixed feature_mode=full_v3 gpu_id=6 log_wandb=false show_progress=false ++special_logging=true ++seed=210037 ++search={learning_rate:[0.0013607982000000002,0.005739999999999999]} ++search_space_type_overrides={learning_rate:"loguniform"} ++MAX_ITEM_LIST_LENGTH=10 ++weight_decay=6.0500000000000014e-05 ++search.weight_decay=[6.0500000000000014e-05] ++search_space_type_overrides.weight_decay=choice ++search.hidden_size=[264] ++search_space_type_overrides.hidden_size=choice ++search.embedding_size=[264] ++search_space_type_overrides.embedding_size=choice ++search.n_layers=[3] ++search_space_type_overrides.n_layers=choice ++search.num_layers=[3] ++search_space_type_overrides.num_layers=choice ++search.dropout_ratio=[0.09000000000000001] ++search_space_type_overrides.dropout_ratio=choice ++search.dropout_prob=[0.09000000000000001] ++search_space_type_overrides.dropout_prob=choice ++search.hidden_dropout_prob=[0.09000000000000001] ++search_space_type_overrides.hidden_dropout_prob=choice ++search.attn_dropout_prob=[0.09000000000000001] ++search_space_type_overrides.attn_dropout_prob=choice ++dropout_prob=0.09000000000000001 ++num_layers=3 ++hidden_size=264 ++embedding_size=264 ++n_layers=3 ++num_layers=3 ++train_batch_size=8192 ++eval_batch_size=10240 ++search.MAX_ITEM_LIST_LENGTH=[10] ++search_space_type_overrides.MAX_ITEM_LIST_LENGTH=choice
/venv/FMoE/lib/python3.10/site-packages/ray/_private/parameter.py:4: UserWarning: pkg_resources is deprecated as an API. See https://setuptools.pypa.io/en/latest/pkg_resources.html. The pkg_resources package is slated for removal as early as 2025-11-30. Refrain from using this package or pin to Setuptools<81.
  import pkg_resources
[RUN_STATUS] START pid=261876 ts=2026-04-07T00:07:44

=================================================================
  Hyperopt TPE  |  GRU4Rec x amazon_beauty
  max_evals=12  epochs=72  patience=9  wandb=off
  batch_size(train/valid/test)=8192/10240/10240
  track=baseline  axis=stagef_tailboost_anchor2_core5  phase=P21_SC_D01_M01_P03_GRU4REC_C7_D7_F3_S2
=================================================================
Changed knobs: learning_rate
Tuned params(len>1): 1  (~1 discrete combos)
Tuned groups: 1
  [optimization]
    learning_rate                   [0.0013607982000000002, 0.005739999999999999]  -> loguniform
Fixed params(singleton/non-list): 10
Fixed groups: 10
  [optimization]
    hidden_dropout_prob             0.09000000000000001                     
    weight_decay                    6.0500000000000014e-05                  
  [model_core]
    attn_dropout_prob               0.09000000000000001                     
    dropout_prob                    0.09000000000000001                     
    dropout_ratio                   0.09000000000000001                     
    embedding_size                  264                                     
    hidden_size                     264                                     
    num_layers                      3                                       
  [other]
    MAX_ITEM_LIST_LENGTH            10                                      
    n_layers                        3                                       

[Wandb] disabled for this hyperopt run

[1/12] learning_rate=0.002231
  -> MRR@20=0.003300  best=0.003300  (early_stop@18, trial=3s, avg=5s/trial, total=5s, ETA=56s)
[TRIAL_METRICS] cur_best_mrr20=0.003300 cur_best_hr10=0.017700 cur_test_mrr20=0.001100 cur_test_hr10=0.000000 run_best_mrr20=0.003300 run_best_hr10=0.017700 run_test_mrr20=0.001100 run_test_hr10=0.000000

[2/12] learning_rate=0.004272
  -> MRR@20=0.003500  best=0.003500  (early_stop@13, trial=2s, avg=4s/trial, total=7s, ETA=35s)
[TRIAL_METRICS] cur_best_mrr20=0.003500 cur_best_hr10=0.017700 cur_test_mrr20=0.000700 cur_test_hr10=0.000000 run_best_mrr20=0.003500 run_best_hr10=0.017700 run_test_mrr20=0.000700 run_test_hr10=0.000000

[3/12] learning_rate=0.001852
  -> MRR@20=0.011100  best=0.011100  (early_stop@21, trial=3s, avg=3s/trial, total=10s, ETA=30s)
[TRIAL_METRICS] cur_best_mrr20=0.011100 cur_best_hr10=0.017700 cur_test_mrr20=0.004400 cur_test_hr10=0.008800 run_best_mrr20=0.011100 run_best_hr10=0.017700 run_test_mrr20=0.004400 run_test_hr10=0.008800

[4/12] learning_rate=0.003257
  -> MRR@20=0.002900  best=0.011100  (early_stop@14, trial=2s, avg=3s/trial, total=12s, ETA=24s)
[TRIAL_METRICS] cur_best_mrr20=0.002900 cur_best_hr10=0.008800 cur_test_mrr20=0.000800 cur_test_hr10=0.000000 run_best_mrr20=0.011100 run_best_hr10=0.017700 run_test_mrr20=0.004400 run_test_hr10=0.008800

[5/12] learning_rate=0.001458
  -> MRR@20=0.011800  best=0.011800  (early_stop@25, trial=3s, avg=3s/trial, total=16s, ETA=22s)
[TRIAL_METRICS] cur_best_mrr20=0.011800 cur_best_hr10=0.017700 cur_test_mrr20=0.002200 cur_test_hr10=0.008800 run_best_mrr20=0.011800 run_best_hr10=0.017700 run_test_mrr20=0.002200 run_test_hr10=0.008800

[6/12] learning_rate=0.004527
  -> MRR@20=0.004100  best=0.011800  (early_stop@16, trial=2s, avg=3s/trial, total=18s, ETA=18s)
[TRIAL_METRICS] cur_best_mrr20=0.004100 cur_best_hr10=0.017700 cur_test_mrr20=0.000500 cur_test_hr10=0.000000 run_best_mrr20=0.011800 run_best_hr10=0.017700 run_test_mrr20=0.002200 run_test_hr10=0.008800

[7/12] learning_rate=0.004625
  -> MRR@20=0.002900  best=0.011800  (early_stop@15, trial=2s, avg=3s/trial, total=20s, ETA=15s)
[TRIAL_METRICS] cur_best_mrr20=0.002900 cur_best_hr10=0.008800 cur_test_mrr20=0.000400 cur_test_hr10=0.000000 run_best_mrr20=0.011800 run_best_hr10=0.017700 run_test_mrr20=0.002200 run_test_hr10=0.008800

[8/12] learning_rate=0.005601
  -> MRR@20=0.011100  best=0.011800  (early_stop@17, trial=3s, avg=3s/trial, total=23s, ETA=12s)
[TRIAL_METRICS] cur_best_mrr20=0.011100 cur_best_hr10=0.017700 cur_test_mrr20=0.000000 cur_test_hr10=0.000000 run_best_mrr20=0.011800 run_best_hr10=0.017700 run_test_mrr20=0.002200 run_test_hr10=0.008800

[9/12] learning_rate=0.004621
  -> MRR@20=0.002200  best=0.011800  (early_stop@15, trial=2s, avg=3s/trial, total=26s, ETA=9s)
[TRIAL_METRICS] cur_best_mrr20=0.002200 cur_best_hr10=0.008800 cur_test_mrr20=0.000500 cur_test_hr10=0.000000 run_best_mrr20=0.011800 run_best_hr10=0.017700 run_test_mrr20=0.002200 run_test_hr10=0.008800

[10/12] learning_rate=0.004228
  -> MRR@20=0.003600  best=0.011800  (early_stop@13, trial=2s, avg=3s/trial, total=28s, ETA=6s)
[TRIAL_METRICS] cur_best_mrr20=0.003600 cur_best_hr10=0.017700 cur_test_mrr20=0.000700 cur_test_hr10=0.000000 run_best_mrr20=0.011800 run_best_hr10=0.017700 run_test_mrr20=0.002200 run_test_hr10=0.008800

[11/12] learning_rate=0.001576
  -> MRR@20=0.010300  best=0.011800  (early_stop@22, trial=3s, avg=3s/trial, total=30s, ETA=3s)
[TRIAL_METRICS] cur_best_mrr20=0.010300 cur_best_hr10=0.017700 cur_test_mrr20=0.004400 cur_test_hr10=0.008800 run_best_mrr20=0.011800 run_best_hr10=0.017700 run_test_mrr20=0.002200 run_test_hr10=0.008800

[12/12] learning_rate=0.002525
  -> MRR@20=0.011100  best=0.011800  (early_stop@19, trial=2s, avg=3s/trial, total=33s, ETA=0s)
[TRIAL_METRICS] cur_best_mrr20=0.011100 cur_best_hr10=0.017700 cur_test_mrr20=0.004400 cur_test_hr10=0.008800 run_best_mrr20=0.011800 run_best_hr10=0.017700 run_test_mrr20=0.002200 run_test_hr10=0.008800

=================================================================
  DONE  |  GRU4Rec x amazon_beauty
  Best MRR@20 = 0.011800  |  12/12 trials OK
  Best HR@10  = 0.017700
  Test MRR@20 = 0.002200  (best-valid checkpoint)
  Test HR@10  = 0.008800  (best-valid checkpoint)
[RUN_METRICS] best_valid_mrr20=0.011800 best_valid_hr10=0.017700 test_mrr20=0.002200 test_hr10=0.008800
  Total time: 0.6 min
  Best params:
    learning_rate: 0.00145836
  Results -> /workspace/jy1559/FMoE/experiments/run/artifacts/results/baseline/amazon_beauty_GRU4Rec_p21_sc_d01_m01_p03_gru4rec_c7_d7_f3_s2_20260407_000744_383277_pid261876.json
  Normal mirror -> /workspace/jy1559/FMoE/experiments/run/artifacts/results/baseline/normal/stagef_tailboost_anchor2_core5/P21/amazon_beauty/GRU4Rec/amazon_beauty_GRU4Rec_p21_sc_d01_m01_p03_gru4rec_c7_d7_f3_s2_20260407_000744_383277_pid261876.json
  Special result -> /workspace/jy1559/FMoE/experiments/run/artifacts/results/baseline/special/stagef_tailboost_anchor2_core5/P21/amazon_beauty/GRU4Rec/amazon_beauty_GRU4Rec_p21_sc_d01_m01_p03_gru4rec_c7_d7_f3_s2_20260407_000744_383277_pid261876_special_metrics.json
  Special log -> /workspace/jy1559/FMoE/experiments/run/artifacts/logs/baseline/special/stagef_tailboost_anchor2_core5/P21/amazon_beauty/GRU4Rec/amazon_beauty_GRU4Rec_p21_sc_d01_m01_p03_gru4rec_c7_d7_f3_s2_20260407_000744_383277_pid261876_special_metrics.json
=================================================================

[RUN_STATUS] END status=normal pid=261876 start=2026-04-07T00:07:44 end=2026-04-07T00:08:17
