# pair=P054 dataset=lastfm0.03 model=duorec combo=C1 seed=1
# cmd=/venv/FMoE/bin/python hyperopt_tune.py --config-name tune_lfm_small --max-evals 4 --tune-epochs 60 --tune-patience 6 --search-algo random --seed 107 --run-group baseline_2 --run-axis PAIR60_V4 --run-phase PAIR60_V4_DLASTFM0_03_MDUOREC_P054_C1_S1 model=duorec dataset=lastfm0.03 eval_mode=session_fixed feature_mode=full_v4 gpu_id=1 log_wandb=false show_progress=false ++seed=107 ++MAX_ITEM_LIST_LENGTH=22 ++eval_sampling.mode=full ++eval_sampling.auto_full_threshold=999999999 ++special_logging=true ++exclude_unseen_target_from_main_eval=true ++log_unseen_target_metrics=true ++hidden_size=128 ++embedding_size=128 ++n_layers=2 ++num_layers=2 ++n_heads=2 ++num_heads=2 ++inner_size=256 ++dropout_ratio=0.12 ++hidden_dropout_prob=0.12 ++attn_dropout_prob=0.12 ++weight_decay=0.00015 ++contrast="un" ++tau=0.2 ++lmd=0.04 ++lmd_sem=0.0 ++semantic_sample_max_tries=2 ++search={learning_rate:[8.696263565463044e-05,0.00034785054261852176]} ++search_space_type_overrides={learning_rate:"loguniform"} ++search.MAX_ITEM_LIST_LENGTH=[22] ++search_space_type_overrides.MAX_ITEM_LIST_LENGTH=choice ++search.weight_decay=[0.00015] ++search_space_type_overrides.weight_decay=choice ++search.hidden_size=[128] ++search_space_type_overrides.hidden_size=choice ++search.embedding_size=[128] ++search_space_type_overrides.embedding_size=choice ++search.n_layers=[2] ++search_space_type_overrides.n_layers=choice ++search.num_layers=[2] ++search_space_type_overrides.num_layers=choice ++search.n_heads=[2] ++search_space_type_overrides.n_heads=choice ++search.num_heads=[2] ++search_space_type_overrides.num_heads=choice ++search.inner_size=[256] ++search_space_type_overrides.inner_size=choice ++search.dropout_ratio=[0.12] ++search_space_type_overrides.dropout_ratio=choice ++search.hidden_dropout_prob=[0.12] ++search_space_type_overrides.hidden_dropout_prob=choice ++search.attn_dropout_prob=[0.12] ++search_space_type_overrides.attn_dropout_prob=choice ++search.contrast=["un"] ++search_space_type_overrides.contrast=choice ++search.tau=[0.2] ++search_space_type_overrides.tau=choice ++search.lmd=[0.04] ++search_space_type_overrides.lmd=choice ++search.lmd_sem=[0.0] ++search_space_type_overrides.lmd_sem=choice ++search.semantic_sample_max_tries=[2] ++search_space_type_overrides.semantic_sample_max_tries=choice

/venv/FMoE/lib/python3.10/site-packages/ray/_private/parameter.py:4: UserWarning: pkg_resources is deprecated as an API. See https://setuptools.pypa.io/en/latest/pkg_resources.html. The pkg_resources package is slated for removal as early as 2025-11-30. Refrain from using this package or pin to Setuptools<81.
  import pkg_resources
[RUN_STATUS] START pid=1176817 ts=2026-04-15T09:48:01

=================================================================
  Hyperopt  |  DuoRec x lastfm0.03
  max_evals=4  epochs=60  patience=6  wandb=off
  search_algo=random
  batch_size(train/valid/test)=2048/4096/4096
  track=baseline_2  axis=pair60_v4  phase=PAIR60_V4_DLASTFM0_03_MDUOREC_P054_C1_S1
=================================================================
Changed knobs: learning_rate
Tuned params(len>1): 1  (~1 discrete combos)
Tuned groups: 1
  [optimization]
    learning_rate                   [8.696263565463044e-05, 0.00034785054261852176]  -> loguniform
Fixed params(singleton/non-list): 17
Fixed groups: 17
  [optimization]
    hidden_dropout_prob             0.12                                    
    weight_decay                    0.00015                                 
  [model_core]
    attn_dropout_prob               0.12                                    
    dropout_ratio                   0.12                                    
    embedding_size                  128                                     
    hidden_size                     128                                     
    inner_size                      256                                     
    num_heads                       2                                       
    num_layers                      2                                       
  [other]
    MAX_ITEM_LIST_LENGTH            22                                      
    contrast                        un                                      
    lmd                             0.04                                    
    lmd_sem                         0.0                                     
    n_heads                         2                                       
    n_layers                        2                                       
    semantic_sample_max_tries       2                                       
    tau                             0.2                                     

[Wandb] disabled for this hyperopt run

[1/4] learning_rate=0.0001947
  -> MRR@20=0.275500  best=0.275500  (full@60, trial=6.2min, avg=6.4min/trial, total=6.4min, ETA=19.1min)
[TRIAL_METRICS] cur_best_mrr20=0.275500 cur_best_hr10=0.375800 cur_test_mrr20=0.274300 cur_test_hr10=0.383400 run_best_mrr20=0.275500 run_best_hr10=0.375800 run_test_mrr20=0.274300 run_test_hr10=0.383400

[2/4] learning_rate=0.0001487
  -> MRR@20=0.262500  best=0.275500  (full@60, trial=6.2min, avg=6.3min/trial, total=12.5min, ETA=12.5min)
[TRIAL_METRICS] cur_best_mrr20=0.262500 cur_best_hr10=0.374800 cur_test_mrr20=0.259800 cur_test_hr10=0.378400 run_best_mrr20=0.275500 run_best_hr10=0.375800 run_test_mrr20=0.274300 run_test_hr10=0.383400

[3/4] learning_rate=0.0001417
  -> MRR@20=0.260500  best=0.275500  (full@60, trial=6.2min, avg=6.2min/trial, total=18.7min, ETA=6.2min)
[TRIAL_METRICS] cur_best_mrr20=0.260500 cur_best_hr10=0.374800 cur_test_mrr20=0.256200 cur_test_hr10=0.376500 run_best_mrr20=0.275500 run_best_hr10=0.375800 run_test_mrr20=0.274300 run_test_hr10=0.383400

[4/4] learning_rate=9.237e-05
  -> MRR@20=0.214200  best=0.275500  (full@60, trial=6.2min, avg=6.2min/trial, total=24.9min, ETA=0s)
[TRIAL_METRICS] cur_best_mrr20=0.214200 cur_best_hr10=0.360000 cur_test_mrr20=0.215800 cur_test_hr10=0.370700 run_best_mrr20=0.275500 run_best_hr10=0.375800 run_test_mrr20=0.274300 run_test_hr10=0.383400

=================================================================
  DONE  |  DuoRec x lastfm0.03
  Best MRR@20 = 0.275500  |  4/4 trials OK
  Best HR@10  = 0.375800
  Test MRR@20 = 0.274300  (best-valid checkpoint)
  Test HR@10  = 0.383400  (best-valid checkpoint)
[RUN_METRICS] best_valid_mrr20=0.275500 best_valid_hr10=0.375800 test_mrr20=0.274300 test_hr10=0.383400
  Total time: 24.9 min
  Best params:
    learning_rate: 0.000194687
  Results -> /workspace/FeaturedMoE/experiments/run/artifacts/results/baseline_2/lastfm0.03_DuoRec_pair60_v4_dlastfm0_03_mduorec_p054_c1_s1_20260415_094802_087786_pid1176817.json
  Normal mirror -> /workspace/FeaturedMoE/experiments/run/artifacts/results/baseline_2/normal/pair60_v4/PAIR60/lastfm0.03/DuoRec/lastfm0.03_DuoRec_pair60_v4_dlastfm0_03_mduorec_p054_c1_s1_20260415_094802_087786_pid1176817.json
  Special result -> /workspace/FeaturedMoE/experiments/run/artifacts/results/baseline_2/special/pair60_v4/PAIR60/lastfm0.03/DuoRec/lastfm0.03_DuoRec_pair60_v4_dlastfm0_03_mduorec_p054_c1_s1_20260415_094802_087786_pid1176817_special_metrics.json
  Special log -> /workspace/FeaturedMoE/experiments/run/artifacts/logs/baseline_2/special/pair60_v4/PAIR60/lastfm0.03/DuoRec/lastfm0.03_DuoRec_pair60_v4_dlastfm0_03_mduorec_p054_c1_s1_20260415_094802_087786_pid1176817_special_metrics.json
=================================================================

[RUN_STATUS] END status=normal pid=1176817 start=2026-04-15T09:48:01 end=2026-04-15T10:12:56
