[STAGEF_TAILBOOST_ANCHOR2_CORE5_SETTING_HEADER]
run_phase=P21_SC_D00_M01_P01_GRU4REC_MANUAL_LFM_GRU_STABLE_F7_S2 run_id=SC_LASTFM0_03_GRU4REC_MANUAL_LFM_GRU_STABLE_F7_S2 phase_id=P21 axis_id=SC model=GRU4Rec profile_id=F7 parent_profile_id=MANUAL_LFM_GRU_STABLE seed=2
dataset=lastfm0.03 gpu=4 order=0 lr_band=M_GRU_LFM_1 lr_lo=0.003509677419354839 lr_hi=0.0071424
max_evals=12 tune_epochs=72 tune_patience=9
seed=210013

[COMMAND]
- /venv/FMoE/bin/python hyperopt_tune.py --config-name tune_lfm_small --max-evals 12 --tune-epochs 72 --tune-patience 9 --seed 210013 --run-group baseline --run-axis StageF_TailBoost_anchor2_core5 --run-phase P21_SC_D00_M01_P01_GRU4REC_MANUAL_LFM_GRU_STABLE_F7_S2 model=gru4rec dataset=lastfm0.03 eval_mode=session_fixed feature_mode=full_v3 gpu_id=4 log_wandb=false show_progress=false ++special_logging=true ++seed=210013 ++search={learning_rate:[0.003509677419354839,0.0071424]} ++search_space_type_overrides={learning_rate:"loguniform"} ++MAX_ITEM_LIST_LENGTH=10 ++weight_decay=9.360000000000001e-05 ++search.weight_decay=[9.360000000000001e-05] ++search_space_type_overrides.weight_decay=choice ++search.hidden_size=[112] ++search_space_type_overrides.hidden_size=choice ++search.embedding_size=[112] ++search_space_type_overrides.embedding_size=choice ++search.n_layers=[3] ++search_space_type_overrides.n_layers=choice ++search.num_layers=[3] ++search_space_type_overrides.num_layers=choice ++search.dropout_ratio=[0.13999999999999999] ++search_space_type_overrides.dropout_ratio=choice ++search.dropout_prob=[0.13999999999999999] ++search_space_type_overrides.dropout_prob=choice ++search.hidden_dropout_prob=[0.13999999999999999] ++search_space_type_overrides.hidden_dropout_prob=choice ++search.attn_dropout_prob=[0.13999999999999999] ++search_space_type_overrides.attn_dropout_prob=choice ++dropout_prob=0.13999999999999999 ++num_layers=3 ++hidden_size=112 ++embedding_size=112 ++n_layers=3 ++num_layers=3 ++train_batch_size=8192 ++eval_batch_size=10240 ++search.MAX_ITEM_LIST_LENGTH=[10] ++search_space_type_overrides.MAX_ITEM_LIST_LENGTH=choice
/venv/FMoE/lib/python3.10/site-packages/ray/_private/parameter.py:4: UserWarning: pkg_resources is deprecated as an API. See https://setuptools.pypa.io/en/latest/pkg_resources.html. The pkg_resources package is slated for removal as early as 2025-11-30. Refrain from using this package or pin to Setuptools<81.
  import pkg_resources
[RUN_STATUS] START pid=182212 ts=2026-04-05T15:20:33

=================================================================
  Hyperopt TPE  |  GRU4Rec x lastfm0.03
  max_evals=12  epochs=72  patience=9  wandb=off
  batch_size(train/valid/test)=8192/10240/10240
  track=baseline  axis=stagef_tailboost_anchor2_core5  phase=P21_SC_D00_M01_P01_GRU4REC_MANUAL_LFM_GRU_STABLE_F7_S2
=================================================================
Changed knobs: learning_rate
Tuned params(len>1): 1  (~1 discrete combos)
Tuned groups: 1
  [optimization]
    learning_rate                   [0.003509677419354839, 0.0071424]         -> loguniform
Fixed params(singleton/non-list): 10
Fixed groups: 10
  [optimization]
    hidden_dropout_prob             0.13999999999999999                     
    weight_decay                    9.360000000000001e-05                   
  [model_core]
    attn_dropout_prob               0.13999999999999999                     
    dropout_prob                    0.13999999999999999                     
    dropout_ratio                   0.13999999999999999                     
    embedding_size                  112                                     
    hidden_size                     112                                     
    num_layers                      3                                       
  [other]
    MAX_ITEM_LIST_LENGTH            10                                      
    n_layers                        3                                       

[Wandb] disabled for this hyperopt run

[1/12] learning_rate=0.005934
  -> MRR@20=0.188200  best=0.188200  (early_stop@53, trial=2.9min, avg=3.2min/trial, total=3.2min, ETA=35.0min)
[TRIAL_METRICS] cur_best_mrr20=0.188200 cur_best_hr10=0.222200 cur_test_mrr20=0.188900 cur_test_hr10=0.225000 run_best_mrr20=0.188200 run_best_hr10=0.222200 run_test_mrr20=0.188900 run_test_hr10=0.225000

[2/12] learning_rate=0.004519
  -> MRR@20=0.187900  best=0.188200  (early_stop@65, trial=3.6min, avg=3.4min/trial, total=6.8min, ETA=33.9min)
[TRIAL_METRICS] cur_best_mrr20=0.187900 cur_best_hr10=0.221100 cur_test_mrr20=0.184700 cur_test_hr10=0.221800 run_best_mrr20=0.188200 run_best_hr10=0.222200 run_test_mrr20=0.188900 run_test_hr10=0.225000

[3/12] learning_rate=0.006251
  -> MRR@20=0.190900  best=0.190900  (early_stop@45, trial=2.5min, avg=3.1min/trial, total=9.3min, ETA=27.9min)
[TRIAL_METRICS] cur_best_mrr20=0.190900 cur_best_hr10=0.226700 cur_test_mrr20=0.184900 cur_test_hr10=0.224000 run_best_mrr20=0.190900 run_best_hr10=0.226700 run_test_mrr20=0.184900 run_test_hr10=0.224000

[4/12] learning_rate=0.004257
  -> MRR@20=0.188300  best=0.190900  (early_stop@60, trial=3.3min, avg=3.2min/trial, total=12.6min, ETA=25.2min)
[TRIAL_METRICS] cur_best_mrr20=0.188300 cur_best_hr10=0.220000 cur_test_mrr20=0.187800 cur_test_hr10=0.221600 run_best_mrr20=0.190900 run_best_hr10=0.226700 run_test_mrr20=0.184900 run_test_hr10=0.224000

[5/12] learning_rate=0.006661
  -> MRR@20=0.190200  best=0.190900  (early_stop@51, trial=2.8min, avg=3.1min/trial, total=15.5min, ETA=21.6min)
[TRIAL_METRICS] cur_best_mrr20=0.190200 cur_best_hr10=0.225900 cur_test_mrr20=0.185800 cur_test_hr10=0.223200 run_best_mrr20=0.190900 run_best_hr10=0.226700 run_test_mrr20=0.184900 run_test_hr10=0.224000

[6/12] learning_rate=0.005889
  -> MRR@20=0.186400  best=0.190900  (early_stop@36, trial=2.0min, avg=2.9min/trial, total=17.5min, ETA=17.5min)
[TRIAL_METRICS] cur_best_mrr20=0.186400 cur_best_hr10=0.221100 cur_test_mrr20=0.184200 cur_test_hr10=0.226100 run_best_mrr20=0.190900 run_best_hr10=0.226700 run_test_mrr20=0.184900 run_test_hr10=0.224000

[7/12] learning_rate=0.004239
  -> MRR@20=0.187700  best=0.190900  (early_stop@56, trial=3.1min, avg=2.9min/trial, total=20.6min, ETA=14.7min)
[TRIAL_METRICS] cur_best_mrr20=0.187700 cur_best_hr10=0.217900 cur_test_mrr20=0.183400 cur_test_hr10=0.221000 run_best_mrr20=0.190900 run_best_hr10=0.226700 run_test_mrr20=0.184900 run_test_hr10=0.224000

[8/12] learning_rate=0.00391
  -> MRR@20=0.186800  best=0.190900  (early_stop@53, trial=3.0min, avg=2.9min/trial, total=23.5min, ETA=11.8min)
[TRIAL_METRICS] cur_best_mrr20=0.186800 cur_best_hr10=0.216600 cur_test_mrr20=0.184700 cur_test_hr10=0.214100 run_best_mrr20=0.190900 run_best_hr10=0.226700 run_test_mrr20=0.184900 run_test_hr10=0.224000

[9/12] learning_rate=0.004055
  -> MRR@20=0.182600  best=0.190900  (early_stop@36, trial=2.0min, avg=2.8min/trial, total=25.5min, ETA=8.5min)
[TRIAL_METRICS] cur_best_mrr20=0.182600 cur_best_hr10=0.220600 cur_test_mrr20=0.176500 cur_test_hr10=0.217100 run_best_mrr20=0.190900 run_best_hr10=0.226700 run_test_mrr20=0.184900 run_test_hr10=0.224000

[10/12] learning_rate=0.005439
  -> MRR@20=0.189800  best=0.190900  (early_stop@48, trial=2.7min, avg=2.8min/trial, total=28.2min, ETA=5.6min)
[TRIAL_METRICS] cur_best_mrr20=0.189800 cur_best_hr10=0.224600 cur_test_mrr20=0.182900 cur_test_hr10=0.220000 run_best_mrr20=0.190900 run_best_hr10=0.226700 run_test_mrr20=0.184900 run_test_hr10=0.224000

[11/12] learning_rate=0.003706
  -> MRR@20=0.185900  best=0.190900  (early_stop@44, trial=2.5min, avg=2.8min/trial, total=30.7min, ETA=2.8min)
[TRIAL_METRICS] cur_best_mrr20=0.185900 cur_best_hr10=0.216300 cur_test_mrr20=0.182900 cur_test_hr10=0.221300 run_best_mrr20=0.190900 run_best_hr10=0.226700 run_test_mrr20=0.184900 run_test_hr10=0.224000

[12/12] learning_rate=0.006568
  -> MRR@20=0.189100  best=0.190900  (early_stop@56, trial=3.1min, avg=2.8min/trial, total=33.8min, ETA=0s)
[TRIAL_METRICS] cur_best_mrr20=0.189100 cur_best_hr10=0.220600 cur_test_mrr20=0.186600 cur_test_hr10=0.222400 run_best_mrr20=0.190900 run_best_hr10=0.226700 run_test_mrr20=0.184900 run_test_hr10=0.224000

=================================================================
  DONE  |  GRU4Rec x lastfm0.03
  Best MRR@20 = 0.190900  |  12/12 trials OK
  Best HR@10  = 0.226700
  Test MRR@20 = 0.184900  (best-valid checkpoint)
  Test HR@10  = 0.224000  (best-valid checkpoint)
[RUN_METRICS] best_valid_mrr20=0.190900 best_valid_hr10=0.226700 test_mrr20=0.184900 test_hr10=0.224000
  Total time: 33.8 min
  Best params:
    learning_rate: 0.00625071
  Results -> /workspace/jy1559/FMoE/experiments/run/artifacts/results/baseline/lastfm0.03_GRU4Rec_p21_sc_d00_m01_p01_gru4rec_manual_lfm_gru_stable_f7_s2_20260405_152034_195752_pid182212.json
  Normal mirror -> /workspace/jy1559/FMoE/experiments/run/artifacts/results/baseline/normal/stagef_tailboost_anchor2_core5/P21/lastfm0.03/GRU4Rec/lastfm0.03_GRU4Rec_p21_sc_d00_m01_p01_gru4rec_manual_lfm_gru_stable_f7_s2_20260405_152034_195752_pid182212.json
  Special result -> /workspace/jy1559/FMoE/experiments/run/artifacts/results/baseline/special/stagef_tailboost_anchor2_core5/P21/lastfm0.03/GRU4Rec/lastfm0.03_GRU4Rec_p21_sc_d00_m01_p01_gru4rec_manual_lfm_gru_stable_f7_s2_20260405_152034_195752_pid182212_special_metrics.json
  Special log -> /workspace/jy1559/FMoE/experiments/run/artifacts/logs/baseline/special/stagef_tailboost_anchor2_core5/P21/lastfm0.03/GRU4Rec/lastfm0.03_GRU4Rec_p21_sc_d00_m01_p01_gru4rec_manual_lfm_gru_stable_f7_s2_20260405_152034_195752_pid182212_special_metrics.json
=================================================================

[RUN_STATUS] END status=normal pid=182212 start=2026-04-05T15:20:33 end=2026-04-05T15:54:21
