[STAGEB_STRUCTURE_ANCHOR2_CORE5_SETTING_HEADER]
run_phase=P17_SB_D01_M03_DUOREC_B2_S1 run_id=SB_AMAZON_BEAUTY_DUOREC_B2_S1 phase_id=P17 axis_id=SB model=DuoRec profile_id=B2 seed=1
dataset=amazon_beauty gpu=7 order=0 lr_band=LR3,LR2 lr_lo=0.000432 lr_hi=0.002592
max_evals=4 tune_epochs=28 tune_patience=4
seed=170013

[COMMAND]
- /venv/FMoE/bin/python hyperopt_tune.py --config-name tune_ab --max-evals 4 --tune-epochs 28 --tune-patience 4 --seed 170013 --run-group baseline --run-axis StageB_Structure_anchor2_core5 --run-phase P17_SB_D01_M03_DUOREC_B2_S1 model=duorec dataset=amazon_beauty eval_mode=session_fixed feature_mode=full_v3 gpu_id=7 log_wandb=false show_progress=false ++special_logging=true ++seed=170013 ++search={learning_rate:[0.000432,0.002592]} ++search_space_type_overrides={learning_rate:"loguniform"} ++MAX_ITEM_LIST_LENGTH=10 ++weight_decay=0.0003 ++search.weight_decay=[0.0003] ++search_space_type_overrides.weight_decay=choice ++search.hidden_size=[96] ++search_space_type_overrides.hidden_size=choice ++search.embedding_size=[96] ++search_space_type_overrides.embedding_size=choice ++search.n_layers=[1] ++search_space_type_overrides.n_layers=choice ++search.num_layers=[1] ++search_space_type_overrides.num_layers=choice ++search.dropout_ratio=[0.2] ++search_space_type_overrides.dropout_ratio=choice ++search.dropout_prob=[0.2] ++search_space_type_overrides.dropout_prob=choice ++search.hidden_dropout_prob=[0.2] ++search_space_type_overrides.hidden_dropout_prob=choice ++search.attn_dropout_prob=[0.2] ++search_space_type_overrides.attn_dropout_prob=choice ++search.inner_size=[192] ++search_space_type_overrides.inner_size=choice ++search.n_heads=[2] ++search_space_type_overrides.n_heads=choice ++search.num_heads=[2] ++search_space_type_overrides.num_heads=choice ++dropout_ratio=0.2 ++hidden_size=96 ++embedding_size=96 ++n_layers=1 ++num_layers=1 ++n_heads=2 ++num_heads=2 ++inner_size=192 ++contrast=un ++tau=0.3 ++lmd=0.04 ++lmd_sem=0.0 ++semantic_sample_max_tries=2 ++train_batch_size=1024 ++eval_batch_size=1536
/venv/FMoE/lib/python3.10/site-packages/ray/_private/parameter.py:4: UserWarning: pkg_resources is deprecated as an API. See https://setuptools.pypa.io/en/latest/pkg_resources.html. The pkg_resources package is slated for removal as early as 2025-11-30. Refrain from using this package or pin to Setuptools<81.
  import pkg_resources
[RUN_STATUS] START pid=520615 ts=2026-03-29T21:54:56

=================================================================
  Hyperopt TPE  |  DuoRec x amazon_beauty
  max_evals=4  epochs=28  patience=4  wandb=off
  batch_size(train/valid/test)=1024/1536/1536
  track=baseline  axis=stageb_structure_anchor2_core5  phase=P17_SB_D01_M03_DUOREC_B2_S1
=================================================================
Changed knobs: MAX_ITEM_LIST_LENGTH, learning_rate
Tuned params(len>1): 2  (~4 discrete combos)
Tuned groups: 2
  [optimization]
    learning_rate                   [0.000432, 0.002592]                      -> loguniform
  [other]
    MAX_ITEM_LIST_LENGTH            [5, 10, 30, 50]                           -> choice
Fixed params(singleton/non-list): 12
Fixed groups: 12
  [optimization]
    hidden_dropout_prob             0.2                                     
    weight_decay                    0.0003                                  
  [model_core]
    attn_dropout_prob               0.2                                     
    dropout_prob                    0.2                                     
    dropout_ratio                   0.2                                     
    embedding_size                  96                                      
    hidden_size                     96                                      
    inner_size                      192                                     
    num_heads                       2                                       
    num_layers                      1                                       
  [other]
    n_heads                         2                                       
    n_layers                        1                                       

[Wandb] disabled for this hyperopt run

[1/4] MAX_ITEM_LIST_LENGTH=10, learning_rate=0.00106
  -> MRR@20=0.111800  best=0.111800  (early_stop@14, trial=7s, avg=10s/trial, total=10s, ETA=29s)
[TRIAL_METRICS] cur_best_mrr20=0.111800 cur_best_hr10=0.141600 cur_test_mrr20=0.080400 cur_test_hr10=0.078900 run_best_mrr20=0.111800 run_best_hr10=0.141600 run_test_mrr20=0.080400 run_test_hr10=0.078900

[2/4] MAX_ITEM_LIST_LENGTH=10, learning_rate=0.00141
  -> MRR@20=0.111500  best=0.111800  (early_stop@12, trial=6s, avg=8s/trial, total=16s, ETA=16s)
[TRIAL_METRICS] cur_best_mrr20=0.111500 cur_best_hr10=0.132700 cur_test_mrr20=0.080900 cur_test_hr10=0.078900 run_best_mrr20=0.111800 run_best_hr10=0.141600 run_test_mrr20=0.080400 run_test_hr10=0.078900

[3/4] MAX_ITEM_LIST_LENGTH=5, learning_rate=0.0005538
  -> MRR@20=0.097300  best=0.111800  (early_stop@5, trial=2s, avg=6s/trial, total=19s, ETA=6s)
[TRIAL_METRICS] cur_best_mrr20=0.097300 cur_best_hr10=0.097300 cur_test_mrr20=0.078900 cur_test_hr10=0.078900 run_best_mrr20=0.111800 run_best_hr10=0.141600 run_test_mrr20=0.080400 run_test_hr10=0.078900

[4/4] MAX_ITEM_LIST_LENGTH=10, learning_rate=0.0006406
  -> MRR@20=0.111700  best=0.111800  (early_stop@22, trial=11s, avg=8s/trial, total=30s, ETA=0s)
[TRIAL_METRICS] cur_best_mrr20=0.111700 cur_best_hr10=0.141600 cur_test_mrr20=0.082600 cur_test_hr10=0.096500 run_best_mrr20=0.111800 run_best_hr10=0.141600 run_test_mrr20=0.080400 run_test_hr10=0.078900

=================================================================
  DONE  |  DuoRec x amazon_beauty
  Best MRR@20 = 0.111800  |  4/4 trials OK
  Best HR@10  = 0.141600
  Test MRR@20 = 0.080400  (best-valid checkpoint)
  Test HR@10  = 0.078900  (best-valid checkpoint)
[RUN_METRICS] best_valid_mrr20=0.111800 best_valid_hr10=0.141600 test_mrr20=0.080400 test_hr10=0.078900
  Total time: 0.5 min
  Best params:
    MAX_ITEM_LIST_LENGTH: 10
    learning_rate: 0.00106005
  Results -> /workspace/jy1559/FMoE/experiments/run/artifacts/results/baseline/amazon_beauty_DuoRec_p17_sb_d01_m03_duorec_b2_s1_20260329_215457_089068_pid520615.json
  Normal mirror -> /workspace/jy1559/FMoE/experiments/run/artifacts/results/baseline/normal/stageb_structure_anchor2_core5/P17/amazon_beauty/DuoRec/amazon_beauty_DuoRec_p17_sb_d01_m03_duorec_b2_s1_20260329_215457_089068_pid520615.json
  Special result -> /workspace/jy1559/FMoE/experiments/run/artifacts/results/baseline/special/stageb_structure_anchor2_core5/P17/amazon_beauty/DuoRec/amazon_beauty_DuoRec_p17_sb_d01_m03_duorec_b2_s1_20260329_215457_089068_pid520615_special_metrics.json
  Special log -> /workspace/jy1559/FMoE/experiments/run/artifacts/logs/baseline/special/stageb_structure_anchor2_core5/P17/amazon_beauty/DuoRec/amazon_beauty_DuoRec_p17_sb_d01_m03_duorec_b2_s1_20260329_215457_089068_pid520615_special_metrics.json
=================================================================

[RUN_STATUS] END status=normal pid=520615 start=2026-03-29T21:54:56 end=2026-03-29T21:55:27
