[STAGEB_STRUCTURE_ANCHOR2_CORE5_SETTING_HEADER]
run_phase=P17_SB_D01_M02_DUOREC_B8_S1 run_id=SB_AMAZON_BEAUTY_DUOREC_B8_S1 phase_id=P17 axis_id=SB model=DuoRec profile_id=B8 seed=1
dataset=amazon_beauty gpu=7 order=0 lr_band=LR3,LR2 lr_lo=0.00022046896551724136 lr_hi=0.002781216
max_evals=10 tune_epochs=44 tune_patience=7
seed=170015

[COMMAND]
- /venv/FMoE/bin/python hyperopt_tune.py --config-name tune_ab --max-evals 10 --tune-epochs 44 --tune-patience 7 --seed 170015 --run-group baseline --run-axis StageB_Structure_anchor2_core5 --run-phase P17_SB_D01_M02_DUOREC_B8_S1 model=duorec dataset=amazon_beauty eval_mode=session_fixed feature_mode=full_v3 gpu_id=7 log_wandb=false show_progress=false ++special_logging=true ++seed=170015 ++search={learning_rate:[0.00022046896551724136,0.002781216]} ++search_space_type_overrides={learning_rate:"loguniform"} ++MAX_ITEM_LIST_LENGTH=10 ++weight_decay=0.0006899999999999999 ++search.weight_decay=[0.0006899999999999999] ++search_space_type_overrides.weight_decay=choice ++search.hidden_size=[64] ++search_space_type_overrides.hidden_size=choice ++search.embedding_size=[64] ++search_space_type_overrides.embedding_size=choice ++search.n_layers=[3] ++search_space_type_overrides.n_layers=choice ++search.num_layers=[3] ++search_space_type_overrides.num_layers=choice ++search.dropout_ratio=[0.29000000000000004] ++search_space_type_overrides.dropout_ratio=choice ++search.dropout_prob=[0.29000000000000004] ++search_space_type_overrides.dropout_prob=choice ++search.hidden_dropout_prob=[0.29000000000000004] ++search_space_type_overrides.hidden_dropout_prob=choice ++search.attn_dropout_prob=[0.29000000000000004] ++search_space_type_overrides.attn_dropout_prob=choice ++search.inner_size=[128] ++search_space_type_overrides.inner_size=choice ++search.n_heads=[2] ++search_space_type_overrides.n_heads=choice ++search.num_heads=[2] ++search_space_type_overrides.num_heads=choice ++dropout_ratio=0.29000000000000004 ++hidden_size=64 ++embedding_size=64 ++n_layers=3 ++num_layers=3 ++n_heads=2 ++num_heads=2 ++inner_size=128 ++contrast=un ++tau=0.3 ++lmd=0.04 ++lmd_sem=0.0 ++semantic_sample_max_tries=2 ++train_batch_size=1024 ++eval_batch_size=1536
/venv/FMoE/lib/python3.10/site-packages/ray/_private/parameter.py:4: UserWarning: pkg_resources is deprecated as an API. See https://setuptools.pypa.io/en/latest/pkg_resources.html. The pkg_resources package is slated for removal as early as 2025-11-30. Refrain from using this package or pin to Setuptools<81.
  import pkg_resources
[RUN_STATUS] START pid=611439 ts=2026-03-30T18:04:13

=================================================================
  Hyperopt TPE  |  DuoRec x amazon_beauty
  max_evals=10  epochs=44  patience=7  wandb=off
  batch_size(train/valid/test)=1024/1536/1536
  track=baseline  axis=stageb_structure_anchor2_core5  phase=P17_SB_D01_M02_DUOREC_B8_S1
=================================================================
Changed knobs: MAX_ITEM_LIST_LENGTH, learning_rate
Tuned params(len>1): 2  (~4 discrete combos)
Tuned groups: 2
  [optimization]
    learning_rate                   [0.00022046896551724136, 0.002781216]     -> loguniform
  [other]
    MAX_ITEM_LIST_LENGTH            [5, 10, 30, 50]                           -> choice
Fixed params(singleton/non-list): 12
Fixed groups: 12
  [optimization]
    hidden_dropout_prob             0.29000000000000004                     
    weight_decay                    0.0006899999999999999                   
  [model_core]
    attn_dropout_prob               0.29000000000000004                     
    dropout_prob                    0.29000000000000004                     
    dropout_ratio                   0.29000000000000004                     
    embedding_size                  64                                      
    hidden_size                     64                                      
    inner_size                      128                                     
    num_heads                       2                                       
    num_layers                      3                                       
  [other]
    n_heads                         2                                       
    n_layers                        3                                       

[Wandb] disabled for this hyperopt run

[1/10] MAX_ITEM_LIST_LENGTH=30, learning_rate=0.0003082
  -> MRR@20=0.097300  best=0.097300  (early_stop@15, trial=15s, avg=19s/trial, total=19s, ETA=2.8min)
[TRIAL_METRICS] cur_best_mrr20=0.097300 cur_best_hr10=0.097300 cur_test_mrr20=0.078900 cur_test_hr10=0.078900 run_best_mrr20=0.097300 run_best_hr10=0.097300 run_test_mrr20=0.078900 run_test_hr10=0.078900

[2/10] MAX_ITEM_LIST_LENGTH=50, learning_rate=0.0005055
  -> MRR@20=0.100500  best=0.100500  (early_stop@16, trial=17s, avg=18s/trial, total=36s, ETA=2.4min)
[TRIAL_METRICS] cur_best_mrr20=0.100500 cur_best_hr10=0.115000 cur_test_mrr20=0.082800 cur_test_hr10=0.096500 run_best_mrr20=0.100500 run_best_hr10=0.115000 run_test_mrr20=0.082800 run_test_hr10=0.096500

[3/10] MAX_ITEM_LIST_LENGTH=50, learning_rate=0.0003494
  -> MRR@20=0.100500  best=0.100500  (early_stop@19, trial=19s, avg=19s/trial, total=56s, ETA=2.2min)
[TRIAL_METRICS] cur_best_mrr20=0.100500 cur_best_hr10=0.115000 cur_test_mrr20=0.082000 cur_test_hr10=0.096500 run_best_mrr20=0.100500 run_best_hr10=0.115000 run_test_mrr20=0.082000 run_test_hr10=0.096500

[4/10] MAX_ITEM_LIST_LENGTH=10, learning_rate=0.0006665
  -> MRR@20=0.101400  best=0.101400  (early_stop@12, trial=11s, avg=17s/trial, total=1.1min, ETA=1.7min)
[TRIAL_METRICS] cur_best_mrr20=0.101400 cur_best_hr10=0.106200 cur_test_mrr20=0.078900 cur_test_hr10=0.078900 run_best_mrr20=0.101400 run_best_hr10=0.106200 run_test_mrr20=0.078900 run_test_hr10=0.078900

[5/10] MAX_ITEM_LIST_LENGTH=5, learning_rate=0.001969
  -> MRR@20=0.104800  best=0.104800  (early_stop@13, trial=12s, avg=16s/trial, total=1.3min, ETA=1.3min)
[TRIAL_METRICS] cur_best_mrr20=0.104800 cur_best_hr10=0.123900 cur_test_mrr20=0.079800 cur_test_hr10=0.078900 run_best_mrr20=0.104800 run_best_hr10=0.123900 run_test_mrr20=0.079800 run_test_hr10=0.078900

[6/10] MAX_ITEM_LIST_LENGTH=30, learning_rate=0.002166
  -> MRR@20=0.091600  best=0.104800  (early_stop@9, trial=9s, avg=15s/trial, total=1.5min, ETA=59s)
[TRIAL_METRICS] cur_best_mrr20=0.091600 cur_best_hr10=0.106200 cur_test_mrr20=0.078900 cur_test_hr10=0.078900 run_best_mrr20=0.104800 run_best_hr10=0.123900 run_test_mrr20=0.079800 run_test_hr10=0.078900

[7/10] MAX_ITEM_LIST_LENGTH=5, learning_rate=0.0003436
  -> MRR@20=0.100800  best=0.104800  (early_stop@23, trial=20s, avg=16s/trial, total=1.8min, ETA=47s)
[TRIAL_METRICS] cur_best_mrr20=0.100800 cur_best_hr10=0.115000 cur_test_mrr20=0.078900 cur_test_hr10=0.078900 run_best_mrr20=0.104800 run_best_hr10=0.123900 run_test_mrr20=0.079800 run_test_hr10=0.078900

[8/10] MAX_ITEM_LIST_LENGTH=10, learning_rate=0.0008971
  -> MRR@20=0.101300  best=0.104800  (early_stop@10, trial=9s, avg=15s/trial, total=2.0min, ETA=30s)
[TRIAL_METRICS] cur_best_mrr20=0.101300 cur_best_hr10=0.106200 cur_test_mrr20=0.078900 cur_test_hr10=0.078900 run_best_mrr20=0.104800 run_best_hr10=0.123900 run_test_mrr20=0.079800 run_test_hr10=0.078900

[9/10] MAX_ITEM_LIST_LENGTH=10, learning_rate=0.0006938
  -> MRR@20=0.101800  best=0.104800  (early_stop@11, trial=10s, avg=14s/trial, total=2.2min, ETA=14s)
[TRIAL_METRICS] cur_best_mrr20=0.101800 cur_best_hr10=0.106200 cur_test_mrr20=0.078900 cur_test_hr10=0.078900 run_best_mrr20=0.104800 run_best_hr10=0.123900 run_test_mrr20=0.079800 run_test_hr10=0.078900

[10/10] MAX_ITEM_LIST_LENGTH=30, learning_rate=0.002605
  -> MRR@20=0.092900  best=0.104800  (early_stop@8, trial=7s, avg=14s/trial, total=2.3min, ETA=0s)
[TRIAL_METRICS] cur_best_mrr20=0.092900 cur_best_hr10=0.097300 cur_test_mrr20=0.078900 cur_test_hr10=0.078900 run_best_mrr20=0.104800 run_best_hr10=0.123900 run_test_mrr20=0.079800 run_test_hr10=0.078900

=================================================================
  DONE  |  DuoRec x amazon_beauty
  Best MRR@20 = 0.104800  |  10/10 trials OK
  Best HR@10  = 0.123900
  Test MRR@20 = 0.079800  (best-valid checkpoint)
  Test HR@10  = 0.078900  (best-valid checkpoint)
[RUN_METRICS] best_valid_mrr20=0.104800 best_valid_hr10=0.123900 test_mrr20=0.079800 test_hr10=0.078900
  Total time: 2.3 min
  Best params:
    MAX_ITEM_LIST_LENGTH: 5
    learning_rate: 0.00196888
  Results -> /workspace/jy1559/FMoE/experiments/run/artifacts/results/baseline/amazon_beauty_DuoRec_p17_sb_d01_m02_duorec_b8_s1_20260330_180413_296571_pid611439.json
  Normal mirror -> /workspace/jy1559/FMoE/experiments/run/artifacts/results/baseline/normal/stageb_structure_anchor2_core5/P17/amazon_beauty/DuoRec/amazon_beauty_DuoRec_p17_sb_d01_m02_duorec_b8_s1_20260330_180413_296571_pid611439.json
  Special result -> /workspace/jy1559/FMoE/experiments/run/artifacts/results/baseline/special/stageb_structure_anchor2_core5/P17/amazon_beauty/DuoRec/amazon_beauty_DuoRec_p17_sb_d01_m02_duorec_b8_s1_20260330_180413_296571_pid611439_special_metrics.json
  Special log -> /workspace/jy1559/FMoE/experiments/run/artifacts/logs/baseline/special/stageb_structure_anchor2_core5/P17/amazon_beauty/DuoRec/amazon_beauty_DuoRec_p17_sb_d01_m02_duorec_b8_s1_20260330_180413_296571_pid611439_special_metrics.json
=================================================================

[RUN_STATUS] END status=normal pid=611439 start=2026-03-30T18:04:13 end=2026-03-30T18:06:30
