[FMOE_N4_MOVIELENS_V4_SESSION_FIXED_SETTING_HEADER]
run_phase=P4ML_ML_MOVIELENS1M_ML12_H10_CONTEXT_WIDE_S1 exp_brief=A12_ATTN_MICRO_BEFORE_NO_BIAS_ALL_W5 phase_id=P4ML axis_id=N4MLV4 setting_id=ML12_h10_context_wide hparam_id= seed=1
desc=ML12_h10_context_wide
dataset=movielens1m gpu=3 order=12
max_evals=10 tune_epochs=100 tune_patience=10
seed=266011

[COMMAND]
- /venv/FMoE/bin/python hyperopt_tune.py --config-name config --search-algo tpe --max-evals 10 --tune-epochs 100 --tune-patience 10 --seed 266011 --run-group fmoe_n4 --run-axis MovieLens_V4_SessionFixed_Portfolio --run-phase P4ML_ML_MOVIELENS1M_ML12_H10_CONTEXT_WIDE_S1 model=featured_moe_n3_tune dataset=movielens1m eval_mode=session_fixed feature_mode=full_v4 ++eval_sampling.mode=full ++eval_sampling.auto_full_threshold=999999999 ++special_logging=true ++exclude_unseen_target_from_main_eval=true ++log_unseen_target_metrics=true gpu_id=3 log_wandb=false enable_tf32=true fmoe_debug_logging=false fmoe_diag_logging=true fmoe_special_logging=true fmoe_feature_ablation_logging=false fmoe_eval_logging_timing=final_only ++fmoe_logging_output_root="run/artifacts/logging" ++fmoe_logging_layout="axis_dataset_arch_hparam" ++fmoe_architecture_id="A12" ++fmoe_architecture_key="A12_ATTN_MICRO_BEFORE_NO_BIAS_ALL_W5" ++fmoe_hparam_id="H10" ++fmoe_phase="P4ML" train_batch_size=4096 eval_batch_size=6144 ++phase_run_type="stage1" ++phase_axis_id="N4MLV4" ++phase_axis_desc="movielens_v4_session_fixed_portfolio" ++phase_setting_id="ML12_h10_context_wide" ++phase_setting_key="ML12_h10_context_wide" ++phase_hparam_id="H10" ++phase_seed_id=1 ++phase_run_id="ML_MOVIELENS1M_ML12_H10_CONTEXT_WIDE_S1" ++layer_layout=["attn","macro_ffn","mid_ffn","attn","micro_ffn"] ++stage_compute_mode={macro:"moe",mid:"moe",micro:"moe"} ++stage_router_mode={macro:"learned",mid:"learned",micro:"learned"} ++stage_router_source={macro:"both",mid:"both",micro:"both"} ++stage_feature_injection={macro:"none",mid:"none",micro:"none"} ++topk_scope_mode="global_flat" ++moe_top_k=0 ++balance_loss_lambda=0.0 ++z_loss_lambda=8e-05 ++gate_entropy_lambda=0.0 ++route_smoothness_lambda=0.0 ++route_consistency_lambda=0.0004 ++route_sharpness_lambda=0.0 ++route_monopoly_lambda=0.0 ++route_monopoly_tau=0.25 ++route_prior_lambda=0.0 ++group_prior_align_lambda=0.0 ++factored_group_balance_lambda=0.0 ++rule_agreement_lambda=0.0 ++group_coverage_lambda=0.0 ++feature_group_bias_lambda=0.0 ++rule_bias_scale=0.0 ++primitive_balance_lambda=0.0 ++wrapper_group_feature_align_lambda=0.0 ++stage_router_primitives={macro:{a_joint:{source:"feature",temperature:1.0,top_k:0},b_group:{source:"feature",temperature:1.0,top_k:0},c_shared:{source:"feature",temperature:1.0,top_k:0},d_cond:{source:"feature",temperature:1.0,top_k:0},e_scalar:{source:"feature",temperature:1.0,top_k:0},wrapper:{alpha_d:1.0,alpha_struct:1.0,alpha_a:1.0}},mid:{a_joint:{source:"feature",temperature:1.0,top_k:0},b_group:{source:"feature",temperature:1.0,top_k:0},c_shared:{source:"feature",temperature:1.0,top_k:0},d_cond:{source:"feature",temperature:1.0,top_k:0},e_scalar:{source:"feature",temperature:1.0,top_k:0},wrapper:{alpha_d:1.0,alpha_struct:1.0,alpha_a:1.0}},micro:{a_joint:{source:"feature",temperature:1.0,top_k:0},b_group:{source:"feature",temperature:1.0,top_k:0},c_shared:{source:"feature",temperature:1.0,top_k:0},d_cond:{source:"feature",temperature:1.0,top_k:0},e_scalar:{source:"feature",temperature:1.0,top_k:0},wrapper:{alpha_d:1.0,alpha_struct:1.0,alpha_a:1.0}}} ++stage_router_wrapper={macro:"w5_exd",mid:"w5_exd",micro:"w5_exd"} ++stage_router_granularity={macro:"session",mid:"session",micro:"token"} ++macro_history_window=5 ++route_consistency_pairs=1 ++route_consistency_min_sim=0.995 ++bias_mode="none" ++stage_family_dropout_prob={macro:0.02,mid:0.02,micro:0.02} ++stage_feature_dropout_prob={macro:0.0,mid:0.0,micro:0.0} ++stage_feature_dropout_scope={macro:"token",mid:"token",micro:"token"} ++embedding_size=192 ++d_ff=384 ++d_expert_hidden=192 ++d_router_hidden=96 ++MAX_ITEM_LIST_LENGTH=20 ++d_feat_emb=16 ++expert_scale=3 ++lr_scheduler_type="warmup_cosine" ++num_heads=4 ++search.learning_rate=[0.0002,0.0007] ++search_space_type_overrides.learning_rate=loguniform ++search.hidden_dropout_prob=[0.08,0.1] ++search_space_type_overrides.hidden_dropout_prob=choice ++search.attn_dropout_prob=[0.06,0.08] ++search_space_type_overrides.attn_dropout_prob=choice ++search.weight_decay=[4e-07,8e-07] ++search_space_type_overrides.weight_decay=choice ++search.MAX_ITEM_LIST_LENGTH=[24,28,32] ++search_space_type_overrides.MAX_ITEM_LIST_LENGTH=choice ++search.d_feat_emb=[16,24] ++search_space_type_overrides.d_feat_emb=choice ++search.expert_scale=[3,4] ++search_space_type_overrides.expert_scale=choice ++search.stage_feature_dropout_prob=[{macro:0.0,mid:0.0,micro:0.0},{macro:0.02,mid:0.02,micro:0.02}] ++search_space_type_overrides.stage_feature_dropout_prob=choice ++search.num_heads=[2,4] ++search_space_type_overrides.num_heads=choice
/venv/FMoE/lib/python3.10/site-packages/ray/_private/parameter.py:4: UserWarning: pkg_resources is deprecated as an API. See https://setuptools.pypa.io/en/latest/pkg_resources.html. The pkg_resources package is slated for removal as early as 2025-11-30. Refrain from using this package or pin to Setuptools<81.
  import pkg_resources
[RUN_STATUS] START pid=425582 ts=2026-04-17T02:48:49

=================================================================
  Hyperopt  |  FeaturedMoE_N3 x movielens1m
  max_evals=10  epochs=100  patience=10  wandb=off
  search_algo=tpe
  batch_size(train/valid/test)=4096/6144/6144
  track=fmoe_n4  axis=movielens_v4_sessionfixed_portfolio  phase=P4ML_ML_MOVIELENS1M_ML12_H10_CONTEXT_WIDE_S1
=================================================================
Changed knobs: MAX_ITEM_LIST_LENGTH, attn_dropout_prob, d_feat_emb, expert_scale, hidden_dropout_prob, learning_rate, num_heads, stage_feature_dropout_prob, weight_decay
Tuned params(len>1): 9  (~384 discrete combos)
Tuned groups: 9
  [optimization]
    hidden_dropout_prob             [0.08, 0.1]                               -> choice
    learning_rate                   [0.0002, 0.0007]                          -> loguniform
    weight_decay                    [4e-07, 8e-07]                            -> choice
  [model_core]
    attn_dropout_prob               [0.06, 0.08]                              -> choice
    d_feat_emb                      [16, 24]                                  -> choice
    expert_scale                    [3, 4]                                    -> choice
    num_heads                       [2, 4]                                    -> choice
    stage_feature_dropout_prob      [{'macro': 0.0, 'mid': 0.0, 'micro': 0.0}, {'macro': 0.02, 'mid': 0.02, 'micro': 0.02}]  -> choice
  [other]
    MAX_ITEM_LIST_LENGTH            [24, 28, 32]                              -> choice
Fixed params(singleton/non-list): 0
Fixed groups: 0
  (none)

[Wandb] disabled for this hyperopt run

[1/10] MAX_ITEM_LIST_LENGTH=24, attn_dropout_prob=0.08, d_feat_emb=24, expert_scale=4, hidden_dropout_prob=0.1, learning_rate=0.0003714, num_heads=2, stage_feature_dropout_prob={'macro': 0.02, 'micro': 0.02, 'mid': 0.02}, weight_decay=4e-07
  -> MRR@20=0.082700  best=0.082700  (early_stop@32, trial=18.4min, avg=18.5min/trial, total=18.5min, ETA=2.77h)
[TRIAL_METRICS] cur_best_mrr20=0.082700 cur_best_hr10=0.198600 cur_test_mrr20=0.060700 cur_test_hr10=0.147800 run_best_mrr20=0.082700 run_best_hr10=0.198600 run_test_mrr20=0.060700 run_test_hr10=0.147800

[2/10] MAX_ITEM_LIST_LENGTH=28, attn_dropout_prob=0.06, d_feat_emb=24, expert_scale=4, hidden_dropout_prob=0.08, learning_rate=0.0002596, num_heads=2, stage_feature_dropout_prob={'macro': 0.02, 'micro': 0.02, 'mid': 0.02}, weight_decay=8e-07
  -> MRR@20=0.081500  best=0.082700  (early_stop@41, trial=26.2min, avg=22.4min/trial, total=44.7min, ETA=2.98h)
[TRIAL_METRICS] cur_best_mrr20=0.081500 cur_best_hr10=0.203700 cur_test_mrr20=0.052100 cur_test_hr10=0.138000 run_best_mrr20=0.082700 run_best_hr10=0.198600 run_test_mrr20=0.060700 run_test_hr10=0.147800

[3/10] MAX_ITEM_LIST_LENGTH=28, attn_dropout_prob=0.08, d_feat_emb=24, expert_scale=4, hidden_dropout_prob=0.1, learning_rate=0.00031, num_heads=4, stage_feature_dropout_prob={'macro': 0.0, 'micro': 0.0, 'mid': 0.0}, weight_decay=8e-07
  -> MRR@20=0.082100  best=0.082700  (early_stop@40, trial=25.5min, avg=23.4min/trial, total=1.17h, ETA=2.73h)
[TRIAL_METRICS] cur_best_mrr20=0.082100 cur_best_hr10=0.198600 cur_test_mrr20=0.051900 cur_test_hr10=0.133400 run_best_mrr20=0.082700 run_best_hr10=0.198600 run_test_mrr20=0.060700 run_test_hr10=0.147800

[4/10] MAX_ITEM_LIST_LENGTH=28, attn_dropout_prob=0.06, d_feat_emb=24, expert_scale=3, hidden_dropout_prob=0.08, learning_rate=0.0005695, num_heads=4, stage_feature_dropout_prob={'macro': 0.0, 'micro': 0.0, 'mid': 0.0}, weight_decay=8e-07
  -> MRR@20=0.079900  best=0.082700  (early_stop@28, trial=14.9min, avg=21.3min/trial, total=1.42h, ETA=2.13h)
[TRIAL_METRICS] cur_best_mrr20=0.079900 cur_best_hr10=0.198200 cur_test_mrr20=0.053500 cur_test_hr10=0.137100 run_best_mrr20=0.082700 run_best_hr10=0.198600 run_test_mrr20=0.060700 run_test_hr10=0.147800

[5/10] MAX_ITEM_LIST_LENGTH=24, attn_dropout_prob=0.06, d_feat_emb=24, expert_scale=3, hidden_dropout_prob=0.08, learning_rate=0.000564, num_heads=2, stage_feature_dropout_prob={'macro': 0.02, 'micro': 0.02, 'mid': 0.02}, weight_decay=4e-07
  -> MRR@20=0.080900  best=0.082700  (early_stop@25, trial=12.3min, avg=19.5min/trial, total=1.63h, ETA=1.63h)
[TRIAL_METRICS] cur_best_mrr20=0.080900 cur_best_hr10=0.210600 cur_test_mrr20=0.057800 cur_test_hr10=0.143100 run_best_mrr20=0.082700 run_best_hr10=0.198600 run_test_mrr20=0.060700 run_test_hr10=0.147800

[6/10] MAX_ITEM_LIST_LENGTH=28, attn_dropout_prob=0.08, d_feat_emb=24, expert_scale=3, hidden_dropout_prob=0.08, learning_rate=0.0003234, num_heads=2, stage_feature_dropout_prob={'macro': 0.02, 'micro': 0.02, 'mid': 0.02}, weight_decay=8e-07
  -> MRR@20=0.082100  best=0.082700  (early_stop@47, trial=25.0min, avg=20.4min/trial, total=2.04h, ETA=1.36h)
[TRIAL_METRICS] cur_best_mrr20=0.082100 cur_best_hr10=0.195400 cur_test_mrr20=0.057400 cur_test_hr10=0.138500 run_best_mrr20=0.082700 run_best_hr10=0.198600 run_test_mrr20=0.060700 run_test_hr10=0.147800

[7/10] MAX_ITEM_LIST_LENGTH=32, attn_dropout_prob=0.06, d_feat_emb=24, expert_scale=3, hidden_dropout_prob=0.1, learning_rate=0.0005628, num_heads=4, stage_feature_dropout_prob={'macro': 0.02, 'micro': 0.02, 'mid': 0.02}, weight_decay=4e-07
  -> MRR@20=0.083800  best=0.083800  (early_stop@25, trial=14.8min, avg=19.6min/trial, total=2.29h, ETA=58.9min)
[TRIAL_METRICS] cur_best_mrr20=0.083800 cur_best_hr10=0.216100 cur_test_mrr20=0.055300 cur_test_hr10=0.145000 run_best_mrr20=0.083800 run_best_hr10=0.216100 run_test_mrr20=0.055300 run_test_hr10=0.145000

[8/10] MAX_ITEM_LIST_LENGTH=28, attn_dropout_prob=0.06, d_feat_emb=16, expert_scale=3, hidden_dropout_prob=0.1, learning_rate=0.0002127, num_heads=2, stage_feature_dropout_prob={'macro': 0.02, 'micro': 0.02, 'mid': 0.02}, weight_decay=8e-07
  -> MRR@20=0.082500  best=0.083800  (early_stop@54, trial=28.3min, avg=20.7min/trial, total=2.76h, ETA=41.4min)
[TRIAL_METRICS] cur_best_mrr20=0.082500 cur_best_hr10=0.211100 cur_test_mrr20=0.055600 cur_test_hr10=0.141700 run_best_mrr20=0.083800 run_best_hr10=0.216100 run_test_mrr20=0.055300 run_test_hr10=0.145000

[9/10] MAX_ITEM_LIST_LENGTH=24, attn_dropout_prob=0.08, d_feat_emb=24, expert_scale=3, hidden_dropout_prob=0.08, learning_rate=0.0006349, num_heads=2, stage_feature_dropout_prob={'macro': 0.0, 'micro': 0.0, 'mid': 0.0}, weight_decay=8e-07
  -> MRR@20=0.083600  best=0.083800  (early_stop@25, trial=12.0min, avg=19.8min/trial, total=2.96h, ETA=19.8min)
[TRIAL_METRICS] cur_best_mrr20=0.083600 cur_best_hr10=0.210100 cur_test_mrr20=0.056400 cur_test_hr10=0.141700 run_best_mrr20=0.083800 run_best_hr10=0.216100 run_test_mrr20=0.055300 run_test_hr10=0.145000

[10/10] MAX_ITEM_LIST_LENGTH=32, attn_dropout_prob=0.08, d_feat_emb=16, expert_scale=4, hidden_dropout_prob=0.08, learning_rate=0.0004035, num_heads=2, stage_feature_dropout_prob={'macro': 0.0, 'micro': 0.0, 'mid': 0.0}, weight_decay=8e-07
  -> FAILED: CUDA out of memory. Tried to allocate 1.50 GiB. GPU 0 has a total capacity of 23.56 GiB of which 1015.00 MiB is free. Process 3396782 has 22.56 GiB memory in use. Of the allocated memory 19.89 GiB is allocated by PyTorch, and 2.36 GiB is reserved by PyTorch but unallocated. If reserved but unallocated memory is large try setting PYTORCH_CUDA_ALLOC_CONF=expandable_segments:True to avoid fragmentation.  See documentation for Memory Management  (https://pytorch.org/docs/stable/notes/cuda.html#environment-variables)
Traceback (most recent call last):
  File "/workspace/FeaturedMoE/experiments/hyperopt_tune.py", line 4241, in objective
    result = train_and_evaluate(cfg_trial, trial_num=trial_num, progress_cb=_wandb_log_live if log_wandb else None)
  File "/workspace/FeaturedMoE/experiments/hyperopt_tune.py", line 2958, in train_and_evaluate
    train_loss = trainer._train_epoch(train_data, epoch_idx=epoch, show_progress=show_progress)
  File "/workspace/FeaturedMoE/experiments/recbole_patch.py", line 1284, in _patched_train_epoch
    return _original_train_epoch(self, *args, **kwargs)
  File "/venv/FMoE/lib/python3.10/site-packages/recbole/trainer/trainer.py", line 261, in _train_epoch
    scaler.scale(loss + sync_loss).backward()
  File "/venv/FMoE/lib/python3.10/site-packages/torch/_tensor.py", line 626, in backward
    torch.autograd.backward(
  File "/venv/FMoE/lib/python3.10/site-packages/torch/autograd/__init__.py", line 347, in backward
    _engine_run_backward(
  File "/venv/FMoE/lib/python3.10/site-packages/torch/autograd/graph.py", line 823, in _engine_run_backward
    return Variable._execution_engine.run_backward(  # Calls into the C++ engine to run the backward pass
torch.OutOfMemoryError: CUDA out of memory. Tried to allocate 1.50 GiB. GPU 0 has a total capacity of 23.56 GiB of which 1015.00 MiB is free. Process 3396782 has 22.56 GiB memory in use. Of the allocated memory 19.89 GiB is allocated by PyTorch, and 2.36 GiB is reserved by PyTorch but unallocated. If reserved but unallocated memory is large try setting PYTORCH_CUDA_ALLOC_CONF=expandable_segments:True to avoid fragmentation.  See documentation for Memory Management  (https://pytorch.org/docs/stable/notes/cuda.html#environment-variables)
[1;35mEvaluate   [0m:   0%|                                                            | 0/1 [00:00<?, ?it/s][0m[1;35mEvaluate   [0m:   0%|                                  | 0/1 [00:01<?, ?it/s, [1;33mGPU RAM: 23.04 G/23.56 G[0m][0m[1;35mEvaluate   [0m: 100%|██████████████████████████| 1/1 [00:01<00:00,  1.11s/it, [1;33mGPU RAM: 23.04 G/23.56 G[0m][0m                                                                                                    [1;35mEvaluate   [0m:   0%|                                                            | 0/1 [00:00<?, ?it/s][0m[1;35mEvaluate   [0m:   0%|                                  | 0/1 [00:01<?, ?it/s, [1;33mGPU RAM: 23.04 G/23.56 G[0m][0m[1;35mEvaluate   [0m: 100%|██████████████████████████| 1/1 [00:01<00:00,  1.08s/it, [1;33mGPU RAM: 23.04 G/23.56 G[0m][0m                                                                                                    [1;35mEvaluate   [0m:   0%|                                                            | 0/1 [00:00<?, ?it/s][0m[1;35mEvaluate   [0m:   0%|                                  | 0/1 [00:01<?, ?it/s, [1;33mGPU RAM: 23.04 G/23.56 G[0m][0m[1;35mEvaluate   [0m: 100%|██████████████████████████| 1/1 [00:01<00:00,  1.10s/it, [1;33mGPU RAM: 23.04 G/23.56 G[0m][0m                                                                                                    
=================================================================
  DONE  |  FeaturedMoE_N3 x movielens1m
  Best MRR@20 = 0.083800  |  9/10 trials OK
  Best HR@10  = 0.216100
  Test MRR@20 = 0.055300  (best-valid checkpoint)
  Test HR@10  = 0.145000  (best-valid checkpoint)
[RUN_METRICS] best_valid_mrr20=0.083800 best_valid_hr10=0.216100 test_mrr20=0.055300 test_hr10=0.145000
  Total time: 177.9 min
  Best params:
    MAX_ITEM_LIST_LENGTH: 32
    attn_dropout_prob: 0.06
    d_feat_emb: 24
    expert_scale: 3
    hidden_dropout_prob: 0.1
    learning_rate: 0.000562753
    num_heads: 4
    stage_feature_dropout_prob: {'macro': 0.02, 'micro': 0.02, 'mid': 0.02}
    weight_decay: 4e-07
  Results -> /workspace/FeaturedMoE/experiments/run/artifacts/results/fmoe_n4/movielens1m_FeaturedMoE_N3_p4ml_ml_movielens1m_ml12_h10_context_wide_s1_20260417_024850_191926_pid425582.json
  Normal mirror -> /workspace/FeaturedMoE/experiments/run/artifacts/results/fmoe_n4/normal/movielens_v4_sessionfixed_portfolio/P4ML/movielens1m/FMoEN3/movielens1m_FeaturedMoE_N3_p4ml_ml_movielens1m_ml12_h10_context_wide_s1_20260417_024850_191926_pid425582.json
  Special result -> /workspace/FeaturedMoE/experiments/run/artifacts/results/fmoe_n4/special/movielens_v4_sessionfixed_portfolio/P4ML/movielens1m/FMoEN3/movielens1m_FeaturedMoE_N3_p4ml_ml_movielens1m_ml12_h10_context_wide_s1_20260417_024850_191926_pid425582_special_metrics.json
  Special log -> /workspace/FeaturedMoE/experiments/run/artifacts/logs/fmoe_n4/special/movielens_v4_sessionfixed_portfolio/P4ML/movielens1m/FMoEN3/movielens1m_FeaturedMoE_N3_p4ml_ml_movielens1m_ml12_h10_context_wide_s1_20260417_024850_191926_pid425582_special_metrics.json
=================================================================

[RUN_STATUS] END status=normal pid=425582 start=2026-04-17T02:48:49 end=2026-04-17T05:46:44
