# pair=P003 dataset=beauty model=difsr combo=C08 seed=1
# cmd=/venv/FMoE/bin/python hyperopt_tune.py --config-name tune_ab --max-evals 16 --tune-epochs 100 --tune-patience 10 --search-algo random --seed 3123 --run-group baseline_3 --run-axis BEAUTY_3MODEL_AGGR16 --run-phase BEAUTY_3MODEL_AGGR16_DBEAUTY_MDIFSR_P003_C08_S1 model=difsr dataset=beauty eval_mode=session_fixed feature_mode=full_v4 train_batch_size=1536 eval_batch_size=3072 gpu_id=7 log_wandb=false show_progress=false ++seed=3123 ++history_input_mode=full_history_session_targets ++history_group_field=user_id ++target_group_field=session_id ++history_eval_policy=strict_train_prefix ++MAX_ITEM_LIST_LENGTH=48 ++eval_sampling.mode=full ++eval_sampling.auto_full_threshold=999999999 ++special_logging=true ++exclude_unseen_target_from_main_eval=true ++log_unseen_target_metrics=true ++hidden_size=320 ++embedding_size=320 ++n_layers=1 ++num_layers=1 ++n_heads=2 ++num_heads=2 ++inner_size=960 ++dropout_ratio=0.25 ++hidden_dropout_prob=0.25 ++attn_dropout_prob=0.25 ++weight_decay=0.0009747 ++attribute_hidden_size=320 ++fusion_type="gate" ++use_attribute_predictor=true ++lambda_attr=0.21 ++search={learning_rate:[0.00010052243592850306,0.0010454333336564316],weight_decay:[0.00048735,0.00233928]} ++search_space_type_overrides={learning_rate:"loguniform",weight_decay:"loguniform"} ++search.MAX_ITEM_LIST_LENGTH=[48] ++search_space_type_overrides.MAX_ITEM_LIST_LENGTH=choice ++search.hidden_size=[320] ++search_space_type_overrides.hidden_size=choice ++search.embedding_size=[320] ++search_space_type_overrides.embedding_size=choice ++search.n_layers=[1] ++search_space_type_overrides.n_layers=choice ++search.num_layers=[1] ++search_space_type_overrides.num_layers=choice ++search.n_heads=[2] ++search_space_type_overrides.n_heads=choice ++search.num_heads=[2] ++search_space_type_overrides.num_heads=choice ++search.inner_size=[960] ++search_space_type_overrides.inner_size=choice ++search.dropout_ratio=[0.25] ++search_space_type_overrides.dropout_ratio=choice ++search.hidden_dropout_prob=[0.25] ++search_space_type_overrides.hidden_dropout_prob=choice ++search.attn_dropout_prob=[0.25] ++search_space_type_overrides.attn_dropout_prob=choice ++search.attribute_hidden_size=[320] ++search_space_type_overrides.attribute_hidden_size=choice ++search.fusion_type=["gate"] ++search_space_type_overrides.fusion_type=choice ++search.use_attribute_predictor=[true] ++search_space_type_overrides.use_attribute_predictor=choice ++search.lambda_attr=[0.21] ++search_space_type_overrides.lambda_attr=choice

/venv/FMoE/lib/python3.10/site-packages/ray/_private/parameter.py:4: UserWarning: pkg_resources is deprecated as an API. See https://setuptools.pypa.io/en/latest/pkg_resources.html. The pkg_resources package is slated for removal as early as 2025-11-30. Refrain from using this package or pin to Setuptools<81.
  import pkg_resources
[RUN_STATUS] START pid=388797 ts=2026-04-16T16:12:31

=================================================================
  Hyperopt  |  DIFSR x beauty
  max_evals=16  epochs=100  patience=10  wandb=off
  search_algo=random
  batch_size(train/valid/test)=1536/3072/3072
  track=baseline_3  axis=beauty_3model_aggr16  phase=BEAUTY_3MODEL_AGGR16_DBEAUTY_MDIFSR_P003_C08_S1
=================================================================
Changed knobs: learning_rate, weight_decay
Tuned params(len>1): 2  (~1 discrete combos)
Tuned groups: 2
  [optimization]
    learning_rate                   [0.00010052243592850306, 0.0010454333336564316]  -> loguniform
    weight_decay                    [0.00048735, 0.00233928]                  -> loguniform
Fixed params(singleton/non-list): 15
Fixed groups: 15
  [optimization]
    hidden_dropout_prob             0.25                                    
  [model_core]
    attn_dropout_prob               0.25                                    
    dropout_ratio                   0.25                                    
    embedding_size                  320                                     
    hidden_size                     320                                     
    inner_size                      960                                     
    num_heads                       2                                       
    num_layers                      1                                       
  [other]
    MAX_ITEM_LIST_LENGTH            48                                      
    attribute_hidden_size           320                                     
    fusion_type                     gate                                    
    lambda_attr                     0.21                                    
    n_heads                         2                                       
    n_layers                        1                                       
    use_attribute_predictor         True                                    

[Wandb] disabled for this hyperopt run

[1/16] learning_rate=0.0001721, weight_decay=0.0007694
  -> MRR@20=0.003200  best=0.003200  (early_stop@22, trial=46s, avg=50s/trial, total=50s, ETA=12.4min)
[TRIAL_METRICS] cur_best_mrr20=0.003200 cur_best_hr10=0.004000 cur_test_mrr20=0.000100 cur_test_hr10=0.000000 run_best_mrr20=0.003200 run_best_hr10=0.004000 run_test_mrr20=0.000100 run_test_hr10=0.000000

[2/16] learning_rate=0.001003, weight_decay=0.0009992
  -> MRR@20=0.015900  best=0.015900  (early_stop@34, trial=1.2min, avg=60s/trial, total=2.0min, ETA=13.9min)
[TRIAL_METRICS] cur_best_mrr20=0.015900 cur_best_hr10=0.028100 cur_test_mrr20=0.013200 cur_test_hr10=0.040100 run_best_mrr20=0.015900 run_best_hr10=0.028100 run_test_mrr20=0.013200 run_test_hr10=0.040100

[3/16] learning_rate=0.0002502, weight_decay=0.001355
  -> MRR@20=0.003800  best=0.015900  (early_stop@20, trial=41s, avg=53s/trial, total=2.7min, ETA=11.6min)
[TRIAL_METRICS] cur_best_mrr20=0.003800 cur_best_hr10=0.006000 cur_test_mrr20=0.000700 cur_test_hr10=0.002900 run_best_mrr20=0.015900 run_best_hr10=0.028100 run_test_mrr20=0.013200 run_test_hr10=0.040100

[4/16] learning_rate=0.0004946, weight_decay=0.0008138
  -> MRR@20=0.019000  best=0.019000  (early_stop@82, trial=2.3min, avg=1.2min/trial, total=4.9min, ETA=14.8min)
[TRIAL_METRICS] cur_best_mrr20=0.019000 cur_best_hr10=0.036100 cur_test_mrr20=0.014200 cur_test_hr10=0.043000 run_best_mrr20=0.019000 run_best_hr10=0.036100 run_test_mrr20=0.014200 run_test_hr10=0.043000

[5/16] learning_rate=0.0006275, weight_decay=0.0007683
  -> MRR@20=0.015300  best=0.019000  (early_stop@34, trial=31s, avg=1.1min/trial, total=5.5min, ETA=12.0min)
[TRIAL_METRICS] cur_best_mrr20=0.015300 cur_best_hr10=0.028100 cur_test_mrr20=0.010100 cur_test_hr10=0.031500 run_best_mrr20=0.019000 run_best_hr10=0.036100 run_test_mrr20=0.014200 run_test_hr10=0.043000

[6/16] learning_rate=0.0005463, weight_decay=0.0008299
  -> MRR@20=0.013700  best=0.019000  (early_stop@41, trial=37s, avg=1.0min/trial, total=6.1min, ETA=10.1min)
[TRIAL_METRICS] cur_best_mrr20=0.013700 cur_best_hr10=0.032100 cur_test_mrr20=0.012300 cur_test_hr10=0.040100 run_best_mrr20=0.019000 run_best_hr10=0.036100 run_test_mrr20=0.014200 run_test_hr10=0.043000

[7/16] learning_rate=0.0001767, weight_decay=0.001639
  -> MRR@20=0.003100  best=0.019000  (early_stop@24, trial=21s, avg=55s/trial, total=6.4min, ETA=8.3min)
[TRIAL_METRICS] cur_best_mrr20=0.003100 cur_best_hr10=0.004000 cur_test_mrr20=0.000200 cur_test_hr10=0.000000 run_best_mrr20=0.019000 run_best_hr10=0.036100 run_test_mrr20=0.014200 run_test_hr10=0.043000

[8/16] learning_rate=0.0004264, weight_decay=0.0005263
  -> MRR@20=0.011700  best=0.019000  (early_stop@31, trial=28s, avg=52s/trial, total=6.9min, ETA=6.9min)
[TRIAL_METRICS] cur_best_mrr20=0.011700 cur_best_hr10=0.020100 cur_test_mrr20=0.018700 cur_test_hr10=0.031500 run_best_mrr20=0.019000 run_best_hr10=0.036100 run_test_mrr20=0.014200 run_test_hr10=0.043000

[9/16] learning_rate=0.0008988, weight_decay=0.0004945
  -> MRR@20=0.026200  best=0.026200  (early_stop@67, trial=59s, avg=53s/trial, total=7.9min, ETA=6.1min)
[TRIAL_METRICS] cur_best_mrr20=0.026200 cur_best_hr10=0.052200 cur_test_mrr20=0.017400 cur_test_hr10=0.043000 run_best_mrr20=0.026200 run_best_hr10=0.052200 run_test_mrr20=0.017400 run_test_hr10=0.043000

[10/16] learning_rate=0.0006103, weight_decay=0.001086
  -> MRR@20=0.014200  best=0.026200  (early_stop@34, trial=30s, avg=50s/trial, total=8.4min, ETA=5.0min)
[TRIAL_METRICS] cur_best_mrr20=0.014200 cur_best_hr10=0.030100 cur_test_mrr20=0.010900 cur_test_hr10=0.037200 run_best_mrr20=0.026200 run_best_hr10=0.052200 run_test_mrr20=0.017400 run_test_hr10=0.043000

[11/16] learning_rate=0.0001225, weight_decay=0.001257
  -> MRR@20=0.000800  best=0.026200  (early_stop@11, trial=10s, avg=47s/trial, total=8.6min, ETA=3.9min)
[TRIAL_METRICS] cur_best_mrr20=0.000800 cur_best_hr10=0.002000 cur_test_mrr20=0.000700 cur_test_hr10=0.002900 run_best_mrr20=0.026200 run_best_hr10=0.052200 run_test_mrr20=0.017400 run_test_hr10=0.043000

[12/16] learning_rate=0.000257, weight_decay=0.002154
  -> MRR@20=0.003300  best=0.026200  (early_stop@20, trial=18s, avg=44s/trial, total=8.9min, ETA=3.0min)
[TRIAL_METRICS] cur_best_mrr20=0.003300 cur_best_hr10=0.006000 cur_test_mrr20=0.000600 cur_test_hr10=0.002900 run_best_mrr20=0.026200 run_best_hr10=0.052200 run_test_mrr20=0.017400 run_test_hr10=0.043000

[13/16] learning_rate=0.0001828, weight_decay=0.00114
  -> MRR@20=0.003200  best=0.026200  (early_stop@23, trial=20s, avg=43s/trial, total=9.2min, ETA=2.1min)
[TRIAL_METRICS] cur_best_mrr20=0.003200 cur_best_hr10=0.004000 cur_test_mrr20=0.000300 cur_test_hr10=0.000000 run_best_mrr20=0.026200 run_best_hr10=0.052200 run_test_mrr20=0.017400 run_test_hr10=0.043000

[14/16] learning_rate=0.000149, weight_decay=0.001627
  -> MRR@20=0.000900  best=0.026200  (early_stop@11, trial=10s, avg=40s/trial, total=9.4min, ETA=1.3min)
[TRIAL_METRICS] cur_best_mrr20=0.000900 cur_best_hr10=0.004000 cur_test_mrr20=0.000700 cur_test_hr10=0.002900 run_best_mrr20=0.026200 run_best_hr10=0.052200 run_test_mrr20=0.017400 run_test_hr10=0.043000

[15/16] learning_rate=0.0009609, weight_decay=0.0007399
  -> MRR@20=0.016600  best=0.026200  (early_stop@34, trial=31s, avg=40s/trial, total=9.9min, ETA=40s)
[TRIAL_METRICS] cur_best_mrr20=0.016600 cur_best_hr10=0.024100 cur_test_mrr20=0.012100 cur_test_hr10=0.028700 run_best_mrr20=0.026200 run_best_hr10=0.052200 run_test_mrr20=0.017400 run_test_hr10=0.043000

[16/16] learning_rate=0.0005706, weight_decay=0.0005024
  -> MRR@20=0.014500  best=0.026200  (early_stop@38, trial=34s, avg=39s/trial, total=10.5min, ETA=0s)
[TRIAL_METRICS] cur_best_mrr20=0.014500 cur_best_hr10=0.038200 cur_test_mrr20=0.011100 cur_test_hr10=0.037200 run_best_mrr20=0.026200 run_best_hr10=0.052200 run_test_mrr20=0.017400 run_test_hr10=0.043000

=================================================================
  DONE  |  DIFSR x beauty
  Best MRR@20 = 0.026200  |  16/16 trials OK
  Best HR@10  = 0.052200
  Test MRR@20 = 0.017400  (best-valid checkpoint)
  Test HR@10  = 0.043000  (best-valid checkpoint)
[RUN_METRICS] best_valid_mrr20=0.026200 best_valid_hr10=0.052200 test_mrr20=0.017400 test_hr10=0.043000
  Total time: 10.5 min
  Best params:
    learning_rate: 0.000898796
    weight_decay: 0.00049446
  Results -> /workspace/FeaturedMoE/experiments/run/artifacts/results/baseline_3/beauty_DIFSR_beauty_3model_aggr16_dbeauty_mdifsr_p003_c08_s1_20260416_161232_272823_pid388797.json
  Normal mirror -> /workspace/FeaturedMoE/experiments/run/artifacts/results/baseline_3/normal/beauty_3model_aggr16/BEAUTY/beauty/DIFSR/beauty_DIFSR_beauty_3model_aggr16_dbeauty_mdifsr_p003_c08_s1_20260416_161232_272823_pid388797.json
  Special result -> /workspace/FeaturedMoE/experiments/run/artifacts/results/baseline_3/special/beauty_3model_aggr16/BEAUTY/beauty/DIFSR/beauty_DIFSR_beauty_3model_aggr16_dbeauty_mdifsr_p003_c08_s1_20260416_161232_272823_pid388797_special_metrics.json
  Special log -> /workspace/FeaturedMoE/experiments/run/artifacts/logs/baseline_3/special/beauty_3model_aggr16/BEAUTY/beauty/DIFSR/beauty_DIFSR_beauty_3model_aggr16_dbeauty_mdifsr_p003_c08_s1_20260416_161232_272823_pid388797_special_metrics.json
=================================================================

[RUN_STATUS] END status=normal pid=388797 start=2026-04-16T16:12:31 end=2026-04-16T16:23:00

[FULL_HISTORY_TIMING] avg_epoch_sec=0.8803 avg_epoch_ms=880.3 test_inference_sec=0.0277
