[STAGEH_TARGETEDRECOVERY_ANCHOR2_CORE5_SETTING_HEADER]
run_phase=P23_SH_C09_MSASREC_ML1M_SAS_STAGEH_REC1_S1 run_id=SH_MOVIELENS1M_SASREC_ML1M_SAS_STAGEH_REC1_S1 phase_id=P23 axis_id=SH model=SASRec candidate_id=ML1M_SAS_STAGEH_REC1 seed=1
dataset=movielens1m gpu=3 order=0 candidate_source=manual source_stage=stageh_manual_bank transfer_from_dataset=movielens1m
max_evals=5 tune_epochs=34 tune_patience=5
seed=230134

[COMMAND]
- /venv/FMoE/bin/python hyperopt_tune.py --config-name tune_ml --max-evals 5 --tune-epochs 34 --tune-patience 5 --seed 230134 --run-group baseline --run-axis StageH_TargetedRecovery_anchor2_core5 --run-phase P23_SH_C09_MSASREC_ML1M_SAS_STAGEH_REC1_S1 model=sasrec dataset=movielens1m eval_mode=session_fixed feature_mode=full_v3 gpu_id=3 log_wandb=false show_progress=false ++special_logging=true ++seed=230134 ++search={learning_rate:[0.00042,0.001344]} ++search_space_type_overrides={learning_rate:"loguniform"} ++weight_decay=0.0001 ++search.weight_decay=[0.0001] ++search_space_type_overrides.weight_decay=choice ++search.n_layers=[3] ++search_space_type_overrides.n_layers=choice ++search.num_layers=[3] ++search_space_type_overrides.num_layers=choice ++search.n_heads=[4] ++search_space_type_overrides.n_heads=choice ++search.num_heads=[4] ++search_space_type_overrides.num_heads=choice ++search.dropout_ratio=[0.12] ++search_space_type_overrides.dropout_ratio=choice ++search.dropout_prob=[0.12] ++search_space_type_overrides.dropout_prob=choice ++search.hidden_dropout_prob=[0.12] ++search_space_type_overrides.hidden_dropout_prob=choice ++search.attn_dropout_prob=[0.12] ++search_space_type_overrides.attn_dropout_prob=choice ++search.hidden_size=[160] ++search_space_type_overrides.hidden_size=choice ++search.embedding_size=[160] ++search_space_type_overrides.embedding_size=choice ++search.inner_size=[320] ++search_space_type_overrides.inner_size=choice ++search.time_span=[384] ++search_space_type_overrides.time_span=choice ++search.num_experts=[6] ++search_space_type_overrides.num_experts=choice ++search.state_size=[24] ++search_space_type_overrides.state_size=choice ++search.conv_kernel=[6] ++search_space_type_overrides.conv_kernel=choice ++search.remaining_ratio=[0.6] ++search_space_type_overrides.remaining_ratio=choice ++search.MAX_ITEM_LIST_LENGTH=[10] ++search_space_type_overrides.MAX_ITEM_LIST_LENGTH=choice ++dropout_ratio=0.12 ++train_batch_size=4812 ++eval_batch_size=5775 ++hidden_size=160 ++embedding_size=160 ++MAX_ITEM_LIST_LENGTH=10 ++n_layers=3 ++num_layers=3 ++n_heads=4 ++num_heads=4 ++inner_size=320
/venv/FMoE/lib/python3.10/site-packages/ray/_private/parameter.py:4: UserWarning: pkg_resources is deprecated as an API. See https://setuptools.pypa.io/en/latest/pkg_resources.html. The pkg_resources package is slated for removal as early as 2025-11-30. Refrain from using this package or pin to Setuptools<81.
  import pkg_resources
[RUN_STATUS] START pid=44892 ts=2026-04-12T02:55:11

=================================================================
  Hyperopt TPE  |  SASRec x movielens1m
  max_evals=5  epochs=34  patience=5  wandb=off
  batch_size(train/valid/test)=4812/5775/5775
  track=baseline  axis=stageh_targetedrecovery_anchor2_core5  phase=P23_SH_C09_MSASREC_ML1M_SAS_STAGEH_REC1_S1
=================================================================
Changed knobs: learning_rate
Tuned params(len>1): 1  (~1 discrete combos)
Tuned groups: 1
  [optimization]
    learning_rate                   [0.00042, 0.001344]                       -> loguniform
Fixed params(singleton/non-list): 18
Fixed groups: 18
  [optimization]
    hidden_dropout_prob             0.12                                    
    weight_decay                    0.0001                                  
  [model_core]
    attn_dropout_prob               0.12                                    
    dropout_prob                    0.12                                    
    dropout_ratio                   0.12                                    
    embedding_size                  160                                     
    hidden_size                     160                                     
    inner_size                      320                                     
    num_heads                       4                                       
    num_layers                      3                                       
  [other]
    MAX_ITEM_LIST_LENGTH            10                                      
    conv_kernel                     6                                       
    n_heads                         4                                       
    n_layers                        3                                       
    num_experts                     6                                       
    remaining_ratio                 0.6                                     
    state_size                      24                                      
    time_span                       384                                     

[Wandb] disabled for this hyperopt run

[1/5] learning_rate=0.001131
  -> MRR@20=0.071200  best=0.071200  (early_stop@17, trial=2.0min, avg=2.2min/trial, total=2.2min, ETA=8.7min)
[TRIAL_METRICS] cur_best_mrr20=0.071200 cur_best_hr10=0.179600 cur_test_mrr20=0.069400 cur_test_hr10=0.190100 run_best_mrr20=0.071200 run_best_hr10=0.179600 run_test_mrr20=0.069400 run_test_hr10=0.190100

[2/5] learning_rate=0.001343
  -> MRR@20=0.071600  best=0.071600  (early_stop@17, trial=2.0min, avg=2.1min/trial, total=4.2min, ETA=6.2min)
[TRIAL_METRICS] cur_best_mrr20=0.071600 cur_best_hr10=0.181400 cur_test_mrr20=0.066600 cur_test_hr10=0.185500 run_best_mrr20=0.071600 run_best_hr10=0.181400 run_test_mrr20=0.066600 run_test_hr10=0.185500

[3/5] learning_rate=0.0008275
  -> MRR@20=0.070400  best=0.071600  (early_stop@18, trial=2.1min, avg=2.1min/trial, total=6.3min, ETA=4.2min)
[TRIAL_METRICS] cur_best_mrr20=0.070400 cur_best_hr10=0.180500 cur_test_mrr20=0.068000 cur_test_hr10=0.178100 run_best_mrr20=0.071600 run_best_hr10=0.181400 run_test_mrr20=0.066600 run_test_hr10=0.185500

[4/5] learning_rate=0.000615
  -> MRR@20=0.070600  best=0.071600  (early_stop@21, trial=2.6min, avg=2.2min/trial, total=8.8min, ETA=2.2min)
[TRIAL_METRICS] cur_best_mrr20=0.070600 cur_best_hr10=0.180500 cur_test_mrr20=0.065200 cur_test_hr10=0.176300 run_best_mrr20=0.071600 run_best_hr10=0.181400 run_test_mrr20=0.066600 run_test_hr10=0.185500

[5/5] learning_rate=0.0005748
  -> MRR@20=0.072500  best=0.072500  (early_stop@29, trial=3.4min, avg=2.5min/trial, total=12.3min, ETA=0s)
[TRIAL_METRICS] cur_best_mrr20=0.072500 cur_best_hr10=0.180100 cur_test_mrr20=0.068800 cur_test_hr10=0.183700 run_best_mrr20=0.072500 run_best_hr10=0.180100 run_test_mrr20=0.068800 run_test_hr10=0.183700

=================================================================
  DONE  |  SASRec x movielens1m
  Best MRR@20 = 0.072500  |  5/5 trials OK
  Best HR@10  = 0.180100
  Test MRR@20 = 0.068800  (best-valid checkpoint)
  Test HR@10  = 0.183700  (best-valid checkpoint)
[RUN_METRICS] best_valid_mrr20=0.072500 best_valid_hr10=0.180100 test_mrr20=0.068800 test_hr10=0.183700
  Total time: 12.3 min
  Best params:
    learning_rate: 0.000574824
  Results -> /workspace/FeaturedMoE/experiments/run/artifacts/results/baseline/movielens1m_SASRec_p23_sh_c09_msasrec_ml1m_sas_stageh_rec1_s1_20260412_025511_724310_pid44892.json
  Normal mirror -> /workspace/FeaturedMoE/experiments/run/artifacts/results/baseline/normal/stageh_targetedrecovery_anchor2_core5/P23/movielens1m/SASRec/movielens1m_SASRec_p23_sh_c09_msasrec_ml1m_sas_stageh_rec1_s1_20260412_025511_724310_pid44892.json
  Special result -> /workspace/FeaturedMoE/experiments/run/artifacts/results/baseline/special/stageh_targetedrecovery_anchor2_core5/P23/movielens1m/SASRec/movielens1m_SASRec_p23_sh_c09_msasrec_ml1m_sas_stageh_rec1_s1_20260412_025511_724310_pid44892_special_metrics.json
  Special log -> /workspace/FeaturedMoE/experiments/run/artifacts/logs/baseline/special/stageh_targetedrecovery_anchor2_core5/P23/movielens1m/SASRec/movielens1m_SASRec_p23_sh_c09_msasrec_ml1m_sas_stageh_rec1_s1_20260412_025511_724310_pid44892_special_metrics.json
=================================================================

[RUN_STATUS] END status=normal pid=44892 start=2026-04-12T02:55:11 end=2026-04-12T03:07:27
