[STAGEG_CROSS6X9_ANCHOR2_CORE5_SETTING_HEADER]
run_phase=P22_SG_D04_M08_C01_DIFSR_XFER_LASTFM0_03_FAD_H3_R1_C1_S1 run_id=SG_MOVIELENS1M_DIFSR_XFER_LASTFM0_03_FAD_H3_R1_C1_S1 phase_id=P22 axis_id=SG model=DIFSR candidate_id=XFER_lastfm0.03_FAD_H3_R1_C1 seed=1
dataset=movielens1m gpu=5 order=0 candidate_source=final_transfer source_stage=Final_all_datasets transfer_from_dataset=lastfm0.03
max_evals=6 tune_epochs=44 tune_patience=6
seed=220042

[COMMAND]
- /venv/FMoE/bin/python hyperopt_tune.py --config-name tune_ml --max-evals 6 --tune-epochs 44 --tune-patience 6 --seed 220042 --run-group baseline --run-axis StageG_Cross6x9_anchor2_core5 --run-phase P22_SG_D04_M08_C01_DIFSR_XFER_LASTFM0_03_FAD_H3_R1_C1_S1 model=difsr dataset=movielens1m eval_mode=session_fixed feature_mode=full_v3 gpu_id=5 log_wandb=false show_progress=false ++special_logging=true ++seed=220042 ++search={learning_rate:[0.00037595079935723877,0.0004889971860185481]} ++search_space_type_overrides={learning_rate:"loguniform"} ++weight_decay=0.0002 ++search.weight_decay=[0.0002] ++search_space_type_overrides.weight_decay=choice ++search.n_layers=[3] ++search_space_type_overrides.n_layers=choice ++search.num_layers=[3] ++search_space_type_overrides.num_layers=choice ++search.n_heads=[4] ++search_space_type_overrides.n_heads=choice ++search.num_heads=[4] ++search_space_type_overrides.num_heads=choice ++search.dropout_ratio=[0.15] ++search_space_type_overrides.dropout_ratio=choice ++search.dropout_prob=[0.15] ++search_space_type_overrides.dropout_prob=choice ++search.hidden_dropout_prob=[0.15] ++search_space_type_overrides.hidden_dropout_prob=choice ++search.attn_dropout_prob=[0.15] ++search_space_type_overrides.attn_dropout_prob=choice ++search.hidden_size=[160] ++search_space_type_overrides.hidden_size=choice ++search.embedding_size=[160] ++search_space_type_overrides.embedding_size=choice ++search.inner_size=[320] ++search_space_type_overrides.inner_size=choice ++search.time_span=[512] ++search_space_type_overrides.time_span=choice ++search.num_experts=[8] ++search_space_type_overrides.num_experts=choice ++search.state_size=[32] ++search_space_type_overrides.state_size=choice ++search.conv_kernel=[8] ++search_space_type_overrides.conv_kernel=choice ++search.remaining_ratio=[0.7] ++search_space_type_overrides.remaining_ratio=choice ++search.MAX_ITEM_LIST_LENGTH=[25] ++search_space_type_overrides.MAX_ITEM_LIST_LENGTH=choice ++dropout_ratio=0.15 ++fusion_type=gate ++use_attribute_predictor=true ++lambda_attr=0.1 ++train_batch_size=1740 ++eval_batch_size=2611 ++hidden_size=160 ++embedding_size=160 ++MAX_ITEM_LIST_LENGTH=25 ++num_layers=3 ++n_layers=3 ++num_heads=4 ++n_heads=4 ++inner_size=320 ++attribute_hidden_size=160
/venv/FMoE/lib/python3.10/site-packages/ray/_private/parameter.py:4: UserWarning: pkg_resources is deprecated as an API. See https://setuptools.pypa.io/en/latest/pkg_resources.html. The pkg_resources package is slated for removal as early as 2025-11-30. Refrain from using this package or pin to Setuptools<81.
  import pkg_resources
[RUN_STATUS] START pid=344632 ts=2026-04-08T01:17:50

=================================================================
  Hyperopt TPE  |  DIFSR x movielens1m
  max_evals=6  epochs=44  patience=6  wandb=off
  batch_size(train/valid/test)=1740/2611/2611
  track=baseline  axis=stageg_cross6x9_anchor2_core5  phase=P22_SG_D04_M08_C01_DIFSR_XFER_LASTFM0_03_FAD_H3_R1_C1_S1
=================================================================
Changed knobs: fusion_type, learning_rate
Tuned params(len>1): 2  (~2 discrete combos)
Tuned groups: 2
  [optimization]
    learning_rate                   [0.00037595079935723877, 0.0004889971860185481]  -> loguniform
  [other]
    fusion_type                     ['sum', 'gate']                           -> choice
Fixed params(singleton/non-list): 18
Fixed groups: 18
  [optimization]
    hidden_dropout_prob             0.15                                    
    weight_decay                    0.0002                                  
  [model_core]
    attn_dropout_prob               0.15                                    
    dropout_prob                    0.15                                    
    dropout_ratio                   0.15                                    
    embedding_size                  160                                     
    hidden_size                     160                                     
    inner_size                      320                                     
    num_heads                       4                                       
    num_layers                      3                                       
  [other]
    MAX_ITEM_LIST_LENGTH            25                                      
    conv_kernel                     8                                       
    n_heads                         4                                       
    n_layers                        3                                       
    num_experts                     8                                       
    remaining_ratio                 0.7                                     
    state_size                      32                                      
    time_span                       512                                     

[Wandb] disabled for this hyperopt run

[1/6] fusion_type=sum, learning_rate=0.0004641
  -> MRR@20=0.071800  best=0.071800  (full@44, trial=6.4min, avg=6.7min/trial, total=6.7min, ETA=33.5min)
[TRIAL_METRICS] cur_best_mrr20=0.071800 cur_best_hr10=0.169400 cur_test_mrr20=0.072200 cur_test_hr10=0.176300 run_best_mrr20=0.071800 run_best_hr10=0.169400 run_test_mrr20=0.072200 run_test_hr10=0.176300

[2/6] fusion_type=sum, learning_rate=0.0004077
  -> MRR@20=0.069000  best=0.071800  (full@44, trial=6.4min, avg=6.6min/trial, total=13.1min, ETA=26.2min)
[TRIAL_METRICS] cur_best_mrr20=0.069000 cur_best_hr10=0.157900 cur_test_mrr20=0.065500 cur_test_hr10=0.162400 run_best_mrr20=0.071800 run_best_hr10=0.169400 run_test_mrr20=0.072200 run_test_hr10=0.176300

[3/6] fusion_type=gate, learning_rate=0.0004145
  -> MRR@20=0.070000  best=0.071800  (full@44, trial=7.2min, avg=6.8min/trial, total=20.3min, ETA=20.3min)
[TRIAL_METRICS] cur_best_mrr20=0.070000 cur_best_hr10=0.173600 cur_test_mrr20=0.066600 cur_test_hr10=0.159200 run_best_mrr20=0.071800 run_best_hr10=0.169400 run_test_mrr20=0.072200 run_test_hr10=0.176300

[4/6] fusion_type=gate, learning_rate=0.0004687
  -> MRR@20=0.071700  best=0.071800  (full@44, trial=7.3min, avg=6.9min/trial, total=27.6min, ETA=13.8min)
[TRIAL_METRICS] cur_best_mrr20=0.071700 cur_best_hr10=0.166700 cur_test_mrr20=0.069900 cur_test_hr10=0.170700 run_best_mrr20=0.071800 run_best_hr10=0.169400 run_test_mrr20=0.072200 run_test_hr10=0.176300

[5/6] fusion_type=gate, learning_rate=0.0004093
  -> MRR@20=0.067900  best=0.071800  (full@44, trial=7.1min, avg=6.9min/trial, total=34.7min, ETA=6.9min)
[TRIAL_METRICS] cur_best_mrr20=0.067900 cur_best_hr10=0.169000 cur_test_mrr20=0.064300 cur_test_hr10=0.161100 run_best_mrr20=0.071800 run_best_hr10=0.169400 run_test_mrr20=0.072200 run_test_hr10=0.176300

[6/6] fusion_type=gate, learning_rate=0.0003839
  -> MRR@20=0.067400  best=0.071800  (full@44, trial=7.1min, avg=7.0min/trial, total=41.8min, ETA=0s)
[TRIAL_METRICS] cur_best_mrr20=0.067400 cur_best_hr10=0.166200 cur_test_mrr20=0.063600 cur_test_hr10=0.156000 run_best_mrr20=0.071800 run_best_hr10=0.169400 run_test_mrr20=0.072200 run_test_hr10=0.176300

=================================================================
  DONE  |  DIFSR x movielens1m
  Best MRR@20 = 0.071800  |  6/6 trials OK
  Best HR@10  = 0.169400
  Test MRR@20 = 0.072200  (best-valid checkpoint)
  Test HR@10  = 0.176300  (best-valid checkpoint)
[RUN_METRICS] best_valid_mrr20=0.071800 best_valid_hr10=0.169400 test_mrr20=0.072200 test_hr10=0.176300
  Total time: 41.8 min
  Best params:
    fusion_type: sum
    learning_rate: 0.000464078
  Results -> /workspace/jy1559/FMoE/experiments/run/artifacts/results/baseline/movielens1m_DIFSR_p22_sg_d04_m08_c01_difsr_xfer_lastfm0_03_fad_h3_r1_c1_s1_20260408_011751_236455_pid344632.json
  Normal mirror -> /workspace/jy1559/FMoE/experiments/run/artifacts/results/baseline/normal/stageg_cross6x9_anchor2_core5/P22/movielens1m/DIFSR/movielens1m_DIFSR_p22_sg_d04_m08_c01_difsr_xfer_lastfm0_03_fad_h3_r1_c1_s1_20260408_011751_236455_pid344632.json
  Special result -> /workspace/jy1559/FMoE/experiments/run/artifacts/results/baseline/special/stageg_cross6x9_anchor2_core5/P22/movielens1m/DIFSR/movielens1m_DIFSR_p22_sg_d04_m08_c01_difsr_xfer_lastfm0_03_fad_h3_r1_c1_s1_20260408_011751_236455_pid344632_special_metrics.json
  Special log -> /workspace/jy1559/FMoE/experiments/run/artifacts/logs/baseline/special/stageg_cross6x9_anchor2_core5/P22/movielens1m/DIFSR/movielens1m_DIFSR_p22_sg_d04_m08_c01_difsr_xfer_lastfm0_03_fad_h3_r1_c1_s1_20260408_011751_236455_pid344632_special_metrics.json
=================================================================

[RUN_STATUS] END status=normal pid=344632 start=2026-04-08T01:17:50 end=2026-04-08T01:59:41
