[STAGEI_PROGRESSIVE_RECOVERY_ANCHOR2_CORE5_SETTING_HEADER]
run_phase=P24_S3_I1S3_D02_MGRU4REC_C24_I1S3_GRU4REC_HIGH_CAPACITY_CONTROL_CTRL_S1 run_id=I1S3_AMAZON_BEAUTY_GRU4REC_I1S3_GRU4REC_HIGH_CAPACITY_CONTROL_CTRL_S1 phase_id=P24 axis_id=SI step_name=step3 pass_name=pass1 model=GRU4Rec candidate_id=I1S3_GRU4REC_HIGH_CAPACITY_CONTROL_CTRL seed=1
dataset=amazon_beauty gpu=4 candidate_source=root_cause_hypothesis source_stage=step3_hypothesis_bank anchor_run_id=SH_AMAZON_BEAUTY_GRU4REC_AB_GRU_STAGEH_REC1_S1 hypothesis_family=high_capacity_control root_cause_tag=gru_control_family batch_profile=step3:pass1:bs3712/4608
max_evals=10 tune_epochs=100 tune_patience=5
seed=240047

[COMMAND]
- /venv/FMoE/bin/python hyperopt_tune.py --config-name tune_ab --max-evals 10 --tune-epochs 100 --tune-patience 5 --seed 240047 --run-group baseline --run-axis StageI_ProgressiveRecovery_anchor2_core5 --run-phase P24_S3_I1S3_D02_MGRU4REC_C24_I1S3_GRU4REC_HIGH_CAPACITY_CONTROL_CTRL_S1 model=gru4rec dataset=amazon_beauty eval_mode=session_fixed feature_mode=full_v3 gpu_id=4 log_wandb=false show_progress=false ++special_logging=true ++seed=240047 ++search={learning_rate:[0.004475213355816995,0.00788415027419296],hidden_size:[160,224,320],embedding_size:[160,224,320],num_layers:[1,2],n_layers:[1,2],MAX_ITEM_LIST_LENGTH:[10,16,24],dropout_prob:[0.05,0.1,0.2],weight_decay:[0.0,1e-05],n_heads:[4],num_heads:[4],dropout_ratio:[0.1],hidden_dropout_prob:[0.1],attn_dropout_prob:[0.1],inner_size:[528],time_span:[384],num_experts:[6],bsarec_c:[3],fame_moe_last_k_layers:[1],state_size:[24],conv_kernel:[6],remaining_ratio:[0.6]} ++search_space_type_overrides={learning_rate:"loguniform",hidden_size:"choice",embedding_size:"choice",num_layers:"choice",n_layers:"choice",MAX_ITEM_LIST_LENGTH:"choice",dropout_prob:"choice",weight_decay:"choice",n_heads:"choice",num_heads:"choice",dropout_ratio:"choice",hidden_dropout_prob:"choice",attn_dropout_prob:"choice",inner_size:"choice",time_span:"choice",num_experts:"choice",bsarec_c:"choice",fame_moe_last_k_layers:"choice",state_size:"choice",conv_kernel:"choice",remaining_ratio:"choice"} ++weight_decay=1e-05 ++dropout_prob=0.1 ++train_batch_size=3712 ++eval_batch_size=4608
/venv/FMoE/lib/python3.10/site-packages/ray/_private/parameter.py:4: UserWarning: pkg_resources is deprecated as an API. See https://setuptools.pypa.io/en/latest/pkg_resources.html. The pkg_resources package is slated for removal as early as 2025-11-30. Refrain from using this package or pin to Setuptools<81.
  import pkg_resources
[RUN_STATUS] START pid=551325 ts=2026-04-13T07:31:34

=================================================================
  Hyperopt TPE  |  GRU4Rec x amazon_beauty
  max_evals=10  epochs=100  patience=5  wandb=off
  batch_size(train/valid/test)=3712/4608/4608
  track=baseline  axis=stagei_progressiverecovery_anchor2_core5  phase=P24_S3_I1S3_D02_MGRU4REC_C24_I1S3_GRU4REC_HIGH_CAPACITY_CONTROL_CTRL_S1
=================================================================
Changed knobs: MAX_ITEM_LIST_LENGTH, dropout_prob, embedding_size, hidden_size, learning_rate, n_layers, num_layers, weight_decay
Tuned params(len>1): 8  (~648 discrete combos)
Tuned groups: 8
  [optimization]
    learning_rate                   [0.004475213355816995, 0.00788415027419296]  -> loguniform
    weight_decay                    [0.0, 1e-05]                              -> choice
  [model_core]
    dropout_prob                    [0.05, 0.1, 0.2]                          -> choice
    embedding_size                  [160, 224, 320]                           -> choice
    hidden_size                     [160, 224, 320]                           -> choice
    num_layers                      [1, 2]                                    -> choice
  [other]
    MAX_ITEM_LIST_LENGTH            [10, 16, 24]                              -> choice
    n_layers                        [1, 2]                                    -> choice
Fixed params(singleton/non-list): 13
Fixed groups: 13
  [optimization]
    hidden_dropout_prob             0.1                                     
  [model_core]
    attn_dropout_prob               0.1                                     
    dropout_ratio                   0.1                                     
    inner_size                      528                                     
    num_heads                       4                                       
  [other]
    bsarec_c                        3                                       
    conv_kernel                     6                                       
    fame_moe_last_k_layers          1                                       
    n_heads                         4                                       
    num_experts                     6                                       
    remaining_ratio                 0.6                                     
    state_size                      24                                      
    time_span                       384                                     

[Wandb] disabled for this hyperopt run

[1/10] MAX_ITEM_LIST_LENGTH=10, dropout_prob=0.1, embedding_size=160, hidden_size=224, learning_rate=0.006586, n_layers=2, num_layers=2, weight_decay=1e-05
  -> MRR@20=0.008800  best=0.008800  (early_stop@8, trial=1s, avg=3s/trial, total=3s, ETA=29s)
[TRIAL_METRICS] cur_best_mrr20=0.008800 cur_best_hr10=0.008800 cur_test_mrr20=0.000600 cur_test_hr10=0.000000 run_best_mrr20=0.008800 run_best_hr10=0.008800 run_test_mrr20=0.000600 run_test_hr10=0.000000

[2/10] MAX_ITEM_LIST_LENGTH=24, dropout_prob=0.2, embedding_size=224, hidden_size=320, learning_rate=0.007092, n_layers=1, num_layers=2, weight_decay=0
  -> MRR@20=0.002200  best=0.008800  (early_stop@10, trial=2s, avg=3s/trial, total=5s, ETA=21s)
[TRIAL_METRICS] cur_best_mrr20=0.002200 cur_best_hr10=0.008800 cur_test_mrr20=0.000500 cur_test_hr10=0.000000 run_best_mrr20=0.008800 run_best_hr10=0.008800 run_test_mrr20=0.000600 run_test_hr10=0.000000

[3/10] MAX_ITEM_LIST_LENGTH=10, dropout_prob=0.1, embedding_size=160, hidden_size=224, learning_rate=0.006529, n_layers=1, num_layers=2, weight_decay=1e-05
  -> MRR@20=0.008800  best=0.008800  (early_stop@9, trial=1s, avg=2s/trial, total=7s, ETA=16s)
[TRIAL_METRICS] cur_best_mrr20=0.008800 cur_best_hr10=0.008800 cur_test_mrr20=0.000000 cur_test_hr10=0.000000 run_best_mrr20=0.008800 run_best_hr10=0.008800 run_test_mrr20=0.000000 run_test_hr10=0.000000

[4/10] MAX_ITEM_LIST_LENGTH=24, dropout_prob=0.05, embedding_size=160, hidden_size=224, learning_rate=0.006702, n_layers=1, num_layers=2, weight_decay=1e-05
  -> MRR@20=0.002700  best=0.008800  (early_stop@8, trial=1s, avg=2s/trial, total=8s, ETA=12s)
[TRIAL_METRICS] cur_best_mrr20=0.002700 cur_best_hr10=0.008800 cur_test_mrr20=0.000700 cur_test_hr10=0.000000 run_best_mrr20=0.008800 run_best_hr10=0.008800 run_test_mrr20=0.000600 run_test_hr10=0.000000

[5/10] MAX_ITEM_LIST_LENGTH=10, dropout_prob=0.05, embedding_size=320, hidden_size=160, learning_rate=0.007583, n_layers=1, num_layers=2, weight_decay=0
  -> MRR@20=0.005500  best=0.008800  (early_stop@7, trial=1s, avg=2s/trial, total=9s, ETA=9s)
[TRIAL_METRICS] cur_best_mrr20=0.005500 cur_best_hr10=0.008800 cur_test_mrr20=0.005100 cur_test_hr10=0.008800 run_best_mrr20=0.008800 run_best_hr10=0.008800 run_test_mrr20=0.000600 run_test_hr10=0.000000

[6/10] MAX_ITEM_LIST_LENGTH=16, dropout_prob=0.1, embedding_size=160, hidden_size=320, learning_rate=0.007019, n_layers=1, num_layers=2, weight_decay=0
  -> MRR@20=0.005400  best=0.008800  (early_stop@13, trial=1s, avg=2s/trial, total=11s, ETA=7s)
[TRIAL_METRICS] cur_best_mrr20=0.005400 cur_best_hr10=0.017700 cur_test_mrr20=0.000500 cur_test_hr10=0.000000 run_best_mrr20=0.008800 run_best_hr10=0.008800 run_test_mrr20=0.000600 run_test_hr10=0.000000

[7/10] MAX_ITEM_LIST_LENGTH=10, dropout_prob=0.2, embedding_size=224, hidden_size=320, learning_rate=0.004704, n_layers=2, num_layers=1, weight_decay=0
  -> MRR@20=0.004900  best=0.008800  (early_stop@8, trial=1s, avg=2s/trial, total=12s, ETA=5s)
[TRIAL_METRICS] cur_best_mrr20=0.004900 cur_best_hr10=0.008800 cur_test_mrr20=0.004000 cur_test_hr10=0.008800 run_best_mrr20=0.008800 run_best_hr10=0.008800 run_test_mrr20=0.000600 run_test_hr10=0.000000

[8/10] MAX_ITEM_LIST_LENGTH=24, dropout_prob=0.05, embedding_size=320, hidden_size=224, learning_rate=0.006729, n_layers=2, num_layers=1, weight_decay=1e-05
  -> MRR@20=0.001700  best=0.008800  (early_stop@7, trial=1s, avg=2s/trial, total=14s, ETA=3s)
[TRIAL_METRICS] cur_best_mrr20=0.001700 cur_best_hr10=0.008800 cur_test_mrr20=0.009600 cur_test_hr10=0.008800 run_best_mrr20=0.008800 run_best_hr10=0.008800 run_test_mrr20=0.000600 run_test_hr10=0.000000

[9/10] MAX_ITEM_LIST_LENGTH=16, dropout_prob=0.2, embedding_size=160, hidden_size=320, learning_rate=0.004548, n_layers=1, num_layers=2, weight_decay=1e-05
  -> MRR@20=0.002200  best=0.008800  (early_stop@17, trial=2s, avg=2s/trial, total=15s, ETA=2s)
[TRIAL_METRICS] cur_best_mrr20=0.002200 cur_best_hr10=0.008800 cur_test_mrr20=0.000000 cur_test_hr10=0.000000 run_best_mrr20=0.008800 run_best_hr10=0.008800 run_test_mrr20=0.000600 run_test_hr10=0.000000

[10/10] MAX_ITEM_LIST_LENGTH=24, dropout_prob=0.1, embedding_size=320, hidden_size=160, learning_rate=0.007063, n_layers=1, num_layers=2, weight_decay=1e-05
  -> MRR@20=0.002900  best=0.008800  (early_stop@12, trial=1s, avg=2s/trial, total=17s, ETA=0s)
[TRIAL_METRICS] cur_best_mrr20=0.002900 cur_best_hr10=0.008800 cur_test_mrr20=0.000000 cur_test_hr10=0.000000 run_best_mrr20=0.008800 run_best_hr10=0.008800 run_test_mrr20=0.000600 run_test_hr10=0.000000

=================================================================
  DONE  |  GRU4Rec x amazon_beauty
  Best MRR@20 = 0.008800  |  10/10 trials OK
  Best HR@10  = 0.008800
  Test MRR@20 = 0.000600  (best-valid checkpoint)
  Test HR@10  = 0.000000  (best-valid checkpoint)
[RUN_METRICS] best_valid_mrr20=0.008800 best_valid_hr10=0.008800 test_mrr20=0.000600 test_hr10=0.000000
  Total time: 0.3 min
  Best params:
    MAX_ITEM_LIST_LENGTH: 10
    dropout_prob: 0.1
    embedding_size: 160
    hidden_size: 224
    learning_rate: 0.0065864
    n_layers: 2
    num_layers: 2
    weight_decay: 1e-05
  Results -> /workspace/FeaturedMoE/experiments/run/artifacts/results/baseline/amazon_beauty_GRU4Rec_p24_s3_i1s3_d02_mgru4rec_c24_i1s3_gru4rec_high_capacity_control_ctrl_s1_20260413_073134_451288_pid551325.json
  Normal mirror -> /workspace/FeaturedMoE/experiments/run/artifacts/results/baseline/normal/stagei_progressiverecovery_anchor2_core5/P24/amazon_beauty/GRU4Rec/amazon_beauty_GRU4Rec_p24_s3_i1s3_d02_mgru4rec_c24_i1s3_gru4rec_high_capacity_control_ctrl_s1_20260413_073134_451288_pid551325.json
  Special result -> /workspace/FeaturedMoE/experiments/run/artifacts/results/baseline/special/stagei_progressiverecovery_anchor2_core5/P24/amazon_beauty/GRU4Rec/amazon_beauty_GRU4Rec_p24_s3_i1s3_d02_mgru4rec_c24_i1s3_gru4rec_high_capacity_control_ctrl_s1_20260413_073134_451288_pid551325_special_metrics.json
  Special log -> /workspace/FeaturedMoE/experiments/run/artifacts/logs/baseline/special/stagei_progressiverecovery_anchor2_core5/P24/amazon_beauty/GRU4Rec/amazon_beauty_GRU4Rec_p24_s3_i1s3_d02_mgru4rec_c24_i1s3_gru4rec_high_capacity_control_ctrl_s1_20260413_073134_451288_pid551325_special_metrics.json
=================================================================

[RUN_STATUS] END status=normal pid=551325 start=2026-04-13T07:31:34 end=2026-04-13T07:31:51
