# job_id=S1_FOURSQUARE_DUOREC dataset=foursquare model=duorec stage=stage1
# cmd=/venv/FMoE/bin/python hyperopt_tune.py --config-name tune_fs --search-algo tpe --max-evals 36 --tune-epochs 35 --tune-patience 4 --seed 610007 --run-group final_experiment --run-axis stage1_broad_search --run-phase S1_FOURSQUARE_DUOREC model=duorec dataset=foursquare eval_mode=session_fixed feature_mode=full_v4 ++eval_sampling.mode=full ++eval_sampling.auto_full_threshold=999999999 ++special_logging=true ++exclude_unseen_target_from_main_eval=true ++log_unseen_target_metrics=true gpu_id=2 log_wandb=false show_progress=false ++seed=610007 --max-run-hours 2 --oom-retry-limit 2 ++search.learning_rate=[0.00020564,0.00029082,0.00041128,0.00058163,0.00082255] ++search_space_type_overrides.learning_rate=choice ++search.weight_decay=[0.0001,0.0,0.00015,"5e-05"] ++search_space_type_overrides.weight_decay=choice ++search.MAX_ITEM_LIST_LENGTH=[10,20,30] ++search_space_type_overrides.MAX_ITEM_LIST_LENGTH=choice ++search.hidden_size=[96,112,128,160] ++search_space_type_overrides.hidden_size=choice ++search.embedding_size=[96,112,128,160] ++search_space_type_overrides.embedding_size=choice ++search.n_layers=[1,2,3] ++search_space_type_overrides.n_layers=choice ++search.n_heads=[1,2,4] ++search_space_type_overrides.n_heads=choice ++search.hidden_dropout_prob=[0.05,0.1,0.12,0.15] ++search_space_type_overrides.hidden_dropout_prob=choice ++search.attn_dropout_prob=[0.08,0.1,0.12,0.15] ++search_space_type_overrides.attn_dropout_prob=choice ++search.tau=[0.16,0.18,0.2,0.22] ++search_space_type_overrides.tau=choice ++search.lmd=[0.0,0.02,0.03,0.04] ++search_space_type_overrides.lmd=choice ++search.lmd_sem=[0.0,0.02,0.05,0.08] ++search_space_type_overrides.lmd_sem=choice ++search.inner_size=[256] ++search_space_type_overrides.inner_size=choice ++search.dropout_ratio=[0.12] ++search_space_type_overrides.dropout_ratio=choice

/venv/FMoE/lib/python3.10/site-packages/ray/_private/parameter.py:4: UserWarning: pkg_resources is deprecated as an API. See https://setuptools.pypa.io/en/latest/pkg_resources.html. The pkg_resources package is slated for removal as early as 2025-11-30. Refrain from using this package or pin to Setuptools<81.
  import pkg_resources
[RUN_STATUS] START pid=544113 ts=2026-04-18T02:26:23
[UniqueChoice] disabled: finite choice-only space has 8847360 combos, exceeding enumeration cap 200000

=================================================================
  Hyperopt  |  DuoRec x foursquare
  max_evals=36  epochs=35  patience=4  wandb=off
  search_algo=tpe
  max_run_hours=2.000  (stop launching new trials after current trial)
  oom_retry_limit=2  (halve train/eval batch size on OOM)
  batch_size(train/valid/test)=4096/4096/4096
  track=final_experiment  axis=stage1_broad_search  phase=S1_FOURSQUARE_DUOREC
=================================================================
Changed knobs: MAX_ITEM_LIST_LENGTH, attn_dropout_prob, embedding_size, hidden_dropout_prob, hidden_size, learning_rate, lmd, lmd_sem, n_heads, n_layers, tau, weight_decay
Tuned params(len>1): 12  (~8847360 discrete combos)
Tuned groups: 12
  [optimization]
    hidden_dropout_prob             [0.05, 0.1, 0.12, 0.15]                   -> choice
    learning_rate                   [0.00020564, 0.00029082, 0.00041128, 0.00058163, 0.00082255]  -> choice
    weight_decay                    [0.0001, 0.0, 0.00015, '5e-05']           -> choice
  [model_core]
    attn_dropout_prob               [0.08, 0.1, 0.12, 0.15]                   -> choice
    embedding_size                  [96, 112, 128, 160]                       -> choice
    hidden_size                     [96, 112, 128, 160]                       -> choice
  [other]
    MAX_ITEM_LIST_LENGTH            [10, 20, 30]                              -> choice
    lmd                             [0.0, 0.02, 0.03, 0.04]                   -> choice
    lmd_sem                         [0.0, 0.02, 0.05, 0.08]                   -> choice
    n_heads                         [1, 2, 4]                                 -> choice
    n_layers                        [1, 2, 3]                                 -> choice
    tau                             [0.16, 0.18, 0.2, 0.22]                   -> choice
Fixed params(singleton/non-list): 2
Fixed groups: 2
  [model_core]
    dropout_ratio                   0.12                                    
    inner_size                      256                                     

[Wandb] disabled for this hyperopt run

[1/36] MAX_ITEM_LIST_LENGTH=30, attn_dropout_prob=0.1, embedding_size=112, hidden_dropout_prob=0.05, hidden_size=128, learning_rate=0.0004113, lmd=0.04, lmd_sem=0.08, n_heads=1, n_layers=3, tau=0.2, weight_decay=0.00015
  -> MRR@20=0.014100  best=0.014100  (early_stop@8, trial=1.1min, avg=1.1min/trial, total=1.1min, ETA=39.5min)
[TRIAL_METRICS] cur_best_mrr20=0.014100 cur_best_hr10=0.026600 cur_test_mrr20=0.014600 cur_test_hr10=0.026400 avg_epoch_time_sec=7.8545 test_eval_time_sec=0.1091 test_eval_batches_per_sec=9.1663 test_eval_targets_per_sec=32641.3184 run_best_mrr20=0.014100 run_best_hr10=0.026600 run_test_mrr20=0.014600 run_test_hr10=0.026400

[2/36] MAX_ITEM_LIST_LENGTH=30, attn_dropout_prob=0.15, embedding_size=128, hidden_dropout_prob=0.05, hidden_size=96, learning_rate=0.0008226, lmd=0.04, lmd_sem=0.02, n_heads=2, n_layers=1, tau=0.16, weight_decay=0.0001
  -> MRR@20=0.161600  best=0.161600  (full@35, trial=3.1min, avg=2.1min/trial, total=4.2min, ETA=1.20h)
[TRIAL_METRICS] cur_best_mrr20=0.161600 cur_best_hr10=0.300400 cur_test_mrr20=0.136500 cur_test_hr10=0.261800 avg_epoch_time_sec=5.2761 test_eval_time_sec=0.0895 test_eval_batches_per_sec=11.1716 test_eval_targets_per_sec=39782.2208 run_best_mrr20=0.161600 run_best_hr10=0.300400 run_test_mrr20=0.136500 run_test_hr10=0.261800

[3/36] MAX_ITEM_LIST_LENGTH=20, attn_dropout_prob=0.12, embedding_size=96, hidden_dropout_prob=0.1, hidden_size=96, learning_rate=0.0002908, lmd=0.02, lmd_sem=0.08, n_heads=1, n_layers=3, tau=0.2, weight_decay=0
  -> MRR@20=0.013900  best=0.161600  (early_stop@14, trial=1.4min, avg=1.9min/trial, total=5.6min, ETA=1.03h)
[TRIAL_METRICS] cur_best_mrr20=0.013900 cur_best_hr10=0.026600 cur_test_mrr20=0.015100 cur_test_hr10=0.031200 avg_epoch_time_sec=5.9800 test_eval_time_sec=0.0952 test_eval_batches_per_sec=10.5055 test_eval_targets_per_sec=37410.2161 run_best_mrr20=0.161600 run_best_hr10=0.300400 run_test_mrr20=0.136500 run_test_hr10=0.261800

[4/36] MAX_ITEM_LIST_LENGTH=10, attn_dropout_prob=0.15, embedding_size=96, hidden_dropout_prob=0.05, hidden_size=96, learning_rate=0.0004113, lmd=0.04, lmd_sem=0.02, n_heads=4, n_layers=2, tau=0.2, weight_decay=0
  -> MRR@20=0.098800  best=0.161600  (full@35, trial=4.6min, avg=2.6min/trial, total=10.2min, ETA=1.36h)
[TRIAL_METRICS] cur_best_mrr20=0.098800 cur_best_hr10=0.178100 cur_test_mrr20=0.080300 cur_test_hr10=0.157500 avg_epoch_time_sec=7.8144 test_eval_time_sec=0.0878 test_eval_batches_per_sec=11.3960 test_eval_targets_per_sec=40580.9955 run_best_mrr20=0.161600 run_best_hr10=0.300400 run_test_mrr20=0.136500 run_test_hr10=0.261800

[5/36] MAX_ITEM_LIST_LENGTH=20, attn_dropout_prob=0.15, embedding_size=128, hidden_dropout_prob=0.1, hidden_size=112, learning_rate=0.0008226, lmd=0.04, lmd_sem=0.08, n_heads=1, n_layers=2, tau=0.16, weight_decay=0.00015
  -> MRR@20=0.109500  best=0.161600  (full@35, trial=4.9min, avg=3.0min/trial, total=15.1min, ETA=1.56h)
[TRIAL_METRICS] cur_best_mrr20=0.109500 cur_best_hr10=0.199800 cur_test_mrr20=0.093800 cur_test_hr10=0.180300 avg_epoch_time_sec=8.3301 test_eval_time_sec=0.0935 test_eval_batches_per_sec=10.6986 test_eval_targets_per_sec=38097.5517 run_best_mrr20=0.161600 run_best_hr10=0.300400 run_test_mrr20=0.136500 run_test_hr10=0.261800

[6/36] MAX_ITEM_LIST_LENGTH=20, attn_dropout_prob=0.1, embedding_size=128, hidden_dropout_prob=0.1, hidden_size=128, learning_rate=0.0002056, lmd=0.04, lmd_sem=0.05, n_heads=4, n_layers=1, tau=0.18, weight_decay=5e-05
  -> MRR@20=0.028900  best=0.161600  (early_stop@5, trial=34s, avg=2.6min/trial, total=15.7min, ETA=1.31h)
[TRIAL_METRICS] cur_best_mrr20=0.028900 cur_best_hr10=0.028800 cur_test_mrr20=0.037500 cur_test_hr10=0.039200 avg_epoch_time_sec=6.6494 test_eval_time_sec=0.0878 test_eval_batches_per_sec=11.3855 test_eval_targets_per_sec=40543.6521 run_best_mrr20=0.161600 run_best_hr10=0.300400 run_test_mrr20=0.136500 run_test_hr10=0.261800

[7/36] MAX_ITEM_LIST_LENGTH=10, attn_dropout_prob=0.15, embedding_size=96, hidden_dropout_prob=0.12, hidden_size=112, learning_rate=0.0002908, lmd=0, lmd_sem=0.08, n_heads=1, n_layers=3, tau=0.16, weight_decay=0.0001
  -> MRR@20=0.014200  best=0.161600  (early_stop@14, trial=2.1min, avg=2.5min/trial, total=17.8min, ETA=1.23h)
[TRIAL_METRICS] cur_best_mrr20=0.014200 cur_best_hr10=0.026900 cur_test_mrr20=0.014800 cur_test_hr10=0.029600 avg_epoch_time_sec=8.9981 test_eval_time_sec=0.0856 test_eval_batches_per_sec=11.6807 test_eval_targets_per_sec=41595.0711 run_best_mrr20=0.161600 run_best_hr10=0.300400 run_test_mrr20=0.136500 run_test_hr10=0.261800

[8/36] MAX_ITEM_LIST_LENGTH=30, attn_dropout_prob=0.15, embedding_size=112, hidden_dropout_prob=0.15, hidden_size=128, learning_rate=0.0008226, lmd=0.04, lmd_sem=0, n_heads=1, n_layers=1, tau=0.2, weight_decay=0
  -> MRR@20=0.180800  best=0.180800  (early_stop@21, trial=2.5min, avg=2.5min/trial, total=20.3min, ETA=1.18h)
[TRIAL_METRICS] cur_best_mrr20=0.180800 cur_best_hr10=0.353200 cur_test_mrr20=0.154900 cur_test_hr10=0.309800 avg_epoch_time_sec=7.0192 test_eval_time_sec=0.0894 test_eval_batches_per_sec=11.1811 test_eval_targets_per_sec=39815.8388 run_best_mrr20=0.180800 run_best_hr10=0.353200 run_test_mrr20=0.154900 run_test_hr10=0.309800

[9/36] MAX_ITEM_LIST_LENGTH=30, attn_dropout_prob=0.08, embedding_size=128, hidden_dropout_prob=0.15, hidden_size=160, learning_rate=0.0002056, lmd=0.04, lmd_sem=0.02, n_heads=2, n_layers=3, tau=0.18, weight_decay=0.0001
  -> MRR@20=0.013900  best=0.180800  (early_stop@11, trial=2.4min, avg=2.5min/trial, total=22.7min, ETA=1.13h)
[TRIAL_METRICS] cur_best_mrr20=0.013900 cur_best_hr10=0.026600 cur_test_mrr20=0.015400 cur_test_hr10=0.031200 avg_epoch_time_sec=13.1128 test_eval_time_sec=0.1089 test_eval_batches_per_sec=9.1850 test_eval_targets_per_sec=32707.8668 run_best_mrr20=0.180800 run_best_hr10=0.353200 run_test_mrr20=0.154900 run_test_hr10=0.309800

[10/36] MAX_ITEM_LIST_LENGTH=30, attn_dropout_prob=0.12, embedding_size=112, hidden_dropout_prob=0.05, hidden_size=128, learning_rate=0.0002056, lmd=0.04, lmd_sem=0, n_heads=2, n_layers=3, tau=0.18, weight_decay=0.0001
  -> MRR@20=0.181300  best=0.181300  (full@35, trial=7.3min, avg=3.0min/trial, total=30.0min, ETA=1.30h)
[TRIAL_METRICS] cur_best_mrr20=0.181300 cur_best_hr10=0.339700 cur_test_mrr20=0.157500 cur_test_hr10=0.301000 avg_epoch_time_sec=12.4746 test_eval_time_sec=0.1034 test_eval_batches_per_sec=9.6753 test_eval_targets_per_sec=34453.6917 run_best_mrr20=0.181300 run_best_hr10=0.339700 run_test_mrr20=0.157500 run_test_hr10=0.301000

[11/36] MAX_ITEM_LIST_LENGTH=30, attn_dropout_prob=0.1, embedding_size=160, hidden_dropout_prob=0.12, hidden_size=112, learning_rate=0.0002908, lmd=0.04, lmd_sem=0.08, n_heads=2, n_layers=3, tau=0.18, weight_decay=5e-05
  -> MRR@20=0.013900  best=0.181300  (early_stop@13, trial=2.6min, avg=3.0min/trial, total=32.6min, ETA=1.23h)
[TRIAL_METRICS] cur_best_mrr20=0.013900 cur_best_hr10=0.026600 cur_test_mrr20=0.015200 cur_test_hr10=0.030400 avg_epoch_time_sec=11.8654 test_eval_time_sec=0.1035 test_eval_batches_per_sec=9.6576 test_eval_targets_per_sec=34390.7818 run_best_mrr20=0.181300 run_best_hr10=0.339700 run_test_mrr20=0.157500 run_test_hr10=0.301000

[12/36] MAX_ITEM_LIST_LENGTH=20, attn_dropout_prob=0.08, embedding_size=128, hidden_dropout_prob=0.1, hidden_size=128, learning_rate=0.0005816, lmd=0.03, lmd_sem=0.05, n_heads=1, n_layers=3, tau=0.2, weight_decay=5e-05
  -> MRR@20=0.013800  best=0.181300  (early_stop@9, trial=1.6min, avg=2.8min/trial, total=34.2min, ETA=1.14h)
[TRIAL_METRICS] cur_best_mrr20=0.013800 cur_best_hr10=0.026200 cur_test_mrr20=0.015000 cur_test_hr10=0.028000 avg_epoch_time_sec=10.4718 test_eval_time_sec=0.0920 test_eval_batches_per_sec=10.8693 test_eval_targets_per_sec=38705.4152 run_best_mrr20=0.181300 run_best_hr10=0.339700 run_test_mrr20=0.157500 run_test_hr10=0.301000

[13/36] MAX_ITEM_LIST_LENGTH=30, attn_dropout_prob=0.08, embedding_size=96, hidden_dropout_prob=0.1, hidden_size=96, learning_rate=0.0005816, lmd=0, lmd_sem=0.02, n_heads=1, n_layers=1, tau=0.16, weight_decay=0.00015
  -> MRR@20=0.138100  best=0.181300  (full@35, trial=4.1min, avg=2.9min/trial, total=38.2min, ETA=1.13h)
[TRIAL_METRICS] cur_best_mrr20=0.138100 cur_best_hr10=0.255500 cur_test_mrr20=0.112300 cur_test_hr10=0.215000 avg_epoch_time_sec=6.9714 test_eval_time_sec=0.0910 test_eval_batches_per_sec=10.9851 test_eval_targets_per_sec=39118.1002 run_best_mrr20=0.181300 run_best_hr10=0.339700 run_test_mrr20=0.157500 run_test_hr10=0.301000

[14/36] MAX_ITEM_LIST_LENGTH=30, attn_dropout_prob=0.12, embedding_size=112, hidden_dropout_prob=0.12, hidden_size=128, learning_rate=0.0008226, lmd=0.04, lmd_sem=0.02, n_heads=1, n_layers=3, tau=0.2, weight_decay=0.0001
  -> MRR@20=0.014100  best=0.181300  (early_stop@6, trial=1.2min, avg=2.8min/trial, total=39.5min, ETA=1.03h)
[TRIAL_METRICS] cur_best_mrr20=0.014100 cur_best_hr10=0.026200 cur_test_mrr20=0.014900 cur_test_hr10=0.025600 avg_epoch_time_sec=11.9085 test_eval_time_sec=0.1035 test_eval_batches_per_sec=9.6596 test_eval_targets_per_sec=34397.8309 run_best_mrr20=0.181300 run_best_hr10=0.339700 run_test_mrr20=0.157500 run_test_hr10=0.301000

[15/36] MAX_ITEM_LIST_LENGTH=30, attn_dropout_prob=0.12, embedding_size=96, hidden_dropout_prob=0.15, hidden_size=96, learning_rate=0.0004113, lmd=0.02, lmd_sem=0, n_heads=1, n_layers=2, tau=0.18, weight_decay=0
  -> MRR@20=0.187400  best=0.187400  (full@35, trial=5.3min, avg=3.0min/trial, total=44.8min, ETA=1.04h)
[TRIAL_METRICS] cur_best_mrr20=0.187400 cur_best_hr10=0.358400 cur_test_mrr20=0.159300 cur_test_hr10=0.315300 avg_epoch_time_sec=9.0818 test_eval_time_sec=0.0985 test_eval_batches_per_sec=10.1517 test_eval_targets_per_sec=36150.1793 run_best_mrr20=0.187400 run_best_hr10=0.358400 run_test_mrr20=0.159300 run_test_hr10=0.315300

[16/36] MAX_ITEM_LIST_LENGTH=20, attn_dropout_prob=0.1, embedding_size=128, hidden_dropout_prob=0.12, hidden_size=112, learning_rate=0.0008226, lmd=0.04, lmd_sem=0, n_heads=4, n_layers=1, tau=0.18, weight_decay=0
  -> MRR@20=0.185500  best=0.187400  (early_stop@33, trial=3.5min, avg=3.0min/trial, total=48.3min, ETA=1.01h)
[TRIAL_METRICS] cur_best_mrr20=0.185500 cur_best_hr10=0.349800 cur_test_mrr20=0.161600 cur_test_hr10=0.313700 avg_epoch_time_sec=6.4332 test_eval_time_sec=0.0863 test_eval_batches_per_sec=11.5929 test_eval_targets_per_sec=41282.4740 run_best_mrr20=0.187400 run_best_hr10=0.358400 run_test_mrr20=0.159300 run_test_hr10=0.315300

[17/36] MAX_ITEM_LIST_LENGTH=20, attn_dropout_prob=0.12, embedding_size=96, hidden_dropout_prob=0.12, hidden_size=128, learning_rate=0.0002908, lmd=0.04, lmd_sem=0.02, n_heads=1, n_layers=3, tau=0.16, weight_decay=5e-05
  -> MRR@20=0.013800  best=0.187400  (early_stop@13, trial=2.2min, avg=3.0min/trial, total=50.6min, ETA=56.5min)
[TRIAL_METRICS] cur_best_mrr20=0.013800 cur_best_hr10=0.026600 cur_test_mrr20=0.015000 cur_test_hr10=0.030000 avg_epoch_time_sec=10.2762 test_eval_time_sec=0.0977 test_eval_batches_per_sec=10.2339 test_eval_targets_per_sec=36442.7530 run_best_mrr20=0.187400 run_best_hr10=0.358400 run_test_mrr20=0.159300 run_test_hr10=0.315300

[18/36] MAX_ITEM_LIST_LENGTH=20, attn_dropout_prob=0.08, embedding_size=128, hidden_dropout_prob=0.15, hidden_size=112, learning_rate=0.0005816, lmd=0.04, lmd_sem=0, n_heads=4, n_layers=2, tau=0.16, weight_decay=0
  -> MRR@20=0.191300  best=0.191300  (full@35, trial=5.0min, avg=3.1min/trial, total=55.6min, ETA=55.6min)
[TRIAL_METRICS] cur_best_mrr20=0.191300 cur_best_hr10=0.361800 cur_test_mrr20=0.166600 cur_test_hr10=0.324100 avg_epoch_time_sec=8.5578 test_eval_time_sec=0.0917 test_eval_batches_per_sec=10.9015 test_eval_targets_per_sec=38820.3006 run_best_mrr20=0.191300 run_best_hr10=0.361800 run_test_mrr20=0.166600 run_test_hr10=0.324100

[19/36] MAX_ITEM_LIST_LENGTH=10, attn_dropout_prob=0.12, embedding_size=160, hidden_dropout_prob=0.05, hidden_size=112, learning_rate=0.0002056, lmd=0.03, lmd_sem=0.08, n_heads=4, n_layers=2, tau=0.18, weight_decay=5e-05
  -> MRR@20=0.028700  best=0.191300  (early_stop@5, trial=38s, avg=3.0min/trial, total=56.2min, ETA=50.3min)
[TRIAL_METRICS] cur_best_mrr20=0.028700 cur_best_hr10=0.030700 cur_test_mrr20=0.036800 cur_test_hr10=0.036800 avg_epoch_time_sec=7.5966 test_eval_time_sec=0.0908 test_eval_batches_per_sec=11.0148 test_eval_targets_per_sec=39223.7060 run_best_mrr20=0.191300 run_best_hr10=0.361800 run_test_mrr20=0.166600 run_test_hr10=0.324100

[20/36] MAX_ITEM_LIST_LENGTH=10, attn_dropout_prob=0.15, embedding_size=160, hidden_dropout_prob=0.05, hidden_size=160, learning_rate=0.0002908, lmd=0.04, lmd_sem=0.05, n_heads=1, n_layers=2, tau=0.18, weight_decay=0
  -> MRR@20=0.040900  best=0.191300  (full@35, trial=4.6min, avg=3.0min/trial, total=1.01h, ETA=48.6min)
[TRIAL_METRICS] cur_best_mrr20=0.040900 cur_best_hr10=0.080400 cur_test_mrr20=0.035300 cur_test_hr10=0.075900 avg_epoch_time_sec=7.8142 test_eval_time_sec=0.0882 test_eval_batches_per_sec=11.3408 test_eval_targets_per_sec=40384.5873 run_best_mrr20=0.191300 run_best_hr10=0.361800 run_test_mrr20=0.166600 run_test_hr10=0.324100

[21/36] MAX_ITEM_LIST_LENGTH=20, attn_dropout_prob=0.08, embedding_size=96, hidden_dropout_prob=0.15, hidden_size=96, learning_rate=0.0005816, lmd=0.02, lmd_sem=0, n_heads=4, n_layers=2, tau=0.22, weight_decay=0
  -> MRR@20=0.188500  best=0.191300  (early_stop@32, trial=4.5min, avg=3.1min/trial, total=1.09h, ETA=46.7min)
[TRIAL_METRICS] cur_best_mrr20=0.188500 cur_best_hr10=0.354700 cur_test_mrr20=0.159200 cur_test_hr10=0.318500 avg_epoch_time_sec=8.4458 test_eval_time_sec=0.0933 test_eval_batches_per_sec=10.7202 test_eval_targets_per_sec=38174.7690 run_best_mrr20=0.191300 run_best_hr10=0.361800 run_test_mrr20=0.166600 run_test_hr10=0.324100

[22/36] MAX_ITEM_LIST_LENGTH=20, attn_dropout_prob=0.08, embedding_size=96, hidden_dropout_prob=0.15, hidden_size=160, learning_rate=0.0005816, lmd=0.02, lmd_sem=0, n_heads=4, n_layers=2, tau=0.22, weight_decay=0
  -> MRR@20=0.186700  best=0.191300  (early_stop@21, trial=3.2min, avg=3.1min/trial, total=1.14h, ETA=43.6min)
[TRIAL_METRICS] cur_best_mrr20=0.186700 cur_best_hr10=0.357300 cur_test_mrr20=0.159100 cur_test_hr10=0.318100 avg_epoch_time_sec=9.1536 test_eval_time_sec=0.0959 test_eval_batches_per_sec=10.4313 test_eval_targets_per_sec=37145.7051 run_best_mrr20=0.191300 run_best_hr10=0.361800 run_test_mrr20=0.166600 run_test_hr10=0.324100

[23/36] MAX_ITEM_LIST_LENGTH=20, attn_dropout_prob=0.08, embedding_size=128, hidden_dropout_prob=0.15, hidden_size=96, learning_rate=0.0005816, lmd=0.02, lmd_sem=0, n_heads=4, n_layers=2, tau=0.22, weight_decay=0
  -> MRR@20=0.188500  best=0.191300  (early_stop@32, trial=4.5min, avg=3.2min/trial, total=1.22h, ETA=41.3min)
[TRIAL_METRICS] cur_best_mrr20=0.188500 cur_best_hr10=0.354700 cur_test_mrr20=0.159200 cur_test_hr10=0.318500 avg_epoch_time_sec=8.4503 test_eval_time_sec=0.0922 test_eval_batches_per_sec=10.8507 test_eval_targets_per_sec=38639.3286 run_best_mrr20=0.191300 run_best_hr10=0.361800 run_test_mrr20=0.166600 run_test_hr10=0.324100

[24/36] MAX_ITEM_LIST_LENGTH=20, attn_dropout_prob=0.08, embedding_size=128, hidden_dropout_prob=0.15, hidden_size=112, learning_rate=0.0005816, lmd=0.02, lmd_sem=0, n_heads=4, n_layers=2, tau=0.22, weight_decay=0
  -> MRR@20=0.191300  best=0.191300  (full@35, trial=5.0min, avg=3.3min/trial, total=1.30h, ETA=39.0min)
[TRIAL_METRICS] cur_best_mrr20=0.191300 cur_best_hr10=0.361800 cur_test_mrr20=0.166600 cur_test_hr10=0.324100 avg_epoch_time_sec=8.5640 test_eval_time_sec=0.0916 test_eval_batches_per_sec=10.9150 test_eval_targets_per_sec=38868.1856 run_best_mrr20=0.191300 run_best_hr10=0.361800 run_test_mrr20=0.166600 run_test_hr10=0.324100

[25/36] MAX_ITEM_LIST_LENGTH=20, attn_dropout_prob=0.08, embedding_size=128, hidden_dropout_prob=0.15, hidden_size=112, learning_rate=0.0005816, lmd=0.02, lmd_sem=0, n_heads=4, n_layers=2, tau=0.22, weight_decay=0
  -> MRR@20=0.191300  best=0.191300  (full@35, trial=5.0min, avg=3.3min/trial, total=1.38h, ETA=36.6min)
[TRIAL_METRICS] cur_best_mrr20=0.191300 cur_best_hr10=0.361800 cur_test_mrr20=0.166600 cur_test_hr10=0.324100 avg_epoch_time_sec=8.5162 test_eval_time_sec=0.0938 test_eval_batches_per_sec=10.6596 test_eval_targets_per_sec=37958.9975 run_best_mrr20=0.191300 run_best_hr10=0.361800 run_test_mrr20=0.166600 run_test_hr10=0.324100

[26/36] MAX_ITEM_LIST_LENGTH=20, attn_dropout_prob=0.08, embedding_size=128, hidden_dropout_prob=0.15, hidden_size=112, learning_rate=0.0005816, lmd=0.02, lmd_sem=0, n_heads=4, n_layers=2, tau=0.22, weight_decay=0
  -> MRR@20=0.191300  best=0.191300  (full@35, trial=5.0min, avg=3.4min/trial, total=1.47h, ETA=33.9min)
[TRIAL_METRICS] cur_best_mrr20=0.191300 cur_best_hr10=0.361800 cur_test_mrr20=0.166600 cur_test_hr10=0.324100 avg_epoch_time_sec=8.5550 test_eval_time_sec=0.0928 test_eval_batches_per_sec=10.7743 test_eval_targets_per_sec=38367.1682 run_best_mrr20=0.191300 run_best_hr10=0.361800 run_test_mrr20=0.166600 run_test_hr10=0.324100

[27/36] MAX_ITEM_LIST_LENGTH=20, attn_dropout_prob=0.08, embedding_size=128, hidden_dropout_prob=0.15, hidden_size=112, learning_rate=0.0005816, lmd=0.02, lmd_sem=0, n_heads=4, n_layers=2, tau=0.22, weight_decay=0
  -> MRR@20=0.191300  best=0.191300  (full@35, trial=5.0min, avg=3.4min/trial, total=1.55h, ETA=31.0min)
[TRIAL_METRICS] cur_best_mrr20=0.191300 cur_best_hr10=0.361800 cur_test_mrr20=0.166600 cur_test_hr10=0.324100 avg_epoch_time_sec=8.5112 test_eval_time_sec=0.0911 test_eval_batches_per_sec=10.9736 test_eval_targets_per_sec=39077.1620 run_best_mrr20=0.191300 run_best_hr10=0.361800 run_test_mrr20=0.166600 run_test_hr10=0.324100

[28/36] MAX_ITEM_LIST_LENGTH=20, attn_dropout_prob=0.08, embedding_size=128, hidden_dropout_prob=0.15, hidden_size=112, learning_rate=0.0005816, lmd=0.02, lmd_sem=0, n_heads=4, n_layers=2, tau=0.22, weight_decay=0.00015
  -> MRR@20=0.192800  best=0.192800  (full@35, trial=5.0min, avg=3.5min/trial, total=1.63h, ETA=28.0min)
[TRIAL_METRICS] cur_best_mrr20=0.192800 cur_best_hr10=0.361000 cur_test_mrr20=0.167300 cur_test_hr10=0.320500 avg_epoch_time_sec=8.4964 test_eval_time_sec=0.0954 test_eval_batches_per_sec=10.4866 test_eval_targets_per_sec=37342.7788 run_best_mrr20=0.192800 run_best_hr10=0.361000 run_test_mrr20=0.167300 run_test_hr10=0.320500

[29/36] MAX_ITEM_LIST_LENGTH=20, attn_dropout_prob=0.08, embedding_size=128, hidden_dropout_prob=0.15, hidden_size=112, learning_rate=0.0004113, lmd=0.03, lmd_sem=0, n_heads=4, n_layers=2, tau=0.22, weight_decay=0.00015
  -> MRR@20=0.188700  best=0.192800  (full@35, trial=5.0min, avg=3.6min/trial, total=1.72h, ETA=24.9min)
[TRIAL_METRICS] cur_best_mrr20=0.188700 cur_best_hr10=0.356500 cur_test_mrr20=0.162500 cur_test_hr10=0.321700 avg_epoch_time_sec=8.4813 test_eval_time_sec=0.0946 test_eval_batches_per_sec=10.5757 test_eval_targets_per_sec=37660.1854 run_best_mrr20=0.192800 run_best_hr10=0.361000 run_test_mrr20=0.167300 run_test_hr10=0.320500

[30/36] MAX_ITEM_LIST_LENGTH=10, attn_dropout_prob=0.08, embedding_size=160, hidden_dropout_prob=0.15, hidden_size=112, learning_rate=0.0005816, lmd=0.02, lmd_sem=0.05, n_heads=4, n_layers=2, tau=0.22, weight_decay=0.00015
  -> MRR@20=0.117900  best=0.192800  (full@35, trial=4.5min, avg=3.6min/trial, total=1.79h, ETA=21.5min)
[TRIAL_METRICS] cur_best_mrr20=0.117900 cur_best_hr10=0.221800 cur_test_mrr20=0.098000 cur_test_hr10=0.188200 avg_epoch_time_sec=7.7239 test_eval_time_sec=0.0885 test_eval_batches_per_sec=11.2957 test_eval_targets_per_sec=40224.1657 run_best_mrr20=0.192800 run_best_hr10=0.361000 run_test_mrr20=0.167300 run_test_hr10=0.320500

[31/36] MAX_ITEM_LIST_LENGTH=20, attn_dropout_prob=0.1, embedding_size=112, hidden_dropout_prob=0.15, hidden_size=112, learning_rate=0.0005816, lmd=0, lmd_sem=0, n_heads=2, n_layers=2, tau=0.22, weight_decay=0.00015
  -> MRR@20=0.191400  best=0.192800  (early_stop@31, trial=4.4min, avg=3.6min/trial, total=1.86h, ETA=18.0min)
[TRIAL_METRICS] cur_best_mrr20=0.191400 cur_best_hr10=0.356900 cur_test_mrr20=0.163800 cur_test_hr10=0.320100 avg_epoch_time_sec=8.4227 test_eval_time_sec=0.0907 test_eval_batches_per_sec=11.0297 test_eval_targets_per_sec=39276.8262 run_best_mrr20=0.192800 run_best_hr10=0.361000 run_test_mrr20=0.167300 run_test_hr10=0.320500

[32/36] MAX_ITEM_LIST_LENGTH=20, attn_dropout_prob=0.1, embedding_size=112, hidden_dropout_prob=0.15, hidden_size=160, learning_rate=0.0005816, lmd=0, lmd_sem=0, n_heads=2, n_layers=2, tau=0.22, weight_decay=0.00015
  -> MRR@20=0.193900  best=0.193900  (early_stop@29, trial=4.4min, avg=3.6min/trial, total=1.94h, ETA=14.5min)
[TRIAL_METRICS] cur_best_mrr20=0.193900 cur_best_hr10=0.362100 cur_test_mrr20=0.166400 cur_test_hr10=0.323300 avg_epoch_time_sec=9.0637 test_eval_time_sec=0.0953 test_eval_batches_per_sec=10.4943 test_eval_targets_per_sec=37370.2481 run_best_mrr20=0.193900 run_best_hr10=0.362100 run_test_mrr20=0.166400 run_test_hr10=0.323300

[33/36] MAX_ITEM_LIST_LENGTH=20, attn_dropout_prob=0.1, embedding_size=112, hidden_dropout_prob=0.15, hidden_size=160, learning_rate=0.0004113, lmd=0, lmd_sem=0, n_heads=2, n_layers=1, tau=0.22, weight_decay=0.00015
  -> MRR@20=0.186700  best=0.193900  (early_stop@33, trial=3.7min, avg=3.6min/trial, total=2.00h, ETA=10.9min)
[TRIAL_METRICS] cur_best_mrr20=0.186700 cur_best_hr10=0.353900 cur_test_mrr20=0.158800 cur_test_hr10=0.311800 avg_epoch_time_sec=6.7845 test_eval_time_sec=0.0900 test_eval_batches_per_sec=11.1079 test_eval_targets_per_sec=39555.3875 run_best_mrr20=0.193900 run_best_hr10=0.362100 run_test_mrr20=0.166400 run_test_hr10=0.323300
[TIME_BUDGET] reached limit=2.000h after 33/36 trials (elapsed=2.00h). Stopping new trials and finalizing current best.

=================================================================
  DONE  |  DuoRec x foursquare
  Best MRR@20 = 0.193900  |  33/36 trials OK
  Best HR@10  = 0.362100
  Test MRR@20 = 0.166400  (best-valid checkpoint)
  Test HR@10  = 0.323300  (best-valid checkpoint)
  Stop reason = time_budget(2.000h) reached at 2.00h
  Avg epoch time = 9.064 sec/epoch
  Final test eval = 0.095 sec | batches/s=10.494 | targets/s=37370.248
[RUN_METRICS] best_valid_mrr20=0.193900 best_valid_hr10=0.362100 test_mrr20=0.166400 test_hr10=0.323300 avg_epoch_time_sec=9.0637 test_eval_time_sec=0.0953 test_eval_batches_per_sec=10.4943 test_eval_targets_per_sec=37370.2481
  Total time: 120.0 min
  Best params:
    MAX_ITEM_LIST_LENGTH: 20
    attn_dropout_prob: 0.1
    embedding_size: 112
    hidden_dropout_prob: 0.15
    hidden_size: 160
    learning_rate: 0.00058163
    lmd: 0
    lmd_sem: 0
    n_heads: 2
    n_layers: 2
    tau: 0.22
    weight_decay: 0.00015
  Results -> /workspace/FeaturedMoE/experiments/run/artifacts/results/final_experiment/foursquare_DuoRec_s1_foursquare_duorec_20260418_022623_940054_pid544113.json
  Normal mirror -> /workspace/FeaturedMoE/experiments/run/artifacts/results/final_experiment/normal/stage1_broad_search/S1/foursquare/DuoRec/foursquare_DuoRec_s1_foursquare_duorec_20260418_022623_940054_pid544113.json
  Special result -> /workspace/FeaturedMoE/experiments/run/artifacts/results/final_experiment/special/stage1_broad_search/S1/foursquare/DuoRec/foursquare_DuoRec_s1_foursquare_duorec_20260418_022623_940054_pid544113_special_metrics.json
  Special log -> /workspace/FeaturedMoE/experiments/run/artifacts/logs/final_experiment/special/stage1_broad_search/S1/foursquare/DuoRec/foursquare_DuoRec_s1_foursquare_duorec_20260418_022623_940054_pid544113_special_metrics.json
=================================================================

[RUN_STATUS] END status=normal pid=544113 start=2026-04-18T02:26:23 end=2026-04-18T04:26:26
