[STAGEH_TARGETEDRECOVERY_ANCHOR2_CORE5_SETTING_HEADER]
run_phase=P23_SH_C04_MFAME_AB_FAME_STAGEH_REC1_STRUCTL_S1 run_id=SH_AMAZON_BEAUTY_FAME_AB_FAME_STAGEH_REC1_STRUCTL_S1 phase_id=P23 axis_id=SH model=FAME candidate_id=AB_FAME_STAGEH_REC1_STRUCTL seed=1
dataset=amazon_beauty gpu=7 order=0 candidate_source=stageh_screen_variant source_stage=stageh_manual_bank_variant transfer_from_dataset=amazon_beauty
max_evals=6 tune_epochs=40 tune_patience=5
seed=230058

[COMMAND]
- /venv/FMoE/bin/python hyperopt_tune.py --config-name tune_ab --max-evals 6 --tune-epochs 40 --tune-patience 5 --seed 230058 --run-group baseline --run-axis StageH_TargetedRecovery_anchor2_core5 --run-phase P23_SH_C04_MFAME_AB_FAME_STAGEH_REC1_STRUCTL_S1 model=fame dataset=amazon_beauty eval_mode=session_fixed feature_mode=full_v3 gpu_id=7 log_wandb=false show_progress=false ++special_logging=true ++seed=230058 ++search={learning_rate:[0.0030360000000000005,0.009639000000000003]} ++search_space_type_overrides={learning_rate:"loguniform"} ++weight_decay=0.00012 ++search.weight_decay=[0.00012] ++search_space_type_overrides.weight_decay=choice ++search.n_layers=[3] ++search_space_type_overrides.n_layers=choice ++search.num_layers=[3] ++search_space_type_overrides.num_layers=choice ++search.n_heads=[8] ++search_space_type_overrides.n_heads=choice ++search.num_heads=[8] ++search_space_type_overrides.num_heads=choice ++search.dropout_ratio=[0.14] ++search_space_type_overrides.dropout_ratio=choice ++search.dropout_prob=[0.14] ++search_space_type_overrides.dropout_prob=choice ++search.hidden_dropout_prob=[0.14] ++search_space_type_overrides.hidden_dropout_prob=choice ++search.attn_dropout_prob=[0.14] ++search_space_type_overrides.attn_dropout_prob=choice ++search.hidden_size=[128] ++search_space_type_overrides.hidden_size=choice ++search.embedding_size=[128] ++search_space_type_overrides.embedding_size=choice ++search.inner_size=[256] ++search_space_type_overrides.inner_size=choice ++search.time_span=[384] ++search_space_type_overrides.time_span=choice ++search.num_experts=[5] ++search_space_type_overrides.num_experts=choice ++search.state_size=[24] ++search_space_type_overrides.state_size=choice ++search.conv_kernel=[6] ++search_space_type_overrides.conv_kernel=choice ++search.remaining_ratio=[0.6] ++search_space_type_overrides.remaining_ratio=choice ++search.MAX_ITEM_LIST_LENGTH=[10] ++search_space_type_overrides.MAX_ITEM_LIST_LENGTH=choice ++dropout_ratio=0.14 ++num_experts=5 ++train_batch_size=1536 ++eval_batch_size=2304 ++hidden_size=128 ++embedding_size=128 ++MAX_ITEM_LIST_LENGTH=10 ++num_layers=3 ++n_layers=3 ++num_heads=8 ++n_heads=8 ++inner_size=256 ++num_experts=5
/venv/FMoE/lib/python3.10/site-packages/ray/_private/parameter.py:4: UserWarning: pkg_resources is deprecated as an API. See https://setuptools.pypa.io/en/latest/pkg_resources.html. The pkg_resources package is slated for removal as early as 2025-11-30. Refrain from using this package or pin to Setuptools<81.
  import pkg_resources
[RUN_STATUS] START pid=550691 ts=2026-04-10T11:35:48

=================================================================
  Hyperopt TPE  |  FAME x amazon_beauty
  max_evals=6  epochs=40  patience=5  wandb=off
  batch_size(train/valid/test)=1536/2304/2304
  track=baseline  axis=stageh_targetedrecovery_anchor2_core5  phase=P23_SH_C04_MFAME_AB_FAME_STAGEH_REC1_STRUCTL_S1
=================================================================
Changed knobs: learning_rate
Tuned params(len>1): 1  (~1 discrete combos)
Tuned groups: 1
  [optimization]
    learning_rate                   [0.0030360000000000005, 0.009639000000000003]  -> loguniform
Fixed params(singleton/non-list): 18
Fixed groups: 18
  [optimization]
    hidden_dropout_prob             0.14                                    
    weight_decay                    0.00012                                 
  [model_core]
    attn_dropout_prob               0.14                                    
    dropout_prob                    0.14                                    
    dropout_ratio                   0.14                                    
    embedding_size                  128                                     
    hidden_size                     128                                     
    inner_size                      256                                     
    num_heads                       8                                       
    num_layers                      3                                       
  [other]
    MAX_ITEM_LIST_LENGTH            10                                      
    conv_kernel                     6                                       
    n_heads                         8                                       
    n_layers                        3                                       
    num_experts                     5                                       
    remaining_ratio                 0.6                                     
    state_size                      24                                      
    time_span                       384                                     

[Wandb] disabled for this hyperopt run

[1/6] learning_rate=0.007324
  -> MRR@20=0.000700  best=0.000700  (early_stop@9, trial=14s, avg=16s/trial, total=16s, ETA=1.3min)
[TRIAL_METRICS] cur_best_mrr20=0.000700 cur_best_hr10=0.000000 cur_test_mrr20=0.000000 cur_test_hr10=0.000000 run_best_mrr20=0.000700 run_best_hr10=0.000000 run_test_mrr20=0.000000 run_test_hr10=0.000000

[2/6] learning_rate=0.006976
  -> MRR@20=0.001100  best=0.001100  (early_stop@9, trial=13s, avg=15s/trial, total=30s, ETA=59s)
[TRIAL_METRICS] cur_best_mrr20=0.001100 cur_best_hr10=0.008800 cur_test_mrr20=0.000000 cur_test_hr10=0.000000 run_best_mrr20=0.001100 run_best_hr10=0.008800 run_test_mrr20=0.000000 run_test_hr10=0.000000

[3/6] learning_rate=0.009069
  -> MRR@20=0.000900  best=0.001100  (early_stop@11, trial=16s, avg=15s/trial, total=46s, ETA=46s)
[TRIAL_METRICS] cur_best_mrr20=0.000900 cur_best_hr10=0.008800 cur_test_mrr20=0.000000 cur_test_hr10=0.000000 run_best_mrr20=0.001100 run_best_hr10=0.008800 run_test_mrr20=0.000000 run_test_hr10=0.000000

[4/6] learning_rate=0.00497
  -> MRR@20=0.001100  best=0.001100  (early_stop@10, trial=15s, avg=15s/trial, total=1.0min, ETA=31s)
[TRIAL_METRICS] cur_best_mrr20=0.001100 cur_best_hr10=0.008800 cur_test_mrr20=0.000000 cur_test_hr10=0.000000 run_best_mrr20=0.001100 run_best_hr10=0.008800 run_test_mrr20=0.000000 run_test_hr10=0.000000

[5/6] learning_rate=0.00422
  -> MRR@20=0.002200  best=0.002200  (early_stop@10, trial=15s, avg=15s/trial, total=1.3min, ETA=15s)
[TRIAL_METRICS] cur_best_mrr20=0.002200 cur_best_hr10=0.008800 cur_test_mrr20=0.000600 cur_test_hr10=0.000000 run_best_mrr20=0.002200 run_best_hr10=0.008800 run_test_mrr20=0.000600 run_test_hr10=0.000000

[6/6] learning_rate=0.004803
  -> MRR@20=0.001500  best=0.002200  (early_stop@10, trial=15s, avg=15s/trial, total=1.5min, ETA=0s)
[TRIAL_METRICS] cur_best_mrr20=0.001500 cur_best_hr10=0.008800 cur_test_mrr20=0.000000 cur_test_hr10=0.000000 run_best_mrr20=0.002200 run_best_hr10=0.008800 run_test_mrr20=0.000600 run_test_hr10=0.000000

=================================================================
  DONE  |  FAME x amazon_beauty
  Best MRR@20 = 0.002200  |  6/6 trials OK
  Best HR@10  = 0.008800
  Test MRR@20 = 0.000600  (best-valid checkpoint)
  Test HR@10  = 0.000000  (best-valid checkpoint)
[RUN_METRICS] best_valid_mrr20=0.002200 best_valid_hr10=0.008800 test_mrr20=0.000600 test_hr10=0.000000
  Total time: 1.5 min
  Best params:
    learning_rate: 0.00421993
  Results -> /workspace/jy1559/FMoE/experiments/run/artifacts/results/baseline/amazon_beauty_FAME_p23_sh_c04_mfame_ab_fame_stageh_rec1_structl_s1_20260410_113548_869553_pid550691.json
  Normal mirror -> /workspace/jy1559/FMoE/experiments/run/artifacts/results/baseline/normal/stageh_targetedrecovery_anchor2_core5/P23/amazon_beauty/FAME/amazon_beauty_FAME_p23_sh_c04_mfame_ab_fame_stageh_rec1_structl_s1_20260410_113548_869553_pid550691.json
  Special result -> /workspace/jy1559/FMoE/experiments/run/artifacts/results/baseline/special/stageh_targetedrecovery_anchor2_core5/P23/amazon_beauty/FAME/amazon_beauty_FAME_p23_sh_c04_mfame_ab_fame_stageh_rec1_structl_s1_20260410_113548_869553_pid550691_special_metrics.json
  Special log -> /workspace/jy1559/FMoE/experiments/run/artifacts/logs/baseline/special/stageh_targetedrecovery_anchor2_core5/P23/amazon_beauty/FAME/amazon_beauty_FAME_p23_sh_c04_mfame_ab_fame_stageh_rec1_structl_s1_20260410_113548_869553_pid550691_special_metrics.json
=================================================================

[RUN_STATUS] END status=normal pid=550691 start=2026-04-10T11:35:48 end=2026-04-10T11:37:20
