# pair=P035 dataset=retail_rocket model=fearec combo=C1 seed=1
# cmd=/venv/FMoE/bin/python hyperopt_tune.py --config-name tune_rr --max-evals 10 --tune-epochs 100 --tune-patience 10 --search-algo random --seed 35 --run-group baseline_3 --run-axis FULL_HISTORY_V4_C4 --run-phase FULL_HISTORY_V4_C4_DRETAIL_ROCKET_MFEAREC_P035_C1_S1 model=fearec dataset=retail_rocket eval_mode=session_fixed feature_mode=full_v4 train_batch_size=4096 eval_batch_size=8192 gpu_id=5 log_wandb=false show_progress=false ++seed=35 ++history_input_mode=full_history_session_targets ++history_group_field=user_id ++target_group_field=session_id ++history_eval_policy=strict_train_prefix ++MAX_ITEM_LIST_LENGTH=22 ++eval_sampling.mode=full ++eval_sampling.auto_full_threshold=999999999 ++special_logging=true ++exclude_unseen_target_from_main_eval=true ++log_unseen_target_metrics=true ++hidden_size=128 ++embedding_size=128 ++n_layers=2 ++num_layers=2 ++n_heads=2 ++num_heads=2 ++inner_size=256 ++dropout_ratio=0.12 ++hidden_dropout_prob=0.12 ++attn_dropout_prob=0.12 ++weight_decay=0.00015 ++contrast="un" ++tau=0.2 ++lmd=0.04 ++lmd_sem=0.0 ++semantic_sample_max_tries=2 ++global_ratio=0.85 ++search={learning_rate:[0.00017748239349298848,0.0007099295739719539],weight_decay:[0.00010499999999999999,0.00025499999999999996]} ++search_space_type_overrides={learning_rate:"loguniform",weight_decay:"loguniform"} ++search.MAX_ITEM_LIST_LENGTH=[22] ++search_space_type_overrides.MAX_ITEM_LIST_LENGTH=choice ++search.hidden_size=[128] ++search_space_type_overrides.hidden_size=choice ++search.embedding_size=[128] ++search_space_type_overrides.embedding_size=choice ++search.n_layers=[2] ++search_space_type_overrides.n_layers=choice ++search.num_layers=[2] ++search_space_type_overrides.num_layers=choice ++search.n_heads=[2] ++search_space_type_overrides.n_heads=choice ++search.num_heads=[2] ++search_space_type_overrides.num_heads=choice ++search.inner_size=[256] ++search_space_type_overrides.inner_size=choice ++search.dropout_ratio=[0.12] ++search_space_type_overrides.dropout_ratio=choice ++search.hidden_dropout_prob=[0.12] ++search_space_type_overrides.hidden_dropout_prob=choice ++search.attn_dropout_prob=[0.12] ++search_space_type_overrides.attn_dropout_prob=choice ++search.contrast=["un"] ++search_space_type_overrides.contrast=choice ++search.tau=[0.2] ++search_space_type_overrides.tau=choice ++search.lmd=[0.04] ++search_space_type_overrides.lmd=choice ++search.lmd_sem=[0.0] ++search_space_type_overrides.lmd_sem=choice ++search.global_ratio=[0.85] ++search_space_type_overrides.global_ratio=choice ++search.semantic_sample_max_tries=[2] ++search_space_type_overrides.semantic_sample_max_tries=choice

/venv/FMoE/lib/python3.10/site-packages/ray/_private/parameter.py:4: UserWarning: pkg_resources is deprecated as an API. See https://setuptools.pypa.io/en/latest/pkg_resources.html. The pkg_resources package is slated for removal as early as 2025-11-30. Refrain from using this package or pin to Setuptools<81.
  import pkg_resources
[RUN_STATUS] START pid=366889 ts=2026-04-16T13:27:23

=================================================================
  Hyperopt  |  FEARec x retail_rocket
  max_evals=10  epochs=100  patience=10  wandb=off
  search_algo=random
  batch_size(train/valid/test)=4096/8192/8192
  track=baseline_3  axis=full_history_v4_c4  phase=FULL_HISTORY_V4_C4_DRETAIL_ROCKET_MFEAREC_P035_C1_S1
=================================================================
Changed knobs: learning_rate, weight_decay
Tuned params(len>1): 2  (~1 discrete combos)
Tuned groups: 2
  [optimization]
    learning_rate                   [0.00017748239349298848, 0.0007099295739719539]  -> loguniform
    weight_decay                    [0.00010499999999999999, 0.00025499999999999996]  -> loguniform
Fixed params(singleton/non-list): 17
Fixed groups: 17
  [optimization]
    hidden_dropout_prob             0.12                                    
  [model_core]
    attn_dropout_prob               0.12                                    
    dropout_ratio                   0.12                                    
    embedding_size                  128                                     
    hidden_size                     128                                     
    inner_size                      256                                     
    num_heads                       2                                       
    num_layers                      2                                       
  [other]
    MAX_ITEM_LIST_LENGTH            22                                      
    contrast                        un                                      
    global_ratio                    0.85                                    
    lmd                             0.04                                    
    lmd_sem                         0.0                                     
    n_heads                         2                                       
    n_layers                        2                                       
    semantic_sample_max_tries       2                                       
    tau                             0.2                                     

[Wandb] disabled for this hyperopt run

[1/10] learning_rate=0.0004217, weight_decay=0.000107
  -> MRR@20=0.359300  best=0.359300  (early_stop@48, trial=23.2min, avg=23.7min/trial, total=23.7min, ETA=3.56h)
[TRIAL_METRICS] cur_best_mrr20=0.359300 cur_best_hr10=0.559600 cur_test_mrr20=0.355300 cur_test_hr10=0.541500 run_best_mrr20=0.359300 run_best_hr10=0.559600 run_test_mrr20=0.355300 run_test_hr10=0.541500

[2/10] learning_rate=0.0003331, weight_decay=0.0001218
  -> MRR@20=0.354400  best=0.359300  (early_stop@60, trial=28.9min, avg=26.3min/trial, total=52.7min, ETA=3.51h)
[TRIAL_METRICS] cur_best_mrr20=0.354400 cur_best_hr10=0.553400 cur_test_mrr20=0.347600 cur_test_hr10=0.539400 run_best_mrr20=0.359300 run_best_hr10=0.559600 run_test_mrr20=0.355300 run_test_hr10=0.541500

[3/10] learning_rate=0.0005853, weight_decay=0.0002508
  -> MRR@20=0.346400  best=0.359300  (early_stop@45, trial=21.7min, avg=24.8min/trial, total=1.24h, ETA=2.89h)
[TRIAL_METRICS] cur_best_mrr20=0.346400 cur_best_hr10=0.545300 cur_test_mrr20=0.340700 cur_test_hr10=0.531900 run_best_mrr20=0.359300 run_best_hr10=0.559600 run_test_mrr20=0.355300 run_test_hr10=0.541500

[4/10] learning_rate=0.0001783, weight_decay=0.0001367
  -> MRR@20=0.242800  best=0.359300  (early_stop@11, trial=5.3min, avg=19.9min/trial, total=1.33h, ETA=1.99h)
[TRIAL_METRICS] cur_best_mrr20=0.242800 cur_best_hr10=0.257200 cur_test_mrr20=0.242200 cur_test_hr10=0.253700 run_best_mrr20=0.359300 run_best_hr10=0.559600 run_test_mrr20=0.355300 run_test_hr10=0.541500

[5/10] learning_rate=0.0004388, weight_decay=0.0002126
  -> MRR@20=0.352200  best=0.359300  (early_stop@53, trial=25.6min, avg=21.1min/trial, total=1.76h, ETA=1.76h)
[TRIAL_METRICS] cur_best_mrr20=0.352200 cur_best_hr10=0.548400 cur_test_mrr20=0.345100 cur_test_hr10=0.535900 run_best_mrr20=0.359300 run_best_hr10=0.559600 run_test_mrr20=0.355300 run_test_hr10=0.541500

[6/10] learning_rate=0.0006538, weight_decay=0.0001103
  -> MRR@20=0.357300  best=0.359300  (early_stop@34, trial=16.4min, avg=20.3min/trial, total=2.03h, ETA=1.35h)
[TRIAL_METRICS] cur_best_mrr20=0.357300 cur_best_hr10=0.558700 cur_test_mrr20=0.354600 cur_test_hr10=0.544400 run_best_mrr20=0.359300 run_best_hr10=0.559600 run_test_mrr20=0.355300 run_test_hr10=0.541500

[7/10] learning_rate=0.0002416, weight_decay=0.000154
[RUN_STATUS] TERMINATED signal=SIGINT(2) pid=366889 ts=2026-04-16T15:45:00
[RUN_STATUS] TERMINATED signal=SIGTERM(15) pid=366889 ts=2026-04-16T15:45:00
[RUN_STATUS] TERMINATED signal=SIGINT(2) pid=366889 ts=2026-04-16T15:45:00
Exception ignored in atexit callback: <function dump_compile_times at 0x7faf7aa8fe20>
Traceback (most recent call last):
  File "/venv/FMoE/lib/python3.10/site-packages/torch/_dynamo/utils.py", line 446, in dump_compile_times
    log.info(compile_times(repr="str", aggregate=True))
  File "/venv/FMoE/lib/python3.10/site-packages/torch/_dynamo/utils.py", line 432, in compile_times
    out += tabulate(rows, headers=("Function", "Runtimes (s)"))
  File "/venv/FMoE/lib/python3.10/site-packages/torch/_dynamo/utils.py", line 207, in tabulate
    import tabulate
  File "<frozen importlib._bootstrap>", line 1027, in _find_and_load
  File "<frozen importlib._bootstrap>", line 1006, in _find_and_load_unlocked
  File "<frozen importlib._bootstrap>", line 688, in _load_unlocked
  File "<frozen importlib._bootstrap_external>", line 879, in exec_module
  File "<frozen importlib._bootstrap_external>", line 1012, in get_code
  File "<frozen importlib._bootstrap_external>", line 672, in _compile_bytecode
  File "/workspace/FeaturedMoE/experiments/hyperopt_tune.py", line 449, in _on_termination_signal
    raise SystemExit(128 + int(signum))
SystemExit: 130
[RUN_STATUS] END status=terminated signal=SIGINT(2) pid=366889 start=2026-04-16T13:27:23 end=2026-04-16T15:45:00

[FULL_HISTORY_TIMING] avg_epoch_sec=0.0000 avg_epoch_ms=0.0 test_inference_sec=0.0000
