[FINAL_ALL_DATASETS_SETTING_HEADER]
run_phase=P14_FAD_A9_AMAZON_BEAUTY_H14_S1 exp_brief=A9_ATTN_MICRO_BEFORE_WITH_BIAS phase_id=P14 axis_id=FAD setting_id=A9_ATTN_MICRO_BEFORE_WITH_BIAS_H14_S1 hparam_id=H14 seed=1
desc=A9_ATTN_MICRO_BEFORE_WITH_BIAS_H14_S1
dataset=amazon_beauty gpu=0 order=6
max_evals=10 tune_epochs=60 tune_patience=6
seed=95001

[COMMAND]
- /venv/FMoE/bin/python hyperopt_tune.py --config-name config --max-evals 10 --tune-epochs 60 --tune-patience 6 --seed 95001 --run-group fmoe_n3 --run-axis Final_all_datasets --run-phase P14_FAD_A9_AMAZON_BEAUTY_H14_S1 model=featured_moe_n3_tune dataset=amazon_beauty eval_mode=session_fixed feature_mode=full_v3 gpu_id=0 log_wandb=false enable_tf32=true fmoe_debug_logging=false fmoe_diag_logging=true fmoe_special_logging=true fmoe_feature_ablation_logging=false fmoe_eval_logging_timing=final_only ++fmoe_logging_output_root="run/artifacts/logging" ++fmoe_logging_layout="axis_dataset_arch_hparam" ++fmoe_architecture_id="A9" ++fmoe_architecture_key="A9_ATTN_MICRO_BEFORE_WITH_BIAS" ++fmoe_hparam_id="H14" ++fmoe_phase="P14" MAX_ITEM_LIST_LENGTH=20 train_batch_size=4096 eval_batch_size=4096 embedding_size=256 num_heads=4 attn_dropout_prob=0.08 d_ff=512 d_feat_emb=16 d_expert_hidden=256 d_router_hidden=128 expert_scale=3 ++search.learning_rate=[0.00045,0.0022] ++search.weight_decay=[5e-07] ++search.hidden_dropout_prob=[0.1] ++search.lr_scheduler_type=["warmup_cosine"] ++search_space_type_overrides.learning_rate=loguniform ++search_space_type_overrides.weight_decay=choice ++search_space_type_overrides.hidden_dropout_prob=choice ++search_space_type_overrides.lr_scheduler_type=choice ++phase_run_type="final" ++phase_axis_id="FAD" ++phase_axis_desc="final_all_datasets" ++phase_setting_id="A9_ATTN_MICRO_BEFORE_WITH_BIAS_H14_S1" ++phase_setting_key="A9_ATTN_MICRO_BEFORE_WITH_BIAS" ++phase_hparam_id="H14" ++phase_seed_id=1 ++phase_run_id="FAD_A9_AMAZON_BEAUTY_H14_S1" ++layer_layout=["attn","macro_ffn","mid_ffn","attn","micro_ffn"] ++stage_compute_mode={macro:"moe",mid:"moe",micro:"moe"} ++stage_router_mode={macro:"learned",mid:"learned",micro:"learned"} ++stage_router_source={macro:"both",mid:"both",micro:"both"} ++stage_feature_injection={macro:"none",mid:"none",micro:"none"} ++topk_scope_mode="global_flat" ++moe_top_k=0 ++balance_loss_lambda=0.0 ++z_loss_lambda=0.0002 ++gate_entropy_lambda=0.0 ++route_smoothness_lambda=0.0 ++route_consistency_lambda=0.0008 ++route_sharpness_lambda=0.0 ++route_monopoly_lambda=0.0 ++route_monopoly_tau=0.25 ++route_prior_lambda=0.0 ++group_prior_align_lambda=0.0 ++factored_group_balance_lambda=0.0 ++rule_agreement_lambda=0.0 ++group_coverage_lambda=0.0 ++feature_group_bias_lambda=0.05 ++rule_bias_scale=0.1 ++primitive_balance_lambda=0.0 ++wrapper_group_feature_align_lambda=0.0 ++stage_router_primitives={macro:{a_joint:{source:"feature",temperature:1.0,top_k:0},b_group:{source:"feature",temperature:1.0,top_k:0},c_shared:{source:"feature",temperature:1.0,top_k:0},d_cond:{source:"feature",temperature:1.0,top_k:0},e_scalar:{source:"feature",temperature:1.0,top_k:0},wrapper:{alpha_d:1.0,alpha_struct:1.0,alpha_a:1.0}},mid:{a_joint:{source:"feature",temperature:1.0,top_k:0},b_group:{source:"feature",temperature:1.0,top_k:0},c_shared:{source:"feature",temperature:1.0,top_k:0},d_cond:{source:"feature",temperature:1.0,top_k:0},e_scalar:{source:"feature",temperature:1.0,top_k:0},wrapper:{alpha_d:1.0,alpha_struct:1.0,alpha_a:1.0}},micro:{a_joint:{source:"feature",temperature:1.0,top_k:0},b_group:{source:"feature",temperature:1.0,top_k:0},c_shared:{source:"feature",temperature:1.0,top_k:0},d_cond:{source:"feature",temperature:1.0,top_k:0},e_scalar:{source:"feature",temperature:1.0,top_k:0},wrapper:{alpha_d:1.0,alpha_struct:1.0,alpha_a:1.0}}} ++stage_router_wrapper={macro:"w4_bxd",mid:"w6_bxd_plus_a",micro:"w1_flat"} ++macro_history_window=5 ++stage_router_granularity={macro:"session",mid:"session",micro:"token"} ++stage_family_dropout_prob={macro:0.08,mid:0.08,micro:0.08} ++stage_feature_dropout_prob={macro:0.0,mid:0.0,micro:0.0} ++stage_feature_dropout_scope={macro:"token",mid:"token",micro:"token"} ++route_consistency_pairs=1 ++route_consistency_min_sim=0.995
/venv/FMoE/lib/python3.10/site-packages/ray/_private/parameter.py:4: UserWarning: pkg_resources is deprecated as an API. See https://setuptools.pypa.io/en/latest/pkg_resources.html. The pkg_resources package is slated for removal as early as 2025-11-30. Refrain from using this package or pin to Setuptools<81.
  import pkg_resources
[RUN_STATUS] START pid=484803 ts=2026-04-09T07:37:23

=================================================================
  Hyperopt TPE  |  FeaturedMoE_N3 x amazon_beauty
  max_evals=10  epochs=60  patience=6  wandb=off
  batch_size(train/valid/test)=4096/4096/4096
  track=fmoe_n3  axis=final_all_datasets  phase=P14_FAD_A9_AMAZON_BEAUTY_H14_S1
=================================================================
Changed knobs: learning_rate
Tuned params(len>1): 1  (~1 discrete combos)
Tuned groups: 1
  [optimization]
    learning_rate                   [0.00045, 0.0022]                         -> loguniform
Fixed params(singleton/non-list): 3
Fixed groups: 3
  [optimization]
    hidden_dropout_prob             0.1                                     
    weight_decay                    5e-07                                   
  [other]
    lr_scheduler_type               warmup_cosine                           

[Wandb] disabled for this hyperopt run

[1/10] learning_rate=0.0006811
  -> MRR@20=0.109200  best=0.109200  (early_stop@37, trial=26s, avg=29s/trial, total=29s, ETA=4.4min)
[TRIAL_METRICS] cur_best_mrr20=0.109200 cur_best_hr10=0.132700 cur_test_mrr20=0.085300 cur_test_hr10=0.096500 run_best_mrr20=0.109200 run_best_hr10=0.132700 run_test_mrr20=0.085300 run_test_hr10=0.096500

[2/10] learning_rate=0.0005953
  -> MRR@20=0.107500  best=0.109200  (early_stop@40, trial=26s, avg=28s/trial, total=56s, ETA=3.7min)
[TRIAL_METRICS] cur_best_mrr20=0.107500 cur_best_hr10=0.132700 cur_test_mrr20=0.084600 cur_test_hr10=0.096500 run_best_mrr20=0.109200 run_best_hr10=0.132700 run_test_mrr20=0.085300 run_test_hr10=0.096500

[3/10] learning_rate=0.0006222
  -> MRR@20=0.102900  best=0.109200  (early_stop@14, trial=9s, avg=22s/trial, total=1.1min, ETA=2.5min)
[TRIAL_METRICS] cur_best_mrr20=0.102900 cur_best_hr10=0.106200 cur_test_mrr20=0.078900 cur_test_hr10=0.078900 run_best_mrr20=0.109200 run_best_hr10=0.132700 run_test_mrr20=0.085300 run_test_hr10=0.096500

[4/10] learning_rate=0.0005694
  -> MRR@20=0.107800  best=0.109200  (early_stop@47, trial=29s, avg=24s/trial, total=1.6min, ETA=2.4min)
[TRIAL_METRICS] cur_best_mrr20=0.107800 cur_best_hr10=0.132700 cur_test_mrr20=0.085200 cur_test_hr10=0.096500 run_best_mrr20=0.109200 run_best_hr10=0.132700 run_test_mrr20=0.085300 run_test_hr10=0.096500

[5/10] learning_rate=0.001621
  -> MRR@20=0.116900  best=0.116900  (early_stop@18, trial=12s, avg=22s/trial, total=1.8min, ETA=1.8min)
[TRIAL_METRICS] cur_best_mrr20=0.116900 cur_best_hr10=0.150400 cur_test_mrr20=0.083400 cur_test_hr10=0.096500 run_best_mrr20=0.116900 run_best_hr10=0.150400 run_test_mrr20=0.083400 run_test_hr10=0.096500

[6/10] learning_rate=0.001503
  -> MRR@20=0.116500  best=0.116900  (early_stop@19, trial=12s, avg=20s/trial, total=2.0min, ETA=1.3min)
[TRIAL_METRICS] cur_best_mrr20=0.116500 cur_best_hr10=0.150400 cur_test_mrr20=0.083500 cur_test_hr10=0.096500 run_best_mrr20=0.116900 run_best_hr10=0.150400 run_test_mrr20=0.083400 run_test_hr10=0.096500

[7/10] learning_rate=0.0005576
  -> MRR@20=0.107600  best=0.116900  (early_stop@49, trial=30s, avg=22s/trial, total=2.5min, ETA=1.1min)
[TRIAL_METRICS] cur_best_mrr20=0.107600 cur_best_hr10=0.132700 cur_test_mrr20=0.085200 cur_test_hr10=0.096500 run_best_mrr20=0.116900 run_best_hr10=0.150400 run_test_mrr20=0.083400 run_test_hr10=0.096500

[8/10] learning_rate=0.001358
  -> MRR@20=0.111700  best=0.116900  (early_stop@19, trial=12s, avg=20s/trial, total=2.7min, ETA=41s)
[TRIAL_METRICS] cur_best_mrr20=0.111700 cur_best_hr10=0.150400 cur_test_mrr20=0.083400 cur_test_hr10=0.096500 run_best_mrr20=0.116900 run_best_hr10=0.150400 run_test_mrr20=0.083400 run_test_hr10=0.096500

[9/10] learning_rate=0.0005051
  -> MRR@20=0.102900  best=0.116900  (early_stop@22, trial=13s, avg=20s/trial, total=3.0min, ETA=20s)
[TRIAL_METRICS] cur_best_mrr20=0.102900 cur_best_hr10=0.106200 cur_test_mrr20=0.081600 cur_test_hr10=0.096500 run_best_mrr20=0.116900 run_best_hr10=0.150400 run_test_mrr20=0.083400 run_test_hr10=0.096500

[10/10] learning_rate=0.0007542
  -> MRR@20=0.103200  best=0.116900  (early_stop@13, trial=8s, avg=19s/trial, total=3.1min, ETA=0s)
[TRIAL_METRICS] cur_best_mrr20=0.103200 cur_best_hr10=0.106200 cur_test_mrr20=0.078900 cur_test_hr10=0.078900 run_best_mrr20=0.116900 run_best_hr10=0.150400 run_test_mrr20=0.083400 run_test_hr10=0.096500
[1;35mEvaluate   [0m:   0%|                                                            | 0/1 [00:00<?, ?it/s][0m[1;35mEvaluate   [0m:   0%|                                  | 0/1 [00:00<?, ?it/s, [1;33mGPU RAM: 16.08 G/23.56 G[0m][0m                                                                                                    [1;35mEvaluate   [0m:   0%|                                                            | 0/1 [00:00<?, ?it/s][0m[1;35mEvaluate   [0m:   0%|                                  | 0/1 [00:00<?, ?it/s, [1;33mGPU RAM: 16.08 G/23.56 G[0m][0m                                                                                                    [1;35mEvaluate   [0m:   0%|                                                            | 0/1 [00:00<?, ?it/s][0m[1;35mEvaluate   [0m:   0%|                                  | 0/1 [00:00<?, ?it/s, [1;33mGPU RAM: 16.08 G/23.56 G[0m][0m                                                                                                    
=================================================================
  DONE  |  FeaturedMoE_N3 x amazon_beauty
  Best MRR@20 = 0.116900  |  10/10 trials OK
  Best HR@10  = 0.150400
  Test MRR@20 = 0.083400  (best-valid checkpoint)
  Test HR@10  = 0.096500  (best-valid checkpoint)
[RUN_METRICS] best_valid_mrr20=0.116900 best_valid_hr10=0.150400 test_mrr20=0.083400 test_hr10=0.096500
  Total time: 3.1 min
  Best params:
    learning_rate: 0.0016214
  Results -> /workspace/jy1559/FMoE/experiments/run/artifacts/results/fmoe_n3/amazon_beauty_FeaturedMoE_N3_p14_fad_a9_amazon_beauty_h14_s1_20260409_073723_605402_pid484803.json
  Normal mirror -> /workspace/jy1559/FMoE/experiments/run/artifacts/results/fmoe_n3/normal/final_all_datasets/P14/amazon_beauty/FMoEN3/amazon_beauty_FeaturedMoE_N3_p14_fad_a9_amazon_beauty_h14_s1_20260409_073723_605402_pid484803.json
  Special result -> /workspace/jy1559/FMoE/experiments/run/artifacts/results/fmoe_n3/special/final_all_datasets/P14/amazon_beauty/FMoEN3/amazon_beauty_FeaturedMoE_N3_p14_fad_a9_amazon_beauty_h14_s1_20260409_073723_605402_pid484803_special_metrics.json
  Special log -> /workspace/jy1559/FMoE/experiments/run/artifacts/logs/fmoe_n3/special/final_all_datasets/P14/amazon_beauty/FMoEN3/amazon_beauty_FeaturedMoE_N3_p14_fad_a9_amazon_beauty_h14_s1_20260409_073723_605402_pid484803_special_metrics.json
=================================================================

[RUN_STATUS] END status=normal pid=484803 start=2026-04-09T07:37:23 end=2026-04-09T07:40:30
