# pair=P033 dataset=foursquare model=tisasrec combo=C2 seed=1
# cmd=/venv/FMoE/bin/python hyperopt_tune.py --config-name tune_fs --max-evals 10 --tune-epochs 100 --tune-patience 10 --search-algo tpe --seed 98 --run-group baseline_2 --run-axis PAIR60_V3_LR10 --run-phase PAIR60_V3_LR10_DFOURSQUARE_MTISASREC_P033_C2_S1 model=tisasrec dataset=foursquare eval_mode=session_fixed feature_mode=full_v3 gpu_id=7 log_wandb=false show_progress=false ++seed=98 ++MAX_ITEM_LIST_LENGTH=28 ++eval_sampling.mode=full ++eval_sampling.auto_full_threshold=999999999 ++special_logging=true ++exclude_unseen_target_from_main_eval=true ++log_unseen_target_metrics=true ++hidden_size=160 ++embedding_size=160 ++n_layers=2 ++num_layers=2 ++n_heads=4 ++num_heads=4 ++inner_size=320 ++dropout_ratio=0.15 ++hidden_dropout_prob=0.15 ++attn_dropout_prob=0.15 ++weight_decay=0.0002 ++time_span=384 ++search={learning_rate:[0.00019814661238587956,0.0008322157720206943]} ++search_space_type_overrides={learning_rate:"loguniform"} ++search.MAX_ITEM_LIST_LENGTH=[28] ++search_space_type_overrides.MAX_ITEM_LIST_LENGTH=choice ++search.weight_decay=[0.0002] ++search_space_type_overrides.weight_decay=choice ++search.hidden_size=[160] ++search_space_type_overrides.hidden_size=choice ++search.embedding_size=[160] ++search_space_type_overrides.embedding_size=choice ++search.n_layers=[2] ++search_space_type_overrides.n_layers=choice ++search.num_layers=[2] ++search_space_type_overrides.num_layers=choice ++search.n_heads=[4] ++search_space_type_overrides.n_heads=choice ++search.num_heads=[4] ++search_space_type_overrides.num_heads=choice ++search.inner_size=[320] ++search_space_type_overrides.inner_size=choice ++search.dropout_ratio=[0.15] ++search_space_type_overrides.dropout_ratio=choice ++search.hidden_dropout_prob=[0.15] ++search_space_type_overrides.hidden_dropout_prob=choice ++search.attn_dropout_prob=[0.15] ++search_space_type_overrides.attn_dropout_prob=choice ++search.time_span=[384] ++search_space_type_overrides.time_span=choice

/venv/FMoE/lib/python3.10/site-packages/ray/_private/parameter.py:4: UserWarning: pkg_resources is deprecated as an API. See https://setuptools.pypa.io/en/latest/pkg_resources.html. The pkg_resources package is slated for removal as early as 2025-11-30. Refrain from using this package or pin to Setuptools<81.
  import pkg_resources
[RUN_STATUS] START pid=1137145 ts=2026-04-15T03:44:27

=================================================================
  Hyperopt  |  TiSASRec x foursquare
  max_evals=10  epochs=100  patience=10  wandb=off
  search_algo=tpe
  batch_size(train/valid/test)=4096/4096/4096
  track=baseline_2  axis=pair60_v3_lr10  phase=PAIR60_V3_LR10_DFOURSQUARE_MTISASREC_P033_C2_S1
=================================================================
Changed knobs: learning_rate
Tuned params(len>1): 1  (~1 discrete combos)
Tuned groups: 1
  [optimization]
    learning_rate                   [0.00019814661238587956, 0.0008322157720206943]  -> loguniform
Fixed params(singleton/non-list): 13
Fixed groups: 13
  [optimization]
    hidden_dropout_prob             0.15                                    
    weight_decay                    0.0002                                  
  [model_core]
    attn_dropout_prob               0.15                                    
    dropout_ratio                   0.15                                    
    embedding_size                  160                                     
    hidden_size                     160                                     
    inner_size                      320                                     
    num_heads                       4                                       
    num_layers                      2                                       
  [other]
    MAX_ITEM_LIST_LENGTH            28                                      
    n_heads                         4                                       
    n_layers                        2                                       
    time_span                       384                                     

[Wandb] disabled for this hyperopt run

[1/10] learning_rate=0.0003193
  -> MRR@20=0.152300  best=0.152300  (early_stop@53, trial=4.3min, avg=4.4min/trial, total=4.4min, ETA=39.9min)
[TRIAL_METRICS] cur_best_mrr20=0.152300 cur_best_hr10=0.272900 cur_test_mrr20=0.150600 cur_test_hr10=0.271600 run_best_mrr20=0.152300 run_best_hr10=0.272900 run_test_mrr20=0.150600 run_test_hr10=0.271600

[2/10] learning_rate=0.0002137
  -> MRR@20=0.151600  best=0.152300  (early_stop@65, trial=5.3min, avg=4.9min/trial, total=9.8min, ETA=39.1min)
[TRIAL_METRICS] cur_best_mrr20=0.151600 cur_best_hr10=0.268500 cur_test_mrr20=0.147900 cur_test_hr10=0.265700 run_best_mrr20=0.152300 run_best_hr10=0.272900 run_test_mrr20=0.150600 run_test_hr10=0.271600

[3/10] learning_rate=0.0004478
  -> MRR@20=0.156900  best=0.156900  (early_stop@43, trial=3.5min, avg=4.4min/trial, total=13.3min, ETA=31.0min)
[TRIAL_METRICS] cur_best_mrr20=0.156900 cur_best_hr10=0.283000 cur_test_mrr20=0.154900 cur_test_hr10=0.278300 run_best_mrr20=0.156900 run_best_hr10=0.283000 run_test_mrr20=0.154900 run_test_hr10=0.278300

[4/10] learning_rate=0.0005543
  -> MRR@20=0.154300  best=0.156900  (early_stop@36, trial=3.3min, avg=4.2min/trial, total=16.7min, ETA=25.0min)
[TRIAL_METRICS] cur_best_mrr20=0.154300 cur_best_hr10=0.274000 cur_test_mrr20=0.152000 cur_test_hr10=0.273900 run_best_mrr20=0.156900 run_best_hr10=0.283000 run_test_mrr20=0.154900 run_test_hr10=0.278300

[5/10] learning_rate=0.0008037
  -> MRR@20=0.152100  best=0.156900  (early_stop@29, trial=2.4min, avg=3.8min/trial, total=19.0min, ETA=19.0min)
[TRIAL_METRICS] cur_best_mrr20=0.152100 cur_best_hr10=0.277000 cur_test_mrr20=0.151400 cur_test_hr10=0.267900 run_best_mrr20=0.156900 run_best_hr10=0.283000 run_test_mrr20=0.154900 run_test_hr10=0.278300

[6/10] learning_rate=0.000591
  -> MRR@20=0.152400  best=0.156900  (early_stop@35, trial=2.9min, avg=3.6min/trial, total=21.9min, ETA=14.6min)
[TRIAL_METRICS] cur_best_mrr20=0.152400 cur_best_hr10=0.279200 cur_test_mrr20=0.152200 cur_test_hr10=0.270900 run_best_mrr20=0.156900 run_best_hr10=0.283000 run_test_mrr20=0.154900 run_test_hr10=0.278300

[7/10] learning_rate=0.0003605
  -> MRR@20=0.154400  best=0.156900  (early_stop@47, trial=3.8min, avg=3.7min/trial, total=25.7min, ETA=11.0min)
[TRIAL_METRICS] cur_best_mrr20=0.154400 cur_best_hr10=0.280000 cur_test_mrr20=0.151600 cur_test_hr10=0.273900 run_best_mrr20=0.156900 run_best_hr10=0.283000 run_test_mrr20=0.154900 run_test_hr10=0.278300

[8/10] learning_rate=0.0004068
  -> MRR@20=0.157200  best=0.157200  (early_stop@43, trial=3.5min, avg=3.7min/trial, total=29.3min, ETA=7.3min)
[TRIAL_METRICS] cur_best_mrr20=0.157200 cur_best_hr10=0.285900 cur_test_mrr20=0.155100 cur_test_hr10=0.276500 run_best_mrr20=0.157200 run_best_hr10=0.285900 run_test_mrr20=0.155100 run_test_hr10=0.276500

[9/10] learning_rate=0.0003449
  -> MRR@20=0.153500  best=0.157200  (early_stop@47, trial=3.8min, avg=3.7min/trial, total=33.1min, ETA=3.7min)
[TRIAL_METRICS] cur_best_mrr20=0.153500 cur_best_hr10=0.279200 cur_test_mrr20=0.151500 cur_test_hr10=0.273500 run_best_mrr20=0.157200 run_best_hr10=0.285900 run_test_mrr20=0.155100 run_test_hr10=0.276500

[10/10] learning_rate=0.000762
  -> MRR@20=0.150700  best=0.157200  (early_stop@31, trial=2.5min, avg=3.6min/trial, total=35.7min, ETA=0s)
[TRIAL_METRICS] cur_best_mrr20=0.150700 cur_best_hr10=0.269600 cur_test_mrr20=0.147800 cur_test_hr10=0.265300 run_best_mrr20=0.157200 run_best_hr10=0.285900 run_test_mrr20=0.155100 run_test_hr10=0.276500

=================================================================
  DONE  |  TiSASRec x foursquare
  Best MRR@20 = 0.157200  |  10/10 trials OK
  Best HR@10  = 0.285900
  Test MRR@20 = 0.155100  (best-valid checkpoint)
  Test HR@10  = 0.276500  (best-valid checkpoint)
[RUN_METRICS] best_valid_mrr20=0.157200 best_valid_hr10=0.285900 test_mrr20=0.155100 test_hr10=0.276500
  Total time: 35.7 min
  Best params:
    learning_rate: 0.000406753
  Results -> /workspace/FeaturedMoE/experiments/run/artifacts/results/baseline_2/foursquare_TiSASRec_pair60_v3_lr10_dfoursquare_mtisasrec_p033_c2_s1_20260415_034428_044105_pid1137145.json
  Normal mirror -> /workspace/FeaturedMoE/experiments/run/artifacts/results/baseline_2/normal/pair60_v3_lr10/PAIR60/foursquare/TiSASRec/foursquare_TiSASRec_pair60_v3_lr10_dfoursquare_mtisasrec_p033_c2_s1_20260415_034428_044105_pid1137145.json
  Special result -> /workspace/FeaturedMoE/experiments/run/artifacts/results/baseline_2/special/pair60_v3_lr10/PAIR60/foursquare/TiSASRec/foursquare_TiSASRec_pair60_v3_lr10_dfoursquare_mtisasrec_p033_c2_s1_20260415_034428_044105_pid1137145_special_metrics.json
  Special log -> /workspace/FeaturedMoE/experiments/run/artifacts/logs/baseline_2/special/pair60_v3_lr10/PAIR60/foursquare/TiSASRec/foursquare_TiSASRec_pair60_v3_lr10_dfoursquare_mtisasrec_p033_c2_s1_20260415_034428_044105_pid1137145_special_metrics.json
=================================================================

[RUN_STATUS] END status=normal pid=1137145 start=2026-04-15T03:44:27 end=2026-04-15T04:20:08
