[N4_CORE_GLOBAL_QUEUE_SETTING_HEADER]
run_phase=P4A_BEAUTY_B01_B25_LR_H8_SEEN_ANCHOR_RC_14_S4 exp_brief=A12_ATTN_MICRO_BEFORE_NO_BIAS_ALL_W5 phase_id=P4A axis_id=N4ABLA setting_id=RC-14 hparam_id= seed=4
desc=routing_plus_group_gated_bias
dataset=beauty gpu=5 order=78
max_evals=10 tune_epochs=100 tune_patience=10
seed=426055

[COMMAND]
- /venv/FMoE/bin/python hyperopt_tune.py --config-name config --search-algo random --max-evals 10 --tune-epochs 100 --tune-patience 10 --seed 426055 --run-group fmoe_n4 --run-axis ablation_dualset_core_global_queue_v1 --run-phase P4A_BEAUTY_B01_B25_LR_H8_SEEN_ANCHOR_RC_14_S4 model=featured_moe_n3_tune dataset=beauty eval_mode=session_fixed feature_mode=full_v4 ++eval_sampling.mode=full ++eval_sampling.auto_full_threshold=999999999 ++special_logging=true ++exclude_unseen_target_from_main_eval=true ++log_unseen_target_metrics=true gpu_id=5 use_gpu=true enable_tf32=true log_wandb=false fmoe_debug_logging=false fmoe_diag_logging=true fmoe_special_logging=true fmoe_feature_ablation_logging=false fmoe_eval_logging_timing=final_only ++fmoe_logging_output_root="run/artifacts/logging" ++fmoe_logging_layout="axis_dataset_arch_hparam" ++fmoe_architecture_id="A12" ++fmoe_architecture_key="A12_ATTN_MICRO_BEFORE_NO_BIAS_ALL_W5" ++fmoe_hparam_id="H8" ++fmoe_phase="P4A" train_batch_size=3584 eval_batch_size=4608 ++phase_run_type="routing_control" ++phase_axis_id="N4ABLA" ++phase_axis_desc="routing_control_dualset" ++phase_setting_id="RC-14" ++phase_setting_key="INJECTION_GROUP_GATED_BIAS" ++phase_hparam_id="H8" ++phase_seed_id=4 ++phase_run_id="BEAUTY_B01_B25_LR_H8_SEEN_ANCHOR_RC_14_S4" ++layer_layout=["attn","macro_ffn","mid_ffn","attn","micro_ffn"] ++stage_compute_mode={macro:"moe",mid:"moe",micro:"moe"} ++stage_router_mode={macro:"learned",mid:"learned",micro:"learned"} ++stage_router_source={macro:"both",mid:"both",micro:"both"} ++stage_feature_injection={macro:"group_gated_bias",mid:"group_gated_bias",micro:"group_gated_bias"} ++topk_scope_mode="global_flat" ++moe_top_k=0 ++balance_loss_lambda=0.0 ++z_loss_lambda=0.0002 ++gate_entropy_lambda=0.0 ++route_smoothness_lambda=0.0 ++route_consistency_lambda=0.0008 ++route_sharpness_lambda=0.0 ++route_monopoly_lambda=0.0 ++route_monopoly_tau=0.25 ++route_prior_lambda=0.0 ++group_prior_align_lambda=0.0 ++factored_group_balance_lambda=0.0 ++rule_agreement_lambda=0.0 ++group_coverage_lambda=0.0 ++feature_group_bias_lambda=0.0 ++rule_bias_scale=0.0 ++primitive_balance_lambda=0.0 ++wrapper_group_feature_align_lambda=0.0 ++stage_router_primitives={macro:{a_joint:{source:"feature",temperature:1.0,top_k:0},b_group:{source:"feature",temperature:1.0,top_k:0},c_shared:{source:"feature",temperature:1.0,top_k:0},d_cond:{source:"feature",temperature:1.0,top_k:0},e_scalar:{source:"feature",temperature:1.0,top_k:0},wrapper:{alpha_d:1.0,alpha_struct:1.0,alpha_a:1.0}},mid:{a_joint:{source:"feature",temperature:1.0,top_k:0},b_group:{source:"feature",temperature:1.0,top_k:0},c_shared:{source:"feature",temperature:1.0,top_k:0},d_cond:{source:"feature",temperature:1.0,top_k:0},e_scalar:{source:"feature",temperature:1.0,top_k:0},wrapper:{alpha_d:1.0,alpha_struct:1.0,alpha_a:1.0}},micro:{a_joint:{source:"feature",temperature:1.0,top_k:0},b_group:{source:"feature",temperature:1.0,top_k:0},c_shared:{source:"feature",temperature:1.0,top_k:0},d_cond:{source:"feature",temperature:1.0,top_k:0},e_scalar:{source:"feature",temperature:1.0,top_k:0},wrapper:{alpha_d:1.0,alpha_struct:1.0,alpha_a:1.0}}} ++stage_router_wrapper={macro:"w5_exd",mid:"w5_exd",micro:"w5_exd"} ++stage_router_granularity={macro:"session",mid:"session",micro:"token"} ++macro_history_window=5 ++route_consistency_pairs=1 ++route_consistency_min_sim=0.995 ++bias_mode="none" ++stage_family_dropout_prob={macro:0.03,micro:0.03,mid:0.03} ++stage_feature_dropout_prob={macro:0.0,mid:0.0,micro:0.0} ++stage_feature_dropout_scope={macro:"token",mid:"token",micro:"token"} ++embedding_size=128 ++d_ff=256 ++d_expert_hidden=128 ++d_router_hidden=64 ++MAX_ITEM_LIST_LENGTH=20 ++d_feat_emb=12 ++expert_scale=3 ++lr_scheduler_type="warmup_cosine" ++num_heads=4 ++hidden_dropout_prob=0.18 ++lr_scheduler_min_lr_ratio=0.05 ++search.learning_rate=[0.001289337933,0.001510367293,0.0016577202,0.00176823488,0.001841911333,0.001915587786,0.002026102466,0.002173455373,0.002394484733] ++search_space_type_overrides.learning_rate=choice
/venv/FMoE/lib/python3.10/site-packages/ray/_private/parameter.py:4: UserWarning: pkg_resources is deprecated as an API. See https://setuptools.pypa.io/en/latest/pkg_resources.html. The pkg_resources package is slated for removal as early as 2025-11-30. Refrain from using this package or pin to Setuptools<81.
  import pkg_resources
[RUN_STATUS] START pid=1469100 ts=2026-04-17T04:44:18
[Info] Finite choice-only space has 9 unique combos; capping max_evals 10 -> 9
[UniqueChoice] enabled: dedupe/remap duplicates across 9 finite combos

=================================================================
  Hyperopt  |  FeaturedMoE_N3 x beauty
  max_evals=9  epochs=100  patience=10  wandb=off
  search_algo=random
  batch_size(train/valid/test)=3584/4608/4608
  track=fmoe_n4  axis=ablation_dualset_core_global_queue_v1  phase=P4A_BEAUTY_B01_B25_LR_H8_SEEN_ANCHOR_RC_14_S4
=================================================================
Changed knobs: learning_rate
Tuned params(len>1): 1  (~9 discrete combos)
Tuned groups: 1
  [optimization]
    learning_rate                   [0.001289337933, 0.001510367293, 0.0016577202, 0.00176823488, 0.001841911333, 0.001915587786, 0.002026102466, 0.002173455373, 0.002394484733]  -> choice
Fixed params(singleton/non-list): 0
Fixed groups: 0
  (none)

[Wandb] disabled for this hyperopt run

[1/9] learning_rate=0.001916
  -> MRR@20=0.084600  best=0.084600  (early_stop@33, trial=43s, avg=45s/trial, total=45s, ETA=6.0min)
[TRIAL_METRICS] cur_best_mrr20=0.084600 cur_best_hr10=0.160600 cur_test_mrr20=0.063200 cur_test_hr10=0.151900 avg_epoch_time_sec=1.2871 test_eval_time_sec=0.0533 test_eval_batches_per_sec=18.7457 test_eval_targets_per_sec=11191.2092 run_best_mrr20=0.084600 run_best_hr10=0.160600 run_test_mrr20=0.063200 run_test_hr10=0.151900
[UniqueChoice] remap duplicate suggestion -> {'learning_rate': 0.001289337933}

[2/9] learning_rate=0.001289
  -> MRR@20=0.089500  best=0.089500  (early_stop@48, trial=57s, avg=51s/trial, total=1.7min, ETA=6.0min)
[TRIAL_METRICS] cur_best_mrr20=0.089500 cur_best_hr10=0.156600 cur_test_mrr20=0.057100 cur_test_hr10=0.157600 avg_epoch_time_sec=1.1824 test_eval_time_sec=0.0532 test_eval_batches_per_sec=18.8010 test_eval_targets_per_sec=11224.2176 run_best_mrr20=0.089500 run_best_hr10=0.156600 run_test_mrr20=0.057100 run_test_hr10=0.157600
[UniqueChoice] remap duplicate suggestion -> {'learning_rate': 0.001510367293}

[3/9] learning_rate=0.00151
  -> MRR@20=0.086800  best=0.089500  (early_stop@48, trial=60s, avg=54s/trial, total=2.7min, ETA=5.4min)
[TRIAL_METRICS] cur_best_mrr20=0.086800 cur_best_hr10=0.146600 cur_test_mrr20=0.057000 cur_test_hr10=0.149000 avg_epoch_time_sec=1.2339 test_eval_time_sec=0.0541 test_eval_batches_per_sec=18.4761 test_eval_targets_per_sec=11030.2517 run_best_mrr20=0.089500 run_best_hr10=0.156600 run_test_mrr20=0.057100 run_test_hr10=0.157600
[UniqueChoice] remap duplicate suggestion -> {'learning_rate': 0.0016577202}

[4/9] learning_rate=0.001658
  -> MRR@20=0.087400  best=0.089500  (early_stop@33, trial=40s, avg=51s/trial, total=3.4min, ETA=4.2min)
[TRIAL_METRICS] cur_best_mrr20=0.087400 cur_best_hr10=0.168700 cur_test_mrr20=0.065300 cur_test_hr10=0.157600 avg_epoch_time_sec=1.2035 test_eval_time_sec=0.0522 test_eval_batches_per_sec=19.1694 test_eval_targets_per_sec=11444.1344 run_best_mrr20=0.089500 run_best_hr10=0.156600 run_test_mrr20=0.057100 run_test_hr10=0.157600

[5/9] learning_rate=0.002173
  -> MRR@20=0.083900  best=0.089500  (early_stop@32, trial=39s, avg=49s/trial, total=4.0min, ETA=3.2min)
[TRIAL_METRICS] cur_best_mrr20=0.083900 cur_best_hr10=0.156600 cur_test_mrr20=0.069000 cur_test_hr10=0.151900 avg_epoch_time_sec=1.2231 test_eval_time_sec=0.0519 test_eval_batches_per_sec=19.2814 test_eval_targets_per_sec=11511.0007 run_best_mrr20=0.089500 run_best_hr10=0.156600 run_test_mrr20=0.057100 run_test_hr10=0.157600

[6/9] learning_rate=0.002026
  -> MRR@20=0.085600  best=0.089500  (early_stop@32, trial=38s, avg=47s/trial, total=4.7min, ETA=2.3min)
[TRIAL_METRICS] cur_best_mrr20=0.085600 cur_best_hr10=0.158600 cur_test_mrr20=0.069300 cur_test_hr10=0.154700 avg_epoch_time_sec=1.1699 test_eval_time_sec=0.0517 test_eval_batches_per_sec=19.3534 test_eval_targets_per_sec=11553.9700 run_best_mrr20=0.089500 run_best_hr10=0.156600 run_test_mrr20=0.057100 run_test_hr10=0.157600
[UniqueChoice] remap duplicate suggestion -> {'learning_rate': 0.00176823488}

[7/9] learning_rate=0.001768
  -> MRR@20=0.085100  best=0.089500  (early_stop@33, trial=39s, avg=46s/trial, total=5.3min, ETA=1.5min)
[TRIAL_METRICS] cur_best_mrr20=0.085100 cur_best_hr10=0.170700 cur_test_mrr20=0.064700 cur_test_hr10=0.157600 avg_epoch_time_sec=1.1776 test_eval_time_sec=0.0515 test_eval_batches_per_sec=19.4103 test_eval_targets_per_sec=11587.9229 run_best_mrr20=0.089500 run_best_hr10=0.156600 run_test_mrr20=0.057100 run_test_hr10=0.157600

[8/9] learning_rate=0.002394
  -> MRR@20=0.082200  best=0.089500  (early_stop@28, trial=34s, avg=44s/trial, total=5.9min, ETA=44s)
[TRIAL_METRICS] cur_best_mrr20=0.082200 cur_best_hr10=0.174700 cur_test_mrr20=0.070800 cur_test_hr10=0.157600 avg_epoch_time_sec=1.2177 test_eval_time_sec=0.0524 test_eval_batches_per_sec=19.0684 test_eval_targets_per_sec=11383.8339 run_best_mrr20=0.089500 run_best_hr10=0.156600 run_test_mrr20=0.057100 run_test_hr10=0.157600
[UniqueChoice] remap duplicate suggestion -> {'learning_rate': 0.001841911333}

[9/9] learning_rate=0.001842
  -> MRR@20=0.084900  best=0.089500  (early_stop@33, trial=41s, avg=44s/trial, total=6.6min, ETA=0s)
[TRIAL_METRICS] cur_best_mrr20=0.084900 cur_best_hr10=0.166700 cur_test_mrr20=0.062800 cur_test_hr10=0.157600 avg_epoch_time_sec=1.2443 test_eval_time_sec=0.0523 test_eval_batches_per_sec=19.1053 test_eval_targets_per_sec=11405.8719 run_best_mrr20=0.089500 run_best_hr10=0.156600 run_test_mrr20=0.057100 run_test_hr10=0.157600
[1;35mEvaluate   [0m:   0%|                                                            | 0/1 [00:00<?, ?it/s][0m[1;35mEvaluate   [0m:   0%|                                   | 0/1 [00:00<?, ?it/s, [1;33mGPU RAM: 8.40 G/23.52 G[0m][0m[1;35mEvaluate   [0m: 100%|███████████████████████████| 1/1 [00:00<00:00,  3.60it/s, [1;33mGPU RAM: 8.40 G/23.52 G[0m][0m                                                                                                    [1;35mEvaluate   [0m:   0%|                                                            | 0/1 [00:00<?, ?it/s][0m[1;35mEvaluate   [0m:   0%|                                   | 0/1 [00:00<?, ?it/s, [1;33mGPU RAM: 8.40 G/23.52 G[0m][0m[1;35mEvaluate   [0m: 100%|███████████████████████████| 1/1 [00:00<00:00,  4.13it/s, [1;33mGPU RAM: 8.40 G/23.52 G[0m][0m                                                                                                    [1;35mEvaluate   [0m:   0%|                                                            | 0/1 [00:00<?, ?it/s][0m[1;35mEvaluate   [0m:   0%|                                   | 0/1 [00:00<?, ?it/s, [1;33mGPU RAM: 8.40 G/23.52 G[0m][0m[1;35mEvaluate   [0m: 100%|███████████████████████████| 1/1 [00:00<00:00,  3.78it/s, [1;33mGPU RAM: 8.40 G/23.52 G[0m][0m                                                                                                    
=================================================================
  DONE  |  FeaturedMoE_N3 x beauty
  Best MRR@20 = 0.089500  |  9/9 trials OK
  Best HR@10  = 0.156600
  Test MRR@20 = 0.057100  (best-valid checkpoint)
  Test HR@10  = 0.157600  (best-valid checkpoint)
  Avg epoch time = 1.182 sec/epoch
  Final test eval = 0.053 sec | batches/s=18.801 | targets/s=11224.218
[RUN_METRICS] best_valid_mrr20=0.089500 best_valid_hr10=0.156600 test_mrr20=0.057100 test_hr10=0.157600 avg_epoch_time_sec=1.1824 test_eval_time_sec=0.0532 test_eval_batches_per_sec=18.8010 test_eval_targets_per_sec=11224.2176
  Total time: 6.6 min
  Best params:
    learning_rate: 0.00191559
  Results -> /workspace/FeaturedMoE/experiments/run/artifacts/results/fmoe_n4/beauty_FeaturedMoE_N3_p4a_beauty_b01_b25_lr_h8_seen_anchor_rc_14_s4_20260417_044419_237489_pid1469100.json
  Normal mirror -> /workspace/FeaturedMoE/experiments/run/artifacts/results/fmoe_n4/normal/ablation_dualset_core_global_queue_v1/P4A/beauty/FMoEN3/beauty_FeaturedMoE_N3_p4a_beauty_b01_b25_lr_h8_seen_anchor_rc_14_s4_20260417_044419_237489_pid1469100.json
  Special result -> /workspace/FeaturedMoE/experiments/run/artifacts/results/fmoe_n4/special/ablation_dualset_core_global_queue_v1/P4A/beauty/FMoEN3/beauty_FeaturedMoE_N3_p4a_beauty_b01_b25_lr_h8_seen_anchor_rc_14_s4_20260417_044419_237489_pid1469100_special_metrics.json
  Special log -> /workspace/FeaturedMoE/experiments/run/artifacts/logs/fmoe_n4/special/ablation_dualset_core_global_queue_v1/P4A/beauty/FMoEN3/beauty_FeaturedMoE_N3_p4a_beauty_b01_b25_lr_h8_seen_anchor_rc_14_s4_20260417_044419_237489_pid1469100_special_metrics.json
=================================================================

[RUN_STATUS] END status=normal pid=1469100 start=2026-04-17T04:44:18 end=2026-04-17T04:50:57
