[STAGEC_FOCUS_ANCHOR2_CORE5_SETTING_HEADER]
run_phase=P18_SC_D01_M03_P02_DUOREC_B6_C1_S1 run_id=SC_AMAZON_BEAUTY_DUOREC_B6_C1_S1 phase_id=P18 axis_id=SC model=DuoRec profile_id=C1 parent_profile_id=B6 seed=1
dataset=amazon_beauty gpu=5 order=0 lr_band=LR3,LR2 lr_lo=0.0003983058823529411 lr_hi=0.0031468305600000006
max_evals=4 tune_epochs=30 tune_patience=4
seed=180030

[COMMAND]
- /venv/FMoE/bin/python hyperopt_tune.py --config-name tune_ab --max-evals 4 --tune-epochs 30 --tune-patience 4 --seed 180030 --run-group baseline --run-axis StageC_Focus_anchor2_core5 --run-phase P18_SC_D01_M03_P02_DUOREC_B6_C1_S1 model=duorec dataset=amazon_beauty eval_mode=session_fixed feature_mode=full_v3 gpu_id=5 log_wandb=false show_progress=false ++special_logging=true ++seed=180030 ++search={learning_rate:[0.0003983058823529411,0.0031468305600000006]} ++search_space_type_overrides={learning_rate:"loguniform"} ++MAX_ITEM_LIST_LENGTH=10 ++weight_decay=0.0002835 ++search.weight_decay=[0.0002835] ++search_space_type_overrides.weight_decay=choice ++search.hidden_size=[128] ++search_space_type_overrides.hidden_size=choice ++search.embedding_size=[128] ++search_space_type_overrides.embedding_size=choice ++search.n_layers=[1] ++search_space_type_overrides.n_layers=choice ++search.num_layers=[1] ++search_space_type_overrides.num_layers=choice ++search.dropout_ratio=[0.2] ++search_space_type_overrides.dropout_ratio=choice ++search.dropout_prob=[0.2] ++search_space_type_overrides.dropout_prob=choice ++search.hidden_dropout_prob=[0.2] ++search_space_type_overrides.hidden_dropout_prob=choice ++search.attn_dropout_prob=[0.2] ++search_space_type_overrides.attn_dropout_prob=choice ++search.inner_size=[256] ++search_space_type_overrides.inner_size=choice ++search.n_heads=[2] ++search_space_type_overrides.n_heads=choice ++search.num_heads=[2] ++search_space_type_overrides.num_heads=choice ++dropout_ratio=0.2 ++hidden_size=128 ++embedding_size=128 ++n_layers=1 ++num_layers=1 ++n_heads=2 ++num_heads=2 ++inner_size=256 ++contrast=un ++tau=0.25 ++lmd=0.02 ++lmd_sem=0.0 ++semantic_sample_max_tries=2 ++train_batch_size=1024 ++eval_batch_size=1536
/venv/FMoE/lib/python3.10/site-packages/ray/_private/parameter.py:4: UserWarning: pkg_resources is deprecated as an API. See https://setuptools.pypa.io/en/latest/pkg_resources.html. The pkg_resources package is slated for removal as early as 2025-11-30. Refrain from using this package or pin to Setuptools<81.
  import pkg_resources
[RUN_STATUS] START pid=576016 ts=2026-03-30T11:37:37

=================================================================
  Hyperopt TPE  |  DuoRec x amazon_beauty
  max_evals=4  epochs=30  patience=4  wandb=off
  batch_size(train/valid/test)=1024/1536/1536
  track=baseline  axis=stagec_focus_anchor2_core5  phase=P18_SC_D01_M03_P02_DUOREC_B6_C1_S1
=================================================================
Changed knobs: MAX_ITEM_LIST_LENGTH, learning_rate
Tuned params(len>1): 2  (~4 discrete combos)
Tuned groups: 2
  [optimization]
    learning_rate                   [0.0003983058823529411, 0.0031468305600000006]  -> loguniform
  [other]
    MAX_ITEM_LIST_LENGTH            [5, 10, 30, 50]                           -> choice
Fixed params(singleton/non-list): 12
Fixed groups: 12
  [optimization]
    hidden_dropout_prob             0.2                                     
    weight_decay                    0.0002835                               
  [model_core]
    attn_dropout_prob               0.2                                     
    dropout_prob                    0.2                                     
    dropout_ratio                   0.2                                     
    embedding_size                  128                                     
    hidden_size                     128                                     
    inner_size                      256                                     
    num_heads                       2                                       
    num_layers                      1                                       
  [other]
    n_heads                         2                                       
    n_layers                        1                                       

[Wandb] disabled for this hyperopt run

[1/4] MAX_ITEM_LIST_LENGTH=30, learning_rate=0.0009508
  -> MRR@20=0.113700  best=0.113700  (early_stop@22, trial=13s, avg=16s/trial, total=16s, ETA=47s)
[TRIAL_METRICS] cur_best_mrr20=0.113700 cur_best_hr10=0.159300 cur_test_mrr20=0.088100 cur_test_hr10=0.114000 run_best_mrr20=0.113700 run_best_hr10=0.159300 run_test_mrr20=0.088100 run_test_hr10=0.114000

[2/4] MAX_ITEM_LIST_LENGTH=10, learning_rate=0.001115
  -> MRR@20=0.115400  best=0.115400  (early_stop@19, trial=10s, avg=13s/trial, total=26s, ETA=26s)
[TRIAL_METRICS] cur_best_mrr20=0.115400 cur_best_hr10=0.150400 cur_test_mrr20=0.085400 cur_test_hr10=0.096500 run_best_mrr20=0.115400 run_best_hr10=0.150400 run_test_mrr20=0.085400 run_test_hr10=0.096500

[3/4] MAX_ITEM_LIST_LENGTH=30, learning_rate=0.0009066
  -> MRR@20=0.113400  best=0.115400  (early_stop@23, trial=13s, avg=13s/trial, total=39s, ETA=13s)
[TRIAL_METRICS] cur_best_mrr20=0.113400 cur_best_hr10=0.159300 cur_test_mrr20=0.088800 cur_test_hr10=0.114000 run_best_mrr20=0.115400 run_best_hr10=0.150400 run_test_mrr20=0.085400 run_test_hr10=0.096500

[4/4] MAX_ITEM_LIST_LENGTH=5, learning_rate=0.0004133
  -> MRR@20=0.097300  best=0.115400  (early_stop@5, trial=2s, avg=11s/trial, total=42s, ETA=0s)
[TRIAL_METRICS] cur_best_mrr20=0.097300 cur_best_hr10=0.097300 cur_test_mrr20=0.079900 cur_test_hr10=0.078900 run_best_mrr20=0.115400 run_best_hr10=0.150400 run_test_mrr20=0.085400 run_test_hr10=0.096500

=================================================================
  DONE  |  DuoRec x amazon_beauty
  Best MRR@20 = 0.115400  |  4/4 trials OK
  Best HR@10  = 0.150400
  Test MRR@20 = 0.085400  (best-valid checkpoint)
  Test HR@10  = 0.096500  (best-valid checkpoint)
[RUN_METRICS] best_valid_mrr20=0.115400 best_valid_hr10=0.150400 test_mrr20=0.085400 test_hr10=0.096500
  Total time: 0.7 min
  Best params:
    MAX_ITEM_LIST_LENGTH: 10
    learning_rate: 0.00111454
  Results -> /workspace/jy1559/FMoE/experiments/run/artifacts/results/baseline/amazon_beauty_DuoRec_p18_sc_d01_m03_p02_duorec_b6_c1_s1_20260330_113737_278630_pid576016.json
  Normal mirror -> /workspace/jy1559/FMoE/experiments/run/artifacts/results/baseline/normal/stagec_focus_anchor2_core5/P18/amazon_beauty/DuoRec/amazon_beauty_DuoRec_p18_sc_d01_m03_p02_duorec_b6_c1_s1_20260330_113737_278630_pid576016.json
  Special result -> /workspace/jy1559/FMoE/experiments/run/artifacts/results/baseline/special/stagec_focus_anchor2_core5/P18/amazon_beauty/DuoRec/amazon_beauty_DuoRec_p18_sc_d01_m03_p02_duorec_b6_c1_s1_20260330_113737_278630_pid576016_special_metrics.json
  Special log -> /workspace/jy1559/FMoE/experiments/run/artifacts/logs/baseline/special/stagec_focus_anchor2_core5/P18/amazon_beauty/DuoRec/amazon_beauty_DuoRec_p18_sc_d01_m03_p02_duorec_b6_c1_s1_20260330_113737_278630_pid576016_special_metrics.json
=================================================================

[RUN_STATUS] END status=normal pid=576016 start=2026-03-30T11:37:37 end=2026-03-30T11:38:19
