[STAGEG_CROSS6X9_ANCHOR2_CORE5_SETTING_HEADER]
run_phase=P22_SG_D04_M07_C01_FEAREC_XFER_LASTFM0_03_FAD_H2_R1_C1_S2 run_id=SG_MOVIELENS1M_FEAREC_XFER_LASTFM0_03_FAD_H2_R1_C1_S2 phase_id=P22 axis_id=SG model=FEARec candidate_id=XFER_lastfm0.03_FAD_H2_R1_C1 seed=2
dataset=movielens1m gpu=5 order=0 candidate_source=final_transfer source_stage=Final_all_datasets transfer_from_dataset=lastfm0.03
max_evals=6 tune_epochs=42 tune_patience=6
seed=220037

[COMMAND]
- /venv/FMoE/bin/python hyperopt_tune.py --config-name tune_ml --max-evals 6 --tune-epochs 42 --tune-patience 6 --seed 220037 --run-group baseline --run-axis StageG_Cross6x9_anchor2_core5 --run-phase P22_SG_D04_M07_C01_FEAREC_XFER_LASTFM0_03_FAD_H2_R1_C1_S2 model=fearec dataset=movielens1m eval_mode=session_fixed feature_mode=full_v3 gpu_id=5 log_wandb=false show_progress=false ++special_logging=true ++seed=220037 ++search={learning_rate:[0.000154320987654321,0.00018343264533470644]} ++search_space_type_overrides={learning_rate:"loguniform"} ++weight_decay=0.00015 ++search.weight_decay=[0.00015] ++search_space_type_overrides.weight_decay=choice ++search.n_layers=[2] ++search_space_type_overrides.n_layers=choice ++search.num_layers=[2] ++search_space_type_overrides.num_layers=choice ++search.n_heads=[2] ++search_space_type_overrides.n_heads=choice ++search.num_heads=[2] ++search_space_type_overrides.num_heads=choice ++search.dropout_ratio=[0.12] ++search_space_type_overrides.dropout_ratio=choice ++search.dropout_prob=[0.12] ++search_space_type_overrides.dropout_prob=choice ++search.hidden_dropout_prob=[0.12] ++search_space_type_overrides.hidden_dropout_prob=choice ++search.attn_dropout_prob=[0.12] ++search_space_type_overrides.attn_dropout_prob=choice ++search.hidden_size=[128] ++search_space_type_overrides.hidden_size=choice ++search.embedding_size=[128] ++search_space_type_overrides.embedding_size=choice ++search.inner_size=[256] ++search_space_type_overrides.inner_size=choice ++search.time_span=[384] ++search_space_type_overrides.time_span=choice ++search.num_experts=[6] ++search_space_type_overrides.num_experts=choice ++search.state_size=[24] ++search_space_type_overrides.state_size=choice ++search.conv_kernel=[6] ++search_space_type_overrides.conv_kernel=choice ++search.remaining_ratio=[0.6] ++search_space_type_overrides.remaining_ratio=choice ++search.MAX_ITEM_LIST_LENGTH=[22] ++search_space_type_overrides.MAX_ITEM_LIST_LENGTH=choice ++dropout_ratio=0.12 ++contrast=un ++tau=0.2 ++lmd=0.04 ++lmd_sem=0.0 ++global_ratio=0.85 ++semantic_sample_max_tries=2 ++train_batch_size=640 ++eval_batch_size=896 ++hidden_size=128 ++embedding_size=128 ++MAX_ITEM_LIST_LENGTH=22 ++n_layers=2 ++num_layers=2 ++n_heads=2 ++num_heads=2 ++inner_size=256
/venv/FMoE/lib/python3.10/site-packages/ray/_private/parameter.py:4: UserWarning: pkg_resources is deprecated as an API. See https://setuptools.pypa.io/en/latest/pkg_resources.html. The pkg_resources package is slated for removal as early as 2025-11-30. Refrain from using this package or pin to Setuptools<81.
  import pkg_resources
[RUN_STATUS] START pid=337114 ts=2026-04-07T18:01:54

=================================================================
  Hyperopt TPE  |  FEARec x movielens1m
  max_evals=6  epochs=42  patience=6  wandb=off
  batch_size(train/valid/test)=640/896/896
  track=baseline  axis=stageg_cross6x9_anchor2_core5  phase=P22_SG_D04_M07_C01_FEAREC_XFER_LASTFM0_03_FAD_H2_R1_C1_S2
=================================================================
Changed knobs: learning_rate
Tuned params(len>1): 1  (~1 discrete combos)
Tuned groups: 1
  [optimization]
    learning_rate                   [0.000154320987654321, 0.00018343264533470644]  -> loguniform
Fixed params(singleton/non-list): 18
Fixed groups: 18
  [optimization]
    hidden_dropout_prob             0.12                                    
    weight_decay                    0.00015                                 
  [model_core]
    attn_dropout_prob               0.12                                    
    dropout_prob                    0.12                                    
    dropout_ratio                   0.12                                    
    embedding_size                  128                                     
    hidden_size                     128                                     
    inner_size                      256                                     
    num_heads                       2                                       
    num_layers                      2                                       
  [other]
    MAX_ITEM_LIST_LENGTH            22                                      
    conv_kernel                     6                                       
    n_heads                         2                                       
    n_layers                        2                                       
    num_experts                     6                                       
    remaining_ratio                 0.6                                     
    state_size                      24                                      
    time_span                       384                                     

[Wandb] disabled for this hyperopt run

[1/6] learning_rate=0.0001559
  -> MRR@20=0.064500  best=0.064500  (early_stop@38, trial=16.7min, avg=16.9min/trial, total=16.9min, ETA=1.41h)
[TRIAL_METRICS] cur_best_mrr20=0.064500 cur_best_hr10=0.175400 cur_test_mrr20=0.059500 cur_test_hr10=0.168900 run_best_mrr20=0.064500 run_best_hr10=0.175400 run_test_mrr20=0.059500 run_test_hr10=0.168900

[2/6] learning_rate=0.0001794
  -> MRR@20=0.047200  best=0.064500  (early_stop@19, trial=7.8min, avg=12.4min/trial, total=24.7min, ETA=49.4min)
[TRIAL_METRICS] cur_best_mrr20=0.047200 cur_best_hr10=0.129300 cur_test_mrr20=0.043700 cur_test_hr10=0.138900 run_best_mrr20=0.064500 run_best_hr10=0.175400 run_test_mrr20=0.059500 run_test_hr10=0.168900

[3/6] learning_rate=0.0001786
  -> MRR@20=0.063500  best=0.064500  (early_stop@30, trial=13.0min, avg=12.6min/trial, total=37.8min, ETA=37.8min)
[TRIAL_METRICS] cur_best_mrr20=0.063500 cur_best_hr10=0.165700 cur_test_mrr20=0.061700 cur_test_hr10=0.178100 run_best_mrr20=0.064500 run_best_hr10=0.175400 run_test_mrr20=0.059500 run_test_hr10=0.168900

[4/6] learning_rate=0.0001617
  -> MRR@20=0.059400  best=0.064500  (early_stop@42, trial=16.7min, avg=13.6min/trial, total=54.5min, ETA=27.3min)
[TRIAL_METRICS] cur_best_mrr20=0.059400 cur_best_hr10=0.157000 cur_test_mrr20=0.056600 cur_test_hr10=0.158300 run_best_mrr20=0.064500 run_best_hr10=0.175400 run_test_mrr20=0.059500 run_test_hr10=0.168900

[5/6] learning_rate=0.0001821
  -> MRR@20=0.056000  best=0.064500  (early_stop@31, trial=12.3min, avg=13.4min/trial, total=1.11h, ETA=13.4min)
[TRIAL_METRICS] cur_best_mrr20=0.056000 cur_best_hr10=0.159300 cur_test_mrr20=0.052500 cur_test_hr10=0.154100 run_best_mrr20=0.064500 run_best_hr10=0.175400 run_test_mrr20=0.059500 run_test_hr10=0.168900

[6/6] learning_rate=0.000167
  -> MRR@20=0.062200  best=0.064500  (full@42, trial=17.3min, avg=14.0min/trial, total=1.40h, ETA=0s)
[TRIAL_METRICS] cur_best_mrr20=0.062200 cur_best_hr10=0.164800 cur_test_mrr20=0.057200 cur_test_hr10=0.158300 run_best_mrr20=0.064500 run_best_hr10=0.175400 run_test_mrr20=0.059500 run_test_hr10=0.168900

=================================================================
  DONE  |  FEARec x movielens1m
  Best MRR@20 = 0.064500  |  6/6 trials OK
  Best HR@10  = 0.175400
  Test MRR@20 = 0.059500  (best-valid checkpoint)
  Test HR@10  = 0.168900  (best-valid checkpoint)
[RUN_METRICS] best_valid_mrr20=0.064500 best_valid_hr10=0.175400 test_mrr20=0.059500 test_hr10=0.168900
  Total time: 84.2 min
  Best params:
    learning_rate: 0.000155913
  Results -> /workspace/jy1559/FMoE/experiments/run/artifacts/results/baseline/movielens1m_FEARec_p22_sg_d04_m07_c01_fearec_xfer_lastfm0_03_fad_h2_r1_c1_s2_20260407_180154_256303_pid337114.json
  Normal mirror -> /workspace/jy1559/FMoE/experiments/run/artifacts/results/baseline/normal/stageg_cross6x9_anchor2_core5/P22/movielens1m/FEARec/movielens1m_FEARec_p22_sg_d04_m07_c01_fearec_xfer_lastfm0_03_fad_h2_r1_c1_s2_20260407_180154_256303_pid337114.json
  Special result -> /workspace/jy1559/FMoE/experiments/run/artifacts/results/baseline/special/stageg_cross6x9_anchor2_core5/P22/movielens1m/FEARec/movielens1m_FEARec_p22_sg_d04_m07_c01_fearec_xfer_lastfm0_03_fad_h2_r1_c1_s2_20260407_180154_256303_pid337114_special_metrics.json
  Special log -> /workspace/jy1559/FMoE/experiments/run/artifacts/logs/baseline/special/stageg_cross6x9_anchor2_core5/P22/movielens1m/FEARec/movielens1m_FEARec_p22_sg_d04_m07_c01_fearec_xfer_lastfm0_03_fad_h2_r1_c1_s2_20260407_180154_256303_pid337114_special_metrics.json
=================================================================

[RUN_STATUS] END status=normal pid=337114 start=2026-04-07T18:01:54 end=2026-04-07T19:26:03
