# job_id=ADD_STAGE1_BEAUTY_FEAREC_ARCHITECTURE dataset=beauty model=fearec stage=stage1
# cmd=/venv/FMoE/bin/python /workspace/FeaturedMoE/experiments/hyperopt_tune.py --config-name tune_ab --search-algo tpe --max-evals 14 --tune-epochs 40 --tune-patience 5 --seed 910023 --run-group final_experiment_addtuning --run-axis add_stage1_architecture --run-phase ADD_STAGE1_BEAUTY_FEAREC_ARCHITECTURE model=fearec dataset=beauty eval_mode=session_fixed feature_mode=full_v4 ++eval_sampling.mode=full ++eval_sampling.auto_full_threshold=999999999 ++special_logging=true ++exclude_unseen_target_from_main_eval=true ++log_unseen_target_metrics=true gpu_id=5 log_wandb=false show_progress=false ++seed=910023 --max-run-hours 2 --oom-retry-limit 5 ++search.learning_rate=[0.00082629,0.00065727,0.00046476,0.00032863,0.00023238] ++search_space_type_overrides.learning_rate=choice ++search.hidden_size=[160,128] ++search_space_type_overrides.hidden_size=choice ++search.embedding_size=[128,112] ++search_space_type_overrides.embedding_size=choice ++search.inner_size=[256,224] ++search_space_type_overrides.inner_size=choice ++search.dropout_ratio=[0.12] ++search_space_type_overrides.dropout_ratio=choice ++search.weight_decay=[0.000216] ++search_space_type_overrides.weight_decay=choice ++search.MAX_ITEM_LIST_LENGTH=[10] ++search_space_type_overrides.MAX_ITEM_LIST_LENGTH=choice ++search.n_layers=[1] ++search_space_type_overrides.n_layers=choice ++search.n_heads=[2] ++search_space_type_overrides.n_heads=choice ++search.hidden_dropout_prob=[0.1] ++search_space_type_overrides.hidden_dropout_prob=choice ++search.attn_dropout_prob=[0.12] ++search_space_type_overrides.attn_dropout_prob=choice ++search.tau=[0.22] ++search_space_type_overrides.tau=choice ++search.lmd=[0.05] ++search_space_type_overrides.lmd=choice ++search.lmd_sem=[0.1] ++search_space_type_overrides.lmd_sem=choice ++search.num_layers=[1] ++search_space_type_overrides.num_layers=choice ++search.num_heads=[1] ++search_space_type_overrides.num_heads=choice ++search.dropout_prob=[0.1] ++search_space_type_overrides.dropout_prob=choice

/venv/FMoE/lib/python3.10/site-packages/ray/_private/parameter.py:4: UserWarning: pkg_resources is deprecated as an API. See https://setuptools.pypa.io/en/latest/pkg_resources.html. The pkg_resources package is slated for removal as early as 2025-11-30. Refrain from using this package or pin to Setuptools<81.
  import pkg_resources
[RUN_STATUS] START pid=1722364 ts=2026-04-18T15:46:12
[UniqueChoice] enabled: dedupe/remap duplicates across 40 finite combos

=================================================================
  Hyperopt  |  FEARec x beauty
  max_evals=14  epochs=40  patience=5  wandb=off
  search_algo=tpe
  max_run_hours=2.000  (stop launching new trials after current trial)
  oom_retry_limit=5  (halve train/eval batch size on OOM)
  batch_size(train/valid/test)=4096/8192/8192
  track=final_experiment_addtuning  axis=add_stage1_architecture  phase=ADD_STAGE1_BEAUTY_FEAREC_ARCHITECTURE
=================================================================
Changed knobs: embedding_size, hidden_size, inner_size, learning_rate
Tuned params(len>1): 4  (~40 discrete combos)
Tuned groups: 4
  [optimization]
    learning_rate                   [0.00082629, 0.00065727, 0.00046476, 0.00032863, 0.00023238]  -> choice
  [model_core]
    embedding_size                  [128, 112]                                -> choice
    hidden_size                     [160, 128]                                -> choice
    inner_size                      [256, 224]                                -> choice
Fixed params(singleton/non-list): 13
Fixed groups: 13
  [optimization]
    hidden_dropout_prob             0.1                                     
    weight_decay                    0.000216                                
  [model_core]
    attn_dropout_prob               0.12                                    
    dropout_prob                    0.1                                     
    dropout_ratio                   0.12                                    
    num_heads                       1                                       
    num_layers                      1                                       
  [other]
    MAX_ITEM_LIST_LENGTH            10                                      
    lmd                             0.05                                    
    lmd_sem                         0.1                                     
    n_heads                         2                                       
    n_layers                        1                                       
    tau                             0.22                                    

[Wandb] disabled for this hyperopt run

[1/14] embedding_size=128, hidden_size=160, inner_size=256, learning_rate=0.0008263
  -> MRR@20=0.016800  best=0.016800  (early_stop@11, trial=14s, avg=17s/trial, total=17s, ETA=3.6min)
[TRIAL_METRICS] cur_best_mrr20=0.016800 cur_best_hr10=0.024100 cur_test_mrr20=0.010200 cur_test_hr10=0.014300 avg_epoch_time_sec=1.2702 test_eval_time_sec=0.0173 test_eval_batches_per_sec=57.8852 test_eval_targets_per_sec=34557.4668 run_best_mrr20=0.016800 run_best_hr10=0.024100 run_test_mrr20=0.010200 run_test_hr10=0.014300

[2/14] embedding_size=128, hidden_size=128, inner_size=256, learning_rate=0.0003286
  -> MRR@20=0.020300  best=0.020300  (early_stop@16, trial=19s, avg=18s/trial, total=36s, ETA=3.6min)
[TRIAL_METRICS] cur_best_mrr20=0.020300 cur_best_hr10=0.026100 cur_test_mrr20=0.017700 cur_test_hr10=0.022900 avg_epoch_time_sec=1.1579 test_eval_time_sec=0.0167 test_eval_batches_per_sec=59.7641 test_eval_targets_per_sec=35679.1651 run_best_mrr20=0.020300 run_best_hr10=0.026100 run_test_mrr20=0.017700 run_test_hr10=0.022900

[3/14] embedding_size=112, hidden_size=128, inner_size=224, learning_rate=0.0008263
  -> MRR@20=0.010400  best=0.020300  (early_stop@16, trial=19s, avg=18s/trial, total=55s, ETA=3.3min)
[TRIAL_METRICS] cur_best_mrr20=0.010400 cur_best_hr10=0.022100 cur_test_mrr20=0.003600 cur_test_hr10=0.008600 avg_epoch_time_sec=1.1579 test_eval_time_sec=0.0153 test_eval_batches_per_sec=65.1684 test_eval_targets_per_sec=38905.5404 run_best_mrr20=0.020300 run_best_hr10=0.026100 run_test_mrr20=0.017700 run_test_hr10=0.022900

[4/14] embedding_size=112, hidden_size=128, inner_size=224, learning_rate=0.0003286
  -> MRR@20=0.010200  best=0.020300  (early_stop@38, trial=45s, avg=25s/trial, total=1.7min, ETA=4.2min)
[TRIAL_METRICS] cur_best_mrr20=0.010200 cur_best_hr10=0.022100 cur_test_mrr20=0.003300 cur_test_hr10=0.008600 avg_epoch_time_sec=1.1709 test_eval_time_sec=0.0154 test_eval_batches_per_sec=64.7459 test_eval_targets_per_sec=38653.3009 run_best_mrr20=0.020300 run_best_hr10=0.026100 run_test_mrr20=0.017700 run_test_hr10=0.022900

[5/14] embedding_size=128, hidden_size=160, inner_size=224, learning_rate=0.0006573
  -> MRR@20=0.012700  best=0.020300  (early_stop@15, trial=18s, avg=24s/trial, total=2.0min, ETA=3.5min)
[TRIAL_METRICS] cur_best_mrr20=0.012700 cur_best_hr10=0.024100 cur_test_mrr20=0.005300 cur_test_hr10=0.008600 avg_epoch_time_sec=1.1917 test_eval_time_sec=0.0160 test_eval_batches_per_sec=62.4245 test_eval_targets_per_sec=37267.4429 run_best_mrr20=0.020300 run_best_hr10=0.026100 run_test_mrr20=0.017700 run_test_hr10=0.022900

[6/14] embedding_size=128, hidden_size=160, inner_size=256, learning_rate=0.0006573
  -> MRR@20=0.016700  best=0.020300  (early_stop@11, trial=14s, avg=22s/trial, total=2.2min, ETA=2.9min)
[TRIAL_METRICS] cur_best_mrr20=0.016700 cur_best_hr10=0.024100 cur_test_mrr20=0.009900 cur_test_hr10=0.014300 avg_epoch_time_sec=1.2161 test_eval_time_sec=0.0164 test_eval_batches_per_sec=60.8426 test_eval_targets_per_sec=36323.0121 run_best_mrr20=0.020300 run_best_hr10=0.026100 run_test_mrr20=0.017700 run_test_hr10=0.022900

[7/14] embedding_size=112, hidden_size=128, inner_size=256, learning_rate=0.0002324
  -> MRR@20=0.021700  best=0.021700  (early_stop@23, trial=27s, avg=23s/trial, total=2.7min, ETA=2.7min)
[TRIAL_METRICS] cur_best_mrr20=0.021700 cur_best_hr10=0.030100 cur_test_mrr20=0.014700 cur_test_hr10=0.020100 avg_epoch_time_sec=1.1624 test_eval_time_sec=0.0152 test_eval_batches_per_sec=65.7332 test_eval_targets_per_sec=39242.7202 run_best_mrr20=0.021700 run_best_hr10=0.030100 run_test_mrr20=0.014700 run_test_hr10=0.020100

[8/14] embedding_size=112, hidden_size=128, inner_size=224, learning_rate=0.0004648
  -> MRR@20=0.009300  best=0.021700  (early_stop@24, trial=28s, avg=24s/trial, total=3.1min, ETA=2.4min)
[TRIAL_METRICS] cur_best_mrr20=0.009300 cur_best_hr10=0.022100 cur_test_mrr20=0.003600 cur_test_hr10=0.008600 avg_epoch_time_sec=1.1728 test_eval_time_sec=0.0152 test_eval_batches_per_sec=65.6098 test_eval_targets_per_sec=39169.0572 run_best_mrr20=0.021700 run_best_hr10=0.030100 run_test_mrr20=0.014700 run_test_hr10=0.020100

[9/14] embedding_size=112, hidden_size=128, inner_size=256, learning_rate=0.0008263
  -> MRR@20=0.020700  best=0.021700  (early_stop@9, trial=11s, avg=22s/trial, total=3.3min, ETA=1.8min)
[TRIAL_METRICS] cur_best_mrr20=0.020700 cur_best_hr10=0.026100 cur_test_mrr20=0.016900 cur_test_hr10=0.022900 avg_epoch_time_sec=1.1846 test_eval_time_sec=0.0169 test_eval_batches_per_sec=59.2073 test_eval_targets_per_sec=35346.7552 run_best_mrr20=0.021700 run_best_hr10=0.030100 run_test_mrr20=0.014700 run_test_hr10=0.020100

[10/14] embedding_size=128, hidden_size=128, inner_size=256, learning_rate=0.0006573
  -> MRR@20=0.019900  best=0.021700  (early_stop@11, trial=13s, avg=21s/trial, total=3.5min, ETA=1.4min)
[TRIAL_METRICS] cur_best_mrr20=0.019900 cur_best_hr10=0.026100 cur_test_mrr20=0.015400 cur_test_hr10=0.022900 avg_epoch_time_sec=1.1850 test_eval_time_sec=0.0153 test_eval_batches_per_sec=65.4460 test_eval_targets_per_sec=39071.2690 run_best_mrr20=0.021700 run_best_hr10=0.030100 run_test_mrr20=0.014700 run_test_hr10=0.020100

[11/14] embedding_size=128, hidden_size=128, inner_size=256, learning_rate=0.0004648
  -> MRR@20=0.020500  best=0.021700  (early_stop@11, trial=13s, avg=21s/trial, total=3.8min, ETA=1.0min)
[TRIAL_METRICS] cur_best_mrr20=0.020500 cur_best_hr10=0.026100 cur_test_mrr20=0.016400 cur_test_hr10=0.022900 avg_epoch_time_sec=1.1659 test_eval_time_sec=0.0153 test_eval_batches_per_sec=65.2140 test_eval_targets_per_sec=38932.7615 run_best_mrr20=0.021700 run_best_hr10=0.030100 run_test_mrr20=0.014700 run_test_hr10=0.020100

[12/14] embedding_size=112, hidden_size=128, inner_size=224, learning_rate=0.0006573
  -> MRR@20=0.010500  best=0.021700  (early_stop@21, trial=25s, avg=21s/trial, total=4.2min, ETA=42s)
[TRIAL_METRICS] cur_best_mrr20=0.010500 cur_best_hr10=0.022100 cur_test_mrr20=0.003600 cur_test_hr10=0.008600 avg_epoch_time_sec=1.1965 test_eval_time_sec=0.0155 test_eval_batches_per_sec=64.5496 test_eval_targets_per_sec=38536.1120 run_best_mrr20=0.021700 run_best_hr10=0.030100 run_test_mrr20=0.014700 run_test_hr10=0.020100

[13/14] embedding_size=112, hidden_size=160, inner_size=224, learning_rate=0.0008263
  -> MRR@20=0.012800  best=0.021700  (early_stop@13, trial=15s, avg=21s/trial, total=4.5min, ETA=21s)
[TRIAL_METRICS] cur_best_mrr20=0.012800 cur_best_hr10=0.026100 cur_test_mrr20=0.005300 cur_test_hr10=0.011500 avg_epoch_time_sec=1.1597 test_eval_time_sec=0.0168 test_eval_batches_per_sec=59.4684 test_eval_targets_per_sec=35502.6157 run_best_mrr20=0.021700 run_best_hr10=0.030100 run_test_mrr20=0.014700 run_test_hr10=0.020100

[14/14] embedding_size=112, hidden_size=160, inner_size=256, learning_rate=0.0008263
  -> MRR@20=0.016800  best=0.021700  (early_stop@11, trial=13s, avg=20s/trial, total=4.7min, ETA=0s)
[TRIAL_METRICS] cur_best_mrr20=0.016800 cur_best_hr10=0.024100 cur_test_mrr20=0.010200 cur_test_hr10=0.014300 avg_epoch_time_sec=1.1909 test_eval_time_sec=0.0164 test_eval_batches_per_sec=60.8638 test_eval_targets_per_sec=36335.6622 run_best_mrr20=0.021700 run_best_hr10=0.030100 run_test_mrr20=0.014700 run_test_hr10=0.020100

=================================================================
  DONE  |  FEARec x beauty
  Best MRR@20 = 0.021700  |  14/14 trials OK
  Best HR@10  = 0.030100
  Test MRR@20 = 0.014700  (best-valid checkpoint)
  Test HR@10  = 0.020100  (best-valid checkpoint)
  Avg epoch time = 1.162 sec/epoch
  Final test eval = 0.015 sec | batches/s=65.733 | targets/s=39242.720
[RUN_METRICS] best_valid_mrr20=0.021700 best_valid_hr10=0.030100 test_mrr20=0.014700 test_hr10=0.020100 avg_epoch_time_sec=1.1624 test_eval_time_sec=0.0152 test_eval_batches_per_sec=65.7332 test_eval_targets_per_sec=39242.7202
  Total time: 4.7 min
  Best params:
    embedding_size: 112
    hidden_size: 128
    inner_size: 256
    learning_rate: 0.00023238
  Results -> /workspace/FeaturedMoE/experiments/run/artifacts/results/final_experiment_addtuning/beauty_FEARec_add_stage1_beauty_fearec_architecture_20260418_154612_210925_pid1722364.json
  Normal mirror -> /workspace/FeaturedMoE/experiments/run/artifacts/results/final_experiment_addtuning/normal/add_stage1_architecture/ADD/beauty/FEARec/beauty_FEARec_add_stage1_beauty_fearec_architecture_20260418_154612_210925_pid1722364.json
  Special result -> /workspace/FeaturedMoE/experiments/run/artifacts/results/final_experiment_addtuning/special/add_stage1_architecture/ADD/beauty/FEARec/beauty_FEARec_add_stage1_beauty_fearec_architecture_20260418_154612_210925_pid1722364_special_metrics.json
  Special log -> /workspace/FeaturedMoE/experiments/run/artifacts/logs/final_experiment_addtuning/special/add_stage1_architecture/ADD/beauty/FEARec/beauty_FEARec_add_stage1_beauty_fearec_architecture_20260418_154612_210925_pid1722364_special_metrics.json
=================================================================

[RUN_STATUS] END status=normal pid=1722364 start=2026-04-18T15:46:12 end=2026-04-18T15:50:53
