# revised_ts=2026-04-15T13:53:56.927340+00:00
# cmd=/venv/FMoE/bin/python hyperopt_tune.py --config-name tune_rr --max-evals 10 --tune-epochs 90 --tune-patience 8 --search-algo random --seed 38 --run-group baseline_2 --run-axis PAIR60_V4_REVISED_LONG12H --run-phase PAIR60_V4_REVISED_LONG12H_DRETAIL_ROCKET_MFDSA_P019_C2_S1_REV1 model=fdsa dataset=retail_rocket eval_mode=session_fixed feature_mode=full_v4 log_wandb=false show_progress=false ++seed=38 ++MAX_ITEM_LIST_LENGTH=50 ++eval_sampling.mode=full ++eval_sampling.auto_full_threshold=999999999 ++special_logging=true ++exclude_unseen_target_from_main_eval=true ++log_unseen_target_metrics=true ++hidden_size=112 ++embedding_size=112 ++n_layers=1 ++num_layers=1 ++n_heads=4 ++num_heads=4 ++inner_size=224 ++dropout_ratio=0.25 ++hidden_dropout_prob=0.25 ++attn_dropout_prob=0.25 ++weight_decay=0.0005 ++attribute_hidden_size=112 ++fusion_type=concat ++use_attribute_predictor=true ++lambda_attr=0.0 ++selected_features=[category] ++pooling_mode=mean ++search_space_type_overrides={learning_rate:loguniform} ++search.MAX_ITEM_LIST_LENGTH=[50] ++search_space_type_overrides.MAX_ITEM_LIST_LENGTH=choice ++search.weight_decay=[0.0005] ++search_space_type_overrides.weight_decay=choice ++search.hidden_size=[112] ++search_space_type_overrides.hidden_size=choice ++search.embedding_size=[112] ++search_space_type_overrides.embedding_size=choice ++search.n_layers=[1] ++search_space_type_overrides.n_layers=choice ++search.num_layers=[1] ++search_space_type_overrides.num_layers=choice ++search.n_heads=[4] ++search_space_type_overrides.n_heads=choice ++search.num_heads=[4] ++search_space_type_overrides.num_heads=choice ++search.inner_size=[224] ++search_space_type_overrides.inner_size=choice ++search.dropout_ratio=[0.25] ++search_space_type_overrides.dropout_ratio=choice ++search.hidden_dropout_prob=[0.25] ++search_space_type_overrides.hidden_dropout_prob=choice ++search.attn_dropout_prob=[0.25] ++search_space_type_overrides.attn_dropout_prob=choice ++search.attribute_hidden_size=[112] ++search_space_type_overrides.attribute_hidden_size=choice ++search.fusion_type=[concat] ++search_space_type_overrides.fusion_type=choice ++search.use_attribute_predictor=[true] ++search_space_type_overrides.use_attribute_predictor=choice ++search.lambda_attr=[0.0] ++search_space_type_overrides.lambda_attr=choice ++search.selected_features=[[category]] ++search_space_type_overrides.selected_features=choice ++search.pooling_mode=[mean] ++search_space_type_overrides.pooling_mode=choice gpu_id=6 ++train_batch_size=768 ++search.train_batch_size=[768] ++search_space_type_overrides.train_batch_size=choice ++eval_batch_size=1536 ++search.eval_batch_size=[1536] ++search_space_type_overrides.eval_batch_size=choice ++hidden_size=112 ++search.hidden_size=[112] ++search_space_type_overrides.hidden_size=choice ++embedding_size=112 ++search.embedding_size=[112] ++search_space_type_overrides.embedding_size=choice ++n_layers=2 ++search.n_layers=[2] ++search_space_type_overrides.n_layers=choice ++num_layers=2 ++search.num_layers=[2] ++search_space_type_overrides.num_layers=choice ++inner_size=224 ++search.inner_size=[224] ++search_space_type_overrides.inner_size=choice ++dropout_ratio=0.15 ++search.dropout_ratio=[0.15] ++search_space_type_overrides.dropout_ratio=choice ++hidden_dropout_prob=0.15 ++search.hidden_dropout_prob=[0.15] ++search_space_type_overrides.hidden_dropout_prob=choice ++attn_dropout_prob=0.15 ++search.attn_dropout_prob=[0.15] ++search_space_type_overrides.attn_dropout_prob=choice ++weight_decay=0.0002 ++search.weight_decay=[0.0002] ++search_space_type_overrides.weight_decay=choice ++attribute_hidden_size=112 ++search.attribute_hidden_size=[112] ++search_space_type_overrides.attribute_hidden_size=choice ++selected_features=["category"] ++search.selected_features=[["category"]] ++search_space_type_overrides.selected_features=choice ++pooling_mode="mean" ++search.pooling_mode=["mean"] ++search_space_type_overrides.pooling_mode=choice ++search={learning_rate:[0.00012,0.00055]} ++search_space_type_overrides={learning_rate:"loguniform"} ++seed=10038

/venv/FMoE/lib/python3.10/site-packages/ray/_private/parameter.py:4: UserWarning: pkg_resources is deprecated as an API. See https://setuptools.pypa.io/en/latest/pkg_resources.html. The pkg_resources package is slated for removal as early as 2025-11-30. Refrain from using this package or pin to Setuptools<81.
  import pkg_resources
[RUN_STATUS] START pid=1211679 ts=2026-04-15T13:54:00

=================================================================
  Hyperopt  |  FDSA x retail_rocket
  max_evals=10  epochs=90  patience=8  wandb=off
  search_algo=random
  batch_size(train/valid/test)=768/1536/1536
  track=baseline_2  axis=pair60_v4_revised_long12h  phase=PAIR60_V4_REVISED_LONG12H_DRETAIL_ROCKET_MFDSA_P019_C2_S1_REV1
  search.train_batch_size=[768]
  search.eval_batch_size=[1536]
=================================================================
Changed knobs: learning_rate
Tuned params(len>1): 1  (~1 discrete combos)
Tuned groups: 1
  [optimization]
    learning_rate                   [0.00012, 0.00055]                        -> loguniform
Fixed params(singleton/non-list): 20
Fixed groups: 20
  [optimization]
    eval_batch_size                 1536                                    
    hidden_dropout_prob             0.15                                    
    train_batch_size                768                                     
    weight_decay                    0.0002                                  
  [model_core]
    attn_dropout_prob               0.15                                    
    dropout_ratio                   0.15                                    
    embedding_size                  112                                     
    hidden_size                     112                                     
    inner_size                      224                                     
    num_heads                       4                                       
    num_layers                      2                                       
  [other]
    MAX_ITEM_LIST_LENGTH            50                                      
    attribute_hidden_size           112                                     
    fusion_type                     concat                                  
    lambda_attr                     0.0                                     
    n_heads                         4                                       
    n_layers                        2                                       
    pooling_mode                    mean                                    
    selected_features               ['category']                            
    use_attribute_predictor         True                                    

[Wandb] disabled for this hyperopt run

[1/10] learning_rate=0.0002999
  -> MRR@20=0.328000  best=0.328000  (early_stop@26, trial=11.7min, avg=11.9min/trial, total=11.9min, ETA=1.78h)
[TRIAL_METRICS] cur_best_mrr20=0.328000 cur_best_hr10=0.529500 cur_test_mrr20=0.322800 cur_test_hr10=0.510400 run_best_mrr20=0.328000 run_best_hr10=0.529500 run_test_mrr20=0.322800 run_test_hr10=0.510400

[2/10] learning_rate=0.0001748
  -> MRR@20=0.328400  best=0.328400  (early_stop@37, trial=16.7min, avg=14.3min/trial, total=28.6min, ETA=1.90h)
[TRIAL_METRICS] cur_best_mrr20=0.328400 cur_best_hr10=0.527200 cur_test_mrr20=0.325300 cur_test_hr10=0.510300 run_best_mrr20=0.328400 run_best_hr10=0.527200 run_test_mrr20=0.325300 run_test_hr10=0.510300

[3/10] learning_rate=0.0003642
  -> MRR@20=0.329400  best=0.329400  (early_stop@23, trial=10.4min, avg=13.0min/trial, total=39.0min, ETA=1.51h)
[TRIAL_METRICS] cur_best_mrr20=0.329400 cur_best_hr10=0.529100 cur_test_mrr20=0.323900 cur_test_hr10=0.513300 run_best_mrr20=0.329400 run_best_hr10=0.529100 run_test_mrr20=0.323900 run_test_hr10=0.513300

[4/10] learning_rate=0.000434
  -> MRR@20=0.326900  best=0.329400  (early_stop@20, trial=9.0min, avg=12.0min/trial, total=48.0min, ETA=1.20h)
[TRIAL_METRICS] cur_best_mrr20=0.326900 cur_best_hr10=0.526700 cur_test_mrr20=0.319800 cur_test_hr10=0.511300 run_best_mrr20=0.329400 run_best_hr10=0.529100 run_test_mrr20=0.323900 run_test_hr10=0.513300

[5/10] learning_rate=0.0001498
  -> MRR@20=0.328100  best=0.329400  (early_stop@43, trial=19.4min, avg=13.5min/trial, total=1.12h, ETA=1.12h)
[TRIAL_METRICS] cur_best_mrr20=0.328100 cur_best_hr10=0.526800 cur_test_mrr20=0.323400 cur_test_hr10=0.510800 run_best_mrr20=0.329400 run_best_hr10=0.529100 run_test_mrr20=0.323900 run_test_hr10=0.513300

[6/10] learning_rate=0.0002006
  -> MRR@20=0.327800  best=0.329400  (early_stop@33, trial=14.9min, avg=13.7min/trial, total=1.37h, ETA=54.9min)
[TRIAL_METRICS] cur_best_mrr20=0.327800 cur_best_hr10=0.527700 cur_test_mrr20=0.321200 cur_test_hr10=0.510900 run_best_mrr20=0.329400 run_best_hr10=0.529100 run_test_mrr20=0.323900 run_test_hr10=0.513300

[7/10] learning_rate=0.0001318
  -> MRR@20=0.328300  best=0.329400  (early_stop@49, trial=22.1min, avg=14.9min/trial, total=1.74h, ETA=44.8min)
[TRIAL_METRICS] cur_best_mrr20=0.328300 cur_best_hr10=0.527100 cur_test_mrr20=0.322800 cur_test_hr10=0.511000 run_best_mrr20=0.329400 run_best_hr10=0.529100 run_test_mrr20=0.323900 run_test_hr10=0.513300

[8/10] learning_rate=0.0005238
  -> MRR@20=0.325200  best=0.329400  (early_stop@19, trial=8.6min, avg=14.1min/trial, total=1.89h, ETA=28.3min)
[TRIAL_METRICS] cur_best_mrr20=0.325200 cur_best_hr10=0.526300 cur_test_mrr20=0.319200 cur_test_hr10=0.509900 run_best_mrr20=0.329400 run_best_hr10=0.529100 run_test_mrr20=0.323900 run_test_hr10=0.513300

[9/10] learning_rate=0.000151
  -> MRR@20=0.328500  best=0.329400  (early_stop@43, trial=19.4min, avg=14.7min/trial, total=2.21h, ETA=14.7min)
[TRIAL_METRICS] cur_best_mrr20=0.328500 cur_best_hr10=0.527000 cur_test_mrr20=0.323300 cur_test_hr10=0.511300 run_best_mrr20=0.329400 run_best_hr10=0.529100 run_test_mrr20=0.323900 run_test_hr10=0.513300

[10/10] learning_rate=0.0004876
  -> MRR@20=0.325900  best=0.329400  (early_stop@19, trial=8.6min, avg=14.1min/trial, total=2.35h, ETA=0s)
[TRIAL_METRICS] cur_best_mrr20=0.325900 cur_best_hr10=0.526100 cur_test_mrr20=0.319000 cur_test_hr10=0.510300 run_best_mrr20=0.329400 run_best_hr10=0.529100 run_test_mrr20=0.323900 run_test_hr10=0.513300

=================================================================
  DONE  |  FDSA x retail_rocket
  Best MRR@20 = 0.329400  |  10/10 trials OK
  Best HR@10  = 0.529100
  Test MRR@20 = 0.323900  (best-valid checkpoint)
  Test HR@10  = 0.513300  (best-valid checkpoint)
[RUN_METRICS] best_valid_mrr20=0.329400 best_valid_hr10=0.529100 test_mrr20=0.323900 test_hr10=0.513300
  Total time: 141.2 min
  Best params:
    learning_rate: 0.000364217
  Results -> /workspace/FeaturedMoE/experiments/run/artifacts/results/baseline_2/retail_rocket_FDSA_pair60_v4_revised_long12h_dretail_rocket_mfdsa_p019_c2_s1_rev1_20260415_135400_408993_pid1211679.json
  Normal mirror -> /workspace/FeaturedMoE/experiments/run/artifacts/results/baseline_2/normal/pair60_v4_revised_long12h/PAIR60/retail_rocket/FDSA/retail_rocket_FDSA_pair60_v4_revised_long12h_dretail_rocket_mfdsa_p019_c2_s1_rev1_20260415_135400_408993_pid1211679.json
  Special result -> /workspace/FeaturedMoE/experiments/run/artifacts/results/baseline_2/special/pair60_v4_revised_long12h/PAIR60/retail_rocket/FDSA/retail_rocket_FDSA_pair60_v4_revised_long12h_dretail_rocket_mfdsa_p019_c2_s1_rev1_20260415_135400_408993_pid1211679_special_metrics.json
  Special log -> /workspace/FeaturedMoE/experiments/run/artifacts/logs/baseline_2/special/pair60_v4_revised_long12h/PAIR60/retail_rocket/FDSA/retail_rocket_FDSA_pair60_v4_revised_long12h_dretail_rocket_mfdsa_p019_c2_s1_rev1_20260415_135400_408993_pid1211679_special_metrics.json
=================================================================

[RUN_STATUS] END status=normal pid=1211679 start=2026-04-15T13:54:00 end=2026-04-15T16:15:10
