# revised_ts=2026-04-15T17:11:54.409835+00:00
# cmd=/venv/FMoE/bin/python hyperopt_tune.py --config-name tune_ab --max-evals 10 --tune-epochs 90 --tune-patience 8 --search-algo random --seed 1 --run-group baseline_2 --run-axis PAIR60_V4_REVISED_LONG12H --run-phase PAIR60_V4_REVISED_LONG12H_DBEAUTY_MSASREC_P001_C1_S1_REV1 model=sasrec dataset=beauty eval_mode=session_fixed feature_mode=full_v4 log_wandb=false show_progress=false ++seed=1 ++MAX_ITEM_LIST_LENGTH=30 ++eval_sampling.mode=full ++eval_sampling.auto_full_threshold=999999999 ++special_logging=true ++exclude_unseen_target_from_main_eval=true ++log_unseen_target_metrics=true ++hidden_size=160 ++embedding_size=160 ++n_layers=3 ++num_layers=3 ++n_heads=4 ++num_heads=4 ++inner_size=320 ++dropout_ratio=0.15 ++hidden_dropout_prob=0.15 ++attn_dropout_prob=0.15 ++weight_decay=0.0002 ++search_space_type_overrides={learning_rate:loguniform} ++search.MAX_ITEM_LIST_LENGTH=[30] ++search_space_type_overrides.MAX_ITEM_LIST_LENGTH=choice ++search.weight_decay=[0.0002] ++search_space_type_overrides.weight_decay=choice ++search.hidden_size=[160] ++search_space_type_overrides.hidden_size=choice ++search.embedding_size=[160] ++search_space_type_overrides.embedding_size=choice ++search.n_layers=[3] ++search_space_type_overrides.n_layers=choice ++search.num_layers=[3] ++search_space_type_overrides.num_layers=choice ++search.n_heads=[4] ++search_space_type_overrides.n_heads=choice ++search.num_heads=[4] ++search_space_type_overrides.num_heads=choice ++search.inner_size=[320] ++search_space_type_overrides.inner_size=choice ++search.dropout_ratio=[0.15] ++search_space_type_overrides.dropout_ratio=choice ++search.hidden_dropout_prob=[0.15] ++search_space_type_overrides.hidden_dropout_prob=choice ++search.attn_dropout_prob=[0.15] ++search_space_type_overrides.attn_dropout_prob=choice gpu_id=6 ++search={learning_rate:[0.00012,0.0007]} ++search_space_type_overrides={learning_rate:"loguniform"} ++seed=10001

/venv/FMoE/lib/python3.10/site-packages/ray/_private/parameter.py:4: UserWarning: pkg_resources is deprecated as an API. See https://setuptools.pypa.io/en/latest/pkg_resources.html. The pkg_resources package is slated for removal as early as 2025-11-30. Refrain from using this package or pin to Setuptools<81.
  import pkg_resources
[RUN_STATUS] START pid=1219501 ts=2026-04-15T17:11:57

=================================================================
  Hyperopt  |  SASRec x beauty
  max_evals=10  epochs=90  patience=8  wandb=off
  search_algo=random
  batch_size(train/valid/test)=4096/8192/8192
  track=baseline_2  axis=pair60_v4_revised_long12h  phase=PAIR60_V4_REVISED_LONG12H_DBEAUTY_MSASREC_P001_C1_S1_REV1
=================================================================
Changed knobs: learning_rate
Tuned params(len>1): 1  (~1 discrete combos)
Tuned groups: 1
  [optimization]
    learning_rate                   [0.00012, 0.0007]                         -> loguniform
Fixed params(singleton/non-list): 12
Fixed groups: 12
  [optimization]
    hidden_dropout_prob             0.15                                    
    weight_decay                    0.0002                                  
  [model_core]
    attn_dropout_prob               0.15                                    
    dropout_ratio                   0.15                                    
    embedding_size                  160                                     
    hidden_size                     160                                     
    inner_size                      320                                     
    num_heads                       4                                       
    num_layers                      3                                       
  [other]
    MAX_ITEM_LIST_LENGTH            30                                      
    n_heads                         4                                       
    n_layers                        3                                       

[Wandb] disabled for this hyperopt run

[1/10] learning_rate=0.0002951
  -> MRR@20=0.061800  best=0.061800  (early_stop@80, trial=56s, avg=58s/trial, total=58s, ETA=8.7min)
[TRIAL_METRICS] cur_best_mrr20=0.061800 cur_best_hr10=0.148600 cur_test_mrr20=0.057100 cur_test_hr10=0.123200 run_best_mrr20=0.061800 run_best_hr10=0.148600 run_test_mrr20=0.057100 run_test_hr10=0.123200

[2/10] learning_rate=0.0005452
  -> MRR@20=0.061300  best=0.061800  (early_stop@40, trial=28s, avg=43s/trial, total=1.4min, ETA=5.7min)
[TRIAL_METRICS] cur_best_mrr20=0.061300 cur_best_hr10=0.140600 cur_test_mrr20=0.052600 cur_test_hr10=0.120300 run_best_mrr20=0.061800 run_best_hr10=0.148600 run_test_mrr20=0.057100 run_test_hr10=0.123200

[3/10] learning_rate=0.0005475
  -> MRR@20=0.061300  best=0.061800  (early_stop@41, trial=29s, avg=39s/trial, total=1.9min, ETA=4.5min)
[TRIAL_METRICS] cur_best_mrr20=0.061300 cur_best_hr10=0.142600 cur_test_mrr20=0.054200 cur_test_hr10=0.120300 run_best_mrr20=0.061800 run_best_hr10=0.148600 run_test_mrr20=0.057100 run_test_hr10=0.123200

[4/10] learning_rate=0.0005125
  -> MRR@20=0.063000  best=0.063000  (early_stop@58, trial=40s, avg=39s/trial, total=2.6min, ETA=3.9min)
[TRIAL_METRICS] cur_best_mrr20=0.063000 cur_best_hr10=0.154600 cur_test_mrr20=0.060200 cur_test_hr10=0.131800 run_best_mrr20=0.063000 run_best_hr10=0.154600 run_test_mrr20=0.060200 run_test_hr10=0.131800

[5/10] learning_rate=0.0001633
  -> MRR@20=0.061000  best=0.063000  (full@90, trial=1.0min, avg=44s/trial, total=3.6min, ETA=3.6min)
[TRIAL_METRICS] cur_best_mrr20=0.061000 cur_best_hr10=0.142600 cur_test_mrr20=0.053600 cur_test_hr10=0.117500 run_best_mrr20=0.063000 run_best_hr10=0.154600 run_test_mrr20=0.060200 run_test_hr10=0.131800

[6/10] learning_rate=0.0003473
  -> MRR@20=0.061100  best=0.063000  (early_stop@56, trial=39s, avg=43s/trial, total=4.3min, ETA=2.9min)
[TRIAL_METRICS] cur_best_mrr20=0.061100 cur_best_hr10=0.140600 cur_test_mrr20=0.053100 cur_test_hr10=0.117500 run_best_mrr20=0.063000 run_best_hr10=0.154600 run_test_mrr20=0.060200 run_test_hr10=0.131800

[7/10] learning_rate=0.0003515
  -> MRR@20=0.062300  best=0.063000  (early_stop@67, trial=46s, avg=43s/trial, total=5.1min, ETA=2.2min)
[TRIAL_METRICS] cur_best_mrr20=0.062300 cur_best_hr10=0.152600 cur_test_mrr20=0.056700 cur_test_hr10=0.123200 run_best_mrr20=0.063000 run_best_hr10=0.154600 run_test_mrr20=0.060200 run_test_hr10=0.131800

[8/10] learning_rate=0.000216
  -> MRR@20=0.060900  best=0.063000  (early_stop@76, trial=53s, avg=45s/trial, total=6.0min, ETA=1.5min)
[TRIAL_METRICS] cur_best_mrr20=0.060900 cur_best_hr10=0.148600 cur_test_mrr20=0.053500 cur_test_hr10=0.114600 run_best_mrr20=0.063000 run_best_hr10=0.154600 run_test_mrr20=0.060200 run_test_hr10=0.131800

[9/10] learning_rate=0.000343
  -> MRR@20=0.061300  best=0.063000  (early_stop@52, trial=36s, avg=44s/trial, total=6.6min, ETA=44s)
[TRIAL_METRICS] cur_best_mrr20=0.061300 cur_best_hr10=0.142600 cur_test_mrr20=0.053100 cur_test_hr10=0.114600 run_best_mrr20=0.063000 run_best_hr10=0.154600 run_test_mrr20=0.060200 run_test_hr10=0.131800

[10/10] learning_rate=0.0006157
  -> MRR@20=0.062400  best=0.063000  (early_stop@39, trial=27s, avg=42s/trial, total=7.0min, ETA=0s)
[TRIAL_METRICS] cur_best_mrr20=0.062400 cur_best_hr10=0.144600 cur_test_mrr20=0.056700 cur_test_hr10=0.120300 run_best_mrr20=0.063000 run_best_hr10=0.154600 run_test_mrr20=0.060200 run_test_hr10=0.131800

=================================================================
  DONE  |  SASRec x beauty
  Best MRR@20 = 0.063000  |  10/10 trials OK
  Best HR@10  = 0.154600
  Test MRR@20 = 0.060200  (best-valid checkpoint)
  Test HR@10  = 0.131800  (best-valid checkpoint)
[RUN_METRICS] best_valid_mrr20=0.063000 best_valid_hr10=0.154600 test_mrr20=0.060200 test_hr10=0.131800
  Total time: 7.0 min
  Best params:
    learning_rate: 0.000512548
  Results -> /workspace/FeaturedMoE/experiments/run/artifacts/results/baseline_2/beauty_SASRec_pair60_v4_revised_long12h_dbeauty_msasrec_p001_c1_s1_rev1_20260415_171157_992257_pid1219501.json
  Normal mirror -> /workspace/FeaturedMoE/experiments/run/artifacts/results/baseline_2/normal/pair60_v4_revised_long12h/PAIR60/beauty/SASRec/beauty_SASRec_pair60_v4_revised_long12h_dbeauty_msasrec_p001_c1_s1_rev1_20260415_171157_992257_pid1219501.json
  Special result -> /workspace/FeaturedMoE/experiments/run/artifacts/results/baseline_2/special/pair60_v4_revised_long12h/PAIR60/beauty/SASRec/beauty_SASRec_pair60_v4_revised_long12h_dbeauty_msasrec_p001_c1_s1_rev1_20260415_171157_992257_pid1219501_special_metrics.json
  Special log -> /workspace/FeaturedMoE/experiments/run/artifacts/logs/baseline_2/special/pair60_v4_revised_long12h/PAIR60/beauty/SASRec/beauty_SASRec_pair60_v4_revised_long12h_dbeauty_msasrec_p001_c1_s1_rev1_20260415_171157_992257_pid1219501_special_metrics.json
=================================================================

[RUN_STATUS] END status=normal pid=1219501 start=2026-04-15T17:11:57 end=2026-04-15T17:18:59
