# revised_ts=2026-04-15T14:02:15.235377+00:00
# cmd=/venv/FMoE/bin/python hyperopt_tune.py --config-name tune_ab --max-evals 10 --tune-epochs 90 --tune-patience 8 --search-algo random --seed 3 --run-group baseline_2 --run-axis PAIR60_V4_REVISED_LONG12H --run-phase PAIR60_V4_REVISED_LONG12H_DBEAUTY_MGRU4REC_P002_C1_S1_REV1 model=gru4rec dataset=beauty eval_mode=session_fixed feature_mode=full_v4 log_wandb=false show_progress=false ++seed=3 ++MAX_ITEM_LIST_LENGTH=50 ++eval_sampling.mode=full ++eval_sampling.auto_full_threshold=999999999 ++special_logging=true ++exclude_unseen_target_from_main_eval=true ++log_unseen_target_metrics=true ++hidden_size=192 ++embedding_size=192 ++num_layers=2 ++dropout_prob=0.2 ++hidden_dropout_prob=0.2 ++weight_decay=1e-06 ++search_space_type_overrides={learning_rate:loguniform} ++search.MAX_ITEM_LIST_LENGTH=[50] ++search_space_type_overrides.MAX_ITEM_LIST_LENGTH=choice ++search.weight_decay=[1e-06] ++search_space_type_overrides.weight_decay=choice ++search.hidden_size=[192] ++search_space_type_overrides.hidden_size=choice ++search.embedding_size=[192] ++search_space_type_overrides.embedding_size=choice ++search.num_layers=[2] ++search_space_type_overrides.num_layers=choice ++search.dropout_prob=[0.2] ++search_space_type_overrides.dropout_prob=choice ++search.hidden_dropout_prob=[0.2] ++search_space_type_overrides.hidden_dropout_prob=choice gpu_id=7 ++hidden_size=192 ++search.hidden_size=[192] ++search_space_type_overrides.hidden_size=choice ++embedding_size=192 ++search.embedding_size=[192] ++search_space_type_overrides.embedding_size=choice ++num_layers=1 ++search.num_layers=[1] ++search_space_type_overrides.num_layers=choice ++dropout_prob=0.25 ++search.dropout_prob=[0.25] ++search_space_type_overrides.dropout_prob=choice ++hidden_dropout_prob=0.25 ++search.hidden_dropout_prob=[0.25] ++search_space_type_overrides.hidden_dropout_prob=choice ++weight_decay=1e-05 ++search.weight_decay=[1e-05] ++search_space_type_overrides.weight_decay=choice ++MAX_ITEM_LIST_LENGTH=30 ++search.MAX_ITEM_LIST_LENGTH=[30] ++search_space_type_overrides.MAX_ITEM_LIST_LENGTH=choice ++search={learning_rate:[0.0002,0.001]} ++search_space_type_overrides={learning_rate:"loguniform"} ++seed=10003

/venv/FMoE/lib/python3.10/site-packages/ray/_private/parameter.py:4: UserWarning: pkg_resources is deprecated as an API. See https://setuptools.pypa.io/en/latest/pkg_resources.html. The pkg_resources package is slated for removal as early as 2025-11-30. Refrain from using this package or pin to Setuptools<81.
  import pkg_resources
[RUN_STATUS] START pid=1213010 ts=2026-04-15T14:02:18

=================================================================
  Hyperopt  |  GRU4Rec x beauty
  max_evals=10  epochs=90  patience=8  wandb=off
  search_algo=random
  batch_size(train/valid/test)=4096/8192/8192
  track=baseline_2  axis=pair60_v4_revised_long12h  phase=PAIR60_V4_REVISED_LONG12H_DBEAUTY_MGRU4REC_P002_C1_S1_REV1
=================================================================
Changed knobs: learning_rate
Tuned params(len>1): 1  (~1 discrete combos)
Tuned groups: 1
  [optimization]
    learning_rate                   [0.0002, 0.001]                           -> loguniform
Fixed params(singleton/non-list): 7
Fixed groups: 7
  [optimization]
    hidden_dropout_prob             0.25                                    
    weight_decay                    1e-05                                   
  [model_core]
    dropout_prob                    0.25                                    
    embedding_size                  192                                     
    hidden_size                     192                                     
    num_layers                      1                                       
  [other]
    MAX_ITEM_LIST_LENGTH            30                                      

[Wandb] disabled for this hyperopt run

[1/10] learning_rate=0.0008279
  -> MRR@20=0.006600  best=0.006600  (early_stop@20, trial=8s, avg=10s/trial, total=10s, ETA=1.5min)
[TRIAL_METRICS] cur_best_mrr20=0.006600 cur_best_hr10=0.018100 cur_test_mrr20=0.001700 cur_test_hr10=0.008600 run_best_mrr20=0.006600 run_best_hr10=0.018100 run_test_mrr20=0.001700 run_test_hr10=0.008600

[2/10] learning_rate=0.000733
  -> MRR@20=0.005100  best=0.006600  (early_stop@17, trial=6s, avg=8s/trial, total=16s, ETA=1.1min)
[TRIAL_METRICS] cur_best_mrr20=0.005100 cur_best_hr10=0.008000 cur_test_mrr20=0.000300 cur_test_hr10=0.000000 run_best_mrr20=0.006600 run_best_hr10=0.018100 run_test_mrr20=0.001700 run_test_hr10=0.008600

[3/10] learning_rate=0.0003057
  -> MRR@20=0.003800  best=0.006600  (early_stop@25, trial=9s, avg=9s/trial, total=26s, ETA=60s)
[TRIAL_METRICS] cur_best_mrr20=0.003800 cur_best_hr10=0.008000 cur_test_mrr20=0.002200 cur_test_hr10=0.002900 run_best_mrr20=0.006600 run_best_hr10=0.018100 run_test_mrr20=0.001700 run_test_hr10=0.008600

[4/10] learning_rate=0.000741
  -> MRR@20=0.005100  best=0.006600  (early_stop@17, trial=6s, avg=8s/trial, total=32s, ETA=47s)
[TRIAL_METRICS] cur_best_mrr20=0.005100 cur_best_hr10=0.008000 cur_test_mrr20=0.000200 cur_test_hr10=0.000000 run_best_mrr20=0.006600 run_best_hr10=0.018100 run_test_mrr20=0.001700 run_test_hr10=0.008600

[5/10] learning_rate=0.0003627
  -> MRR@20=0.005700  best=0.006600  (early_stop@22, trial=8s, avg=8s/trial, total=40s, ETA=40s)
[TRIAL_METRICS] cur_best_mrr20=0.005700 cur_best_hr10=0.006000 cur_test_mrr20=0.002300 cur_test_hr10=0.002900 run_best_mrr20=0.006600 run_best_hr10=0.018100 run_test_mrr20=0.001700 run_test_hr10=0.008600

[6/10] learning_rate=0.0002517
  -> MRR@20=0.003600  best=0.006600  (early_stop@22, trial=8s, avg=8s/trial, total=48s, ETA=32s)
[TRIAL_METRICS] cur_best_mrr20=0.003600 cur_best_hr10=0.004000 cur_test_mrr20=0.002200 cur_test_hr10=0.002900 run_best_mrr20=0.006600 run_best_hr10=0.018100 run_test_mrr20=0.001700 run_test_hr10=0.008600

[7/10] learning_rate=0.0003951
  -> MRR@20=0.005600  best=0.006600  (early_stop@21, trial=8s, avg=8s/trial, total=56s, ETA=24s)
[TRIAL_METRICS] cur_best_mrr20=0.005600 cur_best_hr10=0.010000 cur_test_mrr20=0.002600 cur_test_hr10=0.008600 run_best_mrr20=0.006600 run_best_hr10=0.018100 run_test_mrr20=0.001700 run_test_hr10=0.008600

[8/10] learning_rate=0.000274
  -> MRR@20=0.003100  best=0.006600  (early_stop@16, trial=6s, avg=8s/trial, total=1.0min, ETA=16s)
[TRIAL_METRICS] cur_best_mrr20=0.003100 cur_best_hr10=0.014100 cur_test_mrr20=0.000600 cur_test_hr10=0.002900 run_best_mrr20=0.006600 run_best_hr10=0.018100 run_test_mrr20=0.001700 run_test_hr10=0.008600

[9/10] learning_rate=0.0003551
  -> MRR@20=0.005900  best=0.006600  (early_stop@23, trial=8s, avg=8s/trial, total=1.2min, ETA=8s)
[TRIAL_METRICS] cur_best_mrr20=0.005900 cur_best_hr10=0.006000 cur_test_mrr20=0.001600 cur_test_hr10=0.002900 run_best_mrr20=0.006600 run_best_hr10=0.018100 run_test_mrr20=0.001700 run_test_hr10=0.008600

[10/10] learning_rate=0.0003436
  -> MRR@20=0.005900  best=0.006600  (early_stop@23, trial=8s, avg=8s/trial, total=1.3min, ETA=0s)
[TRIAL_METRICS] cur_best_mrr20=0.005900 cur_best_hr10=0.006000 cur_test_mrr20=0.002000 cur_test_hr10=0.002900 run_best_mrr20=0.006600 run_best_hr10=0.018100 run_test_mrr20=0.001700 run_test_hr10=0.008600

=================================================================
  DONE  |  GRU4Rec x beauty
  Best MRR@20 = 0.006600  |  10/10 trials OK
  Best HR@10  = 0.018100
  Test MRR@20 = 0.001700  (best-valid checkpoint)
  Test HR@10  = 0.008600  (best-valid checkpoint)
[RUN_METRICS] best_valid_mrr20=0.006600 best_valid_hr10=0.018100 test_mrr20=0.001700 test_hr10=0.008600
  Total time: 1.3 min
  Best params:
    learning_rate: 0.000827903
  Results -> /workspace/FeaturedMoE/experiments/run/artifacts/results/baseline_2/beauty_GRU4Rec_pair60_v4_revised_long12h_dbeauty_mgru4rec_p002_c1_s1_rev1_20260415_140218_595871_pid1213010.json
  Normal mirror -> /workspace/FeaturedMoE/experiments/run/artifacts/results/baseline_2/normal/pair60_v4_revised_long12h/PAIR60/beauty/GRU4Rec/beauty_GRU4Rec_pair60_v4_revised_long12h_dbeauty_mgru4rec_p002_c1_s1_rev1_20260415_140218_595871_pid1213010.json
  Special result -> /workspace/FeaturedMoE/experiments/run/artifacts/results/baseline_2/special/pair60_v4_revised_long12h/PAIR60/beauty/GRU4Rec/beauty_GRU4Rec_pair60_v4_revised_long12h_dbeauty_mgru4rec_p002_c1_s1_rev1_20260415_140218_595871_pid1213010_special_metrics.json
  Special log -> /workspace/FeaturedMoE/experiments/run/artifacts/logs/baseline_2/special/pair60_v4_revised_long12h/PAIR60/beauty/GRU4Rec/beauty_GRU4Rec_pair60_v4_revised_long12h_dbeauty_mgru4rec_p002_c1_s1_rev1_20260415_140218_595871_pid1213010_special_metrics.json
=================================================================

[RUN_STATUS] END status=normal pid=1213010 start=2026-04-15T14:02:18 end=2026-04-15T14:03:37
