# revised_ts=2026-04-15T19:30:57.291512+00:00
# cmd=/venv/FMoE/bin/python hyperopt_tune.py --config-name tune_ml --max-evals 10 --tune-epochs 90 --tune-patience 8 --search-algo random --seed 82 --run-group baseline_2 --run-axis PAIR60_V4_REVISED_LONG12H --run-phase PAIR60_V4_REVISED_LONG12H_DMOVIELENS1M_MSASREC_P041_C2_S1_REV1 model=sasrec dataset=movielens1m eval_mode=session_fixed feature_mode=full_v4 log_wandb=false show_progress=false ++seed=82 ++MAX_ITEM_LIST_LENGTH=20 ++eval_sampling.mode=full ++eval_sampling.auto_full_threshold=999999999 ++special_logging=true ++exclude_unseen_target_from_main_eval=true ++log_unseen_target_metrics=true ++hidden_size=128 ++embedding_size=128 ++n_layers=2 ++num_layers=2 ++n_heads=2 ++num_heads=2 ++inner_size=256 ++dropout_ratio=0.1 ++hidden_dropout_prob=0.1 ++attn_dropout_prob=0.1 ++weight_decay=1e-06 ++search_space_type_overrides={learning_rate:loguniform} ++search.MAX_ITEM_LIST_LENGTH=[20] ++search_space_type_overrides.MAX_ITEM_LIST_LENGTH=choice ++search.weight_decay=[1e-06] ++search_space_type_overrides.weight_decay=choice ++search.hidden_size=[128] ++search_space_type_overrides.hidden_size=choice ++search.embedding_size=[128] ++search_space_type_overrides.embedding_size=choice ++search.n_layers=[2] ++search_space_type_overrides.n_layers=choice ++search.num_layers=[2] ++search_space_type_overrides.num_layers=choice ++search.n_heads=[2] ++search_space_type_overrides.n_heads=choice ++search.num_heads=[2] ++search_space_type_overrides.num_heads=choice ++search.inner_size=[256] ++search_space_type_overrides.inner_size=choice ++search.dropout_ratio=[0.1] ++search_space_type_overrides.dropout_ratio=choice ++search.hidden_dropout_prob=[0.1] ++search_space_type_overrides.hidden_dropout_prob=choice ++search.attn_dropout_prob=[0.1] ++search_space_type_overrides.attn_dropout_prob=choice gpu_id=4 ++search={learning_rate:[0.00012,0.0007]} ++search_space_type_overrides={learning_rate:"loguniform"} ++seed=10082

/venv/FMoE/lib/python3.10/site-packages/ray/_private/parameter.py:4: UserWarning: pkg_resources is deprecated as an API. See https://setuptools.pypa.io/en/latest/pkg_resources.html. The pkg_resources package is slated for removal as early as 2025-11-30. Refrain from using this package or pin to Setuptools<81.
  import pkg_resources
[RUN_STATUS] START pid=1219868 ts=2026-04-15T19:31:00

=================================================================
  Hyperopt  |  SASRec x movielens1m
  max_evals=10  epochs=90  patience=8  wandb=off
  search_algo=random
  batch_size(train/valid/test)=4096/4096/4096
  track=baseline_2  axis=pair60_v4_revised_long12h  phase=PAIR60_V4_REVISED_LONG12H_DMOVIELENS1M_MSASREC_P041_C2_S1_REV1
=================================================================
Changed knobs: learning_rate
Tuned params(len>1): 1  (~1 discrete combos)
Tuned groups: 1
  [optimization]
    learning_rate                   [0.00012, 0.0007]                         -> loguniform
Fixed params(singleton/non-list): 12
Fixed groups: 12
  [optimization]
    hidden_dropout_prob             0.1                                     
    weight_decay                    1e-06                                   
  [model_core]
    attn_dropout_prob               0.1                                     
    dropout_ratio                   0.1                                     
    embedding_size                  128                                     
    hidden_size                     128                                     
    inner_size                      256                                     
    num_heads                       2                                       
    num_layers                      2                                       
  [other]
    MAX_ITEM_LIST_LENGTH            20                                      
    n_heads                         2                                       
    n_layers                        2                                       

[Wandb] disabled for this hyperopt run

[1/10] learning_rate=0.0002286
  -> MRR@20=0.087500  best=0.087500  (early_stop@83, trial=8.8min, avg=9.0min/trial, total=9.0min, ETA=1.35h)
[TRIAL_METRICS] cur_best_mrr20=0.087500 cur_best_hr10=0.212400 cur_test_mrr20=0.053700 cur_test_hr10=0.144500 run_best_mrr20=0.087500 run_best_hr10=0.212400 run_test_mrr20=0.053700 run_test_hr10=0.144500

[2/10] learning_rate=0.0003515
  -> MRR@20=0.090400  best=0.090400  (early_stop@74, trial=7.6min, avg=8.3min/trial, total=16.6min, ETA=1.11h)
[TRIAL_METRICS] cur_best_mrr20=0.090400 cur_best_hr10=0.211500 cur_test_mrr20=0.060800 cur_test_hr10=0.147800 run_best_mrr20=0.090400 run_best_hr10=0.211500 run_test_mrr20=0.060800 run_test_hr10=0.147800

[3/10] learning_rate=0.0001471
  -> MRR@20=0.082800  best=0.090400  (early_stop@86, trial=8.8min, avg=8.5min/trial, total=25.4min, ETA=59.2min)
[TRIAL_METRICS] cur_best_mrr20=0.082800 cur_best_hr10=0.207400 cur_test_mrr20=0.053900 cur_test_hr10=0.152400 run_best_mrr20=0.090400 run_best_hr10=0.211500 run_test_mrr20=0.060800 run_test_hr10=0.147800

[4/10] learning_rate=0.0001763
  -> MRR@20=0.087200  best=0.090400  (full@90, trial=9.1min, avg=8.6min/trial, total=34.5min, ETA=51.7min)
[TRIAL_METRICS] cur_best_mrr20=0.087200 cur_best_hr10=0.213800 cur_test_mrr20=0.056500 cur_test_hr10=0.148200 run_best_mrr20=0.090400 run_best_hr10=0.211500 run_test_mrr20=0.060800 run_test_hr10=0.147800

[5/10] learning_rate=0.0001544
  -> MRR@20=0.080200  best=0.090400  (early_stop@69, trial=7.0min, avg=8.3min/trial, total=41.5min, ETA=41.5min)
[TRIAL_METRICS] cur_best_mrr20=0.080200 cur_best_hr10=0.208300 cur_test_mrr20=0.053800 cur_test_hr10=0.154300 run_best_mrr20=0.090400 run_best_hr10=0.211500 run_test_mrr20=0.060800 run_test_hr10=0.147800

[6/10] learning_rate=0.0004254
  -> MRR@20=0.087600  best=0.090400  (early_stop@63, trial=6.4min, avg=8.0min/trial, total=47.9min, ETA=31.9min)
[TRIAL_METRICS] cur_best_mrr20=0.087600 cur_best_hr10=0.209700 cur_test_mrr20=0.055800 cur_test_hr10=0.148700 run_best_mrr20=0.090400 run_best_hr10=0.211500 run_test_mrr20=0.060800 run_test_hr10=0.147800

[7/10] learning_rate=0.0001626
  -> MRR@20=0.083800  best=0.090400  (early_stop@87, trial=8.8min, avg=8.1min/trial, total=56.7min, ETA=24.3min)
[TRIAL_METRICS] cur_best_mrr20=0.083800 cur_best_hr10=0.209700 cur_test_mrr20=0.054600 cur_test_hr10=0.154300 run_best_mrr20=0.090400 run_best_hr10=0.211500 run_test_mrr20=0.060800 run_test_hr10=0.147800

[8/10] learning_rate=0.0002376
  -> MRR@20=0.087500  best=0.090400  (early_stop@83, trial=8.4min, avg=8.1min/trial, total=1.09h, ETA=16.3min)
[TRIAL_METRICS] cur_best_mrr20=0.087500 cur_best_hr10=0.210100 cur_test_mrr20=0.055100 cur_test_hr10=0.149200 run_best_mrr20=0.090400 run_best_hr10=0.211500 run_test_mrr20=0.060800 run_test_hr10=0.147800

[9/10] learning_rate=0.0004558
  -> MRR@20=0.083100  best=0.090400  (early_stop@38, trial=3.8min, avg=7.7min/trial, total=1.15h, ETA=7.7min)
[TRIAL_METRICS] cur_best_mrr20=0.083100 cur_best_hr10=0.218900 cur_test_mrr20=0.054600 cur_test_hr10=0.158500 run_best_mrr20=0.090400 run_best_hr10=0.211500 run_test_mrr20=0.060800 run_test_hr10=0.147800

[10/10] learning_rate=0.0003441
  -> MRR@20=0.089500  best=0.090400  (early_stop@74, trial=7.5min, avg=7.6min/trial, total=1.27h, ETA=0s)
[TRIAL_METRICS] cur_best_mrr20=0.089500 cur_best_hr10=0.211500 cur_test_mrr20=0.057500 cur_test_hr10=0.147800 run_best_mrr20=0.090400 run_best_hr10=0.211500 run_test_mrr20=0.060800 run_test_hr10=0.147800

=================================================================
  DONE  |  SASRec x movielens1m
  Best MRR@20 = 0.090400  |  10/10 trials OK
  Best HR@10  = 0.211500
  Test MRR@20 = 0.060800  (best-valid checkpoint)
  Test HR@10  = 0.147800  (best-valid checkpoint)
[RUN_METRICS] best_valid_mrr20=0.090400 best_valid_hr10=0.211500 test_mrr20=0.060800 test_hr10=0.147800
  Total time: 76.5 min
  Best params:
    learning_rate: 0.000351542
  Results -> /workspace/FeaturedMoE/experiments/run/artifacts/results/baseline_2/movielens1m_SASRec_pair60_v4_revised_long12h_dmovielens1m_msasrec_p041_c2_s1_rev1_20260415_193100_849223_pid1219868.json
  Normal mirror -> /workspace/FeaturedMoE/experiments/run/artifacts/results/baseline_2/normal/pair60_v4_revised_long12h/PAIR60/movielens1m/SASRec/movielens1m_SASRec_pair60_v4_revised_long12h_dmovielens1m_msasrec_p041_c2_s1_rev1_20260415_193100_849223_pid1219868.json
  Special result -> /workspace/FeaturedMoE/experiments/run/artifacts/results/baseline_2/special/pair60_v4_revised_long12h/PAIR60/movielens1m/SASRec/movielens1m_SASRec_pair60_v4_revised_long12h_dmovielens1m_msasrec_p041_c2_s1_rev1_20260415_193100_849223_pid1219868_special_metrics.json
  Special log -> /workspace/FeaturedMoE/experiments/run/artifacts/logs/baseline_2/special/pair60_v4_revised_long12h/PAIR60/movielens1m/SASRec/movielens1m_SASRec_pair60_v4_revised_long12h_dmovielens1m_msasrec_p041_c2_s1_rev1_20260415_193100_849223_pid1219868_special_metrics.json
=================================================================

[RUN_STATUS] END status=normal pid=1219868 start=2026-04-15T19:31:00 end=2026-04-15T20:47:30
