# revised_ts=2026-04-15T13:53:56.924008+00:00
# cmd=/venv/FMoE/bin/python hyperopt_tune.py --config-name tune_ab --max-evals 10 --tune-epochs 90 --tune-patience 8 --search-algo random --seed 10 --run-group baseline_2 --run-axis PAIR60_V4_REVISED_LONG12H --run-phase PAIR60_V4_REVISED_LONG12H_DBEAUTY_MBSAREC_P005_C2_S1_REV1 model=bsarec dataset=beauty eval_mode=session_fixed feature_mode=full_v4 log_wandb=false show_progress=false ++seed=10 ++MAX_ITEM_LIST_LENGTH=50 ++eval_sampling.mode=full ++eval_sampling.auto_full_threshold=999999999 ++special_logging=true ++exclude_unseen_target_from_main_eval=true ++log_unseen_target_metrics=true ++hidden_size=112 ++embedding_size=112 ++n_layers=1 ++num_layers=1 ++n_heads=4 ++num_heads=4 ++inner_size=224 ++dropout_ratio=0.25 ++hidden_dropout_prob=0.25 ++attn_dropout_prob=0.25 ++weight_decay=0.0005 ++search_space_type_overrides={learning_rate:loguniform} ++search.MAX_ITEM_LIST_LENGTH=[50] ++search_space_type_overrides.MAX_ITEM_LIST_LENGTH=choice ++search.weight_decay=[0.0005] ++search_space_type_overrides.weight_decay=choice ++search.hidden_size=[112] ++search_space_type_overrides.hidden_size=choice ++search.embedding_size=[112] ++search_space_type_overrides.embedding_size=choice ++search.n_layers=[1] ++search_space_type_overrides.n_layers=choice ++search.num_layers=[1] ++search_space_type_overrides.num_layers=choice ++search.n_heads=[4] ++search_space_type_overrides.n_heads=choice ++search.num_heads=[4] ++search_space_type_overrides.num_heads=choice ++search.inner_size=[224] ++search_space_type_overrides.inner_size=choice ++search.dropout_ratio=[0.25] ++search_space_type_overrides.dropout_ratio=choice ++search.hidden_dropout_prob=[0.25] ++search_space_type_overrides.hidden_dropout_prob=choice ++search.attn_dropout_prob=[0.25] ++search_space_type_overrides.attn_dropout_prob=choice gpu_id=7 ++hidden_size=128 ++search.hidden_size=[128] ++search_space_type_overrides.hidden_size=choice ++embedding_size=128 ++search.embedding_size=[128] ++search_space_type_overrides.embedding_size=choice ++n_layers=2 ++search.n_layers=[2] ++search_space_type_overrides.n_layers=choice ++num_layers=2 ++search.num_layers=[2] ++search_space_type_overrides.num_layers=choice ++n_heads=2 ++search.n_heads=[2] ++search_space_type_overrides.n_heads=choice ++num_heads=2 ++search.num_heads=[2] ++search_space_type_overrides.num_heads=choice ++inner_size=256 ++search.inner_size=[256] ++search_space_type_overrides.inner_size=choice ++dropout_ratio=0.12 ++search.dropout_ratio=[0.12] ++search_space_type_overrides.dropout_ratio=choice ++hidden_dropout_prob=0.12 ++search.hidden_dropout_prob=[0.12] ++search_space_type_overrides.hidden_dropout_prob=choice ++attn_dropout_prob=0.12 ++search.attn_dropout_prob=[0.12] ++search_space_type_overrides.attn_dropout_prob=choice ++weight_decay=1e-05 ++search.weight_decay=[1e-05] ++search_space_type_overrides.weight_decay=choice ++search={learning_rate:[0.00015,0.0007]} ++search_space_type_overrides={learning_rate:"loguniform"} ++seed=10010

/venv/FMoE/lib/python3.10/site-packages/ray/_private/parameter.py:4: UserWarning: pkg_resources is deprecated as an API. See https://setuptools.pypa.io/en/latest/pkg_resources.html. The pkg_resources package is slated for removal as early as 2025-11-30. Refrain from using this package or pin to Setuptools<81.
  import pkg_resources
[RUN_STATUS] START pid=1211678 ts=2026-04-15T13:54:00

=================================================================
  Hyperopt  |  BSARec x beauty
  max_evals=10  epochs=90  patience=8  wandb=off
  search_algo=random
  batch_size(train/valid/test)=4096/8192/8192
  track=baseline_2  axis=pair60_v4_revised_long12h  phase=PAIR60_V4_REVISED_LONG12H_DBEAUTY_MBSAREC_P005_C2_S1_REV1
=================================================================
Changed knobs: learning_rate
Tuned params(len>1): 1  (~1 discrete combos)
Tuned groups: 1
  [optimization]
    learning_rate                   [0.00015, 0.0007]                         -> loguniform
Fixed params(singleton/non-list): 12
Fixed groups: 12
  [optimization]
    hidden_dropout_prob             0.12                                    
    weight_decay                    1e-05                                   
  [model_core]
    attn_dropout_prob               0.12                                    
    dropout_ratio                   0.12                                    
    embedding_size                  128                                     
    hidden_size                     128                                     
    inner_size                      256                                     
    num_heads                       2                                       
    num_layers                      2                                       
  [other]
    MAX_ITEM_LIST_LENGTH            50                                      
    n_heads                         2                                       
    n_layers                        2                                       

[Wandb] disabled for this hyperopt run

[1/10] learning_rate=0.0005641
  -> MRR@20=0.004300  best=0.004300  (early_stop@17, trial=11s, avg=15s/trial, total=15s, ETA=2.2min)
[TRIAL_METRICS] cur_best_mrr20=0.004300 cur_best_hr10=0.012000 cur_test_mrr20=0.000000 cur_test_hr10=0.000000 run_best_mrr20=0.004300 run_best_hr10=0.012000 run_test_mrr20=0.000000 run_test_hr10=0.000000

[2/10] learning_rate=0.0005464
  -> MRR@20=0.004400  best=0.004400  (early_stop@14, trial=9s, avg=12s/trial, total=24s, ETA=1.6min)
[TRIAL_METRICS] cur_best_mrr20=0.004400 cur_best_hr10=0.004000 cur_test_mrr20=0.000400 cur_test_hr10=0.002900 run_best_mrr20=0.004400 run_best_hr10=0.004000 run_test_mrr20=0.000400 run_test_hr10=0.002900

[3/10] learning_rate=0.0002577
  -> MRR@20=0.004600  best=0.004600  (early_stop@20, trial=13s, avg=12s/trial, total=37s, ETA=1.4min)
[TRIAL_METRICS] cur_best_mrr20=0.004600 cur_best_hr10=0.006000 cur_test_mrr20=0.000400 cur_test_hr10=0.002900 run_best_mrr20=0.004600 run_best_hr10=0.006000 run_test_mrr20=0.000400 run_test_hr10=0.002900

[4/10] learning_rate=0.0002486
  -> MRR@20=0.004200  best=0.004600  (early_stop@21, trial=14s, avg=13s/trial, total=51s, ETA=1.3min)
[TRIAL_METRICS] cur_best_mrr20=0.004200 cur_best_hr10=0.004000 cur_test_mrr20=0.000200 cur_test_hr10=0.000000 run_best_mrr20=0.004600 run_best_hr10=0.006000 run_test_mrr20=0.000400 run_test_hr10=0.002900

[5/10] learning_rate=0.0002316
  -> MRR@20=0.005000  best=0.005000  (early_stop@22, trial=14s, avg=13s/trial, total=1.1min, ETA=1.1min)
[TRIAL_METRICS] cur_best_mrr20=0.005000 cur_best_hr10=0.008000 cur_test_mrr20=0.000000 cur_test_hr10=0.000000 run_best_mrr20=0.005000 run_best_hr10=0.008000 run_test_mrr20=0.000000 run_test_hr10=0.000000

[6/10] learning_rate=0.0004073
  -> MRR@20=0.005100  best=0.005100  (early_stop@20, trial=13s, avg=13s/trial, total=1.3min, ETA=52s)
[TRIAL_METRICS] cur_best_mrr20=0.005100 cur_best_hr10=0.008000 cur_test_mrr20=0.000200 cur_test_hr10=0.000000 run_best_mrr20=0.005100 run_best_hr10=0.008000 run_test_mrr20=0.000200 run_test_hr10=0.000000

[7/10] learning_rate=0.0002101
  -> MRR@20=0.004900  best=0.005100  (early_stop@23, trial=15s, avg=13s/trial, total=1.6min, ETA=40s)
[TRIAL_METRICS] cur_best_mrr20=0.004900 cur_best_hr10=0.010000 cur_test_mrr20=0.000200 cur_test_hr10=0.000000 run_best_mrr20=0.005100 run_best_hr10=0.008000 run_test_mrr20=0.000200 run_test_hr10=0.000000

[8/10] learning_rate=0.0005239
  -> MRR@20=0.004200  best=0.005100  (early_stop@14, trial=9s, avg=13s/trial, total=1.7min, ETA=26s)
[TRIAL_METRICS] cur_best_mrr20=0.004200 cur_best_hr10=0.004000 cur_test_mrr20=0.000500 cur_test_hr10=0.002900 run_best_mrr20=0.005100 run_best_hr10=0.008000 run_test_mrr20=0.000200 run_test_hr10=0.000000

[9/10] learning_rate=0.0003736
  -> MRR@20=0.005100  best=0.005100  (early_stop@20, trial=13s, avg=13s/trial, total=1.9min, ETA=13s)
[TRIAL_METRICS] cur_best_mrr20=0.005100 cur_best_hr10=0.008000 cur_test_mrr20=0.000400 cur_test_hr10=0.002900 run_best_mrr20=0.005100 run_best_hr10=0.008000 run_test_mrr20=0.000400 run_test_hr10=0.002900

[10/10] learning_rate=0.000421
  -> MRR@20=0.005200  best=0.005200  (early_stop@20, trial=13s, avg=13s/trial, total=2.1min, ETA=0s)
[TRIAL_METRICS] cur_best_mrr20=0.005200 cur_best_hr10=0.008000 cur_test_mrr20=0.000200 cur_test_hr10=0.000000 run_best_mrr20=0.005200 run_best_hr10=0.008000 run_test_mrr20=0.000200 run_test_hr10=0.000000

=================================================================
  DONE  |  BSARec x beauty
  Best MRR@20 = 0.005200  |  10/10 trials OK
  Best HR@10  = 0.008000
  Test MRR@20 = 0.000200  (best-valid checkpoint)
  Test HR@10  = 0.000000  (best-valid checkpoint)
[RUN_METRICS] best_valid_mrr20=0.005200 best_valid_hr10=0.008000 test_mrr20=0.000200 test_hr10=0.000000
  Total time: 2.1 min
  Best params:
    learning_rate: 0.000420985
  Results -> /workspace/FeaturedMoE/experiments/run/artifacts/results/baseline_2/beauty_BSARec_pair60_v4_revised_long12h_dbeauty_mbsarec_p005_c2_s1_rev1_20260415_135400_237528_pid1211678.json
  Normal mirror -> /workspace/FeaturedMoE/experiments/run/artifacts/results/baseline_2/normal/pair60_v4_revised_long12h/PAIR60/beauty/BSARec/beauty_BSARec_pair60_v4_revised_long12h_dbeauty_mbsarec_p005_c2_s1_rev1_20260415_135400_237528_pid1211678.json
  Special result -> /workspace/FeaturedMoE/experiments/run/artifacts/results/baseline_2/special/pair60_v4_revised_long12h/PAIR60/beauty/BSARec/beauty_BSARec_pair60_v4_revised_long12h_dbeauty_mbsarec_p005_c2_s1_rev1_20260415_135400_237528_pid1211678_special_metrics.json
  Special log -> /workspace/FeaturedMoE/experiments/run/artifacts/logs/baseline_2/special/pair60_v4_revised_long12h/PAIR60/beauty/BSARec/beauty_BSARec_pair60_v4_revised_long12h_dbeauty_mbsarec_p005_c2_s1_rev1_20260415_135400_237528_pid1211678_special_metrics.json
=================================================================

[RUN_STATUS] END status=normal pid=1211678 start=2026-04-15T13:54:00 end=2026-04-15T13:56:08
