[TRANSFER_LEARNING_STAGEA_SETTING_HEADER]
run_phase=P15A_TGT_amazon_to_retail_A12_group_init_all_routers_H2_H3_S1 exp_brief=A12 group_init_all_routers H3 phase_id=P15A axis_id=TLA setting_id=P15A_TGT_amazon_to_retail_A12_group_init_all_routers_H2_H3_S1 hparam_id=H3 seed=1
desc=amazon_to_retail A12 group_init_all_routers H2->H3
dataset=retail_rocket gpu=3 order=28
max_evals= tune_epochs= tune_patience=
seed=161009

[COMMAND]
- /venv/FMoE/bin/python hyperopt_tune.py --config-name config --max-evals 5 --tune-epochs 80 --tune-patience 8 --seed 161009 --run-group fmoe_n3 --run-axis transfer_learning_stageA_v1 --run-phase P15A_TGT_amazon_to_retail_A12_group_init_all_routers_H2_H3_S1 model=featured_moe_n3_tune dataset=retail_rocket eval_mode=session_fixed feature_mode=full_v3 gpu_id=3 log_wandb=false enable_tf32=true fmoe_debug_logging=false fmoe_diag_logging=true fmoe_special_logging=true fmoe_feature_ablation_logging=false fmoe_eval_logging_timing=final_only fmoe_artifact_logging_policy=combo_best ++fmoe_logging_output_root="run/artifacts/logging" ++fmoe_logging_layout="axis_dataset_arch_hparam" ++fmoe_architecture_id="A12" ++fmoe_architecture_key="A12_ATTN_MICRO_BEFORE_NO_BIAS_ALL_W5" ++fmoe_hparam_id="H3" ++fmoe_phase="P15A" MAX_ITEM_LIST_LENGTH=20 train_batch_size=2048 eval_batch_size=4096 embedding_size=160 num_heads=4 attn_dropout_prob=0.1 d_ff=320 d_feat_emb=16 d_expert_hidden=160 d_router_hidden=80 expert_scale=3 ++search.learning_rate=[0.0003,0.0005,0.0009,0.0014,0.005] ++search.weight_decay=[2e-06] ++search.hidden_dropout_prob=[0.1] ++search.lr_scheduler_type=["warmup_cosine"] ++search_space_type_overrides.learning_rate="choice" ++search_space_type_overrides.weight_decay=choice ++search_space_type_overrides.hidden_dropout_prob=choice ++search_space_type_overrides.lr_scheduler_type=choice ++phase_run_type="transfer_stageA" ++phase_axis_id="TLA" ++phase_axis_desc="transfer_learning_stageA_v1" ++phase_setting_id="P15A_TGT_amazon_to_retail_A12_group_init_all_routers_H2_H3_S1" ++phase_setting_key="group_init_all_routers_amazon_to_retail_A12_H2_H3" ++phase_hparam_id="H3" ++phase_seed_id=1 ++phase_run_id="amazon_to_retail_A12_group_init_all_routers_H2_H3_S1" ++phase_transfer_pair_id="amazon_to_retail" ++phase_transfer_mode="macro_group_router_all" ++phase_transfer_source_dataset="amazon_beauty" ++phase_transfer_target_dataset="retail_rocket" ++phase_transfer_source_hparam_id="H2" ++phase_transfer_target_hparam_id="H3" ++transfer.enable=true ++transfer.mode="macro_group_router_all" ++transfer.source_checkpoint="/workspace/FeaturedMoE/experiments/run/fmoe_n3/transfer_learning/ckpt/stageA/A12/amazon_to_retail/amazon_beauty_H2_s1_best.pth" ++transfer.source_architecture="A12" ++transfer.strict_shape=false ++layer_layout=["attn","macro_ffn","mid_ffn","attn","micro_ffn"] ++stage_compute_mode={macro:"moe",mid:"moe",micro:"moe"} ++stage_router_mode={macro:"learned",mid:"learned",micro:"learned"} ++stage_router_source={macro:"both",mid:"both",micro:"both"} ++stage_feature_injection={macro:"none",mid:"none",micro:"none"} ++topk_scope_mode="global_flat" ++moe_top_k=0 ++balance_loss_lambda=0.0 ++z_loss_lambda=0.0002 ++gate_entropy_lambda=0.0 ++route_smoothness_lambda=0.0 ++route_consistency_lambda=0.0008 ++route_sharpness_lambda=0.0 ++route_monopoly_lambda=0.0 ++route_monopoly_tau=0.25 ++route_prior_lambda=0.0 ++group_prior_align_lambda=0.0 ++factored_group_balance_lambda=0.0 ++rule_agreement_lambda=0.0 ++group_coverage_lambda=0.0 ++feature_group_bias_lambda=0.0 ++rule_bias_scale=0.0 ++primitive_balance_lambda=0.0 ++wrapper_group_feature_align_lambda=0.0 ++stage_router_primitives={macro:{a_joint:{source:"feature",temperature:1.0,top_k:0},b_group:{source:"feature",temperature:1.0,top_k:0},c_shared:{source:"feature",temperature:1.0,top_k:0},d_cond:{source:"feature",temperature:1.0,top_k:0},e_scalar:{source:"feature",temperature:1.0,top_k:0},wrapper:{alpha_d:1.0,alpha_struct:1.0,alpha_a:1.0}},mid:{a_joint:{source:"feature",temperature:1.0,top_k:0},b_group:{source:"feature",temperature:1.0,top_k:0},c_shared:{source:"feature",temperature:1.0,top_k:0},d_cond:{source:"feature",temperature:1.0,top_k:0},e_scalar:{source:"feature",temperature:1.0,top_k:0},wrapper:{alpha_d:1.0,alpha_struct:1.0,alpha_a:1.0}},micro:{a_joint:{source:"feature",temperature:1.0,top_k:0},b_group:{source:"feature",temperature:1.0,top_k:0},c_shared:{source:"feature",temperature:1.0,top_k:0},d_cond:{source:"feature",temperature:1.0,top_k:0},e_scalar:{source:"feature",temperature:1.0,top_k:0},wrapper:{alpha_d:1.0,alpha_struct:1.0,alpha_a:1.0}}} ++stage_router_wrapper={macro:"w5_exd",mid:"w5_exd",micro:"w5_exd"} ++macro_history_window=5 ++route_consistency_pairs=1 ++route_consistency_min_sim=0.995 ++stage_router_granularity={macro:"session",mid:"session",micro:"token"} ++stage_family_dropout_prob={macro:0.1,mid:0.1,micro:0.1} ++stage_feature_dropout_prob={macro:0.0,mid:0.0,micro:0.0} ++stage_feature_dropout_scope={macro:"token",mid:"token",micro:"token"} ++bias_mode="none"
/venv/FMoE/lib/python3.10/site-packages/ray/_private/parameter.py:4: UserWarning: pkg_resources is deprecated as an API. See https://setuptools.pypa.io/en/latest/pkg_resources.html. The pkg_resources package is slated for removal as early as 2025-11-30. Refrain from using this package or pin to Setuptools<81.
  import pkg_resources
[RUN_STATUS] START pid=936303 ts=2026-04-14T06:35:26
[UniqueChoice] enabled: dedupe/remap duplicates across 5 finite combos

=================================================================
  Hyperopt  |  FeaturedMoE_N3 x retail_rocket
  max_evals=5  epochs=80  patience=8  wandb=off
  search_algo=tpe
  batch_size(train/valid/test)=2048/4096/4096
  track=fmoe_n3  axis=transfer_learning_stagea_v1  phase=P15A_TGT_amazon_to_retail_A12_group_init_all_routers_H2_H3_S1
=================================================================
Changed knobs: learning_rate
Tuned params(len>1): 1  (~5 discrete combos)
Tuned groups: 1
  [optimization]
    learning_rate                   [0.0003, 0.0005, 0.0009, 0.0014, 0.005]   -> choice
Fixed params(singleton/non-list): 3
Fixed groups: 3
  [optimization]
    hidden_dropout_prob             0.1                                     
    weight_decay                    2e-06                                   
  [other]
    lr_scheduler_type               warmup_cosine                           

[Wandb] disabled for this hyperopt run

[1/5] learning_rate=0.0014
[transfer-init] mode=macro_group_router_all source_architecture=A12 loaded=24/24 skipped_shape=0 skipped_missing=0 source=/workspace/FeaturedMoE/experiments/run/fmoe_n3/transfer_learning/ckpt/stageA/A12/amazon_to_retail/amazon_beauty_H2_s1_best.pth
  -> MRR@20=0.280900  best=0.280900  (early_stop@12, trial=6.7min, avg=6.8min/trial, total=6.8min, ETA=27.0min)
[TRIAL_METRICS] cur_best_mrr20=0.280900 cur_best_hr10=0.432000 cur_test_mrr20=0.283700 cur_test_hr10=0.436100 run_best_mrr20=0.280900 run_best_hr10=0.432000 run_test_mrr20=0.283700 run_test_hr10=0.436100

[2/5] learning_rate=0.005
[transfer-init] mode=macro_group_router_all source_architecture=A12 loaded=24/24 skipped_shape=0 skipped_missing=0 source=/workspace/FeaturedMoE/experiments/run/fmoe_n3/transfer_learning/ckpt/stageA/A12/amazon_to_retail/amazon_beauty_H2_s1_best.pth
  -> MRR@20=0.280900  best=0.280900  (early_stop@10, trial=5.5min, avg=6.1min/trial, total=12.3min, ETA=18.4min)
[TRIAL_METRICS] cur_best_mrr20=0.280900 cur_best_hr10=0.426600 cur_test_mrr20=0.281800 cur_test_hr10=0.428800 run_best_mrr20=0.280900 run_best_hr10=0.426600 run_test_mrr20=0.281800 run_test_hr10=0.428800

[3/5] learning_rate=0.0005
[transfer-init] mode=macro_group_router_all source_architecture=A12 loaded=24/24 skipped_shape=0 skipped_missing=0 source=/workspace/FeaturedMoE/experiments/run/fmoe_n3/transfer_learning/ckpt/stageA/A12/amazon_to_retail/amazon_beauty_H2_s1_best.pth
  -> MRR@20=0.286900  best=0.286900  (early_stop@17, trial=9.2min, avg=7.2min/trial, total=21.5min, ETA=14.3min)
[TRIAL_METRICS] cur_best_mrr20=0.286900 cur_best_hr10=0.441200 cur_test_mrr20=0.286400 cur_test_hr10=0.441600 run_best_mrr20=0.286900 run_best_hr10=0.441200 run_test_mrr20=0.286400 run_test_hr10=0.441600

[4/5] learning_rate=0.0009
[transfer-init] mode=macro_group_router_all source_architecture=A12 loaded=24/24 skipped_shape=0 skipped_missing=0 source=/workspace/FeaturedMoE/experiments/run/fmoe_n3/transfer_learning/ckpt/stageA/A12/amazon_to_retail/amazon_beauty_H2_s1_best.pth
  -> MRR@20=0.284300  best=0.286900  (early_stop@13, trial=7.0min, avg=7.1min/trial, total=28.5min, ETA=7.1min)
[TRIAL_METRICS] cur_best_mrr20=0.284300 cur_best_hr10=0.439600 cur_test_mrr20=0.287300 cur_test_hr10=0.442600 run_best_mrr20=0.286900 run_best_hr10=0.441200 run_test_mrr20=0.286400 run_test_hr10=0.441600

[5/5] learning_rate=0.0003
[transfer-init] mode=macro_group_router_all source_architecture=A12 loaded=24/24 skipped_shape=0 skipped_missing=0 source=/workspace/FeaturedMoE/experiments/run/fmoe_n3/transfer_learning/ckpt/stageA/A12/amazon_to_retail/amazon_beauty_H2_s1_best.pth
[RUN_STATUS] TERMINATED signal=SIGTERM(15) pid=936303 ts=2026-04-14T07:11:59
[RUN_STATUS] END status=terminated signal=SIGTERM(15) pid=936303 start=2026-04-14T06:35:26 end=2026-04-14T07:11:59
