[N4_CORE_GLOBAL_QUEUE_SETTING_HEADER]
run_phase=P4A_BEAUTY_B01_B25_LR_H8_SEEN_ANCHOR_RC_15_S4 exp_brief=A12_ATTN_MICRO_BEFORE_NO_BIAS_ALL_W5 phase_id=P4A axis_id=N4ABLA setting_id=RC-15 hparam_id= seed=4
desc=feature_router_eval_zero
dataset=beauty gpu=3 order=86
max_evals=10 tune_epochs=100 tune_patience=10
seed=426059

[COMMAND]
- /venv/FMoE/bin/python hyperopt_tune.py --config-name config --search-algo random --max-evals 10 --tune-epochs 100 --tune-patience 10 --seed 426059 --run-group fmoe_n4 --run-axis ablation_dualset_core_global_queue_v1 --run-phase P4A_BEAUTY_B01_B25_LR_H8_SEEN_ANCHOR_RC_15_S4 model=featured_moe_n3_tune dataset=beauty eval_mode=session_fixed feature_mode=full_v4 ++eval_sampling.mode=full ++eval_sampling.auto_full_threshold=999999999 ++special_logging=true ++exclude_unseen_target_from_main_eval=true ++log_unseen_target_metrics=true gpu_id=3 use_gpu=true enable_tf32=true log_wandb=false fmoe_debug_logging=false fmoe_diag_logging=true fmoe_special_logging=true fmoe_feature_ablation_logging=false fmoe_eval_logging_timing=final_only ++fmoe_logging_output_root="run/artifacts/logging" ++fmoe_logging_layout="axis_dataset_arch_hparam" ++fmoe_architecture_id="A12" ++fmoe_architecture_key="A12_ATTN_MICRO_BEFORE_NO_BIAS_ALL_W5" ++fmoe_hparam_id="H8" ++fmoe_phase="P4A" train_batch_size=3584 eval_batch_size=4608 ++phase_run_type="routing_control" ++phase_axis_id="N4ABLA" ++phase_axis_desc="routing_control_dualset" ++phase_setting_id="RC-15" ++phase_setting_key="FEATURE_ROUTER_EVAL_ZERO" ++phase_hparam_id="H8" ++phase_seed_id=4 ++phase_run_id="BEAUTY_B01_B25_LR_H8_SEEN_ANCHOR_RC_15_S4" ++layer_layout=["attn","macro_ffn","mid_ffn","attn","micro_ffn"] ++stage_compute_mode={macro:"moe",mid:"moe",micro:"moe"} ++stage_router_mode={macro:"learned",mid:"learned",micro:"learned"} ++stage_router_source={macro:"feature",mid:"feature",micro:"feature"} ++stage_feature_injection={macro:"none",mid:"none",micro:"none"} ++topk_scope_mode="global_flat" ++moe_top_k=0 ++balance_loss_lambda=0.0 ++z_loss_lambda=0.0002 ++gate_entropy_lambda=0.0 ++route_smoothness_lambda=0.0 ++route_consistency_lambda=0.0008 ++route_sharpness_lambda=0.0 ++route_monopoly_lambda=0.0 ++route_monopoly_tau=0.25 ++route_prior_lambda=0.0 ++group_prior_align_lambda=0.0 ++factored_group_balance_lambda=0.0 ++rule_agreement_lambda=0.0 ++group_coverage_lambda=0.0 ++feature_group_bias_lambda=0.0 ++rule_bias_scale=0.0 ++primitive_balance_lambda=0.0 ++wrapper_group_feature_align_lambda=0.0 ++stage_router_primitives={macro:{a_joint:{source:"feature",temperature:1.0,top_k:0},b_group:{source:"feature",temperature:1.0,top_k:0},c_shared:{source:"feature",temperature:1.0,top_k:0},d_cond:{source:"feature",temperature:1.0,top_k:0},e_scalar:{source:"feature",temperature:1.0,top_k:0},wrapper:{alpha_d:1.0,alpha_struct:1.0,alpha_a:1.0}},mid:{a_joint:{source:"feature",temperature:1.0,top_k:0},b_group:{source:"feature",temperature:1.0,top_k:0},c_shared:{source:"feature",temperature:1.0,top_k:0},d_cond:{source:"feature",temperature:1.0,top_k:0},e_scalar:{source:"feature",temperature:1.0,top_k:0},wrapper:{alpha_d:1.0,alpha_struct:1.0,alpha_a:1.0}},micro:{a_joint:{source:"feature",temperature:1.0,top_k:0},b_group:{source:"feature",temperature:1.0,top_k:0},c_shared:{source:"feature",temperature:1.0,top_k:0},d_cond:{source:"feature",temperature:1.0,top_k:0},e_scalar:{source:"feature",temperature:1.0,top_k:0},wrapper:{alpha_d:1.0,alpha_struct:1.0,alpha_a:1.0}}} ++stage_router_wrapper={macro:"w5_exd",mid:"w5_exd",micro:"w5_exd"} ++stage_router_granularity={macro:"session",mid:"session",micro:"token"} ++macro_history_window=5 ++route_consistency_pairs=1 ++route_consistency_min_sim=0.995 ++bias_mode="none" ++stage_family_dropout_prob={macro:0.03,micro:0.03,mid:0.03} ++stage_feature_dropout_prob={macro:0.0,mid:0.0,micro:0.0} ++stage_feature_dropout_scope={macro:"token",mid:"token",micro:"token"} ++feature_perturb_mode="zero" ++feature_perturb_apply="eval" ++feature_perturb_family=[] ++feature_perturb_keywords=[] ++embedding_size=128 ++d_ff=256 ++d_expert_hidden=128 ++d_router_hidden=64 ++MAX_ITEM_LIST_LENGTH=20 ++d_feat_emb=12 ++expert_scale=3 ++lr_scheduler_type="warmup_cosine" ++num_heads=4 ++hidden_dropout_prob=0.18 ++lr_scheduler_min_lr_ratio=0.05 ++search.learning_rate=[0.001289337933,0.001510367293,0.0016577202,0.00176823488,0.001841911333,0.001915587786,0.002026102466,0.002173455373,0.002394484733] ++search_space_type_overrides.learning_rate=choice
/venv/FMoE/lib/python3.10/site-packages/ray/_private/parameter.py:4: UserWarning: pkg_resources is deprecated as an API. See https://setuptools.pypa.io/en/latest/pkg_resources.html. The pkg_resources package is slated for removal as early as 2025-11-30. Refrain from using this package or pin to Setuptools<81.
  import pkg_resources
[RUN_STATUS] START pid=1471972 ts=2026-04-17T05:11:24
[Info] Finite choice-only space has 9 unique combos; capping max_evals 10 -> 9
[UniqueChoice] enabled: dedupe/remap duplicates across 9 finite combos

=================================================================
  Hyperopt  |  FeaturedMoE_N3 x beauty
  max_evals=9  epochs=100  patience=10  wandb=off
  search_algo=random
  batch_size(train/valid/test)=3584/4608/4608
  track=fmoe_n4  axis=ablation_dualset_core_global_queue_v1  phase=P4A_BEAUTY_B01_B25_LR_H8_SEEN_ANCHOR_RC_15_S4
=================================================================
Changed knobs: learning_rate
Tuned params(len>1): 1  (~9 discrete combos)
Tuned groups: 1
  [optimization]
    learning_rate                   [0.001289337933, 0.001510367293, 0.0016577202, 0.00176823488, 0.001841911333, 0.001915587786, 0.002026102466, 0.002173455373, 0.002394484733]  -> choice
Fixed params(singleton/non-list): 0
Fixed groups: 0
  (none)

[Wandb] disabled for this hyperopt run

[1/9] learning_rate=0.002026
  -> MRR@20=0.069700  best=0.069700  (early_stop@22, trial=27s, avg=29s/trial, total=29s, ETA=3.9min)
[TRIAL_METRICS] cur_best_mrr20=0.069700 cur_best_hr10=0.156600 cur_test_mrr20=0.067500 cur_test_hr10=0.134700 avg_epoch_time_sec=1.2123 test_eval_time_sec=0.0501 test_eval_batches_per_sec=19.9565 test_eval_targets_per_sec=11914.0489 run_best_mrr20=0.069700 run_best_hr10=0.156600 run_test_mrr20=0.067500 run_test_hr10=0.134700

[2/9] learning_rate=0.001768
  -> MRR@20=0.081800  best=0.081800  (early_stop@31, trial=35s, avg=32s/trial, total=1.1min, ETA=3.8min)
[TRIAL_METRICS] cur_best_mrr20=0.081800 cur_best_hr10=0.138600 cur_test_mrr20=0.063800 cur_test_hr10=0.137500 avg_epoch_time_sec=1.1196 test_eval_time_sec=0.0492 test_eval_batches_per_sec=20.3316 test_eval_targets_per_sec=12137.9553 run_best_mrr20=0.081800 run_best_hr10=0.138600 run_test_mrr20=0.063800 run_test_hr10=0.137500

[3/9] learning_rate=0.001916
  -> MRR@20=0.079500  best=0.081800  (early_stop@30, trial=35s, avg=33s/trial, total=1.7min, ETA=3.3min)
[TRIAL_METRICS] cur_best_mrr20=0.079500 cur_best_hr10=0.130500 cur_test_mrr20=0.071300 cur_test_hr10=0.146100 avg_epoch_time_sec=1.1451 test_eval_time_sec=0.0494 test_eval_batches_per_sec=20.2623 test_eval_targets_per_sec=12096.6159 run_best_mrr20=0.081800 run_best_hr10=0.138600 run_test_mrr20=0.063800 run_test_hr10=0.137500

[4/9] learning_rate=0.001842
  -> MRR@20=0.081700  best=0.081800  (early_stop@31, trial=36s, avg=34s/trial, total=2.3min, ETA=2.8min)
[TRIAL_METRICS] cur_best_mrr20=0.081700 cur_best_hr10=0.134500 cur_test_mrr20=0.066900 cur_test_hr10=0.134700 avg_epoch_time_sec=1.1645 test_eval_time_sec=0.0481 test_eval_batches_per_sec=20.7830 test_eval_targets_per_sec=12407.4618 run_best_mrr20=0.081800 run_best_hr10=0.138600 run_test_mrr20=0.063800 run_test_hr10=0.137500
[UniqueChoice] remap duplicate suggestion -> {'learning_rate': 0.001289337933}

[5/9] learning_rate=0.001289
  -> MRR@20=0.083700  best=0.083700  (early_stop@31, trial=37s, avg=35s/trial, total=2.9min, ETA=2.3min)
[TRIAL_METRICS] cur_best_mrr20=0.083700 cur_best_hr10=0.146600 cur_test_mrr20=0.060500 cur_test_hr10=0.146100 avg_epoch_time_sec=1.1718 test_eval_time_sec=0.0486 test_eval_batches_per_sec=20.5675 test_eval_targets_per_sec=12278.7808 run_best_mrr20=0.083700 run_best_hr10=0.146600 run_test_mrr20=0.060500 run_test_hr10=0.146100

[6/9] learning_rate=0.001658
  -> MRR@20=0.081900  best=0.083700  (early_stop@31, trial=36s, avg=35s/trial, total=3.5min, ETA=1.7min)
[TRIAL_METRICS] cur_best_mrr20=0.081900 cur_best_hr10=0.136500 cur_test_mrr20=0.064600 cur_test_hr10=0.137500 avg_epoch_time_sec=1.1598 test_eval_time_sec=0.0502 test_eval_batches_per_sec=19.9309 test_eval_targets_per_sec=11898.7630 run_best_mrr20=0.083700 run_best_hr10=0.146600 run_test_mrr20=0.060500 run_test_hr10=0.146100
[UniqueChoice] remap duplicate suggestion -> {'learning_rate': 0.001510367293}

[7/9] learning_rate=0.00151
  -> MRR@20=0.081700  best=0.083700  (early_stop@27, trial=31s, avg=34s/trial, total=4.0min, ETA=1.1min)
[TRIAL_METRICS] cur_best_mrr20=0.081700 cur_best_hr10=0.162700 cur_test_mrr20=0.069900 cur_test_hr10=0.149000 avg_epoch_time_sec=1.1377 test_eval_time_sec=0.0502 test_eval_batches_per_sec=19.9359 test_eval_targets_per_sec=11901.7605 run_best_mrr20=0.083700 run_best_hr10=0.146600 run_test_mrr20=0.060500 run_test_hr10=0.146100
[UniqueChoice] remap duplicate suggestion -> {'learning_rate': 0.002173455373}

[8/9] learning_rate=0.002173
  -> MRR@20=0.068800  best=0.083700  (early_stop@22, trial=27s, avg=34s/trial, total=4.5min, ETA=34s)
[TRIAL_METRICS] cur_best_mrr20=0.068800 cur_best_hr10=0.148600 cur_test_mrr20=0.069900 cur_test_hr10=0.131800 avg_epoch_time_sec=1.2279 test_eval_time_sec=0.0500 test_eval_batches_per_sec=20.0188 test_eval_targets_per_sec=11951.2380 run_best_mrr20=0.083700 run_best_hr10=0.146600 run_test_mrr20=0.060500 run_test_hr10=0.146100
[UniqueChoice] remap duplicate suggestion -> {'learning_rate': 0.002394484733}

[9/9] learning_rate=0.002394
  -> MRR@20=0.064400  best=0.083700  (early_stop@20, trial=24s, avg=33s/trial, total=4.9min, ETA=0s)
[TRIAL_METRICS] cur_best_mrr20=0.064400 cur_best_hr10=0.158600 cur_test_mrr20=0.059300 cur_test_hr10=0.140400 avg_epoch_time_sec=1.1741 test_eval_time_sec=0.0497 test_eval_batches_per_sec=20.1143 test_eval_targets_per_sec=12008.2076 run_best_mrr20=0.083700 run_best_hr10=0.146600 run_test_mrr20=0.060500 run_test_hr10=0.146100
[1;35mEvaluate   [0m:   0%|                                                            | 0/1 [00:00<?, ?it/s][0m[1;35mEvaluate   [0m:   0%|                                   | 0/1 [00:00<?, ?it/s, [1;33mGPU RAM: 7.28 G/23.52 G[0m][0m[1;35mEvaluate   [0m: 100%|███████████████████████████| 1/1 [00:00<00:00,  3.55it/s, [1;33mGPU RAM: 7.28 G/23.52 G[0m][0m                                                                                                    [1;35mEvaluate   [0m:   0%|                                                            | 0/1 [00:00<?, ?it/s][0m[1;35mEvaluate   [0m:   0%|                                   | 0/1 [00:00<?, ?it/s, [1;33mGPU RAM: 7.28 G/23.52 G[0m][0m[1;35mEvaluate   [0m: 100%|███████████████████████████| 1/1 [00:00<00:00,  4.03it/s, [1;33mGPU RAM: 7.28 G/23.52 G[0m][0m                                                                                                    [1;35mEvaluate   [0m:   0%|                                                            | 0/1 [00:00<?, ?it/s][0m[1;35mEvaluate   [0m:   0%|                                   | 0/1 [00:00<?, ?it/s, [1;33mGPU RAM: 7.28 G/23.52 G[0m][0m[1;35mEvaluate   [0m: 100%|███████████████████████████| 1/1 [00:00<00:00,  3.77it/s, [1;33mGPU RAM: 7.28 G/23.52 G[0m][0m                                                                                                    
=================================================================
  DONE  |  FeaturedMoE_N3 x beauty
  Best MRR@20 = 0.083700  |  9/9 trials OK
  Best HR@10  = 0.146600
  Test MRR@20 = 0.060500  (best-valid checkpoint)
  Test HR@10  = 0.146100  (best-valid checkpoint)
  Avg epoch time = 1.172 sec/epoch
  Final test eval = 0.049 sec | batches/s=20.567 | targets/s=12278.781
[RUN_METRICS] best_valid_mrr20=0.083700 best_valid_hr10=0.146600 test_mrr20=0.060500 test_hr10=0.146100 avg_epoch_time_sec=1.1718 test_eval_time_sec=0.0486 test_eval_batches_per_sec=20.5675 test_eval_targets_per_sec=12278.7808
  Total time: 4.9 min
  Best params:
    learning_rate: 0.0020261
  Results -> /workspace/FeaturedMoE/experiments/run/artifacts/results/fmoe_n4/beauty_FeaturedMoE_N3_p4a_beauty_b01_b25_lr_h8_seen_anchor_rc_15_s4_20260417_051124_616334_pid1471972.json
  Normal mirror -> /workspace/FeaturedMoE/experiments/run/artifacts/results/fmoe_n4/normal/ablation_dualset_core_global_queue_v1/P4A/beauty/FMoEN3/beauty_FeaturedMoE_N3_p4a_beauty_b01_b25_lr_h8_seen_anchor_rc_15_s4_20260417_051124_616334_pid1471972.json
  Special result -> /workspace/FeaturedMoE/experiments/run/artifacts/results/fmoe_n4/special/ablation_dualset_core_global_queue_v1/P4A/beauty/FMoEN3/beauty_FeaturedMoE_N3_p4a_beauty_b01_b25_lr_h8_seen_anchor_rc_15_s4_20260417_051124_616334_pid1471972_special_metrics.json
  Special log -> /workspace/FeaturedMoE/experiments/run/artifacts/logs/fmoe_n4/special/ablation_dualset_core_global_queue_v1/P4A/beauty/FMoEN3/beauty_FeaturedMoE_N3_p4a_beauty_b01_b25_lr_h8_seen_anchor_rc_15_s4_20260417_051124_616334_pid1471972_special_metrics.json
=================================================================

[RUN_STATUS] END status=normal pid=1471972 start=2026-04-17T05:11:24 end=2026-04-17T05:16:19
