[STAGEG_CROSS6X9_ANCHOR2_CORE5_SETTING_HEADER]
run_phase=P22_SG_D04_M06_C01_BSAREC_XFER_LASTFM0_03_FAD_H3_R1_C1_S1 run_id=SG_MOVIELENS1M_BSAREC_XFER_LASTFM0_03_FAD_H3_R1_C1_S1 phase_id=P22 axis_id=SG model=BSARec candidate_id=XFER_lastfm0.03_FAD_H3_R1_C1 seed=1
dataset=movielens1m gpu=5 order=0 candidate_source=final_transfer source_stage=Final_all_datasets transfer_from_dataset=lastfm0.03
max_evals=6 tune_epochs=44 tune_patience=6
seed=220030

[COMMAND]
- /venv/FMoE/bin/python hyperopt_tune.py --config-name tune_ml --max-evals 6 --tune-epochs 44 --tune-patience 6 --seed 220030 --run-group baseline --run-axis StageG_Cross6x9_anchor2_core5 --run-phase P22_SG_D04_M06_C01_BSAREC_XFER_LASTFM0_03_FAD_H3_R1_C1_S1 model=bsarec dataset=movielens1m eval_mode=session_fixed feature_mode=full_v3 gpu_id=5 log_wandb=false show_progress=false ++special_logging=true ++seed=220030 ++search={learning_rate:[0.0004450168388540017,0.000578831012734982]} ++search_space_type_overrides={learning_rate:"loguniform"} ++weight_decay=0.0002 ++search.weight_decay=[0.0002] ++search_space_type_overrides.weight_decay=choice ++search.n_layers=[3] ++search_space_type_overrides.n_layers=choice ++search.num_layers=[3] ++search_space_type_overrides.num_layers=choice ++search.n_heads=[4] ++search_space_type_overrides.n_heads=choice ++search.num_heads=[4] ++search_space_type_overrides.num_heads=choice ++search.dropout_ratio=[0.15] ++search_space_type_overrides.dropout_ratio=choice ++search.dropout_prob=[0.15] ++search_space_type_overrides.dropout_prob=choice ++search.hidden_dropout_prob=[0.15] ++search_space_type_overrides.hidden_dropout_prob=choice ++search.attn_dropout_prob=[0.15] ++search_space_type_overrides.attn_dropout_prob=choice ++search.hidden_size=[160] ++search_space_type_overrides.hidden_size=choice ++search.embedding_size=[160] ++search_space_type_overrides.embedding_size=choice ++search.inner_size=[320] ++search_space_type_overrides.inner_size=choice ++search.time_span=[512] ++search_space_type_overrides.time_span=choice ++search.num_experts=[8] ++search_space_type_overrides.num_experts=choice ++search.state_size=[32] ++search_space_type_overrides.state_size=choice ++search.conv_kernel=[8] ++search_space_type_overrides.conv_kernel=choice ++search.remaining_ratio=[0.7] ++search_space_type_overrides.remaining_ratio=choice ++search.MAX_ITEM_LIST_LENGTH=[25] ++search_space_type_overrides.MAX_ITEM_LIST_LENGTH=choice ++dropout_ratio=0.15 ++train_batch_size=1740 ++eval_batch_size=2611 ++hidden_size=160 ++embedding_size=160 ++MAX_ITEM_LIST_LENGTH=25 ++num_layers=3 ++n_layers=3 ++num_heads=4 ++n_heads=4 ++inner_size=320
/venv/FMoE/lib/python3.10/site-packages/ray/_private/parameter.py:4: UserWarning: pkg_resources is deprecated as an API. See https://setuptools.pypa.io/en/latest/pkg_resources.html. The pkg_resources package is slated for removal as early as 2025-11-30. Refrain from using this package or pin to Setuptools<81.
  import pkg_resources
[RUN_STATUS] START pid=349855 ts=2026-04-08T02:39:58

=================================================================
  Hyperopt TPE  |  BSARec x movielens1m
  max_evals=6  epochs=44  patience=6  wandb=off
  batch_size(train/valid/test)=1740/2611/2611
  track=baseline  axis=stageg_cross6x9_anchor2_core5  phase=P22_SG_D04_M06_C01_BSAREC_XFER_LASTFM0_03_FAD_H3_R1_C1_S1
=================================================================
Changed knobs: learning_rate
Tuned params(len>1): 1  (~1 discrete combos)
Tuned groups: 1
  [optimization]
    learning_rate                   [0.0004450168388540017, 0.000578831012734982]  -> loguniform
Fixed params(singleton/non-list): 18
Fixed groups: 18
  [optimization]
    hidden_dropout_prob             0.15                                    
    weight_decay                    0.0002                                  
  [model_core]
    attn_dropout_prob               0.15                                    
    dropout_prob                    0.15                                    
    dropout_ratio                   0.15                                    
    embedding_size                  160                                     
    hidden_size                     160                                     
    inner_size                      320                                     
    num_heads                       4                                       
    num_layers                      3                                       
  [other]
    MAX_ITEM_LIST_LENGTH            25                                      
    conv_kernel                     8                                       
    n_heads                         4                                       
    n_layers                        3                                       
    num_experts                     8                                       
    remaining_ratio                 0.7                                     
    state_size                      32                                      
    time_span                       512                                     

[Wandb] disabled for this hyperopt run

[1/6] learning_rate=0.0004969
  -> MRR@20=0.087400  best=0.087400  (early_stop@44, trial=8.0min, avg=8.2min/trial, total=8.2min, ETA=40.9min)
[TRIAL_METRICS] cur_best_mrr20=0.087400 cur_best_hr10=0.183700 cur_test_mrr20=0.076700 cur_test_hr10=0.185500 run_best_mrr20=0.087400 run_best_hr10=0.183700 run_test_mrr20=0.076700 run_test_hr10=0.185500

[2/6] learning_rate=0.0005467
  -> MRR@20=0.087600  best=0.087600  (full@44, trial=8.0min, avg=8.1min/trial, total=16.2min, ETA=32.3min)
[TRIAL_METRICS] cur_best_mrr20=0.087600 cur_best_hr10=0.180100 cur_test_mrr20=0.078200 cur_test_hr10=0.184100 run_best_mrr20=0.087600 run_best_hr10=0.180100 run_test_mrr20=0.078200 run_test_hr10=0.184100

[3/6] learning_rate=0.0004484
  -> MRR@20=0.085000  best=0.087600  (early_stop@44, trial=8.0min, avg=8.1min/trial, total=24.2min, ETA=24.2min)
[TRIAL_METRICS] cur_best_mrr20=0.085000 cur_best_hr10=0.187900 cur_test_mrr20=0.074000 cur_test_hr10=0.182300 run_best_mrr20=0.087600 run_best_hr10=0.180100 run_test_mrr20=0.078200 run_test_hr10=0.184100

[4/6] learning_rate=0.0005117
  -> MRR@20=0.087500  best=0.087600  (early_stop@44, trial=8.1min, avg=8.1min/trial, total=32.3min, ETA=16.1min)
[TRIAL_METRICS] cur_best_mrr20=0.087500 cur_best_hr10=0.187400 cur_test_mrr20=0.076100 cur_test_hr10=0.186400 run_best_mrr20=0.087600 run_best_hr10=0.180100 run_test_mrr20=0.078200 run_test_hr10=0.184100

[5/6] learning_rate=0.0004661
  -> MRR@20=0.084900  best=0.087600  (early_stop@43, trial=7.8min, avg=8.0min/trial, total=40.1min, ETA=8.0min)
[TRIAL_METRICS] cur_best_mrr20=0.084900 cur_best_hr10=0.186100 cur_test_mrr20=0.076600 cur_test_hr10=0.184600 run_best_mrr20=0.087600 run_best_hr10=0.180100 run_test_mrr20=0.078200 run_test_hr10=0.184100

[6/6] learning_rate=0.0005219
  -> MRR@20=0.086900  best=0.087600  (early_stop@44, trial=8.0min, avg=8.0min/trial, total=48.1min, ETA=0s)
[TRIAL_METRICS] cur_best_mrr20=0.086900 cur_best_hr10=0.184700 cur_test_mrr20=0.076600 cur_test_hr10=0.186400 run_best_mrr20=0.087600 run_best_hr10=0.180100 run_test_mrr20=0.078200 run_test_hr10=0.184100

=================================================================
  DONE  |  BSARec x movielens1m
  Best MRR@20 = 0.087600  |  6/6 trials OK
  Best HR@10  = 0.180100
  Test MRR@20 = 0.078200  (best-valid checkpoint)
  Test HR@10  = 0.184100  (best-valid checkpoint)
[RUN_METRICS] best_valid_mrr20=0.087600 best_valid_hr10=0.180100 test_mrr20=0.078200 test_hr10=0.184100
  Total time: 48.1 min
  Best params:
    learning_rate: 0.000546738
  Results -> /workspace/jy1559/FMoE/experiments/run/artifacts/results/baseline/movielens1m_BSARec_p22_sg_d04_m06_c01_bsarec_xfer_lastfm0_03_fad_h3_r1_c1_s1_20260408_023958_440693_pid349855.json
  Normal mirror -> /workspace/jy1559/FMoE/experiments/run/artifacts/results/baseline/normal/stageg_cross6x9_anchor2_core5/P22/movielens1m/BSARec/movielens1m_BSARec_p22_sg_d04_m06_c01_bsarec_xfer_lastfm0_03_fad_h3_r1_c1_s1_20260408_023958_440693_pid349855.json
  Special result -> /workspace/jy1559/FMoE/experiments/run/artifacts/results/baseline/special/stageg_cross6x9_anchor2_core5/P22/movielens1m/BSARec/movielens1m_BSARec_p22_sg_d04_m06_c01_bsarec_xfer_lastfm0_03_fad_h3_r1_c1_s1_20260408_023958_440693_pid349855_special_metrics.json
  Special log -> /workspace/jy1559/FMoE/experiments/run/artifacts/logs/baseline/special/stageg_cross6x9_anchor2_core5/P22/movielens1m/BSARec/movielens1m_BSARec_p22_sg_d04_m06_c01_bsarec_xfer_lastfm0_03_fad_h3_r1_c1_s1_20260408_023958_440693_pid349855_special_metrics.json
=================================================================

[RUN_STATUS] END status=normal pid=349855 start=2026-04-08T02:39:58 end=2026-04-08T03:28:05
