# CMD
/venv/FMoE/bin/python hyperopt_tune.py --config-name tune_fs --space-yaml /workspace/FeaturedMoE/experiments/run/artifacts/logs/baseline_2/PAIR60_ADDTUNING2/spaces/foursquare_bsarec_K3.yaml --max-evals 10 --tune-epochs 100 --tune-patience 7 --search-algo tpe --seed 2026041743 --run-group baseline_2 --run-axis pair60_addtuning2 --run-phase BASELINE2_ADDTUNE2_FOURSQUARE_BSAREC_K3 model=bsarec dataset=foursquare eval_mode=session_fixed feature_mode=full_v4 gpu_id=5 log_wandb=false show_progress=false ++seed=2026041743 ++eval_sampling.mode=full ++eval_sampling.auto_full_threshold=999999999 ++special_logging=true ++exclude_unseen_target_from_main_eval=true ++log_unseen_target_metrics=true

/venv/FMoE/lib/python3.10/site-packages/ray/_private/parameter.py:4: UserWarning: pkg_resources is deprecated as an API. See https://setuptools.pypa.io/en/latest/pkg_resources.html. The pkg_resources package is slated for removal as early as 2025-11-30. Refrain from using this package or pin to Setuptools<81.
  import pkg_resources
[RUN_STATUS] START pid=1248573 ts=2026-04-16T04:15:01
[SpaceYAML] loaded: /workspace/FeaturedMoE/experiments/run/artifacts/logs/baseline_2/PAIR60_ADDTUNING2/spaces/foursquare_bsarec_K3.yaml (fixed=11, search=3)
[UniqueChoice] enabled: dedupe/remap duplicates across 28 finite combos

=================================================================
  Hyperopt  |  BSARec x foursquare
  max_evals=10  epochs=100  patience=7  wandb=off
  search_algo=tpe
  batch_size(train/valid/test)=4096/4096/4096
  track=baseline_2  axis=pair60_addtuning2  phase=BASELINE2_ADDTUNE2_FOURSQUARE_BSAREC_K3
=================================================================
Changed knobs: bsarec_alpha, learning_rate, weight_decay
Tuned params(len>1): 3  (~28 discrete combos)
Tuned groups: 3
  [optimization]
    learning_rate                   [0.00030912, 0.00040466, 0.00049458, 0.00056203, 0.00064633, 0.00075874, 0.00089924]  -> choice
    weight_decay                    [0.000288, 0.000504]                      -> choice
  [other]
    bsarec_alpha                    [0.32, 0.4]                               -> choice
Fixed params(singleton/non-list): 0
Fixed groups: 0
  (none)

[Wandb] disabled for this hyperopt run

[1/10] bsarec_alpha=0.4, learning_rate=0.0008992, weight_decay=0.000288
  -> MRR@20=0.160300  best=0.160300  (full@100, trial=2.2min, avg=2.3min/trial, total=2.3min, ETA=20.4min)
[TRIAL_METRICS] cur_best_mrr20=0.160300 cur_best_hr10=0.258500 cur_test_mrr20=0.125400 cur_test_hr10=0.215000 run_best_mrr20=0.160300 run_best_hr10=0.258500 run_test_mrr20=0.125400 run_test_hr10=0.215000

[2/10] bsarec_alpha=0.32, learning_rate=0.0004946, weight_decay=0.000288
  -> MRR@20=0.123700  best=0.160300  (full@100, trial=2.2min, avg=2.2min/trial, total=4.5min, ETA=17.9min)
[TRIAL_METRICS] cur_best_mrr20=0.123700 cur_best_hr10=0.188900 cur_test_mrr20=0.099200 cur_test_hr10=0.165100 run_best_mrr20=0.160300 run_best_hr10=0.258500 run_test_mrr20=0.125400 run_test_hr10=0.215000

[3/10] bsarec_alpha=0.32, learning_rate=0.0007587, weight_decay=0.000288
[RUN_STATUS] TERMINATED signal=SIGINT(2) pid=1248573 ts=2026-04-16T04:21:04
[RUN_STATUS] END status=terminated signal=SIGINT(2) pid=1248573 start=2026-04-16T04:15:01 end=2026-04-16T04:21:04
