# CMD
/venv/FMoE/bin/python hyperopt_tune.py --config-name tune_ab --space-yaml /workspace/FeaturedMoE/experiments/run/artifacts/logs/baseline_2/PAIR60_ADDTUNING2/spaces/beauty_difsr_K1.yaml --max-evals 16 --tune-epochs 100 --tune-patience 7 --search-algo tpe --seed 2026041681 --run-group baseline_2 --run-axis pair60_addtuning2 --run-phase BASELINE2_ADDTUNE2_BEAUTY_DIFSR_K1 model=difsr dataset=beauty eval_mode=session_fixed feature_mode=full_v4 gpu_id=0 log_wandb=false show_progress=false ++seed=2026041681 ++eval_sampling.mode=full ++eval_sampling.auto_full_threshold=999999999 ++special_logging=true ++exclude_unseen_target_from_main_eval=true ++log_unseen_target_metrics=true

/venv/FMoE/lib/python3.10/site-packages/ray/_private/parameter.py:4: UserWarning: pkg_resources is deprecated as an API. See https://setuptools.pypa.io/en/latest/pkg_resources.html. The pkg_resources package is slated for removal as early as 2025-11-30. Refrain from using this package or pin to Setuptools<81.
  import pkg_resources
[RUN_STATUS] START pid=1244969 ts=2026-04-16T03:56:44
[SpaceYAML] loaded: /workspace/FeaturedMoE/experiments/run/artifacts/logs/baseline_2/PAIR60_ADDTUNING2/spaces/beauty_difsr_K1.yaml (fixed=13, search=4)
[UniqueChoice] enabled: dedupe/remap duplicates across 72 finite combos

=================================================================
  Hyperopt  |  DIFSR x beauty
  max_evals=16  epochs=100  patience=7  wandb=off
  search_algo=tpe
  batch_size(train/valid/test)=4096/8192/8192
  track=baseline_2  axis=pair60_addtuning2  phase=BASELINE2_ADDTUNE2_BEAUTY_DIFSR_K1
=================================================================
Changed knobs: MAX_ITEM_LIST_LENGTH, lambda_attr, learning_rate, weight_decay
Tuned params(len>1): 4  (~72 discrete combos)
Tuned groups: 4
  [optimization]
    learning_rate                   [0.00016213, 0.00022292, 0.00029183, 0.00035668, 0.00040531, 0.00046611, 0.00054717, 0.00066877, 0.00081063]  -> choice
    weight_decay                    [0.00016, 0.00028]                        -> choice
  [other]
    MAX_ITEM_LIST_LENGTH            [30, 34]                                  -> choice
    lambda_attr                     [0.15, 0.175]                             -> choice
Fixed params(singleton/non-list): 0
Fixed groups: 0
  (none)

[Wandb] disabled for this hyperopt run

[1/16] MAX_ITEM_LIST_LENGTH=30, lambda_attr=0.15, learning_rate=0.0005472, weight_decay=0.00028
  -> MRR@20=0.003300  best=0.003300  (early_stop@11, trial=6s, avg=10s/trial, total=10s, ETA=2.4min)
[TRIAL_METRICS] cur_best_mrr20=0.003300 cur_best_hr10=0.008000 cur_test_mrr20=0.005700 cur_test_hr10=0.005700 run_best_mrr20=0.003300 run_best_hr10=0.008000 run_test_mrr20=0.005700 run_test_hr10=0.005700

[2/16] MAX_ITEM_LIST_LENGTH=34, lambda_attr=0.15, learning_rate=0.0004053, weight_decay=0.00016
  -> MRR@20=0.001200  best=0.003300  (early_stop@8, trial=5s, avg=8s/trial, total=15s, ETA=1.8min)
[TRIAL_METRICS] cur_best_mrr20=0.001200 cur_best_hr10=0.002000 cur_test_mrr20=0.000300 cur_test_hr10=0.002900 run_best_mrr20=0.003300 run_best_hr10=0.008000 run_test_mrr20=0.005700 run_test_hr10=0.005700

[3/16] MAX_ITEM_LIST_LENGTH=34, lambda_attr=0.175, learning_rate=0.0006688, weight_decay=0.00028
  -> MRR@20=0.001200  best=0.003300  (early_stop@8, trial=5s, avg=7s/trial, total=20s, ETA=1.5min)
[TRIAL_METRICS] cur_best_mrr20=0.001200 cur_best_hr10=0.006000 cur_test_mrr20=0.000200 cur_test_hr10=0.000000 run_best_mrr20=0.003300 run_best_hr10=0.008000 run_test_mrr20=0.005700 run_test_hr10=0.005700

[4/16] MAX_ITEM_LIST_LENGTH=30, lambda_attr=0.15, learning_rate=0.0003567, weight_decay=0.00016
  -> MRR@20=0.003200  best=0.003300  (early_stop@14, trial=7s, avg=7s/trial, total=28s, ETA=1.4min)
[TRIAL_METRICS] cur_best_mrr20=0.003200 cur_best_hr10=0.004000 cur_test_mrr20=0.001300 cur_test_hr10=0.002900 run_best_mrr20=0.003300 run_best_hr10=0.008000 run_test_mrr20=0.005700 run_test_hr10=0.005700

[5/16] MAX_ITEM_LIST_LENGTH=34, lambda_attr=0.175, learning_rate=0.0006688, weight_decay=0.00016
  -> MRR@20=0.001200  best=0.003300  (early_stop@8, trial=5s, avg=7s/trial, total=33s, ETA=1.2min)
[TRIAL_METRICS] cur_best_mrr20=0.001200 cur_best_hr10=0.006000 cur_test_mrr20=0.000200 cur_test_hr10=0.000000 run_best_mrr20=0.003300 run_best_hr10=0.008000 run_test_mrr20=0.005700 run_test_hr10=0.005700

[6/16] MAX_ITEM_LIST_LENGTH=30, lambda_attr=0.15, learning_rate=0.0002229, weight_decay=0.00016
  -> MRR@20=0.003100  best=0.003300  (early_stop@16, trial=8s, avg=7s/trial, total=42s, ETA=1.2min)
[TRIAL_METRICS] cur_best_mrr20=0.003100 cur_best_hr10=0.008000 cur_test_mrr20=0.005200 cur_test_hr10=0.008600 run_best_mrr20=0.003300 run_best_hr10=0.008000 run_test_mrr20=0.005700 run_test_hr10=0.005700

[7/16] MAX_ITEM_LIST_LENGTH=30, lambda_attr=0.15, learning_rate=0.0002918, weight_decay=0.00028
  -> MRR@20=0.003000  best=0.003300  (early_stop@15, trial=8s, avg=7s/trial, total=51s, ETA=1.1min)
[TRIAL_METRICS] cur_best_mrr20=0.003000 cur_best_hr10=0.008000 cur_test_mrr20=0.001200 cur_test_hr10=0.002900 run_best_mrr20=0.003300 run_best_hr10=0.008000 run_test_mrr20=0.005700 run_test_hr10=0.005700

[8/16] MAX_ITEM_LIST_LENGTH=30, lambda_attr=0.175, learning_rate=0.0008106, weight_decay=0.00016
  -> MRR@20=0.005200  best=0.005200  (early_stop@11, trial=6s, avg=7s/trial, total=57s, ETA=57s)
[TRIAL_METRICS] cur_best_mrr20=0.005200 cur_best_hr10=0.006000 cur_test_mrr20=0.000800 cur_test_hr10=0.002900 run_best_mrr20=0.005200 run_best_hr10=0.006000 run_test_mrr20=0.000800 run_test_hr10=0.002900

[9/16] MAX_ITEM_LIST_LENGTH=30, lambda_attr=0.15, learning_rate=0.0001621, weight_decay=0.00028
  -> MRR@20=0.002600  best=0.005200  (early_stop@19, trial=10s, avg=8s/trial, total=1.1min, ETA=53s)
[TRIAL_METRICS] cur_best_mrr20=0.002600 cur_best_hr10=0.006000 cur_test_mrr20=0.001400 cur_test_hr10=0.005700 run_best_mrr20=0.005200 run_best_hr10=0.006000 run_test_mrr20=0.000800 run_test_hr10=0.002900

[10/16] MAX_ITEM_LIST_LENGTH=34, lambda_attr=0.15, learning_rate=0.0003567, weight_decay=0.00028
  -> MRR@20=0.001200  best=0.005200  (early_stop@8, trial=5s, avg=7s/trial, total=1.2min, ETA=44s)
[TRIAL_METRICS] cur_best_mrr20=0.001200 cur_best_hr10=0.002000 cur_test_mrr20=0.000300 cur_test_hr10=0.002900 run_best_mrr20=0.005200 run_best_hr10=0.006000 run_test_mrr20=0.000800 run_test_hr10=0.002900

[11/16] MAX_ITEM_LIST_LENGTH=34, lambda_attr=0.15, learning_rate=0.0002229, weight_decay=0.00016
  -> MRR@20=0.001200  best=0.005200  (early_stop@9, trial=6s, avg=7s/trial, total=1.3min, ETA=36s)
[TRIAL_METRICS] cur_best_mrr20=0.001200 cur_best_hr10=0.002000 cur_test_mrr20=0.000300 cur_test_hr10=0.002900 run_best_mrr20=0.005200 run_best_hr10=0.006000 run_test_mrr20=0.000800 run_test_hr10=0.002900

[12/16] MAX_ITEM_LIST_LENGTH=30, lambda_attr=0.15, learning_rate=0.0008106, weight_decay=0.00028
  -> MRR@20=0.005200  best=0.005200  (early_stop@11, trial=6s, avg=7s/trial, total=1.4min, ETA=28s)
[TRIAL_METRICS] cur_best_mrr20=0.005200 cur_best_hr10=0.006000 cur_test_mrr20=0.000900 cur_test_hr10=0.002900 run_best_mrr20=0.005200 run_best_hr10=0.006000 run_test_mrr20=0.000900 run_test_hr10=0.002900

[13/16] MAX_ITEM_LIST_LENGTH=30, lambda_attr=0.175, learning_rate=0.0002229, weight_decay=0.00016
  -> MRR@20=0.003100  best=0.005200  (early_stop@16, trial=8s, avg=7s/trial, total=1.6min, ETA=22s)
[TRIAL_METRICS] cur_best_mrr20=0.003100 cur_best_hr10=0.008000 cur_test_mrr20=0.005100 cur_test_hr10=0.008600 run_best_mrr20=0.005200 run_best_hr10=0.006000 run_test_mrr20=0.000800 run_test_hr10=0.002900

[14/16] MAX_ITEM_LIST_LENGTH=34, lambda_attr=0.175, learning_rate=0.0004661, weight_decay=0.00028
  -> MRR@20=0.000900  best=0.005200  (early_stop@8, trial=5s, avg=7s/trial, total=1.7min, ETA=14s)
[TRIAL_METRICS] cur_best_mrr20=0.000900 cur_best_hr10=0.002000 cur_test_mrr20=0.000300 cur_test_hr10=0.002900 run_best_mrr20=0.005200 run_best_hr10=0.006000 run_test_mrr20=0.000800 run_test_hr10=0.002900

[15/16] MAX_ITEM_LIST_LENGTH=34, lambda_attr=0.15, learning_rate=0.0008106, weight_decay=0.00028
  -> MRR@20=0.001300  best=0.005200  (early_stop@12, trial=7s, avg=7s/trial, total=1.8min, ETA=7s)
[TRIAL_METRICS] cur_best_mrr20=0.001300 cur_best_hr10=0.004000 cur_test_mrr20=0.000300 cur_test_hr10=0.002900 run_best_mrr20=0.005200 run_best_hr10=0.006000 run_test_mrr20=0.000800 run_test_hr10=0.002900

[16/16] MAX_ITEM_LIST_LENGTH=30, lambda_attr=0.175, learning_rate=0.0008106, weight_decay=0.00028
  -> MRR@20=0.005200  best=0.005200  (early_stop@11, trial=6s, avg=7s/trial, total=1.9min, ETA=0s)
[TRIAL_METRICS] cur_best_mrr20=0.005200 cur_best_hr10=0.006000 cur_test_mrr20=0.000900 cur_test_hr10=0.002900 run_best_mrr20=0.005200 run_best_hr10=0.006000 run_test_mrr20=0.000900 run_test_hr10=0.002900

=================================================================
  DONE  |  DIFSR x beauty
  Best MRR@20 = 0.005200  |  16/16 trials OK
  Best HR@10  = 0.006000
  Test MRR@20 = 0.000800  (best-valid checkpoint)
  Test HR@10  = 0.002900  (best-valid checkpoint)
[RUN_METRICS] best_valid_mrr20=0.005200 best_valid_hr10=0.006000 test_mrr20=0.000800 test_hr10=0.002900
  Total time: 1.9 min
  Best params:
    MAX_ITEM_LIST_LENGTH: 30
    lambda_attr: 0.175
    learning_rate: 0.00081063
    weight_decay: 0.00016
  Results -> /workspace/FeaturedMoE/experiments/run/artifacts/results/baseline_2/beauty_DIFSR_baseline2_addtune2_beauty_difsr_k1_20260416_035644_943095_pid1244969.json
  Normal mirror -> /workspace/FeaturedMoE/experiments/run/artifacts/results/baseline_2/normal/pair60_addtuning2/BASELINE2/beauty/DIFSR/beauty_DIFSR_baseline2_addtune2_beauty_difsr_k1_20260416_035644_943095_pid1244969.json
  Special result -> /workspace/FeaturedMoE/experiments/run/artifacts/results/baseline_2/special/pair60_addtuning2/BASELINE2/beauty/DIFSR/beauty_DIFSR_baseline2_addtune2_beauty_difsr_k1_20260416_035644_943095_pid1244969_special_metrics.json
  Special log -> /workspace/FeaturedMoE/experiments/run/artifacts/logs/baseline_2/special/pair60_addtuning2/BASELINE2/beauty/DIFSR/beauty_DIFSR_baseline2_addtune2_beauty_difsr_k1_20260416_035644_943095_pid1244969_special_metrics.json
=================================================================

[RUN_STATUS] END status=normal pid=1244969 start=2026-04-16T03:56:44 end=2026-04-16T03:58:37
