# CMD
/venv/FMoE/bin/python hyperopt_tune.py --config-name tune_fs --space-yaml /workspace/FeaturedMoE/experiments/run/artifacts/logs/baseline_2/PAIR60_ADDTUNING2/spaces/foursquare_difsr_K1.yaml --max-evals 12 --tune-epochs 100 --tune-patience 7 --search-algo tpe --seed 2026041721 --run-group baseline_2 --run-axis pair60_addtuning2 --run-phase BASELINE2_ADDTUNE2_FOURSQUARE_DIFSR_K1 model=difsr dataset=foursquare eval_mode=session_fixed feature_mode=full_v4 gpu_id=1 log_wandb=false show_progress=false ++seed=2026041721 ++eval_sampling.mode=full ++eval_sampling.auto_full_threshold=999999999 ++special_logging=true ++exclude_unseen_target_from_main_eval=true ++log_unseen_target_metrics=true

/venv/FMoE/lib/python3.10/site-packages/ray/_private/parameter.py:4: UserWarning: pkg_resources is deprecated as an API. See https://setuptools.pypa.io/en/latest/pkg_resources.html. The pkg_resources package is slated for removal as early as 2025-11-30. Refrain from using this package or pin to Setuptools<81.
  import pkg_resources
[RUN_STATUS] START pid=1248213 ts=2026-04-16T04:13:33
[SpaceYAML] loaded: /workspace/FeaturedMoE/experiments/run/artifacts/logs/baseline_2/PAIR60_ADDTUNING2/spaces/foursquare_difsr_K1.yaml (fixed=13, search=2)
[UniqueChoice] enabled: dedupe/remap duplicates across 14 finite combos

=================================================================
  Hyperopt  |  DIFSR x foursquare
  max_evals=12  epochs=100  patience=7  wandb=off
  search_algo=tpe
  batch_size(train/valid/test)=4096/4096/4096
  track=baseline_2  axis=pair60_addtuning2  phase=BASELINE2_ADDTUNE2_FOURSQUARE_DIFSR_K1
=================================================================
Changed knobs: lambda_attr, learning_rate
Tuned params(len>1): 2  (~14 discrete combos)
Tuned groups: 2
  [optimization]
    learning_rate                   [0.00024078, 0.00031521, 0.00038526, 0.00043779, 0.00050346, 0.00059102, 0.00070046]  -> choice
  [other]
    lambda_attr                     [0.15, 0.175]                             -> choice
Fixed params(singleton/non-list): 0
Fixed groups: 0
  (none)

[Wandb] disabled for this hyperopt run

[1/12] lambda_attr=0.15, learning_rate=0.000591
[RUN_STATUS] TERMINATED signal=SIGINT(2) pid=1248213 ts=2026-04-16T04:14:30
[RUN_STATUS] END status=terminated signal=SIGINT(2) pid=1248213 start=2026-04-16T04:13:33 end=2026-04-16T04:14:30
