# CMD
/venv/FMoE/bin/python hyperopt_tune.py --config-name tune_ab --space-yaml /workspace/FeaturedMoE/experiments/run/artifacts/logs/baseline_2/PAIR60_ADDTUNING2/spaces/beauty_fearec_K3.yaml --max-evals 14 --tune-epochs 100 --tune-patience 7 --search-algo tpe --seed 2026041623 --run-group baseline_2 --run-axis pair60_addtuning2 --run-phase BASELINE2_ADDTUNE2_BEAUTY_FEAREC_K3 model=fearec dataset=beauty eval_mode=session_fixed feature_mode=full_v4 gpu_id=7 log_wandb=false show_progress=false ++seed=2026041623 ++eval_sampling.mode=full ++eval_sampling.auto_full_threshold=999999999 ++special_logging=true ++exclude_unseen_target_from_main_eval=true ++log_unseen_target_metrics=true

/venv/FMoE/lib/python3.10/site-packages/ray/_private/parameter.py:4: UserWarning: pkg_resources is deprecated as an API. See https://setuptools.pypa.io/en/latest/pkg_resources.html. The pkg_resources package is slated for removal as early as 2025-11-30. Refrain from using this package or pin to Setuptools<81.
  import pkg_resources
[RUN_STATUS] START pid=1246622 ts=2026-04-16T04:02:26
[SpaceYAML] loaded: /workspace/FeaturedMoE/experiments/run/artifacts/logs/baseline_2/PAIR60_ADDTUNING2/spaces/beauty_fearec_K3.yaml (fixed=14, search=4)
[UniqueChoice] enabled: dedupe/remap duplicates across 72 finite combos

=================================================================
  Hyperopt  |  FEARec x beauty
  max_evals=14  epochs=100  patience=7  wandb=off
  search_algo=tpe
  batch_size(train/valid/test)=4096/8192/8192
  track=baseline_2  axis=pair60_addtuning2  phase=BASELINE2_ADDTUNE2_BEAUTY_FEAREC_K3
=================================================================
Changed knobs: MAX_ITEM_LIST_LENGTH, learning_rate, tau, weight_decay
Tuned params(len>1): 4  (~72 discrete combos)
Tuned groups: 4
  [optimization]
    learning_rate                   [0.0001257, 0.00016267, 0.00021295, 0.00026028, 0.00029577, 0.00034014, 0.00039929, 0.00048802, 0.00059154]  -> choice
    weight_decay                    [0.000216, 0.000378]                      -> choice
  [other]
    MAX_ITEM_LIST_LENGTH            [12, 16]                                  -> choice
    tau                             [0.162, 0.18]                             -> choice
Fixed params(singleton/non-list): 0
Fixed groups: 0
  (none)

[Wandb] disabled for this hyperopt run

[1/14] MAX_ITEM_LIST_LENGTH=16, learning_rate=0.0001627, tau=0.18, weight_decay=0.000216
  -> MRR@20=0.001300  best=0.001300  (early_stop@8, trial=5s, avg=7s/trial, total=7s, ETA=1.5min)
[TRIAL_METRICS] cur_best_mrr20=0.001300 cur_best_hr10=0.004000 cur_test_mrr20=0.001700 cur_test_hr10=0.002900 run_best_mrr20=0.001300 run_best_hr10=0.004000 run_test_mrr20=0.001700 run_test_hr10=0.002900

[2/14] MAX_ITEM_LIST_LENGTH=12, learning_rate=0.0002958, tau=0.162, weight_decay=0.000216
  -> MRR@20=0.079900  best=0.079900  (early_stop@90, trial=48s, avg=28s/trial, total=56s, ETA=5.6min)
[TRIAL_METRICS] cur_best_mrr20=0.079900 cur_best_hr10=0.148600 cur_test_mrr20=0.066700 cur_test_hr10=0.120300 run_best_mrr20=0.079900 run_best_hr10=0.148600 run_test_mrr20=0.066700 run_test_hr10=0.120300

[3/14] MAX_ITEM_LIST_LENGTH=16, learning_rate=0.0001627, tau=0.162, weight_decay=0.000216
  -> MRR@20=0.001300  best=0.079900  (early_stop@8, trial=4s, avg=20s/trial, total=1.0min, ETA=3.7min)
[TRIAL_METRICS] cur_best_mrr20=0.001300 cur_best_hr10=0.004000 cur_test_mrr20=0.001700 cur_test_hr10=0.002900 run_best_mrr20=0.079900 run_best_hr10=0.148600 run_test_mrr20=0.066700 run_test_hr10=0.120300

[4/14] MAX_ITEM_LIST_LENGTH=16, learning_rate=0.0002958, tau=0.162, weight_decay=0.000216
  -> MRR@20=0.083200  best=0.083200  (early_stop@82, trial=47s, avg=27s/trial, total=1.8min, ETA=4.5min)
[TRIAL_METRICS] cur_best_mrr20=0.083200 cur_best_hr10=0.154600 cur_test_mrr20=0.052500 cur_test_hr10=0.120300 run_best_mrr20=0.083200 run_best_hr10=0.154600 run_test_mrr20=0.052500 run_test_hr10=0.120300

[5/14] MAX_ITEM_LIST_LENGTH=16, learning_rate=0.000488, tau=0.18, weight_decay=0.000216
  -> MRR@20=0.009800  best=0.083200  (early_stop@12, trial=7s, avg=23s/trial, total=1.9min, ETA=3.5min)
[TRIAL_METRICS] cur_best_mrr20=0.009800 cur_best_hr10=0.016100 cur_test_mrr20=0.005100 cur_test_hr10=0.011500 run_best_mrr20=0.083200 run_best_hr10=0.154600 run_test_mrr20=0.052500 run_test_hr10=0.120300

[6/14] MAX_ITEM_LIST_LENGTH=12, learning_rate=0.0001627, tau=0.162, weight_decay=0.000378
  -> MRR@20=0.011700  best=0.083200  (early_stop@37, trial=19s, avg=22s/trial, total=2.2min, ETA=3.0min)
[TRIAL_METRICS] cur_best_mrr20=0.011700 cur_best_hr10=0.026100 cur_test_mrr20=0.012300 cur_test_hr10=0.025800 run_best_mrr20=0.083200 run_best_hr10=0.154600 run_test_mrr20=0.052500 run_test_hr10=0.120300

[7/14] MAX_ITEM_LIST_LENGTH=16, learning_rate=0.0001257, tau=0.162, weight_decay=0.000378
  -> MRR@20=0.001300  best=0.083200  (early_stop@8, trial=4s, avg=20s/trial, total=2.3min, ETA=2.3min)
[TRIAL_METRICS] cur_best_mrr20=0.001300 cur_best_hr10=0.004000 cur_test_mrr20=0.001700 cur_test_hr10=0.002900 run_best_mrr20=0.083200 run_best_hr10=0.154600 run_test_mrr20=0.052500 run_test_hr10=0.120300

[8/14] MAX_ITEM_LIST_LENGTH=12, learning_rate=0.0003993, tau=0.162, weight_decay=0.000378
  -> MRR@20=0.077900  best=0.083200  (early_stop@64, trial=36s, avg=22s/trial, total=2.9min, ETA=2.2min)
[TRIAL_METRICS] cur_best_mrr20=0.077900 cur_best_hr10=0.146600 cur_test_mrr20=0.060200 cur_test_hr10=0.123200 run_best_mrr20=0.083200 run_best_hr10=0.154600 run_test_mrr20=0.052500 run_test_hr10=0.120300

[9/14] MAX_ITEM_LIST_LENGTH=16, learning_rate=0.0002603, tau=0.18, weight_decay=0.000216
  -> MRR@20=0.010800  best=0.083200  (early_stop@20, trial=11s, avg=21s/trial, total=3.1min, ETA=1.7min)
[TRIAL_METRICS] cur_best_mrr20=0.010800 cur_best_hr10=0.018100 cur_test_mrr20=0.005000 cur_test_hr10=0.014300 run_best_mrr20=0.083200 run_best_hr10=0.154600 run_test_mrr20=0.052500 run_test_hr10=0.120300

[10/14] MAX_ITEM_LIST_LENGTH=12, learning_rate=0.0002603, tau=0.18, weight_decay=0.000378
  -> MRR@20=0.077700  best=0.083200  (early_stop@73, trial=39s, avg=23s/trial, total=3.8min, ETA=1.5min)
[TRIAL_METRICS] cur_best_mrr20=0.077700 cur_best_hr10=0.140600 cur_test_mrr20=0.054800 cur_test_hr10=0.123200 run_best_mrr20=0.083200 run_best_hr10=0.154600 run_test_mrr20=0.052500 run_test_hr10=0.120300
[UniqueChoice] remap duplicate suggestion -> {'MAX_ITEM_LIST_LENGTH': 12, 'learning_rate': 0.0001257, 'tau': 0.162, 'weight_decay': 0.000216}

[11/14] MAX_ITEM_LIST_LENGTH=12, learning_rate=0.0001257, tau=0.162, weight_decay=0.000216
  -> MRR@20=0.000400  best=0.083200  (early_stop@8, trial=4s, avg=21s/trial, total=3.8min, ETA=1.0min)
[TRIAL_METRICS] cur_best_mrr20=0.000400 cur_best_hr10=0.002000 cur_test_mrr20=0.000000 cur_test_hr10=0.000000 run_best_mrr20=0.083200 run_best_hr10=0.154600 run_test_mrr20=0.052500 run_test_hr10=0.120300

[12/14] MAX_ITEM_LIST_LENGTH=12, learning_rate=0.000488, tau=0.18, weight_decay=0.000216
  -> MRR@20=0.081500  best=0.083200  (early_stop@84, trial=42s, avg=23s/trial, total=4.6min, ETA=46s)
[TRIAL_METRICS] cur_best_mrr20=0.081500 cur_best_hr10=0.160600 cur_test_mrr20=0.052500 cur_test_hr10=0.128900 run_best_mrr20=0.083200 run_best_hr10=0.154600 run_test_mrr20=0.052500 run_test_hr10=0.120300

[13/14] MAX_ITEM_LIST_LENGTH=16, learning_rate=0.0003993, tau=0.162, weight_decay=0.000216
  -> MRR@20=0.084000  best=0.084000  (early_stop@58, trial=33s, avg=24s/trial, total=5.1min, ETA=24s)
[TRIAL_METRICS] cur_best_mrr20=0.084000 cur_best_hr10=0.144600 cur_test_mrr20=0.050200 cur_test_hr10=0.114600 run_best_mrr20=0.084000 run_best_hr10=0.144600 run_test_mrr20=0.050200 run_test_hr10=0.114600

[14/14] MAX_ITEM_LIST_LENGTH=12, learning_rate=0.0005915, tau=0.18, weight_decay=0.000378
  -> MRR@20=0.075200  best=0.084000  (early_stop@43, trial=23s, avg=24s/trial, total=5.5min, ETA=0s)
[TRIAL_METRICS] cur_best_mrr20=0.075200 cur_best_hr10=0.142600 cur_test_mrr20=0.054800 cur_test_hr10=0.120300 run_best_mrr20=0.084000 run_best_hr10=0.144600 run_test_mrr20=0.050200 run_test_hr10=0.114600

=================================================================
  DONE  |  FEARec x beauty
  Best MRR@20 = 0.084000  |  14/14 trials OK
  Best HR@10  = 0.144600
  Test MRR@20 = 0.050200  (best-valid checkpoint)
  Test HR@10  = 0.114600  (best-valid checkpoint)
[RUN_METRICS] best_valid_mrr20=0.084000 best_valid_hr10=0.144600 test_mrr20=0.050200 test_hr10=0.114600
  Total time: 5.5 min
  Best params:
    MAX_ITEM_LIST_LENGTH: 16
    learning_rate: 0.00039929
    tau: 0.162
    weight_decay: 0.000216
  Results -> /workspace/FeaturedMoE/experiments/run/artifacts/results/baseline_2/beauty_FEARec_baseline2_addtune2_beauty_fearec_k3_20260416_040226_755989_pid1246622.json
  Normal mirror -> /workspace/FeaturedMoE/experiments/run/artifacts/results/baseline_2/normal/pair60_addtuning2/BASELINE2/beauty/FEARec/beauty_FEARec_baseline2_addtune2_beauty_fearec_k3_20260416_040226_755989_pid1246622.json
  Special result -> /workspace/FeaturedMoE/experiments/run/artifacts/results/baseline_2/special/pair60_addtuning2/BASELINE2/beauty/FEARec/beauty_FEARec_baseline2_addtune2_beauty_fearec_k3_20260416_040226_755989_pid1246622_special_metrics.json
  Special log -> /workspace/FeaturedMoE/experiments/run/artifacts/logs/baseline_2/special/pair60_addtuning2/BASELINE2/beauty/FEARec/beauty_FEARec_baseline2_addtune2_beauty_fearec_k3_20260416_040226_755989_pid1246622_special_metrics.json
=================================================================

[RUN_STATUS] END status=normal pid=1246622 start=2026-04-16T04:02:26 end=2026-04-16T04:07:57
