# CMD
/venv/FMoE/bin/python hyperopt_tune.py --config-name tune_ab --space-yaml /workspace/FeaturedMoE/experiments/run/artifacts/logs/baseline_2/PAIR60_ADDTUNING2/spaces/beauty_bsarec_K2.yaml --max-evals 16 --tune-epochs 100 --tune-patience 7 --search-algo tpe --seed 2026041662 --run-group baseline_2 --run-axis pair60_addtuning2 --run-phase BASELINE2_ADDTUNE2_BEAUTY_BSAREC_K2 model=bsarec dataset=beauty eval_mode=session_fixed feature_mode=full_v4 gpu_id=7 log_wandb=false show_progress=false ++seed=2026041662 ++eval_sampling.mode=full ++eval_sampling.auto_full_threshold=999999999 ++special_logging=true ++exclude_unseen_target_from_main_eval=true ++log_unseen_target_metrics=true

/venv/FMoE/lib/python3.10/site-packages/ray/_private/parameter.py:4: UserWarning: pkg_resources is deprecated as an API. See https://setuptools.pypa.io/en/latest/pkg_resources.html. The pkg_resources package is slated for removal as early as 2025-11-30. Refrain from using this package or pin to Setuptools<81.
  import pkg_resources
[RUN_STATUS] START pid=1244979 ts=2026-04-16T03:56:44
[SpaceYAML] loaded: /workspace/FeaturedMoE/experiments/run/artifacts/logs/baseline_2/PAIR60_ADDTUNING2/spaces/beauty_bsarec_K2.yaml (fixed=11, search=4)
[UniqueChoice] enabled: dedupe/remap duplicates across 72 finite combos

=================================================================
  Hyperopt  |  BSARec x beauty
  max_evals=16  epochs=100  patience=7  wandb=off
  search_algo=tpe
  batch_size(train/valid/test)=4096/8192/8192
  track=baseline_2  axis=pair60_addtuning2  phase=BASELINE2_ADDTUNE2_BEAUTY_BSAREC_K2
=================================================================
Changed knobs: MAX_ITEM_LIST_LENGTH, bsarec_alpha, learning_rate, weight_decay
Tuned params(len>1): 4  (~72 discrete combos)
Tuned groups: 4
  [optimization]
    learning_rate                   [0.00020813, 0.00028619, 0.00037464, 0.0004579, 0.00052034, 0.00059839, 0.00070245, 0.00085856, 0.00104067]  -> choice
    weight_decay                    ['8e-05', 0.00014]                        -> choice
  [other]
    MAX_ITEM_LIST_LENGTH            [36, 40]                                  -> choice
    bsarec_alpha                    [0.66, 0.74]                              -> choice
Fixed params(singleton/non-list): 0
Fixed groups: 0
  (none)

[Wandb] disabled for this hyperopt run

[1/16] MAX_ITEM_LIST_LENGTH=36, bsarec_alpha=0.66, learning_rate=0.0003746, weight_decay=0.00014
  -> MRR@20=0.005300  best=0.005300  (early_stop@28, trial=15s, avg=18s/trial, total=18s, ETA=4.5min)
[TRIAL_METRICS] cur_best_mrr20=0.005300 cur_best_hr10=0.012000 cur_test_mrr20=0.001600 cur_test_hr10=0.005700 run_best_mrr20=0.005300 run_best_hr10=0.012000 run_test_mrr20=0.001600 run_test_hr10=0.005700

[2/16] MAX_ITEM_LIST_LENGTH=40, bsarec_alpha=0.74, learning_rate=0.0002081, weight_decay=8e-05
  -> MRR@20=0.006500  best=0.006500  (early_stop@30, trial=18s, avg=18s/trial, total=37s, ETA=4.3min)
[TRIAL_METRICS] cur_best_mrr20=0.006500 cur_best_hr10=0.008000 cur_test_mrr20=0.003100 cur_test_hr10=0.002900 run_best_mrr20=0.006500 run_best_hr10=0.008000 run_test_mrr20=0.003100 run_test_hr10=0.002900

[3/16] MAX_ITEM_LIST_LENGTH=36, bsarec_alpha=0.74, learning_rate=0.0002081, weight_decay=0.00014
  -> MRR@20=0.003500  best=0.006500  (early_stop@21, trial=12s, avg=17s/trial, total=50s, ETA=3.6min)
[TRIAL_METRICS] cur_best_mrr20=0.003500 cur_best_hr10=0.004000 cur_test_mrr20=0.005200 cur_test_hr10=0.011500 run_best_mrr20=0.006500 run_best_hr10=0.008000 run_test_mrr20=0.003100 run_test_hr10=0.002900

[4/16] MAX_ITEM_LIST_LENGTH=36, bsarec_alpha=0.74, learning_rate=0.0007024, weight_decay=0.00014
  -> MRR@20=0.015900  best=0.015900  (early_stop@46, trial=24s, avg=19s/trial, total=1.2min, ETA=3.7min)
[TRIAL_METRICS] cur_best_mrr20=0.015900 cur_best_hr10=0.024100 cur_test_mrr20=0.014500 cur_test_hr10=0.031500 run_best_mrr20=0.015900 run_best_hr10=0.024100 run_test_mrr20=0.014500 run_test_hr10=0.031500

[5/16] MAX_ITEM_LIST_LENGTH=36, bsarec_alpha=0.66, learning_rate=0.001041, weight_decay=8e-05
  -> MRR@20=0.014400  best=0.015900  (early_stop@36, trial=19s, avg=19s/trial, total=1.6min, ETA=3.4min)
[TRIAL_METRICS] cur_best_mrr20=0.014400 cur_best_hr10=0.032100 cur_test_mrr20=0.015100 cur_test_hr10=0.034400 run_best_mrr20=0.015900 run_best_hr10=0.024100 run_test_mrr20=0.014500 run_test_hr10=0.031500

[6/16] MAX_ITEM_LIST_LENGTH=40, bsarec_alpha=0.74, learning_rate=0.0007024, weight_decay=8e-05
  -> MRR@20=0.005900  best=0.015900  (early_stop@17, trial=10s, avg=17s/trial, total=1.7min, ETA=2.9min)
[TRIAL_METRICS] cur_best_mrr20=0.005900 cur_best_hr10=0.012000 cur_test_mrr20=0.003600 cur_test_hr10=0.005700 run_best_mrr20=0.015900 run_best_hr10=0.024100 run_test_mrr20=0.014500 run_test_hr10=0.031500

[7/16] MAX_ITEM_LIST_LENGTH=40, bsarec_alpha=0.74, learning_rate=0.0005984, weight_decay=0.00014
  -> MRR@20=0.005700  best=0.015900  (early_stop@17, trial=10s, avg=16s/trial, total=1.9min, ETA=2.5min)
[TRIAL_METRICS] cur_best_mrr20=0.005700 cur_best_hr10=0.012000 cur_test_mrr20=0.001900 cur_test_hr10=0.002900 run_best_mrr20=0.015900 run_best_hr10=0.024100 run_test_mrr20=0.014500 run_test_hr10=0.031500

[8/16] MAX_ITEM_LIST_LENGTH=40, bsarec_alpha=0.74, learning_rate=0.0005203, weight_decay=0.00014
  -> MRR@20=0.005700  best=0.015900  (early_stop@19, trial=11s, avg=16s/trial, total=2.1min, ETA=2.1min)
[TRIAL_METRICS] cur_best_mrr20=0.005700 cur_best_hr10=0.010000 cur_test_mrr20=0.005700 cur_test_hr10=0.005700 run_best_mrr20=0.015900 run_best_hr10=0.024100 run_test_mrr20=0.014500 run_test_hr10=0.031500
[UniqueChoice] remap duplicate suggestion -> {'MAX_ITEM_LIST_LENGTH': 36, 'bsarec_alpha': 0.66, 'learning_rate': 0.00020813, 'weight_decay': '8e-05'}

[9/16] MAX_ITEM_LIST_LENGTH=36, bsarec_alpha=0.66, learning_rate=0.0002081, weight_decay=8e-05
  -> MRR@20=0.003700  best=0.015900  (early_stop@21, trial=11s, avg=15s/trial, total=2.3min, ETA=1.8min)
[TRIAL_METRICS] cur_best_mrr20=0.003700 cur_best_hr10=0.006000 cur_test_mrr20=0.005100 cur_test_hr10=0.011500 run_best_mrr20=0.015900 run_best_hr10=0.024100 run_test_mrr20=0.014500 run_test_hr10=0.031500

[10/16] MAX_ITEM_LIST_LENGTH=36, bsarec_alpha=0.66, learning_rate=0.0007024, weight_decay=8e-05
  -> MRR@20=0.004100  best=0.015900  (early_stop@17, trial=9s, avg=15s/trial, total=2.5min, ETA=1.5min)
[TRIAL_METRICS] cur_best_mrr20=0.004100 cur_best_hr10=0.008000 cur_test_mrr20=0.001700 cur_test_hr10=0.005700 run_best_mrr20=0.015900 run_best_hr10=0.024100 run_test_mrr20=0.014500 run_test_hr10=0.031500
[UniqueChoice] remap duplicate suggestion -> {'MAX_ITEM_LIST_LENGTH': 36, 'bsarec_alpha': 0.66, 'learning_rate': 0.00020813, 'weight_decay': 0.00014}

[11/16] MAX_ITEM_LIST_LENGTH=36, bsarec_alpha=0.66, learning_rate=0.0002081, weight_decay=0.00014
  -> MRR@20=0.003700  best=0.015900  (early_stop@21, trial=11s, avg=14s/trial, total=2.7min, ETA=1.2min)
[TRIAL_METRICS] cur_best_mrr20=0.003700 cur_best_hr10=0.006000 cur_test_mrr20=0.005100 cur_test_hr10=0.011500 run_best_mrr20=0.015900 run_best_hr10=0.024100 run_test_mrr20=0.014500 run_test_hr10=0.031500

[12/16] MAX_ITEM_LIST_LENGTH=40, bsarec_alpha=0.66, learning_rate=0.0002081, weight_decay=0.00014
  -> MRR@20=0.006300  best=0.015900  (early_stop@33, trial=20s, avg=15s/trial, total=3.0min, ETA=60s)
[TRIAL_METRICS] cur_best_mrr20=0.006300 cur_best_hr10=0.006000 cur_test_mrr20=0.001600 cur_test_hr10=0.002900 run_best_mrr20=0.015900 run_best_hr10=0.024100 run_test_mrr20=0.014500 run_test_hr10=0.031500

[13/16] MAX_ITEM_LIST_LENGTH=36, bsarec_alpha=0.74, learning_rate=0.0003746, weight_decay=8e-05
  -> MRR@20=0.002100  best=0.015900  (early_stop@12, trial=6s, avg=14s/trial, total=3.1min, ETA=43s)
[TRIAL_METRICS] cur_best_mrr20=0.002100 cur_best_hr10=0.002000 cur_test_mrr20=0.004300 cur_test_hr10=0.005700 run_best_mrr20=0.015900 run_best_hr10=0.024100 run_test_mrr20=0.014500 run_test_hr10=0.031500

[14/16] MAX_ITEM_LIST_LENGTH=40, bsarec_alpha=0.74, learning_rate=0.0002862, weight_decay=8e-05
  -> MRR@20=0.007300  best=0.015900  (early_stop@28, trial=17s, avg=15s/trial, total=3.4min, ETA=29s)
[TRIAL_METRICS] cur_best_mrr20=0.007300 cur_best_hr10=0.010000 cur_test_mrr20=0.001600 cur_test_hr10=0.002900 run_best_mrr20=0.015900 run_best_hr10=0.024100 run_test_mrr20=0.014500 run_test_hr10=0.031500

[15/16] MAX_ITEM_LIST_LENGTH=36, bsarec_alpha=0.66, learning_rate=0.001041, weight_decay=0.00014
  -> MRR@20=0.015000  best=0.015900  (early_stop@36, trial=19s, avg=15s/trial, total=3.7min, ETA=15s)
[TRIAL_METRICS] cur_best_mrr20=0.015000 cur_best_hr10=0.030100 cur_test_mrr20=0.014900 cur_test_hr10=0.037200 run_best_mrr20=0.015900 run_best_hr10=0.024100 run_test_mrr20=0.014500 run_test_hr10=0.031500
[UniqueChoice] remap duplicate suggestion -> {'MAX_ITEM_LIST_LENGTH': 36, 'bsarec_alpha': 0.66, 'learning_rate': 0.00028619, 'weight_decay': '8e-05'}

[16/16] MAX_ITEM_LIST_LENGTH=36, bsarec_alpha=0.66, learning_rate=0.0002862, weight_decay=8e-05
  -> MRR@20=0.002200  best=0.015900  (early_stop@13, trial=7s, avg=14s/trial, total=3.8min, ETA=0s)
[TRIAL_METRICS] cur_best_mrr20=0.002200 cur_best_hr10=0.004000 cur_test_mrr20=0.002900 cur_test_hr10=0.005700 run_best_mrr20=0.015900 run_best_hr10=0.024100 run_test_mrr20=0.014500 run_test_hr10=0.031500

=================================================================
  DONE  |  BSARec x beauty
  Best MRR@20 = 0.015900  |  16/16 trials OK
  Best HR@10  = 0.024100
  Test MRR@20 = 0.014500  (best-valid checkpoint)
  Test HR@10  = 0.031500  (best-valid checkpoint)
[RUN_METRICS] best_valid_mrr20=0.015900 best_valid_hr10=0.024100 test_mrr20=0.014500 test_hr10=0.031500
  Total time: 3.8 min
  Best params:
    MAX_ITEM_LIST_LENGTH: 36
    bsarec_alpha: 0.74
    learning_rate: 0.00070245
    weight_decay: 0.00014
  Results -> /workspace/FeaturedMoE/experiments/run/artifacts/results/baseline_2/beauty_BSARec_baseline2_addtune2_beauty_bsarec_k2_20260416_035644_833632_pid1244979.json
  Normal mirror -> /workspace/FeaturedMoE/experiments/run/artifacts/results/baseline_2/normal/pair60_addtuning2/BASELINE2/beauty/BSARec/beauty_BSARec_baseline2_addtune2_beauty_bsarec_k2_20260416_035644_833632_pid1244979.json
  Special result -> /workspace/FeaturedMoE/experiments/run/artifacts/results/baseline_2/special/pair60_addtuning2/BASELINE2/beauty/BSARec/beauty_BSARec_baseline2_addtune2_beauty_bsarec_k2_20260416_035644_833632_pid1244979_special_metrics.json
  Special log -> /workspace/FeaturedMoE/experiments/run/artifacts/logs/baseline_2/special/pair60_addtuning2/BASELINE2/beauty/BSARec/beauty_BSARec_baseline2_addtune2_beauty_bsarec_k2_20260416_035644_833632_pid1244979_special_metrics.json
=================================================================

[RUN_STATUS] END status=normal pid=1244979 start=2026-04-16T03:56:44 end=2026-04-16T04:00:35
