# CMD
/venv/FMoE/bin/python hyperopt_tune.py --config-name tune_ab --space-yaml /workspace/FeaturedMoE/experiments/run/artifacts/logs/baseline_2/PAIR60_ADDTUNING2/spaces/beauty_difsr_K6.yaml --max-evals 16 --tune-epochs 100 --tune-patience 7 --search-algo tpe --seed 2026041686 --run-group baseline_2 --run-axis pair60_addtuning2 --run-phase BASELINE2_ADDTUNE2_BEAUTY_DIFSR_K6 model=difsr dataset=beauty eval_mode=session_fixed feature_mode=full_v4 gpu_id=5 log_wandb=false show_progress=false ++seed=2026041686 ++eval_sampling.mode=full ++eval_sampling.auto_full_threshold=999999999 ++special_logging=true ++exclude_unseen_target_from_main_eval=true ++log_unseen_target_metrics=true

/venv/FMoE/lib/python3.10/site-packages/ray/_private/parameter.py:4: UserWarning: pkg_resources is deprecated as an API. See https://setuptools.pypa.io/en/latest/pkg_resources.html. The pkg_resources package is slated for removal as early as 2025-11-30. Refrain from using this package or pin to Setuptools<81.
  import pkg_resources
[RUN_STATUS] START pid=1244978 ts=2026-04-16T03:56:44
[SpaceYAML] loaded: /workspace/FeaturedMoE/experiments/run/artifacts/logs/baseline_2/PAIR60_ADDTUNING2/spaces/beauty_difsr_K6.yaml (fixed=13, search=4)
[UniqueChoice] enabled: dedupe/remap duplicates across 72 finite combos

=================================================================
  Hyperopt  |  DIFSR x beauty
  max_evals=16  epochs=100  patience=7  wandb=off
  search_algo=tpe
  batch_size(train/valid/test)=4096/8192/8192
  track=baseline_2  axis=pair60_addtuning2  phase=BASELINE2_ADDTUNE2_BEAUTY_DIFSR_K6
=================================================================
Changed knobs: MAX_ITEM_LIST_LENGTH, lambda_attr, learning_rate, weight_decay
Tuned params(len>1): 4  (~72 discrete combos)
Tuned groups: 4
  [optimization]
    learning_rate                   [0.00016213, 0.00022292, 0.00029183, 0.00035668, 0.00040531, 0.00046611, 0.00054717, 0.00066877, 0.00081063]  -> choice
    weight_decay                    [0.000384, 0.000672]                      -> choice
  [other]
    MAX_ITEM_LIST_LENGTH            [22, 26]                                  -> choice
    lambda_attr                     [0.17, 0.195]                             -> choice
Fixed params(singleton/non-list): 0
Fixed groups: 0
  (none)

[Wandb] disabled for this hyperopt run

[1/16] MAX_ITEM_LIST_LENGTH=22, lambda_attr=0.17, learning_rate=0.0005472, weight_decay=0.000672
  -> MRR@20=0.002700  best=0.002700  (early_stop@10, trial=3s, avg=6s/trial, total=6s, ETA=1.6min)
[TRIAL_METRICS] cur_best_mrr20=0.002700 cur_best_hr10=0.006000 cur_test_mrr20=0.000200 cur_test_hr10=0.000000 run_best_mrr20=0.002700 run_best_hr10=0.006000 run_test_mrr20=0.000200 run_test_hr10=0.000000

[2/16] MAX_ITEM_LIST_LENGTH=22, lambda_attr=0.17, learning_rate=0.0001621, weight_decay=0.000384
  -> MRR@20=0.002600  best=0.002700  (early_stop@21, trial=4s, avg=5s/trial, total=11s, ETA=1.2min)
[TRIAL_METRICS] cur_best_mrr20=0.002600 cur_best_hr10=0.008000 cur_test_mrr20=0.000700 cur_test_hr10=0.005700 run_best_mrr20=0.002700 run_best_hr10=0.006000 run_test_mrr20=0.000200 run_test_hr10=0.000000

[3/16] MAX_ITEM_LIST_LENGTH=26, lambda_attr=0.195, learning_rate=0.0005472, weight_decay=0.000384
  -> MRR@20=0.001700  best=0.002700  (early_stop@14, trial=3s, avg=5s/trial, total=14s, ETA=1.0min)
[TRIAL_METRICS] cur_best_mrr20=0.001700 cur_best_hr10=0.004000 cur_test_mrr20=0.001000 cur_test_hr10=0.002900 run_best_mrr20=0.002700 run_best_hr10=0.006000 run_test_mrr20=0.000200 run_test_hr10=0.000000

[4/16] MAX_ITEM_LIST_LENGTH=22, lambda_attr=0.17, learning_rate=0.0006688, weight_decay=0.000384
  -> MRR@20=0.004000  best=0.004000  (early_stop@19, trial=4s, avg=5s/trial, total=18s, ETA=55s)
[TRIAL_METRICS] cur_best_mrr20=0.004000 cur_best_hr10=0.006000 cur_test_mrr20=0.001300 cur_test_hr10=0.002900 run_best_mrr20=0.004000 run_best_hr10=0.006000 run_test_mrr20=0.001300 run_test_hr10=0.002900

[5/16] MAX_ITEM_LIST_LENGTH=22, lambda_attr=0.195, learning_rate=0.0003567, weight_decay=0.000384
  -> MRR@20=0.002600  best=0.004000  (early_stop@13, trial=3s, avg=4s/trial, total=21s, ETA=47s)
[TRIAL_METRICS] cur_best_mrr20=0.002600 cur_best_hr10=0.008000 cur_test_mrr20=0.000500 cur_test_hr10=0.000000 run_best_mrr20=0.004000 run_best_hr10=0.006000 run_test_mrr20=0.001300 run_test_hr10=0.002900

[6/16] MAX_ITEM_LIST_LENGTH=26, lambda_attr=0.17, learning_rate=0.0002229, weight_decay=0.000384
  -> MRR@20=0.002100  best=0.004000  (early_stop@8, trial=2s, avg=4s/trial, total=23s, ETA=39s)
[TRIAL_METRICS] cur_best_mrr20=0.002100 cur_best_hr10=0.008000 cur_test_mrr20=0.000700 cur_test_hr10=0.002900 run_best_mrr20=0.004000 run_best_hr10=0.006000 run_test_mrr20=0.001300 run_test_hr10=0.002900

[7/16] MAX_ITEM_LIST_LENGTH=22, lambda_attr=0.17, learning_rate=0.0008106, weight_decay=0.000384
  -> MRR@20=0.002700  best=0.004000  (early_stop@9, trial=2s, avg=4s/trial, total=25s, ETA=32s)
[TRIAL_METRICS] cur_best_mrr20=0.002700 cur_best_hr10=0.008000 cur_test_mrr20=0.000200 cur_test_hr10=0.000000 run_best_mrr20=0.004000 run_best_hr10=0.006000 run_test_mrr20=0.001300 run_test_hr10=0.002900

[8/16] MAX_ITEM_LIST_LENGTH=22, lambda_attr=0.17, learning_rate=0.0006688, weight_decay=0.000672
  -> MRR@20=0.003900  best=0.004000  (early_stop@19, trial=4s, avg=4s/trial, total=29s, ETA=29s)
[TRIAL_METRICS] cur_best_mrr20=0.003900 cur_best_hr10=0.008000 cur_test_mrr20=0.001400 cur_test_hr10=0.005700 run_best_mrr20=0.004000 run_best_hr10=0.006000 run_test_mrr20=0.001300 run_test_hr10=0.002900

[9/16] MAX_ITEM_LIST_LENGTH=26, lambda_attr=0.195, learning_rate=0.0002229, weight_decay=0.000672
  -> MRR@20=0.002100  best=0.004000  (early_stop@8, trial=2s, avg=3s/trial, total=31s, ETA=24s)
[TRIAL_METRICS] cur_best_mrr20=0.002100 cur_best_hr10=0.008000 cur_test_mrr20=0.000700 cur_test_hr10=0.002900 run_best_mrr20=0.004000 run_best_hr10=0.006000 run_test_mrr20=0.001300 run_test_hr10=0.002900

[10/16] MAX_ITEM_LIST_LENGTH=26, lambda_attr=0.195, learning_rate=0.0006688, weight_decay=0.000672
  -> MRR@20=0.001700  best=0.004000  (early_stop@13, trial=3s, avg=3s/trial, total=34s, ETA=21s)
[TRIAL_METRICS] cur_best_mrr20=0.001700 cur_best_hr10=0.004000 cur_test_mrr20=0.001000 cur_test_hr10=0.002900 run_best_mrr20=0.004000 run_best_hr10=0.006000 run_test_mrr20=0.001300 run_test_hr10=0.002900

[11/16] MAX_ITEM_LIST_LENGTH=22, lambda_attr=0.195, learning_rate=0.0002918, weight_decay=0.000384
  -> MRR@20=0.002600  best=0.004000  (early_stop@15, trial=3s, avg=3s/trial, total=37s, ETA=17s)
[TRIAL_METRICS] cur_best_mrr20=0.002600 cur_best_hr10=0.008000 cur_test_mrr20=0.000600 cur_test_hr10=0.002900 run_best_mrr20=0.004000 run_best_hr10=0.006000 run_test_mrr20=0.001300 run_test_hr10=0.002900

[12/16] MAX_ITEM_LIST_LENGTH=26, lambda_attr=0.17, learning_rate=0.0006688, weight_decay=0.000672
  -> MRR@20=0.001700  best=0.004000  (early_stop@13, trial=3s, avg=3s/trial, total=40s, ETA=13s)
[TRIAL_METRICS] cur_best_mrr20=0.001700 cur_best_hr10=0.004000 cur_test_mrr20=0.001000 cur_test_hr10=0.002900 run_best_mrr20=0.004000 run_best_hr10=0.006000 run_test_mrr20=0.001300 run_test_hr10=0.002900

[13/16] MAX_ITEM_LIST_LENGTH=22, lambda_attr=0.195, learning_rate=0.0001621, weight_decay=0.000384
  -> MRR@20=0.002600  best=0.004000  (early_stop@21, trial=4s, avg=3s/trial, total=45s, ETA=10s)
[TRIAL_METRICS] cur_best_mrr20=0.002600 cur_best_hr10=0.008000 cur_test_mrr20=0.000700 cur_test_hr10=0.005700 run_best_mrr20=0.004000 run_best_hr10=0.006000 run_test_mrr20=0.001300 run_test_hr10=0.002900

[14/16] MAX_ITEM_LIST_LENGTH=22, lambda_attr=0.195, learning_rate=0.0004053, weight_decay=0.000672
  -> MRR@20=0.002600  best=0.004000  (early_stop@13, trial=4s, avg=4s/trial, total=49s, ETA=7s)
[TRIAL_METRICS] cur_best_mrr20=0.002600 cur_best_hr10=0.008000 cur_test_mrr20=0.000600 cur_test_hr10=0.002900 run_best_mrr20=0.004000 run_best_hr10=0.006000 run_test_mrr20=0.001300 run_test_hr10=0.002900

[15/16] MAX_ITEM_LIST_LENGTH=26, lambda_attr=0.17, learning_rate=0.0002918, weight_decay=0.000672
  -> MRR@20=0.001900  best=0.004000  (early_stop@8, trial=2s, avg=3s/trial, total=52s, ETA=3s)
[TRIAL_METRICS] cur_best_mrr20=0.001900 cur_best_hr10=0.006000 cur_test_mrr20=0.000700 cur_test_hr10=0.002900 run_best_mrr20=0.004000 run_best_hr10=0.006000 run_test_mrr20=0.001300 run_test_hr10=0.002900

[16/16] MAX_ITEM_LIST_LENGTH=26, lambda_attr=0.195, learning_rate=0.0008106, weight_decay=0.000384
  -> MRR@20=0.001700  best=0.004000  (early_stop@12, trial=3s, avg=3s/trial, total=55s, ETA=0s)
[TRIAL_METRICS] cur_best_mrr20=0.001700 cur_best_hr10=0.004000 cur_test_mrr20=0.001000 cur_test_hr10=0.002900 run_best_mrr20=0.004000 run_best_hr10=0.006000 run_test_mrr20=0.001300 run_test_hr10=0.002900

=================================================================
  DONE  |  DIFSR x beauty
  Best MRR@20 = 0.004000  |  16/16 trials OK
  Best HR@10  = 0.006000
  Test MRR@20 = 0.001300  (best-valid checkpoint)
  Test HR@10  = 0.002900  (best-valid checkpoint)
[RUN_METRICS] best_valid_mrr20=0.004000 best_valid_hr10=0.006000 test_mrr20=0.001300 test_hr10=0.002900
  Total time: 0.9 min
  Best params:
    MAX_ITEM_LIST_LENGTH: 22
    lambda_attr: 0.17
    learning_rate: 0.00066877
    weight_decay: 0.000384
  Results -> /workspace/FeaturedMoE/experiments/run/artifacts/results/baseline_2/beauty_DIFSR_baseline2_addtune2_beauty_difsr_k6_20260416_035644_981982_pid1244978.json
  Normal mirror -> /workspace/FeaturedMoE/experiments/run/artifacts/results/baseline_2/normal/pair60_addtuning2/BASELINE2/beauty/DIFSR/beauty_DIFSR_baseline2_addtune2_beauty_difsr_k6_20260416_035644_981982_pid1244978.json
  Special result -> /workspace/FeaturedMoE/experiments/run/artifacts/results/baseline_2/special/pair60_addtuning2/BASELINE2/beauty/DIFSR/beauty_DIFSR_baseline2_addtune2_beauty_difsr_k6_20260416_035644_981982_pid1244978_special_metrics.json
  Special log -> /workspace/FeaturedMoE/experiments/run/artifacts/logs/baseline_2/special/pair60_addtuning2/BASELINE2/beauty/DIFSR/beauty_DIFSR_baseline2_addtune2_beauty_difsr_k6_20260416_035644_981982_pid1244978_special_metrics.json
=================================================================

[RUN_STATUS] END status=normal pid=1244978 start=2026-04-16T03:56:44 end=2026-04-16T03:57:40
