# CMD
/venv/FMoE/bin/python hyperopt_tune.py --config-name tune_ab --space-yaml /workspace/FeaturedMoE/experiments/run/artifacts/logs/baseline_2/PAIR60_ADDTUNING2/spaces/beauty_duorec_K3.yaml --max-evals 15 --tune-epochs 100 --tune-patience 7 --search-algo tpe --seed 2026041603 --run-group baseline_2 --run-axis pair60_addtuning2 --run-phase BASELINE2_ADDTUNE2_BEAUTY_DUOREC_K3 model=duorec dataset=beauty eval_mode=session_fixed feature_mode=full_v4 gpu_id=1 log_wandb=false show_progress=false ++seed=2026041603 ++eval_sampling.mode=full ++eval_sampling.auto_full_threshold=999999999 ++special_logging=true ++exclude_unseen_target_from_main_eval=true ++log_unseen_target_metrics=true

/venv/FMoE/lib/python3.10/site-packages/ray/_private/parameter.py:4: UserWarning: pkg_resources is deprecated as an API. See https://setuptools.pypa.io/en/latest/pkg_resources.html. The pkg_resources package is slated for removal as early as 2025-11-30. Refrain from using this package or pin to Setuptools<81.
  import pkg_resources
[RUN_STATUS] START pid=1246993 ts=2026-04-16T04:05:14
[SpaceYAML] loaded: /workspace/FeaturedMoE/experiments/run/artifacts/logs/baseline_2/PAIR60_ADDTUNING2/spaces/beauty_duorec_K3.yaml (fixed=13, search=4)
[UniqueChoice] enabled: dedupe/remap duplicates across 72 finite combos

=================================================================
  Hyperopt  |  DuoRec x beauty
  max_evals=15  epochs=100  patience=7  wandb=off
  search_algo=tpe
  batch_size(train/valid/test)=4096/8192/8192
  track=baseline_2  axis=pair60_addtuning2  phase=BASELINE2_ADDTUNE2_BEAUTY_DUOREC_K3
=================================================================
Changed knobs: MAX_ITEM_LIST_LENGTH, learning_rate, tau, weight_decay
Tuned params(len>1): 4  (~72 discrete combos)
Tuned groups: 4
  [optimization]
    learning_rate                   [0.00012803, 0.00016569, 0.0002169, 0.0002651, 0.00030125, 0.00034643, 0.00040668, 0.00049706, 0.00060249]  -> choice
    weight_decay                    [0.000144, 0.000252]                      -> choice
  [other]
    MAX_ITEM_LIST_LENGTH            [10, 14]                                  -> choice
    tau                             [0.1944, 0.216]                           -> choice
Fixed params(singleton/non-list): 0
Fixed groups: 0
  (none)

[Wandb] disabled for this hyperopt run

[1/15] MAX_ITEM_LIST_LENGTH=10, learning_rate=0.0003012, tau=0.1944, weight_decay=0.000252
  -> MRR@20=0.064500  best=0.064500  (early_stop@51, trial=25s, avg=27s/trial, total=27s, ETA=6.4min)
[TRIAL_METRICS] cur_best_mrr20=0.064500 cur_best_hr10=0.146600 cur_test_mrr20=0.048100 cur_test_hr10=0.120300 run_best_mrr20=0.064500 run_best_hr10=0.146600 run_test_mrr20=0.048100 run_test_hr10=0.120300

[2/15] MAX_ITEM_LIST_LENGTH=10, learning_rate=0.0004067, tau=0.216, weight_decay=0.000252
  -> MRR@20=0.064400  best=0.064500  (early_stop@40, trial=20s, avg=24s/trial, total=48s, ETA=5.2min)
[TRIAL_METRICS] cur_best_mrr20=0.064400 cur_best_hr10=0.144600 cur_test_mrr20=0.047800 cur_test_hr10=0.117500 run_best_mrr20=0.064500 run_best_hr10=0.146600 run_test_mrr20=0.048100 run_test_hr10=0.120300

[3/15] MAX_ITEM_LIST_LENGTH=14, learning_rate=0.0004067, tau=0.1944, weight_decay=0.000144
  -> MRR@20=0.059700  best=0.064500  (early_stop@43, trial=23s, avg=24s/trial, total=1.2min, ETA=4.7min)
[TRIAL_METRICS] cur_best_mrr20=0.059700 cur_best_hr10=0.152600 cur_test_mrr20=0.048300 cur_test_hr10=0.111700 run_best_mrr20=0.064500 run_best_hr10=0.146600 run_test_mrr20=0.048100 run_test_hr10=0.120300

[4/15] MAX_ITEM_LIST_LENGTH=10, learning_rate=0.0003464, tau=0.1944, weight_decay=0.000144
  -> MRR@20=0.065900  best=0.065900  (early_stop@54, trial=28s, avg=25s/trial, total=1.7min, ETA=4.5min)
[TRIAL_METRICS] cur_best_mrr20=0.065900 cur_best_hr10=0.154600 cur_test_mrr20=0.052500 cur_test_hr10=0.128900 run_best_mrr20=0.065900 run_best_hr10=0.154600 run_test_mrr20=0.052500 run_test_hr10=0.128900

[5/15] MAX_ITEM_LIST_LENGTH=14, learning_rate=0.0004971, tau=0.1944, weight_decay=0.000144
  -> MRR@20=0.060300  best=0.065900  (early_stop@37, trial=20s, avg=24s/trial, total=2.0min, ETA=4.0min)
[TRIAL_METRICS] cur_best_mrr20=0.060300 cur_best_hr10=0.154600 cur_test_mrr20=0.048200 cur_test_hr10=0.111700 run_best_mrr20=0.065900 run_best_hr10=0.154600 run_test_mrr20=0.052500 run_test_hr10=0.128900

[6/15] MAX_ITEM_LIST_LENGTH=10, learning_rate=0.0001657, tau=0.1944, weight_decay=0.000144
  -> MRR@20=0.065800  best=0.065900  (early_stop@87, trial=44s, avg=27s/trial, total=2.7min, ETA=4.1min)
[TRIAL_METRICS] cur_best_mrr20=0.065800 cur_best_hr10=0.148600 cur_test_mrr20=0.048700 cur_test_hr10=0.123200 run_best_mrr20=0.065900 run_best_hr10=0.154600 run_test_mrr20=0.052500 run_test_hr10=0.128900

[7/15] MAX_ITEM_LIST_LENGTH=14, learning_rate=0.000128, tau=0.216, weight_decay=0.000144
  -> MRR@20=0.057400  best=0.065900  (full@100, trial=51s, avg=31s/trial, total=3.6min, ETA=4.1min)
[TRIAL_METRICS] cur_best_mrr20=0.057400 cur_best_hr10=0.140600 cur_test_mrr20=0.047100 cur_test_hr10=0.108900 run_best_mrr20=0.065900 run_best_hr10=0.154600 run_test_mrr20=0.052500 run_test_hr10=0.128900

[8/15] MAX_ITEM_LIST_LENGTH=14, learning_rate=0.0002651, tau=0.1944, weight_decay=0.000252
  -> MRR@20=0.066200  best=0.066200  (early_stop@74, trial=38s, avg=32s/trial, total=4.2min, ETA=3.7min)
[TRIAL_METRICS] cur_best_mrr20=0.066200 cur_best_hr10=0.158600 cur_test_mrr20=0.052000 cur_test_hr10=0.111700 run_best_mrr20=0.066200 run_best_hr10=0.158600 run_test_mrr20=0.052000 run_test_hr10=0.111700
[UniqueChoice] remap duplicate suggestion -> {'MAX_ITEM_LIST_LENGTH': 10, 'learning_rate': 0.00012803, 'tau': 0.1944, 'weight_decay': 0.000144}

[9/15] MAX_ITEM_LIST_LENGTH=10, learning_rate=0.000128, tau=0.1944, weight_decay=0.000144
  -> MRR@20=0.064600  best=0.066200  (full@100, trial=50s, avg=34s/trial, total=5.1min, ETA=3.4min)
[TRIAL_METRICS] cur_best_mrr20=0.064600 cur_best_hr10=0.146600 cur_test_mrr20=0.048000 cur_test_hr10=0.120300 run_best_mrr20=0.066200 run_best_hr10=0.158600 run_test_mrr20=0.052000 run_test_hr10=0.111700

[10/15] MAX_ITEM_LIST_LENGTH=14, learning_rate=0.0001657, tau=0.216, weight_decay=0.000252
  -> MRR@20=0.080300  best=0.080300  (early_stop@97, trial=48s, avg=35s/trial, total=5.9min, ETA=2.9min)
[TRIAL_METRICS] cur_best_mrr20=0.080300 cur_best_hr10=0.154600 cur_test_mrr20=0.049300 cur_test_hr10=0.114600 run_best_mrr20=0.080300 run_best_hr10=0.154600 run_test_mrr20=0.049300 run_test_hr10=0.114600

[11/15] MAX_ITEM_LIST_LENGTH=10, learning_rate=0.0003012, tau=0.216, weight_decay=0.000252
  -> MRR@20=0.064500  best=0.080300  (early_stop@51, trial=25s, avg=34s/trial, total=6.3min, ETA=2.3min)
[TRIAL_METRICS] cur_best_mrr20=0.064500 cur_best_hr10=0.146600 cur_test_mrr20=0.048100 cur_test_hr10=0.120300 run_best_mrr20=0.080300 run_best_hr10=0.154600 run_test_mrr20=0.049300 run_test_hr10=0.114600

[12/15] MAX_ITEM_LIST_LENGTH=10, learning_rate=0.0002651, tau=0.1944, weight_decay=0.000252
  -> MRR@20=0.066100  best=0.080300  (early_stop@60, trial=30s, avg=34s/trial, total=6.8min, ETA=1.7min)
[TRIAL_METRICS] cur_best_mrr20=0.066100 cur_best_hr10=0.148600 cur_test_mrr20=0.048900 cur_test_hr10=0.126100 run_best_mrr20=0.080300 run_best_hr10=0.154600 run_test_mrr20=0.049300 run_test_hr10=0.114600

[13/15] MAX_ITEM_LIST_LENGTH=14, learning_rate=0.0004067, tau=0.216, weight_decay=0.000144
  -> MRR@20=0.059700  best=0.080300  (early_stop@43, trial=23s, avg=33s/trial, total=7.2min, ETA=1.1min)
[TRIAL_METRICS] cur_best_mrr20=0.059700 cur_best_hr10=0.152600 cur_test_mrr20=0.048300 cur_test_hr10=0.111700 run_best_mrr20=0.080300 run_best_hr10=0.154600 run_test_mrr20=0.049300 run_test_hr10=0.114600

[14/15] MAX_ITEM_LIST_LENGTH=14, learning_rate=0.0002651, tau=0.216, weight_decay=0.000144
  -> MRR@20=0.061100  best=0.080300  (early_stop@64, trial=32s, avg=33s/trial, total=7.7min, ETA=33s)
[TRIAL_METRICS] cur_best_mrr20=0.061100 cur_best_hr10=0.158600 cur_test_mrr20=0.049200 cur_test_hr10=0.114600 run_best_mrr20=0.080300 run_best_hr10=0.154600 run_test_mrr20=0.049300 run_test_hr10=0.114600

[15/15] MAX_ITEM_LIST_LENGTH=14, learning_rate=0.0003012, tau=0.1944, weight_decay=0.000144
  -> MRR@20=0.061000  best=0.080300  (early_stop@58, trial=30s, avg=33s/trial, total=8.2min, ETA=0s)
[TRIAL_METRICS] cur_best_mrr20=0.061000 cur_best_hr10=0.158600 cur_test_mrr20=0.049200 cur_test_hr10=0.114600 run_best_mrr20=0.080300 run_best_hr10=0.154600 run_test_mrr20=0.049300 run_test_hr10=0.114600

=================================================================
  DONE  |  DuoRec x beauty
  Best MRR@20 = 0.080300  |  15/15 trials OK
  Best HR@10  = 0.154600
  Test MRR@20 = 0.049300  (best-valid checkpoint)
  Test HR@10  = 0.114600  (best-valid checkpoint)
[RUN_METRICS] best_valid_mrr20=0.080300 best_valid_hr10=0.154600 test_mrr20=0.049300 test_hr10=0.114600
  Total time: 8.2 min
  Best params:
    MAX_ITEM_LIST_LENGTH: 14
    learning_rate: 0.00016569
    tau: 0.216
    weight_decay: 0.000252
  Results -> /workspace/FeaturedMoE/experiments/run/artifacts/results/baseline_2/beauty_DuoRec_baseline2_addtune2_beauty_duorec_k3_20260416_040514_639982_pid1246993.json
  Normal mirror -> /workspace/FeaturedMoE/experiments/run/artifacts/results/baseline_2/normal/pair60_addtuning2/BASELINE2/beauty/DuoRec/beauty_DuoRec_baseline2_addtune2_beauty_duorec_k3_20260416_040514_639982_pid1246993.json
  Special result -> /workspace/FeaturedMoE/experiments/run/artifacts/results/baseline_2/special/pair60_addtuning2/BASELINE2/beauty/DuoRec/beauty_DuoRec_baseline2_addtune2_beauty_duorec_k3_20260416_040514_639982_pid1246993_special_metrics.json
  Special log -> /workspace/FeaturedMoE/experiments/run/artifacts/logs/baseline_2/special/pair60_addtuning2/BASELINE2/beauty/DuoRec/beauty_DuoRec_baseline2_addtune2_beauty_duorec_k3_20260416_040514_639982_pid1246993_special_metrics.json
=================================================================

[RUN_STATUS] END status=normal pid=1246993 start=2026-04-16T04:05:14 end=2026-04-16T04:13:27
