[STAGEG_CROSS6X9_ANCHOR2_CORE5_SETTING_HEADER]
run_phase=P22_SG_D02_M03_C01_TISASREC_FAD_H2_R1_S3 run_id=SG_AMAZON_BEAUTY_TISASREC_FAD_H2_R1_S3 phase_id=P22 axis_id=SG model=TiSASRec candidate_id=FAD_H2_R1 seed=3
dataset=amazon_beauty gpu=5 order=0 candidate_source=final_same_dataset source_stage=Final_all_datasets transfer_from_dataset=
max_evals=6 tune_epochs=44 tune_patience=6
seed=220008

[COMMAND]
- /venv/FMoE/bin/python hyperopt_tune.py --config-name tune_ab --max-evals 6 --tune-epochs 44 --tune-patience 6 --seed 220008 --run-group baseline --run-axis StageG_Cross6x9_anchor2_core5 --run-phase P22_SG_D02_M03_C01_TISASREC_FAD_H2_R1_S3 model=tisasrec dataset=amazon_beauty eval_mode=session_fixed feature_mode=full_v3 gpu_id=5 log_wandb=false show_progress=false ++special_logging=true ++seed=220008 ++search={learning_rate:[0.0003601559820924718,0.0004684529520141168]} ++search_space_type_overrides={learning_rate:"loguniform"} ++weight_decay=0.00015 ++search.weight_decay=[0.00015] ++search_space_type_overrides.weight_decay=choice ++search.n_layers=[2] ++search_space_type_overrides.n_layers=choice ++search.num_layers=[2] ++search_space_type_overrides.num_layers=choice ++search.n_heads=[4] ++search_space_type_overrides.n_heads=choice ++search.num_heads=[4] ++search_space_type_overrides.num_heads=choice ++search.dropout_ratio=[0.12] ++search_space_type_overrides.dropout_ratio=choice ++search.dropout_prob=[0.12] ++search_space_type_overrides.dropout_prob=choice ++search.hidden_dropout_prob=[0.12] ++search_space_type_overrides.hidden_dropout_prob=choice ++search.attn_dropout_prob=[0.12] ++search_space_type_overrides.attn_dropout_prob=choice ++search.hidden_size=[144] ++search_space_type_overrides.hidden_size=choice ++search.embedding_size=[144] ++search_space_type_overrides.embedding_size=choice ++search.inner_size=[288] ++search_space_type_overrides.inner_size=choice ++search.time_span=[320] ++search_space_type_overrides.time_span=choice ++search.num_experts=[6] ++search_space_type_overrides.num_experts=choice ++search.state_size=[24] ++search_space_type_overrides.state_size=choice ++search.conv_kernel=[6] ++search_space_type_overrides.conv_kernel=choice ++search.remaining_ratio=[0.6] ++search_space_type_overrides.remaining_ratio=choice ++search.MAX_ITEM_LIST_LENGTH=[5] ++search_space_type_overrides.MAX_ITEM_LIST_LENGTH=choice ++dropout_ratio=0.12 ++train_batch_size=768 ++eval_batch_size=1024 ++hidden_size=144 ++embedding_size=144 ++MAX_ITEM_LIST_LENGTH=5 ++n_layers=2 ++num_layers=2 ++n_heads=4 ++num_heads=4 ++inner_size=288 ++time_span=320
/venv/FMoE/lib/python3.10/site-packages/ray/_private/parameter.py:4: UserWarning: pkg_resources is deprecated as an API. See https://setuptools.pypa.io/en/latest/pkg_resources.html. The pkg_resources package is slated for removal as early as 2025-11-30. Refrain from using this package or pin to Setuptools<81.
  import pkg_resources
[RUN_STATUS] START pid=334765 ts=2026-04-07T12:58:57

=================================================================
  Hyperopt TPE  |  TiSASRec x amazon_beauty
  max_evals=6  epochs=44  patience=6  wandb=off
  batch_size(train/valid/test)=768/1024/1024
  track=baseline  axis=stageg_cross6x9_anchor2_core5  phase=P22_SG_D02_M03_C01_TISASREC_FAD_H2_R1_S3
=================================================================
Changed knobs: learning_rate
Tuned params(len>1): 1  (~1 discrete combos)
Tuned groups: 1
  [optimization]
    learning_rate                   [0.0003601559820924718, 0.0004684529520141168]  -> loguniform
Fixed params(singleton/non-list): 18
Fixed groups: 18
  [optimization]
    hidden_dropout_prob             0.12                                    
    weight_decay                    0.00015                                 
  [model_core]
    attn_dropout_prob               0.12                                    
    dropout_prob                    0.12                                    
    dropout_ratio                   0.12                                    
    embedding_size                  144                                     
    hidden_size                     144                                     
    inner_size                      288                                     
    num_heads                       4                                       
    num_layers                      2                                       
  [other]
    MAX_ITEM_LIST_LENGTH            5                                       
    conv_kernel                     6                                       
    n_heads                         4                                       
    n_layers                        2                                       
    num_experts                     6                                       
    remaining_ratio                 0.6                                     
    state_size                      24                                      
    time_span                       320                                     

[Wandb] disabled for this hyperopt run

[1/6] learning_rate=0.0003818
  -> MRR@20=0.032200  best=0.032200  (early_stop@22, trial=15s, avg=17s/trial, total=17s, ETA=1.4min)
[TRIAL_METRICS] cur_best_mrr20=0.032200 cur_best_hr10=0.044200 cur_test_mrr20=0.013800 cur_test_hr10=0.026300 run_best_mrr20=0.032200 run_best_hr10=0.044200 run_test_mrr20=0.013800 run_test_hr10=0.026300

[2/6] learning_rate=0.0003657
  -> MRR@20=0.031700  best=0.032200  (early_stop@22, trial=14s, avg=16s/trial, total=31s, ETA=1.0min)
[TRIAL_METRICS] cur_best_mrr20=0.031700 cur_best_hr10=0.044200 cur_test_mrr20=0.013000 cur_test_hr10=0.026300 run_best_mrr20=0.032200 run_best_hr10=0.044200 run_test_mrr20=0.013800 run_test_hr10=0.026300

[3/6] learning_rate=0.0004264
  -> MRR@20=0.027400  best=0.032200  (early_stop@19, trial=12s, avg=15s/trial, total=44s, ETA=44s)
[TRIAL_METRICS] cur_best_mrr20=0.027400 cur_best_hr10=0.044200 cur_test_mrr20=0.010600 cur_test_hr10=0.017500 run_best_mrr20=0.032200 run_best_hr10=0.044200 run_test_mrr20=0.013800 run_test_hr10=0.026300

[4/6] learning_rate=0.0003687
  -> MRR@20=0.031700  best=0.032200  (early_stop@22, trial=14s, avg=15s/trial, total=59s, ETA=29s)
[TRIAL_METRICS] cur_best_mrr20=0.031700 cur_best_hr10=0.044200 cur_test_mrr20=0.013500 cur_test_hr10=0.026300 run_best_mrr20=0.032200 run_best_hr10=0.044200 run_test_mrr20=0.013800 run_test_hr10=0.026300

[5/6] learning_rate=0.0003663
  -> MRR@20=0.031700  best=0.032200  (early_stop@22, trial=15s, avg=15s/trial, total=1.2min, ETA=15s)
[TRIAL_METRICS] cur_best_mrr20=0.031700 cur_best_hr10=0.044200 cur_test_mrr20=0.013000 cur_test_hr10=0.026300 run_best_mrr20=0.032200 run_best_hr10=0.044200 run_test_mrr20=0.013800 run_test_hr10=0.026300

[6/6] learning_rate=0.0003722
  -> MRR@20=0.032200  best=0.032200  (early_stop@22, trial=14s, avg=15s/trial, total=1.5min, ETA=0s)
[TRIAL_METRICS] cur_best_mrr20=0.032200 cur_best_hr10=0.044200 cur_test_mrr20=0.013300 cur_test_hr10=0.026300 run_best_mrr20=0.032200 run_best_hr10=0.044200 run_test_mrr20=0.013300 run_test_hr10=0.026300

=================================================================
  DONE  |  TiSASRec x amazon_beauty
  Best MRR@20 = 0.032200  |  6/6 trials OK
  Best HR@10  = 0.044200
  Test MRR@20 = 0.013800  (best-valid checkpoint)
  Test HR@10  = 0.026300  (best-valid checkpoint)
[RUN_METRICS] best_valid_mrr20=0.032200 best_valid_hr10=0.044200 test_mrr20=0.013800 test_hr10=0.026300
  Total time: 1.5 min
  Best params:
    learning_rate: 0.000381819
  Results -> /workspace/jy1559/FMoE/experiments/run/artifacts/results/baseline/amazon_beauty_TiSASRec_p22_sg_d02_m03_c01_tisasrec_fad_h2_r1_s3_20260407_125857_240884_pid334765.json
  Normal mirror -> /workspace/jy1559/FMoE/experiments/run/artifacts/results/baseline/normal/stageg_cross6x9_anchor2_core5/P22/amazon_beauty/TiSASRec/amazon_beauty_TiSASRec_p22_sg_d02_m03_c01_tisasrec_fad_h2_r1_s3_20260407_125857_240884_pid334765.json
  Special result -> /workspace/jy1559/FMoE/experiments/run/artifacts/results/baseline/special/stageg_cross6x9_anchor2_core5/P22/amazon_beauty/TiSASRec/amazon_beauty_TiSASRec_p22_sg_d02_m03_c01_tisasrec_fad_h2_r1_s3_20260407_125857_240884_pid334765_special_metrics.json
  Special log -> /workspace/jy1559/FMoE/experiments/run/artifacts/logs/baseline/special/stageg_cross6x9_anchor2_core5/P22/amazon_beauty/TiSASRec/amazon_beauty_TiSASRec_p22_sg_d02_m03_c01_tisasrec_fad_h2_r1_s3_20260407_125857_240884_pid334765_special_metrics.json
=================================================================

[RUN_STATUS] END status=normal pid=334765 start=2026-04-07T12:58:57 end=2026-04-07T13:00:25
