[FINAL_ALL_DATASETS_SETTING_HEADER]
run_phase=P14_FAD_D02_M09_FAME_H1_S1 run_id=FAD_AMAZON_BEAUTY_FAME_H1_S1 phase_id=P14 axis_id=FAD model=FAME hparam_id=H1 seed=1
dataset=amazon_beauty gpu=6 order=0
max_evals=10 tune_epochs=60 tune_patience=8
seed=120016

[COMMAND]
- /venv/FMoE/bin/python hyperopt_tune.py --config-name tune_ab --max-evals 10 --tune-epochs 52 --tune-patience 7 --seed 120016 --run-group baseline --run-axis Final_all_datasets --run-phase P14_FAD_D02_M09_FAME_H1_S1 model=fame dataset=amazon_beauty eval_mode=session_fixed feature_mode=full_v3 gpu_id=6 log_wandb=false show_progress=false ++special_logging=true ++seed=120016 ++search={learning_rate:[0.00018339847327608811,0.0007335938931043525]} ++search_space_type_overrides={learning_rate:"loguniform"} ++weight_decay=0.0001 ++search.weight_decay=[0.0001] ++search_space_type_overrides.weight_decay=choice ++search.n_layers=[2] ++search_space_type_overrides.n_layers=choice ++search.num_layers=[2] ++search_space_type_overrides.num_layers=choice ++search.n_heads=[4] ++search_space_type_overrides.n_heads=choice ++search.num_heads=[4] ++search_space_type_overrides.num_heads=choice ++search.dropout_ratio=[0.1] ++search_space_type_overrides.dropout_ratio=choice ++search.dropout_prob=[0.1] ++search_space_type_overrides.dropout_prob=choice ++search.hidden_dropout_prob=[0.1] ++search_space_type_overrides.hidden_dropout_prob=choice ++search.attn_dropout_prob=[0.1] ++search_space_type_overrides.attn_dropout_prob=choice ++search.hidden_size=[128] ++search_space_type_overrides.hidden_size=choice ++search.embedding_size=[128] ++search_space_type_overrides.embedding_size=choice ++search.inner_size=[256] ++search_space_type_overrides.inner_size=choice ++search.time_span=[256] ++search_space_type_overrides.time_span=choice ++search.num_experts=[2] ++search_space_type_overrides.num_experts=choice ++search.state_size=[16] ++search_space_type_overrides.state_size=choice ++search.conv_kernel=[4] ++search_space_type_overrides.conv_kernel=choice ++search.remaining_ratio=[0.5] ++search_space_type_overrides.remaining_ratio=choice ++dropout_ratio=0.1 ++num_experts=2 ++train_batch_size=1024 ++eval_batch_size=1536 ++hidden_size=128 ++embedding_size=128 ++MAX_ITEM_LIST_LENGTH=20 ++num_layers=2 ++n_layers=2 ++num_heads=4 ++n_heads=4 ++inner_size=256 ++num_experts=2
/venv/FMoE/lib/python3.10/site-packages/ray/_private/parameter.py:4: UserWarning: pkg_resources is deprecated as an API. See https://setuptools.pypa.io/en/latest/pkg_resources.html. The pkg_resources package is slated for removal as early as 2025-11-30. Refrain from using this package or pin to Setuptools<81.
  import pkg_resources
[RUN_STATUS] START pid=334123 ts=2026-03-28T08:11:18

=================================================================
  Hyperopt TPE  |  FAME x amazon_beauty
  max_evals=10  epochs=52  patience=7  wandb=off
  batch_size(train/valid/test)=1024/1536/1536
  track=baseline  axis=final_all_datasets  phase=P14_FAD_D02_M09_FAME_H1_S1
=================================================================
Changed knobs: MAX_ITEM_LIST_LENGTH, learning_rate
Tuned params(len>1): 2  (~4 discrete combos)
Tuned groups: 2
  [optimization]
    learning_rate                   [0.00018339847327608811, 0.0007335938931043525]  -> loguniform
  [other]
    MAX_ITEM_LIST_LENGTH            [5, 10, 30, 50]                           -> choice
Fixed params(singleton/non-list): 17
Fixed groups: 17
  [optimization]
    hidden_dropout_prob             0.1                                     
    weight_decay                    0.0001                                  
  [model_core]
    attn_dropout_prob               0.1                                     
    dropout_prob                    0.1                                     
    dropout_ratio                   0.1                                     
    embedding_size                  128                                     
    hidden_size                     128                                     
    inner_size                      256                                     
    num_heads                       4                                       
    num_layers                      2                                       
  [other]
    conv_kernel                     4                                       
    n_heads                         4                                       
    n_layers                        2                                       
    num_experts                     2                                       
    remaining_ratio                 0.5                                     
    state_size                      16                                      
    time_span                       256                                     

[Wandb] disabled for this hyperopt run

[1/10] MAX_ITEM_LIST_LENGTH=30, learning_rate=0.0001997
  -> MRR@20=0.008800  best=0.008800  (early_stop@18, trial=16s, avg=18s/trial, total=18s, ETA=2.8min)
[TRIAL_METRICS] cur_best_mrr20=0.008800 cur_best_hr10=0.008800 cur_test_mrr20=0.000000 cur_test_hr10=0.000000 run_best_mrr20=0.008800 run_best_hr10=0.008800 run_test_mrr20=0.000000 run_test_hr10=0.000000

[2/10] MAX_ITEM_LIST_LENGTH=10, learning_rate=0.0006909
  -> MRR@20=0.002800  best=0.008800  (early_stop@8, trial=6s, avg=13s/trial, total=25s, ETA=1.7min)
[TRIAL_METRICS] cur_best_mrr20=0.002800 cur_best_hr10=0.008800 cur_test_mrr20=0.000000 cur_test_hr10=0.000000 run_best_mrr20=0.008800 run_best_hr10=0.008800 run_test_mrr20=0.000000 run_test_hr10=0.000000

[3/10] MAX_ITEM_LIST_LENGTH=5, learning_rate=0.0002427
  -> MRR@20=0.008800  best=0.008800  (early_stop@11, trial=9s, avg=12s/trial, total=35s, ETA=1.3min)
[TRIAL_METRICS] cur_best_mrr20=0.008800 cur_best_hr10=0.008800 cur_test_mrr20=0.000000 cur_test_hr10=0.000000 run_best_mrr20=0.008800 run_best_hr10=0.008800 run_test_mrr20=0.000000 run_test_hr10=0.000000

[4/10] MAX_ITEM_LIST_LENGTH=30, learning_rate=0.0002197
  -> MRR@20=0.008800  best=0.008800  (early_stop@17, trial=15s, avg=12s/trial, total=50s, ETA=1.2min)
[TRIAL_METRICS] cur_best_mrr20=0.008800 cur_best_hr10=0.008800 cur_test_mrr20=0.000000 cur_test_hr10=0.000000 run_best_mrr20=0.008800 run_best_hr10=0.008800 run_test_mrr20=0.000000 run_test_hr10=0.000000

[5/10] MAX_ITEM_LIST_LENGTH=10, learning_rate=0.0005962
  -> MRR@20=0.009400  best=0.009400  (early_stop@26, trial=21s, avg=14s/trial, total=1.2min, ETA=1.2min)
[TRIAL_METRICS] cur_best_mrr20=0.009400 cur_best_hr10=0.026500 cur_test_mrr20=0.001400 cur_test_hr10=0.008800 run_best_mrr20=0.009400 run_best_hr10=0.026500 run_test_mrr20=0.001400 run_test_hr10=0.008800

[6/10] MAX_ITEM_LIST_LENGTH=30, learning_rate=0.0002915
  -> MRR@20=0.008800  best=0.009400  (early_stop@17, trial=15s, avg=14s/trial, total=1.4min, ETA=58s)
[TRIAL_METRICS] cur_best_mrr20=0.008800 cur_best_hr10=0.008800 cur_test_mrr20=0.000000 cur_test_hr10=0.000000 run_best_mrr20=0.009400 run_best_hr10=0.026500 run_test_mrr20=0.001400 run_test_hr10=0.008800

[7/10] MAX_ITEM_LIST_LENGTH=5, learning_rate=0.0003038
  -> MRR@20=0.009300  best=0.009400  (early_stop@18, trial=14s, avg=14s/trial, total=1.7min, ETA=43s)
[TRIAL_METRICS] cur_best_mrr20=0.009300 cur_best_hr10=0.008800 cur_test_mrr20=0.000000 cur_test_hr10=0.000000 run_best_mrr20=0.009400 run_best_hr10=0.026500 run_test_mrr20=0.001400 run_test_hr10=0.008800

[8/10] MAX_ITEM_LIST_LENGTH=10, learning_rate=0.0001989
  -> MRR@20=0.002800  best=0.009400  (early_stop@9, trial=7s, avg=13s/trial, total=1.8min, ETA=27s)
[TRIAL_METRICS] cur_best_mrr20=0.002800 cur_best_hr10=0.008800 cur_test_mrr20=0.000000 cur_test_hr10=0.000000 run_best_mrr20=0.009400 run_best_hr10=0.026500 run_test_mrr20=0.001400 run_test_hr10=0.008800

[9/10] MAX_ITEM_LIST_LENGTH=5, learning_rate=0.0005399
  -> MRR@20=0.017700  best=0.017700  (early_stop@24, trial=19s, avg=14s/trial, total=2.1min, ETA=14s)
[TRIAL_METRICS] cur_best_mrr20=0.017700 cur_best_hr10=0.017700 cur_test_mrr20=0.000500 cur_test_hr10=0.000000 run_best_mrr20=0.017700 run_best_hr10=0.017700 run_test_mrr20=0.000500 run_test_hr10=0.000000

[10/10] MAX_ITEM_LIST_LENGTH=5, learning_rate=0.0004017
  -> MRR@20=0.017700  best=0.017700  (early_stop@26, trial=19s, avg=15s/trial, total=2.4min, ETA=0s)
[TRIAL_METRICS] cur_best_mrr20=0.017700 cur_best_hr10=0.017700 cur_test_mrr20=0.001200 cur_test_hr10=0.000000 run_best_mrr20=0.017700 run_best_hr10=0.017700 run_test_mrr20=0.001200 run_test_hr10=0.000000

=================================================================
  DONE  |  FAME x amazon_beauty
  Best MRR@20 = 0.017700  |  10/10 trials OK
  Best HR@10  = 0.017700
  Test MRR@20 = 0.000500  (best-valid checkpoint)
  Test HR@10  = 0.000000  (best-valid checkpoint)
[RUN_METRICS] best_valid_mrr20=0.017700 best_valid_hr10=0.017700 test_mrr20=0.000500 test_hr10=0.000000
  Total time: 2.4 min
  Best params:
    MAX_ITEM_LIST_LENGTH: 5
    learning_rate: 0.000539915
  Results -> /workspace/jy1559/FMoE/experiments/run/artifacts/results/baseline/amazon_beauty_FAME_p14_fad_d02_m09_fame_h1_s1_20260328_081118_474965_pid334123.json
  Normal mirror -> /workspace/jy1559/FMoE/experiments/run/artifacts/results/baseline/normal/final_all_datasets/P14/amazon_beauty/FAME/amazon_beauty_FAME_p14_fad_d02_m09_fame_h1_s1_20260328_081118_474965_pid334123.json
  Special result -> /workspace/jy1559/FMoE/experiments/run/artifacts/results/baseline/special/final_all_datasets/P14/amazon_beauty/FAME/amazon_beauty_FAME_p14_fad_d02_m09_fame_h1_s1_20260328_081118_474965_pid334123_special_metrics.json
  Special log -> /workspace/jy1559/FMoE/experiments/run/artifacts/logs/baseline/special/final_all_datasets/P14/amazon_beauty/FAME/amazon_beauty_FAME_p14_fad_d02_m09_fame_h1_s1_20260328_081118_474965_pid334123_special_metrics.json
=================================================================

[RUN_STATUS] END status=normal pid=334123 start=2026-03-28T08:11:18 end=2026-03-28T08:13:45
