[FMOE_N4_CROSS_DATASET_A12_PORTFOLIO_SETTING_HEADER]
run_phase=P4XD_XD_BEAUTY_B22_HYP_STEADY_MID_H5_S1 exp_brief=A12_ATTN_MICRO_BEFORE_NO_BIAS_ALL_W5 phase_id=P4XD axis_id=N4XDA12 setting_id=B22_hyp_steady_mid_h5 hparam_id= seed=1
desc=B22_hyp_steady_mid_h5
dataset=beauty gpu=0 order=22
max_evals=20 tune_epochs=100 tune_patience=10
seed=264021

[COMMAND]
- /venv/FMoE/bin/python hyperopt_tune.py --config-name config --search-algo tpe --max-evals 20 --tune-epochs 100 --tune-patience 10 --seed 264021 --run-group fmoe_n4 --run-axis CrossDataset_A12_Portfolio --run-phase P4XD_XD_BEAUTY_B22_HYP_STEADY_MID_H5_S1 model=featured_moe_n3_tune dataset=beauty eval_mode=session_fixed feature_mode=full_v3 ++eval_sampling.mode=full ++eval_sampling.auto_full_threshold=999999999 ++special_logging=true ++exclude_unseen_target_from_main_eval=true ++log_unseen_target_metrics=true gpu_id=0 log_wandb=false enable_tf32=true fmoe_debug_logging=false fmoe_diag_logging=true fmoe_special_logging=true fmoe_feature_ablation_logging=false fmoe_eval_logging_timing=final_only ++fmoe_logging_output_root="run/artifacts/logging" ++fmoe_logging_layout="axis_dataset_arch_hparam" ++fmoe_architecture_id="A12" ++fmoe_architecture_key="A12_ATTN_MICRO_BEFORE_NO_BIAS_ALL_W5" ++fmoe_hparam_id="H5" ++fmoe_phase="P4XD" train_batch_size=3584 eval_batch_size=4608 ++phase_run_type="stage1" ++phase_axis_id="N4XDA12" ++phase_axis_desc="cross_dataset_a12_portfolio" ++phase_setting_id="B22_hyp_steady_mid_h5" ++phase_setting_key="B22_hyp_steady_mid_h5" ++phase_hparam_id="H5" ++phase_seed_id=1 ++phase_run_id="XD_BEAUTY_B22_HYP_STEADY_MID_H5_S1" ++layer_layout=["attn","macro_ffn","mid_ffn","attn","micro_ffn"] ++stage_compute_mode={macro:"moe",mid:"moe",micro:"moe"} ++stage_router_mode={macro:"learned",mid:"learned",micro:"learned"} ++stage_router_source={macro:"both",mid:"both",micro:"both"} ++stage_feature_injection={macro:"none",mid:"none",micro:"none"} ++topk_scope_mode="global_flat" ++moe_top_k=0 ++balance_loss_lambda=0.0 ++z_loss_lambda=5e-05 ++gate_entropy_lambda=0.0 ++route_smoothness_lambda=0.0 ++route_consistency_lambda=0.00025 ++route_sharpness_lambda=0.0 ++route_monopoly_lambda=0.0 ++route_monopoly_tau=0.25 ++route_prior_lambda=0.0 ++group_prior_align_lambda=0.0 ++factored_group_balance_lambda=0.0 ++rule_agreement_lambda=0.0 ++group_coverage_lambda=0.0 ++feature_group_bias_lambda=0.0 ++rule_bias_scale=0.0 ++primitive_balance_lambda=0.0 ++wrapper_group_feature_align_lambda=0.0 ++stage_router_primitives={macro:{a_joint:{source:"feature",temperature:1.0,top_k:0},b_group:{source:"feature",temperature:1.0,top_k:0},c_shared:{source:"feature",temperature:1.0,top_k:0},d_cond:{source:"feature",temperature:1.0,top_k:0},e_scalar:{source:"feature",temperature:1.0,top_k:0},wrapper:{alpha_d:1.0,alpha_struct:1.0,alpha_a:1.0}},mid:{a_joint:{source:"feature",temperature:1.0,top_k:0},b_group:{source:"feature",temperature:1.0,top_k:0},c_shared:{source:"feature",temperature:1.0,top_k:0},d_cond:{source:"feature",temperature:1.0,top_k:0},e_scalar:{source:"feature",temperature:1.0,top_k:0},wrapper:{alpha_d:1.0,alpha_struct:1.0,alpha_a:1.0}},micro:{a_joint:{source:"feature",temperature:1.0,top_k:0},b_group:{source:"feature",temperature:1.0,top_k:0},c_shared:{source:"feature",temperature:1.0,top_k:0},d_cond:{source:"feature",temperature:1.0,top_k:0},e_scalar:{source:"feature",temperature:1.0,top_k:0},wrapper:{alpha_d:1.0,alpha_struct:1.0,alpha_a:1.0}}} ++stage_router_wrapper={macro:"w5_exd",mid:"w5_exd",micro:"w5_exd"} ++stage_router_granularity={macro:"session",mid:"session",micro:"token"} ++macro_history_window=5 ++route_consistency_pairs=1 ++route_consistency_min_sim=0.995 ++bias_mode="none" ++stage_family_dropout_prob={macro:0.03,mid:0.03,micro:0.03} ++stage_feature_dropout_prob={macro:0.0,mid:0.0,micro:0.0} ++stage_feature_dropout_scope={macro:"token",mid:"token",micro:"token"} ++embedding_size=168 ++d_ff=336 ++d_expert_hidden=168 ++d_router_hidden=84 ++MAX_ITEM_LIST_LENGTH=30 ++d_feat_emb=12 ++expert_scale=3 ++lr_scheduler_type="warmup_cosine" ++num_heads=4 ++search.learning_rate=[0.00022,0.007] ++search_space_type_overrides.learning_rate=loguniform ++search.hidden_dropout_prob=[0.1] ++search_space_type_overrides.hidden_dropout_prob=choice ++search.attn_dropout_prob=[0.08] ++search_space_type_overrides.attn_dropout_prob=choice ++search.weight_decay=[1.25e-07] ++search_space_type_overrides.weight_decay=choice ++search.MAX_ITEM_LIST_LENGTH=[20,30] ++search_space_type_overrides.MAX_ITEM_LIST_LENGTH=choice ++search.d_feat_emb=[12] ++search_space_type_overrides.d_feat_emb=choice ++search.expert_scale=[3] ++search_space_type_overrides.expert_scale=choice
/venv/FMoE/lib/python3.10/site-packages/ray/_private/parameter.py:4: UserWarning: pkg_resources is deprecated as an API. See https://setuptools.pypa.io/en/latest/pkg_resources.html. The pkg_resources package is slated for removal as early as 2025-11-30. Refrain from using this package or pin to Setuptools<81.
  import pkg_resources
[RUN_STATUS] START pid=236281 ts=2026-04-16T02:33:30

=================================================================
  Hyperopt  |  FeaturedMoE_N3 x beauty
  max_evals=20  epochs=100  patience=10  wandb=off
  search_algo=tpe
  batch_size(train/valid/test)=3584/4608/4608
  track=fmoe_n4  axis=crossdataset_a12_portfolio  phase=P4XD_XD_BEAUTY_B22_HYP_STEADY_MID_H5_S1
=================================================================
Changed knobs: MAX_ITEM_LIST_LENGTH, learning_rate
Tuned params(len>1): 2  (~2 discrete combos)
Tuned groups: 2
  [optimization]
    learning_rate                   [0.00022, 0.007]                          -> loguniform
  [other]
    MAX_ITEM_LIST_LENGTH            [20, 30]                                  -> choice
Fixed params(singleton/non-list): 5
Fixed groups: 5
  [optimization]
    hidden_dropout_prob             0.1                                     
    weight_decay                    1.25e-07                                
  [model_core]
    attn_dropout_prob               0.08                                    
    d_feat_emb                      12                                      
    expert_scale                    3                                       

[Wandb] disabled for this hyperopt run

[1/20] MAX_ITEM_LIST_LENGTH=30, learning_rate=0.001861
  -> MRR@20=0.059800  best=0.059800  (early_stop@25, trial=53s, avg=56s/trial, total=56s, ETA=17.7min)
[TRIAL_METRICS] cur_best_mrr20=0.059800 cur_best_hr10=0.126200 cur_test_mrr20=0.057600 cur_test_hr10=0.142900 run_best_mrr20=0.059800 run_best_hr10=0.126200 run_test_mrr20=0.057600 run_test_hr10=0.142900

[2/20] MAX_ITEM_LIST_LENGTH=20, learning_rate=0.00145
  -> MRR@20=0.066800  best=0.066800  (early_stop@34, trial=1.1min, avg=1.0min/trial, total=2.1min, ETA=18.5min)
[TRIAL_METRICS] cur_best_mrr20=0.066800 cur_best_hr10=0.121500 cur_test_mrr20=0.070500 cur_test_hr10=0.133500 run_best_mrr20=0.066800 run_best_hr10=0.121500 run_test_mrr20=0.070500 run_test_hr10=0.133500

[3/20] MAX_ITEM_LIST_LENGTH=30, learning_rate=0.00698
  -> MRR@20=0.044100  best=0.066800  (early_stop@18, trial=35s, avg=53s/trial, total=2.6min, ETA=15.0min)
[TRIAL_METRICS] cur_best_mrr20=0.044100 cur_best_hr10=0.093500 cur_test_mrr20=0.036600 cur_test_hr10=0.086700 run_best_mrr20=0.066800 run_best_hr10=0.121500 run_test_mrr20=0.070500 run_test_hr10=0.133500

[4/20] MAX_ITEM_LIST_LENGTH=20, learning_rate=0.006722
  -> MRR@20=0.048300  best=0.066800  (early_stop@16, trial=26s, avg=46s/trial, total=3.1min, ETA=12.4min)
[TRIAL_METRICS] cur_best_mrr20=0.048300 cur_best_hr10=0.086400 cur_test_mrr20=0.063700 cur_test_hr10=0.121800 run_best_mrr20=0.066800 run_best_hr10=0.121500 run_test_mrr20=0.070500 run_test_hr10=0.133500

[5/20] MAX_ITEM_LIST_LENGTH=20, learning_rate=0.001833
  -> MRR@20=0.068000  best=0.068000  (early_stop@31, trial=50s, avg=47s/trial, total=3.9min, ETA=11.8min)
[TRIAL_METRICS] cur_best_mrr20=0.068000 cur_best_hr10=0.112100 cur_test_mrr20=0.071400 cur_test_hr10=0.131100 run_best_mrr20=0.068000 run_best_hr10=0.112100 run_test_mrr20=0.071400 run_test_hr10=0.131100

[6/20] MAX_ITEM_LIST_LENGTH=20, learning_rate=0.0003469
  -> MRR@20=0.057200  best=0.068000  (early_stop@63, trial=1.7min, avg=56s/trial, total=5.6min, ETA=13.2min)
[TRIAL_METRICS] cur_best_mrr20=0.057200 cur_best_hr10=0.116800 cur_test_mrr20=0.059800 cur_test_hr10=0.142900 run_best_mrr20=0.068000 run_best_hr10=0.112100 run_test_mrr20=0.071400 run_test_hr10=0.131100

[7/20] MAX_ITEM_LIST_LENGTH=30, learning_rate=0.006497
  -> MRR@20=0.039400  best=0.068000  (early_stop@14, trial=27s, avg=52s/trial, total=6.1min, ETA=11.4min)
[TRIAL_METRICS] cur_best_mrr20=0.039400 cur_best_hr10=0.091100 cur_test_mrr20=0.027400 cur_test_hr10=0.082000 run_best_mrr20=0.068000 run_best_hr10=0.112100 run_test_mrr20=0.071400 run_test_hr10=0.131100

[8/20] MAX_ITEM_LIST_LENGTH=20, learning_rate=0.002191
  -> MRR@20=0.065700  best=0.068000  (early_stop@26, trial=44s, avg=51s/trial, total=6.9min, ETA=10.3min)
[TRIAL_METRICS] cur_best_mrr20=0.065700 cur_best_hr10=0.123800 cur_test_mrr20=0.072700 cur_test_hr10=0.131100 run_best_mrr20=0.068000 run_best_hr10=0.112100 run_test_mrr20=0.071400 run_test_hr10=0.131100

[9/20] MAX_ITEM_LIST_LENGTH=20, learning_rate=0.0008239
  -> MRR@20=0.058900  best=0.068000  (early_stop@35, trial=58s, avg=52s/trial, total=7.8min, ETA=9.6min)
[TRIAL_METRICS] cur_best_mrr20=0.058900 cur_best_hr10=0.130800 cur_test_mrr20=0.062700 cur_test_hr10=0.145200 run_best_mrr20=0.068000 run_best_hr10=0.112100 run_test_mrr20=0.071400 run_test_hr10=0.131100

[10/20] MAX_ITEM_LIST_LENGTH=20, learning_rate=0.0003607
  -> MRR@20=0.057800  best=0.068000  (early_stop@59, trial=1.6min, avg=57s/trial, total=9.4min, ETA=9.4min)
[TRIAL_METRICS] cur_best_mrr20=0.057800 cur_best_hr10=0.121500 cur_test_mrr20=0.060400 cur_test_hr10=0.145200 run_best_mrr20=0.068000 run_best_hr10=0.112100 run_test_mrr20=0.071400 run_test_hr10=0.131100

[11/20] MAX_ITEM_LIST_LENGTH=30, learning_rate=0.002197
  -> MRR@20=0.060000  best=0.068000  (early_stop@24, trial=46s, avg=56s/trial, total=10.2min, ETA=8.4min)
[TRIAL_METRICS] cur_best_mrr20=0.060000 cur_best_hr10=0.114500 cur_test_mrr20=0.067200 cur_test_hr10=0.131100 run_best_mrr20=0.068000 run_best_hr10=0.112100 run_test_mrr20=0.071400 run_test_hr10=0.131100

[12/20] MAX_ITEM_LIST_LENGTH=30, learning_rate=0.001422
  -> MRR@20=0.059400  best=0.068000  (early_stop@27, trial=51s, avg=55s/trial, total=11.1min, ETA=7.4min)
[TRIAL_METRICS] cur_best_mrr20=0.059400 cur_best_hr10=0.119200 cur_test_mrr20=0.059300 cur_test_hr10=0.135800 run_best_mrr20=0.068000 run_best_hr10=0.112100 run_test_mrr20=0.071400 run_test_hr10=0.131100

[13/20] MAX_ITEM_LIST_LENGTH=30, learning_rate=0.001322
  -> MRR@20=0.059000  best=0.068000  (early_stop@27, trial=51s, avg=55s/trial, total=11.9min, ETA=6.4min)
[TRIAL_METRICS] cur_best_mrr20=0.059000 cur_best_hr10=0.116800 cur_test_mrr20=0.060500 cur_test_hr10=0.138200 run_best_mrr20=0.068000 run_best_hr10=0.112100 run_test_mrr20=0.071400 run_test_hr10=0.131100

[14/20] MAX_ITEM_LIST_LENGTH=20, learning_rate=0.0005367
  -> MRR@20=0.060300  best=0.068000  (early_stop@70, trial=1.8min, avg=59s/trial, total=13.8min, ETA=5.9min)
[TRIAL_METRICS] cur_best_mrr20=0.060300 cur_best_hr10=0.121500 cur_test_mrr20=0.058900 cur_test_hr10=0.131100 run_best_mrr20=0.068000 run_best_hr10=0.112100 run_test_mrr20=0.071400 run_test_hr10=0.131100

[15/20] MAX_ITEM_LIST_LENGTH=30, learning_rate=0.001259
  -> MRR@20=0.056800  best=0.068000  (early_stop@25, trial=47s, avg=58s/trial, total=14.6min, ETA=4.9min)
[TRIAL_METRICS] cur_best_mrr20=0.056800 cur_best_hr10=0.121500 cur_test_mrr20=0.062800 cur_test_hr10=0.138200 run_best_mrr20=0.068000 run_best_hr10=0.112100 run_test_mrr20=0.071400 run_test_hr10=0.131100

[16/20] MAX_ITEM_LIST_LENGTH=20, learning_rate=0.0003268
  -> MRR@20=0.056000  best=0.068000  (early_stop@57, trial=1.5min, avg=1.0min/trial, total=16.0min, ETA=4.0min)
[TRIAL_METRICS] cur_best_mrr20=0.056000 cur_best_hr10=0.121500 cur_test_mrr20=0.057000 cur_test_hr10=0.147500 run_best_mrr20=0.068000 run_best_hr10=0.112100 run_test_mrr20=0.071400 run_test_hr10=0.131100

[17/20] MAX_ITEM_LIST_LENGTH=20, learning_rate=0.0007764
  -> MRR@20=0.059500  best=0.068000  (early_stop@34, trial=53s, avg=60s/trial, total=16.9min, ETA=3.0min)
[TRIAL_METRICS] cur_best_mrr20=0.059500 cur_best_hr10=0.130800 cur_test_mrr20=0.062100 cur_test_hr10=0.149900 run_best_mrr20=0.068000 run_best_hr10=0.112100 run_test_mrr20=0.071400 run_test_hr10=0.131100

[18/20] MAX_ITEM_LIST_LENGTH=30, learning_rate=0.00214
  -> MRR@20=0.056100  best=0.068000  (early_stop@25, trial=46s, avg=59s/trial, total=17.7min, ETA=2.0min)
[TRIAL_METRICS] cur_best_mrr20=0.056100 cur_best_hr10=0.119200 cur_test_mrr20=0.056600 cur_test_hr10=0.135800 run_best_mrr20=0.068000 run_best_hr10=0.112100 run_test_mrr20=0.071400 run_test_hr10=0.131100

[19/20] MAX_ITEM_LIST_LENGTH=30, learning_rate=0.005593
  -> MRR@20=0.047100  best=0.068000  (early_stop@18, trial=33s, avg=58s/trial, total=18.3min, ETA=58s)
[TRIAL_METRICS] cur_best_mrr20=0.047100 cur_best_hr10=0.112100 cur_test_mrr20=0.054700 cur_test_hr10=0.121800 run_best_mrr20=0.068000 run_best_hr10=0.112100 run_test_mrr20=0.071400 run_test_hr10=0.131100

[20/20] MAX_ITEM_LIST_LENGTH=30, learning_rate=0.0003917
  -> MRR@20=0.057600  best=0.068000  (early_stop@43, trial=1.3min, avg=59s/trial, total=19.6min, ETA=0s)
[TRIAL_METRICS] cur_best_mrr20=0.057600 cur_best_hr10=0.107500 cur_test_mrr20=0.051200 cur_test_hr10=0.121800 run_best_mrr20=0.068000 run_best_hr10=0.112100 run_test_mrr20=0.071400 run_test_hr10=0.131100
[1;35mEvaluate   [0m:   0%|                                                            | 0/1 [00:00<?, ?it/s][0m[1;35mEvaluate   [0m:   0%|                                  | 0/1 [00:00<?, ?it/s, [1;33mGPU RAM: 14.16 G/23.56 G[0m][0m[1;35mEvaluate   [0m: 100%|██████████████████████████| 1/1 [00:00<00:00,  2.90it/s, [1;33mGPU RAM: 14.16 G/23.56 G[0m][0m                                                                                                    [1;35mEvaluate   [0m:   0%|                                                            | 0/1 [00:00<?, ?it/s][0m[1;35mEvaluate   [0m:   0%|                                  | 0/1 [00:00<?, ?it/s, [1;33mGPU RAM: 14.16 G/23.56 G[0m][0m[1;35mEvaluate   [0m: 100%|██████████████████████████| 1/1 [00:00<00:00,  3.07it/s, [1;33mGPU RAM: 14.16 G/23.56 G[0m][0m                                                                                                    [1;35mEvaluate   [0m:   0%|                                                            | 0/1 [00:00<?, ?it/s][0m[1;35mEvaluate   [0m:   0%|                                  | 0/1 [00:00<?, ?it/s, [1;33mGPU RAM: 14.16 G/23.56 G[0m][0m[1;35mEvaluate   [0m: 100%|██████████████████████████| 1/1 [00:00<00:00,  3.17it/s, [1;33mGPU RAM: 14.16 G/23.56 G[0m][0m                                                                                                    
=================================================================
  DONE  |  FeaturedMoE_N3 x beauty
  Best MRR@20 = 0.068000  |  20/20 trials OK
  Best HR@10  = 0.112100
  Test MRR@20 = 0.071400  (best-valid checkpoint)
  Test HR@10  = 0.131100  (best-valid checkpoint)
[RUN_METRICS] best_valid_mrr20=0.068000 best_valid_hr10=0.112100 test_mrr20=0.071400 test_hr10=0.131100
  Total time: 19.6 min
  Best params:
    MAX_ITEM_LIST_LENGTH: 20
    learning_rate: 0.00183319
  Results -> /workspace/FeaturedMoE/experiments/run/artifacts/results/fmoe_n4/beauty_FeaturedMoE_N3_p4xd_xd_beauty_b22_hyp_steady_mid_h5_s1_20260416_023330_547406_pid236281.json
  Normal mirror -> /workspace/FeaturedMoE/experiments/run/artifacts/results/fmoe_n4/normal/crossdataset_a12_portfolio/P4XD/beauty/FMoEN3/beauty_FeaturedMoE_N3_p4xd_xd_beauty_b22_hyp_steady_mid_h5_s1_20260416_023330_547406_pid236281.json
  Special result -> /workspace/FeaturedMoE/experiments/run/artifacts/results/fmoe_n4/special/crossdataset_a12_portfolio/P4XD/beauty/FMoEN3/beauty_FeaturedMoE_N3_p4xd_xd_beauty_b22_hyp_steady_mid_h5_s1_20260416_023330_547406_pid236281_special_metrics.json
  Special log -> /workspace/FeaturedMoE/experiments/run/artifacts/logs/fmoe_n4/special/crossdataset_a12_portfolio/P4XD/beauty/FMoEN3/beauty_FeaturedMoE_N3_p4xd_xd_beauty_b22_hyp_steady_mid_h5_s1_20260416_023330_547406_pid236281_special_metrics.json
=================================================================

[RUN_STATUS] END status=normal pid=236281 start=2026-04-16T02:33:30 end=2026-04-16T02:53:09
