[STAGEH_TARGETEDRECOVERY_ANCHOR2_CORE5_SETTING_HEADER]
run_phase=P23_SH_C03_MDUOREC_XFER_FOURSQUARE_FAD_H2_R1_C2_LIGHT_S1 run_id=SH_MOVIELENS1M_DUOREC_XFER_FOURSQUARE_FAD_H2_R1_C2_LIGHT_S1 phase_id=P23 axis_id=SH model=DuoRec candidate_id=XFER_foursquare_FAD_H2_R1_C2_LIGHT seed=1
dataset=movielens1m gpu=4 order=0 candidate_source=stageh_screen_variant source_stage=Final_all_datasets_variant transfer_from_dataset=foursquare
max_evals=5 tune_epochs=36 tune_patience=5
seed=230036

[COMMAND]
- /venv/FMoE/bin/python hyperopt_tune.py --config-name tune_ml --max-evals 5 --tune-epochs 36 --tune-patience 5 --seed 230036 --run-group baseline --run-axis StageH_TargetedRecovery_anchor2_core5 --run-phase P23_SH_C03_MDUOREC_XFER_FOURSQUARE_FAD_H2_R1_C2_LIGHT_S1 model=duorec dataset=movielens1m eval_mode=session_fixed feature_mode=full_v3 gpu_id=4 log_wandb=false show_progress=false ++special_logging=true ++seed=230036 ++search={learning_rate:[0.0003515307282508739,0.0006414620239288907]} ++search_space_type_overrides={learning_rate:"loguniform"} ++weight_decay=8.999999999999999e-05 ++search.weight_decay=[8.999999999999999e-05] ++search_space_type_overrides.weight_decay=choice ++search.n_layers=[2] ++search_space_type_overrides.n_layers=choice ++search.num_layers=[2] ++search_space_type_overrides.num_layers=choice ++search.n_heads=[2] ++search_space_type_overrides.n_heads=choice ++search.num_heads=[2] ++search_space_type_overrides.num_heads=choice ++search.dropout_ratio=[0.09999999999999999] ++search_space_type_overrides.dropout_ratio=choice ++search.dropout_prob=[0.09999999999999999] ++search_space_type_overrides.dropout_prob=choice ++search.hidden_dropout_prob=[0.09999999999999999] ++search_space_type_overrides.hidden_dropout_prob=choice ++search.attn_dropout_prob=[0.09999999999999999] ++search_space_type_overrides.attn_dropout_prob=choice ++search.hidden_size=[128] ++search_space_type_overrides.hidden_size=choice ++search.embedding_size=[128] ++search_space_type_overrides.embedding_size=choice ++search.inner_size=[256] ++search_space_type_overrides.inner_size=choice ++search.time_span=[384] ++search_space_type_overrides.time_span=choice ++search.num_experts=[6] ++search_space_type_overrides.num_experts=choice ++search.state_size=[24] ++search_space_type_overrides.state_size=choice ++search.conv_kernel=[6] ++search_space_type_overrides.conv_kernel=choice ++search.remaining_ratio=[0.6] ++search_space_type_overrides.remaining_ratio=choice ++search.MAX_ITEM_LIST_LENGTH=[5] ++search_space_type_overrides.MAX_ITEM_LIST_LENGTH=choice ++dropout_ratio=0.09999999999999999 ++contrast=un ++tau=0.3 ++lmd=0.04 ++lmd_sem=0.0 ++semantic_sample_max_tries=2 ++train_batch_size=3584 ++eval_batch_size=9216 ++hidden_size=128 ++embedding_size=128 ++MAX_ITEM_LIST_LENGTH=5 ++n_layers=2 ++num_layers=2 ++n_heads=2 ++num_heads=2 ++inner_size=256
/venv/FMoE/lib/python3.10/site-packages/ray/_private/parameter.py:4: UserWarning: pkg_resources is deprecated as an API. See https://setuptools.pypa.io/en/latest/pkg_resources.html. The pkg_resources package is slated for removal as early as 2025-11-30. Refrain from using this package or pin to Setuptools<81.
  import pkg_resources
[RUN_STATUS] START pid=531512 ts=2026-04-10T04:20:18

=================================================================
  Hyperopt TPE  |  DuoRec x movielens1m
  max_evals=5  epochs=36  patience=5  wandb=off
  batch_size(train/valid/test)=3584/9216/9216
  track=baseline  axis=stageh_targetedrecovery_anchor2_core5  phase=P23_SH_C03_MDUOREC_XFER_FOURSQUARE_FAD_H2_R1_C2_LIGHT_S1
=================================================================
Changed knobs: learning_rate
Tuned params(len>1): 1  (~1 discrete combos)
Tuned groups: 1
  [optimization]
    learning_rate                   [0.0003515307282508739, 0.0006414620239288907]  -> loguniform
Fixed params(singleton/non-list): 18
Fixed groups: 18
  [optimization]
    hidden_dropout_prob             0.09999999999999999                     
    weight_decay                    8.999999999999999e-05                   
  [model_core]
    attn_dropout_prob               0.09999999999999999                     
    dropout_prob                    0.09999999999999999                     
    dropout_ratio                   0.09999999999999999                     
    embedding_size                  128                                     
    hidden_size                     128                                     
    inner_size                      256                                     
    num_heads                       2                                       
    num_layers                      2                                       
  [other]
    MAX_ITEM_LIST_LENGTH            5                                       
    conv_kernel                     6                                       
    n_heads                         2                                       
    n_layers                        2                                       
    num_experts                     6                                       
    remaining_ratio                 0.6                                     
    state_size                      24                                      
    time_span                       384                                     

[Wandb] disabled for this hyperopt run

[1/5] learning_rate=0.0005672
  -> MRR@20=0.066300  best=0.066300  (early_stop@23, trial=3.3min, avg=3.5min/trial, total=3.5min, ETA=14.1min)
[TRIAL_METRICS] cur_best_mrr20=0.066300 cur_best_hr10=0.172700 cur_test_mrr20=0.059700 cur_test_hr10=0.168900 run_best_mrr20=0.066300 run_best_hr10=0.172700 run_test_mrr20=0.059700 run_test_hr10=0.168900

[2/5] learning_rate=0.0005725
  -> MRR@20=0.066300  best=0.066300  (early_stop@23, trial=3.3min, avg=3.4min/trial, total=6.8min, ETA=10.2min)
[TRIAL_METRICS] cur_best_mrr20=0.066300 cur_best_hr10=0.172200 cur_test_mrr20=0.061000 cur_test_hr10=0.171200 run_best_mrr20=0.066300 run_best_hr10=0.172200 run_test_mrr20=0.061000 run_test_hr10=0.171200

[3/5] learning_rate=0.0005239
  -> MRR@20=0.069100  best=0.069100  (full@36, trial=5.2min, avg=4.0min/trial, total=12.0min, ETA=8.0min)
[TRIAL_METRICS] cur_best_mrr20=0.069100 cur_best_hr10=0.173600 cur_test_mrr20=0.066300 cur_test_hr10=0.185000 run_best_mrr20=0.069100 run_best_hr10=0.173600 run_test_mrr20=0.066300 run_test_hr10=0.185000

[4/5] learning_rate=0.0005615
  -> MRR@20=0.066300  best=0.069100  (early_stop@23, trial=3.3min, avg=3.8min/trial, total=15.3min, ETA=3.8min)
[TRIAL_METRICS] cur_best_mrr20=0.066300 cur_best_hr10=0.173600 cur_test_mrr20=0.060400 cur_test_hr10=0.170300 run_best_mrr20=0.069100 run_best_hr10=0.173600 run_test_mrr20=0.066300 run_test_hr10=0.185000

[5/5] learning_rate=0.00057
  -> MRR@20=0.066300  best=0.069100  (early_stop@23, trial=3.3min, avg=3.7min/trial, total=18.6min, ETA=0s)
[TRIAL_METRICS] cur_best_mrr20=0.066300 cur_best_hr10=0.170800 cur_test_mrr20=0.060800 cur_test_hr10=0.172600 run_best_mrr20=0.069100 run_best_hr10=0.173600 run_test_mrr20=0.066300 run_test_hr10=0.185000

=================================================================
  DONE  |  DuoRec x movielens1m
  Best MRR@20 = 0.069100  |  5/5 trials OK
  Best HR@10  = 0.173600
  Test MRR@20 = 0.066300  (best-valid checkpoint)
  Test HR@10  = 0.185000  (best-valid checkpoint)
[RUN_METRICS] best_valid_mrr20=0.069100 best_valid_hr10=0.173600 test_mrr20=0.066300 test_hr10=0.185000
  Total time: 18.6 min
  Best params:
    learning_rate: 0.000523883
  Results -> /workspace/jy1559/FMoE/experiments/run/artifacts/results/baseline/movielens1m_DuoRec_p23_sh_c03_mduorec_xfer_foursquare_fad_h2_r1_c2_light_s1_20260410_042018_356537_pid531512.json
  Normal mirror -> /workspace/jy1559/FMoE/experiments/run/artifacts/results/baseline/normal/stageh_targetedrecovery_anchor2_core5/P23/movielens1m/DuoRec/movielens1m_DuoRec_p23_sh_c03_mduorec_xfer_foursquare_fad_h2_r1_c2_light_s1_20260410_042018_356537_pid531512.json
  Special result -> /workspace/jy1559/FMoE/experiments/run/artifacts/results/baseline/special/stageh_targetedrecovery_anchor2_core5/P23/movielens1m/DuoRec/movielens1m_DuoRec_p23_sh_c03_mduorec_xfer_foursquare_fad_h2_r1_c2_light_s1_20260410_042018_356537_pid531512_special_metrics.json
  Special log -> /workspace/jy1559/FMoE/experiments/run/artifacts/logs/baseline/special/stageh_targetedrecovery_anchor2_core5/P23/movielens1m/DuoRec/movielens1m_DuoRec_p23_sh_c03_mduorec_xfer_foursquare_fad_h2_r1_c2_light_s1_20260410_042018_356537_pid531512_special_metrics.json
=================================================================

[RUN_STATUS] END status=normal pid=531512 start=2026-04-10T04:20:18 end=2026-04-10T04:38:54
