# job_id=S3_RETAIL_ROCKET_GRU4REC_C2_SEED3 dataset=retail_rocket model=gru4rec stage=stage3
# cmd=/venv/FMoE/bin/python hyperopt_tune.py --config-name tune_rr --search-algo tpe --max-evals 1 --tune-epochs 100 --tune-patience 10 --seed 810150 --run-group final_experiment --run-axis stage3_seed_confirm --run-phase S3_RETAIL_ROCKET_GRU4REC_C2_SEED3 model=gru4rec dataset=retail_rocket eval_mode=session_fixed feature_mode=full_v4 ++eval_sampling.mode=full ++eval_sampling.auto_full_threshold=999999999 ++special_logging=true ++exclude_unseen_target_from_main_eval=true ++log_unseen_target_metrics=true gpu_id=2 log_wandb=false show_progress=false ++seed=810150 --max-run-hours 2 --oom-retry-limit 2 ++search.hidden_dropout_prob=[0.2] ++search_space_type_overrides.hidden_dropout_prob=choice ++search.inner_size=[320] ++search_space_type_overrides.inner_size=choice ++search.MAX_ITEM_LIST_LENGTH=[30] ++search_space_type_overrides.MAX_ITEM_LIST_LENGTH=choice ++search.dropout_prob=[0.11604715246443809] ++search_space_type_overrides.dropout_prob=choice ++search.embedding_size=[96] ++search_space_type_overrides.embedding_size=choice ++search.hidden_size=[192] ++search_space_type_overrides.hidden_size=choice ++search.learning_rate=[0.00370247] ++search_space_type_overrides.learning_rate=choice ++search.num_layers=[1] ++search_space_type_overrides.num_layers=choice ++search.weight_decay=[1e-05] ++search_space_type_overrides.weight_decay=choice

/venv/FMoE/lib/python3.10/site-packages/ray/_private/parameter.py:4: UserWarning: pkg_resources is deprecated as an API. See https://setuptools.pypa.io/en/latest/pkg_resources.html. The pkg_resources package is slated for removal as early as 2025-11-30. Refrain from using this package or pin to Setuptools<81.
  import pkg_resources
[RUN_STATUS] START pid=660987 ts=2026-04-18T15:59:33

=================================================================
  Hyperopt  |  GRU4Rec x retail_rocket
  max_evals=1  epochs=100  patience=10  wandb=off
  search_algo=tpe
  max_run_hours=2.000  (stop launching new trials after current trial)
  oom_retry_limit=2  (halve train/eval batch size on OOM)
  batch_size(train/valid/test)=4096/8192/8192
  track=final_experiment  axis=stage3_seed_confirm  phase=S3_RETAIL_ROCKET_GRU4REC_C2_SEED3
=================================================================
Changed knobs: (none; single-run mode)
Tuned params(len>1): 0  (~1 discrete combos)
Tuned groups: 0
  (none)
Fixed params(singleton/non-list): 9
Fixed groups: 9
  [optimization]
    hidden_dropout_prob             0.2                                     
    learning_rate                   0.00370247                              
    weight_decay                    1e-05                                   
  [model_core]
    dropout_prob                    0.11604715246443809                     
    embedding_size                  96                                      
    hidden_size                     192                                     
    inner_size                      320                                     
    num_layers                      1                                       
  [other]
    MAX_ITEM_LIST_LENGTH            30                                      

[Wandb] disabled for this hyperopt run

[1/1] (fixed-only run)
  -> MRR@20=0.305500  best=0.305500  (early_stop@18, trial=4.6min, avg=5.0min/trial, total=5.0min, ETA=0s)
[TRIAL_METRICS] cur_best_mrr20=0.305500 cur_best_hr10=0.488600 cur_test_mrr20=0.301000 cur_test_hr10=0.480100 avg_epoch_time_sec=15.1827 test_eval_time_sec=0.8886 test_eval_batches_per_sec=3.3761 test_eval_targets_per_sec=23610.2274 run_best_mrr20=0.305500 run_best_hr10=0.488600 run_test_mrr20=0.301000 run_test_hr10=0.480100

=================================================================
  DONE  |  GRU4Rec x retail_rocket
  Best MRR@20 = 0.305500  |  1/1 trials OK
  Best HR@10  = 0.488600
  Test MRR@20 = 0.301000  (best-valid checkpoint)
  Test HR@10  = 0.480100  (best-valid checkpoint)
  Avg epoch time = 15.183 sec/epoch
  Final test eval = 0.889 sec | batches/s=3.376 | targets/s=23610.227
[RUN_METRICS] best_valid_mrr20=0.305500 best_valid_hr10=0.488600 test_mrr20=0.301000 test_hr10=0.480100 avg_epoch_time_sec=15.1827 test_eval_time_sec=0.8886 test_eval_batches_per_sec=3.3761 test_eval_targets_per_sec=23610.2274
  Total time: 5.0 min
  Best params:
  Results -> /workspace/FeaturedMoE/experiments/run/artifacts/results/final_experiment/retail_rocket_GRU4Rec_s3_retail_rocket_gru4rec_c2_seed3_20260418_155933_334784_pid660987.json
  Normal mirror -> /workspace/FeaturedMoE/experiments/run/artifacts/results/final_experiment/normal/stage3_seed_confirm/S3/retail_rocket/GRU4Rec/retail_rocket_GRU4Rec_s3_retail_rocket_gru4rec_c2_seed3_20260418_155933_334784_pid660987.json
  Special result -> /workspace/FeaturedMoE/experiments/run/artifacts/results/final_experiment/special/stage3_seed_confirm/S3/retail_rocket/GRU4Rec/retail_rocket_GRU4Rec_s3_retail_rocket_gru4rec_c2_seed3_20260418_155933_334784_pid660987_special_metrics.json
  Special log -> /workspace/FeaturedMoE/experiments/run/artifacts/logs/final_experiment/special/stage3_seed_confirm/S3/retail_rocket/GRU4Rec/retail_rocket_GRU4Rec_s3_retail_rocket_gru4rec_c2_seed3_20260418_155933_334784_pid660987_special_metrics.json
=================================================================

[RUN_STATUS] END status=normal pid=660987 start=2026-04-18T15:59:33 end=2026-04-18T16:04:30
