[FINAL_ALL_DATASETS_SETTING_HEADER]
run_phase=P14_FAD_A6_FOURSQUARE_H10_S3 exp_brief=A6_NO_BIAS phase_id=P14 axis_id=FAD setting_id=A6_NO_BIAS_H10_S3 hparam_id=H10 seed=3
desc=A6_NO_BIAS_H10_S3
dataset=foursquare gpu=2 order=135
max_evals=20 tune_epochs=100 tune_patience=10
seed=91026

[COMMAND]
- /venv/FMoE/bin/python hyperopt_tune.py --config-name config --max-evals 20 --tune-epochs 100 --tune-patience 10 --seed 91026 --run-group fmoe_n3 --run-axis Final_all_datasets --run-phase P14_FAD_A6_FOURSQUARE_H10_S3 model=featured_moe_n3_tune dataset=foursquare eval_mode=session_fixed feature_mode=full_v3 gpu_id=2 log_wandb=false enable_tf32=true fmoe_debug_logging=false fmoe_diag_logging=true fmoe_special_logging=true fmoe_feature_ablation_logging=false fmoe_eval_logging_timing=final_only ++fmoe_logging_output_root="run/artifacts/logging" ++fmoe_logging_layout="axis_dataset_arch_hparam" ++fmoe_architecture_id="A6" ++fmoe_architecture_key="A6_NO_BIAS" ++fmoe_hparam_id="H10" ++fmoe_phase="P14" MAX_ITEM_LIST_LENGTH=20 train_batch_size=4096 eval_batch_size=4096 embedding_size=192 num_heads=4 attn_dropout_prob=0.1 d_ff=384 d_feat_emb=16 d_expert_hidden=192 d_router_hidden=96 expert_scale=3 ++search.learning_rate=[0.00015,0.008] ++search.weight_decay=[8e-07] ++search.hidden_dropout_prob=[0.14] ++search.lr_scheduler_type=["warmup_cosine"] ++search_space_type_overrides.learning_rate=loguniform ++search_space_type_overrides.weight_decay=choice ++search_space_type_overrides.hidden_dropout_prob=choice ++search_space_type_overrides.lr_scheduler_type=choice ++phase_run_type="final" ++phase_axis_id="FAD" ++phase_axis_desc="final_all_datasets" ++phase_setting_id="A6_NO_BIAS_H10_S3" ++phase_setting_key="A6_NO_BIAS" ++phase_hparam_id="H10" ++phase_seed_id=3 ++phase_run_id="FAD_A6_FOURSQUARE_H10_S3" ++layer_layout=["macro","mid","micro"] ++stage_compute_mode={macro:"moe",mid:"moe",micro:"moe"} ++stage_router_mode={macro:"learned",mid:"learned",micro:"learned"} ++stage_router_source={macro:"both",mid:"both",micro:"both"} ++stage_feature_injection={macro:"none",mid:"none",micro:"none"} ++topk_scope_mode="global_flat" ++moe_top_k=0 ++balance_loss_lambda=0.0 ++z_loss_lambda=0.0002 ++gate_entropy_lambda=0.0 ++route_smoothness_lambda=0.0 ++route_consistency_lambda=0.0008 ++route_sharpness_lambda=0.0 ++route_monopoly_lambda=0.0 ++route_monopoly_tau=0.25 ++route_prior_lambda=0.0 ++group_prior_align_lambda=0.0 ++factored_group_balance_lambda=0.0 ++rule_agreement_lambda=0.0 ++group_coverage_lambda=0.0 ++feature_group_bias_lambda=0.0 ++rule_bias_scale=0.0 ++primitive_balance_lambda=0.0 ++wrapper_group_feature_align_lambda=0.0 ++stage_router_primitives={macro:{a_joint:{source:"feature",temperature:1.0,top_k:0},b_group:{source:"feature",temperature:1.0,top_k:0},c_shared:{source:"feature",temperature:1.0,top_k:0},d_cond:{source:"feature",temperature:1.0,top_k:0},e_scalar:{source:"feature",temperature:1.0,top_k:0},wrapper:{alpha_d:1.0,alpha_struct:1.0,alpha_a:1.0}},mid:{a_joint:{source:"feature",temperature:1.0,top_k:0},b_group:{source:"feature",temperature:1.0,top_k:0},c_shared:{source:"feature",temperature:1.0,top_k:0},d_cond:{source:"feature",temperature:1.0,top_k:0},e_scalar:{source:"feature",temperature:1.0,top_k:0},wrapper:{alpha_d:1.0,alpha_struct:1.0,alpha_a:1.0}},micro:{a_joint:{source:"feature",temperature:1.0,top_k:0},b_group:{source:"feature",temperature:1.0,top_k:0},c_shared:{source:"feature",temperature:1.0,top_k:0},d_cond:{source:"feature",temperature:1.0,top_k:0},e_scalar:{source:"feature",temperature:1.0,top_k:0},wrapper:{alpha_d:1.0,alpha_struct:1.0,alpha_a:1.0}}} ++stage_router_wrapper={macro:"w4_bxd",mid:"w6_bxd_plus_a",micro:"w1_flat"} ++macro_history_window=5 ++stage_router_granularity={macro:"session",mid:"session",micro:"token"} ++stage_family_dropout_prob={macro:0.1,mid:0.1,micro:0.1} ++stage_feature_dropout_prob={macro:0.0,mid:0.0,micro:0.0} ++stage_feature_dropout_scope={macro:"token",mid:"token",micro:"token"} ++route_consistency_pairs=1 ++route_consistency_min_sim=0.995 ++bias_mode="none"
/venv/FMoE/lib/python3.10/site-packages/ray/_private/parameter.py:4: UserWarning: pkg_resources is deprecated as an API. See https://setuptools.pypa.io/en/latest/pkg_resources.html. The pkg_resources package is slated for removal as early as 2025-11-30. Refrain from using this package or pin to Setuptools<81.
  import pkg_resources
[RUN_STATUS] START pid=238074 ts=2026-04-06T13:33:02

=================================================================
  Hyperopt TPE  |  FeaturedMoE_N3 x foursquare
  max_evals=20  epochs=100  patience=10  wandb=off
  batch_size(train/valid/test)=4096/4096/4096
  track=fmoe_n3  axis=final_all_datasets  phase=P14_FAD_A6_FOURSQUARE_H10_S3
=================================================================
Changed knobs: learning_rate
Tuned params(len>1): 1  (~1 discrete combos)
Tuned groups: 1
  [optimization]
    learning_rate                   [0.00015, 0.008]                          -> loguniform
Fixed params(singleton/non-list): 3
Fixed groups: 3
  [optimization]
    hidden_dropout_prob             0.14                                    
    weight_decay                    8e-07                                   
  [other]
    lr_scheduler_type               warmup_cosine                           

[Wandb] disabled for this hyperopt run

[1/20] learning_rate=0.007627
  -> MRR@20=0.012800  best=0.012800  (early_stop@16, trial=1.5min, avg=1.6min/trial, total=1.6min, ETA=29.9min)
[TRIAL_METRICS] cur_best_mrr20=0.012800 cur_best_hr10=0.023700 cur_test_mrr20=0.012100 cur_test_hr10=0.024700 run_best_mrr20=0.012800 run_best_hr10=0.023700 run_test_mrr20=0.012100 run_test_hr10=0.024700

[2/20] learning_rate=0.003482
  -> MRR@20=0.098500  best=0.098500  (early_stop@13, trial=1.2min, avg=1.4min/trial, total=2.8min, ETA=25.4min)
[TRIAL_METRICS] cur_best_mrr20=0.098500 cur_best_hr10=0.189500 cur_test_mrr20=0.098700 cur_test_hr10=0.191300 run_best_mrr20=0.098500 run_best_hr10=0.189500 run_test_mrr20=0.098700 run_test_hr10=0.191300

[3/20] learning_rate=0.0006422
  -> MRR@20=0.110400  best=0.110400  (early_stop@22, trial=2.2min, avg=1.7min/trial, total=5.0min, ETA=28.3min)
[TRIAL_METRICS] cur_best_mrr20=0.110400 cur_best_hr10=0.210800 cur_test_mrr20=0.108100 cur_test_hr10=0.197600 run_best_mrr20=0.110400 run_best_hr10=0.210800 run_test_mrr20=0.108100 run_test_hr10=0.197600

[4/20] learning_rate=0.001249
  -> MRR@20=0.106400  best=0.110400  (early_stop@16, trial=1.6min, avg=1.6min/trial, total=6.6min, ETA=26.3min)
[TRIAL_METRICS] cur_best_mrr20=0.106400 cur_best_hr10=0.206800 cur_test_mrr20=0.106600 cur_test_hr10=0.200700 run_best_mrr20=0.110400 run_best_hr10=0.210800 run_test_mrr20=0.108100 run_test_hr10=0.197600

[5/20] learning_rate=0.003137
  -> MRR@20=0.098600  best=0.110400  (early_stop@14, trial=1.4min, avg=1.6min/trial, total=7.9min, ETA=23.8min)
[TRIAL_METRICS] cur_best_mrr20=0.098600 cur_best_hr10=0.198700 cur_test_mrr20=0.104300 cur_test_hr10=0.195000 run_best_mrr20=0.110400 run_best_hr10=0.210800 run_test_mrr20=0.108100 run_test_hr10=0.197600

[6/20] learning_rate=0.001257
  -> MRR@20=0.106900  best=0.110400  (early_stop@16, trial=1.5min, avg=1.6min/trial, total=9.5min, ETA=22.2min)
[TRIAL_METRICS] cur_best_mrr20=0.106900 cur_best_hr10=0.207400 cur_test_mrr20=0.106100 cur_test_hr10=0.200700 run_best_mrr20=0.110400 run_best_hr10=0.210800 run_test_mrr20=0.108100 run_test_hr10=0.197600

[7/20] learning_rate=0.005682
  -> MRR@20=0.073400  best=0.110400  (early_stop@67, trial=6.4min, avg=2.3min/trial, total=15.9min, ETA=29.6min)
[TRIAL_METRICS] cur_best_mrr20=0.073400 cur_best_hr10=0.135300 cur_test_mrr20=0.070700 cur_test_hr10=0.130800 run_best_mrr20=0.110400 run_best_hr10=0.210800 run_test_mrr20=0.108100 run_test_hr10=0.197600

[8/20] learning_rate=0.0001894
  -> MRR@20=0.112500  best=0.112500  (early_stop@73, trial=7.1min, avg=2.9min/trial, total=23.0min, ETA=34.5min)
[TRIAL_METRICS] cur_best_mrr20=0.112500 cur_best_hr10=0.206800 cur_test_mrr20=0.108800 cur_test_hr10=0.198600 run_best_mrr20=0.112500 run_best_hr10=0.206800 run_test_mrr20=0.108800 run_test_hr10=0.198600

[9/20] learning_rate=0.001527
  -> MRR@20=0.105100  best=0.112500  (early_stop@16, trial=1.5min, avg=2.7min/trial, total=24.5min, ETA=30.0min)
[TRIAL_METRICS] cur_best_mrr20=0.105100 cur_best_hr10=0.206300 cur_test_mrr20=0.104700 cur_test_hr10=0.199400 run_best_mrr20=0.112500 run_best_hr10=0.206800 run_test_mrr20=0.108800 run_test_hr10=0.198600

[10/20] learning_rate=0.0004103
  -> MRR@20=0.114300  best=0.114300  (early_stop@42, trial=4.0min, avg=2.9min/trial, total=28.5min, ETA=28.5min)
[TRIAL_METRICS] cur_best_mrr20=0.114300 cur_best_hr10=0.204200 cur_test_mrr20=0.107900 cur_test_hr10=0.200500 run_best_mrr20=0.114300 run_best_hr10=0.204200 run_test_mrr20=0.107900 run_test_hr10=0.200500

[11/20] learning_rate=0.00479
  -> MRR@20=0.098800  best=0.114300  (early_stop@13, trial=1.2min, avg=2.7min/trial, total=29.7min, ETA=24.3min)
[TRIAL_METRICS] cur_best_mrr20=0.098800 cur_best_hr10=0.196800 cur_test_mrr20=0.101800 cur_test_hr10=0.197100 run_best_mrr20=0.114300 run_best_hr10=0.204200 run_test_mrr20=0.107900 run_test_hr10=0.200500

[12/20] learning_rate=0.002078
  -> MRR@20=0.103600  best=0.114300  (early_stop@14, trial=1.3min, avg=2.6min/trial, total=31.0min, ETA=20.7min)
[TRIAL_METRICS] cur_best_mrr20=0.103600 cur_best_hr10=0.200500 cur_test_mrr20=0.107400 cur_test_hr10=0.203100 run_best_mrr20=0.114300 run_best_hr10=0.204200 run_test_mrr20=0.107900 run_test_hr10=0.200500

[13/20] learning_rate=0.0002758
  -> MRR@20=0.111100  best=0.114300  (early_stop@45, trial=4.2min, avg=2.7min/trial, total=35.3min, ETA=19.0min)
[TRIAL_METRICS] cur_best_mrr20=0.111100 cur_best_hr10=0.209500 cur_test_mrr20=0.109500 cur_test_hr10=0.201300 run_best_mrr20=0.114300 run_best_hr10=0.204200 run_test_mrr20=0.107900 run_test_hr10=0.200500

[14/20] learning_rate=0.006714
  -> MRR@20=0.068400  best=0.114300  (early_stop@19, trial=1.8min, avg=2.7min/trial, total=37.1min, ETA=15.9min)
[TRIAL_METRICS] cur_best_mrr20=0.068400 cur_best_hr10=0.136100 cur_test_mrr20=0.066700 cur_test_hr10=0.125100 run_best_mrr20=0.114300 run_best_hr10=0.204200 run_test_mrr20=0.107900 run_test_hr10=0.200500

[15/20] learning_rate=0.0001855
  -> MRR@20=0.112200  best=0.114300  (early_stop@73, trial=6.9min, avg=2.9min/trial, total=44.0min, ETA=14.7min)
[TRIAL_METRICS] cur_best_mrr20=0.112200 cur_best_hr10=0.207400 cur_test_mrr20=0.109800 cur_test_hr10=0.198900 run_best_mrr20=0.114300 run_best_hr10=0.204200 run_test_mrr20=0.107900 run_test_hr10=0.200500

[16/20] learning_rate=0.004257
  -> MRR@20=0.091600  best=0.114300  (early_stop@13, trial=1.2min, avg=2.8min/trial, total=45.2min, ETA=11.3min)
[TRIAL_METRICS] cur_best_mrr20=0.091600 cur_best_hr10=0.173700 cur_test_mrr20=0.095200 cur_test_hr10=0.182100 run_best_mrr20=0.114300 run_best_hr10=0.204200 run_test_mrr20=0.107900 run_test_hr10=0.200500

[17/20] learning_rate=0.007661
  -> MRR@20=0.012900  best=0.114300  (early_stop@16, trial=1.5min, avg=2.8min/trial, total=46.8min, ETA=8.3min)
[TRIAL_METRICS] cur_best_mrr20=0.012900 cur_best_hr10=0.023400 cur_test_mrr20=0.011900 cur_test_hr10=0.025500 run_best_mrr20=0.114300 run_best_hr10=0.204200 run_test_mrr20=0.107900 run_test_hr10=0.200500

[18/20] learning_rate=0.0002452
  -> MRR@20=0.110800  best=0.114300  (early_stop@39, trial=3.7min, avg=2.8min/trial, total=50.5min, ETA=5.6min)
[TRIAL_METRICS] cur_best_mrr20=0.110800 cur_best_hr10=0.208100 cur_test_mrr20=0.108900 cur_test_hr10=0.200200 run_best_mrr20=0.114300 run_best_hr10=0.204200 run_test_mrr20=0.107900 run_test_hr10=0.200500

[19/20] learning_rate=0.001537
  -> MRR@20=0.105200  best=0.114300  (early_stop@16, trial=1.5min, avg=2.7min/trial, total=52.1min, ETA=2.7min)
[TRIAL_METRICS] cur_best_mrr20=0.105200 cur_best_hr10=0.207400 cur_test_mrr20=0.104200 cur_test_hr10=0.200200 run_best_mrr20=0.114300 run_best_hr10=0.204200 run_test_mrr20=0.107900 run_test_hr10=0.200500

[20/20] learning_rate=0.0004974
  -> MRR@20=0.113200  best=0.114300  (early_stop@29, trial=2.8min, avg=2.7min/trial, total=54.9min, ETA=0s)
[TRIAL_METRICS] cur_best_mrr20=0.113200 cur_best_hr10=0.211600 cur_test_mrr20=0.110000 cur_test_hr10=0.208400 run_best_mrr20=0.114300 run_best_hr10=0.204200 run_test_mrr20=0.107900 run_test_hr10=0.200500
[1;35mEvaluate   [0m:   0%|                                                            | 0/1 [00:00<?, ?it/s][0m[1;35mEvaluate   [0m:   0%|                                  | 0/1 [00:01<?, ?it/s, [1;33mGPU RAM: 14.59 G/23.56 G[0m][0m[1;35mEvaluate   [0m: 100%|██████████████████████████| 1/1 [00:01<00:00,  1.53s/it, [1;33mGPU RAM: 14.59 G/23.56 G[0m][0m                                                                                                    [1;35mEvaluate   [0m:   0%|                                                            | 0/1 [00:00<?, ?it/s][0m[1;35mEvaluate   [0m:   0%|                                  | 0/1 [00:01<?, ?it/s, [1;33mGPU RAM: 14.59 G/23.56 G[0m][0m[1;35mEvaluate   [0m: 100%|██████████████████████████| 1/1 [00:01<00:00,  1.57s/it, [1;33mGPU RAM: 14.59 G/23.56 G[0m][0m                                                                                                    [1;35mEvaluate   [0m:   0%|                                                            | 0/1 [00:00<?, ?it/s][0m[1;35mEvaluate   [0m:   0%|                                  | 0/1 [00:01<?, ?it/s, [1;33mGPU RAM: 14.59 G/23.56 G[0m][0m[1;35mEvaluate   [0m: 100%|██████████████████████████| 1/1 [00:01<00:00,  1.42s/it, [1;33mGPU RAM: 14.59 G/23.56 G[0m][0m                                                                                                    
=================================================================
  DONE  |  FeaturedMoE_N3 x foursquare
  Best MRR@20 = 0.114300  |  20/20 trials OK
  Best HR@10  = 0.204200
  Test MRR@20 = 0.107900  (best-valid checkpoint)
  Test HR@10  = 0.200500  (best-valid checkpoint)
[RUN_METRICS] best_valid_mrr20=0.114300 best_valid_hr10=0.204200 test_mrr20=0.107900 test_hr10=0.200500
  Total time: 55.0 min
  Best params:
    learning_rate: 0.000410285
  Results -> /workspace/jy1559/FMoE/experiments/run/artifacts/results/fmoe_n3/foursquare_FeaturedMoE_N3_p14_fad_a6_foursquare_h10_s3_20260406_133302_419218_pid238074.json
  Normal mirror -> /workspace/jy1559/FMoE/experiments/run/artifacts/results/fmoe_n3/normal/final_all_datasets/P14/foursquare/FMoEN3/foursquare_FeaturedMoE_N3_p14_fad_a6_foursquare_h10_s3_20260406_133302_419218_pid238074.json
  Special result -> /workspace/jy1559/FMoE/experiments/run/artifacts/results/fmoe_n3/special/final_all_datasets/P14/foursquare/FMoEN3/foursquare_FeaturedMoE_N3_p14_fad_a6_foursquare_h10_s3_20260406_133302_419218_pid238074_special_metrics.json
  Special log -> /workspace/jy1559/FMoE/experiments/run/artifacts/logs/fmoe_n3/special/final_all_datasets/P14/foursquare/FMoEN3/foursquare_FeaturedMoE_N3_p14_fad_a6_foursquare_h10_s3_20260406_133302_419218_pid238074_special_metrics.json
=================================================================

[RUN_STATUS] END status=normal pid=238074 start=2026-04-06T13:33:02 end=2026-04-06T14:28:00
