[STAGEB_STRUCTURE_ANCHOR2_CORE5_SETTING_HEADER]
run_phase=P17_SB_D01_M02_GRU4REC_B5_S1 run_id=SB_AMAZON_BEAUTY_GRU4REC_B5_S1 phase_id=P17 axis_id=SB model=GRU4Rec profile_id=B5 seed=1
dataset=amazon_beauty gpu=6 order=0 lr_band=LR4,LR5 lr_lo=0.00104448 lr_hi=0.007650000000000002
max_evals=6 tune_epochs=40 tune_patience=6
seed=170010

[COMMAND]
- /venv/FMoE/bin/python hyperopt_tune.py --config-name tune_ab --max-evals 6 --tune-epochs 40 --tune-patience 6 --seed 170010 --run-group baseline --run-axis StageB_Structure_anchor2_core5 --run-phase P17_SB_D01_M02_GRU4REC_B5_S1 model=gru4rec dataset=amazon_beauty eval_mode=session_fixed feature_mode=full_v3 gpu_id=6 log_wandb=false show_progress=false ++special_logging=true ++seed=170010 ++search={learning_rate:[0.00104448,0.007650000000000002]} ++search_space_type_overrides={learning_rate:"loguniform"} ++MAX_ITEM_LIST_LENGTH=10 ++weight_decay=0.00036 ++search.weight_decay=[0.00036] ++search_space_type_overrides.weight_decay=choice ++search.hidden_size=[136] ++search_space_type_overrides.hidden_size=choice ++search.embedding_size=[136] ++search_space_type_overrides.embedding_size=choice ++search.n_layers=[3] ++search_space_type_overrides.n_layers=choice ++search.num_layers=[3] ++search_space_type_overrides.num_layers=choice ++search.dropout_ratio=[0.25] ++search_space_type_overrides.dropout_ratio=choice ++search.dropout_prob=[0.25] ++search_space_type_overrides.dropout_prob=choice ++search.hidden_dropout_prob=[0.25] ++search_space_type_overrides.hidden_dropout_prob=choice ++search.attn_dropout_prob=[0.25] ++search_space_type_overrides.attn_dropout_prob=choice ++dropout_prob=0.25 ++num_layers=3 ++hidden_size=136 ++embedding_size=136 ++n_layers=3 ++num_layers=3 ++train_batch_size=8192 ++eval_batch_size=10240
/venv/FMoE/lib/python3.10/site-packages/ray/_private/parameter.py:4: UserWarning: pkg_resources is deprecated as an API. See https://setuptools.pypa.io/en/latest/pkg_resources.html. The pkg_resources package is slated for removal as early as 2025-11-30. Refrain from using this package or pin to Setuptools<81.
  import pkg_resources
[RUN_STATUS] START pid=520538 ts=2026-03-29T21:54:39

=================================================================
  Hyperopt TPE  |  GRU4Rec x amazon_beauty
  max_evals=6  epochs=40  patience=6  wandb=off
  batch_size(train/valid/test)=8192/10240/10240
  track=baseline  axis=stageb_structure_anchor2_core5  phase=P17_SB_D01_M02_GRU4REC_B5_S1
=================================================================
Changed knobs: MAX_ITEM_LIST_LENGTH, learning_rate
Tuned params(len>1): 2  (~4 discrete combos)
Tuned groups: 2
  [optimization]
    learning_rate                   [0.00104448, 0.007650000000000002]        -> loguniform
  [other]
    MAX_ITEM_LIST_LENGTH            [5, 10, 30, 50]                           -> choice
Fixed params(singleton/non-list): 9
Fixed groups: 9
  [optimization]
    hidden_dropout_prob             0.25                                    
    weight_decay                    0.00036                                 
  [model_core]
    attn_dropout_prob               0.25                                    
    dropout_prob                    0.25                                    
    dropout_ratio                   0.25                                    
    embedding_size                  136                                     
    hidden_size                     136                                     
    num_layers                      3                                       
  [other]
    n_layers                        3                                       

[Wandb] disabled for this hyperopt run

[1/6] MAX_ITEM_LIST_LENGTH=50, learning_rate=0.002498
  -> MRR@20=0.001800  best=0.001800  (early_stop@7, trial=3s, avg=5s/trial, total=5s, ETA=26s)
[TRIAL_METRICS] cur_best_mrr20=0.001800 cur_best_hr10=0.008800 cur_test_mrr20=0.000000 cur_test_hr10=0.000000 run_best_mrr20=0.001800 run_best_hr10=0.008800 run_test_mrr20=0.000000 run_test_hr10=0.000000

[2/6] MAX_ITEM_LIST_LENGTH=50, learning_rate=0.001098
  -> MRR@20=0.001500  best=0.001800  (early_stop@7, trial=1s, avg=3s/trial, total=7s, ETA=14s)
[TRIAL_METRICS] cur_best_mrr20=0.001500 cur_best_hr10=0.008800 cur_test_mrr20=0.000000 cur_test_hr10=0.000000 run_best_mrr20=0.001800 run_best_hr10=0.008800 run_test_mrr20=0.000000 run_test_hr10=0.000000

[3/6] MAX_ITEM_LIST_LENGTH=50, learning_rate=0.002199
  -> MRR@20=0.001500  best=0.001800  (early_stop@7, trial=1s, avg=3s/trial, total=9s, ETA=9s)
[TRIAL_METRICS] cur_best_mrr20=0.001500 cur_best_hr10=0.008800 cur_test_mrr20=0.000000 cur_test_hr10=0.000000 run_best_mrr20=0.001800 run_best_hr10=0.008800 run_test_mrr20=0.000000 run_test_hr10=0.000000

[4/6] MAX_ITEM_LIST_LENGTH=5, learning_rate=0.00234
  -> MRR@20=0.001500  best=0.001800  (early_stop@7, trial=1s, avg=2s/trial, total=10s, ETA=5s)
[TRIAL_METRICS] cur_best_mrr20=0.001500 cur_best_hr10=0.008800 cur_test_mrr20=0.000000 cur_test_hr10=0.000000 run_best_mrr20=0.001800 run_best_hr10=0.008800 run_test_mrr20=0.000000 run_test_hr10=0.000000

[5/6] MAX_ITEM_LIST_LENGTH=50, learning_rate=0.002774
  -> MRR@20=0.001800  best=0.001800  (early_stop@7, trial=1s, avg=2s/trial, total=11s, ETA=2s)
[TRIAL_METRICS] cur_best_mrr20=0.001800 cur_best_hr10=0.008800 cur_test_mrr20=0.000000 cur_test_hr10=0.000000 run_best_mrr20=0.001800 run_best_hr10=0.008800 run_test_mrr20=0.000000 run_test_hr10=0.000000

[6/6] MAX_ITEM_LIST_LENGTH=10, learning_rate=0.006208
  -> MRR@20=0.004400  best=0.004400  (early_stop@12, trial=1s, avg=2s/trial, total=13s, ETA=0s)
[TRIAL_METRICS] cur_best_mrr20=0.004400 cur_best_hr10=0.008800 cur_test_mrr20=0.000000 cur_test_hr10=0.000000 run_best_mrr20=0.004400 run_best_hr10=0.008800 run_test_mrr20=0.000000 run_test_hr10=0.000000

=================================================================
  DONE  |  GRU4Rec x amazon_beauty
  Best MRR@20 = 0.004400  |  6/6 trials OK
  Best HR@10  = 0.008800
  Test MRR@20 = 0.000000  (best-valid checkpoint)
  Test HR@10  = 0.000000  (best-valid checkpoint)
[RUN_METRICS] best_valid_mrr20=0.004400 best_valid_hr10=0.008800 test_mrr20=0.000000 test_hr10=0.000000
  Total time: 0.2 min
  Best params:
    MAX_ITEM_LIST_LENGTH: 10
    learning_rate: 0.00620844
  Results -> /workspace/jy1559/FMoE/experiments/run/artifacts/results/baseline/amazon_beauty_GRU4Rec_p17_sb_d01_m02_gru4rec_b5_s1_20260329_215439_820186_pid520538.json
  Normal mirror -> /workspace/jy1559/FMoE/experiments/run/artifacts/results/baseline/normal/stageb_structure_anchor2_core5/P17/amazon_beauty/GRU4Rec/amazon_beauty_GRU4Rec_p17_sb_d01_m02_gru4rec_b5_s1_20260329_215439_820186_pid520538.json
  Special result -> /workspace/jy1559/FMoE/experiments/run/artifacts/results/baseline/special/stageb_structure_anchor2_core5/P17/amazon_beauty/GRU4Rec/amazon_beauty_GRU4Rec_p17_sb_d01_m02_gru4rec_b5_s1_20260329_215439_820186_pid520538_special_metrics.json
  Special log -> /workspace/jy1559/FMoE/experiments/run/artifacts/logs/baseline/special/stageb_structure_anchor2_core5/P17/amazon_beauty/GRU4Rec/amazon_beauty_GRU4Rec_p17_sb_d01_m02_gru4rec_b5_s1_20260329_215439_820186_pid520538_special_metrics.json
=================================================================

[RUN_STATUS] END status=normal pid=520538 start=2026-03-29T21:54:39 end=2026-03-29T21:54:52
