[STAGEF_TAILBOOST_ANCHOR2_CORE5_SETTING_HEADER]
run_phase=P21_SC_D00_M03_P01_FAME_MANUAL_LFM_FAME_STRONG_F2_S2 run_id=SC_LASTFM0_03_FAME_MANUAL_LFM_FAME_STRONG_F2_S2 phase_id=P21 axis_id=SC model=FAME profile_id=F2 parent_profile_id=MANUAL_LFM_FAME_STRONG seed=2
dataset=lastfm0.03 gpu=7 order=0 lr_band=M_FAME_LFM_1 lr_lo=0.0004425 lr_hi=0.0033134399999999995
max_evals=12 tune_epochs=64 tune_patience=8
seed=210099

[COMMAND]
- /venv/FMoE/bin/python hyperopt_tune.py --config-name tune_lfm_small --max-evals 12 --tune-epochs 64 --tune-patience 8 --seed 210099 --run-group baseline --run-axis StageF_TailBoost_anchor2_core5 --run-phase P21_SC_D00_M03_P01_FAME_MANUAL_LFM_FAME_STRONG_F2_S2 model=fame dataset=lastfm0.03 eval_mode=session_fixed feature_mode=full_v3 gpu_id=7 log_wandb=false show_progress=false ++special_logging=true ++seed=210099 ++search={learning_rate:[0.0004425,0.0033134399999999995]} ++search_space_type_overrides={learning_rate:"loguniform"} ++MAX_ITEM_LIST_LENGTH=10 ++weight_decay=0.00025499999999999996 ++search.weight_decay=[0.00025499999999999996] ++search_space_type_overrides.weight_decay=choice ++search.hidden_size=[208] ++search_space_type_overrides.hidden_size=choice ++search.embedding_size=[208] ++search_space_type_overrides.embedding_size=choice ++search.n_layers=[1] ++search_space_type_overrides.n_layers=choice ++search.num_layers=[1] ++search_space_type_overrides.num_layers=choice ++search.dropout_ratio=[0.21000000000000002] ++search_space_type_overrides.dropout_ratio=choice ++search.dropout_prob=[0.21000000000000002] ++search_space_type_overrides.dropout_prob=choice ++search.hidden_dropout_prob=[0.21000000000000002] ++search_space_type_overrides.hidden_dropout_prob=choice ++search.attn_dropout_prob=[0.21000000000000002] ++search_space_type_overrides.attn_dropout_prob=choice ++search.inner_size=[624] ++search_space_type_overrides.inner_size=choice ++search.n_heads=[2] ++search_space_type_overrides.n_heads=choice ++search.num_heads=[2] ++search_space_type_overrides.num_heads=choice ++search.num_experts=[4] ++search_space_type_overrides.num_experts=choice ++dropout_ratio=0.21000000000000002 ++hidden_size=208 ++embedding_size=208 ++n_layers=1 ++num_layers=1 ++n_heads=2 ++num_heads=2 ++inner_size=624 ++num_experts=4 ++train_batch_size=1536 ++eval_batch_size=2304 ++search.MAX_ITEM_LIST_LENGTH=[10] ++search_space_type_overrides.MAX_ITEM_LIST_LENGTH=choice
/venv/FMoE/lib/python3.10/site-packages/ray/_private/parameter.py:4: UserWarning: pkg_resources is deprecated as an API. See https://setuptools.pypa.io/en/latest/pkg_resources.html. The pkg_resources package is slated for removal as early as 2025-11-30. Refrain from using this package or pin to Setuptools<81.
  import pkg_resources
[RUN_STATUS] START pid=231811 ts=2026-04-06T08:10:47

=================================================================
  Hyperopt TPE  |  FAME x lastfm0.03
  max_evals=12  epochs=64  patience=8  wandb=off
  batch_size(train/valid/test)=1536/2304/2304
  track=baseline  axis=stagef_tailboost_anchor2_core5  phase=P21_SC_D00_M03_P01_FAME_MANUAL_LFM_FAME_STRONG_F2_S2
=================================================================
Changed knobs: learning_rate
Tuned params(len>1): 1  (~1 discrete combos)
Tuned groups: 1
  [optimization]
    learning_rate                   [0.0004425, 0.0033134399999999995]        -> loguniform
Fixed params(singleton/non-list): 14
Fixed groups: 14
  [optimization]
    hidden_dropout_prob             0.21000000000000002                     
    weight_decay                    0.00025499999999999996                  
  [model_core]
    attn_dropout_prob               0.21000000000000002                     
    dropout_prob                    0.21000000000000002                     
    dropout_ratio                   0.21000000000000002                     
    embedding_size                  208                                     
    hidden_size                     208                                     
    inner_size                      624                                     
    num_heads                       2                                       
    num_layers                      1                                       
  [other]
    MAX_ITEM_LIST_LENGTH            10                                      
    n_heads                         2                                       
    n_layers                        1                                       
    num_experts                     4                                       

[Wandb] disabled for this hyperopt run

[1/12] learning_rate=0.001906
  -> MRR@20=0.202000  best=0.202000  (early_stop@28, trial=10.5min, avg=10.7min/trial, total=10.7min, ETA=1.96h)
[TRIAL_METRICS] cur_best_mrr20=0.202000 cur_best_hr10=0.241800 cur_test_mrr20=0.201700 cur_test_hr10=0.247600 run_best_mrr20=0.202000 run_best_hr10=0.241800 run_test_mrr20=0.201700 run_test_hr10=0.247600

[2/12] learning_rate=0.000964
  -> MRR@20=0.214500  best=0.214500  (early_stop@28, trial=10.4min, avg=10.6min/trial, total=21.1min, ETA=1.76h)
[TRIAL_METRICS] cur_best_mrr20=0.214500 cur_best_hr10=0.265500 cur_test_mrr20=0.217600 cur_test_hr10=0.267000 run_best_mrr20=0.214500 run_best_hr10=0.265500 run_test_mrr20=0.217600 run_test_hr10=0.267000

[3/12] learning_rate=0.0004767
  -> MRR@20=0.221100  best=0.221100  (early_stop@44, trial=16.5min, avg=12.5min/trial, total=37.6min, ETA=1.88h)
[TRIAL_METRICS] cur_best_mrr20=0.221100 cur_best_hr10=0.267100 cur_test_mrr20=0.222000 cur_test_hr10=0.267800 run_best_mrr20=0.221100 run_best_hr10=0.267100 run_test_mrr20=0.222000 run_test_hr10=0.267800

[4/12] learning_rate=0.001741
  -> MRR@20=0.202800  best=0.221100  (early_stop@25, trial=9.3min, avg=11.7min/trial, total=46.9min, ETA=1.56h)
[TRIAL_METRICS] cur_best_mrr20=0.202800 cur_best_hr10=0.246300 cur_test_mrr20=0.206000 cur_test_hr10=0.251100 run_best_mrr20=0.221100 run_best_hr10=0.267100 run_test_mrr20=0.222000 run_test_hr10=0.267800

[5/12] learning_rate=0.001013
  -> MRR@20=0.215300  best=0.221100  (early_stop@28, trial=10.4min, avg=11.5min/trial, total=57.4min, ETA=1.34h)
[TRIAL_METRICS] cur_best_mrr20=0.215300 cur_best_hr10=0.264700 cur_test_mrr20=0.215300 cur_test_hr10=0.264300 run_best_mrr20=0.221100 run_best_hr10=0.267100 run_test_mrr20=0.222000 run_test_hr10=0.267800

[6/12] learning_rate=0.002386
  -> MRR@20=0.198500  best=0.221100  (early_stop@46, trial=17.5min, avg=12.5min/trial, total=1.25h, ETA=1.25h)
[TRIAL_METRICS] cur_best_mrr20=0.198500 cur_best_hr10=0.236500 cur_test_mrr20=0.201600 cur_test_hr10=0.238000 run_best_mrr20=0.221100 run_best_hr10=0.267100 run_test_mrr20=0.222000 run_test_hr10=0.267800

[7/12] learning_rate=0.003052
  -> MRR@20=0.200800  best=0.221100  (early_stop@34, trial=12.8min, avg=12.5min/trial, total=1.46h, ETA=1.04h)
[TRIAL_METRICS] cur_best_mrr20=0.200800 cur_best_hr10=0.240500 cur_test_mrr20=0.199600 cur_test_hr10=0.240200 run_best_mrr20=0.221100 run_best_hr10=0.267100 run_test_mrr20=0.222000 run_test_hr10=0.267800

[8/12] learning_rate=0.0007688
  -> MRR@20=0.214300  best=0.221100  (early_stop@34, trial=12.8min, avg=12.6min/trial, total=1.68h, ETA=50.3min)
[TRIAL_METRICS] cur_best_mrr20=0.214300 cur_best_hr10=0.259900 cur_test_mrr20=0.217700 cur_test_hr10=0.263800 run_best_mrr20=0.221100 run_best_hr10=0.267100 run_test_mrr20=0.222000 run_test_hr10=0.267800

[9/12] learning_rate=0.003109
  -> MRR@20=0.199600  best=0.221100  (early_stop@39, trial=14.6min, avg=12.8min/trial, total=1.92h, ETA=38.4min)
[TRIAL_METRICS] cur_best_mrr20=0.199600 cur_best_hr10=0.240800 cur_test_mrr20=0.197800 cur_test_hr10=0.240700 run_best_mrr20=0.221100 run_best_hr10=0.267100 run_test_mrr20=0.222000 run_test_hr10=0.267800

[10/12] learning_rate=0.0009612
  -> MRR@20=0.214700  best=0.221100  (early_stop@28, trial=10.5min, avg=12.6min/trial, total=2.09h, ETA=25.1min)
[TRIAL_METRICS] cur_best_mrr20=0.214700 cur_best_hr10=0.265200 cur_test_mrr20=0.216700 cur_test_hr10=0.267000 run_best_mrr20=0.221100 run_best_hr10=0.267100 run_test_mrr20=0.222000 run_test_hr10=0.267800

[11/12] learning_rate=0.003226
  -> MRR@20=0.200200  best=0.221100  (early_stop@34, trial=12.8min, avg=12.6min/trial, total=2.31h, ETA=12.6min)
[TRIAL_METRICS] cur_best_mrr20=0.200200 cur_best_hr10=0.241000 cur_test_mrr20=0.199000 cur_test_hr10=0.242000 run_best_mrr20=0.221100 run_best_hr10=0.267100 run_test_mrr20=0.222000 run_test_hr10=0.267800

[12/12] learning_rate=0.0004827
  -> MRR@20=0.221100  best=0.221100  (early_stop@44, trial=16.6min, avg=12.9min/trial, total=2.58h, ETA=0s)
[TRIAL_METRICS] cur_best_mrr20=0.221100 cur_best_hr10=0.266500 cur_test_mrr20=0.223500 cur_test_hr10=0.267000 run_best_mrr20=0.221100 run_best_hr10=0.266500 run_test_mrr20=0.223500 run_test_hr10=0.267000

=================================================================
  DONE  |  FAME x lastfm0.03
  Best MRR@20 = 0.221100  |  12/12 trials OK
  Best HR@10  = 0.267100
  Test MRR@20 = 0.222000  (best-valid checkpoint)
  Test HR@10  = 0.267800  (best-valid checkpoint)
[RUN_METRICS] best_valid_mrr20=0.221100 best_valid_hr10=0.267100 test_mrr20=0.222000 test_hr10=0.267800
  Total time: 155.0 min
  Best params:
    learning_rate: 0.000476715
  Results -> /workspace/jy1559/FMoE/experiments/run/artifacts/results/baseline/lastfm0.03_FAME_p21_sc_d00_m03_p01_fame_manual_lfm_fame_strong_f2_s2_20260406_081047_286682_pid231811.json
  Normal mirror -> /workspace/jy1559/FMoE/experiments/run/artifacts/results/baseline/normal/stagef_tailboost_anchor2_core5/P21/lastfm0.03/FAME/lastfm0.03_FAME_p21_sc_d00_m03_p01_fame_manual_lfm_fame_strong_f2_s2_20260406_081047_286682_pid231811.json
  Special result -> /workspace/jy1559/FMoE/experiments/run/artifacts/results/baseline/special/stagef_tailboost_anchor2_core5/P21/lastfm0.03/FAME/lastfm0.03_FAME_p21_sc_d00_m03_p01_fame_manual_lfm_fame_strong_f2_s2_20260406_081047_286682_pid231811_special_metrics.json
  Special log -> /workspace/jy1559/FMoE/experiments/run/artifacts/logs/baseline/special/stagef_tailboost_anchor2_core5/P21/lastfm0.03/FAME/lastfm0.03_FAME_p21_sc_d00_m03_p01_fame_manual_lfm_fame_strong_f2_s2_20260406_081047_286682_pid231811_special_metrics.json
=================================================================

[RUN_STATUS] END status=normal pid=231811 start=2026-04-06T08:10:47 end=2026-04-06T10:45:45
