[STAGEF_TAILBOOST_ANCHOR2_CORE5_SETTING_HEADER]
run_phase=P21_SC_D00_M03_P03_FAME_D2_E4_F7_S1 run_id=SC_LASTFM0_03_FAME_D2_E4_F7_S1 phase_id=P21 axis_id=SC model=FAME profile_id=F7 parent_profile_id=D2>E4 seed=1
dataset=lastfm0.03 gpu=4 order=0 lr_band=LR3,LR4 lr_lo=0.0005588515096774194 lr_hi=0.002428676632606125
max_evals=12 tune_epochs=64 tune_patience=8
seed=210140

[COMMAND]
- /venv/FMoE/bin/python hyperopt_tune.py --config-name tune_lfm_small --max-evals 12 --tune-epochs 64 --tune-patience 8 --seed 210140 --run-group baseline --run-axis StageF_TailBoost_anchor2_core5 --run-phase P21_SC_D00_M03_P03_FAME_D2_E4_F7_S1 model=fame dataset=lastfm0.03 eval_mode=session_fixed feature_mode=full_v3 gpu_id=4 log_wandb=false show_progress=false ++special_logging=true ++seed=210140 ++search={learning_rate:[0.0005588515096774194,0.002428676632606125]} ++search_space_type_overrides={learning_rate:"loguniform"} ++MAX_ITEM_LIST_LENGTH=10 ++weight_decay=0.00024774750000000005 ++search.weight_decay=[0.00024774750000000005] ++search_space_type_overrides.weight_decay=choice ++search.hidden_size=[208] ++search_space_type_overrides.hidden_size=choice ++search.embedding_size=[208] ++search_space_type_overrides.embedding_size=choice ++search.n_layers=[1] ++search_space_type_overrides.n_layers=choice ++search.num_layers=[1] ++search_space_type_overrides.num_layers=choice ++search.dropout_ratio=[0.19] ++search_space_type_overrides.dropout_ratio=choice ++search.dropout_prob=[0.19] ++search_space_type_overrides.dropout_prob=choice ++search.hidden_dropout_prob=[0.19] ++search_space_type_overrides.hidden_dropout_prob=choice ++search.attn_dropout_prob=[0.19] ++search_space_type_overrides.attn_dropout_prob=choice ++search.inner_size=[832] ++search_space_type_overrides.inner_size=choice ++search.n_heads=[2] ++search_space_type_overrides.n_heads=choice ++search.num_heads=[2] ++search_space_type_overrides.num_heads=choice ++search.num_experts=[6] ++search_space_type_overrides.num_experts=choice ++dropout_ratio=0.19 ++hidden_size=208 ++embedding_size=208 ++n_layers=1 ++num_layers=1 ++n_heads=2 ++num_heads=2 ++inner_size=832 ++num_experts=6 ++train_batch_size=1536 ++eval_batch_size=2304 ++search.MAX_ITEM_LIST_LENGTH=[10] ++search_space_type_overrides.MAX_ITEM_LIST_LENGTH=choice
/venv/FMoE/lib/python3.10/site-packages/ray/_private/parameter.py:4: UserWarning: pkg_resources is deprecated as an API. See https://setuptools.pypa.io/en/latest/pkg_resources.html. The pkg_resources package is slated for removal as early as 2025-11-30. Refrain from using this package or pin to Setuptools<81.
  import pkg_resources
[RUN_STATUS] START pid=260991 ts=2026-04-06T20:23:56

=================================================================
  Hyperopt TPE  |  FAME x lastfm0.03
  max_evals=12  epochs=64  patience=8  wandb=off
  batch_size(train/valid/test)=1536/2304/2304
  track=baseline  axis=stagef_tailboost_anchor2_core5  phase=P21_SC_D00_M03_P03_FAME_D2_E4_F7_S1
=================================================================
Changed knobs: learning_rate
Tuned params(len>1): 1  (~1 discrete combos)
Tuned groups: 1
  [optimization]
    learning_rate                   [0.0005588515096774194, 0.002428676632606125]  -> loguniform
Fixed params(singleton/non-list): 14
Fixed groups: 14
  [optimization]
    hidden_dropout_prob             0.19                                    
    weight_decay                    0.00024774750000000005                  
  [model_core]
    attn_dropout_prob               0.19                                    
    dropout_prob                    0.19                                    
    dropout_ratio                   0.19                                    
    embedding_size                  208                                     
    hidden_size                     208                                     
    inner_size                      832                                     
    num_heads                       2                                       
    num_layers                      1                                       
  [other]
    MAX_ITEM_LIST_LENGTH            10                                      
    n_heads                         2                                       
    n_layers                        1                                       
    num_experts                     6                                       

[Wandb] disabled for this hyperopt run

[1/12] learning_rate=0.001911
  -> MRR@20=0.204800  best=0.204800  (early_stop@28, trial=12.3min, avg=12.5min/trial, total=12.5min, ETA=2.29h)
[TRIAL_METRICS] cur_best_mrr20=0.204800 cur_best_hr10=0.241300 cur_test_mrr20=0.204400 cur_test_hr10=0.245700 run_best_mrr20=0.204800 run_best_hr10=0.241300 run_test_mrr20=0.204400 run_test_hr10=0.245700

[2/12] learning_rate=0.002411
  -> MRR@20=0.200800  best=0.204800  (early_stop@25, trial=11.0min, avg=11.7min/trial, total=23.5min, ETA=1.96h)
[TRIAL_METRICS] cur_best_mrr20=0.200800 cur_best_hr10=0.244000 cur_test_mrr20=0.199500 cur_test_hr10=0.245700 run_best_mrr20=0.204800 run_best_hr10=0.241300 run_test_mrr20=0.204400 run_test_hr10=0.245700

[3/12] learning_rate=0.001263
  -> MRR@20=0.211200  best=0.211200  (early_stop@25, trial=11.0min, avg=11.5min/trial, total=34.5min, ETA=1.72h)
[TRIAL_METRICS] cur_best_mrr20=0.211200 cur_best_hr10=0.262800 cur_test_mrr20=0.207500 cur_test_hr10=0.255800 run_best_mrr20=0.211200 run_best_hr10=0.262800 run_test_mrr20=0.207500 run_test_hr10=0.255800

[4/12] learning_rate=0.001237
  -> MRR@20=0.210400  best=0.211200  (early_stop@25, trial=10.9min, avg=11.3min/trial, total=45.4min, ETA=1.51h)
[TRIAL_METRICS] cur_best_mrr20=0.210400 cur_best_hr10=0.262600 cur_test_mrr20=0.207500 cur_test_hr10=0.260100 run_best_mrr20=0.211200 run_best_hr10=0.262800 run_test_mrr20=0.207500 run_test_hr10=0.255800

[5/12] learning_rate=0.001931
  -> MRR@20=0.205100  best=0.211200  (early_stop@28, trial=12.4min, avg=11.6min/trial, total=57.8min, ETA=1.35h)
[TRIAL_METRICS] cur_best_mrr20=0.205100 cur_best_hr10=0.246100 cur_test_mrr20=0.203600 cur_test_hr10=0.245700 run_best_mrr20=0.211200 run_best_hr10=0.262800 run_test_mrr20=0.207500 run_test_hr10=0.255800

[6/12] learning_rate=0.0009098
  -> MRR@20=0.214000  best=0.214000  (early_stop@31, trial=13.5min, avg=11.9min/trial, total=1.19h, ETA=1.19h)
[TRIAL_METRICS] cur_best_mrr20=0.214000 cur_best_hr10=0.260400 cur_test_mrr20=0.217700 cur_test_hr10=0.266700 run_best_mrr20=0.214000 run_best_hr10=0.260400 run_test_mrr20=0.217700 run_test_hr10=0.266700

[7/12] learning_rate=0.0005934
  -> MRR@20=0.219400  best=0.219400  (early_stop@42, trial=18.2min, avg=12.8min/trial, total=1.49h, ETA=1.07h)
[TRIAL_METRICS] cur_best_mrr20=0.219400 cur_best_hr10=0.261000 cur_test_mrr20=0.221200 cur_test_hr10=0.268100 run_best_mrr20=0.219400 run_best_hr10=0.261000 run_test_mrr20=0.221200 run_test_hr10=0.268100

[8/12] learning_rate=0.0009238
  -> MRR@20=0.212800  best=0.219400  (early_stop@32, trial=14.0min, avg=12.9min/trial, total=1.73h, ETA=51.8min)
[TRIAL_METRICS] cur_best_mrr20=0.212800 cur_best_hr10=0.258600 cur_test_mrr20=0.213300 cur_test_hr10=0.264600 run_best_mrr20=0.219400 run_best_hr10=0.261000 run_test_mrr20=0.221200 run_test_hr10=0.268100

[9/12] learning_rate=0.001171
  -> MRR@20=0.210800  best=0.219400  (early_stop@28, trial=12.1min, avg=12.8min/trial, total=1.93h, ETA=38.5min)
[TRIAL_METRICS] cur_best_mrr20=0.210800 cur_best_hr10=0.255900 cur_test_mrr20=0.211900 cur_test_hr10=0.258000 run_best_mrr20=0.219400 run_best_hr10=0.261000 run_test_mrr20=0.221200 run_test_hr10=0.268100

[10/12] learning_rate=0.001471
  -> MRR@20=0.206400  best=0.219400  (early_stop@25, trial=10.9min, avg=12.6min/trial, total=2.11h, ETA=25.3min)
[TRIAL_METRICS] cur_best_mrr20=0.206400 cur_best_hr10=0.257200 cur_test_mrr20=0.205000 cur_test_hr10=0.254300 run_best_mrr20=0.219400 run_best_hr10=0.261000 run_test_mrr20=0.221200 run_test_hr10=0.268100

[11/12] learning_rate=0.00147
  -> MRR@20=0.206200  best=0.219400  (early_stop@28, trial=12.0min, avg=12.6min/trial, total=2.31h, ETA=12.6min)
[TRIAL_METRICS] cur_best_mrr20=0.206200 cur_best_hr10=0.244200 cur_test_mrr20=0.206800 cur_test_hr10=0.251600 run_best_mrr20=0.219400 run_best_hr10=0.261000 run_test_mrr20=0.221200 run_test_hr10=0.268100

[12/12] learning_rate=0.0007959
  -> MRR@20=0.215100  best=0.219400  (early_stop@35, trial=14.9min, avg=12.8min/trial, total=2.56h, ETA=0s)
[TRIAL_METRICS] cur_best_mrr20=0.215100 cur_best_hr10=0.258300 cur_test_mrr20=0.218300 cur_test_hr10=0.265900 run_best_mrr20=0.219400 run_best_hr10=0.261000 run_test_mrr20=0.221200 run_test_hr10=0.268100

=================================================================
  DONE  |  FAME x lastfm0.03
  Best MRR@20 = 0.219400  |  12/12 trials OK
  Best HR@10  = 0.261000
  Test MRR@20 = 0.221200  (best-valid checkpoint)
  Test HR@10  = 0.268100  (best-valid checkpoint)
[RUN_METRICS] best_valid_mrr20=0.219400 best_valid_hr10=0.261000 test_mrr20=0.221200 test_hr10=0.268100
  Total time: 153.4 min
  Best params:
    learning_rate: 0.000593362
  Results -> /workspace/jy1559/FMoE/experiments/run/artifacts/results/baseline/lastfm0.03_FAME_p21_sc_d00_m03_p03_fame_d2_e4_f7_s1_20260406_202356_894388_pid260991.json
  Normal mirror -> /workspace/jy1559/FMoE/experiments/run/artifacts/results/baseline/normal/stagef_tailboost_anchor2_core5/P21/lastfm0.03/FAME/lastfm0.03_FAME_p21_sc_d00_m03_p03_fame_d2_e4_f7_s1_20260406_202356_894388_pid260991.json
  Special result -> /workspace/jy1559/FMoE/experiments/run/artifacts/results/baseline/special/stagef_tailboost_anchor2_core5/P21/lastfm0.03/FAME/lastfm0.03_FAME_p21_sc_d00_m03_p03_fame_d2_e4_f7_s1_20260406_202356_894388_pid260991_special_metrics.json
  Special log -> /workspace/jy1559/FMoE/experiments/run/artifacts/logs/baseline/special/stagef_tailboost_anchor2_core5/P21/lastfm0.03/FAME/lastfm0.03_FAME_p21_sc_d00_m03_p03_fame_d2_e4_f7_s1_20260406_202356_894388_pid260991_special_metrics.json
=================================================================

[RUN_STATUS] END status=normal pid=260991 start=2026-04-06T20:23:56 end=2026-04-06T22:57:18
