# stage=B dataset=beauty model=gru4rec candidate=A008_L04
# cmd=/venv/FMoE/bin/python hyperopt_tune.py --config-name tune_ab --max-evals 20 --tune-epochs 45 --tune-patience 5 --search-algo tpe --seed 1 --run-group baseline_2 --run-axis ABCD_v2_lean --run-phase ABCD_v2_lean_B_DBEAUTY_MGRU4REC_A008_L04_S1 model=gru4rec dataset=beauty eval_mode=session_fixed feature_mode=full_v4 gpu_id=6 log_wandb=false show_progress=false ++MAX_ITEM_LIST_LENGTH=20 ++eval_sampling.mode=full ++eval_sampling.auto_full_threshold=999999999 ++special_logging=true ++exclude_unseen_target_from_main_eval=true ++log_unseen_target_metrics=true ++hidden_size=96 ++embedding_size=96 ++num_layers=1 ++dropout_prob=0.2 ++seed=1 ++search.MAX_ITEM_LIST_LENGTH=[20] ++search.weight_decay=[5e-05,0.005] ++search.hidden_size=[96] ++search.embedding_size=[96] ++search.num_layers=[1] ++search.learning_rate=[0.00075,0.012] ++search.dropout_prob=[0.08,0.32] ++search_space_type_overrides.MAX_ITEM_LIST_LENGTH=choice ++search_space_type_overrides.weight_decay=loguniform ++search_space_type_overrides.hidden_size=choice ++search_space_type_overrides.embedding_size=choice ++search_space_type_overrides.num_layers=choice ++search_space_type_overrides.learning_rate=loguniform ++search_space_type_overrides.dropout_prob=uniform

/venv/FMoE/lib/python3.10/site-packages/ray/_private/parameter.py:4: UserWarning: pkg_resources is deprecated as an API. See https://setuptools.pypa.io/en/latest/pkg_resources.html. The pkg_resources package is slated for removal as early as 2025-11-30. Refrain from using this package or pin to Setuptools<81.
  import pkg_resources
[RUN_STATUS] START pid=1022340 ts=2026-04-14T13:10:55

=================================================================
  Hyperopt  |  GRU4Rec x beauty
  max_evals=20  epochs=45  patience=5  wandb=off
  search_algo=tpe
  batch_size(train/valid/test)=4096/8192/8192
  track=baseline_2  axis=abcd_v2_lean  phase=ABCD_v2_lean_B_DBEAUTY_MGRU4REC_A008_L04_S1
=================================================================
Changed knobs: dropout_prob, hidden_dropout_prob, learning_rate, weight_decay
Tuned params(len>1): 4  (~1 discrete combos)
Tuned groups: 4
  [optimization]
    hidden_dropout_prob             [0.0, 0.1, 0.2, 0.3]                      -> uniform
    learning_rate                   [0.00075, 0.012]                          -> loguniform
    weight_decay                    [5e-05, 0.005]                            -> loguniform
  [model_core]
    dropout_prob                    [0.08, 0.32]                              -> uniform
Fixed params(singleton/non-list): 4
Fixed groups: 4
  [model_core]
    embedding_size                  96                                      
    hidden_size                     96                                      
    num_layers                      1                                       
  [other]
    MAX_ITEM_LIST_LENGTH            20                                      

[Wandb] disabled for this hyperopt run

[1/20] dropout_prob=0.1344, hidden_dropout_prob=0.1665, learning_rate=0.001959, weight_decay=0.0005239
  -> MRR@20=0.007300  best=0.007300  (early_stop@12, trial=3s, avg=6s/trial, total=6s, ETA=1.8min)
[TRIAL_METRICS] cur_best_mrr20=0.007300 cur_best_hr10=0.016100 cur_test_mrr20=0.002900 cur_test_hr10=0.005700 run_best_mrr20=0.007300 run_best_hr10=0.016100 run_test_mrr20=0.002900 run_test_hr10=0.005700

[2/20] dropout_prob=0.08406, hidden_dropout_prob=0.2273, learning_rate=0.005068, weight_decay=0.002603
  -> MRR@20=0.010500  best=0.010500  (early_stop@8, trial=1s, avg=4s/trial, total=7s, ETA=1.1min)
[TRIAL_METRICS] cur_best_mrr20=0.010500 cur_best_hr10=0.020100 cur_test_mrr20=0.004400 cur_test_hr10=0.008600 run_best_mrr20=0.010500 run_best_hr10=0.020100 run_test_mrr20=0.004400 run_test_hr10=0.008600

[3/20] dropout_prob=0.2873, hidden_dropout_prob=0.2666, learning_rate=0.008495, weight_decay=0.002633
  -> MRR@20=0.015400  best=0.015400  (early_stop@7, trial=1s, avg=3s/trial, total=8s, ETA=48s)
[TRIAL_METRICS] cur_best_mrr20=0.015400 cur_best_hr10=0.022100 cur_test_mrr20=0.008800 cur_test_hr10=0.008600 run_best_mrr20=0.015400 run_best_hr10=0.022100 run_test_mrr20=0.008800 run_test_hr10=0.008600

[4/20] dropout_prob=0.2881, hidden_dropout_prob=0.07769, learning_rate=0.006916, weight_decay=0.002216
  -> MRR@20=0.015000  best=0.015400  (early_stop@12, trial=2s, avg=3s/trial, total=11s, ETA=42s)
[TRIAL_METRICS] cur_best_mrr20=0.015000 cur_best_hr10=0.022100 cur_test_mrr20=0.008800 cur_test_hr10=0.008600 run_best_mrr20=0.015400 run_best_hr10=0.022100 run_test_mrr20=0.008800 run_test_hr10=0.008600

[5/20] dropout_prob=0.2462, hidden_dropout_prob=0.235, learning_rate=0.003926, weight_decay=0.0001117
  -> MRR@20=0.005500  best=0.015400  (early_stop@12, trial=2s, avg=2s/trial, total=12s, ETA=37s)
[TRIAL_METRICS] cur_best_mrr20=0.005500 cur_best_hr10=0.020100 cur_test_mrr20=0.000900 cur_test_hr10=0.002900 run_best_mrr20=0.015400 run_best_hr10=0.022100 run_test_mrr20=0.008800 run_test_hr10=0.008600

[6/20] dropout_prob=0.3187, hidden_dropout_prob=0.003142, learning_rate=0.008674, weight_decay=0.0008017
  -> MRR@20=0.019500  best=0.019500  (early_stop@15, trial=2s, avg=2s/trial, total=15s, ETA=35s)
[TRIAL_METRICS] cur_best_mrr20=0.019500 cur_best_hr10=0.050200 cur_test_mrr20=0.008600 cur_test_hr10=0.031500 run_best_mrr20=0.019500 run_best_hr10=0.050200 run_test_mrr20=0.008600 run_test_hr10=0.031500

[7/20] dropout_prob=0.2575, hidden_dropout_prob=0.1079, learning_rate=0.002449, weight_decay=0.0008274
  -> MRR@20=0.007700  best=0.019500  (early_stop@10, trial=2s, avg=2s/trial, total=17s, ETA=31s)
[TRIAL_METRICS] cur_best_mrr20=0.007700 cur_best_hr10=0.014100 cur_test_mrr20=0.016300 cur_test_hr10=0.054400 run_best_mrr20=0.019500 run_best_hr10=0.050200 run_test_mrr20=0.008600 run_test_hr10=0.031500

[8/20] dropout_prob=0.1882, hidden_dropout_prob=0.1957, learning_rate=0.004687, weight_decay=0.0002321
  -> MRR@20=0.011400  best=0.019500  (early_stop@12, trial=2s, avg=2s/trial, total=19s, ETA=28s)
[TRIAL_METRICS] cur_best_mrr20=0.011400 cur_best_hr10=0.016100 cur_test_mrr20=0.004700 cur_test_hr10=0.008600 run_best_mrr20=0.019500 run_best_hr10=0.050200 run_test_mrr20=0.008600 run_test_hr10=0.031500

[9/20] dropout_prob=0.2786, hidden_dropout_prob=0.1361, learning_rate=0.003992, weight_decay=0.0007761
  -> MRR@20=0.006600  best=0.019500  (early_stop@13, trial=2s, avg=2s/trial, total=21s, ETA=26s)
[TRIAL_METRICS] cur_best_mrr20=0.006600 cur_best_hr10=0.016100 cur_test_mrr20=0.003700 cur_test_hr10=0.011500 run_best_mrr20=0.019500 run_best_hr10=0.050200 run_test_mrr20=0.008600 run_test_hr10=0.031500

[10/20] dropout_prob=0.08366, hidden_dropout_prob=0.2116, learning_rate=0.003429, weight_decay=0.003576
  -> MRR@20=0.011600  best=0.019500  (early_stop@10, trial=2s, avg=2s/trial, total=23s, ETA=23s)
[TRIAL_METRICS] cur_best_mrr20=0.011600 cur_best_hr10=0.028100 cur_test_mrr20=0.002400 cur_test_hr10=0.014300 run_best_mrr20=0.019500 run_best_hr10=0.050200 run_test_mrr20=0.008600 run_test_hr10=0.031500

[11/20] dropout_prob=0.1002, hidden_dropout_prob=0.06621, learning_rate=0.002915, weight_decay=0.001293
  -> MRR@20=0.010400  best=0.019500  (early_stop@14, trial=2s, avg=2s/trial, total=26s, ETA=21s)
[TRIAL_METRICS] cur_best_mrr20=0.010400 cur_best_hr10=0.018100 cur_test_mrr20=0.004400 cur_test_hr10=0.008600 run_best_mrr20=0.019500 run_best_hr10=0.050200 run_test_mrr20=0.008600 run_test_hr10=0.031500

[12/20] dropout_prob=0.1611, hidden_dropout_prob=0.168, learning_rate=0.009462, weight_decay=0.0005279
  -> MRR@20=0.034600  best=0.034600  (early_stop@21, trial=4s, avg=2s/trial, total=30s, ETA=20s)
[TRIAL_METRICS] cur_best_mrr20=0.034600 cur_best_hr10=0.068300 cur_test_mrr20=0.019100 cur_test_hr10=0.060200 run_best_mrr20=0.034600 run_best_hr10=0.068300 run_test_mrr20=0.019100 run_test_hr10=0.060200

[13/20] dropout_prob=0.3049, hidden_dropout_prob=0.1545, learning_rate=0.01115, weight_decay=0.0003454
  -> MRR@20=0.030500  best=0.034600  (early_stop@19, trial=3s, avg=3s/trial, total=33s, ETA=18s)
[TRIAL_METRICS] cur_best_mrr20=0.030500 cur_best_hr10=0.060200 cur_test_mrr20=0.019300 cur_test_hr10=0.040100 run_best_mrr20=0.034600 run_best_hr10=0.068300 run_test_mrr20=0.019100 run_test_hr10=0.060200

[14/20] dropout_prob=0.2635, hidden_dropout_prob=0.1102, learning_rate=0.003459, weight_decay=0.0008733
  -> MRR@20=0.006700  best=0.034600  (early_stop@9, trial=2s, avg=2s/trial, total=35s, ETA=15s)
[TRIAL_METRICS] cur_best_mrr20=0.006700 cur_best_hr10=0.022100 cur_test_mrr20=0.010200 cur_test_hr10=0.063000 run_best_mrr20=0.034600 run_best_hr10=0.068300 run_test_mrr20=0.019100 run_test_hr10=0.060200

[15/20] dropout_prob=0.116, hidden_dropout_prob=0.09087, learning_rate=0.008433, weight_decay=9.952e-05
  -> MRR@20=0.065200  best=0.065200  (early_stop@33, trial=6s, avg=3s/trial, total=41s, ETA=14s)
[TRIAL_METRICS] cur_best_mrr20=0.065200 cur_best_hr10=0.112400 cur_test_mrr20=0.027800 cur_test_hr10=0.057300 run_best_mrr20=0.065200 run_best_hr10=0.112400 run_test_mrr20=0.027800 run_test_hr10=0.057300

[16/20] dropout_prob=0.3015, hidden_dropout_prob=0.1388, learning_rate=0.00568, weight_decay=0.0001312
  -> MRR@20=0.002900  best=0.065200  (early_stop@8, trial=1s, avg=3s/trial, total=42s, ETA=11s)
[TRIAL_METRICS] cur_best_mrr20=0.002900 cur_best_hr10=0.006000 cur_test_mrr20=0.002400 cur_test_hr10=0.005700 run_best_mrr20=0.065200 run_best_hr10=0.112400 run_test_mrr20=0.027800 run_test_hr10=0.057300

[17/20] dropout_prob=0.08867, hidden_dropout_prob=0.2788, learning_rate=0.001035, weight_decay=0.0007179
  -> MRR@20=0.006300  best=0.065200  (early_stop@17, trial=3s, avg=3s/trial, total=45s, ETA=8s)
[TRIAL_METRICS] cur_best_mrr20=0.006300 cur_best_hr10=0.016100 cur_test_mrr20=0.002200 cur_test_hr10=0.000000 run_best_mrr20=0.065200 run_best_hr10=0.112400 run_test_mrr20=0.027800 run_test_hr10=0.057300

[18/20] dropout_prob=0.1594, hidden_dropout_prob=0.298, learning_rate=0.004808, weight_decay=0.0009278
  -> MRR@20=0.007300  best=0.065200  (early_stop@8, trial=1s, avg=3s/trial, total=47s, ETA=5s)
[TRIAL_METRICS] cur_best_mrr20=0.007300 cur_best_hr10=0.024100 cur_test_mrr20=0.009700 cur_test_hr10=0.051600 run_best_mrr20=0.065200 run_best_hr10=0.112400 run_test_mrr20=0.027800 run_test_hr10=0.057300

[19/20] dropout_prob=0.2555, hidden_dropout_prob=0.1935, learning_rate=0.007808, weight_decay=0.001141
  -> MRR@20=0.009300  best=0.065200  (early_stop@7, trial=1s, avg=3s/trial, total=48s, ETA=3s)
[TRIAL_METRICS] cur_best_mrr20=0.009300 cur_best_hr10=0.018100 cur_test_mrr20=0.003800 cur_test_hr10=0.020100 run_best_mrr20=0.065200 run_best_hr10=0.112400 run_test_mrr20=0.027800 run_test_hr10=0.057300

[20/20] dropout_prob=0.09899, hidden_dropout_prob=0.09759, learning_rate=0.002961, weight_decay=0.0001013
  -> MRR@20=0.005800  best=0.065200  (early_stop@14, trial=2s, avg=3s/trial, total=51s, ETA=0s)
[TRIAL_METRICS] cur_best_mrr20=0.005800 cur_best_hr10=0.016100 cur_test_mrr20=0.002700 cur_test_hr10=0.011500 run_best_mrr20=0.065200 run_best_hr10=0.112400 run_test_mrr20=0.027800 run_test_hr10=0.057300

=================================================================
  DONE  |  GRU4Rec x beauty
  Best MRR@20 = 0.065200  |  20/20 trials OK
  Best HR@10  = 0.112400
  Test MRR@20 = 0.027800  (best-valid checkpoint)
  Test HR@10  = 0.057300  (best-valid checkpoint)
[RUN_METRICS] best_valid_mrr20=0.065200 best_valid_hr10=0.112400 test_mrr20=0.027800 test_hr10=0.057300
  Total time: 0.8 min
  Best params:
    dropout_prob: 0.116047
    hidden_dropout_prob: 0.0908689
    learning_rate: 0.00843283
    weight_decay: 9.95163e-05
  Results -> /workspace/FeaturedMoE/experiments/run/artifacts/results/baseline_2/beauty_GRU4Rec_abcd_v2_lean_b_dbeauty_mgru4rec_a008_l04_s1_20260414_131055_604174_pid1022340.json
  Normal mirror -> /workspace/FeaturedMoE/experiments/run/artifacts/results/baseline_2/normal/abcd_v2_lean/ABCD/beauty/GRU4Rec/beauty_GRU4Rec_abcd_v2_lean_b_dbeauty_mgru4rec_a008_l04_s1_20260414_131055_604174_pid1022340.json
  Special result -> /workspace/FeaturedMoE/experiments/run/artifacts/results/baseline_2/special/abcd_v2_lean/ABCD/beauty/GRU4Rec/beauty_GRU4Rec_abcd_v2_lean_b_dbeauty_mgru4rec_a008_l04_s1_20260414_131055_604174_pid1022340_special_metrics.json
  Special log -> /workspace/FeaturedMoE/experiments/run/artifacts/logs/baseline_2/special/abcd_v2_lean/ABCD/beauty/GRU4Rec/beauty_GRU4Rec_abcd_v2_lean_b_dbeauty_mgru4rec_a008_l04_s1_20260414_131055_604174_pid1022340_special_metrics.json
=================================================================

[RUN_STATUS] END status=normal pid=1022340 start=2026-04-14T13:10:55 end=2026-04-14T13:11:46
