[STAGEB_STRUCTURE_ANCHOR2_CORE5_SETTING_HEADER]
run_phase=P17_SB_D01_M05_FAME_B4_S1 run_id=SB_AMAZON_BEAUTY_FAME_B4_S1 phase_id=P17 axis_id=SB model=FAME profile_id=B4 seed=1
dataset=amazon_beauty gpu=6 order=0 lr_band=LR6,LR4 lr_lo=0.0014592 lr_hi=0.00912
max_evals=5 tune_epochs=34 tune_patience=5
seed=170027

[COMMAND]
- /venv/FMoE/bin/python hyperopt_tune.py --config-name tune_ab --max-evals 5 --tune-epochs 34 --tune-patience 5 --seed 170027 --run-group baseline --run-axis StageB_Structure_anchor2_core5 --run-phase P17_SB_D01_M05_FAME_B4_S1 model=fame dataset=amazon_beauty eval_mode=session_fixed feature_mode=full_v3 gpu_id=6 log_wandb=false show_progress=false ++special_logging=true ++seed=170027 ++search={learning_rate:[0.0014592,0.00912]} ++search_space_type_overrides={learning_rate:"loguniform"} ++MAX_ITEM_LIST_LENGTH=10 ++weight_decay=0.00033 ++search.weight_decay=[0.00033] ++search_space_type_overrides.weight_decay=choice ++search.hidden_size=[128] ++search_space_type_overrides.hidden_size=choice ++search.embedding_size=[128] ++search_space_type_overrides.embedding_size=choice ++search.n_layers=[2] ++search_space_type_overrides.n_layers=choice ++search.num_layers=[2] ++search_space_type_overrides.num_layers=choice ++search.dropout_ratio=[0.22] ++search_space_type_overrides.dropout_ratio=choice ++search.dropout_prob=[0.22] ++search_space_type_overrides.dropout_prob=choice ++search.hidden_dropout_prob=[0.22] ++search_space_type_overrides.hidden_dropout_prob=choice ++search.attn_dropout_prob=[0.22] ++search_space_type_overrides.attn_dropout_prob=choice ++search.inner_size=[256] ++search_space_type_overrides.inner_size=choice ++search.n_heads=[4] ++search_space_type_overrides.n_heads=choice ++search.num_heads=[4] ++search_space_type_overrides.num_heads=choice ++search.num_experts=[2] ++search_space_type_overrides.num_experts=choice ++dropout_ratio=0.22 ++hidden_size=128 ++embedding_size=128 ++n_layers=2 ++num_layers=2 ++n_heads=4 ++num_heads=4 ++inner_size=256 ++num_experts=2 ++train_batch_size=1536 ++eval_batch_size=2304
/venv/FMoE/lib/python3.10/site-packages/ray/_private/parameter.py:4: UserWarning: pkg_resources is deprecated as an API. See https://setuptools.pypa.io/en/latest/pkg_resources.html. The pkg_resources package is slated for removal as early as 2025-11-30. Refrain from using this package or pin to Setuptools<81.
  import pkg_resources
[RUN_STATUS] START pid=520964 ts=2026-03-29T21:56:53

=================================================================
  Hyperopt TPE  |  FAME x amazon_beauty
  max_evals=5  epochs=34  patience=5  wandb=off
  batch_size(train/valid/test)=1536/2304/2304
  track=baseline  axis=stageb_structure_anchor2_core5  phase=P17_SB_D01_M05_FAME_B4_S1
=================================================================
Changed knobs: MAX_ITEM_LIST_LENGTH, learning_rate
Tuned params(len>1): 2  (~4 discrete combos)
Tuned groups: 2
  [optimization]
    learning_rate                   [0.0014592, 0.00912]                      -> loguniform
  [other]
    MAX_ITEM_LIST_LENGTH            [5, 10, 30, 50]                           -> choice
Fixed params(singleton/non-list): 13
Fixed groups: 13
  [optimization]
    hidden_dropout_prob             0.22                                    
    weight_decay                    0.00033                                 
  [model_core]
    attn_dropout_prob               0.22                                    
    dropout_prob                    0.22                                    
    dropout_ratio                   0.22                                    
    embedding_size                  128                                     
    hidden_size                     128                                     
    inner_size                      256                                     
    num_heads                       4                                       
    num_layers                      2                                       
  [other]
    n_heads                         4                                       
    n_layers                        2                                       
    num_experts                     2                                       

[Wandb] disabled for this hyperopt run

[1/5] MAX_ITEM_LIST_LENGTH=50, learning_rate=0.004759
  -> MRR@20=0.010000  best=0.010000  (early_stop@6, trial=5s, avg=7s/trial, total=7s, ETA=28s)
[TRIAL_METRICS] cur_best_mrr20=0.010000 cur_best_hr10=0.017700 cur_test_mrr20=0.000000 cur_test_hr10=0.000000 run_best_mrr20=0.010000 run_best_hr10=0.017700 run_test_mrr20=0.000000 run_test_hr10=0.000000

[2/5] MAX_ITEM_LIST_LENGTH=10, learning_rate=0.001838
  -> MRR@20=0.002700  best=0.010000  (early_stop@6, trial=3s, avg=5s/trial, total=11s, ETA=16s)
[TRIAL_METRICS] cur_best_mrr20=0.002700 cur_best_hr10=0.017700 cur_test_mrr20=0.000000 cur_test_hr10=0.000000 run_best_mrr20=0.010000 run_best_hr10=0.017700 run_test_mrr20=0.000000 run_test_hr10=0.000000

[3/5] MAX_ITEM_LIST_LENGTH=10, learning_rate=0.008205
  -> MRR@20=0.002200  best=0.010000  (early_stop@6, trial=3s, avg=5s/trial, total=14s, ETA=10s)
[TRIAL_METRICS] cur_best_mrr20=0.002200 cur_best_hr10=0.008800 cur_test_mrr20=0.002900 cur_test_hr10=0.008800 run_best_mrr20=0.010000 run_best_hr10=0.017700 run_test_mrr20=0.000000 run_test_hr10=0.000000

[4/5] MAX_ITEM_LIST_LENGTH=5, learning_rate=0.00485
  -> MRR@20=0.001500  best=0.010000  (early_stop@6, trial=3s, avg=5s/trial, total=18s, ETA=5s)
[TRIAL_METRICS] cur_best_mrr20=0.001500 cur_best_hr10=0.008800 cur_test_mrr20=0.001600 cur_test_hr10=0.000000 run_best_mrr20=0.010000 run_best_hr10=0.017700 run_test_mrr20=0.000000 run_test_hr10=0.000000

[5/5] MAX_ITEM_LIST_LENGTH=5, learning_rate=0.002143
  -> MRR@20=0.003000  best=0.010000  (early_stop@7, trial=4s, avg=4s/trial, total=22s, ETA=0s)
[TRIAL_METRICS] cur_best_mrr20=0.003000 cur_best_hr10=0.008800 cur_test_mrr20=0.010300 cur_test_hr10=0.017500 run_best_mrr20=0.010000 run_best_hr10=0.017700 run_test_mrr20=0.000000 run_test_hr10=0.000000

=================================================================
  DONE  |  FAME x amazon_beauty
  Best MRR@20 = 0.010000  |  5/5 trials OK
  Best HR@10  = 0.017700
  Test MRR@20 = 0.000000  (best-valid checkpoint)
  Test HR@10  = 0.000000  (best-valid checkpoint)
[RUN_METRICS] best_valid_mrr20=0.010000 best_valid_hr10=0.017700 test_mrr20=0.000000 test_hr10=0.000000
  Total time: 0.4 min
  Best params:
    MAX_ITEM_LIST_LENGTH: 50
    learning_rate: 0.00475882
  Results -> /workspace/jy1559/FMoE/experiments/run/artifacts/results/baseline/amazon_beauty_FAME_p17_sb_d01_m05_fame_b4_s1_20260329_215653_245196_pid520964.json
  Normal mirror -> /workspace/jy1559/FMoE/experiments/run/artifacts/results/baseline/normal/stageb_structure_anchor2_core5/P17/amazon_beauty/FAME/amazon_beauty_FAME_p17_sb_d01_m05_fame_b4_s1_20260329_215653_245196_pid520964.json
  Special result -> /workspace/jy1559/FMoE/experiments/run/artifacts/results/baseline/special/stageb_structure_anchor2_core5/P17/amazon_beauty/FAME/amazon_beauty_FAME_p17_sb_d01_m05_fame_b4_s1_20260329_215653_245196_pid520964_special_metrics.json
  Special log -> /workspace/jy1559/FMoE/experiments/run/artifacts/logs/baseline/special/stageb_structure_anchor2_core5/P17/amazon_beauty/FAME/amazon_beauty_FAME_p17_sb_d01_m05_fame_b4_s1_20260329_215653_245196_pid520964_special_metrics.json
=================================================================

[RUN_STATUS] END status=normal pid=520964 start=2026-03-29T21:56:53 end=2026-03-29T21:57:15
