[STAGEE_RELRSEED_ANCHOR2_CORE5_SETTING_HEADER]
run_phase=P20_SC_D00_M03_P01_DIFSR_D3_E1_S2 run_id=SC_LASTFM0_03_DIFSR_D3_E1_S2 phase_id=P20 axis_id=SC model=DIFSR profile_id=E1 parent_profile_id=D3 seed=2
dataset=lastfm0.03 gpu=4 order=0 lr_band=LR4,LR3 lr_lo=0.0005233258719602977 lr_hi=0.005258249999999998
max_evals=8 tune_epochs=68 tune_patience=10
seed=200041

[COMMAND]
- /venv/FMoE/bin/python hyperopt_tune.py --config-name tune_lfm_small --max-evals 8 --tune-epochs 68 --tune-patience 10 --seed 200041 --run-group baseline --run-axis StageE_ReLRSeed_anchor2_core5 --run-phase P20_SC_D00_M03_P01_DIFSR_D3_E1_S2 model=difsr dataset=lastfm0.03 eval_mode=session_fixed feature_mode=full_v3 gpu_id=4 log_wandb=false show_progress=false ++special_logging=true ++seed=200041 ++search={learning_rate:[0.0005233258719602977,0.005258249999999998]} ++search_space_type_overrides={learning_rate:"loguniform"} ++MAX_ITEM_LIST_LENGTH=10 ++weight_decay=9.680000000000002e-05 ++search.weight_decay=[9.680000000000002e-05] ++search_space_type_overrides.weight_decay=choice ++search.hidden_size=[208] ++search_space_type_overrides.hidden_size=choice ++search.embedding_size=[208] ++search_space_type_overrides.embedding_size=choice ++search.n_layers=[1] ++search_space_type_overrides.n_layers=choice ++search.num_layers=[1] ++search_space_type_overrides.num_layers=choice ++search.dropout_ratio=[0.13] ++search_space_type_overrides.dropout_ratio=choice ++search.dropout_prob=[0.13] ++search_space_type_overrides.dropout_prob=choice ++search.hidden_dropout_prob=[0.13] ++search_space_type_overrides.hidden_dropout_prob=choice ++search.attn_dropout_prob=[0.13] ++search_space_type_overrides.attn_dropout_prob=choice ++search.inner_size=[416] ++search_space_type_overrides.inner_size=choice ++search.n_heads=[8] ++search_space_type_overrides.n_heads=choice ++search.num_heads=[8] ++search_space_type_overrides.num_heads=choice ++dropout_ratio=0.13 ++hidden_size=208 ++embedding_size=208 ++n_layers=1 ++num_layers=1 ++n_heads=8 ++num_heads=8 ++inner_size=416 ++attribute_hidden_size=208 ++fusion_type=gate ++use_attribute_predictor=true ++lambda_attr=0.15 ++train_batch_size=3072 ++eval_batch_size=4096
/venv/FMoE/lib/python3.10/site-packages/ray/_private/parameter.py:4: UserWarning: pkg_resources is deprecated as an API. See https://setuptools.pypa.io/en/latest/pkg_resources.html. The pkg_resources package is slated for removal as early as 2025-11-30. Refrain from using this package or pin to Setuptools<81.
  import pkg_resources
[RUN_STATUS] START pid=141327 ts=2026-04-04T20:33:07

=================================================================
  Hyperopt TPE  |  DIFSR x lastfm0.03
  max_evals=8  epochs=68  patience=10  wandb=off
  batch_size(train/valid/test)=3072/4096/4096
  track=baseline  axis=stagee_relrseed_anchor2_core5  phase=P20_SC_D00_M03_P01_DIFSR_D3_E1_S2
=================================================================
Changed knobs: fusion_type, learning_rate
Tuned params(len>1): 2  (~2 discrete combos)
Tuned groups: 2
  [optimization]
    learning_rate                   [0.0005233258719602977, 0.005258249999999998]  -> loguniform
  [other]
    fusion_type                     ['sum', 'gate']                           -> choice
Fixed params(singleton/non-list): 12
Fixed groups: 12
  [optimization]
    hidden_dropout_prob             0.13                                    
    weight_decay                    9.680000000000002e-05                   
  [model_core]
    attn_dropout_prob               0.13                                    
    dropout_prob                    0.13                                    
    dropout_ratio                   0.13                                    
    embedding_size                  208                                     
    hidden_size                     208                                     
    inner_size                      416                                     
    num_heads                       8                                       
    num_layers                      1                                       
  [other]
    n_heads                         8                                       
    n_layers                        1                                       

[Wandb] disabled for this hyperopt run

[1/8] fusion_type=sum, learning_rate=0.002179
  -> MRR@20=0.226700  best=0.226700  (early_stop@33, trial=4.0min, avg=4.2min/trial, total=4.2min, ETA=29.4min)
[TRIAL_METRICS] cur_best_mrr20=0.226700 cur_best_hr10=0.274800 cur_test_mrr20=0.231700 cur_test_hr10=0.278700 run_best_mrr20=0.226700 run_best_hr10=0.274800 run_test_mrr20=0.231700 run_test_hr10=0.278700

[2/8] fusion_type=gate, learning_rate=0.004645
  -> MRR@20=0.213900  best=0.226700  (early_stop@42, trial=5.2min, avg=4.7min/trial, total=9.4min, ETA=28.3min)
[TRIAL_METRICS] cur_best_mrr20=0.213900 cur_best_hr10=0.254800 cur_test_mrr20=0.212400 cur_test_hr10=0.253500 run_best_mrr20=0.226700 run_best_hr10=0.274800 run_test_mrr20=0.231700 run_test_hr10=0.278700

[3/8] fusion_type=sum, learning_rate=0.002833
  -> MRR@20=0.221600  best=0.226700  (early_stop@31, trial=3.7min, avg=4.4min/trial, total=13.2min, ETA=22.0min)
[TRIAL_METRICS] cur_best_mrr20=0.221600 cur_best_hr10=0.263600 cur_test_mrr20=0.224500 cur_test_hr10=0.269100 run_best_mrr20=0.226700 run_best_hr10=0.274800 run_test_mrr20=0.231700 run_test_hr10=0.278700

[4/8] fusion_type=sum, learning_rate=0.0005594
  -> MRR@20=0.235600  best=0.235600  (full@68, trial=8.4min, avg=5.4min/trial, total=21.5min, ETA=21.5min)
[TRIAL_METRICS] cur_best_mrr20=0.235600 cur_best_hr10=0.270800 cur_test_mrr20=0.242000 cur_test_hr10=0.284000 run_best_mrr20=0.235600 run_best_hr10=0.270800 run_test_mrr20=0.242000 run_test_hr10=0.284000

[5/8] fusion_type=sum, learning_rate=0.002207
  -> MRR@20=0.226500  best=0.235600  (early_stop@30, trial=3.6min, avg=5.0min/trial, total=25.2min, ETA=15.1min)
[TRIAL_METRICS] cur_best_mrr20=0.226500 cur_best_hr10=0.276600 cur_test_mrr20=0.231000 cur_test_hr10=0.280000 run_best_mrr20=0.235600 run_best_hr10=0.270800 run_test_mrr20=0.242000 run_test_hr10=0.284000

[6/8] fusion_type=gate, learning_rate=0.003538
  -> MRR@20=0.214000  best=0.235600  (early_stop@34, trial=4.3min, avg=4.9min/trial, total=29.5min, ETA=9.8min)
[TRIAL_METRICS] cur_best_mrr20=0.214000 cur_best_hr10=0.252500 cur_test_mrr20=0.220400 cur_test_hr10=0.261400 run_best_mrr20=0.235600 run_best_hr10=0.270800 run_test_mrr20=0.242000 run_test_hr10=0.284000

[7/8] fusion_type=gate, learning_rate=0.0009075
  -> MRR@20=0.234800  best=0.235600  (early_stop@57, trial=7.2min, avg=5.2min/trial, total=36.6min, ETA=5.2min)
[TRIAL_METRICS] cur_best_mrr20=0.234800 cur_best_hr10=0.274500 cur_test_mrr20=0.241000 cur_test_hr10=0.281600 run_best_mrr20=0.235600 run_best_hr10=0.270800 run_test_mrr20=0.242000 run_test_hr10=0.284000

[8/8] fusion_type=gate, learning_rate=0.003889
  -> MRR@20=0.215600  best=0.235600  (early_stop@39, trial=4.9min, avg=5.2min/trial, total=41.6min, ETA=0s)
[TRIAL_METRICS] cur_best_mrr20=0.215600 cur_best_hr10=0.251700 cur_test_mrr20=0.215900 cur_test_hr10=0.256100 run_best_mrr20=0.235600 run_best_hr10=0.270800 run_test_mrr20=0.242000 run_test_hr10=0.284000

=================================================================
  DONE  |  DIFSR x lastfm0.03
  Best MRR@20 = 0.235600  |  8/8 trials OK
  Best HR@10  = 0.270800
  Test MRR@20 = 0.242000  (best-valid checkpoint)
  Test HR@10  = 0.284000  (best-valid checkpoint)
[RUN_METRICS] best_valid_mrr20=0.235600 best_valid_hr10=0.270800 test_mrr20=0.242000 test_hr10=0.284000
  Total time: 41.6 min
  Best params:
    fusion_type: sum
    learning_rate: 0.000559389
  Results -> /workspace/jy1559/FMoE/experiments/run/artifacts/results/baseline/lastfm0.03_DIFSR_p20_sc_d00_m03_p01_difsr_d3_e1_s2_20260404_203307_990006_pid141327.json
  Normal mirror -> /workspace/jy1559/FMoE/experiments/run/artifacts/results/baseline/normal/stagee_relrseed_anchor2_core5/P20/lastfm0.03/DIFSR/lastfm0.03_DIFSR_p20_sc_d00_m03_p01_difsr_d3_e1_s2_20260404_203307_990006_pid141327.json
  Special result -> /workspace/jy1559/FMoE/experiments/run/artifacts/results/baseline/special/stagee_relrseed_anchor2_core5/P20/lastfm0.03/DIFSR/lastfm0.03_DIFSR_p20_sc_d00_m03_p01_difsr_d3_e1_s2_20260404_203307_990006_pid141327_special_metrics.json
  Special log -> /workspace/jy1559/FMoE/experiments/run/artifacts/logs/baseline/special/stagee_relrseed_anchor2_core5/P20/lastfm0.03/DIFSR/lastfm0.03_DIFSR_p20_sc_d00_m03_p01_difsr_d3_e1_s2_20260404_203307_990006_pid141327_special_metrics.json
=================================================================

[RUN_STATUS] END status=normal pid=141327 start=2026-04-04T20:33:07 end=2026-04-04T21:14:42
