[STAGEE_RELRSEED_ANCHOR2_CORE5_SETTING_HEADER]
run_phase=P20_SC_D00_M03_P02_DIFSR_D4_E1_S2 run_id=SC_LASTFM0_03_DIFSR_D4_E1_S2 phase_id=P20 axis_id=SC model=DIFSR profile_id=E1 parent_profile_id=D4 seed=2
dataset=lastfm0.03 gpu=6 order=0 lr_band=LR4,LR3 lr_lo=0.00033904653212903226 lr_hi=0.006149999999999999
max_evals=8 tune_epochs=68 tune_patience=10
seed=200051

[COMMAND]
- /venv/FMoE/bin/python hyperopt_tune.py --config-name tune_lfm_small --max-evals 8 --tune-epochs 68 --tune-patience 10 --seed 200051 --run-group baseline --run-axis StageE_ReLRSeed_anchor2_core5 --run-phase P20_SC_D00_M03_P02_DIFSR_D4_E1_S2 model=difsr dataset=lastfm0.03 eval_mode=session_fixed feature_mode=full_v3 gpu_id=6 log_wandb=false show_progress=false ++special_logging=true ++seed=200051 ++search={learning_rate:[0.00033904653212903226,0.006149999999999999]} ++search_space_type_overrides={learning_rate:"loguniform"} ++MAX_ITEM_LIST_LENGTH=10 ++weight_decay=0.00012375000000000003 ++search.weight_decay=[0.00012375000000000003] ++search_space_type_overrides.weight_decay=choice ++search.hidden_size=[208] ++search_space_type_overrides.hidden_size=choice ++search.embedding_size=[208] ++search_space_type_overrides.embedding_size=choice ++search.n_layers=[1] ++search_space_type_overrides.n_layers=choice ++search.num_layers=[1] ++search_space_type_overrides.num_layers=choice ++search.dropout_ratio=[0.19] ++search_space_type_overrides.dropout_ratio=choice ++search.dropout_prob=[0.19] ++search_space_type_overrides.dropout_prob=choice ++search.hidden_dropout_prob=[0.19] ++search_space_type_overrides.hidden_dropout_prob=choice ++search.attn_dropout_prob=[0.19] ++search_space_type_overrides.attn_dropout_prob=choice ++search.inner_size=[416] ++search_space_type_overrides.inner_size=choice ++search.n_heads=[4] ++search_space_type_overrides.n_heads=choice ++search.num_heads=[4] ++search_space_type_overrides.num_heads=choice ++dropout_ratio=0.19 ++hidden_size=208 ++embedding_size=208 ++n_layers=1 ++num_layers=1 ++n_heads=4 ++num_heads=4 ++inner_size=416 ++attribute_hidden_size=208 ++fusion_type=gate ++use_attribute_predictor=true ++lambda_attr=0.15 ++train_batch_size=3072 ++eval_batch_size=4096
/venv/FMoE/lib/python3.10/site-packages/ray/_private/parameter.py:4: UserWarning: pkg_resources is deprecated as an API. See https://setuptools.pypa.io/en/latest/pkg_resources.html. The pkg_resources package is slated for removal as early as 2025-11-30. Refrain from using this package or pin to Setuptools<81.
  import pkg_resources
[RUN_STATUS] START pid=142041 ts=2026-04-04T23:30:16

=================================================================
  Hyperopt TPE  |  DIFSR x lastfm0.03
  max_evals=8  epochs=68  patience=10  wandb=off
  batch_size(train/valid/test)=3072/4096/4096
  track=baseline  axis=stagee_relrseed_anchor2_core5  phase=P20_SC_D00_M03_P02_DIFSR_D4_E1_S2
=================================================================
Changed knobs: fusion_type, learning_rate
Tuned params(len>1): 2  (~2 discrete combos)
Tuned groups: 2
  [optimization]
    learning_rate                   [0.00033904653212903226, 0.006149999999999999]  -> loguniform
  [other]
    fusion_type                     ['sum', 'gate']                           -> choice
Fixed params(singleton/non-list): 12
Fixed groups: 12
  [optimization]
    hidden_dropout_prob             0.19                                    
    weight_decay                    0.00012375000000000003                  
  [model_core]
    attn_dropout_prob               0.19                                    
    dropout_prob                    0.19                                    
    dropout_ratio                   0.19                                    
    embedding_size                  208                                     
    hidden_size                     208                                     
    inner_size                      416                                     
    num_heads                       4                                       
    num_layers                      1                                       
  [other]
    n_heads                         4                                       
    n_layers                        1                                       

[Wandb] disabled for this hyperopt run

[1/8] fusion_type=gate, learning_rate=0.003153
  -> MRR@20=0.226700  best=0.226700  (early_stop@44, trial=5.5min, avg=5.7min/trial, total=5.7min, ETA=40.0min)
[TRIAL_METRICS] cur_best_mrr20=0.226700 cur_best_hr10=0.265500 cur_test_mrr20=0.228800 cur_test_hr10=0.268600 run_best_mrr20=0.226700 run_best_hr10=0.265500 run_test_mrr20=0.228800 run_test_hr10=0.268600

[2/8] fusion_type=sum, learning_rate=0.0005589
  -> MRR@20=0.236400  best=0.236400  (full@68, trial=8.1min, avg=6.9min/trial, total=13.8min, ETA=41.4min)
[TRIAL_METRICS] cur_best_mrr20=0.236400 cur_best_hr10=0.285400 cur_test_mrr20=0.246700 cur_test_hr10=0.288300 run_best_mrr20=0.236400 run_best_hr10=0.285400 run_test_mrr20=0.246700 run_test_hr10=0.288300

[3/8] fusion_type=sum, learning_rate=0.000511
  -> MRR@20=0.231600  best=0.236400  (full@68, trial=8.0min, avg=7.3min/trial, total=21.8min, ETA=36.4min)
[TRIAL_METRICS] cur_best_mrr20=0.231600 cur_best_hr10=0.286200 cur_test_mrr20=0.240400 cur_test_hr10=0.289100 run_best_mrr20=0.236400 run_best_hr10=0.285400 run_test_mrr20=0.246700 run_test_hr10=0.288300

[4/8] fusion_type=gate, learning_rate=0.003726
  -> MRR@20=0.222800  best=0.236400  (early_stop@44, trial=5.3min, avg=6.8min/trial, total=27.1min, ETA=27.1min)
[TRIAL_METRICS] cur_best_mrr20=0.222800 cur_best_hr10=0.263600 cur_test_mrr20=0.223300 cur_test_hr10=0.265900 run_best_mrr20=0.236400 run_best_hr10=0.285400 run_test_mrr20=0.246700 run_test_hr10=0.288300

[5/8] fusion_type=gate, learning_rate=0.0009464
  -> MRR@20=0.237500  best=0.237500  (early_stop@56, trial=6.9min, avg=6.8min/trial, total=34.1min, ETA=20.4min)
[TRIAL_METRICS] cur_best_mrr20=0.237500 cur_best_hr10=0.282800 cur_test_mrr20=0.243600 cur_test_hr10=0.285600 run_best_mrr20=0.237500 run_best_hr10=0.282800 run_test_mrr20=0.243600 run_test_hr10=0.285600

[6/8] fusion_type=sum, learning_rate=0.001089
  -> MRR@20=0.237100  best=0.237500  (early_stop@50, trial=6.0min, avg=6.7min/trial, total=40.0min, ETA=13.3min)
[TRIAL_METRICS] cur_best_mrr20=0.237100 cur_best_hr10=0.282500 cur_test_mrr20=0.242100 cur_test_hr10=0.285600 run_best_mrr20=0.237500 run_best_hr10=0.282800 run_test_mrr20=0.243600 run_test_hr10=0.285600

[7/8] fusion_type=gate, learning_rate=0.003534
  -> MRR@20=0.224900  best=0.237500  (early_stop@44, trial=5.4min, avg=6.5min/trial, total=45.5min, ETA=6.5min)
[TRIAL_METRICS] cur_best_mrr20=0.224900 cur_best_hr10=0.264700 cur_test_mrr20=0.225300 cur_test_hr10=0.268600 run_best_mrr20=0.237500 run_best_hr10=0.282800 run_test_mrr20=0.243600 run_test_hr10=0.285600

[8/8] fusion_type=gate, learning_rate=0.0003791
  -> MRR@20=0.193500  best=0.237500  (full@68, trial=8.6min, avg=6.8min/trial, total=54.1min, ETA=0s)
[TRIAL_METRICS] cur_best_mrr20=0.193500 cur_best_hr10=0.247900 cur_test_mrr20=0.197100 cur_test_hr10=0.255300 run_best_mrr20=0.237500 run_best_hr10=0.282800 run_test_mrr20=0.243600 run_test_hr10=0.285600

=================================================================
  DONE  |  DIFSR x lastfm0.03
  Best MRR@20 = 0.237500  |  8/8 trials OK
  Best HR@10  = 0.282800
  Test MRR@20 = 0.243600  (best-valid checkpoint)
  Test HR@10  = 0.285600  (best-valid checkpoint)
[RUN_METRICS] best_valid_mrr20=0.237500 best_valid_hr10=0.282800 test_mrr20=0.243600 test_hr10=0.285600
  Total time: 54.1 min
  Best params:
    fusion_type: gate
    learning_rate: 0.000946433
  Results -> /workspace/jy1559/FMoE/experiments/run/artifacts/results/baseline/lastfm0.03_DIFSR_p20_sc_d00_m03_p02_difsr_d4_e1_s2_20260404_233017_014939_pid142041.json
  Normal mirror -> /workspace/jy1559/FMoE/experiments/run/artifacts/results/baseline/normal/stagee_relrseed_anchor2_core5/P20/lastfm0.03/DIFSR/lastfm0.03_DIFSR_p20_sc_d00_m03_p02_difsr_d4_e1_s2_20260404_233017_014939_pid142041.json
  Special result -> /workspace/jy1559/FMoE/experiments/run/artifacts/results/baseline/special/stagee_relrseed_anchor2_core5/P20/lastfm0.03/DIFSR/lastfm0.03_DIFSR_p20_sc_d00_m03_p02_difsr_d4_e1_s2_20260404_233017_014939_pid142041_special_metrics.json
  Special log -> /workspace/jy1559/FMoE/experiments/run/artifacts/logs/baseline/special/stagee_relrseed_anchor2_core5/P20/lastfm0.03/DIFSR/lastfm0.03_DIFSR_p20_sc_d00_m03_p02_difsr_d4_e1_s2_20260404_233017_014939_pid142041_special_metrics.json
=================================================================

[RUN_STATUS] END status=normal pid=142041 start=2026-04-04T23:30:16 end=2026-04-05T00:24:23
