# job_id=S1_BEAUTY_R07 dataset=beauty model=featured_moe_n3 stage=stage1
# cmd=/venv/FMoE-server-c/bin/python3 hyperopt_tune.py --config-name config --search-algo tpe --max-evals 20 --tune-epochs 35 --tune-patience 4 --seed 610007 --run-group final_experiment --run-axis stage1_broad_search --run-phase S1_BEAUTY_FEATURED_MOE_N3_R07 model=featured_moe_n3_tune dataset=beauty eval_mode=session_fixed feature_mode=full_v4 ++eval_sampling.mode=full ++eval_sampling.auto_full_threshold=999999999 ++special_logging=true ++exclude_unseen_target_from_main_eval=true ++log_unseen_target_metrics=true gpu_id=6 log_wandb=false enable_tf32=true fmoe_debug_logging=false fmoe_diag_logging=true fmoe_special_logging=true fmoe_feature_ablation_logging=false fmoe_eval_logging_timing=final_only ++fmoe_logging_output_root="run/artifacts/logging" ++fmoe_logging_layout="axis_dataset_arch_hparam" ++fmoe_architecture_id="A12" ++fmoe_architecture_key="A12_ATTN_MICRO_BEFORE_NO_BIAS_ALL_W5" ++fmoe_phase="STAGE1" ++phase_run_type="stage1" ++phase_axis_id="stage1_broad_search" ++phase_setting_id="R07" ++phase_hparam_id="H9" ++phase_seed_id=1 ++phase_run_id="S1_BEAUTY_R07" --max-run-hours 2 --oom-retry-limit 5 ++layer_layout=["attn","macro_ffn","mid_ffn","attn","micro_ffn"] ++stage_compute_mode={macro:"moe",mid:"moe",micro:"moe"} ++stage_router_mode={macro:"learned",mid:"learned",micro:"learned"} ++stage_router_source={macro:"both",mid:"both",micro:"both"} ++stage_feature_injection={macro:"none",mid:"none",micro:"none"} ++topk_scope_mode="global_flat" ++moe_top_k=0 ++balance_loss_lambda=0.0 ++z_loss_lambda=0.0 ++gate_entropy_lambda=0.0 ++route_smoothness_lambda=0.0 ++route_consistency_lambda=0.0 ++route_sharpness_lambda=0.0 ++route_monopoly_lambda=0.0 ++route_monopoly_tau=0.25 ++route_prior_lambda=0.0 ++group_prior_align_lambda=0.0 ++factored_group_balance_lambda=0.0 ++rule_agreement_lambda=0.0 ++group_coverage_lambda=0.0 ++feature_group_bias_lambda=0.0 ++rule_bias_scale=0.0 ++primitive_balance_lambda=0.0 ++wrapper_group_feature_align_lambda=0.0 ++stage_router_primitives={macro:{a_joint:{source:"feature",temperature:1.0,top_k:0},b_group:{source:"feature",temperature:1.0,top_k:0},c_shared:{source:"feature",temperature:1.0,top_k:0},d_cond:{source:"feature",temperature:1.0,top_k:0},e_scalar:{source:"feature",temperature:1.0,top_k:0},wrapper:{alpha_d:1.0,alpha_struct:1.0,alpha_a:1.0}},mid:{a_joint:{source:"feature",temperature:1.0,top_k:0},b_group:{source:"feature",temperature:1.0,top_k:0},c_shared:{source:"feature",temperature:1.0,top_k:0},d_cond:{source:"feature",temperature:1.0,top_k:0},e_scalar:{source:"feature",temperature:1.0,top_k:0},wrapper:{alpha_d:1.0,alpha_struct:1.0,alpha_a:1.0}},micro:{a_joint:{source:"feature",temperature:1.0,top_k:0},b_group:{source:"feature",temperature:1.0,top_k:0},c_shared:{source:"feature",temperature:1.0,top_k:0},d_cond:{source:"feature",temperature:1.0,top_k:0},e_scalar:{source:"feature",temperature:1.0,top_k:0},wrapper:{alpha_d:1.0,alpha_struct:1.0,alpha_a:1.0}}} ++stage_router_wrapper={macro:"w5_exd",mid:"w5_exd",micro:"w5_exd"} ++stage_router_granularity={macro:"session",mid:"session",micro:"token"} ++macro_history_window=5 ++route_consistency_pairs=1 ++route_consistency_min_sim=0.995 ++bias_mode="none" ++search.learning_rate=[0.00035731,0.00045018,0.0005672,0.00071462,0.00090037,0.00113439,0.00142924] ++search_space_type_overrides.learning_rate=choice ++search.weight_decay=[5e-07,1e-06,2e-06,5e-06] ++search_space_type_overrides.weight_decay=choice ++search.MAX_ITEM_LIST_LENGTH=[10,20,30] ++search_space_type_overrides.MAX_ITEM_LIST_LENGTH=choice ++search.expert_scale=[2,3,4] ++search_space_type_overrides.expert_scale=choice ++search.d_router_hidden=[32,64,96,128] ++search_space_type_overrides.d_router_hidden=choice ++search.stage_feature_dropout_prob=[0.0,0.03,0.05,0.1] ++search_space_type_overrides.stage_feature_dropout_prob=choice ++search.attn_dropout_prob=[0.05,0.08,0.1,0.12] ++search_space_type_overrides.attn_dropout_prob=choice ++search.route_consistency_lambda=[0.00025,0.0005,0.0008,0.0012] ++search_space_type_overrides.route_consistency_lambda=choice ++search.z_loss_lambda=[5e-05,0.0001,0.0002] ++search_space_type_overrides.z_loss_lambda=choice ++search.embedding_size=[96] ++search_space_type_overrides.embedding_size=choice ++search.hidden_size=[96] ++search_space_type_overrides.hidden_size=choice ++search.d_ff=[192] ++search_space_type_overrides.d_ff=choice ++search.d_expert_hidden=[96] ++search_space_type_overrides.d_expert_hidden=choice ++search.d_feat_emb=[16] ++search_space_type_overrides.d_feat_emb=choice ++search.hidden_dropout_prob=[0.22] ++search_space_type_overrides.hidden_dropout_prob=choice ++search.fixed_hidden_dropout_prob=[0.22] ++search_space_type_overrides.fixed_hidden_dropout_prob=choice ++search.stage_family_dropout_prob=[{macro:0.02,mid:0.02,micro:0.02}] ++search_space_type_overrides.stage_family_dropout_prob=choice ++search.router_feature_proj_dim=[0] ++search_space_type_overrides.router_feature_proj_dim=choice ++search.router_use_hidden=[true] ++search_space_type_overrides.router_use_hidden=choice ++search.router_use_feature=[true] ++search_space_type_overrides.router_use_feature=choice ++search.router_impl=["learned"] ++search_space_type_overrides.router_impl=choice ++search.lr_scheduler_type=["warmup_cosine"] ++search_space_type_overrides.lr_scheduler_type=choice

/venv/FMoE-server-c/lib/python3.10/site-packages/ray/_private/parameter.py:4: UserWarning: pkg_resources is deprecated as an API. See https://setuptools.pypa.io/en/latest/pkg_resources.html. The pkg_resources package is slated for removal as early as 2025-11-30. Refrain from using this package or pin to Setuptools<81.
  import pkg_resources
[RUN_STATUS] START pid=46388 ts=2026-04-18T04:24:32
[UniqueChoice] enabled: dedupe/remap duplicates across 193536 finite combos

=================================================================
  Hyperopt  |  FeaturedMoE_N3 x beauty
  max_evals=20  epochs=35  patience=4  wandb=off
  search_algo=tpe
  max_run_hours=2.000  (stop launching new trials after current trial)
  oom_retry_limit=5  (halve train/eval batch size on OOM)
  batch_size(train/valid/test)=2048/2048/2048
  track=final_experiment  axis=stage1_broad_search  phase=S1_BEAUTY_FEATURED_MOE_N3_R07
=================================================================
Changed knobs: MAX_ITEM_LIST_LENGTH, attn_dropout_prob, d_router_hidden, expert_scale, learning_rate, route_consistency_lambda, stage_feature_dropout_prob, weight_decay, z_loss_lambda
Tuned params(len>1): 9  (~193536 discrete combos)
Tuned groups: 9
  [optimization]
    learning_rate                   [0.00035731, 0.00045018, 0.0005672, 0.00071462, 0.00090037, 0.00113439, 0.00142924]  -> choice
    weight_decay                    [5e-07, 1e-06, 2e-06, 5e-06]              -> choice
  [model_core]
    attn_dropout_prob               [0.05, 0.08, 0.1, 0.12]                   -> choice
    d_router_hidden                 [32, 64, 96, 128]                         -> choice
    expert_scale                    [2, 3, 4]                                 -> choice
    stage_feature_dropout_prob      [0.0, 0.03, 0.05, 0.1]                    -> choice
  [other]
    MAX_ITEM_LIST_LENGTH            [10, 20, 30]                              -> choice
    route_consistency_lambda        [0.00025, 0.0005, 0.0008, 0.0012]         -> choice
    z_loss_lambda                   [5e-05, 0.0001, 0.0002]                   -> choice
Fixed params(singleton/non-list): 13
Fixed groups: 13
  [optimization]
    hidden_dropout_prob             0.22                                    
  [model_core]
    d_expert_hidden                 96                                      
    d_feat_emb                      16                                      
    d_ff                            192                                     
    embedding_size                  96                                      
    fixed_hidden_dropout_prob       0.22                                    
    hidden_size                     96                                      
    stage_family_dropout_prob       {'macro': 0.02, 'mid': 0.02, 'micro': 0.02}
  [routing_moe]
    router_feature_proj_dim         0                                       
    router_impl                     learned                                 
    router_use_feature              True                                    
    router_use_hidden               True                                    
  [other]
    lr_scheduler_type               warmup_cosine                           

[Wandb] disabled for this hyperopt run

[1/20] MAX_ITEM_LIST_LENGTH=10, attn_dropout_prob=0.1, d_router_hidden=96, expert_scale=4, learning_rate=0.001134, route_consistency_lambda=0.00025, stage_feature_dropout_prob=0.1, weight_decay=2e-06, z_loss_lambda=0.0001
  -> MRR@20=0.055200  best=0.055200  (early_stop@18, trial=33s, avg=40s/trial, total=40s, ETA=12.5min)
[TRIAL_METRICS] cur_best_mrr20=0.055200 cur_best_hr10=0.164700 cur_test_mrr20=0.058300 cur_test_hr10=0.149000 avg_epoch_time_sec=1.8070 test_eval_time_sec=0.0721 test_eval_batches_per_sec=13.8631 test_eval_targets_per_sec=8276.2616 run_best_mrr20=0.055200 run_best_hr10=0.164700 run_test_mrr20=0.058300 run_test_hr10=0.149000

[2/20] MAX_ITEM_LIST_LENGTH=10, attn_dropout_prob=0.05, d_router_hidden=128, expert_scale=4, learning_rate=0.0007146, route_consistency_lambda=0.0005, stage_feature_dropout_prob=0, weight_decay=5e-07, z_loss_lambda=5e-05
  -> MRR@20=0.065400  best=0.065400  (early_stop@26, trial=48s, avg=44s/trial, total=1.5min, ETA=13.2min)
[TRIAL_METRICS] cur_best_mrr20=0.065400 cur_best_hr10=0.146600 cur_test_mrr20=0.057400 cur_test_hr10=0.123200 avg_epoch_time_sec=1.8401 test_eval_time_sec=0.0673 test_eval_batches_per_sec=14.8481 test_eval_targets_per_sec=8864.3426 run_best_mrr20=0.065400 run_best_hr10=0.146600 run_test_mrr20=0.057400 run_test_hr10=0.123200

[3/20] MAX_ITEM_LIST_LENGTH=20, attn_dropout_prob=0.05, d_router_hidden=32, expert_scale=3, learning_rate=0.001134, route_consistency_lambda=0.00025, stage_feature_dropout_prob=0.05, weight_decay=2e-06, z_loss_lambda=5e-05
  -> MRR@20=0.077900  best=0.077900  (early_stop@21, trial=36s, avg=42s/trial, total=2.1min, ETA=11.8min)
[TRIAL_METRICS] cur_best_mrr20=0.077900 cur_best_hr10=0.140600 cur_test_mrr20=0.066000 cur_test_hr10=0.131800 avg_epoch_time_sec=1.7038 test_eval_time_sec=0.0652 test_eval_batches_per_sec=15.3412 test_eval_targets_per_sec=9158.6729 run_best_mrr20=0.077900 run_best_hr10=0.140600 run_test_mrr20=0.066000 run_test_hr10=0.131800

[4/20] MAX_ITEM_LIST_LENGTH=10, attn_dropout_prob=0.05, d_router_hidden=96, expert_scale=4, learning_rate=0.0005672, route_consistency_lambda=0.0012, stage_feature_dropout_prob=0.05, weight_decay=2e-06, z_loss_lambda=0.0001
  -> MRR@20=0.043900  best=0.077900  (early_stop@32, trial=59s, avg=46s/trial, total=3.1min, ETA=12.3min)
[TRIAL_METRICS] cur_best_mrr20=0.043900 cur_best_hr10=0.106400 cur_test_mrr20=0.051900 cur_test_hr10=0.131800 avg_epoch_time_sec=1.8355 test_eval_time_sec=0.0708 test_eval_batches_per_sec=14.1284 test_eval_targets_per_sec=8434.6382 run_best_mrr20=0.077900 run_best_hr10=0.140600 run_test_mrr20=0.066000 run_test_hr10=0.131800

[5/20] MAX_ITEM_LIST_LENGTH=20, attn_dropout_prob=0.08, d_router_hidden=128, expert_scale=4, learning_rate=0.001429, route_consistency_lambda=0.00025, stage_feature_dropout_prob=0.05, weight_decay=5e-07, z_loss_lambda=0.0001
  -> MRR@20=0.069300  best=0.077900  (early_stop@28, trial=52s, avg=47s/trial, total=3.9min, ETA=11.8min)
[TRIAL_METRICS] cur_best_mrr20=0.069300 cur_best_hr10=0.170700 cur_test_mrr20=0.068900 cur_test_hr10=0.151900 avg_epoch_time_sec=1.8352 test_eval_time_sec=0.0666 test_eval_batches_per_sec=15.0105 test_eval_targets_per_sec=8961.2579 run_best_mrr20=0.077900 run_best_hr10=0.140600 run_test_mrr20=0.066000 run_test_hr10=0.131800

[6/20] MAX_ITEM_LIST_LENGTH=10, attn_dropout_prob=0.1, d_router_hidden=32, expert_scale=4, learning_rate=0.0009004, route_consistency_lambda=0.0012, stage_feature_dropout_prob=0, weight_decay=1e-06, z_loss_lambda=0.0002
  -> MRR@20=0.049000  best=0.077900  (early_stop@18, trial=33s, avg=45s/trial, total=4.5min, ETA=10.5min)
[TRIAL_METRICS] cur_best_mrr20=0.049000 cur_best_hr10=0.114500 cur_test_mrr20=0.039500 cur_test_hr10=0.108900 avg_epoch_time_sec=1.7961 test_eval_time_sec=0.0825 test_eval_batches_per_sec=12.1281 test_eval_targets_per_sec=7240.4874 run_best_mrr20=0.077900 run_best_hr10=0.140600 run_test_mrr20=0.066000 run_test_hr10=0.131800

[7/20] MAX_ITEM_LIST_LENGTH=20, attn_dropout_prob=0.08, d_router_hidden=64, expert_scale=2, learning_rate=0.001134, route_consistency_lambda=0.0005, stage_feature_dropout_prob=0.1, weight_decay=5e-07, z_loss_lambda=5e-05
  -> MRR@20=0.060400  best=0.077900  (early_stop@15, trial=26s, avg=42s/trial, total=4.9min, ETA=9.2min)
[TRIAL_METRICS] cur_best_mrr20=0.060400 cur_best_hr10=0.146600 cur_test_mrr20=0.053200 cur_test_hr10=0.128900 avg_epoch_time_sec=1.7120 test_eval_time_sec=0.0636 test_eval_batches_per_sec=15.7111 test_eval_targets_per_sec=9379.5048 run_best_mrr20=0.077900 run_best_hr10=0.140600 run_test_mrr20=0.066000 run_test_hr10=0.131800

[8/20] MAX_ITEM_LIST_LENGTH=30, attn_dropout_prob=0.1, d_router_hidden=128, expert_scale=4, learning_rate=0.0003573, route_consistency_lambda=0.00025, stage_feature_dropout_prob=0, weight_decay=2e-06, z_loss_lambda=0.0001
  -> MRR@20=0.035000  best=0.077900  (full@35, trial=1.2min, avg=46s/trial, total=6.1min, ETA=9.2min)
[TRIAL_METRICS] cur_best_mrr20=0.035000 cur_best_hr10=0.076300 cur_test_mrr20=0.036300 cur_test_hr10=0.103200 avg_epoch_time_sec=1.9797 test_eval_time_sec=0.0752 test_eval_batches_per_sec=13.3001 test_eval_targets_per_sec=7940.1303 run_best_mrr20=0.077900 run_best_hr10=0.140600 run_test_mrr20=0.066000 run_test_hr10=0.131800

[9/20] MAX_ITEM_LIST_LENGTH=30, attn_dropout_prob=0.12, d_router_hidden=32, expert_scale=4, learning_rate=0.0005672, route_consistency_lambda=0.0005, stage_feature_dropout_prob=0.1, weight_decay=1e-06, z_loss_lambda=5e-05
  -> MRR@20=0.056300  best=0.077900  (early_stop@29, trial=58s, avg=47s/trial, total=7.1min, ETA=8.7min)
[TRIAL_METRICS] cur_best_mrr20=0.056300 cur_best_hr10=0.132500 cur_test_mrr20=0.043300 cur_test_hr10=0.100300 avg_epoch_time_sec=1.9910 test_eval_time_sec=0.0854 test_eval_batches_per_sec=11.7032 test_eval_targets_per_sec=6986.8202 run_best_mrr20=0.077900 run_best_hr10=0.140600 run_test_mrr20=0.066000 run_test_hr10=0.131800

[10/20] MAX_ITEM_LIST_LENGTH=10, attn_dropout_prob=0.1, d_router_hidden=32, expert_scale=4, learning_rate=0.0004502, route_consistency_lambda=0.0005, stage_feature_dropout_prob=0.1, weight_decay=1e-06, z_loss_lambda=5e-05
  -> MRR@20=0.042800  best=0.077900  (full@35, trial=1.1min, avg=49s/trial, total=8.2min, ETA=8.2min)
[TRIAL_METRICS] cur_best_mrr20=0.042800 cur_best_hr10=0.098400 cur_test_mrr20=0.038900 cur_test_hr10=0.103200 avg_epoch_time_sec=1.8991 test_eval_time_sec=0.0664 test_eval_batches_per_sec=15.0601 test_eval_targets_per_sec=8990.8601 run_best_mrr20=0.077900 run_best_hr10=0.140600 run_test_mrr20=0.066000 run_test_hr10=0.131800

[11/20] MAX_ITEM_LIST_LENGTH=20, attn_dropout_prob=0.08, d_router_hidden=64, expert_scale=4, learning_rate=0.001134, route_consistency_lambda=0.0008, stage_feature_dropout_prob=0.1, weight_decay=1e-06, z_loss_lambda=0.0002
  -> MRR@20=0.059400  best=0.077900  (early_stop@16, trial=33s, avg=48s/trial, total=8.8min, ETA=7.2min)
[TRIAL_METRICS] cur_best_mrr20=0.059400 cur_best_hr10=0.146600 cur_test_mrr20=0.056200 cur_test_hr10=0.120300 avg_epoch_time_sec=2.0079 test_eval_time_sec=0.0716 test_eval_batches_per_sec=13.9607 test_eval_targets_per_sec=8334.5243 run_best_mrr20=0.077900 run_best_hr10=0.140600 run_test_mrr20=0.066000 run_test_hr10=0.131800

[12/20] MAX_ITEM_LIST_LENGTH=20, attn_dropout_prob=0.1, d_router_hidden=96, expert_scale=4, learning_rate=0.0009004, route_consistency_lambda=0.0005, stage_feature_dropout_prob=0.1, weight_decay=2e-06, z_loss_lambda=0.0002
  -> MRR@20=0.067500  best=0.077900  (full@35, trial=1.1min, avg=49s/trial, total=9.9min, ETA=6.6min)
[TRIAL_METRICS] cur_best_mrr20=0.067500 cur_best_hr10=0.164700 cur_test_mrr20=0.067600 cur_test_hr10=0.128900 avg_epoch_time_sec=1.8755 test_eval_time_sec=0.0735 test_eval_batches_per_sec=13.5990 test_eval_targets_per_sec=8118.5868 run_best_mrr20=0.077900 run_best_hr10=0.140600 run_test_mrr20=0.066000 run_test_hr10=0.131800

[13/20] MAX_ITEM_LIST_LENGTH=20, attn_dropout_prob=0.05, d_router_hidden=96, expert_scale=2, learning_rate=0.0005672, route_consistency_lambda=0.0005, stage_feature_dropout_prob=0.03, weight_decay=5e-07, z_loss_lambda=0.0001
  -> MRR@20=0.014600  best=0.077900  (early_stop@7, trial=13s, avg=47s/trial, total=10.1min, ETA=5.4min)
[TRIAL_METRICS] cur_best_mrr20=0.014600 cur_best_hr10=0.020100 cur_test_mrr20=0.008600 cur_test_hr10=0.011500 avg_epoch_time_sec=1.7539 test_eval_time_sec=0.0600 test_eval_batches_per_sec=16.6718 test_eval_targets_per_sec=9953.0548 run_best_mrr20=0.077900 run_best_hr10=0.140600 run_test_mrr20=0.066000 run_test_hr10=0.131800

[14/20] MAX_ITEM_LIST_LENGTH=20, attn_dropout_prob=0.1, d_router_hidden=128, expert_scale=4, learning_rate=0.0007146, route_consistency_lambda=0.0005, stage_feature_dropout_prob=0.1, weight_decay=2e-06, z_loss_lambda=5e-05
  -> MRR@20=0.046000  best=0.077900  (early_stop@21, trial=40s, avg=46s/trial, total=10.8min, ETA=4.6min)
[TRIAL_METRICS] cur_best_mrr20=0.046000 cur_best_hr10=0.132500 cur_test_mrr20=0.044200 cur_test_hr10=0.111700 avg_epoch_time_sec=1.8963 test_eval_time_sec=0.0672 test_eval_batches_per_sec=14.8787 test_eval_targets_per_sec=8882.6122 run_best_mrr20=0.077900 run_best_hr10=0.140600 run_test_mrr20=0.066000 run_test_hr10=0.131800

[15/20] MAX_ITEM_LIST_LENGTH=30, attn_dropout_prob=0.05, d_router_hidden=64, expert_scale=2, learning_rate=0.0004502, route_consistency_lambda=0.00025, stage_feature_dropout_prob=0.03, weight_decay=1e-06, z_loss_lambda=0.0001
  -> MRR@20=0.038200  best=0.077900  (full@35, trial=1.1min, avg=48s/trial, total=11.9min, ETA=4.0min)
[TRIAL_METRICS] cur_best_mrr20=0.038200 cur_best_hr10=0.080300 cur_test_mrr20=0.042800 cur_test_hr10=0.117500 avg_epoch_time_sec=1.8846 test_eval_time_sec=0.0673 test_eval_batches_per_sec=14.8582 test_eval_targets_per_sec=8870.3717 run_best_mrr20=0.077900 run_best_hr10=0.140600 run_test_mrr20=0.066000 run_test_hr10=0.131800

[16/20] MAX_ITEM_LIST_LENGTH=30, attn_dropout_prob=0.08, d_router_hidden=128, expert_scale=4, learning_rate=0.0003573, route_consistency_lambda=0.0012, stage_feature_dropout_prob=0, weight_decay=1e-06, z_loss_lambda=0.0001
  -> MRR@20=0.031600  best=0.077900  (early_stop@25, trial=51s, avg=48s/trial, total=12.7min, ETA=3.2min)
[TRIAL_METRICS] cur_best_mrr20=0.031600 cur_best_hr10=0.064300 cur_test_mrr20=0.024600 cur_test_hr10=0.083100 avg_epoch_time_sec=2.0119 test_eval_time_sec=0.0797 test_eval_batches_per_sec=12.5453 test_eval_targets_per_sec=7489.5149 run_best_mrr20=0.077900 run_best_hr10=0.140600 run_test_mrr20=0.066000 run_test_hr10=0.131800

[17/20] MAX_ITEM_LIST_LENGTH=20, attn_dropout_prob=0.1, d_router_hidden=64, expert_scale=4, learning_rate=0.0007146, route_consistency_lambda=0.00025, stage_feature_dropout_prob=0.1, weight_decay=5e-07, z_loss_lambda=0.0002
  -> MRR@20=0.066700  best=0.077900  (full@35, trial=1.1min, avg=49s/trial, total=13.9min, ETA=2.4min)
[TRIAL_METRICS] cur_best_mrr20=0.066700 cur_best_hr10=0.152600 cur_test_mrr20=0.056600 cur_test_hr10=0.126100 avg_epoch_time_sec=1.9256 test_eval_time_sec=0.0758 test_eval_batches_per_sec=13.1870 test_eval_targets_per_sec=7872.6525 run_best_mrr20=0.077900 run_best_hr10=0.140600 run_test_mrr20=0.066000 run_test_hr10=0.131800

[18/20] MAX_ITEM_LIST_LENGTH=30, attn_dropout_prob=0.08, d_router_hidden=96, expert_scale=4, learning_rate=0.0004502, route_consistency_lambda=0.0012, stage_feature_dropout_prob=0.03, weight_decay=5e-07, z_loss_lambda=0.0001
  -> MRR@20=0.049700  best=0.077900  (full@35, trial=1.2min, avg=50s/trial, total=15.1min, ETA=1.7min)
[TRIAL_METRICS] cur_best_mrr20=0.049700 cur_best_hr10=0.126500 cur_test_mrr20=0.039300 cur_test_hr10=0.094600 avg_epoch_time_sec=1.9958 test_eval_time_sec=0.0742 test_eval_batches_per_sec=13.4836 test_eval_targets_per_sec=8049.7370 run_best_mrr20=0.077900 run_best_hr10=0.140600 run_test_mrr20=0.066000 run_test_hr10=0.131800

[19/20] MAX_ITEM_LIST_LENGTH=10, attn_dropout_prob=0.08, d_router_hidden=32, expert_scale=3, learning_rate=0.001429, route_consistency_lambda=0.0008, stage_feature_dropout_prob=0.03, weight_decay=1e-06, z_loss_lambda=0.0002
  -> MRR@20=0.074700  best=0.077900  (early_stop@32, trial=53s, avg=50s/trial, total=16.0min, ETA=50s)
[TRIAL_METRICS] cur_best_mrr20=0.074700 cur_best_hr10=0.162700 cur_test_mrr20=0.062100 cur_test_hr10=0.128900 avg_epoch_time_sec=1.6447 test_eval_time_sec=0.0706 test_eval_batches_per_sec=14.1600 test_eval_targets_per_sec=8453.5460 run_best_mrr20=0.077900 run_best_hr10=0.140600 run_test_mrr20=0.066000 run_test_hr10=0.131800

[20/20] MAX_ITEM_LIST_LENGTH=10, attn_dropout_prob=0.12, d_router_hidden=64, expert_scale=4, learning_rate=0.0009004, route_consistency_lambda=0.00025, stage_feature_dropout_prob=0.05, weight_decay=1e-06, z_loss_lambda=5e-05
  -> MRR@20=0.056200  best=0.077900  (full@35, trial=1.1min, avg=51s/trial, total=17.0min, ETA=0s)
[TRIAL_METRICS] cur_best_mrr20=0.056200 cur_best_hr10=0.156600 cur_test_mrr20=0.051000 cur_test_hr10=0.134700 avg_epoch_time_sec=1.7971 test_eval_time_sec=0.0668 test_eval_batches_per_sec=14.9673 test_eval_targets_per_sec=8935.4835 run_best_mrr20=0.077900 run_best_hr10=0.140600 run_test_mrr20=0.066000 run_test_hr10=0.131800
[1;35mEvaluate   [0m:   0%|                                                            | 0/1 [00:00<?, ?it/s][0m[1;35mEvaluate   [0m:   0%|                                   | 0/1 [00:00<?, ?it/s, [1;33mGPU RAM: 6.36 G/23.56 G[0m][0m[1;35mEvaluate   [0m: 100%|███████████████████████████| 1/1 [00:00<00:00,  2.09it/s, [1;33mGPU RAM: 6.36 G/23.56 G[0m][0m                                                                                                    [1;35mEvaluate   [0m:   0%|                                                            | 0/1 [00:00<?, ?it/s][0m[1;35mEvaluate   [0m:   0%|                                   | 0/1 [00:00<?, ?it/s, [1;33mGPU RAM: 6.36 G/23.56 G[0m][0m[1;35mEvaluate   [0m: 100%|███████████████████████████| 1/1 [00:00<00:00,  2.34it/s, [1;33mGPU RAM: 6.36 G/23.56 G[0m][0m                                                                                                    [1;35mEvaluate   [0m:   0%|                                                            | 0/1 [00:00<?, ?it/s][0m[1;35mEvaluate   [0m:   0%|                                   | 0/1 [00:00<?, ?it/s, [1;33mGPU RAM: 6.36 G/23.56 G[0m][0m[1;35mEvaluate   [0m: 100%|███████████████████████████| 1/1 [00:00<00:00,  2.17it/s, [1;33mGPU RAM: 6.36 G/23.56 G[0m][0m                                                                                                    
=================================================================
  DONE  |  FeaturedMoE_N3 x beauty
  Best MRR@20 = 0.077900  |  20/20 trials OK
  Best HR@10  = 0.140600
  Test MRR@20 = 0.066000  (best-valid checkpoint)
  Test HR@10  = 0.131800  (best-valid checkpoint)
  Avg epoch time = 1.704 sec/epoch
  Final test eval = 0.065 sec | batches/s=15.341 | targets/s=9158.673
[RUN_METRICS] best_valid_mrr20=0.077900 best_valid_hr10=0.140600 test_mrr20=0.066000 test_hr10=0.131800 avg_epoch_time_sec=1.7038 test_eval_time_sec=0.0652 test_eval_batches_per_sec=15.3412 test_eval_targets_per_sec=9158.6729
  Total time: 17.1 min
  Best params:
    MAX_ITEM_LIST_LENGTH: 20
    attn_dropout_prob: 0.05
    d_router_hidden: 32
    expert_scale: 3
    learning_rate: 0.00113439
    route_consistency_lambda: 0.00025
    stage_feature_dropout_prob: 0.05
    weight_decay: 2e-06
    z_loss_lambda: 5e-05
  Results -> /workspace/FeaturedMoE/experiments/run/artifacts/results/final_experiment/beauty_FeaturedMoE_N3_s1_beauty_featured_moe_n3_r07_20260418_042433_079455_pid46388.json
  Normal mirror -> /workspace/FeaturedMoE/experiments/run/artifacts/results/final_experiment/normal/stage1_broad_search/S1/beauty/FMoEN3/beauty_FeaturedMoE_N3_s1_beauty_featured_moe_n3_r07_20260418_042433_079455_pid46388.json
  Special result -> /workspace/FeaturedMoE/experiments/run/artifacts/results/final_experiment/special/stage1_broad_search/S1/beauty/FMoEN3/beauty_FeaturedMoE_N3_s1_beauty_featured_moe_n3_r07_20260418_042433_079455_pid46388_special_metrics.json
  Special log -> /workspace/FeaturedMoE/experiments/run/artifacts/logs/final_experiment/special/stage1_broad_search/S1/beauty/FMoEN3/beauty_FeaturedMoE_N3_s1_beauty_featured_moe_n3_r07_20260418_042433_079455_pid46388_special_metrics.json
=================================================================

[RUN_STATUS] END status=normal pid=46388 start=2026-04-18T04:24:32 end=2026-04-18T04:41:36
