[RUN_STATUS] START pid=68817 ts=2026-03-11T03:51:31

=================================================================
  Hyperopt TPE  |  FeaturedMoE_v4_Distillation x movielens1m
  max_evals=10  epochs=30  patience=5  wandb=off
  batch_size(train/valid/test)=6144/16384/16384
  track=fmoe_v4_distillation  axis=hparam  phase=P2CMP16_C09_RULE_FULL_SOFT
=================================================================
Changed knobs: learning_rate
Tuned params(len>1): 1  (~1 discrete combos)
Tuned groups: 1
  [optimization]
    learning_rate                   [0.0004, 0.0016]                          -> loguniform
Fixed params(singleton/non-list): 46
Fixed groups: 46
  [optimization]
    balance_loss_lambda             0.005                                   
    hidden_dropout_prob             0.1                                     
    weight_decay                    5e-05                                   
  [model_core]
    d_expert_hidden                 256                                     
    d_feat_emb                      16                                      
    d_router_hidden                 64                                      
    embedding_size                  128                                     
    expert_scale                    3                                       
    num_heads                       8                                       
  [layout]
    fmoe_v2_layout_id               7                                       
  [routing_moe]
    micro_router_temperature_start  1.3                                     
    mid_router_temperature_start    1.3                                     
    moe_top_k                       0                                       
    moe_top_k_policy                auto                                    
    moe_top_k_ratio                 0.5                                     
    moe_top_k_start                 0                                       
    moe_top_k_warmup_until          0                                       
    router_clone_residual_scale     0.2                                     
    router_design                   flat_legacy                             
    router_group_bias_scale         0.5                                     
    router_impl                     rule_soft                               
    router_impl_by_stage            {}                                      
    rule_router.feature_per_expert  4                                       
    rule_router.n_bins              5                                       
    rule_router.variant             ratio_bins                              
  [schedule]
    alpha_warmup_end                1.0                                     
    alpha_warmup_start              0.0                                     
    alpha_warmup_until              0                                       
    fmoe_schedule_enable            False                                   
    temperature_warmup_until        0                                       
  [merge_hir]
    fmoe_v2_parallel_stage_gate_temperature  1.0                                     
    fmoe_v2_parallel_stage_gate_top_k  0                                       
    fmoe_v2_stage_merge_aux_enable  False                                   
    fmoe_v2_stage_merge_aux_lambda_scale  1.0                                     
  [other]
    MAX_ITEM_LIST_LENGTH            10                                      
    fmoe_stage_execution_mode       serial                                  
    fmoe_v2_feature_spec_aux_enable  False                                   
    fmoe_v2_feature_spec_aux_lambda  0.0                                     
    teacher_bias_scale              0.0                                     
    teacher_delivery                none                                    
    teacher_design                  none                                    
    teacher_kl_lambda               0.0                                     
    teacher_stage_mask              all                                     
    teacher_stat_sharpness          16.0                                    
    teacher_temperature             1.5                                     
    teacher_until                   0.25                                    
Layout details:
  execution(fixed)=serial
  id=7 exec=serial pre=0 post=0 total_layers=4 total_moe=3 | macro(pass=1,moe=1) | mid(pass=0,moe=1) | micro(pass=0,moe=1)

[Wandb] disabled for this hyperopt run

[1/10] learning_rate=0.0004293
    [Device] CUDA_VISIBLE_DEVICES=7 | torch_device=cuda:0 (NVIDIA RTX A5000)
    [DataCache] save_dataset=True save_dataloaders=False | checkpoint_dir=saved/recbole_cache/movielens1m_feature_added_session_len10 | dataloaders_save_path=saved/recbole_cache/movielens1m_feature_added_session_len10/movielens1m-for-dataloader.pth
    [DataPrep] cache_hit=disk_or_build, create_dataset=0.10s, data_preparation=0.50s, n_items=3534
  -> MRR@20=0.0684  best=0.0684  (full@30, trial=8.6min, avg=8.6min/trial, total=8.6min, ETA=1.29h)

[2/10] learning_rate=0.001219
    [Device] CUDA_VISIBLE_DEVICES=7 | torch_device=cuda:0 (NVIDIA RTX A5000)
    [DataCache] save_dataset=True save_dataloaders=False | checkpoint_dir=saved/recbole_cache/movielens1m_feature_added_session_len10 | dataloaders_save_path=saved/recbole_cache/movielens1m_feature_added_session_len10/movielens1m-for-dataloader.pth
    [DataPrep] cache_hit=memory, create_dataset=0.00s, data_preparation=0.00s, n_items=3534
  -> MRR@20=0.0712  best=0.0712  (full@30, trial=8.5min, avg=8.6min/trial, total=17.1min, ETA=1.14h)

[3/10] learning_rate=0.0008345
    [Device] CUDA_VISIBLE_DEVICES=7 | torch_device=cuda:0 (NVIDIA RTX A5000)
    [DataCache] save_dataset=True save_dataloaders=False | checkpoint_dir=saved/recbole_cache/movielens1m_feature_added_session_len10 | dataloaders_save_path=saved/recbole_cache/movielens1m_feature_added_session_len10/movielens1m-for-dataloader.pth
    [DataPrep] cache_hit=memory, create_dataset=0.00s, data_preparation=0.00s, n_items=3534
  -> MRR@20=0.0711  best=0.0712  (full@30, trial=8.5min, avg=8.5min/trial, total=25.6min, ETA=59.8min)

[4/10] learning_rate=0.001482
    [Device] CUDA_VISIBLE_DEVICES=7 | torch_device=cuda:0 (NVIDIA RTX A5000)
    [DataCache] save_dataset=True save_dataloaders=False | checkpoint_dir=saved/recbole_cache/movielens1m_feature_added_session_len10 | dataloaders_save_path=saved/recbole_cache/movielens1m_feature_added_session_len10/movielens1m-for-dataloader.pth
    [DataPrep] cache_hit=memory, create_dataset=0.00s, data_preparation=0.00s, n_items=3534
  -> MRR@20=0.0712  best=0.0712  (full@30, trial=8.5min, avg=8.5min/trial, total=34.2min, ETA=51.3min)

[5/10] learning_rate=0.001379
    [Device] CUDA_VISIBLE_DEVICES=7 | torch_device=cuda:0 (NVIDIA RTX A5000)
    [DataCache] save_dataset=True save_dataloaders=False | checkpoint_dir=saved/recbole_cache/movielens1m_feature_added_session_len10 | dataloaders_save_path=saved/recbole_cache/movielens1m_feature_added_session_len10/movielens1m-for-dataloader.pth
    [DataPrep] cache_hit=memory, create_dataset=0.00s, data_preparation=0.00s, n_items=3534
  -> MRR@20=0.0710  best=0.0712  (full@30, trial=8.5min, avg=8.5min/trial, total=42.7min, ETA=42.7min)

[6/10] learning_rate=0.001413
    [Device] CUDA_VISIBLE_DEVICES=7 | torch_device=cuda:0 (NVIDIA RTX A5000)
    [DataCache] save_dataset=True save_dataloaders=False | checkpoint_dir=saved/recbole_cache/movielens1m_feature_added_session_len10 | dataloaders_save_path=saved/recbole_cache/movielens1m_feature_added_session_len10/movielens1m-for-dataloader.pth
    [DataPrep] cache_hit=memory, create_dataset=0.00s, data_preparation=0.00s, n_items=3534
  -> MRR@20=0.0715  best=0.0715  (full@30, trial=8.5min, avg=8.5min/trial, total=51.2min, ETA=34.1min)

[7/10] learning_rate=0.00127
    [Device] CUDA_VISIBLE_DEVICES=7 | torch_device=cuda:0 (NVIDIA RTX A5000)
    [DataCache] save_dataset=True save_dataloaders=False | checkpoint_dir=saved/recbole_cache/movielens1m_feature_added_session_len10 | dataloaders_save_path=saved/recbole_cache/movielens1m_feature_added_session_len10/movielens1m-for-dataloader.pth
    [DataPrep] cache_hit=memory, create_dataset=0.00s, data_preparation=0.00s, n_items=3534
  -> MRR@20=0.0709  best=0.0715  (full@30, trial=8.5min, avg=8.5min/trial, total=59.7min, ETA=25.6min)

[8/10] learning_rate=0.001014
    [Device] CUDA_VISIBLE_DEVICES=7 | torch_device=cuda:0 (NVIDIA RTX A5000)
    [DataCache] save_dataset=True save_dataloaders=False | checkpoint_dir=saved/recbole_cache/movielens1m_feature_added_session_len10 | dataloaders_save_path=saved/recbole_cache/movielens1m_feature_added_session_len10/movielens1m-for-dataloader.pth
    [DataPrep] cache_hit=memory, create_dataset=0.00s, data_preparation=0.00s, n_items=3534
  -> MRR@20=0.0718  best=0.0718  (full@30, trial=8.5min, avg=8.5min/trial, total=1.14h, ETA=17.1min)

[9/10] learning_rate=0.001326
    [Device] CUDA_VISIBLE_DEVICES=7 | torch_device=cuda:0 (NVIDIA RTX A5000)
    [DataCache] save_dataset=True save_dataloaders=False | checkpoint_dir=saved/recbole_cache/movielens1m_feature_added_session_len10 | dataloaders_save_path=saved/recbole_cache/movielens1m_feature_added_session_len10/movielens1m-for-dataloader.pth
    [DataPrep] cache_hit=memory, create_dataset=0.00s, data_preparation=0.00s, n_items=3534
  -> MRR@20=0.0714  best=0.0718  (full@30, trial=8.5min, avg=8.5min/trial, total=1.28h, ETA=8.5min)

[10/10] learning_rate=0.001554
    [Device] CUDA_VISIBLE_DEVICES=7 | torch_device=cuda:0 (NVIDIA RTX A5000)
    [DataCache] save_dataset=True save_dataloaders=False | checkpoint_dir=saved/recbole_cache/movielens1m_feature_added_session_len10 | dataloaders_save_path=saved/recbole_cache/movielens1m_feature_added_session_len10/movielens1m-for-dataloader.pth
    [DataPrep] cache_hit=memory, create_dataset=0.00s, data_preparation=0.00s, n_items=3534
  -> MRR@20=0.0718  best=0.0718  (full@30, trial=8.5min, avg=8.5min/trial, total=1.42h, ETA=0s)

=================================================================
  DONE  |  FeaturedMoE_v4_Distillation x movielens1m
  Best MRR@20 = 0.0718  |  10/10 trials OK
  Total time: 85.2 min
  Best params:
    learning_rate: 0.00101387
  Results -> /workspace/jy1559/FMoE/experiments/run/artifacts/results/fmoe_v4_distillation/movielens1m_FeaturedMoE_v4_Distillation_p2cmp16_c09_rule_full_soft_20260311_035132_363560_pid68817.json
=================================================================

[RUN_STATUS] END status=normal pid=68817 start=2026-03-11T03:51:31 end=2026-03-11T05:16:47
