[AI502_ROW] {"assigned_gpu": "1", "backend_transfer_mode": "all_stage_feature_encoder", "baseline_native_checkpoint": "/workspace/FeaturedMoE/experiments/run/AI502_transfer/artifacts/checkpoints/native/beauty/shared_4/seed_2/best.pth", "baseline_native_result": "ai502_native://beauty/shared_4/seed_2", "checkpoint_export": "/workspace/FeaturedMoE/experiments/run/AI502_transfer/artifacts/checkpoints/init/retail_rocket_to_beauty/shared_4/seed_2/feature_encoder_init/no_freeze/best.pth", "dataset": "beauty", "dataset_short": "beauty", "freeze_policy": "no_freeze", "hparam_id": "shared_4", "job_key": "init/retail_rocket_to_beauty/shared_4/seed_2/feature_encoder_init/no_freeze/lr_fixed1", "log_path": "/workspace/FeaturedMoE/experiments/run/AI502_transfer/artifacts/logs/init/ai502_p1_init_retail_rocket_to_beauty_shared_4_feature_encoder_init_s2.log", "lr_values": [0.0005672], "pair_group": "low_context_commerce", "pair_id": "retail_rocket_to_beauty", "phase": "init", "run_phase": "AI502_P1_INIT_retail_rocket_to_beauty_shared_4_feature_encoder_init_s2", "seed": 2, "source_checkpoint": "/workspace/FeaturedMoE/experiments/run/AI502_transfer/artifacts/checkpoints/native/retail_rocket/shared_4/seed_2/best.pth", "source_dataset": "retail_rocket", "target_dataset": "beauty", "transfer_mode": "feature_encoder_init", "triplet_id": ""}
[GPU] 1
[COMMAND] /venv/FMoE/bin/python /workspace/FeaturedMoE/experiments/hyperopt_tune.py --config-name config --max-evals 1 --tune-epochs 100 --tune-patience 10 --search-algo random --seed 2 --run-group ai502_transfer --run-axis transfer --run-phase AI502_P1_INIT_retail_rocket_to_beauty_shared_4_feature_encoder_init_s2 'model="featured_moe_n3_tune"' 'feature_mode="full_v4"' 'eval_mode="session_fixed"' '++fmoe_architecture_id="A12"' '++fmoe_architecture_key="A12_ATTN_MICRO_BEFORE_NO_BIAS_ALL_W5"' ++train_neg_sample_args=null '++metrics=["Recall","MRR","NDCG","Hit","Precision"]' '++topk=[10,20]' '++valid_metric="MRR@20"' '++eval_args={split:{LS:"valid_and_test"},order:"TO",group_by:"user",mode:"full"}' '++eval_sampling={mode:"full",auto_full_threshold:999999999}' ++exclude_unseen_target_from_main_eval=true ++log_unseen_target_metrics=true '++layer_layout=["attn","macro_ffn","mid_ffn","attn","micro_ffn"]' '++stage_compute_mode={macro:"moe",mid:"moe",micro:"moe"}' '++stage_router_mode={macro:"learned",mid:"learned",micro:"learned"}' '++stage_router_wrapper={macro:"w5_exd",mid:"w5_exd",micro:"w5_exd"}' '++stage_router_primitives={macro:{a_joint:{source:"feature",temperature:1.0,top_k:0},b_group:{source:"feature",temperature:1.0,top_k:0},c_shared:{source:"feature",temperature:1.0,top_k:0},d_cond:{source:"feature",temperature:1.0,top_k:0},e_scalar:{source:"feature",temperature:1.0,top_k:0},wrapper:{alpha_d:1.0,alpha_struct:1.0,alpha_a:1.0}},mid:{a_joint:{source:"feature",temperature:1.0,top_k:0},b_group:{source:"feature",temperature:1.0,top_k:0},c_shared:{source:"feature",temperature:1.0,top_k:0},d_cond:{source:"feature",temperature:1.0,top_k:0},e_scalar:{source:"feature",temperature:1.0,top_k:0},wrapper:{alpha_d:1.0,alpha_struct:1.0,alpha_a:1.0}},micro:{a_joint:{source:"feature",temperature:1.0,top_k:0},b_group:{source:"feature",temperature:1.0,top_k:0},c_shared:{source:"feature",temperature:1.0,top_k:0},d_cond:{source:"feature",temperature:1.0,top_k:0},e_scalar:{source:"feature",temperature:1.0,top_k:0},wrapper:{alpha_d:1.0,alpha_struct:1.0,alpha_a:1.0}}}' '++stage_router_source={macro:"feature",mid:"feature",micro:"feature"}' '++stage_router_granularity={macro:"session",mid:"session",micro:"token"}' '++stage_feature_injection={macro:"none",mid:"none",micro:"none"}' '++stage_feature_dropout_scope={macro:"token",mid:"token",micro:"token"}' '++topk_scope_mode="global_flat"' ++moe_top_k=0 ++balance_loss_lambda=0.0 ++gate_entropy_lambda=0.0 ++route_smoothness_lambda=0.0 ++route_sharpness_lambda=0.0 ++route_monopoly_lambda=0.0 ++route_prior_lambda=0.0 ++group_prior_align_lambda=0.0 ++factored_group_balance_lambda=0.0 ++rule_agreement_lambda=0.0 ++group_coverage_lambda=0.0 ++feature_group_bias_lambda=0.0 ++rule_bias_scale=0.0 '++bias_mode="none"' ++macro_history_window=5 ++route_consistency_pairs=1 ++route_consistency_min_sim=0.995 ++epochs=100 ++stopping_step=10 ++eval_step=1 '++search_algo="random"' ++fmoe_special_logging=true ++fmoe_diag_logging=true '++fmoe_eval_logging_timing="final_only"' '++fmoe_artifact_logging_policy="combo_best"' ++show_progress=false ++log_wandb=false ++embedding_size=192 ++hidden_size=192 ++d_ff=384 ++d_expert_hidden=192 ++d_router_hidden=64 ++d_feat_emb=8 ++MAX_ITEM_LIST_LENGTH=20 ++num_heads=4 ++hidden_dropout_prob=0.16 ++attn_dropout_prob=0.05 ++route_consistency_lambda=0.00025 ++z_loss_lambda=0.0004 'dataset="beauty"' gpu_id=1 ++seed=2 '++data_path="/workspace/FeaturedMoE/Datasets/processed/feature_added_v4"' '++run_group="ai502_transfer"' '++run_axis="transfer"' '++run_phase="AI502_P1_INIT_retail_rocket_to_beauty_shared_4_feature_encoder_init_s2"' '++fmoe_logging_output_root="/workspace/FeaturedMoE/experiments/run/AI502_transfer/artifacts/logging"' '++__artifact_combo_best_export_path="/workspace/FeaturedMoE/experiments/run/AI502_transfer/artifacts/checkpoints/init/retail_rocket_to_beauty/shared_4/seed_2/feature_encoder_init/no_freeze/best.pth"' '++baseline_native_checkpoint="/workspace/FeaturedMoE/experiments/run/AI502_transfer/artifacts/checkpoints/native/beauty/shared_4/seed_2/best.pth"' '++baseline_native_result="ai502_native://beauty/shared_4/seed_2"' '++search_space_type_overrides={learning_rate:"choice"}' '++search={learning_rate:[0.0005672]}' '++transfer={enable:true,mode:"all_stage_feature_encoder",source_checkpoint:"/workspace/FeaturedMoE/experiments/run/AI502_transfer/artifacts/checkpoints/native/retail_rocket/shared_4/seed_2/best.pth",source_architecture:"A12",strict_shape:false,freeze_loaded:false,allow_empty:false,allow_router_fallback:false}'

[RUN_STATUS] START pid=431603 ts=2026-05-04T07:57:26

=================================================================
  Hyperopt  |  FeaturedMoE_N3 x beauty
  max_evals=1  epochs=100  patience=10  wandb=off
  search_algo=random
  batch_size(train/valid/test)=2048/2048/2048
  track=ai502_transfer  axis=transfer  phase=AI502_P1_INIT_retail_rocket_to_beauty_shared_4_feature_encoder_init_s2
=================================================================
Changed knobs: (none; single-run mode)
Tuned params(len>1): 0  (~1 discrete combos)
Tuned groups: 0
  (none)
Fixed params(singleton/non-list): 1
Fixed groups: 1
  [optimization]
    learning_rate                   0.0005672                               

[Wandb] disabled for this hyperopt run

[1/1] (fixed-only run)
[transfer-init] mode=all_stage_feature_encoder source_architecture=A12 loaded=30/30 skipped_shape=0 skipped_missing=0 frozen=0 prefix=configured changed_at_init=27 source=/workspace/FeaturedMoE/experiments/run/AI502_transfer/artifacts/checkpoints/native/retail_rocket/shared_4/seed_2/best.pth
[transfer-train] loaded_checked=30 changed_after_train=24 max_abs_delta=0.167345
  -> MRR@20=0.077400  best=0.077400  (early_stop@40, trial=1.4min, avg=1.4min/trial, total=1.4min, ETA=0s)
[TRIAL_METRICS] cur_best_mrr20=0.077400 cur_best_hr10=0.142600 cur_test_mrr20=0.064800 cur_test_hr10=0.137500 avg_epoch_time_sec=2.0404 test_eval_time_sec=0.0950 test_eval_batches_per_sec=10.5209 test_eval_targets_per_sec=6280.9614 run_best_mrr20=0.077400 run_best_hr10=0.142600 run_test_mrr20=0.064800 run_test_hr10=0.137500

=================================================================
  DONE  |  FeaturedMoE_N3 x beauty
  Best MRR@20 = 0.077400  |  1/1 trials OK
  Best HR@10  = 0.142600
  Test MRR@20 = 0.064800  (best-valid checkpoint)
  Test HR@10  = 0.137500  (best-valid checkpoint)
  Avg epoch time = 2.040 sec/epoch
  Final test eval = 0.095 sec | batches/s=10.521 | targets/s=6280.961
[RUN_METRICS] best_valid_mrr20=0.077400 best_valid_hr10=0.142600 test_mrr20=0.064800 test_hr10=0.137500 avg_epoch_time_sec=2.0404 test_eval_time_sec=0.0950 test_eval_batches_per_sec=10.5209 test_eval_targets_per_sec=6280.9614
  Total time: 1.5 min
  Best params:
  Results -> /workspace/FeaturedMoE/experiments/run/AI502_transfer/artifacts/hyperopt_results/ai502_transfer/beauty_FeaturedMoE_N3_ai502_p1_init_retail_rocket_to_beauty_shared_4_feature_encoder_init_s2_20260504_075727_124465_pid431603.json
  Normal mirror -> /workspace/FeaturedMoE/experiments/run/AI502_transfer/artifacts/hyperopt_results/ai502_transfer/normal/transfer/AI502/beauty/FMoEN3/beauty_FeaturedMoE_N3_ai502_p1_init_retail_rocket_to_beauty_shared_4_feature_encoder_init_s2_20260504_075727_124465_pid431603.json
  Special result -> /workspace/FeaturedMoE/experiments/run/AI502_transfer/artifacts/hyperopt_results/ai502_transfer/special/transfer/AI502/beauty/FMoEN3/beauty_FeaturedMoE_N3_ai502_p1_init_retail_rocket_to_beauty_shared_4_feature_encoder_init_s2_20260504_075727_124465_pid431603_special_metrics.json
  Special log -> /workspace/FeaturedMoE/experiments/run/artifacts/logs/ai502_transfer/special/transfer/AI502/beauty/FMoEN3/beauty_FeaturedMoE_N3_ai502_p1_init_retail_rocket_to_beauty_shared_4_feature_encoder_init_s2_20260504_075727_124465_pid431603_special_metrics.json
=================================================================

[RUN_STATUS] END status=normal pid=431603 start=2026-05-04T07:57:26 end=2026-05-04T07:58:56

[RUN_STATUS] rc=0 job_key=init/retail_rocket_to_beauty/shared_4/seed_2/feature_encoder_init/no_freeze/lr_fixed1
