[STAGEI_PROGRESSIVE_RECOVERY_ANCHOR2_CORE5_SETTING_HEADER]
run_phase=P24_I2_D12_MFEAREC_C08_I2_FEAREC_FB02_S1 run_id=I2_RETAIL_ROCKET_FEAREC_I2_FEAREC_FB02_S1 phase_id=P24 axis_id=SI pass_name=pass2 model=FEARec candidate_id=I2_FEAREC_FB02 seed=1
dataset=retail_rocket gpu=5 candidate_source=history_perturb source_stage=StageH_TargetedRecovery_anchor2_core5 anchor_run_id=SH_RETAIL_ROCKET_FEAREC_RR_FEA_STAGEH_REC1_LIGHT_S1 batch_profile=pass2:bs640/768
max_evals=8 tune_epochs=50 tune_patience=5
seed=240139

[COMMAND]
- /venv/FMoE/bin/python hyperopt_tune.py --config-name tune_rr --max-evals 8 --tune-epochs 50 --tune-patience 5 --seed 240139 --run-group baseline --run-axis StageI_ProgressiveRecovery_anchor2_core5 --run-phase P24_I2_D12_MFEAREC_C08_I2_FEAREC_FB02_S1 model=fearec dataset=retail_rocket eval_mode=session_fixed feature_mode=full_v3 gpu_id=5 log_wandb=false show_progress=false ++special_logging=true ++seed=240139 ++search={learning_rate:[0.0008431678481430322,0.0016143041557198762]} ++search_space_type_overrides={learning_rate:"loguniform"} ++weight_decay=4.8e-05 ++search.weight_decay=[4.8e-05] ++search_space_type_overrides.weight_decay=choice ++search.n_layers=[2] ++search_space_type_overrides.n_layers=choice ++search.num_layers=[2] ++search_space_type_overrides.num_layers=choice ++search.n_heads=[2] ++search_space_type_overrides.n_heads=choice ++search.num_heads=[2] ++search_space_type_overrides.num_heads=choice ++search.dropout_ratio=[0.08] ++search_space_type_overrides.dropout_ratio=choice ++search.dropout_prob=[0.08] ++search_space_type_overrides.dropout_prob=choice ++search.hidden_dropout_prob=[0.08] ++search_space_type_overrides.hidden_dropout_prob=choice ++search.attn_dropout_prob=[0.08] ++search_space_type_overrides.attn_dropout_prob=choice ++search.hidden_size=[96] ++search_space_type_overrides.hidden_size=choice ++search.embedding_size=[96] ++search_space_type_overrides.embedding_size=choice ++search.inner_size=[208] ++search_space_type_overrides.inner_size=choice ++search.time_span=[384] ++search_space_type_overrides.time_span=choice ++search.num_experts=[6] ++search_space_type_overrides.num_experts=choice ++search.state_size=[24] ++search_space_type_overrides.state_size=choice ++search.conv_kernel=[6] ++search_space_type_overrides.conv_kernel=choice ++search.remaining_ratio=[0.6] ++search_space_type_overrides.remaining_ratio=choice ++search.MAX_ITEM_LIST_LENGTH=[8] ++search_space_type_overrides.MAX_ITEM_LIST_LENGTH=choice ++dropout_ratio=0.08 ++contrast=un ++tau=0.2 ++lmd=0.04 ++lmd_sem=0.0 ++global_ratio=0.85 ++semantic_sample_max_tries=2 ++train_batch_size=640 ++eval_batch_size=768 ++hidden_size=96 ++embedding_size=96 ++MAX_ITEM_LIST_LENGTH=8 ++n_layers=2 ++num_layers=2 ++n_heads=2 ++num_heads=2 ++inner_size=208
/venv/FMoE/lib/python3.10/site-packages/ray/_private/parameter.py:4: UserWarning: pkg_resources is deprecated as an API. See https://setuptools.pypa.io/en/latest/pkg_resources.html. The pkg_resources package is slated for removal as early as 2025-11-30. Refrain from using this package or pin to Setuptools<81.
  import pkg_resources
[RUN_STATUS] START pid=216232 ts=2026-04-12T17:05:44

=================================================================
  Hyperopt TPE  |  FEARec x retail_rocket
  max_evals=8  epochs=50  patience=5  wandb=off
  batch_size(train/valid/test)=640/768/768
  track=baseline  axis=stagei_progressiverecovery_anchor2_core5  phase=P24_I2_D12_MFEAREC_C08_I2_FEAREC_FB02_S1
=================================================================
Changed knobs: learning_rate
Tuned params(len>1): 1  (~1 discrete combos)
Tuned groups: 1
  [optimization]
    learning_rate                   [0.0008431678481430322, 0.0016143041557198762]  -> loguniform
Fixed params(singleton/non-list): 18
Fixed groups: 18
  [optimization]
    hidden_dropout_prob             0.08                                    
    weight_decay                    4.8e-05                                 
  [model_core]
    attn_dropout_prob               0.08                                    
    dropout_prob                    0.08                                    
    dropout_ratio                   0.08                                    
    embedding_size                  96                                      
    hidden_size                     96                                      
    inner_size                      208                                     
    num_heads                       2                                       
    num_layers                      2                                       
  [other]
    MAX_ITEM_LIST_LENGTH            8                                       
    conv_kernel                     6                                       
    n_heads                         2                                       
    n_layers                        2                                       
    num_experts                     6                                       
    remaining_ratio                 0.6                                     
    state_size                      24                                      
    time_span                       384                                     

[Wandb] disabled for this hyperopt run

[1/8] learning_rate=0.001405
  -> MRR@20=0.269000  best=0.269000  (early_stop@8, trial=4.3min, avg=4.6min/trial, total=4.6min, ETA=32.3min)
[TRIAL_METRICS] cur_best_mrr20=0.269000 cur_best_hr10=0.428800 cur_test_mrr20=0.266100 cur_test_hr10=0.431800 run_best_mrr20=0.269000 run_best_hr10=0.428800 run_test_mrr20=0.266100 run_test_hr10=0.431800

[2/8] learning_rate=0.0009529
  -> MRR@20=0.281900  best=0.281900  (early_stop@11, trial=5.6min, avg=5.1min/trial, total=10.3min, ETA=30.8min)
[TRIAL_METRICS] cur_best_mrr20=0.281900 cur_best_hr10=0.436500 cur_test_mrr20=0.283100 cur_test_hr10=0.438600 run_best_mrr20=0.281900 run_best_hr10=0.436500 run_test_mrr20=0.283100 run_test_hr10=0.438600

[3/8] learning_rate=0.0008857
  -> MRR@20=0.277000  best=0.281900  (early_stop@11, trial=5.8min, avg=5.3min/trial, total=16.0min, ETA=26.7min)
[TRIAL_METRICS] cur_best_mrr20=0.277000 cur_best_hr10=0.434300 cur_test_mrr20=0.278900 cur_test_hr10=0.436300 run_best_mrr20=0.281900 run_best_hr10=0.436500 run_test_mrr20=0.283100 run_test_hr10=0.438600

[4/8] learning_rate=0.001551
  -> MRR@20=0.275000  best=0.281900  (early_stop@10, trial=5.3min, avg=5.3min/trial, total=21.4min, ETA=21.4min)
[TRIAL_METRICS] cur_best_mrr20=0.275000 cur_best_hr10=0.430200 cur_test_mrr20=0.276200 cur_test_hr10=0.432700 run_best_mrr20=0.281900 run_best_hr10=0.436500 run_test_mrr20=0.283100 run_test_hr10=0.438600

[5/8] learning_rate=0.0008975
  -> MRR@20=0.278200  best=0.281900  (early_stop@10, trial=5.1min, avg=5.3min/trial, total=26.5min, ETA=15.9min)
[TRIAL_METRICS] cur_best_mrr20=0.278200 cur_best_hr10=0.438300 cur_test_mrr20=0.282400 cur_test_hr10=0.444400 run_best_mrr20=0.281900 run_best_hr10=0.436500 run_test_mrr20=0.283100 run_test_hr10=0.438600

[6/8] learning_rate=0.001441
  -> MRR@20=0.277200  best=0.281900  (early_stop@10, trial=5.3min, avg=5.3min/trial, total=31.8min, ETA=10.6min)
[TRIAL_METRICS] cur_best_mrr20=0.277200 cur_best_hr10=0.433600 cur_test_mrr20=0.278700 cur_test_hr10=0.436700 run_best_mrr20=0.281900 run_best_hr10=0.436500 run_test_mrr20=0.283100 run_test_hr10=0.438600

[7/8] learning_rate=0.0009637
  -> MRR@20=0.280200  best=0.281900  (early_stop@11, trial=5.5min, avg=5.3min/trial, total=37.3min, ETA=5.3min)
[TRIAL_METRICS] cur_best_mrr20=0.280200 cur_best_hr10=0.436700 cur_test_mrr20=0.280400 cur_test_hr10=0.437700 run_best_mrr20=0.281900 run_best_hr10=0.436500 run_test_mrr20=0.283100 run_test_hr10=0.438600

[8/8] learning_rate=0.001542
  -> MRR@20=0.267700  best=0.281900  (early_stop@8, trial=4.2min, avg=5.2min/trial, total=41.5min, ETA=0s)
[TRIAL_METRICS] cur_best_mrr20=0.267700 cur_best_hr10=0.426400 cur_test_mrr20=0.267600 cur_test_hr10=0.430300 run_best_mrr20=0.281900 run_best_hr10=0.436500 run_test_mrr20=0.283100 run_test_hr10=0.438600

=================================================================
  DONE  |  FEARec x retail_rocket
  Best MRR@20 = 0.281900  |  8/8 trials OK
  Best HR@10  = 0.436500
  Test MRR@20 = 0.283100  (best-valid checkpoint)
  Test HR@10  = 0.438600  (best-valid checkpoint)
[RUN_METRICS] best_valid_mrr20=0.281900 best_valid_hr10=0.436500 test_mrr20=0.283100 test_hr10=0.438600
  Total time: 41.5 min
  Best params:
    learning_rate: 0.000952888
  Results -> /workspace/FeaturedMoE/experiments/run/artifacts/results/baseline/retail_rocket_FEARec_p24_i2_d12_mfearec_c08_i2_fearec_fb02_s1_20260412_170544_769050_pid216232.json
  Normal mirror -> /workspace/FeaturedMoE/experiments/run/artifacts/results/baseline/normal/stagei_progressiverecovery_anchor2_core5/P24/retail_rocket/FEARec/retail_rocket_FEARec_p24_i2_d12_mfearec_c08_i2_fearec_fb02_s1_20260412_170544_769050_pid216232.json
  Special result -> /workspace/FeaturedMoE/experiments/run/artifacts/results/baseline/special/stagei_progressiverecovery_anchor2_core5/P24/retail_rocket/FEARec/retail_rocket_FEARec_p24_i2_d12_mfearec_c08_i2_fearec_fb02_s1_20260412_170544_769050_pid216232_special_metrics.json
  Special log -> /workspace/FeaturedMoE/experiments/run/artifacts/logs/baseline/special/stagei_progressiverecovery_anchor2_core5/P24/retail_rocket/FEARec/retail_rocket_FEARec_p24_i2_d12_mfearec_c08_i2_fearec_fb02_s1_20260412_170544_769050_pid216232_special_metrics.json
=================================================================

[RUN_STATUS] END status=normal pid=216232 start=2026-04-12T17:05:44 end=2026-04-12T17:47:13
