[STAGEI_PROGRESSIVE_RECOVERY_ANCHOR2_CORE5_SETTING_HEADER]
run_phase=P24_I2_D02_MGRU4REC_C02_I2_GRU4REC_WIDTH_UP_S1 run_id=I2_AMAZON_BEAUTY_GRU4REC_I2_GRU4REC_WIDTH_UP_S1 phase_id=P24 axis_id=SI pass_name=pass2 model=GRU4Rec candidate_id=I2_GRU4REC_WIDTH_UP seed=1
dataset=amazon_beauty gpu=6 candidate_source=history_perturb source_stage=StageH_TargetedRecovery_anchor2_core5 anchor_run_id=SH_AMAZON_BEAUTY_GRU4REC_AB_GRU_STAGEH_REC1_S1 batch_profile=pass2:bs3328/3840
max_evals=8 tune_epochs=50 tune_patience=5
seed=240013

[COMMAND]
- /venv/FMoE/bin/python hyperopt_tune.py --config-name tune_ab --max-evals 8 --tune-epochs 50 --tune-patience 5 --seed 240013 --run-group baseline --run-axis StageI_ProgressiveRecovery_anchor2_core5 --run-phase P24_I2_D02_MGRU4REC_C02_I2_GRU4REC_WIDTH_UP_S1 model=gru4rec dataset=amazon_beauty eval_mode=session_fixed feature_mode=full_v3 gpu_id=6 log_wandb=false show_progress=false ++special_logging=true ++seed=240013 ++search={learning_rate:[0.0038719659397983704,0.006496994403039419]} ++search_space_type_overrides={learning_rate:"loguniform"} ++weight_decay=3.6e-05 ++search.weight_decay=[3.6e-05] ++search_space_type_overrides.weight_decay=choice ++search.n_layers=[3] ++search_space_type_overrides.n_layers=choice ++search.num_layers=[3] ++search_space_type_overrides.num_layers=choice ++search.n_heads=[4] ++search_space_type_overrides.n_heads=choice ++search.num_heads=[4] ++search_space_type_overrides.num_heads=choice ++search.dropout_ratio=[0.030000000000000002] ++search_space_type_overrides.dropout_ratio=choice ++search.dropout_prob=[0.030000000000000002] ++search_space_type_overrides.dropout_prob=choice ++search.hidden_dropout_prob=[0.030000000000000002] ++search_space_type_overrides.hidden_dropout_prob=choice ++search.attn_dropout_prob=[0.030000000000000002] ++search_space_type_overrides.attn_dropout_prob=choice ++search.hidden_size=[320] ++search_space_type_overrides.hidden_size=choice ++search.embedding_size=[320] ++search_space_type_overrides.embedding_size=choice ++search.inner_size=[640] ++search_space_type_overrides.inner_size=choice ++search.time_span=[384] ++search_space_type_overrides.time_span=choice ++search.num_experts=[6] ++search_space_type_overrides.num_experts=choice ++search.state_size=[24] ++search_space_type_overrides.state_size=choice ++search.conv_kernel=[6] ++search_space_type_overrides.conv_kernel=choice ++search.remaining_ratio=[0.6] ++search_space_type_overrides.remaining_ratio=choice ++search.MAX_ITEM_LIST_LENGTH=[10] ++search_space_type_overrides.MAX_ITEM_LIST_LENGTH=choice ++dropout_prob=0.030000000000000002 ++train_batch_size=3328 ++eval_batch_size=3840 ++hidden_size=320 ++embedding_size=320 ++MAX_ITEM_LIST_LENGTH=10 ++num_layers=3
/venv/FMoE/lib/python3.10/site-packages/ray/_private/parameter.py:4: UserWarning: pkg_resources is deprecated as an API. See https://setuptools.pypa.io/en/latest/pkg_resources.html. The pkg_resources package is slated for removal as early as 2025-11-30. Refrain from using this package or pin to Setuptools<81.
  import pkg_resources
[RUN_STATUS] START pid=247796 ts=2026-04-12T21:58:54

=================================================================
  Hyperopt TPE  |  GRU4Rec x amazon_beauty
  max_evals=8  epochs=50  patience=5  wandb=off
  batch_size(train/valid/test)=3328/3840/3840
  track=baseline  axis=stagei_progressiverecovery_anchor2_core5  phase=P24_I2_D02_MGRU4REC_C02_I2_GRU4REC_WIDTH_UP_S1
=================================================================
Changed knobs: learning_rate
Tuned params(len>1): 1  (~1 discrete combos)
Tuned groups: 1
  [optimization]
    learning_rate                   [0.0038719659397983704, 0.006496994403039419]  -> loguniform
Fixed params(singleton/non-list): 18
Fixed groups: 18
  [optimization]
    hidden_dropout_prob             0.030000000000000002                    
    weight_decay                    3.6e-05                                 
  [model_core]
    attn_dropout_prob               0.030000000000000002                    
    dropout_prob                    0.030000000000000002                    
    dropout_ratio                   0.030000000000000002                    
    embedding_size                  320                                     
    hidden_size                     320                                     
    inner_size                      640                                     
    num_heads                       4                                       
    num_layers                      3                                       
  [other]
    MAX_ITEM_LIST_LENGTH            10                                      
    conv_kernel                     6                                       
    n_heads                         4                                       
    n_layers                        3                                       
    num_experts                     6                                       
    remaining_ratio                 0.6                                     
    state_size                      24                                      
    time_span                       384                                     

[Wandb] disabled for this hyperopt run

[1/8] learning_rate=0.005733
  -> MRR@20=0.003600  best=0.003600  (early_stop@7, trial=1s, avg=3s/trial, total=3s, ETA=22s)
[TRIAL_METRICS] cur_best_mrr20=0.003600 cur_best_hr10=0.008800 cur_test_mrr20=0.003900 cur_test_hr10=0.017500 run_best_mrr20=0.003600 run_best_hr10=0.008800 run_test_mrr20=0.003900 run_test_hr10=0.017500

[2/8] learning_rate=0.005186
  -> MRR@20=0.003500  best=0.003600  (early_stop@7, trial=1s, avg=2s/trial, total=4s, ETA=13s)
[TRIAL_METRICS] cur_best_mrr20=0.003500 cur_best_hr10=0.008800 cur_test_mrr20=0.003900 cur_test_hr10=0.017500 run_best_mrr20=0.003600 run_best_hr10=0.008800 run_test_mrr20=0.003900 run_test_hr10=0.017500

[3/8] learning_rate=0.005156
  -> MRR@20=0.003500  best=0.003600  (early_stop@7, trial=1s, avg=2s/trial, total=5s, ETA=9s)
[TRIAL_METRICS] cur_best_mrr20=0.003500 cur_best_hr10=0.008800 cur_test_mrr20=0.003900 cur_test_hr10=0.017500 run_best_mrr20=0.003600 run_best_hr10=0.008800 run_test_mrr20=0.003900 run_test_hr10=0.017500

[4/8] learning_rate=0.004105
  -> MRR@20=0.005900  best=0.005900  (early_stop@8, trial=1s, avg=2s/trial, total=6s, ETA=6s)
[TRIAL_METRICS] cur_best_mrr20=0.005900 cur_best_hr10=0.017700 cur_test_mrr20=0.003700 cur_test_hr10=0.017500 run_best_mrr20=0.005900 run_best_hr10=0.017700 run_test_mrr20=0.003700 run_test_hr10=0.017500

[5/8] learning_rate=0.005986
  -> MRR@20=0.003600  best=0.005900  (early_stop@7, trial=1s, avg=1s/trial, total=7s, ETA=4s)
[TRIAL_METRICS] cur_best_mrr20=0.003600 cur_best_hr10=0.008800 cur_test_mrr20=0.003900 cur_test_hr10=0.017500 run_best_mrr20=0.005900 run_best_hr10=0.017700 run_test_mrr20=0.003700 run_test_hr10=0.017500

[6/8] learning_rate=0.005021
  -> MRR@20=0.003500  best=0.005900  (early_stop@7, trial=1s, avg=1s/trial, total=8s, ETA=3s)
[TRIAL_METRICS] cur_best_mrr20=0.003500 cur_best_hr10=0.008800 cur_test_mrr20=0.003900 cur_test_hr10=0.017500 run_best_mrr20=0.005900 run_best_hr10=0.017700 run_test_mrr20=0.003700 run_test_hr10=0.017500

[7/8] learning_rate=0.005468
  -> MRR@20=0.003500  best=0.005900  (early_stop@7, trial=1s, avg=1s/trial, total=9s, ETA=1s)
[TRIAL_METRICS] cur_best_mrr20=0.003500 cur_best_hr10=0.008800 cur_test_mrr20=0.003900 cur_test_hr10=0.017500 run_best_mrr20=0.005900 run_best_hr10=0.017700 run_test_mrr20=0.003700 run_test_hr10=0.017500

[8/8] learning_rate=0.003881
  -> MRR@20=0.008800  best=0.008800  (early_stop@10, trial=1s, avg=1s/trial, total=11s, ETA=0s)
[TRIAL_METRICS] cur_best_mrr20=0.008800 cur_best_hr10=0.008800 cur_test_mrr20=0.000000 cur_test_hr10=0.000000 run_best_mrr20=0.008800 run_best_hr10=0.008800 run_test_mrr20=0.000000 run_test_hr10=0.000000

=================================================================
  DONE  |  GRU4Rec x amazon_beauty
  Best MRR@20 = 0.008800  |  8/8 trials OK
  Best HR@10  = 0.008800
  Test MRR@20 = 0.000000  (best-valid checkpoint)
  Test HR@10  = 0.000000  (best-valid checkpoint)
[RUN_METRICS] best_valid_mrr20=0.008800 best_valid_hr10=0.008800 test_mrr20=0.000000 test_hr10=0.000000
  Total time: 0.2 min
  Best params:
    learning_rate: 0.00388061
  Results -> /workspace/FeaturedMoE/experiments/run/artifacts/results/baseline/amazon_beauty_GRU4Rec_p24_i2_d02_mgru4rec_c02_i2_gru4rec_width_up_s1_20260412_215854_402819_pid247796.json
  Normal mirror -> /workspace/FeaturedMoE/experiments/run/artifacts/results/baseline/normal/stagei_progressiverecovery_anchor2_core5/P24/amazon_beauty/GRU4Rec/amazon_beauty_GRU4Rec_p24_i2_d02_mgru4rec_c02_i2_gru4rec_width_up_s1_20260412_215854_402819_pid247796.json
  Special result -> /workspace/FeaturedMoE/experiments/run/artifacts/results/baseline/special/stagei_progressiverecovery_anchor2_core5/P24/amazon_beauty/GRU4Rec/amazon_beauty_GRU4Rec_p24_i2_d02_mgru4rec_c02_i2_gru4rec_width_up_s1_20260412_215854_402819_pid247796_special_metrics.json
  Special log -> /workspace/FeaturedMoE/experiments/run/artifacts/logs/baseline/special/stagei_progressiverecovery_anchor2_core5/P24/amazon_beauty/GRU4Rec/amazon_beauty_GRU4Rec_p24_i2_d02_mgru4rec_c02_i2_gru4rec_width_up_s1_20260412_215854_402819_pid247796_special_metrics.json
=================================================================

[RUN_STATUS] END status=normal pid=247796 start=2026-04-12T21:58:54 end=2026-04-12T21:59:05
