[RUN_STATUS] START pid=302221 ts=2026-03-08T10:11:36

=================================================================
  Hyperopt TPE  |  FeaturedMoE_v2 x retail_rocket
  max_evals=20  epochs=80  patience=10  wandb=ON
  batch_size(train/valid/test)=3072/6144/6144
  track=fmoe_v2  axis=hparam  phase=P2DB_G0_C1_serial_L7_E128_R64_B3072
=================================================================
Changed knobs: balance_loss_lambda, hidden_dropout_prob, learning_rate, weight_decay
Tuned params(len>1): 4  (~1 discrete combos)
Tuned groups: 4
  [optimization]
    balance_loss_lambda             [0.003, 0.01, 0.03, 0.05]                 -> loguniform
    hidden_dropout_prob             [0.05, 0.1, 0.15]                         -> uniform
    learning_rate                   [0.0002, 0.0003, 0.0005, 0.00075, 0.001, 0.0015, 0.002]  -> loguniform
    weight_decay                    [0, 1e-07, 1e-06, 1e-05, 5e-05, 0.0001]   -> loguniform_zero
Fixed params(singleton/non-list): 31
Fixed groups: 31
  [model_core]
    d_expert_hidden                 128                                     
    d_feat_emb                      16                                      
    d_router_hidden                 64                                      
    embedding_size                  128                                     
    expert_scale                    3                                       
    num_heads                       8                                       
  [layout]
    fmoe_v2_layout_id               7                                       
  [routing_moe]
    micro_router_temperature_start  1.3                                     
    mid_router_temperature_start    1.3                                     
    moe_top_k                       0                                       
    moe_top_k_policy                auto                                    
    moe_top_k_ratio                 0.5                                     
    moe_top_k_start                 0                                       
    moe_top_k_warmup_until          0                                       
    router_impl                     learned                                 
    router_impl_by_stage            {}                                      
    rule_router.feature_per_expert  4                                       
    rule_router.n_bins              5                                       
  [schedule]
    alpha_warmup_end                1.0                                     
    alpha_warmup_start              0.0                                     
    alpha_warmup_until              0                                       
    fmoe_schedule_enable            False                                   
    temperature_warmup_until        0                                       
  [merge_hir]
    fmoe_v2_parallel_stage_gate_temperature  1.0                                     
    fmoe_v2_parallel_stage_gate_top_k  0                                       
    fmoe_v2_stage_merge_aux_enable  False                                   
    fmoe_v2_stage_merge_aux_lambda_scale  1.0                                     
  [other]
    MAX_ITEM_LIST_LENGTH            10                                      
    fmoe_stage_execution_mode       serial                                  
    fmoe_v2_feature_spec_aux_enable  False                                   
    fmoe_v2_feature_spec_aux_lambda  0.0                                     
Layout details:
  execution(fixed)=serial
  id=7 exec=serial pre=0 post=0 total_layers=4 total_moe=3 | macro(pass=1,moe=1) | mid(pass=0,moe=1) | micro(pass=0,moe=1)

[Wandb] per-trial mode enabled project=2026_FMoE_hyperopt

[1/20] balance_loss_lambda=0.006418, hidden_dropout_prob=0.08552, learning_rate=0.0005254, weight_decay=0
[Wandb] trial 1 started project=2026_FMoE_hyperopt name=tune_retail_rocket_FeaturedMoE_v2_hparam_P2DB_G0_C1_serial_L7_E128_R64_B3072_T001_20260308_101137
    [Device] CUDA_VISIBLE_DEVICES=0 | torch_device=cuda:0 (NVIDIA RTX A5000)
    [DataCache] save_dataset=True save_dataloaders=False | checkpoint_dir=saved/recbole_cache/retail_rocket_feature_added_session_len10 | dataloaders_save_path=saved/recbole_cache/retail_rocket_feature_added_session_len10/retail_rocket-for-dataloader.pth
    [DataPrep] cache_hit=disk_or_build, create_dataset=0.44s, data_preparation=1.37s, n_items=90212
  -> MRR@20=0.2620  best=0.2620  (early_stop@29, trial=9.8min, avg=9.9min/trial, total=9.9min, ETA=3.14h)
[Wandb] trial finished name=tune_retail_rocket_FeaturedMoE_v2_hparam_P2DB_G0_C1_serial_L7_E128_R64_B3072_T001_20260308_101137

[2/20] balance_loss_lambda=0.01061, hidden_dropout_prob=0.1135, learning_rate=0.0008866, weight_decay=6.694e-05
[Wandb] trial 2 started project=2026_FMoE_hyperopt name=tune_retail_rocket_FeaturedMoE_v2_hparam_P2DB_G0_C1_serial_L7_E128_R64_B3072_T002_20260308_102131
    [Device] CUDA_VISIBLE_DEVICES=0 | torch_device=cuda:0 (NVIDIA RTX A5000)
    [DataCache] save_dataset=True save_dataloaders=False | checkpoint_dir=saved/recbole_cache/retail_rocket_feature_added_session_len10 | dataloaders_save_path=saved/recbole_cache/retail_rocket_feature_added_session_len10/retail_rocket-for-dataloader.pth
    [DataPrep] cache_hit=memory, create_dataset=0.00s, data_preparation=0.00s, n_items=90212
  -> MRR@20=0.2618  best=0.2620  (early_stop@24, trial=8.1min, avg=9.0min/trial, total=18.1min, ETA=2.71h)
[Wandb] trial finished name=tune_retail_rocket_FeaturedMoE_v2_hparam_P2DB_G0_C1_serial_L7_E128_R64_B3072_T002_20260308_102131

[3/20] balance_loss_lambda=0.009925, hidden_dropout_prob=0.1061, learning_rate=0.0009396, weight_decay=5.174e-05
[Wandb] trial 3 started project=2026_FMoE_hyperopt name=tune_retail_rocket_FeaturedMoE_v2_hparam_P2DB_G0_C1_serial_L7_E128_R64_B3072_T003_20260308_102943
    [Device] CUDA_VISIBLE_DEVICES=0 | torch_device=cuda:0 (NVIDIA RTX A5000)
    [DataCache] save_dataset=True save_dataloaders=False | checkpoint_dir=saved/recbole_cache/retail_rocket_feature_added_session_len10 | dataloaders_save_path=saved/recbole_cache/retail_rocket_feature_added_session_len10/retail_rocket-for-dataloader.pth
    [DataPrep] cache_hit=memory, create_dataset=0.00s, data_preparation=0.00s, n_items=90212
  -> MRR@20=0.2617  best=0.2620  (early_stop@24, trial=8.2min, avg=8.8min/trial, total=26.3min, ETA=2.49h)
[Wandb] trial finished name=tune_retail_rocket_FeaturedMoE_v2_hparam_P2DB_G0_C1_serial_L7_E128_R64_B3072_T003_20260308_102943

[4/20] balance_loss_lambda=0.02698, hidden_dropout_prob=0.1424, learning_rate=0.001604, weight_decay=0
[Wandb] trial 4 started project=2026_FMoE_hyperopt name=tune_retail_rocket_FeaturedMoE_v2_hparam_P2DB_G0_C1_serial_L7_E128_R64_B3072_T004_20260308_103757
    [Device] CUDA_VISIBLE_DEVICES=0 | torch_device=cuda:0 (NVIDIA RTX A5000)
    [DataCache] save_dataset=True save_dataloaders=False | checkpoint_dir=saved/recbole_cache/retail_rocket_feature_added_session_len10 | dataloaders_save_path=saved/recbole_cache/retail_rocket_feature_added_session_len10/retail_rocket-for-dataloader.pth
    [DataPrep] cache_hit=memory, create_dataset=0.00s, data_preparation=0.00s, n_items=90212
  -> MRR@20=0.2567  best=0.2620  (early_stop@17, trial=5.8min, avg=8.0min/trial, total=32.2min, ETA=2.14h)
[Wandb] trial finished name=tune_retail_rocket_FeaturedMoE_v2_hparam_P2DB_G0_C1_serial_L7_E128_R64_B3072_T004_20260308_103757

[5/20] balance_loss_lambda=0.004815, hidden_dropout_prob=0.08872, learning_rate=0.0003265, weight_decay=0
[Wandb] trial 5 started project=2026_FMoE_hyperopt name=tune_retail_rocket_FeaturedMoE_v2_hparam_P2DB_G0_C1_serial_L7_E128_R64_B3072_T005_20260308_104348
    [Device] CUDA_VISIBLE_DEVICES=0 | torch_device=cuda:0 (NVIDIA RTX A5000)
    [DataCache] save_dataset=True save_dataloaders=False | checkpoint_dir=saved/recbole_cache/retail_rocket_feature_added_session_len10 | dataloaders_save_path=saved/recbole_cache/retail_rocket_feature_added_session_len10/retail_rocket-for-dataloader.pth
    [DataPrep] cache_hit=memory, create_dataset=0.00s, data_preparation=0.00s, n_items=90212
  -> MRR@20=0.2630  best=0.2630  (early_stop@37, trial=12.6min, avg=9.0min/trial, total=44.8min, ETA=2.24h)
[Wandb] trial finished name=tune_retail_rocket_FeaturedMoE_v2_hparam_P2DB_G0_C1_serial_L7_E128_R64_B3072_T005_20260308_104348

[6/20] balance_loss_lambda=0.005581, hidden_dropout_prob=0.08316, learning_rate=0.001438, weight_decay=6.59e-05
[Wandb] trial 6 started project=2026_FMoE_hyperopt name=tune_retail_rocket_FeaturedMoE_v2_hparam_P2DB_G0_C1_serial_L7_E128_R64_B3072_T006_20260308_105626
    [Device] CUDA_VISIBLE_DEVICES=0 | torch_device=cuda:0 (NVIDIA RTX A5000)
    [DataCache] save_dataset=True save_dataloaders=False | checkpoint_dir=saved/recbole_cache/retail_rocket_feature_added_session_len10 | dataloaders_save_path=saved/recbole_cache/retail_rocket_feature_added_session_len10/retail_rocket-for-dataloader.pth
    [DataPrep] cache_hit=memory, create_dataset=0.00s, data_preparation=0.00s, n_items=90212
  -> MRR@20=0.2576  best=0.2630  (early_stop@20, trial=6.8min, avg=8.6min/trial, total=51.7min, ETA=2.01h)
[Wandb] trial finished name=tune_retail_rocket_FeaturedMoE_v2_hparam_P2DB_G0_C1_serial_L7_E128_R64_B3072_T006_20260308_105626

[7/20] balance_loss_lambda=0.02237, hidden_dropout_prob=0.1192, learning_rate=0.001229, weight_decay=9.04e-06
[Wandb] trial 7 started project=2026_FMoE_hyperopt name=tune_retail_rocket_FeaturedMoE_v2_hparam_P2DB_G0_C1_serial_L7_E128_R64_B3072_T007_20260308_110318
    [Device] CUDA_VISIBLE_DEVICES=0 | torch_device=cuda:0 (NVIDIA RTX A5000)
    [DataCache] save_dataset=True save_dataloaders=False | checkpoint_dir=saved/recbole_cache/retail_rocket_feature_added_session_len10 | dataloaders_save_path=saved/recbole_cache/retail_rocket_feature_added_session_len10/retail_rocket-for-dataloader.pth
    [DataPrep] cache_hit=memory, create_dataset=0.00s, data_preparation=0.00s, n_items=90212
  -> MRR@20=0.2595  best=0.2630  (early_stop@20, trial=6.8min, avg=8.4min/trial, total=58.5min, ETA=1.81h)
[Wandb] trial finished name=tune_retail_rocket_FeaturedMoE_v2_hparam_P2DB_G0_C1_serial_L7_E128_R64_B3072_T007_20260308_110318

[8/20] balance_loss_lambda=0.007338, hidden_dropout_prob=0.08706, learning_rate=0.001698, weight_decay=4.782e-07
[Wandb] trial 8 started project=2026_FMoE_hyperopt name=tune_retail_rocket_FeaturedMoE_v2_hparam_P2DB_G0_C1_serial_L7_E128_R64_B3072_T008_20260308_111009
    [Device] CUDA_VISIBLE_DEVICES=0 | torch_device=cuda:0 (NVIDIA RTX A5000)
    [DataCache] save_dataset=True save_dataloaders=False | checkpoint_dir=saved/recbole_cache/retail_rocket_feature_added_session_len10 | dataloaders_save_path=saved/recbole_cache/retail_rocket_feature_added_session_len10/retail_rocket-for-dataloader.pth
    [DataPrep] cache_hit=memory, create_dataset=0.00s, data_preparation=0.00s, n_items=90212
  -> MRR@20=0.2559  best=0.2630  (early_stop@16, trial=5.4min, avg=8.0min/trial, total=1.07h, ETA=1.60h)
[Wandb] trial finished name=tune_retail_rocket_FeaturedMoE_v2_hparam_P2DB_G0_C1_serial_L7_E128_R64_B3072_T008_20260308_111009

[9/20] balance_loss_lambda=0.005757, hidden_dropout_prob=0.05381, learning_rate=0.0002923, weight_decay=0
[Wandb] trial 9 started project=2026_FMoE_hyperopt name=tune_retail_rocket_FeaturedMoE_v2_hparam_P2DB_G0_C1_serial_L7_E128_R64_B3072_T009_20260308_111540
    [Device] CUDA_VISIBLE_DEVICES=0 | torch_device=cuda:0 (NVIDIA RTX A5000)
    [DataCache] save_dataset=True save_dataloaders=False | checkpoint_dir=saved/recbole_cache/retail_rocket_feature_added_session_len10 | dataloaders_save_path=saved/recbole_cache/retail_rocket_feature_added_session_len10/retail_rocket-for-dataloader.pth
    [DataPrep] cache_hit=memory, create_dataset=0.00s, data_preparation=0.00s, n_items=90212
  -> MRR@20=0.2619  best=0.2630  (early_stop@35, trial=11.9min, avg=8.4min/trial, total=1.27h, ETA=1.55h)
[Wandb] trial finished name=tune_retail_rocket_FeaturedMoE_v2_hparam_P2DB_G0_C1_serial_L7_E128_R64_B3072_T009_20260308_111540

[10/20] balance_loss_lambda=0.003062, hidden_dropout_prob=0.05296, learning_rate=0.0007691, weight_decay=0
[Wandb] trial 10 started project=2026_FMoE_hyperopt name=tune_retail_rocket_FeaturedMoE_v2_hparam_P2DB_G0_C1_serial_L7_E128_R64_B3072_T010_20260308_112737
    [Device] CUDA_VISIBLE_DEVICES=0 | torch_device=cuda:0 (NVIDIA RTX A5000)
    [DataCache] save_dataset=True save_dataloaders=False | checkpoint_dir=saved/recbole_cache/retail_rocket_feature_added_session_len10 | dataloaders_save_path=saved/recbole_cache/retail_rocket_feature_added_session_len10/retail_rocket-for-dataloader.pth
    [DataPrep] cache_hit=memory, create_dataset=0.00s, data_preparation=0.00s, n_items=90212
  -> MRR@20=0.2607  best=0.2630  (early_stop@20, trial=6.8min, avg=8.3min/trial, total=1.38h, ETA=1.38h)
[Wandb] trial finished name=tune_retail_rocket_FeaturedMoE_v2_hparam_P2DB_G0_C1_serial_L7_E128_R64_B3072_T010_20260308_112737

[11/20] balance_loss_lambda=0.04932, hidden_dropout_prob=0.05499, learning_rate=0.0004445, weight_decay=1.577e-05
[Wandb] trial 11 started project=2026_FMoE_hyperopt name=tune_retail_rocket_FeaturedMoE_v2_hparam_P2DB_G0_C1_serial_L7_E128_R64_B3072_T011_20260308_113428
    [Device] CUDA_VISIBLE_DEVICES=0 | torch_device=cuda:0 (NVIDIA RTX A5000)
    [DataCache] save_dataset=True save_dataloaders=False | checkpoint_dir=saved/recbole_cache/retail_rocket_feature_added_session_len10 | dataloaders_save_path=saved/recbole_cache/retail_rocket_feature_added_session_len10/retail_rocket-for-dataloader.pth
    [DataPrep] cache_hit=memory, create_dataset=0.00s, data_preparation=0.00s, n_items=90212
  -> MRR@20=0.2632  best=0.2632  (early_stop@29, trial=9.9min, avg=8.4min/trial, total=1.55h, ETA=1.27h)
[Wandb] trial finished name=tune_retail_rocket_FeaturedMoE_v2_hparam_P2DB_G0_C1_serial_L7_E128_R64_B3072_T011_20260308_113428

[12/20] balance_loss_lambda=0.02376, hidden_dropout_prob=0.08303, learning_rate=0.000711, weight_decay=0
[Wandb] trial 12 started project=2026_FMoE_hyperopt name=tune_retail_rocket_FeaturedMoE_v2_hparam_P2DB_G0_C1_serial_L7_E128_R64_B3072_T012_20260308_114426
    [Device] CUDA_VISIBLE_DEVICES=0 | torch_device=cuda:0 (NVIDIA RTX A5000)
    [DataCache] save_dataset=True save_dataloaders=False | checkpoint_dir=saved/recbole_cache/retail_rocket_feature_added_session_len10 | dataloaders_save_path=saved/recbole_cache/retail_rocket_feature_added_session_len10/retail_rocket-for-dataloader.pth
    [DataPrep] cache_hit=memory, create_dataset=0.00s, data_preparation=0.00s, n_items=90212
  -> MRR@20=0.2612  best=0.2632  (early_stop@24, trial=8.2min, avg=8.4min/trial, total=1.68h, ETA=1.12h)
[Wandb] trial finished name=tune_retail_rocket_FeaturedMoE_v2_hparam_P2DB_G0_C1_serial_L7_E128_R64_B3072_T012_20260308_114426

[13/20] balance_loss_lambda=0.02066, hidden_dropout_prob=0.0732, learning_rate=0.0002396, weight_decay=0
[Wandb] trial 13 started project=2026_FMoE_hyperopt name=tune_retail_rocket_FeaturedMoE_v2_hparam_P2DB_G0_C1_serial_L7_E128_R64_B3072_T013_20260308_115239
    [Device] CUDA_VISIBLE_DEVICES=0 | torch_device=cuda:0 (NVIDIA RTX A5000)
    [DataCache] save_dataset=True save_dataloaders=False | checkpoint_dir=saved/recbole_cache/retail_rocket_feature_added_session_len10 | dataloaders_save_path=saved/recbole_cache/retail_rocket_feature_added_session_len10/retail_rocket-for-dataloader.pth
    [DataPrep] cache_hit=memory, create_dataset=0.00s, data_preparation=0.00s, n_items=90212
  -> MRR@20=0.2626  best=0.2632  (early_stop@47, trial=16.0min, avg=9.0min/trial, total=1.95h, ETA=1.05h)
[Wandb] trial finished name=tune_retail_rocket_FeaturedMoE_v2_hparam_P2DB_G0_C1_serial_L7_E128_R64_B3072_T013_20260308_115239

[14/20] balance_loss_lambda=0.03, hidden_dropout_prob=0.09356, learning_rate=0.001646, weight_decay=0
[Wandb] trial 14 started project=2026_FMoE_hyperopt name=tune_retail_rocket_FeaturedMoE_v2_hparam_P2DB_G0_C1_serial_L7_E128_R64_B3072_T014_20260308_120843
    [Device] CUDA_VISIBLE_DEVICES=0 | torch_device=cuda:0 (NVIDIA RTX A5000)
    [DataCache] save_dataset=True save_dataloaders=False | checkpoint_dir=saved/recbole_cache/retail_rocket_feature_added_session_len10 | dataloaders_save_path=saved/recbole_cache/retail_rocket_feature_added_session_len10/retail_rocket-for-dataloader.pth
    [DataPrep] cache_hit=memory, create_dataset=0.00s, data_preparation=0.00s, n_items=90212
  -> MRR@20=0.2552  best=0.2632  (early_stop@16, trial=5.4min, avg=8.8min/trial, total=2.04h, ETA=52.5min)
[Wandb] trial finished name=tune_retail_rocket_FeaturedMoE_v2_hparam_P2DB_G0_C1_serial_L7_E128_R64_B3072_T014_20260308_120843

[15/20] balance_loss_lambda=0.006975, hidden_dropout_prob=0.08052, learning_rate=0.000235, weight_decay=1.931e-07
[Wandb] trial 15 started project=2026_FMoE_hyperopt name=tune_retail_rocket_FeaturedMoE_v2_hparam_P2DB_G0_C1_serial_L7_E128_R64_B3072_T015_20260308_121412
    [Device] CUDA_VISIBLE_DEVICES=0 | torch_device=cuda:0 (NVIDIA RTX A5000)
    [DataCache] save_dataset=True save_dataloaders=False | checkpoint_dir=saved/recbole_cache/retail_rocket_feature_added_session_len10 | dataloaders_save_path=saved/recbole_cache/retail_rocket_feature_added_session_len10/retail_rocket-for-dataloader.pth
    [DataPrep] cache_hit=memory, create_dataset=0.00s, data_preparation=0.00s, n_items=90212
  -> MRR@20=0.2629  best=0.2632  (early_stop@47, trial=16.1min, avg=9.2min/trial, total=2.31h, ETA=46.2min)
[Wandb] trial finished name=tune_retail_rocket_FeaturedMoE_v2_hparam_P2DB_G0_C1_serial_L7_E128_R64_B3072_T015_20260308_121412

[16/20] balance_loss_lambda=0.004755, hidden_dropout_prob=0.1344, learning_rate=0.0004203, weight_decay=1.599e-05
[Wandb] trial 16 started project=2026_FMoE_hyperopt name=tune_retail_rocket_FeaturedMoE_v2_hparam_P2DB_G0_C1_serial_L7_E128_R64_B3072_T016_20260308_123020
    [Device] CUDA_VISIBLE_DEVICES=0 | torch_device=cuda:0 (NVIDIA RTX A5000)
    [DataCache] save_dataset=True save_dataloaders=False | checkpoint_dir=saved/recbole_cache/retail_rocket_feature_added_session_len10 | dataloaders_save_path=saved/recbole_cache/retail_rocket_feature_added_session_len10/retail_rocket-for-dataloader.pth
    [DataPrep] cache_hit=memory, create_dataset=0.00s, data_preparation=0.00s, n_items=90212
  -> MRR@20=0.2635  best=0.2635  (early_stop@37, trial=12.6min, avg=9.5min/trial, total=2.52h, ETA=37.8min)
[Wandb] trial finished name=tune_retail_rocket_FeaturedMoE_v2_hparam_P2DB_G0_C1_serial_L7_E128_R64_B3072_T016_20260308_123020

[17/20] balance_loss_lambda=0.006675, hidden_dropout_prob=0.1068, learning_rate=0.0009444, weight_decay=0
[Wandb] trial 17 started project=2026_FMoE_hyperopt name=tune_retail_rocket_FeaturedMoE_v2_hparam_P2DB_G0_C1_serial_L7_E128_R64_B3072_T017_20260308_124259
    [Device] CUDA_VISIBLE_DEVICES=0 | torch_device=cuda:0 (NVIDIA RTX A5000)
    [DataCache] save_dataset=True save_dataloaders=False | checkpoint_dir=saved/recbole_cache/retail_rocket_feature_added_session_len10 | dataloaders_save_path=saved/recbole_cache/retail_rocket_feature_added_session_len10/retail_rocket-for-dataloader.pth
    [DataPrep] cache_hit=memory, create_dataset=0.00s, data_preparation=0.00s, n_items=90212
  -> MRR@20=0.2612  best=0.2635  (early_stop@20, trial=6.8min, avg=9.3min/trial, total=2.64h, ETA=27.9min)
[Wandb] trial finished name=tune_retail_rocket_FeaturedMoE_v2_hparam_P2DB_G0_C1_serial_L7_E128_R64_B3072_T017_20260308_124259

[18/20] balance_loss_lambda=0.00866, hidden_dropout_prob=0.08271, learning_rate=0.001036, weight_decay=1.009e-07
[Wandb] trial 18 started project=2026_FMoE_hyperopt name=tune_retail_rocket_FeaturedMoE_v2_hparam_P2DB_G0_C1_serial_L7_E128_R64_B3072_T018_20260308_124951
    [Device] CUDA_VISIBLE_DEVICES=0 | torch_device=cuda:0 (NVIDIA RTX A5000)
    [DataCache] save_dataset=True save_dataloaders=False | checkpoint_dir=saved/recbole_cache/retail_rocket_feature_added_session_len10 | dataloaders_save_path=saved/recbole_cache/retail_rocket_feature_added_session_len10/retail_rocket-for-dataloader.pth
    [DataPrep] cache_hit=memory, create_dataset=0.00s, data_preparation=0.00s, n_items=90212
  -> MRR@20=0.2600  best=0.2635  (early_stop@20, trial=6.8min, avg=9.2min/trial, total=2.75h, ETA=18.3min)
[Wandb] trial finished name=tune_retail_rocket_FeaturedMoE_v2_hparam_P2DB_G0_C1_serial_L7_E128_R64_B3072_T018_20260308_124951

[19/20] balance_loss_lambda=0.02646, hidden_dropout_prob=0.05117, learning_rate=0.0005554, weight_decay=2.727e-06
[Wandb] trial 19 started project=2026_FMoE_hyperopt name=tune_retail_rocket_FeaturedMoE_v2_hparam_P2DB_G0_C1_serial_L7_E128_R64_B3072_T019_20260308_125642
    [Device] CUDA_VISIBLE_DEVICES=0 | torch_device=cuda:0 (NVIDIA RTX A5000)
    [DataCache] save_dataset=True save_dataloaders=False | checkpoint_dir=saved/recbole_cache/retail_rocket_feature_added_session_len10 | dataloaders_save_path=saved/recbole_cache/retail_rocket_feature_added_session_len10/retail_rocket-for-dataloader.pth
    [DataPrep] cache_hit=memory, create_dataset=0.00s, data_preparation=0.00s, n_items=90212
  -> MRR@20=0.2614  best=0.2635  (early_stop@24, trial=8.2min, avg=9.1min/trial, total=2.89h, ETA=9.1min)
[Wandb] trial finished name=tune_retail_rocket_FeaturedMoE_v2_hparam_P2DB_G0_C1_serial_L7_E128_R64_B3072_T019_20260308_125642

[20/20] balance_loss_lambda=0.01678, hidden_dropout_prob=0.0735, learning_rate=0.0004908, weight_decay=5.555e-06
[Wandb] trial 20 started project=2026_FMoE_hyperopt name=tune_retail_rocket_FeaturedMoE_v2_hparam_P2DB_G0_C1_serial_L7_E128_R64_B3072_T020_20260308_130455
    [Device] CUDA_VISIBLE_DEVICES=0 | torch_device=cuda:0 (NVIDIA RTX A5000)
    [DataCache] save_dataset=True save_dataloaders=False | checkpoint_dir=saved/recbole_cache/retail_rocket_feature_added_session_len10 | dataloaders_save_path=saved/recbole_cache/retail_rocket_feature_added_session_len10/retail_rocket-for-dataloader.pth
    [DataPrep] cache_hit=memory, create_dataset=0.00s, data_preparation=0.00s, n_items=90212
  -> MRR@20=0.2625  best=0.2635  (early_stop@29, trial=9.9min, avg=9.2min/trial, total=3.05h, ETA=0s)
[Wandb] trial finished name=tune_retail_rocket_FeaturedMoE_v2_hparam_P2DB_G0_C1_serial_L7_E128_R64_B3072_T020_20260308_130455

=================================================================
  DONE  |  FeaturedMoE_v2 x retail_rocket
  Best MRR@20 = 0.2635  |  20/20 trials OK
  Total time: 183.2 min
  Best params:
    balance_loss_lambda: 0.00475542
    hidden_dropout_prob: 0.134423
    learning_rate: 0.000420272
    weight_decay: 1.59857e-05
  Results -> /workspace/jy1559/FMoE/experiments/run/artifacts/results/fmoe_v2/retail_rocket_FeaturedMoE_v2_p2db_g0_c1_serial_l7_e128_r64_b3072_20260308_101136_508281_pid302221.json
=================================================================

[RUN_STATUS] END status=normal pid=302221 start=2026-03-08T10:11:36 end=2026-03-08T13:14:49
