[RUN_STATUS] START pid=302222 ts=2026-03-08T10:11:35

=================================================================
  Hyperopt TPE  |  FeaturedMoE_v2 x retail_rocket
  max_evals=20  epochs=80  patience=10  wandb=ON
  batch_size(train/valid/test)=3072/6144/6144
  track=fmoe_v2  axis=hparam  phase=P2DB_G3_C1_serial_L7_E128_R64_B3072
=================================================================
Changed knobs: balance_loss_lambda, hidden_dropout_prob, learning_rate, weight_decay
Tuned params(len>1): 4  (~1 discrete combos)
Tuned groups: 4
  [optimization]
    balance_loss_lambda             [0.003, 0.01, 0.03, 0.05]                 -> loguniform
    hidden_dropout_prob             [0.05, 0.1, 0.15]                         -> uniform
    learning_rate                   [0.0002, 0.0003, 0.0005, 0.00075, 0.001, 0.0015, 0.002]  -> loguniform
    weight_decay                    [0, 1e-07, 1e-06, 1e-05, 5e-05, 0.0001]   -> loguniform_zero
Fixed params(singleton/non-list): 31
Fixed groups: 31
  [model_core]
    d_expert_hidden                 512                                     
    d_feat_emb                      16                                      
    d_router_hidden                 64                                      
    embedding_size                  128                                     
    expert_scale                    3                                       
    num_heads                       8                                       
  [layout]
    fmoe_v2_layout_id               7                                       
  [routing_moe]
    micro_router_temperature_start  1.3                                     
    mid_router_temperature_start    1.3                                     
    moe_top_k                       0                                       
    moe_top_k_policy                auto                                    
    moe_top_k_ratio                 0.5                                     
    moe_top_k_start                 0                                       
    moe_top_k_warmup_until          0                                       
    router_impl                     learned                                 
    router_impl_by_stage            {}                                      
    rule_router.feature_per_expert  4                                       
    rule_router.n_bins              5                                       
  [schedule]
    alpha_warmup_end                1.0                                     
    alpha_warmup_start              0.0                                     
    alpha_warmup_until              0                                       
    fmoe_schedule_enable            False                                   
    temperature_warmup_until        0                                       
  [merge_hir]
    fmoe_v2_parallel_stage_gate_temperature  1.0                                     
    fmoe_v2_parallel_stage_gate_top_k  0                                       
    fmoe_v2_stage_merge_aux_enable  False                                   
    fmoe_v2_stage_merge_aux_lambda_scale  1.0                                     
  [other]
    MAX_ITEM_LIST_LENGTH            10                                      
    fmoe_stage_execution_mode       serial                                  
    fmoe_v2_feature_spec_aux_enable  False                                   
    fmoe_v2_feature_spec_aux_lambda  0.0                                     
Layout details:
  execution(fixed)=serial
  id=7 exec=serial pre=0 post=0 total_layers=4 total_moe=3 | macro(pass=1,moe=1) | mid(pass=0,moe=1) | micro(pass=0,moe=1)

[Wandb] per-trial mode enabled project=2026_FMoE_hyperopt

[1/20] balance_loss_lambda=0.008149, hidden_dropout_prob=0.09476, learning_rate=0.0004871, weight_decay=0
[Wandb] trial 1 started project=2026_FMoE_hyperopt name=tune_retail_rocket_FeaturedMoE_v2_hparam_P2DB_G3_C1_serial_L7_E128_R64_B3072_T001_20260308_101137
    [Device] CUDA_VISIBLE_DEVICES=3 | torch_device=cuda:0 (NVIDIA RTX A5000)
    [DataCache] save_dataset=True save_dataloaders=False | checkpoint_dir=saved/recbole_cache/retail_rocket_feature_added_session_len10 | dataloaders_save_path=saved/recbole_cache/retail_rocket_feature_added_session_len10/retail_rocket-for-dataloader.pth
    [DataPrep] cache_hit=disk_or_build, create_dataset=0.46s, data_preparation=1.39s, n_items=90212
  -> MRR@20=0.2625  best=0.2625  (early_stop@26, trial=11.6min, avg=11.7min/trial, total=11.7min, ETA=3.70h)
[Wandb] trial finished name=tune_retail_rocket_FeaturedMoE_v2_hparam_P2DB_G3_C1_serial_L7_E128_R64_B3072_T001_20260308_101137

[2/20] balance_loss_lambda=0.02568, hidden_dropout_prob=0.08866, learning_rate=0.0006237, weight_decay=0
[Wandb] trial 2 started project=2026_FMoE_hyperopt name=tune_retail_rocket_FeaturedMoE_v2_hparam_P2DB_G3_C1_serial_L7_E128_R64_B3072_T002_20260308_102319
    [Device] CUDA_VISIBLE_DEVICES=3 | torch_device=cuda:0 (NVIDIA RTX A5000)
    [DataCache] save_dataset=True save_dataloaders=False | checkpoint_dir=saved/recbole_cache/retail_rocket_feature_added_session_len10 | dataloaders_save_path=saved/recbole_cache/retail_rocket_feature_added_session_len10/retail_rocket-for-dataloader.pth
    [DataPrep] cache_hit=memory, create_dataset=0.00s, data_preparation=0.00s, n_items=90212
  -> MRR@20=0.2616  best=0.2625  (early_stop@21, trial=9.4min, avg=10.6min/trial, total=21.1min, ETA=3.17h)
[Wandb] trial finished name=tune_retail_rocket_FeaturedMoE_v2_hparam_P2DB_G3_C1_serial_L7_E128_R64_B3072_T002_20260308_102319

[3/20] balance_loss_lambda=0.008941, hidden_dropout_prob=0.08296, learning_rate=0.0008208, weight_decay=3.566e-07
[Wandb] trial 3 started project=2026_FMoE_hyperopt name=tune_retail_rocket_FeaturedMoE_v2_hparam_P2DB_G3_C1_serial_L7_E128_R64_B3072_T003_20260308_103244
    [Device] CUDA_VISIBLE_DEVICES=3 | torch_device=cuda:0 (NVIDIA RTX A5000)
    [DataCache] save_dataset=True save_dataloaders=False | checkpoint_dir=saved/recbole_cache/retail_rocket_feature_added_session_len10 | dataloaders_save_path=saved/recbole_cache/retail_rocket_feature_added_session_len10/retail_rocket-for-dataloader.pth
    [DataPrep] cache_hit=memory, create_dataset=0.00s, data_preparation=0.00s, n_items=90212
  -> MRR@20=0.2613  best=0.2625  (early_stop@20, trial=8.9min, avg=10.0min/trial, total=30.1min, ETA=2.84h)
[Wandb] trial finished name=tune_retail_rocket_FeaturedMoE_v2_hparam_P2DB_G3_C1_serial_L7_E128_R64_B3072_T003_20260308_103244

[4/20] balance_loss_lambda=0.01398, hidden_dropout_prob=0.06855, learning_rate=0.0003471, weight_decay=0
[Wandb] trial 4 started project=2026_FMoE_hyperopt name=tune_retail_rocket_FeaturedMoE_v2_hparam_P2DB_G3_C1_serial_L7_E128_R64_B3072_T004_20260308_104143
    [Device] CUDA_VISIBLE_DEVICES=3 | torch_device=cuda:0 (NVIDIA RTX A5000)
    [DataCache] save_dataset=True save_dataloaders=False | checkpoint_dir=saved/recbole_cache/retail_rocket_feature_added_session_len10 | dataloaders_save_path=saved/recbole_cache/retail_rocket_feature_added_session_len10/retail_rocket-for-dataloader.pth
    [DataPrep] cache_hit=memory, create_dataset=0.00s, data_preparation=0.00s, n_items=90212
  -> MRR@20=0.2622  best=0.2625  (early_stop@32, trial=14.3min, avg=11.1min/trial, total=44.4min, ETA=2.96h)
[Wandb] trial finished name=tune_retail_rocket_FeaturedMoE_v2_hparam_P2DB_G3_C1_serial_L7_E128_R64_B3072_T004_20260308_104143

[5/20] balance_loss_lambda=0.003195, hidden_dropout_prob=0.0653, learning_rate=0.0005913, weight_decay=4.797e-06
[Wandb] trial 5 started project=2026_FMoE_hyperopt name=tune_retail_rocket_FeaturedMoE_v2_hparam_P2DB_G3_C1_serial_L7_E128_R64_B3072_T005_20260308_105603
    [Device] CUDA_VISIBLE_DEVICES=3 | torch_device=cuda:0 (NVIDIA RTX A5000)
    [DataCache] save_dataset=True save_dataloaders=False | checkpoint_dir=saved/recbole_cache/retail_rocket_feature_added_session_len10 | dataloaders_save_path=saved/recbole_cache/retail_rocket_feature_added_session_len10/retail_rocket-for-dataloader.pth
    [DataPrep] cache_hit=memory, create_dataset=0.00s, data_preparation=0.00s, n_items=90212
  -> MRR@20=0.2615  best=0.2625  (early_stop@23, trial=10.3min, avg=11.0min/trial, total=54.8min, ETA=2.74h)
[Wandb] trial finished name=tune_retail_rocket_FeaturedMoE_v2_hparam_P2DB_G3_C1_serial_L7_E128_R64_B3072_T005_20260308_105603

[6/20] balance_loss_lambda=0.004284, hidden_dropout_prob=0.07936, learning_rate=0.0003667, weight_decay=0
[Wandb] trial 6 started project=2026_FMoE_hyperopt name=tune_retail_rocket_FeaturedMoE_v2_hparam_P2DB_G3_C1_serial_L7_E128_R64_B3072_T006_20260308_110623
    [Device] CUDA_VISIBLE_DEVICES=3 | torch_device=cuda:0 (NVIDIA RTX A5000)
    [DataCache] save_dataset=True save_dataloaders=False | checkpoint_dir=saved/recbole_cache/retail_rocket_feature_added_session_len10 | dataloaders_save_path=saved/recbole_cache/retail_rocket_feature_added_session_len10/retail_rocket-for-dataloader.pth
    [DataPrep] cache_hit=memory, create_dataset=0.00s, data_preparation=0.00s, n_items=90212
  -> MRR@20=0.2622  best=0.2625  (early_stop@32, trial=14.3min, avg=11.5min/trial, total=1.15h, ETA=2.69h)
[Wandb] trial finished name=tune_retail_rocket_FeaturedMoE_v2_hparam_P2DB_G3_C1_serial_L7_E128_R64_B3072_T006_20260308_110623

[7/20] balance_loss_lambda=0.03552, hidden_dropout_prob=0.08374, learning_rate=0.0003182, weight_decay=2.437e-06
[Wandb] trial 7 started project=2026_FMoE_hyperopt name=tune_retail_rocket_FeaturedMoE_v2_hparam_P2DB_G3_C1_serial_L7_E128_R64_B3072_T007_20260308_112043
    [Device] CUDA_VISIBLE_DEVICES=3 | torch_device=cuda:0 (NVIDIA RTX A5000)
    [DataCache] save_dataset=True save_dataloaders=False | checkpoint_dir=saved/recbole_cache/retail_rocket_feature_added_session_len10 | dataloaders_save_path=saved/recbole_cache/retail_rocket_feature_added_session_len10/retail_rocket-for-dataloader.pth
    [DataPrep] cache_hit=memory, create_dataset=0.00s, data_preparation=0.00s, n_items=90212
  -> MRR@20=0.2632  best=0.2632  (early_stop@36, trial=16.1min, avg=12.2min/trial, total=1.42h, ETA=2.64h)
[Wandb] trial finished name=tune_retail_rocket_FeaturedMoE_v2_hparam_P2DB_G3_C1_serial_L7_E128_R64_B3072_T007_20260308_112043

[8/20] balance_loss_lambda=0.009994, hidden_dropout_prob=0.1345, learning_rate=0.0003059, weight_decay=5.549e-07
[Wandb] trial 8 started project=2026_FMoE_hyperopt name=tune_retail_rocket_FeaturedMoE_v2_hparam_P2DB_G3_C1_serial_L7_E128_R64_B3072_T008_20260308_113652
    [Device] CUDA_VISIBLE_DEVICES=3 | torch_device=cuda:0 (NVIDIA RTX A5000)
    [DataCache] save_dataset=True save_dataloaders=False | checkpoint_dir=saved/recbole_cache/retail_rocket_feature_added_session_len10 | dataloaders_save_path=saved/recbole_cache/retail_rocket_feature_added_session_len10/retail_rocket-for-dataloader.pth
    [DataPrep] cache_hit=memory, create_dataset=0.00s, data_preparation=0.00s, n_items=90212
  -> MRR@20=0.2626  best=0.2632  (early_stop@36, trial=16.1min, avg=12.7min/trial, total=1.69h, ETA=2.54h)
[Wandb] trial finished name=tune_retail_rocket_FeaturedMoE_v2_hparam_P2DB_G3_C1_serial_L7_E128_R64_B3072_T008_20260308_113652

[9/20] balance_loss_lambda=0.04554, hidden_dropout_prob=0.07943, learning_rate=0.001501, weight_decay=9.006e-05
[Wandb] trial 9 started project=2026_FMoE_hyperopt name=tune_retail_rocket_FeaturedMoE_v2_hparam_P2DB_G3_C1_serial_L7_E128_R64_B3072_T009_20260308_115302
    [Device] CUDA_VISIBLE_DEVICES=3 | torch_device=cuda:0 (NVIDIA RTX A5000)
    [DataCache] save_dataset=True save_dataloaders=False | checkpoint_dir=saved/recbole_cache/retail_rocket_feature_added_session_len10 | dataloaders_save_path=saved/recbole_cache/retail_rocket_feature_added_session_len10/retail_rocket-for-dataloader.pth
    [DataPrep] cache_hit=memory, create_dataset=0.00s, data_preparation=0.00s, n_items=90212
  -> MRR@20=0.2580  best=0.2632  (early_stop@20, trial=9.0min, avg=12.3min/trial, total=1.84h, ETA=2.25h)
[Wandb] trial finished name=tune_retail_rocket_FeaturedMoE_v2_hparam_P2DB_G3_C1_serial_L7_E128_R64_B3072_T009_20260308_115302

[10/20] balance_loss_lambda=0.005371, hidden_dropout_prob=0.09831, learning_rate=0.0002024, weight_decay=0
[Wandb] trial 10 started project=2026_FMoE_hyperopt name=tune_retail_rocket_FeaturedMoE_v2_hparam_P2DB_G3_C1_serial_L7_E128_R64_B3072_T010_20260308_120203
    [Device] CUDA_VISIBLE_DEVICES=3 | torch_device=cuda:0 (NVIDIA RTX A5000)
    [DataCache] save_dataset=True save_dataloaders=False | checkpoint_dir=saved/recbole_cache/retail_rocket_feature_added_session_len10 | dataloaders_save_path=saved/recbole_cache/retail_rocket_feature_added_session_len10/retail_rocket-for-dataloader.pth
    [DataPrep] cache_hit=memory, create_dataset=0.00s, data_preparation=0.00s, n_items=90212
  -> MRR@20=0.2626  best=0.2632  (early_stop@49, trial=21.9min, avg=13.2min/trial, total=2.21h, ETA=2.21h)
[Wandb] trial finished name=tune_retail_rocket_FeaturedMoE_v2_hparam_P2DB_G3_C1_serial_L7_E128_R64_B3072_T010_20260308_120203

[11/20] balance_loss_lambda=0.02069, hidden_dropout_prob=0.08596, learning_rate=0.001801, weight_decay=0
[Wandb] trial 11 started project=2026_FMoE_hyperopt name=tune_retail_rocket_FeaturedMoE_v2_hparam_P2DB_G3_C1_serial_L7_E128_R64_B3072_T011_20260308_122358
    [Device] CUDA_VISIBLE_DEVICES=3 | torch_device=cuda:0 (NVIDIA RTX A5000)
    [DataCache] save_dataset=True save_dataloaders=False | checkpoint_dir=saved/recbole_cache/retail_rocket_feature_added_session_len10 | dataloaders_save_path=saved/recbole_cache/retail_rocket_feature_added_session_len10/retail_rocket-for-dataloader.pth
    [DataPrep] cache_hit=memory, create_dataset=0.00s, data_preparation=0.00s, n_items=90212
  -> MRR@20=0.2562  best=0.2632  (early_stop@14, trial=6.2min, avg=12.6min/trial, total=2.31h, ETA=1.89h)
[Wandb] trial finished name=tune_retail_rocket_FeaturedMoE_v2_hparam_P2DB_G3_C1_serial_L7_E128_R64_B3072_T011_20260308_122358

[12/20] balance_loss_lambda=0.01934, hidden_dropout_prob=0.1467, learning_rate=0.00107, weight_decay=0
[Wandb] trial 12 started project=2026_FMoE_hyperopt name=tune_retail_rocket_FeaturedMoE_v2_hparam_P2DB_G3_C1_serial_L7_E128_R64_B3072_T012_20260308_123016
    [Device] CUDA_VISIBLE_DEVICES=3 | torch_device=cuda:0 (NVIDIA RTX A5000)
    [DataCache] save_dataset=True save_dataloaders=False | checkpoint_dir=saved/recbole_cache/retail_rocket_feature_added_session_len10 | dataloaders_save_path=saved/recbole_cache/retail_rocket_feature_added_session_len10/retail_rocket-for-dataloader.pth
    [DataPrep] cache_hit=memory, create_dataset=0.00s, data_preparation=0.00s, n_items=90212
  -> MRR@20=0.2602  best=0.2632  (early_stop@18, trial=8.0min, avg=12.2min/trial, total=2.45h, ETA=1.63h)
[Wandb] trial finished name=tune_retail_rocket_FeaturedMoE_v2_hparam_P2DB_G3_C1_serial_L7_E128_R64_B3072_T012_20260308_123016

[13/20] balance_loss_lambda=0.02253, hidden_dropout_prob=0.1341, learning_rate=0.0004985, weight_decay=0
[Wandb] trial 13 started project=2026_FMoE_hyperopt name=tune_retail_rocket_FeaturedMoE_v2_hparam_P2DB_G3_C1_serial_L7_E128_R64_B3072_T013_20260308_123821
    [Device] CUDA_VISIBLE_DEVICES=3 | torch_device=cuda:0 (NVIDIA RTX A5000)
    [DataCache] save_dataset=True save_dataloaders=False | checkpoint_dir=saved/recbole_cache/retail_rocket_feature_added_session_len10 | dataloaders_save_path=saved/recbole_cache/retail_rocket_feature_added_session_len10/retail_rocket-for-dataloader.pth
    [DataPrep] cache_hit=memory, create_dataset=0.00s, data_preparation=0.00s, n_items=90212
  -> MRR@20=0.2622  best=0.2632  (early_stop@29, trial=12.9min, avg=12.3min/trial, total=2.66h, ETA=1.43h)
[Wandb] trial finished name=tune_retail_rocket_FeaturedMoE_v2_hparam_P2DB_G3_C1_serial_L7_E128_R64_B3072_T013_20260308_123821

[14/20] balance_loss_lambda=0.01939, hidden_dropout_prob=0.09947, learning_rate=0.001529, weight_decay=8.898e-07
[Wandb] trial 14 started project=2026_FMoE_hyperopt name=tune_retail_rocket_FeaturedMoE_v2_hparam_P2DB_G3_C1_serial_L7_E128_R64_B3072_T014_20260308_125122
    [Device] CUDA_VISIBLE_DEVICES=3 | torch_device=cuda:0 (NVIDIA RTX A5000)
    [DataCache] save_dataset=True save_dataloaders=False | checkpoint_dir=saved/recbole_cache/retail_rocket_feature_added_session_len10 | dataloaders_save_path=saved/recbole_cache/retail_rocket_feature_added_session_len10/retail_rocket-for-dataloader.pth
    [DataPrep] cache_hit=memory, create_dataset=0.00s, data_preparation=0.00s, n_items=90212
  -> MRR@20=0.2561  best=0.2632  (early_stop@17, trial=7.6min, avg=12.0min/trial, total=2.79h, ETA=1.20h)
[Wandb] trial finished name=tune_retail_rocket_FeaturedMoE_v2_hparam_P2DB_G3_C1_serial_L7_E128_R64_B3072_T014_20260308_125122

[15/20] balance_loss_lambda=0.004804, hidden_dropout_prob=0.1356, learning_rate=0.0005141, weight_decay=0
[Wandb] trial 15 started project=2026_FMoE_hyperopt name=tune_retail_rocket_FeaturedMoE_v2_hparam_P2DB_G3_C1_serial_L7_E128_R64_B3072_T015_20260308_125900
    [Device] CUDA_VISIBLE_DEVICES=3 | torch_device=cuda:0 (NVIDIA RTX A5000)
    [DataCache] save_dataset=True save_dataloaders=False | checkpoint_dir=saved/recbole_cache/retail_rocket_feature_added_session_len10 | dataloaders_save_path=saved/recbole_cache/retail_rocket_feature_added_session_len10/retail_rocket-for-dataloader.pth
    [DataPrep] cache_hit=memory, create_dataset=0.00s, data_preparation=0.00s, n_items=90212
  -> MRR@20=0.2621  best=0.2632  (early_stop@27, trial=12.0min, avg=12.0min/trial, total=2.99h, ETA=59.8min)
[Wandb] trial finished name=tune_retail_rocket_FeaturedMoE_v2_hparam_P2DB_G3_C1_serial_L7_E128_R64_B3072_T015_20260308_125900

[16/20] balance_loss_lambda=0.02452, hidden_dropout_prob=0.05173, learning_rate=0.0004105, weight_decay=3.145e-05
[Wandb] trial 16 started project=2026_FMoE_hyperopt name=tune_retail_rocket_FeaturedMoE_v2_hparam_P2DB_G3_C1_serial_L7_E128_R64_B3072_T016_20260308_131106
    [Device] CUDA_VISIBLE_DEVICES=3 | torch_device=cuda:0 (NVIDIA RTX A5000)
    [DataCache] save_dataset=True save_dataloaders=False | checkpoint_dir=saved/recbole_cache/retail_rocket_feature_added_session_len10 | dataloaders_save_path=saved/recbole_cache/retail_rocket_feature_added_session_len10/retail_rocket-for-dataloader.pth
    [DataPrep] cache_hit=memory, create_dataset=0.00s, data_preparation=0.00s, n_items=90212
  -> MRR@20=0.2643  best=0.2643  (early_stop@33, trial=14.7min, avg=12.1min/trial, total=3.24h, ETA=48.6min)
[Wandb] trial finished name=tune_retail_rocket_FeaturedMoE_v2_hparam_P2DB_G3_C1_serial_L7_E128_R64_B3072_T016_20260308_131106

[17/20] balance_loss_lambda=0.01959, hidden_dropout_prob=0.07547, learning_rate=0.001238, weight_decay=0
[Wandb] trial 17 started project=2026_FMoE_hyperopt name=tune_retail_rocket_FeaturedMoE_v2_hparam_P2DB_G3_C1_serial_L7_E128_R64_B3072_T017_20260308_132554
    [Device] CUDA_VISIBLE_DEVICES=3 | torch_device=cuda:0 (NVIDIA RTX A5000)
    [DataCache] save_dataset=True save_dataloaders=False | checkpoint_dir=saved/recbole_cache/retail_rocket_feature_added_session_len10 | dataloaders_save_path=saved/recbole_cache/retail_rocket_feature_added_session_len10/retail_rocket-for-dataloader.pth
    [DataPrep] cache_hit=memory, create_dataset=0.00s, data_preparation=0.00s, n_items=90212
  -> MRR@20=0.2596  best=0.2643  (early_stop@17, trial=7.6min, avg=11.9min/trial, total=3.37h, ETA=35.6min)
[Wandb] trial finished name=tune_retail_rocket_FeaturedMoE_v2_hparam_P2DB_G3_C1_serial_L7_E128_R64_B3072_T017_20260308_132554

[18/20] balance_loss_lambda=0.004033, hidden_dropout_prob=0.0545, learning_rate=0.0002089, weight_decay=8.386e-07
[Wandb] trial 18 started project=2026_FMoE_hyperopt name=tune_retail_rocket_FeaturedMoE_v2_hparam_P2DB_G3_C1_serial_L7_E128_R64_B3072_T018_20260308_133332
    [Device] CUDA_VISIBLE_DEVICES=3 | torch_device=cuda:0 (NVIDIA RTX A5000)
    [DataCache] save_dataset=True save_dataloaders=False | checkpoint_dir=saved/recbole_cache/retail_rocket_feature_added_session_len10 | dataloaders_save_path=saved/recbole_cache/retail_rocket_feature_added_session_len10/retail_rocket-for-dataloader.pth
    [DataPrep] cache_hit=memory, create_dataset=0.00s, data_preparation=0.00s, n_items=90212
  -> MRR@20=0.2614  best=0.2643  (early_stop@42, trial=18.8min, avg=12.3min/trial, total=3.68h, ETA=24.5min)
[Wandb] trial finished name=tune_retail_rocket_FeaturedMoE_v2_hparam_P2DB_G3_C1_serial_L7_E128_R64_B3072_T018_20260308_133332

[19/20] balance_loss_lambda=0.004297, hidden_dropout_prob=0.08747, learning_rate=0.0002045, weight_decay=0
[Wandb] trial 19 started project=2026_FMoE_hyperopt name=tune_retail_rocket_FeaturedMoE_v2_hparam_P2DB_G3_C1_serial_L7_E128_R64_B3072_T019_20260308_135221
    [Device] CUDA_VISIBLE_DEVICES=3 | torch_device=cuda:0 (NVIDIA RTX A5000)
    [DataCache] save_dataset=True save_dataloaders=False | checkpoint_dir=saved/recbole_cache/retail_rocket_feature_added_session_len10 | dataloaders_save_path=saved/recbole_cache/retail_rocket_feature_added_session_len10/retail_rocket-for-dataloader.pth
    [DataPrep] cache_hit=memory, create_dataset=0.00s, data_preparation=0.00s, n_items=90212
  -> MRR@20=0.2625  best=0.2643  (early_stop@47, trial=20.9min, avg=12.7min/trial, total=4.03h, ETA=12.7min)
[Wandb] trial finished name=tune_retail_rocket_FeaturedMoE_v2_hparam_P2DB_G3_C1_serial_L7_E128_R64_B3072_T019_20260308_135221

[20/20] balance_loss_lambda=0.01651, hidden_dropout_prob=0.1315, learning_rate=0.0004621, weight_decay=1.413e-06
[Wandb] trial 20 started project=2026_FMoE_hyperopt name=tune_retail_rocket_FeaturedMoE_v2_hparam_P2DB_G3_C1_serial_L7_E128_R64_B3072_T020_20260308_141321
    [Device] CUDA_VISIBLE_DEVICES=3 | torch_device=cuda:0 (NVIDIA RTX A5000)
    [DataCache] save_dataset=True save_dataloaders=False | checkpoint_dir=saved/recbole_cache/retail_rocket_feature_added_session_len10 | dataloaders_save_path=saved/recbole_cache/retail_rocket_feature_added_session_len10/retail_rocket-for-dataloader.pth
    [DataPrep] cache_hit=memory, create_dataset=0.00s, data_preparation=0.00s, n_items=90212
[RUN_STATUS] TERMINATED signal=SIGTERM(15) pid=302222 ts=2026-03-08T14:23:25
[RUN_STATUS] END status=terminated signal=SIGTERM(15) pid=302222 start=2026-03-08T10:11:35 end=2026-03-08T14:23:26
