[FINAL_ALL_DATASETS_SETTING_HEADER]
run_phase=P14_FAD_A6_AMAZON_BEAUTY_H16_S1 exp_brief=A6_NO_BIAS phase_id=P14 axis_id=FAD setting_id=A6_NO_BIAS_H16_S1 hparam_id=H16 seed=1
desc=A6_NO_BIAS_H16_S1
dataset=amazon_beauty gpu=2 order=106
max_evals=20 tune_epochs=100 tune_patience=10
seed=91033

[COMMAND]
- /venv/FMoE/bin/python hyperopt_tune.py --config-name config --max-evals 20 --tune-epochs 100 --tune-patience 10 --seed 91033 --run-group fmoe_n3 --run-axis Final_all_datasets --run-phase P14_FAD_A6_AMAZON_BEAUTY_H16_S1 model=featured_moe_n3_tune dataset=amazon_beauty eval_mode=session_fixed feature_mode=full_v3 gpu_id=2 log_wandb=false enable_tf32=true fmoe_debug_logging=false fmoe_diag_logging=true fmoe_special_logging=true fmoe_feature_ablation_logging=false fmoe_eval_logging_timing=final_only ++fmoe_logging_output_root="run/artifacts/logging" ++fmoe_logging_layout="axis_dataset_arch_hparam" ++fmoe_architecture_id="A6" ++fmoe_architecture_key="A6_NO_BIAS" ++fmoe_hparam_id="H16" ++fmoe_phase="P14" MAX_ITEM_LIST_LENGTH=20 train_batch_size=4096 eval_batch_size=4096 embedding_size=144 num_heads=4 attn_dropout_prob=0.1 d_ff=216 d_feat_emb=16 d_expert_hidden=216 d_router_hidden=72 expert_scale=3 ++search.learning_rate=[0.00015,0.008] ++search.weight_decay=[1.8e-06] ++search.hidden_dropout_prob=[0.2] ++search.lr_scheduler_type=["warmup_cosine"] ++search_space_type_overrides.learning_rate=loguniform ++search_space_type_overrides.weight_decay=choice ++search_space_type_overrides.hidden_dropout_prob=choice ++search_space_type_overrides.lr_scheduler_type=choice ++phase_run_type="final" ++phase_axis_id="FAD" ++phase_axis_desc="final_all_datasets" ++phase_setting_id="A6_NO_BIAS_H16_S1" ++phase_setting_key="A6_NO_BIAS" ++phase_hparam_id="H16" ++phase_seed_id=1 ++phase_run_id="FAD_A6_AMAZON_BEAUTY_H16_S1" ++layer_layout=["macro","mid","micro"] ++stage_compute_mode={macro:"moe",mid:"moe",micro:"moe"} ++stage_router_mode={macro:"learned",mid:"learned",micro:"learned"} ++stage_router_source={macro:"both",mid:"both",micro:"both"} ++stage_feature_injection={macro:"none",mid:"none",micro:"none"} ++topk_scope_mode="global_flat" ++moe_top_k=0 ++balance_loss_lambda=0.0 ++z_loss_lambda=0.0002 ++gate_entropy_lambda=0.0 ++route_smoothness_lambda=0.0 ++route_consistency_lambda=0.0008 ++route_sharpness_lambda=0.0 ++route_monopoly_lambda=0.0 ++route_monopoly_tau=0.25 ++route_prior_lambda=0.0 ++group_prior_align_lambda=0.0 ++factored_group_balance_lambda=0.0 ++rule_agreement_lambda=0.0 ++group_coverage_lambda=0.0 ++feature_group_bias_lambda=0.0 ++rule_bias_scale=0.0 ++primitive_balance_lambda=0.0 ++wrapper_group_feature_align_lambda=0.0 ++stage_router_primitives={macro:{a_joint:{source:"feature",temperature:1.0,top_k:0},b_group:{source:"feature",temperature:1.0,top_k:0},c_shared:{source:"feature",temperature:1.0,top_k:0},d_cond:{source:"feature",temperature:1.0,top_k:0},e_scalar:{source:"feature",temperature:1.0,top_k:0},wrapper:{alpha_d:1.0,alpha_struct:1.0,alpha_a:1.0}},mid:{a_joint:{source:"feature",temperature:1.0,top_k:0},b_group:{source:"feature",temperature:1.0,top_k:0},c_shared:{source:"feature",temperature:1.0,top_k:0},d_cond:{source:"feature",temperature:1.0,top_k:0},e_scalar:{source:"feature",temperature:1.0,top_k:0},wrapper:{alpha_d:1.0,alpha_struct:1.0,alpha_a:1.0}},micro:{a_joint:{source:"feature",temperature:1.0,top_k:0},b_group:{source:"feature",temperature:1.0,top_k:0},c_shared:{source:"feature",temperature:1.0,top_k:0},d_cond:{source:"feature",temperature:1.0,top_k:0},e_scalar:{source:"feature",temperature:1.0,top_k:0},wrapper:{alpha_d:1.0,alpha_struct:1.0,alpha_a:1.0}}} ++stage_router_wrapper={macro:"w4_bxd",mid:"w6_bxd_plus_a",micro:"w1_flat"} ++macro_history_window=5 ++stage_router_granularity={macro:"session",mid:"session",micro:"token"} ++stage_family_dropout_prob={macro:0.1,mid:0.1,micro:0.1} ++stage_feature_dropout_prob={macro:0.0,mid:0.0,micro:0.0} ++stage_feature_dropout_scope={macro:"token",mid:"token",micro:"token"} ++route_consistency_pairs=1 ++route_consistency_min_sim=0.995 ++bias_mode="none"
/venv/FMoE/lib/python3.10/site-packages/ray/_private/parameter.py:4: UserWarning: pkg_resources is deprecated as an API. See https://setuptools.pypa.io/en/latest/pkg_resources.html. The pkg_resources package is slated for removal as early as 2025-11-30. Refrain from using this package or pin to Setuptools<81.
  import pkg_resources
[RUN_STATUS] START pid=227308 ts=2026-04-06T07:03:39

=================================================================
  Hyperopt TPE  |  FeaturedMoE_N3 x amazon_beauty
  max_evals=20  epochs=100  patience=10  wandb=off
  batch_size(train/valid/test)=4096/4096/4096
  track=fmoe_n3  axis=final_all_datasets  phase=P14_FAD_A6_AMAZON_BEAUTY_H16_S1
=================================================================
Changed knobs: learning_rate
Tuned params(len>1): 1  (~1 discrete combos)
Tuned groups: 1
  [optimization]
    learning_rate                   [0.00015, 0.008]                          -> loguniform
Fixed params(singleton/non-list): 3
Fixed groups: 3
  [optimization]
    hidden_dropout_prob             0.2                                     
    weight_decay                    1.8e-06                                 
  [other]
    lr_scheduler_type               warmup_cosine                           

[Wandb] disabled for this hyperopt run

[1/20] learning_rate=0.0001512
  -> MRR@20=0.082600  best=0.082600  (early_stop@13, trial=8s, avg=10s/trial, total=10s, ETA=3.2min)
[TRIAL_METRICS] cur_best_mrr20=0.082600 cur_best_hr10=0.097300 cur_test_mrr20=0.051900 cur_test_hr10=0.061400 run_best_mrr20=0.082600 run_best_hr10=0.097300 run_test_mrr20=0.051900 run_test_hr10=0.061400

[2/20] learning_rate=0.001908
  -> MRR@20=0.078800  best=0.082600  (early_stop@21, trial=10s, avg=11s/trial, total=21s, ETA=3.2min)
[TRIAL_METRICS] cur_best_mrr20=0.078800 cur_best_hr10=0.106200 cur_test_mrr20=0.037200 cur_test_hr10=0.087700 run_best_mrr20=0.082600 run_best_hr10=0.097300 run_test_mrr20=0.051900 run_test_hr10=0.061400

[3/20] learning_rate=0.002994
  -> MRR@20=0.061900  best=0.082600  (early_stop@18, trial=9s, avg=10s/trial, total=30s, ETA=2.9min)
[TRIAL_METRICS] cur_best_mrr20=0.061900 cur_best_hr10=0.106200 cur_test_mrr20=0.031600 cur_test_hr10=0.070200 run_best_mrr20=0.082600 run_best_hr10=0.097300 run_test_mrr20=0.051900 run_test_hr10=0.061400

[4/20] learning_rate=0.005296
  -> MRR@20=0.030800  best=0.082600  (early_stop@28, trial=14s, avg=11s/trial, total=45s, ETA=3.0min)
[TRIAL_METRICS] cur_best_mrr20=0.030800 cur_best_hr10=0.044200 cur_test_mrr20=0.005800 cur_test_hr10=0.017500 run_best_mrr20=0.082600 run_best_hr10=0.097300 run_test_mrr20=0.051900 run_test_hr10=0.061400

[5/20] learning_rate=0.0004686
  -> MRR@20=0.087000  best=0.087000  (early_stop@11, trial=5s, avg=10s/trial, total=51s, ETA=2.6min)
[TRIAL_METRICS] cur_best_mrr20=0.087000 cur_best_hr10=0.097300 cur_test_mrr20=0.054000 cur_test_hr10=0.070200 run_best_mrr20=0.087000 run_best_hr10=0.097300 run_test_mrr20=0.054000 run_test_hr10=0.070200

[6/20] learning_rate=0.00302
  -> MRR@20=0.060000  best=0.087000  (early_stop@18, trial=9s, avg=10s/trial, total=1.0min, ETA=2.3min)
[TRIAL_METRICS] cur_best_mrr20=0.060000 cur_best_hr10=0.106200 cur_test_mrr20=0.030900 cur_test_hr10=0.070200 run_best_mrr20=0.087000 run_best_hr10=0.097300 run_test_mrr20=0.054000 run_test_hr10=0.070200

[7/20] learning_rate=0.0006757
  -> MRR@20=0.083300  best=0.087000  (early_stop@20, trial=10s, avg=10s/trial, total=1.2min, ETA=2.2min)
[TRIAL_METRICS] cur_best_mrr20=0.083300 cur_best_hr10=0.097300 cur_test_mrr20=0.049300 cur_test_hr10=0.061400 run_best_mrr20=0.087000 run_best_hr10=0.097300 run_test_mrr20=0.054000 run_test_hr10=0.070200

[8/20] learning_rate=0.001209
  -> MRR@20=0.081900  best=0.087000  (early_stop@16, trial=8s, avg=10s/trial, total=1.3min, ETA=2.0min)
[TRIAL_METRICS] cur_best_mrr20=0.081900 cur_best_hr10=0.097300 cur_test_mrr20=0.042200 cur_test_hr10=0.061400 run_best_mrr20=0.087000 run_best_hr10=0.097300 run_test_mrr20=0.054000 run_test_hr10=0.070200

[9/20] learning_rate=0.0008457
  -> MRR@20=0.085900  best=0.087000  (early_stop@17, trial=8s, avg=10s/trial, total=1.5min, ETA=1.8min)
[TRIAL_METRICS] cur_best_mrr20=0.085900 cur_best_hr10=0.097300 cur_test_mrr20=0.024800 cur_test_hr10=0.043900 run_best_mrr20=0.087000 run_best_hr10=0.097300 run_test_mrr20=0.054000 run_test_hr10=0.070200

[10/20] learning_rate=0.0004899
  -> MRR@20=0.087000  best=0.087000  (early_stop@11, trial=5s, avg=9s/trial, total=1.6min, ETA=1.6min)
[TRIAL_METRICS] cur_best_mrr20=0.087000 cur_best_hr10=0.097300 cur_test_mrr20=0.053500 cur_test_hr10=0.070200 run_best_mrr20=0.087000 run_best_hr10=0.097300 run_test_mrr20=0.053500 run_test_hr10=0.070200

[11/20] learning_rate=0.0007614
  -> MRR@20=0.083300  best=0.087000  (early_stop@19, trial=9s, avg=9s/trial, total=1.7min, ETA=1.4min)
[TRIAL_METRICS] cur_best_mrr20=0.083300 cur_best_hr10=0.097300 cur_test_mrr20=0.050800 cur_test_hr10=0.061400 run_best_mrr20=0.087000 run_best_hr10=0.097300 run_test_mrr20=0.054000 run_test_hr10=0.070200

[12/20] learning_rate=0.001466
  -> MRR@20=0.080600  best=0.087000  (early_stop@24, trial=12s, avg=10s/trial, total=1.9min, ETA=1.3min)
[TRIAL_METRICS] cur_best_mrr20=0.080600 cur_best_hr10=0.106200 cur_test_mrr20=0.041100 cur_test_hr10=0.078900 run_best_mrr20=0.087000 run_best_hr10=0.097300 run_test_mrr20=0.054000 run_test_hr10=0.070200

[13/20] learning_rate=0.002591
  -> MRR@20=0.067000  best=0.087000  (early_stop@18, trial=9s, avg=10s/trial, total=2.1min, ETA=1.1min)
[TRIAL_METRICS] cur_best_mrr20=0.067000 cur_best_hr10=0.106200 cur_test_mrr20=0.050900 cur_test_hr10=0.078900 run_best_mrr20=0.087000 run_best_hr10=0.097300 run_test_mrr20=0.054000 run_test_hr10=0.070200

[14/20] learning_rate=0.001335
  -> MRR@20=0.087900  best=0.087900  (early_stop@15, trial=8s, avg=10s/trial, total=2.2min, ETA=58s)
[TRIAL_METRICS] cur_best_mrr20=0.087900 cur_best_hr10=0.106200 cur_test_mrr20=0.020900 cur_test_hr10=0.052600 run_best_mrr20=0.087900 run_best_hr10=0.106200 run_test_mrr20=0.020900 run_test_hr10=0.052600

[15/20] learning_rate=0.0005066
  -> MRR@20=0.087000  best=0.087900  (early_stop@11, trial=5s, avg=9s/trial, total=2.3min, ETA=47s)
[TRIAL_METRICS] cur_best_mrr20=0.087000 cur_best_hr10=0.097300 cur_test_mrr20=0.053500 cur_test_hr10=0.070200 run_best_mrr20=0.087900 run_best_hr10=0.106200 run_test_mrr20=0.020900 run_test_hr10=0.052600

[16/20] learning_rate=0.0006489
  -> MRR@20=0.083200  best=0.087900  (early_stop@20, trial=10s, avg=9s/trial, total=2.5min, ETA=38s)
[TRIAL_METRICS] cur_best_mrr20=0.083200 cur_best_hr10=0.097300 cur_test_mrr20=0.044000 cur_test_hr10=0.052600 run_best_mrr20=0.087900 run_best_hr10=0.106200 run_test_mrr20=0.020900 run_test_hr10=0.052600

[17/20] learning_rate=0.001362
  -> MRR@20=0.087900  best=0.087900  (early_stop@15, trial=8s, avg=9s/trial, total=2.6min, ETA=28s)
[TRIAL_METRICS] cur_best_mrr20=0.087900 cur_best_hr10=0.106200 cur_test_mrr20=0.022600 cur_test_hr10=0.061400 run_best_mrr20=0.087900 run_best_hr10=0.106200 run_test_mrr20=0.022600 run_test_hr10=0.061400

[18/20] learning_rate=0.004208
  -> MRR@20=0.034400  best=0.087900  (early_stop@12, trial=6s, avg=9s/trial, total=2.7min, ETA=18s)
[TRIAL_METRICS] cur_best_mrr20=0.034400 cur_best_hr10=0.053100 cur_test_mrr20=0.002900 cur_test_hr10=0.008800 run_best_mrr20=0.087900 run_best_hr10=0.106200 run_test_mrr20=0.020900 run_test_hr10=0.052600

[19/20] learning_rate=0.0002756
  -> MRR@20=0.084100  best=0.087900  (early_stop@14, trial=7s, avg=9s/trial, total=2.9min, ETA=9s)
[TRIAL_METRICS] cur_best_mrr20=0.084100 cur_best_hr10=0.097300 cur_test_mrr20=0.040700 cur_test_hr10=0.061400 run_best_mrr20=0.087900 run_best_hr10=0.106200 run_test_mrr20=0.020900 run_test_hr10=0.052600

[20/20] learning_rate=0.0005155
  -> MRR@20=0.087000  best=0.087900  (early_stop@11, trial=5s, avg=9s/trial, total=3.0min, ETA=0s)
[TRIAL_METRICS] cur_best_mrr20=0.087000 cur_best_hr10=0.097300 cur_test_mrr20=0.053500 cur_test_hr10=0.070200 run_best_mrr20=0.087900 run_best_hr10=0.106200 run_test_mrr20=0.020900 run_test_hr10=0.052600
[1;35mEvaluate   [0m:   0%|                                                            | 0/1 [00:00<?, ?it/s][0m[1;35mEvaluate   [0m:   0%|                                  | 0/1 [00:00<?, ?it/s, [1;33mGPU RAM: 11.49 G/23.56 G[0m][0m                                                                                                    [1;35mEvaluate   [0m:   0%|                                                            | 0/1 [00:00<?, ?it/s][0m[1;35mEvaluate   [0m:   0%|                                  | 0/1 [00:00<?, ?it/s, [1;33mGPU RAM: 11.49 G/23.56 G[0m][0m                                                                                                    [1;35mEvaluate   [0m:   0%|                                                            | 0/1 [00:00<?, ?it/s][0m[1;35mEvaluate   [0m:   0%|                                  | 0/1 [00:00<?, ?it/s, [1;33mGPU RAM: 11.49 G/23.56 G[0m][0m                                                                                                    
=================================================================
  DONE  |  FeaturedMoE_N3 x amazon_beauty
  Best MRR@20 = 0.087900  |  20/20 trials OK
  Best HR@10  = 0.106200
  Test MRR@20 = 0.020900  (best-valid checkpoint)
  Test HR@10  = 0.052600  (best-valid checkpoint)
[RUN_METRICS] best_valid_mrr20=0.087900 best_valid_hr10=0.106200 test_mrr20=0.020900 test_hr10=0.052600
  Total time: 3.0 min
  Best params:
    learning_rate: 0.00133464
  Results -> /workspace/jy1559/FMoE/experiments/run/artifacts/results/fmoe_n3/amazon_beauty_FeaturedMoE_N3_p14_fad_a6_amazon_beauty_h16_s1_20260406_070340_113851_pid227308.json
  Normal mirror -> /workspace/jy1559/FMoE/experiments/run/artifacts/results/fmoe_n3/normal/final_all_datasets/P14/amazon_beauty/FMoEN3/amazon_beauty_FeaturedMoE_N3_p14_fad_a6_amazon_beauty_h16_s1_20260406_070340_113851_pid227308.json
  Special result -> /workspace/jy1559/FMoE/experiments/run/artifacts/results/fmoe_n3/special/final_all_datasets/P14/amazon_beauty/FMoEN3/amazon_beauty_FeaturedMoE_N3_p14_fad_a6_amazon_beauty_h16_s1_20260406_070340_113851_pid227308_special_metrics.json
  Special log -> /workspace/jy1559/FMoE/experiments/run/artifacts/logs/fmoe_n3/special/final_all_datasets/P14/amazon_beauty/FMoEN3/amazon_beauty_FeaturedMoE_N3_p14_fad_a6_amazon_beauty_h16_s1_20260406_070340_113851_pid227308_special_metrics.json
=================================================================

[RUN_STATUS] END status=normal pid=227308 start=2026-04-06T07:03:39 end=2026-04-06T07:06:38
