[WIDESEARCH_ANCHOR2_CORE5_SETTING_HEADER]
run_phase=P15_WS_D00_M01_SASREC_C4D3_S1 run_id=WS_LASTFM0_03_SASREC_C4D3_S1 phase_id=P15 axis_id=WS model=SASRec profile_id=C4D3 seed=1
dataset=lastfm0.03 gpu=7 order=0
max_evals=10 tune_epochs=59 tune_patience=10
seed=150014

[COMMAND]
- /venv/FMoE/bin/python hyperopt_tune.py --config-name tune_lfm_small --max-evals 10 --tune-epochs 59 --tune-patience 10 --seed 150014 --run-group baseline --run-axis WideSearch_anchor2_core5 --run-phase P15_WS_D00_M01_SASREC_C4D3_S1 model=sasrec dataset=lastfm0.03 eval_mode=session_fixed feature_mode=full_v3 gpu_id=7 log_wandb=false show_progress=false ++special_logging=true ++seed=150014 ++search={learning_rate:[7.65e-05,0.0015299999999999997]} ++search_space_type_overrides={learning_rate:"loguniform"} ++weight_decay=0.000288 ++search.weight_decay=[0.000288] ++search_space_type_overrides.weight_decay=choice ++search.hidden_size=[160] ++search_space_type_overrides.hidden_size=choice ++search.embedding_size=[160] ++search_space_type_overrides.embedding_size=choice ++search.inner_size=[480] ++search_space_type_overrides.inner_size=choice ++search.n_layers=[3] ++search_space_type_overrides.n_layers=choice ++search.num_layers=[3] ++search_space_type_overrides.num_layers=choice ++search.n_heads=[4] ++search_space_type_overrides.n_heads=choice ++search.num_heads=[4] ++search_space_type_overrides.num_heads=choice ++search.dropout_ratio=[0.18] ++search_space_type_overrides.dropout_ratio=choice ++search.dropout_prob=[0.18] ++search_space_type_overrides.dropout_prob=choice ++search.hidden_dropout_prob=[0.18] ++search_space_type_overrides.hidden_dropout_prob=choice ++search.attn_dropout_prob=[0.18] ++search_space_type_overrides.attn_dropout_prob=choice ++search.num_experts=[4] ++search_space_type_overrides.num_experts=choice ++dropout_ratio=0.18 ++train_batch_size=3843 ++eval_batch_size=5765 ++hidden_size=160 ++embedding_size=160 ++MAX_ITEM_LIST_LENGTH=12 ++n_layers=3 ++num_layers=3 ++n_heads=4 ++num_heads=4 ++inner_size=480
/venv/FMoE/lib/python3.10/site-packages/ray/_private/parameter.py:4: UserWarning: pkg_resources is deprecated as an API. See https://setuptools.pypa.io/en/latest/pkg_resources.html. The pkg_resources package is slated for removal as early as 2025-11-30. Refrain from using this package or pin to Setuptools<81.
  import pkg_resources
[RUN_STATUS] START pid=373960 ts=2026-03-28T18:21:06

=================================================================
  Hyperopt TPE  |  SASRec x lastfm0.03
  max_evals=10  epochs=59  patience=10  wandb=off
  batch_size(train/valid/test)=3843/5765/5765
  track=baseline  axis=widesearch_anchor2_core5  phase=P15_WS_D00_M01_SASREC_C4D3_S1
=================================================================
Changed knobs: learning_rate
Tuned params(len>1): 1  (~1 discrete combos)
Tuned groups: 1
  [optimization]
    learning_rate                   [7.65e-05, 0.0015299999999999997]         -> loguniform
Fixed params(singleton/non-list): 13
Fixed groups: 13
  [optimization]
    hidden_dropout_prob             0.18                                    
    weight_decay                    0.000288                                
  [model_core]
    attn_dropout_prob               0.18                                    
    dropout_prob                    0.18                                    
    dropout_ratio                   0.18                                    
    embedding_size                  160                                     
    hidden_size                     160                                     
    inner_size                      480                                     
    num_heads                       4                                       
    num_layers                      3                                       
  [other]
    n_heads                         4                                       
    n_layers                        3                                       
    num_experts                     4                                       

[Wandb] disabled for this hyperopt run

[1/10] learning_rate=0.0001259
  -> MRR@20=0.154800  best=0.154800  (full@59, trial=11.0min, avg=11.2min/trial, total=11.2min, ETA=1.68h)
[TRIAL_METRICS] cur_best_mrr20=0.154800 cur_best_hr10=0.259100 cur_test_mrr20=0.156700 cur_test_hr10=0.260400 run_best_mrr20=0.154800 run_best_hr10=0.259100 run_test_mrr20=0.156700 run_test_hr10=0.260400

[2/10] learning_rate=0.0004302
  -> MRR@20=0.219000  best=0.219000  (full@59, trial=11.0min, avg=11.1min/trial, total=22.3min, ETA=1.48h)
[TRIAL_METRICS] cur_best_mrr20=0.219000 cur_best_hr10=0.284100 cur_test_mrr20=0.219900 cur_test_hr10=0.286700 run_best_mrr20=0.219000 run_best_hr10=0.284100 run_test_mrr20=0.219900 run_test_hr10=0.286700

[3/10] learning_rate=0.0001026
  -> MRR@20=0.142900  best=0.219000  (full@59, trial=11.2min, avg=11.1min/trial, total=33.4min, ETA=1.30h)
[TRIAL_METRICS] cur_best_mrr20=0.142900 cur_best_hr10=0.251700 cur_test_mrr20=0.146200 cur_test_hr10=0.250000 run_best_mrr20=0.219000 run_best_hr10=0.284100 run_test_mrr20=0.219900 run_test_hr10=0.286700

[4/10] learning_rate=0.0001162
  -> MRR@20=0.150500  best=0.219000  (full@59, trial=11.1min, avg=11.1min/trial, total=44.6min, ETA=1.11h)
[TRIAL_METRICS] cur_best_mrr20=0.150500 cur_best_hr10=0.257000 cur_test_mrr20=0.154100 cur_test_hr10=0.256100 run_best_mrr20=0.219000 run_best_hr10=0.284100 run_test_mrr20=0.219900 run_test_hr10=0.286700

[5/10] learning_rate=0.0003751
  -> MRR@20=0.214600  best=0.219000  (full@59, trial=11.0min, avg=11.1min/trial, total=55.6min, ETA=55.6min)
[TRIAL_METRICS] cur_best_mrr20=0.214600 cur_best_hr10=0.283600 cur_test_mrr20=0.214100 cur_test_hr10=0.286900 run_best_mrr20=0.219000 run_best_hr10=0.284100 run_test_mrr20=0.219900 run_test_hr10=0.286700

[6/10] learning_rate=0.0003557
  -> MRR@20=0.212400  best=0.219000  (full@59, trial=11.1min, avg=11.1min/trial, total=1.11h, ETA=44.4min)
[TRIAL_METRICS] cur_best_mrr20=0.212400 cur_best_hr10=0.283000 cur_test_mrr20=0.215100 cur_test_hr10=0.284800 run_best_mrr20=0.219000 run_best_hr10=0.284100 run_test_mrr20=0.219900 run_test_hr10=0.286700

[7/10] learning_rate=0.0001486
  -> MRR@20=0.167600  best=0.219000  (full@59, trial=11.0min, avg=11.1min/trial, total=1.29h, ETA=33.3min)
[TRIAL_METRICS] cur_best_mrr20=0.167600 cur_best_hr10=0.268100 cur_test_mrr20=0.168500 cur_test_hr10=0.267300 run_best_mrr20=0.219000 run_best_hr10=0.284100 run_test_mrr20=0.219900 run_test_hr10=0.286700

[8/10] learning_rate=0.0001249
  -> MRR@20=0.153700  best=0.219000  (full@59, trial=11.1min, avg=11.1min/trial, total=1.48h, ETA=22.2min)
[TRIAL_METRICS] cur_best_mrr20=0.153700 cur_best_hr10=0.258600 cur_test_mrr20=0.156700 cur_test_hr10=0.259000 run_best_mrr20=0.219000 run_best_hr10=0.284100 run_test_mrr20=0.219900 run_test_hr10=0.286700

[9/10] learning_rate=0.0001296
  -> MRR@20=0.157100  best=0.219000  (full@59, trial=11.1min, avg=11.1min/trial, total=1.66h, ETA=11.1min)
[TRIAL_METRICS] cur_best_mrr20=0.157100 cur_best_hr10=0.261500 cur_test_mrr20=0.157700 cur_test_hr10=0.262800 run_best_mrr20=0.219000 run_best_hr10=0.284100 run_test_mrr20=0.219900 run_test_hr10=0.286700

[10/10] learning_rate=9.155e-05
  -> MRR@20=0.135400  best=0.219000  (full@59, trial=11.0min, avg=11.1min/trial, total=1.85h, ETA=0s)
[TRIAL_METRICS] cur_best_mrr20=0.135400 cur_best_hr10=0.248700 cur_test_mrr20=0.139600 cur_test_hr10=0.246300 run_best_mrr20=0.219000 run_best_hr10=0.284100 run_test_mrr20=0.219900 run_test_hr10=0.286700

=================================================================
  DONE  |  SASRec x lastfm0.03
  Best MRR@20 = 0.219000  |  10/10 trials OK
  Best HR@10  = 0.284100
  Test MRR@20 = 0.219900  (best-valid checkpoint)
  Test HR@10  = 0.286700  (best-valid checkpoint)
[RUN_METRICS] best_valid_mrr20=0.219000 best_valid_hr10=0.284100 test_mrr20=0.219900 test_hr10=0.286700
  Total time: 110.9 min
  Best params:
    learning_rate: 0.000430216
  Results -> /workspace/jy1559/FMoE/experiments/run/artifacts/results/baseline/lastfm0.03_SASRec_p15_ws_d00_m01_sasrec_c4d3_s1_20260328_182106_910712_pid373960.json
  Normal mirror -> /workspace/jy1559/FMoE/experiments/run/artifacts/results/baseline/normal/widesearch_anchor2_core5/P15/lastfm0.03/SASRec/lastfm0.03_SASRec_p15_ws_d00_m01_sasrec_c4d3_s1_20260328_182106_910712_pid373960.json
  Special result -> /workspace/jy1559/FMoE/experiments/run/artifacts/results/baseline/special/widesearch_anchor2_core5/P15/lastfm0.03/SASRec/lastfm0.03_SASRec_p15_ws_d00_m01_sasrec_c4d3_s1_20260328_182106_910712_pid373960_special_metrics.json
  Special log -> /workspace/jy1559/FMoE/experiments/run/artifacts/logs/baseline/special/widesearch_anchor2_core5/P15/lastfm0.03/SASRec/lastfm0.03_SASRec_p15_ws_d00_m01_sasrec_c4d3_s1_20260328_182106_910712_pid373960_special_metrics.json
=================================================================

[RUN_STATUS] END status=normal pid=373960 start=2026-03-28T18:21:06 end=2026-03-28T20:12:00
