[RUN_STATUS] START pid=32262 ts=2026-03-10T20:45:16

=================================================================
  Hyperopt TPE  |  FeaturedMoE_v4_Distillation x movielens1m
  max_evals=10  epochs=100  patience=10  wandb=off
  batch_size(train/valid/test)=6144/16384/16384
  track=fmoe_v4_distillation  axis=hparam  phase=PFULLV4D_C17_GCS_DB_ALL_WEAK
=================================================================
Changed knobs: learning_rate
Tuned params(len>1): 1  (~1 discrete combos)
Tuned groups: 1
  [optimization]
    learning_rate                   [0.0002, 0.0018]                          -> loguniform
Fixed params(singleton/non-list): 45
Fixed groups: 45
  [optimization]
    balance_loss_lambda             0.005                                   
    hidden_dropout_prob             0.1                                     
    weight_decay                    5e-05                                   
  [model_core]
    d_expert_hidden                 256                                     
    d_feat_emb                      16                                      
    d_router_hidden                 64                                      
    embedding_size                  128                                     
    expert_scale                    3                                       
    num_heads                       8                                       
  [layout]
    fmoe_v2_layout_id               7                                       
  [routing_moe]
    micro_router_temperature_start  1.3                                     
    mid_router_temperature_start    1.3                                     
    moe_top_k                       0                                       
    moe_top_k_policy                auto                                    
    moe_top_k_ratio                 0.5                                     
    moe_top_k_start                 0                                       
    moe_top_k_warmup_until          0                                       
    router_clone_residual_scale     0.2                                     
    router_design                   flat_legacy                             
    router_group_bias_scale         0.5                                     
    router_impl                     learned                                 
    router_impl_by_stage            {}                                      
    rule_router.feature_per_expert  4                                       
    rule_router.n_bins              5                                       
  [schedule]
    alpha_warmup_end                1.0                                     
    alpha_warmup_start              0.0                                     
    alpha_warmup_until              0                                       
    fmoe_schedule_enable            False                                   
    temperature_warmup_until        0                                       
  [merge_hir]
    fmoe_v2_parallel_stage_gate_temperature  1.0                                     
    fmoe_v2_parallel_stage_gate_top_k  0                                       
    fmoe_v2_stage_merge_aux_enable  False                                   
    fmoe_v2_stage_merge_aux_lambda_scale  1.0                                     
  [other]
    MAX_ITEM_LIST_LENGTH            10                                      
    fmoe_stage_execution_mode       serial                                  
    fmoe_v2_feature_spec_aux_enable  False                                   
    fmoe_v2_feature_spec_aux_lambda  0.0                                     
    teacher_bias_scale              0.1                                     
    teacher_delivery                distill_and_fused_bias                  
    teacher_design                  group_comp_stat12                       
    teacher_kl_lambda               0.001                                   
    teacher_stage_mask              all                                     
    teacher_stat_sharpness          16.0                                    
    teacher_temperature             1.5                                     
    teacher_until                   0.15                                    
Layout details:
  execution(fixed)=serial
  id=7 exec=serial pre=0 post=0 total_layers=4 total_moe=3 | macro(pass=1,moe=1) | mid(pass=0,moe=1) | micro(pass=0,moe=1)

[Wandb] disabled for this hyperopt run

[1/10] learning_rate=0.001699
    [Device] CUDA_VISIBLE_DEVICES=2 | torch_device=cuda:0 (NVIDIA RTX A5000)
    [DataCache] save_dataset=True save_dataloaders=False | checkpoint_dir=saved/recbole_cache/movielens1m_feature_added_session_len10 | dataloaders_save_path=saved/recbole_cache/movielens1m_feature_added_session_len10/movielens1m-for-dataloader.pth
    [DataPrep] cache_hit=disk_or_build, create_dataset=0.11s, data_preparation=0.46s, n_items=3534
  -> MRR@20=0.0942  best=0.0942  (early_stop@31, trial=9.7min, avg=9.7min/trial, total=9.7min, ETA=1.46h)

[2/10] learning_rate=0.0002303
    [Device] CUDA_VISIBLE_DEVICES=2 | torch_device=cuda:0 (NVIDIA RTX A5000)
    [DataCache] save_dataset=True save_dataloaders=False | checkpoint_dir=saved/recbole_cache/movielens1m_feature_added_session_len10 | dataloaders_save_path=saved/recbole_cache/movielens1m_feature_added_session_len10/movielens1m-for-dataloader.pth
    [DataPrep] cache_hit=memory, create_dataset=0.00s, data_preparation=0.00s, n_items=3534
  -> MRR@20=0.0939  best=0.0942  (early_stop@70, trial=21.8min, avg=15.8min/trial, total=31.6min, ETA=2.10h)

[3/10] learning_rate=0.0006202
    [Device] CUDA_VISIBLE_DEVICES=2 | torch_device=cuda:0 (NVIDIA RTX A5000)
    [DataCache] save_dataset=True save_dataloaders=False | checkpoint_dir=saved/recbole_cache/movielens1m_feature_added_session_len10 | dataloaders_save_path=saved/recbole_cache/movielens1m_feature_added_session_len10/movielens1m-for-dataloader.pth
    [DataPrep] cache_hit=memory, create_dataset=0.00s, data_preparation=0.00s, n_items=3534
  -> MRR@20=0.0932  best=0.0942  (early_stop@43, trial=13.4min, avg=15.0min/trial, total=45.0min, ETA=1.75h)

[4/10] learning_rate=0.000845
    [Device] CUDA_VISIBLE_DEVICES=2 | torch_device=cuda:0 (NVIDIA RTX A5000)
    [DataCache] save_dataset=True save_dataloaders=False | checkpoint_dir=saved/recbole_cache/movielens1m_feature_added_session_len10 | dataloaders_save_path=saved/recbole_cache/movielens1m_feature_added_session_len10/movielens1m-for-dataloader.pth
    [DataPrep] cache_hit=memory, create_dataset=0.00s, data_preparation=0.00s, n_items=3534
  -> MRR@20=0.0936  best=0.0942  (early_stop@38, trial=11.8min, avg=14.2min/trial, total=56.8min, ETA=1.42h)

[5/10] learning_rate=0.000629
    [Device] CUDA_VISIBLE_DEVICES=2 | torch_device=cuda:0 (NVIDIA RTX A5000)
    [DataCache] save_dataset=True save_dataloaders=False | checkpoint_dir=saved/recbole_cache/movielens1m_feature_added_session_len10 | dataloaders_save_path=saved/recbole_cache/movielens1m_feature_added_session_len10/movielens1m-for-dataloader.pth
    [DataPrep] cache_hit=memory, create_dataset=0.00s, data_preparation=0.00s, n_items=3534
  -> MRR@20=0.0933  best=0.0942  (early_stop@45, trial=14.0min, avg=14.2min/trial, total=1.18h, ETA=1.18h)

[6/10] learning_rate=0.0002117
    [Device] CUDA_VISIBLE_DEVICES=2 | torch_device=cuda:0 (NVIDIA RTX A5000)
    [DataCache] save_dataset=True save_dataloaders=False | checkpoint_dir=saved/recbole_cache/movielens1m_feature_added_session_len10 | dataloaders_save_path=saved/recbole_cache/movielens1m_feature_added_session_len10/movielens1m-for-dataloader.pth
    [DataPrep] cache_hit=memory, create_dataset=0.00s, data_preparation=0.00s, n_items=3534
  -> MRR@20=0.0942  best=0.0942  (early_stop@92, trial=28.7min, avg=16.6min/trial, total=1.66h, ETA=1.11h)

[7/10] learning_rate=0.000288
    [Device] CUDA_VISIBLE_DEVICES=2 | torch_device=cuda:0 (NVIDIA RTX A5000)
    [DataCache] save_dataset=True save_dataloaders=False | checkpoint_dir=saved/recbole_cache/movielens1m_feature_added_session_len10 | dataloaders_save_path=saved/recbole_cache/movielens1m_feature_added_session_len10/movielens1m-for-dataloader.pth
    [DataPrep] cache_hit=memory, create_dataset=0.00s, data_preparation=0.00s, n_items=3534
  -> MRR@20=0.0943  best=0.0943  (early_stop@72, trial=22.5min, avg=17.4min/trial, total=2.03h, ETA=52.3min)

[8/10] learning_rate=0.0002927
    [Device] CUDA_VISIBLE_DEVICES=2 | torch_device=cuda:0 (NVIDIA RTX A5000)
    [DataCache] save_dataset=True save_dataloaders=False | checkpoint_dir=saved/recbole_cache/movielens1m_feature_added_session_len10 | dataloaders_save_path=saved/recbole_cache/movielens1m_feature_added_session_len10/movielens1m-for-dataloader.pth
    [DataPrep] cache_hit=memory, create_dataset=0.00s, data_preparation=0.00s, n_items=3534
  -> MRR@20=0.0942  best=0.0943  (early_stop@72, trial=22.4min, avg=18.1min/trial, total=2.41h, ETA=36.1min)

[9/10] learning_rate=0.0003432
    [Device] CUDA_VISIBLE_DEVICES=2 | torch_device=cuda:0 (NVIDIA RTX A5000)
    [DataCache] save_dataset=True save_dataloaders=False | checkpoint_dir=saved/recbole_cache/movielens1m_feature_added_session_len10 | dataloaders_save_path=saved/recbole_cache/movielens1m_feature_added_session_len10/movielens1m-for-dataloader.pth
    [DataPrep] cache_hit=memory, create_dataset=0.00s, data_preparation=0.00s, n_items=3534
  -> MRR@20=0.0940  best=0.0943  (early_stop@60, trial=18.7min, avg=18.1min/trial, total=2.72h, ETA=18.1min)

[10/10] learning_rate=0.001276
    [Device] CUDA_VISIBLE_DEVICES=2 | torch_device=cuda:0 (NVIDIA RTX A5000)
    [DataCache] save_dataset=True save_dataloaders=False | checkpoint_dir=saved/recbole_cache/movielens1m_feature_added_session_len10 | dataloaders_save_path=saved/recbole_cache/movielens1m_feature_added_session_len10/movielens1m-for-dataloader.pth
    [DataPrep] cache_hit=memory, create_dataset=0.00s, data_preparation=0.00s, n_items=3534
  -> MRR@20=0.0934  best=0.0943  (early_stop@34, trial=10.6min, avg=17.4min/trial, total=2.90h, ETA=0s)

=================================================================
  DONE  |  FeaturedMoE_v4_Distillation x movielens1m
  Best MRR@20 = 0.0943  |  10/10 trials OK
  Total time: 173.8 min
  Best params:
    learning_rate: 0.000287977
  Results -> /workspace/jy1559/FMoE/experiments/run/artifacts/results/fmoe_v4_distillation/movielens1m_FeaturedMoE_v4_Distillation_pfullv4d_c17_gcs_db_all_weak_20260310_204516_557507_pid32262.json
=================================================================

[RUN_STATUS] END status=normal pid=32262 start=2026-03-10T20:45:16 end=2026-03-10T23:39:06
