[RUN_STATUS] START pid=43386 ts=2026-03-11T01:29:03

=================================================================
  Hyperopt TPE  |  FeaturedMoE_v4_Distillation x movielens1m
  max_evals=10  epochs=100  patience=10  wandb=off
  batch_size(train/valid/test)=6144/16384/16384
  track=fmoe_v4_distillation  axis=hparam  phase=PFULLV4D_C31_GSH_DB_ALL_STRONG
=================================================================
Changed knobs: learning_rate
Tuned params(len>1): 1  (~1 discrete combos)
Tuned groups: 1
  [optimization]
    learning_rate                   [0.0001, 0.0011]                          -> loguniform
Fixed params(singleton/non-list): 46
Fixed groups: 46
  [optimization]
    balance_loss_lambda             0.005                                   
    hidden_dropout_prob             0.1                                     
    weight_decay                    5e-05                                   
  [model_core]
    d_expert_hidden                 256                                     
    d_feat_emb                      16                                      
    d_router_hidden                 64                                      
    embedding_size                  128                                     
    expert_scale                    3                                       
    num_heads                       8                                       
  [layout]
    fmoe_v2_layout_id               7                                       
  [routing_moe]
    micro_router_temperature_start  1.3                                     
    mid_router_temperature_start    1.3                                     
    moe_top_k                       0                                       
    moe_top_k_policy                auto                                    
    moe_top_k_ratio                 0.5                                     
    moe_top_k_start                 0                                       
    moe_top_k_warmup_until          0                                       
    router_clone_residual_scale     0.2                                     
    router_design                   flat_legacy                             
    router_group_bias_scale         0.5                                     
    router_impl                     learned                                 
    router_impl_by_stage            {}                                      
    rule_router.feature_per_expert  4                                       
    rule_router.n_bins              5                                       
    rule_router.variant             ratio_bins                              
  [schedule]
    alpha_warmup_end                1.0                                     
    alpha_warmup_start              0.0                                     
    alpha_warmup_until              0                                       
    fmoe_schedule_enable            False                                   
    temperature_warmup_until        0                                       
  [merge_hir]
    fmoe_v2_parallel_stage_gate_temperature  1.0                                     
    fmoe_v2_parallel_stage_gate_top_k  0                                       
    fmoe_v2_stage_merge_aux_enable  False                                   
    fmoe_v2_stage_merge_aux_lambda_scale  1.0                                     
  [other]
    MAX_ITEM_LIST_LENGTH            10                                      
    fmoe_stage_execution_mode       serial                                  
    fmoe_v2_feature_spec_aux_enable  False                                   
    fmoe_v2_feature_spec_aux_lambda  0.0                                     
    teacher_bias_scale              0.35                                    
    teacher_delivery                distill_and_fused_bias                  
    teacher_design                  group_comp_shape12                      
    teacher_kl_lambda               0.0035                                  
    teacher_stage_mask              all                                     
    teacher_stat_sharpness          16.0                                    
    teacher_temperature             1.5                                     
    teacher_until                   0.35                                    
Layout details:
  execution(fixed)=serial
  id=7 exec=serial pre=0 post=0 total_layers=4 total_moe=3 | macro(pass=1,moe=1) | mid(pass=0,moe=1) | micro(pass=0,moe=1)

[Wandb] disabled for this hyperopt run

[1/10] learning_rate=0.0005478
    [Device] CUDA_VISIBLE_DEVICES=6 | torch_device=cuda:0 (NVIDIA RTX A5000)
    [DataCache] save_dataset=True save_dataloaders=False | checkpoint_dir=saved/recbole_cache/movielens1m_feature_added_session_len10 | dataloaders_save_path=saved/recbole_cache/movielens1m_feature_added_session_len10/movielens1m-for-dataloader.pth
    [DataPrep] cache_hit=disk_or_build, create_dataset=0.11s, data_preparation=0.55s, n_items=3534
[RUN_STATUS] TERMINATED signal=SIGINT(2) pid=43386 ts=2026-03-11T01:31:46
[RUN_STATUS] END status=terminated signal=SIGINT(2) pid=43386 start=2026-03-11T01:29:03 end=2026-03-11T01:31:46
