[STAGEG_CROSS6X9_ANCHOR2_CORE5_SETTING_HEADER]
run_phase=P22_SG_D04_M08_C02_DIFSR_XFER_FOURSQUARE_FAD_H3_R1_C2_S3 run_id=SG_MOVIELENS1M_DIFSR_XFER_FOURSQUARE_FAD_H3_R1_C2_S3 phase_id=P22 axis_id=SG model=DIFSR candidate_id=XFER_foursquare_FAD_H3_R1_C2 seed=3
dataset=movielens1m gpu=4 order=0 candidate_source=final_transfer source_stage=Final_all_datasets transfer_from_dataset=foursquare
max_evals=6 tune_epochs=44 tune_patience=6
seed=220047

[COMMAND]
- /venv/FMoE/bin/python hyperopt_tune.py --config-name tune_ml --max-evals 6 --tune-epochs 44 --tune-patience 6 --seed 220047 --run-group baseline --run-axis StageG_Cross6x9_anchor2_core5 --run-phase P22_SG_D04_M08_C02_DIFSR_XFER_FOURSQUARE_FAD_H3_R1_C2_S3 model=difsr dataset=movielens1m eval_mode=session_fixed feature_mode=full_v3 gpu_id=4 log_wandb=false show_progress=false ++special_logging=true ++seed=220047 ++search={learning_rate:[0.0005371161583105626,0.0012162582040347253]} ++search_space_type_overrides={learning_rate:"loguniform"} ++weight_decay=0.0002 ++search.weight_decay=[0.0002] ++search_space_type_overrides.weight_decay=choice ++search.n_layers=[3] ++search_space_type_overrides.n_layers=choice ++search.num_layers=[3] ++search_space_type_overrides.num_layers=choice ++search.n_heads=[4] ++search_space_type_overrides.n_heads=choice ++search.num_heads=[4] ++search_space_type_overrides.num_heads=choice ++search.dropout_ratio=[0.15] ++search_space_type_overrides.dropout_ratio=choice ++search.dropout_prob=[0.15] ++search_space_type_overrides.dropout_prob=choice ++search.hidden_dropout_prob=[0.15] ++search_space_type_overrides.hidden_dropout_prob=choice ++search.attn_dropout_prob=[0.15] ++search_space_type_overrides.attn_dropout_prob=choice ++search.hidden_size=[160] ++search_space_type_overrides.hidden_size=choice ++search.embedding_size=[160] ++search_space_type_overrides.embedding_size=choice ++search.inner_size=[320] ++search_space_type_overrides.inner_size=choice ++search.time_span=[512] ++search_space_type_overrides.time_span=choice ++search.num_experts=[8] ++search_space_type_overrides.num_experts=choice ++search.state_size=[32] ++search_space_type_overrides.state_size=choice ++search.conv_kernel=[8] ++search_space_type_overrides.conv_kernel=choice ++search.remaining_ratio=[0.7] ++search_space_type_overrides.remaining_ratio=choice ++search.MAX_ITEM_LIST_LENGTH=[10] ++search_space_type_overrides.MAX_ITEM_LIST_LENGTH=choice ++dropout_ratio=0.15 ++fusion_type=gate ++use_attribute_predictor=true ++lambda_attr=0.1 ++train_batch_size=1740 ++eval_batch_size=2611 ++hidden_size=160 ++embedding_size=160 ++MAX_ITEM_LIST_LENGTH=10 ++num_layers=3 ++n_layers=3 ++num_heads=4 ++n_heads=4 ++inner_size=320 ++attribute_hidden_size=160
/venv/FMoE/lib/python3.10/site-packages/ray/_private/parameter.py:4: UserWarning: pkg_resources is deprecated as an API. See https://setuptools.pypa.io/en/latest/pkg_resources.html. The pkg_resources package is slated for removal as early as 2025-11-30. Refrain from using this package or pin to Setuptools<81.
  import pkg_resources
[RUN_STATUS] START pid=349567 ts=2026-04-08T02:34:14

=================================================================
  Hyperopt TPE  |  DIFSR x movielens1m
  max_evals=6  epochs=44  patience=6  wandb=off
  batch_size(train/valid/test)=1740/2611/2611
  track=baseline  axis=stageg_cross6x9_anchor2_core5  phase=P22_SG_D04_M08_C02_DIFSR_XFER_FOURSQUARE_FAD_H3_R1_C2_S3
=================================================================
Changed knobs: fusion_type, learning_rate
Tuned params(len>1): 2  (~2 discrete combos)
Tuned groups: 2
  [optimization]
    learning_rate                   [0.0005371161583105626, 0.0012162582040347253]  -> loguniform
  [other]
    fusion_type                     ['sum', 'gate']                           -> choice
Fixed params(singleton/non-list): 18
Fixed groups: 18
  [optimization]
    hidden_dropout_prob             0.15                                    
    weight_decay                    0.0002                                  
  [model_core]
    attn_dropout_prob               0.15                                    
    dropout_prob                    0.15                                    
    dropout_ratio                   0.15                                    
    embedding_size                  160                                     
    hidden_size                     160                                     
    inner_size                      320                                     
    num_heads                       4                                       
    num_layers                      3                                       
  [other]
    MAX_ITEM_LIST_LENGTH            10                                      
    conv_kernel                     8                                       
    n_heads                         4                                       
    n_layers                        3                                       
    num_experts                     8                                       
    remaining_ratio                 0.7                                     
    state_size                      32                                      
    time_span                       512                                     

[Wandb] disabled for this hyperopt run

[1/6] fusion_type=sum, learning_rate=0.0006854
  -> MRR@20=0.080800  best=0.080800  (full@44, trial=4.3min, avg=4.5min/trial, total=4.5min, ETA=22.7min)
[TRIAL_METRICS] cur_best_mrr20=0.080800 cur_best_hr10=0.181900 cur_test_mrr20=0.076100 cur_test_hr10=0.182300 run_best_mrr20=0.080800 run_best_hr10=0.181900 run_test_mrr20=0.076100 run_test_hr10=0.182300

[2/6] fusion_type=sum, learning_rate=0.0005382
  -> MRR@20=0.080500  best=0.080800  (full@44, trial=5.0min, avg=4.8min/trial, total=9.5min, ETA=19.1min)
[TRIAL_METRICS] cur_best_mrr20=0.080500 cur_best_hr10=0.183700 cur_test_mrr20=0.074900 cur_test_hr10=0.180900 run_best_mrr20=0.080800 run_best_hr10=0.181900 run_test_mrr20=0.076100 run_test_hr10=0.182300

[3/6] fusion_type=gate, learning_rate=0.0007572
  -> MRR@20=0.081200  best=0.081200  (full@44, trial=5.5min, avg=5.0min/trial, total=15.0min, ETA=15.0min)
[TRIAL_METRICS] cur_best_mrr20=0.081200 cur_best_hr10=0.181900 cur_test_mrr20=0.079100 cur_test_hr10=0.182300 run_best_mrr20=0.081200 run_best_hr10=0.181900 run_test_mrr20=0.079100 run_test_hr10=0.182300

[4/6] fusion_type=sum, learning_rate=0.001065
  -> MRR@20=0.082600  best=0.082600  (early_stop@43, trial=4.8min, avg=5.0min/trial, total=19.9min, ETA=9.9min)
[TRIAL_METRICS] cur_best_mrr20=0.082600 cur_best_hr10=0.197100 cur_test_mrr20=0.078400 cur_test_hr10=0.190600 run_best_mrr20=0.082600 run_best_hr10=0.197100 run_test_mrr20=0.078400 run_test_hr10=0.190600

[5/6] fusion_type=gate, learning_rate=0.001145
  -> MRR@20=0.085000  best=0.085000  (full@44, trial=4.8min, avg=4.9min/trial, total=24.7min, ETA=4.9min)
[TRIAL_METRICS] cur_best_mrr20=0.085000 cur_best_hr10=0.186100 cur_test_mrr20=0.079100 cur_test_hr10=0.185000 run_best_mrr20=0.085000 run_best_hr10=0.186100 run_test_mrr20=0.079100 run_test_hr10=0.185000

[6/6] fusion_type=gate, learning_rate=0.001212
  -> MRR@20=0.078300  best=0.085000  (early_stop@38, trial=4.5min, avg=4.9min/trial, total=29.2min, ETA=0s)
[TRIAL_METRICS] cur_best_mrr20=0.078300 cur_best_hr10=0.181400 cur_test_mrr20=0.073800 cur_test_hr10=0.181400 run_best_mrr20=0.085000 run_best_hr10=0.186100 run_test_mrr20=0.079100 run_test_hr10=0.185000

=================================================================
  DONE  |  DIFSR x movielens1m
  Best MRR@20 = 0.085000  |  6/6 trials OK
  Best HR@10  = 0.186100
  Test MRR@20 = 0.079100  (best-valid checkpoint)
  Test HR@10  = 0.185000  (best-valid checkpoint)
[RUN_METRICS] best_valid_mrr20=0.085000 best_valid_hr10=0.186100 test_mrr20=0.079100 test_hr10=0.185000
  Total time: 29.2 min
  Best params:
    fusion_type: gate
    learning_rate: 0.00114483
  Results -> /workspace/jy1559/FMoE/experiments/run/artifacts/results/baseline/movielens1m_DIFSR_p22_sg_d04_m08_c02_difsr_xfer_foursquare_fad_h3_r1_c2_s3_20260408_023414_712324_pid349567.json
  Normal mirror -> /workspace/jy1559/FMoE/experiments/run/artifacts/results/baseline/normal/stageg_cross6x9_anchor2_core5/P22/movielens1m/DIFSR/movielens1m_DIFSR_p22_sg_d04_m08_c02_difsr_xfer_foursquare_fad_h3_r1_c2_s3_20260408_023414_712324_pid349567.json
  Special result -> /workspace/jy1559/FMoE/experiments/run/artifacts/results/baseline/special/stageg_cross6x9_anchor2_core5/P22/movielens1m/DIFSR/movielens1m_DIFSR_p22_sg_d04_m08_c02_difsr_xfer_foursquare_fad_h3_r1_c2_s3_20260408_023414_712324_pid349567_special_metrics.json
  Special log -> /workspace/jy1559/FMoE/experiments/run/artifacts/logs/baseline/special/stageg_cross6x9_anchor2_core5/P22/movielens1m/DIFSR/movielens1m_DIFSR_p22_sg_d04_m08_c02_difsr_xfer_foursquare_fad_h3_r1_c2_s3_20260408_023414_712324_pid349567_special_metrics.json
=================================================================

[RUN_STATUS] END status=normal pid=349567 start=2026-04-08T02:34:14 end=2026-04-08T03:03:26
