# pair=P043 dataset=movielens1m model=gru4rec combo=C1 seed=1
# cmd=/venv/FMoE/bin/python hyperopt_tune.py --config-name tune_ml --max-evals 10 --tune-epochs 100 --tune-patience 10 --search-algo random --seed 43 --run-group baseline_3 --run-axis FULL_HISTORY_V4_C4 --run-phase FULL_HISTORY_V4_C4_DMOVIELENS1M_MGRU4REC_P043_C1_S1 model=gru4rec dataset=movielens1m eval_mode=session_fixed feature_mode=full_v4 train_batch_size=4096 eval_batch_size=8192 gpu_id=6 log_wandb=false show_progress=false ++seed=43 ++history_input_mode=full_history_session_targets ++history_group_field=user_id ++target_group_field=session_id ++history_eval_policy=strict_train_prefix ++MAX_ITEM_LIST_LENGTH=50 ++eval_sampling.mode=full ++eval_sampling.auto_full_threshold=999999999 ++special_logging=true ++exclude_unseen_target_from_main_eval=true ++log_unseen_target_metrics=true ++hidden_size=192 ++embedding_size=192 ++num_layers=1 ++dropout_prob=0.3 ++hidden_dropout_prob=0.3 ++weight_decay=1e-05 ++search={learning_rate:[0.00028366869980665836,0.0017020121988399499],weight_decay:[7e-06,1.7e-05]} ++search_space_type_overrides={learning_rate:"loguniform",weight_decay:"loguniform"} ++search.MAX_ITEM_LIST_LENGTH=[50] ++search_space_type_overrides.MAX_ITEM_LIST_LENGTH=choice ++search.hidden_size=[192] ++search_space_type_overrides.hidden_size=choice ++search.embedding_size=[192] ++search_space_type_overrides.embedding_size=choice ++search.num_layers=[1] ++search_space_type_overrides.num_layers=choice ++search.dropout_prob=[0.3] ++search_space_type_overrides.dropout_prob=choice ++search.hidden_dropout_prob=[0.3] ++search_space_type_overrides.hidden_dropout_prob=choice

/venv/FMoE/lib/python3.10/site-packages/ray/_private/parameter.py:4: UserWarning: pkg_resources is deprecated as an API. See https://setuptools.pypa.io/en/latest/pkg_resources.html. The pkg_resources package is slated for removal as early as 2025-11-30. Refrain from using this package or pin to Setuptools<81.
  import pkg_resources
[RUN_STATUS] START pid=372656 ts=2026-04-16T14:44:18

=================================================================
  Hyperopt  |  GRU4Rec x movielens1m
  max_evals=10  epochs=100  patience=10  wandb=off
  search_algo=random
  batch_size(train/valid/test)=4096/8192/8192
  track=baseline_3  axis=full_history_v4_c4  phase=FULL_HISTORY_V4_C4_DMOVIELENS1M_MGRU4REC_P043_C1_S1
=================================================================
Changed knobs: learning_rate, weight_decay
Tuned params(len>1): 2  (~1 discrete combos)
Tuned groups: 2
  [optimization]
    learning_rate                   [0.00028366869980665836, 0.0017020121988399499]  -> loguniform
    weight_decay                    [7e-06, 1.7e-05]                          -> loguniform
Fixed params(singleton/non-list): 6
Fixed groups: 6
  [optimization]
    hidden_dropout_prob             0.3                                     
  [model_core]
    dropout_prob                    0.3                                     
    embedding_size                  192                                     
    hidden_size                     192                                     
    num_layers                      1                                       
  [other]
    MAX_ITEM_LIST_LENGTH            50                                      

[Wandb] disabled for this hyperopt run

[1/10] learning_rate=0.0002911, weight_decay=8.586e-06
  -> MRR@20=0.076100  best=0.076100  (early_stop@85, trial=20.6min, avg=20.9min/trial, total=20.9min, ETA=3.14h)
[TRIAL_METRICS] cur_best_mrr20=0.076100 cur_best_hr10=0.183400 cur_test_mrr20=0.056300 cur_test_hr10=0.132000 run_best_mrr20=0.076100 run_best_hr10=0.183400 run_test_mrr20=0.056300 run_test_hr10=0.132000

[2/10] learning_rate=0.001648, weight_decay=1.365e-05
  -> MRR@20=0.091500  best=0.091500  (early_stop@45, trial=10.9min, avg=15.9min/trial, total=31.8min, ETA=2.12h)
[TRIAL_METRICS] cur_best_mrr20=0.091500 cur_best_hr10=0.206000 cur_test_mrr20=0.054200 cur_test_hr10=0.126900 run_best_mrr20=0.091500 run_best_hr10=0.206000 run_test_mrr20=0.054200 run_test_hr10=0.126900

[3/10] learning_rate=0.0005867, weight_decay=1.666e-05
  -> MRR@20=0.087900  best=0.091500  (early_stop@71, trial=17.3min, avg=16.4min/trial, total=49.1min, ETA=1.91h)
[TRIAL_METRICS] cur_best_mrr20=0.087900 cur_best_hr10=0.198600 cur_test_mrr20=0.056300 cur_test_hr10=0.137100 run_best_mrr20=0.091500 run_best_hr10=0.206000 run_test_mrr20=0.054200 run_test_hr10=0.126900

[4/10] learning_rate=0.0011, weight_decay=1.574e-05
[RUN_STATUS] TERMINATED signal=SIGINT(2) pid=372656 ts=2026-04-16T15:45:00
[RUN_STATUS] TERMINATED signal=SIGTERM(15) pid=372656 ts=2026-04-16T15:45:00
[RUN_STATUS] END status=terminated signal=SIGTERM(15) pid=372656 start=2026-04-16T14:44:18 end=2026-04-16T15:45:00

[FULL_HISTORY_TIMING] avg_epoch_sec=0.0000 avg_epoch_ms=0.0 test_inference_sec=0.0000
