[STAGEI_PROGRESSIVE_RECOVERY_ANCHOR2_CORE5_SETTING_HEADER]
run_phase=P24_I2_D10_MDUOREC_C10_I2_DUOREC_FB04_S1 run_id=I2_RETAIL_ROCKET_DUOREC_I2_DUOREC_FB04_S1 phase_id=P24 axis_id=SI pass_name=pass2 model=DuoRec candidate_id=I2_DUOREC_FB04 seed=1
dataset=retail_rocket gpu=4 candidate_source=history_perturb source_stage=StageH_TargetedRecovery_anchor2_core5 anchor_run_id=SH_RETAIL_ROCKET_DUOREC_RR_DUO_STAGEH_REC1_LIGHT_S1 batch_profile=pass2:bs640/768
max_evals=8 tune_epochs=50 tune_patience=5
seed=240117

[COMMAND]
- /venv/FMoE/bin/python hyperopt_tune.py --config-name tune_rr --max-evals 8 --tune-epochs 50 --tune-patience 5 --seed 240117 --run-group baseline --run-axis StageI_ProgressiveRecovery_anchor2_core5 --run-phase P24_I2_D10_MDUOREC_C10_I2_DUOREC_FB04_S1 model=duorec dataset=retail_rocket eval_mode=session_fixed feature_mode=full_v3 gpu_id=4 log_wandb=false show_progress=false ++special_logging=true ++seed=240117 ++search={learning_rate:[0.0007379954129408342,0.001353458478958353]} ++search_space_type_overrides={learning_rate:"loguniform"} ++weight_decay=5.4000000000000005e-05 ++search.weight_decay=[5.4000000000000005e-05] ++search_space_type_overrides.weight_decay=choice ++search.n_layers=[2] ++search_space_type_overrides.n_layers=choice ++search.num_layers=[2] ++search_space_type_overrides.num_layers=choice ++search.n_heads=[2] ++search_space_type_overrides.n_heads=choice ++search.num_heads=[2] ++search_space_type_overrides.num_heads=choice ++search.dropout_ratio=[0.08] ++search_space_type_overrides.dropout_ratio=choice ++search.dropout_prob=[0.08] ++search_space_type_overrides.dropout_prob=choice ++search.hidden_dropout_prob=[0.08] ++search_space_type_overrides.hidden_dropout_prob=choice ++search.attn_dropout_prob=[0.08] ++search_space_type_overrides.attn_dropout_prob=choice ++search.hidden_size=[128] ++search_space_type_overrides.hidden_size=choice ++search.embedding_size=[128] ++search_space_type_overrides.embedding_size=choice ++search.inner_size=[256] ++search_space_type_overrides.inner_size=choice ++search.time_span=[384] ++search_space_type_overrides.time_span=choice ++search.num_experts=[6] ++search_space_type_overrides.num_experts=choice ++search.state_size=[24] ++search_space_type_overrides.state_size=choice ++search.conv_kernel=[6] ++search_space_type_overrides.conv_kernel=choice ++search.remaining_ratio=[0.6] ++search_space_type_overrides.remaining_ratio=choice ++search.MAX_ITEM_LIST_LENGTH=[6] ++search_space_type_overrides.MAX_ITEM_LIST_LENGTH=choice ++dropout_ratio=0.08 ++contrast=un ++tau=0.3 ++lmd=0.04 ++lmd_sem=0.0 ++semantic_sample_max_tries=2 ++train_batch_size=640 ++eval_batch_size=768 ++hidden_size=128 ++embedding_size=128 ++MAX_ITEM_LIST_LENGTH=6 ++n_layers=2 ++num_layers=2 ++n_heads=2 ++num_heads=2 ++inner_size=256
/venv/FMoE/lib/python3.10/site-packages/ray/_private/parameter.py:4: UserWarning: pkg_resources is deprecated as an API. See https://setuptools.pypa.io/en/latest/pkg_resources.html. The pkg_resources package is slated for removal as early as 2025-11-30. Refrain from using this package or pin to Setuptools<81.
  import pkg_resources
[RUN_STATUS] START pid=224557 ts=2026-04-12T18:32:45

=================================================================
  Hyperopt TPE  |  DuoRec x retail_rocket
  max_evals=8  epochs=50  patience=5  wandb=off
  batch_size(train/valid/test)=640/768/768
  track=baseline  axis=stagei_progressiverecovery_anchor2_core5  phase=P24_I2_D10_MDUOREC_C10_I2_DUOREC_FB04_S1
=================================================================
Changed knobs: learning_rate
Tuned params(len>1): 1  (~1 discrete combos)
Tuned groups: 1
  [optimization]
    learning_rate                   [0.0007379954129408342, 0.001353458478958353]  -> loguniform
Fixed params(singleton/non-list): 18
Fixed groups: 18
  [optimization]
    hidden_dropout_prob             0.08                                    
    weight_decay                    5.4000000000000005e-05                  
  [model_core]
    attn_dropout_prob               0.08                                    
    dropout_prob                    0.08                                    
    dropout_ratio                   0.08                                    
    embedding_size                  128                                     
    hidden_size                     128                                     
    inner_size                      256                                     
    num_heads                       2                                       
    num_layers                      2                                       
  [other]
    MAX_ITEM_LIST_LENGTH            6                                       
    conv_kernel                     6                                       
    n_heads                         2                                       
    n_layers                        2                                       
    num_experts                     6                                       
    remaining_ratio                 0.6                                     
    state_size                      24                                      
    time_span                       384                                     

[Wandb] disabled for this hyperopt run

[1/8] learning_rate=0.0008888
  -> MRR@20=0.273300  best=0.273300  (early_stop@9, trial=3.4min, avg=3.7min/trial, total=3.7min, ETA=26.1min)
[TRIAL_METRICS] cur_best_mrr20=0.273300 cur_best_hr10=0.436000 cur_test_mrr20=0.275100 cur_test_hr10=0.439200 run_best_mrr20=0.273300 run_best_hr10=0.436000 run_test_mrr20=0.275100 run_test_hr10=0.439200

[2/8] learning_rate=0.0008195
  -> MRR@20=0.274300  best=0.274300  (early_stop@9, trial=3.4min, avg=3.6min/trial, total=7.2min, ETA=21.5min)
[TRIAL_METRICS] cur_best_mrr20=0.274300 cur_best_hr10=0.439600 cur_test_mrr20=0.277400 cur_test_hr10=0.441200 run_best_mrr20=0.274300 run_best_hr10=0.439600 run_test_mrr20=0.277400 run_test_hr10=0.441200

[3/8] learning_rate=0.001258
  -> MRR@20=0.271600  best=0.274300  (early_stop@8, trial=3.1min, avg=3.4min/trial, total=10.2min, ETA=17.1min)
[TRIAL_METRICS] cur_best_mrr20=0.271600 cur_best_hr10=0.432700 cur_test_mrr20=0.273500 cur_test_hr10=0.436100 run_best_mrr20=0.274300 run_best_hr10=0.439600 run_test_mrr20=0.277400 run_test_hr10=0.441200

[4/8] learning_rate=0.0007894
  -> MRR@20=0.273500  best=0.274300  (early_stop@9, trial=3.4min, avg=3.4min/trial, total=13.6min, ETA=13.6min)
[TRIAL_METRICS] cur_best_mrr20=0.273500 cur_best_hr10=0.438900 cur_test_mrr20=0.276600 cur_test_hr10=0.441000 run_best_mrr20=0.274300 run_best_hr10=0.439600 run_test_mrr20=0.277400 run_test_hr10=0.441200

[5/8] learning_rate=0.001168
  -> MRR@20=0.271100  best=0.274300  (early_stop@8, trial=3.1min, avg=3.3min/trial, total=16.7min, ETA=10.0min)
[TRIAL_METRICS] cur_best_mrr20=0.271100 cur_best_hr10=0.432600 cur_test_mrr20=0.274400 cur_test_hr10=0.436800 run_best_mrr20=0.274300 run_best_hr10=0.439600 run_test_mrr20=0.277400 run_test_hr10=0.441200

[6/8] learning_rate=0.001345
  -> MRR@20=0.270000  best=0.274300  (early_stop@7, trial=2.6min, avg=3.2min/trial, total=19.3min, ETA=6.4min)
[TRIAL_METRICS] cur_best_mrr20=0.270000 cur_best_hr10=0.434800 cur_test_mrr20=0.270200 cur_test_hr10=0.434300 run_best_mrr20=0.274300 run_best_hr10=0.439600 run_test_mrr20=0.277400 run_test_hr10=0.441200

[7/8] learning_rate=0.001145
  -> MRR@20=0.271700  best=0.274300  (early_stop@8, trial=3.2min, avg=3.2min/trial, total=22.5min, ETA=3.2min)
[TRIAL_METRICS] cur_best_mrr20=0.271700 cur_best_hr10=0.434200 cur_test_mrr20=0.273600 cur_test_hr10=0.435800 run_best_mrr20=0.274300 run_best_hr10=0.439600 run_test_mrr20=0.277400 run_test_hr10=0.441200

[8/8] learning_rate=0.0009289
  -> MRR@20=0.273400  best=0.274300  (early_stop@9, trial=3.4min, avg=3.2min/trial, total=26.0min, ETA=0s)
[TRIAL_METRICS] cur_best_mrr20=0.273400 cur_best_hr10=0.434800 cur_test_mrr20=0.276000 cur_test_hr10=0.440600 run_best_mrr20=0.274300 run_best_hr10=0.439600 run_test_mrr20=0.277400 run_test_hr10=0.441200

=================================================================
  DONE  |  DuoRec x retail_rocket
  Best MRR@20 = 0.274300  |  8/8 trials OK
  Best HR@10  = 0.439600
  Test MRR@20 = 0.277400  (best-valid checkpoint)
  Test HR@10  = 0.441200  (best-valid checkpoint)
[RUN_METRICS] best_valid_mrr20=0.274300 best_valid_hr10=0.439600 test_mrr20=0.277400 test_hr10=0.441200
  Total time: 26.0 min
  Best params:
    learning_rate: 0.00081953
  Results -> /workspace/FeaturedMoE/experiments/run/artifacts/results/baseline/retail_rocket_DuoRec_p24_i2_d10_mduorec_c10_i2_duorec_fb04_s1_20260412_183246_104696_pid224557.json
  Normal mirror -> /workspace/FeaturedMoE/experiments/run/artifacts/results/baseline/normal/stagei_progressiverecovery_anchor2_core5/P24/retail_rocket/DuoRec/retail_rocket_DuoRec_p24_i2_d10_mduorec_c10_i2_duorec_fb04_s1_20260412_183246_104696_pid224557.json
  Special result -> /workspace/FeaturedMoE/experiments/run/artifacts/results/baseline/special/stagei_progressiverecovery_anchor2_core5/P24/retail_rocket/DuoRec/retail_rocket_DuoRec_p24_i2_d10_mduorec_c10_i2_duorec_fb04_s1_20260412_183246_104696_pid224557_special_metrics.json
  Special log -> /workspace/FeaturedMoE/experiments/run/artifacts/logs/baseline/special/stagei_progressiverecovery_anchor2_core5/P24/retail_rocket/DuoRec/retail_rocket_DuoRec_p24_i2_d10_mduorec_c10_i2_duorec_fb04_s1_20260412_183246_104696_pid224557_special_metrics.json
=================================================================

[RUN_STATUS] END status=normal pid=224557 start=2026-04-12T18:32:45 end=2026-04-12T18:58:45
