[STAGEH_TARGETEDRECOVERY_ANCHOR2_CORE5_SETTING_HEADER]
run_phase=P23_SH_C19_MSASREC_XFER_FOURSQUARE_FAD_H3_R1_C2_WDHI_S1 run_id=SH_RETAIL_ROCKET_SASREC_XFER_FOURSQUARE_FAD_H3_R1_C2_WDHI_S1 phase_id=P23 axis_id=SH model=SASRec candidate_id=XFER_foursquare_FAD_H3_R1_C2_WDHI seed=1
dataset=retail_rocket gpu=6 order=0 candidate_source=stageh_screen_variant source_stage=Final_all_datasets_variant transfer_from_dataset=foursquare
max_evals=3 tune_epochs=16 tune_patience=2
seed=230231

[COMMAND]
- /venv/FMoE/bin/python hyperopt_tune.py --config-name tune_rr --max-evals 3 --tune-epochs 16 --tune-patience 2 --seed 230231 --run-group baseline --run-axis StageH_TargetedRecovery_anchor2_core5 --run-phase P23_SH_C19_MSASREC_XFER_FOURSQUARE_FAD_H3_R1_C2_WDHI_S1 model=sasrec dataset=retail_rocket eval_mode=session_fixed feature_mode=full_v3 gpu_id=6 log_wandb=false show_progress=false ++special_logging=true ++seed=230231 ++search={learning_rate:[0.0003368410929993873,0.0006015872985126216]} ++search_space_type_overrides={learning_rate:"loguniform"} ++weight_decay=0.00036 ++search.weight_decay=[0.00036] ++search_space_type_overrides.weight_decay=choice ++search.n_layers=[2] ++search_space_type_overrides.n_layers=choice ++search.num_layers=[2] ++search_space_type_overrides.num_layers=choice ++search.n_heads=[4] ++search_space_type_overrides.n_heads=choice ++search.num_heads=[4] ++search_space_type_overrides.num_heads=choice ++search.dropout_ratio=[0.15] ++search_space_type_overrides.dropout_ratio=choice ++search.dropout_prob=[0.15] ++search_space_type_overrides.dropout_prob=choice ++search.hidden_dropout_prob=[0.15] ++search_space_type_overrides.hidden_dropout_prob=choice ++search.attn_dropout_prob=[0.15] ++search_space_type_overrides.attn_dropout_prob=choice ++search.hidden_size=[144] ++search_space_type_overrides.hidden_size=choice ++search.embedding_size=[144] ++search_space_type_overrides.embedding_size=choice ++search.inner_size=[288] ++search_space_type_overrides.inner_size=choice ++search.time_span=[512] ++search_space_type_overrides.time_span=choice ++search.num_experts=[8] ++search_space_type_overrides.num_experts=choice ++search.state_size=[32] ++search_space_type_overrides.state_size=choice ++search.conv_kernel=[8] ++search_space_type_overrides.conv_kernel=choice ++search.remaining_ratio=[0.7] ++search_space_type_overrides.remaining_ratio=choice ++search.MAX_ITEM_LIST_LENGTH=[10] ++search_space_type_overrides.MAX_ITEM_LIST_LENGTH=choice ++dropout_ratio=0.15 ++train_batch_size=6144 ++eval_batch_size=8192 ++hidden_size=144 ++embedding_size=144 ++MAX_ITEM_LIST_LENGTH=10 ++n_layers=2 ++num_layers=2 ++n_heads=4 ++num_heads=4 ++inner_size=288
/venv/FMoE/lib/python3.10/site-packages/ray/_private/parameter.py:4: UserWarning: pkg_resources is deprecated as an API. See https://setuptools.pypa.io/en/latest/pkg_resources.html. The pkg_resources package is slated for removal as early as 2025-11-30. Refrain from using this package or pin to Setuptools<81.
  import pkg_resources
[RUN_STATUS] START pid=495979 ts=2026-04-09T10:57:09

=================================================================
  Hyperopt TPE  |  SASRec x retail_rocket
  max_evals=3  epochs=16  patience=2  wandb=off
  batch_size(train/valid/test)=6144/8192/8192
  track=baseline  axis=stageh_targetedrecovery_anchor2_core5  phase=P23_SH_C19_MSASREC_XFER_FOURSQUARE_FAD_H3_R1_C2_WDHI_S1
=================================================================
Changed knobs: learning_rate
Tuned params(len>1): 1  (~1 discrete combos)
Tuned groups: 1
  [optimization]
    learning_rate                   [0.0003368410929993873, 0.0006015872985126216]  -> loguniform
Fixed params(singleton/non-list): 18
Fixed groups: 18
  [optimization]
    hidden_dropout_prob             0.15                                    
    weight_decay                    0.00036                                 
  [model_core]
    attn_dropout_prob               0.15                                    
    dropout_prob                    0.15                                    
    dropout_ratio                   0.15                                    
    embedding_size                  144                                     
    hidden_size                     144                                     
    inner_size                      288                                     
    num_heads                       4                                       
    num_layers                      2                                       
  [other]
    MAX_ITEM_LIST_LENGTH            10                                      
    conv_kernel                     8                                       
    n_heads                         4                                       
    n_layers                        2                                       
    num_experts                     8                                       
    remaining_ratio                 0.7                                     
    state_size                      32                                      
    time_span                       512                                     

[Wandb] disabled for this hyperopt run

[1/3] learning_rate=0.0004548
  -> MRR@20=0.124000  best=0.124000  (early_stop@3, trial=36s, avg=58s/trial, total=58s, ETA=1.9min)
[TRIAL_METRICS] cur_best_mrr20=0.124000 cur_best_hr10=0.178300 cur_test_mrr20=0.125100 cur_test_hr10=0.179000 run_best_mrr20=0.124000 run_best_hr10=0.178300 run_test_mrr20=0.125100 run_test_hr10=0.179000

[2/3] learning_rate=0.0005768
  -> MRR@20=0.208700  best=0.208700  (full@16, trial=3.2min, avg=2.1min/trial, total=4.1min, ETA=2.1min)
[TRIAL_METRICS] cur_best_mrr20=0.208700 cur_best_hr10=0.358600 cur_test_mrr20=0.209100 cur_test_hr10=0.358300 run_best_mrr20=0.208700 run_best_hr10=0.358600 run_test_mrr20=0.209100 run_test_hr10=0.358300

[3/3] learning_rate=0.0005362
  -> MRR@20=0.205400  best=0.208700  (full@16, trial=3.1min, avg=2.4min/trial, total=7.3min, ETA=0s)
[TRIAL_METRICS] cur_best_mrr20=0.205400 cur_best_hr10=0.353300 cur_test_mrr20=0.206200 cur_test_hr10=0.354700 run_best_mrr20=0.208700 run_best_hr10=0.358600 run_test_mrr20=0.209100 run_test_hr10=0.358300

=================================================================
  DONE  |  SASRec x retail_rocket
  Best MRR@20 = 0.208700  |  3/3 trials OK
  Best HR@10  = 0.358600
  Test MRR@20 = 0.209100  (best-valid checkpoint)
  Test HR@10  = 0.358300  (best-valid checkpoint)
[RUN_METRICS] best_valid_mrr20=0.208700 best_valid_hr10=0.358600 test_mrr20=0.209100 test_hr10=0.358300
  Total time: 7.3 min
  Best params:
    learning_rate: 0.000576812
  Results -> /workspace/jy1559/FMoE/experiments/run/artifacts/results/baseline/retail_rocket_SASRec_p23_sh_c19_msasrec_xfer_foursquare_fad_h3_r1_c2_wdhi_s1_20260409_105709_279764_pid495979.json
  Normal mirror -> /workspace/jy1559/FMoE/experiments/run/artifacts/results/baseline/normal/stageh_targetedrecovery_anchor2_core5/P23/retail_rocket/SASRec/retail_rocket_SASRec_p23_sh_c19_msasrec_xfer_foursquare_fad_h3_r1_c2_wdhi_s1_20260409_105709_279764_pid495979.json
  Special result -> /workspace/jy1559/FMoE/experiments/run/artifacts/results/baseline/special/stageh_targetedrecovery_anchor2_core5/P23/retail_rocket/SASRec/retail_rocket_SASRec_p23_sh_c19_msasrec_xfer_foursquare_fad_h3_r1_c2_wdhi_s1_20260409_105709_279764_pid495979_special_metrics.json
  Special log -> /workspace/jy1559/FMoE/experiments/run/artifacts/logs/baseline/special/stageh_targetedrecovery_anchor2_core5/P23/retail_rocket/SASRec/retail_rocket_SASRec_p23_sh_c19_msasrec_xfer_foursquare_fad_h3_r1_c2_wdhi_s1_20260409_105709_279764_pid495979_special_metrics.json
=================================================================

[RUN_STATUS] END status=normal pid=495979 start=2026-04-09T10:57:09 end=2026-04-09T11:04:26
