[STAGEE_RELRSEED_ANCHOR2_CORE5_SETTING_HEADER]
run_phase=P20_SC_D01_M04_P02_FAME_D1_E2_S1 run_id=SC_AMAZON_BEAUTY_FAME_D1_E2_S1 phase_id=P20 axis_id=SC model=FAME profile_id=E2 parent_profile_id=D1 seed=1
dataset=amazon_beauty gpu=5 order=0 lr_band=LR6,LR4 lr_lo=0.0012363870450036775 lr_hi=0.0059499999999999996
max_evals=8 tune_epochs=56 tune_patience=8
seed=200072

[COMMAND]
- /venv/FMoE/bin/python hyperopt_tune.py --config-name tune_ab --max-evals 8 --tune-epochs 56 --tune-patience 8 --seed 200072 --run-group baseline --run-axis StageE_ReLRSeed_anchor2_core5 --run-phase P20_SC_D01_M04_P02_FAME_D1_E2_S1 model=fame dataset=amazon_beauty eval_mode=session_fixed feature_mode=full_v3 gpu_id=5 log_wandb=false show_progress=false ++special_logging=true ++seed=200072 ++search={learning_rate:[0.0012363870450036775,0.0059499999999999996]} ++search_space_type_overrides={learning_rate:"loguniform"} ++MAX_ITEM_LIST_LENGTH=10 ++weight_decay=0.00037949999999999995 ++search.weight_decay=[0.00037949999999999995] ++search_space_type_overrides.weight_decay=choice ++search.hidden_size=[88] ++search_space_type_overrides.hidden_size=choice ++search.embedding_size=[88] ++search_space_type_overrides.embedding_size=choice ++search.n_layers=[3] ++search_space_type_overrides.n_layers=choice ++search.num_layers=[3] ++search_space_type_overrides.num_layers=choice ++search.dropout_ratio=[0.23000000000000004] ++search_space_type_overrides.dropout_ratio=choice ++search.dropout_prob=[0.23000000000000004] ++search_space_type_overrides.dropout_prob=choice ++search.hidden_dropout_prob=[0.23000000000000004] ++search_space_type_overrides.hidden_dropout_prob=choice ++search.attn_dropout_prob=[0.23000000000000004] ++search_space_type_overrides.attn_dropout_prob=choice ++search.inner_size=[176] ++search_space_type_overrides.inner_size=choice ++search.n_heads=[8] ++search_space_type_overrides.n_heads=choice ++search.num_heads=[8] ++search_space_type_overrides.num_heads=choice ++search.num_experts=[3] ++search_space_type_overrides.num_experts=choice ++dropout_ratio=0.23000000000000004 ++hidden_size=88 ++embedding_size=88 ++n_layers=3 ++num_layers=3 ++n_heads=8 ++num_heads=8 ++inner_size=176 ++num_experts=3 ++train_batch_size=1536 ++eval_batch_size=2304
/venv/FMoE/lib/python3.10/site-packages/ray/_private/parameter.py:4: UserWarning: pkg_resources is deprecated as an API. See https://setuptools.pypa.io/en/latest/pkg_resources.html. The pkg_resources package is slated for removal as early as 2025-11-30. Refrain from using this package or pin to Setuptools<81.
  import pkg_resources
[RUN_STATUS] START pid=166643 ts=2026-04-05T10:23:35

=================================================================
  Hyperopt TPE  |  FAME x amazon_beauty
  max_evals=8  epochs=56  patience=8  wandb=off
  batch_size(train/valid/test)=1536/2304/2304
  track=baseline  axis=stagee_relrseed_anchor2_core5  phase=P20_SC_D01_M04_P02_FAME_D1_E2_S1
=================================================================
Changed knobs: MAX_ITEM_LIST_LENGTH, learning_rate
Tuned params(len>1): 2  (~4 discrete combos)
Tuned groups: 2
  [optimization]
    learning_rate                   [0.0012363870450036775, 0.0059499999999999996]  -> loguniform
  [other]
    MAX_ITEM_LIST_LENGTH            [5, 10, 30, 50]                           -> choice
Fixed params(singleton/non-list): 13
Fixed groups: 13
  [optimization]
    hidden_dropout_prob             0.23000000000000004                     
    weight_decay                    0.00037949999999999995                  
  [model_core]
    attn_dropout_prob               0.23000000000000004                     
    dropout_prob                    0.23000000000000004                     
    dropout_ratio                   0.23000000000000004                     
    embedding_size                  88                                      
    hidden_size                     88                                      
    inner_size                      176                                     
    num_heads                       8                                       
    num_layers                      3                                       
  [other]
    n_heads                         8                                       
    n_layers                        3                                       
    num_experts                     3                                       

[Wandb] disabled for this hyperopt run

[1/8] MAX_ITEM_LIST_LENGTH=5, learning_rate=0.002758
  -> MRR@20=0.003400  best=0.003400  (early_stop@15, trial=17s, avg=19s/trial, total=19s, ETA=2.2min)
[TRIAL_METRICS] cur_best_mrr20=0.003400 cur_best_hr10=0.017700 cur_test_mrr20=0.009400 cur_test_hr10=0.008800 run_best_mrr20=0.003400 run_best_hr10=0.017700 run_test_mrr20=0.009400 run_test_hr10=0.008800

[2/8] MAX_ITEM_LIST_LENGTH=10, learning_rate=0.005013
  -> MRR@20=0.006200  best=0.006200  (early_stop@25, trial=27s, avg=23s/trial, total=46s, ETA=2.3min)
[TRIAL_METRICS] cur_best_mrr20=0.006200 cur_best_hr10=0.017700 cur_test_mrr20=0.000000 cur_test_hr10=0.000000 run_best_mrr20=0.006200 run_best_hr10=0.017700 run_test_mrr20=0.000000 run_test_hr10=0.000000

[3/8] MAX_ITEM_LIST_LENGTH=50, learning_rate=0.001988
  -> MRR@20=0.009500  best=0.009500  (early_stop@20, trial=26s, avg=24s/trial, total=1.2min, ETA=2.0min)
[TRIAL_METRICS] cur_best_mrr20=0.009500 cur_best_hr10=0.008800 cur_test_mrr20=0.000000 cur_test_hr10=0.000000 run_best_mrr20=0.009500 run_best_hr10=0.008800 run_test_mrr20=0.000000 run_test_hr10=0.000000

[4/8] MAX_ITEM_LIST_LENGTH=5, learning_rate=0.001541
  -> MRR@20=0.001500  best=0.009500  (early_stop@16, trial=17s, avg=22s/trial, total=1.5min, ETA=1.5min)
[TRIAL_METRICS] cur_best_mrr20=0.001500 cur_best_hr10=0.000000 cur_test_mrr20=0.011700 cur_test_hr10=0.017500 run_best_mrr20=0.009500 run_best_hr10=0.008800 run_test_mrr20=0.000000 run_test_hr10=0.000000

[5/8] MAX_ITEM_LIST_LENGTH=10, learning_rate=0.002905
  -> MRR@20=0.002200  best=0.009500  (early_stop@10, trial=11s, avg=20s/trial, total=1.7min, ETA=1.0min)
[TRIAL_METRICS] cur_best_mrr20=0.002200 cur_best_hr10=0.008800 cur_test_mrr20=0.000000 cur_test_hr10=0.000000 run_best_mrr20=0.009500 run_best_hr10=0.008800 run_test_mrr20=0.000000 run_test_hr10=0.000000

[6/8] MAX_ITEM_LIST_LENGTH=50, learning_rate=0.002765
  -> MRR@20=0.010600  best=0.010600  (early_stop@24, trial=30s, avg=22s/trial, total=2.2min, ETA=44s)
[TRIAL_METRICS] cur_best_mrr20=0.010600 cur_best_hr10=0.017700 cur_test_mrr20=0.000000 cur_test_hr10=0.000000 run_best_mrr20=0.010600 run_best_hr10=0.017700 run_test_mrr20=0.000000 run_test_hr10=0.000000

[7/8] MAX_ITEM_LIST_LENGTH=5, learning_rate=0.001487
  -> MRR@20=0.001700  best=0.010600  (early_stop@18, trial=18s, avg=21s/trial, total=2.5min, ETA=21s)
[TRIAL_METRICS] cur_best_mrr20=0.001700 cur_best_hr10=0.008800 cur_test_mrr20=0.003300 cur_test_hr10=0.017500 run_best_mrr20=0.010600 run_best_hr10=0.017700 run_test_mrr20=0.000000 run_test_hr10=0.000000

[8/8] MAX_ITEM_LIST_LENGTH=30, learning_rate=0.005195
  -> MRR@20=0.009600  best=0.010600  (early_stop@9, trial=10s, avg=20s/trial, total=2.7min, ETA=0s)
[TRIAL_METRICS] cur_best_mrr20=0.009600 cur_best_hr10=0.008800 cur_test_mrr20=0.000500 cur_test_hr10=0.000000 run_best_mrr20=0.010600 run_best_hr10=0.017700 run_test_mrr20=0.000000 run_test_hr10=0.000000

=================================================================
  DONE  |  FAME x amazon_beauty
  Best MRR@20 = 0.010600  |  8/8 trials OK
  Best HR@10  = 0.017700
  Test MRR@20 = 0.000000  (best-valid checkpoint)
  Test HR@10  = 0.000000  (best-valid checkpoint)
[RUN_METRICS] best_valid_mrr20=0.010600 best_valid_hr10=0.017700 test_mrr20=0.000000 test_hr10=0.000000
  Total time: 2.7 min
  Best params:
    MAX_ITEM_LIST_LENGTH: 50
    learning_rate: 0.0027653
  Results -> /workspace/jy1559/FMoE/experiments/run/artifacts/results/baseline/amazon_beauty_FAME_p20_sc_d01_m04_p02_fame_d1_e2_s1_20260405_102335_728162_pid166643.json
  Normal mirror -> /workspace/jy1559/FMoE/experiments/run/artifacts/results/baseline/normal/stagee_relrseed_anchor2_core5/P20/amazon_beauty/FAME/amazon_beauty_FAME_p20_sc_d01_m04_p02_fame_d1_e2_s1_20260405_102335_728162_pid166643.json
  Special result -> /workspace/jy1559/FMoE/experiments/run/artifacts/results/baseline/special/stagee_relrseed_anchor2_core5/P20/amazon_beauty/FAME/amazon_beauty_FAME_p20_sc_d01_m04_p02_fame_d1_e2_s1_20260405_102335_728162_pid166643_special_metrics.json
  Special log -> /workspace/jy1559/FMoE/experiments/run/artifacts/logs/baseline/special/stagee_relrseed_anchor2_core5/P20/amazon_beauty/FAME/amazon_beauty_FAME_p20_sc_d01_m04_p02_fame_d1_e2_s1_20260405_102335_728162_pid166643_special_metrics.json
=================================================================

[RUN_STATUS] END status=normal pid=166643 start=2026-04-05T10:23:35 end=2026-04-05T10:26:15
