[STAGEE_RELRSEED_ANCHOR2_CORE5_SETTING_HEADER]
run_phase=P20_SC_D01_M04_P01_FAME_D4_E2_S2 run_id=SC_AMAZON_BEAUTY_FAME_D4_E2_S2 phase_id=P20 axis_id=SC model=FAME profile_id=E2 parent_profile_id=D4 seed=2
dataset=amazon_beauty gpu=4 order=0 lr_band=LR6,LR4 lr_lo=0.0010088918287230009 lr_hi=0.006999999999999999
max_evals=8 tune_epochs=56 tune_patience=8
seed=200063

[COMMAND]
- /venv/FMoE/bin/python hyperopt_tune.py --config-name tune_ab --max-evals 8 --tune-epochs 56 --tune-patience 8 --seed 200063 --run-group baseline --run-axis StageE_ReLRSeed_anchor2_core5 --run-phase P20_SC_D01_M04_P01_FAME_D4_E2_S2 model=fame dataset=amazon_beauty eval_mode=session_fixed feature_mode=full_v3 gpu_id=4 log_wandb=false show_progress=false ++special_logging=true ++seed=200063 ++search={learning_rate:[0.0010088918287230009,0.006999999999999999]} ++search_space_type_overrides={learning_rate:"loguniform"} ++MAX_ITEM_LIST_LENGTH=10 ++weight_decay=0.000170775 ++search.weight_decay=[0.000170775] ++search_space_type_overrides.weight_decay=choice ++search.hidden_size=[88] ++search_space_type_overrides.hidden_size=choice ++search.embedding_size=[88] ++search_space_type_overrides.embedding_size=choice ++search.n_layers=[3] ++search_space_type_overrides.n_layers=choice ++search.num_layers=[3] ++search_space_type_overrides.num_layers=choice ++search.dropout_ratio=[0.17000000000000004] ++search_space_type_overrides.dropout_ratio=choice ++search.dropout_prob=[0.17000000000000004] ++search_space_type_overrides.dropout_prob=choice ++search.hidden_dropout_prob=[0.17000000000000004] ++search_space_type_overrides.hidden_dropout_prob=choice ++search.attn_dropout_prob=[0.17000000000000004] ++search_space_type_overrides.attn_dropout_prob=choice ++search.inner_size=[176] ++search_space_type_overrides.inner_size=choice ++search.n_heads=[8] ++search_space_type_overrides.n_heads=choice ++search.num_heads=[8] ++search_space_type_overrides.num_heads=choice ++search.num_experts=[3] ++search_space_type_overrides.num_experts=choice ++dropout_ratio=0.17000000000000004 ++hidden_size=88 ++embedding_size=88 ++n_layers=3 ++num_layers=3 ++n_heads=8 ++num_heads=8 ++inner_size=176 ++num_experts=3 ++train_batch_size=1536 ++eval_batch_size=2304
/venv/FMoE/lib/python3.10/site-packages/ray/_private/parameter.py:4: UserWarning: pkg_resources is deprecated as an API. See https://setuptools.pypa.io/en/latest/pkg_resources.html. The pkg_resources package is slated for removal as early as 2025-11-30. Refrain from using this package or pin to Setuptools<81.
  import pkg_resources
[RUN_STATUS] START pid=166356 ts=2026-04-05T10:17:38

=================================================================
  Hyperopt TPE  |  FAME x amazon_beauty
  max_evals=8  epochs=56  patience=8  wandb=off
  batch_size(train/valid/test)=1536/2304/2304
  track=baseline  axis=stagee_relrseed_anchor2_core5  phase=P20_SC_D01_M04_P01_FAME_D4_E2_S2
=================================================================
Changed knobs: MAX_ITEM_LIST_LENGTH, learning_rate
Tuned params(len>1): 2  (~4 discrete combos)
Tuned groups: 2
  [optimization]
    learning_rate                   [0.0010088918287230009, 0.006999999999999999]  -> loguniform
  [other]
    MAX_ITEM_LIST_LENGTH            [5, 10, 30, 50]                           -> choice
Fixed params(singleton/non-list): 13
Fixed groups: 13
  [optimization]
    hidden_dropout_prob             0.17000000000000004                     
    weight_decay                    0.000170775                             
  [model_core]
    attn_dropout_prob               0.17000000000000004                     
    dropout_prob                    0.17000000000000004                     
    dropout_ratio                   0.17000000000000004                     
    embedding_size                  88                                      
    hidden_size                     88                                      
    inner_size                      176                                     
    num_heads                       8                                       
    num_layers                      3                                       
  [other]
    n_heads                         8                                       
    n_layers                        3                                       
    num_experts                     3                                       

[Wandb] disabled for this hyperopt run

[1/8] MAX_ITEM_LIST_LENGTH=5, learning_rate=0.001392
  -> MRR@20=0.002200  best=0.002200  (early_stop@14, trial=15s, avg=18s/trial, total=18s, ETA=2.0min)
[TRIAL_METRICS] cur_best_mrr20=0.002200 cur_best_hr10=0.008800 cur_test_mrr20=0.000500 cur_test_hr10=0.000000 run_best_mrr20=0.002200 run_best_hr10=0.008800 run_test_mrr20=0.000500 run_test_hr10=0.000000

[2/8] MAX_ITEM_LIST_LENGTH=5, learning_rate=0.001107
  -> MRR@20=0.001800  best=0.002200  (early_stop@9, trial=10s, avg=14s/trial, total=27s, ETA=1.4min)
[TRIAL_METRICS] cur_best_mrr20=0.001800 cur_best_hr10=0.008800 cur_test_mrr20=0.000000 cur_test_hr10=0.000000 run_best_mrr20=0.002200 run_best_hr10=0.008800 run_test_mrr20=0.000500 run_test_hr10=0.000000

[3/8] MAX_ITEM_LIST_LENGTH=30, learning_rate=0.002503
  -> MRR@20=0.008800  best=0.008800  (early_stop@16, trial=19s, avg=16s/trial, total=47s, ETA=1.3min)
[TRIAL_METRICS] cur_best_mrr20=0.008800 cur_best_hr10=0.008800 cur_test_mrr20=0.005800 cur_test_hr10=0.008800 run_best_mrr20=0.008800 run_best_hr10=0.008800 run_test_mrr20=0.005800 run_test_hr10=0.008800

[4/8] MAX_ITEM_LIST_LENGTH=10, learning_rate=0.00241
  -> MRR@20=0.002200  best=0.008800  (early_stop@22, trial=23s, avg=18s/trial, total=1.2min, ETA=1.2min)
[TRIAL_METRICS] cur_best_mrr20=0.002200 cur_best_hr10=0.008800 cur_test_mrr20=0.008800 cur_test_hr10=0.008800 run_best_mrr20=0.008800 run_best_hr10=0.008800 run_test_mrr20=0.005800 run_test_hr10=0.008800

[5/8] MAX_ITEM_LIST_LENGTH=50, learning_rate=0.001643
  -> MRR@20=0.002200  best=0.008800  (early_stop@17, trial=21s, avg=18s/trial, total=1.5min, ETA=55s)
[TRIAL_METRICS] cur_best_mrr20=0.002200 cur_best_hr10=0.008800 cur_test_mrr20=0.000000 cur_test_hr10=0.000000 run_best_mrr20=0.008800 run_best_hr10=0.008800 run_test_mrr20=0.005800 run_test_hr10=0.008800

[6/8] MAX_ITEM_LIST_LENGTH=30, learning_rate=0.004455
  -> MRR@20=0.000500  best=0.008800  (early_stop@13, trial=15s, avg=18s/trial, total=1.8min, ETA=35s)
[TRIAL_METRICS] cur_best_mrr20=0.000500 cur_best_hr10=0.000000 cur_test_mrr20=0.008800 cur_test_hr10=0.008800 run_best_mrr20=0.008800 run_best_hr10=0.008800 run_test_mrr20=0.005800 run_test_hr10=0.008800

[7/8] MAX_ITEM_LIST_LENGTH=5, learning_rate=0.00137
  -> MRR@20=0.002200  best=0.008800  (early_stop@14, trial=15s, avg=17s/trial, total=2.0min, ETA=17s)
[TRIAL_METRICS] cur_best_mrr20=0.002200 cur_best_hr10=0.008800 cur_test_mrr20=0.000500 cur_test_hr10=0.000000 run_best_mrr20=0.008800 run_best_hr10=0.008800 run_test_mrr20=0.005800 run_test_hr10=0.008800

[8/8] MAX_ITEM_LIST_LENGTH=5, learning_rate=0.003363
  -> MRR@20=0.002200  best=0.008800  (early_stop@18, trial=19s, avg=18s/trial, total=2.3min, ETA=0s)
[TRIAL_METRICS] cur_best_mrr20=0.002200 cur_best_hr10=0.008800 cur_test_mrr20=0.009900 cur_test_hr10=0.017500 run_best_mrr20=0.008800 run_best_hr10=0.008800 run_test_mrr20=0.005800 run_test_hr10=0.008800

=================================================================
  DONE  |  FAME x amazon_beauty
  Best MRR@20 = 0.008800  |  8/8 trials OK
  Best HR@10  = 0.008800
  Test MRR@20 = 0.005800  (best-valid checkpoint)
  Test HR@10  = 0.008800  (best-valid checkpoint)
[RUN_METRICS] best_valid_mrr20=0.008800 best_valid_hr10=0.008800 test_mrr20=0.005800 test_hr10=0.008800
  Total time: 2.3 min
  Best params:
    MAX_ITEM_LIST_LENGTH: 30
    learning_rate: 0.0025031
  Results -> /workspace/jy1559/FMoE/experiments/run/artifacts/results/baseline/amazon_beauty_FAME_p20_sc_d01_m04_p01_fame_d4_e2_s2_20260405_101738_755346_pid166356.json
  Normal mirror -> /workspace/jy1559/FMoE/experiments/run/artifacts/results/baseline/normal/stagee_relrseed_anchor2_core5/P20/amazon_beauty/FAME/amazon_beauty_FAME_p20_sc_d01_m04_p01_fame_d4_e2_s2_20260405_101738_755346_pid166356.json
  Special result -> /workspace/jy1559/FMoE/experiments/run/artifacts/results/baseline/special/stagee_relrseed_anchor2_core5/P20/amazon_beauty/FAME/amazon_beauty_FAME_p20_sc_d01_m04_p01_fame_d4_e2_s2_20260405_101738_755346_pid166356_special_metrics.json
  Special log -> /workspace/jy1559/FMoE/experiments/run/artifacts/logs/baseline/special/stagee_relrseed_anchor2_core5/P20/amazon_beauty/FAME/amazon_beauty_FAME_p20_sc_d01_m04_p01_fame_d4_e2_s2_20260405_101738_755346_pid166356_special_metrics.json
=================================================================

[RUN_STATUS] END status=normal pid=166356 start=2026-04-05T10:17:38 end=2026-04-05T10:19:59
