[STAGEI_PROGRESSIVE_RECOVERY_ANCHOR2_CORE5_SETTING_HEADER]
run_phase=P24_I2_D04_MFAME_C02_I2_FAME_WIDTH_UP_S1 run_id=I2_AMAZON_BEAUTY_FAME_I2_FAME_WIDTH_UP_S1 phase_id=P24 axis_id=SI pass_name=pass2 model=FAME candidate_id=I2_FAME_WIDTH_UP seed=1
dataset=amazon_beauty gpu=7 candidate_source=history_perturb source_stage=StageD_MicroWide_anchor2_core5 anchor_run_id=SC_AMAZON_BEAUTY_FAME_C7_D3_S1 batch_profile=pass2:bs384/512
max_evals=8 tune_epochs=50 tune_patience=5
seed=240037

[COMMAND]
- /venv/FMoE/bin/python hyperopt_tune.py --config-name tune_ab --max-evals 8 --tune-epochs 50 --tune-patience 5 --seed 240037 --run-group baseline --run-axis StageI_ProgressiveRecovery_anchor2_core5 --run-phase P24_I2_D04_MFAME_C02_I2_FAME_WIDTH_UP_S1 model=fame dataset=amazon_beauty eval_mode=session_fixed feature_mode=full_v3 gpu_id=7 log_wandb=false show_progress=false ++special_logging=true ++seed=240037 ++search={learning_rate:[0.0038371941256985283,0.006438648775752737]} ++search_space_type_overrides={learning_rate:"loguniform"} ++weight_decay=0.00011616000000000003 ++search.weight_decay=[0.00011616000000000003] ++search_space_type_overrides.weight_decay=choice ++search.n_layers=[1] ++search_space_type_overrides.n_layers=choice ++search.num_layers=[1] ++search_space_type_overrides.num_layers=choice ++search.n_heads=[8] ++search_space_type_overrides.n_heads=choice ++search.num_heads=[8] ++search_space_type_overrides.num_heads=choice ++search.dropout_ratio=[0.11] ++search_space_type_overrides.dropout_ratio=choice ++search.dropout_prob=[0.11] ++search_space_type_overrides.dropout_prob=choice ++search.hidden_dropout_prob=[0.11] ++search_space_type_overrides.hidden_dropout_prob=choice ++search.attn_dropout_prob=[0.11] ++search_space_type_overrides.attn_dropout_prob=choice ++search.hidden_size=[248] ++search_space_type_overrides.hidden_size=choice ++search.embedding_size=[248] ++search_space_type_overrides.embedding_size=choice ++search.inner_size=[528] ++search_space_type_overrides.inner_size=choice ++search.time_span=[384] ++search_space_type_overrides.time_span=choice ++search.num_experts=[3] ++search_space_type_overrides.num_experts=choice ++search.state_size=[24] ++search_space_type_overrides.state_size=choice ++search.conv_kernel=[6] ++search_space_type_overrides.conv_kernel=choice ++search.remaining_ratio=[0.6] ++search_space_type_overrides.remaining_ratio=choice ++search.MAX_ITEM_LIST_LENGTH=[10] ++search_space_type_overrides.MAX_ITEM_LIST_LENGTH=choice ++dropout_ratio=0.11 ++num_experts=3 ++train_batch_size=384 ++eval_batch_size=512 ++hidden_size=248 ++embedding_size=248 ++MAX_ITEM_LIST_LENGTH=10 ++num_layers=1 ++n_layers=1 ++num_heads=8 ++n_heads=8 ++inner_size=528 ++num_experts=3
/venv/FMoE/lib/python3.10/site-packages/ray/_private/parameter.py:4: UserWarning: pkg_resources is deprecated as an API. See https://setuptools.pypa.io/en/latest/pkg_resources.html. The pkg_resources package is slated for removal as early as 2025-11-30. Refrain from using this package or pin to Setuptools<81.
  import pkg_resources
[RUN_STATUS] START pid=211238 ts=2026-04-12T16:15:08

=================================================================
  Hyperopt TPE  |  FAME x amazon_beauty
  max_evals=8  epochs=50  patience=5  wandb=off
  batch_size(train/valid/test)=384/512/512
  track=baseline  axis=stagei_progressiverecovery_anchor2_core5  phase=P24_I2_D04_MFAME_C02_I2_FAME_WIDTH_UP_S1
=================================================================
Changed knobs: learning_rate
Tuned params(len>1): 1  (~1 discrete combos)
Tuned groups: 1
  [optimization]
    learning_rate                   [0.0038371941256985283, 0.006438648775752737]  -> loguniform
Fixed params(singleton/non-list): 18
Fixed groups: 18
  [optimization]
    hidden_dropout_prob             0.11                                    
    weight_decay                    0.00011616000000000003                  
  [model_core]
    attn_dropout_prob               0.11                                    
    dropout_prob                    0.11                                    
    dropout_ratio                   0.11                                    
    embedding_size                  248                                     
    hidden_size                     248                                     
    inner_size                      528                                     
    num_heads                       8                                       
    num_layers                      1                                       
  [other]
    MAX_ITEM_LIST_LENGTH            10                                      
    conv_kernel                     6                                       
    n_heads                         8                                       
    n_layers                        1                                       
    num_experts                     3                                       
    remaining_ratio                 0.6                                     
    state_size                      24                                      
    time_span                       384                                     

[Wandb] disabled for this hyperopt run

[1/8] learning_rate=0.005705
  -> MRR@20=0.001000  best=0.001000  (early_stop@6, trial=5s, avg=7s/trial, total=7s, ETA=48s)
[TRIAL_METRICS] cur_best_mrr20=0.001000 cur_best_hr10=0.008800 cur_test_mrr20=0.000600 cur_test_hr10=0.000000 run_best_mrr20=0.001000 run_best_hr10=0.008800 run_test_mrr20=0.000600 run_test_hr10=0.000000

[2/8] learning_rate=0.005658
  -> MRR@20=0.010600  best=0.010600  (early_stop@12, trial=9s, avg=8s/trial, total=16s, ETA=49s)
[TRIAL_METRICS] cur_best_mrr20=0.010600 cur_best_hr10=0.017700 cur_test_mrr20=0.002900 cur_test_hr10=0.008800 run_best_mrr20=0.010600 run_best_hr10=0.017700 run_test_mrr20=0.002900 run_test_hr10=0.008800

[3/8] learning_rate=0.004605
  -> MRR@20=0.019400  best=0.019400  (early_stop@21, trial=16s, avg=11s/trial, total=32s, ETA=54s)
[TRIAL_METRICS] cur_best_mrr20=0.019400 cur_best_hr10=0.026500 cur_test_mrr20=0.000000 cur_test_hr10=0.000000 run_best_mrr20=0.019400 run_best_hr10=0.026500 run_test_mrr20=0.000000 run_test_hr10=0.000000

[4/8] learning_rate=0.004189
  -> MRR@20=0.010100  best=0.019400  (early_stop@14, trial=10s, avg=11s/trial, total=43s, ETA=43s)
[TRIAL_METRICS] cur_best_mrr20=0.010100 cur_best_hr10=0.017700 cur_test_mrr20=0.001800 cur_test_hr10=0.008800 run_best_mrr20=0.019400 run_best_hr10=0.026500 run_test_mrr20=0.000000 run_test_hr10=0.000000

[5/8] learning_rate=0.004897
  -> MRR@20=0.013700  best=0.019400  (early_stop@14, trial=9s, avg=10s/trial, total=52s, ETA=31s)
[TRIAL_METRICS] cur_best_mrr20=0.013700 cur_best_hr10=0.017700 cur_test_mrr20=0.004100 cur_test_hr10=0.026300 run_best_mrr20=0.019400 run_best_hr10=0.026500 run_test_mrr20=0.000000 run_test_hr10=0.000000

[6/8] learning_rate=0.006191
  -> MRR@20=0.017700  best=0.019400  (early_stop@18, trial=13s, avg=11s/trial, total=1.1min, ETA=22s)
[TRIAL_METRICS] cur_best_mrr20=0.017700 cur_best_hr10=0.017700 cur_test_mrr20=0.000000 cur_test_hr10=0.000000 run_best_mrr20=0.019400 run_best_hr10=0.026500 run_test_mrr20=0.000000 run_test_hr10=0.000000

[7/8] learning_rate=0.005189
  -> MRR@20=0.011100  best=0.019400  (early_stop@9, trial=7s, avg=10s/trial, total=1.2min, ETA=10s)
[TRIAL_METRICS] cur_best_mrr20=0.011100 cur_best_hr10=0.017700 cur_test_mrr20=0.000500 cur_test_hr10=0.000000 run_best_mrr20=0.019400 run_best_hr10=0.026500 run_test_mrr20=0.000000 run_test_hr10=0.000000

[8/8] learning_rate=0.003849
  -> MRR@20=0.017500  best=0.019400  (early_stop@16, trial=12s, avg=11s/trial, total=1.4min, ETA=0s)
[TRIAL_METRICS] cur_best_mrr20=0.017500 cur_best_hr10=0.026500 cur_test_mrr20=0.000000 cur_test_hr10=0.000000 run_best_mrr20=0.019400 run_best_hr10=0.026500 run_test_mrr20=0.000000 run_test_hr10=0.000000

=================================================================
  DONE  |  FAME x amazon_beauty
  Best MRR@20 = 0.019400  |  8/8 trials OK
  Best HR@10  = 0.026500
  Test MRR@20 = 0.000000  (best-valid checkpoint)
  Test HR@10  = 0.000000  (best-valid checkpoint)
[RUN_METRICS] best_valid_mrr20=0.019400 best_valid_hr10=0.026500 test_mrr20=0.000000 test_hr10=0.000000
  Total time: 1.4 min
  Best params:
    learning_rate: 0.00460483
  Results -> /workspace/FeaturedMoE/experiments/run/artifacts/results/baseline/amazon_beauty_FAME_p24_i2_d04_mfame_c02_i2_fame_width_up_s1_20260412_161508_622411_pid211238.json
  Normal mirror -> /workspace/FeaturedMoE/experiments/run/artifacts/results/baseline/normal/stagei_progressiverecovery_anchor2_core5/P24/amazon_beauty/FAME/amazon_beauty_FAME_p24_i2_d04_mfame_c02_i2_fame_width_up_s1_20260412_161508_622411_pid211238.json
  Special result -> /workspace/FeaturedMoE/experiments/run/artifacts/results/baseline/special/stagei_progressiverecovery_anchor2_core5/P24/amazon_beauty/FAME/amazon_beauty_FAME_p24_i2_d04_mfame_c02_i2_fame_width_up_s1_20260412_161508_622411_pid211238_special_metrics.json
  Special log -> /workspace/FeaturedMoE/experiments/run/artifacts/logs/baseline/special/stagei_progressiverecovery_anchor2_core5/P24/amazon_beauty/FAME/amazon_beauty_FAME_p24_i2_d04_mfame_c02_i2_fame_width_up_s1_20260412_161508_622411_pid211238_special_metrics.json
=================================================================

[RUN_STATUS] END status=normal pid=211238 start=2026-04-12T16:15:08 end=2026-04-12T16:16:33
