[RUN_STATUS] START pid=68924 ts=2026-03-12T13:44:42

=================================================================
  Hyperopt TPE  |  FeaturedMoE_N x KuaiRecSmall0.1
  max_evals=10  epochs=70  patience=10  wandb=off
  batch_size(train/valid/test)=6144/12288/12288
  track=fmoe_n  axis=s01_layout_lite_v1  phase=ARCH2_A04
  search.train_batch_size=[6144]
  search.eval_batch_size=[12288]
=================================================================
Changed knobs: learning_rate
Tuned params(len>1): 1  (~1 discrete combos)
Tuned groups: 1
  [optimization]
    learning_rate                   [0.00046, 0.00305]                        -> loguniform
Fixed params(singleton/non-list): 48
Fixed groups: 48
  [optimization]
    balance_loss_lambda             0.002                                   
    eval_batch_size                 12288                                   
    hidden_dropout_prob             0.1                                     
    train_batch_size                6144                                    
    weight_decay                    5e-05                                   
  [model_core]
    d_expert_hidden                 128                                     
    d_feat_emb                      16                                      
    d_router_hidden                 64                                      
    embedding_size                  128                                     
    expert_scale                    3                                       
    micro_router_feature_dropout    0.0                                     
    mid_router_feature_dropout      0.0                                     
    num_heads                       8                                       
  [layout]
    fmoe_v2_layout_id               8                                       
  [routing_moe]
    macro_routing_scope             session                                 
    macro_session_pooling           mean                                    
    micro_router_temperature        1.2                                     
    micro_router_temperature_start  1.2                                     
    mid_router_temperature          1.2                                     
    mid_router_temperature_start    1.2                                     
    moe_top_k                       0                                       
    moe_top_k_policy                auto                                    
    moe_top_k_ratio                 0.5                                     
    moe_top_k_start                 0                                       
    moe_top_k_warmup_until          0                                       
    router_design                   simple_flat                             
    router_impl                     learned                                 
    router_impl_by_stage            {}                                      
    router_use_feature              True                                    
    router_use_hidden               True                                    
    rule_router.feature_per_expert  4                                       
    rule_router.n_bins              5                                       
    rule_router.variant             ratio_bins                              
  [schedule]
    alpha_warmup_end                1.0                                     
    alpha_warmup_start              0.0                                     
    alpha_warmup_until              0                                       
    fmoe_schedule_enable            False                                   
    temperature_warmup_until        0                                       
  [other]
    MAX_ITEM_LIST_LENGTH            10                                      
    expert_use_feature              True                                    
    expert_use_hidden               True                                    
    feature_encoder_mode            linear                                  
    feature_encoder_sinusoidal_n_freqs  4                                       
    fmoe_special_logging            True                                    
    fmoe_stage_execution_mode       serial                                  
    rule_bias_scale                 0.0                                     
    stage_inter_layer_style         attn                                    
    use_valid_ratio_gating          True                                    
Layout details:
  execution(fixed)=serial
  id=8 exec=serial pre=0 post=0 total_layers=4 total_moe=4 | macro(pass=0,moe=2) | mid(pass=0,moe=1) | micro(pass=0,moe=1)

[Wandb] disabled for this hyperopt run

[1/10] learning_rate=0.001863
  -> MRR@20=0.0192  best=0.0192  (early_stop@27, trial=2.4min, avg=2.5min/trial, total=2.5min, ETA=22.1min)
[TRIAL_METRICS] cur_best_mrr20=0.0192 cur_best_hr10=0.0515 cur_test_mrr20=0.0164 cur_test_hr10=0.0473 run_best_mrr20=0.0192 run_best_hr10=0.0515 run_test_mrr20=0.0164 run_test_hr10=0.0473

[2/10] learning_rate=0.002627
  -> MRR@20=0.0188  best=0.0192  (early_stop@41, trial=3.7min, avg=3.1min/trial, total=6.1min, ETA=24.6min)
[TRIAL_METRICS] cur_best_mrr20=0.0188 cur_best_hr10=0.0516 cur_test_mrr20=0.0166 cur_test_hr10=0.0471 run_best_mrr20=0.0192 run_best_hr10=0.0515 run_test_mrr20=0.0164 run_test_hr10=0.0473

[3/10] learning_rate=0.00176
  -> MRR@20=0.0154  best=0.0192  (early_stop@37, trial=3.3min, avg=3.2min/trial, total=9.5min, ETA=22.1min)
[TRIAL_METRICS] cur_best_mrr20=0.0154 cur_best_hr10=0.0457 cur_test_mrr20=0.0139 cur_test_hr10=0.0417 run_best_mrr20=0.0192 run_best_hr10=0.0515 run_test_mrr20=0.0164 run_test_hr10=0.0473

[4/10] learning_rate=0.001368
  -> MRR@20=0.0171  best=0.0192  (early_stop@31, trial=2.8min, avg=3.1min/trial, total=12.2min, ETA=18.3min)
[TRIAL_METRICS] cur_best_mrr20=0.0171 cur_best_hr10=0.0537 cur_test_mrr20=0.0158 cur_test_hr10=0.0495 run_best_mrr20=0.0192 run_best_hr10=0.0515 run_test_mrr20=0.0164 run_test_hr10=0.0473

[5/10] learning_rate=0.001521
  -> MRR@20=0.0163  best=0.0192  (early_stop@34, trial=3.0min, avg=3.1min/trial, total=15.3min, ETA=15.3min)
[TRIAL_METRICS] cur_best_mrr20=0.0163 cur_best_hr10=0.0502 cur_test_mrr20=0.0149 cur_test_hr10=0.0446 run_best_mrr20=0.0192 run_best_hr10=0.0515 run_test_mrr20=0.0164 run_test_hr10=0.0473

[6/10] learning_rate=0.0008119
  -> MRR@20=0.0172  best=0.0192  (early_stop@30, trial=2.7min, avg=3.0min/trial, total=17.9min, ETA=12.0min)
[TRIAL_METRICS] cur_best_mrr20=0.0172 cur_best_hr10=0.0513 cur_test_mrr20=0.0155 cur_test_hr10=0.0468 run_best_mrr20=0.0192 run_best_hr10=0.0515 run_test_mrr20=0.0164 run_test_hr10=0.0473

[7/10] learning_rate=0.0007626
  -> MRR@20=0.0180  best=0.0192  (early_stop@31, trial=2.8min, avg=3.0min/trial, total=20.7min, ETA=8.9min)
[TRIAL_METRICS] cur_best_mrr20=0.0180 cur_best_hr10=0.0533 cur_test_mrr20=0.0164 cur_test_hr10=0.0501 run_best_mrr20=0.0192 run_best_hr10=0.0515 run_test_mrr20=0.0164 run_test_hr10=0.0473

[8/10] learning_rate=0.002917
  -> MRR@20=0.0194  best=0.0194  (early_stop@38, trial=3.4min, avg=3.0min/trial, total=24.1min, ETA=6.0min)
[TRIAL_METRICS] cur_best_mrr20=0.0194 cur_best_hr10=0.0525 cur_test_mrr20=0.0180 cur_test_hr10=0.0512 run_best_mrr20=0.0194 run_best_hr10=0.0525 run_test_mrr20=0.0180 run_test_hr10=0.0512

[9/10] learning_rate=0.001498
  -> MRR@20=0.0169  best=0.0194  (early_stop@28, trial=2.5min, avg=3.0min/trial, total=26.6min, ETA=3.0min)
[TRIAL_METRICS] cur_best_mrr20=0.0169 cur_best_hr10=0.0517 cur_test_mrr20=0.0154 cur_test_hr10=0.0484 run_best_mrr20=0.0194 run_best_hr10=0.0525 run_test_mrr20=0.0180 run_test_hr10=0.0512

[10/10] learning_rate=0.0005671
  -> MRR@20=0.0187  best=0.0194  (early_stop@37, trial=3.3min, avg=3.0min/trial, total=29.9min, ETA=0s)
[TRIAL_METRICS] cur_best_mrr20=0.0187 cur_best_hr10=0.0560 cur_test_mrr20=0.0172 cur_test_hr10=0.0506 run_best_mrr20=0.0194 run_best_hr10=0.0525 run_test_mrr20=0.0180 run_test_hr10=0.0512

=================================================================
  DONE  |  FeaturedMoE_N x KuaiRecSmall0.1
  Best MRR@20 = 0.0194  |  10/10 trials OK
  Best HR@10  = 0.0525
  Test MRR@20 = 0.0180  (best-valid checkpoint)
  Test HR@10  = 0.0512  (best-valid checkpoint)
[RUN_METRICS] best_valid_mrr20=0.0194 best_valid_hr10=0.0525 test_mrr20=0.0180 test_hr10=0.0512
  Total time: 29.9 min
  Best params:
    learning_rate: 0.0029173
  Results -> /workspace/jy1559/FMoE/experiments/run/artifacts/results/fmoe_n/KuaiRecSmall0.1_FeaturedMoE_N_arch2_a04_20260312_134442_905665_pid68924.json
  Normal mirror -> /workspace/jy1559/FMoE/experiments/run/artifacts/results/fmoe_n/normal/s01_layout_lite_v1/ARCH2/KuaiRecSmall0.1/FMoE/KuaiRecSmall0.1_FeaturedMoE_N_arch2_a04_20260312_134442_905665_pid68924.json
  Special result -> /workspace/jy1559/FMoE/experiments/run/artifacts/results/fmoe_n/special/s01_layout_lite_v1/ARCH2/KuaiRecSmall0.1/FMoE/KuaiRecSmall0.1_FeaturedMoE_N_arch2_a04_20260312_134442_905665_pid68924_special_metrics.json
  Special log -> /workspace/jy1559/FMoE/experiments/run/artifacts/logs/fmoe_n/special/s01_layout_lite_v1/ARCH2/KuaiRecSmall0.1/FMoE/KuaiRecSmall0.1_FeaturedMoE_N_arch2_a04_20260312_134442_905665_pid68924_special_metrics.json
=================================================================

[RUN_STATUS] END status=normal pid=68924 start=2026-03-12T13:44:42 end=2026-03-12T14:14:36
