[FINAL_ALL_DATASETS_SETTING_HEADER]
run_phase=P14_FAD_A5_LASTFM0_03_H2_S2 exp_brief=A5_NO_CATEGORY_NO_TIMESTAMP phase_id=P14 axis_id=FAD setting_id=A5_NO_CATEGORY_NO_TIMESTAMP_H2_S2 hparam_id=H2 seed=2
desc=A5_NO_CATEGORY_NO_TIMESTAMP_H2_S2
dataset=lastfm0.03 gpu=2 order=50
max_evals=20 tune_epochs=100 tune_patience=10
seed=91003

[COMMAND]
- /venv/FMoE/bin/python hyperopt_tune.py --config-name config --max-evals 20 --tune-epochs 100 --tune-patience 10 --seed 91003 --run-group fmoe_n3 --run-axis Final_all_datasets --run-phase P14_FAD_A5_LASTFM0_03_H2_S2 model=featured_moe_n3_tune dataset=lastfm0.03 eval_mode=session_fixed feature_mode=full_v3 gpu_id=2 log_wandb=false enable_tf32=true fmoe_debug_logging=false fmoe_diag_logging=true fmoe_special_logging=true fmoe_feature_ablation_logging=false fmoe_eval_logging_timing=final_only ++fmoe_logging_output_root="run/artifacts/logging" ++fmoe_logging_layout="axis_dataset_arch_hparam" ++fmoe_architecture_id="A5" ++fmoe_architecture_key="A5_NO_CATEGORY_NO_TIMESTAMP" ++fmoe_hparam_id="H2" ++fmoe_phase="P14" MAX_ITEM_LIST_LENGTH=20 train_batch_size=4096 eval_batch_size=4096 embedding_size=160 num_heads=4 attn_dropout_prob=0.1 d_ff=320 d_feat_emb=16 d_expert_hidden=160 d_router_hidden=80 expert_scale=3 ++search.learning_rate=[0.00015,0.008] ++search.weight_decay=[5e-07] ++search.hidden_dropout_prob=[0.12] ++search.lr_scheduler_type=["warmup_cosine"] ++search_space_type_overrides.learning_rate=loguniform ++search_space_type_overrides.weight_decay=choice ++search_space_type_overrides.hidden_dropout_prob=choice ++search_space_type_overrides.lr_scheduler_type=choice ++phase_run_type="final" ++phase_axis_id="FAD" ++phase_axis_desc="final_all_datasets" ++phase_setting_id="A5_NO_CATEGORY_NO_TIMESTAMP_H2_S2" ++phase_setting_key="A5_NO_CATEGORY_NO_TIMESTAMP" ++phase_hparam_id="H2" ++phase_seed_id=2 ++phase_run_id="FAD_A5_LASTFM0_03_H2_S2" ++layer_layout=["macro","mid","micro"] ++stage_compute_mode={macro:"moe",mid:"moe",micro:"moe"} ++stage_router_mode={macro:"learned",mid:"learned",micro:"learned"} ++stage_router_source={macro:"both",mid:"both",micro:"both"} ++stage_feature_injection={macro:"none",mid:"none",micro:"none"} ++topk_scope_mode="global_flat" ++moe_top_k=0 ++balance_loss_lambda=0.0 ++z_loss_lambda=0.0002 ++gate_entropy_lambda=0.0 ++route_smoothness_lambda=0.0 ++route_consistency_lambda=0.0008 ++route_sharpness_lambda=0.0 ++route_monopoly_lambda=0.0 ++route_monopoly_tau=0.25 ++route_prior_lambda=0.0 ++group_prior_align_lambda=0.0 ++factored_group_balance_lambda=0.0 ++rule_agreement_lambda=0.0 ++group_coverage_lambda=0.0 ++feature_group_bias_lambda=0.05 ++rule_bias_scale=0.1 ++primitive_balance_lambda=0.0 ++wrapper_group_feature_align_lambda=0.0 ++stage_router_primitives={macro:{a_joint:{source:"feature",temperature:1.0,top_k:0},b_group:{source:"feature",temperature:1.0,top_k:0},c_shared:{source:"feature",temperature:1.0,top_k:0},d_cond:{source:"feature",temperature:1.0,top_k:0},e_scalar:{source:"feature",temperature:1.0,top_k:0},wrapper:{alpha_d:1.0,alpha_struct:1.0,alpha_a:1.0}},mid:{a_joint:{source:"feature",temperature:1.0,top_k:0},b_group:{source:"feature",temperature:1.0,top_k:0},c_shared:{source:"feature",temperature:1.0,top_k:0},d_cond:{source:"feature",temperature:1.0,top_k:0},e_scalar:{source:"feature",temperature:1.0,top_k:0},wrapper:{alpha_d:1.0,alpha_struct:1.0,alpha_a:1.0}},micro:{a_joint:{source:"feature",temperature:1.0,top_k:0},b_group:{source:"feature",temperature:1.0,top_k:0},c_shared:{source:"feature",temperature:1.0,top_k:0},d_cond:{source:"feature",temperature:1.0,top_k:0},e_scalar:{source:"feature",temperature:1.0,top_k:0},wrapper:{alpha_d:1.0,alpha_struct:1.0,alpha_a:1.0}}} ++stage_router_wrapper={macro:"w4_bxd",mid:"w6_bxd_plus_a",micro:"w1_flat"} ++macro_history_window=5 ++stage_router_granularity={macro:"session",mid:"session",micro:"token"} ++stage_family_dropout_prob={macro:0.1,mid:0.1,micro:0.1} ++stage_feature_dropout_prob={macro:0.0,mid:0.0,micro:0.0} ++stage_feature_dropout_scope={macro:"token",mid:"token",micro:"token"} ++route_consistency_pairs=1 ++route_consistency_min_sim=0.995 ++stage_feature_drop_keywords=["cat","theme","timestamp","gap","pace","int_","_int","sess_age","ctx_valid_r","valid_r","delta_vs_mid"]
/venv/FMoE/lib/python3.10/site-packages/ray/_private/parameter.py:4: UserWarning: pkg_resources is deprecated as an API. See https://setuptools.pypa.io/en/latest/pkg_resources.html. The pkg_resources package is slated for removal as early as 2025-11-30. Refrain from using this package or pin to Setuptools<81.
  import pkg_resources
[RUN_STATUS] START pid=43369 ts=2026-04-02T23:53:59

=================================================================
  Hyperopt TPE  |  FeaturedMoE_N3 x lastfm0.03
  max_evals=20  epochs=100  patience=10  wandb=off
  batch_size(train/valid/test)=4096/4096/4096
  track=fmoe_n3  axis=final_all_datasets  phase=P14_FAD_A5_LASTFM0_03_H2_S2
=================================================================
Changed knobs: learning_rate
Tuned params(len>1): 1  (~1 discrete combos)
Tuned groups: 1
  [optimization]
    learning_rate                   [0.00015, 0.008]                          -> loguniform
Fixed params(singleton/non-list): 3
Fixed groups: 3
  [optimization]
    hidden_dropout_prob             0.12                                    
    weight_decay                    5e-07                                   
  [other]
    lr_scheduler_type               warmup_cosine                           

[Wandb] disabled for this hyperopt run

[1/20] learning_rate=0.0001998
  -> MRR@20=0.232900  best=0.232900  (early_stop@100, trial=29.8min, avg=29.8min/trial, total=29.8min, ETA=9.45h)
[TRIAL_METRICS] cur_best_mrr20=0.232900 cur_best_hr10=0.293100 cur_test_mrr20=0.230600 cur_test_hr10=0.292200 run_best_mrr20=0.232900 run_best_hr10=0.293100 run_test_mrr20=0.230600 run_test_hr10=0.292200

[2/20] learning_rate=0.001366
  -> MRR@20=0.230500  best=0.232900  (early_stop@19, trial=5.5min, avg=17.7min/trial, total=35.3min, ETA=5.30h)
[TRIAL_METRICS] cur_best_mrr20=0.230500 cur_best_hr10=0.292300 cur_test_mrr20=0.231100 cur_test_hr10=0.290900 run_best_mrr20=0.232900 run_best_hr10=0.293100 run_test_mrr20=0.230600 run_test_hr10=0.292200

[3/20] learning_rate=0.006567
  -> MRR@20=0.211800  best=0.232900  (early_stop@16, trial=4.7min, avg=13.3min/trial, total=40.0min, ETA=3.78h)
[TRIAL_METRICS] cur_best_mrr20=0.211800 cur_best_hr10=0.260400 cur_test_mrr20=0.219300 cur_test_hr10=0.263800 run_best_mrr20=0.232900 run_best_hr10=0.293100 run_test_mrr20=0.230600 run_test_hr10=0.292200

[4/20] learning_rate=0.004024
  -> MRR@20=0.213000  best=0.232900  (early_stop@16, trial=4.7min, avg=11.2min/trial, total=44.8min, ETA=2.98h)
[TRIAL_METRICS] cur_best_mrr20=0.213000 cur_best_hr10=0.267900 cur_test_mrr20=0.218800 cur_test_hr10=0.268600 run_best_mrr20=0.232900 run_best_hr10=0.293100 run_test_mrr20=0.230600 run_test_hr10=0.292200

[5/20] learning_rate=0.005096
  -> MRR@20=0.213000  best=0.232900  (early_stop@17, trial=4.9min, avg=9.9min/trial, total=49.6min, ETA=2.48h)
[TRIAL_METRICS] cur_best_mrr20=0.213000 cur_best_hr10=0.258300 cur_test_mrr20=0.212900 cur_test_hr10=0.258500 run_best_mrr20=0.232900 run_best_hr10=0.293100 run_test_mrr20=0.230600 run_test_hr10=0.292200

[6/20] learning_rate=0.001331
  -> MRR@20=0.230800  best=0.232900  (early_stop@19, trial=5.6min, avg=9.2min/trial, total=55.2min, ETA=2.15h)
[TRIAL_METRICS] cur_best_mrr20=0.230800 cur_best_hr10=0.292900 cur_test_mrr20=0.229700 cur_test_hr10=0.292800 run_best_mrr20=0.232900 run_best_hr10=0.293100 run_test_mrr20=0.230600 run_test_hr10=0.292200

[7/20] learning_rate=0.0002202
  -> MRR@20=0.235000  best=0.235000  (full@100, trial=29.4min, avg=12.1min/trial, total=1.41h, ETA=2.62h)
[TRIAL_METRICS] cur_best_mrr20=0.235000 cur_best_hr10=0.292300 cur_test_mrr20=0.232000 cur_test_hr10=0.288000 run_best_mrr20=0.235000 run_best_hr10=0.292300 run_test_mrr20=0.232000 run_test_hr10=0.288000

[8/20] learning_rate=0.0005565
  -> MRR@20=0.233500  best=0.235000  (early_stop@36, trial=10.3min, avg=11.9min/trial, total=1.58h, ETA=2.37h)
[TRIAL_METRICS] cur_best_mrr20=0.233500 cur_best_hr10=0.288600 cur_test_mrr20=0.231600 cur_test_hr10=0.285300 run_best_mrr20=0.235000 run_best_hr10=0.292300 run_test_mrr20=0.232000 run_test_hr10=0.288000

[9/20] learning_rate=0.0002555
  -> MRR@20=0.234200  best=0.235000  (early_stop@75, trial=21.8min, avg=13.0min/trial, total=1.95h, ETA=2.38h)
[TRIAL_METRICS] cur_best_mrr20=0.234200 cur_best_hr10=0.291000 cur_test_mrr20=0.231600 cur_test_hr10=0.287200 run_best_mrr20=0.235000 run_best_hr10=0.292300 run_test_mrr20=0.232000 run_test_hr10=0.288000

[10/20] learning_rate=0.0002584
  -> MRR@20=0.234100  best=0.235000  (early_stop@71, trial=20.4min, avg=13.7min/trial, total=2.29h, ETA=2.29h)
[TRIAL_METRICS] cur_best_mrr20=0.234100 cur_best_hr10=0.291000 cur_test_mrr20=0.232000 cur_test_hr10=0.290100 run_best_mrr20=0.235000 run_best_hr10=0.292300 run_test_mrr20=0.232000 run_test_hr10=0.288000

[11/20] learning_rate=0.001272
  -> MRR@20=0.230900  best=0.235000  (early_stop@19, trial=5.4min, avg=13.0min/trial, total=2.38h, ETA=1.95h)
[TRIAL_METRICS] cur_best_mrr20=0.230900 cur_best_hr10=0.293900 cur_test_mrr20=0.229200 cur_test_hr10=0.293800 run_best_mrr20=0.235000 run_best_hr10=0.292300 run_test_mrr20=0.232000 run_test_hr10=0.288000

[12/20] learning_rate=0.001306
  -> MRR@20=0.230900  best=0.235000  (early_stop@19, trial=5.4min, avg=12.3min/trial, total=2.47h, ETA=1.65h)
[TRIAL_METRICS] cur_best_mrr20=0.230900 cur_best_hr10=0.293600 cur_test_mrr20=0.229900 cur_test_hr10=0.293800 run_best_mrr20=0.235000 run_best_hr10=0.292300 run_test_mrr20=0.232000 run_test_hr10=0.288000

[13/20] learning_rate=0.003053
  -> MRR@20=0.219700  best=0.235000  (early_stop@15, trial=4.2min, avg=11.7min/trial, total=2.54h, ETA=1.37h)
[TRIAL_METRICS] cur_best_mrr20=0.219700 cur_best_hr10=0.282500 cur_test_mrr20=0.221500 cur_test_hr10=0.283200 run_best_mrr20=0.235000 run_best_hr10=0.292300 run_test_mrr20=0.232000 run_test_hr10=0.288000

[14/20] learning_rate=0.003959
  -> MRR@20=0.212800  best=0.235000  (early_stop@16, trial=4.4min, avg=11.2min/trial, total=2.61h, ETA=1.12h)
[TRIAL_METRICS] cur_best_mrr20=0.212800 cur_best_hr10=0.268100 cur_test_mrr20=0.219600 cur_test_hr10=0.268600 run_best_mrr20=0.235000 run_best_hr10=0.292300 run_test_mrr20=0.232000 run_test_hr10=0.288000

[15/20] learning_rate=0.0003162
  -> MRR@20=0.234700  best=0.235000  (early_stop@59, trial=17.0min, avg=11.6min/trial, total=2.90h, ETA=57.9min)
[TRIAL_METRICS] cur_best_mrr20=0.234700 cur_best_hr10=0.291500 cur_test_mrr20=0.231300 cur_test_hr10=0.287200 run_best_mrr20=0.235000 run_best_hr10=0.292300 run_test_mrr20=0.232000 run_test_hr10=0.288000

[16/20] learning_rate=0.002098
  -> MRR@20=0.226800  best=0.235000  (early_stop@18, trial=5.0min, avg=11.2min/trial, total=2.98h, ETA=44.7min)
[TRIAL_METRICS] cur_best_mrr20=0.226800 cur_best_hr10=0.277200 cur_test_mrr20=0.227300 cur_test_hr10=0.280800 run_best_mrr20=0.235000 run_best_hr10=0.292300 run_test_mrr20=0.232000 run_test_hr10=0.288000

[17/20] learning_rate=0.002031
  -> MRR@20=0.225100  best=0.235000  (early_stop@18, trial=5.1min, avg=10.8min/trial, total=3.06h, ETA=32.4min)
[TRIAL_METRICS] cur_best_mrr20=0.225100 cur_best_hr10=0.279300 cur_test_mrr20=0.227100 cur_test_hr10=0.279200 run_best_mrr20=0.235000 run_best_hr10=0.292300 run_test_mrr20=0.232000 run_test_hr10=0.288000

[18/20] learning_rate=0.0002325
  -> MRR@20=0.234500  best=0.235000  (early_stop@85, trial=24.3min, avg=11.6min/trial, total=3.47h, ETA=23.1min)
[TRIAL_METRICS] cur_best_mrr20=0.234500 cur_best_hr10=0.292300 cur_test_mrr20=0.231700 cur_test_hr10=0.289900 run_best_mrr20=0.235000 run_best_hr10=0.292300 run_test_mrr20=0.232000 run_test_hr10=0.288000

[19/20] learning_rate=0.003794
  -> MRR@20=0.215300  best=0.235000  (early_stop@15, trial=4.3min, avg=11.2min/trial, total=3.54h, ETA=11.2min)
[TRIAL_METRICS] cur_best_mrr20=0.215300 cur_best_hr10=0.278000 cur_test_mrr20=0.217100 cur_test_hr10=0.275000 run_best_mrr20=0.235000 run_best_hr10=0.292300 run_test_mrr20=0.232000 run_test_hr10=0.288000

[20/20] learning_rate=0.003441
  -> MRR@20=0.218100  best=0.235000  (early_stop@15, trial=4.2min, avg=10.8min/trial, total=3.61h, ETA=0s)
[TRIAL_METRICS] cur_best_mrr20=0.218100 cur_best_hr10=0.276600 cur_test_mrr20=0.219700 cur_test_hr10=0.277900 run_best_mrr20=0.235000 run_best_hr10=0.292300 run_test_mrr20=0.232000 run_test_hr10=0.288000
[1;35mEvaluate   [0m:   0%|                                                            | 0/1 [00:00<?, ?it/s][0m[1;35mEvaluate   [0m:   0%|                                   | 0/1 [00:01<?, ?it/s, [1;33mGPU RAM: 9.53 G/23.56 G[0m][0m[1;35mEvaluate   [0m: 100%|███████████████████████████| 1/1 [00:01<00:00,  1.47s/it, [1;33mGPU RAM: 9.53 G/23.56 G[0m][0m                                                                                                    [1;35mEvaluate   [0m:   0%|                                                            | 0/1 [00:00<?, ?it/s][0m[1;35mEvaluate   [0m:   0%|                                   | 0/1 [00:01<?, ?it/s, [1;33mGPU RAM: 9.53 G/23.56 G[0m][0m[1;35mEvaluate   [0m: 100%|███████████████████████████| 1/1 [00:01<00:00,  1.43s/it, [1;33mGPU RAM: 9.53 G/23.56 G[0m][0m                                                                                                    [1;35mEvaluate   [0m:   0%|                                                            | 0/1 [00:00<?, ?it/s][0m[1;35mEvaluate   [0m:   0%|                                   | 0/1 [00:01<?, ?it/s, [1;33mGPU RAM: 9.53 G/23.56 G[0m][0m[1;35mEvaluate   [0m: 100%|███████████████████████████| 1/1 [00:01<00:00,  1.43s/it, [1;33mGPU RAM: 9.53 G/23.56 G[0m][0m                                                                                                    
=================================================================
  DONE  |  FeaturedMoE_N3 x lastfm0.03
  Best MRR@20 = 0.235000  |  20/20 trials OK
  Best HR@10  = 0.292300
  Test MRR@20 = 0.232000  (best-valid checkpoint)
  Test HR@10  = 0.288000  (best-valid checkpoint)
[RUN_METRICS] best_valid_mrr20=0.235000 best_valid_hr10=0.292300 test_mrr20=0.232000 test_hr10=0.288000
  Total time: 216.8 min
  Best params:
    learning_rate: 0.000220153
  Results -> /workspace/jy1559/FMoE/experiments/run/artifacts/results/fmoe_n3/lastfm0.03_FeaturedMoE_N3_p14_fad_a5_lastfm0_03_h2_s2_20260402_235359_768405_pid43369.json
  Normal mirror -> /workspace/jy1559/FMoE/experiments/run/artifacts/results/fmoe_n3/normal/final_all_datasets/P14/lastfm0.03/FMoEN3/lastfm0.03_FeaturedMoE_N3_p14_fad_a5_lastfm0_03_h2_s2_20260402_235359_768405_pid43369.json
  Special result -> /workspace/jy1559/FMoE/experiments/run/artifacts/results/fmoe_n3/special/final_all_datasets/P14/lastfm0.03/FMoEN3/lastfm0.03_FeaturedMoE_N3_p14_fad_a5_lastfm0_03_h2_s2_20260402_235359_768405_pid43369_special_metrics.json
  Special log -> /workspace/jy1559/FMoE/experiments/run/artifacts/logs/fmoe_n3/special/final_all_datasets/P14/lastfm0.03/FMoEN3/lastfm0.03_FeaturedMoE_N3_p14_fad_a5_lastfm0_03_h2_s2_20260402_235359_768405_pid43369_special_metrics.json
=================================================================

[RUN_STATUS] END status=normal pid=43369 start=2026-04-02T23:53:59 end=2026-04-03T03:30:46
