[FINAL_ALL_DATASETS_SETTING_HEADER]
run_phase=P14_FAD_A6_LASTFM0_03_H8_S1 exp_brief=A6_NO_BIAS phase_id=P14 axis_id=FAD setting_id=A6_NO_BIAS_H8_S1 hparam_id=H8 seed=1
desc=A6_NO_BIAS_H8_S1
dataset=lastfm0.03 gpu=2 order=55
max_evals=20 tune_epochs=100 tune_patience=10
seed=91018

[COMMAND]
- /venv/FMoE/bin/python hyperopt_tune.py --config-name config --max-evals 20 --tune-epochs 100 --tune-patience 10 --seed 91018 --run-group fmoe_n3 --run-axis Final_all_datasets --run-phase P14_FAD_A6_LASTFM0_03_H8_S1 model=featured_moe_n3_tune dataset=lastfm0.03 eval_mode=session_fixed feature_mode=full_v3 gpu_id=2 log_wandb=false enable_tf32=true fmoe_debug_logging=false fmoe_diag_logging=true fmoe_special_logging=true fmoe_feature_ablation_logging=false fmoe_eval_logging_timing=final_only ++fmoe_logging_output_root="run/artifacts/logging" ++fmoe_logging_layout="axis_dataset_arch_hparam" ++fmoe_architecture_id="A6" ++fmoe_architecture_key="A6_NO_BIAS" ++fmoe_hparam_id="H8" ++fmoe_phase="P14" MAX_ITEM_LIST_LENGTH=20 train_batch_size=4096 eval_batch_size=4096 embedding_size=128 num_heads=4 attn_dropout_prob=0.1 d_ff=256 d_feat_emb=16 d_expert_hidden=128 d_router_hidden=64 expert_scale=3 ++search.learning_rate=[0.00015,0.008] ++search.weight_decay=[2.5e-06] ++search.hidden_dropout_prob=[0.19] ++search.lr_scheduler_type=["warmup_cosine"] ++search_space_type_overrides.learning_rate=loguniform ++search_space_type_overrides.weight_decay=choice ++search_space_type_overrides.hidden_dropout_prob=choice ++search_space_type_overrides.lr_scheduler_type=choice ++phase_run_type="final" ++phase_axis_id="FAD" ++phase_axis_desc="final_all_datasets" ++phase_setting_id="A6_NO_BIAS_H8_S1" ++phase_setting_key="A6_NO_BIAS" ++phase_hparam_id="H8" ++phase_seed_id=1 ++phase_run_id="FAD_A6_LASTFM0_03_H8_S1" ++layer_layout=["macro","mid","micro"] ++stage_compute_mode={macro:"moe",mid:"moe",micro:"moe"} ++stage_router_mode={macro:"learned",mid:"learned",micro:"learned"} ++stage_router_source={macro:"both",mid:"both",micro:"both"} ++stage_feature_injection={macro:"none",mid:"none",micro:"none"} ++topk_scope_mode="global_flat" ++moe_top_k=0 ++balance_loss_lambda=0.0 ++z_loss_lambda=0.0002 ++gate_entropy_lambda=0.0 ++route_smoothness_lambda=0.0 ++route_consistency_lambda=0.0008 ++route_sharpness_lambda=0.0 ++route_monopoly_lambda=0.0 ++route_monopoly_tau=0.25 ++route_prior_lambda=0.0 ++group_prior_align_lambda=0.0 ++factored_group_balance_lambda=0.0 ++rule_agreement_lambda=0.0 ++group_coverage_lambda=0.0 ++feature_group_bias_lambda=0.0 ++rule_bias_scale=0.0 ++primitive_balance_lambda=0.0 ++wrapper_group_feature_align_lambda=0.0 ++stage_router_primitives={macro:{a_joint:{source:"feature",temperature:1.0,top_k:0},b_group:{source:"feature",temperature:1.0,top_k:0},c_shared:{source:"feature",temperature:1.0,top_k:0},d_cond:{source:"feature",temperature:1.0,top_k:0},e_scalar:{source:"feature",temperature:1.0,top_k:0},wrapper:{alpha_d:1.0,alpha_struct:1.0,alpha_a:1.0}},mid:{a_joint:{source:"feature",temperature:1.0,top_k:0},b_group:{source:"feature",temperature:1.0,top_k:0},c_shared:{source:"feature",temperature:1.0,top_k:0},d_cond:{source:"feature",temperature:1.0,top_k:0},e_scalar:{source:"feature",temperature:1.0,top_k:0},wrapper:{alpha_d:1.0,alpha_struct:1.0,alpha_a:1.0}},micro:{a_joint:{source:"feature",temperature:1.0,top_k:0},b_group:{source:"feature",temperature:1.0,top_k:0},c_shared:{source:"feature",temperature:1.0,top_k:0},d_cond:{source:"feature",temperature:1.0,top_k:0},e_scalar:{source:"feature",temperature:1.0,top_k:0},wrapper:{alpha_d:1.0,alpha_struct:1.0,alpha_a:1.0}}} ++stage_router_wrapper={macro:"w4_bxd",mid:"w6_bxd_plus_a",micro:"w1_flat"} ++macro_history_window=5 ++stage_router_granularity={macro:"session",mid:"session",micro:"token"} ++stage_family_dropout_prob={macro:0.1,mid:0.1,micro:0.1} ++stage_feature_dropout_prob={macro:0.0,mid:0.0,micro:0.0} ++stage_feature_dropout_scope={macro:"token",mid:"token",micro:"token"} ++route_consistency_pairs=1 ++route_consistency_min_sim=0.995 ++bias_mode="none"
/venv/FMoE/lib/python3.10/site-packages/ray/_private/parameter.py:4: UserWarning: pkg_resources is deprecated as an API. See https://setuptools.pypa.io/en/latest/pkg_resources.html. The pkg_resources package is slated for removal as early as 2025-11-30. Refrain from using this package or pin to Setuptools<81.
  import pkg_resources
[RUN_STATUS] START pid=164442 ts=2026-04-05T07:53:18

=================================================================
  Hyperopt TPE  |  FeaturedMoE_N3 x lastfm0.03
  max_evals=20  epochs=100  patience=10  wandb=off
  batch_size(train/valid/test)=4096/4096/4096
  track=fmoe_n3  axis=final_all_datasets  phase=P14_FAD_A6_LASTFM0_03_H8_S1
=================================================================
Changed knobs: learning_rate
Tuned params(len>1): 1  (~1 discrete combos)
Tuned groups: 1
  [optimization]
    learning_rate                   [0.00015, 0.008]                          -> loguniform
Fixed params(singleton/non-list): 3
Fixed groups: 3
  [optimization]
    hidden_dropout_prob             0.19                                    
    weight_decay                    2.5e-06                                 
  [other]
    lr_scheduler_type               warmup_cosine                           

[Wandb] disabled for this hyperopt run

[1/20] learning_rate=0.003455
  -> MRR@20=0.229100  best=0.229100  (early_stop@18, trial=5.2min, avg=5.3min/trial, total=5.3min, ETA=1.66h)
[TRIAL_METRICS] cur_best_mrr20=0.229100 cur_best_hr10=0.287800 cur_test_mrr20=0.227700 cur_test_hr10=0.284000 run_best_mrr20=0.229100 run_best_hr10=0.287800 run_test_mrr20=0.227700 run_test_hr10=0.284000

[2/20] learning_rate=0.005464
  -> MRR@20=0.223900  best=0.229100  (early_stop@17, trial=4.9min, avg=5.1min/trial, total=10.2min, ETA=1.53h)
[TRIAL_METRICS] cur_best_mrr20=0.223900 cur_best_hr10=0.280900 cur_test_mrr20=0.225700 cur_test_hr10=0.278400 run_best_mrr20=0.229100 run_best_hr10=0.287800 run_test_mrr20=0.227700 run_test_hr10=0.284000

[3/20] learning_rate=0.001132
  -> MRR@20=0.236900  best=0.236900  (early_stop@25, trial=7.4min, avg=5.9min/trial, total=17.6min, ETA=1.66h)
[TRIAL_METRICS] cur_best_mrr20=0.236900 cur_best_hr10=0.296300 cur_test_mrr20=0.235500 cur_test_hr10=0.294900 run_best_mrr20=0.236900 run_best_hr10=0.296300 run_test_mrr20=0.235500 run_test_hr10=0.294900

[4/20] learning_rate=0.002234
  -> MRR@20=0.232600  best=0.236900  (early_stop@19, trial=5.5min, avg=5.8min/trial, total=23.1min, ETA=1.54h)
[TRIAL_METRICS] cur_best_mrr20=0.232600 cur_best_hr10=0.295200 cur_test_mrr20=0.233700 cur_test_hr10=0.292800 run_best_mrr20=0.236900 run_best_hr10=0.296300 run_test_mrr20=0.235500 run_test_hr10=0.294900

[5/20] learning_rate=0.003111
  -> MRR@20=0.230400  best=0.236900  (early_stop@18, trial=5.3min, avg=5.7min/trial, total=28.5min, ETA=1.42h)
[TRIAL_METRICS] cur_best_mrr20=0.230400 cur_best_hr10=0.292900 cur_test_mrr20=0.231300 cur_test_hr10=0.288000 run_best_mrr20=0.236900 run_best_hr10=0.296300 run_test_mrr20=0.235500 run_test_hr10=0.294900

[6/20] learning_rate=0.0002526
  -> MRR@20=0.232200  best=0.236900  (early_stop@97, trial=28.3min, avg=9.5min/trial, total=56.8min, ETA=2.21h)
[TRIAL_METRICS] cur_best_mrr20=0.232200 cur_best_hr10=0.300300 cur_test_mrr20=0.232500 cur_test_hr10=0.298600 run_best_mrr20=0.236900 run_best_hr10=0.296300 run_test_mrr20=0.235500 run_test_hr10=0.294900

[7/20] learning_rate=0.0002062
  -> MRR@20=0.226400  best=0.236900  (full@100, trial=28.9min, avg=12.2min/trial, total=1.43h, ETA=2.65h)
[TRIAL_METRICS] cur_best_mrr20=0.226400 cur_best_hr10=0.300300 cur_test_mrr20=0.227400 cur_test_hr10=0.300700 run_best_mrr20=0.236900 run_best_hr10=0.296300 run_test_mrr20=0.235500 run_test_hr10=0.294900

[8/20] learning_rate=0.003291
  -> MRR@20=0.228200  best=0.236900  (early_stop@18, trial=5.2min, avg=11.4min/trial, total=1.51h, ETA=2.27h)
[TRIAL_METRICS] cur_best_mrr20=0.228200 cur_best_hr10=0.285400 cur_test_mrr20=0.228600 cur_test_hr10=0.282700 run_best_mrr20=0.236900 run_best_hr10=0.296300 run_test_mrr20=0.235500 run_test_hr10=0.294900

[9/20] learning_rate=0.0003048
  -> MRR@20=0.234100  best=0.236900  (early_stop@76, trial=21.9min, avg=12.5min/trial, total=1.88h, ETA=2.30h)
[TRIAL_METRICS] cur_best_mrr20=0.234100 cur_best_hr10=0.299800 cur_test_mrr20=0.233700 cur_test_hr10=0.294100 run_best_mrr20=0.236900 run_best_hr10=0.296300 run_test_mrr20=0.235500 run_test_hr10=0.294900

[10/20] learning_rate=0.0003708
  -> MRR@20=0.236000  best=0.236900  (early_stop@76, trial=21.7min, avg=13.5min/trial, total=2.24h, ETA=2.24h)
[TRIAL_METRICS] cur_best_mrr20=0.236000 cur_best_hr10=0.291500 cur_test_mrr20=0.236100 cur_test_hr10=0.291400 run_best_mrr20=0.236900 run_best_hr10=0.296300 run_test_mrr20=0.235500 run_test_hr10=0.294900

[11/20] learning_rate=0.002229
  -> MRR@20=0.233200  best=0.236900  (early_stop@20, trial=6.0min, avg=12.8min/trial, total=2.34h, ETA=1.92h)
[TRIAL_METRICS] cur_best_mrr20=0.233200 cur_best_hr10=0.292900 cur_test_mrr20=0.234600 cur_test_hr10=0.288500 run_best_mrr20=0.236900 run_best_hr10=0.296300 run_test_mrr20=0.235500 run_test_hr10=0.294900

[12/20] learning_rate=0.0003784
  -> MRR@20=0.236200  best=0.236900  (early_stop@74, trial=21.5min, avg=13.5min/trial, total=2.70h, ETA=1.80h)
[TRIAL_METRICS] cur_best_mrr20=0.236200 cur_best_hr10=0.293400 cur_test_mrr20=0.235700 cur_test_hr10=0.290100 run_best_mrr20=0.236900 run_best_hr10=0.296300 run_test_mrr20=0.235500 run_test_hr10=0.294900

[13/20] learning_rate=0.0009662
  -> MRR@20=0.237100  best=0.237100  (early_stop@31, trial=9.1min, avg=13.2min/trial, total=2.85h, ETA=1.54h)
[TRIAL_METRICS] cur_best_mrr20=0.237100 cur_best_hr10=0.294200 cur_test_mrr20=0.236900 cur_test_hr10=0.287700 run_best_mrr20=0.237100 run_best_hr10=0.294200 run_test_mrr20=0.236900 run_test_hr10=0.287700

[14/20] learning_rate=0.002421
  -> MRR@20=0.232500  best=0.237100  (early_stop@19, trial=5.6min, avg=12.6min/trial, total=2.95h, ETA=1.26h)
[TRIAL_METRICS] cur_best_mrr20=0.232500 cur_best_hr10=0.288100 cur_test_mrr20=0.235700 cur_test_hr10=0.291200 run_best_mrr20=0.237100 run_best_hr10=0.294200 run_test_mrr20=0.236900 run_test_hr10=0.287700

[15/20] learning_rate=0.0008878
  -> MRR@20=0.236400  best=0.237100  (early_stop@34, trial=9.9min, avg=12.4min/trial, total=3.11h, ETA=1.04h)
[TRIAL_METRICS] cur_best_mrr20=0.236400 cur_best_hr10=0.292600 cur_test_mrr20=0.236300 cur_test_hr10=0.289600 run_best_mrr20=0.237100 run_best_hr10=0.294200 run_test_mrr20=0.236900 run_test_hr10=0.287700

[16/20] learning_rate=0.001311
  -> MRR@20=0.238000  best=0.238000  (early_stop@25, trial=7.3min, avg=12.1min/trial, total=3.23h, ETA=48.5min)
[TRIAL_METRICS] cur_best_mrr20=0.238000 cur_best_hr10=0.295200 cur_test_mrr20=0.236000 cur_test_hr10=0.292000 run_best_mrr20=0.238000 run_best_hr10=0.295200 run_test_mrr20=0.236000 run_test_hr10=0.292000

[17/20] learning_rate=0.002645
  -> MRR@20=0.230600  best=0.238000  (early_stop@19, trial=5.3min, avg=11.7min/trial, total=3.32h, ETA=35.2min)
[TRIAL_METRICS] cur_best_mrr20=0.230600 cur_best_hr10=0.285900 cur_test_mrr20=0.231800 cur_test_hr10=0.285900 run_best_mrr20=0.238000 run_best_hr10=0.295200 run_test_mrr20=0.236000 run_test_hr10=0.292000

[18/20] learning_rate=0.000981
  -> MRR@20=0.237400  best=0.238000  (early_stop@31, trial=8.9min, avg=11.6min/trial, total=3.47h, ETA=23.1min)
[TRIAL_METRICS] cur_best_mrr20=0.237400 cur_best_hr10=0.293900 cur_test_mrr20=0.237300 cur_test_hr10=0.287500 run_best_mrr20=0.238000 run_best_hr10=0.295200 run_test_mrr20=0.236000 run_test_hr10=0.292000

[19/20] learning_rate=0.001561
  -> MRR@20=0.237600  best=0.238000  (early_stop@23, trial=6.8min, avg=11.3min/trial, total=3.58h, ETA=11.3min)
[TRIAL_METRICS] cur_best_mrr20=0.237600 cur_best_hr10=0.292600 cur_test_mrr20=0.238700 cur_test_hr10=0.289600 run_best_mrr20=0.238000 run_best_hr10=0.295200 run_test_mrr20=0.236000 run_test_hr10=0.292000

[20/20] learning_rate=0.00059
  -> MRR@20=0.236500  best=0.238000  (early_stop@41, trial=12.4min, avg=11.4min/trial, total=3.79h, ETA=0s)
[TRIAL_METRICS] cur_best_mrr20=0.236500 cur_best_hr10=0.294700 cur_test_mrr20=0.236400 cur_test_hr10=0.290400 run_best_mrr20=0.238000 run_best_hr10=0.295200 run_test_mrr20=0.236000 run_test_hr10=0.292000
[1;35mEvaluate   [0m:   0%|                                                            | 0/1 [00:00<?, ?it/s][0m[1;35mEvaluate   [0m:   0%|                                  | 0/1 [00:01<?, ?it/s, [1;33mGPU RAM: 11.49 G/23.56 G[0m][0m[1;35mEvaluate   [0m: 100%|██████████████████████████| 1/1 [00:01<00:00,  1.41s/it, [1;33mGPU RAM: 11.49 G/23.56 G[0m][0m                                                                                                    [1;35mEvaluate   [0m:   0%|                                                            | 0/1 [00:00<?, ?it/s][0m[1;35mEvaluate   [0m:   0%|                                  | 0/1 [00:01<?, ?it/s, [1;33mGPU RAM: 11.49 G/23.56 G[0m][0m[1;35mEvaluate   [0m: 100%|██████████████████████████| 1/1 [00:01<00:00,  1.46s/it, [1;33mGPU RAM: 11.49 G/23.56 G[0m][0m                                                                                                    [1;35mEvaluate   [0m:   0%|                                                            | 0/1 [00:00<?, ?it/s][0m[1;35mEvaluate   [0m:   0%|                                  | 0/1 [00:01<?, ?it/s, [1;33mGPU RAM: 11.49 G/23.56 G[0m][0m[1;35mEvaluate   [0m: 100%|██████████████████████████| 1/1 [00:01<00:00,  1.52s/it, [1;33mGPU RAM: 11.49 G/23.56 G[0m][0m                                                                                                    
=================================================================
  DONE  |  FeaturedMoE_N3 x lastfm0.03
  Best MRR@20 = 0.238000  |  20/20 trials OK
  Best HR@10  = 0.295200
  Test MRR@20 = 0.236000  (best-valid checkpoint)
  Test HR@10  = 0.292000  (best-valid checkpoint)
[RUN_METRICS] best_valid_mrr20=0.238000 best_valid_hr10=0.295200 test_mrr20=0.236000 test_hr10=0.292000
  Total time: 227.5 min
  Best params:
    learning_rate: 0.00131115
  Results -> /workspace/jy1559/FMoE/experiments/run/artifacts/results/fmoe_n3/lastfm0.03_FeaturedMoE_N3_p14_fad_a6_lastfm0_03_h8_s1_20260405_075319_173158_pid164442.json
  Normal mirror -> /workspace/jy1559/FMoE/experiments/run/artifacts/results/fmoe_n3/normal/final_all_datasets/P14/lastfm0.03/FMoEN3/lastfm0.03_FeaturedMoE_N3_p14_fad_a6_lastfm0_03_h8_s1_20260405_075319_173158_pid164442.json
  Special result -> /workspace/jy1559/FMoE/experiments/run/artifacts/results/fmoe_n3/special/final_all_datasets/P14/lastfm0.03/FMoEN3/lastfm0.03_FeaturedMoE_N3_p14_fad_a6_lastfm0_03_h8_s1_20260405_075319_173158_pid164442_special_metrics.json
  Special log -> /workspace/jy1559/FMoE/experiments/run/artifacts/logs/fmoe_n3/special/final_all_datasets/P14/lastfm0.03/FMoEN3/lastfm0.03_FeaturedMoE_N3_p14_fad_a6_lastfm0_03_h8_s1_20260405_075319_173158_pid164442_special_metrics.json
=================================================================

[RUN_STATUS] END status=normal pid=164442 start=2026-04-05T07:53:18 end=2026-04-05T11:40:50
