[STAGEI_PROGRESSIVE_RECOVERY_ANCHOR2_CORE5_SETTING_HEADER]
run_phase=P24_I1_D01_MBSAREC_C06_I1_BSAREC_H6_S1 run_id=I1_AMAZON_BEAUTY_BSAREC_I1_BSAREC_H6_S1 phase_id=P24 axis_id=SI pass_name=pass1 model=BSARec candidate_id=I1_BSAREC_H6 seed=1
dataset=amazon_beauty gpu=6 candidate_source=manual_rebuild source_stage=general_hparam_bank anchor_run_id= batch_profile=pass1:bs1280/1536
max_evals=10 tune_epochs=100 tune_patience=5
seed=240005

[COMMAND]
- /venv/FMoE/bin/python hyperopt_tune.py --config-name tune_ab --max-evals 10 --tune-epochs 100 --tune-patience 5 --seed 240005 --run-group baseline --run-axis StageI_ProgressiveRecovery_anchor2_core5 --run-phase P24_I1_D01_MBSAREC_C06_I1_BSAREC_H6_S1 model=bsarec dataset=amazon_beauty eval_mode=session_fixed feature_mode=full_v3 gpu_id=6 log_wandb=false show_progress=false ++special_logging=true ++seed=240005 ++search={learning_rate:[8e-05,0.0011717325243169416]} ++search_space_type_overrides={learning_rate:"loguniform"} ++weight_decay=0.0001 ++search.weight_decay=[0.0001] ++search_space_type_overrides.weight_decay=choice ++search.n_layers=[2] ++search_space_type_overrides.n_layers=choice ++search.num_layers=[2] ++search_space_type_overrides.num_layers=choice ++search.n_heads=[4] ++search_space_type_overrides.n_heads=choice ++search.num_heads=[4] ++search_space_type_overrides.num_heads=choice ++search.dropout_ratio=[0.15] ++search_space_type_overrides.dropout_ratio=choice ++search.dropout_prob=[0.15] ++search_space_type_overrides.dropout_prob=choice ++search.hidden_dropout_prob=[0.15] ++search_space_type_overrides.hidden_dropout_prob=choice ++search.attn_dropout_prob=[0.15] ++search_space_type_overrides.attn_dropout_prob=choice ++search.hidden_size=[224] ++search_space_type_overrides.hidden_size=choice ++search.embedding_size=[224] ++search_space_type_overrides.embedding_size=choice ++search.inner_size=[448] ++search_space_type_overrides.inner_size=choice ++search.time_span=[512] ++search_space_type_overrides.time_span=choice ++search.num_experts=[8] ++search_space_type_overrides.num_experts=choice ++search.state_size=[32] ++search_space_type_overrides.state_size=choice ++search.conv_kernel=[8] ++search_space_type_overrides.conv_kernel=choice ++search.remaining_ratio=[0.65] ++search_space_type_overrides.remaining_ratio=choice ++search.MAX_ITEM_LIST_LENGTH=[12] ++search_space_type_overrides.MAX_ITEM_LIST_LENGTH=choice ++dropout_ratio=0.15 ++train_batch_size=1280 ++eval_batch_size=1536 ++hidden_size=224 ++embedding_size=224 ++MAX_ITEM_LIST_LENGTH=12 ++num_layers=2 ++n_layers=2 ++num_heads=4 ++n_heads=4 ++inner_size=448
/venv/FMoE/lib/python3.10/site-packages/ray/_private/parameter.py:4: UserWarning: pkg_resources is deprecated as an API. See https://setuptools.pypa.io/en/latest/pkg_resources.html. The pkg_resources package is slated for removal as early as 2025-11-30. Refrain from using this package or pin to Setuptools<81.
  import pkg_resources
[RUN_STATUS] START pid=204140 ts=2026-04-12T15:30:46

=================================================================
  Hyperopt TPE  |  BSARec x amazon_beauty
  max_evals=10  epochs=100  patience=5  wandb=off
  batch_size(train/valid/test)=1280/1536/1536
  track=baseline  axis=stagei_progressiverecovery_anchor2_core5  phase=P24_I1_D01_MBSAREC_C06_I1_BSAREC_H6_S1
=================================================================
Changed knobs: learning_rate
Tuned params(len>1): 1  (~1 discrete combos)
Tuned groups: 1
  [optimization]
    learning_rate                   [8e-05, 0.0011717325243169416]            -> loguniform
Fixed params(singleton/non-list): 18
Fixed groups: 18
  [optimization]
    hidden_dropout_prob             0.15                                    
    weight_decay                    0.0001                                  
  [model_core]
    attn_dropout_prob               0.15                                    
    dropout_prob                    0.15                                    
    dropout_ratio                   0.15                                    
    embedding_size                  224                                     
    hidden_size                     224                                     
    inner_size                      448                                     
    num_heads                       4                                       
    num_layers                      2                                       
  [other]
    MAX_ITEM_LIST_LENGTH            12                                      
    conv_kernel                     8                                       
    n_heads                         4                                       
    n_layers                        2                                       
    num_experts                     8                                       
    remaining_ratio                 0.65                                    
    state_size                      32                                      
    time_span                       512                                     

[Wandb] disabled for this hyperopt run

[1/10] learning_rate=0.001049
  -> MRR@20=0.001800  best=0.001800  (early_stop@8, trial=2s, avg=4s/trial, total=4s, ETA=34s)
[TRIAL_METRICS] cur_best_mrr20=0.001800 cur_best_hr10=0.008800 cur_test_mrr20=0.008800 cur_test_hr10=0.008800 run_best_mrr20=0.001800 run_best_hr10=0.008800 run_test_mrr20=0.008800 run_test_hr10=0.008800

[2/10] learning_rate=0.0002198
  -> MRR@20=0.000000  best=0.001800  (early_stop@6, trial=1s, avg=3s/trial, total=5s, ETA=20s)
[TRIAL_METRICS] cur_best_mrr20=0.000000 cur_best_hr10=0.000000 cur_test_mrr20=0.002900 cur_test_hr10=0.017500 run_best_mrr20=0.001800 run_best_hr10=0.008800 run_test_mrr20=0.008800 run_test_hr10=0.008800

[3/10] learning_rate=0.001105
  -> MRR@20=0.001800  best=0.001800  (early_stop@18, trial=3s, avg=3s/trial, total=8s, ETA=19s)
[TRIAL_METRICS] cur_best_mrr20=0.001800 cur_best_hr10=0.008800 cur_test_mrr20=0.010000 cur_test_hr10=0.017500 run_best_mrr20=0.001800 run_best_hr10=0.008800 run_test_mrr20=0.010000 run_test_hr10=0.017500

[4/10] learning_rate=0.0005714
  -> MRR@20=0.000000  best=0.001800  (early_stop@6, trial=1s, avg=2s/trial, total=9s, ETA=14s)
[TRIAL_METRICS] cur_best_mrr20=0.000000 cur_best_hr10=0.000000 cur_test_mrr20=0.005300 cur_test_hr10=0.017500 run_best_mrr20=0.001800 run_best_hr10=0.008800 run_test_mrr20=0.008800 run_test_hr10=0.008800

[5/10] learning_rate=0.0001461
  -> MRR@20=0.000000  best=0.001800  (early_stop@6, trial=1s, avg=2s/trial, total=11s, ETA=11s)
[TRIAL_METRICS] cur_best_mrr20=0.000000 cur_best_hr10=0.000000 cur_test_mrr20=0.002100 cur_test_hr10=0.017500 run_best_mrr20=0.001800 run_best_hr10=0.008800 run_test_mrr20=0.008800 run_test_hr10=0.008800

[6/10] learning_rate=0.0001034
  -> MRR@20=0.000000  best=0.001800  (early_stop@6, trial=1s, avg=2s/trial, total=12s, ETA=8s)
[TRIAL_METRICS] cur_best_mrr20=0.000000 cur_best_hr10=0.000000 cur_test_mrr20=0.001600 cur_test_hr10=0.008800 run_best_mrr20=0.001800 run_best_hr10=0.008800 run_test_mrr20=0.008800 run_test_hr10=0.008800

[7/10] learning_rate=0.0001651
  -> MRR@20=0.000000  best=0.001800  (early_stop@6, trial=1s, avg=2s/trial, total=13s, ETA=6s)
[TRIAL_METRICS] cur_best_mrr20=0.000000 cur_best_hr10=0.000000 cur_test_mrr20=0.002100 cur_test_hr10=0.017500 run_best_mrr20=0.001800 run_best_hr10=0.008800 run_test_mrr20=0.008800 run_test_hr10=0.008800

[8/10] learning_rate=0.0001327
  -> MRR@20=0.000000  best=0.001800  (early_stop@6, trial=1s, avg=2s/trial, total=14s, ETA=4s)
[TRIAL_METRICS] cur_best_mrr20=0.000000 cur_best_hr10=0.000000 cur_test_mrr20=0.002000 cur_test_hr10=0.017500 run_best_mrr20=0.001800 run_best_hr10=0.008800 run_test_mrr20=0.008800 run_test_hr10=0.008800

[9/10] learning_rate=8.919e-05
  -> MRR@20=0.000000  best=0.001800  (early_stop@6, trial=1s, avg=2s/trial, total=15s, ETA=2s)
[TRIAL_METRICS] cur_best_mrr20=0.000000 cur_best_hr10=0.000000 cur_test_mrr20=0.001500 cur_test_hr10=0.008800 run_best_mrr20=0.001800 run_best_hr10=0.008800 run_test_mrr20=0.008800 run_test_hr10=0.008800

[10/10] learning_rate=0.0001823
  -> MRR@20=0.000000  best=0.001800  (early_stop@6, trial=1s, avg=2s/trial, total=16s, ETA=0s)
[TRIAL_METRICS] cur_best_mrr20=0.000000 cur_best_hr10=0.000000 cur_test_mrr20=0.002400 cur_test_hr10=0.017500 run_best_mrr20=0.001800 run_best_hr10=0.008800 run_test_mrr20=0.008800 run_test_hr10=0.008800

=================================================================
  DONE  |  BSARec x amazon_beauty
  Best MRR@20 = 0.001800  |  10/10 trials OK
  Best HR@10  = 0.008800
  Test MRR@20 = 0.008800  (best-valid checkpoint)
  Test HR@10  = 0.008800  (best-valid checkpoint)
[RUN_METRICS] best_valid_mrr20=0.001800 best_valid_hr10=0.008800 test_mrr20=0.008800 test_hr10=0.008800
  Total time: 0.3 min
  Best params:
    learning_rate: 0.00104939
  Results -> /workspace/FeaturedMoE/experiments/run/artifacts/results/baseline/amazon_beauty_BSARec_p24_i1_d01_mbsarec_c06_i1_bsarec_h6_s1_20260412_153046_434140_pid204140.json
  Normal mirror -> /workspace/FeaturedMoE/experiments/run/artifacts/results/baseline/normal/stagei_progressiverecovery_anchor2_core5/P24/amazon_beauty/BSARec/amazon_beauty_BSARec_p24_i1_d01_mbsarec_c06_i1_bsarec_h6_s1_20260412_153046_434140_pid204140.json
  Special result -> /workspace/FeaturedMoE/experiments/run/artifacts/results/baseline/special/stagei_progressiverecovery_anchor2_core5/P24/amazon_beauty/BSARec/amazon_beauty_BSARec_p24_i1_d01_mbsarec_c06_i1_bsarec_h6_s1_20260412_153046_434140_pid204140_special_metrics.json
  Special log -> /workspace/FeaturedMoE/experiments/run/artifacts/logs/baseline/special/stagei_progressiverecovery_anchor2_core5/P24/amazon_beauty/BSARec/amazon_beauty_BSARec_p24_i1_d01_mbsarec_c06_i1_bsarec_h6_s1_20260412_153046_434140_pid204140_special_metrics.json
=================================================================

[RUN_STATUS] END status=normal pid=204140 start=2026-04-12T15:30:46 end=2026-04-12T15:31:02
