# pair=P010 dataset=beauty model=featured_moe_n3 combo=C1 seed=1
# cmd=/venv/FMoE/bin/python hyperopt_tune.py --config-name tune_ab --max-evals 10 --tune-epochs 100 --tune-patience 10 --search-algo random --seed 10 --run-group baseline_3 --run-axis FULL_HISTORY_V4_C4 --run-phase FULL_HISTORY_V4_C4_DBEAUTY_MFEATURED_MOE_N3_P010_C1_S1 model=featured_moe_n3 dataset=beauty eval_mode=session_fixed feature_mode=full_v4 train_batch_size=4096 eval_batch_size=8192 gpu_id=7 log_wandb=false show_progress=false ++seed=10 ++history_input_mode=full_history_session_targets ++history_group_field=user_id ++target_group_field=session_id ++history_eval_policy=strict_train_prefix ++MAX_ITEM_LIST_LENGTH=20 ++eval_sampling.mode=full ++eval_sampling.auto_full_threshold=999999999 ++special_logging=true ++exclude_unseen_target_from_main_eval=true ++log_unseen_target_metrics=true ++embedding_size=128 ++hidden_size=128 ++num_heads=4 ++d_ff=256 ++d_expert_hidden=128 ++d_router_hidden=64 ++d_feat_emb=12 ++expert_scale=2 ++fixed_hidden_dropout_prob=0.18 ++fixed_weight_decay=3.125e-07 ++fmoe_v2_layout_id=0 ++fmoe_stage_execution_mode="serial" ++router_impl="learned" ++router_use_hidden=true ++router_use_feature=true ++fmoe_special_logging=true ++fmoe_diag_logging=true ++fmoe_architecture_id="A12" ++search={learning_rate:[0.0002409979253022731,0.0009639917012090924],fixed_weight_decay:[2.1875e-07,5.3125e-07]} ++search_space_type_overrides={learning_rate:"loguniform",fixed_weight_decay:"loguniform"} ++search.MAX_ITEM_LIST_LENGTH=[20] ++search_space_type_overrides.MAX_ITEM_LIST_LENGTH=choice ++search.weight_decay=[3.125e-07] ++search_space_type_overrides.weight_decay=choice ++search.embedding_size=[128] ++search_space_type_overrides.embedding_size=choice ++search.hidden_size=[128] ++search_space_type_overrides.hidden_size=choice ++search.num_heads=[4] ++search_space_type_overrides.num_heads=choice ++search.d_ff=[256] ++search_space_type_overrides.d_ff=choice ++search.d_expert_hidden=[128] ++search_space_type_overrides.d_expert_hidden=choice ++search.d_router_hidden=[64] ++search_space_type_overrides.d_router_hidden=choice ++search.d_feat_emb=[12] ++search_space_type_overrides.d_feat_emb=choice ++search.expert_scale=[2] ++search_space_type_overrides.expert_scale=choice ++search.fixed_hidden_dropout_prob=[0.18] ++search_space_type_overrides.fixed_hidden_dropout_prob=choice ++search.fmoe_v2_layout_id=[0] ++search_space_type_overrides.fmoe_v2_layout_id=choice ++search.fmoe_architecture_id=["A12"] ++search_space_type_overrides.fmoe_architecture_id=choice

/venv/FMoE/lib/python3.10/site-packages/ray/_private/parameter.py:4: UserWarning: pkg_resources is deprecated as an API. See https://setuptools.pypa.io/en/latest/pkg_resources.html. The pkg_resources package is slated for removal as early as 2025-11-30. Refrain from using this package or pin to Setuptools<81.
  import pkg_resources
[RUN_STATUS] START pid=345877 ts=2026-04-16T11:51:04

=================================================================
  Hyperopt  |  FeaturedMoE_N3 x beauty
  max_evals=10  epochs=100  patience=10  wandb=off
  search_algo=random
  batch_size(train/valid/test)=4096/8192/8192
  track=baseline_3  axis=full_history_v4_c4  phase=FULL_HISTORY_V4_C4_DBEAUTY_MFEATURED_MOE_N3_P010_C1_S1
=================================================================
Changed knobs: fixed_weight_decay, hidden_dropout_prob, learning_rate
Tuned params(len>1): 3  (~1 discrete combos)
Tuned groups: 3
  [optimization]
    hidden_dropout_prob             [0.0, 0.1, 0.2, 0.3]                      -> uniform
    learning_rate                   [0.0002409979253022731, 0.0009639917012090924]  -> loguniform
  [other]
    fixed_weight_decay              [2.1875e-07, 5.3125e-07]                  -> loguniform
Fixed params(singleton/non-list): 13
Fixed groups: 13
  [optimization]
    weight_decay                    3.125e-07                               
  [model_core]
    d_expert_hidden                 128                                     
    d_feat_emb                      12                                      
    d_ff                            256                                     
    d_router_hidden                 64                                      
    embedding_size                  128                                     
    expert_scale                    2                                       
    fixed_hidden_dropout_prob       0.18                                    
    hidden_size                     128                                     
    num_heads                       4                                       
  [layout]
    fmoe_v2_layout_id               0                                       
  [other]
    MAX_ITEM_LIST_LENGTH            20                                      
    fmoe_architecture_id            A12                                     
Layout details:
  execution(fixed)=serial
  layout_ids=[0] (catalog not found in cfg)

[Wandb] disabled for this hyperopt run

[1/10] fixed_weight_decay=4.732e-07, hidden_dropout_prob=0.1141, learning_rate=0.0007938
  -> MRR@20=0.073300  best=0.073300  (early_stop@52, trial=44s, avg=47s/trial, total=47s, ETA=7.0min)
[TRIAL_METRICS] cur_best_mrr20=0.073300 cur_best_hr10=0.120500 cur_test_mrr20=0.070600 cur_test_hr10=0.114600 run_best_mrr20=0.073300 run_best_hr10=0.120500 run_test_mrr20=0.070600 run_test_hr10=0.114600

[2/10] fixed_weight_decay=2.486e-07, hidden_dropout_prob=0.07089, learning_rate=0.0007713
  -> MRR@20=0.077000  best=0.077000  (early_stop@65, trial=54s, avg=51s/trial, total=1.7min, ETA=6.8min)
[TRIAL_METRICS] cur_best_mrr20=0.077000 cur_best_hr10=0.108400 cur_test_mrr20=0.058500 cur_test_hr10=0.106000 run_best_mrr20=0.077000 run_best_hr10=0.108400 run_test_mrr20=0.058500 run_test_hr10=0.106000

[3/10] fixed_weight_decay=4.153e-07, hidden_dropout_prob=0.252, learning_rate=0.0003922
  -> MRR@20=0.079800  best=0.079800  (full@100, trial=1.4min, avg=1.0min/trial, total=3.1min, ETA=7.1min)
[TRIAL_METRICS] cur_best_mrr20=0.079800 cur_best_hr10=0.134500 cur_test_mrr20=0.081000 cur_test_hr10=0.137500 run_best_mrr20=0.079800 run_best_hr10=0.134500 run_test_mrr20=0.081000 run_test_hr10=0.137500

[4/10] fixed_weight_decay=4.688e-07, hidden_dropout_prob=0.2991, learning_rate=0.0003797
  -> MRR@20=0.083600  best=0.083600  (early_stop@94, trial=1.3min, avg=1.1min/trial, total=4.4min, ETA=6.5min)
[TRIAL_METRICS] cur_best_mrr20=0.083600 cur_best_hr10=0.144600 cur_test_mrr20=0.050700 cur_test_hr10=0.140400 run_best_mrr20=0.083600 run_best_hr10=0.144600 run_test_mrr20=0.050700 run_test_hr10=0.140400

[5/10] fixed_weight_decay=2.304e-07, hidden_dropout_prob=0.2991, learning_rate=0.0003562
  -> MRR@20=0.038900  best=0.083600  (early_stop@54, trial=45s, avg=1.0min/trial, total=5.1min, ETA=5.1min)
[TRIAL_METRICS] cur_best_mrr20=0.038900 cur_best_hr10=0.088400 cur_test_mrr20=0.036600 cur_test_hr10=0.111700 run_best_mrr20=0.083600 run_best_hr10=0.144600 run_test_mrr20=0.050700 run_test_hr10=0.140400

[6/10] fixed_weight_decay=3.618e-07, hidden_dropout_prob=0.2218, learning_rate=0.0005921
  -> MRR@20=0.081500  best=0.083600  (early_stop@71, trial=59s, avg=1.0min/trial, total=6.1min, ETA=4.1min)
[TRIAL_METRICS] cur_best_mrr20=0.081500 cur_best_hr10=0.134500 cur_test_mrr20=0.079300 cur_test_hr10=0.143300 run_best_mrr20=0.083600 run_best_hr10=0.144600 run_test_mrr20=0.050700 run_test_hr10=0.140400

[7/10] fixed_weight_decay=2.25e-07, hidden_dropout_prob=0.2592, learning_rate=0.0003264
  -> MRR@20=0.061000  best=0.083600  (early_stop@88, trial=1.2min, avg=1.0min/trial, total=7.3min, ETA=3.1min)
[TRIAL_METRICS] cur_best_mrr20=0.061000 cur_best_hr10=0.146600 cur_test_mrr20=0.049700 cur_test_hr10=0.120300 run_best_mrr20=0.083600 run_best_hr10=0.144600 run_test_mrr20=0.050700 run_test_hr10=0.140400

[8/10] fixed_weight_decay=4.503e-07, hidden_dropout_prob=0.1237, learning_rate=0.0007427
  -> MRR@20=0.074800  best=0.083600  (early_stop@54, trial=45s, avg=1.0min/trial, total=8.1min, ETA=2.0min)
[TRIAL_METRICS] cur_best_mrr20=0.074800 cur_best_hr10=0.126500 cur_test_mrr20=0.072500 cur_test_hr10=0.128900 run_best_mrr20=0.083600 run_best_hr10=0.144600 run_test_mrr20=0.050700 run_test_hr10=0.140400

[9/10] fixed_weight_decay=2.372e-07, hidden_dropout_prob=0.04639, learning_rate=0.0005479
  -> MRR@20=0.072800  best=0.083600  (early_stop@80, trial=1.1min, avg=1.0min/trial, total=9.1min, ETA=1.0min)
[TRIAL_METRICS] cur_best_mrr20=0.072800 cur_best_hr10=0.116500 cur_test_mrr20=0.065300 cur_test_hr10=0.103200 run_best_mrr20=0.083600 run_best_hr10=0.144600 run_test_mrr20=0.050700 run_test_hr10=0.140400

[10/10] fixed_weight_decay=5.041e-07, hidden_dropout_prob=0.2567, learning_rate=0.00061
  -> MRR@20=0.079700  best=0.083600  (early_stop@72, trial=58s, avg=1.0min/trial, total=10.1min, ETA=0s)
[TRIAL_METRICS] cur_best_mrr20=0.079700 cur_best_hr10=0.130500 cur_test_mrr20=0.074300 cur_test_hr10=0.143300 run_best_mrr20=0.083600 run_best_hr10=0.144600 run_test_mrr20=0.050700 run_test_hr10=0.140400

=================================================================
  DONE  |  FeaturedMoE_N3 x beauty
  Best MRR@20 = 0.083600  |  10/10 trials OK
  Best HR@10  = 0.144600
  Test MRR@20 = 0.050700  (best-valid checkpoint)
  Test HR@10  = 0.140400  (best-valid checkpoint)
[RUN_METRICS] best_valid_mrr20=0.083600 best_valid_hr10=0.144600 test_mrr20=0.050700 test_hr10=0.140400
  Total time: 10.1 min
  Best params:
    fixed_weight_decay: 4.68817e-07
    hidden_dropout_prob: 0.299075
    learning_rate: 0.000379733
  Results -> /workspace/FeaturedMoE/experiments/run/artifacts/results/baseline_3/beauty_FeaturedMoE_N3_full_history_v4_c4_dbeauty_mfeatured_moe_n3_p010_c1_s1_20260416_115105_095150_pid345877.json
  Normal mirror -> /workspace/FeaturedMoE/experiments/run/artifacts/results/baseline_3/normal/full_history_v4_c4/FULL/beauty/FMoEN3/beauty_FeaturedMoE_N3_full_history_v4_c4_dbeauty_mfeatured_moe_n3_p010_c1_s1_20260416_115105_095150_pid345877.json
  Special result -> /workspace/FeaturedMoE/experiments/run/artifacts/results/baseline_3/special/full_history_v4_c4/FULL/beauty/FMoEN3/beauty_FeaturedMoE_N3_full_history_v4_c4_dbeauty_mfeatured_moe_n3_p010_c1_s1_20260416_115105_095150_pid345877_special_metrics.json
  Special log -> /workspace/FeaturedMoE/experiments/run/artifacts/logs/baseline_3/special/full_history_v4_c4/FULL/beauty/FMoEN3/beauty_FeaturedMoE_N3_full_history_v4_c4_dbeauty_mfeatured_moe_n3_p010_c1_s1_20260416_115105_095150_pid345877_special_metrics.json
=================================================================

[RUN_STATUS] END status=normal pid=345877 start=2026-04-16T11:51:04 end=2026-04-16T12:01:13

[FULL_HISTORY_TIMING] avg_epoch_sec=0.8245 avg_epoch_ms=824.5 test_inference_sec=0.0369
