[WIDESEARCH_ANCHOR2_CORE5_SETTING_HEADER]
run_phase=P15_WS_D00_M04_DIFSR_C2D2_S1 run_id=WS_LASTFM0_03_DIFSR_C2D2_S1 phase_id=P15 axis_id=WS model=DIFSR profile_id=C2D2 seed=1
dataset=lastfm0.03 gpu=6 order=0
max_evals=10 tune_epochs=44 tune_patience=9
seed=150014

[COMMAND]
- /venv/FMoE/bin/python hyperopt_tune.py --config-name tune_lfm_small --max-evals 10 --tune-epochs 44 --tune-patience 9 --seed 150014 --run-group baseline --run-axis WideSearch_anchor2_core5 --run-phase P15_WS_D00_M04_DIFSR_C2D2_S1 model=difsr dataset=lastfm0.03 eval_mode=session_fixed feature_mode=full_v3 gpu_id=6 log_wandb=false show_progress=false ++special_logging=true ++seed=150014 ++search={learning_rate:[0.0006,0.002]} ++search_space_type_overrides={learning_rate:"loguniform"} ++weight_decay=0.0002 ++search.weight_decay=[0.0002] ++search_space_type_overrides.weight_decay=choice ++search.hidden_size=[160] ++search_space_type_overrides.hidden_size=choice ++search.embedding_size=[160] ++search_space_type_overrides.embedding_size=choice ++search.inner_size=[320] ++search_space_type_overrides.inner_size=choice ++search.n_layers=[2] ++search_space_type_overrides.n_layers=choice ++search.num_layers=[2] ++search_space_type_overrides.num_layers=choice ++search.n_heads=[4] ++search_space_type_overrides.n_heads=choice ++search.num_heads=[4] ++search_space_type_overrides.num_heads=choice ++search.dropout_ratio=[0.15] ++search_space_type_overrides.dropout_ratio=choice ++search.dropout_prob=[0.15] ++search_space_type_overrides.dropout_prob=choice ++search.hidden_dropout_prob=[0.15] ++search_space_type_overrides.hidden_dropout_prob=choice ++search.attn_dropout_prob=[0.15] ++search_space_type_overrides.attn_dropout_prob=choice ++search.num_experts=[4] ++search_space_type_overrides.num_experts=choice ++dropout_ratio=0.15 ++fusion_type=gate ++use_attribute_predictor=true ++lambda_attr=0.1 ++train_batch_size=2820 ++eval_batch_size=3760 ++hidden_size=160 ++embedding_size=160 ++MAX_ITEM_LIST_LENGTH=20 ++num_layers=2 ++n_layers=2 ++num_heads=4 ++n_heads=4 ++inner_size=320 ++attribute_hidden_size=160
/venv/FMoE/lib/python3.10/site-packages/ray/_private/parameter.py:4: UserWarning: pkg_resources is deprecated as an API. See https://setuptools.pypa.io/en/latest/pkg_resources.html. The pkg_resources package is slated for removal as early as 2025-11-30. Refrain from using this package or pin to Setuptools<81.
  import pkg_resources
[RUN_STATUS] START pid=421905 ts=2026-03-29T07:38:54

=================================================================
  Hyperopt TPE  |  DIFSR x lastfm0.03
  max_evals=10  epochs=44  patience=9  wandb=off
  batch_size(train/valid/test)=2820/3760/3760
  track=baseline  axis=widesearch_anchor2_core5  phase=P15_WS_D00_M04_DIFSR_C2D2_S1
=================================================================
Changed knobs: fusion_type, learning_rate
Tuned params(len>1): 2  (~2 discrete combos)
Tuned groups: 2
  [optimization]
    learning_rate                   [0.0006, 0.002]                           -> loguniform
  [other]
    fusion_type                     ['sum', 'gate']                           -> choice
Fixed params(singleton/non-list): 13
Fixed groups: 13
  [optimization]
    hidden_dropout_prob             0.15                                    
    weight_decay                    0.0002                                  
  [model_core]
    attn_dropout_prob               0.15                                    
    dropout_prob                    0.15                                    
    dropout_ratio                   0.15                                    
    embedding_size                  160                                     
    hidden_size                     160                                     
    inner_size                      320                                     
    num_heads                       4                                       
    num_layers                      2                                       
  [other]
    n_heads                         4                                       
    n_layers                        2                                       
    num_experts                     4                                       

[Wandb] disabled for this hyperopt run

[1/10] fusion_type=gate, learning_rate=0.000733
  -> MRR@20=0.222600  best=0.222600  (full@44, trial=9.6min, avg=9.8min/trial, total=9.8min, ETA=1.48h)
[TRIAL_METRICS] cur_best_mrr20=0.222600 cur_best_hr10=0.277200 cur_test_mrr20=0.225000 cur_test_hr10=0.277400 run_best_mrr20=0.222600 run_best_hr10=0.277200 run_test_mrr20=0.225000 run_test_hr10=0.277400

[2/10] fusion_type=gate, learning_rate=0.001201
  -> MRR@20=0.227800  best=0.227800  (full@44, trial=9.5min, avg=9.7min/trial, total=19.4min, ETA=1.29h)
[TRIAL_METRICS] cur_best_mrr20=0.227800 cur_best_hr10=0.273700 cur_test_mrr20=0.234900 cur_test_hr10=0.280800 run_best_mrr20=0.227800 run_best_hr10=0.273700 run_test_mrr20=0.234900 run_test_hr10=0.280800

[3/10] fusion_type=gate, learning_rate=0.0006751
  -> MRR@20=0.213600  best=0.227800  (full@44, trial=9.5min, avg=9.6min/trial, total=28.9min, ETA=1.12h)
[TRIAL_METRICS] cur_best_mrr20=0.213600 cur_best_hr10=0.266300 cur_test_mrr20=0.214100 cur_test_hr10=0.271300 run_best_mrr20=0.227800 run_best_hr10=0.273700 run_test_mrr20=0.234900 run_test_hr10=0.280800

[4/10] fusion_type=gate, learning_rate=0.0007096
  -> MRR@20=0.220100  best=0.227800  (full@44, trial=9.5min, avg=9.6min/trial, total=38.4min, ETA=57.6min)
[TRIAL_METRICS] cur_best_mrr20=0.220100 cur_best_hr10=0.273200 cur_test_mrr20=0.221200 cur_test_hr10=0.278200 run_best_mrr20=0.227800 run_best_hr10=0.273700 run_test_mrr20=0.234900 run_test_hr10=0.280800

[5/10] fusion_type=gate, learning_rate=0.001137
  -> MRR@20=0.228100  best=0.228100  (full@44, trial=9.5min, avg=9.6min/trial, total=47.9min, ETA=47.9min)
[TRIAL_METRICS] cur_best_mrr20=0.228100 cur_best_hr10=0.266300 cur_test_mrr20=0.234900 cur_test_hr10=0.272300 run_best_mrr20=0.228100 run_best_hr10=0.266300 run_test_mrr20=0.234900 run_test_hr10=0.272300

[6/10] fusion_type=gate, learning_rate=0.001113
  -> MRR@20=0.229200  best=0.229200  (full@44, trial=9.5min, avg=9.6min/trial, total=57.4min, ETA=38.3min)
[TRIAL_METRICS] cur_best_mrr20=0.229200 cur_best_hr10=0.274200 cur_test_mrr20=0.234200 cur_test_hr10=0.279800 run_best_mrr20=0.229200 run_best_hr10=0.274200 run_test_mrr20=0.234200 run_test_hr10=0.279800

[7/10] fusion_type=gate, learning_rate=0.0007835
  -> MRR@20=0.227500  best=0.229200  (full@44, trial=9.5min, avg=9.6min/trial, total=1.12h, ETA=28.7min)
[TRIAL_METRICS] cur_best_mrr20=0.227500 cur_best_hr10=0.278800 cur_test_mrr20=0.229800 cur_test_hr10=0.280300 run_best_mrr20=0.229200 run_best_hr10=0.274200 run_test_mrr20=0.234200 run_test_hr10=0.279800

[8/10] fusion_type=sum, learning_rate=0.0007307
  -> MRR@20=0.218900  best=0.229200  (full@44, trial=8.8min, avg=9.5min/trial, total=1.26h, ETA=18.9min)
[TRIAL_METRICS] cur_best_mrr20=0.218900 cur_best_hr10=0.273200 cur_test_mrr20=0.219400 cur_test_hr10=0.277900 run_best_mrr20=0.229200 run_best_hr10=0.274200 run_test_mrr20=0.234200 run_test_hr10=0.279800

[9/10] fusion_type=gate, learning_rate=0.0007416
  -> MRR@20=0.223600  best=0.229200  (full@44, trial=9.5min, avg=9.5min/trial, total=1.42h, ETA=9.5min)
[TRIAL_METRICS] cur_best_mrr20=0.223600 cur_best_hr10=0.276100 cur_test_mrr20=0.226900 cur_test_hr10=0.280300 run_best_mrr20=0.229200 run_best_hr10=0.274200 run_test_mrr20=0.234200 run_test_hr10=0.279800

[10/10] fusion_type=sum, learning_rate=0.0006449
  -> MRR@20=0.202600  best=0.229200  (full@44, trial=8.8min, avg=9.4min/trial, total=1.57h, ETA=0s)
[TRIAL_METRICS] cur_best_mrr20=0.202600 cur_best_hr10=0.256700 cur_test_mrr20=0.201000 cur_test_hr10=0.258200 run_best_mrr20=0.229200 run_best_hr10=0.274200 run_test_mrr20=0.234200 run_test_hr10=0.279800

=================================================================
  DONE  |  DIFSR x lastfm0.03
  Best MRR@20 = 0.229200  |  10/10 trials OK
  Best HR@10  = 0.274200
  Test MRR@20 = 0.234200  (best-valid checkpoint)
  Test HR@10  = 0.279800  (best-valid checkpoint)
[RUN_METRICS] best_valid_mrr20=0.229200 best_valid_hr10=0.274200 test_mrr20=0.234200 test_hr10=0.279800
  Total time: 94.1 min
  Best params:
    fusion_type: gate
    learning_rate: 0.00111275
  Results -> /workspace/jy1559/FMoE/experiments/run/artifacts/results/baseline/lastfm0.03_DIFSR_p15_ws_d00_m04_difsr_c2d2_s1_20260329_073855_195903_pid421905.json
  Normal mirror -> /workspace/jy1559/FMoE/experiments/run/artifacts/results/baseline/normal/widesearch_anchor2_core5/P15/lastfm0.03/DIFSR/lastfm0.03_DIFSR_p15_ws_d00_m04_difsr_c2d2_s1_20260329_073855_195903_pid421905.json
  Special result -> /workspace/jy1559/FMoE/experiments/run/artifacts/results/baseline/special/widesearch_anchor2_core5/P15/lastfm0.03/DIFSR/lastfm0.03_DIFSR_p15_ws_d00_m04_difsr_c2d2_s1_20260329_073855_195903_pid421905_special_metrics.json
  Special log -> /workspace/jy1559/FMoE/experiments/run/artifacts/logs/baseline/special/widesearch_anchor2_core5/P15/lastfm0.03/DIFSR/lastfm0.03_DIFSR_p15_ws_d00_m04_difsr_c2d2_s1_20260329_073855_195903_pid421905_special_metrics.json
=================================================================

[RUN_STATUS] END status=normal pid=421905 start=2026-03-29T07:38:54 end=2026-03-29T09:13:00
