[FMOE_N4_CROSS_DATASET_A12_PORTFOLIO_SETTING_HEADER]
run_phase=P4XD_XD_AMAZON_BEAUTY_A01_H8_COMPACT_ANCHOR_S1 exp_brief=A12_ATTN_MICRO_BEFORE_NO_BIAS_ALL_W5 phase_id=P4XD axis_id=N4XDA12 setting_id=A01_h8_compact_anchor hparam_id= seed=1
desc=A01_h8_compact_anchor
dataset=amazon_beauty gpu=0 order=1
max_evals=12 tune_epochs=100 tune_patience=
seed=264000

[COMMAND]
- /venv/FMoE/bin/python hyperopt_tune.py --config-name config --search-algo tpe --max-evals 12 --tune-epochs 100 --tune-patience 6 --seed 264000 --run-group fmoe_n4 --run-axis CrossDataset_A12_Portfolio --run-phase P4XD_XD_AMAZON_BEAUTY_A01_H8_COMPACT_ANCHOR_S1 model=featured_moe_n3_tune dataset=amazon_beauty eval_mode=session_fixed feature_mode=full_v4 ++eval_sampling.mode=full ++eval_sampling.auto_full_threshold=999999999 ++special_logging=true ++exclude_unseen_target_from_main_eval=true ++log_unseen_target_metrics=true gpu_id=0 log_wandb=false enable_tf32=true fmoe_debug_logging=false fmoe_diag_logging=true fmoe_special_logging=true fmoe_feature_ablation_logging=false fmoe_eval_logging_timing=final_only ++fmoe_logging_output_root="run/artifacts/logging" ++fmoe_logging_layout="axis_dataset_arch_hparam" ++fmoe_architecture_id="A12" ++fmoe_architecture_key="A12_ATTN_MICRO_BEFORE_NO_BIAS_ALL_W5" ++fmoe_hparam_id="H8" ++fmoe_phase="P4XD" train_batch_size=4096 eval_batch_size=6144 ++phase_run_type="cross_dataset" ++phase_axis_id="N4XDA12" ++phase_axis_desc="cross_dataset_a12_portfolio" ++phase_setting_id="A01_h8_compact_anchor" ++phase_setting_key="A01_h8_compact_anchor" ++phase_hparam_id="H8" ++phase_seed_id=1 ++phase_run_id="XD_AMAZON_BEAUTY_A01_H8_COMPACT_ANCHOR_S1" ++layer_layout=["attn","macro_ffn","mid_ffn","attn","micro_ffn"] ++stage_compute_mode={macro:"moe",mid:"moe",micro:"moe"} ++stage_router_mode={macro:"learned",mid:"learned",micro:"learned"} ++stage_router_source={macro:"both",mid:"both",micro:"both"} ++stage_feature_injection={macro:"none",mid:"none",micro:"none"} ++topk_scope_mode="global_flat" ++moe_top_k=0 ++balance_loss_lambda=0.0 ++z_loss_lambda=0.0002 ++gate_entropy_lambda=0.0 ++route_smoothness_lambda=0.0 ++route_consistency_lambda=0.0008 ++route_sharpness_lambda=0.0 ++route_monopoly_lambda=0.0 ++route_monopoly_tau=0.25 ++route_prior_lambda=0.0 ++group_prior_align_lambda=0.0 ++factored_group_balance_lambda=0.0 ++rule_agreement_lambda=0.0 ++group_coverage_lambda=0.0 ++feature_group_bias_lambda=0.0 ++rule_bias_scale=0.0 ++primitive_balance_lambda=0.0 ++wrapper_group_feature_align_lambda=0.0 ++stage_router_primitives={macro:{a_joint:{source:"feature",temperature:1.0,top_k:0},b_group:{source:"feature",temperature:1.0,top_k:0},c_shared:{source:"feature",temperature:1.0,top_k:0},d_cond:{source:"feature",temperature:1.0,top_k:0},e_scalar:{source:"feature",temperature:1.0,top_k:0},wrapper:{alpha_d:1.0,alpha_struct:1.0,alpha_a:1.0}},mid:{a_joint:{source:"feature",temperature:1.0,top_k:0},b_group:{source:"feature",temperature:1.0,top_k:0},c_shared:{source:"feature",temperature:1.0,top_k:0},d_cond:{source:"feature",temperature:1.0,top_k:0},e_scalar:{source:"feature",temperature:1.0,top_k:0},wrapper:{alpha_d:1.0,alpha_struct:1.0,alpha_a:1.0}},micro:{a_joint:{source:"feature",temperature:1.0,top_k:0},b_group:{source:"feature",temperature:1.0,top_k:0},c_shared:{source:"feature",temperature:1.0,top_k:0},d_cond:{source:"feature",temperature:1.0,top_k:0},e_scalar:{source:"feature",temperature:1.0,top_k:0},wrapper:{alpha_d:1.0,alpha_struct:1.0,alpha_a:1.0}}} ++stage_router_wrapper={macro:"w5_exd",mid:"w5_exd",micro:"w5_exd"} ++stage_router_granularity={macro:"session",mid:"session",micro:"token"} ++macro_history_window=5 ++route_consistency_pairs=1 ++route_consistency_min_sim=0.995 ++bias_mode="none" ++stage_family_dropout_prob={macro:0.04,mid:0.04,micro:0.04} ++stage_feature_dropout_prob={macro:0.0,mid:0.0,micro:0.0} ++stage_feature_dropout_scope={macro:"token",mid:"token",micro:"token"} ++embedding_size=128 ++d_ff=256 ++d_expert_hidden=128 ++d_router_hidden=64 ++MAX_ITEM_LIST_LENGTH=20 ++d_feat_emb=12 ++expert_scale=2 ++lr_scheduler_type="warmup_cosine" ++num_heads=4 ++search.learning_rate=[0.00018,0.0006] ++search_space_type_overrides.learning_rate=loguniform ++search.hidden_dropout_prob=[0.19,0.22] ++search_space_type_overrides.hidden_dropout_prob=choice ++search.attn_dropout_prob=[0.1,0.12] ++search_space_type_overrides.attn_dropout_prob=choice ++search.weight_decay=[2.5e-06,5e-06,1e-05] ++search_space_type_overrides.weight_decay=choice ++search.d_feat_emb=[8,12,16] ++search_space_type_overrides.d_feat_emb=choice ++search.expert_scale=[2,3] ++search_space_type_overrides.expert_scale=choice ++search.stage_family_dropout_prob=[{macro:0.02,mid:0.02,micro:0.02},{macro:0.04,mid:0.04,micro:0.04}] ++search_space_type_overrides.stage_family_dropout_prob=choice
/venv/FMoE/lib/python3.10/site-packages/ray/_private/parameter.py:4: UserWarning: pkg_resources is deprecated as an API. See https://setuptools.pypa.io/en/latest/pkg_resources.html. The pkg_resources package is slated for removal as early as 2025-11-30. Refrain from using this package or pin to Setuptools<81.
  import pkg_resources
[RUN_STATUS] START pid=138251 ts=2026-04-15T11:12:30

=================================================================
  Hyperopt  |  FeaturedMoE_N3 x amazon_beauty
  max_evals=12  epochs=100  patience=6  wandb=off
  search_algo=tpe
  batch_size(train/valid/test)=4096/6144/6144
  track=fmoe_n4  axis=crossdataset_a12_portfolio  phase=P4XD_XD_AMAZON_BEAUTY_A01_H8_COMPACT_ANCHOR_S1
=================================================================
Changed knobs: attn_dropout_prob, d_feat_emb, expert_scale, hidden_dropout_prob, learning_rate, stage_family_dropout_prob, weight_decay
Tuned params(len>1): 7  (~144 discrete combos)
Tuned groups: 7
  [optimization]
    hidden_dropout_prob             [0.19, 0.22]                              -> choice
    learning_rate                   [0.00018, 0.0006]                         -> loguniform
    weight_decay                    [2.5e-06, 5e-06, 1e-05]                   -> choice
  [model_core]
    attn_dropout_prob               [0.1, 0.12]                               -> choice
    d_feat_emb                      [8, 12, 16]                               -> choice
    expert_scale                    [2, 3]                                    -> choice
    stage_family_dropout_prob       [{'macro': 0.02, 'mid': 0.02, 'micro': 0.02}, {'macro': 0.04, 'mid': 0.04, 'micro': 0.04}]  -> choice
Fixed params(singleton/non-list): 0
Fixed groups: 0
  (none)

[Wandb] disabled for this hyperopt run

[1/12] attn_dropout_prob=0.12, d_feat_emb=12, expert_scale=3, hidden_dropout_prob=0.22, learning_rate=0.0004999, stage_family_dropout_prob={'macro': 0.04, 'micro': 0.04, 'mid': 0.04}, weight_decay=1e-05
  -> MRR@20=0.025700  best=0.025700  (early_stop@23, trial=13s, avg=18s/trial, total=18s, ETA=3.3min)
[TRIAL_METRICS] cur_best_mrr20=0.025700 cur_best_hr10=0.063500 cur_test_mrr20=0.000000 cur_test_hr10=0.000000 run_best_mrr20=0.025700 run_best_hr10=0.063500 run_test_mrr20=0.000000 run_test_hr10=0.000000

[2/12] attn_dropout_prob=0.1, d_feat_emb=8, expert_scale=3, hidden_dropout_prob=0.19, learning_rate=0.0005168, stage_family_dropout_prob={'macro': 0.02, 'micro': 0.02, 'mid': 0.02}, weight_decay=2.5e-06
  -> MRR@20=0.015900  best=0.025700  (early_stop@7, trial=4s, avg=11s/trial, total=22s, ETA=1.8min)
[TRIAL_METRICS] cur_best_mrr20=0.015900 cur_best_hr10=0.015900 cur_test_mrr20=0.002000 cur_test_hr10=0.000000 run_best_mrr20=0.025700 run_best_hr10=0.063500 run_test_mrr20=0.000000 run_test_hr10=0.000000

[3/12] attn_dropout_prob=0.12, d_feat_emb=16, expert_scale=3, hidden_dropout_prob=0.19, learning_rate=0.0002908, stage_family_dropout_prob={'macro': 0.02, 'micro': 0.02, 'mid': 0.02}, weight_decay=1e-05
  -> MRR@20=0.018100  best=0.025700  (early_stop@9, trial=5s, avg=9s/trial, total=27s, ETA=1.4min)
[TRIAL_METRICS] cur_best_mrr20=0.018100 cur_best_hr10=0.031700 cur_test_mrr20=0.000000 cur_test_hr10=0.000000 run_best_mrr20=0.025700 run_best_hr10=0.063500 run_test_mrr20=0.000000 run_test_hr10=0.000000

[4/12] attn_dropout_prob=0.12, d_feat_emb=12, expert_scale=2, hidden_dropout_prob=0.19, learning_rate=0.000231, stage_family_dropout_prob={'macro': 0.04, 'micro': 0.04, 'mid': 0.04}, weight_decay=5e-06
  -> MRR@20=0.015900  best=0.025700  (early_stop@7, trial=3s, avg=8s/trial, total=31s, ETA=1.0min)
[TRIAL_METRICS] cur_best_mrr20=0.015900 cur_best_hr10=0.015900 cur_test_mrr20=0.000000 cur_test_hr10=0.000000 run_best_mrr20=0.025700 run_best_hr10=0.063500 run_test_mrr20=0.000000 run_test_hr10=0.000000

[5/12] attn_dropout_prob=0.12, d_feat_emb=12, expert_scale=2, hidden_dropout_prob=0.22, learning_rate=0.0005531, stage_family_dropout_prob={'macro': 0.02, 'micro': 0.02, 'mid': 0.02}, weight_decay=5e-06
  -> MRR@20=0.025100  best=0.025700  (early_stop@20, trial=10s, avg=8s/trial, total=42s, ETA=59s)
[TRIAL_METRICS] cur_best_mrr20=0.025100 cur_best_hr10=0.047600 cur_test_mrr20=0.000000 cur_test_hr10=0.000000 run_best_mrr20=0.025700 run_best_hr10=0.063500 run_test_mrr20=0.000000 run_test_hr10=0.000000

[6/12] attn_dropout_prob=0.12, d_feat_emb=16, expert_scale=2, hidden_dropout_prob=0.22, learning_rate=0.0002096, stage_family_dropout_prob={'macro': 0.04, 'micro': 0.04, 'mid': 0.04}, weight_decay=1e-05
  -> MRR@20=0.015900  best=0.025700  (early_stop@7, trial=3s, avg=8s/trial, total=46s, ETA=46s)
[TRIAL_METRICS] cur_best_mrr20=0.015900 cur_best_hr10=0.015900 cur_test_mrr20=0.001500 cur_test_hr10=0.000000 run_best_mrr20=0.025700 run_best_hr10=0.063500 run_test_mrr20=0.000000 run_test_hr10=0.000000

[7/12] attn_dropout_prob=0.1, d_feat_emb=16, expert_scale=2, hidden_dropout_prob=0.22, learning_rate=0.0002455, stage_family_dropout_prob={'macro': 0.02, 'micro': 0.02, 'mid': 0.02}, weight_decay=2.5e-06
  -> MRR@20=0.015900  best=0.025700  (early_stop@7, trial=3s, avg=7s/trial, total=50s, ETA=35s)
[TRIAL_METRICS] cur_best_mrr20=0.015900 cur_best_hr10=0.015900 cur_test_mrr20=0.001400 cur_test_hr10=0.000000 run_best_mrr20=0.025700 run_best_hr10=0.063500 run_test_mrr20=0.000000 run_test_hr10=0.000000

[8/12] attn_dropout_prob=0.1, d_feat_emb=8, expert_scale=2, hidden_dropout_prob=0.22, learning_rate=0.0003344, stage_family_dropout_prob={'macro': 0.04, 'micro': 0.04, 'mid': 0.04}, weight_decay=5e-06
  -> MRR@20=0.015900  best=0.025700  (early_stop@7, trial=3s, avg=7s/trial, total=53s, ETA=27s)
[TRIAL_METRICS] cur_best_mrr20=0.015900 cur_best_hr10=0.015900 cur_test_mrr20=0.000000 cur_test_hr10=0.000000 run_best_mrr20=0.025700 run_best_hr10=0.063500 run_test_mrr20=0.000000 run_test_hr10=0.000000

[9/12] attn_dropout_prob=0.12, d_feat_emb=8, expert_scale=3, hidden_dropout_prob=0.19, learning_rate=0.0001888, stage_family_dropout_prob={'macro': 0.02, 'micro': 0.02, 'mid': 0.02}, weight_decay=2.5e-06
  -> MRR@20=0.015900  best=0.025700  (early_stop@7, trial=3s, avg=6s/trial, total=57s, ETA=19s)
[TRIAL_METRICS] cur_best_mrr20=0.015900 cur_best_hr10=0.015900 cur_test_mrr20=0.002300 cur_test_hr10=0.000000 run_best_mrr20=0.025700 run_best_hr10=0.063500 run_test_mrr20=0.000000 run_test_hr10=0.000000

[10/12] attn_dropout_prob=0.12, d_feat_emb=8, expert_scale=3, hidden_dropout_prob=0.22, learning_rate=0.0003094, stage_family_dropout_prob={'macro': 0.04, 'micro': 0.04, 'mid': 0.04}, weight_decay=1e-05
  -> MRR@20=0.015900  best=0.025700  (early_stop@7, trial=3s, avg=6s/trial, total=1.0min, ETA=12s)
[TRIAL_METRICS] cur_best_mrr20=0.015900 cur_best_hr10=0.015900 cur_test_mrr20=0.002300 cur_test_hr10=0.000000 run_best_mrr20=0.025700 run_best_hr10=0.063500 run_test_mrr20=0.000000 run_test_hr10=0.000000

[11/12] attn_dropout_prob=0.12, d_feat_emb=12, expert_scale=3, hidden_dropout_prob=0.22, learning_rate=0.000263, stage_family_dropout_prob={'macro': 0.04, 'micro': 0.04, 'mid': 0.04}, weight_decay=2.5e-06
  -> MRR@20=0.015900  best=0.025700  (early_stop@7, trial=3s, avg=6s/trial, total=1.1min, ETA=6s)
[TRIAL_METRICS] cur_best_mrr20=0.015900 cur_best_hr10=0.015900 cur_test_mrr20=0.000000 cur_test_hr10=0.000000 run_best_mrr20=0.025700 run_best_hr10=0.063500 run_test_mrr20=0.000000 run_test_hr10=0.000000

[12/12] attn_dropout_prob=0.1, d_feat_emb=12, expert_scale=2, hidden_dropout_prob=0.22, learning_rate=0.0002443, stage_family_dropout_prob={'macro': 0.04, 'micro': 0.04, 'mid': 0.04}, weight_decay=5e-06
  -> MRR@20=0.015900  best=0.025700  (early_stop@7, trial=3s, avg=6s/trial, total=1.2min, ETA=0s)
[TRIAL_METRICS] cur_best_mrr20=0.015900 cur_best_hr10=0.015900 cur_test_mrr20=0.000000 cur_test_hr10=0.000000 run_best_mrr20=0.025700 run_best_hr10=0.063500 run_test_mrr20=0.000000 run_test_hr10=0.000000
[1;35mEvaluate   [0m:   0%|                                                            | 0/1 [00:00<?, ?it/s][0m[1;35mEvaluate   [0m:   0%|                                   | 0/1 [00:00<?, ?it/s, [1;33mGPU RAM: 7.73 G/23.56 G[0m][0m[1;35mEvaluate   [0m: 100%|███████████████████████████| 1/1 [00:00<00:00,  9.99it/s, [1;33mGPU RAM: 7.73 G/23.56 G[0m][0m                                                                                                    [1;35mEvaluate   [0m:   0%|                                                            | 0/1 [00:00<?, ?it/s][0m[1;35mEvaluate   [0m:   0%|                                   | 0/1 [00:00<?, ?it/s, [1;33mGPU RAM: 7.73 G/23.56 G[0m][0m                                                                                                    [1;35mEvaluate   [0m:   0%|                                                            | 0/1 [00:00<?, ?it/s][0m[1;35mEvaluate   [0m:   0%|                                   | 0/1 [00:00<?, ?it/s, [1;33mGPU RAM: 7.73 G/23.56 G[0m][0m                                                                                                    
=================================================================
  DONE  |  FeaturedMoE_N3 x amazon_beauty
  Best MRR@20 = 0.025700  |  12/12 trials OK
  Best HR@10  = 0.063500
  Test MRR@20 = 0.000000  (best-valid checkpoint)
  Test HR@10  = 0.000000  (best-valid checkpoint)
[RUN_METRICS] best_valid_mrr20=0.025700 best_valid_hr10=0.063500 test_mrr20=0.000000 test_hr10=0.000000
  Total time: 1.2 min
  Best params:
    attn_dropout_prob: 0.12
    d_feat_emb: 12
    expert_scale: 3
    hidden_dropout_prob: 0.22
    learning_rate: 0.000499931
    stage_family_dropout_prob: {'macro': 0.04, 'micro': 0.04, 'mid': 0.04}
    weight_decay: 1e-05
  Results -> /workspace/FeaturedMoE/experiments/run/artifacts/results/fmoe_n4/amazon_beauty_FeaturedMoE_N3_p4xd_xd_amazon_beauty_a01_h8_compact_anchor_s1_20260415_111230_768798_pid138251.json
  Normal mirror -> /workspace/FeaturedMoE/experiments/run/artifacts/results/fmoe_n4/normal/crossdataset_a12_portfolio/P4XD/amazon_beauty/FMoEN3/amazon_beauty_FeaturedMoE_N3_p4xd_xd_amazon_beauty_a01_h8_compact_anchor_s1_20260415_111230_768798_pid138251.json
  Special result -> /workspace/FeaturedMoE/experiments/run/artifacts/results/fmoe_n4/special/crossdataset_a12_portfolio/P4XD/amazon_beauty/FMoEN3/amazon_beauty_FeaturedMoE_N3_p4xd_xd_amazon_beauty_a01_h8_compact_anchor_s1_20260415_111230_768798_pid138251_special_metrics.json
  Special log -> /workspace/FeaturedMoE/experiments/run/artifacts/logs/fmoe_n4/special/crossdataset_a12_portfolio/P4XD/amazon_beauty/FMoEN3/amazon_beauty_FeaturedMoE_N3_p4xd_xd_amazon_beauty_a01_h8_compact_anchor_s1_20260415_111230_768798_pid138251_special_metrics.json
=================================================================

[RUN_STATUS] END status=normal pid=138251 start=2026-04-15T11:12:30 end=2026-04-15T11:13:40
