[STAGEH_TARGETEDRECOVERY_ANCHOR2_CORE5_SETTING_HEADER]
run_phase=P23_SH_C08_MGRU4REC_XFER_FOURSQUARE_FAD_H3_R1_C2_DROP_S1 run_id=SH_MOVIELENS1M_GRU4REC_XFER_FOURSQUARE_FAD_H3_R1_C2_DROP_S1 phase_id=P23 axis_id=SH model=GRU4Rec candidate_id=XFER_foursquare_FAD_H3_R1_C2_DROP seed=1
dataset=movielens1m gpu=6 order=0 candidate_source=stageh_screen_variant source_stage=Final_all_datasets_variant transfer_from_dataset=foursquare
max_evals=6 tune_epochs=40 tune_patience=5
seed=230121

[COMMAND]
- /venv/FMoE/bin/python hyperopt_tune.py --config-name tune_ml --max-evals 6 --tune-epochs 40 --tune-patience 5 --seed 230121 --run-group baseline --run-axis StageH_TargetedRecovery_anchor2_core5 --run-phase P23_SH_C08_MGRU4REC_XFER_FOURSQUARE_FAD_H3_R1_C2_DROP_S1 model=gru4rec dataset=movielens1m eval_mode=session_fixed feature_mode=full_v3 gpu_id=6 log_wandb=false show_progress=false ++special_logging=true ++seed=230121 ++search={learning_rate:[0.0008182207488029645,0.0015202150189792263]} ++search_space_type_overrides={learning_rate:"loguniform"} ++weight_decay=0.0002 ++search.weight_decay=[0.0002] ++search_space_type_overrides.weight_decay=choice ++search.n_layers=[2] ++search_space_type_overrides.n_layers=choice ++search.num_layers=[2] ++search_space_type_overrides.num_layers=choice ++search.n_heads=[4] ++search_space_type_overrides.n_heads=choice ++search.num_heads=[4] ++search_space_type_overrides.num_heads=choice ++search.dropout_ratio=[0.2] ++search_space_type_overrides.dropout_ratio=choice ++search.dropout_prob=[0.2] ++search_space_type_overrides.dropout_prob=choice ++search.hidden_dropout_prob=[0.2] ++search_space_type_overrides.hidden_dropout_prob=choice ++search.attn_dropout_prob=[0.2] ++search_space_type_overrides.attn_dropout_prob=choice ++search.hidden_size=[160] ++search_space_type_overrides.hidden_size=choice ++search.embedding_size=[160] ++search_space_type_overrides.embedding_size=choice ++search.inner_size=[320] ++search_space_type_overrides.inner_size=choice ++search.time_span=[512] ++search_space_type_overrides.time_span=choice ++search.num_experts=[8] ++search_space_type_overrides.num_experts=choice ++search.state_size=[32] ++search_space_type_overrides.state_size=choice ++search.conv_kernel=[8] ++search_space_type_overrides.conv_kernel=choice ++search.remaining_ratio=[0.7] ++search_space_type_overrides.remaining_ratio=choice ++search.MAX_ITEM_LIST_LENGTH=[10] ++search_space_type_overrides.MAX_ITEM_LIST_LENGTH=choice ++dropout_prob=0.2 ++train_batch_size=9625 ++eval_batch_size=11550 ++hidden_size=160 ++embedding_size=160 ++MAX_ITEM_LIST_LENGTH=10 ++num_layers=2
/venv/FMoE/lib/python3.10/site-packages/ray/_private/parameter.py:4: UserWarning: pkg_resources is deprecated as an API. See https://setuptools.pypa.io/en/latest/pkg_resources.html. The pkg_resources package is slated for removal as early as 2025-11-30. Refrain from using this package or pin to Setuptools<81.
  import pkg_resources
[RUN_STATUS] START pid=551092 ts=2026-04-10T11:47:41

=================================================================
  Hyperopt TPE  |  GRU4Rec x movielens1m
  max_evals=6  epochs=40  patience=5  wandb=off
  batch_size(train/valid/test)=9625/11550/11550
  track=baseline  axis=stageh_targetedrecovery_anchor2_core5  phase=P23_SH_C08_MGRU4REC_XFER_FOURSQUARE_FAD_H3_R1_C2_DROP_S1
=================================================================
Changed knobs: learning_rate
Tuned params(len>1): 1  (~1 discrete combos)
Tuned groups: 1
  [optimization]
    learning_rate                   [0.0008182207488029645, 0.0015202150189792263]  -> loguniform
Fixed params(singleton/non-list): 18
Fixed groups: 18
  [optimization]
    hidden_dropout_prob             0.2                                     
    weight_decay                    0.0002                                  
  [model_core]
    attn_dropout_prob               0.2                                     
    dropout_prob                    0.2                                     
    dropout_ratio                   0.2                                     
    embedding_size                  160                                     
    hidden_size                     160                                     
    inner_size                      320                                     
    num_heads                       4                                       
    num_layers                      2                                       
  [other]
    MAX_ITEM_LIST_LENGTH            10                                      
    conv_kernel                     8                                       
    n_heads                         4                                       
    n_layers                        2                                       
    num_experts                     8                                       
    remaining_ratio                 0.7                                     
    state_size                      32                                      
    time_span                       512                                     

[Wandb] disabled for this hyperopt run

[1/6] learning_rate=0.001256
  -> MRR@20=0.057900  best=0.057900  (full@40, trial=1.8min, avg=2.1min/trial, total=2.1min, ETA=10.3min)
[TRIAL_METRICS] cur_best_mrr20=0.057900 cur_best_hr10=0.139000 cur_test_mrr20=0.054900 cur_test_hr10=0.136600 run_best_mrr20=0.057900 run_best_hr10=0.139000 run_test_mrr20=0.054900 run_test_hr10=0.136600

[2/6] learning_rate=0.001262
  -> MRR@20=0.056800  best=0.057900  (full@40, trial=1.8min, avg=1.9min/trial, total=3.9min, ETA=7.7min)
[TRIAL_METRICS] cur_best_mrr20=0.056800 cur_best_hr10=0.142200 cur_test_mrr20=0.055800 cur_test_hr10=0.148600 run_best_mrr20=0.057900 run_best_hr10=0.139000 run_test_mrr20=0.054900 run_test_hr10=0.136600

[3/6] learning_rate=0.0008897
  -> MRR@20=0.057000  best=0.057900  (early_stop@39, trial=1.8min, avg=1.9min/trial, total=5.6min, ETA=5.6min)
[TRIAL_METRICS] cur_best_mrr20=0.057000 cur_best_hr10=0.140800 cur_test_mrr20=0.049000 cur_test_hr10=0.128300 run_best_mrr20=0.057900 run_best_hr10=0.139000 run_test_mrr20=0.054900 run_test_hr10=0.136600

[4/6] learning_rate=0.001199
  -> MRR@20=0.058900  best=0.058900  (full@40, trial=1.8min, avg=1.9min/trial, total=7.5min, ETA=3.7min)
[TRIAL_METRICS] cur_best_mrr20=0.058900 cur_best_hr10=0.148700 cur_test_mrr20=0.057700 cur_test_hr10=0.150000 run_best_mrr20=0.058900 run_best_hr10=0.148700 run_test_mrr20=0.057700 run_test_hr10=0.150000

[5/6] learning_rate=0.0009624
  -> MRR@20=0.057200  best=0.058900  (early_stop@39, trial=1.8min, avg=1.8min/trial, total=9.2min, ETA=1.8min)
[TRIAL_METRICS] cur_best_mrr20=0.057200 cur_best_hr10=0.138000 cur_test_mrr20=0.050700 cur_test_hr10=0.130600 run_best_mrr20=0.058900 run_best_hr10=0.148700 run_test_mrr20=0.057700 run_test_hr10=0.150000

[6/6] learning_rate=0.001042
  -> MRR@20=0.057900  best=0.058900  (full@40, trial=1.8min, avg=1.8min/trial, total=11.1min, ETA=0s)
[TRIAL_METRICS] cur_best_mrr20=0.057900 cur_best_hr10=0.144000 cur_test_mrr20=0.056000 cur_test_hr10=0.147200 run_best_mrr20=0.058900 run_best_hr10=0.148700 run_test_mrr20=0.057700 run_test_hr10=0.150000

=================================================================
  DONE  |  GRU4Rec x movielens1m
  Best MRR@20 = 0.058900  |  6/6 trials OK
  Best HR@10  = 0.148700
  Test MRR@20 = 0.057700  (best-valid checkpoint)
  Test HR@10  = 0.150000  (best-valid checkpoint)
[RUN_METRICS] best_valid_mrr20=0.058900 best_valid_hr10=0.148700 test_mrr20=0.057700 test_hr10=0.150000
  Total time: 11.1 min
  Best params:
    learning_rate: 0.00119881
  Results -> /workspace/jy1559/FMoE/experiments/run/artifacts/results/baseline/movielens1m_GRU4Rec_p23_sh_c08_mgru4rec_xfer_foursquare_fad_h3_r1_c2_drop_s1_20260410_114742_094528_pid551092.json
  Normal mirror -> /workspace/jy1559/FMoE/experiments/run/artifacts/results/baseline/normal/stageh_targetedrecovery_anchor2_core5/P23/movielens1m/GRU4Rec/movielens1m_GRU4Rec_p23_sh_c08_mgru4rec_xfer_foursquare_fad_h3_r1_c2_drop_s1_20260410_114742_094528_pid551092.json
  Special result -> /workspace/jy1559/FMoE/experiments/run/artifacts/results/baseline/special/stageh_targetedrecovery_anchor2_core5/P23/movielens1m/GRU4Rec/movielens1m_GRU4Rec_p23_sh_c08_mgru4rec_xfer_foursquare_fad_h3_r1_c2_drop_s1_20260410_114742_094528_pid551092_special_metrics.json
  Special log -> /workspace/jy1559/FMoE/experiments/run/artifacts/logs/baseline/special/stageh_targetedrecovery_anchor2_core5/P23/movielens1m/GRU4Rec/movielens1m_GRU4Rec_p23_sh_c08_mgru4rec_xfer_foursquare_fad_h3_r1_c2_drop_s1_20260410_114742_094528_pid551092_special_metrics.json
=================================================================

[RUN_STATUS] END status=normal pid=551092 start=2026-04-10T11:47:41 end=2026-04-10T11:58:45
