[STAGEE_RELRSEED_ANCHOR2_CORE5_SETTING_HEADER]
run_phase=P20_SC_D01_M02_P01_DUOREC_D5_E5_S1 run_id=SC_AMAZON_BEAUTY_DUOREC_D5_E5_S1 phase_id=P20 axis_id=SC model=DuoRec profile_id=E5 parent_profile_id=D5 seed=1
dataset=amazon_beauty gpu=7 order=0 lr_band=LR3,LR2 lr_lo=0.00014958648214695314 lr_hi=0.0022108290929049603
max_evals=8 tune_epochs=50 tune_patience=8
seed=200028

[COMMAND]
- /venv/FMoE/bin/python hyperopt_tune.py --config-name tune_ab --max-evals 8 --tune-epochs 50 --tune-patience 8 --seed 200028 --run-group baseline --run-axis StageE_ReLRSeed_anchor2_core5 --run-phase P20_SC_D01_M02_P01_DUOREC_D5_E5_S1 model=duorec dataset=amazon_beauty eval_mode=session_fixed feature_mode=full_v3 gpu_id=7 log_wandb=false show_progress=false ++special_logging=true ++seed=200028 ++search={learning_rate:[0.00014958648214695314,0.0022108290929049603]} ++search_space_type_overrides={learning_rate:"loguniform"} ++MAX_ITEM_LIST_LENGTH=10 ++weight_decay=0.0034913999999999995 ++search.weight_decay=[0.0034913999999999995] ++search_space_type_overrides.weight_decay=choice ++search.hidden_size=[64] ++search_space_type_overrides.hidden_size=choice ++search.embedding_size=[64] ++search_space_type_overrides.embedding_size=choice ++search.n_layers=[3] ++search_space_type_overrides.n_layers=choice ++search.num_layers=[3] ++search_space_type_overrides.num_layers=choice ++search.dropout_ratio=[0.44] ++search_space_type_overrides.dropout_ratio=choice ++search.dropout_prob=[0.44] ++search_space_type_overrides.dropout_prob=choice ++search.hidden_dropout_prob=[0.44] ++search_space_type_overrides.hidden_dropout_prob=choice ++search.attn_dropout_prob=[0.44] ++search_space_type_overrides.attn_dropout_prob=choice ++search.inner_size=[128] ++search_space_type_overrides.inner_size=choice ++search.n_heads=[1] ++search_space_type_overrides.n_heads=choice ++search.num_heads=[1] ++search_space_type_overrides.num_heads=choice ++dropout_ratio=0.44 ++hidden_size=64 ++embedding_size=64 ++n_layers=3 ++num_layers=3 ++n_heads=1 ++num_heads=1 ++inner_size=128 ++contrast=us_x ++tau=0.28 ++lmd=0.04 ++lmd_sem=0.1 ++semantic_sample_max_tries=2 ++train_batch_size=1024 ++eval_batch_size=1536
/venv/FMoE/lib/python3.10/site-packages/ray/_private/parameter.py:4: UserWarning: pkg_resources is deprecated as an API. See https://setuptools.pypa.io/en/latest/pkg_resources.html. The pkg_resources package is slated for removal as early as 2025-11-30. Refrain from using this package or pin to Setuptools<81.
  import pkg_resources
[RUN_STATUS] START pid=165402 ts=2026-04-05T10:10:16

=================================================================
  Hyperopt TPE  |  DuoRec x amazon_beauty
  max_evals=8  epochs=50  patience=8  wandb=off
  batch_size(train/valid/test)=1024/1536/1536
  track=baseline  axis=stagee_relrseed_anchor2_core5  phase=P20_SC_D01_M02_P01_DUOREC_D5_E5_S1
=================================================================
Changed knobs: MAX_ITEM_LIST_LENGTH, learning_rate
Tuned params(len>1): 2  (~4 discrete combos)
Tuned groups: 2
  [optimization]
    learning_rate                   [0.00014958648214695314, 0.0022108290929049603]  -> loguniform
  [other]
    MAX_ITEM_LIST_LENGTH            [5, 10, 30, 50]                           -> choice
Fixed params(singleton/non-list): 12
Fixed groups: 12
  [optimization]
    hidden_dropout_prob             0.44                                    
    weight_decay                    0.0034913999999999995                   
  [model_core]
    attn_dropout_prob               0.44                                    
    dropout_prob                    0.44                                    
    dropout_ratio                   0.44                                    
    embedding_size                  64                                      
    hidden_size                     64                                      
    inner_size                      128                                     
    num_heads                       1                                       
    num_layers                      3                                       
  [other]
    n_heads                         1                                       
    n_layers                        3                                       

[Wandb] disabled for this hyperopt run

[1/8] MAX_ITEM_LIST_LENGTH=10, learning_rate=0.0001897
  -> MRR@20=0.097800  best=0.097800  (early_stop@9, trial=11s, avg=13s/trial, total=13s, ETA=1.6min)
[TRIAL_METRICS] cur_best_mrr20=0.097800 cur_best_hr10=0.097300 cur_test_mrr20=0.078900 cur_test_hr10=0.078900 run_best_mrr20=0.097800 run_best_hr10=0.097300 run_test_mrr20=0.078900 run_test_hr10=0.078900

[2/8] MAX_ITEM_LIST_LENGTH=30, learning_rate=0.001512
  -> MRR@20=0.075200  best=0.097800  (early_stop@13, trial=17s, avg=16s/trial, total=31s, ETA=1.6min)
[TRIAL_METRICS] cur_best_mrr20=0.075200 cur_best_hr10=0.079600 cur_test_mrr20=0.040000 cur_test_hr10=0.043900 run_best_mrr20=0.097800 run_best_hr10=0.097300 run_test_mrr20=0.078900 run_test_hr10=0.078900

[3/8] MAX_ITEM_LIST_LENGTH=50, learning_rate=0.0003013
  -> MRR@20=0.095900  best=0.097800  (early_stop@9, trial=12s, avg=15s/trial, total=44s, ETA=1.2min)
[TRIAL_METRICS] cur_best_mrr20=0.095900 cur_best_hr10=0.106200 cur_test_mrr20=0.078900 cur_test_hr10=0.078900 run_best_mrr20=0.097800 run_best_hr10=0.097300 run_test_mrr20=0.078900 run_test_hr10=0.078900

[4/8] MAX_ITEM_LIST_LENGTH=30, learning_rate=0.0002005
  -> MRR@20=0.098200  best=0.098200  (early_stop@9, trial=11s, avg=14s/trial, total=56s, ETA=56s)
[TRIAL_METRICS] cur_best_mrr20=0.098200 cur_best_hr10=0.106200 cur_test_mrr20=0.078900 cur_test_hr10=0.078900 run_best_mrr20=0.098200 run_best_hr10=0.106200 run_test_mrr20=0.078900 run_test_hr10=0.078900

[5/8] MAX_ITEM_LIST_LENGTH=30, learning_rate=0.0004008
  -> MRR@20=0.092100  best=0.098200  (early_stop@9, trial=11s, avg=13s/trial, total=1.1min, ETA=40s)
[TRIAL_METRICS] cur_best_mrr20=0.092100 cur_best_hr10=0.097300 cur_test_mrr20=0.078900 cur_test_hr10=0.078900 run_best_mrr20=0.098200 run_best_hr10=0.106200 run_test_mrr20=0.078900 run_test_hr10=0.078900

[6/8] MAX_ITEM_LIST_LENGTH=50, learning_rate=0.002015
  -> MRR@20=0.056900  best=0.098200  (early_stop@11, trial=15s, avg=14s/trial, total=1.4min, ETA=28s)
[TRIAL_METRICS] cur_best_mrr20=0.056900 cur_best_hr10=0.079600 cur_test_mrr20=0.035800 cur_test_hr10=0.035100 run_best_mrr20=0.098200 run_best_hr10=0.106200 run_test_mrr20=0.078900 run_test_hr10=0.078900

[7/8] MAX_ITEM_LIST_LENGTH=50, learning_rate=0.0003505
  -> MRR@20=0.095900  best=0.098200  (early_stop@9, trial=12s, avg=14s/trial, total=1.6min, ETA=14s)
[TRIAL_METRICS] cur_best_mrr20=0.095900 cur_best_hr10=0.106200 cur_test_mrr20=0.074600 cur_test_hr10=0.078900 run_best_mrr20=0.098200 run_best_hr10=0.106200 run_test_mrr20=0.078900 run_test_hr10=0.078900

[8/8] MAX_ITEM_LIST_LENGTH=5, learning_rate=0.0007387
  -> MRR@20=0.063400  best=0.098200  (early_stop@9, trial=10s, avg=13s/trial, total=1.8min, ETA=0s)
[TRIAL_METRICS] cur_best_mrr20=0.063400 cur_best_hr10=0.088500 cur_test_mrr20=0.046500 cur_test_hr10=0.061400 run_best_mrr20=0.098200 run_best_hr10=0.106200 run_test_mrr20=0.078900 run_test_hr10=0.078900

=================================================================
  DONE  |  DuoRec x amazon_beauty
  Best MRR@20 = 0.098200  |  8/8 trials OK
  Best HR@10  = 0.106200
  Test MRR@20 = 0.078900  (best-valid checkpoint)
  Test HR@10  = 0.078900  (best-valid checkpoint)
[RUN_METRICS] best_valid_mrr20=0.098200 best_valid_hr10=0.106200 test_mrr20=0.078900 test_hr10=0.078900
  Total time: 1.8 min
  Best params:
    MAX_ITEM_LIST_LENGTH: 30
    learning_rate: 0.000200528
  Results -> /workspace/jy1559/FMoE/experiments/run/artifacts/results/baseline/amazon_beauty_DuoRec_p20_sc_d01_m02_p01_duorec_d5_e5_s1_20260405_101016_726027_pid165402.json
  Normal mirror -> /workspace/jy1559/FMoE/experiments/run/artifacts/results/baseline/normal/stagee_relrseed_anchor2_core5/P20/amazon_beauty/DuoRec/amazon_beauty_DuoRec_p20_sc_d01_m02_p01_duorec_d5_e5_s1_20260405_101016_726027_pid165402.json
  Special result -> /workspace/jy1559/FMoE/experiments/run/artifacts/results/baseline/special/stagee_relrseed_anchor2_core5/P20/amazon_beauty/DuoRec/amazon_beauty_DuoRec_p20_sc_d01_m02_p01_duorec_d5_e5_s1_20260405_101016_726027_pid165402_special_metrics.json
  Special log -> /workspace/jy1559/FMoE/experiments/run/artifacts/logs/baseline/special/stagee_relrseed_anchor2_core5/P20/amazon_beauty/DuoRec/amazon_beauty_DuoRec_p20_sc_d01_m02_p01_duorec_d5_e5_s1_20260405_101016_726027_pid165402_special_metrics.json
=================================================================

[RUN_STATUS] END status=normal pid=165402 start=2026-04-05T10:10:16 end=2026-04-05T10:12:03
