# pair=P033 dataset=retail_rocket model=gru4rec combo=C1 seed=1
# cmd=/venv/FMoE/bin/python hyperopt_tune.py --config-name tune_rr --max-evals 10 --tune-epochs 100 --tune-patience 10 --search-algo random --seed 33 --run-group baseline_3 --run-axis FULL_HISTORY_V4_C4 --run-phase FULL_HISTORY_V4_C4_DRETAIL_ROCKET_MGRU4REC_P033_C1_S1 model=gru4rec dataset=retail_rocket eval_mode=session_fixed feature_mode=full_v4 train_batch_size=4096 eval_batch_size=8192 gpu_id=0 log_wandb=false show_progress=false ++seed=33 ++history_input_mode=full_history_session_targets ++history_group_field=user_id ++target_group_field=session_id ++history_eval_policy=strict_train_prefix ++MAX_ITEM_LIST_LENGTH=20 ++eval_sampling.mode=full ++eval_sampling.auto_full_threshold=999999999 ++special_logging=true ++exclude_unseen_target_from_main_eval=true ++log_unseen_target_metrics=true ++hidden_size=160 ++embedding_size=160 ++num_layers=1 ++dropout_prob=0.3 ++hidden_dropout_prob=0.3 ++weight_decay=1e-06 ++search={learning_rate:[0.00031518744422962035,0.0018911246653777218],weight_decay:[7e-07,1.6999999999999998e-06]} ++search_space_type_overrides={learning_rate:"loguniform",weight_decay:"loguniform"} ++search.MAX_ITEM_LIST_LENGTH=[20] ++search_space_type_overrides.MAX_ITEM_LIST_LENGTH=choice ++search.hidden_size=[160] ++search_space_type_overrides.hidden_size=choice ++search.embedding_size=[160] ++search_space_type_overrides.embedding_size=choice ++search.num_layers=[1] ++search_space_type_overrides.num_layers=choice ++search.dropout_prob=[0.3] ++search_space_type_overrides.dropout_prob=choice ++search.hidden_dropout_prob=[0.3] ++search_space_type_overrides.hidden_dropout_prob=choice

/venv/FMoE/lib/python3.10/site-packages/ray/_private/parameter.py:4: UserWarning: pkg_resources is deprecated as an API. See https://setuptools.pypa.io/en/latest/pkg_resources.html. The pkg_resources package is slated for removal as early as 2025-11-30. Refrain from using this package or pin to Setuptools<81.
  import pkg_resources
[RUN_STATUS] START pid=364575 ts=2026-04-16T13:18:05

=================================================================
  Hyperopt  |  GRU4Rec x retail_rocket
  max_evals=10  epochs=100  patience=10  wandb=off
  search_algo=random
  batch_size(train/valid/test)=4096/8192/8192
  track=baseline_3  axis=full_history_v4_c4  phase=FULL_HISTORY_V4_C4_DRETAIL_ROCKET_MGRU4REC_P033_C1_S1
=================================================================
Changed knobs: learning_rate, weight_decay
Tuned params(len>1): 2  (~1 discrete combos)
Tuned groups: 2
  [optimization]
    learning_rate                   [0.00031518744422962035, 0.0018911246653777218]  -> loguniform
    weight_decay                    [7e-07, 1.6999999999999998e-06]           -> loguniform
Fixed params(singleton/non-list): 6
Fixed groups: 6
  [optimization]
    hidden_dropout_prob             0.3                                     
  [model_core]
    dropout_prob                    0.3                                     
    embedding_size                  160                                     
    hidden_size                     160                                     
    num_layers                      1                                       
  [other]
    MAX_ITEM_LIST_LENGTH            20                                      

[Wandb] disabled for this hyperopt run

[1/10] learning_rate=0.0004766, weight_decay=1.373e-06
  -> MRR@20=0.277600  best=0.277600  (early_stop@51, trial=8.6min, avg=8.9min/trial, total=8.9min, ETA=1.34h)
[TRIAL_METRICS] cur_best_mrr20=0.277600 cur_best_hr10=0.452900 cur_test_mrr20=0.272300 cur_test_hr10=0.443000 run_best_mrr20=0.277600 run_best_hr10=0.452900 run_test_mrr20=0.272300 run_test_hr10=0.443000

[2/10] learning_rate=0.00111, weight_decay=7.298e-07
  -> MRR@20=0.287900  best=0.287900  (early_stop@27, trial=4.4min, avg=6.7min/trial, total=13.4min, ETA=53.6min)
[TRIAL_METRICS] cur_best_mrr20=0.287900 cur_best_hr10=0.466200 cur_test_mrr20=0.285100 cur_test_hr10=0.454000 run_best_mrr20=0.287900 run_best_hr10=0.466200 run_test_mrr20=0.285100 run_test_hr10=0.454000

[3/10] learning_rate=0.000431, weight_decay=1.292e-06
  -> MRR@20=0.276000  best=0.287900  (early_stop@58, trial=9.6min, avg=7.7min/trial, total=23.0min, ETA=53.6min)
[TRIAL_METRICS] cur_best_mrr20=0.276000 cur_best_hr10=0.450200 cur_test_mrr20=0.272200 cur_test_hr10=0.440800 run_best_mrr20=0.287900 run_best_hr10=0.466200 run_test_mrr20=0.285100 run_test_hr10=0.454000

[4/10] learning_rate=0.0006721, weight_decay=1.671e-06
  -> MRR@20=0.282400  best=0.287900  (early_stop@38, trial=6.2min, avg=7.3min/trial, total=29.2min, ETA=43.8min)
[TRIAL_METRICS] cur_best_mrr20=0.282400 cur_best_hr10=0.457800 cur_test_mrr20=0.275300 cur_test_hr10=0.444200 run_best_mrr20=0.287900 run_best_hr10=0.466200 run_test_mrr20=0.285100 run_test_hr10=0.454000

[5/10] learning_rate=0.001069, weight_decay=1.252e-06
  -> MRR@20=0.290200  best=0.290200  (early_stop@28, trial=4.7min, avg=6.8min/trial, total=33.9min, ETA=33.9min)
[TRIAL_METRICS] cur_best_mrr20=0.290200 cur_best_hr10=0.466000 cur_test_mrr20=0.285100 cur_test_hr10=0.453000 run_best_mrr20=0.290200 run_best_hr10=0.466000 run_test_mrr20=0.285100 run_test_hr10=0.453000

[6/10] learning_rate=0.00121, weight_decay=1.534e-06
  -> MRR@20=0.291200  best=0.291200  (early_stop@26, trial=4.2min, avg=6.4min/trial, total=38.2min, ETA=25.4min)
[TRIAL_METRICS] cur_best_mrr20=0.291200 cur_best_hr10=0.467400 cur_test_mrr20=0.287700 cur_test_hr10=0.453800 run_best_mrr20=0.291200 run_best_hr10=0.467400 run_test_mrr20=0.287700 run_test_hr10=0.453800

[7/10] learning_rate=0.0009075, weight_decay=1.197e-06
  -> MRR@20=0.283800  best=0.291200  (early_stop@30, trial=4.9min, avg=6.2min/trial, total=43.1min, ETA=18.5min)
[TRIAL_METRICS] cur_best_mrr20=0.283800 cur_best_hr10=0.456400 cur_test_mrr20=0.281000 cur_test_hr10=0.447700 run_best_mrr20=0.291200 run_best_hr10=0.467400 run_test_mrr20=0.287700 run_test_hr10=0.453800

[8/10] learning_rate=0.000565, weight_decay=8.536e-07
  -> MRR@20=0.279600  best=0.291200  (early_stop@42, trial=6.8min, avg=6.2min/trial, total=49.9min, ETA=12.5min)
[TRIAL_METRICS] cur_best_mrr20=0.279600 cur_best_hr10=0.456800 cur_test_mrr20=0.274900 cur_test_hr10=0.442800 run_best_mrr20=0.291200 run_best_hr10=0.467400 run_test_mrr20=0.287700 run_test_hr10=0.453800

[9/10] learning_rate=0.001175, weight_decay=8.466e-07
  -> MRR@20=0.288600  best=0.291200  (early_stop@27, trial=4.4min, avg=6.0min/trial, total=54.2min, ETA=6.0min)
[TRIAL_METRICS] cur_best_mrr20=0.288600 cur_best_hr10=0.464600 cur_test_mrr20=0.286100 cur_test_hr10=0.454700 run_best_mrr20=0.291200 run_best_hr10=0.467400 run_test_mrr20=0.287700 run_test_hr10=0.453800

[10/10] learning_rate=0.0007077, weight_decay=7.587e-07
  -> MRR@20=0.281500  best=0.291200  (early_stop@38, trial=6.2min, avg=6.0min/trial, total=1.01h, ETA=0s)
[TRIAL_METRICS] cur_best_mrr20=0.281500 cur_best_hr10=0.455300 cur_test_mrr20=0.277700 cur_test_hr10=0.446500 run_best_mrr20=0.291200 run_best_hr10=0.467400 run_test_mrr20=0.287700 run_test_hr10=0.453800

=================================================================
  DONE  |  GRU4Rec x retail_rocket
  Best MRR@20 = 0.291200  |  10/10 trials OK
  Best HR@10  = 0.467400
  Test MRR@20 = 0.287700  (best-valid checkpoint)
  Test HR@10  = 0.453800  (best-valid checkpoint)
[RUN_METRICS] best_valid_mrr20=0.291200 best_valid_hr10=0.467400 test_mrr20=0.287700 test_hr10=0.453800
  Total time: 60.4 min
  Best params:
    learning_rate: 0.00120965
    weight_decay: 1.53423e-06
  Results -> /workspace/FeaturedMoE/experiments/run/artifacts/results/baseline_3/retail_rocket_GRU4Rec_full_history_v4_c4_dretail_rocket_mgru4rec_p033_c1_s1_20260416_131805_335042_pid364575.json
  Normal mirror -> /workspace/FeaturedMoE/experiments/run/artifacts/results/baseline_3/normal/full_history_v4_c4/FULL/retail_rocket/GRU4Rec/retail_rocket_GRU4Rec_full_history_v4_c4_dretail_rocket_mgru4rec_p033_c1_s1_20260416_131805_335042_pid364575.json
  Special result -> /workspace/FeaturedMoE/experiments/run/artifacts/results/baseline_3/special/full_history_v4_c4/FULL/retail_rocket/GRU4Rec/retail_rocket_GRU4Rec_full_history_v4_c4_dretail_rocket_mgru4rec_p033_c1_s1_20260416_131805_335042_pid364575_special_metrics.json
  Special log -> /workspace/FeaturedMoE/experiments/run/artifacts/logs/baseline_3/special/full_history_v4_c4/FULL/retail_rocket/GRU4Rec/retail_rocket_GRU4Rec_full_history_v4_c4_dretail_rocket_mgru4rec_p033_c1_s1_20260416_131805_335042_pid364575_special_metrics.json
=================================================================

[RUN_STATUS] END status=normal pid=364575 start=2026-04-16T13:18:05 end=2026-04-16T14:18:31

[FULL_HISTORY_TIMING] avg_epoch_sec=9.7313 avg_epoch_ms=9731.3 test_inference_sec=0.6821
