[STAGEG_CROSS6X9_ANCHOR2_CORE5_SETTING_HEADER]
run_phase=P22_SG_D01_M02_C01_GRU4REC_OLD_C7_D5_S3 run_id=SG_LASTFM0_03_GRU4REC_OLD_C7_D5_S3 phase_id=P22 axis_id=SG model=GRU4Rec candidate_id=OLD_C7_D5 seed=3
dataset=lastfm0.03 gpu=4 order=0 candidate_source=stage_summary source_stage=StageD_MicroWide_anchor2_core5 transfer_from_dataset=
max_evals=7 tune_epochs=48 tune_patience=7
seed=220005

[COMMAND]
- /venv/FMoE/bin/python hyperopt_tune.py --config-name tune_lfm_small --max-evals 7 --tune-epochs 48 --tune-patience 7 --seed 220005 --run-group baseline --run-axis StageG_Cross6x9_anchor2_core5 --run-phase P22_SG_D01_M02_C01_GRU4REC_OLD_C7_D5_S3 model=gru4rec dataset=lastfm0.03 eval_mode=session_fixed feature_mode=full_v3 gpu_id=4 log_wandb=false show_progress=false ++special_logging=true ++seed=220005 ++search={learning_rate:[0.005009621939118441,0.01]} ++search_space_type_overrides={learning_rate:"loguniform"} ++weight_decay=0.00013310000000000004 ++search.weight_decay=[0.00013310000000000004] ++search_space_type_overrides.weight_decay=choice ++search.n_layers=[1] ++search_space_type_overrides.n_layers=choice ++search.num_layers=[1] ++search_space_type_overrides.num_layers=choice ++search.n_heads=[4] ++search_space_type_overrides.n_heads=choice ++search.num_heads=[4] ++search_space_type_overrides.num_heads=choice ++search.dropout_ratio=[0.18000000000000002] ++search_space_type_overrides.dropout_ratio=choice ++search.dropout_prob=[0.18000000000000002] ++search_space_type_overrides.dropout_prob=choice ++search.hidden_dropout_prob=[0.18000000000000002] ++search_space_type_overrides.hidden_dropout_prob=choice ++search.attn_dropout_prob=[0.18000000000000002] ++search_space_type_overrides.attn_dropout_prob=choice ++search.hidden_size=[264] ++search_space_type_overrides.hidden_size=choice ++search.embedding_size=[264] ++search_space_type_overrides.embedding_size=choice ++search.inner_size=[288] ++search_space_type_overrides.inner_size=choice ++search.time_span=[384] ++search_space_type_overrides.time_span=choice ++search.num_experts=[6] ++search_space_type_overrides.num_experts=choice ++search.state_size=[24] ++search_space_type_overrides.state_size=choice ++search.conv_kernel=[6] ++search_space_type_overrides.conv_kernel=choice ++search.remaining_ratio=[0.6] ++search_space_type_overrides.remaining_ratio=choice ++search.MAX_ITEM_LIST_LENGTH=[25] ++search_space_type_overrides.MAX_ITEM_LIST_LENGTH=choice ++dropout_prob=0.18000000000000002 ++train_batch_size=3379 ++eval_batch_size=4505 ++hidden_size=264 ++embedding_size=264 ++MAX_ITEM_LIST_LENGTH=25 ++num_layers=1
/venv/FMoE/lib/python3.10/site-packages/ray/_private/parameter.py:4: UserWarning: pkg_resources is deprecated as an API. See https://setuptools.pypa.io/en/latest/pkg_resources.html. The pkg_resources package is slated for removal as early as 2025-11-30. Refrain from using this package or pin to Setuptools<81.
  import pkg_resources
[RUN_STATUS] START pid=333676 ts=2026-04-07T12:03:34

=================================================================
  Hyperopt TPE  |  GRU4Rec x lastfm0.03
  max_evals=7  epochs=48  patience=7  wandb=off
  batch_size(train/valid/test)=3379/4505/4505
  track=baseline  axis=stageg_cross6x9_anchor2_core5  phase=P22_SG_D01_M02_C01_GRU4REC_OLD_C7_D5_S3
=================================================================
Changed knobs: learning_rate
Tuned params(len>1): 1  (~1 discrete combos)
Tuned groups: 1
  [optimization]
    learning_rate                   [0.005009621939118441, 0.01]              -> loguniform
Fixed params(singleton/non-list): 18
Fixed groups: 18
  [optimization]
    hidden_dropout_prob             0.18000000000000002                     
    weight_decay                    0.00013310000000000004                  
  [model_core]
    attn_dropout_prob               0.18000000000000002                     
    dropout_prob                    0.18000000000000002                     
    dropout_ratio                   0.18000000000000002                     
    embedding_size                  264                                     
    hidden_size                     264                                     
    inner_size                      288                                     
    num_heads                       4                                       
    num_layers                      1                                       
  [other]
    MAX_ITEM_LIST_LENGTH            25                                      
    conv_kernel                     6                                       
    n_heads                         4                                       
    n_layers                        1                                       
    num_experts                     6                                       
    remaining_ratio                 0.6                                     
    state_size                      24                                      
    time_span                       384                                     

[Wandb] disabled for this hyperopt run

[1/7] learning_rate=0.008057
  -> MRR@20=0.195500  best=0.195500  (early_stop@48, trial=4.4min, avg=4.7min/trial, total=4.7min, ETA=27.9min)
[TRIAL_METRICS] cur_best_mrr20=0.195500 cur_best_hr10=0.245300 cur_test_mrr20=0.189900 cur_test_hr10=0.247900 run_best_mrr20=0.195500 run_best_hr10=0.245300 run_test_mrr20=0.189900 run_test_hr10=0.247900

[2/7] learning_rate=0.006135
  -> MRR@20=0.197700  best=0.197700  (early_stop@36, trial=3.3min, avg=4.0min/trial, total=8.0min, ETA=19.9min)
[TRIAL_METRICS] cur_best_mrr20=0.197700 cur_best_hr10=0.247700 cur_test_mrr20=0.196100 cur_test_hr10=0.248700 run_best_mrr20=0.197700 run_best_hr10=0.247700 run_test_mrr20=0.196100 run_test_hr10=0.248700

[3/7] learning_rate=0.00807
  -> MRR@20=0.190600  best=0.197700  (early_stop@29, trial=2.8min, avg=3.6min/trial, total=10.7min, ETA=14.3min)
[TRIAL_METRICS] cur_best_mrr20=0.190600 cur_best_hr10=0.245000 cur_test_mrr20=0.183100 cur_test_hr10=0.240400 run_best_mrr20=0.197700 run_best_hr10=0.247700 run_test_mrr20=0.196100 run_test_hr10=0.248700

[4/7] learning_rate=0.005514
  -> MRR@20=0.198500  best=0.198500  (early_stop@40, trial=3.7min, avg=3.6min/trial, total=14.5min, ETA=10.8min)
[TRIAL_METRICS] cur_best_mrr20=0.198500 cur_best_hr10=0.247100 cur_test_mrr20=0.199700 cur_test_hr10=0.251100 run_best_mrr20=0.198500 run_best_hr10=0.247100 run_test_mrr20=0.199700 run_test_hr10=0.251100

[5/7] learning_rate=0.008427
  -> MRR@20=0.190700  best=0.198500  (early_stop@38, trial=3.5min, avg=3.6min/trial, total=18.0min, ETA=7.2min)
[TRIAL_METRICS] cur_best_mrr20=0.190700 cur_best_hr10=0.245800 cur_test_mrr20=0.182400 cur_test_hr10=0.239600 run_best_mrr20=0.198500 run_best_hr10=0.247100 run_test_mrr20=0.199700 run_test_hr10=0.251100

[6/7] learning_rate=0.006831
  -> MRR@20=0.197500  best=0.198500  (early_stop@33, trial=3.0min, avg=3.5min/trial, total=21.0min, ETA=3.5min)
[TRIAL_METRICS] cur_best_mrr20=0.197500 cur_best_hr10=0.247400 cur_test_mrr20=0.194800 cur_test_hr10=0.247300 run_best_mrr20=0.198500 run_best_hr10=0.247100 run_test_mrr20=0.199700 run_test_hr10=0.251100

[7/7] learning_rate=0.008625
  -> MRR@20=0.194600  best=0.198500  (early_stop@44, trial=4.0min, avg=3.6min/trial, total=25.1min, ETA=0s)
[TRIAL_METRICS] cur_best_mrr20=0.194600 cur_best_hr10=0.241600 cur_test_mrr20=0.193000 cur_test_hr10=0.243600 run_best_mrr20=0.198500 run_best_hr10=0.247100 run_test_mrr20=0.199700 run_test_hr10=0.251100

=================================================================
  DONE  |  GRU4Rec x lastfm0.03
  Best MRR@20 = 0.198500  |  7/7 trials OK
  Best HR@10  = 0.247100
  Test MRR@20 = 0.199700  (best-valid checkpoint)
  Test HR@10  = 0.251100  (best-valid checkpoint)
[RUN_METRICS] best_valid_mrr20=0.198500 best_valid_hr10=0.247100 test_mrr20=0.199700 test_hr10=0.251100
  Total time: 25.1 min
  Best params:
    learning_rate: 0.00551376
  Results -> /workspace/jy1559/FMoE/experiments/run/artifacts/results/baseline/lastfm0.03_GRU4Rec_p22_sg_d01_m02_c01_gru4rec_old_c7_d5_s3_20260407_120334_578851_pid333676.json
  Normal mirror -> /workspace/jy1559/FMoE/experiments/run/artifacts/results/baseline/normal/stageg_cross6x9_anchor2_core5/P22/lastfm0.03/GRU4Rec/lastfm0.03_GRU4Rec_p22_sg_d01_m02_c01_gru4rec_old_c7_d5_s3_20260407_120334_578851_pid333676.json
  Special result -> /workspace/jy1559/FMoE/experiments/run/artifacts/results/baseline/special/stageg_cross6x9_anchor2_core5/P22/lastfm0.03/GRU4Rec/lastfm0.03_GRU4Rec_p22_sg_d01_m02_c01_gru4rec_old_c7_d5_s3_20260407_120334_578851_pid333676_special_metrics.json
  Special log -> /workspace/jy1559/FMoE/experiments/run/artifacts/logs/baseline/special/stageg_cross6x9_anchor2_core5/P22/lastfm0.03/GRU4Rec/lastfm0.03_GRU4Rec_p22_sg_d01_m02_c01_gru4rec_old_c7_d5_s3_20260407_120334_578851_pid333676_special_metrics.json
=================================================================

[RUN_STATUS] END status=normal pid=333676 start=2026-04-07T12:03:34 end=2026-04-07T12:28:38
