[FINAL_ALL_DATASETS_SETTING_HEADER]
run_phase=P14_FAD_A6_MOVIELENS1M_H3_S3 exp_brief=A6_NO_BIAS phase_id=P14 axis_id=FAD setting_id=A6_NO_BIAS_H3_S3 hparam_id=H3 seed=3
desc=A6_NO_BIAS_H3_S3
dataset=movielens1m gpu=3 order=153
max_evals=20 tune_epochs=100 tune_patience=10
seed=91008

[COMMAND]
- /venv/FMoE/bin/python hyperopt_tune.py --config-name config --max-evals 20 --tune-epochs 100 --tune-patience 10 --seed 91008 --run-group fmoe_n3 --run-axis Final_all_datasets --run-phase P14_FAD_A6_MOVIELENS1M_H3_S3 model=featured_moe_n3_tune dataset=movielens1m eval_mode=session_fixed feature_mode=full_v3 gpu_id=3 log_wandb=false enable_tf32=true fmoe_debug_logging=false fmoe_diag_logging=true fmoe_special_logging=true fmoe_feature_ablation_logging=false fmoe_eval_logging_timing=final_only ++fmoe_logging_output_root="run/artifacts/logging" ++fmoe_logging_layout="axis_dataset_arch_hparam" ++fmoe_architecture_id="A6" ++fmoe_architecture_key="A6_NO_BIAS" ++fmoe_hparam_id="H3" ++fmoe_phase="P14" MAX_ITEM_LIST_LENGTH=20 train_batch_size=4096 eval_batch_size=4096 embedding_size=160 num_heads=4 attn_dropout_prob=0.1 d_ff=320 d_feat_emb=16 d_expert_hidden=160 d_router_hidden=80 expert_scale=3 ++search.learning_rate=[0.00015,0.008] ++search.weight_decay=[2e-06] ++search.hidden_dropout_prob=[0.18] ++search.lr_scheduler_type=["warmup_cosine"] ++search_space_type_overrides.learning_rate=loguniform ++search_space_type_overrides.weight_decay=choice ++search_space_type_overrides.hidden_dropout_prob=choice ++search_space_type_overrides.lr_scheduler_type=choice ++phase_run_type="final" ++phase_axis_id="FAD" ++phase_axis_desc="final_all_datasets" ++phase_setting_id="A6_NO_BIAS_H3_S3" ++phase_setting_key="A6_NO_BIAS" ++phase_hparam_id="H3" ++phase_seed_id=3 ++phase_run_id="FAD_A6_MOVIELENS1M_H3_S3" ++layer_layout=["macro","mid","micro"] ++stage_compute_mode={macro:"moe",mid:"moe",micro:"moe"} ++stage_router_mode={macro:"learned",mid:"learned",micro:"learned"} ++stage_router_source={macro:"both",mid:"both",micro:"both"} ++stage_feature_injection={macro:"none",mid:"none",micro:"none"} ++topk_scope_mode="global_flat" ++moe_top_k=0 ++balance_loss_lambda=0.0 ++z_loss_lambda=0.0002 ++gate_entropy_lambda=0.0 ++route_smoothness_lambda=0.0 ++route_consistency_lambda=0.0008 ++route_sharpness_lambda=0.0 ++route_monopoly_lambda=0.0 ++route_monopoly_tau=0.25 ++route_prior_lambda=0.0 ++group_prior_align_lambda=0.0 ++factored_group_balance_lambda=0.0 ++rule_agreement_lambda=0.0 ++group_coverage_lambda=0.0 ++feature_group_bias_lambda=0.0 ++rule_bias_scale=0.0 ++primitive_balance_lambda=0.0 ++wrapper_group_feature_align_lambda=0.0 ++stage_router_primitives={macro:{a_joint:{source:"feature",temperature:1.0,top_k:0},b_group:{source:"feature",temperature:1.0,top_k:0},c_shared:{source:"feature",temperature:1.0,top_k:0},d_cond:{source:"feature",temperature:1.0,top_k:0},e_scalar:{source:"feature",temperature:1.0,top_k:0},wrapper:{alpha_d:1.0,alpha_struct:1.0,alpha_a:1.0}},mid:{a_joint:{source:"feature",temperature:1.0,top_k:0},b_group:{source:"feature",temperature:1.0,top_k:0},c_shared:{source:"feature",temperature:1.0,top_k:0},d_cond:{source:"feature",temperature:1.0,top_k:0},e_scalar:{source:"feature",temperature:1.0,top_k:0},wrapper:{alpha_d:1.0,alpha_struct:1.0,alpha_a:1.0}},micro:{a_joint:{source:"feature",temperature:1.0,top_k:0},b_group:{source:"feature",temperature:1.0,top_k:0},c_shared:{source:"feature",temperature:1.0,top_k:0},d_cond:{source:"feature",temperature:1.0,top_k:0},e_scalar:{source:"feature",temperature:1.0,top_k:0},wrapper:{alpha_d:1.0,alpha_struct:1.0,alpha_a:1.0}}} ++stage_router_wrapper={macro:"w4_bxd",mid:"w6_bxd_plus_a",micro:"w1_flat"} ++macro_history_window=5 ++stage_router_granularity={macro:"session",mid:"session",micro:"token"} ++stage_family_dropout_prob={macro:0.1,mid:0.1,micro:0.1} ++stage_feature_dropout_prob={macro:0.0,mid:0.0,micro:0.0} ++stage_feature_dropout_scope={macro:"token",mid:"token",micro:"token"} ++route_consistency_pairs=1 ++route_consistency_min_sim=0.995 ++bias_mode="none"
/venv/FMoE/lib/python3.10/site-packages/ray/_private/parameter.py:4: UserWarning: pkg_resources is deprecated as an API. See https://setuptools.pypa.io/en/latest/pkg_resources.html. The pkg_resources package is slated for removal as early as 2025-11-30. Refrain from using this package or pin to Setuptools<81.
  import pkg_resources
[RUN_STATUS] START pid=270691 ts=2026-04-07T01:38:34

=================================================================
  Hyperopt TPE  |  FeaturedMoE_N3 x movielens1m
  max_evals=20  epochs=100  patience=10  wandb=off
  batch_size(train/valid/test)=4096/4096/4096
  track=fmoe_n3  axis=final_all_datasets  phase=P14_FAD_A6_MOVIELENS1M_H3_S3
=================================================================
Changed knobs: learning_rate
Tuned params(len>1): 1  (~1 discrete combos)
Tuned groups: 1
  [optimization]
    learning_rate                   [0.00015, 0.008]                          -> loguniform
Fixed params(singleton/non-list): 3
Fixed groups: 3
  [optimization]
    hidden_dropout_prob             0.18                                    
    weight_decay                    2e-06                                   
  [other]
    lr_scheduler_type               warmup_cosine                           

[Wandb] disabled for this hyperopt run

[1/20] learning_rate=0.004199
  -> MRR@20=0.063300  best=0.063300  (early_stop@40, trial=15.4min, avg=15.4min/trial, total=15.4min, ETA=4.89h)
[TRIAL_METRICS] cur_best_mrr20=0.063300 cur_best_hr10=0.154200 cur_test_mrr20=0.055900 cur_test_hr10=0.143100 run_best_mrr20=0.063300 run_best_hr10=0.154200 run_test_mrr20=0.055900 run_test_hr10=0.143100

[2/20] learning_rate=0.00251
  -> MRR@20=0.075400  best=0.075400  (early_stop@30, trial=11.4min, avg=13.4min/trial, total=26.8min, ETA=4.02h)
[TRIAL_METRICS] cur_best_mrr20=0.075400 cur_best_hr10=0.188400 cur_test_mrr20=0.066600 cur_test_hr10=0.173500 run_best_mrr20=0.075400 run_best_hr10=0.188400 run_test_mrr20=0.066600 run_test_hr10=0.173500

[3/20] learning_rate=0.001638
  -> MRR@20=0.079100  best=0.079100  (early_stop@25, trial=9.8min, avg=12.2min/trial, total=36.6min, ETA=3.46h)
[TRIAL_METRICS] cur_best_mrr20=0.079100 cur_best_hr10=0.178200 cur_test_mrr20=0.073300 cur_test_hr10=0.180900 run_best_mrr20=0.079100 run_best_hr10=0.178200 run_test_mrr20=0.073300 run_test_hr10=0.180900

[4/20] learning_rate=0.000406
  -> MRR@20=0.077400  best=0.079100  (early_stop@67, trial=26.3min, avg=15.7min/trial, total=1.05h, ETA=4.20h)
[TRIAL_METRICS] cur_best_mrr20=0.077400 cur_best_hr10=0.177700 cur_test_mrr20=0.074300 cur_test_hr10=0.174400 run_best_mrr20=0.079100 run_best_hr10=0.178200 run_test_mrr20=0.073300 run_test_hr10=0.180900

[5/20] learning_rate=0.0002951
  -> MRR@20=0.074900  best=0.079100  (early_stop@75, trial=29.8min, avg=18.6min/trial, total=1.55h, ETA=4.64h)
[TRIAL_METRICS] cur_best_mrr20=0.074900 cur_best_hr10=0.178700 cur_test_mrr20=0.071300 cur_test_hr10=0.180400 run_best_mrr20=0.079100 run_best_hr10=0.178200 run_test_mrr20=0.073300 run_test_hr10=0.180900

[6/20] learning_rate=0.004925
  -> MRR@20=0.054800  best=0.079100  (full@100, trial=37.7min, avg=21.8min/trial, total=2.18h, ETA=5.08h)
[TRIAL_METRICS] cur_best_mrr20=0.054800 cur_best_hr10=0.136700 cur_test_mrr20=0.052300 cur_test_hr10=0.132900 run_best_mrr20=0.079100 run_best_hr10=0.178200 run_test_mrr20=0.073300 run_test_hr10=0.180900

[7/20] learning_rate=0.003807
  -> MRR@20=0.067900  best=0.079100  (early_stop@43, trial=16.7min, avg=21.0min/trial, total=2.45h, ETA=4.56h)
[TRIAL_METRICS] cur_best_mrr20=0.067900 cur_best_hr10=0.170400 cur_test_mrr20=0.068600 cur_test_hr10=0.168900 run_best_mrr20=0.079100 run_best_hr10=0.178200 run_test_mrr20=0.073300 run_test_hr10=0.180900

[8/20] learning_rate=0.0007267
  -> MRR@20=0.077500  best=0.079100  (early_stop@43, trial=16.4min, avg=20.5min/trial, total=2.73h, ETA=4.09h)
[TRIAL_METRICS] cur_best_mrr20=0.077500 cur_best_hr10=0.177300 cur_test_mrr20=0.069700 cur_test_hr10=0.177200 run_best_mrr20=0.079100 run_best_hr10=0.178200 run_test_mrr20=0.073300 run_test_hr10=0.180900

[9/20] learning_rate=0.002071
  -> MRR@20=0.078300  best=0.079100  (early_stop@33, trial=12.9min, avg=19.6min/trial, total=2.94h, ETA=3.60h)
[TRIAL_METRICS] cur_best_mrr20=0.078300 cur_best_hr10=0.182800 cur_test_mrr20=0.072400 cur_test_hr10=0.177700 run_best_mrr20=0.079100 run_best_hr10=0.178200 run_test_mrr20=0.073300 run_test_hr10=0.180900

[10/20] learning_rate=0.000534
  -> MRR@20=0.076000  best=0.079100  (early_stop@54, trial=20.9min, avg=19.7min/trial, total=3.29h, ETA=3.29h)
[TRIAL_METRICS] cur_best_mrr20=0.076000 cur_best_hr10=0.181900 cur_test_mrr20=0.073500 cur_test_hr10=0.183700 run_best_mrr20=0.079100 run_best_hr10=0.178200 run_test_mrr20=0.073300 run_test_hr10=0.180900

[11/20] learning_rate=0.0002015
  -> MRR@20=0.074000  best=0.079100  (early_stop@90, trial=35.4min, avg=21.2min/trial, total=3.88h, ETA=3.17h)
[TRIAL_METRICS] cur_best_mrr20=0.074000 cur_best_hr10=0.179600 cur_test_mrr20=0.072000 cur_test_hr10=0.183700 run_best_mrr20=0.079100 run_best_hr10=0.178200 run_test_mrr20=0.073300 run_test_hr10=0.180900

[12/20] learning_rate=0.003057
  -> MRR@20=0.075000  best=0.079100  (early_stop@49, trial=19.0min, avg=21.0min/trial, total=4.20h, ETA=2.80h)
[TRIAL_METRICS] cur_best_mrr20=0.075000 cur_best_hr10=0.172700 cur_test_mrr20=0.074600 cur_test_hr10=0.178600 run_best_mrr20=0.079100 run_best_hr10=0.178200 run_test_mrr20=0.073300 run_test_hr10=0.180900

[13/20] learning_rate=0.0003444
  -> MRR@20=0.076900  best=0.079100  (early_stop@65, trial=25.3min, avg=21.3min/trial, total=4.62h, ETA=2.49h)
[TRIAL_METRICS] cur_best_mrr20=0.076900 cur_best_hr10=0.174500 cur_test_mrr20=0.073500 cur_test_hr10=0.179000 run_best_mrr20=0.079100 run_best_hr10=0.178200 run_test_mrr20=0.073300 run_test_hr10=0.180900

[14/20] learning_rate=0.006458
  -> MRR@20=0.016700  best=0.079100  (early_stop@19, trial=7.3min, avg=20.3min/trial, total=4.74h, ETA=2.03h)
[TRIAL_METRICS] cur_best_mrr20=0.016700 cur_best_hr10=0.045200 cur_test_mrr20=0.013800 cur_test_hr10=0.034600 run_best_mrr20=0.079100 run_best_hr10=0.178200 run_test_mrr20=0.073300 run_test_hr10=0.180900

[15/20] learning_rate=0.003872
  -> MRR@20=0.070100  best=0.079100  (early_stop@63, trial=24.9min, avg=20.6min/trial, total=5.16h, ETA=1.72h)
[TRIAL_METRICS] cur_best_mrr20=0.070100 cur_best_hr10=0.160700 cur_test_mrr20=0.067700 cur_test_hr10=0.156900 run_best_mrr20=0.079100 run_best_hr10=0.178200 run_test_mrr20=0.073300 run_test_hr10=0.180900

[16/20] learning_rate=0.0008281
  -> MRR@20=0.077500  best=0.079100  (early_stop@41, trial=16.0min, avg=20.3min/trial, total=5.42h, ETA=1.36h)
[TRIAL_METRICS] cur_best_mrr20=0.077500 cur_best_hr10=0.185100 cur_test_mrr20=0.071300 cur_test_hr10=0.178600 run_best_mrr20=0.079100 run_best_hr10=0.178200 run_test_mrr20=0.073300 run_test_hr10=0.180900

[17/20] learning_rate=0.00176
  -> MRR@20=0.079200  best=0.079200  (early_stop@39, trial=14.9min, avg=20.0min/trial, total=5.67h, ETA=1.00h)
[TRIAL_METRICS] cur_best_mrr20=0.079200 cur_best_hr10=0.177700 cur_test_mrr20=0.073000 cur_test_hr10=0.175400 run_best_mrr20=0.079200 run_best_hr10=0.177700 run_test_mrr20=0.073000 run_test_hr10=0.175400

[18/20] learning_rate=0.0006968
  -> MRR@20=0.076700  best=0.079200  (early_stop@39, trial=14.9min, avg=19.7min/trial, total=5.92h, ETA=39.5min)
[TRIAL_METRICS] cur_best_mrr20=0.076700 cur_best_hr10=0.181900 cur_test_mrr20=0.071500 cur_test_hr10=0.178100 run_best_mrr20=0.079200 run_best_hr10=0.177700 run_test_mrr20=0.073000 run_test_hr10=0.175400

[19/20] learning_rate=0.002417
  -> MRR@20=0.076100  best=0.079200  (early_stop@27, trial=10.1min, avg=19.2min/trial, total=6.09h, ETA=19.2min)
[TRIAL_METRICS] cur_best_mrr20=0.076100 cur_best_hr10=0.175400 cur_test_mrr20=0.067000 cur_test_hr10=0.175800 run_best_mrr20=0.079200 run_best_hr10=0.177700 run_test_mrr20=0.073000 run_test_hr10=0.175400

[20/20] learning_rate=0.00324
  -> MRR@20=0.073500  best=0.079200  (early_stop@49, trial=18.4min, avg=19.2min/trial, total=6.40h, ETA=0s)
[TRIAL_METRICS] cur_best_mrr20=0.073500 cur_best_hr10=0.183700 cur_test_mrr20=0.069400 cur_test_hr10=0.171200 run_best_mrr20=0.079200 run_best_hr10=0.177700 run_test_mrr20=0.073000 run_test_hr10=0.175400
[1;35mEvaluate   [0m:   0%|                                                            | 0/1 [00:00<?, ?it/s][0m[1;35mEvaluate   [0m:   0%|                                  | 0/1 [00:00<?, ?it/s, [1;33mGPU RAM: 10.00 G/23.56 G[0m][0m[1;35mEvaluate   [0m: 100%|██████████████████████████| 1/1 [00:00<00:00,  1.11it/s, [1;33mGPU RAM: 10.00 G/23.56 G[0m][0m                                                                                                    [1;35mEvaluate   [0m:   0%|                                                            | 0/1 [00:00<?, ?it/s][0m[1;35mEvaluate   [0m:   0%|                                  | 0/1 [00:00<?, ?it/s, [1;33mGPU RAM: 10.00 G/23.56 G[0m][0m[1;35mEvaluate   [0m: 100%|██████████████████████████| 1/1 [00:00<00:00,  1.09it/s, [1;33mGPU RAM: 10.00 G/23.56 G[0m][0m                                                                                                    [1;35mEvaluate   [0m:   0%|                                                            | 0/1 [00:00<?, ?it/s][0m[1;35mEvaluate   [0m:   0%|                                  | 0/1 [00:00<?, ?it/s, [1;33mGPU RAM: 10.00 G/23.56 G[0m][0m[1;35mEvaluate   [0m: 100%|██████████████████████████| 1/1 [00:00<00:00,  1.14it/s, [1;33mGPU RAM: 10.00 G/23.56 G[0m][0m                                                                                                    
=================================================================
  DONE  |  FeaturedMoE_N3 x movielens1m
  Best MRR@20 = 0.079200  |  20/20 trials OK
  Best HR@10  = 0.177700
  Test MRR@20 = 0.073000  (best-valid checkpoint)
  Test HR@10  = 0.175400  (best-valid checkpoint)
[RUN_METRICS] best_valid_mrr20=0.079200 best_valid_hr10=0.177700 test_mrr20=0.073000 test_hr10=0.175400
  Total time: 383.8 min
  Best params:
    learning_rate: 0.00176032
  Results -> /workspace/jy1559/FMoE/experiments/run/artifacts/results/fmoe_n3/movielens1m_FeaturedMoE_N3_p14_fad_a6_movielens1m_h3_s3_20260407_013834_382249_pid270691.json
  Normal mirror -> /workspace/jy1559/FMoE/experiments/run/artifacts/results/fmoe_n3/normal/final_all_datasets/P14/movielens1m/FMoEN3/movielens1m_FeaturedMoE_N3_p14_fad_a6_movielens1m_h3_s3_20260407_013834_382249_pid270691.json
  Special result -> /workspace/jy1559/FMoE/experiments/run/artifacts/results/fmoe_n3/special/final_all_datasets/P14/movielens1m/FMoEN3/movielens1m_FeaturedMoE_N3_p14_fad_a6_movielens1m_h3_s3_20260407_013834_382249_pid270691_special_metrics.json
  Special log -> /workspace/jy1559/FMoE/experiments/run/artifacts/logs/fmoe_n3/special/final_all_datasets/P14/movielens1m/FMoEN3/movielens1m_FeaturedMoE_N3_p14_fad_a6_movielens1m_h3_s3_20260407_013834_382249_pid270691_special_metrics.json
=================================================================

[RUN_STATUS] END status=normal pid=270691 start=2026-04-07T01:38:34 end=2026-04-07T08:02:24
