[STAGEH_TARGETEDRECOVERY_ANCHOR2_CORE5_SETTING_HEADER]
run_phase=P23_SH_C18_MFEAREC_FB_14_S1 run_id=SH_FOURSQUARE_FEAREC_FB_14_S1 phase_id=P23 axis_id=SH model=FEARec candidate_id=FB_14 seed=1
dataset=foursquare gpu=6 order=0 candidate_source=global_fallback source_stage=fallback transfer_from_dataset=
max_evals=5 tune_epochs=36 tune_patience=5
seed=230293

[COMMAND]
- /venv/FMoE/bin/python hyperopt_tune.py --config-name tune_fs --max-evals 5 --tune-epochs 36 --tune-patience 5 --seed 230293 --run-group baseline --run-axis StageH_TargetedRecovery_anchor2_core5 --run-phase P23_SH_C18_MFEAREC_FB_14_S1 model=fearec dataset=foursquare eval_mode=session_fixed feature_mode=full_v3 gpu_id=6 log_wandb=false show_progress=false ++special_logging=true ++seed=230293 ++search={learning_rate:[0.000168440132603451,0.0006486068039450219]} ++search_space_type_overrides={learning_rate:"loguniform"} ++weight_decay=0.00015 ++search.weight_decay=[0.00015] ++search_space_type_overrides.weight_decay=choice ++search.n_layers=[2] ++search_space_type_overrides.n_layers=choice ++search.num_layers=[2] ++search_space_type_overrides.num_layers=choice ++search.n_heads=[2] ++search_space_type_overrides.n_heads=choice ++search.num_heads=[2] ++search_space_type_overrides.num_heads=choice ++search.dropout_ratio=[0.12] ++search_space_type_overrides.dropout_ratio=choice ++search.dropout_prob=[0.12] ++search_space_type_overrides.dropout_prob=choice ++search.hidden_dropout_prob=[0.12] ++search_space_type_overrides.hidden_dropout_prob=choice ++search.attn_dropout_prob=[0.12] ++search_space_type_overrides.attn_dropout_prob=choice ++search.hidden_size=[128] ++search_space_type_overrides.hidden_size=choice ++search.embedding_size=[128] ++search_space_type_overrides.embedding_size=choice ++search.inner_size=[256] ++search_space_type_overrides.inner_size=choice ++search.time_span=[384] ++search_space_type_overrides.time_span=choice ++search.num_experts=[6] ++search_space_type_overrides.num_experts=choice ++search.state_size=[24] ++search_space_type_overrides.state_size=choice ++search.conv_kernel=[6] ++search_space_type_overrides.conv_kernel=choice ++search.remaining_ratio=[0.6] ++search_space_type_overrides.remaining_ratio=choice ++search.MAX_ITEM_LIST_LENGTH=[10] ++search_space_type_overrides.MAX_ITEM_LIST_LENGTH=choice ++dropout_ratio=0.12 ++contrast=un ++tau=0.2 ++lmd=0.04 ++lmd_sem=0.0 ++global_ratio=0.85 ++semantic_sample_max_tries=2 ++train_batch_size=4608 ++eval_batch_size=10240 ++hidden_size=128 ++embedding_size=128 ++MAX_ITEM_LIST_LENGTH=10 ++n_layers=2 ++num_layers=2 ++n_heads=2 ++num_heads=2 ++inner_size=256
/venv/FMoE/lib/python3.10/site-packages/ray/_private/parameter.py:4: UserWarning: pkg_resources is deprecated as an API. See https://setuptools.pypa.io/en/latest/pkg_resources.html. The pkg_resources package is slated for removal as early as 2025-11-30. Refrain from using this package or pin to Setuptools<81.
  import pkg_resources
[RUN_STATUS] START pid=550225 ts=2026-04-10T11:27:12

=================================================================
  Hyperopt TPE  |  FEARec x foursquare
  max_evals=5  epochs=36  patience=5  wandb=off
  batch_size(train/valid/test)=4608/10240/10240
  track=baseline  axis=stageh_targetedrecovery_anchor2_core5  phase=P23_SH_C18_MFEAREC_FB_14_S1
=================================================================
Changed knobs: learning_rate
Tuned params(len>1): 1  (~1 discrete combos)
Tuned groups: 1
  [optimization]
    learning_rate                   [0.000168440132603451, 0.0006486068039450219]  -> loguniform
Fixed params(singleton/non-list): 18
Fixed groups: 18
  [optimization]
    hidden_dropout_prob             0.12                                    
    weight_decay                    0.00015                                 
  [model_core]
    attn_dropout_prob               0.12                                    
    dropout_prob                    0.12                                    
    dropout_ratio                   0.12                                    
    embedding_size                  128                                     
    hidden_size                     128                                     
    inner_size                      256                                     
    num_heads                       2                                       
    num_layers                      2                                       
  [other]
    MAX_ITEM_LIST_LENGTH            10                                      
    conv_kernel                     6                                       
    n_heads                         2                                       
    n_layers                        2                                       
    num_experts                     6                                       
    remaining_ratio                 0.6                                     
    state_size                      24                                      
    time_span                       384                                     

[Wandb] disabled for this hyperopt run

[1/5] learning_rate=0.0002528
  -> MRR@20=0.021000  best=0.021000  (early_stop@6, trial=21s, avg=27s/trial, total=27s, ETA=1.8min)
[TRIAL_METRICS] cur_best_mrr20=0.021000 cur_best_hr10=0.023100 cur_test_mrr20=0.024500 cur_test_hr10=0.028900 run_best_mrr20=0.021000 run_best_hr10=0.023100 run_test_mrr20=0.024500 run_test_hr10=0.028900

[2/5] learning_rate=0.0002865
  -> MRR@20=0.016600  best=0.021000  (early_stop@6, trial=20s, avg=24s/trial, total=48s, ETA=1.2min)
[TRIAL_METRICS] cur_best_mrr20=0.016600 cur_best_hr10=0.021800 cur_test_mrr20=0.021800 cur_test_hr10=0.028100 run_best_mrr20=0.021000 run_best_hr10=0.023100 run_test_mrr20=0.024500 run_test_hr10=0.028900

[3/5] learning_rate=0.0005242
  -> MRR@20=0.097000  best=0.097000  (early_stop@34, trial=1.9min, avg=55s/trial, total=2.7min, ETA=1.8min)
[TRIAL_METRICS] cur_best_mrr20=0.097000 cur_best_hr10=0.193200 cur_test_mrr20=0.096800 cur_test_hr10=0.199900 run_best_mrr20=0.097000 run_best_hr10=0.193200 run_test_mrr20=0.096800 run_test_hr10=0.199900

[4/5] learning_rate=0.0004452
  -> MRR@20=0.096200  best=0.097000  (early_stop@34, trial=1.9min, avg=1.2min/trial, total=4.7min, ETA=1.2min)
[TRIAL_METRICS] cur_best_mrr20=0.096200 cur_best_hr10=0.189200 cur_test_mrr20=0.097000 cur_test_hr10=0.197300 run_best_mrr20=0.097000 run_best_hr10=0.193200 run_test_mrr20=0.096800 run_test_hr10=0.199900

[5/5] learning_rate=0.0003489
  -> MRR@20=0.096200  best=0.097000  (early_stop@34, trial=1.9min, avg=1.3min/trial, total=6.6min, ETA=0s)
[TRIAL_METRICS] cur_best_mrr20=0.096200 cur_best_hr10=0.186300 cur_test_mrr20=0.098500 cur_test_hr10=0.194700 run_best_mrr20=0.097000 run_best_hr10=0.193200 run_test_mrr20=0.096800 run_test_hr10=0.199900

=================================================================
  DONE  |  FEARec x foursquare
  Best MRR@20 = 0.097000  |  5/5 trials OK
  Best HR@10  = 0.193200
  Test MRR@20 = 0.096800  (best-valid checkpoint)
  Test HR@10  = 0.199900  (best-valid checkpoint)
[RUN_METRICS] best_valid_mrr20=0.097000 best_valid_hr10=0.193200 test_mrr20=0.096800 test_hr10=0.199900
  Total time: 6.6 min
  Best params:
    learning_rate: 0.000524194
  Results -> /workspace/jy1559/FMoE/experiments/run/artifacts/results/baseline/foursquare_FEARec_p23_sh_c18_mfearec_fb_14_s1_20260410_112713_056161_pid550225.json
  Normal mirror -> /workspace/jy1559/FMoE/experiments/run/artifacts/results/baseline/normal/stageh_targetedrecovery_anchor2_core5/P23/foursquare/FEARec/foursquare_FEARec_p23_sh_c18_mfearec_fb_14_s1_20260410_112713_056161_pid550225.json
  Special result -> /workspace/jy1559/FMoE/experiments/run/artifacts/results/baseline/special/stageh_targetedrecovery_anchor2_core5/P23/foursquare/FEARec/foursquare_FEARec_p23_sh_c18_mfearec_fb_14_s1_20260410_112713_056161_pid550225_special_metrics.json
  Special log -> /workspace/jy1559/FMoE/experiments/run/artifacts/logs/baseline/special/stageh_targetedrecovery_anchor2_core5/P23/foursquare/FEARec/foursquare_FEARec_p23_sh_c18_mfearec_fb_14_s1_20260410_112713_056161_pid550225_special_metrics.json
=================================================================

[RUN_STATUS] END status=normal pid=550225 start=2026-04-10T11:27:12 end=2026-04-10T11:33:51
