[STAGEH_TARGETEDRECOVERY_ANCHOR2_CORE5_SETTING_HEADER]
run_phase=P23_SH_C07_MTISASREC_AB_TISAS_STAGEH_REC2_S1 run_id=SH_AMAZON_BEAUTY_TISASREC_AB_TISAS_STAGEH_REC2_S1 phase_id=P23 axis_id=SH model=TiSASRec candidate_id=AB_TISAS_STAGEH_REC2 seed=1
dataset=amazon_beauty gpu=5 order=0 candidate_source=manual source_stage=stageh_manual_bank transfer_from_dataset=amazon_beauty
max_evals=6 tune_epochs=38 tune_patience=5
seed=230023

[COMMAND]
- /venv/FMoE/bin/python hyperopt_tune.py --config-name tune_ab --max-evals 6 --tune-epochs 38 --tune-patience 5 --seed 230023 --run-group baseline --run-axis StageH_TargetedRecovery_anchor2_core5 --run-phase P23_SH_C07_MTISASREC_AB_TISAS_STAGEH_REC2_S1 model=tisasrec dataset=amazon_beauty eval_mode=session_fixed feature_mode=full_v3 gpu_id=5 log_wandb=false show_progress=false ++special_logging=true ++seed=230023 ++search={learning_rate:[0.0012599999999999998,0.0044800000000000005]} ++search_space_type_overrides={learning_rate:"loguniform"} ++weight_decay=6e-05 ++search.weight_decay=[6e-05] ++search_space_type_overrides.weight_decay=choice ++search.n_layers=[2] ++search_space_type_overrides.n_layers=choice ++search.num_layers=[2] ++search_space_type_overrides.num_layers=choice ++search.n_heads=[2] ++search_space_type_overrides.n_heads=choice ++search.num_heads=[2] ++search_space_type_overrides.num_heads=choice ++search.dropout_ratio=[0.06] ++search_space_type_overrides.dropout_ratio=choice ++search.dropout_prob=[0.06] ++search_space_type_overrides.dropout_prob=choice ++search.hidden_dropout_prob=[0.06] ++search_space_type_overrides.hidden_dropout_prob=choice ++search.attn_dropout_prob=[0.06] ++search_space_type_overrides.attn_dropout_prob=choice ++search.hidden_size=[96] ++search_space_type_overrides.hidden_size=choice ++search.embedding_size=[96] ++search_space_type_overrides.embedding_size=choice ++search.inner_size=[192] ++search_space_type_overrides.inner_size=choice ++search.time_span=[96] ++search_space_type_overrides.time_span=choice ++search.num_experts=[6] ++search_space_type_overrides.num_experts=choice ++search.state_size=[24] ++search_space_type_overrides.state_size=choice ++search.conv_kernel=[6] ++search_space_type_overrides.conv_kernel=choice ++search.remaining_ratio=[0.6] ++search_space_type_overrides.remaining_ratio=choice ++search.MAX_ITEM_LIST_LENGTH=[8] ++search_space_type_overrides.MAX_ITEM_LIST_LENGTH=choice ++dropout_ratio=0.06 ++train_batch_size=1536 ++eval_batch_size=2304 ++hidden_size=96 ++embedding_size=96 ++MAX_ITEM_LIST_LENGTH=8 ++n_layers=2 ++num_layers=2 ++n_heads=2 ++num_heads=2 ++inner_size=192 ++time_span=96
/venv/FMoE/lib/python3.10/site-packages/ray/_private/parameter.py:4: UserWarning: pkg_resources is deprecated as an API. See https://setuptools.pypa.io/en/latest/pkg_resources.html. The pkg_resources package is slated for removal as early as 2025-11-30. Refrain from using this package or pin to Setuptools<81.
  import pkg_resources
[RUN_STATUS] START pid=513585 ts=2026-04-09T20:48:33

=================================================================
  Hyperopt TPE  |  TiSASRec x amazon_beauty
  max_evals=6  epochs=38  patience=5  wandb=off
  batch_size(train/valid/test)=1536/2304/2304
  track=baseline  axis=stageh_targetedrecovery_anchor2_core5  phase=P23_SH_C07_MTISASREC_AB_TISAS_STAGEH_REC2_S1
=================================================================
Changed knobs: learning_rate
Tuned params(len>1): 1  (~1 discrete combos)
Tuned groups: 1
  [optimization]
    learning_rate                   [0.0012599999999999998, 0.0044800000000000005]  -> loguniform
Fixed params(singleton/non-list): 18
Fixed groups: 18
  [optimization]
    hidden_dropout_prob             0.06                                    
    weight_decay                    6e-05                                   
  [model_core]
    attn_dropout_prob               0.06                                    
    dropout_prob                    0.06                                    
    dropout_ratio                   0.06                                    
    embedding_size                  96                                      
    hidden_size                     96                                      
    inner_size                      192                                     
    num_heads                       2                                       
    num_layers                      2                                       
  [other]
    MAX_ITEM_LIST_LENGTH            8                                       
    conv_kernel                     6                                       
    n_heads                         2                                       
    n_layers                        2                                       
    num_experts                     6                                       
    remaining_ratio                 0.6                                     
    state_size                      24                                      
    time_span                       96                                      

[Wandb] disabled for this hyperopt run

[1/6] learning_rate=0.004099
  -> MRR@20=0.032700  best=0.032700  (early_stop@9, trial=5s, avg=7s/trial, total=7s, ETA=34s)
[TRIAL_METRICS] cur_best_mrr20=0.032700 cur_best_hr10=0.044200 cur_test_mrr20=0.004700 cur_test_hr10=0.017500 run_best_mrr20=0.032700 run_best_hr10=0.044200 run_test_mrr20=0.004700 run_test_hr10=0.017500

[2/6] learning_rate=0.001434
  -> MRR@20=0.054100  best=0.054100  (early_stop@15, trial=7s, avg=7s/trial, total=14s, ETA=28s)
[TRIAL_METRICS] cur_best_mrr20=0.054100 cur_best_hr10=0.079600 cur_test_mrr20=0.017100 cur_test_hr10=0.052600 run_best_mrr20=0.054100 run_best_hr10=0.079600 run_test_mrr20=0.017100 run_test_hr10=0.052600

[3/6] learning_rate=0.00412
  -> MRR@20=0.032200  best=0.054100  (early_stop@9, trial=4s, avg=6s/trial, total=18s, ETA=18s)
[TRIAL_METRICS] cur_best_mrr20=0.032200 cur_best_hr10=0.044200 cur_test_mrr20=0.005200 cur_test_hr10=0.017500 run_best_mrr20=0.054100 run_best_hr10=0.079600 run_test_mrr20=0.017100 run_test_hr10=0.052600

[4/6] learning_rate=0.002272
  -> MRR@20=0.045700  best=0.054100  (early_stop@12, trial=5s, avg=6s/trial, total=24s, ETA=12s)
[TRIAL_METRICS] cur_best_mrr20=0.045700 cur_best_hr10=0.070800 cur_test_mrr20=0.015700 cur_test_hr10=0.061400 run_best_mrr20=0.054100 run_best_hr10=0.079600 run_test_mrr20=0.017100 run_test_hr10=0.052600

[5/6] learning_rate=0.001325
  -> MRR@20=0.053700  best=0.054100  (early_stop@15, trial=7s, avg=6s/trial, total=31s, ETA=6s)
[TRIAL_METRICS] cur_best_mrr20=0.053700 cur_best_hr10=0.079600 cur_test_mrr20=0.023800 cur_test_hr10=0.043900 run_best_mrr20=0.054100 run_best_hr10=0.079600 run_test_mrr20=0.017100 run_test_hr10=0.052600

[6/6] learning_rate=0.002364
  -> MRR@20=0.047100  best=0.054100  (early_stop@10, trial=4s, avg=6s/trial, total=35s, ETA=0s)
[TRIAL_METRICS] cur_best_mrr20=0.047100 cur_best_hr10=0.070800 cur_test_mrr20=0.014300 cur_test_hr10=0.052600 run_best_mrr20=0.054100 run_best_hr10=0.079600 run_test_mrr20=0.017100 run_test_hr10=0.052600

=================================================================
  DONE  |  TiSASRec x amazon_beauty
  Best MRR@20 = 0.054100  |  6/6 trials OK
  Best HR@10  = 0.079600
  Test MRR@20 = 0.017100  (best-valid checkpoint)
  Test HR@10  = 0.052600  (best-valid checkpoint)
[RUN_METRICS] best_valid_mrr20=0.054100 best_valid_hr10=0.079600 test_mrr20=0.017100 test_hr10=0.052600
  Total time: 0.6 min
  Best params:
    learning_rate: 0.0014335
  Results -> /workspace/jy1559/FMoE/experiments/run/artifacts/results/baseline/amazon_beauty_TiSASRec_p23_sh_c07_mtisasrec_ab_tisas_stageh_rec2_s1_20260409_204833_534287_pid513585.json
  Normal mirror -> /workspace/jy1559/FMoE/experiments/run/artifacts/results/baseline/normal/stageh_targetedrecovery_anchor2_core5/P23/amazon_beauty/TiSASRec/amazon_beauty_TiSASRec_p23_sh_c07_mtisasrec_ab_tisas_stageh_rec2_s1_20260409_204833_534287_pid513585.json
  Special result -> /workspace/jy1559/FMoE/experiments/run/artifacts/results/baseline/special/stageh_targetedrecovery_anchor2_core5/P23/amazon_beauty/TiSASRec/amazon_beauty_TiSASRec_p23_sh_c07_mtisasrec_ab_tisas_stageh_rec2_s1_20260409_204833_534287_pid513585_special_metrics.json
  Special log -> /workspace/jy1559/FMoE/experiments/run/artifacts/logs/baseline/special/stageh_targetedrecovery_anchor2_core5/P23/amazon_beauty/TiSASRec/amazon_beauty_TiSASRec_p23_sh_c07_mtisasrec_ab_tisas_stageh_rec2_s1_20260409_204833_534287_pid513585_special_metrics.json
=================================================================

[RUN_STATUS] END status=normal pid=513585 start=2026-04-09T20:48:33 end=2026-04-09T20:49:08
